000 (2611477.000.000) 2025-08-14 21:16:09 Job submitted from host: <145.107.7.246:9618?addrs=145.107.7.246-9618+[2a07-8500-120-e070--3f6]-9618&alias=taai-007.nikhef.nl&noUDP&sock=schedd_2614_90a7>
...
001 (2611477.000.000) 2025-08-14 23:34:49 Job executing on host: <145.107.4.168:9618?addrs=145.107.4.168-9618+[2a07-8500-120-e070--a8]-9618&alias=wn-pijl-007.nikhef.nl&noUDP&sock=startd_4419_a519>
	SlotName: slot1_9@wn-pijl-007.nikhef.nl
	AvailableGPUs = { GPUs_GPU_17c4be5e_b3fe_fa20_a680_01cb012c066e }
	CondorScratchDir = "/scratch/condor_execute/dir_813307"
	Cpus = 1
	Disk = 16790397
	GPUs = 1
	GPUs_GPU_17c4be5e_b3fe_fa20_a680_01cb012c066e = [ Id = "GPU-17c4be5e-b3fe-fa20-a680-01cb012c066e"; ClockMhz = 2520.0; Capability = 8.9; CoresPerCU = 128; DeviceName = "NVIDIA L40S"; DeviceUuid = "17c4be5e-b3fe-fa20-a680-01cb012c066e"; ECCEnabled = true; ComputeUnits = 142; NvidiaDriver = "570.124.06"; DriverVersion = 12.8; DevicePciBusId = "0000:C2:00.0"; GlobalMemoryMb = 45468; MaxSupportedVersion = 12080 ]
	Memory = 16384
...
006 (2611477.000.000) 2025-08-14 23:35:03 Image size of job updated: 662552
	648  -  MemoryUsage of job (MB)
	662552  -  ResidentSetSize of job (KB)
...
006 (2611477.000.000) 2025-08-14 23:40:04 Image size of job updated: 1324212
	1292  -  MemoryUsage of job (MB)
	1322360  -  ResidentSetSize of job (KB)
...
006 (2611477.000.000) 2025-08-14 23:45:04 Image size of job updated: 1324212
	1292  -  MemoryUsage of job (MB)
	1322524  -  ResidentSetSize of job (KB)
...
005 (2611477.000.000) 2025-08-15 02:15:15 Job terminated.
	(1) Normal termination (return value 0)
		Usr 0 02:39:55, Sys 0 00:00:23  -  Run Remote Usage
		Usr 0 00:00:00, Sys 0 00:00:00  -  Run Local Usage
		Usr 0 02:39:55, Sys 0 00:00:23  -  Total Remote Usage
		Usr 0 00:00:00, Sys 0 00:00:00  -  Total Local Usage
	0  -  Run Bytes Sent By Job
	0  -  Run Bytes Received By Job
	0  -  Total Bytes Sent By Job
	0  -  Total Bytes Received By Job
	Partitionable Resources :    Usage  Request Allocated Assigned
	   Cpus                 :     1.00        1         1 
	   Disk (KB)            : 17500    16777216  16790397 
	   GPUs                 :     0.09        1         1 "GPU-17c4be5e-b3fe-fa20-a680-01cb012c066e"
	   GpusMemory (MB)      :  1318                       
	   Memory (MB)          :  1292       16384     16384 
	   TimeExecute (s)      :  9626                       
	   TimeSlotBusy (s)     :  9626                       

	Job terminated of its own accord at 2025-08-15T00:15:15Z with exit-code 0.
...
000 (3230294.000.000) 2025-10-30 17:20:10 Job submitted from host: <145.107.7.246:9618?addrs=145.107.7.246-9618+[2a07-8500-120-e070--3f6]-9618&alias=taai-007.nikhef.nl&noUDP&sock=schedd_11406_2550>
...
001 (3230294.000.000) 2025-10-30 19:59:29 Job executing on host: <145.107.4.168:9618?addrs=145.107.4.168-9618+[2a07-8500-120-e070--a8]-9618&alias=wn-pijl-007.nikhef.nl&noUDP&sock=startd_4619_d40a>
	SlotName: slot1_3@wn-pijl-007.nikhef.nl
	AvailableGPUs = { GPUs_GPU_28701473_2bc0_ba00_3737_13d19e1cede7 }
	CondorScratchDir = "/scratch/condor_execute/dir_3312379"
	Cpus = 1
	Disk = 16790369
	GPUs = 1
	GPUs_GPU_28701473_2bc0_ba00_3737_13d19e1cede7 = [ Id = "GPU-28701473-2bc0-ba00-3737-13d19e1cede7"; ClockMhz = 2520.0; Capability = 8.9; CoresPerCU = 128; DeviceName = "NVIDIA L40S"; DeviceUuid = "28701473-2bc0-ba00-3737-13d19e1cede7"; ECCEnabled = true; ComputeUnits = 142; NvidiaDriver = "580.95.05"; DriverVersion = 13.0; DevicePciBusId = "0000:C1:00.0"; GlobalMemoryMb = 45458; MaxSupportedVersion = 13000 ]
	Memory = 16384
...
006 (3230294.000.000) 2025-10-30 19:59:38 Image size of job updated: 663180
	648  -  MemoryUsage of job (MB)
	663180  -  ResidentSetSize of job (KB)
...
006 (3230294.000.000) 2025-10-30 20:04:38 Image size of job updated: 1325888
	1294  -  MemoryUsage of job (MB)
	1324288  -  ResidentSetSize of job (KB)
...
006 (3230294.000.000) 2025-10-30 20:09:39 Image size of job updated: 1325888
	1295  -  MemoryUsage of job (MB)
	1325752  -  ResidentSetSize of job (KB)
...
006 (3230294.000.000) 2025-10-30 20:14:40 Image size of job updated: 1325888
	1295  -  MemoryUsage of job (MB)
	1325756  -  ResidentSetSize of job (KB)
...
006 (3230294.000.000) 2025-10-30 20:19:40 Image size of job updated: 1325888
	1295  -  MemoryUsage of job (MB)
	1325764  -  ResidentSetSize of job (KB)
...
006 (3230294.000.000) 2025-10-30 20:24:41 Image size of job updated: 1325888
	1295  -  MemoryUsage of job (MB)
	1325768  -  ResidentSetSize of job (KB)
...
006 (3230294.000.000) 2025-10-30 20:29:41 Image size of job updated: 1325888
	1295  -  MemoryUsage of job (MB)
	1325776  -  ResidentSetSize of job (KB)
...
006 (3230294.000.000) 2025-10-30 20:34:41 Image size of job updated: 1325888
	1295  -  MemoryUsage of job (MB)
	1325780  -  ResidentSetSize of job (KB)
...
006 (3230294.000.000) 2025-10-30 20:39:42 Image size of job updated: 1325888
	1295  -  MemoryUsage of job (MB)
	1325784  -  ResidentSetSize of job (KB)
...
006 (3230294.000.000) 2025-10-30 20:44:42 Image size of job updated: 1325888
	1295  -  MemoryUsage of job (MB)
	1325788  -  ResidentSetSize of job (KB)
...
006 (3230294.000.000) 2025-10-30 20:49:43 Image size of job updated: 1325888
	1295  -  MemoryUsage of job (MB)
	1325792  -  ResidentSetSize of job (KB)
...
006 (3230294.000.000) 2025-10-30 20:54:44 Image size of job updated: 1325888
	1295  -  MemoryUsage of job (MB)
	1325796  -  ResidentSetSize of job (KB)
...
005 (3230294.000.000) 2025-10-30 21:06:50 Job terminated.
	(1) Normal termination (return value 0)
		Usr 0 01:07:05, Sys 0 00:00:12  -  Run Remote Usage
		Usr 0 00:00:00, Sys 0 00:00:00  -  Run Local Usage
		Usr 0 01:07:05, Sys 0 00:00:12  -  Total Remote Usage
		Usr 0 00:00:00, Sys 0 00:00:00  -  Total Local Usage
	0  -  Run Bytes Sent By Job
	0  -  Run Bytes Received By Job
	0  -  Total Bytes Sent By Job
	0  -  Total Bytes Received By Job
	Partitionable Resources :    Usage  Request Allocated Assigned
	   Cpus                 :     1.00        1         1 
	   Disk (KB)            : 17500    16777216  16790369 
	   GPUs                 :     0.20        1         1 "GPU-28701473-2bc0-ba00-3737-13d19e1cede7"
	   GpusMemory (MB)      :  1331                       
	   Memory (MB)          :  1295       16384     16384 
	   TimeExecute (s)      :  4041                       
	   TimeSlotBusy (s)     :  4041                       
...
