000 (2568356.000.000) 2025-07-28 23:23:33 Job submitted from host: <145.107.7.246:9618?addrs=145.107.7.246-9618+[2a07-8500-120-e070--3f6]-9618&alias=taai-007.nikhef.nl&noUDP&sock=schedd_2614_90a7>
    DAG Node: run_a
...
001 (2568356.000.000) 2025-07-28 23:24:00 Job executing on host: <145.107.4.167:9618?addrs=145.107.4.167-9618+[2a07-8500-120-e070--a7]-9618&alias=wn-pijl-006.nikhef.nl&noUDP&sock=startd_4304_c3b5>
	SlotName: slot1_9@wn-pijl-006.nikhef.nl
	AvailableGPUs = {  }
	CondorScratchDir = "/scratch/condor_execute/dir_1406777"
	Cpus = 64
	Disk = 16790397
	GPUs = 0
	Memory = 16384
...
006 (2568356.000.000) 2025-07-28 23:24:10 Image size of job updated: 326592
	0  -  MemoryUsage of job (MB)
	0  -  ResidentSetSize of job (KB)
...
005 (2568356.000.000) 2025-07-28 23:24:10 Job terminated.
	(1) Normal termination (return value 1)
		Usr 0 00:00:11, Sys 0 00:00:07  -  Run Remote Usage
		Usr 0 00:00:00, Sys 0 00:00:00  -  Run Local Usage
		Usr 0 00:00:11, Sys 0 00:00:07  -  Total Remote Usage
		Usr 0 00:00:00, Sys 0 00:00:00  -  Total Local Usage
	0  -  Run Bytes Sent By Job
	0  -  Run Bytes Received By Job
	0  -  Total Bytes Sent By Job
	0  -  Total Bytes Received By Job
	Partitionable Resources :    Usage  Request Allocated 
	   Cpus                 :        0       64        64 
	   Disk (KB)            :    17500 16777216  16790397 
	   GPUs                 :                           0 
	   Memory (MB)          :        0    16384     16384 
	   TimeExecute (s)      :       10                    
	   TimeSlotBusy (s)     :       11                    

	Job terminated of its own accord at 2025-07-28T21:24:10Z with exit-code 1.
...
000 (2568364.000.000) 2025-07-28 23:27:10 Job submitted from host: <145.107.7.246:9618?addrs=145.107.7.246-9618+[2a07-8500-120-e070--3f6]-9618&alias=taai-007.nikhef.nl&noUDP&sock=schedd_2614_90a7>
    DAG Node: run_a
...
001 (2568364.000.000) 2025-07-28 23:27:59 Job executing on host: <145.107.4.168:9618?addrs=145.107.4.168-9618+[2a07-8500-120-e070--a8]-9618&alias=wn-pijl-007.nikhef.nl&noUDP&sock=startd_4419_a519>
	SlotName: slot1_11@wn-pijl-007.nikhef.nl
	AvailableGPUs = {  }
	CondorScratchDir = "/scratch/condor_execute/dir_666753"
	Cpus = 64
	Disk = 16790397
	GPUs = 0
	Memory = 16384
...
006 (2568364.000.000) 2025-07-28 23:28:13 Image size of job updated: 483168
	472  -  MemoryUsage of job (MB)
	483168  -  ResidentSetSize of job (KB)
...
006 (2568364.000.000) 2025-07-28 23:33:14 Image size of job updated: 1943960
	1899  -  MemoryUsage of job (MB)
	1943956  -  ResidentSetSize of job (KB)
...
006 (2568364.000.000) 2025-07-28 23:38:14 Image size of job updated: 1971328
	1926  -  MemoryUsage of job (MB)
	1971328  -  ResidentSetSize of job (KB)
...
006 (2568364.000.000) 2025-07-28 23:43:15 Image size of job updated: 1997476
	1951  -  MemoryUsage of job (MB)
	1997476  -  ResidentSetSize of job (KB)
...
006 (2568364.000.000) 2025-07-28 23:48:16 Image size of job updated: 2017004
	1970  -  MemoryUsage of job (MB)
	2017004  -  ResidentSetSize of job (KB)
...
006 (2568364.000.000) 2025-07-28 23:53:16 Image size of job updated: 2026408
	1979  -  MemoryUsage of job (MB)
	2026408  -  ResidentSetSize of job (KB)
...
006 (2568364.000.000) 2025-07-28 23:58:16 Image size of job updated: 2033736
	1987  -  MemoryUsage of job (MB)
	2033736  -  ResidentSetSize of job (KB)
...
006 (2568364.000.000) 2025-07-29 00:03:17 Image size of job updated: 2040424
	1993  -  MemoryUsage of job (MB)
	2040424  -  ResidentSetSize of job (KB)
...
006 (2568364.000.000) 2025-07-29 00:08:17 Image size of job updated: 2046688
	1999  -  MemoryUsage of job (MB)
	2046688  -  ResidentSetSize of job (KB)
...
006 (2568364.000.000) 2025-07-29 00:13:17 Image size of job updated: 2051560
	2004  -  MemoryUsage of job (MB)
	2051560  -  ResidentSetSize of job (KB)
...
006 (2568364.000.000) 2025-07-29 00:18:19 Image size of job updated: 2056316
	2009  -  MemoryUsage of job (MB)
	2056316  -  ResidentSetSize of job (KB)
...
006 (2568364.000.000) 2025-07-29 00:23:19 Image size of job updated: 2060412
	2013  -  MemoryUsage of job (MB)
	2060412  -  ResidentSetSize of job (KB)
...
006 (2568364.000.000) 2025-07-29 00:28:19 Image size of job updated: 2064084
	2016  -  MemoryUsage of job (MB)
	2064084  -  ResidentSetSize of job (KB)
...
006 (2568364.000.000) 2025-07-29 00:33:20 Image size of job updated: 2387036
	2332  -  MemoryUsage of job (MB)
	2387036  -  ResidentSetSize of job (KB)
...
006 (2568364.000.000) 2025-07-29 00:38:20 Image size of job updated: 2390260
	2335  -  MemoryUsage of job (MB)
	2390260  -  ResidentSetSize of job (KB)
...
006 (2568364.000.000) 2025-07-29 00:43:20 Image size of job updated: 2393368
	2338  -  MemoryUsage of job (MB)
	2393368  -  ResidentSetSize of job (KB)
...
006 (2568364.000.000) 2025-07-29 00:48:21 Image size of job updated: 2396256
	2341  -  MemoryUsage of job (MB)
	2396256  -  ResidentSetSize of job (KB)
...
006 (2568364.000.000) 2025-07-29 00:53:21 Image size of job updated: 2398636
	2343  -  MemoryUsage of job (MB)
	2398636  -  ResidentSetSize of job (KB)
...
006 (2568364.000.000) 2025-07-29 00:58:21 Image size of job updated: 2401284
	2346  -  MemoryUsage of job (MB)
	2401284  -  ResidentSetSize of job (KB)
...
006 (2568364.000.000) 2025-07-29 01:03:22 Image size of job updated: 2403632
	2348  -  MemoryUsage of job (MB)
	2403632  -  ResidentSetSize of job (KB)
...
006 (2568364.000.000) 2025-07-29 01:08:22 Image size of job updated: 2405676
	2350  -  MemoryUsage of job (MB)
	2405676  -  ResidentSetSize of job (KB)
...
006 (2568364.000.000) 2025-07-29 01:13:23 Image size of job updated: 2407664
	2352  -  MemoryUsage of job (MB)
	2407664  -  ResidentSetSize of job (KB)
...
006 (2568364.000.000) 2025-07-29 01:18:24 Image size of job updated: 2409660
	2354  -  MemoryUsage of job (MB)
	2409660  -  ResidentSetSize of job (KB)
...
006 (2568364.000.000) 2025-07-29 01:23:24 Image size of job updated: 2411500
	2355  -  MemoryUsage of job (MB)
	2411500  -  ResidentSetSize of job (KB)
...
006 (2568364.000.000) 2025-07-29 01:28:25 Image size of job updated: 2413140
	2357  -  MemoryUsage of job (MB)
	2413140  -  ResidentSetSize of job (KB)
...
006 (2568364.000.000) 2025-07-29 01:33:26 Image size of job updated: 2476204
	2419  -  MemoryUsage of job (MB)
	2476204  -  ResidentSetSize of job (KB)
...
006 (2568364.000.000) 2025-07-29 01:38:26 Image size of job updated: 2477804
	2420  -  MemoryUsage of job (MB)
	2477804  -  ResidentSetSize of job (KB)
...
006 (2568364.000.000) 2025-07-29 01:43:26 Image size of job updated: 2479352
	2422  -  MemoryUsage of job (MB)
	2479352  -  ResidentSetSize of job (KB)
...
006 (2568364.000.000) 2025-07-29 01:48:27 Image size of job updated: 2480812
	2423  -  MemoryUsage of job (MB)
	2480812  -  ResidentSetSize of job (KB)
...
006 (2568364.000.000) 2025-07-29 01:53:27 Image size of job updated: 2482168
	2424  -  MemoryUsage of job (MB)
	2482168  -  ResidentSetSize of job (KB)
...
006 (2568364.000.000) 2025-07-29 01:58:27 Image size of job updated: 2483484
	2426  -  MemoryUsage of job (MB)
	2483484  -  ResidentSetSize of job (KB)
...
006 (2568364.000.000) 2025-07-29 02:03:28 Image size of job updated: 2484888
	2427  -  MemoryUsage of job (MB)
	2484888  -  ResidentSetSize of job (KB)
...
006 (2568364.000.000) 2025-07-29 02:08:28 Image size of job updated: 2486124
	2428  -  MemoryUsage of job (MB)
	2486124  -  ResidentSetSize of job (KB)
...
006 (2568364.000.000) 2025-07-29 02:13:28 Image size of job updated: 2487184
	2429  -  MemoryUsage of job (MB)
	2487184  -  ResidentSetSize of job (KB)
...
006 (2568364.000.000) 2025-07-29 02:18:29 Image size of job updated: 2488396
	2431  -  MemoryUsage of job (MB)
	2488396  -  ResidentSetSize of job (KB)
...
006 (2568364.000.000) 2025-07-29 02:23:29 Image size of job updated: 2489708
	2432  -  MemoryUsage of job (MB)
	2489708  -  ResidentSetSize of job (KB)
...
006 (2568364.000.000) 2025-07-29 02:28:29 Image size of job updated: 2490800
	2433  -  MemoryUsage of job (MB)
	2490800  -  ResidentSetSize of job (KB)
...
006 (2568364.000.000) 2025-07-29 02:33:30 Image size of job updated: 2515176
	2452  -  MemoryUsage of job (MB)
	2510560  -  ResidentSetSize of job (KB)
...
006 (2568364.000.000) 2025-07-29 02:38:30 Image size of job updated: 2515176
	2453  -  MemoryUsage of job (MB)
	2511632  -  ResidentSetSize of job (KB)
...
006 (2568364.000.000) 2025-07-29 02:43:30 Image size of job updated: 2515176
	2454  -  MemoryUsage of job (MB)
	2512524  -  ResidentSetSize of job (KB)
...
006 (2568364.000.000) 2025-07-29 02:48:31 Image size of job updated: 2515176
	2456  -  MemoryUsage of job (MB)
	2514176  -  ResidentSetSize of job (KB)
...
006 (2568364.000.000) 2025-07-29 02:53:31 Image size of job updated: 2515192
	2457  -  MemoryUsage of job (MB)
	2515192  -  ResidentSetSize of job (KB)
...
006 (2568364.000.000) 2025-07-29 02:58:31 Image size of job updated: 2516932
	2458  -  MemoryUsage of job (MB)
	2516932  -  ResidentSetSize of job (KB)
...
006 (2568364.000.000) 2025-07-29 03:03:32 Image size of job updated: 2517792
	2459  -  MemoryUsage of job (MB)
	2517792  -  ResidentSetSize of job (KB)
...
006 (2568364.000.000) 2025-07-29 03:08:32 Image size of job updated: 2518564
	2460  -  MemoryUsage of job (MB)
	2518564  -  ResidentSetSize of job (KB)
...
006 (2568364.000.000) 2025-07-29 03:13:33 Image size of job updated: 2519504
	2461  -  MemoryUsage of job (MB)
	2519504  -  ResidentSetSize of job (KB)
...
006 (2568364.000.000) 2025-07-29 03:18:34 Image size of job updated: 2520348
	2462  -  MemoryUsage of job (MB)
	2520348  -  ResidentSetSize of job (KB)
...
006 (2568364.000.000) 2025-07-29 03:23:34 Image size of job updated: 2522016
	2463  -  MemoryUsage of job (MB)
	2522016  -  ResidentSetSize of job (KB)
...
006 (2568364.000.000) 2025-07-29 03:28:35 Image size of job updated: 2522784
	2464  -  MemoryUsage of job (MB)
	2522784  -  ResidentSetSize of job (KB)
...
006 (2568364.000.000) 2025-07-29 03:33:36 Image size of job updated: 2552104
	2493  -  MemoryUsage of job (MB)
	2552104  -  ResidentSetSize of job (KB)
...
006 (2568364.000.000) 2025-07-29 03:38:36 Image size of job updated: 2552832
	2493  -  MemoryUsage of job (MB)
	2552832  -  ResidentSetSize of job (KB)
...
006 (2568364.000.000) 2025-07-29 03:43:37 Image size of job updated: 2553564
	2494  -  MemoryUsage of job (MB)
	2553564  -  ResidentSetSize of job (KB)
...
006 (2568364.000.000) 2025-07-29 03:48:38 Image size of job updated: 2554244
	2495  -  MemoryUsage of job (MB)
	2554244  -  ResidentSetSize of job (KB)
...
006 (2568364.000.000) 2025-07-29 03:53:38 Image size of job updated: 2555032
	2496  -  MemoryUsage of job (MB)
	2555032  -  ResidentSetSize of job (KB)
...
006 (2568364.000.000) 2025-07-29 03:58:39 Image size of job updated: 2555700
	2496  -  MemoryUsage of job (MB)
	2555700  -  ResidentSetSize of job (KB)
...
006 (2568364.000.000) 2025-07-29 04:03:40 Image size of job updated: 2557320
	2498  -  MemoryUsage of job (MB)
	2557320  -  ResidentSetSize of job (KB)
...
006 (2568364.000.000) 2025-07-29 04:08:40 Image size of job updated: 2557872
	2498  -  MemoryUsage of job (MB)
	2557872  -  ResidentSetSize of job (KB)
...
006 (2568364.000.000) 2025-07-29 04:13:41 Image size of job updated: 2558444
	2499  -  MemoryUsage of job (MB)
	2558444  -  ResidentSetSize of job (KB)
...
006 (2568364.000.000) 2025-07-29 04:18:42 Image size of job updated: 2558916
	2499  -  MemoryUsage of job (MB)
	2558916  -  ResidentSetSize of job (KB)
...
006 (2568364.000.000) 2025-07-29 04:23:42 Image size of job updated: 2560376
	2501  -  MemoryUsage of job (MB)
	2560376  -  ResidentSetSize of job (KB)
...
006 (2568364.000.000) 2025-07-29 04:28:43 Image size of job updated: 2561072
	2502  -  MemoryUsage of job (MB)
	2561072  -  ResidentSetSize of job (KB)
...
006 (2568364.000.000) 2025-07-29 04:33:44 Image size of job updated: 2577948
	2508  -  MemoryUsage of job (MB)
	2567536  -  ResidentSetSize of job (KB)
...
006 (2568364.000.000) 2025-07-29 04:53:45 Image size of job updated: 2577948
	2508  -  MemoryUsage of job (MB)
	2567680  -  ResidentSetSize of job (KB)
...
006 (2568364.000.000) 2025-07-29 04:58:46 Image size of job updated: 2577948
	2509  -  MemoryUsage of job (MB)
	2568208  -  ResidentSetSize of job (KB)
...
006 (2568364.000.000) 2025-07-29 05:03:47 Image size of job updated: 2577948
	2509  -  MemoryUsage of job (MB)
	2568680  -  ResidentSetSize of job (KB)
...
006 (2568364.000.000) 2025-07-29 05:08:47 Image size of job updated: 2577948
	2509  -  MemoryUsage of job (MB)
	2569192  -  ResidentSetSize of job (KB)
...
006 (2568364.000.000) 2025-07-29 05:13:48 Image size of job updated: 2577948
	2511  -  MemoryUsage of job (MB)
	2570532  -  ResidentSetSize of job (KB)
...
006 (2568364.000.000) 2025-07-29 05:18:49 Image size of job updated: 2577948
	2511  -  MemoryUsage of job (MB)
	2570976  -  ResidentSetSize of job (KB)
...
006 (2568364.000.000) 2025-07-29 05:23:49 Image size of job updated: 2577948
	2512  -  MemoryUsage of job (MB)
	2571440  -  ResidentSetSize of job (KB)
...
006 (2568364.000.000) 2025-07-29 05:28:50 Image size of job updated: 2577948
	2512  -  MemoryUsage of job (MB)
	2571900  -  ResidentSetSize of job (KB)
...
006 (2568364.000.000) 2025-07-29 05:33:51 Image size of job updated: 2623568
	2563  -  MemoryUsage of job (MB)
	2623568  -  ResidentSetSize of job (KB)
...
006 (2568364.000.000) 2025-07-29 05:38:51 Image size of job updated: 2624056
	2563  -  MemoryUsage of job (MB)
	2624056  -  ResidentSetSize of job (KB)
...
006 (2568364.000.000) 2025-07-29 05:43:52 Image size of job updated: 2624488
	2563  -  MemoryUsage of job (MB)
	2624488  -  ResidentSetSize of job (KB)
...
006 (2568364.000.000) 2025-07-29 05:48:53 Image size of job updated: 2625732
	2565  -  MemoryUsage of job (MB)
	2625732  -  ResidentSetSize of job (KB)
...
006 (2568364.000.000) 2025-07-29 05:53:53 Image size of job updated: 2626168
	2565  -  MemoryUsage of job (MB)
	2626168  -  ResidentSetSize of job (KB)
...
006 (2568364.000.000) 2025-07-29 05:58:54 Image size of job updated: 2628328
	2567  -  MemoryUsage of job (MB)
	2628328  -  ResidentSetSize of job (KB)
...
006 (2568364.000.000) 2025-07-29 06:03:55 Image size of job updated: 2628696
	2568  -  MemoryUsage of job (MB)
	2628696  -  ResidentSetSize of job (KB)
...
006 (2568364.000.000) 2025-07-29 06:08:55 Image size of job updated: 2629864
	2569  -  MemoryUsage of job (MB)
	2629864  -  ResidentSetSize of job (KB)
...
006 (2568364.000.000) 2025-07-29 06:13:56 Image size of job updated: 2630160
	2569  -  MemoryUsage of job (MB)
	2630160  -  ResidentSetSize of job (KB)
...
006 (2568364.000.000) 2025-07-29 06:18:57 Image size of job updated: 2631512
	2570  -  MemoryUsage of job (MB)
	2631512  -  ResidentSetSize of job (KB)
...
006 (2568364.000.000) 2025-07-29 06:23:57 Image size of job updated: 2631856
	2571  -  MemoryUsage of job (MB)
	2631856  -  ResidentSetSize of job (KB)
...
006 (2568364.000.000) 2025-07-29 06:28:59 Image size of job updated: 2633136
	2572  -  MemoryUsage of job (MB)
	2633136  -  ResidentSetSize of job (KB)
...
006 (2568364.000.000) 2025-07-29 06:33:59 Image size of job updated: 2633516
	2572  -  MemoryUsage of job (MB)
	2633516  -  ResidentSetSize of job (KB)
...
006 (2568364.000.000) 2025-07-29 06:38:59 Image size of job updated: 2643456
	2582  -  MemoryUsage of job (MB)
	2643456  -  ResidentSetSize of job (KB)
...
006 (2568364.000.000) 2025-07-29 06:44:00 Image size of job updated: 2643820
	2582  -  MemoryUsage of job (MB)
	2643820  -  ResidentSetSize of job (KB)
...
006 (2568364.000.000) 2025-07-29 06:49:01 Image size of job updated: 2644224
	2583  -  MemoryUsage of job (MB)
	2644224  -  ResidentSetSize of job (KB)
...
006 (2568364.000.000) 2025-07-29 06:54:01 Image size of job updated: 2644644
	2583  -  MemoryUsage of job (MB)
	2644644  -  ResidentSetSize of job (KB)
...
006 (2568364.000.000) 2025-07-29 06:59:02 Image size of job updated: 2645008
	2584  -  MemoryUsage of job (MB)
	2645008  -  ResidentSetSize of job (KB)
...
006 (2568364.000.000) 2025-07-29 07:04:03 Image size of job updated: 2645480
	2584  -  MemoryUsage of job (MB)
	2645480  -  ResidentSetSize of job (KB)
...
006 (2568364.000.000) 2025-07-29 07:09:03 Image size of job updated: 2645864
	2584  -  MemoryUsage of job (MB)
	2645864  -  ResidentSetSize of job (KB)
...
006 (2568364.000.000) 2025-07-29 07:14:04 Image size of job updated: 2646236
	2585  -  MemoryUsage of job (MB)
	2646236  -  ResidentSetSize of job (KB)
...
006 (2568364.000.000) 2025-07-29 07:19:05 Image size of job updated: 2646528
	2585  -  MemoryUsage of job (MB)
	2646528  -  ResidentSetSize of job (KB)
...
006 (2568364.000.000) 2025-07-29 07:24:05 Image size of job updated: 2646844
	2585  -  MemoryUsage of job (MB)
	2646844  -  ResidentSetSize of job (KB)
...
006 (2568364.000.000) 2025-07-29 07:29:06 Image size of job updated: 2648192
	2587  -  MemoryUsage of job (MB)
	2648192  -  ResidentSetSize of job (KB)
...
006 (2568364.000.000) 2025-07-29 07:34:07 Image size of job updated: 2648480
	2587  -  MemoryUsage of job (MB)
	2648480  -  ResidentSetSize of job (KB)
...
006 (2568364.000.000) 2025-07-29 07:39:07 Image size of job updated: 2683348
	2598  -  MemoryUsage of job (MB)
	2660156  -  ResidentSetSize of job (KB)
...
006 (2568364.000.000) 2025-07-29 07:44:08 Image size of job updated: 2683348
	2599  -  MemoryUsage of job (MB)
	2661328  -  ResidentSetSize of job (KB)
...
006 (2568364.000.000) 2025-07-29 07:49:09 Image size of job updated: 2683348
	2600  -  MemoryUsage of job (MB)
	2661620  -  ResidentSetSize of job (KB)
...
006 (2568364.000.000) 2025-07-29 07:54:09 Image size of job updated: 2683348
	2600  -  MemoryUsage of job (MB)
	2661908  -  ResidentSetSize of job (KB)
...
006 (2568364.000.000) 2025-07-29 07:59:10 Image size of job updated: 2683348
	2601  -  MemoryUsage of job (MB)
	2662984  -  ResidentSetSize of job (KB)
...
006 (2568364.000.000) 2025-07-29 08:04:11 Image size of job updated: 2683348
	2601  -  MemoryUsage of job (MB)
	2663224  -  ResidentSetSize of job (KB)
...
006 (2568364.000.000) 2025-07-29 08:09:11 Image size of job updated: 2683348
	2603  -  MemoryUsage of job (MB)
	2664484  -  ResidentSetSize of job (KB)
...
006 (2568364.000.000) 2025-07-29 08:14:11 Image size of job updated: 2683348
	2604  -  MemoryUsage of job (MB)
	2665592  -  ResidentSetSize of job (KB)
...
006 (2568364.000.000) 2025-07-29 08:19:12 Image size of job updated: 2683348
	2604  -  MemoryUsage of job (MB)
	2665936  -  ResidentSetSize of job (KB)
...
006 (2568364.000.000) 2025-07-29 08:24:12 Image size of job updated: 2683348
	2604  -  MemoryUsage of job (MB)
	2666152  -  ResidentSetSize of job (KB)
...
006 (2568364.000.000) 2025-07-29 08:29:12 Image size of job updated: 2683348
	2604  -  MemoryUsage of job (MB)
	2666396  -  ResidentSetSize of job (KB)
...
006 (2568364.000.000) 2025-07-29 08:34:13 Image size of job updated: 2683348
	2605  -  MemoryUsage of job (MB)
	2667440  -  ResidentSetSize of job (KB)
...
006 (2568364.000.000) 2025-07-29 08:39:13 Image size of job updated: 2689916
	2609  -  MemoryUsage of job (MB)
	2670820  -  ResidentSetSize of job (KB)
...
006 (2568364.000.000) 2025-07-29 08:44:14 Image size of job updated: 2689916
	2609  -  MemoryUsage of job (MB)
	2671268  -  ResidentSetSize of job (KB)
...
006 (2568364.000.000) 2025-07-29 08:49:15 Image size of job updated: 2689916
	2609  -  MemoryUsage of job (MB)
	2671484  -  ResidentSetSize of job (KB)
...
006 (2568364.000.000) 2025-07-29 08:54:15 Image size of job updated: 2689916
	2610  -  MemoryUsage of job (MB)
	2671712  -  ResidentSetSize of job (KB)
...
006 (2568364.000.000) 2025-07-29 08:59:15 Image size of job updated: 2689916
	2610  -  MemoryUsage of job (MB)
	2671948  -  ResidentSetSize of job (KB)
...
006 (2568364.000.000) 2025-07-29 09:04:16 Image size of job updated: 2689916
	2612  -  MemoryUsage of job (MB)
	2673808  -  ResidentSetSize of job (KB)
...
006 (2568364.000.000) 2025-07-29 09:09:16 Image size of job updated: 2689916
	2612  -  MemoryUsage of job (MB)
	2674040  -  ResidentSetSize of job (KB)
...
006 (2568364.000.000) 2025-07-29 09:14:17 Image size of job updated: 2689916
	2613  -  MemoryUsage of job (MB)
	2675092  -  ResidentSetSize of job (KB)
...
006 (2568364.000.000) 2025-07-29 09:19:18 Image size of job updated: 2689916
	2613  -  MemoryUsage of job (MB)
	2675296  -  ResidentSetSize of job (KB)
...
006 (2568364.000.000) 2025-07-29 09:24:18 Image size of job updated: 2689916
	2613  -  MemoryUsage of job (MB)
	2675488  -  ResidentSetSize of job (KB)
...
006 (2568364.000.000) 2025-07-29 09:29:19 Image size of job updated: 2689916
	2613  -  MemoryUsage of job (MB)
	2675692  -  ResidentSetSize of job (KB)
...
006 (2568364.000.000) 2025-07-29 09:34:20 Image size of job updated: 2689916
	2614  -  MemoryUsage of job (MB)
	2675856  -  ResidentSetSize of job (KB)
...
006 (2568364.000.000) 2025-07-29 09:39:20 Image size of job updated: 2689916
	2614  -  MemoryUsage of job (MB)
	2675888  -  ResidentSetSize of job (KB)
...
006 (2568364.000.000) 2025-07-29 09:44:21 Image size of job updated: 2700372
	2632  -  MemoryUsage of job (MB)
	2694664  -  ResidentSetSize of job (KB)
...
006 (2568364.000.000) 2025-07-29 09:49:22 Image size of job updated: 2700372
	2632  -  MemoryUsage of job (MB)
	2694924  -  ResidentSetSize of job (KB)
...
006 (2568364.000.000) 2025-07-29 09:54:22 Image size of job updated: 2700372
	2633  -  MemoryUsage of job (MB)
	2695960  -  ResidentSetSize of job (KB)
...
006 (2568364.000.000) 2025-07-29 09:59:23 Image size of job updated: 2700372
	2633  -  MemoryUsage of job (MB)
	2696144  -  ResidentSetSize of job (KB)
...
006 (2568364.000.000) 2025-07-29 10:04:24 Image size of job updated: 2700372
	2634  -  MemoryUsage of job (MB)
	2697152  -  ResidentSetSize of job (KB)
...
006 (2568364.000.000) 2025-07-29 10:09:24 Image size of job updated: 2700372
	2635  -  MemoryUsage of job (MB)
	2698180  -  ResidentSetSize of job (KB)
...
006 (2568364.000.000) 2025-07-29 10:14:25 Image size of job updated: 2700372
	2636  -  MemoryUsage of job (MB)
	2698400  -  ResidentSetSize of job (KB)
...
006 (2568364.000.000) 2025-07-29 10:19:26 Image size of job updated: 2700372
	2638  -  MemoryUsage of job (MB)
	2700324  -  ResidentSetSize of job (KB)
...
006 (2568364.000.000) 2025-07-29 10:24:26 Image size of job updated: 2701272
	2638  -  MemoryUsage of job (MB)
	2701272  -  ResidentSetSize of job (KB)
...
006 (2568364.000.000) 2025-07-29 10:29:28 Image size of job updated: 2702308
	2639  -  MemoryUsage of job (MB)
	2702308  -  ResidentSetSize of job (KB)
...
006 (2568364.000.000) 2025-07-29 10:34:27 Image size of job updated: 2703324
	2640  -  MemoryUsage of job (MB)
	2703324  -  ResidentSetSize of job (KB)
...
006 (2568364.000.000) 2025-07-29 10:39:27 Image size of job updated: 2703504
	2641  -  MemoryUsage of job (MB)
	2703504  -  ResidentSetSize of job (KB)
...
006 (2568364.000.000) 2025-07-29 10:44:28 Image size of job updated: 2725764
	2662  -  MemoryUsage of job (MB)
	2725764  -  ResidentSetSize of job (KB)
...
006 (2568364.000.000) 2025-07-29 10:49:29 Image size of job updated: 2726020
	2663  -  MemoryUsage of job (MB)
	2726020  -  ResidentSetSize of job (KB)
...
006 (2568364.000.000) 2025-07-29 10:54:29 Image size of job updated: 2726988
	2664  -  MemoryUsage of job (MB)
	2726988  -  ResidentSetSize of job (KB)
...
006 (2568364.000.000) 2025-07-29 10:59:30 Image size of job updated: 2727148
	2664  -  MemoryUsage of job (MB)
	2727148  -  ResidentSetSize of job (KB)
...
006 (2568364.000.000) 2025-07-29 11:04:30 Image size of job updated: 2727320
	2664  -  MemoryUsage of job (MB)
	2727320  -  ResidentSetSize of job (KB)
...
006 (2568364.000.000) 2025-07-29 11:09:30 Image size of job updated: 2727524
	2664  -  MemoryUsage of job (MB)
	2727524  -  ResidentSetSize of job (KB)
...
006 (2568364.000.000) 2025-07-29 11:14:31 Image size of job updated: 2727720
	2664  -  MemoryUsage of job (MB)
	2727720  -  ResidentSetSize of job (KB)
...
006 (2568364.000.000) 2025-07-29 11:19:31 Image size of job updated: 2727880
	2664  -  MemoryUsage of job (MB)
	2727880  -  ResidentSetSize of job (KB)
...
006 (2568364.000.000) 2025-07-29 11:24:31 Image size of job updated: 2728108
	2665  -  MemoryUsage of job (MB)
	2728108  -  ResidentSetSize of job (KB)
...
006 (2568364.000.000) 2025-07-29 11:29:32 Image size of job updated: 2728284
	2665  -  MemoryUsage of job (MB)
	2728284  -  ResidentSetSize of job (KB)
...
006 (2568364.000.000) 2025-07-29 11:34:32 Image size of job updated: 2728472
	2665  -  MemoryUsage of job (MB)
	2728472  -  ResidentSetSize of job (KB)
...
006 (2568364.000.000) 2025-07-29 11:39:32 Image size of job updated: 2728640
	2665  -  MemoryUsage of job (MB)
	2728640  -  ResidentSetSize of job (KB)
...
006 (2568364.000.000) 2025-07-29 11:44:33 Image size of job updated: 2757784
	2675  -  MemoryUsage of job (MB)
	2739156  -  ResidentSetSize of job (KB)
...
005 (2568364.000.000) 2025-07-29 11:46:58 Job terminated.
	(1) Normal termination (return value 0)
		Usr 21 09:23:39, Sys 0 00:05:14  -  Run Remote Usage
		Usr 0 00:00:00, Sys 0 00:00:00  -  Run Local Usage
		Usr 21 09:23:39, Sys 0 00:05:14  -  Total Remote Usage
		Usr 0 00:00:00, Sys 0 00:00:00  -  Total Local Usage
	0  -  Run Bytes Sent By Job
	0  -  Run Bytes Received By Job
	0  -  Total Bytes Sent By Job
	0  -  Total Bytes Received By Job
	Partitionable Resources :    Usage  Request Allocated 
	   Cpus                 :     3.10       64        64 
	   Disk (KB)            : 17500    16777216  16790397 
	   GPUs                 :                           0 
	   Memory (MB)          :  2675       16384     16384 
	   TimeExecute (s)      : 44339                       
	   TimeSlotBusy (s)     : 44339                       

	Job terminated of its own accord at 2025-07-29T09:46:58Z with exit-code 0.
...
