000 (2587873.000.000) 2025-08-06 10:20:46 Job submitted from host: <145.107.7.246:9618?addrs=145.107.7.246-9618+[2a07-8500-120-e070--3f6]-9618&alias=taai-007.nikhef.nl&noUDP&sock=schedd_2614_90a7>
...
001 (2587873.000.000) 2025-08-06 10:21:38 Job executing on host: <145.107.4.164:9618?addrs=145.107.4.164-9618+[2a07-8500-120-e070--a4]-9618&alias=wn-pijl-003.nikhef.nl&noUDP&sock=startd_4461_7413>
	SlotName: slot1_2@wn-pijl-003.nikhef.nl
	AvailableGPUs = { GPUs_GPU_5faa433c_644c_d0cd_7786_8cda7f2ab56c }
	CondorScratchDir = "/scratch/condor_execute/dir_1332366"
	Cpus = 1
	Disk = 16790397
	GPUs = 1
	GPUs_GPU_5faa433c_644c_d0cd_7786_8cda7f2ab56c = [ Id = "GPU-5faa433c-644c-d0cd-7786-8cda7f2ab56c"; ClockMhz = 2520.0; Capability = 8.9; CoresPerCU = 128; DeviceName = "NVIDIA L40S"; DeviceUuid = "5faa433c-644c-d0cd-7786-8cda7f2ab56c"; ECCEnabled = true; ComputeUnits = 142; NvidiaDriver = "570.124.06"; DriverVersion = 12.8; DevicePciBusId = "0000:02:00.0"; GlobalMemoryMb = 45468; MaxSupportedVersion = 12080 ]
	Memory = 16384
...
006 (2587873.000.000) 2025-08-06 10:21:52 Image size of job updated: 674764
	659  -  MemoryUsage of job (MB)
	674764  -  ResidentSetSize of job (KB)
...
006 (2587873.000.000) 2025-08-06 10:26:52 Image size of job updated: 684128
	667  -  MemoryUsage of job (MB)
	682456  -  ResidentSetSize of job (KB)
...
006 (2587873.000.000) 2025-08-06 10:31:52 Image size of job updated: 3809204
	3720  -  MemoryUsage of job (MB)
	3809204  -  ResidentSetSize of job (KB)
...
006 (2587873.000.000) 2025-08-06 10:32:59 Image size of job updated: 4085908
	3720  -  MemoryUsage of job (MB)
	3809204  -  ResidentSetSize of job (KB)
...
005 (2587873.000.000) 2025-08-06 10:32:59 Job terminated.
	(1) Normal termination (return value 0)
		Usr 0 00:11:25, Sys 0 00:00:58  -  Run Remote Usage
		Usr 0 00:00:00, Sys 0 00:00:00  -  Run Local Usage
		Usr 0 00:11:25, Sys 0 00:00:58  -  Total Remote Usage
		Usr 0 00:00:00, Sys 0 00:00:00  -  Total Local Usage
	0  -  Run Bytes Sent By Job
	0  -  Run Bytes Received By Job
	0  -  Total Bytes Sent By Job
	0  -  Total Bytes Received By Job
	Partitionable Resources :    Usage  Request Allocated Assigned
	   Cpus                 :     1.07        1         1 
	   Disk (KB)            : 17500    16777216  16790397 
	   GPUs                 :     0.14        1         1 "GPU-5faa433c-644c-d0cd-7786-8cda7f2ab56c"
	   GpusMemory (MB)      : 35160                       
	   Memory (MB)          :  3720       16384     16384 
	   TimeExecute (s)      :   681                       
	   TimeSlotBusy (s)     :   681                       

	Job terminated of its own accord at 2025-08-06T08:32:59Z with exit-code 0.
...
000 (2587962.000.000) 2025-08-06 13:57:51 Job submitted from host: <145.107.7.246:9618?addrs=145.107.7.246-9618+[2a07-8500-120-e070--3f6]-9618&alias=taai-007.nikhef.nl&noUDP&sock=schedd_2614_90a7>
...
001 (2587962.000.000) 2025-08-06 14:02:42 Job executing on host: <145.107.4.165:9618?addrs=145.107.4.165-9618+[2a07-8500-120-e070--a5]-9618&alias=wn-pijl-004.nikhef.nl&noUDP&sock=startd_4575_a5df>
	SlotName: slot1_3@wn-pijl-004.nikhef.nl
	AvailableGPUs = { GPUs_GPU_b4269f1d_d802_4078_008d_64d0748b54c7 }
	CondorScratchDir = "/scratch/condor_execute/dir_2042439"
	Cpus = 1
	Disk = 16790397
	GPUs = 1
	GPUs_GPU_b4269f1d_d802_4078_008d_64d0748b54c7 = [ Id = "GPU-b4269f1d-d802-4078-008d-64d0748b54c7"; ClockMhz = 2520.0; Capability = 8.9; CoresPerCU = 128; DeviceName = "NVIDIA L40S"; DeviceUuid = "b4269f1d-d802-4078-008d-64d0748b54c7"; ECCEnabled = true; ComputeUnits = 142; NvidiaDriver = "570.124.06"; DriverVersion = 12.8; DevicePciBusId = "0000:C1:00.0"; GlobalMemoryMb = 45468; MaxSupportedVersion = 12080 ]
	Memory = 16384
...
006 (2587962.000.000) 2025-08-06 14:02:56 Image size of job updated: 674440
	659  -  MemoryUsage of job (MB)
	674440  -  ResidentSetSize of job (KB)
...
006 (2587962.000.000) 2025-08-06 14:07:57 Image size of job updated: 683936
	667  -  MemoryUsage of job (MB)
	682928  -  ResidentSetSize of job (KB)
...
006 (2587962.000.000) 2025-08-06 14:12:57 Image size of job updated: 3707112
	3621  -  MemoryUsage of job (MB)
	3707112  -  ResidentSetSize of job (KB)
...
006 (2587962.000.000) 2025-08-06 14:17:06 Image size of job updated: 4329044
	3621  -  MemoryUsage of job (MB)
	3707112  -  ResidentSetSize of job (KB)
...
005 (2587962.000.000) 2025-08-06 14:17:06 Job terminated.
	(1) Normal termination (return value 0)
		Usr 0 00:14:48, Sys 0 00:00:57  -  Run Remote Usage
		Usr 0 00:00:00, Sys 0 00:00:00  -  Run Local Usage
		Usr 0 00:14:48, Sys 0 00:00:57  -  Total Remote Usage
		Usr 0 00:00:00, Sys 0 00:00:00  -  Total Local Usage
	0  -  Run Bytes Sent By Job
	0  -  Run Bytes Received By Job
	0  -  Total Bytes Sent By Job
	0  -  Total Bytes Received By Job
	Partitionable Resources :    Usage  Request Allocated Assigned
	   Cpus                 :     1.05        1         1 
	   Disk (KB)            : 17500    16777216  16790397 
	   GPUs                 :     0.00        1         1 "GPU-b4269f1d-d802-4078-008d-64d0748b54c7"
	   GpusMemory (MB)      : 35160                       
	   Memory (MB)          :  3621       16384     16384 
	   TimeExecute (s)      :   864                       
	   TimeSlotBusy (s)     :   864                       

	Job terminated of its own accord at 2025-08-06T12:17:06Z with exit-code 0.
...
000 (2588072.000.000) 2025-08-06 18:17:51 Job submitted from host: <145.107.7.246:9618?addrs=145.107.7.246-9618+[2a07-8500-120-e070--3f6]-9618&alias=taai-007.nikhef.nl&noUDP&sock=schedd_2614_90a7>
...
001 (2588072.000.000) 2025-08-06 18:18:44 Job executing on host: <145.107.4.165:9618?addrs=145.107.4.165-9618+[2a07-8500-120-e070--a5]-9618&alias=wn-pijl-004.nikhef.nl&noUDP&sock=startd_4575_a5df>
	SlotName: slot1_2@wn-pijl-004.nikhef.nl
	AvailableGPUs = { GPUs_GPU_3a90a09e_2f89_5005_c0d7_0fb69e88c7a6 }
	CondorScratchDir = "/scratch/condor_execute/dir_2347593"
	Cpus = 1
	Disk = 16790397
	GPUs = 1
	GPUs_GPU_3a90a09e_2f89_5005_c0d7_0fb69e88c7a6 = [ Id = "GPU-3a90a09e-2f89-5005-c0d7-0fb69e88c7a6"; ClockMhz = 2520.0; Capability = 8.9; CoresPerCU = 128; DeviceName = "NVIDIA L40S"; DeviceUuid = "3a90a09e-2f89-5005-c0d7-0fb69e88c7a6"; ECCEnabled = true; ComputeUnits = 142; NvidiaDriver = "570.124.06"; DriverVersion = 12.8; DevicePciBusId = "0000:02:00.0"; GlobalMemoryMb = 45468; MaxSupportedVersion = 12080 ]
	Memory = 16384
...
006 (2588072.000.000) 2025-08-06 18:18:58 Image size of job updated: 680876
	665  -  MemoryUsage of job (MB)
	680876  -  ResidentSetSize of job (KB)
...
006 (2588072.000.000) 2025-08-06 18:23:58 Image size of job updated: 690444
	673  -  MemoryUsage of job (MB)
	688644  -  ResidentSetSize of job (KB)
...
006 (2588072.000.000) 2025-08-06 18:28:42 Image size of job updated: 3968572
	673  -  MemoryUsage of job (MB)
	688644  -  ResidentSetSize of job (KB)
...
005 (2588072.000.000) 2025-08-06 18:28:42 Job terminated.
	(1) Normal termination (return value 0)
		Usr 0 00:09:58, Sys 0 00:00:56  -  Run Remote Usage
		Usr 0 00:00:00, Sys 0 00:00:00  -  Run Local Usage
		Usr 0 00:09:58, Sys 0 00:00:56  -  Total Remote Usage
		Usr 0 00:00:00, Sys 0 00:00:00  -  Total Local Usage
	0  -  Run Bytes Sent By Job
	0  -  Run Bytes Received By Job
	0  -  Total Bytes Sent By Job
	0  -  Total Bytes Received By Job
	Partitionable Resources :    Usage  Request Allocated Assigned
	   Cpus                 :     1.11        1         1 
	   Disk (KB)            : 17500    16777216  16790397 
	   GPUs                 :                 1         1 "GPU-3a90a09e-2f89-5005-c0d7-0fb69e88c7a6"
	   GpusMemory (MB)      : 35158                       
	   Memory (MB)          :   673       16384     16384 
	   TimeExecute (s)      :   598                       
	   TimeSlotBusy (s)     :   598                       

	Job terminated of its own accord at 2025-08-06T16:28:42Z with exit-code 0.
...
