JAX: devices available: [CudaDevice(id=0)]
torch: CUDA is available. Number of devices: 1
torch: Current CUDA device: 0
Training data will be loaded from: /data/gravwav/twouters/projects/eos_source_classification/eos_source_classification/data/eos/radio/eos_samples.npz
Training a normalizing flow for population =  double_gaussian and nsbh sources
Using a smaller learning rate 0.0005 for flowJAX training, as it is more stable with this value.
Before training, we built the following NF kwargs: {'n_transforms': 4, 'n_neurons': 64, 'n_blocks_per_transform': 1, 'nn_depth': 1, 'flow_layers': 1, 'nn_block_dim': 8, 'names': ['chirp_mass_source', 'mass_ratio', 'lambda_2'], 'n_inputs': 3}
Everything for this model will be saved to ./models/double_gaussian/nsbh/radio_flowjax
Using flowJAX, so setting validation_split_fraction to 0.01 (no validation split)
Starting training with the following parameters:
Reading the EOS data from /data/gravwav/twouters/projects/eos_source_classification/eos_source_classification/data/eos/radio/eos_samples.npz
Number of good samples:  0.9601
0/200000
20000/200000
40000/200000
60000/200000
80000/200000
100000/200000
120000/200000
140000/200000
160000/200000
180000/200000
Create data will save the following data:
  m1: range = [2.0061361089081013, 4.99997885830655]
  m2: range = [0.713925139609499, 2.643143308368501]
  mass_ratio: range = [0.20793144706126326, 1.1767594293422836]
  lambda_1: range = [0.0001, 0.0001]
  lambda_2: range = [2.4777398049978956, 23036.668182350906]
  lambda_tilde: range = [0.2217433698116499, 408.22872905343786]
  delta_lambda_tilde: range = [0.10889461428455577, 193.33004684119516]
  chirp_mass_source: range = [1.2884754472547826, 3.039727786785256]
Saving to ./models/double_gaussian/nsbh/radio_flowjax/training_data.npz:
Saving to ./models/double_gaussian/nsbh/radio_flowjax/training_data.npz DONE
Using source-frame chirp mass and mass ratio (Mc, q) for training
Using component parameterization for lambdas (lambda_1, lambda_2)
Training samples: 198000, Validation samples: 2000
Creating the training data arrays
NSBH and training on lambda_2 (3D)
WARNING: 83/198000 training samples violate mass_ratio bounds [0.1, 1.0]
  Range in data: [0.2079, 1.1768]
Parameter bounds validation completed
np.shape(self.x)
(198000, 3)
WARNING: Disabling MinMaxScaler when using constrained flowjax distributions
The bijections handle parameter scaling internally to respect bounds
Going to start training for flowJAX . . .
Using block_neural_autoregressive_flow for flowJAX unconditional distribution
Using constrained training approach (Option 2): transform data to unbounded space
Applied identity (unbounded) to parameter 0: chirp_mass_source
Applied mass_ratio constraint [0.1, 1.0] to parameter 1: mass_ratio
Applied lambda constraint > 0 to parameter 2: lambda_2
Created constrained flow with bijection: Stack(
  shape=(3,),
  cond_shape=None,
  bijections=[
    Identity(),
    Chain(
      shape=(),
      cond_shape=None,
      bijections=(
        Sigmoid(),
        Affine(
          shape=(),
          loc=f32[],
          scale=Parameterize(
            fn=<PjitFunction of <function softplus at 0x1544dd321090>>,
            args=(f32[],),
            kwargs={}
          )
        )
      )
    ),
    SoftPlus()
  ],
  axis=0
)
Training flowJAX model on data shape: (198000, 3)
Saving the training loss plot to ./models/double_gaussian/nsbh/radio_flowjax/training_loss.pdf
Training done. Took around 12.04 minutes
Saving the flowJAX model to ./models/double_gaussian/nsbh/radio_flowjax/model.eqx
Saving the model kwargs to ./models/double_gaussian/nsbh/radio_flowjax/model_kwargs.json
DONE training!
