000 (2532245.000.000) 2025-07-22 17:53:29 Job submitted from host: <145.107.7.246:9618?addrs=145.107.7.246-9618+[2a07-8500-120-e070--3f6]-9618&alias=taai-007.nikhef.nl&noUDP&sock=schedd_2614_90a7>
    DAG Node: run_c
...
001 (2532245.000.000) 2025-07-22 17:54:02 Job executing on host: <145.107.4.111:9618?addrs=145.107.4.111-9618+[2a07-8500-120-e070--6f]-9618&alias=wn-sate-065.nikhef.nl&noUDP&sock=startd_2206_b603>
	SlotName: slot1_2@wn-sate-065.nikhef.nl
	CondorScratchDir = "/scratch/condor_execute/dir_583572"
	Cpus = 16
	Disk = 16779819
	GPUs = 0
	Memory = 16384
...
006 (2532245.000.000) 2025-07-22 17:54:15 Image size of job updated: 331080
	324  -  MemoryUsage of job (MB)
	331080  -  ResidentSetSize of job (KB)
...
006 (2532245.000.000) 2025-07-22 17:59:16 Image size of job updated: 1393516
	994  -  MemoryUsage of job (MB)
	1016836  -  ResidentSetSize of job (KB)
...
006 (2532245.000.000) 2025-07-22 18:04:17 Image size of job updated: 1393516
	1010  -  MemoryUsage of job (MB)
	1033292  -  ResidentSetSize of job (KB)
...
006 (2532245.000.000) 2025-07-22 18:09:17 Image size of job updated: 1393516
	1017  -  MemoryUsage of job (MB)
	1040828  -  ResidentSetSize of job (KB)
...
006 (2532245.000.000) 2025-07-22 18:14:17 Image size of job updated: 1393516
	1022  -  MemoryUsage of job (MB)
	1045716  -  ResidentSetSize of job (KB)
...
006 (2532245.000.000) 2025-07-22 18:19:18 Image size of job updated: 1393516
	1026  -  MemoryUsage of job (MB)
	1049820  -  ResidentSetSize of job (KB)
...
006 (2532245.000.000) 2025-07-22 18:24:19 Image size of job updated: 1393516
	1028  -  MemoryUsage of job (MB)
	1052568  -  ResidentSetSize of job (KB)
...
006 (2532245.000.000) 2025-07-22 18:29:20 Image size of job updated: 1393516
	1031  -  MemoryUsage of job (MB)
	1054960  -  ResidentSetSize of job (KB)
...
006 (2532245.000.000) 2025-07-22 18:34:20 Image size of job updated: 1393516
	1033  -  MemoryUsage of job (MB)
	1056912  -  ResidentSetSize of job (KB)
...
006 (2532245.000.000) 2025-07-22 18:39:20 Image size of job updated: 1393516
	1034  -  MemoryUsage of job (MB)
	1058668  -  ResidentSetSize of job (KB)
...
006 (2532245.000.000) 2025-07-22 18:44:21 Image size of job updated: 1393516
	1036  -  MemoryUsage of job (MB)
	1060224  -  ResidentSetSize of job (KB)
...
006 (2532245.000.000) 2025-07-22 18:49:22 Image size of job updated: 1393516
	1037  -  MemoryUsage of job (MB)
	1061540  -  ResidentSetSize of job (KB)
...
006 (2532245.000.000) 2025-07-22 18:54:22 Image size of job updated: 1393516
	1039  -  MemoryUsage of job (MB)
	1063216  -  ResidentSetSize of job (KB)
...
006 (2532245.000.000) 2025-07-22 18:59:23 Image size of job updated: 1393516
	1304  -  MemoryUsage of job (MB)
	1334596  -  ResidentSetSize of job (KB)
...
006 (2532245.000.000) 2025-07-22 19:04:24 Image size of job updated: 1393516
	1305  -  MemoryUsage of job (MB)
	1335308  -  ResidentSetSize of job (KB)
...
006 (2532245.000.000) 2025-07-22 19:09:24 Image size of job updated: 1393516
	1305  -  MemoryUsage of job (MB)
	1336056  -  ResidentSetSize of job (KB)
...
006 (2532245.000.000) 2025-07-22 19:14:24 Image size of job updated: 1393516
	1306  -  MemoryUsage of job (MB)
	1336644  -  ResidentSetSize of job (KB)
...
006 (2532245.000.000) 2025-07-22 19:19:25 Image size of job updated: 1393516
	1306  -  MemoryUsage of job (MB)
	1337272  -  ResidentSetSize of job (KB)
...
006 (2532245.000.000) 2025-07-22 19:24:26 Image size of job updated: 1393516
	1307  -  MemoryUsage of job (MB)
	1337836  -  ResidentSetSize of job (KB)
...
006 (2532245.000.000) 2025-07-22 19:29:26 Image size of job updated: 1393516
	1307  -  MemoryUsage of job (MB)
	1338340  -  ResidentSetSize of job (KB)
...
006 (2532245.000.000) 2025-07-22 19:34:26 Image size of job updated: 1393516
	1308  -  MemoryUsage of job (MB)
	1338936  -  ResidentSetSize of job (KB)
...
006 (2532245.000.000) 2025-07-22 19:39:27 Image size of job updated: 1393516
	1308  -  MemoryUsage of job (MB)
	1339308  -  ResidentSetSize of job (KB)
...
006 (2532245.000.000) 2025-07-22 19:44:28 Image size of job updated: 1393516
	1309  -  MemoryUsage of job (MB)
	1339616  -  ResidentSetSize of job (KB)
...
006 (2532245.000.000) 2025-07-22 19:49:28 Image size of job updated: 1393516
	1326  -  MemoryUsage of job (MB)
	1357284  -  ResidentSetSize of job (KB)
...
006 (2532245.000.000) 2025-07-22 19:54:28 Image size of job updated: 1393516
	1345  -  MemoryUsage of job (MB)
	1376340  -  ResidentSetSize of job (KB)
...
006 (2532245.000.000) 2025-07-22 19:59:29 Image size of job updated: 1446408
	1413  -  MemoryUsage of job (MB)
	1446408  -  ResidentSetSize of job (KB)
...
006 (2532245.000.000) 2025-07-22 20:04:30 Image size of job updated: 1446788
	1413  -  MemoryUsage of job (MB)
	1446788  -  ResidentSetSize of job (KB)
...
006 (2532245.000.000) 2025-07-22 20:09:30 Image size of job updated: 1447128
	1414  -  MemoryUsage of job (MB)
	1447128  -  ResidentSetSize of job (KB)
...
006 (2532245.000.000) 2025-07-22 20:14:30 Image size of job updated: 1447560
	1414  -  MemoryUsage of job (MB)
	1447560  -  ResidentSetSize of job (KB)
...
006 (2532245.000.000) 2025-07-22 20:19:31 Image size of job updated: 1448024
	1415  -  MemoryUsage of job (MB)
	1448024  -  ResidentSetSize of job (KB)
...
006 (2532245.000.000) 2025-07-22 20:24:32 Image size of job updated: 1449228
	1416  -  MemoryUsage of job (MB)
	1449228  -  ResidentSetSize of job (KB)
...
006 (2532245.000.000) 2025-07-22 20:29:32 Image size of job updated: 1449608
	1416  -  MemoryUsage of job (MB)
	1449608  -  ResidentSetSize of job (KB)
...
006 (2532245.000.000) 2025-07-22 20:34:32 Image size of job updated: 1450664
	1417  -  MemoryUsage of job (MB)
	1450664  -  ResidentSetSize of job (KB)
...
006 (2532245.000.000) 2025-07-22 20:39:33 Image size of job updated: 1451012
	1418  -  MemoryUsage of job (MB)
	1451012  -  ResidentSetSize of job (KB)
...
006 (2532245.000.000) 2025-07-22 20:44:34 Image size of job updated: 1453220
	1420  -  MemoryUsage of job (MB)
	1453220  -  ResidentSetSize of job (KB)
...
006 (2532245.000.000) 2025-07-22 20:49:34 Image size of job updated: 1453504
	1420  -  MemoryUsage of job (MB)
	1453504  -  ResidentSetSize of job (KB)
...
006 (2532245.000.000) 2025-07-22 20:54:34 Image size of job updated: 1454512
	1421  -  MemoryUsage of job (MB)
	1454512  -  ResidentSetSize of job (KB)
...
006 (2532245.000.000) 2025-07-22 20:59:35 Image size of job updated: 1489508
	1439  -  MemoryUsage of job (MB)
	1473332  -  ResidentSetSize of job (KB)
...
006 (2532245.000.000) 2025-07-22 21:04:35 Image size of job updated: 1489508
	1440  -  MemoryUsage of job (MB)
	1473628  -  ResidentSetSize of job (KB)
...
006 (2532245.000.000) 2025-07-22 21:09:35 Image size of job updated: 1489508
	1441  -  MemoryUsage of job (MB)
	1474652  -  ResidentSetSize of job (KB)
...
006 (2532245.000.000) 2025-07-22 21:14:36 Image size of job updated: 1489508
	1441  -  MemoryUsage of job (MB)
	1474968  -  ResidentSetSize of job (KB)
...
006 (2532245.000.000) 2025-07-22 21:19:37 Image size of job updated: 1489508
	1443  -  MemoryUsage of job (MB)
	1476972  -  ResidentSetSize of job (KB)
...
006 (2532245.000.000) 2025-07-22 21:24:37 Image size of job updated: 1489508
	1443  -  MemoryUsage of job (MB)
	1477324  -  ResidentSetSize of job (KB)
...
006 (2532245.000.000) 2025-07-22 21:29:37 Image size of job updated: 1489508
	1445  -  MemoryUsage of job (MB)
	1479412  -  ResidentSetSize of job (KB)
...
006 (2532245.000.000) 2025-07-22 21:34:38 Image size of job updated: 1489508
	1446  -  MemoryUsage of job (MB)
	1479708  -  ResidentSetSize of job (KB)
...
006 (2532245.000.000) 2025-07-22 21:39:39 Image size of job updated: 1489508
	1447  -  MemoryUsage of job (MB)
	1480820  -  ResidentSetSize of job (KB)
...
006 (2532245.000.000) 2025-07-22 21:44:39 Image size of job updated: 1489508
	1448  -  MemoryUsage of job (MB)
	1481832  -  ResidentSetSize of job (KB)
...
006 (2532245.000.000) 2025-07-22 21:49:39 Image size of job updated: 1489508
	1448  -  MemoryUsage of job (MB)
	1482080  -  ResidentSetSize of job (KB)
...
006 (2532245.000.000) 2025-07-22 21:54:40 Image size of job updated: 1489508
	1450  -  MemoryUsage of job (MB)
	1484316  -  ResidentSetSize of job (KB)
...
006 (2532245.000.000) 2025-07-22 21:59:41 Image size of job updated: 1510156
	1473  -  MemoryUsage of job (MB)
	1508048  -  ResidentSetSize of job (KB)
...
006 (2532245.000.000) 2025-07-22 22:04:41 Image size of job updated: 1510160
	1475  -  MemoryUsage of job (MB)
	1510160  -  ResidentSetSize of job (KB)
...
006 (2532245.000.000) 2025-07-22 22:09:42 Image size of job updated: 1510404
	1476  -  MemoryUsage of job (MB)
	1510404  -  ResidentSetSize of job (KB)
...
006 (2532245.000.000) 2025-07-22 22:14:43 Image size of job updated: 1512412
	1477  -  MemoryUsage of job (MB)
	1512412  -  ResidentSetSize of job (KB)
...
006 (2532245.000.000) 2025-07-22 22:19:43 Image size of job updated: 1512596
	1478  -  MemoryUsage of job (MB)
	1512596  -  ResidentSetSize of job (KB)
...
006 (2532245.000.000) 2025-07-22 22:24:43 Image size of job updated: 1513624
	1479  -  MemoryUsage of job (MB)
	1513624  -  ResidentSetSize of job (KB)
...
006 (2532245.000.000) 2025-07-22 22:29:44 Image size of job updated: 1514632
	1480  -  MemoryUsage of job (MB)
	1514632  -  ResidentSetSize of job (KB)
...
006 (2532245.000.000) 2025-07-22 22:34:45 Image size of job updated: 1514884
	1480  -  MemoryUsage of job (MB)
	1514884  -  ResidentSetSize of job (KB)
...
006 (2532245.000.000) 2025-07-22 22:39:45 Image size of job updated: 1516960
	1482  -  MemoryUsage of job (MB)
	1516960  -  ResidentSetSize of job (KB)
...
006 (2532245.000.000) 2025-07-22 22:44:45 Image size of job updated: 1517224
	1482  -  MemoryUsage of job (MB)
	1517224  -  ResidentSetSize of job (KB)
...
006 (2532245.000.000) 2025-07-22 22:49:46 Image size of job updated: 1518196
	1483  -  MemoryUsage of job (MB)
	1518196  -  ResidentSetSize of job (KB)
...
006 (2532245.000.000) 2025-07-22 22:54:47 Image size of job updated: 1518432
	1483  -  MemoryUsage of job (MB)
	1518432  -  ResidentSetSize of job (KB)
...
006 (2532245.000.000) 2025-07-22 22:59:47 Image size of job updated: 1544800
	1499  -  MemoryUsage of job (MB)
	1534744  -  ResidentSetSize of job (KB)
...
006 (2532245.000.000) 2025-07-22 23:09:48 Image size of job updated: 1544800
	1499  -  MemoryUsage of job (MB)
	1534952  -  ResidentSetSize of job (KB)
...
006 (2532245.000.000) 2025-07-22 23:14:49 Image size of job updated: 1544800
	1500  -  MemoryUsage of job (MB)
	1535100  -  ResidentSetSize of job (KB)
...
006 (2532245.000.000) 2025-07-22 23:19:49 Image size of job updated: 1544800
	1501  -  MemoryUsage of job (MB)
	1536052  -  ResidentSetSize of job (KB)
...
006 (2532245.000.000) 2025-07-22 23:24:49 Image size of job updated: 1544800
	1501  -  MemoryUsage of job (MB)
	1537008  -  ResidentSetSize of job (KB)
...
006 (2532245.000.000) 2025-07-22 23:29:50 Image size of job updated: 1544800
	1502  -  MemoryUsage of job (MB)
	1537228  -  ResidentSetSize of job (KB)
...
006 (2532245.000.000) 2025-07-22 23:34:51 Image size of job updated: 1544800
	1503  -  MemoryUsage of job (MB)
	1538204  -  ResidentSetSize of job (KB)
...
006 (2532245.000.000) 2025-07-22 23:39:51 Image size of job updated: 1544800
	1503  -  MemoryUsage of job (MB)
	1538480  -  ResidentSetSize of job (KB)
...
006 (2532245.000.000) 2025-07-22 23:44:52 Image size of job updated: 1544800
	1505  -  MemoryUsage of job (MB)
	1540528  -  ResidentSetSize of job (KB)
...
006 (2532245.000.000) 2025-07-22 23:49:53 Image size of job updated: 1544800
	1505  -  MemoryUsage of job (MB)
	1540736  -  ResidentSetSize of job (KB)
...
006 (2532245.000.000) 2025-07-22 23:54:53 Image size of job updated: 1544800
	1507  -  MemoryUsage of job (MB)
	1542744  -  ResidentSetSize of job (KB)
...
006 (2532245.000.000) 2025-07-22 23:59:53 Image size of job updated: 1593244
	1525  -  MemoryUsage of job (MB)
	1561528  -  ResidentSetSize of job (KB)
...
006 (2532245.000.000) 2025-07-23 00:04:54 Image size of job updated: 1593244
	1526  -  MemoryUsage of job (MB)
	1561752  -  ResidentSetSize of job (KB)
...
006 (2532245.000.000) 2025-07-23 00:09:55 Image size of job updated: 1593244
	1528  -  MemoryUsage of job (MB)
	1563704  -  ResidentSetSize of job (KB)
...
006 (2532245.000.000) 2025-07-23 00:14:55 Image size of job updated: 1593244
	1528  -  MemoryUsage of job (MB)
	1563840  -  ResidentSetSize of job (KB)
...
006 (2532245.000.000) 2025-07-23 00:19:55 Image size of job updated: 1593244
	1529  -  MemoryUsage of job (MB)
	1564808  -  ResidentSetSize of job (KB)
...
006 (2532245.000.000) 2025-07-23 00:24:56 Image size of job updated: 1593244
	1529  -  MemoryUsage of job (MB)
	1565012  -  ResidentSetSize of job (KB)
...
006 (2532245.000.000) 2025-07-23 00:29:57 Image size of job updated: 1593244
	1530  -  MemoryUsage of job (MB)
	1565892  -  ResidentSetSize of job (KB)
...
006 (2532245.000.000) 2025-07-23 00:34:57 Image size of job updated: 1593244
	1530  -  MemoryUsage of job (MB)
	1566036  -  ResidentSetSize of job (KB)
...
006 (2532245.000.000) 2025-07-23 00:39:57 Image size of job updated: 1593244
	1531  -  MemoryUsage of job (MB)
	1566956  -  ResidentSetSize of job (KB)
...
006 (2532245.000.000) 2025-07-23 00:44:58 Image size of job updated: 1593244
	1531  -  MemoryUsage of job (MB)
	1567076  -  ResidentSetSize of job (KB)
...
006 (2532245.000.000) 2025-07-23 00:49:59 Image size of job updated: 1593244
	1532  -  MemoryUsage of job (MB)
	1568004  -  ResidentSetSize of job (KB)
...
006 (2532245.000.000) 2025-07-23 00:54:59 Image size of job updated: 1593244
	1534  -  MemoryUsage of job (MB)
	1569820  -  ResidentSetSize of job (KB)
...
006 (2532245.000.000) 2025-07-23 00:59:59 Image size of job updated: 1622420
	1585  -  MemoryUsage of job (MB)
	1622420  -  ResidentSetSize of job (KB)
...
006 (2532245.000.000) 2025-07-23 01:05:01 Image size of job updated: 1622428
	1585  -  MemoryUsage of job (MB)
	1622428  -  ResidentSetSize of job (KB)
...
006 (2532245.000.000) 2025-07-23 02:05:07 Image size of job updated: 1638112
	1585  -  MemoryUsage of job (MB)
	1622428  -  ResidentSetSize of job (KB)
...
006 (2532245.000.000) 2025-07-23 03:05:13 Image size of job updated: 1644672
	1587  -  MemoryUsage of job (MB)
	1624092  -  ResidentSetSize of job (KB)
...
006 (2532245.000.000) 2025-07-23 03:10:13 Image size of job updated: 1644672
	1587  -  MemoryUsage of job (MB)
	1624184  -  ResidentSetSize of job (KB)
...
006 (2532245.000.000) 2025-07-23 03:15:13 Image size of job updated: 1644672
	1587  -  MemoryUsage of job (MB)
	1624252  -  ResidentSetSize of job (KB)
...
006 (2532245.000.000) 2025-07-23 03:20:14 Image size of job updated: 1644672
	1587  -  MemoryUsage of job (MB)
	1624336  -  ResidentSetSize of job (KB)
...
006 (2532245.000.000) 2025-07-23 03:25:15 Image size of job updated: 1644672
	1587  -  MemoryUsage of job (MB)
	1624412  -  ResidentSetSize of job (KB)
...
006 (2532245.000.000) 2025-07-23 03:30:15 Image size of job updated: 1644672
	1587  -  MemoryUsage of job (MB)
	1624492  -  ResidentSetSize of job (KB)
...
006 (2532245.000.000) 2025-07-23 03:35:15 Image size of job updated: 1644672
	1587  -  MemoryUsage of job (MB)
	1624576  -  ResidentSetSize of job (KB)
...
006 (2532245.000.000) 2025-07-23 03:40:16 Image size of job updated: 1644672
	1587  -  MemoryUsage of job (MB)
	1624644  -  ResidentSetSize of job (KB)
...
006 (2532245.000.000) 2025-07-23 03:45:17 Image size of job updated: 1644672
	1588  -  MemoryUsage of job (MB)
	1625716  -  ResidentSetSize of job (KB)
...
006 (2532245.000.000) 2025-07-23 03:50:17 Image size of job updated: 1644672
	1588  -  MemoryUsage of job (MB)
	1625800  -  ResidentSetSize of job (KB)
...
006 (2532245.000.000) 2025-07-23 03:55:17 Image size of job updated: 1644672
	1589  -  MemoryUsage of job (MB)
	1626848  -  ResidentSetSize of job (KB)
...
006 (2532245.000.000) 2025-07-23 04:00:18 Image size of job updated: 1644672
	1589  -  MemoryUsage of job (MB)
	1626916  -  ResidentSetSize of job (KB)
...
006 (2532245.000.000) 2025-07-23 04:05:19 Image size of job updated: 1659328
	1614  -  MemoryUsage of job (MB)
	1652272  -  ResidentSetSize of job (KB)
...
006 (2532245.000.000) 2025-07-23 04:10:19 Image size of job updated: 1659328
	1614  -  MemoryUsage of job (MB)
	1652368  -  ResidentSetSize of job (KB)
...
006 (2532245.000.000) 2025-07-23 04:15:19 Image size of job updated: 1659328
	1614  -  MemoryUsage of job (MB)
	1652456  -  ResidentSetSize of job (KB)
...
006 (2532245.000.000) 2025-07-23 04:20:20 Image size of job updated: 1659328
	1614  -  MemoryUsage of job (MB)
	1652532  -  ResidentSetSize of job (KB)
...
006 (2532245.000.000) 2025-07-23 04:25:21 Image size of job updated: 1659328
	1614  -  MemoryUsage of job (MB)
	1652604  -  ResidentSetSize of job (KB)
...
006 (2532245.000.000) 2025-07-23 04:30:21 Image size of job updated: 1659328
	1615  -  MemoryUsage of job (MB)
	1653692  -  ResidentSetSize of job (KB)
...
006 (2532245.000.000) 2025-07-23 04:35:21 Image size of job updated: 1659328
	1616  -  MemoryUsage of job (MB)
	1653772  -  ResidentSetSize of job (KB)
...
006 (2532245.000.000) 2025-07-23 04:40:22 Image size of job updated: 1659328
	1617  -  MemoryUsage of job (MB)
	1654828  -  ResidentSetSize of job (KB)
...
006 (2532245.000.000) 2025-07-23 04:45:23 Image size of job updated: 1659328
	1617  -  MemoryUsage of job (MB)
	1654952  -  ResidentSetSize of job (KB)
...
006 (2532245.000.000) 2025-07-23 04:50:23 Image size of job updated: 1659328
	1617  -  MemoryUsage of job (MB)
	1655076  -  ResidentSetSize of job (KB)
...
006 (2532245.000.000) 2025-07-23 04:55:23 Image size of job updated: 1659328
	1617  -  MemoryUsage of job (MB)
	1655164  -  ResidentSetSize of job (KB)
...
006 (2532245.000.000) 2025-07-23 05:00:25 Image size of job updated: 1740116
	1622  -  MemoryUsage of job (MB)
	1660116  -  ResidentSetSize of job (KB)
...
005 (2532245.000.000) 2025-07-23 05:02:17 Job terminated.
	(1) Normal termination (return value 1)
		Usr 9 10:24:00, Sys 0 00:42:34  -  Run Remote Usage
		Usr 0 00:00:00, Sys 0 00:00:00  -  Run Local Usage
		Usr 9 10:24:00, Sys 0 00:42:34  -  Total Remote Usage
		Usr 0 00:00:00, Sys 0 00:00:00  -  Total Local Usage
	0  -  Run Bytes Sent By Job
	0  -  Run Bytes Received By Job
	0  -  Total Bytes Sent By Job
	0  -  Total Bytes Received By Job
	Partitionable Resources :    Usage  Request Allocated 
	   Cpus                 :     1.00       16        16 
	   Disk (KB)            : 17500    16777216  16779819 
	   GPUs                 :                           0 
	   Memory (MB)          :  1622       16384     16384 
	   TimeExecute (s)      : 40096                       
	   TimeSlotBusy (s)     : 40096                       

	Job terminated of its own accord at 2025-07-23T03:02:17Z with exit-code 1.
...
