NFDist has source_type = bns
NFDist has source_type = bns
NFDist has source_type = bns
NFDist has source_type = bns
NFDist has source_type = bns
NFDist has source_type = bns
At this point, we cannot create a float from 0       1.486865
1       1.487141
2       1.486328
3       1.486346
4       1.486194
          ...   
5328    1.486790
5329    1.486745
5330    1.486658
5331    1.486776
5332    1.486874
Name: chirp_mass, Length: 5333, dtype: float64, error: cannot convert the series to <class 'float'>
At this point, we cannot create a float from 0       0.667143
1       0.747961
2       0.986214
3       0.996208
4       0.840798
          ...   
5328    0.979362
5329    0.863807
5330    0.962065
5331    0.968381
5332    0.838634
Name: mass_ratio, Length: 5333, dtype: float64, error: cannot convert the series to <class 'float'>
At this point, we cannot create a float from 0       216.653946
1       271.898560
2       176.993591
3       176.143524
4       283.048370
           ...    
5328    180.530701
5329    181.037460
5330    178.209473
5331    124.273392
5332    201.003967
Name: luminosity_distance, Length: 5333, dtype: float64, error: cannot convert the series to <class 'float'>
At this point, we cannot create a float from 0        68.153404
1        55.167038
2        59.342480
3       104.120499
4        98.739876
           ...    
5328    268.537231
5329    199.803986
5330    230.332825
5331    207.277481
5332    226.189011
Name: lambda_1, Length: 5333, dtype: float64, error: cannot convert the series to <class 'float'>
At this point, we cannot create a float from 0       982.620117
1       418.464294
2        73.870636
3       114.925240
4       439.224365
           ...    
5328    307.964142
5329    464.175690
5330    292.281830
5331    266.057098
5332    621.789124
Name: lambda_2, Length: 5333, dtype: float64, error: cannot convert the series to <class 'float'>
At this point, we cannot create a float from [1.48604846 1.48605272 1.48605699 ... 1.48731511 1.48731938
 1.48732364], error: only length-1 arrays can be converted to Python scalars
At this point, we cannot create a float from [0.62804455 0.62932725 0.63060995 ... 1.00900684 1.01028954
 1.01157224], error: only length-1 arrays can be converted to Python scalars
At this point, we cannot create a float from [ 30.61803055  31.46227918  32.3065278  ... 281.35987311
 282.20412173 283.04837036], error: only length-1 arrays can be converted to Python scalars
At this point, we cannot create a float from [  5.67567158   7.30725894   8.93884631 ... 490.25711946
 491.88870682 493.52029419], error: only length-1 arrays can be converted to Python scalars
At this point, we cannot create a float from [  35.29411316   39.48109329   43.66807342 ... 1278.82721162
 1283.01419175 1287.20117188], error: only length-1 arrays can be converted to Python scalars
