000 (2578569.000.000) 2025-08-04 12:21:24 Job submitted from host: <145.107.7.246:9618?addrs=145.107.7.246-9618+[2a07-8500-120-e070--3f6]-9618&alias=taai-007.nikhef.nl&noUDP&sock=schedd_2614_90a7>
...
001 (2578569.000.000) 2025-08-04 12:21:42 Job executing on host: <145.107.4.163:9618?addrs=145.107.4.163-9618+[2a07-8500-120-e070--a3]-9618&alias=wn-pijl-002.nikhef.nl&noUDP&sock=startd_4326_daca>
	SlotName: slot1_1@wn-pijl-002.nikhef.nl
	AvailableGPUs = { GPUs_GPU_4fb6dafd_ddc3_be3a_a076_7466e71b9470 }
	CondorScratchDir = "/scratch/condor_execute/dir_3936978"
	Cpus = 1
	Disk = 16790353
	GPUs = 1
	GPUs_GPU_4fb6dafd_ddc3_be3a_a076_7466e71b9470 = [ Id = "GPU-4fb6dafd-ddc3-be3a-a076-7466e71b9470"; ClockMhz = 2520.0; Capability = 8.9; CoresPerCU = 128; DeviceName = "NVIDIA L40S"; DeviceUuid = "4fb6dafd-ddc3-be3a-a076-7466e71b9470"; ECCEnabled = true; ComputeUnits = 142; NvidiaDriver = "570.124.06"; DriverVersion = 12.8; DevicePciBusId = "0000:01:00.0"; GlobalMemoryMb = 45468; MaxSupportedVersion = 12080 ]
	Memory = 16384
...
006 (2578569.000.000) 2025-08-04 12:21:55 Image size of job updated: 325976
	319  -  MemoryUsage of job (MB)
	325976  -  ResidentSetSize of job (KB)
...
006 (2578569.000.000) 2025-08-04 12:26:55 Image size of job updated: 428780
	418  -  MemoryUsage of job (MB)
	427216  -  ResidentSetSize of job (KB)
...
006 (2578569.000.000) 2025-08-04 12:31:56 Image size of job updated: 1115468
	1090  -  MemoryUsage of job (MB)
	1115468  -  ResidentSetSize of job (KB)
...
006 (2578569.000.000) 2025-08-04 12:36:57 Image size of job updated: 1116636
	1091  -  MemoryUsage of job (MB)
	1116572  -  ResidentSetSize of job (KB)
...
006 (2578569.000.000) 2025-08-04 12:46:58 Image size of job updated: 1116636
	1091  -  MemoryUsage of job (MB)
	1116592  -  ResidentSetSize of job (KB)
...
006 (2578569.000.000) 2025-08-04 12:56:59 Image size of job updated: 1132788
	1107  -  MemoryUsage of job (MB)
	1132788  -  ResidentSetSize of job (KB)
...
006 (2578569.000.000) 2025-08-04 13:02:00 Image size of job updated: 1278864
	1249  -  MemoryUsage of job (MB)
	1278864  -  ResidentSetSize of job (KB)
...
006 (2578569.000.000) 2025-08-04 13:07:01 Image size of job updated: 1343964
	1313  -  MemoryUsage of job (MB)
	1343964  -  ResidentSetSize of job (KB)
...
006 (2578569.000.000) 2025-08-04 13:52:38 Image size of job updated: 1349776
	1313  -  MemoryUsage of job (MB)
	1343964  -  ResidentSetSize of job (KB)
...
005 (2578569.000.000) 2025-08-04 13:52:38 Job terminated.
	(1) Normal termination (return value 0)
		Usr 0 01:30:30, Sys 0 00:00:13  -  Run Remote Usage
		Usr 0 00:00:00, Sys 0 00:00:00  -  Run Local Usage
		Usr 0 01:30:30, Sys 0 00:00:13  -  Total Remote Usage
		Usr 0 00:00:00, Sys 0 00:00:00  -  Total Local Usage
	0  -  Run Bytes Sent By Job
	0  -  Run Bytes Received By Job
	0  -  Total Bytes Sent By Job
	0  -  Total Bytes Received By Job
	Partitionable Resources :    Usage  Request Allocated Assigned
	   Cpus                 :     1.00        1         1 
	   Disk (KB)            : 17500    16777216  16790353 
	   GPUs                 :     0.09        1         1 "GPU-4fb6dafd-ddc3-be3a-a076-7466e71b9470"
	   GpusMemory (MB)      :  1234                       
	   Memory (MB)          :  1313       16384     16384 
	   TimeExecute (s)      :  5456                       
	   TimeSlotBusy (s)     :  5457                       

	Job terminated of its own accord at 2025-08-04T11:52:38Z with exit-code 0.
...
