torch: CUDA is available. Number of devices: 1
torch: Current CUDA device: 0
Training data will be loaded from: /data/gravwav/twouters/projects/eos_source_classification/eos_source_classification/data/eos/radio/eos_samples.npz
Training a normalizing flow for population =  GW170817 and bns sources
Before training, we built the following NF kwargs: {'n_transforms': 4, 'n_neurons': 64, 'n_blocks_per_transform': 1, 'nn_depth': 5, 'nn_block_dim': 8, 'names': ['chirp_mass', 'mass_ratio', 'lambda_1', 'lambda_2', 'luminosity_distance'], 'n_inputs': 5}
Everything for this model will be saved to ./models/GW170817/bns/radio
Starting training with the following parameters:
Reading the EOS data from /data/gravwav/twouters/projects/eos_source_classification/eos_source_classification/data/eos/radio/eos_samples.npz
Number of good samples:  0.9601
create_data is following GW_event source type: GW170817
Parsed prior bounds:
  Chirp mass: 1.18 - 1.21
  Mass ratio: 0.5 - 1.0
  Luminosity distance: 1.0 - 75.0
Loaded priors: {'chirp_mass': Uniform(minimum=1.18, maximum=1.21, name='chirp_mass', latex_label='$\\mathcal{M}$', unit=None, boundary=None), 'mass_ratio': Uniform(minimum=0.5, maximum=1.0, name='mass_ratio', latex_label='$q$', unit=None, boundary=None), 'luminosity_distance': bilby.gw.prior.UniformComovingVolume(minimum=1.0, maximum=75.0, cosmology='Planck15', name='luminosity_distance', latex_label='$D_L$', unit='Mpc', boundary=None)}
0/200000
20000/200000
40000/200000
60000/200000
80000/200000
100000/200000
120000/200000
140000/200000
160000/200000
180000/200000
Create data will save the following data:
  m1: range = [1.335127507605571, 1.9810723986902474]
  m2: range = [0.9547751912415465, 1.3821675069327375]
  q: range = [0.500001556025674, 0.9999967193816861]
  lambda_1: range = [8.999175268173772, 2317.817194330434]
  lambda_2: range = [146.22718961159012, 9363.381870387357]
  lambda_tilde: range = [105.69355300139377, 2340.873122056936]
  delta_lambda_tilde: range = [-1.9686615420748514, 489.58141115443414]
  chirp_mass_source: range = [1.160602500750394, 1.208573654594672]
  chirp_mass: range = [1.1800001532352489, 1.2099998290531797]
  luminosity_distance: range = [1.2776786929579924, 74.99990470574046]
Saving to ./models/GW170817/bns/radio/training_data.npz:
Saving to ./models/GW170817/bns/radio/training_data.npz DONE
Using detector-frame chirp mass from the GW event and mass ratio (Mc_det, q) for training
Using component parameterization for lambdas (lambda_1, lambda_2)
Training samples: 160000, Validation samples: 40000
Creating the training data arrays
4D training data model for bns
Including luminosity distance in training data
np.shape(self.x)
(160000, 5)
Using MinMaxScaler to scale the input data x
Saved sklearn scaler to ./models/GW170817/bns/radio/scaler.gz
Going to start training for glasflow . . .
Early stopping triggered at epoch 810
Saving the training loss plot to ./models/GW170817/bns/radio/training_loss.pdf
Training done. Took around 84.95 minutes
Saving the model weights to ./models/GW170817/bns/radio/model.pt
Saving the model kwargs to ./models/GW170817/bns/radio/model_kwargs.json
DONE training!
