NFDist has source_type = bns
self.parameters_ref
{'chirp_mass': 1.4867847675135448, 'symmetric_mass_ratio': 0.24999995594642316, 'a_1': 0.011080273335494708, 'a_2': 0.04692984939031852, 'tilt_1': 2.6219694401252394, 'tilt_2': 1.0090315132594154, 'phi_jl': 0.977223832370418, 'phi_12': 5.868535624409604, 'lambda_1': 100.0, 'lambda_2': 200.0, 'luminosity_distance': 160.68570884930463, 'phase': 5.904192752190891, 'theta_jn': 0.20643139003708647, 'psi': 0.3008124663367458, 'ra': 1.4454755957606107, 'dec': 0.07257856505111598, 'mass_ratio': 0.999160794522431, 'mass_1': 1.7085843239096237, 'mass_2': 1.7071504705861102, 'geocent_time': 1240215503.017147, 'duration': 128.0}
5557it [4:04:34 bound:30 nc:645 ncall:1.2e+06 eff:0.5% logz-ratio=4.11+/-0.07 dlogz:43.776>0.1]
5872it [4:05:50 bound:35 nc:738 ncall:1.5e+06 eff:0.4% logz-ratio=5.06+/-0.07 dlogz:42.525>0.1]
6182it [4:07:00 bound:40 nc:785 ncall:1.7e+06 eff:0.4% logz-ratio=6.06+/-0.08 dlogz:51.847>0.1]
6490it [4:08:12 bound:45 nc:1640 ncall:1.9e+06 eff:0.3% logz-ratio=7.18+/-0.08 dlogz:50.427>0.1]
6802it [4:09:24 bound:50 nc:943 ncall:2.1e+06 eff:0.3% logz-ratio=8.55+/-0.08 dlogz:48.753>0.1]
7112it [4:10:37 bound:55 nc:743 ncall:2.4e+06 eff:0.3% logz-ratio=9.99+/-0.08 dlogz:47.004>0.1]
7425it [4:11:49 bound:60 nc:903 ncall:2.6e+06 eff:0.3% logz-ratio=11.74+/-0.09 dlogz:54.670>0.1]
7733it [4:13:03 bound:65 nc:503 ncall:2.8e+06 eff:0.3% logz-ratio=13.44+/-0.09 dlogz:52.666>0.1]
8045it [4:14:15 bound:70 nc:561 ncall:3.0e+06 eff:0.3% logz-ratio=15.17+/-0.09 dlogz:50.630>0.1]
8355it [4:15:26 bound:75 nc:639 ncall:3.3e+06 eff:0.3% logz-ratio=16.96+/-0.09 dlogz:48.796>0.1]
8603it [4:16:28 bound:79 nc:486 ncall:3.4e+06 eff:0.2% logz-ratio=18.33+/-0.09 dlogz:47.189>0.1]
8851it [4:17:28 bound:83 nc:748 ncall:3.6e+06 eff:0.2% logz-ratio=19.77+/-0.10 dlogz:45.504>0.1]
9157it [4:18:41 bound:88 nc:763 ncall:3.9e+06 eff:0.2% logz-ratio=21.55+/-0.10 dlogz:43.427>0.1]
9467it [4:19:55 bound:93 nc:755 ncall:4.1e+06 eff:0.2% logz-ratio=23.45+/-0.10 dlogz:41.226>0.1]
9715it [4:20:57 bound:97 nc:772 ncall:4.3e+06 eff:0.2% logz-ratio=24.93+/-0.10 dlogz:39.498>0.1]
10031it [4:22:13 bound:102 nc:777 ncall:4.5e+06 eff:0.2% logz-ratio=26.71+/-0.10 dlogz:39.313>0.1]
10284it [4:23:17 bound:106 nc:634 ncall:4.7e+06 eff:0.2% logz-ratio=28.03+/-0.10 dlogz:37.743>0.1]
10532it [4:24:21 bound:110 nc:640 ncall:4.9e+06 eff:0.2% logz-ratio=29.31+/-0.10 dlogz:38.068>0.1]
10782it [4:25:23 bound:114 nc:972 ncall:5.1e+06 eff:0.2% logz-ratio=30.63+/-0.10 dlogz:36.499>0.1]
11025it [4:26:27 bound:118 nc:531 ncall:5.3e+06 eff:0.2% logz-ratio=31.98+/-0.11 dlogz:35.067>0.1]
11277it [4:27:31 bound:122 nc:794 ncall:5.4e+06 eff:0.2% logz-ratio=33.43+/-0.11 dlogz:35.915>0.1]
11526it [4:28:37 bound:126 nc:566 ncall:5.6e+06 eff:0.2% logz-ratio=34.69+/-0.11 dlogz:34.413>0.1]
11770it [4:29:44 bound:130 nc:736 ncall:5.8e+06 eff:0.2% logz-ratio=35.87+/-0.11 dlogz:32.992>0.1]
12022it [4:30:50 bound:134 nc:915 ncall:6.0e+06 eff:0.2% logz-ratio=37.15+/-0.11 dlogz:31.465>0.1]
12267it [4:31:59 bound:138 nc:664 ncall:6.2e+06 eff:0.2% logz-ratio=38.36+/-0.11 dlogz:30.022>0.1]
12513it [4:33:04 bound:142 nc:934 ncall:6.4e+06 eff:0.2% logz-ratio=39.52+/-0.11 dlogz:28.617>0.1]
12763it [4:34:08 bound:146 nc:556 ncall:6.6e+06 eff:0.2% logz-ratio=40.79+/-0.11 dlogz:27.104>0.1]
13014it [4:35:17 bound:150 nc:679 ncall:6.8e+06 eff:0.2% logz-ratio=42.12+/-0.11 dlogz:25.526>0.1]
13265it [4:36:25 bound:154 nc:743 ncall:7.0e+06 eff:0.2% logz-ratio=43.40+/-0.11 dlogz:24.006>0.1]
13509it [4:37:33 bound:158 nc:947 ncall:7.2e+06 eff:0.2% logz-ratio=44.53+/-0.12 dlogz:22.637>0.1]
13758it [4:38:37 bound:162 nc:640 ncall:7.4e+06 eff:0.2% logz-ratio=45.58+/-0.12 dlogz:21.342>0.1]
14008it [4:39:45 bound:166 nc:757 ncall:7.6e+06 eff:0.2% logz-ratio=46.54+/-0.12 dlogz:20.134>0.1]
14252it [4:40:53 bound:170 nc:728 ncall:7.8e+06 eff:0.2% logz-ratio=47.50+/-0.12 dlogz:18.936>0.1]
14506it [4:42:02 bound:174 nc:1111 ncall:8.0e+06 eff:0.2% logz-ratio=48.49+/-0.12 dlogz:17.697>0.1]
14759it [4:43:11 bound:178 nc:822 ncall:8.2e+06 eff:0.2% logz-ratio=49.47+/-0.12 dlogz:16.477>0.1]
15004it [4:44:20 bound:182 nc:831 ncall:8.4e+06 eff:0.2% logz-ratio=50.37+/-0.12 dlogz:15.337>0.1]
15248it [4:45:31 bound:186 nc:771 ncall:8.6e+06 eff:0.2% logz-ratio=51.18+/-0.12 dlogz:14.291>0.1]
15492it [4:46:39 bound:190 nc:419 ncall:8.7e+06 eff:0.2% logz-ratio=51.92+/-0.12 dlogz:13.664>0.1]
15743it [4:47:48 bound:194 nc:872 ncall:8.9e+06 eff:0.2% logz-ratio=52.68+/-0.12 dlogz:12.663>0.1]
15993it [4:48:56 bound:198 nc:1116 ncall:9.1e+06 eff:0.2% logz-ratio=53.39+/-0.12 dlogz:11.703>0.1]
16239it [4:50:06 bound:202 nc:359 ncall:9.4e+06 eff:0.2% logz-ratio=54.01+/-0.12 dlogz:11.975>0.1]
16487it [4:51:19 bound:206 nc:636 ncall:9.6e+06 eff:0.2% logz-ratio=54.59+/-0.12 dlogz:11.156>0.1]
16736it [4:52:35 bound:210 nc:840 ncall:9.8e+06 eff:0.2% logz-ratio=55.12+/-0.12 dlogz:10.378>0.1]
16985it [4:53:51 bound:214 nc:800 ncall:1.0e+07 eff:0.2% logz-ratio=55.65+/-0.12 dlogz:9.615>0.1]
17233it [4:55:05 bound:218 nc:872 ncall:1.0e+07 eff:0.2% logz-ratio=56.11+/-0.13 dlogz:8.905>0.1]
17477it [4:56:21 bound:222 nc:964 ncall:1.0e+07 eff:0.2% logz-ratio=56.54+/-0.13 dlogz:8.245>0.1]
17726it [4:57:39 bound:226 nc:586 ncall:1.1e+07 eff:0.2% logz-ratio=56.93+/-0.13 dlogz:7.605>0.1]
17972it [4:58:58 bound:230 nc:617 ncall:1.1e+07 eff:0.2% logz-ratio=57.30+/-0.13 dlogz:7.362>0.1]
18219it [5:00:19 bound:234 nc:835 ncall:1.1e+07 eff:0.2% logz-ratio=57.64+/-0.13 dlogz:6.780>0.1]
18460it [5:01:38 bound:238 nc:899 ncall:1.1e+07 eff:0.2% logz-ratio=57.95+/-0.13 dlogz:6.278>0.1]
18588it [5:02:40 bound:240 nc:1439 ncall:1.1e+07 eff:0.2% logz-ratio=58.11+/-0.13 dlogz:5.998>0.1]
18772it [5:03:44 bound:243 nc:920 ncall:1.2e+07 eff:0.2% logz-ratio=58.33+/-0.13 dlogz:5.597>0.1]
18959it [5:04:46 bound:246 nc:701 ncall:1.2e+07 eff:0.2% logz-ratio=58.55+/-0.13 dlogz:5.663>0.1]
19146it [5:05:53 bound:249 nc:1493 ncall:1.2e+07 eff:0.2% logz-ratio=58.74+/-0.13 dlogz:5.284>0.1]
19331it [5:06:57 bound:252 nc:2546 ncall:1.2e+07 eff:0.2% logz-ratio=58.92+/-0.13 dlogz:5.372>0.1]
19515it [5:08:03 bound:255 nc:734 ncall:1.2e+07 eff:0.2% logz-ratio=59.09+/-0.13 dlogz:5.030>0.1]
19700it [5:09:07 bound:258 nc:1225 ncall:1.2e+07 eff:0.2% logz-ratio=59.24+/-0.13 dlogz:4.698>0.1]
19886it [5:10:17 bound:261 nc:954 ncall:1.3e+07 eff:0.2% logz-ratio=59.39+/-0.13 dlogz:4.372>0.1]
20074it [5:11:23 bound:264 nc:1303 ncall:1.3e+07 eff:0.2% logz-ratio=59.53+/-0.13 dlogz:4.289>0.1]
20259it [5:12:29 bound:267 nc:740 ncall:1.3e+07 eff:0.2% logz-ratio=59.66+/-0.13 dlogz:4.226>0.1]
20448it [5:13:34 bound:270 nc:912 ncall:1.3e+07 eff:0.2% logz-ratio=59.77+/-0.13 dlogz:3.930>0.1]
20634it [5:14:44 bound:273 nc:1346 ncall:1.3e+07 eff:0.2% logz-ratio=59.88+/-0.13 dlogz:3.649>0.1]
20824it [5:15:56 bound:276 nc:1219 ncall:1.4e+07 eff:0.2% logz-ratio=59.98+/-0.13 dlogz:3.375>0.1]
21014it [5:17:03 bound:279 nc:996 ncall:1.4e+07 eff:0.2% logz-ratio=60.07+/-0.13 dlogz:3.111>0.1]
21199it [5:18:14 bound:282 nc:2120 ncall:1.4e+07 eff:0.2% logz-ratio=60.15+/-0.13 dlogz:2.864>0.1]
21386it [5:19:27 bound:285 nc:1121 ncall:1.4e+07 eff:0.1% logz-ratio=60.22+/-0.13 dlogz:2.622>0.1]
21574it [5:20:35 bound:288 nc:962 ncall:1.5e+07 eff:0.1% logz-ratio=60.29+/-0.13 dlogz:2.387>0.1]
21759it [5:21:49 bound:291 nc:1046 ncall:1.5e+07 eff:0.1% logz-ratio=60.36+/-0.13 dlogz:2.167>0.1]
21941it [5:23:00 bound:294 nc:851 ncall:1.5e+07 eff:0.1% logz-ratio=60.42+/-0.13 dlogz:1.959>0.1]
22126it [5:24:11 bound:297 nc:1500 ncall:1.5e+07 eff:0.1% logz-ratio=60.48+/-0.13 dlogz:1.759>0.1]
22312it [5:25:25 bound:300 nc:1021 ncall:1.5e+07 eff:0.1% logz-ratio=60.53+/-0.13 dlogz:1.635>0.1]
22497it [5:26:43 bound:303 nc:904 ncall:1.6e+07 eff:0.1% logz-ratio=60.57+/-0.13 dlogz:1.456>0.1]
22686it [5:27:59 bound:306 nc:1089 ncall:1.6e+07 eff:0.1% logz-ratio=60.62+/-0.13 dlogz:1.286>0.1]
22869it [5:29:14 bound:309 nc:1197 ncall:1.6e+07 eff:0.1% logz-ratio=60.66+/-0.13 dlogz:1.261>0.1]
23056it [5:30:31 bound:312 nc:1175 ncall:1.6e+07 eff:0.1% logz-ratio=60.70+/-0.13 dlogz:1.125>0.1]
23246it [5:31:56 bound:315 nc:1795 ncall:1.7e+07 eff:0.1% logz-ratio=60.73+/-0.13 dlogz:0.998>0.1]
23432it [5:33:15 bound:318 nc:409 ncall:1.7e+07 eff:0.1% logz-ratio=60.76+/-0.14 dlogz:0.869>0.1]
23620it [5:34:38 bound:321 nc:957 ncall:1.7e+07 eff:0.1% logz-ratio=60.79+/-0.14 dlogz:0.773>0.1]
23802it [5:36:04 bound:324 nc:1022 ncall:1.7e+07 eff:0.1% logz-ratio=60.81+/-0.14 dlogz:0.669>0.1]
23988it [5:37:24 bound:327 nc:1565 ncall:1.7e+07 eff:0.1% logz-ratio=60.84+/-0.14 dlogz:0.678>0.1]
24175it [5:38:48 bound:330 nc:1168 ncall:1.8e+07 eff:0.1% logz-ratio=60.86+/-0.14 dlogz:0.583>0.1]
24359it [5:40:15 bound:333 nc:1496 ncall:1.8e+07 eff:0.1% logz-ratio=60.87+/-0.14 dlogz:0.501>0.1]
24544it [5:41:39 bound:336 nc:692 ncall:1.8e+07 eff:0.1% logz-ratio=60.89+/-0.14 dlogz:0.428>0.1]
24729it [5:43:04 bound:339 nc:816 ncall:1.8e+07 eff:0.1% logz-ratio=60.90+/-0.14 dlogz:0.364>0.1]
24915it [5:44:31 bound:342 nc:1149 ncall:1.9e+07 eff:0.1% logz-ratio=60.92+/-0.14 dlogz:0.308>0.1]
25104it [5:45:53 bound:345 nc:2002 ncall:1.9e+07 eff:0.1% logz-ratio=60.93+/-0.14 dlogz:0.260>0.1]
25287it [5:47:21 bound:348 nc:2169 ncall:1.9e+07 eff:0.1% logz-ratio=60.94+/-0.14 dlogz:0.220>0.1]
25475it [5:48:48 bound:351 nc:1316 ncall:2.0e+07 eff:0.1% logz-ratio=60.95+/-0.14 dlogz:0.184>0.1]
25599it [5:49:49 bound:353 nc:1515 ncall:2.0e+07 eff:0.1% logz-ratio=60.96+/-0.14 dlogz:0.164>0.1]
25784it [5:51:17 bound:356 nc:2722 ncall:2.0e+07 eff:0.1% logz-ratio=60.96+/-0.14 dlogz:0.138>0.1]
25907it [5:52:18 bound:358 nc:1693 ncall:2.0e+07 eff:0.1% logz-ratio=60.97+/-0.14 dlogz:0.123>0.1]
26030it [5:53:20 bound:360 nc:982 ncall:2.0e+07 eff:0.1% logz-ratio=60.97+/-0.14 dlogz:0.109>0.1]
26156it [5:54:24 bound:362 nc:1505 ncall:2.1e+07 eff:0.1% logz-ratio=60.98+/-0.14 dlogz:0.126>0.1]
26283it [5:55:28 bound:364 nc:2090 ncall:2.1e+07 eff:0.1% logz-ratio=60.98+/-0.14 dlogz:0.112>0.1]
At this point, we cannot create a float from 0       1.486264
1       1.486531
2       1.486719
3       1.486702
4       1.486909
          ...   
5472    1.486720
5473    1.486779
5474    1.486807
5475    1.486706
5476    1.486753
Name: chirp_mass, Length: 5477, dtype: float64, error: cannot convert the series to <class 'float'>
At this point, we cannot create a float from 0       0.767558
1       0.820984
2       0.969242
3       0.745211
4       0.810246
          ...   
5472    0.835717
5473    0.977476
5474    0.693821
5475    0.916385
5476    0.776646
Name: mass_ratio, Length: 5477, dtype: float64, error: cannot convert the series to <class 'float'>
At this point, we cannot create a float from 0        39.396954
1       113.527870
2        96.566711
3       113.262444
4        88.588814
           ...    
5472     92.354271
5473    262.059296
5474     71.421425
5475    165.711884
5476    112.018211
Name: lambda_1, Length: 5477, dtype: float64, error: cannot convert the series to <class 'float'>
At this point, we cannot create a float from 0       311.992676
1       439.867432
2       118.794945
3       680.819824
4       334.604797
           ...    
5472    339.343567
5473    301.482330
5474    726.147583
5475    293.543701
5476    546.468201
Name: lambda_2, Length: 5477, dtype: float64, error: cannot convert the series to <class 'float'>
At this point, we cannot create a float from 0       176.005630
1       231.465256
2       141.535858
3       196.925461
4       230.564926
           ...    
5472    165.217682
5473    134.783112
5474    108.668068
5475    121.710884
5476    158.133224
Name: luminosity_distance, Length: 5477, dtype: float64, error: cannot convert the series to <class 'float'>
Skipped taking the float value from [4.75782108 5.20411777 5.69407463 ... 2.36712456 4.81833267
 3.71260309], error: only length-1 arrays can be converted to Python scalars
At this point, we cannot create a float from [1.48605525 1.48605954 1.48606383 ... 1.48732854 1.48733283
 1.48733711], error: only length-1 arrays can be converted to Python scalars
At this point, we cannot create a float from [0.6117143  0.61301137 0.61430844 ... 0.99694292 0.99823998
 0.99953705], error: only length-1 arrays can be converted to Python scalars
At this point, we cannot create a float from [  5.4414835    7.39280188   9.34412027 ... 584.98304438
 586.93436277 588.88568115], error: only length-1 arrays can be converted to Python scalars
At this point, we cannot create a float from [ 81.32129669  84.22899028  87.13668387 ... 944.90629251
 947.8139861  950.72167969], error: only length-1 arrays can be converted to Python scalars
At this point, we cannot create a float from [ 36.93372345  37.7407421   38.54776075 ... 276.6182625
 277.42528115 278.2322998 ], error: only length-1 arrays can be converted to Python scalars
Skipped taking the float value from [-27.93264771 -27.46827316 -26.98968124 ... -60.47641373
 -60.61995697 -60.77853394], error: only length-1 arrays can be converted to Python scalars
