000 (2563242.000.000) 2025-07-28 10:05:39 Job submitted from host: <145.107.7.246:9618?addrs=145.107.7.246-9618+[2a07-8500-120-e070--3f6]-9618&alias=taai-007.nikhef.nl&noUDP&sock=schedd_2614_90a7>
    DAG Node: run_a
...
000 (2563243.000.000) 2025-07-28 10:05:39 Job submitted from host: <145.107.7.246:9618?addrs=145.107.7.246-9618+[2a07-8500-120-e070--3f6]-9618&alias=taai-007.nikhef.nl&noUDP&sock=schedd_2614_90a7>
    DAG Node: run_b
...
000 (2563244.000.000) 2025-07-28 10:05:39 Job submitted from host: <145.107.7.246:9618?addrs=145.107.7.246-9618+[2a07-8500-120-e070--3f6]-9618&alias=taai-007.nikhef.nl&noUDP&sock=schedd_2614_90a7>
    DAG Node: run_c
...
001 (2563242.000.000) 2025-07-28 10:06:47 Job executing on host: <145.107.5.60:9618?addrs=145.107.5.60-9618+[2a07-8500-120-e070--53c]-9618&alias=wn-lot-060.nikhef.nl&noUDP&sock=startd_1953_2c8d>
	SlotName: slot1_1@wn-lot-060.nikhef.nl
	CondorScratchDir = "/scratch/condor_execute/dir_2279406"
	Cpus = 64
	Disk = 16780536
	GPUs = 0
	Memory = 16384
...
001 (2563243.000.000) 2025-07-28 10:06:47 Job executing on host: <145.107.5.54:9618?addrs=145.107.5.54-9618+[2a07-8500-120-e070--536]-9618&alias=wn-lot-054.nikhef.nl&noUDP&sock=startd_1930_65df>
	SlotName: slot1_1@wn-lot-054.nikhef.nl
	CondorScratchDir = "/scratch/condor_execute/dir_3462208"
	Cpus = 64
	Disk = 16780558
	GPUs = 0
	Memory = 16384
...
001 (2563244.000.000) 2025-07-28 10:06:47 Job executing on host: <145.107.5.38:9618?addrs=145.107.5.38-9618+[2a07-8500-120-e070--526]-9618&alias=wn-lot-038.nikhef.nl&noUDP&sock=startd_1952_7cf5>
	SlotName: slot1_1@wn-lot-038.nikhef.nl
	CondorScratchDir = "/scratch/condor_execute/dir_2692208"
	Cpus = 64
	Disk = 16780552
	GPUs = 0
	Memory = 16384
...
005 (2563244.000.000) 2025-07-28 10:07:51 Job terminated.
	(1) Normal termination (return value 1)
		Usr 0 00:01:07, Sys 0 00:00:07  -  Run Remote Usage
		Usr 0 00:00:00, Sys 0 00:00:00  -  Run Local Usage
		Usr 0 00:01:07, Sys 0 00:00:07  -  Total Remote Usage
		Usr 0 00:00:00, Sys 0 00:00:00  -  Total Local Usage
	0  -  Run Bytes Sent By Job
	0  -  Run Bytes Received By Job
	0  -  Total Bytes Sent By Job
	0  -  Total Bytes Received By Job
	Partitionable Resources :    Usage  Request Allocated 
	   Cpus                 :     1.00       64        64 
	   Disk (KB)            : 17500    16777216  16780552 
	   GPUs                 :                           0 
	   Memory (MB)          :   563       16384     16384 
	   TimeExecute (s)      :    64                       
	   TimeSlotBusy (s)     :    65                       

	Job terminated of its own accord at 2025-07-28T08:07:51Z with exit-code 1.
...
005 (2563243.000.000) 2025-07-28 10:07:52 Job terminated.
	(1) Normal termination (return value 1)
		Usr 0 00:01:07, Sys 0 00:00:07  -  Run Remote Usage
		Usr 0 00:00:00, Sys 0 00:00:00  -  Run Local Usage
		Usr 0 00:01:07, Sys 0 00:00:07  -  Total Remote Usage
		Usr 0 00:00:00, Sys 0 00:00:00  -  Total Local Usage
	0  -  Run Bytes Sent By Job
	0  -  Run Bytes Received By Job
	0  -  Total Bytes Sent By Job
	0  -  Total Bytes Received By Job
	Partitionable Resources :    Usage  Request Allocated 
	   Cpus                 :     1.00       64        64 
	   Disk (KB)            : 17500    16777216  16780558 
	   GPUs                 :                           0 
	   Memory (MB)          :   559       16384     16384 
	   TimeExecute (s)      :    65                       
	   TimeSlotBusy (s)     :    66                       

	Job terminated of its own accord at 2025-07-28T08:07:52Z with exit-code 1.
...
005 (2563242.000.000) 2025-07-28 10:07:52 Job terminated.
	(1) Normal termination (return value 1)
		Usr 0 00:01:07, Sys 0 00:00:07  -  Run Remote Usage
		Usr 0 00:00:00, Sys 0 00:00:00  -  Run Local Usage
		Usr 0 00:01:07, Sys 0 00:00:07  -  Total Remote Usage
		Usr 0 00:00:00, Sys 0 00:00:00  -  Total Local Usage
	0  -  Run Bytes Sent By Job
	0  -  Run Bytes Received By Job
	0  -  Total Bytes Sent By Job
	0  -  Total Bytes Received By Job
	Partitionable Resources :    Usage  Request Allocated 
	   Cpus                 :     1.00       64        64 
	   Disk (KB)            : 17500    16777216  16780536 
	   GPUs                 :                           0 
	   Memory (MB)          :   559       16384     16384 
	   TimeExecute (s)      :    65                       
	   TimeSlotBusy (s)     :    66                       

	Job terminated of its own accord at 2025-07-28T08:07:52Z with exit-code 1.
...
