07/27/25 23:45:15 ******************************************************
07/27/25 23:45:15 ** condor_scheduniv_exec.2560973.0 (CONDOR_DAGMAN) STARTING UP
07/27/25 23:45:15 ** /usr/bin/condor_dagman
07/27/25 23:45:15 ** SubsystemInfo: name=DAGMAN type=DAGMAN(9) class=CLIENT(2)
07/27/25 23:45:15 ** Configuration: subsystem:DAGMAN local:<NONE> class:CLIENT
07/27/25 23:45:15 ** $CondorVersion: 24.6.0 2025-03-05 BuildID: 790852 PackageID: 24.6.0-1+deb12 $
07/27/25 23:45:15 ** $CondorPlatform: X86_64-Debian_12 $
07/27/25 23:45:15 ** PID = 3882409 RealUID = 10896
07/27/25 23:45:15 ** Log last touched time unavailable (No such file or directory)
07/27/25 23:45:15 ******************************************************
07/27/25 23:45:15 Using config source: /etc/condor/condor_config
07/27/25 23:45:15 Using local config sources: 
07/27/25 23:45:15    /etc/condor/config.d/00-security
07/27/25 23:45:15    /etc/condor/config.d/01-submit.config
07/27/25 23:45:15    /etc/condor/config.d/10-stash-plugin.conf
07/27/25 23:45:15    /etc/condor/config.d/49-common.config
07/27/25 23:45:15    /etc/condor/config.d/50-security.config
07/27/25 23:45:15    /etc/condor/config.d/60-job-container.config
07/27/25 23:45:15    /etc/condor/config.d/61-job-categories.config
07/27/25 23:45:15    /etc/condor/config.d/62-job-accounting-group.config
07/27/25 23:45:15    /etc/condor/config.d/96-concurrency-transform.config
07/27/25 23:45:15    /etc/condor/config.d/97-sign-attrs.config
07/27/25 23:45:15    /etc/condor/config.d/99-curbstomp.config
07/27/25 23:45:15    /etc/condor/condor_config.local
07/27/25 23:45:15 config Macros = 155, Sorted = 155, StringBytes = 12257, TablesBytes = 5708
07/27/25 23:45:15 CLASSAD_CACHING is ENABLED
07/27/25 23:45:15 Daemon Log is logging: D_ALWAYS D_ERROR D_STATUS
07/27/25 23:45:15 DaemonCore: No command port requested.
07/27/25 23:45:15 DAGMAN_USE_STRICT setting: 1
07/27/25 23:45:15 DAGMAN_VERBOSITY setting: 3
07/27/25 23:45:15 DAGMAN_DEBUG_CACHE_SIZE setting: 5242880
07/27/25 23:45:15 DAGMAN_DEBUG_CACHE_ENABLE setting: False
07/27/25 23:45:15 DAGMAN_SUBMIT_DELAY setting: 0
07/27/25 23:45:15 DAGMAN_MAX_SUBMIT_ATTEMPTS setting: 6
07/27/25 23:45:15 DAGMAN_STARTUP_CYCLE_DETECT setting: False
07/27/25 23:45:15 DAGMAN_USE_JOIN_NODES setting: True
07/27/25 23:45:15 DAGMAN_REPORT_GRAPH_METRICS setting: False
07/27/25 23:45:15 DAGMAN_MAX_SUBMITS_PER_INTERVAL setting: 100
07/27/25 23:45:15 DAGMAN_AGGRESSIVE_SUBMIT setting: False
07/27/25 23:45:15 DAGMAN_USER_LOG_SCAN_INTERVAL setting: 5
07/27/25 23:45:15 DAGMAN_QUEUE_UPDATE_INTERVAL setting: 300.000000
07/27/25 23:45:15 DAGMAN_DEFAULT_PRIORITY setting: 0
07/27/25 23:45:15 DAGMAN_SUPPRESS_NOTIFICATION setting: False
07/27/25 23:45:15 allow_events (DAGMAN_ALLOW_EVENTS) setting: 114
07/27/25 23:45:15 DAGMAN_RETRY_SUBMIT_FIRST setting: True
07/27/25 23:45:15 DAGMAN_RETRY_NODE_FIRST setting: False
07/27/25 23:45:15 DAGMAN_MAX_JOBS_IDLE setting: 1000
07/27/25 23:45:15 DAGMAN_MAX_JOBS_SUBMITTED setting: 0
07/27/25 23:45:15 DAGMAN_MAX_PRE_SCRIPTS setting: 20
07/27/25 23:45:15 DAGMAN_MAX_POST_SCRIPTS setting: 20
07/27/25 23:45:15 DAGMAN_MAX_HOLD_SCRIPTS setting: 20
07/27/25 23:45:15 DAGMAN_MUNGE_NODE_NAMES setting: True
07/27/25 23:45:15 DAGMAN_ALLOW_ANY_NODE_NAME_CHARACTERS setting: False
07/27/25 23:45:15 DAGMAN_PROHIBIT_MULTI_JOBS setting: False
07/27/25 23:45:15 DAGMAN_SUBMIT_DEPTH_FIRST setting: False
07/27/25 23:45:15 DAGMAN_ALWAYS_RUN_POST setting: False
07/27/25 23:45:15 DAGMAN_CONDOR_SUBMIT_EXE setting: /usr/bin/condor_submit
07/27/25 23:45:15 DAGMAN_CONDOR_RM_EXE setting: /usr/bin/condor_rm
07/27/25 23:45:15 DAGMAN_USE_DIRECT_SUBMIT setting: True
07/27/25 23:45:15 DAGMAN_PRODUCE_JOB_CREDENTIALS setting: True
07/27/25 23:45:15 DAGMAN_DEFAULT_APPEND_VARS setting: False
07/27/25 23:45:15 DAGMAN_INHERIT_ATTRS_PREFIX setting: 
07/27/25 23:45:15 DAGMAN_INHERIT_ATTRS setting: 
07/27/25 23:45:15 DAGMAN_ABORT_DUPLICATES setting: True
07/27/25 23:45:15 DAGMAN_ABORT_ON_SCARY_SUBMIT setting: True
07/27/25 23:45:15 DAGMAN_PENDING_REPORT_INTERVAL setting: 600
07/27/25 23:45:15 DAGMAN_CHECK_QUEUE_INTERVAL setting: 28800
07/27/25 23:45:15 DAGMAN_PRINT_JOB_TABLE_INTERVAL setting: 900
07/27/25 23:45:15 DAGMAN_AUTO_RESCUE setting: True
07/27/25 23:45:15 DAGMAN_MAX_RESCUE_NUM setting: 100
07/27/25 23:45:15 DAGMAN_WRITE_PARTIAL_RESCUE setting: True
07/27/25 23:45:15 DAGMAN_RESET_RETRIES_UPON_RESCUE setting: True
07/27/25 23:45:15 DAGMAN_METRICS_FILE_VERSION setting: 2
07/27/25 23:45:15 DAGMAN_DEFAULT_NODE_LOG setting: @(DAG_DIR)/@(DAG_FILE).nodes.log
07/27/25 23:45:15 DAGMAN_LOG_ON_NFS_IS_ERROR setting: False
07/27/25 23:45:15 DAGMAN_GENERATE_SUBDAG_SUBMITS setting: True
07/27/25 23:45:15 DAGMAN_MAX_JOB_HOLDS setting: 100
07/27/25 23:45:15 DAGMAN_HOLD_CLAIM_TIME setting: 20
07/27/25 23:45:15 DAGMAN_SUPPRESS_JOB_LOGS setting: False
07/27/25 23:45:15 DAGMAN_REMOVE_NODE_JOBS setting: True
07/27/25 23:45:15 DAGMAN_PUT_FAILED_JOBS_ON_HOLD setting: False
07/27/25 23:45:15 DAGMAN_REMOVE_JOBS_AFTER_LIMIT_CHANGE setting: False
07/27/25 23:45:15 DAGMAN will adjust edges after parsing
07/27/25 23:45:15 argv[0] == "condor_scheduniv_exec.2560973.0"
07/27/25 23:45:15 argv[1] == "-Lockfile"
07/27/25 23:45:15 argv[2] == "GW170817_bns_jester/dag/run.dag.lock"
07/27/25 23:45:15 argv[3] == "-Dag"
07/27/25 23:45:15 argv[4] == "GW170817_bns_jester/dag/run.dag"
07/27/25 23:45:15 argv[5] == "-MaxIdle"
07/27/25 23:45:15 argv[6] == "1000"
07/27/25 23:45:15 argv[7] == "-CsdVersion"
07/27/25 23:45:15 argv[8] == "$CondorVersion: 24.6.0 2025-03-05 BuildID: 790852 PackageID: 24.6.0-1 $"
07/27/25 23:45:15 argv[9] == "-dagman"
07/27/25 23:45:15 argv[10] == "/bin/condor_dagman"
07/27/25 23:45:15 argv[11] == "-AutoRescue"
07/27/25 23:45:15 argv[12] == "1"
07/27/25 23:45:15 argv[13] == "-DoRescueFrom"
07/27/25 23:45:15 argv[14] == "0"
07/27/25 23:45:15 Can't open directory "/etc/condor/passwords.d" as PRIV_ROOT, errno: 13 (Permission denied)
07/27/25 23:45:15 Can't open directory "/etc/condor/passwords.d" as PRIV_ROOT, errno: 13 (Permission denied)
07/27/25 23:45:15 Workflow batch-id: <2560973.0>
07/27/25 23:45:15 Workflow batch-name: <run.dag+2560973>
07/27/25 23:45:15 Workflow accounting_group: <>
07/27/25 23:45:15 Workflow accounting_group_user: <twouters>
07/27/25 23:45:15 Warning: failed to get attribute DAGNodeName
07/27/25 23:45:15 Default node log file is: </data/gravwav/twouters/projects/eos_source_classification/eos_source_classification/injections/GW170817_bns_jester/dag/run.dag.nodes.log>
07/27/25 23:45:15 DAG Lockfile will be written to GW170817_bns_jester/dag/run.dag.lock
07/27/25 23:45:15 DAG Input file is GW170817_bns_jester/dag/run.dag
07/27/25 23:45:15 Parsing 1 dagfiles
07/27/25 23:45:15 Parsing GW170817_bns_jester/dag/run.dag ...
07/27/25 23:45:15 Adjusting edges
07/27/25 23:45:15 Dag contains 3 total nodes
07/27/25 23:45:15 Bootstrapping...
07/27/25 23:45:15 Number of pre-completed nodes: 0
07/27/25 23:45:15 MultiLogFiles: truncating log file /data/gravwav/twouters/projects/eos_source_classification/eos_source_classification/injections/GW170817_bns_jester/dag/run.dag.nodes.log
07/27/25 23:45:15 DAG status: 0 (DAG_STATUS_OK)
07/27/25 23:45:15 Of 3 nodes total:
07/27/25 23:45:15  Done     Pre   Queued    Post   Ready   Un-Ready   Failed   Futile
07/27/25 23:45:15   ===     ===      ===     ===     ===        ===      ===      ===
07/27/25 23:45:15     0       0        0       0       3          0        0        0
07/27/25 23:45:15 0 job proc(s) currently held
07/27/25 23:45:15 DAGMan Runtime Statistics: [EventCycleTimeSum=0.000; SleepCycleTimeSum=0.000; SubmitCycleTimeSum=0.000; EventCycleTimeCount=0.000; SleepCycleTimeCount=0.000; SubmitCycleTimeCount=0.000; LogProcessCycleTimeSum=0.000; LogProcessCycleTimeCount=0.000; ]
07/27/25 23:45:15 Registering condor_event_timer...
07/27/25 23:45:16 Submitting HTCondor Node run_a job(s)...
07/27/25 23:45:16 Submitting node run_a from file /data/gravwav/twouters/projects/eos_source_classification/eos_source_classification/injections/analysis.sub using direct job submission
07/27/25 23:45:16 	assigned HTCondor ID (2560974.0.0)
07/27/25 23:45:16 Submitting HTCondor Node run_b job(s)...
07/27/25 23:45:16 Submitting node run_b from file /data/gravwav/twouters/projects/eos_source_classification/eos_source_classification/injections/analysis.sub using direct job submission
07/27/25 23:45:16 	assigned HTCondor ID (2560975.0.0)
07/27/25 23:45:16 Submitting HTCondor Node run_c job(s)...
07/27/25 23:45:16 Submitting node run_c from file /data/gravwav/twouters/projects/eos_source_classification/eos_source_classification/injections/analysis.sub using direct job submission
07/27/25 23:45:16 	assigned HTCondor ID (2560976.0.0)
07/27/25 23:45:16 Just submitted 3 jobs this cycle...
07/27/25 23:45:16 DAG status: 0 (DAG_STATUS_OK)
07/27/25 23:45:16 Of 3 nodes total:
07/27/25 23:45:16  Done     Pre   Queued    Post   Ready   Un-Ready   Failed   Futile
07/27/25 23:45:16   ===     ===      ===     ===     ===        ===      ===      ===
07/27/25 23:45:16     0       0        3       0       0          0        0        0
07/27/25 23:45:16 0 job proc(s) currently held
07/27/25 23:45:16 DAGMan Runtime Statistics: [EventCycleTimeSum=0.000; SleepCycleTimeSum=0.000; SubmitCycleTimeAvg=0.037; SubmitCycleTimeMax=0.037; SubmitCycleTimeMin=0.037; SubmitCycleTimeStd=0.037; SubmitCycleTimeSum=0.037; EventCycleTimeCount=0.000; SleepCycleTimeCount=0.000; SubmitCycleTimeCount=1.000; LogProcessCycleTimeSum=0.000; LogProcessCycleTimeCount=0.000; ]
07/27/25 23:45:21 Currently monitoring 1 HTCondor log file(s)
07/27/25 23:45:21 Reassigning the id of job run_a from (2560974.0.0) to (2560974.0.0)
07/27/25 23:45:21 Event: ULOG_SUBMIT for HTCondor Node run_a (2560974.0.0) {07/27/25 23:45:16}
07/27/25 23:45:21 Number of idle job procs: 1
07/27/25 23:45:21 Reassigning the id of job run_b from (2560975.0.0) to (2560975.0.0)
07/27/25 23:45:21 Event: ULOG_SUBMIT for HTCondor Node run_b (2560975.0.0) {07/27/25 23:45:16}
07/27/25 23:45:21 Number of idle job procs: 2
07/27/25 23:45:21 Reassigning the id of job run_c from (2560976.0.0) to (2560976.0.0)
07/27/25 23:45:21 Event: ULOG_SUBMIT for HTCondor Node run_c (2560976.0.0) {07/27/25 23:45:16}
07/27/25 23:45:21 Number of idle job procs: 3
07/27/25 23:45:41 Currently monitoring 1 HTCondor log file(s)
07/27/25 23:45:41 Event: ULOG_EXECUTE for HTCondor Node run_a (2560974.0.0) {07/27/25 23:45:37}
07/27/25 23:45:41 Number of idle job procs: 2
07/27/25 23:45:41 Event: ULOG_EXECUTE for HTCondor Node run_b (2560975.0.0) {07/27/25 23:45:37}
07/27/25 23:45:41 Number of idle job procs: 1
07/27/25 23:45:41 Event: ULOG_EXECUTE for HTCondor Node run_c (2560976.0.0) {07/27/25 23:45:37}
07/27/25 23:45:41 Number of idle job procs: 0
