000 (2589198.000.000) 2025-08-10 12:49:21 Job submitted from host: <145.107.7.246:9618?addrs=145.107.7.246-9618+[2a07-8500-120-e070--3f6]-9618&alias=taai-007.nikhef.nl&noUDP&sock=schedd_2614_90a7>
    DAG Node: run_g
...
001 (2589198.000.000) 2025-08-12 14:30:50 Job executing on host: <145.107.4.168:9618?addrs=145.107.4.168-9618+[2a07-8500-120-e070--a8]-9618&alias=wn-pijl-007.nikhef.nl&noUDP&sock=startd_4419_a519>
	SlotName: slot1_2@wn-pijl-007.nikhef.nl
	AvailableGPUs = {  }
	CondorScratchDir = "/scratch/condor_execute/dir_1304942"
	Cpus = 64
	Disk = 16790397
	GPUs = 0
	Memory = 16384
...
006 (2589198.000.000) 2025-08-12 14:31:03 Image size of job updated: 364612
	357  -  MemoryUsage of job (MB)
	364612  -  ResidentSetSize of job (KB)
...
006 (2589198.000.000) 2025-08-12 14:36:03 Image size of job updated: 1651760
	1614  -  MemoryUsage of job (MB)
	1651760  -  ResidentSetSize of job (KB)
...
006 (2589198.000.000) 2025-08-12 14:41:04 Image size of job updated: 1677844
	1639  -  MemoryUsage of job (MB)
	1677844  -  ResidentSetSize of job (KB)
...
006 (2589198.000.000) 2025-08-12 14:46:04 Image size of job updated: 1688184
	1649  -  MemoryUsage of job (MB)
	1688184  -  ResidentSetSize of job (KB)
...
006 (2589198.000.000) 2025-08-12 14:51:04 Image size of job updated: 1695008
	1656  -  MemoryUsage of job (MB)
	1695008  -  ResidentSetSize of job (KB)
...
006 (2589198.000.000) 2025-08-12 14:56:05 Image size of job updated: 1702520
	1663  -  MemoryUsage of job (MB)
	1702520  -  ResidentSetSize of job (KB)
...
006 (2589198.000.000) 2025-08-12 15:01:05 Image size of job updated: 1712344
	1673  -  MemoryUsage of job (MB)
	1712344  -  ResidentSetSize of job (KB)
...
006 (2589198.000.000) 2025-08-12 15:06:05 Image size of job updated: 1717856
	1678  -  MemoryUsage of job (MB)
	1717856  -  ResidentSetSize of job (KB)
...
006 (2589198.000.000) 2025-08-12 15:11:06 Image size of job updated: 1722708
	1683  -  MemoryUsage of job (MB)
	1722708  -  ResidentSetSize of job (KB)
...
006 (2589198.000.000) 2025-08-12 15:16:06 Image size of job updated: 1726272
	1686  -  MemoryUsage of job (MB)
	1726272  -  ResidentSetSize of job (KB)
...
006 (2589198.000.000) 2025-08-12 15:21:06 Image size of job updated: 1728956
	1689  -  MemoryUsage of job (MB)
	1728956  -  ResidentSetSize of job (KB)
...
006 (2589198.000.000) 2025-08-12 15:26:07 Image size of job updated: 1733508
	1693  -  MemoryUsage of job (MB)
	1733508  -  ResidentSetSize of job (KB)
...
006 (2589198.000.000) 2025-08-12 15:31:08 Image size of job updated: 1736416
	1696  -  MemoryUsage of job (MB)
	1736416  -  ResidentSetSize of job (KB)
...
006 (2589198.000.000) 2025-08-12 15:36:08 Image size of job updated: 2198236
	2147  -  MemoryUsage of job (MB)
	2198236  -  ResidentSetSize of job (KB)
...
006 (2589198.000.000) 2025-08-12 15:41:09 Image size of job updated: 2200572
	2149  -  MemoryUsage of job (MB)
	2200572  -  ResidentSetSize of job (KB)
...
006 (2589198.000.000) 2025-08-12 15:46:10 Image size of job updated: 2203020
	2152  -  MemoryUsage of job (MB)
	2203020  -  ResidentSetSize of job (KB)
...
006 (2589198.000.000) 2025-08-12 15:51:10 Image size of job updated: 2205540
	2154  -  MemoryUsage of job (MB)
	2205540  -  ResidentSetSize of job (KB)
...
006 (2589198.000.000) 2025-08-12 15:56:11 Image size of job updated: 2208104
	2157  -  MemoryUsage of job (MB)
	2208104  -  ResidentSetSize of job (KB)
...
006 (2589198.000.000) 2025-08-12 16:01:12 Image size of job updated: 2209112
	2158  -  MemoryUsage of job (MB)
	2209112  -  ResidentSetSize of job (KB)
...
006 (2589198.000.000) 2025-08-12 16:06:12 Image size of job updated: 2213004
	2162  -  MemoryUsage of job (MB)
	2213004  -  ResidentSetSize of job (KB)
...
006 (2589198.000.000) 2025-08-12 16:11:13 Image size of job updated: 2217992
	2167  -  MemoryUsage of job (MB)
	2217992  -  ResidentSetSize of job (KB)
...
006 (2589198.000.000) 2025-08-12 16:16:14 Image size of job updated: 2219752
	2168  -  MemoryUsage of job (MB)
	2219752  -  ResidentSetSize of job (KB)
...
006 (2589198.000.000) 2025-08-12 16:21:14 Image size of job updated: 2222272
	2171  -  MemoryUsage of job (MB)
	2222272  -  ResidentSetSize of job (KB)
...
006 (2589198.000.000) 2025-08-12 16:26:15 Image size of job updated: 2227364
	2176  -  MemoryUsage of job (MB)
	2227364  -  ResidentSetSize of job (KB)
...
006 (2589198.000.000) 2025-08-12 16:31:16 Image size of job updated: 2231236
	2179  -  MemoryUsage of job (MB)
	2231236  -  ResidentSetSize of job (KB)
...
006 (2589198.000.000) 2025-08-12 16:36:16 Image size of job updated: 2363392
	2231  -  MemoryUsage of job (MB)
	2284200  -  ResidentSetSize of job (KB)
...
006 (2589198.000.000) 2025-08-12 16:41:17 Image size of job updated: 2363392
	2232  -  MemoryUsage of job (MB)
	2285540  -  ResidentSetSize of job (KB)
...
006 (2589198.000.000) 2025-08-12 16:46:18 Image size of job updated: 2363392
	2233  -  MemoryUsage of job (MB)
	2286212  -  ResidentSetSize of job (KB)
...
006 (2589198.000.000) 2025-08-12 16:51:18 Image size of job updated: 2363392
	2235  -  MemoryUsage of job (MB)
	2287628  -  ResidentSetSize of job (KB)
...
006 (2589198.000.000) 2025-08-12 16:56:19 Image size of job updated: 2363392
	2235  -  MemoryUsage of job (MB)
	2288480  -  ResidentSetSize of job (KB)
...
006 (2589198.000.000) 2025-08-12 17:01:20 Image size of job updated: 2363392
	2236  -  MemoryUsage of job (MB)
	2289052  -  ResidentSetSize of job (KB)
...
006 (2589198.000.000) 2025-08-12 17:06:20 Image size of job updated: 2363392
	2237  -  MemoryUsage of job (MB)
	2289668  -  ResidentSetSize of job (KB)
...
006 (2589198.000.000) 2025-08-12 17:11:20 Image size of job updated: 2363392
	2239  -  MemoryUsage of job (MB)
	2292072  -  ResidentSetSize of job (KB)
...
006 (2589198.000.000) 2025-08-12 17:16:21 Image size of job updated: 2363392
	2239  -  MemoryUsage of job (MB)
	2292544  -  ResidentSetSize of job (KB)
...
006 (2589198.000.000) 2025-08-12 17:21:21 Image size of job updated: 2363392
	2240  -  MemoryUsage of job (MB)
	2292996  -  ResidentSetSize of job (KB)
...
006 (2589198.000.000) 2025-08-12 17:26:21 Image size of job updated: 2363392
	2240  -  MemoryUsage of job (MB)
	2293492  -  ResidentSetSize of job (KB)
...
006 (2589198.000.000) 2025-08-12 17:31:22 Image size of job updated: 2363392
	2241  -  MemoryUsage of job (MB)
	2293916  -  ResidentSetSize of job (KB)
...
006 (2589198.000.000) 2025-08-12 17:36:22 Image size of job updated: 2460304
	2342  -  MemoryUsage of job (MB)
	2397836  -  ResidentSetSize of job (KB)
...
006 (2589198.000.000) 2025-08-12 17:41:22 Image size of job updated: 2460304
	2343  -  MemoryUsage of job (MB)
	2398660  -  ResidentSetSize of job (KB)
...
006 (2589198.000.000) 2025-08-12 17:46:23 Image size of job updated: 2460304
	2343  -  MemoryUsage of job (MB)
	2399220  -  ResidentSetSize of job (KB)
...
006 (2589198.000.000) 2025-08-12 17:51:23 Image size of job updated: 2460304
	2344  -  MemoryUsage of job (MB)
	2399672  -  ResidentSetSize of job (KB)
...
006 (2589198.000.000) 2025-08-12 17:56:23 Image size of job updated: 2460304
	2344  -  MemoryUsage of job (MB)
	2400140  -  ResidentSetSize of job (KB)
...
006 (2589198.000.000) 2025-08-12 18:01:24 Image size of job updated: 2460304
	2345  -  MemoryUsage of job (MB)
	2400612  -  ResidentSetSize of job (KB)
...
006 (2589198.000.000) 2025-08-12 18:06:24 Image size of job updated: 2460304
	2345  -  MemoryUsage of job (MB)
	2401124  -  ResidentSetSize of job (KB)
...
006 (2589198.000.000) 2025-08-12 18:11:24 Image size of job updated: 2460304
	2348  -  MemoryUsage of job (MB)
	2403912  -  ResidentSetSize of job (KB)
...
006 (2589198.000.000) 2025-08-12 18:16:25 Image size of job updated: 2460304
	2349  -  MemoryUsage of job (MB)
	2404880  -  ResidentSetSize of job (KB)
...
006 (2589198.000.000) 2025-08-12 18:21:26 Image size of job updated: 2460304
	2350  -  MemoryUsage of job (MB)
	2406044  -  ResidentSetSize of job (KB)
...
006 (2589198.000.000) 2025-08-12 18:26:26 Image size of job updated: 2460304
	2355  -  MemoryUsage of job (MB)
	2411112  -  ResidentSetSize of job (KB)
...
006 (2589198.000.000) 2025-08-12 18:31:27 Image size of job updated: 2460304
	2357  -  MemoryUsage of job (MB)
	2412936  -  ResidentSetSize of job (KB)
...
006 (2589198.000.000) 2025-08-12 18:36:28 Image size of job updated: 2586664
	2376  -  MemoryUsage of job (MB)
	2432260  -  ResidentSetSize of job (KB)
...
006 (2589198.000.000) 2025-08-12 18:41:28 Image size of job updated: 2586664
	2376  -  MemoryUsage of job (MB)
	2432604  -  ResidentSetSize of job (KB)
...
006 (2589198.000.000) 2025-08-12 18:46:29 Image size of job updated: 2586664
	2376  -  MemoryUsage of job (MB)
	2432960  -  ResidentSetSize of job (KB)
...
006 (2589198.000.000) 2025-08-12 18:51:30 Image size of job updated: 2586664
	2377  -  MemoryUsage of job (MB)
	2433280  -  ResidentSetSize of job (KB)
...
006 (2589198.000.000) 2025-08-12 18:56:30 Image size of job updated: 2586664
	2377  -  MemoryUsage of job (MB)
	2433612  -  ResidentSetSize of job (KB)
...
006 (2589198.000.000) 2025-08-12 19:01:31 Image size of job updated: 2586664
	2377  -  MemoryUsage of job (MB)
	2433940  -  ResidentSetSize of job (KB)
...
006 (2589198.000.000) 2025-08-12 19:06:32 Image size of job updated: 2586664
	2378  -  MemoryUsage of job (MB)
	2434208  -  ResidentSetSize of job (KB)
...
006 (2589198.000.000) 2025-08-12 19:11:32 Image size of job updated: 2586664
	2378  -  MemoryUsage of job (MB)
	2434552  -  ResidentSetSize of job (KB)
...
006 (2589198.000.000) 2025-08-12 19:16:33 Image size of job updated: 2586664
	2378  -  MemoryUsage of job (MB)
	2434868  -  ResidentSetSize of job (KB)
...
006 (2589198.000.000) 2025-08-12 19:21:34 Image size of job updated: 2586664
	2379  -  MemoryUsage of job (MB)
	2435144  -  ResidentSetSize of job (KB)
...
006 (2589198.000.000) 2025-08-12 19:26:34 Image size of job updated: 2586664
	2379  -  MemoryUsage of job (MB)
	2435416  -  ResidentSetSize of job (KB)
...
006 (2589198.000.000) 2025-08-12 19:31:35 Image size of job updated: 2586664
	2379  -  MemoryUsage of job (MB)
	2435712  -  ResidentSetSize of job (KB)
...
006 (2589198.000.000) 2025-08-12 19:36:36 Image size of job updated: 2669212
	2443  -  MemoryUsage of job (MB)
	2501404  -  ResidentSetSize of job (KB)
...
006 (2589198.000.000) 2025-08-12 19:41:36 Image size of job updated: 2669212
	2444  -  MemoryUsage of job (MB)
	2501688  -  ResidentSetSize of job (KB)
...
006 (2589198.000.000) 2025-08-12 19:46:37 Image size of job updated: 2669212
	2444  -  MemoryUsage of job (MB)
	2501936  -  ResidentSetSize of job (KB)
...
006 (2589198.000.000) 2025-08-12 19:51:38 Image size of job updated: 2669212
	2445  -  MemoryUsage of job (MB)
	2502716  -  ResidentSetSize of job (KB)
...
006 (2589198.000.000) 2025-08-12 19:56:38 Image size of job updated: 2669212
	2445  -  MemoryUsage of job (MB)
	2503000  -  ResidentSetSize of job (KB)
...
006 (2589198.000.000) 2025-08-12 20:01:39 Image size of job updated: 2669212
	2445  -  MemoryUsage of job (MB)
	2503220  -  ResidentSetSize of job (KB)
...
006 (2589198.000.000) 2025-08-12 20:06:40 Image size of job updated: 2669212
	2445  -  MemoryUsage of job (MB)
	2503476  -  ResidentSetSize of job (KB)
...
006 (2589198.000.000) 2025-08-12 20:11:40 Image size of job updated: 2669212
	2446  -  MemoryUsage of job (MB)
	2503772  -  ResidentSetSize of job (KB)
...
006 (2589198.000.000) 2025-08-12 20:16:40 Image size of job updated: 2669212
	2446  -  MemoryUsage of job (MB)
	2503988  -  ResidentSetSize of job (KB)
...
006 (2589198.000.000) 2025-08-12 20:21:41 Image size of job updated: 2669212
	2447  -  MemoryUsage of job (MB)
	2504956  -  ResidentSetSize of job (KB)
...
006 (2589198.000.000) 2025-08-12 20:26:41 Image size of job updated: 2669212
	2447  -  MemoryUsage of job (MB)
	2505176  -  ResidentSetSize of job (KB)
...
006 (2589198.000.000) 2025-08-12 20:31:41 Image size of job updated: 2669212
	2447  -  MemoryUsage of job (MB)
	2505384  -  ResidentSetSize of job (KB)
...
006 (2589198.000.000) 2025-08-12 20:36:42 Image size of job updated: 2722252
	2476  -  MemoryUsage of job (MB)
	2535064  -  ResidentSetSize of job (KB)
...
006 (2589198.000.000) 2025-08-12 20:41:42 Image size of job updated: 2722252
	2476  -  MemoryUsage of job (MB)
	2535320  -  ResidentSetSize of job (KB)
...
006 (2589198.000.000) 2025-08-12 20:46:42 Image size of job updated: 2722252
	2477  -  MemoryUsage of job (MB)
	2535572  -  ResidentSetSize of job (KB)
...
006 (2589198.000.000) 2025-08-12 20:51:43 Image size of job updated: 2722252
	2477  -  MemoryUsage of job (MB)
	2535840  -  ResidentSetSize of job (KB)
...
006 (2589198.000.000) 2025-08-12 20:56:44 Image size of job updated: 2722252
	2477  -  MemoryUsage of job (MB)
	2536092  -  ResidentSetSize of job (KB)
...
006 (2589198.000.000) 2025-08-12 21:01:44 Image size of job updated: 2722252
	2477  -  MemoryUsage of job (MB)
	2536284  -  ResidentSetSize of job (KB)
...
006 (2589198.000.000) 2025-08-12 21:06:45 Image size of job updated: 2722252
	2477  -  MemoryUsage of job (MB)
	2536440  -  ResidentSetSize of job (KB)
...
006 (2589198.000.000) 2025-08-12 21:11:46 Image size of job updated: 2722252
	2478  -  MemoryUsage of job (MB)
	2536668  -  ResidentSetSize of job (KB)
...
006 (2589198.000.000) 2025-08-12 21:16:46 Image size of job updated: 2722252
	2478  -  MemoryUsage of job (MB)
	2536900  -  ResidentSetSize of job (KB)
...
006 (2589198.000.000) 2025-08-12 21:21:47 Image size of job updated: 2722252
	2478  -  MemoryUsage of job (MB)
	2537164  -  ResidentSetSize of job (KB)
...
006 (2589198.000.000) 2025-08-12 21:26:48 Image size of job updated: 2722252
	2478  -  MemoryUsage of job (MB)
	2537384  -  ResidentSetSize of job (KB)
...
006 (2589198.000.000) 2025-08-12 21:31:48 Image size of job updated: 2722252
	2479  -  MemoryUsage of job (MB)
	2537580  -  ResidentSetSize of job (KB)
...
006 (2589198.000.000) 2025-08-12 21:36:48 Image size of job updated: 2815888
	2535  -  MemoryUsage of job (MB)
	2595248  -  ResidentSetSize of job (KB)
...
006 (2589198.000.000) 2025-08-12 21:56:50 Image size of job updated: 2815888
	2536  -  MemoryUsage of job (MB)
	2596548  -  ResidentSetSize of job (KB)
...
006 (2589198.000.000) 2025-08-12 22:01:50 Image size of job updated: 2815888
	2536  -  MemoryUsage of job (MB)
	2596808  -  ResidentSetSize of job (KB)
...
006 (2589198.000.000) 2025-08-12 22:06:50 Image size of job updated: 2815888
	2537  -  MemoryUsage of job (MB)
	2597044  -  ResidentSetSize of job (KB)
...
006 (2589198.000.000) 2025-08-12 22:11:51 Image size of job updated: 2815888
	2537  -  MemoryUsage of job (MB)
	2597336  -  ResidentSetSize of job (KB)
...
006 (2589198.000.000) 2025-08-12 22:16:51 Image size of job updated: 2815888
	2537  -  MemoryUsage of job (MB)
	2597536  -  ResidentSetSize of job (KB)
...
006 (2589198.000.000) 2025-08-12 22:21:51 Image size of job updated: 2815888
	2537  -  MemoryUsage of job (MB)
	2597760  -  ResidentSetSize of job (KB)
...
006 (2589198.000.000) 2025-08-12 22:26:52 Image size of job updated: 2815888
	2538  -  MemoryUsage of job (MB)
	2598384  -  ResidentSetSize of job (KB)
...
006 (2589198.000.000) 2025-08-12 22:31:52 Image size of job updated: 2815888
	2539  -  MemoryUsage of job (MB)
	2599076  -  ResidentSetSize of job (KB)
...
006 (2589198.000.000) 2025-08-12 22:41:53 Image size of job updated: 2865636
	2592  -  MemoryUsage of job (MB)
	2654156  -  ResidentSetSize of job (KB)
...
006 (2589198.000.000) 2025-08-12 22:46:53 Image size of job updated: 2865636
	2593  -  MemoryUsage of job (MB)
	2654812  -  ResidentSetSize of job (KB)
...
006 (2589198.000.000) 2025-08-12 22:51:53 Image size of job updated: 2865636
	2594  -  MemoryUsage of job (MB)
	2655276  -  ResidentSetSize of job (KB)
...
006 (2589198.000.000) 2025-08-12 22:56:54 Image size of job updated: 2865636
	2594  -  MemoryUsage of job (MB)
	2655756  -  ResidentSetSize of job (KB)
...
006 (2589198.000.000) 2025-08-12 23:01:54 Image size of job updated: 2865636
	2594  -  MemoryUsage of job (MB)
	2656192  -  ResidentSetSize of job (KB)
...
006 (2589198.000.000) 2025-08-12 23:06:54 Image size of job updated: 2865636
	2595  -  MemoryUsage of job (MB)
	2656572  -  ResidentSetSize of job (KB)
...
006 (2589198.000.000) 2025-08-12 23:11:55 Image size of job updated: 2865636
	2595  -  MemoryUsage of job (MB)
	2656960  -  ResidentSetSize of job (KB)
...
006 (2589198.000.000) 2025-08-12 23:16:55 Image size of job updated: 2865636
	2596  -  MemoryUsage of job (MB)
	2657380  -  ResidentSetSize of job (KB)
...
006 (2589198.000.000) 2025-08-12 23:21:56 Image size of job updated: 2865636
	2596  -  MemoryUsage of job (MB)
	2657816  -  ResidentSetSize of job (KB)
...
006 (2589198.000.000) 2025-08-12 23:26:57 Image size of job updated: 2865636
	2599  -  MemoryUsage of job (MB)
	2660384  -  ResidentSetSize of job (KB)
...
006 (2589198.000.000) 2025-08-12 23:31:57 Image size of job updated: 2865636
	2601  -  MemoryUsage of job (MB)
	2662444  -  ResidentSetSize of job (KB)
...
006 (2589198.000.000) 2025-08-12 23:36:58 Image size of job updated: 2865636
	2604  -  MemoryUsage of job (MB)
	2666268  -  ResidentSetSize of job (KB)
...
006 (2589198.000.000) 2025-08-12 23:41:59 Image size of job updated: 2918808
	2650  -  MemoryUsage of job (MB)
	2713124  -  ResidentSetSize of job (KB)
...
006 (2589198.000.000) 2025-08-12 23:46:59 Image size of job updated: 2918808
	2651  -  MemoryUsage of job (MB)
	2714156  -  ResidentSetSize of job (KB)
...
006 (2589198.000.000) 2025-08-12 23:52:00 Image size of job updated: 2918808
	2654  -  MemoryUsage of job (MB)
	2717668  -  ResidentSetSize of job (KB)
...
006 (2589198.000.000) 2025-08-12 23:57:01 Image size of job updated: 2918808
	2655  -  MemoryUsage of job (MB)
	2718024  -  ResidentSetSize of job (KB)
...
006 (2589198.000.000) 2025-08-13 00:02:01 Image size of job updated: 2918808
	2655  -  MemoryUsage of job (MB)
	2718292  -  ResidentSetSize of job (KB)
...
006 (2589198.000.000) 2025-08-13 00:07:02 Image size of job updated: 2918808
	2658  -  MemoryUsage of job (MB)
	2721356  -  ResidentSetSize of job (KB)
...
006 (2589198.000.000) 2025-08-13 00:12:03 Image size of job updated: 2918808
	2658  -  MemoryUsage of job (MB)
	2721624  -  ResidentSetSize of job (KB)
...
006 (2589198.000.000) 2025-08-13 00:17:03 Image size of job updated: 2918808
	2659  -  MemoryUsage of job (MB)
	2721900  -  ResidentSetSize of job (KB)
...
006 (2589198.000.000) 2025-08-13 00:22:04 Image size of job updated: 2918808
	2668  -  MemoryUsage of job (MB)
	2731916  -  ResidentSetSize of job (KB)
...
006 (2589198.000.000) 2025-08-13 00:27:05 Image size of job updated: 2918808
	2669  -  MemoryUsage of job (MB)
	2732244  -  ResidentSetSize of job (KB)
...
006 (2589198.000.000) 2025-08-13 00:32:05 Image size of job updated: 2918808
	2669  -  MemoryUsage of job (MB)
	2732584  -  ResidentSetSize of job (KB)
...
006 (2589198.000.000) 2025-08-13 00:37:06 Image size of job updated: 2918808
	2672  -  MemoryUsage of job (MB)
	2735668  -  ResidentSetSize of job (KB)
...
006 (2589198.000.000) 2025-08-13 00:42:07 Image size of job updated: 3067368
	2734  -  MemoryUsage of job (MB)
	2798676  -  ResidentSetSize of job (KB)
...
006 (2589198.000.000) 2025-08-13 00:47:07 Image size of job updated: 3067368
	2734  -  MemoryUsage of job (MB)
	2798980  -  ResidentSetSize of job (KB)
...
006 (2589198.000.000) 2025-08-13 00:52:08 Image size of job updated: 3067368
	2737  -  MemoryUsage of job (MB)
	2802060  -  ResidentSetSize of job (KB)
...
006 (2589198.000.000) 2025-08-13 00:57:09 Image size of job updated: 3067368
	2737  -  MemoryUsage of job (MB)
	2802300  -  ResidentSetSize of job (KB)
...
006 (2589198.000.000) 2025-08-13 01:02:09 Image size of job updated: 3067368
	2737  -  MemoryUsage of job (MB)
	2802560  -  ResidentSetSize of job (KB)
...
006 (2589198.000.000) 2025-08-13 01:07:10 Image size of job updated: 3067368
	2740  -  MemoryUsage of job (MB)
	2805656  -  ResidentSetSize of job (KB)
...
006 (2589198.000.000) 2025-08-13 01:12:11 Image size of job updated: 3067368
	2741  -  MemoryUsage of job (MB)
	2805976  -  ResidentSetSize of job (KB)
...
006 (2589198.000.000) 2025-08-13 01:22:12 Image size of job updated: 3067368
	2744  -  MemoryUsage of job (MB)
	2809220  -  ResidentSetSize of job (KB)
...
006 (2589198.000.000) 2025-08-13 01:27:13 Image size of job updated: 3067368
	2744  -  MemoryUsage of job (MB)
	2809424  -  ResidentSetSize of job (KB)
...
006 (2589198.000.000) 2025-08-13 01:32:13 Image size of job updated: 3067368
	2744  -  MemoryUsage of job (MB)
	2809736  -  ResidentSetSize of job (KB)
...
006 (2589198.000.000) 2025-08-13 01:37:14 Image size of job updated: 3067368
	2747  -  MemoryUsage of job (MB)
	2812816  -  ResidentSetSize of job (KB)
...
006 (2589198.000.000) 2025-08-13 01:42:15 Image size of job updated: 3075800
	2766  -  MemoryUsage of job (MB)
	2832100  -  ResidentSetSize of job (KB)
...
006 (2589198.000.000) 2025-08-13 01:47:15 Image size of job updated: 3075800
	2766  -  MemoryUsage of job (MB)
	2832368  -  ResidentSetSize of job (KB)
...
006 (2589198.000.000) 2025-08-13 01:52:16 Image size of job updated: 3075800
	2770  -  MemoryUsage of job (MB)
	2835948  -  ResidentSetSize of job (KB)
...
006 (2589198.000.000) 2025-08-13 01:57:16 Image size of job updated: 3075800
	2770  -  MemoryUsage of job (MB)
	2836204  -  ResidentSetSize of job (KB)
...
006 (2589198.000.000) 2025-08-13 02:02:16 Image size of job updated: 3075800
	2770  -  MemoryUsage of job (MB)
	2836456  -  ResidentSetSize of job (KB)
...
006 (2589198.000.000) 2025-08-13 02:07:17 Image size of job updated: 3075800
	2773  -  MemoryUsage of job (MB)
	2839468  -  ResidentSetSize of job (KB)
...
006 (2589198.000.000) 2025-08-13 02:12:17 Image size of job updated: 3075800
	2774  -  MemoryUsage of job (MB)
	2839680  -  ResidentSetSize of job (KB)
...
006 (2589198.000.000) 2025-08-13 02:17:17 Image size of job updated: 3075800
	2774  -  MemoryUsage of job (MB)
	2839920  -  ResidentSetSize of job (KB)
...
006 (2589198.000.000) 2025-08-13 02:22:18 Image size of job updated: 3075800
	2777  -  MemoryUsage of job (MB)
	2842880  -  ResidentSetSize of job (KB)
...
006 (2589198.000.000) 2025-08-13 02:27:18 Image size of job updated: 3075800
	2777  -  MemoryUsage of job (MB)
	2843136  -  ResidentSetSize of job (KB)
...
006 (2589198.000.000) 2025-08-13 02:32:18 Image size of job updated: 3075800
	2777  -  MemoryUsage of job (MB)
	2843340  -  ResidentSetSize of job (KB)
...
006 (2589198.000.000) 2025-08-13 02:37:19 Image size of job updated: 3075800
	2780  -  MemoryUsage of job (MB)
	2846320  -  ResidentSetSize of job (KB)
...
006 (2589198.000.000) 2025-08-13 02:42:19 Image size of job updated: 3167252
	2780  -  MemoryUsage of job (MB)
	2846320  -  ResidentSetSize of job (KB)
...
006 (2589198.000.000) 2025-08-13 03:37:23 Image size of job updated: 3167252
	2783  -  MemoryUsage of job (MB)
	2849192  -  ResidentSetSize of job (KB)
...
006 (2589198.000.000) 2025-08-13 03:42:23 Image size of job updated: 3167252
	2833  -  MemoryUsage of job (MB)
	2900572  -  ResidentSetSize of job (KB)
...
006 (2589198.000.000) 2025-08-13 03:47:24 Image size of job updated: 3167252
	2905  -  MemoryUsage of job (MB)
	2974024  -  ResidentSetSize of job (KB)
...
006 (2589198.000.000) 2025-08-13 03:52:25 Image size of job updated: 3167252
	2908  -  MemoryUsage of job (MB)
	2976988  -  ResidentSetSize of job (KB)
...
006 (2589198.000.000) 2025-08-13 03:57:25 Image size of job updated: 3167252
	2908  -  MemoryUsage of job (MB)
	2977172  -  ResidentSetSize of job (KB)
...
006 (2589198.000.000) 2025-08-13 04:02:26 Image size of job updated: 3167252
	2908  -  MemoryUsage of job (MB)
	2977348  -  ResidentSetSize of job (KB)
...
006 (2589198.000.000) 2025-08-13 04:07:27 Image size of job updated: 3167252
	2911  -  MemoryUsage of job (MB)
	2980376  -  ResidentSetSize of job (KB)
...
006 (2589198.000.000) 2025-08-13 04:12:27 Image size of job updated: 3167252
	2911  -  MemoryUsage of job (MB)
	2980588  -  ResidentSetSize of job (KB)
...
006 (2589198.000.000) 2025-08-13 04:17:28 Image size of job updated: 3167252
	2911  -  MemoryUsage of job (MB)
	2980764  -  ResidentSetSize of job (KB)
...
006 (2589198.000.000) 2025-08-13 04:22:29 Image size of job updated: 3167252
	2914  -  MemoryUsage of job (MB)
	2983740  -  ResidentSetSize of job (KB)
...
006 (2589198.000.000) 2025-08-13 04:27:29 Image size of job updated: 3167252
	2914  -  MemoryUsage of job (MB)
	2983928  -  ResidentSetSize of job (KB)
...
006 (2589198.000.000) 2025-08-13 04:32:30 Image size of job updated: 3167252
	2915  -  MemoryUsage of job (MB)
	2984100  -  ResidentSetSize of job (KB)
...
006 (2589198.000.000) 2025-08-13 04:37:31 Image size of job updated: 3167252
	2918  -  MemoryUsage of job (MB)
	2987080  -  ResidentSetSize of job (KB)
...
006 (2589198.000.000) 2025-08-13 04:42:31 Image size of job updated: 3167252
	2977  -  MemoryUsage of job (MB)
	3047852  -  ResidentSetSize of job (KB)
...
006 (2589198.000.000) 2025-08-13 04:47:32 Image size of job updated: 3358192
	2977  -  MemoryUsage of job (MB)
	3047852  -  ResidentSetSize of job (KB)
...
006 (2589198.000.000) 2025-08-13 05:30:50 Image size of job updated: 3422552
	2977  -  MemoryUsage of job (MB)
	3047852  -  ResidentSetSize of job (KB)
...
005 (2589198.000.000) 2025-08-13 05:30:50 Job terminated.
	(1) Normal termination (return value 0)
		Usr 25 05:49:01, Sys 0 00:08:42  -  Run Remote Usage
		Usr 0 00:00:00, Sys 0 00:00:00  -  Run Local Usage
		Usr 25 05:49:01, Sys 0 00:08:42  -  Total Remote Usage
		Usr 0 00:00:00, Sys 0 00:00:00  -  Total Local Usage
	0  -  Run Bytes Sent By Job
	0  -  Run Bytes Received By Job
	0  -  Total Bytes Sent By Job
	0  -  Total Bytes Received By Job
	Partitionable Resources :    Usage  Request Allocated 
	   Cpus                 :     1.11       64        64 
	   Disk (KB)            : 17500    16777216  16790397 
	   GPUs                 :                           0 
	   Memory (MB)          :  2977       16384     16384 
	   TimeExecute (s)      : 54000                       
	   TimeSlotBusy (s)     : 54001                       

	Job terminated of its own accord at 2025-08-13T03:30:50Z with exit-code 0.
...
