self.parameters_ref
{'chirp_mass': 1.4867847675135448, 'symmetric_mass_ratio': 0.24999995594642316, 'a_1': 0.011080273335494708, 'a_2': 0.04692984939031852, 'tilt_1': 2.6219694401252394, 'tilt_2': 1.0090315132594154, 'phi_jl': 0.977223832370418, 'phi_12': 5.868535624409604, 'lambda_1': 100.0, 'lambda_2': 200.0, 'luminosity_distance': 160.68570884930463, 'phase': 5.904192752190891, 'theta_jn': 0.20643139003708647, 'psi': 0.3008124663367458, 'ra': 1.4454755957606107, 'dec': 0.07257856505111598, 'mass_ratio': 0.999160794522431, 'mass_1': 1.7085843239096237, 'mass_2': 1.7071504705861102, 'geocent_time': 1240215503.017147, 'duration': 128.0}
1it [0:00:00 bound:0 nc:  1 ncall:4.1e+03 eff:0.0% logz-ratio=-647.83+/-0.05 dlogz:inf>0.1]
12078it [0:01:00 bound:0 nc: 12 ncall:7.5e+04 eff:16.1% logz-ratio=-1.13+/-0.02 dlogz:8.463>0.1]
14963it [0:02:14 bound:2 nc:524 ncall:1.5e+05 eff:9.9% logz-ratio=-0.74+/-0.02 dlogz:12.594>0.1]
15214it [0:03:22 bound:6 nc:478 ncall:3.1e+05 eff:5.0% logz-ratio=-0.71+/-0.02 dlogz:12.504>0.1]
15467it [0:04:31 bound:10 nc:564 ncall:4.7e+05 eff:3.3% logz-ratio=-0.68+/-0.02 dlogz:12.412>0.1]
15722it [0:05:40 bound:14 nc:769 ncall:6.3e+05 eff:2.5% logz-ratio=-0.65+/-0.02 dlogz:12.321>0.1]
15976it [0:06:51 bound:18 nc:518 ncall:7.9e+05 eff:2.0% logz-ratio=-0.62+/-0.02 dlogz:12.231>0.1]
16230it [0:08:00 bound:22 nc:675 ncall:9.5e+05 eff:1.7% logz-ratio=-0.59+/-0.02 dlogz:12.141>0.1]
16483it [0:09:12 bound:26 nc:337 ncall:1.1e+06 eff:1.5% logz-ratio=-0.57+/-0.02 dlogz:12.052>0.1]
16739it [0:10:25 bound:30 nc:812 ncall:1.3e+06 eff:1.3% logz-ratio=-0.54+/-0.02 dlogz:11.963>0.1]
16993it [0:11:34 bound:34 nc:723 ncall:1.4e+06 eff:1.2% logz-ratio=-0.51+/-0.02 dlogz:11.875>0.1]
17245it [0:12:40 bound:38 nc:457 ncall:1.6e+06 eff:1.1% logz-ratio=-0.49+/-0.02 dlogz:11.788>0.1]
17501it [0:13:51 bound:42 nc:537 ncall:1.7e+06 eff:1.0% logz-ratio=-0.46+/-0.02 dlogz:11.699>0.1]
17754it [0:15:07 bound:46 nc:553 ncall:1.9e+06 eff:0.9% logz-ratio=-0.44+/-0.02 dlogz:11.612>0.1]
17945it [0:16:08 bound:49 nc:953 ncall:2.0e+06 eff:0.9% logz-ratio=-0.42+/-0.02 dlogz:11.547>0.1]
18200it [0:17:20 bound:53 nc:1013 ncall:2.2e+06 eff:0.8% logz-ratio=-0.39+/-0.02 dlogz:11.460>0.1]
18451it [0:18:39 bound:57 nc:491 ncall:2.3e+06 eff:0.8% logz-ratio=-0.37+/-0.02 dlogz:11.374>0.1]
18705it [0:19:53 bound:61 nc:727 ncall:2.5e+06 eff:0.8% logz-ratio=-0.35+/-0.02 dlogz:11.288>0.1]
18958it [0:21:06 bound:65 nc:678 ncall:2.6e+06 eff:0.7% logz-ratio=-0.32+/-0.02 dlogz:11.202>0.1]
19213it [0:22:17 bound:69 nc:482 ncall:2.8e+06 eff:0.7% logz-ratio=-0.30+/-0.02 dlogz:11.116>0.1]
19463it [0:23:33 bound:73 nc:607 ncall:2.9e+06 eff:0.7% logz-ratio=-0.28+/-0.02 dlogz:11.033>0.1]
19714it [0:24:46 bound:77 nc:392 ncall:3.1e+06 eff:0.6% logz-ratio=-0.25+/-0.02 dlogz:10.949>0.1]
19965it [0:26:06 bound:81 nc:773 ncall:3.2e+06 eff:0.6% logz-ratio=-0.23+/-0.02 dlogz:10.865>0.1]
20154it [0:27:07 bound:84 nc:1500 ncall:3.4e+06 eff:0.6% logz-ratio=-0.21+/-0.02 dlogz:10.802>0.1]
20345it [0:28:11 bound:87 nc:593 ncall:3.5e+06 eff:0.6% logz-ratio=-0.20+/-0.02 dlogz:10.739>0.1]
20593it [0:29:29 bound:91 nc:177 ncall:3.6e+06 eff:0.6% logz-ratio=-0.18+/-0.02 dlogz:10.657>0.1]
20778it [0:30:30 bound:94 nc:868 ncall:3.8e+06 eff:0.6% logz-ratio=-0.16+/-0.02 dlogz:10.596>0.1]
20962it [0:31:32 bound:97 nc:571 ncall:3.9e+06 eff:0.5% logz-ratio=-0.14+/-0.02 dlogz:10.535>0.1]
21206it [0:32:50 bound:101 nc:376 ncall:4.0e+06 eff:0.5% logz-ratio=-0.12+/-0.02 dlogz:10.456>0.1]
21449it [0:34:09 bound:105 nc:584 ncall:4.2e+06 eff:0.5% logz-ratio=-0.10+/-0.02 dlogz:10.376>0.1]
21696it [0:35:23 bound:109 nc:704 ncall:4.3e+06 eff:0.5% logz-ratio=-0.08+/-0.02 dlogz:10.295>0.1]
21939it [0:36:39 bound:113 nc:450 ncall:4.5e+06 eff:0.5% logz-ratio=-0.06+/-0.02 dlogz:10.216>0.1]
22184it [0:37:56 bound:117 nc:468 ncall:4.6e+06 eff:0.5% logz-ratio=-0.04+/-0.02 dlogz:10.137>0.1]
22433it [0:39:14 bound:121 nc:433 ncall:4.8e+06 eff:0.5% logz-ratio=-0.02+/-0.02 dlogz:10.056>0.1]
22612it [0:40:14 bound:124 nc:405 ncall:4.9e+06 eff:0.5% logz-ratio=-0.01+/-0.02 dlogz:9.998>0.1]
22790it [0:41:19 bound:127 nc:1255 ncall:5.0e+06 eff:0.5% logz-ratio=0.00+/-0.02 dlogz:9.941>0.1]
22974it [0:42:20 bound:130 nc:657 ncall:5.1e+06 eff:0.4% logz-ratio=0.02+/-0.02 dlogz:9.882>0.1]
23215it [0:43:38 bound:134 nc:629 ncall:5.3e+06 eff:0.4% logz-ratio=0.04+/-0.02 dlogz:9.804>0.1]
23397it [0:44:44 bound:137 nc:374 ncall:5.4e+06 eff:0.4% logz-ratio=0.05+/-0.02 dlogz:9.745>0.1]
23631it [0:45:58 bound:141 nc:924 ncall:5.5e+06 eff:0.4% logz-ratio=0.07+/-0.02 dlogz:11.786>0.1]
23863it [0:47:17 bound:145 nc:1312 ncall:5.7e+06 eff:0.4% logz-ratio=0.09+/-0.02 dlogz:11.711>0.1]
24038it [0:48:30 bound:148 nc:643 ncall:5.8e+06 eff:0.4% logz-ratio=0.10+/-0.02 dlogz:11.655>0.1]
24207it [0:49:35 bound:151 nc:251 ncall:5.9e+06 eff:0.4% logz-ratio=0.11+/-0.02 dlogz:11.601>0.1]
24431it [0:50:53 bound:155 nc:987 ncall:6.1e+06 eff:0.4% logz-ratio=0.13+/-0.02 dlogz:11.529>0.1]
24605it [0:51:57 bound:158 nc:365 ncall:6.2e+06 eff:0.4% logz-ratio=0.14+/-0.02 dlogz:11.474>0.1]
24778it [0:52:57 bound:161 nc:1017 ncall:6.3e+06 eff:0.4% logz-ratio=0.16+/-0.02 dlogz:11.419>0.1]
24951it [0:54:01 bound:164 nc:547 ncall:6.4e+06 eff:0.4% logz-ratio=0.17+/-0.02 dlogz:11.364>0.1]
25128it [0:55:07 bound:167 nc:514 ncall:6.5e+06 eff:0.4% logz-ratio=0.18+/-0.02 dlogz:11.308>0.1]
25298it [0:56:09 bound:170 nc:892 ncall:6.6e+06 eff:0.4% logz-ratio=0.20+/-0.02 dlogz:11.254>0.1]
25467it [0:57:13 bound:173 nc:620 ncall:6.8e+06 eff:0.4% logz-ratio=0.21+/-0.02 dlogz:11.200>0.1]
25642it [0:58:21 bound:176 nc:1091 ncall:6.9e+06 eff:0.4% logz-ratio=0.22+/-0.02 dlogz:11.144>0.1]
25813it [0:59:29 bound:179 nc:576 ncall:7.0e+06 eff:0.4% logz-ratio=0.23+/-0.02 dlogz:11.090>0.1]
25958it [1:00:38 bound:181 nc:691 ncall:7.1e+06 eff:0.4% logz-ratio=0.24+/-0.02 dlogz:11.044>0.1]
26148it [1:01:50 bound:185 nc:1077 ncall:7.2e+06 eff:0.4% logz-ratio=0.26+/-0.02 dlogz:10.984>0.1]
26307it [1:02:51 bound:188 nc:275 ncall:7.3e+06 eff:0.4% logz-ratio=0.27+/-0.02 dlogz:10.934>0.1]
26482it [1:03:57 bound:191 nc:921 ncall:7.4e+06 eff:0.4% logz-ratio=0.28+/-0.02 dlogz:10.879>0.1]
26649it [1:05:02 bound:194 nc:739 ncall:7.6e+06 eff:0.4% logz-ratio=0.29+/-0.02 dlogz:10.826>0.1]
26813it [1:06:07 bound:197 nc:400 ncall:7.7e+06 eff:0.3% logz-ratio=0.30+/-0.02 dlogz:10.775>0.1]
26975it [1:07:09 bound:200 nc:615 ncall:7.8e+06 eff:0.3% logz-ratio=0.32+/-0.03 dlogz:10.724>0.1]
27131it [1:08:13 bound:203 nc:420 ncall:7.9e+06 eff:0.3% logz-ratio=0.33+/-0.03 dlogz:10.675>0.1]
27302it [1:09:19 bound:206 nc:1225 ncall:8.0e+06 eff:0.3% logz-ratio=0.34+/-0.03 dlogz:10.621>0.1]
27515it [1:10:40 bound:210 nc:1072 ncall:8.2e+06 eff:0.3% logz-ratio=0.35+/-0.03 dlogz:10.554>0.1]
27734it [1:12:00 bound:214 nc:1083 ncall:8.3e+06 eff:0.3% logz-ratio=0.37+/-0.03 dlogz:10.485>0.1]
27898it [1:13:04 bound:217 nc:881 ncall:8.4e+06 eff:0.3% logz-ratio=0.38+/-0.03 dlogz:10.433>0.1]
28070it [1:14:13 bound:220 nc:1231 ncall:8.5e+06 eff:0.3% logz-ratio=0.39+/-0.03 dlogz:10.379>0.1]
28282it [1:15:38 bound:224 nc:686 ncall:8.7e+06 eff:0.3% logz-ratio=0.41+/-0.03 dlogz:10.313>0.1]
28446it [1:16:43 bound:227 nc:916 ncall:8.8e+06 eff:0.3% logz-ratio=0.42+/-0.03 dlogz:10.261>0.1]
28608it [1:17:45 bound:230 nc:549 ncall:8.9e+06 eff:0.3% logz-ratio=0.43+/-0.03 dlogz:10.211>0.1]
28827it [1:19:02 bound:234 nc:867 ncall:9.1e+06 eff:0.3% logz-ratio=0.45+/-0.03 dlogz:10.142>0.1]
28991it [1:20:09 bound:237 nc:432 ncall:9.2e+06 eff:0.3% logz-ratio=0.46+/-0.03 dlogz:10.091>0.1]
29206it [1:21:25 bound:241 nc:473 ncall:9.3e+06 eff:0.3% logz-ratio=0.47+/-0.03 dlogz:10.023>0.1]
29372it [1:22:27 bound:244 nc:743 ncall:9.4e+06 eff:0.3% logz-ratio=0.48+/-0.03 dlogz:9.971>0.1]
29589it [1:23:45 bound:248 nc:802 ncall:9.6e+06 eff:0.3% logz-ratio=0.50+/-0.03 dlogz:9.903>0.1]
29762it [1:24:49 bound:251 nc:788 ncall:9.7e+06 eff:0.3% logz-ratio=0.51+/-0.03 dlogz:9.849>0.1]
29934it [1:25:53 bound:254 nc:1545 ncall:9.8e+06 eff:0.3% logz-ratio=0.52+/-0.03 dlogz:9.795>0.1]
30101it [1:26:57 bound:257 nc:652 ncall:9.9e+06 eff:0.3% logz-ratio=0.53+/-0.03 dlogz:9.742>0.1]
30333it [1:28:20 bound:261 nc:681 ncall:1.0e+07 eff:0.3% logz-ratio=0.55+/-0.03 dlogz:9.669>0.1]
30501it [1:29:21 bound:264 nc:321 ncall:1.0e+07 eff:0.3% logz-ratio=0.56+/-0.03 dlogz:9.617>0.1]
30668it [1:30:25 bound:267 nc:812 ncall:1.0e+07 eff:0.3% logz-ratio=0.57+/-0.03 dlogz:9.564>0.1]
30834it [1:31:36 bound:270 nc:396 ncall:1.0e+07 eff:0.3% logz-ratio=0.59+/-0.03 dlogz:9.512>0.1]
31046it [1:32:36 bound:273 nc:550 ncall:1.1e+07 eff:0.3% logz-ratio=0.60+/-0.03 dlogz:9.446>0.1]
31183it [1:33:39 bound:276 nc:521 ncall:1.1e+07 eff:0.3% logz-ratio=0.61+/-0.03 dlogz:9.403>0.1]
31355it [1:34:40 bound:279 nc:889 ncall:1.1e+07 eff:0.3% logz-ratio=0.62+/-0.03 dlogz:9.349>0.1]
31527it [1:35:46 bound:282 nc:707 ncall:1.1e+07 eff:0.3% logz-ratio=0.63+/-0.03 dlogz:9.295>0.1]
31762it [1:37:07 bound:286 nc:644 ncall:1.1e+07 eff:0.3% logz-ratio=0.65+/-0.03 dlogz:10.557>0.1]
31935it [1:38:13 bound:289 nc:507 ncall:1.1e+07 eff:0.3% logz-ratio=0.66+/-0.03 dlogz:10.503>0.1]
32107it [1:39:18 bound:292 nc:417 ncall:1.1e+07 eff:0.3% logz-ratio=0.67+/-0.03 dlogz:10.449>0.1]
32341it [1:40:35 bound:296 nc:1262 ncall:1.1e+07 eff:0.3% logz-ratio=0.69+/-0.03 dlogz:10.376>0.1]
32567it [1:41:55 bound:300 nc:333 ncall:1.2e+07 eff:0.3% logz-ratio=0.71+/-0.03 dlogz:10.305>0.1]
32740it [1:43:03 bound:303 nc:674 ncall:1.2e+07 eff:0.3% logz-ratio=0.72+/-0.03 dlogz:10.251>0.1]
32921it [1:44:08 bound:306 nc:690 ncall:1.2e+07 eff:0.3% logz-ratio=0.73+/-0.03 dlogz:10.194>0.1]
33096it [1:45:14 bound:309 nc:383 ncall:1.2e+07 eff:0.3% logz-ratio=0.74+/-0.03 dlogz:10.140>0.1]
33331it [1:46:34 bound:313 nc:1001 ncall:1.2e+07 eff:0.3% logz-ratio=0.76+/-0.03 dlogz:10.066>0.1]
33568it [1:47:55 bound:317 nc:594 ncall:1.2e+07 eff:0.3% logz-ratio=0.77+/-0.03 dlogz:9.992>0.1]
33747it [1:49:04 bound:320 nc:591 ncall:1.2e+07 eff:0.3% logz-ratio=0.79+/-0.03 dlogz:9.936>0.1]
33934it [1:50:08 bound:323 nc:342 ncall:1.2e+07 eff:0.3% logz-ratio=0.80+/-0.03 dlogz:9.878>0.1]
34177it [1:51:25 bound:327 nc:1229 ncall:1.3e+07 eff:0.3% logz-ratio=0.82+/-0.03 dlogz:9.801>0.1]
34358it [1:52:38 bound:330 nc:459 ncall:1.3e+07 eff:0.3% logz-ratio=0.83+/-0.03 dlogz:9.745>0.1]
34537it [1:53:41 bound:333 nc:921 ncall:1.3e+07 eff:0.3% logz-ratio=0.84+/-0.03 dlogz:9.689>0.1]
34718it [1:54:50 bound:336 nc:859 ncall:1.3e+07 eff:0.3% logz-ratio=0.85+/-0.03 dlogz:9.632>0.1]
34897it [1:55:58 bound:339 nc:207 ncall:1.3e+07 eff:0.3% logz-ratio=0.87+/-0.03 dlogz:9.576>0.1]
35081it [1:57:03 bound:342 nc:1403 ncall:1.3e+07 eff:0.3% logz-ratio=0.88+/-0.03 dlogz:9.518>0.1]
35266it [1:58:04 bound:345 nc:648 ncall:1.3e+07 eff:0.3% logz-ratio=0.89+/-0.03 dlogz:9.460>0.1]
35448it [1:59:08 bound:348 nc:499 ncall:1.4e+07 eff:0.3% logz-ratio=0.90+/-0.03 dlogz:9.404>0.1]
35698it [2:00:22 bound:352 nc:577 ncall:1.4e+07 eff:0.3% logz-ratio=0.92+/-0.03 dlogz:9.325>0.1]
35758it [2:01:23 bound:353 nc:278 ncall:1.4e+07 eff:0.3% logz-ratio=0.92+/-0.03 dlogz:9.307>0.1]
36006it [2:02:43 bound:357 nc:362 ncall:1.4e+07 eff:0.3% logz-ratio=0.94+/-0.03 dlogz:9.229>0.1]
36253it [2:03:59 bound:361 nc:1015 ncall:1.4e+07 eff:0.3% logz-ratio=0.96+/-0.03 dlogz:9.151>0.1]
36440it [2:05:00 bound:364 nc:347 ncall:1.4e+07 eff:0.3% logz-ratio=0.97+/-0.03 dlogz:9.093>0.1]
36627it [2:06:06 bound:367 nc:324 ncall:1.4e+07 eff:0.3% logz-ratio=0.99+/-0.03 dlogz:9.034>0.1]
36817it [2:07:10 bound:370 nc:714 ncall:1.4e+07 eff:0.3% logz-ratio=1.00+/-0.03 dlogz:8.974>0.1]
37004it [2:08:15 bound:373 nc:1909 ncall:1.5e+07 eff:0.3% logz-ratio=1.01+/-0.03 dlogz:8.916>0.1]
37187it [2:09:17 bound:376 nc:1033 ncall:1.5e+07 eff:0.3% logz-ratio=1.02+/-0.03 dlogz:8.858>0.1]
37378it [2:10:18 bound:379 nc:706 ncall:1.5e+07 eff:0.3% logz-ratio=1.04+/-0.03 dlogz:8.798>0.1]
37632it [2:11:37 bound:383 nc:581 ncall:1.5e+07 eff:0.3% logz-ratio=1.06+/-0.03 dlogz:8.718>0.1]
37821it [2:12:41 bound:386 nc:525 ncall:1.5e+07 eff:0.3% logz-ratio=1.07+/-0.03 dlogz:8.658>0.1]
38010it [2:13:43 bound:389 nc:868 ncall:1.5e+07 eff:0.3% logz-ratio=1.08+/-0.03 dlogz:12.244>0.1]
38199it [2:14:49 bound:392 nc:393 ncall:1.5e+07 eff:0.2% logz-ratio=1.10+/-0.03 dlogz:12.184>0.1]
38388it [2:15:52 bound:395 nc:562 ncall:1.5e+07 eff:0.2% logz-ratio=1.11+/-0.03 dlogz:12.124>0.1]
38638it [2:17:06 bound:399 nc:1101 ncall:1.6e+07 eff:0.2% logz-ratio=1.13+/-0.03 dlogz:12.045>0.1]
38893it [2:18:23 bound:403 nc:452 ncall:1.6e+07 eff:0.2% logz-ratio=1.15+/-0.03 dlogz:11.964>0.1]
39142it [2:19:39 bound:407 nc:535 ncall:1.6e+07 eff:0.2% logz-ratio=1.17+/-0.03 dlogz:11.885>0.1]
39332it [2:20:42 bound:410 nc:857 ncall:1.6e+07 eff:0.2% logz-ratio=1.18+/-0.03 dlogz:11.825>0.1]
39523it [2:21:42 bound:413 nc:1163 ncall:1.6e+07 eff:0.2% logz-ratio=1.19+/-0.03 dlogz:11.764>0.1]
39711it [2:22:42 bound:416 nc:456 ncall:1.6e+07 eff:0.2% logz-ratio=1.21+/-0.03 dlogz:11.704>0.1]
39901it [2:23:48 bound:419 nc:733 ncall:1.6e+07 eff:0.2% logz-ratio=1.22+/-0.03 dlogz:11.643>0.1]
40157it [2:25:02 bound:423 nc:828 ncall:1.7e+07 eff:0.2% logz-ratio=1.24+/-0.03 dlogz:11.560>0.1]
40412it [2:26:19 bound:427 nc:267 ncall:1.7e+07 eff:0.2% logz-ratio=1.26+/-0.03 dlogz:11.478>0.1]
40666it [2:27:40 bound:431 nc:682 ncall:1.7e+07 eff:0.2% logz-ratio=1.28+/-0.03 dlogz:11.396>0.1]
40920it [2:28:53 bound:435 nc:965 ncall:1.7e+07 eff:0.2% logz-ratio=1.30+/-0.03 dlogz:11.314>0.1]
41175it [2:30:08 bound:439 nc:607 ncall:1.7e+07 eff:0.2% logz-ratio=1.32+/-0.03 dlogz:11.232>0.1]
41365it [2:31:11 bound:442 nc:370 ncall:1.7e+07 eff:0.2% logz-ratio=1.34+/-0.04 dlogz:11.170>0.1]
41620it [2:32:29 bound:446 nc:682 ncall:1.7e+07 eff:0.2% logz-ratio=1.36+/-0.04 dlogz:11.087>0.1]
41872it [2:33:51 bound:450 nc:611 ncall:1.8e+07 eff:0.2% logz-ratio=1.38+/-0.04 dlogz:11.005>0.1]
42125it [2:35:11 bound:454 nc:596 ncall:1.8e+07 eff:0.2% logz-ratio=1.40+/-0.04 dlogz:10.923>0.1]
42380it [2:36:28 bound:458 nc:682 ncall:1.8e+07 eff:0.2% logz-ratio=1.42+/-0.04 dlogz:10.840>0.1]
42631it [2:37:46 bound:462 nc:555 ncall:1.8e+07 eff:0.2% logz-ratio=1.44+/-0.04 dlogz:10.758>0.1]
42820it [2:38:46 bound:465 nc:506 ncall:1.8e+07 eff:0.2% logz-ratio=1.46+/-0.04 dlogz:10.697>0.1]
43011it [2:39:49 bound:468 nc:822 ncall:1.8e+07 eff:0.2% logz-ratio=1.47+/-0.04 dlogz:10.634>0.1]
43267it [2:41:06 bound:472 nc:597 ncall:1.9e+07 eff:0.2% logz-ratio=1.49+/-0.04 dlogz:10.551>0.1]
43458it [2:42:10 bound:475 nc:852 ncall:1.9e+07 eff:0.2% logz-ratio=1.51+/-0.04 dlogz:10.489>0.1]
43649it [2:43:11 bound:478 nc:584 ncall:1.9e+07 eff:0.2% logz-ratio=1.52+/-0.04 dlogz:10.426>0.1]
43841it [2:44:14 bound:481 nc:374 ncall:1.9e+07 eff:0.2% logz-ratio=1.54+/-0.04 dlogz:10.364>0.1]
44090it [2:45:32 bound:485 nc:480 ncall:1.9e+07 eff:0.2% logz-ratio=1.56+/-0.04 dlogz:10.336>0.1]
44280it [2:46:35 bound:488 nc:535 ncall:1.9e+07 eff:0.2% logz-ratio=1.58+/-0.04 dlogz:10.273>0.1]
44471it [2:47:36 bound:491 nc:749 ncall:1.9e+07 eff:0.2% logz-ratio=1.59+/-0.04 dlogz:10.222>0.1]
44662it [2:48:40 bound:494 nc:739 ncall:2.0e+07 eff:0.2% logz-ratio=1.61+/-0.04 dlogz:10.158>0.1]
44852it [2:49:44 bound:497 nc:630 ncall:2.0e+07 eff:0.2% logz-ratio=1.63+/-0.04 dlogz:10.095>0.1]
45043it [2:50:44 bound:500 nc:939 ncall:2.0e+07 eff:0.2% logz-ratio=1.64+/-0.04 dlogz:10.032>0.1]
45235it [2:51:47 bound:503 nc:663 ncall:2.0e+07 eff:0.2% logz-ratio=1.66+/-0.04 dlogz:9.968>0.1]
45425it [2:52:50 bound:506 nc:499 ncall:2.0e+07 eff:0.2% logz-ratio=1.68+/-0.04 dlogz:9.905>0.1]
45616it [2:53:52 bound:509 nc:744 ncall:2.0e+07 eff:0.2% logz-ratio=1.69+/-0.04 dlogz:9.841>0.1]
45808it [2:54:54 bound:512 nc:611 ncall:2.0e+07 eff:0.2% logz-ratio=1.71+/-0.04 dlogz:9.777>0.1]
45998it [2:55:58 bound:515 nc:633 ncall:2.1e+07 eff:0.2% logz-ratio=1.73+/-0.04 dlogz:9.713>0.1]
46189it [2:57:00 bound:518 nc:886 ncall:2.1e+07 eff:0.2% logz-ratio=1.75+/-0.04 dlogz:9.649>0.1]
46380it [2:58:02 bound:521 nc:740 ncall:2.1e+07 eff:0.2% logz-ratio=1.76+/-0.04 dlogz:9.584>0.1]
46571it [2:59:08 bound:524 nc:628 ncall:2.1e+07 eff:0.2% logz-ratio=1.78+/-0.04 dlogz:9.520>0.1]
46762it [3:00:12 bound:527 nc:745 ncall:2.1e+07 eff:0.2% logz-ratio=1.80+/-0.04 dlogz:9.455>0.1]
46918it [3:01:40 bound:529 nc:549 ncall:2.1e+07 eff:0.2% logz-ratio=1.82+/-0.04 dlogz:9.402>0.1]
47081it [3:02:45 bound:532 nc:1175 ncall:2.1e+07 eff:0.2% logz-ratio=1.83+/-0.04 dlogz:9.347>0.1]
47273it [3:03:49 bound:535 nc:711 ncall:2.1e+07 eff:0.2% logz-ratio=1.85+/-0.04 dlogz:9.282>0.1]
47463it [3:04:53 bound:538 nc:801 ncall:2.2e+07 eff:0.2% logz-ratio=1.87+/-0.04 dlogz:9.283>0.1]
47654it [3:06:00 bound:541 nc:527 ncall:2.2e+07 eff:0.2% logz-ratio=1.89+/-0.04 dlogz:9.986>0.1]
47846it [3:07:06 bound:544 nc:675 ncall:2.2e+07 eff:0.2% logz-ratio=1.90+/-0.04 dlogz:9.921>0.1]
48037it [3:08:13 bound:547 nc:908 ncall:2.2e+07 eff:0.2% logz-ratio=1.92+/-0.04 dlogz:9.857>0.1]
48226it [3:09:18 bound:550 nc:1084 ncall:2.2e+07 eff:0.2% logz-ratio=1.94+/-0.04 dlogz:9.793>0.1]
48416it [3:10:22 bound:553 nc:974 ncall:2.2e+07 eff:0.2% logz-ratio=1.96+/-0.04 dlogz:9.728>0.1]
48607it [3:11:29 bound:556 nc:1178 ncall:2.3e+07 eff:0.2% logz-ratio=1.98+/-0.04 dlogz:9.662>0.1]
48798it [3:12:36 bound:559 nc:1064 ncall:2.3e+07 eff:0.2% logz-ratio=2.00+/-0.04 dlogz:9.597>0.1]
48989it [3:13:46 bound:562 nc:924 ncall:2.3e+07 eff:0.2% logz-ratio=2.01+/-0.04 dlogz:9.531>0.1]
49179it [3:14:55 bound:565 nc:692 ncall:2.3e+07 eff:0.2% logz-ratio=2.03+/-0.04 dlogz:9.466>0.1]
49370it [3:16:00 bound:568 nc:726 ncall:2.3e+07 eff:0.2% logz-ratio=2.05+/-0.04 dlogz:9.400>0.1]
49562it [3:17:07 bound:571 nc:1050 ncall:2.3e+07 eff:0.2% logz-ratio=2.07+/-0.04 dlogz:9.334>0.1]
49750it [3:18:15 bound:574 nc:664 ncall:2.3e+07 eff:0.2% logz-ratio=2.09+/-0.04 dlogz:9.269>0.1]
49941it [3:19:22 bound:577 nc:1194 ncall:2.4e+07 eff:0.2% logz-ratio=2.11+/-0.04 dlogz:9.203>0.1]
50131it [3:20:29 bound:580 nc:1788 ncall:2.4e+07 eff:0.2% logz-ratio=2.13+/-0.04 dlogz:9.137>0.1]
50321it [3:21:39 bound:583 nc:1433 ncall:2.4e+07 eff:0.2% logz-ratio=2.15+/-0.04 dlogz:9.254>0.1]
50511it [3:22:49 bound:586 nc:1179 ncall:2.4e+07 eff:0.2% logz-ratio=2.17+/-0.04 dlogz:9.189>0.1]
50701it [3:23:57 bound:589 nc:464 ncall:2.4e+07 eff:0.2% logz-ratio=2.19+/-0.04 dlogz:9.123>0.1]
50890it [3:25:09 bound:592 nc:749 ncall:2.4e+07 eff:0.2% logz-ratio=2.21+/-0.04 dlogz:9.058>0.1]
51079it [3:26:23 bound:595 nc:800 ncall:2.5e+07 eff:0.2% logz-ratio=2.23+/-0.04 dlogz:8.993>0.1]
51267it [3:27:32 bound:598 nc:840 ncall:2.5e+07 eff:0.2% logz-ratio=2.24+/-0.04 dlogz:8.928>0.1]
51456it [3:28:43 bound:601 nc:785 ncall:2.5e+07 eff:0.2% logz-ratio=2.26+/-0.04 dlogz:8.862>0.1]
51646it [3:29:54 bound:604 nc:752 ncall:2.5e+07 eff:0.2% logz-ratio=2.28+/-0.04 dlogz:8.796>0.1]
51836it [3:31:08 bound:607 nc:1212 ncall:2.5e+07 eff:0.2% logz-ratio=2.30+/-0.04 dlogz:8.730>0.1]
52024it [3:32:20 bound:610 nc:449 ncall:2.5e+07 eff:0.2% logz-ratio=2.32+/-0.04 dlogz:8.665>0.1]
52215it [3:33:30 bound:613 nc:698 ncall:2.6e+07 eff:0.2% logz-ratio=2.34+/-0.04 dlogz:8.599>0.1]
52404it [3:34:41 bound:616 nc:795 ncall:2.6e+07 eff:0.2% logz-ratio=2.36+/-0.04 dlogz:8.534>0.1]
52592it [3:35:53 bound:619 nc:795 ncall:2.6e+07 eff:0.2% logz-ratio=2.38+/-0.04 dlogz:8.469>0.1]
52780it [3:36:59 bound:622 nc:585 ncall:2.6e+07 eff:0.2% logz-ratio=2.40+/-0.04 dlogz:8.404>0.1]
52966it [3:38:11 bound:625 nc:674 ncall:2.6e+07 eff:0.2% logz-ratio=2.42+/-0.04 dlogz:8.341>0.1]
53156it [3:39:22 bound:628 nc:719 ncall:2.6e+07 eff:0.2% logz-ratio=2.44+/-0.05 dlogz:8.276>0.1]
53348it [3:40:35 bound:631 nc:1156 ncall:2.7e+07 eff:0.2% logz-ratio=2.45+/-0.05 dlogz:8.210>0.1]
53532it [3:41:47 bound:634 nc:1351 ncall:2.7e+07 eff:0.2% logz-ratio=2.47+/-0.05 dlogz:8.147>0.1]
53719it [3:42:58 bound:637 nc:1281 ncall:2.7e+07 eff:0.2% logz-ratio=2.49+/-0.05 dlogz:8.084>0.1]
53908it [3:44:15 bound:640 nc:1310 ncall:2.7e+07 eff:0.2% logz-ratio=2.51+/-0.05 dlogz:8.020>0.1]
54091it [3:45:28 bound:643 nc:924 ncall:2.7e+07 eff:0.2% logz-ratio=2.52+/-0.05 dlogz:7.958>0.1]
54277it [3:46:43 bound:646 nc:699 ncall:2.7e+07 eff:0.2% logz-ratio=2.54+/-0.05 dlogz:7.895>0.1]
54465it [3:47:57 bound:649 nc:1179 ncall:2.8e+07 eff:0.2% logz-ratio=2.56+/-0.05 dlogz:7.993>0.1]
54646it [3:49:11 bound:652 nc:1060 ncall:2.8e+07 eff:0.2% logz-ratio=2.58+/-0.05 dlogz:7.933>0.1]
54831it [3:50:26 bound:655 nc:1182 ncall:2.8e+07 eff:0.2% logz-ratio=2.59+/-0.05 dlogz:7.871>0.1]
55021it [3:51:42 bound:658 nc:820 ncall:2.8e+07 eff:0.2% logz-ratio=2.61+/-0.05 dlogz:7.808>0.1]
55207it [3:52:56 bound:661 nc:1030 ncall:2.8e+07 eff:0.2% logz-ratio=2.63+/-0.05 dlogz:7.746>0.1]
55393it [3:54:13 bound:664 nc:1896 ncall:2.9e+07 eff:0.2% logz-ratio=2.64+/-0.05 dlogz:7.684>0.1]
55577it [3:55:27 bound:667 nc:903 ncall:2.9e+07 eff:0.2% logz-ratio=2.66+/-0.05 dlogz:7.624>0.1]
55759it [3:56:45 bound:670 nc:948 ncall:2.9e+07 eff:0.2% logz-ratio=2.67+/-0.05 dlogz:7.563>0.1]
55938it [3:58:02 bound:673 nc:1821 ncall:2.9e+07 eff:0.2% logz-ratio=2.69+/-0.05 dlogz:7.504>0.1]
56121it [3:59:18 bound:676 nc:1949 ncall:2.9e+07 eff:0.2% logz-ratio=2.70+/-0.05 dlogz:7.444>0.1]
56308it [4:00:36 bound:679 nc:1092 ncall:2.9e+07 eff:0.2% logz-ratio=2.72+/-0.05 dlogz:7.383>0.1]
56433it [4:02:23 bound:681 nc:868 ncall:3.0e+07 eff:0.2% logz-ratio=2.73+/-0.05 dlogz:7.342>0.1]
56613it [4:03:38 bound:684 nc:863 ncall:3.0e+07 eff:0.2% logz-ratio=2.75+/-0.05 dlogz:7.283>0.1]
56794it [4:04:56 bound:687 nc:1455 ncall:3.0e+07 eff:0.2% logz-ratio=2.76+/-0.05 dlogz:7.224>0.1]
56971it [4:06:16 bound:690 nc:947 ncall:3.0e+07 eff:0.2% logz-ratio=2.78+/-0.05 dlogz:7.166>0.1]
57150it [4:07:36 bound:693 nc:1279 ncall:3.0e+07 eff:0.2% logz-ratio=2.79+/-0.05 dlogz:7.108>0.1]
57329it [4:08:55 bound:696 nc:1379 ncall:3.1e+07 eff:0.2% logz-ratio=2.80+/-0.05 dlogz:7.050>0.1]
57509it [4:10:16 bound:699 nc:990 ncall:3.1e+07 eff:0.2% logz-ratio=2.82+/-0.05 dlogz:6.991>0.1]
57689it [4:11:38 bound:702 nc:2338 ncall:3.1e+07 eff:0.2% logz-ratio=2.83+/-0.05 dlogz:6.933>0.1]
57874it [4:13:01 bound:705 nc:1309 ncall:3.1e+07 eff:0.2% logz-ratio=2.85+/-0.05 dlogz:6.873>0.1]
58055it [4:14:20 bound:708 nc:541 ncall:3.1e+07 eff:0.2% logz-ratio=2.86+/-0.05 dlogz:6.814>0.1]
58233it [4:15:46 bound:711 nc:1172 ncall:3.2e+07 eff:0.2% logz-ratio=2.88+/-0.05 dlogz:6.757>0.1]
58418it [4:17:09 bound:714 nc:793 ncall:3.2e+07 eff:0.2% logz-ratio=2.89+/-0.05 dlogz:6.697>0.1]
58595it [4:18:35 bound:717 nc:816 ncall:3.2e+07 eff:0.2% logz-ratio=2.91+/-0.05 dlogz:6.640>0.1]
58778it [4:19:59 bound:720 nc:1057 ncall:3.2e+07 eff:0.2% logz-ratio=2.92+/-0.05 dlogz:6.582>0.1]
58961it [4:21:28 bound:723 nc:1360 ncall:3.2e+07 eff:0.2% logz-ratio=2.93+/-0.05 dlogz:6.523>0.1]
59140it [4:22:55 bound:726 nc:1349 ncall:3.3e+07 eff:0.2% logz-ratio=2.95+/-0.05 dlogz:6.465>0.1]
59316it [4:24:21 bound:729 nc:1175 ncall:3.3e+07 eff:0.2% logz-ratio=2.96+/-0.05 dlogz:6.409>0.1]
59435it [4:25:22 bound:731 nc:1748 ncall:3.3e+07 eff:0.2% logz-ratio=2.97+/-0.05 dlogz:6.371>0.1]
59552it [4:26:23 bound:733 nc:1205 ncall:3.3e+07 eff:0.2% logz-ratio=2.98+/-0.05 dlogz:6.333>0.1]
59669it [4:27:25 bound:735 nc:1092 ncall:3.3e+07 eff:0.2% logz-ratio=2.99+/-0.05 dlogz:6.296>0.1]
59847it [4:28:56 bound:738 nc:2989 ncall:3.4e+07 eff:0.2% logz-ratio=3.00+/-0.05 dlogz:6.239>0.1]
59964it [4:29:58 bound:740 nc:1134 ncall:3.4e+07 eff:0.2% logz-ratio=3.01+/-0.05 dlogz:6.202>0.1]
60086it [4:31:00 bound:742 nc:1559 ncall:3.4e+07 eff:0.2% logz-ratio=3.02+/-0.05 dlogz:6.163>0.1]
60206it [4:32:01 bound:744 nc:1294 ncall:3.4e+07 eff:0.2% logz-ratio=3.03+/-0.05 dlogz:6.124>0.1]
60326it [4:33:03 bound:746 nc:1729 ncall:3.4e+07 eff:0.2% logz-ratio=3.04+/-0.05 dlogz:6.086>0.1]
60444it [4:34:08 bound:748 nc:878 ncall:3.4e+07 eff:0.2% logz-ratio=3.05+/-0.05 dlogz:6.048>0.1]
60564it [4:35:11 bound:750 nc:1597 ncall:3.4e+07 eff:0.2% logz-ratio=3.06+/-0.05 dlogz:6.010>0.1]
60681it [4:36:14 bound:752 nc:760 ncall:3.5e+07 eff:0.2% logz-ratio=3.07+/-0.05 dlogz:5.973>0.1]
60801it [4:37:20 bound:754 nc:2426 ncall:3.5e+07 eff:0.2% logz-ratio=3.07+/-0.05 dlogz:5.935>0.1]
60915it [4:38:25 bound:756 nc:1348 ncall:3.5e+07 eff:0.2% logz-ratio=3.08+/-0.05 dlogz:5.898>0.1]
61036it [4:39:31 bound:758 nc:1045 ncall:3.5e+07 eff:0.2% logz-ratio=3.09+/-0.05 dlogz:5.860>0.1]
61160it [4:40:38 bound:760 nc:1535 ncall:3.5e+07 eff:0.2% logz-ratio=3.10+/-0.05 dlogz:5.820>0.1]
61275it [4:41:44 bound:762 nc:1346 ncall:3.5e+07 eff:0.2% logz-ratio=3.11+/-0.05 dlogz:5.784>0.1]
61396it [4:42:48 bound:764 nc:670 ncall:3.6e+07 eff:0.2% logz-ratio=3.12+/-0.05 dlogz:5.745>0.1]
61513it [4:43:53 bound:766 nc:847 ncall:3.6e+07 eff:0.2% logz-ratio=3.13+/-0.05 dlogz:5.708>0.1]
61629it [4:45:01 bound:768 nc:1441 ncall:3.6e+07 eff:0.2% logz-ratio=3.14+/-0.05 dlogz:5.671>0.1]
61748it [4:46:08 bound:770 nc:1708 ncall:3.6e+07 eff:0.2% logz-ratio=3.15+/-0.05 dlogz:5.633>0.1]
61867it [4:47:20 bound:772 nc:993 ncall:3.6e+07 eff:0.2% logz-ratio=3.15+/-0.05 dlogz:5.595>0.1]
61991it [4:48:32 bound:774 nc:2083 ncall:3.6e+07 eff:0.2% logz-ratio=3.16+/-0.05 dlogz:5.556>0.1]
62107it [4:49:41 bound:776 nc:1179 ncall:3.7e+07 eff:0.2% logz-ratio=3.17+/-0.05 dlogz:5.519>0.1]
62225it [4:50:48 bound:778 nc:1959 ncall:3.7e+07 eff:0.2% logz-ratio=3.18+/-0.05 dlogz:5.482>0.1]
62337it [4:51:59 bound:780 nc:1366 ncall:3.7e+07 eff:0.2% logz-ratio=3.19+/-0.05 dlogz:5.446>0.1]
62454it [4:53:11 bound:782 nc:1213 ncall:3.7e+07 eff:0.2% logz-ratio=3.20+/-0.05 dlogz:5.409>0.1]
62570it [4:54:20 bound:784 nc:1920 ncall:3.7e+07 eff:0.2% logz-ratio=3.21+/-0.05 dlogz:5.372>0.1]
62690it [4:55:31 bound:786 nc:2678 ncall:3.7e+07 eff:0.2% logz-ratio=3.22+/-0.05 dlogz:5.334>0.1]
62810it [4:56:44 bound:788 nc:1897 ncall:3.8e+07 eff:0.2% logz-ratio=3.22+/-0.05 dlogz:5.297>0.1]
62930it [4:57:55 bound:790 nc:1221 ncall:3.8e+07 eff:0.2% logz-ratio=3.23+/-0.05 dlogz:7.523>0.1]
63050it [4:59:07 bound:792 nc:1639 ncall:3.8e+07 eff:0.2% logz-ratio=3.24+/-0.05 dlogz:7.485>0.1]
63164it [5:00:15 bound:794 nc:1085 ncall:3.8e+07 eff:0.2% logz-ratio=3.25+/-0.05 dlogz:7.449>0.1]
63285it [5:01:27 bound:796 nc:1193 ncall:3.8e+07 eff:0.2% logz-ratio=3.26+/-0.05 dlogz:7.410>0.1]
63348it [5:03:05 bound:797 nc:1646 ncall:3.8e+07 eff:0.2% logz-ratio=3.26+/-0.05 dlogz:7.390>0.1]
63460it [5:04:16 bound:799 nc:3046 ncall:3.9e+07 eff:0.2% logz-ratio=3.27+/-0.05 dlogz:7.355>0.1]
63583it [5:05:31 bound:801 nc:1375 ncall:3.9e+07 eff:0.2% logz-ratio=3.28+/-0.05 dlogz:7.316>0.1]
63703it [5:06:47 bound:803 nc:1395 ncall:3.9e+07 eff:0.2% logz-ratio=3.29+/-0.05 dlogz:7.278>0.1]
63823it [5:08:02 bound:805 nc:1757 ncall:3.9e+07 eff:0.2% logz-ratio=3.30+/-0.05 dlogz:7.240>0.1]
63940it [5:09:17 bound:807 nc:2796 ncall:3.9e+07 eff:0.2% logz-ratio=3.31+/-0.05 dlogz:7.203>0.1]
64056it [5:10:34 bound:809 nc:1491 ncall:4.0e+07 eff:0.2% logz-ratio=3.32+/-0.05 dlogz:7.166>0.1]
64174it [5:11:47 bound:811 nc:1756 ncall:4.0e+07 eff:0.2% logz-ratio=3.32+/-0.05 dlogz:7.129>0.1]
64290it [5:13:03 bound:813 nc:1453 ncall:4.0e+07 eff:0.2% logz-ratio=3.33+/-0.05 dlogz:7.092>0.1]
64404it [5:14:19 bound:815 nc:1733 ncall:4.0e+07 eff:0.2% logz-ratio=3.34+/-0.05 dlogz:7.056>0.1]
64516it [5:15:37 bound:817 nc:3233 ncall:4.0e+07 eff:0.2% logz-ratio=3.35+/-0.05 dlogz:7.021>0.1]
64639it [5:16:58 bound:819 nc:1395 ncall:4.1e+07 eff:0.2% logz-ratio=3.36+/-0.05 dlogz:6.982>0.1]
64754it [5:18:15 bound:821 nc:1474 ncall:4.1e+07 eff:0.2% logz-ratio=3.37+/-0.05 dlogz:6.945>0.1]
64871it [5:19:34 bound:823 nc:3068 ncall:4.1e+07 eff:0.2% logz-ratio=3.37+/-0.05 dlogz:6.908>0.1]
64986it [5:20:54 bound:825 nc:1529 ncall:4.1e+07 eff:0.2% logz-ratio=3.38+/-0.05 dlogz:6.872>0.1]
65102it [5:22:13 bound:827 nc:1597 ncall:4.1e+07 eff:0.2% logz-ratio=3.39+/-0.05 dlogz:6.835>0.1]
65216it [5:23:33 bound:829 nc:1589 ncall:4.2e+07 eff:0.2% logz-ratio=3.40+/-0.05 dlogz:6.799>0.1]
65331it [5:24:51 bound:831 nc:1464 ncall:4.2e+07 eff:0.2% logz-ratio=3.41+/-0.05 dlogz:6.763>0.1]
65448it [5:26:14 bound:833 nc:1669 ncall:4.2e+07 eff:0.2% logz-ratio=3.42+/-0.05 dlogz:6.726>0.1]
65558it [5:27:32 bound:835 nc:1592 ncall:4.2e+07 eff:0.2% logz-ratio=3.42+/-0.05 dlogz:6.691>0.1]
65668it [5:28:51 bound:837 nc:2038 ncall:4.2e+07 eff:0.2% logz-ratio=3.43+/-0.05 dlogz:6.656>0.1]
65781it [5:30:12 bound:839 nc:1192 ncall:4.3e+07 eff:0.2% logz-ratio=3.44+/-0.05 dlogz:6.620>0.1]
65898it [5:31:34 bound:841 nc:2854 ncall:4.3e+07 eff:0.2% logz-ratio=3.45+/-0.05 dlogz:6.583>0.1]
66018it [5:32:56 bound:843 nc:1628 ncall:4.3e+07 eff:0.2% logz-ratio=3.46+/-0.05 dlogz:6.545>0.1]
66132it [5:34:15 bound:845 nc:1845 ncall:4.3e+07 eff:0.2% logz-ratio=3.47+/-0.05 dlogz:6.509>0.1]
66248it [5:35:35 bound:847 nc:3237 ncall:4.3e+07 eff:0.2% logz-ratio=3.47+/-0.05 dlogz:6.473>0.1]
66357it [5:36:54 bound:849 nc:4991 ncall:4.4e+07 eff:0.2% logz-ratio=3.48+/-0.05 dlogz:6.439>0.1]
66470it [5:38:15 bound:851 nc:1491 ncall:4.4e+07 eff:0.2% logz-ratio=3.49+/-0.05 dlogz:6.403>0.1]
66591it [5:39:38 bound:853 nc:1620 ncall:4.4e+07 eff:0.2% logz-ratio=3.50+/-0.05 dlogz:6.365>0.1]
66709it [5:40:59 bound:855 nc:1998 ncall:4.4e+07 eff:0.2% logz-ratio=3.51+/-0.05 dlogz:6.328>0.1]
66829it [5:42:22 bound:857 nc:2158 ncall:4.5e+07 eff:0.2% logz-ratio=3.52+/-0.05 dlogz:6.290>0.1]
66940it [5:43:44 bound:859 nc:2021 ncall:4.5e+07 eff:0.1% logz-ratio=3.52+/-0.05 dlogz:6.255>0.1]
67056it [5:45:04 bound:861 nc:3827 ncall:4.5e+07 eff:0.1% logz-ratio=3.53+/-0.05 dlogz:6.218>0.1]
67178it [5:46:30 bound:863 nc:1860 ncall:4.5e+07 eff:0.1% logz-ratio=3.54+/-0.05 dlogz:6.180>0.1]
67294it [5:47:51 bound:865 nc:1372 ncall:4.5e+07 eff:0.1% logz-ratio=3.55+/-0.05 dlogz:6.143>0.1]
67412it [5:49:13 bound:867 nc:956 ncall:4.6e+07 eff:0.1% logz-ratio=3.56+/-0.05 dlogz:6.106>0.1]
67526it [5:50:36 bound:869 nc:1462 ncall:4.6e+07 eff:0.1% logz-ratio=3.57+/-0.05 dlogz:6.071>0.1]
67643it [5:52:00 bound:871 nc:1858 ncall:4.6e+07 eff:0.1% logz-ratio=3.57+/-0.05 dlogz:6.034>0.1]
67762it [5:53:26 bound:873 nc:1692 ncall:4.6e+07 eff:0.1% logz-ratio=3.58+/-0.05 dlogz:5.997>0.1]
67879it [5:54:47 bound:875 nc:1828 ncall:4.6e+07 eff:0.1% logz-ratio=3.59+/-0.05 dlogz:5.960>0.1]
67999it [5:56:11 bound:877 nc:1131 ncall:4.7e+07 eff:0.1% logz-ratio=3.60+/-0.05 dlogz:5.922>0.1]
68116it [5:57:35 bound:879 nc:1481 ncall:4.7e+07 eff:0.1% logz-ratio=3.61+/-0.05 dlogz:5.886>0.1]
68233it [5:59:01 bound:881 nc:1452 ncall:4.7e+07 eff:0.1% logz-ratio=3.61+/-0.05 dlogz:5.849>0.1]
68346it [6:00:24 bound:883 nc:1482 ncall:4.7e+07 eff:0.1% logz-ratio=3.62+/-0.05 dlogz:5.814>0.1]
68467it [6:01:47 bound:885 nc:2015 ncall:4.8e+07 eff:0.1% logz-ratio=3.63+/-0.05 dlogz:5.776>0.1]
68576it [6:03:13 bound:887 nc:1667 ncall:4.8e+07 eff:0.1% logz-ratio=3.64+/-0.05 dlogz:5.742>0.1]
68586it [6:04:19 bound:887 nc:1898 ncall:4.8e+07 eff:0.1% logz-ratio=3.64+/-0.05 dlogz:5.739>0.1]
68695it [6:05:44 bound:889 nc:1572 ncall:4.8e+07 eff:0.1% logz-ratio=3.65+/-0.05 dlogz:5.705>0.1]
68812it [6:07:11 bound:891 nc:2975 ncall:4.8e+07 eff:0.1% logz-ratio=3.65+/-0.05 dlogz:5.669>0.1]
68923it [6:08:38 bound:893 nc:3765 ncall:4.8e+07 eff:0.1% logz-ratio=3.66+/-0.05 dlogz:5.635>0.1]
69039it [6:10:02 bound:895 nc:2002 ncall:4.9e+07 eff:0.1% logz-ratio=3.67+/-0.05 dlogz:5.599>0.1]
69159it [6:11:27 bound:897 nc:2248 ncall:4.9e+07 eff:0.1% logz-ratio=3.68+/-0.05 dlogz:5.562>0.1]
69275it [6:12:51 bound:899 nc:1670 ncall:4.9e+07 eff:0.1% logz-ratio=3.68+/-0.05 dlogz:5.526>0.1]
69387it [6:14:19 bound:901 nc:2322 ncall:4.9e+07 eff:0.1% logz-ratio=3.69+/-0.05 dlogz:5.491>0.1]
69505it [6:15:43 bound:903 nc:1880 ncall:5.0e+07 eff:0.1% logz-ratio=3.70+/-0.05 dlogz:5.455>0.1]
69620it [6:17:07 bound:905 nc:3361 ncall:5.0e+07 eff:0.1% logz-ratio=3.71+/-0.05 dlogz:5.419>0.1]
69741it [6:18:33 bound:907 nc:1809 ncall:5.0e+07 eff:0.1% logz-ratio=3.72+/-0.05 dlogz:5.382>0.1]
69857it [6:19:58 bound:909 nc:1978 ncall:5.0e+07 eff:0.1% logz-ratio=3.72+/-0.05 dlogz:5.346>0.1]
69975it [6:21:23 bound:911 nc:2496 ncall:5.0e+07 eff:0.1% logz-ratio=3.73+/-0.05 dlogz:5.310>0.1]
70085it [6:22:46 bound:913 nc:1667 ncall:5.1e+07 eff:0.1% logz-ratio=3.74+/-0.05 dlogz:5.276>0.1]
70201it [6:24:09 bound:915 nc:2057 ncall:5.1e+07 eff:0.1% logz-ratio=3.74+/-0.05 dlogz:5.241>0.1]
70320it [6:25:33 bound:917 nc:2216 ncall:5.1e+07 eff:0.1% logz-ratio=3.75+/-0.05 dlogz:5.205>0.1]
70435it [6:27:01 bound:919 nc:1098 ncall:5.1e+07 eff:0.1% logz-ratio=3.76+/-0.05 dlogz:5.169>0.1]
70554it [6:28:27 bound:921 nc:1885 ncall:5.2e+07 eff:0.1% logz-ratio=3.77+/-0.05 dlogz:5.133>0.1]
70671it [6:29:51 bound:923 nc:1738 ncall:5.2e+07 eff:0.1% logz-ratio=3.77+/-0.05 dlogz:5.098>0.1]
70781it [6:31:15 bound:925 nc:987 ncall:5.2e+07 eff:0.1% logz-ratio=3.78+/-0.05 dlogz:5.064>0.1]
70892it [6:32:41 bound:927 nc:2363 ncall:5.2e+07 eff:0.1% logz-ratio=3.79+/-0.05 dlogz:5.030>0.1]
71010it [6:34:05 bound:929 nc:1787 ncall:5.2e+07 eff:0.1% logz-ratio=3.80+/-0.05 dlogz:4.994>0.1]
71123it [6:35:27 bound:931 nc:3305 ncall:5.3e+07 eff:0.1% logz-ratio=3.80+/-0.05 dlogz:4.960>0.1]
71240it [6:36:52 bound:933 nc:1585 ncall:5.3e+07 eff:0.1% logz-ratio=3.81+/-0.05 dlogz:4.925>0.1]
71353it [6:38:20 bound:935 nc:2568 ncall:5.3e+07 eff:0.1% logz-ratio=3.82+/-0.05 dlogz:4.891>0.1]
71461it [6:39:44 bound:937 nc:1580 ncall:5.3e+07 eff:0.1% logz-ratio=3.82+/-0.05 dlogz:4.858>0.1]
71575it [6:41:10 bound:939 nc:1434 ncall:5.4e+07 eff:0.1% logz-ratio=3.83+/-0.05 dlogz:4.823>0.1]
71688it [6:42:38 bound:941 nc:2106 ncall:5.4e+07 eff:0.1% logz-ratio=3.84+/-0.05 dlogz:4.789>0.1]
71806it [6:44:04 bound:943 nc:1805 ncall:5.4e+07 eff:0.1% logz-ratio=3.84+/-0.05 dlogz:4.754>0.1]
71917it [6:45:29 bound:945 nc:5102 ncall:5.4e+07 eff:0.1% logz-ratio=3.85+/-0.05 dlogz:4.721>0.1]
72031it [6:46:51 bound:947 nc:1010 ncall:5.4e+07 eff:0.1% logz-ratio=3.86+/-0.05 dlogz:4.686>0.1]
72147it [6:48:17 bound:949 nc:5335 ncall:5.5e+07 eff:0.1% logz-ratio=3.86+/-0.05 dlogz:4.652>0.1]
72257it [6:49:41 bound:951 nc:3791 ncall:5.5e+07 eff:0.1% logz-ratio=3.87+/-0.05 dlogz:4.619>0.1]
72368it [6:51:09 bound:953 nc:1795 ncall:5.5e+07 eff:0.1% logz-ratio=3.88+/-0.05 dlogz:4.586>0.1]
72485it [6:52:35 bound:955 nc:1680 ncall:5.5e+07 eff:0.1% logz-ratio=3.88+/-0.05 dlogz:4.551>0.1]
72598it [6:53:59 bound:957 nc:1941 ncall:5.6e+07 eff:0.1% logz-ratio=3.89+/-0.05 dlogz:4.517>0.1]
72713it [6:55:26 bound:959 nc:1606 ncall:5.6e+07 eff:0.1% logz-ratio=3.90+/-0.05 dlogz:4.483>0.1]
72829it [6:56:52 bound:961 nc:1968 ncall:5.6e+07 eff:0.1% logz-ratio=3.90+/-0.05 dlogz:4.449>0.1]
72942it [6:58:19 bound:963 nc:820 ncall:5.6e+07 eff:0.1% logz-ratio=3.91+/-0.05 dlogz:4.415>0.1]
73060it [6:59:46 bound:965 nc:1921 ncall:5.7e+07 eff:0.1% logz-ratio=3.91+/-0.05 dlogz:4.381>0.1]
73174it [7:01:12 bound:967 nc:2243 ncall:5.7e+07 eff:0.1% logz-ratio=3.92+/-0.06 dlogz:4.347>0.1]
73288it [7:02:40 bound:969 nc:3271 ncall:5.7e+07 eff:0.1% logz-ratio=3.93+/-0.06 dlogz:4.313>0.1]
73403it [7:04:11 bound:971 nc:2085 ncall:5.7e+07 eff:0.1% logz-ratio=3.93+/-0.06 dlogz:4.280>0.1]
73411it [7:05:21 bound:971 nc:1645 ncall:5.7e+07 eff:0.1% logz-ratio=3.93+/-0.06 dlogz:4.277>0.1]
73520it [7:06:48 bound:973 nc:1832 ncall:5.7e+07 eff:0.1% logz-ratio=3.94+/-0.06 dlogz:4.245>0.1]
73637it [7:08:16 bound:975 nc:2174 ncall:5.8e+07 eff:0.1% logz-ratio=3.95+/-0.06 dlogz:4.211>0.1]
73749it [7:09:45 bound:977 nc:2393 ncall:5.8e+07 eff:0.1% logz-ratio=3.95+/-0.06 dlogz:4.178>0.1]
73867it [7:11:15 bound:979 nc:1320 ncall:5.8e+07 eff:0.1% logz-ratio=3.96+/-0.06 dlogz:4.144>0.1]
73983it [7:12:44 bound:981 nc:1771 ncall:5.8e+07 eff:0.1% logz-ratio=3.96+/-0.06 dlogz:4.110>0.1]
74103it [7:14:16 bound:983 nc:2457 ncall:5.9e+07 eff:0.1% logz-ratio=3.97+/-0.06 dlogz:4.075>0.1]
74219it [7:15:48 bound:985 nc:1506 ncall:5.9e+07 eff:0.1% logz-ratio=3.98+/-0.06 dlogz:4.042>0.1]
74336it [7:17:23 bound:987 nc:1806 ncall:5.9e+07 eff:0.1% logz-ratio=3.98+/-0.06 dlogz:4.008>0.1]
74458it [7:18:54 bound:989 nc:1480 ncall:5.9e+07 eff:0.1% logz-ratio=3.99+/-0.06 dlogz:3.972>0.1]
74574it [7:20:25 bound:991 nc:3395 ncall:6.0e+07 eff:0.1% logz-ratio=3.99+/-0.06 dlogz:3.939>0.1]
74689it [7:22:01 bound:993 nc:3587 ncall:6.0e+07 eff:0.1% logz-ratio=4.00+/-0.06 dlogz:3.906>0.1]
74807it [7:23:33 bound:995 nc:1692 ncall:6.0e+07 eff:0.1% logz-ratio=4.01+/-0.06 dlogz:3.872>0.1]
74922it [7:25:07 bound:997 nc:1683 ncall:6.0e+07 eff:0.1% logz-ratio=4.01+/-0.06 dlogz:3.839>0.1]
75036it [7:26:40 bound:999 nc:2272 ncall:6.1e+07 eff:0.1% logz-ratio=4.02+/-0.06 dlogz:3.806>0.1]
75149it [7:28:15 bound:1001 nc:4583 ncall:6.1e+07 eff:0.1% logz-ratio=4.02+/-0.06 dlogz:3.774>0.1]
75261it [7:29:49 bound:1003 nc:3468 ncall:6.1e+07 eff:0.1% logz-ratio=4.03+/-0.06 dlogz:3.742>0.1]
75377it [7:31:27 bound:1005 nc:2156 ncall:6.1e+07 eff:0.1% logz-ratio=4.03+/-0.06 dlogz:3.709>0.1]
75498it [7:33:03 bound:1007 nc:2256 ncall:6.2e+07 eff:0.1% logz-ratio=4.04+/-0.06 dlogz:3.674>0.1]
75611it [7:34:36 bound:1009 nc:1384 ncall:6.2e+07 eff:0.1% logz-ratio=4.04+/-0.06 dlogz:3.642>0.1]
75725it [7:36:16 bound:1011 nc:2167 ncall:6.2e+07 eff:0.1% logz-ratio=4.05+/-0.06 dlogz:3.610>0.1]
75843it [7:37:53 bound:1013 nc:3596 ncall:6.2e+07 eff:0.1% logz-ratio=4.05+/-0.06 dlogz:3.577>0.1]
75959it [7:39:29 bound:1015 nc:1615 ncall:6.3e+07 eff:0.1% logz-ratio=4.06+/-0.06 dlogz:3.544>0.1]
76079it [7:41:07 bound:1017 nc:2503 ncall:6.3e+07 eff:0.1% logz-ratio=4.07+/-0.06 dlogz:3.510>0.1]
76202it [7:42:44 bound:1019 nc:1917 ncall:6.3e+07 eff:0.1% logz-ratio=4.07+/-0.06 dlogz:3.475>0.1]
76318it [7:44:22 bound:1021 nc:1783 ncall:6.3e+07 eff:0.1% logz-ratio=4.08+/-0.06 dlogz:3.443>0.1]
76427it [7:46:00 bound:1023 nc:1733 ncall:6.4e+07 eff:0.1% logz-ratio=4.08+/-0.06 dlogz:3.412>0.1]
76537it [7:47:42 bound:1025 nc:5621 ncall:6.4e+07 eff:0.1% logz-ratio=4.09+/-0.06 dlogz:3.382>0.1]
76656it [7:49:20 bound:1027 nc:1876 ncall:6.4e+07 eff:0.1% logz-ratio=4.09+/-0.06 dlogz:3.348>0.1]
76763it [7:51:00 bound:1029 nc:3833 ncall:6.4e+07 eff:0.1% logz-ratio=4.10+/-0.06 dlogz:3.319>0.1]
76878it [7:52:41 bound:1031 nc:4061 ncall:6.5e+07 eff:0.1% logz-ratio=4.10+/-0.06 dlogz:3.287>0.1]
76998it [7:54:21 bound:1033 nc:3649 ncall:6.5e+07 eff:0.1% logz-ratio=4.11+/-0.06 dlogz:3.253>0.1]
77119it [7:56:00 bound:1035 nc:2254 ncall:6.5e+07 eff:0.1% logz-ratio=4.11+/-0.06 dlogz:3.220>0.1]
77233it [7:57:42 bound:1037 nc:2637 ncall:6.6e+07 eff:0.1% logz-ratio=4.12+/-0.06 dlogz:3.188>0.1]
77346it [7:59:23 bound:1039 nc:2214 ncall:6.6e+07 eff:0.1% logz-ratio=4.12+/-0.06 dlogz:3.157>0.1]
77461it [8:01:04 bound:1041 nc:2168 ncall:6.6e+07 eff:0.1% logz-ratio=4.13+/-0.06 dlogz:3.125>0.1]
77583it [8:02:43 bound:1043 nc:2792 ncall:6.6e+07 eff:0.1% logz-ratio=4.13+/-0.06 dlogz:3.092>0.1]
77697it [8:04:23 bound:1045 nc:4016 ncall:6.7e+07 eff:0.1% logz-ratio=4.14+/-0.06 dlogz:3.061>0.1]
77758it [8:06:27 bound:1046 nc:2729 ncall:6.7e+07 eff:0.1% logz-ratio=4.14+/-0.06 dlogz:3.044>0.1]
77869it [8:08:10 bound:1048 nc:4553 ncall:6.7e+07 eff:0.1% logz-ratio=4.14+/-0.06 dlogz:3.014>0.1]
77984it [8:09:56 bound:1050 nc:1826 ncall:6.7e+07 eff:0.1% logz-ratio=4.15+/-0.06 dlogz:2.983>0.1]
78101it [8:11:40 bound:1052 nc:1901 ncall:6.8e+07 eff:0.1% logz-ratio=4.15+/-0.06 dlogz:2.951>0.1]
78216it [8:13:25 bound:1054 nc:2212 ncall:6.8e+07 eff:0.1% logz-ratio=4.16+/-0.06 dlogz:2.920>0.1]
78334it [8:15:08 bound:1056 nc:1712 ncall:6.8e+07 eff:0.1% logz-ratio=4.16+/-0.06 dlogz:2.888>0.1]
78453it [8:16:53 bound:1058 nc:2114 ncall:6.8e+07 eff:0.1% logz-ratio=4.17+/-0.06 dlogz:2.856>0.1]
78567it [8:18:32 bound:1060 nc:2511 ncall:6.9e+07 eff:0.1% logz-ratio=4.17+/-0.06 dlogz:2.825>0.1]
78688it [8:20:16 bound:1062 nc:1655 ncall:6.9e+07 eff:0.1% logz-ratio=4.18+/-0.06 dlogz:2.793>0.1]
78803it [8:22:01 bound:1064 nc:1996 ncall:6.9e+07 eff:0.1% logz-ratio=4.18+/-0.06 dlogz:2.762>0.1]
78920it [8:23:48 bound:1066 nc:1843 ncall:7.0e+07 eff:0.1% logz-ratio=4.19+/-0.06 dlogz:2.731>0.1]
79037it [8:25:34 bound:1068 nc:2007 ncall:7.0e+07 eff:0.1% logz-ratio=4.19+/-0.06 dlogz:2.700>0.1]
79145it [8:27:21 bound:1070 nc:3867 ncall:7.0e+07 eff:0.1% logz-ratio=4.20+/-0.06 dlogz:2.672>0.1]
79257it [8:29:08 bound:1072 nc:1815 ncall:7.0e+07 eff:0.1% logz-ratio=4.20+/-0.06 dlogz:2.642>0.1]
79374it [8:30:59 bound:1074 nc:2046 ncall:7.1e+07 eff:0.1% logz-ratio=4.21+/-0.06 dlogz:2.611>0.1]
79488it [8:32:44 bound:1076 nc:2165 ncall:7.1e+07 eff:0.1% logz-ratio=4.21+/-0.06 dlogz:2.582>0.1]
79606it [8:34:32 bound:1078 nc:2183 ncall:7.1e+07 eff:0.1% logz-ratio=4.21+/-0.06 dlogz:2.551>0.1]
79720it [8:36:21 bound:1080 nc:4208 ncall:7.2e+07 eff:0.1% logz-ratio=4.22+/-0.06 dlogz:2.521>0.1]
79836it [8:38:10 bound:1082 nc:2163 ncall:7.2e+07 eff:0.1% logz-ratio=4.22+/-0.06 dlogz:2.491>0.1]
79954it [8:39:59 bound:1084 nc:2365 ncall:7.2e+07 eff:0.1% logz-ratio=4.23+/-0.06 dlogz:2.461>0.1]
80072it [8:41:47 bound:1086 nc:2674 ncall:7.2e+07 eff:0.1% logz-ratio=4.23+/-0.06 dlogz:2.431>0.1]
80187it [8:43:35 bound:1088 nc:2414 ncall:7.3e+07 eff:0.1% logz-ratio=4.24+/-0.06 dlogz:2.401>0.1]
80303it [8:45:25 bound:1090 nc:1606 ncall:7.3e+07 eff:0.1% logz-ratio=4.24+/-0.06 dlogz:2.372>0.1]
80420it [8:47:09 bound:1092 nc:1606 ncall:7.3e+07 eff:0.1% logz-ratio=4.24+/-0.06 dlogz:2.342>0.1]
80538it [8:48:59 bound:1094 nc:2057 ncall:7.4e+07 eff:0.1% logz-ratio=4.25+/-0.06 dlogz:2.313>0.1]
80651it [8:50:48 bound:1096 nc:3028 ncall:7.4e+07 eff:0.1% logz-ratio=4.25+/-0.06 dlogz:2.284>0.1]
80772it [8:52:33 bound:1098 nc:1851 ncall:7.4e+07 eff:0.1% logz-ratio=4.26+/-0.06 dlogz:2.254>0.1]
80889it [8:54:25 bound:1100 nc:1604 ncall:7.4e+07 eff:0.1% logz-ratio=4.26+/-0.06 dlogz:2.225>0.1]
81011it [8:56:20 bound:1102 nc:5639 ncall:7.5e+07 eff:0.1% logz-ratio=4.27+/-0.06 dlogz:2.194>0.1]
81127it [8:58:11 bound:1104 nc:2550 ncall:7.5e+07 eff:0.1% logz-ratio=4.27+/-0.06 dlogz:2.166>0.1]
81245it [9:00:00 bound:1106 nc:2719 ncall:7.5e+07 eff:0.1% logz-ratio=4.27+/-0.06 dlogz:2.137>0.1]
81357it [9:01:53 bound:1108 nc:2421 ncall:7.6e+07 eff:0.1% logz-ratio=4.28+/-0.06 dlogz:2.109>0.1]
81472it [9:03:41 bound:1110 nc:1953 ncall:7.6e+07 eff:0.1% logz-ratio=4.28+/-0.06 dlogz:2.081>0.1]
81592it [9:05:30 bound:1112 nc:2361 ncall:7.6e+07 eff:0.1% logz-ratio=4.29+/-0.06 dlogz:2.052>0.1]
81654it [9:07:43 bound:1113 nc:2568 ncall:7.6e+07 eff:0.1% logz-ratio=4.29+/-0.06 dlogz:2.037>0.1]
81761it [9:09:33 bound:1115 nc:2653 ncall:7.7e+07 eff:0.1% logz-ratio=4.29+/-0.06 dlogz:2.011>0.1]
81883it [9:11:26 bound:1117 nc:1676 ncall:7.7e+07 eff:0.1% logz-ratio=4.29+/-0.06 dlogz:1.982>0.1]
81994it [9:13:17 bound:1119 nc:4467 ncall:7.7e+07 eff:0.1% logz-ratio=4.30+/-0.06 dlogz:1.956>0.1]
82111it [9:15:10 bound:1121 nc:2753 ncall:7.7e+07 eff:0.1% logz-ratio=4.30+/-0.06 dlogz:2.957>0.1]
82227it [9:16:59 bound:1123 nc:1965 ncall:7.8e+07 eff:0.1% logz-ratio=4.31+/-0.06 dlogz:2.927>0.1]
82345it [9:18:49 bound:1125 nc:3608 ncall:7.8e+07 eff:0.1% logz-ratio=4.31+/-0.06 dlogz:2.896>0.1]
82454it [9:20:38 bound:1127 nc:4386 ncall:7.8e+07 eff:0.1% logz-ratio=4.31+/-0.06 dlogz:2.868>0.1]
82571it [9:22:33 bound:1129 nc:2544 ncall:7.9e+07 eff:0.1% logz-ratio=4.32+/-0.06 dlogz:2.837>0.1]
82686it [9:24:27 bound:1131 nc:2435 ncall:7.9e+07 eff:0.1% logz-ratio=4.32+/-0.06 dlogz:2.808>0.1]
82799it [9:26:19 bound:1133 nc:6289 ncall:7.9e+07 eff:0.1% logz-ratio=4.32+/-0.06 dlogz:2.778>0.1]
82909it [9:28:15 bound:1135 nc:2008 ncall:8.0e+07 eff:0.1% logz-ratio=4.33+/-0.06 dlogz:2.750>0.1]
83020it [9:29:59 bound:1137 nc:4746 ncall:8.0e+07 eff:0.1% logz-ratio=4.33+/-0.06 dlogz:2.722>0.1]
83137it [9:31:51 bound:1139 nc:2604 ncall:8.0e+07 eff:0.1% logz-ratio=4.33+/-0.06 dlogz:2.692>0.1]
83251it [9:33:41 bound:1141 nc:1708 ncall:8.0e+07 eff:0.1% logz-ratio=4.34+/-0.06 dlogz:2.662>0.1]
83357it [9:35:35 bound:1143 nc:1498 ncall:8.1e+07 eff:0.1% logz-ratio=4.34+/-0.06 dlogz:2.635>0.1]
83472it [9:37:27 bound:1145 nc:2246 ncall:8.1e+07 eff:0.1% logz-ratio=4.34+/-0.06 dlogz:2.606>0.1]
83585it [9:39:19 bound:1147 nc:2984 ncall:8.1e+07 eff:0.1% logz-ratio=4.35+/-0.06 dlogz:2.578>0.1]
83703it [9:41:11 bound:1149 nc:2880 ncall:8.2e+07 eff:0.1% logz-ratio=4.35+/-0.06 dlogz:2.548>0.1]
83819it [9:43:01 bound:1151 nc:2356 ncall:8.2e+07 eff:0.1% logz-ratio=4.35+/-0.06 dlogz:2.519>0.1]
83942it [9:44:51 bound:1153 nc:2045 ncall:8.2e+07 eff:0.1% logz-ratio=4.36+/-0.06 dlogz:2.488>0.1]
84054it [9:46:41 bound:1155 nc:1946 ncall:8.2e+07 eff:0.1% logz-ratio=4.36+/-0.06 dlogz:2.460>0.1]
84170it [9:48:33 bound:1157 nc:1611 ncall:8.3e+07 eff:0.1% logz-ratio=4.36+/-0.06 dlogz:2.431>0.1]
84287it [9:50:25 bound:1159 nc:2537 ncall:8.3e+07 eff:0.1% logz-ratio=4.37+/-0.06 dlogz:2.402>0.1]
84399it [9:52:20 bound:1161 nc:2906 ncall:8.3e+07 eff:0.1% logz-ratio=4.37+/-0.06 dlogz:2.374>0.1]
84512it [9:54:11 bound:1163 nc:2257 ncall:8.4e+07 eff:0.1% logz-ratio=4.37+/-0.06 dlogz:2.347>0.1]
84634it [9:56:02 bound:1165 nc:2320 ncall:8.4e+07 eff:0.1% logz-ratio=4.38+/-0.06 dlogz:2.317>0.1]
84747it [9:57:51 bound:1167 nc:10259 ncall:8.4e+07 eff:0.1% logz-ratio=4.38+/-0.06 dlogz:2.289>0.1]
84866it [9:59:46 bound:1169 nc:2478 ncall:8.4e+07 eff:0.1% logz-ratio=4.38+/-0.06 dlogz:2.260>0.1]
84979it [10:01:40 bound:1171 nc:2120 ncall:8.5e+07 eff:0.1% logz-ratio=4.39+/-0.06 dlogz:2.233>0.1]
85036it [10:02:41 bound:1172 nc:2573 ncall:8.5e+07 eff:0.1% logz-ratio=4.39+/-0.06 dlogz:2.219>0.1]
85151it [10:04:34 bound:1174 nc:2167 ncall:8.5e+07 eff:0.1% logz-ratio=4.39+/-0.06 dlogz:2.191>0.1]
85264it [10:06:32 bound:1176 nc:2751 ncall:8.6e+07 eff:0.1% logz-ratio=4.39+/-0.06 dlogz:2.164>0.1]
85324it [10:08:48 bound:1177 nc:4668 ncall:8.6e+07 eff:0.1% logz-ratio=4.40+/-0.06 dlogz:2.150>0.1]
85434it [10:10:42 bound:1179 nc:2560 ncall:8.6e+07 eff:0.1% logz-ratio=4.40+/-0.06 dlogz:2.124>0.1]
85544it [10:12:36 bound:1181 nc:1738 ncall:8.6e+07 eff:0.1% logz-ratio=4.40+/-0.06 dlogz:2.098>0.1]
85660it [10:14:26 bound:1183 nc:2104 ncall:8.7e+07 eff:0.1% logz-ratio=4.40+/-0.06 dlogz:2.746>0.1]
85772it [10:16:17 bound:1185 nc:1627 ncall:8.7e+07 eff:0.1% logz-ratio=4.41+/-0.06 dlogz:2.718>0.1]
85886it [10:18:07 bound:1187 nc:2811 ncall:8.7e+07 eff:0.1% logz-ratio=4.41+/-0.06 dlogz:2.690>0.1]
86001it [10:20:00 bound:1189 nc:2068 ncall:8.7e+07 eff:0.1% logz-ratio=4.41+/-0.06 dlogz:2.661>0.1]
86118it [10:21:51 bound:1191 nc:2259 ncall:8.8e+07 eff:0.1% logz-ratio=4.42+/-0.06 dlogz:3.822>0.1]
86177it [10:22:52 bound:1192 nc:4823 ncall:8.8e+07 eff:0.1% logz-ratio=4.42+/-0.06 dlogz:3.807>0.1]
86294it [10:24:42 bound:1194 nc:4722 ncall:8.8e+07 eff:0.1% logz-ratio=4.42+/-0.06 dlogz:3.776>0.1]
86409it [10:26:38 bound:1196 nc:3663 ncall:8.8e+07 eff:0.1% logz-ratio=4.42+/-0.06 dlogz:3.746>0.1]
86529it [10:28:32 bound:1198 nc:2130 ncall:8.9e+07 eff:0.1% logz-ratio=4.43+/-0.06 dlogz:3.715>0.1]
86645it [10:30:28 bound:1200 nc:2145 ncall:8.9e+07 eff:0.1% logz-ratio=4.43+/-0.06 dlogz:3.685>0.1]
86766it [10:32:20 bound:1202 nc:1798 ncall:8.9e+07 eff:0.1% logz-ratio=4.43+/-0.06 dlogz:3.653>0.1]
86882it [10:34:16 bound:1204 nc:2246 ncall:9.0e+07 eff:0.1% logz-ratio=4.43+/-0.06 dlogz:3.623>0.1]
86991it [10:36:10 bound:1206 nc:5688 ncall:9.0e+07 eff:0.1% logz-ratio=4.44+/-0.06 dlogz:3.595>0.1]
87107it [10:38:05 bound:1208 nc:2484 ncall:9.0e+07 eff:0.1% logz-ratio=4.44+/-0.06 dlogz:3.564>0.1]
87226it [10:40:02 bound:1210 nc:2546 ncall:9.1e+07 eff:0.1% logz-ratio=4.44+/-0.06 dlogz:3.534>0.1]
87339it [10:41:57 bound:1212 nc:4234 ncall:9.1e+07 eff:0.1% logz-ratio=4.44+/-0.06 dlogz:3.504>0.1]
87392it [10:42:58 bound:1213 nc:3120 ncall:9.1e+07 eff:0.1% logz-ratio=4.44+/-0.06 dlogz:3.491>0.1]
87511it [10:44:54 bound:1215 nc:2460 ncall:9.1e+07 eff:0.1% logz-ratio=4.45+/-0.06 dlogz:3.460>0.1]
87570it [10:45:54 bound:1216 nc:4170 ncall:9.1e+07 eff:0.1% logz-ratio=4.45+/-0.06 dlogz:3.445>0.1]
87692it [10:47:47 bound:1218 nc:1815 ncall:9.2e+07 eff:0.1% logz-ratio=4.45+/-0.06 dlogz:3.414>0.1]
87806it [10:49:42 bound:1220 nc:5046 ncall:9.2e+07 eff:0.1% logz-ratio=4.45+/-0.06 dlogz:3.384>0.1]
87863it [10:50:43 bound:1221 nc:2629 ncall:9.2e+07 eff:0.1% logz-ratio=4.46+/-0.06 dlogz:3.370>0.1]
87974it [10:52:36 bound:1223 nc:1801 ncall:9.2e+07 eff:0.1% logz-ratio=4.46+/-0.06 dlogz:3.341>0.1]
88088it [10:54:29 bound:1225 nc:2280 ncall:9.3e+07 eff:0.1% logz-ratio=4.46+/-0.06 dlogz:3.731>0.1]
88145it [10:55:32 bound:1226 nc:3834 ncall:9.3e+07 eff:0.1% logz-ratio=4.46+/-0.06 dlogz:3.716>0.1]
88263it [10:57:24 bound:1228 nc:1568 ncall:9.3e+07 eff:0.1% logz-ratio=4.46+/-0.06 dlogz:3.685>0.1]
88370it [10:59:13 bound:1230 nc:2388 ncall:9.3e+07 eff:0.1% logz-ratio=4.47+/-0.06 dlogz:3.658>0.1]
88484it [11:01:09 bound:1232 nc:1398 ncall:9.4e+07 eff:0.1% logz-ratio=4.47+/-0.06 dlogz:3.628>0.1]
88596it [11:03:03 bound:1234 nc:2215 ncall:9.4e+07 eff:0.1% logz-ratio=4.47+/-0.06 dlogz:3.600>0.1]
88713it [11:04:55 bound:1236 nc:2295 ncall:9.4e+07 eff:0.1% logz-ratio=4.47+/-0.06 dlogz:3.570>0.1]
88829it [11:06:49 bound:1238 nc:2965 ncall:9.5e+07 eff:0.1% logz-ratio=4.47+/-0.06 dlogz:3.540>0.1]
88947it [11:08:41 bound:1240 nc:2631 ncall:9.5e+07 eff:0.1% logz-ratio=4.48+/-0.06 dlogz:3.510>0.1]
88953it [11:10:05 bound:1240 nc:2356 ncall:9.5e+07 eff:0.1% logz-ratio=4.48+/-0.06 dlogz:3.508>0.1]
89061it [11:12:01 bound:1242 nc:4672 ncall:9.5e+07 eff:0.1% logz-ratio=4.48+/-0.06 dlogz:3.481>0.1]
89175it [11:13:57 bound:1244 nc:2283 ncall:9.6e+07 eff:0.1% logz-ratio=4.48+/-0.06 dlogz:3.451>0.1]
89287it [11:15:48 bound:1246 nc:2723 ncall:9.6e+07 eff:0.1% logz-ratio=4.48+/-0.06 dlogz:3.423>0.1]
89401it [11:17:40 bound:1248 nc:2942 ncall:9.6e+07 eff:0.1% logz-ratio=4.49+/-0.06 dlogz:3.394>0.1]
89518it [11:19:31 bound:1250 nc:2300 ncall:9.6e+07 eff:0.1% logz-ratio=4.49+/-0.06 dlogz:3.364>0.1]
89628it [11:21:27 bound:1252 nc:2141 ncall:9.7e+07 eff:0.1% logz-ratio=4.49+/-0.06 dlogz:3.336>0.1]
89743it [11:23:20 bound:1254 nc:2468 ncall:9.7e+07 eff:0.1% logz-ratio=4.49+/-0.06 dlogz:3.307>0.1]
89857it [11:25:13 bound:1256 nc:2267 ncall:9.7e+07 eff:0.1% logz-ratio=4.49+/-0.06 dlogz:3.278>0.1]
89972it [11:27:09 bound:1258 nc:3179 ncall:9.8e+07 eff:0.1% logz-ratio=4.50+/-0.06 dlogz:3.250>0.1]
90084it [11:29:04 bound:1260 nc:2291 ncall:9.8e+07 eff:0.1% logz-ratio=4.50+/-0.06 dlogz:3.221>0.1]
90198it [11:30:56 bound:1262 nc:2394 ncall:9.8e+07 eff:0.1% logz-ratio=4.50+/-0.06 dlogz:3.193>0.1]
90308it [11:32:51 bound:1264 nc:2954 ncall:9.9e+07 eff:0.1% logz-ratio=4.50+/-0.06 dlogz:3.165>0.1]
90422it [11:34:45 bound:1266 nc:2723 ncall:9.9e+07 eff:0.1% logz-ratio=4.50+/-0.06 dlogz:3.137>0.1]
90542it [11:36:39 bound:1268 nc:1603 ncall:9.9e+07 eff:0.1% logz-ratio=4.51+/-0.06 dlogz:3.107>0.1]
90656it [11:38:32 bound:1270 nc:1562 ncall:9.9e+07 eff:0.1% logz-ratio=4.51+/-0.06 dlogz:3.078>0.1]
90769it [11:40:31 bound:1272 nc:2310 ncall:1.0e+08 eff:0.1% logz-ratio=4.51+/-0.06 dlogz:3.050>0.1]
90884it [11:42:27 bound:1274 nc:1817 ncall:1.0e+08 eff:0.1% logz-ratio=4.51+/-0.06 dlogz:3.757>0.1]
90996it [11:44:20 bound:1276 nc:1898 ncall:1.0e+08 eff:0.1% logz-ratio=4.51+/-0.06 dlogz:3.728>0.1]
91109it [11:46:16 bound:1278 nc:1695 ncall:1.0e+08 eff:0.1% logz-ratio=4.52+/-0.06 dlogz:3.700>0.1]
91228it [11:48:10 bound:1280 nc:1998 ncall:1.0e+08 eff:0.1% logz-ratio=4.52+/-0.06 dlogz:3.669>0.1]
91342it [11:50:06 bound:1282 nc:1716 ncall:1.0e+08 eff:0.1% logz-ratio=4.52+/-0.06 dlogz:3.641>0.1]
91453it [11:52:03 bound:1284 nc:6733 ncall:1.0e+08 eff:0.1% logz-ratio=4.52+/-0.06 dlogz:3.613>0.1]
91571it [11:53:54 bound:1286 nc:1565 ncall:1.0e+08 eff:0.1% logz-ratio=4.52+/-0.06 dlogz:3.583>0.1]
91681it [11:55:49 bound:1288 nc:2573 ncall:1.0e+08 eff:0.1% logz-ratio=4.52+/-0.06 dlogz:3.555>0.1]
91795it [11:57:44 bound:1290 nc:2738 ncall:1.0e+08 eff:0.1% logz-ratio=4.53+/-0.06 dlogz:3.526>0.1]
91915it [11:59:39 bound:1292 nc:4011 ncall:1.0e+08 eff:0.1% logz-ratio=4.53+/-0.06 dlogz:3.496>0.1]
92022it [12:00:39 bound:1293 nc:2559 ncall:1.0e+08 eff:0.1% logz-ratio=4.53+/-0.06 dlogz:3.469>0.1]
92083it [12:02:34 bound:1295 nc:2546 ncall:1.0e+08 eff:0.1% logz-ratio=4.53+/-0.06 dlogz:3.454>0.1]
92199it [12:04:31 bound:1297 nc:2634 ncall:1.0e+08 eff:0.1% logz-ratio=4.53+/-0.06 dlogz:3.425>0.1]
92318it [12:06:26 bound:1299 nc:2924 ncall:1.0e+08 eff:0.1% logz-ratio=4.53+/-0.06 dlogz:3.395>0.1]
92435it [12:08:18 bound:1301 nc:3022 ncall:1.0e+08 eff:0.1% logz-ratio=4.54+/-0.06 dlogz:3.366>0.1]
92553it [12:10:10 bound:1303 nc:2510 ncall:1.0e+08 eff:0.1% logz-ratio=4.54+/-0.06 dlogz:3.337>0.1]
92561it [12:11:37 bound:1303 nc:2083 ncall:1.0e+08 eff:0.1% logz-ratio=4.54+/-0.06 dlogz:3.335>0.1]
92671it [12:13:30 bound:1305 nc:1745 ncall:1.0e+08 eff:0.1% logz-ratio=4.54+/-0.06 dlogz:3.308>0.1]
92783it [12:15:24 bound:1307 nc:2479 ncall:1.0e+08 eff:0.1% logz-ratio=4.54+/-0.06 dlogz:3.280>0.1]
92899it [12:17:15 bound:1309 nc:2080 ncall:1.1e+08 eff:0.1% logz-ratio=4.54+/-0.06 dlogz:3.251>0.1]
93014it [12:19:08 bound:1311 nc:1900 ncall:1.1e+08 eff:0.1% logz-ratio=4.54+/-0.06 dlogz:3.223>0.1]
93135it [12:21:04 bound:1313 nc:1586 ncall:1.1e+08 eff:0.1% logz-ratio=4.54+/-0.06 dlogz:3.193>0.1]
93250it [12:22:53 bound:1315 nc:2620 ncall:1.1e+08 eff:0.1% logz-ratio=4.55+/-0.06 dlogz:3.165>0.1]
93365it [12:24:50 bound:1317 nc:2529 ncall:1.1e+08 eff:0.1% logz-ratio=4.55+/-0.06 dlogz:3.136>0.1]
93478it [12:26:44 bound:1319 nc:6399 ncall:1.1e+08 eff:0.1% logz-ratio=4.55+/-0.06 dlogz:3.109>0.1]
93591it [12:28:37 bound:1321 nc:2690 ncall:1.1e+08 eff:0.1% logz-ratio=4.55+/-0.06 dlogz:3.081>0.1]
93706it [12:30:31 bound:1323 nc:2391 ncall:1.1e+08 eff:0.1% logz-ratio=4.55+/-0.06 dlogz:3.053>0.1]
93823it [12:32:20 bound:1325 nc:2050 ncall:1.1e+08 eff:0.1% logz-ratio=4.55+/-0.06 dlogz:3.024>0.1]
93937it [12:34:13 bound:1327 nc:2890 ncall:1.1e+08 eff:0.1% logz-ratio=4.55+/-0.06 dlogz:2.997>0.1]
94050it [12:36:09 bound:1329 nc:2509 ncall:1.1e+08 eff:0.1% logz-ratio=4.56+/-0.06 dlogz:2.969>0.1]
94165it [12:37:59 bound:1331 nc:3896 ncall:1.1e+08 eff:0.1% logz-ratio=4.56+/-0.06 dlogz:2.941>0.1]
94280it [12:39:54 bound:1333 nc:3228 ncall:1.1e+08 eff:0.1% logz-ratio=4.56+/-0.06 dlogz:2.913>0.1]
94395it [12:41:49 bound:1335 nc:3378 ncall:1.1e+08 eff:0.1% logz-ratio=4.56+/-0.06 dlogz:2.886>0.1]
94513it [12:43:41 bound:1337 nc:2108 ncall:1.1e+08 eff:0.1% logz-ratio=4.56+/-0.06 dlogz:2.857>0.1]
94629it [12:45:32 bound:1339 nc:1818 ncall:1.1e+08 eff:0.1% logz-ratio=4.56+/-0.06 dlogz:2.829>0.1]
94748it [12:47:27 bound:1341 nc:2288 ncall:1.1e+08 eff:0.1% logz-ratio=4.56+/-0.06 dlogz:2.801>0.1]
94866it [12:49:20 bound:1343 nc:2414 ncall:1.1e+08 eff:0.1% logz-ratio=4.56+/-0.06 dlogz:2.773>0.1]
94979it [12:51:13 bound:1345 nc:1759 ncall:1.1e+08 eff:0.1% logz-ratio=4.57+/-0.06 dlogz:2.746>0.1]
95089it [12:53:03 bound:1347 nc:2625 ncall:1.1e+08 eff:0.1% logz-ratio=4.57+/-0.06 dlogz:2.720>0.1]
95196it [12:54:53 bound:1349 nc:4380 ncall:1.1e+08 eff:0.1% logz-ratio=4.57+/-0.06 dlogz:2.694>0.1]
95317it [12:56:48 bound:1351 nc:1989 ncall:1.1e+08 eff:0.1% logz-ratio=4.57+/-0.06 dlogz:2.665>0.1]
95434it [12:58:35 bound:1353 nc:1483 ncall:1.1e+08 eff:0.1% logz-ratio=4.57+/-0.06 dlogz:2.638>0.1]
95555it [13:00:23 bound:1355 nc:1536 ncall:1.1e+08 eff:0.1% logz-ratio=4.57+/-0.06 dlogz:2.609>0.1]
95662it [13:02:13 bound:1357 nc:2339 ncall:1.1e+08 eff:0.1% logz-ratio=4.57+/-0.06 dlogz:2.584>0.1]
95781it [13:04:03 bound:1359 nc:1770 ncall:1.1e+08 eff:0.1% logz-ratio=4.57+/-0.06 dlogz:2.556>0.1]
95899it [13:05:51 bound:1361 nc:2290 ncall:1.1e+08 eff:0.1% logz-ratio=4.58+/-0.06 dlogz:2.529>0.1]
96016it [13:07:44 bound:1363 nc:2737 ncall:1.1e+08 eff:0.1% logz-ratio=4.58+/-0.06 dlogz:3.778>0.1]
96126it [13:09:36 bound:1365 nc:2558 ncall:1.1e+08 eff:0.1% logz-ratio=4.58+/-0.06 dlogz:3.750>0.1]
96242it [13:11:28 bound:1367 nc:2034 ncall:1.1e+08 eff:0.1% logz-ratio=4.58+/-0.06 dlogz:3.722>0.1]
96249it [13:12:58 bound:1367 nc:2442 ncall:1.1e+08 eff:0.1% logz-ratio=4.58+/-0.06 dlogz:3.720>0.1]
96362it [13:14:49 bound:1369 nc:1826 ncall:1.1e+08 eff:0.1% logz-ratio=4.58+/-0.06 dlogz:3.692>0.1]
96484it [13:16:42 bound:1371 nc:2485 ncall:1.1e+08 eff:0.1% logz-ratio=4.58+/-0.06 dlogz:3.662>0.1]
96601it [13:18:34 bound:1373 nc:2199 ncall:1.1e+08 eff:0.1% logz-ratio=4.58+/-0.06 dlogz:3.633>0.1]
96721it [13:20:28 bound:1375 nc:2345 ncall:1.1e+08 eff:0.1% logz-ratio=4.58+/-0.06 dlogz:3.604>0.1]
96839it [13:22:20 bound:1377 nc:2409 ncall:1.2e+08 eff:0.1% logz-ratio=4.58+/-0.06 dlogz:3.575>0.1]
96955it [13:24:12 bound:1379 nc:2625 ncall:1.2e+08 eff:0.1% logz-ratio=4.58+/-0.06 dlogz:3.546>0.1]
97081it [13:26:03 bound:1381 nc:2229 ncall:1.2e+08 eff:0.1% logz-ratio=4.59+/-0.06 dlogz:3.516>0.1]
97199it [13:27:53 bound:1383 nc:2045 ncall:1.2e+08 eff:0.1% logz-ratio=4.59+/-0.06 dlogz:3.487>0.1]
97308it [13:29:40 bound:1385 nc:2143 ncall:1.2e+08 eff:0.1% logz-ratio=4.59+/-0.06 dlogz:3.460>0.1]
97433it [13:31:35 bound:1387 nc:2067 ncall:1.2e+08 eff:0.1% logz-ratio=4.59+/-0.06 dlogz:3.430>0.1]
97547it [13:33:24 bound:1389 nc:2535 ncall:1.2e+08 eff:0.1% logz-ratio=4.59+/-0.06 dlogz:3.402>0.1]
97664it [13:35:16 bound:1391 nc:2263 ncall:1.2e+08 eff:0.1% logz-ratio=4.59+/-0.06 dlogz:3.373>0.1]
97782it [13:37:09 bound:1393 nc:1864 ncall:1.2e+08 eff:0.1% logz-ratio=4.59+/-0.06 dlogz:3.345>0.1]
97899it [13:39:00 bound:1395 nc:3838 ncall:1.2e+08 eff:0.1% logz-ratio=4.59+/-0.06 dlogz:3.316>0.1]
98015it [13:40:47 bound:1397 nc:1937 ncall:1.2e+08 eff:0.1% logz-ratio=4.59+/-0.06 dlogz:3.288>0.1]
98136it [13:42:35 bound:1399 nc:2358 ncall:1.2e+08 eff:0.1% logz-ratio=4.59+/-0.06 dlogz:3.259>0.1]
98252it [13:44:28 bound:1401 nc:2527 ncall:1.2e+08 eff:0.1% logz-ratio=4.59+/-0.06 dlogz:3.231>0.1]
98367it [13:46:18 bound:1403 nc:2233 ncall:1.2e+08 eff:0.1% logz-ratio=4.59+/-0.06 dlogz:3.203>0.1]
98487it [13:48:11 bound:1405 nc:1996 ncall:1.2e+08 eff:0.1% logz-ratio=4.60+/-0.06 dlogz:3.175>0.1]
98604it [13:49:58 bound:1407 nc:2138 ncall:1.2e+08 eff:0.1% logz-ratio=4.60+/-0.06 dlogz:3.146>0.1]
98721it [13:51:42 bound:1409 nc:1295 ncall:1.2e+08 eff:0.1% logz-ratio=4.60+/-0.06 dlogz:3.118>0.1]
98841it [13:53:31 bound:1411 nc:1804 ncall:1.2e+08 eff:0.1% logz-ratio=4.60+/-0.06 dlogz:3.090>0.1]
98952it [13:55:22 bound:1413 nc:1804 ncall:1.2e+08 eff:0.1% logz-ratio=4.60+/-0.06 dlogz:3.063>0.1]
99068it [13:57:04 bound:1415 nc:1244 ncall:1.2e+08 eff:0.1% logz-ratio=4.60+/-0.06 dlogz:3.036>0.1]
99188it [13:58:51 bound:1417 nc:2075 ncall:1.2e+08 eff:0.1% logz-ratio=4.60+/-0.06 dlogz:3.007>0.1]
99309it [14:00:39 bound:1419 nc:1899 ncall:1.2e+08 eff:0.1% logz-ratio=4.60+/-0.06 dlogz:2.978>0.1]
99427it [14:02:24 bound:1421 nc:2771 ncall:1.2e+08 eff:0.1% logz-ratio=4.60+/-0.06 dlogz:2.950>0.1]
99543it [14:04:13 bound:1423 nc:2248 ncall:1.2e+08 eff:0.1% logz-ratio=4.60+/-0.06 dlogz:2.923>0.1]
99664it [14:06:02 bound:1425 nc:2334 ncall:1.2e+08 eff:0.1% logz-ratio=4.60+/-0.06 dlogz:2.894>0.1]
99784it [14:07:51 bound:1427 nc:2310 ncall:1.2e+08 eff:0.1% logz-ratio=4.60+/-0.06 dlogz:2.866>0.1]
99902it [14:09:34 bound:1429 nc:2083 ncall:1.2e+08 eff:0.1% logz-ratio=4.60+/-0.06 dlogz:2.838>0.1]
100023it [14:11:19 bound:1431 nc:4557 ncall:1.2e+08 eff:0.1% logz-ratio=4.60+/-0.06 dlogz:2.810>0.1]
100093it [14:13:49 bound:1432 nc:2074 ncall:1.2e+08 eff:0.1% logz-ratio=4.61+/-0.06 dlogz:2.793>0.1]
100200it [14:15:37 bound:1434 nc:4202 ncall:1.2e+08 eff:0.1% logz-ratio=4.61+/-0.06 dlogz:2.768>0.1]
100322it [14:17:19 bound:1436 nc:2235 ncall:1.2e+08 eff:0.1% logz-ratio=4.61+/-0.06 dlogz:2.740>0.1]
100437it [14:18:59 bound:1438 nc:1066 ncall:1.2e+08 eff:0.1% logz-ratio=4.61+/-0.06 dlogz:2.713>0.1]
100556it [14:20:43 bound:1440 nc:2096 ncall:1.2e+08 eff:0.1% logz-ratio=4.61+/-0.06 dlogz:2.685>0.1]
100679it [14:22:29 bound:1442 nc:1971 ncall:1.2e+08 eff:0.1% logz-ratio=4.61+/-0.06 dlogz:2.657>0.1]
100800it [14:24:13 bound:1444 nc:1602 ncall:1.2e+08 eff:0.1% logz-ratio=4.61+/-0.06 dlogz:2.629>0.1]
100916it [14:25:56 bound:1446 nc:2408 ncall:1.2e+08 eff:0.1% logz-ratio=4.61+/-0.06 dlogz:2.602>0.1]
101036it [14:27:38 bound:1448 nc:2750 ncall:1.2e+08 eff:0.1% logz-ratio=4.61+/-0.06 dlogz:2.574>0.1]
101154it [14:29:18 bound:1450 nc:4543 ncall:1.3e+08 eff:0.1% logz-ratio=4.61+/-0.06 dlogz:2.547>0.1]
101271it [14:31:04 bound:1452 nc:2335 ncall:1.3e+08 eff:0.1% logz-ratio=4.61+/-0.06 dlogz:2.521>0.1]
101388it [14:32:45 bound:1454 nc:2274 ncall:1.3e+08 eff:0.1% logz-ratio=4.61+/-0.06 dlogz:2.494>0.1]
101505it [14:34:25 bound:1456 nc:2587 ncall:1.3e+08 eff:0.1% logz-ratio=4.61+/-0.06 dlogz:2.467>0.1]
101623it [14:36:05 bound:1458 nc:2253 ncall:1.3e+08 eff:0.1% logz-ratio=4.61+/-0.06 dlogz:2.440>0.1]
101740it [14:37:48 bound:1460 nc:4536 ncall:1.3e+08 eff:0.1% logz-ratio=4.61+/-0.06 dlogz:2.414>0.1]
101862it [14:39:31 bound:1462 nc:1796 ncall:1.3e+08 eff:0.1% logz-ratio=4.61+/-0.06 dlogz:2.386>0.1]
101984it [14:41:11 bound:1464 nc:2326 ncall:1.3e+08 eff:0.1% logz-ratio=4.61+/-0.06 dlogz:2.359>0.1]
102110it [14:42:53 bound:1466 nc:4016 ncall:1.3e+08 eff:0.1% logz-ratio=4.61+/-0.06 dlogz:2.330>0.1]
102232it [14:44:35 bound:1468 nc:1709 ncall:1.3e+08 eff:0.1% logz-ratio=4.62+/-0.06 dlogz:2.303>0.1]
102351it [14:46:13 bound:1470 nc:2415 ncall:1.3e+08 eff:0.1% logz-ratio=4.62+/-0.06 dlogz:2.277>0.1]
102472it [14:47:58 bound:1472 nc:4535 ncall:1.3e+08 eff:0.1% logz-ratio=4.62+/-0.06 dlogz:2.250>0.1]
102592it [14:49:36 bound:1474 nc:1554 ncall:1.3e+08 eff:0.1% logz-ratio=4.62+/-0.06 dlogz:2.223>0.1]
102715it [14:51:20 bound:1476 nc:3576 ncall:1.3e+08 eff:0.1% logz-ratio=4.62+/-0.06 dlogz:2.196>0.1]
102837it [14:53:07 bound:1478 nc:2652 ncall:1.3e+08 eff:0.1% logz-ratio=4.62+/-0.06 dlogz:2.169>0.1]
102959it [14:54:47 bound:1480 nc:1788 ncall:1.3e+08 eff:0.1% logz-ratio=4.62+/-0.06 dlogz:2.142>0.1]
103079it [14:56:28 bound:1482 nc:2331 ncall:1.3e+08 eff:0.1% logz-ratio=4.62+/-0.06 dlogz:2.116>0.1]
103201it [14:58:07 bound:1484 nc:1077 ncall:1.3e+08 eff:0.1% logz-ratio=4.62+/-0.06 dlogz:2.090>0.1]
103319it [14:59:44 bound:1486 nc:1501 ncall:1.3e+08 eff:0.1% logz-ratio=4.62+/-0.06 dlogz:2.064>0.1]
103444it [15:01:23 bound:1488 nc:1472 ncall:1.3e+08 eff:0.1% logz-ratio=4.62+/-0.06 dlogz:2.037>0.1]
103568it [15:03:06 bound:1490 nc:2147 ncall:1.3e+08 eff:0.1% logz-ratio=4.62+/-0.06 dlogz:2.011>0.1]
103690it [15:04:46 bound:1492 nc:2007 ncall:1.3e+08 eff:0.1% logz-ratio=4.62+/-0.06 dlogz:1.984>0.1]
103802it [15:06:28 bound:1494 nc:2597 ncall:1.3e+08 eff:0.1% logz-ratio=4.62+/-0.06 dlogz:1.961>0.1]
103926it [15:08:10 bound:1496 nc:2887 ncall:1.3e+08 eff:0.1% logz-ratio=4.62+/-0.06 dlogz:1.934>0.1]
104048it [15:09:53 bound:1498 nc:2336 ncall:1.3e+08 eff:0.1% logz-ratio=4.62+/-0.06 dlogz:1.908>0.1]
104168it [15:11:35 bound:1500 nc:1059 ncall:1.3e+08 eff:0.1% logz-ratio=4.62+/-0.06 dlogz:1.883>0.1]
104288it [15:13:23 bound:1502 nc:1586 ncall:1.3e+08 eff:0.1% logz-ratio=4.62+/-0.06 dlogz:1.858>0.1]
104295it [15:15:00 bound:1502 nc:1930 ncall:1.3e+08 eff:0.1% logz-ratio=4.62+/-0.06 dlogz:1.857>0.1]
104410it [15:16:41 bound:1504 nc:1241 ncall:1.3e+08 eff:0.1% logz-ratio=4.62+/-0.06 dlogz:1.833>0.1]
104528it [15:18:25 bound:1506 nc:2488 ncall:1.3e+08 eff:0.1% logz-ratio=4.62+/-0.06 dlogz:2.421>0.1]
104650it [15:20:03 bound:1508 nc:1818 ncall:1.3e+08 eff:0.1% logz-ratio=4.62+/-0.06 dlogz:2.393>0.1]
104771it [15:21:54 bound:1510 nc:1832 ncall:1.3e+08 eff:0.1% logz-ratio=4.62+/-0.06 dlogz:2.366>0.1]
104889it [15:23:41 bound:1512 nc:1742 ncall:1.3e+08 eff:0.1% logz-ratio=4.62+/-0.06 dlogz:2.340>0.1]
105011it [15:25:24 bound:1514 nc:1925 ncall:1.3e+08 eff:0.1% logz-ratio=4.62+/-0.06 dlogz:2.313>0.1]
105134it [15:27:08 bound:1516 nc:1074 ncall:1.3e+08 eff:0.1% logz-ratio=4.63+/-0.06 dlogz:2.285>0.1]
105257it [15:28:54 bound:1518 nc:2000 ncall:1.3e+08 eff:0.1% logz-ratio=4.63+/-0.06 dlogz:2.258>0.1]
105382it [15:30:37 bound:1520 nc:1442 ncall:1.3e+08 eff:0.1% logz-ratio=4.63+/-0.06 dlogz:2.230>0.1]
105506it [15:32:20 bound:1522 nc:5455 ncall:1.3e+08 eff:0.1% logz-ratio=4.63+/-0.06 dlogz:2.203>0.1]
105630it [15:34:05 bound:1524 nc:1577 ncall:1.3e+08 eff:0.1% logz-ratio=4.63+/-0.06 dlogz:2.176>0.1]
105751it [15:35:49 bound:1526 nc:1694 ncall:1.3e+08 eff:0.1% logz-ratio=4.63+/-0.06 dlogz:2.150>0.1]
105875it [15:37:32 bound:1528 nc:3115 ncall:1.3e+08 eff:0.1% logz-ratio=4.63+/-0.06 dlogz:2.123>0.1]
105993it [15:39:18 bound:1530 nc:1573 ncall:1.4e+08 eff:0.1% logz-ratio=4.63+/-0.06 dlogz:2.097>0.1]
106119it [15:41:08 bound:1532 nc:1965 ncall:1.4e+08 eff:0.1% logz-ratio=4.63+/-0.06 dlogz:2.070>0.1]
106239it [15:42:43 bound:1534 nc:1624 ncall:1.4e+08 eff:0.1% logz-ratio=4.63+/-0.06 dlogz:2.044>0.1]
106364it [15:44:28 bound:1536 nc:2393 ncall:1.4e+08 eff:0.1% logz-ratio=4.63+/-0.06 dlogz:2.017>0.1]
106490it [15:46:07 bound:1538 nc:2593 ncall:1.4e+08 eff:0.1% logz-ratio=4.63+/-0.06 dlogz:1.990>0.1]
106614it [15:47:53 bound:1540 nc:4547 ncall:1.4e+08 eff:0.1% logz-ratio=4.63+/-0.06 dlogz:1.964>0.1]
106734it [15:49:36 bound:1542 nc:2055 ncall:1.4e+08 eff:0.1% logz-ratio=4.63+/-0.06 dlogz:1.938>0.1]
106862it [15:51:20 bound:1544 nc:2060 ncall:1.4e+08 eff:0.1% logz-ratio=4.63+/-0.06 dlogz:1.911>0.1]
106988it [15:53:04 bound:1546 nc:1837 ncall:1.4e+08 eff:0.1% logz-ratio=4.63+/-0.06 dlogz:1.972>0.1]
107114it [15:54:47 bound:1548 nc:1519 ncall:1.4e+08 eff:0.1% logz-ratio=4.63+/-0.06 dlogz:2.247>0.1]
107241it [15:56:35 bound:1550 nc:1646 ncall:1.4e+08 eff:0.1% logz-ratio=4.63+/-0.06 dlogz:2.219>0.1]
107367it [15:58:15 bound:1552 nc:2287 ncall:1.4e+08 eff:0.1% logz-ratio=4.63+/-0.06 dlogz:2.192>0.1]
107486it [15:59:52 bound:1554 nc:1868 ncall:1.4e+08 eff:0.1% logz-ratio=4.63+/-0.06 dlogz:2.165>0.1]
107613it [16:01:37 bound:1556 nc:2337 ncall:1.4e+08 eff:0.1% logz-ratio=4.63+/-0.06 dlogz:2.138>0.1]
107736it [16:03:17 bound:1558 nc:2684 ncall:1.4e+08 eff:0.1% logz-ratio=4.63+/-0.06 dlogz:2.111>0.1]
107860it [16:05:07 bound:1560 nc:2601 ncall:1.4e+08 eff:0.1% logz-ratio=4.63+/-0.06 dlogz:2.084>0.1]
107983it [16:06:49 bound:1562 nc:1403 ncall:1.4e+08 eff:0.1% logz-ratio=4.63+/-0.06 dlogz:2.057>0.1]
108107it [16:08:30 bound:1564 nc:2081 ncall:1.4e+08 eff:0.1% logz-ratio=4.63+/-0.06 dlogz:2.031>0.1]
108232it [16:10:17 bound:1566 nc:2358 ncall:1.4e+08 eff:0.1% logz-ratio=4.63+/-0.06 dlogz:2.004>0.1]
108354it [16:12:00 bound:1568 nc:2524 ncall:1.4e+08 eff:0.1% logz-ratio=4.63+/-0.06 dlogz:1.978>0.1]
108479it [16:13:35 bound:1570 nc:2266 ncall:1.4e+08 eff:0.1% logz-ratio=4.64+/-0.06 dlogz:1.951>0.1]
108546it [16:16:06 bound:1571 nc:1332 ncall:1.4e+08 eff:0.1% logz-ratio=4.64+/-0.06 dlogz:1.937>0.1]
108667it [16:17:54 bound:1573 nc:1792 ncall:1.4e+08 eff:0.1% logz-ratio=4.64+/-0.06 dlogz:1.911>0.1]
108792it [16:19:31 bound:1575 nc:2021 ncall:1.4e+08 eff:0.1% logz-ratio=4.64+/-0.06 dlogz:1.885>0.1]
108917it [16:21:09 bound:1577 nc:2268 ncall:1.4e+08 eff:0.1% logz-ratio=4.64+/-0.06 dlogz:1.859>0.1]
109043it [16:22:51 bound:1579 nc:1519 ncall:1.4e+08 eff:0.1% logz-ratio=4.64+/-0.06 dlogz:1.832>0.1]
109163it [16:24:27 bound:1581 nc:2234 ncall:1.4e+08 eff:0.1% logz-ratio=4.64+/-0.06 dlogz:1.808>0.1]
109286it [16:26:07 bound:1583 nc:1735 ncall:1.4e+08 eff:0.1% logz-ratio=4.64+/-0.06 dlogz:1.782>0.1]
109409it [16:27:55 bound:1585 nc:1409 ncall:1.4e+08 eff:0.1% logz-ratio=4.64+/-0.06 dlogz:1.757>0.1]
109531it [16:29:34 bound:1587 nc:1500 ncall:1.4e+08 eff:0.1% logz-ratio=4.64+/-0.06 dlogz:1.732>0.1]
109655it [16:31:18 bound:1589 nc:1382 ncall:1.4e+08 eff:0.1% logz-ratio=4.64+/-0.06 dlogz:1.707>0.1]
109779it [16:32:53 bound:1591 nc:4413 ncall:1.4e+08 eff:0.1% logz-ratio=4.64+/-0.06 dlogz:1.681>0.1]
109903it [16:34:33 bound:1593 nc:2450 ncall:1.4e+08 eff:0.1% logz-ratio=4.64+/-0.06 dlogz:1.656>0.1]
110022it [16:36:12 bound:1595 nc:2367 ncall:1.4e+08 eff:0.1% logz-ratio=4.64+/-0.06 dlogz:1.633>0.1]
110143it [16:37:52 bound:1597 nc:1566 ncall:1.4e+08 eff:0.1% logz-ratio=4.64+/-0.06 dlogz:1.608>0.1]
110266it [16:39:32 bound:1599 nc:1584 ncall:1.4e+08 eff:0.1% logz-ratio=4.64+/-0.06 dlogz:1.584>0.1]
110391it [16:41:11 bound:1601 nc:1857 ncall:1.4e+08 eff:0.1% logz-ratio=4.64+/-0.06 dlogz:1.559>0.1]
110514it [16:42:49 bound:1603 nc:2351 ncall:1.4e+08 eff:0.1% logz-ratio=4.64+/-0.06 dlogz:1.535>0.1]
110636it [16:44:31 bound:1605 nc:2412 ncall:1.4e+08 eff:0.1% logz-ratio=4.64+/-0.06 dlogz:1.512>0.1]
110758it [16:46:18 bound:1607 nc:2619 ncall:1.4e+08 eff:0.1% logz-ratio=4.64+/-0.06 dlogz:1.488>0.1]
110880it [16:47:57 bound:1609 nc:2824 ncall:1.4e+08 eff:0.1% logz-ratio=4.65+/-0.06 dlogz:1.465>0.1]
111003it [16:49:38 bound:1611 nc:1295 ncall:1.4e+08 eff:0.1% logz-ratio=4.65+/-0.06 dlogz:1.441>0.1]
111128it [16:51:19 bound:1613 nc:1666 ncall:1.4e+08 eff:0.1% logz-ratio=4.65+/-0.06 dlogz:1.418>0.1]
111252it [16:52:56 bound:1615 nc:2356 ncall:1.5e+08 eff:0.1% logz-ratio=4.65+/-0.06 dlogz:1.394>0.1]
111371it [16:54:33 bound:1617 nc:1772 ncall:1.5e+08 eff:0.1% logz-ratio=4.65+/-0.06 dlogz:1.372>0.1]
111489it [16:56:13 bound:1619 nc:1335 ncall:1.5e+08 eff:0.1% logz-ratio=4.65+/-0.06 dlogz:1.350>0.1]
111602it [16:57:45 bound:1621 nc:2453 ncall:1.5e+08 eff:0.1% logz-ratio=4.65+/-0.06 dlogz:1.329>0.1]
111720it [16:59:25 bound:1623 nc:2066 ncall:1.5e+08 eff:0.1% logz-ratio=4.65+/-0.06 dlogz:1.308>0.1]
111840it [17:01:06 bound:1625 nc:2400 ncall:1.5e+08 eff:0.1% logz-ratio=4.65+/-0.06 dlogz:1.286>0.1]
111958it [17:02:50 bound:1627 nc:4136 ncall:1.5e+08 eff:0.1% logz-ratio=4.65+/-0.06 dlogz:1.265>0.1]
112080it [17:04:32 bound:1629 nc:1875 ncall:1.5e+08 eff:0.1% logz-ratio=4.65+/-0.06 dlogz:1.243>0.1]
112206it [17:06:09 bound:1631 nc:1989 ncall:1.5e+08 eff:0.1% logz-ratio=4.65+/-0.06 dlogz:1.221>0.1]
112331it [17:07:51 bound:1633 nc:979 ncall:1.5e+08 eff:0.1% logz-ratio=4.65+/-0.06 dlogz:1.199>0.1]
112453it [17:09:28 bound:1635 nc:2054 ncall:1.5e+08 eff:0.1% logz-ratio=4.65+/-0.06 dlogz:1.178>0.1]
112566it [17:11:00 bound:1637 nc:1613 ncall:1.5e+08 eff:0.1% logz-ratio=4.65+/-0.06 dlogz:1.159>0.1]
112683it [17:12:36 bound:1639 nc:3116 ncall:1.5e+08 eff:0.1% logz-ratio=4.65+/-0.06 dlogz:1.139>0.1]
112798it [17:14:18 bound:1641 nc:1799 ncall:1.5e+08 eff:0.1% logz-ratio=4.65+/-0.06 dlogz:1.119>0.1]
112918it [17:15:54 bound:1643 nc:3106 ncall:1.5e+08 eff:0.1% logz-ratio=4.66+/-0.06 dlogz:1.099>0.1]
112919it [17:17:39 bound:1643 nc:820 ncall:1.5e+08 eff:0.1% logz-ratio=4.66+/-0.06 dlogz:1.099>0.1]
113042it [17:19:14 bound:1645 nc:946 ncall:1.5e+08 eff:0.1% logz-ratio=4.66+/-0.06 dlogz:1.079>0.1]
113165it [17:20:45 bound:1647 nc:736 ncall:1.5e+08 eff:0.1% logz-ratio=4.66+/-0.06 dlogz:1.076>0.1]
113283it [17:22:22 bound:1649 nc:1193 ncall:1.5e+08 eff:0.1% logz-ratio=4.66+/-0.06 dlogz:1.057>0.1]
113408it [17:23:56 bound:1651 nc:1819 ncall:1.5e+08 eff:0.1% logz-ratio=4.66+/-0.06 dlogz:1.037>0.1]
113525it [17:25:28 bound:1653 nc:3238 ncall:1.5e+08 eff:0.1% logz-ratio=4.66+/-0.06 dlogz:1.018>0.1]
113642it [17:27:00 bound:1655 nc:1034 ncall:1.5e+08 eff:0.1% logz-ratio=4.66+/-0.06 dlogz:0.999>0.1]
113754it [17:28:32 bound:1657 nc:1023 ncall:1.5e+08 eff:0.1% logz-ratio=4.66+/-0.06 dlogz:0.982>0.1]
113875it [17:30:12 bound:1659 nc:2975 ncall:1.5e+08 eff:0.1% logz-ratio=4.66+/-0.06 dlogz:0.963>0.1]
113992it [17:31:42 bound:1661 nc:3609 ncall:1.5e+08 eff:0.1% logz-ratio=4.66+/-0.06 dlogz:0.945>0.1]
114112it [17:33:26 bound:1663 nc:2302 ncall:1.5e+08 eff:0.1% logz-ratio=4.66+/-0.06 dlogz:1.025>0.1]
114226it [17:34:59 bound:1665 nc:1881 ncall:1.5e+08 eff:0.1% logz-ratio=4.66+/-0.06 dlogz:1.007>0.1]
114343it [17:36:33 bound:1667 nc:1947 ncall:1.5e+08 eff:0.1% logz-ratio=4.66+/-0.06 dlogz:1.060>0.1]
114465it [17:38:09 bound:1669 nc:1763 ncall:1.5e+08 eff:0.1% logz-ratio=4.66+/-0.06 dlogz:1.041>0.1]
114584it [17:39:44 bound:1671 nc:1237 ncall:1.5e+08 eff:0.1% logz-ratio=4.66+/-0.06 dlogz:1.021>0.1]
114704it [17:41:20 bound:1673 nc:1328 ncall:1.5e+08 eff:0.1% logz-ratio=4.67+/-0.06 dlogz:1.002>0.1]
114824it [17:42:53 bound:1675 nc:1954 ncall:1.5e+08 eff:0.1% logz-ratio=4.67+/-0.06 dlogz:0.984>0.1]
114943it [17:44:36 bound:1677 nc:2010 ncall:1.5e+08 eff:0.1% logz-ratio=4.67+/-0.06 dlogz:0.965>0.1]
115062it [17:46:13 bound:1679 nc:1637 ncall:1.5e+08 eff:0.1% logz-ratio=4.67+/-0.06 dlogz:0.947>0.1]
115184it [17:47:49 bound:1681 nc:2258 ncall:1.5e+08 eff:0.1% logz-ratio=4.67+/-0.06 dlogz:0.928>0.1]
115303it [17:49:25 bound:1683 nc:1552 ncall:1.5e+08 eff:0.1% logz-ratio=4.67+/-0.06 dlogz:0.910>0.1]
115417it [17:50:59 bound:1685 nc:3964 ncall:1.5e+08 eff:0.1% logz-ratio=4.67+/-0.06 dlogz:0.893>0.1]
115536it [17:52:33 bound:1687 nc:1422 ncall:1.5e+08 eff:0.1% logz-ratio=4.67+/-0.06 dlogz:0.876>0.1]
115659it [17:54:12 bound:1689 nc:2220 ncall:1.5e+08 eff:0.1% logz-ratio=4.67+/-0.06 dlogz:1.122>0.1]
115770it [17:55:48 bound:1691 nc:1670 ncall:1.5e+08 eff:0.1% logz-ratio=4.67+/-0.06 dlogz:1.104>0.1]
115889it [17:57:15 bound:1693 nc:2986 ncall:1.5e+08 eff:0.1% logz-ratio=4.67+/-0.06 dlogz:1.084>0.1]
116009it [17:58:50 bound:1695 nc:2298 ncall:1.5e+08 eff:0.1% logz-ratio=4.67+/-0.06 dlogz:1.064>0.1]
116124it [18:00:18 bound:1697 nc:1997 ncall:1.5e+08 eff:0.1% logz-ratio=4.67+/-0.06 dlogz:1.046>0.1]
116243it [18:01:55 bound:1699 nc:1265 ncall:1.5e+08 eff:0.1% logz-ratio=4.67+/-0.06 dlogz:1.026>0.1]
116357it [18:03:31 bound:1701 nc:2004 ncall:1.5e+08 eff:0.1% logz-ratio=4.67+/-0.06 dlogz:1.008>0.1]
116474it [18:05:06 bound:1703 nc:2529 ncall:1.5e+08 eff:0.1% logz-ratio=4.68+/-0.06 dlogz:0.990>0.1]
116596it [18:06:42 bound:1705 nc:2063 ncall:1.5e+08 eff:0.1% logz-ratio=4.68+/-0.06 dlogz:0.971>0.1]
116713it [18:08:16 bound:1707 nc:1582 ncall:1.6e+08 eff:0.1% logz-ratio=4.68+/-0.06 dlogz:0.953>0.1]
116830it [18:09:54 bound:1709 nc:2108 ncall:1.6e+08 eff:0.1% logz-ratio=4.68+/-0.06 dlogz:0.935>0.1]
116949it [18:11:24 bound:1711 nc:1897 ncall:1.6e+08 eff:0.1% logz-ratio=4.68+/-0.06 dlogz:0.917>0.1]
117063it [18:12:57 bound:1713 nc:1287 ncall:1.6e+08 eff:0.1% logz-ratio=4.68+/-0.06 dlogz:0.900>0.1]
117179it [18:14:34 bound:1715 nc:1664 ncall:1.6e+08 eff:0.1% logz-ratio=4.68+/-0.06 dlogz:0.883>0.1]
117295it [18:16:10 bound:1717 nc:1271 ncall:1.6e+08 eff:0.1% logz-ratio=4.68+/-0.06 dlogz:0.866>0.1]
117365it [18:18:51 bound:1718 nc:2372 ncall:1.6e+08 eff:0.1% logz-ratio=4.68+/-0.06 dlogz:0.856>0.1]
117467it [18:20:26 bound:1720 nc:2158 ncall:1.6e+08 eff:0.1% logz-ratio=4.68+/-0.06 dlogz:0.841>0.1]
117589it [18:21:57 bound:1722 nc:2423 ncall:1.6e+08 eff:0.1% logz-ratio=4.68+/-0.06 dlogz:0.824>0.1]
117707it [18:23:30 bound:1724 nc:1773 ncall:1.6e+08 eff:0.1% logz-ratio=4.68+/-0.06 dlogz:0.808>0.1]
117816it [18:25:11 bound:1726 nc:2295 ncall:1.6e+08 eff:0.1% logz-ratio=4.68+/-0.06 dlogz:0.793>0.1]
117932it [18:26:47 bound:1728 nc:2431 ncall:1.6e+08 eff:0.1% logz-ratio=4.68+/-0.06 dlogz:0.777>0.1]
118046it [18:28:30 bound:1730 nc:4722 ncall:1.6e+08 eff:0.1% logz-ratio=4.68+/-0.06 dlogz:0.762>0.1]
118161it [18:30:04 bound:1732 nc:1601 ncall:1.6e+08 eff:0.1% logz-ratio=4.68+/-0.06 dlogz:0.746>0.1]
118274it [18:31:42 bound:1734 nc:2677 ncall:1.6e+08 eff:0.1% logz-ratio=4.69+/-0.06 dlogz:0.732>0.1]
118390it [18:33:23 bound:1736 nc:1880 ncall:1.6e+08 eff:0.1% logz-ratio=4.69+/-0.06 dlogz:0.717>0.1]
118508it [18:34:53 bound:1738 nc:1603 ncall:1.6e+08 eff:0.1% logz-ratio=4.69+/-0.06 dlogz:0.702>0.1]
118628it [18:36:26 bound:1740 nc:1885 ncall:1.6e+08 eff:0.1% logz-ratio=4.69+/-0.06 dlogz:0.687>0.1]
118743it [18:38:05 bound:1742 nc:1986 ncall:1.6e+08 eff:0.1% logz-ratio=4.69+/-0.06 dlogz:0.673>0.1]
118862it [18:39:43 bound:1744 nc:806 ncall:1.6e+08 eff:0.1% logz-ratio=4.69+/-0.06 dlogz:0.658>0.1]
118979it [18:41:15 bound:1746 nc:1310 ncall:1.6e+08 eff:0.1% logz-ratio=4.69+/-0.06 dlogz:0.644>0.1]
119090it [18:42:51 bound:1748 nc:1452 ncall:1.6e+08 eff:0.1% logz-ratio=4.69+/-0.06 dlogz:0.631>0.1]
119203it [18:44:29 bound:1750 nc:2620 ncall:1.6e+08 eff:0.1% logz-ratio=4.69+/-0.06 dlogz:0.618>0.1]
119320it [18:46:05 bound:1752 nc:1506 ncall:1.6e+08 eff:0.1% logz-ratio=4.69+/-0.06 dlogz:0.605>0.1]
119437it [18:47:42 bound:1754 nc:3074 ncall:1.6e+08 eff:0.1% logz-ratio=4.69+/-0.06 dlogz:0.591>0.1]
119557it [18:49:23 bound:1756 nc:1668 ncall:1.6e+08 eff:0.1% logz-ratio=4.69+/-0.06 dlogz:0.578>0.1]
119671it [18:50:58 bound:1758 nc:1038 ncall:1.6e+08 eff:0.1% logz-ratio=4.69+/-0.06 dlogz:0.566>0.1]
119789it [18:52:35 bound:1760 nc:3184 ncall:1.6e+08 eff:0.1% logz-ratio=4.69+/-0.06 dlogz:0.553>0.1]
119901it [18:54:09 bound:1762 nc:1654 ncall:1.6e+08 eff:0.1% logz-ratio=4.69+/-0.06 dlogz:0.541>0.1]
120016it [18:55:38 bound:1764 nc:1322 ncall:1.6e+08 eff:0.1% logz-ratio=4.70+/-0.06 dlogz:0.530>0.1]
120138it [18:57:12 bound:1766 nc:1799 ncall:1.6e+08 eff:0.1% logz-ratio=4.70+/-0.06 dlogz:0.517>0.1]
120253it [18:58:45 bound:1768 nc:1652 ncall:1.6e+08 eff:0.1% logz-ratio=4.70+/-0.06 dlogz:0.506>0.1]
120369it [19:00:16 bound:1770 nc:2173 ncall:1.6e+08 eff:0.1% logz-ratio=4.70+/-0.06 dlogz:0.494>0.1]
120482it [19:01:51 bound:1772 nc:2263 ncall:1.6e+08 eff:0.1% logz-ratio=4.70+/-0.06 dlogz:0.483>0.1]
120601it [19:03:19 bound:1774 nc:2022 ncall:1.6e+08 eff:0.1% logz-ratio=4.70+/-0.06 dlogz:0.472>0.1]
120717it [19:04:56 bound:1776 nc:1576 ncall:1.6e+08 eff:0.1% logz-ratio=4.70+/-0.06 dlogz:0.461>0.1]
120837it [19:06:29 bound:1778 nc:1868 ncall:1.6e+08 eff:0.1% logz-ratio=4.70+/-0.06 dlogz:0.450>0.1]
120955it [19:08:01 bound:1780 nc:1320 ncall:1.6e+08 eff:0.1% logz-ratio=4.70+/-0.06 dlogz:0.440>0.1]
121072it [19:09:34 bound:1782 nc:1829 ncall:1.6e+08 eff:0.1% logz-ratio=4.70+/-0.06 dlogz:0.430>0.1]
121190it [19:11:01 bound:1784 nc:1000 ncall:1.6e+08 eff:0.1% logz-ratio=4.70+/-0.06 dlogz:0.495>0.1]
121304it [19:12:29 bound:1786 nc:1780 ncall:1.6e+08 eff:0.1% logz-ratio=4.70+/-0.06 dlogz:0.484>0.1]
121413it [19:14:05 bound:1788 nc:1863 ncall:1.6e+08 eff:0.1% logz-ratio=4.70+/-0.06 dlogz:0.474>0.1]
121532it [19:15:37 bound:1790 nc:1391 ncall:1.6e+08 eff:0.1% logz-ratio=4.70+/-0.06 dlogz:0.463>0.1]
121647it [19:17:10 bound:1792 nc:3401 ncall:1.6e+08 eff:0.1% logz-ratio=4.70+/-0.06 dlogz:0.452>0.1]
121708it [19:19:53 bound:1793 nc:1079 ncall:1.6e+08 eff:0.1% logz-ratio=4.70+/-0.06 dlogz:0.447>0.1]
121822it [19:21:29 bound:1795 nc:4809 ncall:1.6e+08 eff:0.1% logz-ratio=4.70+/-0.06 dlogz:0.436>0.1]
121933it [19:23:05 bound:1797 nc:1299 ncall:1.6e+08 eff:0.1% logz-ratio=4.70+/-0.06 dlogz:0.427>0.1]
122043it [19:24:35 bound:1799 nc:1667 ncall:1.7e+08 eff:0.1% logz-ratio=4.71+/-0.06 dlogz:0.417>0.1]
122155it [19:26:14 bound:1801 nc:1381 ncall:1.7e+08 eff:0.1% logz-ratio=4.71+/-0.06 dlogz:0.408>0.1]
122267it [19:27:51 bound:1803 nc:1729 ncall:1.7e+08 eff:0.1% logz-ratio=4.71+/-0.06 dlogz:0.399>0.1]
122380it [19:29:26 bound:1805 nc:1180 ncall:1.7e+08 eff:0.1% logz-ratio=4.71+/-0.06 dlogz:0.390>0.1]
122495it [19:30:59 bound:1807 nc:2657 ncall:1.7e+08 eff:0.1% logz-ratio=4.71+/-0.06 dlogz:0.380>0.1]
122606it [19:32:31 bound:1809 nc:4912 ncall:1.7e+08 eff:0.1% logz-ratio=4.71+/-0.06 dlogz:0.372>0.1]
122721it [19:34:02 bound:1811 nc:1021 ncall:1.7e+08 eff:0.1% logz-ratio=4.71+/-0.06 dlogz:0.363>0.1]
122836it [19:35:37 bound:1813 nc:1525 ncall:1.7e+08 eff:0.1% logz-ratio=4.71+/-0.06 dlogz:0.613>0.1]
122950it [19:37:09 bound:1815 nc:1859 ncall:1.7e+08 eff:0.1% logz-ratio=4.71+/-0.06 dlogz:0.600>0.1]
123060it [19:38:46 bound:1817 nc:3007 ncall:1.7e+08 eff:0.1% logz-ratio=4.71+/-0.06 dlogz:0.588>0.1]
123171it [19:40:21 bound:1819 nc:1477 ncall:1.7e+08 eff:0.1% logz-ratio=4.71+/-0.06 dlogz:0.576>0.1]
123289it [19:41:52 bound:1821 nc:1355 ncall:1.7e+08 eff:0.1% logz-ratio=4.71+/-0.06 dlogz:0.563>0.1]
123398it [19:43:24 bound:1823 nc:1809 ncall:1.7e+08 eff:0.1% logz-ratio=4.71+/-0.06 dlogz:0.551>0.1]
123511it [19:44:57 bound:1825 nc:1519 ncall:1.7e+08 eff:0.1% logz-ratio=4.71+/-0.06 dlogz:0.540>0.1]
123625it [19:46:29 bound:1827 nc:2536 ncall:1.7e+08 eff:0.1% logz-ratio=4.71+/-0.06 dlogz:0.528>0.1]
123738it [19:48:02 bound:1829 nc:1554 ncall:1.7e+08 eff:0.1% logz-ratio=4.71+/-0.06 dlogz:0.516>0.1]
123854it [19:49:33 bound:1831 nc:3394 ncall:1.7e+08 eff:0.1% logz-ratio=4.71+/-0.06 dlogz:0.505>0.1]
123961it [19:51:09 bound:1833 nc:2216 ncall:1.7e+08 eff:0.1% logz-ratio=4.71+/-0.06 dlogz:0.495>0.1]
124073it [19:52:39 bound:1835 nc:1932 ncall:1.7e+08 eff:0.1% logz-ratio=4.71+/-0.06 dlogz:0.484>0.1]
124192it [19:54:15 bound:1837 nc:1158 ncall:1.7e+08 eff:0.1% logz-ratio=4.72+/-0.06 dlogz:0.473>0.1]
124300it [19:55:48 bound:1839 nc:3767 ncall:1.7e+08 eff:0.1% logz-ratio=4.72+/-0.06 dlogz:0.463>0.1]
124409it [19:57:23 bound:1841 nc:1558 ncall:1.7e+08 eff:0.1% logz-ratio=4.72+/-0.06 dlogz:0.453>0.1]
124520it [19:58:51 bound:1843 nc:1184 ncall:1.7e+08 eff:0.1% logz-ratio=4.72+/-0.06 dlogz:0.443>0.1]
124631it [20:00:25 bound:1845 nc:793 ncall:1.7e+08 eff:0.1% logz-ratio=4.72+/-0.06 dlogz:0.433>0.1]
124743it [20:01:57 bound:1847 nc:2227 ncall:1.7e+08 eff:0.1% logz-ratio=4.72+/-0.06 dlogz:0.423>0.1]
124859it [20:03:35 bound:1849 nc:8459 ncall:1.7e+08 eff:0.1% logz-ratio=4.72+/-0.06 dlogz:0.413>0.1]
124977it [20:05:12 bound:1851 nc:1249 ncall:1.7e+08 eff:0.1% logz-ratio=4.72+/-0.06 dlogz:0.404>0.1]
125078it [20:06:45 bound:1853 nc:1360 ncall:1.7e+08 eff:0.1% logz-ratio=4.72+/-0.06 dlogz:0.395>0.1]
125190it [20:08:21 bound:1855 nc:2657 ncall:1.7e+08 eff:0.1% logz-ratio=4.72+/-0.06 dlogz:0.386>0.1]
125301it [20:09:54 bound:1857 nc:1520 ncall:1.7e+08 eff:0.1% logz-ratio=4.72+/-0.06 dlogz:0.378>0.1]
125412it [20:11:26 bound:1859 nc:1792 ncall:1.7e+08 eff:0.1% logz-ratio=4.72+/-0.06 dlogz:0.369>0.1]
125525it [20:13:03 bound:1861 nc:2611 ncall:1.7e+08 eff:0.1% logz-ratio=4.72+/-0.06 dlogz:0.360>0.1]
125642it [20:14:34 bound:1863 nc:1651 ncall:1.7e+08 eff:0.1% logz-ratio=4.72+/-0.06 dlogz:0.352>0.1]
125754it [20:16:07 bound:1865 nc:1334 ncall:1.7e+08 eff:0.1% logz-ratio=4.72+/-0.06 dlogz:0.344>0.1]
125865it [20:17:41 bound:1867 nc:1926 ncall:1.7e+08 eff:0.1% logz-ratio=4.72+/-0.06 dlogz:0.336>0.1]
125980it [20:19:10 bound:1869 nc:1754 ncall:1.7e+08 eff:0.1% logz-ratio=4.72+/-0.06 dlogz:0.328>0.1]
125994it [20:21:07 bound:1869 nc:1070 ncall:1.7e+08 eff:0.1% logz-ratio=4.72+/-0.06 dlogz:0.327>0.1]
126094it [20:22:37 bound:1871 nc:2352 ncall:1.7e+08 eff:0.1% logz-ratio=4.72+/-0.06 dlogz:0.320>0.1]
126208it [20:24:11 bound:1873 nc:1957 ncall:1.7e+08 eff:0.1% logz-ratio=4.72+/-0.06 dlogz:0.312>0.1]
126325it [20:25:43 bound:1875 nc:1720 ncall:1.7e+08 eff:0.1% logz-ratio=4.72+/-0.06 dlogz:0.304>0.1]
126437it [20:27:16 bound:1877 nc:1935 ncall:1.7e+08 eff:0.1% logz-ratio=4.72+/-0.06 dlogz:0.297>0.1]
126551it [20:28:56 bound:1879 nc:2049 ncall:1.7e+08 eff:0.1% logz-ratio=4.72+/-0.06 dlogz:0.290>0.1]
126669it [20:30:30 bound:1881 nc:4586 ncall:1.7e+08 eff:0.1% logz-ratio=4.72+/-0.06 dlogz:0.283>0.1]
126780it [20:32:08 bound:1883 nc:2122 ncall:1.7e+08 eff:0.1% logz-ratio=4.72+/-0.06 dlogz:0.276>0.1]
126896it [20:33:44 bound:1885 nc:1568 ncall:1.7e+08 eff:0.1% logz-ratio=4.73+/-0.06 dlogz:0.269>0.1]
127012it [20:35:18 bound:1887 nc:1395 ncall:1.7e+08 eff:0.1% logz-ratio=4.73+/-0.06 dlogz:0.263>0.1]
127131it [20:36:50 bound:1889 nc:895 ncall:1.7e+08 eff:0.1% logz-ratio=4.73+/-0.06 dlogz:0.256>0.1]
127248it [20:38:23 bound:1891 nc:1705 ncall:1.7e+08 eff:0.1% logz-ratio=4.73+/-0.06 dlogz:0.249>0.1]
127357it [20:39:55 bound:1893 nc:2509 ncall:1.8e+08 eff:0.1% logz-ratio=4.73+/-0.06 dlogz:0.244>0.1]
127470it [20:41:24 bound:1895 nc:2011 ncall:1.8e+08 eff:0.1% logz-ratio=4.73+/-0.06 dlogz:0.238>0.1]
127585it [20:43:04 bound:1897 nc:2438 ncall:1.8e+08 eff:0.1% logz-ratio=4.73+/-0.06 dlogz:0.232>0.1]
127701it [20:44:35 bound:1899 nc:3448 ncall:1.8e+08 eff:0.1% logz-ratio=4.73+/-0.06 dlogz:0.226>0.1]
127811it [20:46:06 bound:1901 nc:1940 ncall:1.8e+08 eff:0.1% logz-ratio=4.73+/-0.06 dlogz:0.220>0.1]
127924it [20:47:31 bound:1903 nc:1957 ncall:1.8e+08 eff:0.1% logz-ratio=4.73+/-0.06 dlogz:0.215>0.1]
128041it [20:49:02 bound:1905 nc:1465 ncall:1.8e+08 eff:0.1% logz-ratio=4.73+/-0.06 dlogz:0.209>0.1]
128151it [20:50:34 bound:1907 nc:869 ncall:1.8e+08 eff:0.1% logz-ratio=4.73+/-0.06 dlogz:0.204>0.1]
128266it [20:52:08 bound:1909 nc:2406 ncall:1.8e+08 eff:0.1% logz-ratio=4.73+/-0.06 dlogz:0.199>0.1]
128383it [20:53:43 bound:1911 nc:1539 ncall:1.8e+08 eff:0.1% logz-ratio=4.73+/-0.06 dlogz:0.194>0.1]
128499it [20:55:14 bound:1913 nc:2037 ncall:1.8e+08 eff:0.1% logz-ratio=4.73+/-0.06 dlogz:0.189>0.1]
128620it [20:56:47 bound:1915 nc:1487 ncall:1.8e+08 eff:0.1% logz-ratio=4.73+/-0.06 dlogz:0.184>0.1]
128731it [20:58:24 bound:1917 nc:1774 ncall:1.8e+08 eff:0.1% logz-ratio=4.73+/-0.06 dlogz:0.179>0.1]
128845it [20:59:54 bound:1919 nc:1769 ncall:1.8e+08 eff:0.1% logz-ratio=4.73+/-0.06 dlogz:0.175>0.1]
128959it [21:01:27 bound:1921 nc:1690 ncall:1.8e+08 eff:0.1% logz-ratio=4.73+/-0.06 dlogz:0.170>0.1]
129074it [21:03:03 bound:1923 nc:1580 ncall:1.8e+08 eff:0.1% logz-ratio=4.73+/-0.06 dlogz:0.166>0.1]
129187it [21:04:37 bound:1925 nc:2113 ncall:1.8e+08 eff:0.1% logz-ratio=4.73+/-0.06 dlogz:0.162>0.1]
129300it [21:06:04 bound:1927 nc:2912 ncall:1.8e+08 eff:0.1% logz-ratio=4.73+/-0.06 dlogz:0.158>0.1]
129410it [21:07:36 bound:1929 nc:1998 ncall:1.8e+08 eff:0.1% logz-ratio=4.73+/-0.06 dlogz:0.154>0.1]
129526it [21:09:14 bound:1931 nc:1960 ncall:1.8e+08 eff:0.1% logz-ratio=4.73+/-0.06 dlogz:0.150>0.1]
129643it [21:10:46 bound:1933 nc:2036 ncall:1.8e+08 eff:0.1% logz-ratio=4.73+/-0.06 dlogz:0.146>0.1]
129762it [21:12:26 bound:1935 nc:4002 ncall:1.8e+08 eff:0.1% logz-ratio=4.73+/-0.06 dlogz:0.142>0.1]
129874it [21:14:05 bound:1937 nc:1995 ncall:1.8e+08 eff:0.1% logz-ratio=4.73+/-0.06 dlogz:0.138>0.1]
129989it [21:15:44 bound:1939 nc:3858 ncall:1.8e+08 eff:0.1% logz-ratio=4.73+/-0.06 dlogz:0.134>0.1]
130103it [21:17:24 bound:1941 nc:3129 ncall:1.8e+08 eff:0.1% logz-ratio=4.73+/-0.06 dlogz:0.131>0.1]
130209it [21:19:02 bound:1943 nc:1500 ncall:1.8e+08 eff:0.1% logz-ratio=4.73+/-0.06 dlogz:0.128>0.1]
130320it [21:20:36 bound:1945 nc:4529 ncall:1.8e+08 eff:0.1% logz-ratio=4.73+/-0.06 dlogz:0.125>0.1]
130328it [21:22:36 bound:1945 nc:1322 ncall:1.8e+08 eff:0.1% logz-ratio=4.73+/-0.06 dlogz:0.124>0.1]
130430it [21:24:15 bound:1947 nc:2515 ncall:1.8e+08 eff:0.1% logz-ratio=4.74+/-0.06 dlogz:0.121>0.1]
130553it [21:25:49 bound:1949 nc:1159 ncall:1.8e+08 eff:0.1% logz-ratio=4.74+/-0.06 dlogz:0.118>0.1]
130665it [21:27:24 bound:1951 nc:4873 ncall:1.8e+08 eff:0.1% logz-ratio=4.74+/-0.06 dlogz:0.115>0.1]
130773it [21:29:04 bound:1953 nc:2233 ncall:1.8e+08 eff:0.1% logz-ratio=4.74+/-0.06 dlogz:0.112>0.1]
130887it [21:30:43 bound:1955 nc:1779 ncall:1.8e+08 eff:0.1% logz-ratio=4.74+/-0.06 dlogz:0.109>0.1]
130998it [21:32:20 bound:1957 nc:1319 ncall:1.8e+08 eff:0.1% logz-ratio=4.74+/-0.06 dlogz:0.106>0.1]
131109it [21:33:53 bound:1959 nc:2764 ncall:1.8e+08 eff:0.1% logz-ratio=4.74+/-0.06 dlogz:0.104>0.1]
131221it [21:35:31 bound:1961 nc:1430 ncall:1.8e+08 eff:0.1% logz-ratio=4.74+/-0.06 dlogz:0.108>0.1]
131331it [21:37:03 bound:1963 nc:1433 ncall:1.8e+08 eff:0.1% logz-ratio=4.74+/-0.06 dlogz:0.105>0.1]
131442it [21:38:38 bound:1965 nc:1968 ncall:1.8e+08 eff:0.1% logz-ratio=4.74+/-0.06 dlogz:0.102>0.1]
At this point, we cannot create a float from 0        1.213469
1        1.127015
2        1.143042
3        1.117138
4        1.097769
           ...   
40550    1.108228
40551    1.109194
40552    1.105583
40553    1.112396
40554    1.110613
Name: chirp_mass_source, Length: 40555, dtype: float64, error: cannot convert the series to <class 'float'>
At this point, we cannot create a float from 0        0.959811
1        0.964684
2        0.959758
3        0.988328
4        0.864740
           ...   
40550    0.926089
40551    0.927979
40552    0.943905
40553    0.963431
40554    0.931790
Name: mass_ratio, Length: 40555, dtype: float64, error: cannot convert the series to <class 'float'>
At this point, we cannot create a float from 0         700.407959
1         862.325562
2         670.225830
3         663.958984
4         427.690430
            ...     
40550     889.304077
40551     843.934875
40552    1005.111877
40553     988.843201
40554     959.039307
Name: lambda_1, Length: 40555, dtype: float64, error: cannot convert the series to <class 'float'>
At this point, we cannot create a float from 0         856.343018
1        1056.029785
2         866.098755
3         704.970581
4        1008.427979
            ...     
40550    1387.727783
40551    1266.317383
40552    1368.416016
40553    1230.653687
40554    1447.604614
Name: lambda_2, Length: 40555, dtype: float64, error: cannot convert the series to <class 'float'>
Skipped taking the float value from [-7.8926158  -6.52408409 -7.19820213 ... -7.84479666 -7.33007812
 -8.17571259], error: only length-1 arrays can be converted to Python scalars
At this point, we cannot create a float from [0.97386575 0.97528741 0.97670907 ... 1.39609844 1.3975201
 1.39894176], error: only length-1 arrays can be converted to Python scalars
At this point, we cannot create a float from [0.70714986 0.70812834 0.70910682 ... 0.99775813 0.99873661
 0.99971509], error: only length-1 arrays can be converted to Python scalars
At this point, we cannot create a float from [  99.7292099   110.89004644  122.05088298 ... 3414.49766285
 3425.6584994  3436.81933594], error: only length-1 arrays can be converted to Python scalars
At this point, we cannot create a float from [ 143.45655823  158.87063374  174.28470925 ... 4721.43698569
 4736.85106121 4752.26513672], error: only length-1 arrays can be converted to Python scalars
Skipped taking the float value from [-54.42694855 -53.67194748 -52.07818604 ... -66.86921692
 -66.87527466 -67.23316956], error: only length-1 arrays can be converted to Python scalars
