JAX: devices available: [CudaDevice(id=0)]
torch: CUDA is available. Number of devices: 1
torch: Current CUDA device: 0
Training data will be loaded from: /data/gravwav/twouters/projects/eos_source_classification/eos_source_classification/data/eos/radio_chiEFT_NICER/eos_samples.npz
Training a normalizing flow for population =  GW230529 and nsbh sources
Using a smaller learning rate 0.0005 for flowJAX training, as it is more stable with this value.
Before training, we built the following NF kwargs: {'n_transforms': 4, 'n_neurons': 64, 'n_blocks_per_transform': 1, 'nn_depth': 5, 'nn_block_dim': 8, 'names': ['chirp_mass', 'mass_ratio', 'lambda_2', 'luminosity_distance'], 'n_inputs': 4}
Everything for this model will be saved to ./models/GW230529/nsbh/radio_chiEFT_NICER_flowjax
Using flowJAX, so setting validation_split_fraction to 0.01 (no validation split)
Starting training with the following parameters:
Reading the EOS data from /data/gravwav/twouters/projects/eos_source_classification/eos_source_classification/data/eos/radio_chiEFT_NICER/eos_samples.npz
Number of good samples:  0.9882
create_data is following GW_event source type: GW230529
Parsed prior bounds:
  Chirp mass: 2.02 - 2.04
  Mass ratio: 0.125 - 1.0
  Luminosity distance: 1.0 - 500.0
Loaded priors: {'chirp_mass': Uniform(minimum=2.02, maximum=2.04, name='chirp_mass', latex_label='$\\mathcal{M}$', unit=None, boundary=None), 'mass_ratio': Uniform(minimum=0.125, maximum=1.0, name='mass_ratio', latex_label='$q$', unit=None, boundary=None), 'luminosity_distance': bilby.gw.prior.UniformComovingVolume(minimum=1.0, maximum=500.0, cosmology='Planck15', name='luminosity_distance', latex_label='$D_L$', unit='Mpc', boundary=None)}
0/200000
20000/200000
40000/200000
60000/200000
80000/200000
100000/200000
120000/200000
140000/200000
160000/200000
180000/200000
Create data will save the following data:
  m1: range = [2.1043129892679686, 7.140635465492152]
  m2: range = [0.8190553155231354, 2.3182883786272868]
  mass_ratio: range = [0.12500086475215444, 0.9999979272026481]
  lambda_1: range = [1.9466604347736711, 169.9710731183912]
  lambda_2: range = [3.1282751762050203, 16255.846457279164]
  lambda_tilde: range = [3.128664078854633, 252.03036137433756]
  delta_lambda_tilde: range = [-6.2643535547107705, 61.816528385746835]
  chirp_mass_source: range = [1.8283230094200458, 2.0357179474886746]
  chirp_mass: range = [2.0200000682948795, 2.0399999451213566]
  luminosity_distance: range = [3.563213559972418, 499.9990388613055]
Saving to ./models/GW230529/nsbh/radio_chiEFT_NICER_flowjax/training_data.npz:
Saving to ./models/GW230529/nsbh/radio_chiEFT_NICER_flowjax/training_data.npz DONE
Using detector-frame chirp mass from the GW event and mass ratio (Mc_det, q) for training
Using component parameterization for lambdas (lambda_1, lambda_2)
Training samples: 198000, Validation samples: 2000
Creating the training data arrays
NSBH and training on lambda_2 (3D)
Including luminosity distance in training data
np.shape(self.x)
(198000, 4)
Using MinMaxScaler to scale the input data x
Saved sklearn scaler to ./models/GW230529/nsbh/radio_chiEFT_NICER_flowjax/scaler.gz
Going to start training for flowJAX . . .
Using block_neural_autoregressive_flow for flowJAX unconditional distribution
Training flowJAX unconditional model on data shape: (198000, 4)
Validation data shape: (2000, 4)
Saving the training loss plot to ./models/GW230529/nsbh/radio_chiEFT_NICER_flowjax/training_loss.pdf
Training done. Took around 11.54 minutes
Saving the flowJAX model to ./models/GW230529/nsbh/radio_chiEFT_NICER_flowjax/model.eqx
Saving the model kwargs to ./models/GW230529/nsbh/radio_chiEFT_NICER_flowjax/model_kwargs.json
DONE training!
