000 (2568353.000.000) 2025-07-28 23:23:33 Job submitted from host: <145.107.7.246:9618?addrs=145.107.7.246-9618+[2a07-8500-120-e070--3f6]-9618&alias=taai-007.nikhef.nl&noUDP&sock=schedd_2614_90a7>
    DAG Node: run_d
...
001 (2568353.000.000) 2025-07-28 23:24:00 Job executing on host: <145.107.4.164:9618?addrs=145.107.4.164-9618+[2a07-8500-120-e070--a4]-9618&alias=wn-pijl-003.nikhef.nl&noUDP&sock=startd_4461_7413>
	SlotName: slot1_9@wn-pijl-003.nikhef.nl
	AvailableGPUs = {  }
	CondorScratchDir = "/scratch/condor_execute/dir_2725998"
	Cpus = 64
	Disk = 16790397
	GPUs = 0
	Memory = 16384
...
006 (2568353.000.000) 2025-07-28 23:24:13 Image size of job updated: 488248
	477  -  MemoryUsage of job (MB)
	488248  -  ResidentSetSize of job (KB)
...
006 (2568353.000.000) 2025-07-28 23:29:13 Image size of job updated: 1810080
	1767  -  MemoryUsage of job (MB)
	1808768  -  ResidentSetSize of job (KB)
...
006 (2568353.000.000) 2025-07-28 23:34:14 Image size of job updated: 1810080
	1768  -  MemoryUsage of job (MB)
	1809916  -  ResidentSetSize of job (KB)
...
006 (2568353.000.000) 2025-07-28 23:39:15 Image size of job updated: 1810928
	1769  -  MemoryUsage of job (MB)
	1810928  -  ResidentSetSize of job (KB)
...
006 (2568353.000.000) 2025-07-28 23:44:15 Image size of job updated: 1828852
	1786  -  MemoryUsage of job (MB)
	1828852  -  ResidentSetSize of job (KB)
...
006 (2568353.000.000) 2025-07-28 23:49:16 Image size of job updated: 1843728
	1801  -  MemoryUsage of job (MB)
	1843728  -  ResidentSetSize of job (KB)
...
006 (2568353.000.000) 2025-07-28 23:54:17 Image size of job updated: 1844312
	1802  -  MemoryUsage of job (MB)
	1844312  -  ResidentSetSize of job (KB)
...
006 (2568353.000.000) 2025-07-28 23:59:17 Image size of job updated: 1845540
	1803  -  MemoryUsage of job (MB)
	1845540  -  ResidentSetSize of job (KB)
...
006 (2568353.000.000) 2025-07-29 00:04:18 Image size of job updated: 1846732
	1804  -  MemoryUsage of job (MB)
	1846732  -  ResidentSetSize of job (KB)
...
006 (2568353.000.000) 2025-07-29 00:09:19 Image size of job updated: 1848944
	1806  -  MemoryUsage of job (MB)
	1848944  -  ResidentSetSize of job (KB)
...
006 (2568353.000.000) 2025-07-29 00:14:19 Image size of job updated: 1850292
	1807  -  MemoryUsage of job (MB)
	1850292  -  ResidentSetSize of job (KB)
...
006 (2568353.000.000) 2025-07-29 00:19:20 Image size of job updated: 1851588
	1809  -  MemoryUsage of job (MB)
	1851588  -  ResidentSetSize of job (KB)
...
006 (2568353.000.000) 2025-07-29 00:24:21 Image size of job updated: 1853584
	1811  -  MemoryUsage of job (MB)
	1853584  -  ResidentSetSize of job (KB)
...
006 (2568353.000.000) 2025-07-29 00:29:21 Image size of job updated: 2119900
	2032  -  MemoryUsage of job (MB)
	2080616  -  ResidentSetSize of job (KB)
...
006 (2568353.000.000) 2025-07-29 00:34:22 Image size of job updated: 2119900
	2033  -  MemoryUsage of job (MB)
	2081744  -  ResidentSetSize of job (KB)
...
006 (2568353.000.000) 2025-07-29 00:39:23 Image size of job updated: 2119900
	2035  -  MemoryUsage of job (MB)
	2083656  -  ResidentSetSize of job (KB)
...
006 (2568353.000.000) 2025-07-29 00:44:23 Image size of job updated: 2119900
	2037  -  MemoryUsage of job (MB)
	2085852  -  ResidentSetSize of job (KB)
...
006 (2568353.000.000) 2025-07-29 00:49:24 Image size of job updated: 2119900
	2041  -  MemoryUsage of job (MB)
	2089872  -  ResidentSetSize of job (KB)
...
006 (2568353.000.000) 2025-07-29 00:54:24 Image size of job updated: 2119900
	2044  -  MemoryUsage of job (MB)
	2092092  -  ResidentSetSize of job (KB)
...
006 (2568353.000.000) 2025-07-29 00:59:24 Image size of job updated: 2119900
	2046  -  MemoryUsage of job (MB)
	2094288  -  ResidentSetSize of job (KB)
...
006 (2568353.000.000) 2025-07-29 01:04:25 Image size of job updated: 2119900
	2050  -  MemoryUsage of job (MB)
	2098180  -  ResidentSetSize of job (KB)
...
006 (2568353.000.000) 2025-07-29 01:09:25 Image size of job updated: 2119900
	2050  -  MemoryUsage of job (MB)
	2098560  -  ResidentSetSize of job (KB)
...
006 (2568353.000.000) 2025-07-29 01:14:25 Image size of job updated: 2119900
	2052  -  MemoryUsage of job (MB)
	2100780  -  ResidentSetSize of job (KB)
...
006 (2568353.000.000) 2025-07-29 01:19:26 Image size of job updated: 2119900
	2054  -  MemoryUsage of job (MB)
	2102848  -  ResidentSetSize of job (KB)
...
006 (2568353.000.000) 2025-07-29 01:24:26 Image size of job updated: 2119900
	2054  -  MemoryUsage of job (MB)
	2103156  -  ResidentSetSize of job (KB)
...
006 (2568353.000.000) 2025-07-29 01:29:26 Image size of job updated: 2187932
	2137  -  MemoryUsage of job (MB)
	2187932  -  ResidentSetSize of job (KB)
...
006 (2568353.000.000) 2025-07-29 01:34:27 Image size of job updated: 2190024
	2139  -  MemoryUsage of job (MB)
	2190024  -  ResidentSetSize of job (KB)
...
006 (2568353.000.000) 2025-07-29 01:39:27 Image size of job updated: 2190256
	2139  -  MemoryUsage of job (MB)
	2190256  -  ResidentSetSize of job (KB)
...
006 (2568353.000.000) 2025-07-29 01:44:28 Image size of job updated: 2192356
	2141  -  MemoryUsage of job (MB)
	2192356  -  ResidentSetSize of job (KB)
...
006 (2568353.000.000) 2025-07-29 01:49:29 Image size of job updated: 2193604
	2143  -  MemoryUsage of job (MB)
	2193604  -  ResidentSetSize of job (KB)
...
006 (2568353.000.000) 2025-07-29 01:54:29 Image size of job updated: 2194540
	2144  -  MemoryUsage of job (MB)
	2194540  -  ResidentSetSize of job (KB)
...
006 (2568353.000.000) 2025-07-29 01:59:30 Image size of job updated: 2196592
	2146  -  MemoryUsage of job (MB)
	2196592  -  ResidentSetSize of job (KB)
...
006 (2568353.000.000) 2025-07-29 02:04:31 Image size of job updated: 2197884
	2147  -  MemoryUsage of job (MB)
	2197884  -  ResidentSetSize of job (KB)
...
006 (2568353.000.000) 2025-07-29 02:09:31 Image size of job updated: 2198880
	2148  -  MemoryUsage of job (MB)
	2198880  -  ResidentSetSize of job (KB)
...
006 (2568353.000.000) 2025-07-29 02:14:32 Image size of job updated: 2200936
	2150  -  MemoryUsage of job (MB)
	2200936  -  ResidentSetSize of job (KB)
...
006 (2568353.000.000) 2025-07-29 02:19:33 Image size of job updated: 2201196
	2150  -  MemoryUsage of job (MB)
	2201196  -  ResidentSetSize of job (KB)
...
006 (2568353.000.000) 2025-07-29 02:24:33 Image size of job updated: 2203288
	2152  -  MemoryUsage of job (MB)
	2203288  -  ResidentSetSize of job (KB)
...
006 (2568353.000.000) 2025-07-29 02:29:34 Image size of job updated: 2232472
	2169  -  MemoryUsage of job (MB)
	2220688  -  ResidentSetSize of job (KB)
...
006 (2568353.000.000) 2025-07-29 02:34:35 Image size of job updated: 2232472
	2171  -  MemoryUsage of job (MB)
	2222740  -  ResidentSetSize of job (KB)
...
006 (2568353.000.000) 2025-07-29 02:39:35 Image size of job updated: 2232472
	2173  -  MemoryUsage of job (MB)
	2224716  -  ResidentSetSize of job (KB)
...
006 (2568353.000.000) 2025-07-29 02:44:36 Image size of job updated: 2232472
	2173  -  MemoryUsage of job (MB)
	2224944  -  ResidentSetSize of job (KB)
...
006 (2568353.000.000) 2025-07-29 02:49:37 Image size of job updated: 2232472
	2175  -  MemoryUsage of job (MB)
	2226920  -  ResidentSetSize of job (KB)
...
006 (2568353.000.000) 2025-07-29 02:54:37 Image size of job updated: 2232472
	2177  -  MemoryUsage of job (MB)
	2228904  -  ResidentSetSize of job (KB)
...
006 (2568353.000.000) 2025-07-29 02:59:39 Image size of job updated: 2232472
	2177  -  MemoryUsage of job (MB)
	2229148  -  ResidentSetSize of job (KB)
...
006 (2568353.000.000) 2025-07-29 03:04:39 Image size of job updated: 2232472
	2179  -  MemoryUsage of job (MB)
	2231108  -  ResidentSetSize of job (KB)
...
006 (2568353.000.000) 2025-07-29 03:09:39 Image size of job updated: 2232472
	2181  -  MemoryUsage of job (MB)
	2232324  -  ResidentSetSize of job (KB)
...
006 (2568353.000.000) 2025-07-29 03:14:40 Image size of job updated: 2233276
	2181  -  MemoryUsage of job (MB)
	2233276  -  ResidentSetSize of job (KB)
...
006 (2568353.000.000) 2025-07-29 03:19:40 Image size of job updated: 2233448
	2182  -  MemoryUsage of job (MB)
	2233448  -  ResidentSetSize of job (KB)
...
006 (2568353.000.000) 2025-07-29 03:24:40 Image size of job updated: 2234396
	2183  -  MemoryUsage of job (MB)
	2234396  -  ResidentSetSize of job (KB)
...
006 (2568353.000.000) 2025-07-29 03:29:41 Image size of job updated: 2259640
	2198  -  MemoryUsage of job (MB)
	2250540  -  ResidentSetSize of job (KB)
...
006 (2568353.000.000) 2025-07-29 03:39:41 Image size of job updated: 2259640
	2198  -  MemoryUsage of job (MB)
	2250568  -  ResidentSetSize of job (KB)
...
006 (2568353.000.000) 2025-07-29 03:44:42 Image size of job updated: 2259640
	2199  -  MemoryUsage of job (MB)
	2251524  -  ResidentSetSize of job (KB)
...
006 (2568353.000.000) 2025-07-29 03:49:42 Image size of job updated: 2259640
	2199  -  MemoryUsage of job (MB)
	2251652  -  ResidentSetSize of job (KB)
...
006 (2568353.000.000) 2025-07-29 03:54:42 Image size of job updated: 2259640
	2200  -  MemoryUsage of job (MB)
	2251820  -  ResidentSetSize of job (KB)
...
006 (2568353.000.000) 2025-07-29 03:59:43 Image size of job updated: 2259640
	2200  -  MemoryUsage of job (MB)
	2252704  -  ResidentSetSize of job (KB)
...
006 (2568353.000.000) 2025-07-29 04:04:43 Image size of job updated: 2259640
	2201  -  MemoryUsage of job (MB)
	2252884  -  ResidentSetSize of job (KB)
...
006 (2568353.000.000) 2025-07-29 04:09:44 Image size of job updated: 2259640
	2201  -  MemoryUsage of job (MB)
	2253796  -  ResidentSetSize of job (KB)
...
006 (2568353.000.000) 2025-07-29 04:14:45 Image size of job updated: 2259640
	2202  -  MemoryUsage of job (MB)
	2253944  -  ResidentSetSize of job (KB)
...
006 (2568353.000.000) 2025-07-29 04:19:45 Image size of job updated: 2259640
	2203  -  MemoryUsage of job (MB)
	2254892  -  ResidentSetSize of job (KB)
...
006 (2568353.000.000) 2025-07-29 04:24:46 Image size of job updated: 2259640
	2203  -  MemoryUsage of job (MB)
	2254972  -  ResidentSetSize of job (KB)
...
006 (2568353.000.000) 2025-07-29 04:29:47 Image size of job updated: 2282064
	2229  -  MemoryUsage of job (MB)
	2282064  -  ResidentSetSize of job (KB)
...
006 (2568353.000.000) 2025-07-29 04:34:47 Image size of job updated: 2282128
	2229  -  MemoryUsage of job (MB)
	2282128  -  ResidentSetSize of job (KB)
...
006 (2568353.000.000) 2025-07-29 04:39:48 Image size of job updated: 2283012
	2230  -  MemoryUsage of job (MB)
	2283012  -  ResidentSetSize of job (KB)
...
006 (2568353.000.000) 2025-07-29 04:44:49 Image size of job updated: 2283108
	2230  -  MemoryUsage of job (MB)
	2283108  -  ResidentSetSize of job (KB)
...
006 (2568353.000.000) 2025-07-29 04:49:49 Image size of job updated: 2283192
	2230  -  MemoryUsage of job (MB)
	2283192  -  ResidentSetSize of job (KB)
...
006 (2568353.000.000) 2025-07-29 04:54:50 Image size of job updated: 2284056
	2231  -  MemoryUsage of job (MB)
	2284056  -  ResidentSetSize of job (KB)
...
006 (2568353.000.000) 2025-07-29 04:59:50 Image size of job updated: 2284160
	2231  -  MemoryUsage of job (MB)
	2284160  -  ResidentSetSize of job (KB)
...
006 (2568353.000.000) 2025-07-29 05:04:50 Image size of job updated: 2285048
	2232  -  MemoryUsage of job (MB)
	2285048  -  ResidentSetSize of job (KB)
...
006 (2568353.000.000) 2025-07-29 05:09:51 Image size of job updated: 2285104
	2232  -  MemoryUsage of job (MB)
	2285104  -  ResidentSetSize of job (KB)
...
006 (2568353.000.000) 2025-07-29 05:14:51 Image size of job updated: 2285928
	2233  -  MemoryUsage of job (MB)
	2285928  -  ResidentSetSize of job (KB)
...
006 (2568353.000.000) 2025-07-29 05:19:51 Image size of job updated: 2285968
	2233  -  MemoryUsage of job (MB)
	2285968  -  ResidentSetSize of job (KB)
...
006 (2568353.000.000) 2025-07-29 05:24:52 Image size of job updated: 2286832
	2234  -  MemoryUsage of job (MB)
	2286832  -  ResidentSetSize of job (KB)
...
006 (2568353.000.000) 2025-07-29 05:29:52 Image size of job updated: 2286888
	2234  -  MemoryUsage of job (MB)
	2286888  -  ResidentSetSize of job (KB)
...
006 (2568353.000.000) 2025-07-29 05:34:53 Image size of job updated: 2321040
	2267  -  MemoryUsage of job (MB)
	2320856  -  ResidentSetSize of job (KB)
...
006 (2568353.000.000) 2025-07-29 05:39:54 Image size of job updated: 2321040
	2267  -  MemoryUsage of job (MB)
	2320912  -  ResidentSetSize of job (KB)
...
006 (2568353.000.000) 2025-07-29 05:44:54 Image size of job updated: 2321040
	2267  -  MemoryUsage of job (MB)
	2320968  -  ResidentSetSize of job (KB)
...
006 (2568353.000.000) 2025-07-29 05:49:55 Image size of job updated: 2321812
	2268  -  MemoryUsage of job (MB)
	2321812  -  ResidentSetSize of job (KB)
...
006 (2568353.000.000) 2025-07-29 05:54:56 Image size of job updated: 2321896
	2268  -  MemoryUsage of job (MB)
	2321896  -  ResidentSetSize of job (KB)
...
006 (2568353.000.000) 2025-07-29 05:59:56 Image size of job updated: 2322724
	2269  -  MemoryUsage of job (MB)
	2322724  -  ResidentSetSize of job (KB)
...
006 (2568353.000.000) 2025-07-29 06:04:57 Image size of job updated: 2322796
	2269  -  MemoryUsage of job (MB)
	2322796  -  ResidentSetSize of job (KB)
...
006 (2568353.000.000) 2025-07-29 06:09:58 Image size of job updated: 2323628
	2270  -  MemoryUsage of job (MB)
	2323628  -  ResidentSetSize of job (KB)
...
006 (2568353.000.000) 2025-07-29 06:14:58 Image size of job updated: 2323672
	2270  -  MemoryUsage of job (MB)
	2323672  -  ResidentSetSize of job (KB)
...
006 (2568353.000.000) 2025-07-29 06:19:59 Image size of job updated: 2323748
	2270  -  MemoryUsage of job (MB)
	2323748  -  ResidentSetSize of job (KB)
...
006 (2568353.000.000) 2025-07-29 06:24:59 Image size of job updated: 2324588
	2271  -  MemoryUsage of job (MB)
	2324588  -  ResidentSetSize of job (KB)
...
006 (2568353.000.000) 2025-07-29 06:29:59 Image size of job updated: 2324644
	2271  -  MemoryUsage of job (MB)
	2324644  -  ResidentSetSize of job (KB)
...
006 (2568353.000.000) 2025-07-29 06:35:00 Image size of job updated: 2349096
	2274  -  MemoryUsage of job (MB)
	2328476  -  ResidentSetSize of job (KB)
...
006 (2568353.000.000) 2025-07-29 07:10:03 Image size of job updated: 2349096
	2275  -  MemoryUsage of job (MB)
	2329224  -  ResidentSetSize of job (KB)
...
006 (2568353.000.000) 2025-07-29 07:15:04 Image size of job updated: 2349096
	2275  -  MemoryUsage of job (MB)
	2329264  -  ResidentSetSize of job (KB)
...
006 (2568353.000.000) 2025-07-29 07:20:05 Image size of job updated: 2349096
	2276  -  MemoryUsage of job (MB)
	2330088  -  ResidentSetSize of job (KB)
...
006 (2568353.000.000) 2025-07-29 07:25:05 Image size of job updated: 2349096
	2276  -  MemoryUsage of job (MB)
	2330144  -  ResidentSetSize of job (KB)
...
006 (2568353.000.000) 2025-07-29 07:30:06 Image size of job updated: 2349096
	2277  -  MemoryUsage of job (MB)
	2330960  -  ResidentSetSize of job (KB)
...
006 (2568353.000.000) 2025-07-29 07:35:06 Image size of job updated: 2362628
	2301  -  MemoryUsage of job (MB)
	2355536  -  ResidentSetSize of job (KB)
...
006 (2568353.000.000) 2025-07-29 07:40:06 Image size of job updated: 2362628
	2302  -  MemoryUsage of job (MB)
	2356352  -  ResidentSetSize of job (KB)
...
006 (2568353.000.000) 2025-07-29 08:35:12 Image size of job updated: 2373068
	2302  -  MemoryUsage of job (MB)
	2356352  -  ResidentSetSize of job (KB)
...
006 (2568353.000.000) 2025-07-29 09:05:14 Image size of job updated: 2373068
	2302  -  MemoryUsage of job (MB)
	2356404  -  ResidentSetSize of job (KB)
...
006 (2568353.000.000) 2025-07-29 09:10:15 Image size of job updated: 2373068
	2302  -  MemoryUsage of job (MB)
	2356436  -  ResidentSetSize of job (KB)
...
006 (2568353.000.000) 2025-07-29 09:15:15 Image size of job updated: 2373068
	2302  -  MemoryUsage of job (MB)
	2356480  -  ResidentSetSize of job (KB)
...
006 (2568353.000.000) 2025-07-29 09:20:15 Image size of job updated: 2373068
	2302  -  MemoryUsage of job (MB)
	2356520  -  ResidentSetSize of job (KB)
...
006 (2568353.000.000) 2025-07-29 09:25:16 Image size of job updated: 2373068
	2302  -  MemoryUsage of job (MB)
	2356560  -  ResidentSetSize of job (KB)
...
006 (2568353.000.000) 2025-07-29 09:30:16 Image size of job updated: 2373068
	2302  -  MemoryUsage of job (MB)
	2356588  -  ResidentSetSize of job (KB)
...
006 (2568353.000.000) 2025-07-29 09:35:16 Image size of job updated: 2381348
	2319  -  MemoryUsage of job (MB)
	2374156  -  ResidentSetSize of job (KB)
...
006 (2568353.000.000) 2025-07-29 09:40:17 Image size of job updated: 2381348
	2319  -  MemoryUsage of job (MB)
	2374200  -  ResidentSetSize of job (KB)
...
006 (2568353.000.000) 2025-07-29 09:45:17 Image size of job updated: 2381348
	2319  -  MemoryUsage of job (MB)
	2374232  -  ResidentSetSize of job (KB)
...
006 (2568353.000.000) 2025-07-29 09:50:18 Image size of job updated: 2381348
	2319  -  MemoryUsage of job (MB)
	2374272  -  ResidentSetSize of job (KB)
...
006 (2568353.000.000) 2025-07-29 09:55:19 Image size of job updated: 2381348
	2319  -  MemoryUsage of job (MB)
	2374328  -  ResidentSetSize of job (KB)
...
006 (2568353.000.000) 2025-07-29 10:00:19 Image size of job updated: 2381348
	2319  -  MemoryUsage of job (MB)
	2374368  -  ResidentSetSize of job (KB)
...
006 (2568353.000.000) 2025-07-29 10:05:20 Image size of job updated: 2381348
	2319  -  MemoryUsage of job (MB)
	2374408  -  ResidentSetSize of job (KB)
...
006 (2568353.000.000) 2025-07-29 10:10:21 Image size of job updated: 2381348
	2319  -  MemoryUsage of job (MB)
	2374456  -  ResidentSetSize of job (KB)
...
006 (2568353.000.000) 2025-07-29 10:15:21 Image size of job updated: 2381348
	2319  -  MemoryUsage of job (MB)
	2374476  -  ResidentSetSize of job (KB)
...
006 (2568353.000.000) 2025-07-29 10:20:22 Image size of job updated: 2381348
	2319  -  MemoryUsage of job (MB)
	2374544  -  ResidentSetSize of job (KB)
...
006 (2568353.000.000) 2025-07-29 10:35:24 Image size of job updated: 2462292
	2338  -  MemoryUsage of job (MB)
	2393348  -  ResidentSetSize of job (KB)
...
006 (2568353.000.000) 2025-07-29 10:40:25 Image size of job updated: 2462292
	2338  -  MemoryUsage of job (MB)
	2393396  -  ResidentSetSize of job (KB)
...
006 (2568353.000.000) 2025-07-29 10:45:25 Image size of job updated: 2462292
	2338  -  MemoryUsage of job (MB)
	2393428  -  ResidentSetSize of job (KB)
...
006 (2568353.000.000) 2025-07-29 10:50:26 Image size of job updated: 2462292
	2338  -  MemoryUsage of job (MB)
	2393472  -  ResidentSetSize of job (KB)
...
006 (2568353.000.000) 2025-07-29 10:55:27 Image size of job updated: 2462292
	2338  -  MemoryUsage of job (MB)
	2393504  -  ResidentSetSize of job (KB)
...
006 (2568353.000.000) 2025-07-29 11:00:27 Image size of job updated: 2462292
	2338  -  MemoryUsage of job (MB)
	2393544  -  ResidentSetSize of job (KB)
...
006 (2568353.000.000) 2025-07-29 11:05:28 Image size of job updated: 2462292
	2338  -  MemoryUsage of job (MB)
	2393580  -  ResidentSetSize of job (KB)
...
006 (2568353.000.000) 2025-07-29 11:10:29 Image size of job updated: 2462292
	2338  -  MemoryUsage of job (MB)
	2393608  -  ResidentSetSize of job (KB)
...
006 (2568353.000.000) 2025-07-29 11:15:29 Image size of job updated: 2462292
	2338  -  MemoryUsage of job (MB)
	2393668  -  ResidentSetSize of job (KB)
...
006 (2568353.000.000) 2025-07-29 11:20:31 Image size of job updated: 2462292
	2338  -  MemoryUsage of job (MB)
	2393700  -  ResidentSetSize of job (KB)
...
006 (2568353.000.000) 2025-07-29 11:25:31 Image size of job updated: 2462292
	2338  -  MemoryUsage of job (MB)
	2393724  -  ResidentSetSize of job (KB)
...
006 (2568353.000.000) 2025-07-29 11:30:31 Image size of job updated: 2462292
	2338  -  MemoryUsage of job (MB)
	2393768  -  ResidentSetSize of job (KB)
...
006 (2568353.000.000) 2025-07-29 11:35:32 Image size of job updated: 2462292
	2358  -  MemoryUsage of job (MB)
	2414024  -  ResidentSetSize of job (KB)
...
006 (2568353.000.000) 2025-07-29 11:40:32 Image size of job updated: 2462292
	2362  -  MemoryUsage of job (MB)
	2418240  -  ResidentSetSize of job (KB)
...
006 (2568353.000.000) 2025-07-29 11:45:32 Image size of job updated: 2462292
	2362  -  MemoryUsage of job (MB)
	2418272  -  ResidentSetSize of job (KB)
...
006 (2568353.000.000) 2025-07-29 11:50:33 Image size of job updated: 2462292
	2362  -  MemoryUsage of job (MB)
	2418344  -  ResidentSetSize of job (KB)
...
006 (2568353.000.000) 2025-07-29 11:55:33 Image size of job updated: 2462292
	2362  -  MemoryUsage of job (MB)
	2418388  -  ResidentSetSize of job (KB)
...
006 (2568353.000.000) 2025-07-29 12:00:33 Image size of job updated: 2462292
	2362  -  MemoryUsage of job (MB)
	2418448  -  ResidentSetSize of job (KB)
...
006 (2568353.000.000) 2025-07-29 12:05:34 Image size of job updated: 2462292
	2362  -  MemoryUsage of job (MB)
	2418488  -  ResidentSetSize of job (KB)
...
006 (2568353.000.000) 2025-07-29 12:10:34 Image size of job updated: 2487784
	2362  -  MemoryUsage of job (MB)
	2418488  -  ResidentSetSize of job (KB)
...
005 (2568353.000.000) 2025-07-29 12:10:39 Job terminated.
	(1) Normal termination (return value 0)
		Usr 21 13:56:53, Sys 0 00:05:11  -  Run Remote Usage
		Usr 0 00:00:00, Sys 0 00:00:00  -  Run Local Usage
		Usr 21 13:56:53, Sys 0 00:05:11  -  Total Remote Usage
		Usr 0 00:00:00, Sys 0 00:00:00  -  Total Local Usage
	0  -  Run Bytes Sent By Job
	0  -  Run Bytes Received By Job
	0  -  Total Bytes Sent By Job
	0  -  Total Bytes Received By Job
	Partitionable Resources :    Usage  Request Allocated 
	   Cpus                 :     3.46       64        64 
	   Disk (KB)            : 17500    16777216  16790397 
	   GPUs                 :                           0 
	   Memory (MB)          :  2362       16384     16384 
	   TimeExecute (s)      : 45999                       
	   TimeSlotBusy (s)     : 46000                       

	Job terminated of its own accord at 2025-07-29T10:10:39Z with exit-code 0.
...
