NFDist has source_type = bns
self.parameters_ref
{'chirp_mass': 2.0272715949909377, 'mass_ratio': 0.3699999999999999, 'symmetric_mass_ratio': 0.19713357131440137, 'a_1': 0.0, 'a_2': 0.0, 'tilt_1': 0.0, 'tilt_2': 0.0, 'phi_jl': 0.0, 'phi_12': 0.0, 'luminosity_distance': 201.0, 'phase': 1.3576488959769972, 'theta_jn': 2.323517520938953, 'psi': 0.030083409062676092, 'ra': 1.121307208346961, 'dec': 0.22562961827621178, 'lambda_1': 0.0, 'lambda_2': 0.0, 'mass_1': 3.920441829732034, 'mass_2': 1.4505634770008522, 'geocent_time': 1369419318.7460938, 'duration': 128.0}
3531it [0:00:32 bound:0 nc:111 ncall:3.3e+04 eff:10.8% logz-ratio=-0.88+/-0.04 dlogz:22.228>0.1]
3787it [0:01:58 bound:4 nc:1127 ncall:1.3e+05 eff:2.9% logz-ratio=-0.64+/-0.04 dlogz:21.735>0.1]
3972it [0:03:13 bound:7 nc:734 ncall:2.7e+05 eff:1.4% logz-ratio=-0.47+/-0.05 dlogz:21.381>0.1]
4159it [0:04:30 bound:10 nc:647 ncall:4.2e+05 eff:1.0% logz-ratio=-0.29+/-0.05 dlogz:21.023>0.1]
4346it [0:05:47 bound:13 nc:845 ncall:5.6e+05 eff:0.8% logz-ratio=-0.11+/-0.05 dlogz:24.297>0.1]
4534it [0:07:06 bound:16 nc:748 ncall:7.1e+05 eff:0.6% logz-ratio=0.08+/-0.05 dlogz:25.645>0.1]
4718it [0:08:26 bound:19 nc:847 ncall:8.5e+05 eff:0.6% logz-ratio=0.28+/-0.05 dlogz:35.821>0.1]
4906it [0:09:51 bound:22 nc:744 ncall:1.0e+06 eff:0.5% logz-ratio=0.50+/-0.05 dlogz:35.423>0.1]
5030it [0:10:54 bound:24 nc:615 ncall:1.1e+06 eff:0.5% logz-ratio=0.64+/-0.06 dlogz:35.157>0.1]
5213it [0:12:16 bound:27 nc:355 ncall:1.2e+06 eff:0.4% logz-ratio=0.87+/-0.06 dlogz:34.757>0.1]
5399it [0:13:38 bound:30 nc:842 ncall:1.4e+06 eff:0.4% logz-ratio=1.11+/-0.06 dlogz:34.333>0.1]
5584it [0:15:04 bound:33 nc:1599 ncall:1.5e+06 eff:0.4% logz-ratio=1.36+/-0.06 dlogz:33.896>0.1]
5766it [0:16:27 bound:36 nc:752 ncall:1.7e+06 eff:0.3% logz-ratio=1.64+/-0.06 dlogz:33.441>0.1]
5949it [0:17:49 bound:39 nc:762 ncall:1.8e+06 eff:0.3% logz-ratio=1.95+/-0.07 dlogz:33.599>0.1]
6137it [0:19:12 bound:42 nc:812 ncall:2.0e+06 eff:0.3% logz-ratio=2.30+/-0.07 dlogz:37.984>0.1]
6322it [0:20:34 bound:45 nc:886 ncall:2.1e+06 eff:0.3% logz-ratio=2.67+/-0.07 dlogz:37.439>0.1]
6503it [0:21:59 bound:48 nc:1005 ncall:2.3e+06 eff:0.3% logz-ratio=3.07+/-0.07 dlogz:36.862>0.1]
6688it [0:23:23 bound:51 nc:357 ncall:2.4e+06 eff:0.3% logz-ratio=3.50+/-0.07 dlogz:36.243>0.1]
6873it [0:24:51 bound:54 nc:421 ncall:2.5e+06 eff:0.3% logz-ratio=3.96+/-0.08 dlogz:35.612>0.1]
7063it [0:26:20 bound:57 nc:646 ncall:2.7e+06 eff:0.3% logz-ratio=4.47+/-0.08 dlogz:34.910>0.1]
7186it [0:27:22 bound:59 nc:884 ncall:2.8e+06 eff:0.3% logz-ratio=4.82+/-0.08 dlogz:34.438>0.1]
7310it [0:28:26 bound:61 nc:807 ncall:2.9e+06 eff:0.3% logz-ratio=5.20+/-0.08 dlogz:33.940>0.1]
7497it [0:29:55 bound:64 nc:707 ncall:3.0e+06 eff:0.2% logz-ratio=5.76+/-0.08 dlogz:33.199>0.1]
7621it [0:30:56 bound:66 nc:1109 ncall:3.1e+06 eff:0.2% logz-ratio=6.13+/-0.08 dlogz:32.703>0.1]
7806it [0:32:29 bound:69 nc:460 ncall:3.3e+06 eff:0.2% logz-ratio=6.73+/-0.09 dlogz:33.736>0.1]
7992it [0:33:56 bound:72 nc:1156 ncall:3.4e+06 eff:0.2% logz-ratio=7.39+/-0.09 dlogz:32.901>0.1]
8116it [0:35:03 bound:74 nc:577 ncall:3.5e+06 eff:0.2% logz-ratio=7.82+/-0.09 dlogz:32.347>0.1]
8240it [0:36:10 bound:76 nc:855 ncall:3.6e+06 eff:0.2% logz-ratio=8.26+/-0.09 dlogz:31.791>0.1]
8364it [0:37:14 bound:78 nc:776 ncall:3.7e+06 eff:0.2% logz-ratio=8.67+/-0.09 dlogz:31.252>0.1]
8488it [0:38:19 bound:80 nc:836 ncall:3.8e+06 eff:0.2% logz-ratio=9.08+/-0.09 dlogz:30.726>0.1]
8613it [0:39:24 bound:82 nc:662 ncall:3.9e+06 eff:0.2% logz-ratio=9.50+/-0.09 dlogz:33.360>0.1]
8739it [0:40:30 bound:84 nc:580 ncall:4.0e+06 eff:0.2% logz-ratio=9.92+/-0.09 dlogz:32.817>0.1]
8925it [0:42:05 bound:87 nc:636 ncall:4.2e+06 eff:0.2% logz-ratio=10.58+/-0.09 dlogz:31.976>0.1]
9048it [0:43:05 bound:89 nc:950 ncall:4.3e+06 eff:0.2% logz-ratio=11.05+/-0.09 dlogz:31.389>0.1]
9172it [0:44:09 bound:91 nc:1047 ncall:4.4e+06 eff:0.2% logz-ratio=11.53+/-0.09 dlogz:33.276>0.1]
9294it [0:45:16 bound:93 nc:865 ncall:4.5e+06 eff:0.2% logz-ratio=12.02+/-0.09 dlogz:32.670>0.1]
9417it [0:46:21 bound:95 nc:598 ncall:4.6e+06 eff:0.2% logz-ratio=12.48+/-0.10 dlogz:32.236>0.1]
9541it [0:47:37 bound:97 nc:353 ncall:4.7e+06 eff:0.2% logz-ratio=12.98+/-0.10 dlogz:31.612>0.1]
9666it [0:48:41 bound:99 nc:992 ncall:4.8e+06 eff:0.2% logz-ratio=13.52+/-0.10 dlogz:36.365>0.1]
9793it [0:49:43 bound:101 nc:1258 ncall:4.9e+06 eff:0.2% logz-ratio=14.05+/-0.10 dlogz:35.723>0.1]
9916it [0:50:46 bound:103 nc:701 ncall:5.0e+06 eff:0.2% logz-ratio=14.57+/-0.10 dlogz:35.079>0.1]
10042it [0:51:55 bound:105 nc:675 ncall:5.1e+06 eff:0.2% logz-ratio=15.10+/-0.10 dlogz:34.423>0.1]
10167it [0:53:08 bound:107 nc:520 ncall:5.2e+06 eff:0.2% logz-ratio=15.61+/-0.10 dlogz:37.401>0.1]
10289it [0:54:15 bound:109 nc:485 ncall:5.3e+06 eff:0.2% logz-ratio=16.09+/-0.10 dlogz:36.796>0.1]
10415it [0:55:19 bound:111 nc:435 ncall:5.4e+06 eff:0.2% logz-ratio=16.65+/-0.10 dlogz:36.122>0.1]
10535it [0:56:27 bound:113 nc:312 ncall:5.5e+06 eff:0.2% logz-ratio=17.18+/-0.10 dlogz:35.467>0.1]
10660it [0:57:38 bound:115 nc:1055 ncall:5.6e+06 eff:0.2% logz-ratio=17.71+/-0.10 dlogz:34.822>0.1]
10782it [0:58:49 bound:117 nc:1323 ncall:5.7e+06 eff:0.2% logz-ratio=18.24+/-0.10 dlogz:39.451>0.1]
10904it [0:59:57 bound:119 nc:917 ncall:5.8e+06 eff:0.2% logz-ratio=18.78+/-0.10 dlogz:38.795>0.1]
11028it [1:01:28 bound:121 nc:790 ncall:5.9e+06 eff:0.2% logz-ratio=19.32+/-0.10 dlogz:38.130>0.1]
11154it [1:02:38 bound:123 nc:1122 ncall:6.1e+06 eff:0.2% logz-ratio=19.91+/-0.10 dlogz:37.424>0.1]
11279it [1:03:54 bound:125 nc:612 ncall:6.2e+06 eff:0.2% logz-ratio=20.46+/-0.11 dlogz:36.751>0.1]
11402it [1:05:06 bound:127 nc:966 ncall:6.3e+06 eff:0.2% logz-ratio=21.01+/-0.11 dlogz:36.075>0.1]
11523it [1:06:14 bound:129 nc:1325 ncall:6.4e+06 eff:0.2% logz-ratio=21.58+/-0.11 dlogz:35.386>0.1]
11648it [1:07:26 bound:131 nc:1042 ncall:6.5e+06 eff:0.2% logz-ratio=22.18+/-0.11 dlogz:34.671>0.1]
11774it [1:08:35 bound:133 nc:1003 ncall:6.6e+06 eff:0.2% logz-ratio=22.75+/-0.11 dlogz:33.970>0.1]
11899it [1:09:47 bound:135 nc:809 ncall:6.7e+06 eff:0.2% logz-ratio=23.28+/-0.11 dlogz:33.323>0.1]
12024it [1:10:57 bound:137 nc:1051 ncall:6.8e+06 eff:0.2% logz-ratio=23.84+/-0.11 dlogz:32.643>0.1]
12147it [1:12:14 bound:139 nc:1785 ncall:7.0e+06 eff:0.2% logz-ratio=24.39+/-0.11 dlogz:31.968>0.1]
12272it [1:13:24 bound:141 nc:1029 ncall:7.1e+06 eff:0.2% logz-ratio=24.96+/-0.11 dlogz:31.277>0.1]
12395it [1:14:33 bound:143 nc:994 ncall:7.2e+06 eff:0.2% logz-ratio=25.51+/-0.11 dlogz:30.605>0.1]
12523it [1:15:41 bound:145 nc:1388 ncall:7.3e+06 eff:0.2% logz-ratio=26.10+/-0.11 dlogz:29.895>0.1]
12646it [1:16:52 bound:147 nc:880 ncall:7.4e+06 eff:0.2% logz-ratio=26.64+/-0.11 dlogz:29.234>0.1]
12769it [1:18:01 bound:149 nc:966 ncall:7.5e+06 eff:0.2% logz-ratio=27.21+/-0.11 dlogz:28.540>0.1]
12889it [1:19:13 bound:151 nc:725 ncall:7.7e+06 eff:0.2% logz-ratio=27.80+/-0.11 dlogz:27.834>0.1]
13016it [1:20:29 bound:153 nc:1008 ncall:7.8e+06 eff:0.2% logz-ratio=28.37+/-0.11 dlogz:27.139>0.1]
13140it [1:21:38 bound:155 nc:551 ncall:7.9e+06 eff:0.2% logz-ratio=28.87+/-0.11 dlogz:26.516>0.1]
13264it [1:22:50 bound:157 nc:813 ncall:8.0e+06 eff:0.2% logz-ratio=29.40+/-0.11 dlogz:25.865>0.1]
13388it [1:24:12 bound:159 nc:1512 ncall:8.1e+06 eff:0.2% logz-ratio=29.92+/-0.11 dlogz:25.224>0.1]
13508it [1:25:28 bound:161 nc:1102 ncall:8.3e+06 eff:0.2% logz-ratio=30.44+/-0.11 dlogz:24.592>0.1]
13632it [1:26:46 bound:163 nc:1032 ncall:8.4e+06 eff:0.2% logz-ratio=31.00+/-0.12 dlogz:23.911>0.1]
13755it [1:27:56 bound:165 nc:925 ncall:8.5e+06 eff:0.2% logz-ratio=31.51+/-0.12 dlogz:23.278>0.1]
13881it [1:29:10 bound:167 nc:994 ncall:8.6e+06 eff:0.2% logz-ratio=32.01+/-0.12 dlogz:22.658>0.1]
14004it [1:30:25 bound:169 nc:1118 ncall:8.7e+06 eff:0.2% logz-ratio=32.48+/-0.12 dlogz:22.064>0.1]
14129it [1:31:35 bound:171 nc:637 ncall:8.9e+06 eff:0.2% logz-ratio=32.95+/-0.12 dlogz:21.471>0.1]
14251it [1:32:49 bound:173 nc:814 ncall:9.0e+06 eff:0.2% logz-ratio=33.42+/-0.12 dlogz:20.890>0.1]
14375it [1:34:04 bound:175 nc:1080 ncall:9.1e+06 eff:0.2% logz-ratio=33.88+/-0.12 dlogz:20.300>0.1]
14499it [1:35:23 bound:177 nc:746 ncall:9.2e+06 eff:0.2% logz-ratio=34.35+/-0.12 dlogz:19.712>0.1]
14623it [1:36:40 bound:179 nc:778 ncall:9.4e+06 eff:0.2% logz-ratio=34.80+/-0.12 dlogz:19.141>0.1]
14746it [1:37:49 bound:181 nc:818 ncall:9.5e+06 eff:0.2% logz-ratio=35.24+/-0.12 dlogz:18.586>0.1]
14866it [1:39:01 bound:183 nc:857 ncall:9.6e+06 eff:0.2% logz-ratio=35.66+/-0.12 dlogz:18.049>0.1]
14992it [1:40:14 bound:185 nc:882 ncall:9.7e+06 eff:0.2% logz-ratio=36.11+/-0.12 dlogz:17.472>0.1]
15117it [1:41:31 bound:187 nc:937 ncall:9.8e+06 eff:0.2% logz-ratio=36.54+/-0.12 dlogz:16.925>0.1]
15240it [1:42:44 bound:189 nc:1066 ncall:1.0e+07 eff:0.2% logz-ratio=36.94+/-0.12 dlogz:16.404>0.1]
15364it [1:44:11 bound:191 nc:1338 ncall:1.0e+07 eff:0.2% logz-ratio=37.33+/-0.12 dlogz:15.891>0.1]
15489it [1:45:31 bound:193 nc:791 ncall:1.0e+07 eff:0.2% logz-ratio=37.71+/-0.12 dlogz:15.385>0.1]
15611it [1:46:49 bound:195 nc:1178 ncall:1.0e+07 eff:0.2% logz-ratio=38.08+/-0.12 dlogz:14.894>0.1]
15735it [1:48:08 bound:197 nc:798 ncall:1.1e+07 eff:0.1% logz-ratio=38.47+/-0.12 dlogz:14.386>0.1]
15861it [1:49:34 bound:199 nc:976 ncall:1.1e+07 eff:0.1% logz-ratio=38.86+/-0.12 dlogz:13.877>0.1]
15985it [1:50:58 bound:201 nc:860 ncall:1.1e+07 eff:0.1% logz-ratio=39.23+/-0.12 dlogz:13.383>0.1]
16109it [1:52:23 bound:203 nc:1822 ncall:1.1e+07 eff:0.1% logz-ratio=39.59+/-0.12 dlogz:12.899>0.1]
16234it [1:53:48 bound:205 nc:537 ncall:1.1e+07 eff:0.1% logz-ratio=39.93+/-0.12 dlogz:12.442>0.1]
16356it [1:55:18 bound:207 nc:729 ncall:1.1e+07 eff:0.1% logz-ratio=40.24+/-0.12 dlogz:12.013>0.1]
16481it [1:56:41 bound:209 nc:848 ncall:1.1e+07 eff:0.1% logz-ratio=40.54+/-0.12 dlogz:11.588>0.1]
16604it [1:58:01 bound:211 nc:695 ncall:1.1e+07 eff:0.1% logz-ratio=40.82+/-0.12 dlogz:11.187>0.1]
16727it [1:59:23 bound:213 nc:1219 ncall:1.2e+07 eff:0.1% logz-ratio=41.09+/-0.12 dlogz:10.794>0.1]
16851it [2:00:48 bound:215 nc:947 ncall:1.2e+07 eff:0.1% logz-ratio=41.36+/-0.12 dlogz:10.410>0.1]
16914it [2:01:50 bound:216 nc:1148 ncall:1.2e+07 eff:0.1% logz-ratio=41.49+/-0.12 dlogz:10.217>0.1]
17036it [2:03:13 bound:218 nc:1110 ncall:1.2e+07 eff:0.1% logz-ratio=41.74+/-0.13 dlogz:9.842>0.1]
17161it [2:04:35 bound:220 nc:998 ncall:1.2e+07 eff:0.1% logz-ratio=42.01+/-0.13 dlogz:9.455>0.1]
17287it [2:05:56 bound:222 nc:795 ncall:1.2e+07 eff:0.1% logz-ratio=42.26+/-0.13 dlogz:9.077>0.1]
17415it [2:07:22 bound:224 nc:650 ncall:1.2e+07 eff:0.1% logz-ratio=42.51+/-0.13 dlogz:8.708>0.1]
17540it [2:08:49 bound:226 nc:1075 ncall:1.3e+07 eff:0.1% logz-ratio=42.74+/-0.13 dlogz:8.356>0.1]
17666it [2:10:15 bound:228 nc:1477 ncall:1.3e+07 eff:0.1% logz-ratio=42.96+/-0.13 dlogz:8.014>0.1]
17790it [2:11:41 bound:230 nc:1276 ncall:1.3e+07 eff:0.1% logz-ratio=43.17+/-0.13 dlogz:7.678>0.1]
17916it [2:13:13 bound:232 nc:1240 ncall:1.3e+07 eff:0.1% logz-ratio=43.40+/-0.13 dlogz:7.569>0.1]
18041it [2:14:40 bound:234 nc:1068 ncall:1.3e+07 eff:0.1% logz-ratio=43.62+/-0.13 dlogz:7.230>0.1]
18166it [2:16:10 bound:236 nc:1391 ncall:1.3e+07 eff:0.1% logz-ratio=43.81+/-0.13 dlogz:6.909>0.1]
18288it [2:17:43 bound:238 nc:1629 ncall:1.4e+07 eff:0.1% logz-ratio=44.00+/-0.13 dlogz:7.452>0.1]
18411it [2:19:18 bound:240 nc:1216 ncall:1.4e+07 eff:0.1% logz-ratio=44.17+/-0.13 dlogz:7.156>0.1]
18535it [2:20:46 bound:242 nc:1241 ncall:1.4e+07 eff:0.1% logz-ratio=44.35+/-0.13 dlogz:7.027>0.1]
18661it [2:22:17 bound:244 nc:1309 ncall:1.4e+07 eff:0.1% logz-ratio=44.52+/-0.13 dlogz:6.732>0.1]
18785it [2:23:48 bound:246 nc:1327 ncall:1.4e+07 eff:0.1% logz-ratio=44.67+/-0.13 dlogz:6.458>0.1]
18907it [2:25:18 bound:248 nc:1555 ncall:1.4e+07 eff:0.1% logz-ratio=44.82+/-0.13 dlogz:6.196>0.1]
19030it [2:26:54 bound:250 nc:3436 ncall:1.4e+07 eff:0.1% logz-ratio=44.95+/-0.13 dlogz:5.937>0.1]
19156it [2:28:28 bound:252 nc:955 ncall:1.5e+07 eff:0.1% logz-ratio=45.09+/-0.13 dlogz:5.678>0.1]
19279it [2:30:04 bound:254 nc:1098 ncall:1.5e+07 eff:0.1% logz-ratio=45.22+/-0.13 dlogz:5.431>0.1]
19401it [2:31:40 bound:256 nc:1531 ncall:1.5e+07 eff:0.1% logz-ratio=45.34+/-0.13 dlogz:5.192>0.1]
19527it [2:33:20 bound:258 nc:1006 ncall:1.5e+07 eff:0.1% logz-ratio=45.46+/-0.13 dlogz:4.955>0.1]
19650it [2:34:59 bound:260 nc:1055 ncall:1.5e+07 eff:0.1% logz-ratio=45.56+/-0.13 dlogz:4.731>0.1]
19774it [2:36:41 bound:262 nc:1440 ncall:1.5e+07 eff:0.1% logz-ratio=45.66+/-0.13 dlogz:4.513>0.1]
19898it [2:38:21 bound:264 nc:1367 ncall:1.6e+07 eff:0.1% logz-ratio=45.76+/-0.13 dlogz:4.308>0.1]
20020it [2:39:56 bound:266 nc:1576 ncall:1.6e+07 eff:0.1% logz-ratio=45.84+/-0.13 dlogz:4.105>0.1]
20143it [2:41:37 bound:268 nc:1374 ncall:1.6e+07 eff:0.1% logz-ratio=45.93+/-0.13 dlogz:3.905>0.1]
20270it [2:43:19 bound:270 nc:811 ncall:1.6e+07 eff:0.1% logz-ratio=46.01+/-0.13 dlogz:3.935>0.1]
20393it [2:45:08 bound:272 nc:1181 ncall:1.6e+07 eff:0.1% logz-ratio=46.08+/-0.13 dlogz:4.559>0.1]
20517it [2:46:50 bound:274 nc:1574 ncall:1.7e+07 eff:0.1% logz-ratio=46.16+/-0.13 dlogz:4.368>0.1]
20638it [2:48:36 bound:276 nc:1580 ncall:1.7e+07 eff:0.1% logz-ratio=46.22+/-0.13 dlogz:4.185>0.1]
20762it [2:50:29 bound:278 nc:1410 ncall:1.7e+07 eff:0.1% logz-ratio=46.29+/-0.13 dlogz:4.365>0.1]
20885it [2:52:21 bound:280 nc:1731 ncall:1.7e+07 eff:0.1% logz-ratio=46.35+/-0.13 dlogz:4.186>0.1]
21009it [2:54:14 bound:282 nc:1548 ncall:1.7e+07 eff:0.1% logz-ratio=46.41+/-0.13 dlogz:4.010>0.1]
21135it [2:56:08 bound:284 nc:2766 ncall:1.8e+07 eff:0.1% logz-ratio=46.46+/-0.13 dlogz:3.835>0.1]
21261it [2:58:02 bound:286 nc:1385 ncall:1.8e+07 eff:0.1% logz-ratio=46.51+/-0.13 dlogz:3.665>0.1]
21387it [2:59:58 bound:288 nc:1597 ncall:1.8e+07 eff:0.1% logz-ratio=46.56+/-0.13 dlogz:3.498>0.1]
21457it [3:01:21 bound:289 nc:1740 ncall:1.8e+07 eff:0.1% logz-ratio=46.59+/-0.13 dlogz:3.406>0.1]
21513it [3:02:23 bound:290 nc:1747 ncall:1.8e+07 eff:0.1% logz-ratio=46.61+/-0.13 dlogz:3.334>0.1]
21576it [3:03:23 bound:291 nc:1402 ncall:1.8e+07 eff:0.1% logz-ratio=46.63+/-0.13 dlogz:3.254>0.1]
21639it [3:04:26 bound:292 nc:1795 ncall:1.8e+07 eff:0.1% logz-ratio=46.65+/-0.13 dlogz:3.174>0.1]
21699it [3:05:27 bound:293 nc:1825 ncall:1.9e+07 eff:0.1% logz-ratio=46.67+/-0.13 dlogz:3.099>0.1]
21762it [3:06:30 bound:294 nc:1727 ncall:1.9e+07 eff:0.1% logz-ratio=46.69+/-0.13 dlogz:3.022>0.1]
21825it [3:07:35 bound:295 nc:2317 ncall:1.9e+07 eff:0.1% logz-ratio=46.71+/-0.13 dlogz:3.068>0.1]
21888it [3:08:41 bound:296 nc:2417 ncall:1.9e+07 eff:0.1% logz-ratio=46.73+/-0.13 dlogz:2.992>0.1]
21949it [3:09:47 bound:297 nc:1930 ncall:1.9e+07 eff:0.1% logz-ratio=46.75+/-0.13 dlogz:3.487>0.1]
22008it [3:10:55 bound:298 nc:2041 ncall:1.9e+07 eff:0.1% logz-ratio=46.76+/-0.13 dlogz:3.415>0.1]
22071it [3:12:01 bound:299 nc:1854 ncall:1.9e+07 eff:0.1% logz-ratio=46.78+/-0.13 dlogz:3.339>0.1]
22132it [3:13:07 bound:300 nc:2285 ncall:1.9e+07 eff:0.1% logz-ratio=46.80+/-0.13 dlogz:3.266>0.1]
22196it [3:14:16 bound:301 nc:2035 ncall:2.0e+07 eff:0.1% logz-ratio=46.82+/-0.13 dlogz:3.190>0.1]
22258it [3:15:26 bound:302 nc:2223 ncall:2.0e+07 eff:0.1% logz-ratio=46.83+/-0.13 dlogz:3.117>0.1]
22322it [3:16:31 bound:303 nc:1737 ncall:2.0e+07 eff:0.1% logz-ratio=46.85+/-0.13 dlogz:3.042>0.1]
22384it [3:17:39 bound:304 nc:1664 ncall:2.0e+07 eff:0.1% logz-ratio=46.86+/-0.13 dlogz:2.970>0.1]
22446it [3:18:46 bound:305 nc:1829 ncall:2.0e+07 eff:0.1% logz-ratio=46.88+/-0.13 dlogz:2.898>0.1]
22510it [3:19:55 bound:306 nc:2643 ncall:2.0e+07 eff:0.1% logz-ratio=46.89+/-0.13 dlogz:2.825>0.1]
22573it [3:21:07 bound:307 nc:2314 ncall:2.0e+07 eff:0.1% logz-ratio=46.91+/-0.13 dlogz:2.754>0.1]
22635it [3:22:18 bound:308 nc:2530 ncall:2.1e+07 eff:0.1% logz-ratio=46.92+/-0.13 dlogz:2.685>0.1]
22698it [3:23:30 bound:309 nc:1665 ncall:2.1e+07 eff:0.1% logz-ratio=46.93+/-0.13 dlogz:2.615>0.1]
22762it [3:24:41 bound:310 nc:2386 ncall:2.1e+07 eff:0.1% logz-ratio=46.95+/-0.13 dlogz:2.544>0.1]
22824it [3:25:55 bound:311 nc:2721 ncall:2.1e+07 eff:0.1% logz-ratio=46.96+/-0.13 dlogz:2.476>0.1]
22885it [3:27:11 bound:312 nc:2575 ncall:2.1e+07 eff:0.1% logz-ratio=46.97+/-0.13 dlogz:2.410>0.1]
22944it [3:28:23 bound:313 nc:2710 ncall:2.1e+07 eff:0.1% logz-ratio=46.99+/-0.13 dlogz:2.347>0.1]
23007it [3:29:37 bound:314 nc:2654 ncall:2.1e+07 eff:0.1% logz-ratio=47.00+/-0.13 dlogz:2.280>0.1]
23068it [3:30:48 bound:315 nc:2508 ncall:2.2e+07 eff:0.1% logz-ratio=47.01+/-0.13 dlogz:2.264>0.1]
23129it [3:32:00 bound:316 nc:2211 ncall:2.2e+07 eff:0.1% logz-ratio=47.02+/-0.13 dlogz:2.200>0.1]
23193it [3:33:17 bound:317 nc:2343 ncall:2.2e+07 eff:0.1% logz-ratio=47.04+/-0.13 dlogz:2.134>0.1]
23257it [3:34:30 bound:318 nc:2220 ncall:2.2e+07 eff:0.1% logz-ratio=47.05+/-0.13 dlogz:2.069>0.1]
23317it [3:35:44 bound:319 nc:2172 ncall:2.2e+07 eff:0.1% logz-ratio=47.06+/-0.13 dlogz:2.009>0.1]
23377it [3:36:59 bound:320 nc:1733 ncall:2.2e+07 eff:0.1% logz-ratio=47.07+/-0.13 dlogz:1.950>0.1]
23440it [3:38:14 bound:321 nc:2426 ncall:2.3e+07 eff:0.1% logz-ratio=47.08+/-0.14 dlogz:1.888>0.1]
23502it [3:39:29 bound:322 nc:2477 ncall:2.3e+07 eff:0.1% logz-ratio=47.09+/-0.14 dlogz:1.828>0.1]
23566it [3:40:44 bound:323 nc:1934 ncall:2.3e+07 eff:0.1% logz-ratio=47.10+/-0.14 dlogz:1.768>0.1]
23628it [3:41:59 bound:324 nc:2436 ncall:2.3e+07 eff:0.1% logz-ratio=47.11+/-0.14 dlogz:1.710>0.1]
23688it [3:43:15 bound:325 nc:2068 ncall:2.3e+07 eff:0.1% logz-ratio=47.12+/-0.14 dlogz:1.655>0.1]
23751it [3:44:27 bound:326 nc:1835 ncall:2.3e+07 eff:0.1% logz-ratio=47.13+/-0.14 dlogz:1.598>0.1]
23812it [3:45:41 bound:327 nc:2145 ncall:2.3e+07 eff:0.1% logz-ratio=47.14+/-0.14 dlogz:1.544>0.1]
23874it [3:46:58 bound:328 nc:2971 ncall:2.4e+07 eff:0.1% logz-ratio=47.14+/-0.14 dlogz:1.490>0.1]
23937it [3:48:15 bound:329 nc:2670 ncall:2.4e+07 eff:0.1% logz-ratio=47.15+/-0.14 dlogz:1.436>0.1]
23999it [3:49:30 bound:330 nc:2663 ncall:2.4e+07 eff:0.1% logz-ratio=47.16+/-0.14 dlogz:1.384>0.1]
24061it [3:50:47 bound:331 nc:2118 ncall:2.4e+07 eff:0.1% logz-ratio=47.17+/-0.14 dlogz:1.333>0.1]
24121it [3:52:01 bound:332 nc:2577 ncall:2.4e+07 eff:0.1% logz-ratio=47.18+/-0.14 dlogz:1.284>0.1]
24184it [3:53:15 bound:333 nc:2091 ncall:2.4e+07 eff:0.1% logz-ratio=47.19+/-0.14 dlogz:1.234>0.1]
24247it [3:54:31 bound:334 nc:1832 ncall:2.5e+07 eff:0.1% logz-ratio=47.19+/-0.14 dlogz:1.186>0.1]
24306it [3:55:43 bound:335 nc:2388 ncall:2.5e+07 eff:0.1% logz-ratio=47.20+/-0.14 dlogz:1.589>0.1]
24368it [3:56:57 bound:336 nc:2595 ncall:2.5e+07 eff:0.1% logz-ratio=47.21+/-0.14 dlogz:1.536>0.1]
24430it [3:58:11 bound:337 nc:2362 ncall:2.5e+07 eff:0.1% logz-ratio=47.22+/-0.14 dlogz:1.483>0.1]
24493it [3:59:26 bound:338 nc:5185 ncall:2.5e+07 eff:0.1% logz-ratio=47.22+/-0.14 dlogz:1.430>0.1]
24556it [4:00:44 bound:339 nc:2405 ncall:2.5e+07 eff:0.1% logz-ratio=47.23+/-0.14 dlogz:1.379>0.1]
24618it [4:01:58 bound:340 nc:2756 ncall:2.5e+07 eff:0.1% logz-ratio=47.24+/-0.14 dlogz:1.329>0.1]
24676it [4:03:41 bound:341 nc:1941 ncall:2.6e+07 eff:0.1% logz-ratio=47.24+/-0.14 dlogz:1.283>0.1]
24736it [4:04:57 bound:342 nc:2581 ncall:2.6e+07 eff:0.1% logz-ratio=47.25+/-0.14 dlogz:1.237>0.1]
24800it [4:06:12 bound:343 nc:2650 ncall:2.6e+07 eff:0.1% logz-ratio=47.25+/-0.14 dlogz:1.327>0.1]
24860it [4:07:28 bound:344 nc:2884 ncall:2.6e+07 eff:0.1% logz-ratio=47.26+/-0.14 dlogz:1.280>0.1]
24920it [4:08:42 bound:345 nc:2348 ncall:2.6e+07 eff:0.1% logz-ratio=47.27+/-0.14 dlogz:1.234>0.1]
24981it [4:10:00 bound:346 nc:2574 ncall:2.6e+07 eff:0.1% logz-ratio=47.27+/-0.14 dlogz:1.188>0.1]
25043it [4:11:17 bound:347 nc:4824 ncall:2.7e+07 eff:0.1% logz-ratio=47.28+/-0.14 dlogz:1.143>0.1]
25107it [4:12:33 bound:348 nc:2328 ncall:2.7e+07 eff:0.1% logz-ratio=47.28+/-0.14 dlogz:1.097>0.1]
25169it [4:13:47 bound:349 nc:2151 ncall:2.7e+07 eff:0.1% logz-ratio=47.29+/-0.14 dlogz:1.053>0.1]
25232it [4:15:03 bound:350 nc:2742 ncall:2.7e+07 eff:0.1% logz-ratio=47.29+/-0.14 dlogz:1.010>0.1]
25294it [4:16:18 bound:351 nc:2715 ncall:2.7e+07 eff:0.1% logz-ratio=47.30+/-0.14 dlogz:0.969>0.1]
25357it [4:17:36 bound:352 nc:3128 ncall:2.7e+07 eff:0.1% logz-ratio=47.30+/-0.14 dlogz:0.928>0.1]
25420it [4:18:53 bound:353 nc:2780 ncall:2.8e+07 eff:0.1% logz-ratio=47.31+/-0.14 dlogz:0.889>0.1]
25481it [4:20:10 bound:354 nc:2650 ncall:2.8e+07 eff:0.1% logz-ratio=47.31+/-0.14 dlogz:0.851>0.1]
25545it [4:21:27 bound:355 nc:2661 ncall:2.8e+07 eff:0.1% logz-ratio=47.32+/-0.14 dlogz:0.813>0.1]
25609it [4:22:43 bound:356 nc:2810 ncall:2.8e+07 eff:0.1% logz-ratio=47.32+/-0.14 dlogz:0.776>0.1]
25671it [4:24:00 bound:357 nc:2651 ncall:2.8e+07 eff:0.1% logz-ratio=47.33+/-0.14 dlogz:0.742>0.1]
25733it [4:25:18 bound:358 nc:2684 ncall:2.8e+07 eff:0.1% logz-ratio=47.33+/-0.14 dlogz:0.709>0.1]
25793it [4:26:33 bound:359 nc:5348 ncall:2.9e+07 eff:0.1% logz-ratio=47.34+/-0.14 dlogz:0.677>0.1]
25854it [4:27:53 bound:360 nc:2531 ncall:2.9e+07 eff:0.1% logz-ratio=47.34+/-0.14 dlogz:0.646>0.1]
25914it [4:29:11 bound:361 nc:2848 ncall:2.9e+07 eff:0.1% logz-ratio=47.34+/-0.14 dlogz:0.617>0.1]
25973it [4:30:28 bound:362 nc:5063 ncall:2.9e+07 eff:0.1% logz-ratio=47.35+/-0.14 dlogz:0.589>0.1]
26034it [4:31:47 bound:363 nc:2960 ncall:2.9e+07 eff:0.1% logz-ratio=47.35+/-0.14 dlogz:0.562>0.1]
26096it [4:33:06 bound:364 nc:2379 ncall:2.9e+07 eff:0.1% logz-ratio=47.35+/-0.14 dlogz:0.535>0.1]
26159it [4:34:23 bound:365 nc:2383 ncall:3.0e+07 eff:0.1% logz-ratio=47.36+/-0.14 dlogz:0.508>0.1]
26220it [4:35:43 bound:366 nc:2208 ncall:3.0e+07 eff:0.1% logz-ratio=47.36+/-0.14 dlogz:0.484>0.1]
26277it [4:37:01 bound:367 nc:5604 ncall:3.0e+07 eff:0.1% logz-ratio=47.37+/-0.14 dlogz:0.461>0.1]
26340it [4:38:19 bound:368 nc:2610 ncall:3.0e+07 eff:0.1% logz-ratio=47.37+/-0.14 dlogz:0.466>0.1]
26401it [4:39:38 bound:369 nc:2628 ncall:3.0e+07 eff:0.1% logz-ratio=47.37+/-0.14 dlogz:0.443>0.1]
26465it [4:40:55 bound:370 nc:2847 ncall:3.0e+07 eff:0.1% logz-ratio=47.38+/-0.14 dlogz:0.440>0.1]
26529it [4:42:13 bound:371 nc:2924 ncall:3.0e+07 eff:0.1% logz-ratio=47.38+/-0.14 dlogz:0.417>0.1]
26591it [4:43:31 bound:372 nc:2722 ncall:3.1e+07 eff:0.1% logz-ratio=47.38+/-0.14 dlogz:0.396>0.1]
26654it [4:44:48 bound:373 nc:5375 ncall:3.1e+07 eff:0.1% logz-ratio=47.38+/-0.14 dlogz:0.375>0.1]
26716it [4:46:08 bound:374 nc:2217 ncall:3.1e+07 eff:0.1% logz-ratio=47.39+/-0.14 dlogz:0.356>0.1]
26779it [4:47:27 bound:375 nc:2804 ncall:3.1e+07 eff:0.1% logz-ratio=47.39+/-0.14 dlogz:0.337>0.1]
26842it [4:48:45 bound:376 nc:2946 ncall:3.1e+07 eff:0.1% logz-ratio=47.39+/-0.14 dlogz:0.319>0.1]
26905it [4:50:04 bound:377 nc:1975 ncall:3.1e+07 eff:0.1% logz-ratio=47.40+/-0.14 dlogz:0.332>0.1]
26966it [4:51:24 bound:378 nc:2631 ncall:3.2e+07 eff:0.1% logz-ratio=47.40+/-0.14 dlogz:0.315>0.1]
27027it [4:52:42 bound:379 nc:5256 ncall:3.2e+07 eff:0.1% logz-ratio=47.40+/-0.14 dlogz:0.298>0.1]
27088it [4:54:03 bound:380 nc:3057 ncall:3.2e+07 eff:0.1% logz-ratio=47.40+/-0.14 dlogz:0.283>0.1]
27151it [4:55:24 bound:381 nc:2930 ncall:3.2e+07 eff:0.1% logz-ratio=47.40+/-0.14 dlogz:0.267>0.1]
27213it [4:56:45 bound:382 nc:3116 ncall:3.2e+07 eff:0.1% logz-ratio=47.41+/-0.14 dlogz:0.253>0.1]
27276it [4:58:07 bound:383 nc:2169 ncall:3.3e+07 eff:0.1% logz-ratio=47.41+/-0.14 dlogz:0.428>0.1]
27337it [4:59:31 bound:384 nc:2772 ncall:3.3e+07 eff:0.1% logz-ratio=47.41+/-0.14 dlogz:0.407>0.1]
27400it [5:00:53 bound:385 nc:3062 ncall:3.3e+07 eff:0.1% logz-ratio=47.41+/-0.14 dlogz:0.386>0.1]
27462it [5:02:15 bound:386 nc:2400 ncall:3.3e+07 eff:0.1% logz-ratio=47.42+/-0.14 dlogz:0.367>0.1]
27521it [5:04:07 bound:387 nc:3010 ncall:3.3e+07 eff:0.1% logz-ratio=47.42+/-0.14 dlogz:0.349>0.1]
27584it [5:05:28 bound:388 nc:5700 ncall:3.3e+07 eff:0.1% logz-ratio=47.42+/-0.14 dlogz:0.330>0.1]
27645it [5:06:51 bound:389 nc:5199 ncall:3.4e+07 eff:0.1% logz-ratio=47.42+/-0.14 dlogz:0.313>0.1]
27709it [5:08:13 bound:390 nc:2553 ncall:3.4e+07 eff:0.1% logz-ratio=47.42+/-0.14 dlogz:0.297>0.1]
27773it [5:09:35 bound:391 nc:3218 ncall:3.4e+07 eff:0.1% logz-ratio=47.42+/-0.14 dlogz:0.280>0.1]
27835it [5:10:57 bound:392 nc:5881 ncall:3.4e+07 eff:0.1% logz-ratio=47.43+/-0.14 dlogz:0.266>0.1]
27898it [5:12:16 bound:393 nc:2453 ncall:3.4e+07 eff:0.1% logz-ratio=47.43+/-0.14 dlogz:0.251>0.1]
27959it [5:13:40 bound:394 nc:8498 ncall:3.4e+07 eff:0.1% logz-ratio=47.43+/-0.14 dlogz:0.238>0.1]
28020it [5:15:01 bound:395 nc:2678 ncall:3.5e+07 eff:0.1% logz-ratio=47.43+/-0.14 dlogz:0.225>0.1]
28082it [5:16:22 bound:396 nc:3179 ncall:3.5e+07 eff:0.1% logz-ratio=47.43+/-0.14 dlogz:0.213>0.1]
28144it [5:17:45 bound:397 nc:2915 ncall:3.5e+07 eff:0.1% logz-ratio=47.43+/-0.14 dlogz:0.202>0.1]
28206it [5:19:06 bound:398 nc:2746 ncall:3.5e+07 eff:0.1% logz-ratio=47.43+/-0.14 dlogz:0.191>0.1]
28269it [5:20:29 bound:399 nc:2868 ncall:3.5e+07 eff:0.1% logz-ratio=47.44+/-0.14 dlogz:0.180>0.1]
28332it [5:21:50 bound:400 nc:2468 ncall:3.5e+07 eff:0.1% logz-ratio=47.44+/-0.14 dlogz:0.170>0.1]
28393it [5:23:14 bound:401 nc:2693 ncall:3.6e+07 eff:0.1% logz-ratio=47.44+/-0.14 dlogz:0.161>0.1]
28457it [5:24:35 bound:402 nc:2260 ncall:3.6e+07 eff:0.1% logz-ratio=47.44+/-0.14 dlogz:0.151>0.1]
28519it [5:25:58 bound:403 nc:2606 ncall:3.6e+07 eff:0.1% logz-ratio=47.44+/-0.14 dlogz:0.143>0.1]
28583it [5:27:20 bound:404 nc:2666 ncall:3.6e+07 eff:0.1% logz-ratio=47.44+/-0.14 dlogz:0.135>0.1]
28645it [5:28:43 bound:405 nc:2877 ncall:3.6e+07 eff:0.1% logz-ratio=47.44+/-0.14 dlogz:0.127>0.1]
28706it [5:30:05 bound:406 nc:2631 ncall:3.7e+07 eff:0.1% logz-ratio=47.44+/-0.14 dlogz:0.120>0.1]
28766it [5:31:28 bound:407 nc:2825 ncall:3.7e+07 eff:0.1% logz-ratio=47.45+/-0.14 dlogz:0.114>0.1]
28829it [5:32:54 bound:408 nc:3073 ncall:3.7e+07 eff:0.1% logz-ratio=47.45+/-0.14 dlogz:0.107>0.1]
28892it [5:34:20 bound:409 nc:3125 ncall:3.7e+07 eff:0.1% logz-ratio=47.45+/-0.14 dlogz:0.101>0.1]
At this point, we cannot create a float from 0       2.026961
1       2.026955
2       2.024320
3       2.028023
4       2.024273
          ...   
6302    2.025889
6303    2.025777
6304    2.026048
6305    2.025388
6306    2.026171
Name: chirp_mass, Length: 6307, dtype: float64, error: cannot convert the series to <class 'float'>
At this point, we cannot create a float from 0       0.558900
1       0.289125
2       0.588951
3       0.376472
4       0.840832
          ...   
6302    0.380942
6303    0.378753
6304    0.378233
6305    0.368801
6306    0.366841
Name: mass_ratio, Length: 6307, dtype: float64, error: cannot convert the series to <class 'float'>
At this point, we cannot create a float from 0       12.536560
1        5.792841
2       12.860875
3        5.032305
4       18.710793
          ...    
6302     6.921538
6303     4.241087
6304     6.514416
6305     8.750588
6306     6.520041
Name: lambda_1, Length: 6307, dtype: float64, error: cannot convert the series to <class 'float'>
At this point, we cannot create a float from 0        196.470993
1       1463.768433
2        119.869110
3        434.995941
4         50.775837
           ...     
6302     399.575928
6303     550.810669
6304     602.436890
6305     463.589142
6306     657.143250
Name: lambda_2, Length: 6307, dtype: float64, error: cannot convert the series to <class 'float'>
At this point, we cannot create a float from 0       245.486755
1       193.085236
2       209.746124
3       264.147949
4       159.658081
           ...    
6302    151.316055
6303    162.193329
6304    200.910263
6305    195.527771
6306    208.073196
Name: luminosity_distance, Length: 6307, dtype: float64, error: cannot convert the series to <class 'float'>
Skipped taking the float value from [5.68766546 3.52693701 5.5769639  ... 5.59826469 5.46388102
 5.58539295], error: only length-1 arrays can be converted to Python scalars
At this point, we cannot create a float from [2.02282977 2.02285167 2.02287356 ... 2.02933248 2.02935437
 2.02937627], error: only length-1 arrays can be converted to Python scalars
At this point, we cannot create a float from [0.24424361 0.24669737 0.24915114 ... 0.97301193 0.97546569
 0.97791946], error: only length-1 arrays can be converted to Python scalars
At this point, we cannot create a float from [ 2.56980157  2.69014493  2.8104883  ... 38.31178062 38.43212398
 38.55246735], error: only length-1 arrays can be converted to Python scalars
At this point, we cannot create a float from [   4.36281347   10.29715754   16.23150161 ... 1766.86300132
 1772.79734539 1778.73168945], error: only length-1 arrays can be converted to Python scalars
At this point, we cannot create a float from [ 71.97145081  73.03612261  74.10079441 ... 388.17897549
 389.24364729 390.30831909], error: only length-1 arrays can be converted to Python scalars
Skipped taking the float value from [-20.78733063 -19.62155914 -18.37277412 ... -47.80241013
 -47.89206314 -47.97399139], error: only length-1 arrays can be converted to Python scalars
