NFDist has source_type = nsbh
3786it [0:00:59 bound:3 nc:757 ncall:9.2e+04 eff:4.1% logz-ratio=-3.44+/-0.07 dlogz:177.607>0.1]
4035it [0:02:05 bound:7 nc:928 ncall:3.1e+05 eff:1.3% logz-ratio=-1.78+/-0.07 dlogz:175.705>0.1]
4289it [0:03:16 bound:11 nc:888 ncall:5.3e+05 eff:0.8% logz-ratio=0.16+/-0.07 dlogz:173.519>0.1]
4538it [0:04:23 bound:15 nc:604 ncall:7.5e+05 eff:0.6% logz-ratio=1.94+/-0.07 dlogz:171.495>0.1]
4789it [0:05:40 bound:19 nc:983 ncall:9.8e+05 eff:0.5% logz-ratio=3.69+/-0.07 dlogz:173.488>0.1]
5035it [0:06:53 bound:23 nc:522 ncall:1.2e+06 eff:0.4% logz-ratio=5.49+/-0.08 dlogz:171.450>0.1]
5282it [0:08:08 bound:27 nc:813 ncall:1.5e+06 eff:0.4% logz-ratio=7.49+/-0.08 dlogz:169.213>0.1]
5532it [0:09:23 bound:31 nc:1149 ncall:1.7e+06 eff:0.3% logz-ratio=9.70+/-0.08 dlogz:166.758>0.1]
5719it [0:10:23 bound:34 nc:1003 ncall:1.9e+06 eff:0.3% logz-ratio=11.53+/-0.08 dlogz:164.747>0.1]
5968it [0:11:39 bound:38 nc:708 ncall:2.1e+06 eff:0.3% logz-ratio=14.21+/-0.08 dlogz:161.825>0.1]
6218it [0:12:48 bound:42 nc:809 ncall:2.4e+06 eff:0.3% logz-ratio=17.15+/-0.09 dlogz:185.378>0.1]
6466it [0:14:01 bound:46 nc:939 ncall:2.6e+06 eff:0.2% logz-ratio=21.05+/-0.09 dlogz:227.545>0.1]
6717it [0:15:15 bound:50 nc:1038 ncall:2.9e+06 eff:0.2% logz-ratio=25.02+/-0.09 dlogz:278.090>0.1]
6963it [0:16:27 bound:54 nc:1074 ncall:3.1e+06 eff:0.2% logz-ratio=29.62+/-0.09 dlogz:273.250>0.1]
7212it [0:17:39 bound:58 nc:1070 ncall:3.4e+06 eff:0.2% logz-ratio=34.98+/-0.09 dlogz:267.649>0.1]
7455it [0:18:53 bound:62 nc:1794 ncall:3.6e+06 eff:0.2% logz-ratio=40.22+/-0.10 dlogz:262.170>0.1]
7703it [0:20:10 bound:66 nc:1167 ncall:3.9e+06 eff:0.2% logz-ratio=46.19+/-0.10 dlogz:275.092>0.1]
7944it [0:21:23 bound:70 nc:1201 ncall:4.1e+06 eff:0.2% logz-ratio=53.06+/-0.10 dlogz:286.413>0.1]
8192it [0:22:36 bound:74 nc:1295 ncall:4.4e+06 eff:0.2% logz-ratio=60.69+/-0.10 dlogz:278.548>0.1]
8443it [0:23:53 bound:78 nc:839 ncall:4.6e+06 eff:0.2% logz-ratio=67.88+/-0.10 dlogz:383.945>0.1]
8691it [0:25:08 bound:82 nc:1324 ncall:4.9e+06 eff:0.2% logz-ratio=75.63+/-0.10 dlogz:375.952>0.1]
8940it [0:26:25 bound:86 nc:633 ncall:5.1e+06 eff:0.2% logz-ratio=82.95+/-0.10 dlogz:368.391>0.1]
9130it [0:27:26 bound:89 nc:750 ncall:5.3e+06 eff:0.2% logz-ratio=88.18+/-0.11 dlogz:362.979>0.1]
9377it [0:28:43 bound:93 nc:503 ncall:5.6e+06 eff:0.2% logz-ratio=97.23+/-0.11 dlogz:353.690>0.1]
9628it [0:30:00 bound:97 nc:769 ncall:5.8e+06 eff:0.2% logz-ratio=105.82+/-0.11 dlogz:344.855>0.1]
9812it [0:31:01 bound:100 nc:669 ncall:6.0e+06 eff:0.2% logz-ratio=111.90+/-0.11 dlogz:338.590>0.1]
10062it [0:32:22 bound:104 nc:642 ncall:6.2e+06 eff:0.2% logz-ratio=122.27+/-0.11 dlogz:327.985>0.1]
10243it [0:33:23 bound:107 nc:1217 ncall:6.4e+06 eff:0.2% logz-ratio=129.23+/-0.11 dlogz:320.849>0.1]
10492it [0:34:42 bound:111 nc:760 ncall:6.7e+06 eff:0.2% logz-ratio=139.53+/-0.11 dlogz:310.309>0.1]
10676it [0:35:44 bound:114 nc:725 ncall:6.8e+06 eff:0.2% logz-ratio=147.30+/-0.11 dlogz:302.360>0.1]
10861it [0:36:44 bound:117 nc:714 ncall:7.0e+06 eff:0.2% logz-ratio=155.07+/-0.11 dlogz:294.401>0.1]
11109it [0:38:01 bound:121 nc:727 ncall:7.3e+06 eff:0.2% logz-ratio=164.68+/-0.12 dlogz:284.578>0.1]
11359it [0:39:19 bound:125 nc:1330 ncall:7.5e+06 eff:0.2% logz-ratio=175.20+/-0.12 dlogz:273.791>0.1]
11544it [0:40:22 bound:128 nc:1202 ncall:7.7e+06 eff:0.2% logz-ratio=183.53+/-0.12 dlogz:265.292>0.1]
11730it [0:41:23 bound:131 nc:1085 ncall:7.9e+06 eff:0.1% logz-ratio=191.28+/-0.12 dlogz:257.353>0.1]
11915it [0:42:24 bound:134 nc:1290 ncall:8.0e+06 eff:0.1% logz-ratio=200.60+/-0.12 dlogz:247.866>0.1]
12098it [0:43:26 bound:137 nc:625 ncall:8.2e+06 eff:0.1% logz-ratio=209.55+/-0.12 dlogz:258.499>0.1]
12340it [0:44:47 bound:141 nc:1173 ncall:8.5e+06 eff:0.1% logz-ratio=222.05+/-0.12 dlogz:245.788>0.1]
12529it [0:45:50 bound:144 nc:515 ncall:8.7e+06 eff:0.1% logz-ratio=231.46+/-0.12 dlogz:236.171>0.1]
12717it [0:46:53 bound:147 nc:904 ncall:8.8e+06 eff:0.1% logz-ratio=240.14+/-0.12 dlogz:227.310>0.1]
12900it [0:47:58 bound:150 nc:1288 ncall:9.0e+06 eff:0.1% logz-ratio=248.64+/-0.12 dlogz:218.634>0.1]
13148it [0:49:17 bound:154 nc:1206 ncall:9.3e+06 eff:0.1% logz-ratio=259.09+/-0.12 dlogz:207.940>0.1]
13331it [0:50:18 bound:157 nc:1014 ncall:9.5e+06 eff:0.1% logz-ratio=267.00+/-0.12 dlogz:199.878>0.1]
13519it [0:51:24 bound:160 nc:799 ncall:9.7e+06 eff:0.1% logz-ratio=274.72+/-0.12 dlogz:191.945>0.1]
13708it [0:52:30 bound:163 nc:2329 ncall:9.9e+06 eff:0.1% logz-ratio=281.92+/-0.13 dlogz:184.564>0.1]
13895it [0:53:31 bound:166 nc:931 ncall:1.0e+07 eff:0.1% logz-ratio=289.35+/-0.13 dlogz:177.561>0.1]
14080it [0:54:38 bound:169 nc:1197 ncall:1.0e+07 eff:0.1% logz-ratio=296.38+/-0.13 dlogz:170.336>0.1]
14265it [0:55:42 bound:172 nc:1036 ncall:1.0e+07 eff:0.1% logz-ratio=303.41+/-0.13 dlogz:164.171>0.1]
14450it [0:56:43 bound:175 nc:650 ncall:1.1e+07 eff:0.1% logz-ratio=309.92+/-0.13 dlogz:157.482>0.1]
14630it [0:57:44 bound:178 nc:623 ncall:1.1e+07 eff:0.1% logz-ratio=316.58+/-0.13 dlogz:153.616>0.1]
14814it [0:58:48 bound:181 nc:1225 ncall:1.1e+07 eff:0.1% logz-ratio=322.89+/-0.13 dlogz:147.123>0.1]
15000it [0:59:52 bound:184 nc:1067 ncall:1.1e+07 eff:0.1% logz-ratio=329.14+/-0.13 dlogz:140.692>0.1]
15187it [1:01:09 bound:187 nc:995 ncall:1.1e+07 eff:0.1% logz-ratio=335.43+/-0.13 dlogz:134.228>0.1]
15375it [1:02:18 bound:190 nc:349 ncall:1.2e+07 eff:0.1% logz-ratio=341.61+/-0.13 dlogz:127.853>0.1]
15564it [1:03:27 bound:193 nc:982 ncall:1.2e+07 eff:0.1% logz-ratio=347.56+/-0.13 dlogz:121.721>0.1]
15751it [1:04:31 bound:196 nc:1076 ncall:1.2e+07 eff:0.1% logz-ratio=353.86+/-0.13 dlogz:115.244>0.1]
15939it [1:05:33 bound:199 nc:1477 ncall:1.2e+07 eff:0.1% logz-ratio=359.34+/-0.13 dlogz:109.581>0.1]
16124it [1:06:36 bound:202 nc:1807 ncall:1.2e+07 eff:0.1% logz-ratio=364.31+/-0.13 dlogz:110.933>0.1]
16310it [1:07:39 bound:205 nc:1059 ncall:1.3e+07 eff:0.1% logz-ratio=370.43+/-0.13 dlogz:104.629>0.1]
16495it [1:08:46 bound:208 nc:721 ncall:1.3e+07 eff:0.1% logz-ratio=375.66+/-0.13 dlogz:99.222>0.1]
16680it [1:09:55 bound:211 nc:1491 ncall:1.3e+07 eff:0.1% logz-ratio=380.33+/-0.13 dlogz:95.968>0.1]
16868it [1:10:59 bound:214 nc:777 ncall:1.3e+07 eff:0.1% logz-ratio=385.44+/-0.14 dlogz:105.906>0.1]
17046it [1:12:12 bound:217 nc:1546 ncall:1.3e+07 eff:0.1% logz-ratio=390.04+/-0.14 dlogz:101.133>0.1]
17229it [1:13:17 bound:220 nc:1507 ncall:1.4e+07 eff:0.1% logz-ratio=393.90+/-0.14 dlogz:97.097>0.1]
17416it [1:14:30 bound:223 nc:1361 ncall:1.4e+07 eff:0.1% logz-ratio=398.89+/-0.14 dlogz:91.928>0.1]
17601it [1:15:38 bound:226 nc:1355 ncall:1.4e+07 eff:0.1% logz-ratio=404.15+/-0.14 dlogz:86.479>0.1]
17786it [1:16:49 bound:229 nc:1206 ncall:1.4e+07 eff:0.1% logz-ratio=408.14+/-0.14 dlogz:82.304>0.1]
17970it [1:17:58 bound:232 nc:964 ncall:1.5e+07 eff:0.1% logz-ratio=411.66+/-0.14 dlogz:78.608>0.1]
18158it [1:19:04 bound:235 nc:1269 ncall:1.5e+07 eff:0.1% logz-ratio=415.55+/-0.14 dlogz:74.536>0.1]
18340it [1:20:17 bound:238 nc:1104 ncall:1.5e+07 eff:0.1% logz-ratio=419.08+/-0.14 dlogz:70.823>0.1]
18527it [1:21:28 bound:241 nc:1038 ncall:1.5e+07 eff:0.1% logz-ratio=422.43+/-0.14 dlogz:67.291>0.1]
18716it [1:22:37 bound:244 nc:1580 ncall:1.5e+07 eff:0.1% logz-ratio=425.94+/-0.14 dlogz:66.978>0.1]
18903it [1:23:47 bound:247 nc:1050 ncall:1.6e+07 eff:0.1% logz-ratio=429.13+/-0.14 dlogz:63.603>0.1]
19093it [1:25:04 bound:250 nc:1052 ncall:1.6e+07 eff:0.1% logz-ratio=431.98+/-0.14 dlogz:60.565>0.1]
19279it [1:26:23 bound:253 nc:1468 ncall:1.6e+07 eff:0.1% logz-ratio=434.44+/-0.14 dlogz:57.916>0.1]
19466it [1:27:42 bound:256 nc:781 ncall:1.6e+07 eff:0.1% logz-ratio=437.02+/-0.14 dlogz:55.160>0.1]
19652it [1:28:50 bound:259 nc:965 ncall:1.7e+07 eff:0.1% logz-ratio=439.72+/-0.14 dlogz:61.660>0.1]
19838it [1:29:58 bound:262 nc:1282 ncall:1.7e+07 eff:0.1% logz-ratio=442.48+/-0.14 dlogz:58.722>0.1]
20026it [1:31:07 bound:265 nc:1390 ncall:1.7e+07 eff:0.1% logz-ratio=444.89+/-0.14 dlogz:56.124>0.1]
20210it [1:32:12 bound:268 nc:709 ncall:1.7e+07 eff:0.1% logz-ratio=447.17+/-0.14 dlogz:53.661>0.1]
20395it [1:33:26 bound:271 nc:1302 ncall:1.7e+07 eff:0.1% logz-ratio=449.43+/-0.14 dlogz:51.222>0.1]
20578it [1:34:36 bound:274 nc:1305 ncall:1.8e+07 eff:0.1% logz-ratio=451.56+/-0.14 dlogz:48.913>0.1]
20767it [1:35:48 bound:277 nc:1197 ncall:1.8e+07 eff:0.1% logz-ratio=453.94+/-0.15 dlogz:46.353>0.1]
20946it [1:37:04 bound:280 nc:2747 ncall:1.8e+07 eff:0.1% logz-ratio=456.06+/-0.15 dlogz:47.095>0.1]
21134it [1:38:21 bound:283 nc:876 ncall:1.8e+07 eff:0.1% logz-ratio=457.99+/-0.15 dlogz:44.978>0.1]
21323it [1:39:37 bound:286 nc:1118 ncall:1.9e+07 eff:0.1% logz-ratio=459.88+/-0.15 dlogz:42.905>0.1]
21505it [1:40:51 bound:289 nc:1350 ncall:1.9e+07 eff:0.1% logz-ratio=461.53+/-0.15 dlogz:41.079>0.1]
21692it [1:42:15 bound:292 nc:960 ncall:1.9e+07 eff:0.1% logz-ratio=463.10+/-0.15 dlogz:39.325>0.1]
21880it [1:43:35 bound:295 nc:704 ncall:1.9e+07 eff:0.1% logz-ratio=464.80+/-0.15 dlogz:38.168>0.1]
22067it [1:44:52 bound:298 nc:1555 ncall:2.0e+07 eff:0.1% logz-ratio=466.36+/-0.15 dlogz:36.423>0.1]
22251it [1:46:10 bound:301 nc:1551 ncall:2.0e+07 eff:0.1% logz-ratio=467.80+/-0.15 dlogz:34.806>0.1]
22437it [1:47:30 bound:304 nc:1000 ncall:2.0e+07 eff:0.1% logz-ratio=469.28+/-0.15 dlogz:33.148>0.1]
22623it [1:48:50 bound:307 nc:1446 ncall:2.1e+07 eff:0.1% logz-ratio=470.78+/-0.15 dlogz:31.467>0.1]
22814it [1:50:11 bound:310 nc:1086 ncall:2.1e+07 eff:0.1% logz-ratio=472.33+/-0.15 dlogz:31.290>0.1]
22996it [1:51:26 bound:313 nc:1210 ncall:2.1e+07 eff:0.1% logz-ratio=473.85+/-0.15 dlogz:29.596>0.1]
23185it [1:52:49 bound:316 nc:829 ncall:2.1e+07 eff:0.1% logz-ratio=475.13+/-0.15 dlogz:28.123>0.1]
23369it [1:54:13 bound:319 nc:1089 ncall:2.2e+07 eff:0.1% logz-ratio=476.27+/-0.15 dlogz:27.867>0.1]
23554it [1:55:38 bound:322 nc:1418 ncall:2.2e+07 eff:0.1% logz-ratio=477.38+/-0.15 dlogz:26.576>0.1]
23740it [1:57:01 bound:325 nc:1297 ncall:2.2e+07 eff:0.1% logz-ratio=478.45+/-0.15 dlogz:25.324>0.1]
23925it [1:58:23 bound:328 nc:1513 ncall:2.2e+07 eff:0.1% logz-ratio=479.44+/-0.15 dlogz:24.154>0.1]
24110it [1:59:48 bound:331 nc:2011 ncall:2.3e+07 eff:0.1% logz-ratio=480.37+/-0.15 dlogz:23.039>0.1]
24242it [2:00:59 bound:333 nc:1739 ncall:2.3e+07 eff:0.1% logz-ratio=481.02+/-0.15 dlogz:22.257>0.1]
24421it [2:02:24 bound:336 nc:1350 ncall:2.3e+07 eff:0.1% logz-ratio=481.82+/-0.15 dlogz:21.284>0.1]
24605it [2:03:48 bound:339 nc:1669 ncall:2.4e+07 eff:0.1% logz-ratio=482.65+/-0.15 dlogz:20.274>0.1]
24790it [2:05:18 bound:342 nc:3155 ncall:2.4e+07 eff:0.1% logz-ratio=483.43+/-0.15 dlogz:19.318>0.1]
24973it [2:06:44 bound:345 nc:1266 ncall:2.4e+07 eff:0.1% logz-ratio=484.17+/-0.15 dlogz:18.399>0.1]
25095it [2:07:44 bound:347 nc:1741 ncall:2.4e+07 eff:0.1% logz-ratio=484.69+/-0.16 dlogz:17.763>0.1]
25220it [2:08:49 bound:349 nc:1364 ncall:2.5e+07 eff:0.1% logz-ratio=485.21+/-0.16 dlogz:17.117>0.1]
25411it [2:10:20 bound:352 nc:1738 ncall:2.5e+07 eff:0.1% logz-ratio=485.95+/-0.16 dlogz:16.191>0.1]
25537it [2:11:22 bound:354 nc:1593 ncall:2.5e+07 eff:0.1% logz-ratio=486.39+/-0.16 dlogz:16.495>0.1]
25665it [2:12:23 bound:356 nc:1289 ncall:2.5e+07 eff:0.1% logz-ratio=486.79+/-0.16 dlogz:15.971>0.1]
25787it [2:13:27 bound:358 nc:889 ncall:2.6e+07 eff:0.1% logz-ratio=487.15+/-0.16 dlogz:15.491>0.1]
25909it [2:14:28 bound:360 nc:621 ncall:2.6e+07 eff:0.1% logz-ratio=487.53+/-0.16 dlogz:14.997>0.1]
26034it [2:15:33 bound:362 nc:1195 ncall:2.6e+07 eff:0.1% logz-ratio=487.91+/-0.16 dlogz:14.495>0.1]
26156it [2:16:36 bound:364 nc:1595 ncall:2.6e+07 eff:0.1% logz-ratio=488.25+/-0.16 dlogz:14.027>0.1]
26280it [2:17:38 bound:366 nc:2219 ncall:2.6e+07 eff:0.1% logz-ratio=488.59+/-0.16 dlogz:13.568>0.1]
26408it [2:18:49 bound:368 nc:2113 ncall:2.7e+07 eff:0.1% logz-ratio=488.96+/-0.16 dlogz:13.081>0.1]
26532it [2:19:52 bound:370 nc:2414 ncall:2.7e+07 eff:0.1% logz-ratio=489.30+/-0.16 dlogz:12.616>0.1]
26658it [2:20:56 bound:372 nc:2060 ncall:2.7e+07 eff:0.1% logz-ratio=489.64+/-0.16 dlogz:12.149>0.1]
26784it [2:22:03 bound:374 nc:2441 ncall:2.7e+07 eff:0.1% logz-ratio=489.99+/-0.16 dlogz:11.682>0.1]
26910it [2:23:07 bound:376 nc:1721 ncall:2.8e+07 eff:0.1% logz-ratio=490.31+/-0.16 dlogz:13.229>0.1]
27101it [2:24:36 bound:379 nc:2307 ncall:2.8e+07 eff:0.1% logz-ratio=490.76+/-0.16 dlogz:12.596>0.1]
27289it [2:26:04 bound:382 nc:4684 ncall:2.8e+07 eff:0.1% logz-ratio=491.16+/-0.16 dlogz:12.013>0.1]
27476it [2:27:26 bound:385 nc:2052 ncall:2.9e+07 eff:0.1% logz-ratio=491.55+/-0.16 dlogz:11.437>0.1]
27661it [2:28:52 bound:388 nc:2064 ncall:2.9e+07 eff:0.1% logz-ratio=491.92+/-0.16 dlogz:10.890>0.1]
27846it [2:30:17 bound:391 nc:1785 ncall:2.9e+07 eff:0.1% logz-ratio=492.29+/-0.16 dlogz:10.339>0.1]
28034it [2:31:44 bound:394 nc:2203 ncall:3.0e+07 eff:0.1% logz-ratio=492.64+/-0.16 dlogz:9.806>0.1]
28222it [2:33:07 bound:397 nc:1529 ncall:3.0e+07 eff:0.1% logz-ratio=492.97+/-0.16 dlogz:9.289>0.1]
28409it [2:34:30 bound:400 nc:1431 ncall:3.0e+07 eff:0.1% logz-ratio=493.29+/-0.16 dlogz:8.786>0.1]
28591it [2:35:54 bound:403 nc:1003 ncall:3.1e+07 eff:0.1% logz-ratio=493.60+/-0.16 dlogz:8.307>0.1]
28782it [2:37:19 bound:406 nc:1614 ncall:3.1e+07 eff:0.1% logz-ratio=493.89+/-0.16 dlogz:7.828>0.1]
28968it [2:38:41 bound:409 nc:1700 ncall:3.1e+07 eff:0.1% logz-ratio=494.15+/-0.16 dlogz:7.381>0.1]
29157it [2:40:12 bound:412 nc:1611 ncall:3.2e+07 eff:0.1% logz-ratio=494.41+/-0.16 dlogz:6.939>0.1]
29340it [2:41:39 bound:415 nc:2440 ncall:3.2e+07 eff:0.1% logz-ratio=494.64+/-0.16 dlogz:6.528>0.1]
29521it [2:43:07 bound:418 nc:2603 ncall:3.2e+07 eff:0.1% logz-ratio=494.87+/-0.16 dlogz:6.130>0.1]
29645it [2:44:11 bound:420 nc:2272 ncall:3.3e+07 eff:0.1% logz-ratio=495.01+/-0.16 dlogz:5.868>0.1]
29830it [2:45:42 bound:423 nc:1740 ncall:3.3e+07 eff:0.1% logz-ratio=495.20+/-0.16 dlogz:5.641>0.1]
30017it [2:47:11 bound:426 nc:1671 ncall:3.3e+07 eff:0.1% logz-ratio=495.38+/-0.16 dlogz:5.279>0.1]
30143it [2:48:16 bound:428 nc:4265 ncall:3.4e+07 eff:0.1% logz-ratio=495.50+/-0.16 dlogz:5.044>0.1]
30331it [2:49:47 bound:431 nc:1990 ncall:3.4e+07 eff:0.1% logz-ratio=495.66+/-0.17 dlogz:4.705>0.1]
30455it [2:50:49 bound:433 nc:1669 ncall:3.4e+07 eff:0.1% logz-ratio=495.76+/-0.17 dlogz:4.484>0.1]
30575it [2:51:55 bound:435 nc:1921 ncall:3.5e+07 eff:0.1% logz-ratio=495.86+/-0.17 dlogz:4.272>0.1]
30696it [2:52:57 bound:437 nc:4343 ncall:3.5e+07 eff:0.1% logz-ratio=495.95+/-0.17 dlogz:5.091>0.1]
30823it [2:54:00 bound:439 nc:1906 ncall:3.5e+07 eff:0.1% logz-ratio=496.05+/-0.17 dlogz:4.873>0.1]
30947it [2:55:04 bound:441 nc:2002 ncall:3.5e+07 eff:0.1% logz-ratio=496.14+/-0.17 dlogz:4.665>0.1]
31070it [2:56:05 bound:443 nc:1860 ncall:3.6e+07 eff:0.1% logz-ratio=496.22+/-0.17 dlogz:4.464>0.1]
31256it [2:57:36 bound:446 nc:2095 ncall:3.6e+07 eff:0.1% logz-ratio=496.34+/-0.17 dlogz:4.167>0.1]
31373it [2:58:38 bound:448 nc:1837 ncall:3.6e+07 eff:0.1% logz-ratio=496.41+/-0.17 dlogz:3.986>0.1]
31500it [2:59:40 bound:450 nc:2329 ncall:3.7e+07 eff:0.1% logz-ratio=496.48+/-0.17 dlogz:3.793>0.1]
31628it [3:00:41 bound:452 nc:2805 ncall:3.7e+07 eff:0.1% logz-ratio=496.55+/-0.17 dlogz:3.604>0.1]
31750it [3:02:06 bound:454 nc:2740 ncall:3.7e+07 eff:0.1% logz-ratio=496.61+/-0.17 dlogz:3.428>0.1]
31876it [3:03:07 bound:456 nc:2301 ncall:3.7e+07 eff:0.1% logz-ratio=496.67+/-0.17 dlogz:3.251>0.1]
31997it [3:04:13 bound:458 nc:2619 ncall:3.8e+07 eff:0.1% logz-ratio=496.73+/-0.17 dlogz:3.084>0.1]
32121it [3:05:14 bound:460 nc:2421 ncall:3.8e+07 eff:0.1% logz-ratio=496.78+/-0.17 dlogz:2.918>0.1]
32247it [3:06:20 bound:462 nc:3097 ncall:3.8e+07 eff:0.1% logz-ratio=496.83+/-0.17 dlogz:2.754>0.1]
32368it [3:07:25 bound:464 nc:2086 ncall:3.8e+07 eff:0.1% logz-ratio=496.88+/-0.17 dlogz:2.601>0.1]
32495it [3:08:30 bound:466 nc:1685 ncall:3.9e+07 eff:0.1% logz-ratio=496.93+/-0.17 dlogz:2.445>0.1]
32617it [3:09:40 bound:468 nc:1933 ncall:3.9e+07 eff:0.1% logz-ratio=496.97+/-0.17 dlogz:2.299>0.1]
32743it [3:10:48 bound:470 nc:1688 ncall:3.9e+07 eff:0.1% logz-ratio=497.01+/-0.17 dlogz:2.153>0.1]
32867it [3:11:54 bound:472 nc:2190 ncall:3.9e+07 eff:0.1% logz-ratio=497.04+/-0.17 dlogz:2.015>0.1]
32990it [3:13:04 bound:474 nc:6891 ncall:4.0e+07 eff:0.1% logz-ratio=497.08+/-0.17 dlogz:1.882>0.1]
33116it [3:14:11 bound:476 nc:3142 ncall:4.0e+07 eff:0.1% logz-ratio=497.11+/-0.17 dlogz:1.751>0.1]
33244it [3:15:14 bound:478 nc:3036 ncall:4.0e+07 eff:0.1% logz-ratio=497.14+/-0.17 dlogz:1.623>0.1]
33371it [3:16:20 bound:480 nc:2069 ncall:4.1e+07 eff:0.1% logz-ratio=497.17+/-0.17 dlogz:1.501>0.1]
33495it [3:17:21 bound:482 nc:3765 ncall:4.1e+07 eff:0.1% logz-ratio=497.20+/-0.17 dlogz:1.388>0.1]
33617it [3:18:26 bound:484 nc:4943 ncall:4.1e+07 eff:0.1% logz-ratio=497.23+/-0.17 dlogz:1.282>0.1]
33741it [3:19:30 bound:486 nc:1466 ncall:4.1e+07 eff:0.1% logz-ratio=497.25+/-0.17 dlogz:1.179>0.1]
33863it [3:20:36 bound:488 nc:1825 ncall:4.2e+07 eff:0.1% logz-ratio=497.27+/-0.17 dlogz:1.083>0.1]
33984it [3:21:40 bound:490 nc:2310 ncall:4.2e+07 eff:0.1% logz-ratio=497.29+/-0.17 dlogz:0.994>0.1]
34111it [3:22:44 bound:492 nc:3014 ncall:4.2e+07 eff:0.1% logz-ratio=497.31+/-0.17 dlogz:0.906>0.1]
34237it [3:23:48 bound:494 nc:2294 ncall:4.2e+07 eff:0.1% logz-ratio=497.33+/-0.17 dlogz:0.824>0.1]
34360it [3:24:52 bound:496 nc:2588 ncall:4.3e+07 eff:0.1% logz-ratio=497.35+/-0.17 dlogz:0.749>0.1]
34483it [3:25:59 bound:498 nc:5724 ncall:4.3e+07 eff:0.1% logz-ratio=497.36+/-0.17 dlogz:0.680>0.1]
34605it [3:27:06 bound:500 nc:2627 ncall:4.3e+07 eff:0.1% logz-ratio=497.38+/-0.17 dlogz:0.616>0.1]
34730it [3:28:14 bound:502 nc:1938 ncall:4.4e+07 eff:0.1% logz-ratio=497.39+/-0.17 dlogz:0.556>0.1]
34851it [3:29:27 bound:504 nc:2809 ncall:4.4e+07 eff:0.1% logz-ratio=497.41+/-0.17 dlogz:0.503>0.1]
34974it [3:30:35 bound:506 nc:1963 ncall:4.4e+07 eff:0.1% logz-ratio=497.42+/-0.17 dlogz:0.452>0.1]
35098it [3:31:42 bound:508 nc:2310 ncall:4.4e+07 eff:0.1% logz-ratio=497.43+/-0.17 dlogz:0.406>0.1]
35225it [3:32:46 bound:510 nc:1696 ncall:4.5e+07 eff:0.1% logz-ratio=497.44+/-0.17 dlogz:0.363>0.1]
35350it [3:33:46 bound:512 nc:1907 ncall:4.5e+07 eff:0.1% logz-ratio=497.45+/-0.17 dlogz:0.325>0.1]
35475it [3:34:48 bound:514 nc:2737 ncall:4.5e+07 eff:0.1% logz-ratio=497.46+/-0.17 dlogz:0.291>0.1]
35599it [3:35:50 bound:516 nc:2945 ncall:4.6e+07 eff:0.1% logz-ratio=497.47+/-0.17 dlogz:0.259>0.1]
35724it [3:36:54 bound:518 nc:2798 ncall:4.6e+07 eff:0.1% logz-ratio=497.47+/-0.17 dlogz:0.231>0.1]
35843it [3:37:59 bound:520 nc:2058 ncall:4.6e+07 eff:0.1% logz-ratio=497.48+/-0.17 dlogz:0.211>0.1]
35966it [3:39:02 bound:522 nc:2460 ncall:4.6e+07 eff:0.1% logz-ratio=497.49+/-0.17 dlogz:0.189>0.1]
36087it [3:40:07 bound:524 nc:2886 ncall:4.7e+07 eff:0.1% logz-ratio=497.49+/-0.17 dlogz:0.168>0.1]
36209it [3:41:09 bound:526 nc:2659 ncall:4.7e+07 eff:0.1% logz-ratio=497.50+/-0.17 dlogz:0.150>0.1]
36332it [3:42:13 bound:528 nc:2161 ncall:4.7e+07 eff:0.1% logz-ratio=497.50+/-0.17 dlogz:0.134>0.1]
36457it [3:43:18 bound:530 nc:2095 ncall:4.8e+07 eff:0.1% logz-ratio=497.51+/-0.17 dlogz:0.119>0.1]
36579it [3:44:22 bound:532 nc:1930 ncall:4.8e+07 eff:0.1% logz-ratio=497.51+/-0.17 dlogz:0.105>0.1]
At this point, we cannot create a float from 0       1.197582
1       1.197662
2       1.197564
3       1.197726
4       1.197760
          ...   
5054    1.197646
5055    1.197611
5056    1.197647
5057    1.197612
5058    1.197654
Name: chirp_mass, Length: 5059, dtype: float64, error: cannot convert the series to <class 'float'>
At this point, we cannot create a float from 0       0.810649
1       0.926021
2       0.898421
3       0.863331
4       0.814504
          ...   
5054    0.893649
5055    0.894356
5056    0.933167
5057    0.882764
5058    0.889229
Name: mass_ratio, Length: 5059, dtype: float64, error: cannot convert the series to <class 'float'>
At this point, we cannot create a float from 0       39.479767
1       38.974102
2       43.997334
3       22.709099
4       29.016697
          ...    
5054    36.221737
5055    40.555824
5056    35.659973
5057    43.977592
5058    36.961761
Name: luminosity_distance, Length: 5059, dtype: float64, error: cannot convert the series to <class 'float'>
At this point, we cannot create a float from 0       1373.088501
1        905.018738
2        734.374207
3        972.048889
4       1347.334717
           ...     
5054     608.973145
5055     616.303467
5056     666.635864
5057     499.506958
5058     584.933044
Name: lambda_2, Length: 5059, dtype: float64, error: cannot convert the series to <class 'float'>
Skipped taking the float value from [1.80189085 2.17521191 2.30835056 ... 2.11406612 1.78794527 1.77340269], error: only length-1 arrays can be converted to Python scalars
At this point, we cannot create a float from [1.19743073 1.19743218 1.19743363 1.19743508 1.19743653 1.19743799
 1.19743944 1.19744089 1.19744234 1.19744379 1.19744524 1.19744669
 1.19744814 1.1974496  1.19745105 1.1974525  1.19745395 1.1974554
 1.19745685 1.1974583  1.19745975 1.19746121 1.19746266 1.19746411
 1.19746556 1.19746701 1.19746846 1.19746991 1.19747136 1.19747282
 1.19747427 1.19747572 1.19747717 1.19747862 1.19748007 1.19748152
 1.19748297 1.19748443 1.19748588 1.19748733 1.19748878 1.19749023
 1.19749168 1.19749313 1.19749458 1.19749604 1.19749749 1.19749894
 1.19750039 1.19750184 1.19750329 1.19750474 1.19750619 1.19750765
 1.1975091  1.19751055 1.197512   1.19751345 1.1975149  1.19751635
 1.1975178  1.19751926 1.19752071 1.19752216 1.19752361 1.19752506
 1.19752651 1.19752796 1.19752941 1.19753087 1.19753232 1.19753377
 1.19753522 1.19753667 1.19753812 1.19753957 1.19754102 1.19754248
 1.19754393 1.19754538 1.19754683 1.19754828 1.19754973 1.19755118
 1.19755263 1.19755409 1.19755554 1.19755699 1.19755844 1.19755989
 1.19756134 1.19756279 1.19756424 1.1975657  1.19756715 1.1975686
 1.19757005 1.1975715  1.19757295 1.1975744  1.19757585 1.19757731
 1.19757876 1.19758021 1.19758166 1.19758311 1.19758456 1.19758601
 1.19758746 1.19758892 1.19759037 1.19759182 1.19759327 1.19759472
 1.19759617 1.19759762 1.19759907 1.19760053 1.19760198 1.19760343
 1.19760488 1.19760633 1.19760778 1.19760923 1.19761068 1.19761214
 1.19761359 1.19761504 1.19761649 1.19761794 1.19761939 1.19762084
 1.19762229 1.19762375 1.1976252  1.19762665 1.1976281  1.19762955
 1.197631   1.19763245 1.1976339  1.19763536 1.19763681 1.19763826
 1.19763971 1.19764116 1.19764261 1.19764406 1.19764551 1.19764697
 1.19764842 1.19764987 1.19765132 1.19765277 1.19765422 1.19765567
 1.19765712 1.19765858 1.19766003 1.19766148 1.19766293 1.19766438
 1.19766583 1.19766728 1.19766873 1.19767019 1.19767164 1.19767309
 1.19767454 1.19767599 1.19767744 1.19767889 1.19768034 1.19768179
 1.19768325 1.1976847  1.19768615 1.1976876  1.19768905 1.1976905
 1.19769195 1.1976934  1.19769486 1.19769631 1.19769776 1.19769921
 1.19770066 1.19770211 1.19770356 1.19770501 1.19770647 1.19770792
 1.19770937 1.19771082 1.19771227 1.19771372 1.19771517 1.19771662
 1.19771808 1.19771953 1.19772098 1.19772243 1.19772388 1.19772533
 1.19772678 1.19772823 1.19772969 1.19773114 1.19773259 1.19773404
 1.19773549 1.19773694 1.19773839 1.19773984 1.1977413  1.19774275
 1.1977442  1.19774565 1.1977471  1.19774855 1.19775    1.19775145
 1.19775291 1.19775436 1.19775581 1.19775726 1.19775871 1.19776016
 1.19776161 1.19776306 1.19776452 1.19776597 1.19776742 1.19776887
 1.19777032 1.19777177 1.19777322 1.19777467 1.19777613 1.19777758
 1.19777903 1.19778048 1.19778193 1.19778338 1.19778483 1.19778628
 1.19778774 1.19778919 1.19779064 1.19779209 1.19779354 1.19779499
 1.19779644 1.19779789 1.19779935 1.1978008  1.19780225 1.1978037
 1.19780515 1.1978066  1.19780805 1.1978095  1.19781096 1.19781241
 1.19781386 1.19781531 1.19781676 1.19781821 1.19781966 1.19782111
 1.19782257 1.19782402 1.19782547 1.19782692 1.19782837 1.19782982
 1.19783127 1.19783272 1.19783418 1.19783563 1.19783708 1.19783853
 1.19783998 1.19784143 1.19784288 1.19784433 1.19784579 1.19784724
 1.19784869 1.19785014 1.19785159 1.19785304 1.19785449 1.19785594
 1.1978574  1.19785885 1.1978603  1.19786175 1.1978632  1.19786465], error: only length-1 arrays can be converted to Python scalars
At this point, we cannot create a float from [0.72345018 0.72424833 0.72504647 0.72584462 0.72664276 0.7274409
 0.72823905 0.72903719 0.72983533 0.73063348 0.73143162 0.73222977
 0.73302791 0.73382605 0.7346242  0.73542234 0.73622049 0.73701863
 0.73781677 0.73861492 0.73941306 0.74021121 0.74100935 0.74180749
 0.74260564 0.74340378 0.74420192 0.74500007 0.74579821 0.74659636
 0.7473945  0.74819264 0.74899079 0.74978893 0.75058708 0.75138522
 0.75218336 0.75298151 0.75377965 0.75457779 0.75537594 0.75617408
 0.75697223 0.75777037 0.75856851 0.75936666 0.7601648  0.76096295
 0.76176109 0.76255923 0.76335738 0.76415552 0.76495367 0.76575181
 0.76654995 0.7673481  0.76814624 0.76894438 0.76974253 0.77054067
 0.77133882 0.77213696 0.7729351  0.77373325 0.77453139 0.77532954
 0.77612768 0.77692582 0.77772397 0.77852211 0.77932025 0.7801184
 0.78091654 0.78171469 0.78251283 0.78331097 0.78410912 0.78490726
 0.78570541 0.78650355 0.78730169 0.78809984 0.78889798 0.78969613
 0.79049427 0.79129241 0.79209056 0.7928887  0.79368684 0.79448499
 0.79528313 0.79608128 0.79687942 0.79767756 0.79847571 0.79927385
 0.800072   0.80087014 0.80166828 0.80246643 0.80326457 0.80406271
 0.80486086 0.805659   0.80645715 0.80725529 0.80805343 0.80885158
 0.80964972 0.81044787 0.81124601 0.81204415 0.8128423  0.81364044
 0.81443859 0.81523673 0.81603487 0.81683302 0.81763116 0.8184293
 0.81922745 0.82002559 0.82082374 0.82162188 0.82242002 0.82321817
 0.82401631 0.82481446 0.8256126  0.82641074 0.82720889 0.82800703
 0.82880517 0.82960332 0.83040146 0.83119961 0.83199775 0.83279589
 0.83359404 0.83439218 0.83519033 0.83598847 0.83678661 0.83758476
 0.8383829  0.83918105 0.83997919 0.84077733 0.84157548 0.84237362
 0.84317176 0.84396991 0.84476805 0.8455662  0.84636434 0.84716248
 0.84796063 0.84875877 0.84955692 0.85035506 0.8511532  0.85195135
 0.85274949 0.85354763 0.85434578 0.85514392 0.85594207 0.85674021
 0.85753835 0.8583365  0.85913464 0.85993279 0.86073093 0.86152907
 0.86232722 0.86312536 0.8639235  0.86472165 0.86551979 0.86631794
 0.86711608 0.86791422 0.86871237 0.86951051 0.87030866 0.8711068
 0.87190494 0.87270309 0.87350123 0.87429938 0.87509752 0.87589566
 0.87669381 0.87749195 0.87829009 0.87908824 0.87988638 0.88068453
 0.88148267 0.88228081 0.88307896 0.8838771  0.88467525 0.88547339
 0.88627153 0.88706968 0.88786782 0.88866596 0.88946411 0.89026225
 0.8910604  0.89185854 0.89265668 0.89345483 0.89425297 0.89505112
 0.89584926 0.8966474  0.89744555 0.89824369 0.89904184 0.89983998
 0.90063812 0.90143627 0.90223441 0.90303255 0.9038307  0.90462884
 0.90542699 0.90622513 0.90702327 0.90782142 0.90861956 0.90941771
 0.91021585 0.91101399 0.91181214 0.91261028 0.91340842 0.91420657
 0.91500471 0.91580286 0.916601   0.91739914 0.91819729 0.91899543
 0.91979358 0.92059172 0.92138986 0.92218801 0.92298615 0.9237843
 0.92458244 0.92538058 0.92617873 0.92697687 0.92777501 0.92857316
 0.9293713  0.93016945 0.93096759 0.93176573 0.93256388 0.93336202
 0.93416017 0.93495831 0.93575645 0.9365546  0.93735274 0.93815088
 0.93894903 0.93974717 0.94054532 0.94134346 0.9421416  0.94293975
 0.94373789 0.94453604 0.94533418 0.94613232 0.94693047 0.94772861
 0.94852676 0.9493249  0.95012304 0.95092119 0.95171933 0.95251747
 0.95331562 0.95411376 0.95491191 0.95571005 0.95650819 0.95730634
 0.95810448 0.95890263 0.95970077 0.96049891 0.96129706 0.9620952 ], error: only length-1 arrays can be converted to Python scalars
At this point, we cannot create a float from [15.03433895 15.15918912 15.28403929 15.40888946 15.53373964 15.65858981
 15.78343998 15.90829015 16.03314032 16.15799049 16.28284066 16.40769083
 16.532541   16.65739117 16.78224135 16.90709152 17.03194169 17.15679186
 17.28164203 17.4064922  17.53134237 17.65619254 17.78104271 17.90589289
 18.03074306 18.15559323 18.2804434  18.40529357 18.53014374 18.65499391
 18.77984408 18.90469425 19.02954443 19.1543946  19.27924477 19.40409494
 19.52894511 19.65379528 19.77864545 19.90349562 20.02834579 20.15319596
 20.27804614 20.40289631 20.52774648 20.65259665 20.77744682 20.90229699
 21.02714716 21.15199733 21.2768475  21.40169768 21.52654785 21.65139802
 21.77624819 21.90109836 22.02594853 22.1507987  22.27564887 22.40049904
 22.52534922 22.65019939 22.77504956 22.89989973 23.0247499  23.14960007
 23.27445024 23.39930041 23.52415058 23.64900075 23.77385093 23.8987011
 24.02355127 24.14840144 24.27325161 24.39810178 24.52295195 24.64780212
 24.77265229 24.89750247 25.02235264 25.14720281 25.27205298 25.39690315
 25.52175332 25.64660349 25.77145366 25.89630383 26.021154   26.14600418
 26.27085435 26.39570452 26.52055469 26.64540486 26.77025503 26.8951052
 27.01995537 27.14480554 27.26965572 27.39450589 27.51935606 27.64420623
 27.7690564  27.89390657 28.01875674 28.14360691 28.26845708 28.39330726
 28.51815743 28.6430076  28.76785777 28.89270794 29.01755811 29.14240828
 29.26725845 29.39210862 29.51695879 29.64180897 29.76665914 29.89150931
 30.01635948 30.14120965 30.26605982 30.39090999 30.51576016 30.64061033
 30.76546051 30.89031068 31.01516085 31.14001102 31.26486119 31.38971136
 31.51456153 31.6394117  31.76426187 31.88911205 32.01396222 32.13881239
 32.26366256 32.38851273 32.5133629  32.63821307 32.76306324 32.88791341
 33.01276358 33.13761376 33.26246393 33.3873141  33.51216427 33.63701444
 33.76186461 33.88671478 34.01156495 34.13641512 34.2612653  34.38611547
 34.51096564 34.63581581 34.76066598 34.88551615 35.01036632 35.13521649
 35.26006666 35.38491684 35.50976701 35.63461718 35.75946735 35.88431752
 36.00916769 36.13401786 36.25886803 36.3837182  36.50856837 36.63341855
 36.75826872 36.88311889 37.00796906 37.13281923 37.2576694  37.38251957
 37.50736974 37.63221991 37.75707009 37.88192026 38.00677043 38.1316206
 38.25647077 38.38132094 38.50617111 38.63102128 38.75587145 38.88072162
 39.0055718  39.13042197 39.25527214 39.38012231 39.50497248 39.62982265
 39.75467282 39.87952299 40.00437316 40.12922334 40.25407351 40.37892368
 40.50377385 40.62862402 40.75347419 40.87832436 41.00317453 41.1280247
 41.25287488 41.37772505 41.50257522 41.62742539 41.75227556 41.87712573
 42.0019759  42.12682607 42.25167624 42.37652641 42.50137659 42.62622676
 42.75107693 42.8759271  43.00077727 43.12562744 43.25047761 43.37532778
 43.50017795 43.62502813 43.7498783  43.87472847 43.99957864 44.12442881
 44.24927898 44.37412915 44.49897932 44.62382949 44.74867967 44.87352984
 44.99838001 45.12323018 45.24808035 45.37293052 45.49778069 45.62263086
 45.74748103 45.8723312  45.99718138 46.12203155 46.24688172 46.37173189
 46.49658206 46.62143223 46.7462824  46.87113257 46.99598274 47.12083292
 47.24568309 47.37053326 47.49538343 47.6202336  47.74508377 47.86993394
 47.99478411 48.11963428 48.24448445 48.36933463 48.4941848  48.61903497
 48.74388514 48.86873531 48.99358548 49.11843565 49.24328582 49.36813599
 49.49298617 49.61783634 49.74268651 49.86753668 49.99238685 50.11723702
 50.24208719 50.36693736 50.49178753 50.61663771 50.74148788 50.86633805
 50.99118822 51.11603839 51.24088856 51.36573873 51.4905889  51.61543907
 51.74028924 51.86513942 51.98998959 52.11483976 52.23968993 52.3645401 ], error: only length-1 arrays can be converted to Python scalars
At this point, we cannot create a float from [ 417.2996521   421.56440679  425.82916147  430.09391616  434.35867085
  438.62342554  442.88818023  447.15293491  451.4176896   455.68244429
  459.94719898  464.21195366  468.47670835  472.74146304  477.00621773
  481.27097241  485.5357271   489.80048179  494.06523648  498.32999117
  502.59474585  506.85950054  511.12425523  515.38900992  519.6537646
  523.91851929  528.18327398  532.44802867  536.71278335  540.97753804
  545.24229273  549.50704742  553.7718021   558.03655679  562.30131148
  566.56606617  570.83082086  575.09557554  579.36033023  583.62508492
  587.88983961  592.15459429  596.41934898  600.68410367  604.94885836
  609.21361304  613.47836773  617.74312242  622.00787711  626.2726318
  630.53738648  634.80214117  639.06689586  643.33165055  647.59640523
  651.86115992  656.12591461  660.3906693   664.65542398  668.92017867
  673.18493336  677.44968805  681.71444273  685.97919742  690.24395211
  694.5087068   698.77346149  703.03821617  707.30297086  711.56772555
  715.83248024  720.09723492  724.36198961  728.6267443   732.89149899
  737.15625367  741.42100836  745.68576305  749.95051774  754.21527243
  758.48002711  762.7447818   767.00953649  771.27429118  775.53904586
  779.80380055  784.06855524  788.33330993  792.59806461  796.8628193
  801.12757399  805.39232868  809.65708336  813.92183805  818.18659274
  822.45134743  826.71610212  830.9808568   835.24561149  839.51036618
  843.77512087  848.03987555  852.30463024  856.56938493  860.83413962
  865.0988943   869.36364899  873.62840368  877.89315837  882.15791305
  886.42266774  890.68742243  894.95217712  899.21693181  903.48168649
  907.74644118  912.01119587  916.27595056  920.54070524  924.80545993
  929.07021462  933.33496931  937.59972399  941.86447868  946.12923337
  950.39398806  954.65874275  958.92349743  963.18825212  967.45300681
  971.7177615   975.98251618  980.24727087  984.51202556  988.77678025
  993.04153493  997.30628962 1001.57104431 1005.835799   1010.10055368
 1014.36530837 1018.63006306 1022.89481775 1027.15957244 1031.42432712
 1035.68908181 1039.9538365  1044.21859119 1048.48334587 1052.74810056
 1057.01285525 1061.27760994 1065.54236462 1069.80711931 1074.071874
 1078.33662869 1082.60138338 1086.86613806 1091.13089275 1095.39564744
 1099.66040213 1103.92515681 1108.1899115  1112.45466619 1116.71942088
 1120.98417556 1125.24893025 1129.51368494 1133.77843963 1138.04319431
 1142.307949   1146.57270369 1150.83745838 1155.10221307 1159.36696775
 1163.63172244 1167.89647713 1172.16123182 1176.4259865  1180.69074119
 1184.95549588 1189.22025057 1193.48500525 1197.74975994 1202.01451463
 1206.27926932 1210.544024   1214.80877869 1219.07353338 1223.33828807
 1227.60304276 1231.86779744 1236.13255213 1240.39730682 1244.66206151
 1248.92681619 1253.19157088 1257.45632557 1261.72108026 1265.98583494
 1270.25058963 1274.51534432 1278.78009901 1283.0448537  1287.30960838
 1291.57436307 1295.83911776 1300.10387245 1304.36862713 1308.63338182
 1312.89813651 1317.1628912  1321.42764588 1325.69240057 1329.95715526
 1334.22190995 1338.48666463 1342.75141932 1347.01617401 1351.2809287
 1355.54568339 1359.81043807 1364.07519276 1368.33994745 1372.60470214
 1376.86945682 1381.13421151 1385.3989662  1389.66372089 1393.92847557
 1398.19323026 1402.45798495 1406.72273964 1410.98749433 1415.25224901
 1419.5170037  1423.78175839 1428.04651308 1432.31126776 1436.57602245
 1440.84077714 1445.10553183 1449.37028651 1453.6350412  1457.89979589
 1462.16455058 1466.42930526 1470.69405995 1474.95881464 1479.22356933
 1483.48832402 1487.7530787  1492.01783339 1496.28258808 1500.54734277
 1504.81209745 1509.07685214 1513.34160683 1517.60636152 1521.8711162
 1526.13587089 1530.40062558 1534.66538027 1538.93013496 1543.19488964
 1547.45964433 1551.72439902 1555.98915371 1560.25390839 1564.51866308
 1568.78341777 1573.04817246 1577.31292714 1581.57768183 1585.84243652
 1590.10719121 1594.37194589 1598.63670058 1602.90145527 1607.16620996
 1611.43096465 1615.69571933 1619.96047402 1624.22522871 1628.4899834
 1632.75473808 1637.01949277 1641.28424746 1645.54900215 1649.81375683
 1654.07851152 1658.34326621 1662.6080209  1666.87277558 1671.13753027
 1675.40228496 1679.66703965 1683.93179434 1688.19654902 1692.46130371], error: only length-1 arrays can be converted to Python scalars
Skipped taking the float value from [-2.10671329 -2.06275558 -2.01895571 -1.97522545 -1.93516588 -1.9058547
 -1.87631702 -1.84654713 -1.81659317 -1.78644657 -1.75616741 -1.72563982
 -1.69592333 -1.66622972 -1.63644552 -1.60656071 -1.57666636 -1.54666519
 -1.51950598 -1.4943161  -1.46677256 -1.4320302  -1.39748335 -1.3630929
 -1.32888317 -1.29476595 -1.26085234 -1.22707129 -1.19345665 -1.1600914
 -1.12699652 -1.09433174 -1.06218004 -1.02830076 -0.99395227 -0.9600482
 -0.9265666  -0.89360285 -0.86112928 -0.82873011 -0.79662466 -0.76507711
 -0.73393869 -0.70293331 -0.6726799  -0.64230728 -0.60974598 -0.57738447
 -0.54492044 -0.51247597 -0.47984171 -0.44717693 -0.41486979 -0.38258457
 -0.35018444 -0.31776381 -0.28527355 -0.2528038  -0.21995783 -0.18717384
 -0.15445042 -0.12176466 -0.08904552 -0.05628538 -0.0235858   0.00913906
  0.04185057  0.0744853   0.10716105  0.13972902  0.17247438  0.20537615
  0.23815918  0.27002573  0.30111837  0.3319397   0.36259508  0.39305782
  0.42329597  0.45327854  0.48302603  0.51255226  0.54178333  0.57077074
  0.59948969  0.62790632  0.65711975  0.68679094  0.71727037  0.74716377
  0.7763319   0.80543518  0.83489323  0.86411381  0.89304018  0.92174149
  0.95004129  0.97761869  1.0037508   1.02974129  1.05514431  1.0802803
  1.10510874  1.12969255  1.15396976  1.1779933   1.20171309  1.22514105
  1.24821854  1.27103519  1.29348373  1.31290436  1.33066702  1.34807873
  1.36514711  1.38186359  1.39821625  1.41424274  1.42987394  1.44521809
  1.46092415  1.47433758  1.4861207   1.49758101  1.50873661  1.51955843
  1.53006649  1.54025221  1.55010653  1.55963516  1.56884146  1.57769108
  1.58617878  1.5948472   1.6025672   1.60970163  1.61652803  1.62406588
  1.63197136  1.639575    1.64687538  1.65400028  1.66287231  1.67192459
  1.68065214  1.68909836  1.69732428  1.70574331  1.7144165   1.72428083
  1.73570538  1.74702072  1.75762272  1.76751566  1.77752972  1.78599405
  1.79330444  1.80036736  1.8071866   1.8137517   1.81976748  1.82553291
  1.82829952  1.82939339  1.83079481  1.833673    1.83620787  1.83843279
  1.84033012  1.8418932   1.84314632  1.84460115  1.84648418  1.84806061
  1.84910154  1.84969568  1.84975815  1.84946585  1.84881067  1.84795046
  1.84677458  1.84525013  1.84323978  1.8403964   1.83703232  1.83331013
  1.82922411  1.82478905  1.81999397  1.81486511  1.80936956  1.80354548
  1.7973814   1.79088593  1.78408384  1.77748919  1.77135611  1.76139402
  1.75111866  1.74058104  1.7299614   1.71925831  1.70854568  1.6969986
  1.68507481  1.67300892  1.66073704  1.64828157  1.63647127  1.62492657
  1.61314774  1.60135984  1.58994627  1.57836342  1.56662798  1.55508614
  1.54332638  1.53135014  1.51655245  1.49738455  1.47792912  1.45902157
  1.44070625  1.4219842   1.40294456  1.38364553  1.36415815  1.3444767
  1.32486582  1.30523205  1.28555202  1.26422167  1.24027061  1.21536303
  1.19036627  1.16521978  1.13994217  1.11484289  1.08934307  1.06357956
  1.0381155   1.01290226  0.98751307  0.96201038  0.9363718   0.91068697
  0.8846221   0.8580575   0.83095932  0.80087805  0.77042723  0.73906708
  0.7064743   0.67360592  0.64063263  0.60757923  0.57328272  0.53738022
  0.50158548  0.46573162  0.42936611  0.39301205  0.35660458  0.32012939
  0.28368473  0.24731016  0.21097946  0.17468643  0.1384306   0.100317
  0.06022549  0.01932144 -0.02153015 -0.06249046 -0.10424614 -0.14691687
 -0.18954277 -0.23208714 -0.27453136 -0.31684399 -0.35895729 -0.40095234
 -0.44232225 -0.48009396 -0.51731586 -0.554214   -0.59063196 -0.62186432
 -0.65272713 -0.68329906 -0.71447563 -0.74514771 -0.77512741 -0.8048296
 -0.83382702 -0.86229944 -0.89048767 -0.91854572 -0.9462533  -0.97362852], error: only length-1 arrays can be converted to Python scalars
