000 (2567161.000.000) 2025-07-28 18:42:42 Job submitted from host: <145.107.7.246:9618?addrs=145.107.7.246-9618+[2a07-8500-120-e070--3f6]-9618&alias=taai-007.nikhef.nl&noUDP&sock=schedd_2614_90a7>
    DAG Node: run_e
...
001 (2567161.000.000) 2025-07-28 18:42:53 Job executing on host: <145.107.4.165:9618?addrs=145.107.4.165-9618+[2a07-8500-120-e070--a5]-9618&alias=wn-pijl-004.nikhef.nl&noUDP&sock=startd_4575_a5df>
	SlotName: slot1_2@wn-pijl-004.nikhef.nl
	AvailableGPUs = {  }
	CondorScratchDir = "/scratch/condor_execute/dir_2169388"
	Cpus = 64
	Disk = 16790397
	GPUs = 0
	Memory = 16384
...
006 (2567161.000.000) 2025-07-28 18:43:07 Image size of job updated: 324712
	318  -  MemoryUsage of job (MB)
	324712  -  ResidentSetSize of job (KB)
...
006 (2567161.000.000) 2025-07-28 18:43:11 Image size of job updated: 389600
	318  -  MemoryUsage of job (MB)
	324736  -  ResidentSetSize of job (KB)
...
005 (2567161.000.000) 2025-07-28 18:43:11 Job terminated.
	(1) Normal termination (return value 1)
		Usr 0 00:00:13, Sys 0 00:00:07  -  Run Remote Usage
		Usr 0 00:00:00, Sys 0 00:00:00  -  Run Local Usage
		Usr 0 00:00:13, Sys 0 00:00:07  -  Total Remote Usage
		Usr 0 00:00:00, Sys 0 00:00:00  -  Total Local Usage
	0  -  Run Bytes Sent By Job
	0  -  Run Bytes Received By Job
	0  -  Total Bytes Sent By Job
	0  -  Total Bytes Received By Job
	Partitionable Resources :    Usage  Request Allocated 
	   Cpus                 :        0       64        64 
	   Disk (KB)            :    17500 16777216  16790397 
	   GPUs                 :                           0 
	   Memory (MB)          :      318    16384     16384 
	   TimeExecute (s)      :       18                    
	   TimeSlotBusy (s)     :       18                    

	Job terminated of its own accord at 2025-07-28T16:43:11Z with exit-code 1.
...
000 (2567899.000.000) 2025-07-28 19:10:13 Job submitted from host: <145.107.7.246:9618?addrs=145.107.7.246-9618+[2a07-8500-120-e070--3f6]-9618&alias=taai-007.nikhef.nl&noUDP&sock=schedd_2614_90a7>
    DAG Node: run_e
...
001 (2567899.000.000) 2025-07-28 19:56:54 Job executing on host: <145.107.4.163:9618?addrs=145.107.4.163-9618+[2a07-8500-120-e070--a3]-9618&alias=wn-pijl-002.nikhef.nl&noUDP&sock=startd_4326_daca>
	SlotName: slot1_4@wn-pijl-002.nikhef.nl
	AvailableGPUs = {  }
	CondorScratchDir = "/scratch/condor_execute/dir_2437210"
	Cpus = 64
	Disk = 16790353
	GPUs = 0
	Memory = 16384
...
006 (2567899.000.000) 2025-07-28 19:57:08 Image size of job updated: 576688
	564  -  MemoryUsage of job (MB)
	576688  -  ResidentSetSize of job (KB)
...
006 (2567899.000.000) 2025-07-28 20:02:09 Image size of job updated: 1212368
	1183  -  MemoryUsage of job (MB)
	1211296  -  ResidentSetSize of job (KB)
...
006 (2567899.000.000) 2025-07-28 20:07:09 Image size of job updated: 1218276
	1190  -  MemoryUsage of job (MB)
	1218276  -  ResidentSetSize of job (KB)
...
006 (2567899.000.000) 2025-07-28 20:12:09 Image size of job updated: 1223516
	1195  -  MemoryUsage of job (MB)
	1223516  -  ResidentSetSize of job (KB)
...
006 (2567899.000.000) 2025-07-28 20:17:10 Image size of job updated: 1227176
	1199  -  MemoryUsage of job (MB)
	1227176  -  ResidentSetSize of job (KB)
...
006 (2567899.000.000) 2025-07-28 20:22:11 Image size of job updated: 1230484
	1202  -  MemoryUsage of job (MB)
	1230484  -  ResidentSetSize of job (KB)
...
006 (2567899.000.000) 2025-07-28 20:27:11 Image size of job updated: 1233620
	1205  -  MemoryUsage of job (MB)
	1233620  -  ResidentSetSize of job (KB)
...
006 (2567899.000.000) 2025-07-28 20:32:12 Image size of job updated: 1236020
	1208  -  MemoryUsage of job (MB)
	1236020  -  ResidentSetSize of job (KB)
...
006 (2567899.000.000) 2025-07-28 20:37:13 Image size of job updated: 1239320
	1211  -  MemoryUsage of job (MB)
	1239320  -  ResidentSetSize of job (KB)
...
006 (2567899.000.000) 2025-07-28 20:42:13 Image size of job updated: 1241804
	1213  -  MemoryUsage of job (MB)
	1241804  -  ResidentSetSize of job (KB)
...
006 (2567899.000.000) 2025-07-28 20:47:14 Image size of job updated: 1254176
	1225  -  MemoryUsage of job (MB)
	1254176  -  ResidentSetSize of job (KB)
...
006 (2567899.000.000) 2025-07-28 20:52:15 Image size of job updated: 1279100
	1250  -  MemoryUsage of job (MB)
	1279100  -  ResidentSetSize of job (KB)
...
006 (2567899.000.000) 2025-07-28 20:57:15 Image size of job updated: 1282764
	1253  -  MemoryUsage of job (MB)
	1282764  -  ResidentSetSize of job (KB)
...
006 (2567899.000.000) 2025-07-28 20:59:31 Image size of job updated: 1830608
	1253  -  MemoryUsage of job (MB)
	1282764  -  ResidentSetSize of job (KB)
...
005 (2567899.000.000) 2025-07-28 20:59:31 Job terminated.
	(1) Normal termination (return value 0)
		Usr 1 17:53:04, Sys 0 00:01:15  -  Run Remote Usage
		Usr 0 00:00:00, Sys 0 00:00:00  -  Run Local Usage
		Usr 1 17:53:04, Sys 0 00:01:15  -  Total Remote Usage
		Usr 0 00:00:00, Sys 0 00:00:00  -  Total Local Usage
	0  -  Run Bytes Sent By Job
	0  -  Run Bytes Received By Job
	0  -  Total Bytes Sent By Job
	0  -  Total Bytes Received By Job
	Partitionable Resources :    Usage  Request Allocated 
	   Cpus                 :     0.99       64        64 
	   Disk (KB)            : 17500    16777216  16790353 
	   GPUs                 :                           0 
	   Memory (MB)          :  1253       16384     16384 
	   TimeExecute (s)      :  3757                       
	   TimeSlotBusy (s)     :  3757                       

	Job terminated of its own accord at 2025-07-28T18:59:31Z with exit-code 0.
...
