JAX: devices available: [CudaDevice(id=0)]
torch: CUDA is available. Number of devices: 1
torch: Current CUDA device: 0
Training data will be loaded from: /data/gravwav/twouters/projects/eos_source_classification/eos_source_classification/data/eos/radio_chiEFT_NICER/eos_samples.npz
Training a normalizing flow for population =  gaussian and nsbh sources
Before training, we built the following NF kwargs: {'n_transforms': 3, 'n_neurons': 128, 'n_blocks_per_transform': 3, 'nn_depth': 1, 'flow_layers': 1, 'nn_block_dim': 8, 'glasflow_type': 'MaskedPiecewiseRationalQuadraticAutoregressiveFlow', 'names': ['chirp_mass_source', 'mass_ratio', 'lambda_2'], 'n_inputs': 3}
Everything for this model will be saved to ./models/gaussian/nsbh/radio_chiEFT_NICER
Starting training with the following parameters:
Reading the EOS data from /data/gravwav/twouters/projects/eos_source_classification/eos_source_classification/data/eos/radio_chiEFT_NICER/eos_samples.npz
Number of good samples:  0.9882
0/50000
5000/50000
10000/50000
15000/50000
20000/50000
25000/50000
30000/50000
35000/50000
40000/50000
45000/50000
Create data will save the following data:
  m1: range = [2.0135168391567952, 4.999880670907069]
  m2: range = [0.9569884986324635, 1.7024283966228222]
  mass_ratio: range = [0.2102989104055164, 0.7527899655225999]
  lambda_1: range = [0.0001, 0.0001]
  lambda_2: range = [94.54821359773452, 4949.788132788086]
  lambda_tilde: range = [4.539240414619424, 449.86216634815355]
  delta_lambda_tilde: range = [2.322309751562866, 220.27599127205553]
  chirp_mass_source: range = [1.2961540048955877, 2.462769106594179]
Saving to ./models/gaussian/nsbh/radio_chiEFT_NICER/training_data.npz:
Saving to ./models/gaussian/nsbh/radio_chiEFT_NICER/training_data.npz DONE
Using source-frame chirp mass and mass ratio (Mc, q) for training
Using component parameterization for lambdas (lambda_1, lambda_2)
Training samples: 40000, Validation samples: 10000
Creating the training data arrays
NSBH and training on lambda_2 (3D)
np.shape(self.x)
(40000, 3)
Using MinMaxScaler to scale the input data x
Saved sklearn scaler to ./models/gaussian/nsbh/radio_chiEFT_NICER/scaler.gz
Going to start training for glasflow . . .
Early stopping triggered at epoch 301
Saving the training loss plot to ./models/gaussian/nsbh/radio_chiEFT_NICER/training_loss.pdf
Training done. Took around 17.41 minutes
Saving the model weights to ./models/gaussian/nsbh/radio_chiEFT_NICER/model.pt
Saving the model kwargs to ./models/gaussian/nsbh/radio_chiEFT_NICER/model_kwargs.json
DONE training!
