000 (2340404.000.000) 2025-07-02 12:23:21 Job submitted from host: <145.107.7.246:9618?addrs=145.107.7.246-9618+[2a07-8500-120-e070--3f6]-9618&alias=taai-007.nikhef.nl&noUDP&sock=schedd_2614_90a7>
...
001 (2340404.000.000) 2025-07-02 12:24:20 Job executing on host: <145.107.4.167:9618?addrs=145.107.4.167-9618+[2a07-8500-120-e070--a7]-9618&alias=wn-pijl-006.nikhef.nl&noUDP&sock=startd_4304_c3b5>
	SlotName: slot1_2@wn-pijl-006.nikhef.nl
	AvailableGPUs = { GPUs_GPU_feb79665_637f_7d00_0944_9b688d6e2aa4 }
	CondorScratchDir = "/scratch/condor_execute/dir_500328"
	Cpus = 1
	Disk = 16790397
	GPUs = 1
	GPUs_GPU_feb79665_637f_7d00_0944_9b688d6e2aa4 = [ Id = "GPU-feb79665-637f-7d00-0944-9b688d6e2aa4"; ClockMhz = 2520.0; Capability = 8.9; CoresPerCU = 128; DeviceName = "NVIDIA L40S"; DeviceUuid = "feb79665-637f-7d00-0944-9b688d6e2aa4"; ECCEnabled = true; ComputeUnits = 142; NvidiaDriver = "570.124.06"; DriverVersion = 12.8; DevicePciBusId = "0000:02:00.0"; GlobalMemoryMb = 45468; MaxSupportedVersion = 12080 ]
	Memory = 16384
...
006 (2340404.000.000) 2025-07-02 12:24:34 Image size of job updated: 434736
	425  -  MemoryUsage of job (MB)
	434736  -  ResidentSetSize of job (KB)
...
006 (2340404.000.000) 2025-07-02 12:29:35 Image size of job updated: 833088
	812  -  MemoryUsage of job (MB)
	831300  -  ResidentSetSize of job (KB)
...
006 (2340404.000.000) 2025-07-02 12:34:36 Image size of job updated: 833088
	813  -  MemoryUsage of job (MB)
	831524  -  ResidentSetSize of job (KB)
...
006 (2340404.000.000) 2025-07-02 12:39:36 Image size of job updated: 833088
	813  -  MemoryUsage of job (MB)
	831528  -  ResidentSetSize of job (KB)
...
005 (2340404.000.000) 2025-07-02 12:47:06 Job terminated.
	(1) Normal termination (return value 0)
		Usr 0 00:22:24, Sys 0 00:00:10  -  Run Remote Usage
		Usr 0 00:00:00, Sys 0 00:00:00  -  Run Local Usage
		Usr 0 00:22:24, Sys 0 00:00:10  -  Total Remote Usage
		Usr 0 00:00:00, Sys 0 00:00:00  -  Total Local Usage
	0  -  Run Bytes Sent By Job
	0  -  Run Bytes Received By Job
	0  -  Total Bytes Sent By Job
	0  -  Total Bytes Received By Job
	Partitionable Resources :    Usage  Request Allocated Assigned
	   Cpus                 :     1.00        1         1 
	   Disk (KB)            : 17500    16777216  16790397 
	   GPUs                 :     0.06        1         1 "GPU-feb79665-637f-7d00-0944-9b688d6e2aa4"
	   GpusMemory (MB)      :  1142                       
	   Memory (MB)          :   813       16384     16384 
	   TimeExecute (s)      :  1366                       
	   TimeSlotBusy (s)     :  1366                       

	Job terminated of its own accord at 2025-07-02T10:47:06Z with exit-code 0.
...
000 (2530010.000.000) 2025-07-22 15:34:49 Job submitted from host: <145.107.7.246:9618?addrs=145.107.7.246-9618+[2a07-8500-120-e070--3f6]-9618&alias=taai-007.nikhef.nl&noUDP&sock=schedd_2614_90a7>
...
001 (2530010.000.000) 2025-07-22 15:35:01 Job executing on host: <145.107.4.166:9618?addrs=145.107.4.166-9618+[2a07-8500-120-e070--a6]-9618&alias=wn-pijl-005.nikhef.nl&noUDP&sock=startd_4117_7f7f>
	SlotName: slot1_3@wn-pijl-005.nikhef.nl
	AvailableGPUs = { GPUs_GPU_da94fc77_f482_5768_74f3_9760484f6d37 }
	CondorScratchDir = "/scratch/condor_execute/dir_919312"
	Cpus = 1
	Disk = 16790366
	GPUs = 1
	GPUs_GPU_da94fc77_f482_5768_74f3_9760484f6d37 = [ Id = "GPU-da94fc77-f482-5768-74f3-9760484f6d37"; ClockMhz = 2520.0; Capability = 8.9; CoresPerCU = 128; DeviceName = "NVIDIA L40S"; DeviceUuid = "da94fc77-f482-5768-74f3-9760484f6d37"; ECCEnabled = true; ComputeUnits = 142; NvidiaDriver = "570.124.06"; DriverVersion = 12.8; DevicePciBusId = "0000:C1:00.0"; GlobalMemoryMb = 45468; MaxSupportedVersion = 12080 ]
	Memory = 16384
...
006 (2530010.000.000) 2025-07-22 15:35:15 Image size of job updated: 357404
	350  -  MemoryUsage of job (MB)
	357404  -  ResidentSetSize of job (KB)
...
006 (2530010.000.000) 2025-07-22 15:40:15 Image size of job updated: 836272
	815  -  MemoryUsage of job (MB)
	834228  -  ResidentSetSize of job (KB)
...
006 (2530010.000.000) 2025-07-22 15:45:16 Image size of job updated: 836272
	815  -  MemoryUsage of job (MB)
	834424  -  ResidentSetSize of job (KB)
...
006 (2530010.000.000) 2025-07-22 16:12:10 Image size of job updated: 840268
	815  -  MemoryUsage of job (MB)
	834424  -  ResidentSetSize of job (KB)
...
005 (2530010.000.000) 2025-07-22 16:12:10 Job terminated.
	(1) Normal termination (return value 0)
		Usr 0 00:36:40, Sys 0 00:00:12  -  Run Remote Usage
		Usr 0 00:00:00, Sys 0 00:00:00  -  Run Local Usage
		Usr 0 00:36:40, Sys 0 00:00:12  -  Total Remote Usage
		Usr 0 00:00:00, Sys 0 00:00:00  -  Total Local Usage
	0  -  Run Bytes Sent By Job
	0  -  Run Bytes Received By Job
	0  -  Total Bytes Sent By Job
	0  -  Total Bytes Received By Job
	Partitionable Resources :    Usage  Request Allocated Assigned
	   Cpus                 :     1.00        1         1 
	   Disk (KB)            : 17500    16777216  16790366 
	   GPUs                 :     0.06        1         1 "GPU-da94fc77-f482-5768-74f3-9760484f6d37"
	   GpusMemory (MB)      :  1144                       
	   Memory (MB)          :   815       16384     16384 
	   TimeExecute (s)      :  2229                       
	   TimeSlotBusy (s)     :  2229                       

	Job terminated of its own accord at 2025-07-22T14:12:10Z with exit-code 0.
...
000 (2537102.000.000) 2025-07-23 10:54:24 Job submitted from host: <145.107.7.246:9618?addrs=145.107.7.246-9618+[2a07-8500-120-e070--3f6]-9618&alias=taai-007.nikhef.nl&noUDP&sock=schedd_2614_90a7>
...
001 (2537102.000.000) 2025-07-23 10:55:16 Job executing on host: <145.107.4.163:9618?addrs=145.107.4.163-9618+[2a07-8500-120-e070--a3]-9618&alias=wn-pijl-002.nikhef.nl&noUDP&sock=startd_4326_daca>
	SlotName: slot1_3@wn-pijl-002.nikhef.nl
	AvailableGPUs = { GPUs_GPU_9ac85904_bd86_56e5_9296_f45f0116f69c }
	CondorScratchDir = "/scratch/condor_execute/dir_1234433"
	Cpus = 1
	Disk = 16790353
	GPUs = 1
	GPUs_GPU_9ac85904_bd86_56e5_9296_f45f0116f69c = [ Id = "GPU-9ac85904-bd86-56e5-9296-f45f0116f69c"; ClockMhz = 2520.0; Capability = 8.9; CoresPerCU = 128; DeviceName = "NVIDIA L40S"; DeviceUuid = "9ac85904-bd86-56e5-9296-f45f0116f69c"; ECCEnabled = true; ComputeUnits = 142; NvidiaDriver = "570.124.06"; DriverVersion = 12.8; DevicePciBusId = "0000:02:00.0"; GlobalMemoryMb = 45468; MaxSupportedVersion = 12080 ]
	Memory = 16384
...
006 (2537102.000.000) 2025-07-23 10:55:30 Image size of job updated: 360092
	352  -  MemoryUsage of job (MB)
	360092  -  ResidentSetSize of job (KB)
...
006 (2537102.000.000) 2025-07-23 11:00:30 Image size of job updated: 836484
	816  -  MemoryUsage of job (MB)
	834692  -  ResidentSetSize of job (KB)
...
006 (2537102.000.000) 2025-07-23 11:05:30 Image size of job updated: 836484
	816  -  MemoryUsage of job (MB)
	834728  -  ResidentSetSize of job (KB)
...
006 (2537102.000.000) 2025-07-23 11:34:25 Image size of job updated: 854716
	816  -  MemoryUsage of job (MB)
	834728  -  ResidentSetSize of job (KB)
...
005 (2537102.000.000) 2025-07-23 11:34:25 Job terminated.
	(1) Normal termination (return value 0)
		Usr 0 00:38:42, Sys 0 00:00:12  -  Run Remote Usage
		Usr 0 00:00:00, Sys 0 00:00:00  -  Run Local Usage
		Usr 0 00:38:42, Sys 0 00:00:12  -  Total Remote Usage
		Usr 0 00:00:00, Sys 0 00:00:00  -  Total Local Usage
	0  -  Run Bytes Sent By Job
	0  -  Run Bytes Received By Job
	0  -  Total Bytes Sent By Job
	0  -  Total Bytes Received By Job
	Partitionable Resources :    Usage  Request Allocated Assigned
	   Cpus                 :     1.00        1         1 
	   Disk (KB)            : 17500    16777216  16790353 
	   GPUs                 :     0.07        1         1 "GPU-9ac85904-bd86-56e5-9296-f45f0116f69c"
	   GpusMemory (MB)      :  1144                       
	   Memory (MB)          :   816       16384     16384 
	   TimeExecute (s)      :  2349                       
	   TimeSlotBusy (s)     :  2349                       

	Job terminated of its own accord at 2025-07-23T09:34:25Z with exit-code 0.
...
000 (2537113.000.000) 2025-07-23 12:20:55 Job submitted from host: <145.107.7.246:9618?addrs=145.107.7.246-9618+[2a07-8500-120-e070--3f6]-9618&alias=taai-007.nikhef.nl&noUDP&sock=schedd_2614_90a7>
...
001 (2537113.000.000) 2025-07-23 12:21:17 Job executing on host: <145.107.4.163:9618?addrs=145.107.4.163-9618+[2a07-8500-120-e070--a3]-9618&alias=wn-pijl-002.nikhef.nl&noUDP&sock=startd_4326_daca>
	SlotName: slot1_3@wn-pijl-002.nikhef.nl
	AvailableGPUs = { GPUs_GPU_9ac85904_bd86_56e5_9296_f45f0116f69c }
	CondorScratchDir = "/scratch/condor_execute/dir_1282951"
	Cpus = 1
	Disk = 16790353
	GPUs = 1
	GPUs_GPU_9ac85904_bd86_56e5_9296_f45f0116f69c = [ Id = "GPU-9ac85904-bd86-56e5-9296-f45f0116f69c"; ClockMhz = 2520.0; Capability = 8.9; CoresPerCU = 128; DeviceName = "NVIDIA L40S"; DeviceUuid = "9ac85904-bd86-56e5-9296-f45f0116f69c"; ECCEnabled = true; ComputeUnits = 142; NvidiaDriver = "570.124.06"; DriverVersion = 12.8; DevicePciBusId = "0000:02:00.0"; GlobalMemoryMb = 45468; MaxSupportedVersion = 12080 ]
	Memory = 16384
...
006 (2537113.000.000) 2025-07-23 12:21:30 Image size of job updated: 315424
	309  -  MemoryUsage of job (MB)
	315424  -  ResidentSetSize of job (KB)
...
006 (2537113.000.000) 2025-07-23 12:26:30 Image size of job updated: 838376
	818  -  MemoryUsage of job (MB)
	836780  -  ResidentSetSize of job (KB)
...
006 (2537113.000.000) 2025-07-23 12:31:31 Image size of job updated: 838376
	818  -  MemoryUsage of job (MB)
	837008  -  ResidentSetSize of job (KB)
...
006 (2537113.000.000) 2025-07-23 13:01:33 Image size of job updated: 913552
	893  -  MemoryUsage of job (MB)
	913552  -  ResidentSetSize of job (KB)
...
006 (2537113.000.000) 2025-07-23 13:06:33 Image size of job updated: 1002216
	979  -  MemoryUsage of job (MB)
	1002216  -  ResidentSetSize of job (KB)
...
006 (2537113.000.000) 2025-07-23 13:11:34 Image size of job updated: 1002496
	979  -  MemoryUsage of job (MB)
	1002496  -  ResidentSetSize of job (KB)
...
005 (2537113.000.000) 2025-07-23 13:14:10 Job terminated.
	(1) Normal termination (return value 0)
		Usr 0 00:52:28, Sys 0 00:00:12  -  Run Remote Usage
		Usr 0 00:00:00, Sys 0 00:00:00  -  Run Local Usage
		Usr 0 00:52:28, Sys 0 00:00:12  -  Total Remote Usage
		Usr 0 00:00:00, Sys 0 00:00:00  -  Total Local Usage
	0  -  Run Bytes Sent By Job
	0  -  Run Bytes Received By Job
	0  -  Total Bytes Sent By Job
	0  -  Total Bytes Received By Job
	Partitionable Resources :    Usage  Request Allocated Assigned
	   Cpus                 :     1.00        1         1 
	   Disk (KB)            : 17500    16777216  16790353 
	   GPUs                 :     0.08        1         1 "GPU-9ac85904-bd86-56e5-9296-f45f0116f69c"
	   GpusMemory (MB)      :  1156                       
	   Memory (MB)          :   979       16384     16384 
	   TimeExecute (s)      :  3173                       
	   TimeSlotBusy (s)     :  3174                       

	Job terminated of its own accord at 2025-07-23T11:14:10Z with exit-code 0.
...
000 (2538122.000.000) 2025-07-23 14:04:05 Job submitted from host: <145.107.7.246:9618?addrs=145.107.7.246-9618+[2a07-8500-120-e070--3f6]-9618&alias=taai-007.nikhef.nl&noUDP&sock=schedd_2614_90a7>
...
009 (2538122.000.000) 2025-07-23 14:04:16 Job was aborted.
	via condor_rm (by user twouters)
...
000 (2538386.000.000) 2025-07-23 16:03:57 Job submitted from host: <145.107.7.246:9618?addrs=145.107.7.246-9618+[2a07-8500-120-e070--3f6]-9618&alias=taai-007.nikhef.nl&noUDP&sock=schedd_2614_90a7>
...
001 (2538386.000.000) 2025-07-23 16:04:19 Job executing on host: <145.107.4.165:9618?addrs=145.107.4.165-9618+[2a07-8500-120-e070--a5]-9618&alias=wn-pijl-004.nikhef.nl&noUDP&sock=startd_4575_a5df>
	SlotName: slot1_3@wn-pijl-004.nikhef.nl
	AvailableGPUs = { GPUs_GPU_b4269f1d_d802_4078_008d_64d0748b54c7 }
	CondorScratchDir = "/scratch/condor_execute/dir_2538580"
	Cpus = 1
	Disk = 16790397
	GPUs = 1
	GPUs_GPU_b4269f1d_d802_4078_008d_64d0748b54c7 = [ Id = "GPU-b4269f1d-d802-4078-008d-64d0748b54c7"; ClockMhz = 2520.0; Capability = 8.9; CoresPerCU = 128; DeviceName = "NVIDIA L40S"; DeviceUuid = "b4269f1d-d802-4078-008d-64d0748b54c7"; ECCEnabled = true; ComputeUnits = 142; NvidiaDriver = "570.124.06"; DriverVersion = 12.8; DevicePciBusId = "0000:C1:00.0"; GlobalMemoryMb = 45468; MaxSupportedVersion = 12080 ]
	Memory = 16384
...
006 (2538386.000.000) 2025-07-23 16:04:32 Image size of job updated: 262520
	257  -  MemoryUsage of job (MB)
	262520  -  ResidentSetSize of job (KB)
...
006 (2538386.000.000) 2025-07-23 16:07:48 Image size of job updated: 1097212
	257  -  MemoryUsage of job (MB)
	262520  -  ResidentSetSize of job (KB)
...
004 (2538386.000.000) 2025-07-23 16:07:48 Job was evicted.
	(0) CPU times
		Usr 0 00:03:08, Sys 0 00:00:04  -  Run Remote Usage
		Usr 0 00:00:00, Sys 0 00:00:00  -  Run Local Usage
	0  -  Run Bytes Sent By Job
	0  -  Run Bytes Received By Job
	Partitionable Resources :    Usage  Request Allocated Assigned
	   Cpus                 :     1.00        1         1 
	   Disk (KB)            : 17500    16777216  16790397 
	   GPUs                 :     0.07        1         1 "GPU-b4269f1d-d802-4078-008d-64d0748b54c7"
	   GpusMemory (MB)      :  1160                       
	   Memory (MB)          :   257       16384     16384 
	   TimeExecute (s)      :   209                       
	   TimeSlotBusy (s)     :   210                       
...
009 (2538386.000.000) 2025-07-23 16:07:48 Job was aborted.
	via condor_rm (by user twouters)
...
000 (2538390.000.000) 2025-07-23 16:07:55 Job submitted from host: <145.107.7.246:9618?addrs=145.107.7.246-9618+[2a07-8500-120-e070--3f6]-9618&alias=taai-007.nikhef.nl&noUDP&sock=schedd_2614_90a7>
...
001 (2538390.000.000) 2025-07-23 16:08:19 Job executing on host: <145.107.4.165:9618?addrs=145.107.4.165-9618+[2a07-8500-120-e070--a5]-9618&alias=wn-pijl-004.nikhef.nl&noUDP&sock=startd_4575_a5df>
	SlotName: slot1_3@wn-pijl-004.nikhef.nl
	AvailableGPUs = { GPUs_GPU_b4269f1d_d802_4078_008d_64d0748b54c7 }
	CondorScratchDir = "/scratch/condor_execute/dir_2543137"
	Cpus = 1
	Disk = 16790397
	GPUs = 1
	GPUs_GPU_b4269f1d_d802_4078_008d_64d0748b54c7 = [ Id = "GPU-b4269f1d-d802-4078-008d-64d0748b54c7"; ClockMhz = 2520.0; Capability = 8.9; CoresPerCU = 128; DeviceName = "NVIDIA L40S"; DeviceUuid = "b4269f1d-d802-4078-008d-64d0748b54c7"; ECCEnabled = true; ComputeUnits = 142; NvidiaDriver = "570.124.06"; DriverVersion = 12.8; DevicePciBusId = "0000:C1:00.0"; GlobalMemoryMb = 45468; MaxSupportedVersion = 12080 ]
	Memory = 16384
...
006 (2538390.000.000) 2025-07-23 16:08:33 Image size of job updated: 666508
	651  -  MemoryUsage of job (MB)
	666508  -  ResidentSetSize of job (KB)
...
006 (2538390.000.000) 2025-07-23 16:13:34 Image size of job updated: 1099216
	1072  -  MemoryUsage of job (MB)
	1097456  -  ResidentSetSize of job (KB)
...
006 (2538390.000.000) 2025-07-23 16:18:35 Image size of job updated: 1099216
	1072  -  MemoryUsage of job (MB)
	1097664  -  ResidentSetSize of job (KB)
...
006 (2538390.000.000) 2025-07-23 16:23:35 Image size of job updated: 1099216
	1072  -  MemoryUsage of job (MB)
	1097668  -  ResidentSetSize of job (KB)
...
006 (2538390.000.000) 2025-07-23 16:38:37 Image size of job updated: 1099216
	1072  -  MemoryUsage of job (MB)
	1097700  -  ResidentSetSize of job (KB)
...
005 (2538390.000.000) 2025-07-23 16:49:54 Job terminated.
	(1) Normal termination (return value 0)
		Usr 0 00:41:12, Sys 0 00:00:13  -  Run Remote Usage
		Usr 0 00:00:00, Sys 0 00:00:00  -  Run Local Usage
		Usr 0 00:41:12, Sys 0 00:00:13  -  Total Remote Usage
		Usr 0 00:00:00, Sys 0 00:00:00  -  Total Local Usage
	0  -  Run Bytes Sent By Job
	0  -  Run Bytes Received By Job
	0  -  Total Bytes Sent By Job
	0  -  Total Bytes Received By Job
	Partitionable Resources :    Usage  Request Allocated Assigned
	   Cpus                 :     1.00        1         1 
	   Disk (KB)            : 17500    16777216  16790397 
	   GPUs                 :     0.07        1         1 "GPU-b4269f1d-d802-4078-008d-64d0748b54c7"
	   GpusMemory (MB)      :  1152                       
	   Memory (MB)          :  1072       16384     16384 
	   TimeExecute (s)      :  2495                       
	   TimeSlotBusy (s)     :  2495                       

	Job terminated of its own accord at 2025-07-23T14:49:54Z with exit-code 0.
...
000 (2547706.000.000) 2025-07-24 20:23:59 Job submitted from host: <145.107.7.246:9618?addrs=145.107.7.246-9618+[2a07-8500-120-e070--3f6]-9618&alias=taai-007.nikhef.nl&noUDP&sock=schedd_2614_90a7>
...
001 (2547706.000.000) 2025-07-24 20:24:37 Job executing on host: <145.107.4.167:9618?addrs=145.107.4.167-9618+[2a07-8500-120-e070--a7]-9618&alias=wn-pijl-006.nikhef.nl&noUDP&sock=startd_4304_c3b5>
	SlotName: slot1_1@wn-pijl-006.nikhef.nl
	AvailableGPUs = { GPUs_GPU_b5d11d97_8330_6520_8847_fcfe487ecbb7 }
	CondorScratchDir = "/scratch/condor_execute/dir_3143293"
	Cpus = 1
	Disk = 16790397
	GPUs = 1
	GPUs_GPU_b5d11d97_8330_6520_8847_fcfe487ecbb7 = [ Id = "GPU-b5d11d97-8330-6520-8847-fcfe487ecbb7"; ClockMhz = 2520.0; Capability = 8.9; CoresPerCU = 128; DeviceName = "NVIDIA L40S"; DeviceUuid = "b5d11d97-8330-6520-8847-fcfe487ecbb7"; ECCEnabled = true; ComputeUnits = 142; NvidiaDriver = "570.124.06"; DriverVersion = 12.8; DevicePciBusId = "0000:01:00.0"; GlobalMemoryMb = 45468; MaxSupportedVersion = 12080 ]
	Memory = 16384
...
006 (2547706.000.000) 2025-07-24 20:24:51 Image size of job updated: 258928
	253  -  MemoryUsage of job (MB)
	258928  -  ResidentSetSize of job (KB)
...
006 (2547706.000.000) 2025-07-24 20:29:51 Image size of job updated: 1101180
	1074  -  MemoryUsage of job (MB)
	1098876  -  ResidentSetSize of job (KB)
...
006 (2547706.000.000) 2025-07-24 20:34:51 Image size of job updated: 1101180
	1074  -  MemoryUsage of job (MB)
	1099100  -  ResidentSetSize of job (KB)
...
005 (2547706.000.000) 2025-07-24 21:13:13 Job terminated.
	(1) Normal termination (return value 0)
		Usr 0 00:47:58, Sys 0 00:00:17  -  Run Remote Usage
		Usr 0 00:00:00, Sys 0 00:00:00  -  Run Local Usage
		Usr 0 00:47:58, Sys 0 00:00:17  -  Total Remote Usage
		Usr 0 00:00:00, Sys 0 00:00:00  -  Total Local Usage
	0  -  Run Bytes Sent By Job
	0  -  Run Bytes Received By Job
	0  -  Total Bytes Sent By Job
	0  -  Total Bytes Received By Job
	Partitionable Resources :    Usage  Request Allocated Assigned
	   Cpus                 :     1.00        1         1 
	   Disk (KB)            : 17500    16777216  16790397 
	   GPUs                 :     0.07        1         1 "GPU-b5d11d97-8330-6520-8847-fcfe487ecbb7"
	   GpusMemory (MB)      :  1152                       
	   Memory (MB)          :  1074       16384     16384 
	   TimeExecute (s)      :  2916                       
	   TimeSlotBusy (s)     :  2917                       

	Job terminated of its own accord at 2025-07-24T19:13:13Z with exit-code 0.
...
000 (2552049.000.000) 2025-07-24 23:25:30 Job submitted from host: <145.107.7.246:9618?addrs=145.107.7.246-9618+[2a07-8500-120-e070--3f6]-9618&alias=taai-007.nikhef.nl&noUDP&sock=schedd_2614_90a7>
...
001 (2552049.000.000) 2025-07-24 23:25:39 Job executing on host: <145.107.4.163:9618?addrs=145.107.4.163-9618+[2a07-8500-120-e070--a3]-9618&alias=wn-pijl-002.nikhef.nl&noUDP&sock=startd_4326_daca>
	SlotName: slot1_2@wn-pijl-002.nikhef.nl
	AvailableGPUs = { GPUs_GPU_4fb6dafd_ddc3_be3a_a076_7466e71b9470 }
	CondorScratchDir = "/scratch/condor_execute/dir_675009"
	Cpus = 1
	Disk = 16790353
	GPUs = 1
	GPUs_GPU_4fb6dafd_ddc3_be3a_a076_7466e71b9470 = [ Id = "GPU-4fb6dafd-ddc3-be3a-a076-7466e71b9470"; ClockMhz = 2520.0; Capability = 8.9; CoresPerCU = 128; DeviceName = "NVIDIA L40S"; DeviceUuid = "4fb6dafd-ddc3-be3a-a076-7466e71b9470"; ECCEnabled = true; ComputeUnits = 142; NvidiaDriver = "570.124.06"; DriverVersion = 12.8; DevicePciBusId = "0000:01:00.0"; GlobalMemoryMb = 45468; MaxSupportedVersion = 12080 ]
	Memory = 16384
...
006 (2552049.000.000) 2025-07-24 23:25:52 Image size of job updated: 376188
	368  -  MemoryUsage of job (MB)
	376188  -  ResidentSetSize of job (KB)
...
006 (2552049.000.000) 2025-07-24 23:30:52 Image size of job updated: 1104932
	1078  -  MemoryUsage of job (MB)
	1103268  -  ResidentSetSize of job (KB)
...
006 (2552049.000.000) 2025-07-24 23:35:53 Image size of job updated: 1104932
	1078  -  MemoryUsage of job (MB)
	1103488  -  ResidentSetSize of job (KB)
...
006 (2552049.000.000) 2025-07-24 23:50:54 Image size of job updated: 1122576
	1097  -  MemoryUsage of job (MB)
	1122576  -  ResidentSetSize of job (KB)
...
006 (2552049.000.000) 2025-07-24 23:55:54 Image size of job updated: 1265508
	1236  -  MemoryUsage of job (MB)
	1265508  -  ResidentSetSize of job (KB)
...
006 (2552049.000.000) 2025-07-25 00:00:55 Image size of job updated: 1273684
	1244  -  MemoryUsage of job (MB)
	1273684  -  ResidentSetSize of job (KB)
...
005 (2552049.000.000) 2025-07-25 00:11:48 Job terminated.
	(1) Normal termination (return value 0)
		Usr 0 00:45:40, Sys 0 00:00:15  -  Run Remote Usage
		Usr 0 00:00:00, Sys 0 00:00:00  -  Run Local Usage
		Usr 0 00:45:40, Sys 0 00:00:15  -  Total Remote Usage
		Usr 0 00:00:00, Sys 0 00:00:00  -  Total Local Usage
	0  -  Run Bytes Sent By Job
	0  -  Run Bytes Received By Job
	0  -  Total Bytes Sent By Job
	0  -  Total Bytes Received By Job
	Partitionable Resources :    Usage  Request Allocated Assigned
	   Cpus                 :     1.00        1         1 
	   Disk (KB)            : 17500    16777216  16790353 
	   GPUs                 :     0.07        1         1 "GPU-4fb6dafd-ddc3-be3a-a076-7466e71b9470"
	   GpusMemory (MB)      :  1152                       
	   Memory (MB)          :  1244       16384     16384 
	   TimeExecute (s)      :  2769                       
	   TimeSlotBusy (s)     :  2770                       

	Job terminated of its own accord at 2025-07-24T22:11:48Z with exit-code 0.
...
000 (2557067.000.000) 2025-07-25 16:08:50 Job submitted from host: <145.107.7.246:9618?addrs=145.107.7.246-9618+[2a07-8500-120-e070--3f6]-9618&alias=taai-007.nikhef.nl&noUDP&sock=schedd_2614_90a7>
...
001 (2557067.000.000) 2025-07-25 16:08:52 Job executing on host: <145.107.4.163:9618?addrs=145.107.4.163-9618+[2a07-8500-120-e070--a3]-9618&alias=wn-pijl-002.nikhef.nl&noUDP&sock=startd_4326_daca>
	SlotName: slot1_6@wn-pijl-002.nikhef.nl
	AvailableGPUs = { GPUs_GPU_9ac85904_bd86_56e5_9296_f45f0116f69c }
	CondorScratchDir = "/scratch/condor_execute/dir_1281362"
	Cpus = 1
	Disk = 16790353
	GPUs = 1
	GPUs_GPU_9ac85904_bd86_56e5_9296_f45f0116f69c = [ Id = "GPU-9ac85904-bd86-56e5-9296-f45f0116f69c"; ClockMhz = 2520.0; Capability = 8.9; CoresPerCU = 128; DeviceName = "NVIDIA L40S"; DeviceUuid = "9ac85904-bd86-56e5-9296-f45f0116f69c"; ECCEnabled = true; ComputeUnits = 142; NvidiaDriver = "570.124.06"; DriverVersion = 12.8; DevicePciBusId = "0000:02:00.0"; GlobalMemoryMb = 45468; MaxSupportedVersion = 12080 ]
	Memory = 16384
...
006 (2557067.000.000) 2025-07-25 16:08:59 Image size of job updated: 17500
	0  -  MemoryUsage of job (MB)
	0  -  ResidentSetSize of job (KB)
...
004 (2557067.000.000) 2025-07-25 16:08:59 Job was evicted.
	(0) CPU times
		Usr 0 00:00:00, Sys 0 00:00:00  -  Run Remote Usage
		Usr 0 00:00:00, Sys 0 00:00:00  -  Run Local Usage
	0  -  Run Bytes Sent By Job
	0  -  Run Bytes Received By Job
	Partitionable Resources :    Usage  Request Allocated Assigned
	   Cpus                 :        0        1         1 
	   Disk (KB)            :    17500 16777216  16790353 
	   GPUs                 :                 1         1 "GPU-9ac85904-bd86-56e5-9296-f45f0116f69c"
	   Memory (MB)          :        0    16384     16384 
	   TimeExecute (s)      :        7                    
	   TimeSlotBusy (s)     :        7                    
...
009 (2557067.000.000) 2025-07-25 16:08:59 Job was aborted.
	via condor_rm (by user twouters)
...
