000 (2559260.000.000) 2025-07-27 10:30:01 Job submitted from host: <145.107.7.246:9618?addrs=145.107.7.246-9618+[2a07-8500-120-e070--3f6]-9618&alias=taai-007.nikhef.nl&noUDP&sock=schedd_2614_90a7>
    DAG Node: run_b
...
001 (2559260.000.000) 2025-07-27 10:30:24 Job executing on host: <145.107.4.163:9618?addrs=145.107.4.163-9618+[2a07-8500-120-e070--a3]-9618&alias=wn-pijl-002.nikhef.nl&noUDP&sock=startd_4326_daca>
	SlotName: slot1_3@wn-pijl-002.nikhef.nl
	AvailableGPUs = {  }
	CondorScratchDir = "/scratch/condor_execute/dir_2906402"
	Cpus = 64
	Disk = 16790353
	GPUs = 0
	Memory = 16384
...
006 (2559260.000.000) 2025-07-27 10:30:38 Image size of job updated: 418532
	409  -  MemoryUsage of job (MB)
	418532  -  ResidentSetSize of job (KB)
...
006 (2559260.000.000) 2025-07-27 10:35:39 Image size of job updated: 1621680
	1584  -  MemoryUsage of job (MB)
	1621680  -  ResidentSetSize of job (KB)
...
006 (2559260.000.000) 2025-07-27 10:40:40 Image size of job updated: 1658032
	1620  -  MemoryUsage of job (MB)
	1658032  -  ResidentSetSize of job (KB)
...
006 (2559260.000.000) 2025-07-27 10:45:40 Image size of job updated: 1679312
	1640  -  MemoryUsage of job (MB)
	1679312  -  ResidentSetSize of job (KB)
...
006 (2559260.000.000) 2025-07-27 10:50:40 Image size of job updated: 1693148
	1654  -  MemoryUsage of job (MB)
	1693148  -  ResidentSetSize of job (KB)
...
