000 (2568364.000.000) 2025-07-28 23:27:10 Job submitted from host: <145.107.7.246:9618?addrs=145.107.7.246-9618+[2a07-8500-120-e070--3f6]-9618&alias=taai-007.nikhef.nl&noUDP&sock=schedd_2614_90a7>
    DAG Node: run_a
...
000 (2568365.000.000) 2025-07-28 23:27:10 Job submitted from host: <145.107.7.246:9618?addrs=145.107.7.246-9618+[2a07-8500-120-e070--3f6]-9618&alias=taai-007.nikhef.nl&noUDP&sock=schedd_2614_90a7>
    DAG Node: run_b
...
000 (2568366.000.000) 2025-07-28 23:27:10 Job submitted from host: <145.107.7.246:9618?addrs=145.107.7.246-9618+[2a07-8500-120-e070--3f6]-9618&alias=taai-007.nikhef.nl&noUDP&sock=schedd_2614_90a7>
    DAG Node: run_c
...
000 (2568367.000.000) 2025-07-28 23:27:10 Job submitted from host: <145.107.7.246:9618?addrs=145.107.7.246-9618+[2a07-8500-120-e070--3f6]-9618&alias=taai-007.nikhef.nl&noUDP&sock=schedd_2614_90a7>
    DAG Node: run_d
...
000 (2568368.000.000) 2025-07-28 23:27:10 Job submitted from host: <145.107.7.246:9618?addrs=145.107.7.246-9618+[2a07-8500-120-e070--3f6]-9618&alias=taai-007.nikhef.nl&noUDP&sock=schedd_2614_90a7>
    DAG Node: run_e
...
000 (2568369.000.000) 2025-07-28 23:27:10 Job submitted from host: <145.107.7.246:9618?addrs=145.107.7.246-9618+[2a07-8500-120-e070--3f6]-9618&alias=taai-007.nikhef.nl&noUDP&sock=schedd_2614_90a7>
    DAG Node: run_f
...
001 (2568368.000.000) 2025-07-28 23:27:59 Job executing on host: <145.107.4.166:9618?addrs=145.107.4.166-9618+[2a07-8500-120-e070--a6]-9618&alias=wn-pijl-005.nikhef.nl&noUDP&sock=startd_4117_7f7f>
	SlotName: slot1_8@wn-pijl-005.nikhef.nl
	AvailableGPUs = {  }
	CondorScratchDir = "/scratch/condor_execute/dir_1666897"
	Cpus = 64
	Disk = 16790366
	GPUs = 0
	Memory = 16384
...
001 (2568367.000.000) 2025-07-28 23:27:59 Job executing on host: <145.107.4.166:9618?addrs=145.107.4.166-9618+[2a07-8500-120-e070--a6]-9618&alias=wn-pijl-005.nikhef.nl&noUDP&sock=startd_4117_7f7f>
	SlotName: slot1_7@wn-pijl-005.nikhef.nl
	AvailableGPUs = {  }
	CondorScratchDir = "/scratch/condor_execute/dir_1666896"
	Cpus = 64
	Disk = 16790366
	GPUs = 0
	Memory = 16384
...
001 (2568369.000.000) 2025-07-28 23:27:59 Job executing on host: <145.107.4.166:9618?addrs=145.107.4.166-9618+[2a07-8500-120-e070--a6]-9618&alias=wn-pijl-005.nikhef.nl&noUDP&sock=startd_4117_7f7f>
	SlotName: slot1_9@wn-pijl-005.nikhef.nl
	AvailableGPUs = {  }
	CondorScratchDir = "/scratch/condor_execute/dir_1666898"
	Cpus = 64
	Disk = 16790366
	GPUs = 0
	Memory = 16384
...
001 (2568365.000.000) 2025-07-28 23:27:59 Job executing on host: <145.107.4.168:9618?addrs=145.107.4.168-9618+[2a07-8500-120-e070--a8]-9618&alias=wn-pijl-007.nikhef.nl&noUDP&sock=startd_4419_a519>
	SlotName: slot1_25@wn-pijl-007.nikhef.nl
	AvailableGPUs = {  }
	CondorScratchDir = "/scratch/condor_execute/dir_666754"
	Cpus = 64
	Disk = 16790397
	GPUs = 0
	Memory = 16384
...
001 (2568364.000.000) 2025-07-28 23:27:59 Job executing on host: <145.107.4.168:9618?addrs=145.107.4.168-9618+[2a07-8500-120-e070--a8]-9618&alias=wn-pijl-007.nikhef.nl&noUDP&sock=startd_4419_a519>
	SlotName: slot1_11@wn-pijl-007.nikhef.nl
	AvailableGPUs = {  }
	CondorScratchDir = "/scratch/condor_execute/dir_666753"
	Cpus = 64
	Disk = 16790397
	GPUs = 0
	Memory = 16384
...
001 (2568366.000.000) 2025-07-28 23:27:59 Job executing on host: <145.107.4.168:9618?addrs=145.107.4.168-9618+[2a07-8500-120-e070--a8]-9618&alias=wn-pijl-007.nikhef.nl&noUDP&sock=startd_4419_a519>
	SlotName: slot1_26@wn-pijl-007.nikhef.nl
	AvailableGPUs = {  }
	CondorScratchDir = "/scratch/condor_execute/dir_666755"
	Cpus = 64
	Disk = 16790397
	GPUs = 0
	Memory = 16384
...
005 (2568369.000.000) 2025-07-29 11:05:55 Job terminated.
	(1) Normal termination (return value 0)
		Usr 21 06:04:34, Sys 0 00:04:46  -  Run Remote Usage
		Usr 0 00:00:00, Sys 0 00:00:00  -  Run Local Usage
		Usr 21 06:04:34, Sys 0 00:04:46  -  Total Remote Usage
		Usr 0 00:00:00, Sys 0 00:00:00  -  Total Local Usage
	0  -  Run Bytes Sent By Job
	0  -  Run Bytes Received By Job
	0  -  Total Bytes Sent By Job
	0  -  Total Bytes Received By Job
	Partitionable Resources :    Usage  Request Allocated 
	   Cpus                 :     2.95       64        64 
	   Disk (KB)            : 17500    16777216  16790366 
	   GPUs                 :                           0 
	   Memory (MB)          :  2258       16384     16384 
	   TimeExecute (s)      : 41876                       
	   TimeSlotBusy (s)     : 41876                       

	Job terminated of its own accord at 2025-07-29T09:05:55Z with exit-code 0.
...
005 (2568365.000.000) 2025-07-29 11:41:16 Job terminated.
	(1) Normal termination (return value 0)
		Usr 21 13:19:03, Sys 0 00:05:03  -  Run Remote Usage
		Usr 0 00:00:00, Sys 0 00:00:00  -  Run Local Usage
		Usr 21 13:19:03, Sys 0 00:05:03  -  Total Remote Usage
		Usr 0 00:00:00, Sys 0 00:00:00  -  Total Local Usage
	0  -  Run Bytes Sent By Job
	0  -  Run Bytes Received By Job
	0  -  Total Bytes Sent By Job
	0  -  Total Bytes Received By Job
	Partitionable Resources :    Usage  Request Allocated 
	   Cpus                 :     3.17       64        64 
	   Disk (KB)            : 17500    16777216  16790397 
	   GPUs                 :                           0 
	   Memory (MB)          :  2709       16384     16384 
	   TimeExecute (s)      : 43997                       
	   TimeSlotBusy (s)     : 43997                       

	Job terminated of its own accord at 2025-07-29T09:41:16Z with exit-code 0.
...
005 (2568367.000.000) 2025-07-29 11:43:41 Job terminated.
	(1) Normal termination (return value 0)
		Usr 20 14:15:40, Sys 0 00:05:10  -  Run Remote Usage
		Usr 0 00:00:00, Sys 0 00:00:00  -  Run Local Usage
		Usr 20 14:15:40, Sys 0 00:05:10  -  Total Remote Usage
		Usr 0 00:00:00, Sys 0 00:00:00  -  Total Local Usage
	0  -  Run Bytes Sent By Job
	0  -  Run Bytes Received By Job
	0  -  Total Bytes Sent By Job
	0  -  Total Bytes Received By Job
	Partitionable Resources :    Usage  Request Allocated 
	   Cpus                 :     2.06       64        64 
	   Disk (KB)            : 17500    16777216  16790366 
	   GPUs                 :                           0 
	   Memory (MB)          :  2282       16384     16384 
	   TimeExecute (s)      : 44142                       
	   TimeSlotBusy (s)     : 44142                       

	Job terminated of its own accord at 2025-07-29T09:43:41Z with exit-code 0.
...
005 (2568364.000.000) 2025-07-29 11:46:58 Job terminated.
	(1) Normal termination (return value 0)
		Usr 21 09:23:39, Sys 0 00:05:14  -  Run Remote Usage
		Usr 0 00:00:00, Sys 0 00:00:00  -  Run Local Usage
		Usr 21 09:23:39, Sys 0 00:05:14  -  Total Remote Usage
		Usr 0 00:00:00, Sys 0 00:00:00  -  Total Local Usage
	0  -  Run Bytes Sent By Job
	0  -  Run Bytes Received By Job
	0  -  Total Bytes Sent By Job
	0  -  Total Bytes Received By Job
	Partitionable Resources :    Usage  Request Allocated 
	   Cpus                 :     3.10       64        64 
	   Disk (KB)            : 17500    16777216  16790397 
	   GPUs                 :                           0 
	   Memory (MB)          :  2675       16384     16384 
	   TimeExecute (s)      : 44339                       
	   TimeSlotBusy (s)     : 44339                       

	Job terminated of its own accord at 2025-07-29T09:46:58Z with exit-code 0.
...
005 (2568368.000.000) 2025-07-29 11:54:19 Job terminated.
	(1) Normal termination (return value 0)
		Usr 21 06:17:12, Sys 0 00:05:15  -  Run Remote Usage
		Usr 0 00:00:00, Sys 0 00:00:00  -  Run Local Usage
		Usr 21 06:17:12, Sys 0 00:05:15  -  Total Remote Usage
		Usr 0 00:00:00, Sys 0 00:00:00  -  Total Local Usage
	0  -  Run Bytes Sent By Job
	0  -  Run Bytes Received By Job
	0  -  Total Bytes Sent By Job
	0  -  Total Bytes Received By Job
	Partitionable Resources :    Usage  Request Allocated 
	   Cpus                 :     2.05       64        64 
	   Disk (KB)            : 17500    16777216  16790366 
	   GPUs                 :                           0 
	   Memory (MB)          :  4247       16384     16384 
	   TimeExecute (s)      : 44780                       
	   TimeSlotBusy (s)     : 44780                       

	Job terminated of its own accord at 2025-07-29T09:54:19Z with exit-code 0.
...
005 (2568366.000.000) 2025-07-29 12:52:55 Job terminated.
	(1) Normal termination (return value 0)
		Usr 22 04:23:28, Sys 0 00:05:39  -  Run Remote Usage
		Usr 0 00:00:00, Sys 0 00:00:00  -  Run Local Usage
		Usr 22 04:23:28, Sys 0 00:05:39  -  Total Remote Usage
		Usr 0 00:00:00, Sys 0 00:00:00  -  Total Local Usage
	0  -  Run Bytes Sent By Job
	0  -  Run Bytes Received By Job
	0  -  Total Bytes Sent By Job
	0  -  Total Bytes Received By Job
	Partitionable Resources :    Usage  Request Allocated 
	   Cpus                 :     3.08       64        64 
	   Disk (KB)            : 17500    16777216  16790397 
	   GPUs                 :                           0 
	   Memory (MB)          :  4368       16384     16384 
	   TimeExecute (s)      : 48296                       
	   TimeSlotBusy (s)     : 48296                       

	Job terminated of its own accord at 2025-07-29T10:52:55Z with exit-code 0.
...
