000 (2587877.000.000) 2025-08-06 10:21:07 Job submitted from host: <145.107.7.246:9618?addrs=145.107.7.246-9618+[2a07-8500-120-e070--3f6]-9618&alias=taai-007.nikhef.nl&noUDP&sock=schedd_2614_90a7>
...
001 (2587877.000.000) 2025-08-06 10:22:39 Job executing on host: <145.107.4.167:9618?addrs=145.107.4.167-9618+[2a07-8500-120-e070--a7]-9618&alias=wn-pijl-006.nikhef.nl&noUDP&sock=startd_4304_c3b5>
	SlotName: slot1_2@wn-pijl-006.nikhef.nl
	AvailableGPUs = { GPUs_GPU_feb79665_637f_7d00_0944_9b688d6e2aa4 }
	CondorScratchDir = "/scratch/condor_execute/dir_753180"
	Cpus = 1
	Disk = 16790397
	GPUs = 1
	GPUs_GPU_feb79665_637f_7d00_0944_9b688d6e2aa4 = [ Id = "GPU-feb79665-637f-7d00-0944-9b688d6e2aa4"; ClockMhz = 2520.0; Capability = 8.9; CoresPerCU = 128; DeviceName = "NVIDIA L40S"; DeviceUuid = "feb79665-637f-7d00-0944-9b688d6e2aa4"; ECCEnabled = true; ComputeUnits = 142; NvidiaDriver = "570.124.06"; DriverVersion = 12.8; DevicePciBusId = "0000:02:00.0"; GlobalMemoryMb = 45468; MaxSupportedVersion = 12080 ]
	Memory = 16384
...
006 (2587877.000.000) 2025-08-06 10:22:53 Image size of job updated: 682816
	667  -  MemoryUsage of job (MB)
	682816  -  ResidentSetSize of job (KB)
...
006 (2587877.000.000) 2025-08-06 10:27:54 Image size of job updated: 707448
	690  -  MemoryUsage of job (MB)
	706152  -  ResidentSetSize of job (KB)
...
006 (2587877.000.000) 2025-08-06 10:29:55 Image size of job updated: 3038636
	690  -  MemoryUsage of job (MB)
	706152  -  ResidentSetSize of job (KB)
...
005 (2587877.000.000) 2025-08-06 10:29:55 Job terminated.
	(1) Normal termination (return value 0)
		Usr 0 00:07:24, Sys 0 00:00:21  -  Run Remote Usage
		Usr 0 00:00:00, Sys 0 00:00:00  -  Run Local Usage
		Usr 0 00:07:24, Sys 0 00:00:21  -  Total Remote Usage
		Usr 0 00:00:00, Sys 0 00:00:00  -  Total Local Usage
	0  -  Run Bytes Sent By Job
	0  -  Run Bytes Received By Job
	0  -  Total Bytes Sent By Job
	0  -  Total Bytes Received By Job
	Partitionable Resources :    Usage  Request Allocated Assigned
	   Cpus                 :     1.08        1         1 
	   Disk (KB)            : 17500    16777216  16790397 
	   GPUs                 :                 1         1 "GPU-feb79665-637f-7d00-0944-9b688d6e2aa4"
	   GpusMemory (MB)      : 35158                       
	   Memory (MB)          :   690       16384     16384 
	   TimeExecute (s)      :   436                       
	   TimeSlotBusy (s)     :   436                       

	Job terminated of its own accord at 2025-08-06T08:29:55Z with exit-code 0.
...
