000 (2582745.000.000) 2025-08-05 15:58:38 Job submitted from host: <145.107.7.246:9618?addrs=145.107.7.246-9618+[2a07-8500-120-e070--3f6]-9618&alias=taai-007.nikhef.nl&noUDP&sock=schedd_2614_90a7>
    DAG Node: run_y
...
001 (2582745.000.000) 2025-08-05 15:59:17 Job executing on host: <145.107.5.48:9618?addrs=145.107.5.48-9618+[2a07-8500-120-e070--530]-9618&alias=wn-lot-048.nikhef.nl&noUDP&sock=startd_1954_dc25>
	SlotName: slot1_1@wn-lot-048.nikhef.nl
	CondorScratchDir = "/scratch/condor_execute/dir_4095585"
	Cpus = 64
	Disk = 16780525
	GPUs = 0
	Memory = 16384
...
006 (2582745.000.000) 2025-08-05 15:59:31 Image size of job updated: 88044
	86  -  MemoryUsage of job (MB)
	88044  -  ResidentSetSize of job (KB)
...
006 (2582745.000.000) 2025-08-05 16:00:29 Image size of job updated: 1277288
	86  -  MemoryUsage of job (MB)
	88044  -  ResidentSetSize of job (KB)
...
005 (2582745.000.000) 2025-08-05 16:00:29 Job terminated.
	(1) Normal termination (return value 1)
		Usr 0 00:00:36, Sys 0 00:00:12  -  Run Remote Usage
		Usr 0 00:00:00, Sys 0 00:00:00  -  Run Local Usage
		Usr 0 00:00:36, Sys 0 00:00:12  -  Total Remote Usage
		Usr 0 00:00:00, Sys 0 00:00:00  -  Total Local Usage
	0  -  Run Bytes Sent By Job
	0  -  Run Bytes Received By Job
	0  -  Total Bytes Sent By Job
	0  -  Total Bytes Received By Job
	Partitionable Resources :    Usage  Request Allocated 
	   Cpus                 :     0.70       64        64 
	   Disk (KB)            : 17500    16777216  16780525 
	   GPUs                 :                           0 
	   Memory (MB)          :    86       16384     16384 
	   TimeExecute (s)      :    72                       
	   TimeSlotBusy (s)     :    72                       

	Job terminated of its own accord at 2025-08-05T14:00:29Z with exit-code 1.
...
000 (2582890.000.000) 2025-08-05 16:02:16 Job submitted from host: <145.107.7.246:9618?addrs=145.107.7.246-9618+[2a07-8500-120-e070--3f6]-9618&alias=taai-007.nikhef.nl&noUDP&sock=schedd_2614_90a7>
    DAG Node: run_y
...
001 (2582890.000.000) 2025-08-05 16:03:17 Job executing on host: <145.107.5.48:9618?addrs=145.107.5.48-9618+[2a07-8500-120-e070--530]-9618&alias=wn-lot-048.nikhef.nl&noUDP&sock=startd_1954_dc25>
	SlotName: slot1_1@wn-lot-048.nikhef.nl
	CondorScratchDir = "/scratch/condor_execute/dir_4098011"
	Cpus = 64
	Disk = 16780525
	GPUs = 0
	Memory = 16384
...
006 (2582890.000.000) 2025-08-05 16:03:31 Image size of job updated: 292424
	286  -  MemoryUsage of job (MB)
	292424  -  ResidentSetSize of job (KB)
...
006 (2582890.000.000) 2025-08-05 16:08:32 Image size of job updated: 1441596
	1408  -  MemoryUsage of job (MB)
	1441596  -  ResidentSetSize of job (KB)
...
006 (2582890.000.000) 2025-08-05 16:13:32 Image size of job updated: 1475336
	1441  -  MemoryUsage of job (MB)
	1475336  -  ResidentSetSize of job (KB)
...
006 (2582890.000.000) 2025-08-05 16:18:32 Image size of job updated: 1494712
	1460  -  MemoryUsage of job (MB)
	1494712  -  ResidentSetSize of job (KB)
...
006 (2582890.000.000) 2025-08-05 16:23:33 Image size of job updated: 1508444
	1474  -  MemoryUsage of job (MB)
	1508444  -  ResidentSetSize of job (KB)
...
006 (2582890.000.000) 2025-08-05 16:28:34 Image size of job updated: 1518844
	1484  -  MemoryUsage of job (MB)
	1518844  -  ResidentSetSize of job (KB)
...
006 (2582890.000.000) 2025-08-05 16:33:34 Image size of job updated: 1526044
	1491  -  MemoryUsage of job (MB)
	1526044  -  ResidentSetSize of job (KB)
...
006 (2582890.000.000) 2025-08-05 16:38:34 Image size of job updated: 1532772
	1497  -  MemoryUsage of job (MB)
	1532772  -  ResidentSetSize of job (KB)
...
006 (2582890.000.000) 2025-08-05 16:43:35 Image size of job updated: 1538320
	1503  -  MemoryUsage of job (MB)
	1538320  -  ResidentSetSize of job (KB)
...
006 (2582890.000.000) 2025-08-05 16:48:36 Image size of job updated: 1562836
	1527  -  MemoryUsage of job (MB)
	1562836  -  ResidentSetSize of job (KB)
...
006 (2582890.000.000) 2025-08-05 16:53:36 Image size of job updated: 1566604
	1530  -  MemoryUsage of job (MB)
	1566604  -  ResidentSetSize of job (KB)
...
006 (2582890.000.000) 2025-08-05 16:58:36 Image size of job updated: 1570608
	1534  -  MemoryUsage of job (MB)
	1570608  -  ResidentSetSize of job (KB)
...
006 (2582890.000.000) 2025-08-05 17:03:38 Image size of job updated: 1574700
	1538  -  MemoryUsage of job (MB)
	1574700  -  ResidentSetSize of job (KB)
...
006 (2582890.000.000) 2025-08-05 17:08:38 Image size of job updated: 2049488
	2002  -  MemoryUsage of job (MB)
	2049488  -  ResidentSetSize of job (KB)
...
006 (2582890.000.000) 2025-08-05 17:13:38 Image size of job updated: 2052580
	2005  -  MemoryUsage of job (MB)
	2052580  -  ResidentSetSize of job (KB)
...
006 (2582890.000.000) 2025-08-05 17:18:39 Image size of job updated: 2054720
	2007  -  MemoryUsage of job (MB)
	2054720  -  ResidentSetSize of job (KB)
...
006 (2582890.000.000) 2025-08-05 17:23:40 Image size of job updated: 2057184
	2009  -  MemoryUsage of job (MB)
	2057184  -  ResidentSetSize of job (KB)
...
006 (2582890.000.000) 2025-08-05 17:28:40 Image size of job updated: 2060196
	2012  -  MemoryUsage of job (MB)
	2060196  -  ResidentSetSize of job (KB)
...
006 (2582890.000.000) 2025-08-05 17:33:40 Image size of job updated: 2062464
	2015  -  MemoryUsage of job (MB)
	2062464  -  ResidentSetSize of job (KB)
...
006 (2582890.000.000) 2025-08-05 17:38:41 Image size of job updated: 2064484
	2017  -  MemoryUsage of job (MB)
	2064484  -  ResidentSetSize of job (KB)
...
006 (2582890.000.000) 2025-08-05 17:43:42 Image size of job updated: 2066992
	2019  -  MemoryUsage of job (MB)
	2066992  -  ResidentSetSize of job (KB)
...
006 (2582890.000.000) 2025-08-05 17:48:42 Image size of job updated: 2068828
	2021  -  MemoryUsage of job (MB)
	2068828  -  ResidentSetSize of job (KB)
...
006 (2582890.000.000) 2025-08-05 17:53:42 Image size of job updated: 2071080
	2023  -  MemoryUsage of job (MB)
	2071080  -  ResidentSetSize of job (KB)
...
006 (2582890.000.000) 2025-08-05 17:58:44 Image size of job updated: 2072592
	2025  -  MemoryUsage of job (MB)
	2072592  -  ResidentSetSize of job (KB)
...
006 (2582890.000.000) 2025-08-05 18:03:43 Image size of job updated: 2073944
	2026  -  MemoryUsage of job (MB)
	2073944  -  ResidentSetSize of job (KB)
...
006 (2582890.000.000) 2025-08-05 18:08:43 Image size of job updated: 2132448
	2071  -  MemoryUsage of job (MB)
	2120088  -  ResidentSetSize of job (KB)
...
006 (2582890.000.000) 2025-08-05 18:13:44 Image size of job updated: 2132448
	2072  -  MemoryUsage of job (MB)
	2121252  -  ResidentSetSize of job (KB)
...
006 (2582890.000.000) 2025-08-05 18:18:45 Image size of job updated: 2132448
	2074  -  MemoryUsage of job (MB)
	2123276  -  ResidentSetSize of job (KB)
...
006 (2582890.000.000) 2025-08-05 18:23:45 Image size of job updated: 2132448
	2075  -  MemoryUsage of job (MB)
	2124396  -  ResidentSetSize of job (KB)
...
006 (2582890.000.000) 2025-08-05 18:28:45 Image size of job updated: 2132448
	2076  -  MemoryUsage of job (MB)
	2125644  -  ResidentSetSize of job (KB)
...
006 (2582890.000.000) 2025-08-05 18:33:46 Image size of job updated: 2132448
	2078  -  MemoryUsage of job (MB)
	2127676  -  ResidentSetSize of job (KB)
...
006 (2582890.000.000) 2025-08-05 18:38:47 Image size of job updated: 2132448
	2079  -  MemoryUsage of job (MB)
	2128560  -  ResidentSetSize of job (KB)
...
006 (2582890.000.000) 2025-08-05 18:43:47 Image size of job updated: 2132448
	2081  -  MemoryUsage of job (MB)
	2130732  -  ResidentSetSize of job (KB)
...
006 (2582890.000.000) 2025-08-05 18:48:47 Image size of job updated: 2132448
	2082  -  MemoryUsage of job (MB)
	2131884  -  ResidentSetSize of job (KB)
...
006 (2582890.000.000) 2025-08-05 18:53:48 Image size of job updated: 2132848
	2083  -  MemoryUsage of job (MB)
	2132848  -  ResidentSetSize of job (KB)
...
006 (2582890.000.000) 2025-08-05 18:58:49 Image size of job updated: 2134288
	2085  -  MemoryUsage of job (MB)
	2134288  -  ResidentSetSize of job (KB)
...
006 (2582890.000.000) 2025-08-05 19:03:49 Image size of job updated: 2135368
	2086  -  MemoryUsage of job (MB)
	2135368  -  ResidentSetSize of job (KB)
...
006 (2582890.000.000) 2025-08-05 19:08:50 Image size of job updated: 2193176
	2142  -  MemoryUsage of job (MB)
	2193176  -  ResidentSetSize of job (KB)
...
006 (2582890.000.000) 2025-08-05 19:13:51 Image size of job updated: 2194564
	2144  -  MemoryUsage of job (MB)
	2194564  -  ResidentSetSize of job (KB)
...
006 (2582890.000.000) 2025-08-05 19:18:51 Image size of job updated: 2195328
	2144  -  MemoryUsage of job (MB)
	2195328  -  ResidentSetSize of job (KB)
...
006 (2582890.000.000) 2025-08-05 19:23:51 Image size of job updated: 2197876
	2147  -  MemoryUsage of job (MB)
	2197876  -  ResidentSetSize of job (KB)
...
006 (2582890.000.000) 2025-08-05 19:28:52 Image size of job updated: 2198440
	2147  -  MemoryUsage of job (MB)
	2198440  -  ResidentSetSize of job (KB)
...
006 (2582890.000.000) 2025-08-05 19:33:53 Image size of job updated: 2199004
	2148  -  MemoryUsage of job (MB)
	2199004  -  ResidentSetSize of job (KB)
...
006 (2582890.000.000) 2025-08-05 19:38:53 Image size of job updated: 2200296
	2149  -  MemoryUsage of job (MB)
	2200296  -  ResidentSetSize of job (KB)
...
006 (2582890.000.000) 2025-08-05 19:43:53 Image size of job updated: 2200792
	2150  -  MemoryUsage of job (MB)
	2200792  -  ResidentSetSize of job (KB)
...
006 (2582890.000.000) 2025-08-05 19:48:54 Image size of job updated: 2201960
	2151  -  MemoryUsage of job (MB)
	2201960  -  ResidentSetSize of job (KB)
...
006 (2582890.000.000) 2025-08-05 19:53:55 Image size of job updated: 2202344
	2151  -  MemoryUsage of job (MB)
	2202344  -  ResidentSetSize of job (KB)
...
006 (2582890.000.000) 2025-08-05 19:58:55 Image size of job updated: 2203256
	2152  -  MemoryUsage of job (MB)
	2203256  -  ResidentSetSize of job (KB)
...
006 (2582890.000.000) 2025-08-05 20:03:55 Image size of job updated: 2204448
	2153  -  MemoryUsage of job (MB)
	2204448  -  ResidentSetSize of job (KB)
...
006 (2582890.000.000) 2025-08-05 20:08:56 Image size of job updated: 2242504
	2179  -  MemoryUsage of job (MB)
	2230308  -  ResidentSetSize of job (KB)
...
006 (2582890.000.000) 2025-08-05 20:13:57 Image size of job updated: 2242504
	2179  -  MemoryUsage of job (MB)
	2230680  -  ResidentSetSize of job (KB)
...
006 (2582890.000.000) 2025-08-05 20:18:57 Image size of job updated: 2242504
	2180  -  MemoryUsage of job (MB)
	2231688  -  ResidentSetSize of job (KB)
...
006 (2582890.000.000) 2025-08-05 20:23:57 Image size of job updated: 2242504
	2180  -  MemoryUsage of job (MB)
	2232036  -  ResidentSetSize of job (KB)
...
006 (2582890.000.000) 2025-08-05 20:28:58 Image size of job updated: 2242504
	2181  -  MemoryUsage of job (MB)
	2233020  -  ResidentSetSize of job (KB)
...
006 (2582890.000.000) 2025-08-05 20:33:59 Image size of job updated: 2242504
	2181  -  MemoryUsage of job (MB)
	2233300  -  ResidentSetSize of job (KB)
...
006 (2582890.000.000) 2025-08-05 20:38:59 Image size of job updated: 2242504
	2182  -  MemoryUsage of job (MB)
	2233664  -  ResidentSetSize of job (KB)
...
006 (2582890.000.000) 2025-08-05 20:43:59 Image size of job updated: 2242504
	2183  -  MemoryUsage of job (MB)
	2235128  -  ResidentSetSize of job (KB)
...
006 (2582890.000.000) 2025-08-05 20:49:00 Image size of job updated: 2242504
	2184  -  MemoryUsage of job (MB)
	2235552  -  ResidentSetSize of job (KB)
...
006 (2582890.000.000) 2025-08-05 20:54:01 Image size of job updated: 2242504
	2186  -  MemoryUsage of job (MB)
	2237636  -  ResidentSetSize of job (KB)
...
006 (2582890.000.000) 2025-08-05 20:59:01 Image size of job updated: 2242504
	2187  -  MemoryUsage of job (MB)
	2238676  -  ResidentSetSize of job (KB)
...
006 (2582890.000.000) 2025-08-05 21:04:01 Image size of job updated: 2242504
	2187  -  MemoryUsage of job (MB)
	2239036  -  ResidentSetSize of job (KB)
...
006 (2582890.000.000) 2025-08-05 21:09:02 Image size of job updated: 2270340
	2218  -  MemoryUsage of job (MB)
	2270340  -  ResidentSetSize of job (KB)
...
006 (2582890.000.000) 2025-08-05 21:14:03 Image size of job updated: 2273532
	2218  -  MemoryUsage of job (MB)
	2270340  -  ResidentSetSize of job (KB)
...
006 (2582890.000.000) 2025-08-05 22:14:08 Image size of job updated: 2306176
	2222  -  MemoryUsage of job (MB)
	2274732  -  ResidentSetSize of job (KB)
...
006 (2582890.000.000) 2025-08-05 22:19:08 Image size of job updated: 2306176
	2222  -  MemoryUsage of job (MB)
	2274952  -  ResidentSetSize of job (KB)
...
006 (2582890.000.000) 2025-08-05 22:20:14 Image size of job updated: 2320368
	2222  -  MemoryUsage of job (MB)
	2274952  -  ResidentSetSize of job (KB)
...
005 (2582890.000.000) 2025-08-05 22:20:14 Job terminated.
	(1) Normal termination (return value 0)
		Usr 12 18:16:21, Sys 0 00:02:40  -  Run Remote Usage
		Usr 0 00:00:00, Sys 0 00:00:00  -  Run Local Usage
		Usr 12 18:16:21, Sys 0 00:02:40  -  Total Remote Usage
		Usr 0 00:00:00, Sys 0 00:00:00  -  Total Local Usage
	0  -  Run Bytes Sent By Job
	0  -  Run Bytes Received By Job
	0  -  Total Bytes Sent By Job
	0  -  Total Bytes Received By Job
	Partitionable Resources :    Usage  Request Allocated 
	   Cpus                 :     2.67       64        64 
	   Disk (KB)            : 17500    16777216  16780525 
	   GPUs                 :                           0 
	   Memory (MB)          :  2222       16384     16384 
	   TimeExecute (s)      : 22617                       
	   TimeSlotBusy (s)     : 22617                       

	Job terminated of its own accord at 2025-08-05T20:20:14Z with exit-code 0.
...
