NFDist has source_type = nsbh
self.parameters_ref
{'chirp_mass': 1.4867847675135448, 'symmetric_mass_ratio': 0.24999995594642316, 'a_1': 0.011080273335494708, 'a_2': 0.04692984939031852, 'tilt_1': 2.6219694401252394, 'tilt_2': 1.0090315132594154, 'phi_jl': 0.977223832370418, 'phi_12': 5.868535624409604, 'lambda_1': 100.0, 'lambda_2': 200.0, 'luminosity_distance': 160.68570884930463, 'phase': 5.904192752190891, 'theta_jn': 0.20643139003708647, 'psi': 0.3008124663367458, 'ra': 1.4454755957606107, 'dec': 0.07257856505111598, 'mass_ratio': 0.999160794522431, 'mass_1': 1.7085843239096237, 'mass_2': 1.7071504705861102, 'geocent_time': 1240215503.017147, 'duration': 128.0}
3807it [0:00:50 bound:2 nc:785 ncall:3.9e+04 eff:9.7% logz-ratio=-1.61+/-0.04 dlogz:6.037>0.1]
4058it [0:02:01 bound:6 nc:567 ncall:2.2e+05 eff:1.8% logz-ratio=-1.52+/-0.04 dlogz:5.697>0.1]
4309it [0:03:15 bound:10 nc:732 ncall:4.0e+05 eff:1.1% logz-ratio=-1.43+/-0.04 dlogz:5.369>0.1]
4559it [0:04:37 bound:14 nc:656 ncall:5.9e+05 eff:0.8% logz-ratio=-1.36+/-0.04 dlogz:5.051>0.1]
4745it [0:05:37 bound:17 nc:366 ncall:7.2e+05 eff:0.7% logz-ratio=-1.31+/-0.04 dlogz:5.140>0.1]
4935it [0:06:38 bound:20 nc:602 ncall:8.6e+05 eff:0.6% logz-ratio=-1.26+/-0.04 dlogz:4.907>0.1]
5182it [0:07:53 bound:24 nc:391 ncall:1.0e+06 eff:0.5% logz-ratio=-1.20+/-0.04 dlogz:5.243>0.1]
5365it [0:08:58 bound:27 nc:1464 ncall:1.2e+06 eff:0.5% logz-ratio=-1.16+/-0.04 dlogz:5.025>0.1]
5554it [0:10:03 bound:30 nc:1200 ncall:1.3e+06 eff:0.4% logz-ratio=-1.12+/-0.04 dlogz:5.557>0.1]
5741it [0:11:14 bound:33 nc:982 ncall:1.4e+06 eff:0.4% logz-ratio=-1.08+/-0.04 dlogz:5.338>0.1]
5924it [0:12:17 bound:36 nc:385 ncall:1.6e+06 eff:0.4% logz-ratio=-1.05+/-0.04 dlogz:5.126>0.1]
6111it [0:13:23 bound:39 nc:464 ncall:1.7e+06 eff:0.4% logz-ratio=-1.01+/-0.04 dlogz:4.912>0.1]
6298it [0:14:35 bound:42 nc:399 ncall:1.9e+06 eff:0.3% logz-ratio=-0.98+/-0.04 dlogz:4.699>0.1]
6480it [0:15:47 bound:45 nc:844 ncall:2.0e+06 eff:0.3% logz-ratio=-0.95+/-0.04 dlogz:5.570>0.1]
6663it [0:16:58 bound:48 nc:713 ncall:2.2e+06 eff:0.3% logz-ratio=-0.92+/-0.05 dlogz:17.275>0.1]
6848it [0:18:10 bound:51 nc:889 ncall:2.3e+06 eff:0.3% logz-ratio=-0.89+/-0.05 dlogz:17.066>0.1]
7036it [0:19:16 bound:54 nc:525 ncall:2.4e+06 eff:0.3% logz-ratio=-0.87+/-0.05 dlogz:16.855>0.1]
7221it [0:20:30 bound:57 nc:876 ncall:2.6e+06 eff:0.3% logz-ratio=-0.84+/-0.05 dlogz:16.648>0.1]
7407it [0:21:40 bound:60 nc:617 ncall:2.7e+06 eff:0.3% logz-ratio=-0.81+/-0.05 dlogz:16.441>0.1]
7595it [0:22:51 bound:63 nc:546 ncall:2.9e+06 eff:0.3% logz-ratio=-0.79+/-0.05 dlogz:16.232>0.1]
7781it [0:23:56 bound:66 nc:610 ncall:3.0e+06 eff:0.3% logz-ratio=-0.77+/-0.05 dlogz:16.027>0.1]
7968it [0:25:05 bound:69 nc:904 ncall:3.2e+06 eff:0.3% logz-ratio=-0.74+/-0.05 dlogz:15.821>0.1]
8151it [0:26:20 bound:72 nc:845 ncall:3.3e+06 eff:0.2% logz-ratio=-0.72+/-0.05 dlogz:36.079>0.1]
8338it [0:27:44 bound:75 nc:771 ncall:3.5e+06 eff:0.2% logz-ratio=-0.70+/-0.05 dlogz:35.874>0.1]
8522it [0:29:02 bound:78 nc:1103 ncall:3.6e+06 eff:0.2% logz-ratio=-0.68+/-0.05 dlogz:35.672>0.1]
8708it [0:30:20 bound:81 nc:1034 ncall:3.8e+06 eff:0.2% logz-ratio=-0.65+/-0.05 dlogz:35.468>0.1]
8899it [0:31:39 bound:84 nc:1039 ncall:3.9e+06 eff:0.2% logz-ratio=-0.63+/-0.05 dlogz:35.259>0.1]
9087it [0:32:59 bound:87 nc:681 ncall:4.1e+06 eff:0.2% logz-ratio=-0.61+/-0.05 dlogz:35.054>0.1]
9273it [0:34:10 bound:90 nc:975 ncall:4.3e+06 eff:0.2% logz-ratio=-0.59+/-0.05 dlogz:34.851>0.1]
9460it [0:35:31 bound:93 nc:469 ncall:4.4e+06 eff:0.2% logz-ratio=-0.57+/-0.05 dlogz:34.647>0.1]
9643it [0:36:51 bound:96 nc:705 ncall:4.6e+06 eff:0.2% logz-ratio=-0.54+/-0.05 dlogz:34.448>0.1]
9828it [0:38:10 bound:99 nc:572 ncall:4.7e+06 eff:0.2% logz-ratio=-0.52+/-0.05 dlogz:34.246>0.1]
10015it [0:39:35 bound:102 nc:1361 ncall:4.9e+06 eff:0.2% logz-ratio=-0.50+/-0.06 dlogz:34.041>0.1]
10200it [0:41:02 bound:105 nc:195 ncall:5.1e+06 eff:0.2% logz-ratio=-0.48+/-0.06 dlogz:33.837>0.1]
10386it [0:42:25 bound:108 nc:1083 ncall:5.2e+06 eff:0.2% logz-ratio=-0.45+/-0.06 dlogz:33.631>0.1]
10510it [0:43:28 bound:110 nc:852 ncall:5.3e+06 eff:0.2% logz-ratio=-0.44+/-0.06 dlogz:33.493>0.1]
10698it [0:44:43 bound:113 nc:798 ncall:5.5e+06 eff:0.2% logz-ratio=-0.41+/-0.06 dlogz:33.281>0.1]
10884it [0:46:12 bound:116 nc:1884 ncall:5.7e+06 eff:0.2% logz-ratio=-0.38+/-0.06 dlogz:33.068>0.1]
11074it [0:47:35 bound:119 nc:546 ncall:5.9e+06 eff:0.2% logz-ratio=-0.34+/-0.06 dlogz:32.847>0.1]
11262it [0:48:56 bound:122 nc:881 ncall:6.0e+06 eff:0.2% logz-ratio=-0.30+/-0.06 dlogz:32.798>0.1]
11448it [0:50:11 bound:125 nc:1059 ncall:6.2e+06 eff:0.2% logz-ratio=-0.24+/-0.06 dlogz:32.559>0.1]
11633it [0:51:27 bound:128 nc:603 ncall:6.4e+06 eff:0.2% logz-ratio=-0.16+/-0.07 dlogz:32.293>0.1]
11820it [0:52:35 bound:131 nc:921 ncall:6.5e+06 eff:0.2% logz-ratio=-0.01+/-0.07 dlogz:33.800>0.1]
12008it [0:53:47 bound:134 nc:782 ncall:6.7e+06 eff:0.2% logz-ratio=0.24+/-0.08 dlogz:34.230>0.1]
12194it [0:54:55 bound:137 nc:902 ncall:6.9e+06 eff:0.2% logz-ratio=0.65+/-0.09 dlogz:35.039>0.1]
12380it [0:56:06 bound:140 nc:604 ncall:7.0e+06 eff:0.2% logz-ratio=1.24+/-0.10 dlogz:34.260>0.1]
12566it [0:57:18 bound:143 nc:3108 ncall:7.2e+06 eff:0.2% logz-ratio=2.06+/-0.11 dlogz:33.266>0.1]
12752it [0:58:34 bound:146 nc:817 ncall:7.4e+06 eff:0.2% logz-ratio=3.02+/-0.11 dlogz:33.729>0.1]
12939it [0:59:42 bound:149 nc:886 ncall:7.5e+06 eff:0.2% logz-ratio=4.07+/-0.11 dlogz:32.530>0.1]
13064it [1:00:48 bound:151 nc:908 ncall:7.6e+06 eff:0.2% logz-ratio=4.74+/-0.11 dlogz:32.658>0.1]
13254it [1:01:59 bound:154 nc:1003 ncall:7.8e+06 eff:0.2% logz-ratio=5.78+/-0.11 dlogz:31.435>0.1]
13438it [1:03:05 bound:157 nc:833 ncall:8.0e+06 eff:0.2% logz-ratio=6.73+/-0.12 dlogz:39.040>0.1]
13625it [1:04:19 bound:160 nc:1279 ncall:8.1e+06 eff:0.2% logz-ratio=7.73+/-0.12 dlogz:37.853>0.1]
13807it [1:05:34 bound:163 nc:1506 ncall:8.3e+06 eff:0.2% logz-ratio=8.77+/-0.12 dlogz:36.637>0.1]
13990it [1:06:45 bound:166 nc:565 ncall:8.5e+06 eff:0.2% logz-ratio=9.98+/-0.12 dlogz:35.251>0.1]
14174it [1:07:55 bound:169 nc:1358 ncall:8.6e+06 eff:0.2% logz-ratio=11.13+/-0.12 dlogz:33.918>0.1]
14359it [1:09:07 bound:172 nc:727 ncall:8.8e+06 eff:0.2% logz-ratio=12.23+/-0.12 dlogz:32.643>0.1]
14544it [1:10:20 bound:175 nc:498 ncall:9.0e+06 eff:0.2% logz-ratio=13.30+/-0.12 dlogz:31.393>0.1]
14726it [1:11:36 bound:178 nc:904 ncall:9.2e+06 eff:0.2% logz-ratio=14.39+/-0.12 dlogz:30.128>0.1]
14908it [1:12:54 bound:181 nc:814 ncall:9.3e+06 eff:0.2% logz-ratio=15.41+/-0.12 dlogz:28.927>0.1]
15097it [1:14:11 bound:184 nc:765 ncall:9.5e+06 eff:0.2% logz-ratio=16.56+/-0.12 dlogz:31.402>0.1]
15284it [1:15:27 bound:187 nc:1004 ncall:9.7e+06 eff:0.2% logz-ratio=17.71+/-0.12 dlogz:30.074>0.1]
15471it [1:16:45 bound:190 nc:718 ncall:9.9e+06 eff:0.2% logz-ratio=18.72+/-0.12 dlogz:28.880>0.1]
15655it [1:18:04 bound:193 nc:1170 ncall:1.0e+07 eff:0.2% logz-ratio=19.70+/-0.12 dlogz:27.721>0.1]
15843it [1:19:22 bound:196 nc:1475 ncall:1.0e+07 eff:0.2% logz-ratio=20.68+/-0.12 dlogz:26.553>0.1]
16028it [1:20:46 bound:199 nc:788 ncall:1.0e+07 eff:0.2% logz-ratio=21.56+/-0.13 dlogz:25.495>0.1]
16217it [1:22:10 bound:202 nc:910 ncall:1.1e+07 eff:0.2% logz-ratio=22.38+/-0.13 dlogz:24.486>0.1]
16401it [1:23:28 bound:205 nc:449 ncall:1.1e+07 eff:0.2% logz-ratio=23.13+/-0.13 dlogz:23.560>0.1]
16586it [1:24:52 bound:208 nc:1137 ncall:1.1e+07 eff:0.1% logz-ratio=23.94+/-0.13 dlogz:22.571>0.1]
16774it [1:26:19 bound:211 nc:1597 ncall:1.1e+07 eff:0.1% logz-ratio=24.72+/-0.13 dlogz:21.603>0.1]
16962it [1:27:45 bound:214 nc:1282 ncall:1.1e+07 eff:0.1% logz-ratio=25.45+/-0.13 dlogz:20.690>0.1]
17150it [1:29:09 bound:217 nc:807 ncall:1.2e+07 eff:0.1% logz-ratio=26.19+/-0.13 dlogz:19.771>0.1]
17333it [1:30:37 bound:220 nc:1228 ncall:1.2e+07 eff:0.1% logz-ratio=26.81+/-0.13 dlogz:18.973>0.1]
17517it [1:32:03 bound:223 nc:1075 ncall:1.2e+07 eff:0.1% logz-ratio=27.41+/-0.13 dlogz:20.851>0.1]
17704it [1:33:31 bound:226 nc:1619 ncall:1.2e+07 eff:0.1% logz-ratio=28.01+/-0.13 dlogz:20.066>0.1]
17830it [1:34:34 bound:228 nc:938 ncall:1.2e+07 eff:0.1% logz-ratio=28.38+/-0.13 dlogz:19.572>0.1]
18015it [1:36:01 bound:231 nc:1085 ncall:1.3e+07 eff:0.1% logz-ratio=28.90+/-0.13 dlogz:18.877>0.1]
18203it [1:37:29 bound:234 nc:647 ncall:1.3e+07 eff:0.1% logz-ratio=29.40+/-0.13 dlogz:18.196>0.1]
18329it [1:38:32 bound:236 nc:1078 ncall:1.3e+07 eff:0.1% logz-ratio=29.73+/-0.13 dlogz:17.743>0.1]
18454it [1:39:32 bound:238 nc:1618 ncall:1.3e+07 eff:0.1% logz-ratio=30.04+/-0.13 dlogz:17.307>0.1]
18579it [1:40:35 bound:240 nc:1169 ncall:1.3e+07 eff:0.1% logz-ratio=30.37+/-0.13 dlogz:17.869>0.1]
18703it [1:41:41 bound:242 nc:902 ncall:1.4e+07 eff:0.1% logz-ratio=30.70+/-0.13 dlogz:17.423>0.1]
18828it [1:42:44 bound:244 nc:1009 ncall:1.4e+07 eff:0.1% logz-ratio=31.01+/-0.13 dlogz:20.719>0.1]
18954it [1:43:47 bound:246 nc:1092 ncall:1.4e+07 eff:0.1% logz-ratio=31.32+/-0.13 dlogz:20.282>0.1]
19079it [1:44:59 bound:248 nc:1697 ncall:1.4e+07 eff:0.1% logz-ratio=31.63+/-0.13 dlogz:19.847>0.1]
19205it [1:46:00 bound:250 nc:1892 ncall:1.4e+07 eff:0.1% logz-ratio=31.96+/-0.13 dlogz:19.402>0.1]
19327it [1:47:03 bound:252 nc:1136 ncall:1.4e+07 eff:0.1% logz-ratio=32.25+/-0.13 dlogz:18.989>0.1]
19452it [1:48:15 bound:254 nc:1228 ncall:1.4e+07 eff:0.1% logz-ratio=32.54+/-0.13 dlogz:18.571>0.1]
19577it [1:49:21 bound:256 nc:1574 ncall:1.5e+07 eff:0.1% logz-ratio=32.83+/-0.13 dlogz:19.400>0.1]
19704it [1:50:28 bound:258 nc:927 ncall:1.5e+07 eff:0.1% logz-ratio=33.13+/-0.14 dlogz:18.980>0.1]
19825it [1:51:39 bound:260 nc:1093 ncall:1.5e+07 eff:0.1% logz-ratio=33.42+/-0.14 dlogz:18.572>0.1]
19949it [1:52:43 bound:262 nc:2783 ncall:1.5e+07 eff:0.1% logz-ratio=33.72+/-0.14 dlogz:18.147>0.1]
20076it [1:53:53 bound:264 nc:2097 ncall:1.5e+07 eff:0.1% logz-ratio=34.03+/-0.14 dlogz:17.711>0.1]
20198it [1:55:00 bound:266 nc:1502 ncall:1.5e+07 eff:0.1% logz-ratio=34.33+/-0.14 dlogz:17.300>0.1]
20320it [1:56:11 bound:268 nc:1215 ncall:1.6e+07 eff:0.1% logz-ratio=34.61+/-0.14 dlogz:16.899>0.1]
20446it [1:57:23 bound:270 nc:1990 ncall:1.6e+07 eff:0.1% logz-ratio=34.89+/-0.14 dlogz:16.490>0.1]
20572it [1:58:33 bound:272 nc:1341 ncall:1.6e+07 eff:0.1% logz-ratio=35.17+/-0.14 dlogz:16.089>0.1]
20698it [1:59:41 bound:274 nc:1355 ncall:1.6e+07 eff:0.1% logz-ratio=35.46+/-0.14 dlogz:15.676>0.1]
20825it [2:01:15 bound:276 nc:1505 ncall:1.6e+07 eff:0.1% logz-ratio=35.75+/-0.14 dlogz:15.265>0.1]
20947it [2:02:28 bound:278 nc:1568 ncall:1.7e+07 eff:0.1% logz-ratio=36.04+/-0.14 dlogz:14.853>0.1]
21071it [2:03:40 bound:280 nc:2068 ncall:1.7e+07 eff:0.1% logz-ratio=36.35+/-0.14 dlogz:14.424>0.1]
21195it [2:04:56 bound:282 nc:1434 ncall:1.7e+07 eff:0.1% logz-ratio=36.67+/-0.14 dlogz:13.983>0.1]
21320it [2:06:11 bound:284 nc:1611 ncall:1.7e+07 eff:0.1% logz-ratio=36.99+/-0.14 dlogz:13.544>0.1]
21445it [2:07:24 bound:286 nc:1469 ncall:1.7e+07 eff:0.1% logz-ratio=37.30+/-0.14 dlogz:13.410>0.1]
21571it [2:08:36 bound:288 nc:1170 ncall:1.7e+07 eff:0.1% logz-ratio=37.61+/-0.14 dlogz:12.982>0.1]
21694it [2:09:51 bound:290 nc:1004 ncall:1.8e+07 eff:0.1% logz-ratio=37.90+/-0.14 dlogz:13.924>0.1]
21820it [2:11:06 bound:292 nc:1646 ncall:1.8e+07 eff:0.1% logz-ratio=38.19+/-0.14 dlogz:13.510>0.1]
21946it [2:12:23 bound:294 nc:1677 ncall:1.8e+07 eff:0.1% logz-ratio=38.47+/-0.14 dlogz:14.508>0.1]
22073it [2:13:37 bound:296 nc:1104 ncall:1.8e+07 eff:0.1% logz-ratio=38.76+/-0.14 dlogz:14.092>0.1]
22198it [2:14:53 bound:298 nc:1185 ncall:1.8e+07 eff:0.1% logz-ratio=39.05+/-0.14 dlogz:13.688>0.1]
22319it [2:16:05 bound:300 nc:1788 ncall:1.9e+07 eff:0.1% logz-ratio=39.33+/-0.14 dlogz:13.289>0.1]
22442it [2:17:20 bound:302 nc:964 ncall:1.9e+07 eff:0.1% logz-ratio=39.60+/-0.14 dlogz:12.892>0.1]
22568it [2:18:37 bound:304 nc:2200 ncall:1.9e+07 eff:0.1% logz-ratio=39.88+/-0.14 dlogz:12.496>0.1]
22693it [2:19:52 bound:306 nc:1741 ncall:1.9e+07 eff:0.1% logz-ratio=40.14+/-0.14 dlogz:12.114>0.1]
22818it [2:21:10 bound:308 nc:2084 ncall:1.9e+07 eff:0.1% logz-ratio=40.38+/-0.15 dlogz:11.852>0.1]
22942it [2:22:27 bound:310 nc:1676 ncall:1.9e+07 eff:0.1% logz-ratio=40.63+/-0.15 dlogz:11.486>0.1]
23067it [2:23:48 bound:312 nc:1758 ncall:2.0e+07 eff:0.1% logz-ratio=40.86+/-0.15 dlogz:12.878>0.1]
23185it [2:25:12 bound:314 nc:1847 ncall:2.0e+07 eff:0.1% logz-ratio=41.07+/-0.15 dlogz:12.553>0.1]
23311it [2:26:33 bound:316 nc:1505 ncall:2.0e+07 eff:0.1% logz-ratio=41.30+/-0.15 dlogz:12.204>0.1]
23435it [2:27:56 bound:318 nc:1083 ncall:2.0e+07 eff:0.1% logz-ratio=41.52+/-0.15 dlogz:11.864>0.1]
23559it [2:29:15 bound:320 nc:4133 ncall:2.0e+07 eff:0.1% logz-ratio=41.73+/-0.15 dlogz:11.531>0.1]
23682it [2:30:38 bound:322 nc:1479 ncall:2.1e+07 eff:0.1% logz-ratio=41.94+/-0.15 dlogz:11.202>0.1]
23806it [2:32:00 bound:324 nc:1204 ncall:2.1e+07 eff:0.1% logz-ratio=42.14+/-0.15 dlogz:10.874>0.1]
23932it [2:33:21 bound:326 nc:1346 ncall:2.1e+07 eff:0.1% logz-ratio=42.34+/-0.15 dlogz:10.550>0.1]
24058it [2:34:46 bound:328 nc:1927 ncall:2.1e+07 eff:0.1% logz-ratio=42.54+/-0.15 dlogz:10.554>0.1]
24181it [2:36:11 bound:330 nc:3100 ncall:2.1e+07 eff:0.1% logz-ratio=42.72+/-0.15 dlogz:12.375>0.1]
24306it [2:37:40 bound:332 nc:1536 ncall:2.2e+07 eff:0.1% logz-ratio=42.91+/-0.15 dlogz:12.071>0.1]
24429it [2:39:04 bound:334 nc:2516 ncall:2.2e+07 eff:0.1% logz-ratio=43.08+/-0.15 dlogz:11.777>0.1]
24554it [2:40:27 bound:336 nc:1745 ncall:2.2e+07 eff:0.1% logz-ratio=43.26+/-0.15 dlogz:11.481>0.1]
24676it [2:41:53 bound:338 nc:1948 ncall:2.2e+07 eff:0.1% logz-ratio=43.42+/-0.15 dlogz:11.194>0.1]
24803it [2:43:21 bound:340 nc:1346 ncall:2.3e+07 eff:0.1% logz-ratio=43.59+/-0.15 dlogz:10.901>0.1]
24928it [2:44:47 bound:342 nc:1014 ncall:2.3e+07 eff:0.1% logz-ratio=43.76+/-0.15 dlogz:10.611>0.1]
25049it [2:46:07 bound:344 nc:1590 ncall:2.3e+07 eff:0.1% logz-ratio=43.92+/-0.15 dlogz:10.333>0.1]
25172it [2:47:28 bound:346 nc:1767 ncall:2.3e+07 eff:0.1% logz-ratio=44.08+/-0.15 dlogz:10.381>0.1]
25295it [2:48:56 bound:348 nc:1236 ncall:2.3e+07 eff:0.1% logz-ratio=44.24+/-0.15 dlogz:10.103>0.1]
25420it [2:50:22 bound:350 nc:1164 ncall:2.4e+07 eff:0.1% logz-ratio=44.40+/-0.15 dlogz:10.140>0.1]
25547it [2:51:49 bound:352 nc:1165 ncall:2.4e+07 eff:0.1% logz-ratio=44.56+/-0.15 dlogz:9.856>0.1]
25669it [2:53:19 bound:354 nc:2036 ncall:2.4e+07 eff:0.1% logz-ratio=44.71+/-0.15 dlogz:9.586>0.1]
25793it [2:54:50 bound:356 nc:1525 ncall:2.4e+07 eff:0.1% logz-ratio=44.86+/-0.15 dlogz:9.312>0.1]
25915it [2:56:21 bound:358 nc:1797 ncall:2.4e+07 eff:0.1% logz-ratio=45.02+/-0.15 dlogz:9.039>0.1]
26038it [2:57:54 bound:360 nc:2160 ncall:2.5e+07 eff:0.1% logz-ratio=45.16+/-0.15 dlogz:8.771>0.1]
26165it [2:59:27 bound:362 nc:2263 ncall:2.5e+07 eff:0.1% logz-ratio=45.31+/-0.15 dlogz:8.628>0.1]
26289it [3:01:03 bound:364 nc:2369 ncall:2.5e+07 eff:0.1% logz-ratio=45.45+/-0.15 dlogz:8.370>0.1]
26351it [3:02:18 bound:365 nc:1658 ncall:2.5e+07 eff:0.1% logz-ratio=45.51+/-0.15 dlogz:8.243>0.1]
26477it [3:03:53 bound:367 nc:1334 ncall:2.6e+07 eff:0.1% logz-ratio=45.65+/-0.15 dlogz:8.492>0.1]
26603it [3:05:32 bound:369 nc:1736 ncall:2.6e+07 eff:0.1% logz-ratio=45.78+/-0.15 dlogz:8.240>0.1]
26728it [3:07:05 bound:371 nc:1963 ncall:2.6e+07 eff:0.1% logz-ratio=45.90+/-0.15 dlogz:7.993>0.1]
26851it [3:08:41 bound:373 nc:2126 ncall:2.6e+07 eff:0.1% logz-ratio=46.02+/-0.15 dlogz:7.754>0.1]
26976it [3:10:15 bound:375 nc:2433 ncall:2.6e+07 eff:0.1% logz-ratio=46.14+/-0.15 dlogz:7.512>0.1]
27098it [3:11:59 bound:377 nc:2516 ncall:2.7e+07 eff:0.1% logz-ratio=46.26+/-0.16 dlogz:7.276>0.1]
27222it [3:13:39 bound:379 nc:1955 ncall:2.7e+07 eff:0.1% logz-ratio=46.38+/-0.16 dlogz:7.036>0.1]
27344it [3:15:20 bound:381 nc:2211 ncall:2.7e+07 eff:0.1% logz-ratio=46.50+/-0.16 dlogz:6.814>0.1]
27471it [3:16:59 bound:383 nc:1828 ncall:2.7e+07 eff:0.1% logz-ratio=46.62+/-0.16 dlogz:6.904>0.1]
27590it [3:18:39 bound:385 nc:1063 ncall:2.8e+07 eff:0.1% logz-ratio=46.73+/-0.16 dlogz:6.676>0.1]
27717it [3:20:19 bound:387 nc:1545 ncall:2.8e+07 eff:0.1% logz-ratio=46.85+/-0.16 dlogz:6.436>0.1]
27843it [3:21:58 bound:389 nc:1591 ncall:2.8e+07 eff:0.1% logz-ratio=46.96+/-0.16 dlogz:6.199>0.1]
27966it [3:23:34 bound:391 nc:1756 ncall:2.8e+07 eff:0.1% logz-ratio=47.07+/-0.16 dlogz:5.972>0.1]
28090it [3:25:17 bound:393 nc:1297 ncall:2.9e+07 eff:0.1% logz-ratio=47.17+/-0.16 dlogz:6.189>0.1]
28216it [3:26:51 bound:395 nc:1282 ncall:2.9e+07 eff:0.1% logz-ratio=47.28+/-0.16 dlogz:5.973>0.1]
28336it [3:28:31 bound:397 nc:3377 ncall:2.9e+07 eff:0.1% logz-ratio=47.37+/-0.16 dlogz:5.761>0.1]
28461it [3:30:18 bound:399 nc:3242 ncall:2.9e+07 eff:0.1% logz-ratio=47.47+/-0.16 dlogz:5.544>0.1]
28586it [3:31:56 bound:401 nc:2055 ncall:3.0e+07 eff:0.1% logz-ratio=47.56+/-0.16 dlogz:5.738>0.1]
28710it [3:33:39 bound:403 nc:2312 ncall:3.0e+07 eff:0.1% logz-ratio=47.65+/-0.16 dlogz:5.527>0.1]
28835it [3:35:25 bound:405 nc:3110 ncall:3.0e+07 eff:0.1% logz-ratio=47.74+/-0.16 dlogz:5.317>0.1]
28958it [3:37:10 bound:407 nc:2060 ncall:3.0e+07 eff:0.1% logz-ratio=47.83+/-0.16 dlogz:5.204>0.1]
29083it [3:38:57 bound:409 nc:1603 ncall:3.1e+07 eff:0.1% logz-ratio=47.91+/-0.16 dlogz:5.098>0.1]
29209it [3:40:44 bound:411 nc:2619 ncall:3.1e+07 eff:0.1% logz-ratio=48.00+/-0.16 dlogz:4.894>0.1]
29333it [3:42:31 bound:413 nc:1896 ncall:3.1e+07 eff:0.1% logz-ratio=48.07+/-0.16 dlogz:4.697>0.1]
29454it [3:44:20 bound:415 nc:1967 ncall:3.1e+07 eff:0.1% logz-ratio=48.15+/-0.16 dlogz:4.507>0.1]
29576it [3:46:15 bound:417 nc:1887 ncall:3.2e+07 eff:0.1% logz-ratio=48.22+/-0.16 dlogz:5.175>0.1]
29698it [3:48:05 bound:419 nc:2714 ncall:3.2e+07 eff:0.1% logz-ratio=48.29+/-0.16 dlogz:4.987>0.1]
29822it [3:49:52 bound:421 nc:2721 ncall:3.2e+07 eff:0.1% logz-ratio=48.36+/-0.16 dlogz:4.798>0.1]
29948it [3:51:45 bound:423 nc:2930 ncall:3.2e+07 eff:0.1% logz-ratio=48.43+/-0.16 dlogz:4.607>0.1]
30073it [3:53:35 bound:425 nc:4340 ncall:3.3e+07 eff:0.1% logz-ratio=48.49+/-0.16 dlogz:4.421>0.1]
30200it [3:55:23 bound:427 nc:2002 ncall:3.3e+07 eff:0.1% logz-ratio=48.56+/-0.16 dlogz:4.235>0.1]
30322it [3:57:13 bound:429 nc:1647 ncall:3.3e+07 eff:0.1% logz-ratio=48.62+/-0.16 dlogz:4.058>0.1]
30444it [3:59:05 bound:431 nc:2671 ncall:3.3e+07 eff:0.1% logz-ratio=48.68+/-0.16 dlogz:4.593>0.1]
30567it [4:00:54 bound:433 nc:1466 ncall:3.4e+07 eff:0.1% logz-ratio=48.74+/-0.16 dlogz:4.417>0.1]
30637it [4:02:16 bound:434 nc:1228 ncall:3.4e+07 eff:0.1% logz-ratio=48.77+/-0.16 dlogz:4.319>0.1]
30750it [4:04:11 bound:436 nc:2256 ncall:3.4e+07 eff:0.1% logz-ratio=48.82+/-0.16 dlogz:4.160>0.1]
30873it [4:05:53 bound:438 nc:3530 ncall:3.4e+07 eff:0.1% logz-ratio=48.87+/-0.16 dlogz:3.989>0.1]
30997it [4:07:37 bound:440 nc:1343 ncall:3.4e+07 eff:0.1% logz-ratio=48.92+/-0.16 dlogz:3.820>0.1]
31122it [4:09:19 bound:442 nc:1510 ncall:3.5e+07 eff:0.1% logz-ratio=48.97+/-0.16 dlogz:3.652>0.1]
31246it [4:11:03 bound:444 nc:2728 ncall:3.5e+07 eff:0.1% logz-ratio=49.02+/-0.16 dlogz:3.488>0.1]
31369it [4:12:47 bound:446 nc:1637 ncall:3.5e+07 eff:0.1% logz-ratio=49.07+/-0.16 dlogz:3.329>0.1]
31490it [4:14:43 bound:448 nc:2218 ncall:3.6e+07 eff:0.1% logz-ratio=49.11+/-0.16 dlogz:3.175>0.1]
31613it [4:16:35 bound:450 nc:1712 ncall:3.6e+07 eff:0.1% logz-ratio=49.15+/-0.16 dlogz:3.020>0.1]
31738it [4:18:27 bound:452 nc:2047 ncall:3.6e+07 eff:0.1% logz-ratio=49.19+/-0.16 dlogz:2.866>0.1]
31863it [4:20:11 bound:454 nc:2031 ncall:3.6e+07 eff:0.1% logz-ratio=49.23+/-0.16 dlogz:2.715>0.1]
31986it [4:21:58 bound:456 nc:3491 ncall:3.7e+07 eff:0.1% logz-ratio=49.27+/-0.16 dlogz:2.570>0.1]
32112it [4:23:46 bound:458 nc:1263 ncall:3.7e+07 eff:0.1% logz-ratio=49.30+/-0.16 dlogz:2.424>0.1]
32237it [4:25:29 bound:460 nc:2049 ncall:3.7e+07 eff:0.1% logz-ratio=49.34+/-0.16 dlogz:2.283>0.1]
32361it [4:27:19 bound:462 nc:3441 ncall:3.7e+07 eff:0.1% logz-ratio=49.37+/-0.16 dlogz:2.218>0.1]
32483it [4:29:10 bound:464 nc:4553 ncall:3.8e+07 eff:0.1% logz-ratio=49.40+/-0.16 dlogz:2.086>0.1]
32608it [4:30:59 bound:466 nc:2579 ncall:3.8e+07 eff:0.1% logz-ratio=49.43+/-0.16 dlogz:1.954>0.1]
32733it [4:32:48 bound:468 nc:1325 ncall:3.8e+07 eff:0.1% logz-ratio=49.46+/-0.16 dlogz:1.827>0.1]
32858it [4:34:36 bound:470 nc:2064 ncall:3.8e+07 eff:0.1% logz-ratio=49.48+/-0.17 dlogz:1.703>0.1]
32982it [4:36:24 bound:472 nc:2742 ncall:3.9e+07 eff:0.1% logz-ratio=49.51+/-0.17 dlogz:1.585>0.1]
33108it [4:38:15 bound:474 nc:2560 ncall:3.9e+07 eff:0.1% logz-ratio=49.54+/-0.17 dlogz:1.510>0.1]
33170it [4:39:16 bound:475 nc:1194 ncall:3.9e+07 eff:0.1% logz-ratio=49.55+/-0.17 dlogz:1.454>0.1]
33291it [4:41:08 bound:477 nc:1966 ncall:3.9e+07 eff:0.1% logz-ratio=49.57+/-0.17 dlogz:1.516>0.1]
33417it [4:43:01 bound:479 nc:1406 ncall:4.0e+07 eff:0.1% logz-ratio=49.59+/-0.17 dlogz:1.404>0.1]
33541it [4:44:53 bound:481 nc:2214 ncall:4.0e+07 eff:0.1% logz-ratio=49.61+/-0.17 dlogz:1.299>0.1]
33603it [4:45:53 bound:482 nc:2761 ncall:4.0e+07 eff:0.1% logz-ratio=49.62+/-0.17 dlogz:1.248>0.1]
33723it [4:47:44 bound:484 nc:1005 ncall:4.0e+07 eff:0.1% logz-ratio=49.64+/-0.17 dlogz:1.153>0.1]
33783it [4:48:44 bound:485 nc:2243 ncall:4.0e+07 eff:0.1% logz-ratio=49.65+/-0.17 dlogz:1.107>0.1]
33911it [4:50:42 bound:487 nc:3100 ncall:4.1e+07 eff:0.1% logz-ratio=49.67+/-0.17 dlogz:1.013>0.1]
34036it [4:52:34 bound:489 nc:2836 ncall:4.1e+07 eff:0.1% logz-ratio=49.69+/-0.17 dlogz:0.933>0.1]
34162it [4:54:25 bound:491 nc:1970 ncall:4.1e+07 eff:0.1% logz-ratio=49.71+/-0.17 dlogz:1.094>0.1]
34283it [4:56:18 bound:493 nc:2451 ncall:4.2e+07 eff:0.1% logz-ratio=49.72+/-0.17 dlogz:1.007>0.1]
34409it [4:58:11 bound:495 nc:1803 ncall:4.2e+07 eff:0.1% logz-ratio=49.74+/-0.17 dlogz:0.922>0.1]
34535it [5:00:09 bound:497 nc:2974 ncall:4.2e+07 eff:0.1% logz-ratio=49.75+/-0.17 dlogz:0.841>0.1]
34657it [5:02:02 bound:499 nc:2308 ncall:4.2e+07 eff:0.1% logz-ratio=49.76+/-0.17 dlogz:0.768>0.1]
34712it [5:03:38 bound:500 nc:3197 ncall:4.2e+07 eff:0.1% logz-ratio=49.77+/-0.17 dlogz:0.737>0.1]
34836it [5:05:34 bound:502 nc:2246 ncall:4.3e+07 eff:0.1% logz-ratio=49.78+/-0.17 dlogz:0.669>0.1]
34898it [5:06:35 bound:503 nc:2217 ncall:4.3e+07 eff:0.1% logz-ratio=49.79+/-0.17 dlogz:0.637>0.1]
35019it [5:08:33 bound:505 nc:2365 ncall:4.3e+07 eff:0.1% logz-ratio=49.80+/-0.17 dlogz:0.578>0.1]
35080it [5:09:35 bound:506 nc:2977 ncall:4.3e+07 eff:0.1% logz-ratio=49.81+/-0.17 dlogz:0.550>0.1]
35203it [5:11:32 bound:508 nc:2350 ncall:4.4e+07 eff:0.1% logz-ratio=49.82+/-0.17 dlogz:0.497>0.1]
35262it [5:12:33 bound:509 nc:1916 ncall:4.4e+07 eff:0.1% logz-ratio=49.82+/-0.17 dlogz:0.473>0.1]
35389it [5:14:31 bound:511 nc:3282 ncall:4.4e+07 eff:0.1% logz-ratio=49.83+/-0.17 dlogz:0.425>0.1]
35451it [5:15:32 bound:512 nc:1934 ncall:4.4e+07 eff:0.1% logz-ratio=49.84+/-0.17 dlogz:0.403>0.1]
35513it [5:16:34 bound:513 nc:1223 ncall:4.4e+07 eff:0.1% logz-ratio=49.84+/-0.17 dlogz:0.382>0.1]
35639it [5:18:37 bound:515 nc:1441 ncall:4.5e+07 eff:0.1% logz-ratio=49.85+/-0.17 dlogz:0.342>0.1]
35765it [5:20:39 bound:517 nc:1698 ncall:4.5e+07 eff:0.1% logz-ratio=49.86+/-0.17 dlogz:0.305>0.1]
35828it [5:21:43 bound:518 nc:805 ncall:4.5e+07 eff:0.1% logz-ratio=49.86+/-0.17 dlogz:0.289>0.1]
35891it [5:22:45 bound:519 nc:2417 ncall:4.5e+07 eff:0.1% logz-ratio=49.86+/-0.17 dlogz:0.273>0.1]
36013it [5:24:40 bound:521 nc:2071 ncall:4.5e+07 eff:0.1% logz-ratio=49.87+/-0.17 dlogz:0.244>0.1]
36137it [5:26:32 bound:523 nc:2097 ncall:4.6e+07 eff:0.1% logz-ratio=49.88+/-0.17 dlogz:0.218>0.1]
36197it [5:27:34 bound:524 nc:3994 ncall:4.6e+07 eff:0.1% logz-ratio=49.88+/-0.17 dlogz:0.206>0.1]
36260it [5:28:35 bound:525 nc:2229 ncall:4.6e+07 eff:0.1% logz-ratio=49.88+/-0.17 dlogz:0.194>0.1]
36322it [5:29:39 bound:526 nc:1943 ncall:4.6e+07 eff:0.1% logz-ratio=49.89+/-0.17 dlogz:0.183>0.1]
36386it [5:30:41 bound:527 nc:2654 ncall:4.6e+07 eff:0.1% logz-ratio=49.89+/-0.17 dlogz:0.173>0.1]
36447it [5:31:42 bound:528 nc:2381 ncall:4.6e+07 eff:0.1% logz-ratio=49.89+/-0.17 dlogz:0.163>0.1]
36570it [5:33:35 bound:530 nc:2932 ncall:4.7e+07 eff:0.1% logz-ratio=49.90+/-0.17 dlogz:0.145>0.1]
36632it [5:34:38 bound:531 nc:2616 ncall:4.7e+07 eff:0.1% logz-ratio=49.90+/-0.17 dlogz:0.137>0.1]
36755it [5:36:35 bound:533 nc:2227 ncall:4.7e+07 eff:0.1% logz-ratio=49.90+/-0.17 dlogz:0.122>0.1]
36818it [5:37:38 bound:534 nc:1940 ncall:4.7e+07 eff:0.1% logz-ratio=49.91+/-0.17 dlogz:0.115>0.1]
36882it [5:38:43 bound:535 nc:1910 ncall:4.7e+07 eff:0.1% logz-ratio=49.91+/-0.17 dlogz:0.108>0.1]
At this point, we cannot create a float from 0       1.434957
1       1.435150
2       1.434181
3       1.437504
4       1.426685
          ...   
6635    1.446513
6636    1.448637
6637    1.437662
6638    1.448556
6639    1.429604
Name: chirp_mass_source, Length: 6640, dtype: float64, error: cannot convert the series to <class 'float'>
At this point, we cannot create a float from 0       0.587194
1       0.604104
2       0.577916
3       0.578121
4       0.560132
          ...   
6635    0.606496
6636    0.605014
6637    0.612819
6638    0.606048
6639    0.611810
Name: mass_ratio, Length: 6640, dtype: float64, error: cannot convert the series to <class 'float'>
At this point, we cannot create a float from 0       763.661133
1       716.765137
2       802.683228
3       776.492615
4       979.668518
           ...    
6635    636.982117
6636    705.791687
6637    680.787659
6638    713.573364
6639    711.395447
Name: lambda_2, Length: 6640, dtype: float64, error: cannot convert the series to <class 'float'>
Skipped taking the float value from [2.6122489  2.4335022  2.66276455 ... 2.36704826 2.71530056
 2.1352644 ], error: only length-1 arrays can be converted to Python scalars
At this point, we cannot create a float from [1.41315281 1.41328337 1.41341393 ... 1.45192809 1.45205865
 1.45218921], error: only length-1 arrays can be converted to Python scalars
At this point, we cannot create a float from [0.55516219 0.55541223 0.55566227 ... 0.62942392 0.62967396
 0.629924  ], error: only length-1 arrays can be converted to Python scalars
At this point, we cannot create a float from [ 503.64370728  505.56378909  507.4838709  ... 1073.90800532
 1075.82808713 1077.74816895], error: only length-1 arrays can be converted to Python scalars
Skipped taking the float value from [-0.38199902 -0.33402348 -0.28619862 ... -0.4552002  -0.4874649
 -0.51849365], error: only length-1 arrays can be converted to Python scalars
