000 (2575634.000.000) 2025-07-30 11:26:09 Job submitted from host: <145.107.7.246:9618?addrs=145.107.7.246-9618+[2a07-8500-120-e070--3f6]-9618&alias=taai-007.nikhef.nl&noUDP&sock=schedd_2614_90a7>
...
001 (2575634.000.000) 2025-07-30 11:27:06 Job executing on host: <145.107.4.167:9618?addrs=145.107.4.167-9618+[2a07-8500-120-e070--a7]-9618&alias=wn-pijl-006.nikhef.nl&noUDP&sock=startd_4304_c3b5>
	SlotName: slot1_4@wn-pijl-006.nikhef.nl
	AvailableGPUs = { GPUs_GPU_feb79665_637f_7d00_0944_9b688d6e2aa4 }
	CondorScratchDir = "/scratch/condor_execute/dir_3068175"
	Cpus = 1
	Disk = 16790397
	GPUs = 1
	GPUs_GPU_feb79665_637f_7d00_0944_9b688d6e2aa4 = [ Id = "GPU-feb79665-637f-7d00-0944-9b688d6e2aa4"; ClockMhz = 2520.0; Capability = 8.9; CoresPerCU = 128; DeviceName = "NVIDIA L40S"; DeviceUuid = "feb79665-637f-7d00-0944-9b688d6e2aa4"; ECCEnabled = true; ComputeUnits = 142; NvidiaDriver = "570.124.06"; DriverVersion = 12.8; DevicePciBusId = "0000:02:00.0"; GlobalMemoryMb = 45468; MaxSupportedVersion = 12080 ]
	Memory = 16384
...
006 (2575634.000.000) 2025-07-30 11:27:19 Image size of job updated: 673908
	659  -  MemoryUsage of job (MB)
	673908  -  ResidentSetSize of job (KB)
...
006 (2575634.000.000) 2025-07-30 11:32:19 Image size of job updated: 1066812
	1041  -  MemoryUsage of job (MB)
	1065064  -  ResidentSetSize of job (KB)
...
005 (2575634.000.000) 2025-07-30 11:33:34 Job terminated.
	(1) Normal termination (return value 0)
		Usr 0 00:06:18, Sys 0 00:00:02  -  Run Remote Usage
		Usr 0 00:00:00, Sys 0 00:00:00  -  Run Local Usage
		Usr 0 00:06:18, Sys 0 00:00:02  -  Total Remote Usage
		Usr 0 00:00:00, Sys 0 00:00:00  -  Total Local Usage
	0  -  Run Bytes Sent By Job
	0  -  Run Bytes Received By Job
	0  -  Total Bytes Sent By Job
	0  -  Total Bytes Received By Job
	Partitionable Resources :    Usage  Request Allocated Assigned
	   Cpus                 :     1.00        1         1 
	   Disk (KB)            : 17500    16777216  16790397 
	   GPUs                 :     0.09        1         1 "GPU-feb79665-637f-7d00-0944-9b688d6e2aa4"
	   GpusMemory (MB)      :  1172                       
	   Memory (MB)          :  1041       16384     16384 
	   TimeExecute (s)      :   388                       
	   TimeSlotBusy (s)     :   389                       

	Job terminated of its own accord at 2025-07-30T09:33:34Z with exit-code 0.
...
000 (2575643.000.000) 2025-07-30 11:50:40 Job submitted from host: <145.107.7.246:9618?addrs=145.107.7.246-9618+[2a07-8500-120-e070--3f6]-9618&alias=taai-007.nikhef.nl&noUDP&sock=schedd_2614_90a7>
...
001 (2575643.000.000) 2025-07-30 11:51:06 Job executing on host: <145.107.4.167:9618?addrs=145.107.4.167-9618+[2a07-8500-120-e070--a7]-9618&alias=wn-pijl-006.nikhef.nl&noUDP&sock=startd_4304_c3b5>
	SlotName: slot1_3@wn-pijl-006.nikhef.nl
	AvailableGPUs = { GPUs_GPU_f0aae384_9666_11e5_b85f_558ab6a9e936 }
	CondorScratchDir = "/scratch/condor_execute/dir_3083513"
	Cpus = 1
	Disk = 16790397
	GPUs = 1
	GPUs_GPU_f0aae384_9666_11e5_b85f_558ab6a9e936 = [ Id = "GPU-f0aae384-9666-11e5-b85f-558ab6a9e936"; ClockMhz = 2520.0; Capability = 8.9; CoresPerCU = 128; DeviceName = "NVIDIA L40S"; DeviceUuid = "f0aae384-9666-11e5-b85f-558ab6a9e936"; ECCEnabled = true; ComputeUnits = 142; NvidiaDriver = "570.124.06"; DriverVersion = 12.8; DevicePciBusId = "0000:C1:00.0"; GlobalMemoryMb = 45468; MaxSupportedVersion = 12080 ]
	Memory = 16384
...
006 (2575643.000.000) 2025-07-30 11:51:20 Image size of job updated: 1043360
	1019  -  MemoryUsage of job (MB)
	1043360  -  ResidentSetSize of job (KB)
...
006 (2575643.000.000) 2025-07-30 11:51:34 Image size of job updated: 1044340
	1019  -  MemoryUsage of job (MB)
	1043360  -  ResidentSetSize of job (KB)
...
004 (2575643.000.000) 2025-07-30 11:51:34 Job was evicted.
	(0) CPU times
		Usr 0 00:00:17, Sys 0 00:00:01  -  Run Remote Usage
		Usr 0 00:00:00, Sys 0 00:00:00  -  Run Local Usage
	0  -  Run Bytes Sent By Job
	0  -  Run Bytes Received By Job
	Partitionable Resources :    Usage  Request Allocated Assigned
	   Cpus                 :     0.55        1         1 
	   Disk (KB)            : 17500    16777216  16790397 
	   GPUs                 :     0.03        1         1 "GPU-f0aae384-9666-11e5-b85f-558ab6a9e936"
	   GpusMemory (MB)      :  1172                       
	   Memory (MB)          :  1019       16384     16384 
	   TimeExecute (s)      :    28                       
	   TimeSlotBusy (s)     :    28                       
...
009 (2575643.000.000) 2025-07-30 11:51:34 Job was aborted.
	via condor_rm (by user twouters)
...
000 (2575649.000.000) 2025-07-30 11:52:17 Job submitted from host: <145.107.7.246:9618?addrs=145.107.7.246-9618+[2a07-8500-120-e070--3f6]-9618&alias=taai-007.nikhef.nl&noUDP&sock=schedd_2614_90a7>
...
001 (2575649.000.000) 2025-07-30 11:53:06 Job executing on host: <145.107.4.167:9618?addrs=145.107.4.167-9618+[2a07-8500-120-e070--a7]-9618&alias=wn-pijl-006.nikhef.nl&noUDP&sock=startd_4304_c3b5>
	SlotName: slot1_4@wn-pijl-006.nikhef.nl
	AvailableGPUs = { GPUs_GPU_d36af8dd_2284_85df_7b52_1f9a5115bfa5 }
	CondorScratchDir = "/scratch/condor_execute/dir_3084543"
	Cpus = 1
	Disk = 16790397
	GPUs = 1
	GPUs_GPU_d36af8dd_2284_85df_7b52_1f9a5115bfa5 = [ Id = "GPU-d36af8dd-2284-85df-7b52-1f9a5115bfa5"; ClockMhz = 2520.0; Capability = 8.9; CoresPerCU = 128; DeviceName = "NVIDIA L40S"; DeviceUuid = "d36af8dd-2284-85df-7b52-1f9a5115bfa5"; ECCEnabled = true; ComputeUnits = 142; NvidiaDriver = "570.124.06"; DriverVersion = 12.8; DevicePciBusId = "0000:C2:00.0"; GlobalMemoryMb = 45468; MaxSupportedVersion = 12080 ]
	Memory = 16384
...
006 (2575649.000.000) 2025-07-30 11:53:19 Image size of job updated: 560372
	548  -  MemoryUsage of job (MB)
	560372  -  ResidentSetSize of job (KB)
...
006 (2575649.000.000) 2025-07-30 11:58:19 Image size of job updated: 1052440
	1026  -  MemoryUsage of job (MB)
	1050520  -  ResidentSetSize of job (KB)
...
006 (2575649.000.000) 2025-07-30 12:02:27 Image size of job updated: 1063308
	1026  -  MemoryUsage of job (MB)
	1050520  -  ResidentSetSize of job (KB)
...
005 (2575649.000.000) 2025-07-30 12:02:28 Job terminated.
	(1) Normal termination (return value 0)
		Usr 0 00:09:11, Sys 0 00:00:02  -  Run Remote Usage
		Usr 0 00:00:00, Sys 0 00:00:00  -  Run Local Usage
		Usr 0 00:09:11, Sys 0 00:00:02  -  Total Remote Usage
		Usr 0 00:00:00, Sys 0 00:00:00  -  Total Local Usage
	0  -  Run Bytes Sent By Job
	0  -  Run Bytes Received By Job
	0  -  Total Bytes Sent By Job
	0  -  Total Bytes Received By Job
	Partitionable Resources :    Usage  Request Allocated Assigned
	   Cpus                 :     1.00        1         1 
	   Disk (KB)            : 17500    16777216  16790397 
	   GPUs                 :     0.09        1         1 "GPU-d36af8dd-2284-85df-7b52-1f9a5115bfa5"
	   GpusMemory (MB)      :  1172                       
	   Memory (MB)          :  1026       16384     16384 
	   TimeExecute (s)      :   561                       
	   TimeSlotBusy (s)     :   562                       

	Job terminated of its own accord at 2025-07-30T10:02:27Z with exit-code 0.
...
000 (2575799.000.000) 2025-07-30 16:24:17 Job submitted from host: <145.107.7.246:9618?addrs=145.107.7.246-9618+[2a07-8500-120-e070--3f6]-9618&alias=taai-007.nikhef.nl&noUDP&sock=schedd_2614_90a7>
...
001 (2575799.000.000) 2025-07-30 16:25:12 Job executing on host: <145.107.4.166:9618?addrs=145.107.4.166-9618+[2a07-8500-120-e070--a6]-9618&alias=wn-pijl-005.nikhef.nl&noUDP&sock=startd_4117_7f7f>
	SlotName: slot1_4@wn-pijl-005.nikhef.nl
	AvailableGPUs = { GPUs_GPU_ed2f47cb_2566_6255_92c5_17dc30b69ad7 }
	CondorScratchDir = "/scratch/condor_execute/dir_3118536"
	Cpus = 1
	Disk = 16790366
	GPUs = 1
	GPUs_GPU_ed2f47cb_2566_6255_92c5_17dc30b69ad7 = [ Id = "GPU-ed2f47cb-2566-6255-92c5-17dc30b69ad7"; ClockMhz = 2520.0; Capability = 8.9; CoresPerCU = 128; DeviceName = "NVIDIA L40S"; DeviceUuid = "ed2f47cb-2566-6255-92c5-17dc30b69ad7"; ECCEnabled = true; ComputeUnits = 142; NvidiaDriver = "570.124.06"; DriverVersion = 12.8; DevicePciBusId = "0000:02:00.0"; GlobalMemoryMb = 45468; MaxSupportedVersion = 12080 ]
	Memory = 16384
...
006 (2575799.000.000) 2025-07-30 16:25:25 Image size of job updated: 394472
	386  -  MemoryUsage of job (MB)
	394472  -  ResidentSetSize of job (KB)
...
006 (2575799.000.000) 2025-07-30 16:30:25 Image size of job updated: 1066720
	1041  -  MemoryUsage of job (MB)
	1065044  -  ResidentSetSize of job (KB)
...
006 (2575799.000.000) 2025-07-30 16:35:26 Image size of job updated: 1066720
	1041  -  MemoryUsage of job (MB)
	1065336  -  ResidentSetSize of job (KB)
...
006 (2575799.000.000) 2025-07-30 16:45:26 Image size of job updated: 1066720
	1041  -  MemoryUsage of job (MB)
	1065352  -  ResidentSetSize of job (KB)
...
006 (2575799.000.000) 2025-07-30 16:50:28 Image size of job updated: 1066720
	1041  -  MemoryUsage of job (MB)
	1065376  -  ResidentSetSize of job (KB)
...
006 (2575799.000.000) 2025-07-30 16:55:28 Image size of job updated: 1066720
	1041  -  MemoryUsage of job (MB)
	1065380  -  ResidentSetSize of job (KB)
...
006 (2575799.000.000) 2025-07-30 17:05:30 Image size of job updated: 1066720
	1041  -  MemoryUsage of job (MB)
	1065388  -  ResidentSetSize of job (KB)
...
006 (2575799.000.000) 2025-07-30 17:10:29 Image size of job updated: 1066720
	1041  -  MemoryUsage of job (MB)
	1065396  -  ResidentSetSize of job (KB)
...
005 (2575799.000.000) 2025-07-30 17:27:58 Job terminated.
	(1) Normal termination (return value 0)
		Usr 0 01:02:29, Sys 0 00:00:10  -  Run Remote Usage
		Usr 0 00:00:00, Sys 0 00:00:00  -  Run Local Usage
		Usr 0 01:02:29, Sys 0 00:00:10  -  Total Remote Usage
		Usr 0 00:00:00, Sys 0 00:00:00  -  Total Local Usage
	0  -  Run Bytes Sent By Job
	0  -  Run Bytes Received By Job
	0  -  Total Bytes Sent By Job
	0  -  Total Bytes Received By Job
	Partitionable Resources :    Usage  Request Allocated Assigned
	   Cpus                 :     1.00        1         1 
	   Disk (KB)            : 17500    16777216  16790366 
	   GPUs                 :     0.10        1         1 "GPU-ed2f47cb-2566-6255-92c5-17dc30b69ad7"
	   GpusMemory (MB)      :  1210                       
	   Memory (MB)          :  1041       16384     16384 
	   TimeExecute (s)      :  3766                       
	   TimeSlotBusy (s)     :  3767                       

	Job terminated of its own accord at 2025-07-30T15:27:58Z with exit-code 0.
...
000 (2588213.000.000) 2025-08-07 16:34:54 Job submitted from host: <145.107.7.246:9618?addrs=145.107.7.246-9618+[2a07-8500-120-e070--3f6]-9618&alias=taai-007.nikhef.nl&noUDP&sock=schedd_2614_90a7>
...
001 (2588213.000.000) 2025-08-07 16:34:59 Job executing on host: <145.107.4.167:9618?addrs=145.107.4.167-9618+[2a07-8500-120-e070--a7]-9618&alias=wn-pijl-006.nikhef.nl&noUDP&sock=startd_4304_c3b5>
	SlotName: slot1_4@wn-pijl-006.nikhef.nl
	AvailableGPUs = { GPUs_GPU_d36af8dd_2284_85df_7b52_1f9a5115bfa5 }
	CondorScratchDir = "/scratch/condor_execute/dir_2457350"
	Cpus = 1
	Disk = 16790397
	GPUs = 1
	GPUs_GPU_d36af8dd_2284_85df_7b52_1f9a5115bfa5 = [ Id = "GPU-d36af8dd-2284-85df-7b52-1f9a5115bfa5"; ClockMhz = 2520.0; Capability = 8.9; CoresPerCU = 128; DeviceName = "NVIDIA L40S"; DeviceUuid = "d36af8dd-2284-85df-7b52-1f9a5115bfa5"; ECCEnabled = true; ComputeUnits = 142; NvidiaDriver = "570.124.06"; DriverVersion = 12.8; DevicePciBusId = "0000:C2:00.0"; GlobalMemoryMb = 45468; MaxSupportedVersion = 12080 ]
	Memory = 16384
...
006 (2588213.000.000) 2025-08-07 16:35:13 Image size of job updated: 608444
	595  -  MemoryUsage of job (MB)
	608444  -  ResidentSetSize of job (KB)
...
006 (2588213.000.000) 2025-08-07 16:40:13 Image size of job updated: 1310208
	1278  -  MemoryUsage of job (MB)
	1308288  -  ResidentSetSize of job (KB)
...
006 (2588213.000.000) 2025-08-07 16:45:14 Image size of job updated: 1310208
	1278  -  MemoryUsage of job (MB)
	1308512  -  ResidentSetSize of job (KB)
...
006 (2588213.000.000) 2025-08-07 16:50:15 Image size of job updated: 1310208
	1278  -  MemoryUsage of job (MB)
	1308516  -  ResidentSetSize of job (KB)
...
006 (2588213.000.000) 2025-08-07 17:00:16 Image size of job updated: 1327600
	1297  -  MemoryUsage of job (MB)
	1327600  -  ResidentSetSize of job (KB)
...
006 (2588213.000.000) 2025-08-07 17:10:16 Image size of job updated: 1327604
	1297  -  MemoryUsage of job (MB)
	1327604  -  ResidentSetSize of job (KB)
...
006 (2588213.000.000) 2025-08-07 17:15:17 Image size of job updated: 1327608
	1297  -  MemoryUsage of job (MB)
	1327608  -  ResidentSetSize of job (KB)
...
006 (2588213.000.000) 2025-08-07 17:25:17 Image size of job updated: 1327612
	1297  -  MemoryUsage of job (MB)
	1327612  -  ResidentSetSize of job (KB)
...
006 (2588213.000.000) 2025-08-07 17:30:18 Image size of job updated: 1327616
	1297  -  MemoryUsage of job (MB)
	1327616  -  ResidentSetSize of job (KB)
...
006 (2588213.000.000) 2025-08-07 17:35:18 Image size of job updated: 1327620
	1297  -  MemoryUsage of job (MB)
	1327620  -  ResidentSetSize of job (KB)
...
006 (2588213.000.000) 2025-08-07 17:45:19 Image size of job updated: 1335676
	1305  -  MemoryUsage of job (MB)
	1335676  -  ResidentSetSize of job (KB)
...
006 (2588213.000.000) 2025-08-07 17:50:19 Image size of job updated: 1486064
	1452  -  MemoryUsage of job (MB)
	1486064  -  ResidentSetSize of job (KB)
...
006 (2588213.000.000) 2025-08-07 17:55:20 Image size of job updated: 1548928
	1513  -  MemoryUsage of job (MB)
	1548928  -  ResidentSetSize of job (KB)
...
005 (2588213.000.000) 2025-08-07 18:07:21 Job terminated.
	(1) Normal termination (return value 0)
		Usr 0 01:31:59, Sys 0 00:00:13  -  Run Remote Usage
		Usr 0 00:00:00, Sys 0 00:00:00  -  Run Local Usage
		Usr 0 01:31:59, Sys 0 00:00:13  -  Total Remote Usage
		Usr 0 00:00:00, Sys 0 00:00:00  -  Total Local Usage
	0  -  Run Bytes Sent By Job
	0  -  Run Bytes Received By Job
	0  -  Total Bytes Sent By Job
	0  -  Total Bytes Received By Job
	Partitionable Resources :    Usage  Request Allocated Assigned
	   Cpus                 :     1.00        1         1 
	   Disk (KB)            : 17500    16777216  16790397 
	   GPUs                 :     0.12        1         1 "GPU-d36af8dd-2284-85df-7b52-1f9a5115bfa5"
	   GpusMemory (MB)      :  1362                       
	   Memory (MB)          :  1513       16384     16384 
	   TimeExecute (s)      :  5542                       
	   TimeSlotBusy (s)     :  5542                       

	Job terminated of its own accord at 2025-08-07T16:07:21Z with exit-code 0.
...
000 (2588250.000.000) 2025-08-08 08:15:02 Job submitted from host: <145.107.7.246:9618?addrs=145.107.7.246-9618+[2a07-8500-120-e070--3f6]-9618&alias=taai-007.nikhef.nl&noUDP&sock=schedd_2614_90a7>
...
001 (2588250.000.000) 2025-08-08 08:15:16 Job executing on host: <145.107.4.163:9618?addrs=145.107.4.163-9618+[2a07-8500-120-e070--a3]-9618&alias=wn-pijl-002.nikhef.nl&noUDP&sock=startd_4326_daca>
	SlotName: slot1_2@wn-pijl-002.nikhef.nl
	AvailableGPUs = { GPUs_GPU_9ac85904_bd86_56e5_9296_f45f0116f69c }
	CondorScratchDir = "/scratch/condor_execute/dir_3623956"
	Cpus = 1
	Disk = 16790353
	GPUs = 1
	GPUs_GPU_9ac85904_bd86_56e5_9296_f45f0116f69c = [ Id = "GPU-9ac85904-bd86-56e5-9296-f45f0116f69c"; ClockMhz = 2520.0; Capability = 8.9; CoresPerCU = 128; DeviceName = "NVIDIA L40S"; DeviceUuid = "9ac85904-bd86-56e5-9296-f45f0116f69c"; ECCEnabled = true; ComputeUnits = 142; NvidiaDriver = "570.124.06"; DriverVersion = 12.8; DevicePciBusId = "0000:02:00.0"; GlobalMemoryMb = 45468; MaxSupportedVersion = 12080 ]
	Memory = 16384
...
006 (2588250.000.000) 2025-08-08 08:15:29 Image size of job updated: 296784
	290  -  MemoryUsage of job (MB)
	296784  -  ResidentSetSize of job (KB)
...
006 (2588250.000.000) 2025-08-08 08:15:44 Image size of job updated: 1164368
	290  -  MemoryUsage of job (MB)
	296788  -  ResidentSetSize of job (KB)
...
005 (2588250.000.000) 2025-08-08 08:15:44 Job terminated.
	(1) Normal termination (return value 1)
		Usr 0 00:00:09, Sys 0 00:00:03  -  Run Remote Usage
		Usr 0 00:00:00, Sys 0 00:00:00  -  Run Local Usage
		Usr 0 00:00:09, Sys 0 00:00:03  -  Total Remote Usage
		Usr 0 00:00:00, Sys 0 00:00:00  -  Total Local Usage
	0  -  Run Bytes Sent By Job
	0  -  Run Bytes Received By Job
	0  -  Total Bytes Sent By Job
	0  -  Total Bytes Received By Job
	Partitionable Resources :    Usage  Request Allocated Assigned
	   Cpus                 :     0.39        1         1 
	   Disk (KB)            : 17500    16777216  16790353 
	   GPUs                 :     0           1         1 "GPU-9ac85904-bd86-56e5-9296-f45f0116f69c"
	   GpusMemory (MB)      :   603                       
	   Memory (MB)          :   290       16384     16384 
	   TimeExecute (s)      :    28                       
	   TimeSlotBusy (s)     :    29                       

	Job terminated of its own accord at 2025-08-08T06:15:44Z with exit-code 1.
...
000 (2588268.000.000) 2025-08-08 08:35:57 Job submitted from host: <145.107.7.246:9618?addrs=145.107.7.246-9618+[2a07-8500-120-e070--3f6]-9618&alias=taai-007.nikhef.nl&noUDP&sock=schedd_2614_90a7>
...
001 (2588268.000.000) 2025-08-08 08:36:15 Job executing on host: <145.107.4.163:9618?addrs=145.107.4.163-9618+[2a07-8500-120-e070--a3]-9618&alias=wn-pijl-002.nikhef.nl&noUDP&sock=startd_4326_daca>
	SlotName: slot1_2@wn-pijl-002.nikhef.nl
	AvailableGPUs = { GPUs_GPU_9ac85904_bd86_56e5_9296_f45f0116f69c }
	CondorScratchDir = "/scratch/condor_execute/dir_3639514"
	Cpus = 1
	Disk = 16790353
	GPUs = 1
	GPUs_GPU_9ac85904_bd86_56e5_9296_f45f0116f69c = [ Id = "GPU-9ac85904-bd86-56e5-9296-f45f0116f69c"; ClockMhz = 2520.0; Capability = 8.9; CoresPerCU = 128; DeviceName = "NVIDIA L40S"; DeviceUuid = "9ac85904-bd86-56e5-9296-f45f0116f69c"; ECCEnabled = true; ComputeUnits = 142; NvidiaDriver = "570.124.06"; DriverVersion = 12.8; DevicePciBusId = "0000:02:00.0"; GlobalMemoryMb = 45468; MaxSupportedVersion = 12080 ]
	Memory = 16384
...
006 (2588268.000.000) 2025-08-08 08:36:29 Image size of job updated: 1162928
	1136  -  MemoryUsage of job (MB)
	1162928  -  ResidentSetSize of job (KB)
...
006 (2588268.000.000) 2025-08-08 08:41:30 Image size of job updated: 1165664
	1137  -  MemoryUsage of job (MB)
	1163744  -  ResidentSetSize of job (KB)
...
006 (2588268.000.000) 2025-08-08 08:46:30 Image size of job updated: 1165664
	1137  -  MemoryUsage of job (MB)
	1163976  -  ResidentSetSize of job (KB)
...
005 (2588268.000.000) 2025-08-08 09:11:55 Job terminated.
	(1) Normal termination (return value 0)
		Usr 0 00:35:21, Sys 0 00:00:09  -  Run Remote Usage
		Usr 0 00:00:00, Sys 0 00:00:00  -  Run Local Usage
		Usr 0 00:35:21, Sys 0 00:00:09  -  Total Remote Usage
		Usr 0 00:00:00, Sys 0 00:00:00  -  Total Local Usage
	0  -  Run Bytes Sent By Job
	0  -  Run Bytes Received By Job
	0  -  Total Bytes Sent By Job
	0  -  Total Bytes Received By Job
	Partitionable Resources :    Usage  Request Allocated Assigned
	   Cpus                 :     1.00        1         1 
	   Disk (KB)            : 17500    16777216  16790353 
	   GPUs                 :     0.09        1         1 "GPU-9ac85904-bd86-56e5-9296-f45f0116f69c"
	   GpusMemory (MB)      :  1174                       
	   Memory (MB)          :  1137       16384     16384 
	   TimeExecute (s)      :  2140                       
	   TimeSlotBusy (s)     :  2140                       

	Job terminated of its own accord at 2025-08-08T07:11:55Z with exit-code 0.
...
000 (2588286.000.000) 2025-08-08 09:31:54 Job submitted from host: <145.107.7.246:9618?addrs=145.107.7.246-9618+[2a07-8500-120-e070--3f6]-9618&alias=taai-007.nikhef.nl&noUDP&sock=schedd_2614_90a7>
...
001 (2588286.000.000) 2025-08-08 09:32:17 Job executing on host: <145.107.4.163:9618?addrs=145.107.4.163-9618+[2a07-8500-120-e070--a3]-9618&alias=wn-pijl-002.nikhef.nl&noUDP&sock=startd_4326_daca>
	SlotName: slot1_2@wn-pijl-002.nikhef.nl
	AvailableGPUs = { GPUs_GPU_9ac85904_bd86_56e5_9296_f45f0116f69c }
	CondorScratchDir = "/scratch/condor_execute/dir_3671648"
	Cpus = 1
	Disk = 16790353
	GPUs = 1
	GPUs_GPU_9ac85904_bd86_56e5_9296_f45f0116f69c = [ Id = "GPU-9ac85904-bd86-56e5-9296-f45f0116f69c"; ClockMhz = 2520.0; Capability = 8.9; CoresPerCU = 128; DeviceName = "NVIDIA L40S"; DeviceUuid = "9ac85904-bd86-56e5-9296-f45f0116f69c"; ECCEnabled = true; ComputeUnits = 142; NvidiaDriver = "570.124.06"; DriverVersion = 12.8; DevicePciBusId = "0000:02:00.0"; GlobalMemoryMb = 45468; MaxSupportedVersion = 12080 ]
	Memory = 16384
...
006 (2588286.000.000) 2025-08-08 09:32:30 Image size of job updated: 311668
	305  -  MemoryUsage of job (MB)
	311668  -  ResidentSetSize of job (KB)
...
006 (2588286.000.000) 2025-08-08 09:37:30 Image size of job updated: 1082668
	1056  -  MemoryUsage of job (MB)
	1080656  -  ResidentSetSize of job (KB)
...
006 (2588286.000.000) 2025-08-08 09:42:30 Image size of job updated: 1082668
	1056  -  MemoryUsage of job (MB)
	1080884  -  ResidentSetSize of job (KB)
...
006 (2588286.000.000) 2025-08-08 09:44:45 Image size of job updated: 1086448
	1056  -  MemoryUsage of job (MB)
	1080884  -  ResidentSetSize of job (KB)
...
005 (2588286.000.000) 2025-08-08 09:44:45 Job terminated.
	(1) Normal termination (return value 0)
		Usr 0 00:12:09, Sys 0 00:00:06  -  Run Remote Usage
		Usr 0 00:00:00, Sys 0 00:00:00  -  Run Local Usage
		Usr 0 00:12:09, Sys 0 00:00:06  -  Total Remote Usage
		Usr 0 00:00:00, Sys 0 00:00:00  -  Total Local Usage
	0  -  Run Bytes Sent By Job
	0  -  Run Bytes Received By Job
	0  -  Total Bytes Sent By Job
	0  -  Total Bytes Received By Job
	Partitionable Resources :    Usage  Request Allocated Assigned
	   Cpus                 :     1.00        1         1 
	   Disk (KB)            : 17500    16777216  16790353 
	   GPUs                 :     0.06        1         1 "GPU-9ac85904-bd86-56e5-9296-f45f0116f69c"
	   GpusMemory (MB)      :  1182                       
	   Memory (MB)          :  1056       16384     16384 
	   TimeExecute (s)      :   748                       
	   TimeSlotBusy (s)     :   748                       

	Job terminated of its own accord at 2025-08-08T07:44:45Z with exit-code 0.
...
