000 (2564480.000.000) 2025-07-28 12:37:54 Job submitted from host: <145.107.7.246:9618?addrs=145.107.7.246-9618+[2a07-8500-120-e070--3f6]-9618&alias=taai-007.nikhef.nl&noUDP&sock=schedd_2614_90a7>
    DAG Node: run_c
...
001 (2564480.000.000) 2025-07-28 12:38:50 Job executing on host: <145.107.4.163:9618?addrs=145.107.4.163-9618+[2a07-8500-120-e070--a3]-9618&alias=wn-pijl-002.nikhef.nl&noUDP&sock=startd_4326_daca>
	SlotName: slot1_60@wn-pijl-002.nikhef.nl
	AvailableGPUs = {  }
	CondorScratchDir = "/scratch/condor_execute/dir_1852731"
	Cpus = 64
	Disk = 16790353
	GPUs = 0
	Memory = 16384
...
006 (2564480.000.000) 2025-07-28 12:39:03 Image size of job updated: 286148
	0  -  MemoryUsage of job (MB)
	0  -  ResidentSetSize of job (KB)
...
005 (2564480.000.000) 2025-07-28 12:39:03 Job terminated.
	(1) Normal termination (return value 1)
		Usr 0 00:00:11, Sys 0 00:00:07  -  Run Remote Usage
		Usr 0 00:00:00, Sys 0 00:00:00  -  Run Local Usage
		Usr 0 00:00:11, Sys 0 00:00:07  -  Total Remote Usage
		Usr 0 00:00:00, Sys 0 00:00:00  -  Total Local Usage
	0  -  Run Bytes Sent By Job
	0  -  Run Bytes Received By Job
	0  -  Total Bytes Sent By Job
	0  -  Total Bytes Received By Job
	Partitionable Resources :    Usage  Request Allocated 
	   Cpus                 :        0       64        64 
	   Disk (KB)            :    17500 16777216  16790353 
	   GPUs                 :                           0 
	   Memory (MB)          :        0    16384     16384 
	   TimeExecute (s)      :       13                    
	   TimeSlotBusy (s)     :       13                    

	Job terminated of its own accord at 2025-07-28T10:39:03Z with exit-code 1.
...
000 (2565514.000.000) 2025-07-28 14:01:54 Job submitted from host: <145.107.7.246:9618?addrs=145.107.7.246-9618+[2a07-8500-120-e070--3f6]-9618&alias=taai-007.nikhef.nl&noUDP&sock=schedd_2614_90a7>
    DAG Node: run_c
...
001 (2565514.000.000) 2025-07-28 14:02:52 Job executing on host: <145.107.4.168:9618?addrs=145.107.4.168-9618+[2a07-8500-120-e070--a8]-9618&alias=wn-pijl-007.nikhef.nl&noUDP&sock=startd_4419_a519>
	SlotName: slot1_62@wn-pijl-007.nikhef.nl
	AvailableGPUs = {  }
	CondorScratchDir = "/scratch/condor_execute/dir_4192558"
	Cpus = 64
	Disk = 16790397
	GPUs = 0
	Memory = 16384
...
006 (2565514.000.000) 2025-07-28 14:03:05 Image size of job updated: 334588
	327  -  MemoryUsage of job (MB)
	334588  -  ResidentSetSize of job (KB)
...
006 (2565514.000.000) 2025-07-28 14:08:05 Image size of job updated: 1377940
	1154  -  MemoryUsage of job (MB)
	1181400  -  ResidentSetSize of job (KB)
...
006 (2565514.000.000) 2025-07-28 14:13:06 Image size of job updated: 1377940
	1165  -  MemoryUsage of job (MB)
	1192632  -  ResidentSetSize of job (KB)
...
006 (2565514.000.000) 2025-07-28 14:18:06 Image size of job updated: 1377940
	1172  -  MemoryUsage of job (MB)
	1199608  -  ResidentSetSize of job (KB)
...
006 (2565514.000.000) 2025-07-28 14:23:06 Image size of job updated: 1377940
	1178  -  MemoryUsage of job (MB)
	1206064  -  ResidentSetSize of job (KB)
...
006 (2565514.000.000) 2025-07-28 14:28:07 Image size of job updated: 1377940
	1182  -  MemoryUsage of job (MB)
	1209828  -  ResidentSetSize of job (KB)
...
006 (2565514.000.000) 2025-07-28 14:32:05 Image size of job updated: 1895316
	1182  -  MemoryUsage of job (MB)
	1209828  -  ResidentSetSize of job (KB)
...
005 (2565514.000.000) 2025-07-28 14:32:05 Job terminated.
	(1) Normal termination (return value 0)
		Usr 0 19:09:18, Sys 0 00:01:01  -  Run Remote Usage
		Usr 0 00:00:00, Sys 0 00:00:00  -  Run Local Usage
		Usr 0 19:09:18, Sys 0 00:01:01  -  Total Remote Usage
		Usr 0 00:00:00, Sys 0 00:00:00  -  Total Local Usage
	0  -  Run Bytes Sent By Job
	0  -  Run Bytes Received By Job
	0  -  Total Bytes Sent By Job
	0  -  Total Bytes Received By Job
	Partitionable Resources :    Usage  Request Allocated 
	   Cpus                 :     1.63       64        64 
	   Disk (KB)            : 17500    16777216  16790397 
	   GPUs                 :                           0 
	   Memory (MB)          :  1182       16384     16384 
	   TimeExecute (s)      :  1753                       
	   TimeSlotBusy (s)     :  1754                       

	Job terminated of its own accord at 2025-07-28T12:32:05Z with exit-code 0.
...
