000 (2587866.000.000) 2025-08-06 10:20:10 Job submitted from host: <145.107.7.246:9618?addrs=145.107.7.246-9618+[2a07-8500-120-e070--3f6]-9618&alias=taai-007.nikhef.nl&noUDP&sock=schedd_2614_90a7>
...
001 (2587866.000.000) 2025-08-06 10:20:39 Job executing on host: <145.107.4.166:9618?addrs=145.107.4.166-9618+[2a07-8500-120-e070--a6]-9618&alias=wn-pijl-005.nikhef.nl&noUDP&sock=startd_4117_7f7f>
	SlotName: slot1_2@wn-pijl-005.nikhef.nl
	AvailableGPUs = { GPUs_GPU_ed2f47cb_2566_6255_92c5_17dc30b69ad7 }
	CondorScratchDir = "/scratch/condor_execute/dir_196504"
	Cpus = 1
	Disk = 16790366
	GPUs = 1
	GPUs_GPU_ed2f47cb_2566_6255_92c5_17dc30b69ad7 = [ Id = "GPU-ed2f47cb-2566-6255-92c5-17dc30b69ad7"; ClockMhz = 2520.0; Capability = 8.9; CoresPerCU = 128; DeviceName = "NVIDIA L40S"; DeviceUuid = "ed2f47cb-2566-6255-92c5-17dc30b69ad7"; ECCEnabled = true; ComputeUnits = 142; NvidiaDriver = "570.124.06"; DriverVersion = 12.8; DevicePciBusId = "0000:02:00.0"; GlobalMemoryMb = 45468; MaxSupportedVersion = 12080 ]
	Memory = 16384
...
006 (2587866.000.000) 2025-08-06 10:20:53 Image size of job updated: 656240
	641  -  MemoryUsage of job (MB)
	656240  -  ResidentSetSize of job (KB)
...
006 (2587866.000.000) 2025-08-06 10:25:54 Image size of job updated: 688648
	672  -  MemoryUsage of job (MB)
	687324  -  ResidentSetSize of job (KB)
...
006 (2587866.000.000) 2025-08-06 10:30:13 Image size of job updated: 3519148
	672  -  MemoryUsage of job (MB)
	687324  -  ResidentSetSize of job (KB)
...
005 (2587866.000.000) 2025-08-06 10:30:13 Job terminated.
	(1) Normal termination (return value 0)
		Usr 0 00:09:35, Sys 0 00:00:37  -  Run Remote Usage
		Usr 0 00:00:00, Sys 0 00:00:00  -  Run Local Usage
		Usr 0 00:09:35, Sys 0 00:00:37  -  Total Remote Usage
		Usr 0 00:00:00, Sys 0 00:00:00  -  Total Local Usage
	0  -  Run Bytes Sent By Job
	0  -  Run Bytes Received By Job
	0  -  Total Bytes Sent By Job
	0  -  Total Bytes Received By Job
	Partitionable Resources :    Usage  Request Allocated Assigned
	   Cpus                 :     1.04        1         1 
	   Disk (KB)            : 17500    16777216  16790366 
	   GPUs                 :                 1         1 "GPU-ed2f47cb-2566-6255-92c5-17dc30b69ad7"
	   GpusMemory (MB)      : 35158                       
	   Memory (MB)          :   672       16384     16384 
	   TimeExecute (s)      :   574                       
	   TimeSlotBusy (s)     :   574                       

	Job terminated of its own accord at 2025-08-06T08:30:13Z with exit-code 0.
...
000 (2587955.000.000) 2025-08-06 13:57:15 Job submitted from host: <145.107.7.246:9618?addrs=145.107.7.246-9618+[2a07-8500-120-e070--3f6]-9618&alias=taai-007.nikhef.nl&noUDP&sock=schedd_2614_90a7>
...
001 (2587955.000.000) 2025-08-06 13:57:42 Job executing on host: <145.107.4.166:9618?addrs=145.107.4.166-9618+[2a07-8500-120-e070--a6]-9618&alias=wn-pijl-005.nikhef.nl&noUDP&sock=startd_4117_7f7f>
	SlotName: slot1_4@wn-pijl-005.nikhef.nl
	AvailableGPUs = { GPUs_GPU_b013bbeb_10d8_c36c_d6b5_87c5360a10d5 }
	CondorScratchDir = "/scratch/condor_execute/dir_331662"
	Cpus = 1
	Disk = 16790366
	GPUs = 1
	GPUs_GPU_b013bbeb_10d8_c36c_d6b5_87c5360a10d5 = [ Id = "GPU-b013bbeb-10d8-c36c-d6b5-87c5360a10d5"; ClockMhz = 2520.0; Capability = 8.9; CoresPerCU = 128; DeviceName = "NVIDIA L40S"; DeviceUuid = "b013bbeb-10d8-c36c-d6b5-87c5360a10d5"; ECCEnabled = true; ComputeUnits = 142; NvidiaDriver = "570.124.06"; DriverVersion = 12.8; DevicePciBusId = "0000:C2:00.0"; GlobalMemoryMb = 45468; MaxSupportedVersion = 12080 ]
	Memory = 16384
...
006 (2587955.000.000) 2025-08-06 13:57:56 Image size of job updated: 646796
	632  -  MemoryUsage of job (MB)
	646796  -  ResidentSetSize of job (KB)
...
006 (2587955.000.000) 2025-08-06 14:02:57 Image size of job updated: 686420
	670  -  MemoryUsage of job (MB)
	685268  -  ResidentSetSize of job (KB)
...
006 (2587955.000.000) 2025-08-06 14:07:57 Image size of job updated: 3645820
	3561  -  MemoryUsage of job (MB)
	3645820  -  ResidentSetSize of job (KB)
...
006 (2587955.000.000) 2025-08-06 14:12:57 Image size of job updated: 4395704
	4293  -  MemoryUsage of job (MB)
	4395704  -  ResidentSetSize of job (KB)
...
006 (2587955.000.000) 2025-08-06 14:17:58 Image size of job updated: 5156788
	5036  -  MemoryUsage of job (MB)
	5156788  -  ResidentSetSize of job (KB)
...
006 (2587955.000.000) 2025-08-06 14:18:52 Image size of job updated: 5284268
	5036  -  MemoryUsage of job (MB)
	5156788  -  ResidentSetSize of job (KB)
...
005 (2587955.000.000) 2025-08-06 14:18:52 Job terminated.
	(1) Normal termination (return value 0)
		Usr 0 00:21:31, Sys 0 00:01:27  -  Run Remote Usage
		Usr 0 00:00:00, Sys 0 00:00:00  -  Run Local Usage
		Usr 0 00:21:31, Sys 0 00:01:27  -  Total Remote Usage
		Usr 0 00:00:00, Sys 0 00:00:00  -  Total Local Usage
	0  -  Run Bytes Sent By Job
	0  -  Run Bytes Received By Job
	0  -  Total Bytes Sent By Job
	0  -  Total Bytes Received By Job
	Partitionable Resources :    Usage  Request Allocated Assigned
	   Cpus                 :     1.04        1         1 
	   Disk (KB)            : 17500    16777216  16790366 
	   GPUs                 :                 1         1 "GPU-b013bbeb-10d8-c36c-d6b5-87c5360a10d5"
	   GpusMemory (MB)      : 35162                       
	   Memory (MB)          :  5036       16384     16384 
	   TimeExecute (s)      :  1270                       
	   TimeSlotBusy (s)     :  1270                       

	Job terminated of its own accord at 2025-08-06T12:18:52Z with exit-code 0.
...
