self.parameters_ref
{'chirp_mass': 2.0272715949909377, 'mass_ratio': 0.3699999999999999, 'symmetric_mass_ratio': 0.19713357131440137, 'a_1': 0.0, 'a_2': 0.0, 'tilt_1': 0.0, 'tilt_2': 0.0, 'phi_jl': 0.0, 'phi_12': 0.0, 'luminosity_distance': 201.0, 'phase': 1.3576488959769972, 'theta_jn': 2.323517520938953, 'psi': 0.030083409062676092, 'ra': 1.121307208346961, 'dec': 0.22562961827621178, 'lambda_1': 0.0, 'lambda_2': 0.0, 'mass_1': 3.920441829732034, 'mass_2': 1.4505634770008522, 'geocent_time': 1369419318.7460938, 'duration': 128.0}
1it [0:00:00 bound:0 nc:  1 ncall:4.1e+03 eff:0.0% logz-ratio=-1131.24+/-0.05 dlogz:inf>0.1]
12282it [0:01:00 bound:0 nc: 14 ncall:8.1e+04 eff:15.1% logz-ratio=-1.76+/-0.02 dlogz:17.706>0.1]
14812it [0:02:05 bound:2 nc:847 ncall:1.5e+05 eff:9.9% logz-ratio=-1.41+/-0.02 dlogz:24.114>0.1]
15065it [0:03:15 bound:6 nc:305 ncall:3.4e+05 eff:4.5% logz-ratio=-1.38+/-0.02 dlogz:24.022>0.1]
15319it [0:04:24 bound:10 nc:949 ncall:5.2e+05 eff:3.0% logz-ratio=-1.35+/-0.02 dlogz:29.031>0.1]
15572it [0:05:31 bound:14 nc:620 ncall:7.1e+05 eff:2.2% logz-ratio=-1.32+/-0.02 dlogz:28.940>0.1]
15826it [0:06:40 bound:18 nc:510 ncall:8.9e+05 eff:1.8% logz-ratio=-1.29+/-0.02 dlogz:28.850>0.1]
16080it [0:07:53 bound:22 nc:951 ncall:1.1e+06 eff:1.5% logz-ratio=-1.26+/-0.02 dlogz:28.760>0.1]
16329it [0:09:03 bound:26 nc:750 ncall:1.3e+06 eff:1.3% logz-ratio=-1.24+/-0.02 dlogz:28.672>0.1]
16582it [0:10:13 bound:30 nc:825 ncall:1.5e+06 eff:1.1% logz-ratio=-1.21+/-0.02 dlogz:28.584>0.1]
16834it [0:11:24 bound:34 nc:909 ncall:1.6e+06 eff:1.0% logz-ratio=-1.18+/-0.02 dlogz:28.496>0.1]
17086it [0:12:36 bound:38 nc:918 ncall:1.8e+06 eff:0.9% logz-ratio=-1.16+/-0.02 dlogz:28.409>0.1]
17342it [0:13:50 bound:42 nc:592 ncall:2.0e+06 eff:0.9% logz-ratio=-1.13+/-0.02 dlogz:28.321>0.1]
17596it [0:15:05 bound:46 nc:440 ncall:2.2e+06 eff:0.8% logz-ratio=-1.11+/-0.02 dlogz:28.233>0.1]
17849it [0:16:15 bound:50 nc:1051 ncall:2.4e+06 eff:0.7% logz-ratio=-1.08+/-0.02 dlogz:28.147>0.1]
18103it [0:17:28 bound:54 nc:1015 ncall:2.6e+06 eff:0.7% logz-ratio=-1.06+/-0.02 dlogz:28.060>0.1]
18355it [0:18:43 bound:58 nc:809 ncall:2.8e+06 eff:0.7% logz-ratio=-1.03+/-0.02 dlogz:27.975>0.1]
18608it [0:20:01 bound:62 nc:888 ncall:3.0e+06 eff:0.6% logz-ratio=-1.01+/-0.02 dlogz:27.890>0.1]
18861it [0:21:18 bound:66 nc:1018 ncall:3.2e+06 eff:0.6% logz-ratio=-0.99+/-0.02 dlogz:27.804>0.1]
19113it [0:22:40 bound:70 nc:418 ncall:3.4e+06 eff:0.6% logz-ratio=-0.96+/-0.02 dlogz:38.877>0.1]
19366it [0:23:55 bound:74 nc:1387 ncall:3.6e+06 eff:0.5% logz-ratio=-0.94+/-0.02 dlogz:38.792>0.1]
19611it [0:25:12 bound:78 nc:977 ncall:3.7e+06 eff:0.5% logz-ratio=-0.92+/-0.02 dlogz:38.710>0.1]
19865it [0:26:27 bound:82 nc:960 ncall:3.9e+06 eff:0.5% logz-ratio=-0.89+/-0.02 dlogz:38.625>0.1]
20056it [0:27:28 bound:85 nc:891 ncall:4.1e+06 eff:0.5% logz-ratio=-0.88+/-0.02 dlogz:38.562>0.1]
20307it [0:28:45 bound:89 nc:772 ncall:4.3e+06 eff:0.5% logz-ratio=-0.86+/-0.02 dlogz:38.478>0.1]
20558it [0:30:05 bound:93 nc:605 ncall:4.5e+06 eff:0.5% logz-ratio=-0.83+/-0.02 dlogz:38.395>0.1]
20806it [0:31:23 bound:97 nc:522 ncall:4.7e+06 eff:0.4% logz-ratio=-0.81+/-0.02 dlogz:38.314>0.1]
21056it [0:32:45 bound:101 nc:486 ncall:4.8e+06 eff:0.4% logz-ratio=-0.79+/-0.02 dlogz:38.232>0.1]
21244it [0:33:45 bound:104 nc:424 ncall:5.0e+06 eff:0.4% logz-ratio=-0.78+/-0.02 dlogz:38.170>0.1]
21431it [0:34:47 bound:107 nc:822 ncall:5.1e+06 eff:0.4% logz-ratio=-0.76+/-0.02 dlogz:38.109>0.1]
21619it [0:35:49 bound:110 nc:779 ncall:5.3e+06 eff:0.4% logz-ratio=-0.75+/-0.02 dlogz:38.047>0.1]
21799it [0:36:52 bound:113 nc:931 ncall:5.4e+06 eff:0.4% logz-ratio=-0.73+/-0.02 dlogz:37.989>0.1]
21983it [0:37:56 bound:116 nc:2026 ncall:5.6e+06 eff:0.4% logz-ratio=-0.72+/-0.02 dlogz:37.929>0.1]
22169it [0:39:00 bound:119 nc:660 ncall:5.7e+06 eff:0.4% logz-ratio=-0.70+/-0.02 dlogz:37.868>0.1]
22414it [0:40:22 bound:123 nc:503 ncall:5.9e+06 eff:0.4% logz-ratio=-0.68+/-0.02 dlogz:37.789>0.1]
22601it [0:41:28 bound:126 nc:902 ncall:6.1e+06 eff:0.4% logz-ratio=-0.67+/-0.02 dlogz:37.728>0.1]
22786it [0:42:31 bound:129 nc:1002 ncall:6.2e+06 eff:0.4% logz-ratio=-0.65+/-0.02 dlogz:37.668>0.1]
22969it [0:43:36 bound:132 nc:272 ncall:6.4e+06 eff:0.4% logz-ratio=-0.64+/-0.02 dlogz:37.609>0.1]
23155it [0:44:46 bound:135 nc:979 ncall:6.5e+06 eff:0.4% logz-ratio=-0.62+/-0.02 dlogz:37.549>0.1]
23338it [0:45:51 bound:138 nc:365 ncall:6.7e+06 eff:0.3% logz-ratio=-0.61+/-0.02 dlogz:37.490>0.1]
23517it [0:46:55 bound:141 nc:581 ncall:6.8e+06 eff:0.3% logz-ratio=-0.59+/-0.02 dlogz:37.432>0.1]
23703it [0:48:07 bound:144 nc:328 ncall:7.0e+06 eff:0.3% logz-ratio=-0.58+/-0.02 dlogz:37.372>0.1]
23888it [0:49:14 bound:147 nc:1215 ncall:7.1e+06 eff:0.3% logz-ratio=-0.56+/-0.02 dlogz:37.313>0.1]
24067it [0:50:20 bound:150 nc:876 ncall:7.3e+06 eff:0.3% logz-ratio=-0.55+/-0.02 dlogz:37.255>0.1]
24250it [0:51:26 bound:153 nc:849 ncall:7.4e+06 eff:0.3% logz-ratio=-0.54+/-0.02 dlogz:37.196>0.1]
24435it [0:52:32 bound:156 nc:615 ncall:7.6e+06 eff:0.3% logz-ratio=-0.52+/-0.02 dlogz:37.137>0.1]
24622it [0:53:41 bound:159 nc:836 ncall:7.8e+06 eff:0.3% logz-ratio=-0.51+/-0.02 dlogz:37.077>0.1]
24805it [0:54:46 bound:162 nc:852 ncall:7.9e+06 eff:0.3% logz-ratio=-0.49+/-0.02 dlogz:37.018>0.1]
24981it [0:55:52 bound:165 nc:645 ncall:8.1e+06 eff:0.3% logz-ratio=-0.48+/-0.02 dlogz:36.961>0.1]
25160it [0:57:01 bound:168 nc:807 ncall:8.2e+06 eff:0.3% logz-ratio=-0.47+/-0.02 dlogz:36.904>0.1]
25344it [0:58:10 bound:171 nc:1341 ncall:8.4e+06 eff:0.3% logz-ratio=-0.45+/-0.02 dlogz:36.844>0.1]
25524it [0:59:22 bound:174 nc:789 ncall:8.5e+06 eff:0.3% logz-ratio=-0.44+/-0.02 dlogz:36.786>0.1]
25643it [1:00:34 bound:176 nc:781 ncall:8.7e+06 eff:0.3% logz-ratio=-0.43+/-0.02 dlogz:36.748>0.1]
25823it [1:01:35 bound:179 nc:560 ncall:8.8e+06 eff:0.3% logz-ratio=-0.41+/-0.02 dlogz:36.690>0.1]
26008it [1:02:46 bound:182 nc:1143 ncall:9.0e+06 eff:0.3% logz-ratio=-0.40+/-0.02 dlogz:36.630>0.1]
26188it [1:03:51 bound:185 nc:451 ncall:9.1e+06 eff:0.3% logz-ratio=-0.39+/-0.02 dlogz:36.572>0.1]
26371it [1:04:59 bound:188 nc:1163 ncall:9.3e+06 eff:0.3% logz-ratio=-0.37+/-0.03 dlogz:36.513>0.1]
26548it [1:06:08 bound:191 nc:812 ncall:9.4e+06 eff:0.3% logz-ratio=-0.36+/-0.03 dlogz:36.456>0.1]
26731it [1:07:14 bound:194 nc:1034 ncall:9.6e+06 eff:0.3% logz-ratio=-0.34+/-0.03 dlogz:36.396>0.1]
26916it [1:08:21 bound:197 nc:958 ncall:9.8e+06 eff:0.3% logz-ratio=-0.33+/-0.03 dlogz:36.336>0.1]
27097it [1:09:31 bound:200 nc:1047 ncall:9.9e+06 eff:0.3% logz-ratio=-0.31+/-0.03 dlogz:36.278>0.1]
27276it [1:10:41 bound:203 nc:958 ncall:1.0e+07 eff:0.3% logz-ratio=-0.30+/-0.03 dlogz:36.220>0.1]
27453it [1:11:52 bound:206 nc:289 ncall:1.0e+07 eff:0.3% logz-ratio=-0.28+/-0.03 dlogz:36.162>0.1]
27630it [1:13:03 bound:209 nc:767 ncall:1.0e+07 eff:0.3% logz-ratio=-0.27+/-0.03 dlogz:36.105>0.1]
27801it [1:14:12 bound:212 nc:443 ncall:1.1e+07 eff:0.3% logz-ratio=-0.26+/-0.03 dlogz:36.049>0.1]
27980it [1:15:21 bound:215 nc:1335 ncall:1.1e+07 eff:0.3% logz-ratio=-0.24+/-0.03 dlogz:35.990>0.1]
28157it [1:16:26 bound:218 nc:1665 ncall:1.1e+07 eff:0.3% logz-ratio=-0.23+/-0.03 dlogz:35.932>0.1]
28334it [1:17:36 bound:221 nc:848 ncall:1.1e+07 eff:0.3% logz-ratio=-0.21+/-0.03 dlogz:35.874>0.1]
28517it [1:18:49 bound:224 nc:887 ncall:1.1e+07 eff:0.3% logz-ratio=-0.20+/-0.03 dlogz:35.814>0.1]
28696it [1:20:05 bound:227 nc:1618 ncall:1.1e+07 eff:0.3% logz-ratio=-0.18+/-0.03 dlogz:35.755>0.1]
28875it [1:21:19 bound:230 nc:734 ncall:1.2e+07 eff:0.2% logz-ratio=-0.17+/-0.03 dlogz:37.508>0.1]
29060it [1:22:29 bound:233 nc:661 ncall:1.2e+07 eff:0.2% logz-ratio=-0.15+/-0.03 dlogz:37.447>0.1]
29246it [1:23:37 bound:236 nc:857 ncall:1.2e+07 eff:0.2% logz-ratio=-0.13+/-0.03 dlogz:37.385>0.1]
29425it [1:24:48 bound:239 nc:861 ncall:1.2e+07 eff:0.2% logz-ratio=-0.12+/-0.03 dlogz:37.325>0.1]
29600it [1:26:07 bound:242 nc:1868 ncall:1.2e+07 eff:0.2% logz-ratio=-0.10+/-0.03 dlogz:37.266>0.1]
29774it [1:27:23 bound:245 nc:679 ncall:1.2e+07 eff:0.2% logz-ratio=-0.08+/-0.03 dlogz:37.208>0.1]
29948it [1:28:39 bound:248 nc:1505 ncall:1.3e+07 eff:0.2% logz-ratio=-0.07+/-0.03 dlogz:37.149>0.1]
30130it [1:29:48 bound:251 nc:1037 ncall:1.3e+07 eff:0.2% logz-ratio=-0.05+/-0.03 dlogz:37.086>0.1]
30309it [1:31:00 bound:254 nc:725 ncall:1.3e+07 eff:0.2% logz-ratio=-0.03+/-0.03 dlogz:37.025>0.1]
30486it [1:32:11 bound:257 nc:1271 ncall:1.3e+07 eff:0.2% logz-ratio=-0.01+/-0.03 dlogz:36.964>0.1]
30660it [1:33:20 bound:260 nc:872 ncall:1.3e+07 eff:0.2% logz-ratio=0.00+/-0.03 dlogz:36.903>0.1]
30840it [1:34:35 bound:263 nc:924 ncall:1.3e+07 eff:0.2% logz-ratio=0.02+/-0.03 dlogz:36.840>0.1]
31021it [1:35:45 bound:266 nc:736 ncall:1.4e+07 eff:0.2% logz-ratio=0.04+/-0.03 dlogz:36.776>0.1]
31206it [1:36:54 bound:269 nc:983 ncall:1.4e+07 eff:0.2% logz-ratio=0.06+/-0.03 dlogz:36.709>0.1]
31385it [1:38:06 bound:272 nc:1571 ncall:1.4e+07 eff:0.2% logz-ratio=0.09+/-0.03 dlogz:36.644>0.1]
31564it [1:39:22 bound:275 nc:1307 ncall:1.4e+07 eff:0.2% logz-ratio=0.11+/-0.03 dlogz:36.579>0.1]
31741it [1:40:41 bound:278 nc:1471 ncall:1.4e+07 eff:0.2% logz-ratio=0.13+/-0.03 dlogz:36.513>0.1]
31915it [1:41:51 bound:281 nc:860 ncall:1.4e+07 eff:0.2% logz-ratio=0.15+/-0.03 dlogz:36.448>0.1]
32101it [1:43:02 bound:284 nc:1071 ncall:1.5e+07 eff:0.2% logz-ratio=0.18+/-0.03 dlogz:36.378>0.1]
32288it [1:44:17 bound:287 nc:1496 ncall:1.5e+07 eff:0.2% logz-ratio=0.20+/-0.03 dlogz:36.307>0.1]
32466it [1:45:35 bound:290 nc:1487 ncall:1.5e+07 eff:0.2% logz-ratio=0.23+/-0.03 dlogz:36.238>0.1]
32646it [1:46:46 bound:293 nc:1201 ncall:1.5e+07 eff:0.2% logz-ratio=0.26+/-0.03 dlogz:36.167>0.1]
32827it [1:47:56 bound:296 nc:958 ncall:1.5e+07 eff:0.2% logz-ratio=0.28+/-0.03 dlogz:36.095>0.1]
33011it [1:49:10 bound:299 nc:662 ncall:1.5e+07 eff:0.2% logz-ratio=0.31+/-0.03 dlogz:36.020>0.1]
33186it [1:50:27 bound:302 nc:762 ncall:1.6e+07 eff:0.2% logz-ratio=0.34+/-0.03 dlogz:35.947>0.1]
33367it [1:51:36 bound:305 nc:1735 ncall:1.6e+07 eff:0.2% logz-ratio=0.38+/-0.03 dlogz:35.870>0.1]
33547it [1:52:47 bound:308 nc:1294 ncall:1.6e+07 eff:0.2% logz-ratio=0.41+/-0.03 dlogz:35.793>0.1]
33730it [1:53:58 bound:311 nc:653 ncall:1.6e+07 eff:0.2% logz-ratio=0.45+/-0.03 dlogz:35.712>0.1]
33908it [1:55:08 bound:314 nc:1137 ncall:1.6e+07 eff:0.2% logz-ratio=0.48+/-0.03 dlogz:35.631>0.1]
34092it [1:56:23 bound:317 nc:1044 ncall:1.6e+07 eff:0.2% logz-ratio=0.52+/-0.03 dlogz:35.546>0.1]
34278it [1:57:32 bound:320 nc:265 ncall:1.7e+07 eff:0.2% logz-ratio=0.57+/-0.03 dlogz:35.457>0.1]
34464it [1:58:53 bound:323 nc:847 ncall:1.7e+07 eff:0.2% logz-ratio=0.61+/-0.03 dlogz:35.366>0.1]
34649it [2:00:03 bound:326 nc:873 ncall:1.7e+07 eff:0.2% logz-ratio=0.66+/-0.03 dlogz:35.274>0.1]
34717it [2:01:03 bound:327 nc:973 ncall:1.7e+07 eff:0.2% logz-ratio=0.68+/-0.04 dlogz:35.239>0.1]
34891it [2:02:16 bound:330 nc:684 ncall:1.7e+07 eff:0.2% logz-ratio=0.73+/-0.04 dlogz:35.149>0.1]
35071it [2:03:34 bound:333 nc:1372 ncall:1.7e+07 eff:0.2% logz-ratio=0.78+/-0.04 dlogz:35.054>0.1]
35250it [2:04:44 bound:336 nc:1348 ncall:1.8e+07 eff:0.2% logz-ratio=0.83+/-0.04 dlogz:34.955>0.1]
35434it [2:05:54 bound:339 nc:821 ncall:1.8e+07 eff:0.2% logz-ratio=0.89+/-0.04 dlogz:34.851>0.1]
35619it [2:07:13 bound:342 nc:870 ncall:1.8e+07 eff:0.2% logz-ratio=0.95+/-0.04 dlogz:40.581>0.1]
35798it [2:08:29 bound:345 nc:1036 ncall:1.8e+07 eff:0.2% logz-ratio=1.02+/-0.04 dlogz:44.358>0.1]
35984it [2:09:43 bound:348 nc:1293 ncall:1.8e+07 eff:0.2% logz-ratio=1.09+/-0.04 dlogz:44.241>0.1]
36163it [2:10:59 bound:351 nc:1360 ncall:1.8e+07 eff:0.2% logz-ratio=1.16+/-0.04 dlogz:44.124>0.1]
36342it [2:12:15 bound:354 nc:672 ncall:1.9e+07 eff:0.2% logz-ratio=1.24+/-0.04 dlogz:44.004>0.1]
36525it [2:13:27 bound:357 nc:836 ncall:1.9e+07 eff:0.2% logz-ratio=1.32+/-0.04 dlogz:43.877>0.1]
36712it [2:14:42 bound:360 nc:1095 ncall:1.9e+07 eff:0.2% logz-ratio=1.41+/-0.04 dlogz:43.744>0.1]
36893it [2:16:00 bound:363 nc:987 ncall:1.9e+07 eff:0.2% logz-ratio=1.50+/-0.04 dlogz:43.613>0.1]
37075it [2:17:18 bound:366 nc:1031 ncall:1.9e+07 eff:0.2% logz-ratio=1.59+/-0.04 dlogz:43.475>0.1]
37263it [2:18:35 bound:369 nc:1389 ncall:1.9e+07 eff:0.2% logz-ratio=1.69+/-0.04 dlogz:43.328>0.1]
37443it [2:19:47 bound:372 nc:753 ncall:2.0e+07 eff:0.2% logz-ratio=1.79+/-0.04 dlogz:43.182>0.1]
37622it [2:21:01 bound:375 nc:812 ncall:2.0e+07 eff:0.2% logz-ratio=1.90+/-0.04 dlogz:43.033>0.1]
37806it [2:22:18 bound:378 nc:1610 ncall:2.0e+07 eff:0.2% logz-ratio=2.01+/-0.04 dlogz:42.876>0.1]
37982it [2:23:29 bound:381 nc:725 ncall:2.0e+07 eff:0.2% logz-ratio=2.12+/-0.04 dlogz:42.720>0.1]
38163it [2:24:41 bound:384 nc:686 ncall:2.0e+07 eff:0.2% logz-ratio=2.24+/-0.04 dlogz:42.554>0.1]
38342it [2:25:59 bound:387 nc:768 ncall:2.1e+07 eff:0.2% logz-ratio=2.37+/-0.04 dlogz:42.389>0.1]
38525it [2:27:15 bound:390 nc:842 ncall:2.1e+07 eff:0.2% logz-ratio=2.49+/-0.05 dlogz:42.218>0.1]
38703it [2:28:36 bound:393 nc:1276 ncall:2.1e+07 eff:0.2% logz-ratio=2.62+/-0.05 dlogz:42.048>0.1]
38876it [2:29:56 bound:396 nc:529 ncall:2.1e+07 eff:0.2% logz-ratio=2.74+/-0.05 dlogz:41.880>0.1]
39058it [2:31:12 bound:399 nc:1974 ncall:2.1e+07 eff:0.2% logz-ratio=2.88+/-0.05 dlogz:41.702>0.1]
39243it [2:32:28 bound:402 nc:676 ncall:2.1e+07 eff:0.2% logz-ratio=3.01+/-0.05 dlogz:41.521>0.1]
39419it [2:33:48 bound:405 nc:2113 ncall:2.2e+07 eff:0.2% logz-ratio=3.14+/-0.05 dlogz:41.348>0.1]
39604it [2:35:03 bound:408 nc:1094 ncall:2.2e+07 eff:0.2% logz-ratio=3.29+/-0.05 dlogz:41.162>0.1]
39785it [2:36:24 bound:411 nc:798 ncall:2.2e+07 eff:0.2% logz-ratio=3.42+/-0.05 dlogz:40.978>0.1]
39960it [2:37:42 bound:414 nc:1426 ncall:2.2e+07 eff:0.2% logz-ratio=3.56+/-0.05 dlogz:40.798>0.1]
40142it [2:39:03 bound:417 nc:621 ncall:2.2e+07 eff:0.2% logz-ratio=3.71+/-0.05 dlogz:42.694>0.1]
40321it [2:40:20 bound:420 nc:271 ncall:2.2e+07 eff:0.2% logz-ratio=3.85+/-0.05 dlogz:42.510>0.1]
40497it [2:41:37 bound:423 nc:980 ncall:2.3e+07 eff:0.2% logz-ratio=3.99+/-0.05 dlogz:42.326>0.1]
40680it [2:42:48 bound:426 nc:697 ncall:2.3e+07 eff:0.2% logz-ratio=4.14+/-0.05 dlogz:42.135>0.1]
40860it [2:44:09 bound:429 nc:1006 ncall:2.3e+07 eff:0.2% logz-ratio=4.28+/-0.05 dlogz:41.947>0.1]
41035it [2:45:27 bound:432 nc:1131 ncall:2.3e+07 eff:0.2% logz-ratio=4.42+/-0.05 dlogz:41.761>0.1]
41215it [2:46:40 bound:435 nc:635 ncall:2.3e+07 eff:0.2% logz-ratio=4.57+/-0.05 dlogz:41.565>0.1]
41396it [2:47:59 bound:438 nc:1351 ncall:2.4e+07 eff:0.2% logz-ratio=4.73+/-0.05 dlogz:41.366>0.1]
41574it [2:49:16 bound:441 nc:897 ncall:2.4e+07 eff:0.2% logz-ratio=4.88+/-0.05 dlogz:41.170>0.1]
41754it [2:50:29 bound:444 nc:632 ncall:2.4e+07 eff:0.2% logz-ratio=5.04+/-0.05 dlogz:40.970>0.1]
41935it [2:51:44 bound:447 nc:796 ncall:2.4e+07 eff:0.2% logz-ratio=5.19+/-0.05 dlogz:40.770>0.1]
42114it [2:53:06 bound:450 nc:1144 ncall:2.4e+07 eff:0.2% logz-ratio=5.35+/-0.05 dlogz:40.572>0.1]
42286it [2:54:33 bound:453 nc:1211 ncall:2.4e+07 eff:0.2% logz-ratio=5.50+/-0.05 dlogz:40.380>0.1]
42459it [2:55:54 bound:456 nc:661 ncall:2.5e+07 eff:0.2% logz-ratio=5.65+/-0.05 dlogz:40.205>0.1]
42626it [2:57:11 bound:459 nc:669 ncall:2.5e+07 eff:0.2% logz-ratio=5.80+/-0.05 dlogz:40.017>0.1]
42805it [2:58:25 bound:462 nc:1620 ncall:2.5e+07 eff:0.2% logz-ratio=5.96+/-0.05 dlogz:39.813>0.1]
42983it [2:59:48 bound:465 nc:524 ncall:2.5e+07 eff:0.2% logz-ratio=6.12+/-0.05 dlogz:39.606>0.1]
43157it [3:01:05 bound:468 nc:409 ncall:2.5e+07 eff:0.2% logz-ratio=6.28+/-0.05 dlogz:39.401>0.1]
43215it [3:02:16 bound:469 nc:1001 ncall:2.5e+07 eff:0.2% logz-ratio=6.34+/-0.05 dlogz:39.332>0.1]
43392it [3:03:35 bound:472 nc:960 ncall:2.6e+07 eff:0.2% logz-ratio=6.50+/-0.05 dlogz:39.124>0.1]
43566it [3:04:55 bound:475 nc:1252 ncall:2.6e+07 eff:0.2% logz-ratio=6.66+/-0.05 dlogz:38.922>0.1]
43744it [3:06:13 bound:478 nc:890 ncall:2.6e+07 eff:0.2% logz-ratio=6.82+/-0.05 dlogz:38.717>0.1]
43925it [3:07:31 bound:481 nc:1356 ncall:2.6e+07 eff:0.2% logz-ratio=6.99+/-0.05 dlogz:38.513>0.1]
44101it [3:08:44 bound:484 nc:689 ncall:2.6e+07 eff:0.2% logz-ratio=7.14+/-0.05 dlogz:38.313>0.1]
44275it [3:10:05 bound:487 nc:569 ncall:2.6e+07 eff:0.2% logz-ratio=7.30+/-0.05 dlogz:38.117>0.1]
44445it [3:11:20 bound:490 nc:1053 ncall:2.7e+07 eff:0.2% logz-ratio=7.45+/-0.05 dlogz:37.924>0.1]
44618it [3:12:35 bound:493 nc:1174 ncall:2.7e+07 eff:0.2% logz-ratio=7.60+/-0.05 dlogz:37.726>0.1]
44798it [3:13:54 bound:496 nc:719 ncall:2.7e+07 eff:0.2% logz-ratio=7.77+/-0.05 dlogz:37.519>0.1]
44982it [3:15:14 bound:499 nc:641 ncall:2.7e+07 eff:0.2% logz-ratio=7.93+/-0.05 dlogz:37.306>0.1]
45162it [3:16:32 bound:502 nc:702 ncall:2.7e+07 eff:0.2% logz-ratio=8.10+/-0.05 dlogz:37.100>0.1]
45335it [3:17:50 bound:505 nc:609 ncall:2.8e+07 eff:0.2% logz-ratio=8.25+/-0.05 dlogz:36.900>0.1]
45517it [3:19:07 bound:508 nc:1873 ncall:2.8e+07 eff:0.2% logz-ratio=8.42+/-0.05 dlogz:36.687>0.1]
45695it [3:20:25 bound:511 nc:730 ncall:2.8e+07 eff:0.2% logz-ratio=8.59+/-0.05 dlogz:36.477>0.1]
45872it [3:21:42 bound:514 nc:552 ncall:2.8e+07 eff:0.2% logz-ratio=8.75+/-0.05 dlogz:36.268>0.1]
46055it [3:22:59 bound:517 nc:943 ncall:2.8e+07 eff:0.2% logz-ratio=8.93+/-0.05 dlogz:38.268>0.1]
46237it [3:24:16 bound:520 nc:1641 ncall:2.8e+07 eff:0.2% logz-ratio=9.10+/-0.05 dlogz:38.051>0.1]
46413it [3:25:36 bound:523 nc:1543 ncall:2.9e+07 eff:0.2% logz-ratio=9.27+/-0.05 dlogz:37.840>0.1]
46587it [3:26:53 bound:526 nc:577 ncall:2.9e+07 eff:0.2% logz-ratio=9.43+/-0.05 dlogz:37.632>0.1]
46764it [3:28:10 bound:529 nc:873 ncall:2.9e+07 eff:0.2% logz-ratio=9.60+/-0.05 dlogz:37.422>0.1]
46937it [3:29:28 bound:532 nc:533 ncall:2.9e+07 eff:0.2% logz-ratio=9.77+/-0.05 dlogz:37.213>0.1]
47120it [3:30:51 bound:535 nc:941 ncall:2.9e+07 eff:0.2% logz-ratio=9.95+/-0.05 dlogz:36.989>0.1]
47296it [3:32:13 bound:538 nc:1320 ncall:3.0e+07 eff:0.2% logz-ratio=10.12+/-0.05 dlogz:36.774>0.1]
47468it [3:33:34 bound:541 nc:516 ncall:3.0e+07 eff:0.2% logz-ratio=10.29+/-0.05 dlogz:36.560>0.1]
47650it [3:34:55 bound:544 nc:1164 ncall:3.0e+07 eff:0.2% logz-ratio=10.47+/-0.05 dlogz:36.332>0.1]
47820it [3:36:21 bound:547 nc:1822 ncall:3.0e+07 eff:0.2% logz-ratio=10.65+/-0.05 dlogz:36.115>0.1]
47997it [3:37:41 bound:550 nc:1012 ncall:3.0e+07 eff:0.2% logz-ratio=10.83+/-0.05 dlogz:35.893>0.1]
48175it [3:39:06 bound:553 nc:1557 ncall:3.0e+07 eff:0.2% logz-ratio=11.01+/-0.05 dlogz:35.672>0.1]
48344it [3:40:21 bound:556 nc:993 ncall:3.1e+07 eff:0.2% logz-ratio=11.17+/-0.05 dlogz:35.464>0.1]
48509it [3:41:43 bound:559 nc:3253 ncall:3.1e+07 eff:0.2% logz-ratio=11.34+/-0.05 dlogz:37.582>0.1]
48684it [3:43:03 bound:562 nc:734 ncall:3.1e+07 eff:0.2% logz-ratio=11.51+/-0.05 dlogz:37.367>0.1]
48861it [3:44:28 bound:565 nc:863 ncall:3.1e+07 eff:0.2% logz-ratio=11.68+/-0.05 dlogz:38.540>0.1]
49033it [3:45:47 bound:568 nc:1213 ncall:3.1e+07 eff:0.2% logz-ratio=11.85+/-0.05 dlogz:38.329>0.1]
49208it [3:47:11 bound:571 nc:1391 ncall:3.2e+07 eff:0.2% logz-ratio=12.02+/-0.05 dlogz:38.114>0.1]
49387it [3:48:33 bound:574 nc:1845 ncall:3.2e+07 eff:0.2% logz-ratio=12.20+/-0.05 dlogz:37.892>0.1]
49569it [3:49:59 bound:577 nc:1392 ncall:3.2e+07 eff:0.2% logz-ratio=12.39+/-0.05 dlogz:37.662>0.1]
49747it [3:51:19 bound:580 nc:907 ncall:3.2e+07 eff:0.2% logz-ratio=12.57+/-0.05 dlogz:37.433>0.1]
49920it [3:52:38 bound:583 nc:1388 ncall:3.2e+07 eff:0.2% logz-ratio=12.75+/-0.05 dlogz:37.210>0.1]
50094it [3:54:03 bound:586 nc:1263 ncall:3.3e+07 eff:0.2% logz-ratio=12.94+/-0.06 dlogz:36.985>0.1]
50277it [3:55:24 bound:589 nc:1081 ncall:3.3e+07 eff:0.2% logz-ratio=13.12+/-0.06 dlogz:36.753>0.1]
50461it [3:56:49 bound:592 nc:1275 ncall:3.3e+07 eff:0.2% logz-ratio=13.31+/-0.06 dlogz:36.519>0.1]
50628it [3:58:10 bound:595 nc:1271 ncall:3.3e+07 eff:0.2% logz-ratio=13.48+/-0.06 dlogz:36.307>0.1]
50805it [3:59:37 bound:598 nc:572 ncall:3.3e+07 eff:0.2% logz-ratio=13.67+/-0.06 dlogz:36.079>0.1]
50985it [4:00:58 bound:601 nc:339 ncall:3.4e+07 eff:0.2% logz-ratio=13.86+/-0.06 dlogz:37.115>0.1]
51052it [4:02:14 bound:602 nc:1653 ncall:3.4e+07 eff:0.2% logz-ratio=13.93+/-0.06 dlogz:37.030>0.1]
51151it [4:03:15 bound:604 nc:1333 ncall:3.4e+07 eff:0.2% logz-ratio=14.03+/-0.06 dlogz:36.903>0.1]
51326it [4:04:44 bound:607 nc:991 ncall:3.4e+07 eff:0.2% logz-ratio=14.21+/-0.06 dlogz:36.677>0.1]
51494it [4:06:07 bound:610 nc:1097 ncall:3.4e+07 eff:0.2% logz-ratio=14.39+/-0.06 dlogz:36.461>0.1]
51613it [4:07:09 bound:612 nc:1643 ncall:3.4e+07 eff:0.2% logz-ratio=14.51+/-0.06 dlogz:36.307>0.1]
51784it [4:08:33 bound:615 nc:759 ncall:3.4e+07 eff:0.2% logz-ratio=14.69+/-0.06 dlogz:36.084>0.1]
51960it [4:09:53 bound:618 nc:847 ncall:3.5e+07 eff:0.1% logz-ratio=14.88+/-0.06 dlogz:35.852>0.1]
52142it [4:11:18 bound:621 nc:1725 ncall:3.5e+07 eff:0.1% logz-ratio=15.08+/-0.06 dlogz:35.612>0.1]
52312it [4:12:38 bound:624 nc:860 ncall:3.5e+07 eff:0.1% logz-ratio=15.26+/-0.06 dlogz:35.389>0.1]
52483it [4:13:57 bound:627 nc:1082 ncall:3.5e+07 eff:0.1% logz-ratio=15.44+/-0.06 dlogz:35.167>0.1]
52661it [4:15:22 bound:630 nc:2428 ncall:3.5e+07 eff:0.1% logz-ratio=15.63+/-0.06 dlogz:34.933>0.1]
52828it [4:16:46 bound:633 nc:3498 ncall:3.6e+07 eff:0.1% logz-ratio=15.81+/-0.06 dlogz:34.712>0.1]
52997it [4:18:11 bound:636 nc:910 ncall:3.6e+07 eff:0.1% logz-ratio=16.00+/-0.06 dlogz:34.485>0.1]
53173it [4:19:32 bound:639 nc:1402 ncall:3.6e+07 eff:0.1% logz-ratio=16.19+/-0.06 dlogz:34.249>0.1]
53289it [4:20:33 bound:641 nc:627 ncall:3.6e+07 eff:0.1% logz-ratio=16.32+/-0.06 dlogz:34.093>0.1]
53469it [4:21:58 bound:644 nc:776 ncall:3.6e+07 eff:0.1% logz-ratio=16.52+/-0.06 dlogz:33.850>0.1]
53637it [4:23:22 bound:647 nc:938 ncall:3.7e+07 eff:0.1% logz-ratio=16.70+/-0.06 dlogz:33.627>0.1]
53751it [4:24:23 bound:649 nc:927 ncall:3.7e+07 eff:0.1% logz-ratio=16.82+/-0.06 dlogz:33.477>0.1]
53932it [4:25:50 bound:652 nc:3273 ncall:3.7e+07 eff:0.1% logz-ratio=17.01+/-0.06 dlogz:33.240>0.1]
54107it [4:27:15 bound:655 nc:932 ncall:3.7e+07 eff:0.1% logz-ratio=17.20+/-0.06 dlogz:33.011>0.1]
54284it [4:28:37 bound:658 nc:1203 ncall:3.7e+07 eff:0.1% logz-ratio=17.39+/-0.06 dlogz:32.781>0.1]
54451it [4:29:59 bound:661 nc:1056 ncall:3.7e+07 eff:0.1% logz-ratio=17.56+/-0.06 dlogz:32.564>0.1]
54631it [4:31:27 bound:664 nc:838 ncall:3.8e+07 eff:0.1% logz-ratio=17.75+/-0.06 dlogz:32.327>0.1]
54803it [4:32:51 bound:667 nc:1500 ncall:3.8e+07 eff:0.1% logz-ratio=17.94+/-0.06 dlogz:32.102>0.1]
54977it [4:34:14 bound:670 nc:2561 ncall:3.8e+07 eff:0.1% logz-ratio=18.12+/-0.06 dlogz:31.877>0.1]
55150it [4:35:42 bound:673 nc:1108 ncall:3.8e+07 eff:0.1% logz-ratio=18.30+/-0.06 dlogz:31.655>0.1]
55326it [4:37:04 bound:676 nc:3947 ncall:3.9e+07 eff:0.1% logz-ratio=18.48+/-0.06 dlogz:31.432>0.1]
55494it [4:38:25 bound:679 nc:900 ncall:3.9e+07 eff:0.1% logz-ratio=18.66+/-0.06 dlogz:31.213>0.1]
55665it [4:39:48 bound:682 nc:1106 ncall:3.9e+07 eff:0.1% logz-ratio=18.84+/-0.06 dlogz:30.987>0.1]
55840it [4:41:09 bound:685 nc:1454 ncall:3.9e+07 eff:0.1% logz-ratio=19.03+/-0.06 dlogz:30.752>0.1]
56013it [4:42:32 bound:688 nc:1038 ncall:3.9e+07 eff:0.1% logz-ratio=19.23+/-0.06 dlogz:30.515>0.1]
56187it [4:43:53 bound:691 nc:783 ncall:4.0e+07 eff:0.1% logz-ratio=19.43+/-0.06 dlogz:31.862>0.1]
56356it [4:45:15 bound:694 nc:1799 ncall:4.0e+07 eff:0.1% logz-ratio=19.62+/-0.06 dlogz:31.626>0.1]
56473it [4:46:17 bound:696 nc:835 ncall:4.0e+07 eff:0.1% logz-ratio=19.75+/-0.06 dlogz:31.465>0.1]
56648it [4:47:45 bound:699 nc:1035 ncall:4.0e+07 eff:0.1% logz-ratio=19.95+/-0.06 dlogz:31.228>0.1]
56824it [4:49:11 bound:702 nc:759 ncall:4.0e+07 eff:0.1% logz-ratio=20.14+/-0.06 dlogz:30.990>0.1]
56942it [4:50:11 bound:704 nc:880 ncall:4.0e+07 eff:0.1% logz-ratio=20.28+/-0.06 dlogz:30.830>0.1]
57110it [4:51:39 bound:707 nc:899 ncall:4.1e+07 eff:0.1% logz-ratio=20.46+/-0.06 dlogz:30.602>0.1]
57282it [4:53:07 bound:710 nc:1336 ncall:4.1e+07 eff:0.1% logz-ratio=20.66+/-0.06 dlogz:30.365>0.1]
57454it [4:54:31 bound:713 nc:1000 ncall:4.1e+07 eff:0.1% logz-ratio=20.85+/-0.06 dlogz:30.131>0.1]
57623it [4:56:01 bound:716 nc:1314 ncall:4.1e+07 eff:0.1% logz-ratio=21.04+/-0.06 dlogz:29.903>0.1]
57790it [4:57:25 bound:719 nc:2167 ncall:4.1e+07 eff:0.1% logz-ratio=21.22+/-0.06 dlogz:29.682>0.1]
57959it [4:58:52 bound:722 nc:1156 ncall:4.2e+07 eff:0.1% logz-ratio=21.40+/-0.06 dlogz:29.456>0.1]
58124it [5:00:14 bound:725 nc:1658 ncall:4.2e+07 eff:0.1% logz-ratio=21.58+/-0.06 dlogz:29.234>0.1]
58234it [5:01:16 bound:727 nc:1018 ncall:4.2e+07 eff:0.1% logz-ratio=21.70+/-0.06 dlogz:29.086>0.1]
58357it [5:03:09 bound:729 nc:1638 ncall:4.2e+07 eff:0.1% logz-ratio=21.84+/-0.06 dlogz:28.921>0.1]
58522it [5:04:34 bound:732 nc:857 ncall:4.2e+07 eff:0.1% logz-ratio=22.02+/-0.06 dlogz:28.700>0.1]
58695it [5:06:02 bound:735 nc:3117 ncall:4.3e+07 eff:0.1% logz-ratio=22.21+/-0.06 dlogz:28.470>0.1]
58871it [5:07:28 bound:738 nc:2281 ncall:4.3e+07 eff:0.1% logz-ratio=22.40+/-0.06 dlogz:28.239>0.1]
59038it [5:08:54 bound:741 nc:1695 ncall:4.3e+07 eff:0.1% logz-ratio=22.57+/-0.06 dlogz:28.024>0.1]
59211it [5:10:15 bound:744 nc:740 ncall:4.3e+07 eff:0.1% logz-ratio=22.75+/-0.06 dlogz:29.475>0.1]
59387it [5:11:32 bound:747 nc:1556 ncall:4.3e+07 eff:0.1% logz-ratio=22.93+/-0.06 dlogz:29.247>0.1]
59556it [5:12:56 bound:750 nc:1013 ncall:4.4e+07 eff:0.1% logz-ratio=23.11+/-0.06 dlogz:29.025>0.1]
59730it [5:14:21 bound:753 nc:1101 ncall:4.4e+07 eff:0.1% logz-ratio=23.30+/-0.06 dlogz:28.794>0.1]
59846it [5:15:25 bound:755 nc:1177 ncall:4.4e+07 eff:0.1% logz-ratio=23.43+/-0.06 dlogz:28.641>0.1]
60026it [5:16:54 bound:758 nc:1358 ncall:4.4e+07 eff:0.1% logz-ratio=23.62+/-0.06 dlogz:28.403>0.1]
60193it [5:18:21 bound:761 nc:1103 ncall:4.4e+07 eff:0.1% logz-ratio=23.80+/-0.06 dlogz:28.181>0.1]
60358it [5:19:51 bound:764 nc:1544 ncall:4.5e+07 eff:0.1% logz-ratio=23.97+/-0.06 dlogz:27.966>0.1]
60470it [5:20:54 bound:766 nc:508 ncall:4.5e+07 eff:0.1% logz-ratio=24.09+/-0.06 dlogz:27.821>0.1]
60641it [5:22:17 bound:769 nc:1162 ncall:4.5e+07 eff:0.1% logz-ratio=24.27+/-0.06 dlogz:27.896>0.1]
60815it [5:23:43 bound:772 nc:2112 ncall:4.5e+07 eff:0.1% logz-ratio=24.46+/-0.06 dlogz:27.668>0.1]
60995it [5:25:07 bound:775 nc:1830 ncall:4.5e+07 eff:0.1% logz-ratio=24.65+/-0.06 dlogz:27.433>0.1]
61109it [5:26:09 bound:777 nc:1641 ncall:4.5e+07 eff:0.1% logz-ratio=24.77+/-0.06 dlogz:27.282>0.1]
61224it [5:27:11 bound:779 nc:1319 ncall:4.6e+07 eff:0.1% logz-ratio=24.90+/-0.06 dlogz:27.130>0.1]
61402it [5:28:36 bound:782 nc:1947 ncall:4.6e+07 eff:0.1% logz-ratio=25.09+/-0.06 dlogz:26.897>0.1]
61572it [5:30:01 bound:785 nc:1164 ncall:4.6e+07 eff:0.1% logz-ratio=25.27+/-0.06 dlogz:26.672>0.1]
61746it [5:31:27 bound:788 nc:1217 ncall:4.6e+07 eff:0.1% logz-ratio=25.46+/-0.06 dlogz:26.441>0.1]
61922it [5:32:54 bound:791 nc:1474 ncall:4.6e+07 eff:0.1% logz-ratio=25.65+/-0.06 dlogz:26.211>0.1]
62036it [5:33:55 bound:793 nc:1068 ncall:4.7e+07 eff:0.1% logz-ratio=25.76+/-0.06 dlogz:26.065>0.1]
62151it [5:34:56 bound:795 nc:500 ncall:4.7e+07 eff:0.1% logz-ratio=25.88+/-0.06 dlogz:25.921>0.1]
62322it [5:36:23 bound:798 nc:957 ncall:4.7e+07 eff:0.1% logz-ratio=26.05+/-0.06 dlogz:25.707>0.1]
62497it [5:37:54 bound:801 nc:1312 ncall:4.7e+07 eff:0.1% logz-ratio=26.23+/-0.06 dlogz:25.487>0.1]
62606it [5:38:55 bound:803 nc:1534 ncall:4.7e+07 eff:0.1% logz-ratio=26.34+/-0.06 dlogz:25.350>0.1]
62779it [5:40:18 bound:806 nc:991 ncall:4.8e+07 eff:0.1% logz-ratio=26.52+/-0.06 dlogz:25.130>0.1]
62894it [5:41:19 bound:808 nc:1030 ncall:4.8e+07 eff:0.1% logz-ratio=26.64+/-0.06 dlogz:24.984>0.1]
63012it [5:42:21 bound:810 nc:1252 ncall:4.8e+07 eff:0.1% logz-ratio=26.76+/-0.06 dlogz:24.832>0.1]
63125it [5:43:21 bound:812 nc:667 ncall:4.8e+07 eff:0.1% logz-ratio=26.88+/-0.06 dlogz:24.688>0.1]
63301it [5:44:53 bound:815 nc:1049 ncall:4.8e+07 eff:0.1% logz-ratio=27.06+/-0.06 dlogz:24.464>0.1]
63483it [5:46:18 bound:818 nc:833 ncall:4.8e+07 eff:0.1% logz-ratio=27.24+/-0.06 dlogz:24.234>0.1]
63596it [5:47:21 bound:820 nc:1000 ncall:4.9e+07 eff:0.1% logz-ratio=27.36+/-0.06 dlogz:24.093>0.1]
63773it [5:48:46 bound:823 nc:869 ncall:4.9e+07 eff:0.1% logz-ratio=27.53+/-0.06 dlogz:23.874>0.1]
63944it [5:50:12 bound:826 nc:1156 ncall:4.9e+07 eff:0.1% logz-ratio=27.71+/-0.06 dlogz:23.657>0.1]
64122it [5:51:38 bound:829 nc:1049 ncall:4.9e+07 eff:0.1% logz-ratio=27.89+/-0.06 dlogz:23.429>0.1]
64295it [5:53:04 bound:832 nc:4191 ncall:4.9e+07 eff:0.1% logz-ratio=28.07+/-0.06 dlogz:23.211>0.1]
64417it [5:54:04 bound:834 nc:492 ncall:5.0e+07 eff:0.1% logz-ratio=28.19+/-0.06 dlogz:23.058>0.1]
64536it [5:55:05 bound:836 nc:1397 ncall:5.0e+07 eff:0.1% logz-ratio=28.31+/-0.06 dlogz:22.909>0.1]
64712it [5:56:36 bound:839 nc:2140 ncall:5.0e+07 eff:0.1% logz-ratio=28.49+/-0.06 dlogz:22.687>0.1]
64890it [5:57:58 bound:842 nc:833 ncall:5.0e+07 eff:0.1% logz-ratio=28.67+/-0.06 dlogz:22.463>0.1]
65057it [5:59:26 bound:845 nc:1443 ncall:5.0e+07 eff:0.1% logz-ratio=28.84+/-0.06 dlogz:22.248>0.1]
65235it [6:00:52 bound:848 nc:1682 ncall:5.1e+07 eff:0.1% logz-ratio=29.02+/-0.06 dlogz:22.026>0.1]
65409it [6:02:21 bound:851 nc:917 ncall:5.1e+07 eff:0.1% logz-ratio=29.19+/-0.06 dlogz:21.813>0.1]
65481it [6:03:51 bound:852 nc:959 ncall:5.1e+07 eff:0.1% logz-ratio=29.26+/-0.06 dlogz:21.724>0.1]
65585it [6:04:51 bound:854 nc:968 ncall:5.1e+07 eff:0.1% logz-ratio=29.37+/-0.06 dlogz:21.595>0.1]
65762it [6:06:19 bound:857 nc:1534 ncall:5.1e+07 eff:0.1% logz-ratio=29.54+/-0.06 dlogz:21.375>0.1]
65879it [6:07:22 bound:859 nc:1528 ncall:5.1e+07 eff:0.1% logz-ratio=29.66+/-0.06 dlogz:21.232>0.1]
66002it [6:08:24 bound:861 nc:4013 ncall:5.2e+07 eff:0.1% logz-ratio=29.78+/-0.06 dlogz:21.081>0.1]
66176it [6:09:52 bound:864 nc:1719 ncall:5.2e+07 eff:0.1% logz-ratio=29.95+/-0.06 dlogz:20.868>0.1]
66359it [6:11:19 bound:867 nc:1373 ncall:5.2e+07 eff:0.1% logz-ratio=30.13+/-0.06 dlogz:20.645>0.1]
66544it [6:12:43 bound:870 nc:1609 ncall:5.2e+07 eff:0.1% logz-ratio=30.31+/-0.06 dlogz:21.011>0.1]
66663it [6:13:46 bound:872 nc:2111 ncall:5.2e+07 eff:0.1% logz-ratio=30.42+/-0.06 dlogz:20.870>0.1]
66835it [6:15:16 bound:875 nc:990 ncall:5.3e+07 eff:0.1% logz-ratio=30.58+/-0.06 dlogz:20.665>0.1]
67012it [6:16:44 bound:878 nc:1461 ncall:5.3e+07 eff:0.1% logz-ratio=30.75+/-0.06 dlogz:20.453>0.1]
67180it [6:18:13 bound:881 nc:707 ncall:5.3e+07 eff:0.1% logz-ratio=30.91+/-0.06 dlogz:20.254>0.1]
67299it [6:19:13 bound:883 nc:1147 ncall:5.3e+07 eff:0.1% logz-ratio=31.02+/-0.06 dlogz:20.114>0.1]
67414it [6:20:13 bound:885 nc:872 ncall:5.3e+07 eff:0.1% logz-ratio=31.13+/-0.06 dlogz:19.977>0.1]
67534it [6:21:15 bound:887 nc:1753 ncall:5.4e+07 eff:0.1% logz-ratio=31.24+/-0.06 dlogz:19.834>0.1]
67716it [6:22:43 bound:890 nc:1341 ncall:5.4e+07 eff:0.1% logz-ratio=31.41+/-0.06 dlogz:19.618>0.1]
67893it [6:24:11 bound:893 nc:1223 ncall:5.4e+07 eff:0.1% logz-ratio=31.58+/-0.06 dlogz:19.403>0.1]
68014it [6:25:12 bound:895 nc:1355 ncall:5.4e+07 eff:0.1% logz-ratio=31.70+/-0.06 dlogz:19.256>0.1]
68135it [6:26:13 bound:897 nc:1441 ncall:5.4e+07 eff:0.1% logz-ratio=31.82+/-0.06 dlogz:19.111>0.1]
68311it [6:27:40 bound:900 nc:1403 ncall:5.5e+07 eff:0.1% logz-ratio=31.98+/-0.06 dlogz:18.904>0.1]
68492it [6:29:09 bound:903 nc:1238 ncall:5.5e+07 eff:0.1% logz-ratio=32.15+/-0.06 dlogz:18.692>0.1]
68614it [6:30:10 bound:905 nc:742 ncall:5.5e+07 eff:0.1% logz-ratio=32.26+/-0.06 dlogz:18.552>0.1]
68729it [6:31:10 bound:907 nc:2992 ncall:5.5e+07 eff:0.1% logz-ratio=32.36+/-0.06 dlogz:18.421>0.1]
68849it [6:32:11 bound:909 nc:1896 ncall:5.5e+07 eff:0.1% logz-ratio=32.47+/-0.06 dlogz:18.286>0.1]
69031it [6:33:38 bound:912 nc:1702 ncall:5.6e+07 eff:0.1% logz-ratio=32.63+/-0.06 dlogz:18.081>0.1]
69152it [6:34:39 bound:914 nc:1086 ncall:5.6e+07 eff:0.1% logz-ratio=32.73+/-0.06 dlogz:17.946>0.1]
69269it [6:35:40 bound:916 nc:2328 ncall:5.6e+07 eff:0.1% logz-ratio=32.84+/-0.06 dlogz:17.813>0.1]
69446it [6:37:05 bound:919 nc:2185 ncall:5.6e+07 eff:0.1% logz-ratio=33.00+/-0.06 dlogz:17.611>0.1]
69621it [6:38:33 bound:922 nc:1609 ncall:5.6e+07 eff:0.1% logz-ratio=33.15+/-0.06 dlogz:17.410>0.1]
69799it [6:40:03 bound:925 nc:1337 ncall:5.7e+07 eff:0.1% logz-ratio=33.32+/-0.06 dlogz:17.197>0.1]
69981it [6:41:26 bound:928 nc:1230 ncall:5.7e+07 eff:0.1% logz-ratio=33.50+/-0.06 dlogz:16.978>0.1]
70162it [6:42:53 bound:931 nc:1769 ncall:5.7e+07 eff:0.1% logz-ratio=33.67+/-0.06 dlogz:16.763>0.1]
70344it [6:44:21 bound:934 nc:1152 ncall:5.7e+07 eff:0.1% logz-ratio=33.84+/-0.06 dlogz:16.552>0.1]
70527it [6:45:46 bound:937 nc:1611 ncall:5.7e+07 eff:0.1% logz-ratio=34.00+/-0.06 dlogz:16.340>0.1]
70706it [6:47:09 bound:940 nc:2005 ncall:5.8e+07 eff:0.1% logz-ratio=34.16+/-0.07 dlogz:16.137>0.1]
70830it [6:48:09 bound:942 nc:870 ncall:5.8e+07 eff:0.1% logz-ratio=34.27+/-0.07 dlogz:16.001>0.1]
71011it [6:49:34 bound:945 nc:1028 ncall:5.8e+07 eff:0.1% logz-ratio=34.42+/-0.07 dlogz:15.802>0.1]
71132it [6:50:35 bound:947 nc:941 ncall:5.8e+07 eff:0.1% logz-ratio=34.53+/-0.07 dlogz:15.668>0.1]
71317it [6:52:02 bound:950 nc:1057 ncall:5.8e+07 eff:0.1% logz-ratio=34.68+/-0.07 dlogz:15.466>0.1]
71497it [6:53:30 bound:953 nc:1464 ncall:5.9e+07 eff:0.1% logz-ratio=34.83+/-0.07 dlogz:15.276>0.1]
71622it [6:54:31 bound:955 nc:1436 ncall:5.9e+07 eff:0.1% logz-ratio=34.93+/-0.07 dlogz:15.144>0.1]
71745it [6:55:33 bound:957 nc:1753 ncall:5.9e+07 eff:0.1% logz-ratio=35.03+/-0.07 dlogz:15.014>0.1]
71923it [6:57:01 bound:960 nc:1452 ncall:5.9e+07 eff:0.1% logz-ratio=35.18+/-0.07 dlogz:14.826>0.1]
72108it [6:58:31 bound:963 nc:1566 ncall:5.9e+07 eff:0.1% logz-ratio=35.32+/-0.07 dlogz:14.633>0.1]
72291it [6:59:57 bound:966 nc:920 ncall:6.0e+07 eff:0.1% logz-ratio=35.47+/-0.07 dlogz:14.440>0.1]
72469it [7:01:25 bound:969 nc:1219 ncall:6.0e+07 eff:0.1% logz-ratio=35.62+/-0.07 dlogz:14.252>0.1]
72648it [7:02:53 bound:972 nc:1114 ncall:6.0e+07 eff:0.1% logz-ratio=35.76+/-0.07 dlogz:14.065>0.1]
72717it [7:04:34 bound:973 nc:1462 ncall:6.0e+07 eff:0.1% logz-ratio=35.82+/-0.07 dlogz:13.993>0.1]
72889it [7:06:04 bound:976 nc:1224 ncall:6.0e+07 eff:0.1% logz-ratio=35.95+/-0.07 dlogz:13.816>0.1]
73010it [7:07:06 bound:978 nc:1291 ncall:6.1e+07 eff:0.1% logz-ratio=36.04+/-0.07 dlogz:15.153>0.1]
73126it [7:08:07 bound:980 nc:1557 ncall:6.1e+07 eff:0.1% logz-ratio=36.13+/-0.07 dlogz:15.039>0.1]
73244it [7:09:10 bound:982 nc:945 ncall:6.1e+07 eff:0.1% logz-ratio=36.21+/-0.07 dlogz:14.925>0.1]
73363it [7:10:10 bound:984 nc:1440 ncall:6.1e+07 eff:0.1% logz-ratio=36.30+/-0.07 dlogz:14.810>0.1]
73547it [7:11:39 bound:987 nc:892 ncall:6.1e+07 eff:0.1% logz-ratio=36.43+/-0.07 dlogz:14.629>0.1]
73725it [7:13:09 bound:990 nc:2404 ncall:6.2e+07 eff:0.1% logz-ratio=36.56+/-0.07 dlogz:14.455>0.1]
73848it [7:14:14 bound:992 nc:1705 ncall:6.2e+07 eff:0.1% logz-ratio=36.66+/-0.07 dlogz:14.334>0.1]
74028it [7:15:41 bound:995 nc:1755 ncall:6.2e+07 eff:0.1% logz-ratio=36.79+/-0.07 dlogz:14.158>0.1]
74211it [7:17:10 bound:998 nc:1562 ncall:6.2e+07 eff:0.1% logz-ratio=36.92+/-0.07 dlogz:13.979>0.1]
74331it [7:18:11 bound:1000 nc:1199 ncall:6.2e+07 eff:0.1% logz-ratio=37.01+/-0.07 dlogz:13.861>0.1]
74515it [7:19:38 bound:1003 nc:1449 ncall:6.3e+07 eff:0.1% logz-ratio=37.14+/-0.07 dlogz:13.682>0.1]
74639it [7:20:39 bound:1005 nc:1468 ncall:6.3e+07 eff:0.1% logz-ratio=37.23+/-0.07 dlogz:13.563>0.1]
74765it [7:21:40 bound:1007 nc:843 ncall:6.3e+07 eff:0.1% logz-ratio=37.32+/-0.07 dlogz:13.443>0.1]
74886it [7:22:40 bound:1009 nc:1150 ncall:6.3e+07 eff:0.1% logz-ratio=37.41+/-0.07 dlogz:13.329>0.1]
75007it [7:23:41 bound:1011 nc:1346 ncall:6.3e+07 eff:0.1% logz-ratio=37.49+/-0.07 dlogz:13.215>0.1]
75130it [7:24:46 bound:1013 nc:1052 ncall:6.3e+07 eff:0.1% logz-ratio=37.58+/-0.07 dlogz:13.100>0.1]
75252it [7:25:46 bound:1015 nc:745 ncall:6.4e+07 eff:0.1% logz-ratio=37.66+/-0.07 dlogz:12.987>0.1]
75375it [7:26:48 bound:1017 nc:975 ncall:6.4e+07 eff:0.1% logz-ratio=37.74+/-0.07 dlogz:12.875>0.1]
75502it [7:27:49 bound:1019 nc:1450 ncall:6.4e+07 eff:0.1% logz-ratio=37.83+/-0.07 dlogz:12.761>0.1]
75688it [7:29:15 bound:1022 nc:1323 ncall:6.4e+07 eff:0.1% logz-ratio=37.95+/-0.07 dlogz:12.595>0.1]
75811it [7:30:19 bound:1024 nc:1343 ncall:6.4e+07 eff:0.1% logz-ratio=38.02+/-0.07 dlogz:12.486>0.1]
75998it [7:31:50 bound:1027 nc:1450 ncall:6.5e+07 eff:0.1% logz-ratio=38.14+/-0.07 dlogz:12.321>0.1]
76134it [7:32:50 bound:1029 nc:1510 ncall:6.5e+07 eff:0.1% logz-ratio=38.23+/-0.07 dlogz:12.203>0.1]
76306it [7:34:18 bound:1032 nc:1217 ncall:6.5e+07 eff:0.1% logz-ratio=38.33+/-0.07 dlogz:12.056>0.1]
76428it [7:35:23 bound:1034 nc:1359 ncall:6.5e+07 eff:0.1% logz-ratio=38.41+/-0.07 dlogz:11.954>0.1]
76612it [7:36:53 bound:1037 nc:1472 ncall:6.5e+07 eff:0.1% logz-ratio=38.52+/-0.07 dlogz:11.799>0.1]
76737it [7:37:54 bound:1039 nc:966 ncall:6.6e+07 eff:0.1% logz-ratio=38.59+/-0.07 dlogz:11.696>0.1]
76860it [7:38:58 bound:1041 nc:1580 ncall:6.6e+07 eff:0.1% logz-ratio=38.66+/-0.07 dlogz:11.595>0.1]
76981it [7:39:59 bound:1043 nc:1226 ncall:6.6e+07 eff:0.1% logz-ratio=38.73+/-0.07 dlogz:11.495>0.1]
77103it [7:41:02 bound:1045 nc:1503 ncall:6.6e+07 eff:0.1% logz-ratio=38.80+/-0.07 dlogz:11.394>0.1]
77227it [7:42:04 bound:1047 nc:2678 ncall:6.6e+07 eff:0.1% logz-ratio=38.87+/-0.07 dlogz:11.293>0.1]
77351it [7:43:10 bound:1049 nc:1422 ncall:6.6e+07 eff:0.1% logz-ratio=38.94+/-0.07 dlogz:11.193>0.1]
77476it [7:44:15 bound:1051 nc:1234 ncall:6.7e+07 eff:0.1% logz-ratio=39.01+/-0.07 dlogz:11.092>0.1]
77597it [7:45:17 bound:1053 nc:1201 ncall:6.7e+07 eff:0.1% logz-ratio=39.08+/-0.07 dlogz:10.994>0.1]
77721it [7:46:21 bound:1055 nc:2772 ncall:6.7e+07 eff:0.1% logz-ratio=39.15+/-0.07 dlogz:10.895>0.1]
77844it [7:47:26 bound:1057 nc:1291 ncall:6.7e+07 eff:0.1% logz-ratio=39.22+/-0.07 dlogz:10.796>0.1]
77968it [7:48:29 bound:1059 nc:1378 ncall:6.7e+07 eff:0.1% logz-ratio=39.29+/-0.07 dlogz:10.697>0.1]
78092it [7:49:31 bound:1061 nc:1325 ncall:6.7e+07 eff:0.1% logz-ratio=39.36+/-0.07 dlogz:10.598>0.1]
78215it [7:50:31 bound:1063 nc:835 ncall:6.8e+07 eff:0.1% logz-ratio=39.42+/-0.07 dlogz:10.501>0.1]
78340it [7:51:36 bound:1065 nc:1496 ncall:6.8e+07 eff:0.1% logz-ratio=39.49+/-0.07 dlogz:10.403>0.1]
78457it [7:52:41 bound:1067 nc:1007 ncall:6.8e+07 eff:0.1% logz-ratio=39.55+/-0.07 dlogz:10.312>0.1]
78581it [7:53:48 bound:1069 nc:1391 ncall:6.8e+07 eff:0.1% logz-ratio=39.62+/-0.07 dlogz:10.216>0.1]
78705it [7:54:54 bound:1071 nc:1363 ncall:6.8e+07 eff:0.1% logz-ratio=39.68+/-0.07 dlogz:10.120>0.1]
78831it [7:55:55 bound:1073 nc:1222 ncall:6.8e+07 eff:0.1% logz-ratio=39.75+/-0.07 dlogz:10.022>0.1]
78953it [7:56:59 bound:1075 nc:1336 ncall:6.9e+07 eff:0.1% logz-ratio=39.82+/-0.07 dlogz:9.928>0.1]
79076it [7:58:04 bound:1077 nc:938 ncall:6.9e+07 eff:0.1% logz-ratio=39.88+/-0.07 dlogz:9.833>0.1]
79201it [7:59:07 bound:1079 nc:1308 ncall:6.9e+07 eff:0.1% logz-ratio=39.95+/-0.07 dlogz:9.738>0.1]
79328it [8:00:10 bound:1081 nc:1717 ncall:6.9e+07 eff:0.1% logz-ratio=40.01+/-0.07 dlogz:9.641>0.1]
79451it [8:01:12 bound:1083 nc:890 ncall:6.9e+07 eff:0.1% logz-ratio=40.07+/-0.07 dlogz:9.548>0.1]
79571it [8:02:15 bound:1085 nc:2924 ncall:6.9e+07 eff:0.1% logz-ratio=40.13+/-0.07 dlogz:9.459>0.1]
79693it [8:03:18 bound:1087 nc:1594 ncall:7.0e+07 eff:0.1% logz-ratio=40.19+/-0.07 dlogz:9.369>0.1]
79816it [8:04:22 bound:1089 nc:1300 ncall:7.0e+07 eff:0.1% logz-ratio=40.25+/-0.07 dlogz:9.278>0.1]
79823it [8:05:36 bound:1089 nc:1521 ncall:7.0e+07 eff:0.1% logz-ratio=40.26+/-0.07 dlogz:9.273>0.1]
79939it [8:06:40 bound:1091 nc:1593 ncall:7.0e+07 eff:0.1% logz-ratio=40.31+/-0.07 dlogz:9.188>0.1]
80065it [8:07:46 bound:1093 nc:873 ncall:7.0e+07 eff:0.1% logz-ratio=40.38+/-0.07 dlogz:9.610>0.1]
80187it [8:08:52 bound:1095 nc:2726 ncall:7.0e+07 eff:0.1% logz-ratio=40.43+/-0.07 dlogz:9.523>0.1]
80310it [8:09:56 bound:1097 nc:1736 ncall:7.0e+07 eff:0.1% logz-ratio=40.49+/-0.07 dlogz:9.435>0.1]
80433it [8:10:58 bound:1099 nc:906 ncall:7.1e+07 eff:0.1% logz-ratio=40.55+/-0.07 dlogz:9.349>0.1]
80560it [8:11:59 bound:1101 nc:1575 ncall:7.1e+07 eff:0.1% logz-ratio=40.60+/-0.07 dlogz:9.260>0.1]
80679it [8:13:04 bound:1103 nc:1272 ncall:7.1e+07 eff:0.1% logz-ratio=40.66+/-0.07 dlogz:9.178>0.1]
80802it [8:14:08 bound:1105 nc:1418 ncall:7.1e+07 eff:0.1% logz-ratio=40.71+/-0.07 dlogz:9.094>0.1]
80925it [8:15:12 bound:1107 nc:1532 ncall:7.1e+07 eff:0.1% logz-ratio=40.77+/-0.07 dlogz:9.010>0.1]
81047it [8:16:12 bound:1109 nc:1246 ncall:7.1e+07 eff:0.1% logz-ratio=40.82+/-0.07 dlogz:8.927>0.1]
81170it [8:17:15 bound:1111 nc:1783 ncall:7.2e+07 eff:0.1% logz-ratio=40.87+/-0.07 dlogz:8.844>0.1]
81292it [8:18:19 bound:1113 nc:1224 ncall:7.2e+07 eff:0.1% logz-ratio=40.92+/-0.07 dlogz:8.761>0.1]
81417it [8:19:25 bound:1115 nc:619 ncall:7.2e+07 eff:0.1% logz-ratio=40.98+/-0.07 dlogz:8.677>0.1]
81543it [8:20:29 bound:1117 nc:1088 ncall:7.2e+07 eff:0.1% logz-ratio=41.03+/-0.07 dlogz:8.593>0.1]
81670it [8:21:32 bound:1119 nc:1245 ncall:7.2e+07 eff:0.1% logz-ratio=41.09+/-0.07 dlogz:8.696>0.1]
81796it [8:22:37 bound:1121 nc:1258 ncall:7.2e+07 eff:0.1% logz-ratio=41.14+/-0.07 dlogz:8.613>0.1]
81921it [8:23:39 bound:1123 nc:3217 ncall:7.3e+07 eff:0.1% logz-ratio=41.19+/-0.07 dlogz:8.531>0.1]
82045it [8:24:44 bound:1125 nc:1545 ncall:7.3e+07 eff:0.1% logz-ratio=41.24+/-0.07 dlogz:8.451>0.1]
82166it [8:25:46 bound:1127 nc:788 ncall:7.3e+07 eff:0.1% logz-ratio=41.29+/-0.07 dlogz:8.374>0.1]
82291it [8:26:53 bound:1129 nc:1137 ncall:7.3e+07 eff:0.1% logz-ratio=41.34+/-0.07 dlogz:8.294>0.1]
82407it [8:28:01 bound:1131 nc:1541 ncall:7.3e+07 eff:0.1% logz-ratio=41.38+/-0.07 dlogz:8.222>0.1]
82531it [8:29:07 bound:1133 nc:954 ncall:7.4e+07 eff:0.1% logz-ratio=41.43+/-0.07 dlogz:8.144>0.1]
82656it [8:30:11 bound:1135 nc:1828 ncall:7.4e+07 eff:0.1% logz-ratio=41.47+/-0.07 dlogz:8.066>0.1]
82782it [8:31:18 bound:1137 nc:1699 ncall:7.4e+07 eff:0.1% logz-ratio=41.52+/-0.07 dlogz:7.987>0.1]
82902it [8:32:23 bound:1139 nc:1563 ncall:7.4e+07 eff:0.1% logz-ratio=41.57+/-0.07 dlogz:7.913>0.1]
83025it [8:33:29 bound:1141 nc:1736 ncall:7.4e+07 eff:0.1% logz-ratio=41.61+/-0.07 dlogz:7.837>0.1]
83150it [8:34:33 bound:1143 nc:1225 ncall:7.4e+07 eff:0.1% logz-ratio=41.66+/-0.07 dlogz:7.759>0.1]
83278it [8:35:37 bound:1145 nc:1594 ncall:7.5e+07 eff:0.1% logz-ratio=41.71+/-0.07 dlogz:7.681>0.1]
83401it [8:36:41 bound:1147 nc:1433 ncall:7.5e+07 eff:0.1% logz-ratio=41.75+/-0.07 dlogz:7.607>0.1]
83526it [8:37:46 bound:1149 nc:944 ncall:7.5e+07 eff:0.1% logz-ratio=41.80+/-0.07 dlogz:7.532>0.1]
83644it [8:38:50 bound:1151 nc:968 ncall:7.5e+07 eff:0.1% logz-ratio=41.84+/-0.07 dlogz:7.463>0.1]
83761it [8:39:56 bound:1153 nc:1744 ncall:7.5e+07 eff:0.1% logz-ratio=41.88+/-0.07 dlogz:7.394>0.1]
83886it [8:40:56 bound:1155 nc:702 ncall:7.5e+07 eff:0.1% logz-ratio=41.92+/-0.07 dlogz:7.320>0.1]
84011it [8:41:57 bound:1157 nc:1906 ncall:7.6e+07 eff:0.1% logz-ratio=41.96+/-0.07 dlogz:7.247>0.1]
84136it [8:43:02 bound:1159 nc:1688 ncall:7.6e+07 eff:0.1% logz-ratio=42.01+/-0.07 dlogz:7.173>0.1]
84262it [8:44:05 bound:1161 nc:1028 ncall:7.6e+07 eff:0.1% logz-ratio=42.05+/-0.07 dlogz:7.100>0.1]
84387it [8:45:10 bound:1163 nc:1371 ncall:7.6e+07 eff:0.1% logz-ratio=42.09+/-0.07 dlogz:7.027>0.1]
84510it [8:46:14 bound:1165 nc:1282 ncall:7.6e+07 eff:0.1% logz-ratio=42.13+/-0.07 dlogz:7.165>0.1]
84635it [8:47:21 bound:1167 nc:1693 ncall:7.6e+07 eff:0.1% logz-ratio=42.17+/-0.07 dlogz:7.094>0.1]
84761it [8:48:22 bound:1169 nc:1331 ncall:7.7e+07 eff:0.1% logz-ratio=42.21+/-0.07 dlogz:7.023>0.1]
84886it [8:49:25 bound:1171 nc:1109 ncall:7.7e+07 eff:0.1% logz-ratio=42.25+/-0.07 dlogz:6.953>0.1]
85011it [8:50:31 bound:1173 nc:980 ncall:7.7e+07 eff:0.1% logz-ratio=42.29+/-0.07 dlogz:6.883>0.1]
85132it [8:51:34 bound:1175 nc:1266 ncall:7.7e+07 eff:0.1% logz-ratio=42.33+/-0.07 dlogz:6.816>0.1]
85255it [8:52:39 bound:1177 nc:1257 ncall:7.7e+07 eff:0.1% logz-ratio=42.37+/-0.07 dlogz:6.748>0.1]
85382it [8:53:45 bound:1179 nc:1002 ncall:7.8e+07 eff:0.1% logz-ratio=42.41+/-0.07 dlogz:6.678>0.1]
85506it [8:54:52 bound:1181 nc:1723 ncall:7.8e+07 eff:0.1% logz-ratio=42.44+/-0.07 dlogz:6.611>0.1]
85628it [8:55:56 bound:1183 nc:1016 ncall:7.8e+07 eff:0.1% logz-ratio=42.48+/-0.07 dlogz:6.546>0.1]
85749it [8:56:57 bound:1185 nc:1029 ncall:7.8e+07 eff:0.1% logz-ratio=42.51+/-0.07 dlogz:6.481>0.1]
85874it [8:58:02 bound:1187 nc:888 ncall:7.8e+07 eff:0.1% logz-ratio=42.55+/-0.07 dlogz:6.415>0.1]
86001it [8:59:09 bound:1189 nc:1786 ncall:7.8e+07 eff:0.1% logz-ratio=42.59+/-0.07 dlogz:6.348>0.1]
86125it [9:00:12 bound:1191 nc:1035 ncall:7.9e+07 eff:0.1% logz-ratio=42.62+/-0.07 dlogz:6.283>0.1]
86249it [9:01:17 bound:1193 nc:1691 ncall:7.9e+07 eff:0.1% logz-ratio=42.66+/-0.07 dlogz:6.218>0.1]
86371it [9:02:23 bound:1195 nc:1328 ncall:7.9e+07 eff:0.1% logz-ratio=42.69+/-0.07 dlogz:6.155>0.1]
86496it [9:03:26 bound:1197 nc:1149 ncall:7.9e+07 eff:0.1% logz-ratio=42.72+/-0.07 dlogz:6.090>0.1]
86618it [9:04:33 bound:1199 nc:1758 ncall:7.9e+07 eff:0.1% logz-ratio=42.76+/-0.07 dlogz:6.028>0.1]
86699it [9:06:26 bound:1200 nc:901 ncall:7.9e+07 eff:0.1% logz-ratio=42.78+/-0.07 dlogz:5.986>0.1]
86799it [9:07:36 bound:1202 nc:1773 ncall:8.0e+07 eff:0.1% logz-ratio=42.81+/-0.07 dlogz:5.935>0.1]
86923it [9:08:46 bound:1204 nc:874 ncall:8.0e+07 eff:0.1% logz-ratio=42.84+/-0.07 dlogz:5.872>0.1]
87048it [9:09:51 bound:1206 nc:1387 ncall:8.0e+07 eff:0.1% logz-ratio=42.87+/-0.07 dlogz:5.809>0.1]
87172it [9:10:56 bound:1208 nc:1287 ncall:8.0e+07 eff:0.1% logz-ratio=42.90+/-0.07 dlogz:5.747>0.1]
87295it [9:12:03 bound:1210 nc:1325 ncall:8.0e+07 eff:0.1% logz-ratio=42.93+/-0.07 dlogz:5.686>0.1]
87420it [9:13:10 bound:1212 nc:1488 ncall:8.0e+07 eff:0.1% logz-ratio=42.97+/-0.07 dlogz:5.624>0.1]
87540it [9:14:18 bound:1214 nc:1318 ncall:8.1e+07 eff:0.1% logz-ratio=43.00+/-0.07 dlogz:5.566>0.1]
87664it [9:15:26 bound:1216 nc:900 ncall:8.1e+07 eff:0.1% logz-ratio=43.03+/-0.07 dlogz:5.505>0.1]
87783it [9:16:29 bound:1218 nc:1077 ncall:8.1e+07 eff:0.1% logz-ratio=43.05+/-0.07 dlogz:5.448>0.1]
87906it [9:17:36 bound:1220 nc:2867 ncall:8.1e+07 eff:0.1% logz-ratio=43.08+/-0.07 dlogz:5.389>0.1]
88029it [9:18:44 bound:1222 nc:1424 ncall:8.1e+07 eff:0.1% logz-ratio=43.11+/-0.07 dlogz:5.330>0.1]
88153it [9:19:52 bound:1224 nc:1997 ncall:8.2e+07 eff:0.1% logz-ratio=43.14+/-0.07 dlogz:5.272>0.1]
88274it [9:20:58 bound:1226 nc:2028 ncall:8.2e+07 eff:0.1% logz-ratio=43.17+/-0.07 dlogz:5.215>0.1]
88397it [9:22:04 bound:1228 nc:1145 ncall:8.2e+07 eff:0.1% logz-ratio=43.20+/-0.07 dlogz:5.158>0.1]
88521it [9:23:11 bound:1230 nc:1540 ncall:8.2e+07 eff:0.1% logz-ratio=43.22+/-0.07 dlogz:5.100>0.1]
88643it [9:24:19 bound:1232 nc:1307 ncall:8.2e+07 eff:0.1% logz-ratio=43.25+/-0.07 dlogz:5.044>0.1]
88768it [9:25:25 bound:1234 nc:1180 ncall:8.2e+07 eff:0.1% logz-ratio=43.28+/-0.07 dlogz:4.987>0.1]
88889it [9:26:30 bound:1236 nc:2037 ncall:8.3e+07 eff:0.1% logz-ratio=43.30+/-0.07 dlogz:4.933>0.1]
89012it [9:27:37 bound:1238 nc:1488 ncall:8.3e+07 eff:0.1% logz-ratio=43.33+/-0.07 dlogz:4.877>0.1]
89136it [9:28:42 bound:1240 nc:1260 ncall:8.3e+07 eff:0.1% logz-ratio=43.35+/-0.07 dlogz:4.822>0.1]
89259it [9:29:49 bound:1242 nc:2061 ncall:8.3e+07 eff:0.1% logz-ratio=43.38+/-0.07 dlogz:4.768>0.1]
89381it [9:30:58 bound:1244 nc:1515 ncall:8.3e+07 eff:0.1% logz-ratio=43.40+/-0.07 dlogz:4.714>0.1]
89503it [9:32:06 bound:1246 nc:1197 ncall:8.4e+07 eff:0.1% logz-ratio=43.43+/-0.07 dlogz:4.661>0.1]
89625it [9:33:15 bound:1248 nc:999 ncall:8.4e+07 eff:0.1% logz-ratio=43.45+/-0.07 dlogz:4.608>0.1]
89747it [9:34:23 bound:1250 nc:1087 ncall:8.4e+07 eff:0.1% logz-ratio=43.47+/-0.07 dlogz:4.556>0.1]
89865it [9:35:31 bound:1252 nc:1331 ncall:8.4e+07 eff:0.1% logz-ratio=43.50+/-0.07 dlogz:4.506>0.1]
89985it [9:36:38 bound:1254 nc:1334 ncall:8.4e+07 eff:0.1% logz-ratio=43.52+/-0.07 dlogz:4.455>0.1]
90103it [9:37:45 bound:1256 nc:2071 ncall:8.4e+07 eff:0.1% logz-ratio=43.54+/-0.07 dlogz:4.585>0.1]
90224it [9:38:55 bound:1258 nc:1984 ncall:8.5e+07 eff:0.1% logz-ratio=43.56+/-0.07 dlogz:4.535>0.1]
90343it [9:40:05 bound:1260 nc:2774 ncall:8.5e+07 eff:0.1% logz-ratio=43.58+/-0.07 dlogz:4.485>0.1]
90461it [9:41:12 bound:1262 nc:1576 ncall:8.5e+07 eff:0.1% logz-ratio=43.60+/-0.07 dlogz:4.436>0.1]
90579it [9:42:25 bound:1264 nc:1510 ncall:8.5e+07 eff:0.1% logz-ratio=43.62+/-0.07 dlogz:4.388>0.1]
90696it [9:43:34 bound:1266 nc:1482 ncall:8.5e+07 eff:0.1% logz-ratio=43.64+/-0.07 dlogz:4.340>0.1]
90817it [9:44:44 bound:1268 nc:1331 ncall:8.6e+07 eff:0.1% logz-ratio=43.66+/-0.07 dlogz:4.292>0.1]
90943it [9:45:53 bound:1270 nc:2756 ncall:8.6e+07 eff:0.1% logz-ratio=43.68+/-0.07 dlogz:4.241>0.1]
91069it [9:47:04 bound:1272 nc:1673 ncall:8.6e+07 eff:0.1% logz-ratio=43.70+/-0.07 dlogz:4.191>0.1]
91189it [9:48:14 bound:1274 nc:1138 ncall:8.6e+07 eff:0.1% logz-ratio=43.72+/-0.07 dlogz:4.143>0.1]
91305it [9:49:25 bound:1276 nc:1354 ncall:8.6e+07 eff:0.1% logz-ratio=43.74+/-0.07 dlogz:4.098>0.1]
91424it [9:50:35 bound:1278 nc:930 ncall:8.7e+07 eff:0.1% logz-ratio=43.76+/-0.07 dlogz:4.052>0.1]
91544it [9:51:43 bound:1280 nc:1469 ncall:8.7e+07 eff:0.1% logz-ratio=43.78+/-0.07 dlogz:4.005>0.1]
91663it [9:52:53 bound:1282 nc:1512 ncall:8.7e+07 eff:0.1% logz-ratio=43.79+/-0.07 dlogz:3.959>0.1]
91784it [9:54:02 bound:1284 nc:3963 ncall:8.7e+07 eff:0.1% logz-ratio=43.81+/-0.07 dlogz:3.913>0.1]
91908it [9:55:14 bound:1286 nc:2912 ncall:8.7e+07 eff:0.1% logz-ratio=43.83+/-0.07 dlogz:3.866>0.1]
92028it [9:56:25 bound:1288 nc:2041 ncall:8.8e+07 eff:0.1% logz-ratio=43.84+/-0.07 dlogz:3.821>0.1]
92146it [9:57:34 bound:1290 nc:1118 ncall:8.8e+07 eff:0.1% logz-ratio=43.86+/-0.07 dlogz:3.777>0.1]
92264it [9:58:47 bound:1292 nc:1440 ncall:8.8e+07 eff:0.1% logz-ratio=43.88+/-0.07 dlogz:3.733>0.1]
92382it [9:59:57 bound:1294 nc:1121 ncall:8.8e+07 eff:0.1% logz-ratio=43.89+/-0.07 dlogz:3.689>0.1]
92502it [10:01:07 bound:1296 nc:1637 ncall:8.8e+07 eff:0.1% logz-ratio=43.91+/-0.07 dlogz:3.645>0.1]
92623it [10:02:17 bound:1298 nc:1832 ncall:8.9e+07 eff:0.1% logz-ratio=43.92+/-0.07 dlogz:3.601>0.1]
92743it [10:03:28 bound:1300 nc:1220 ncall:8.9e+07 eff:0.1% logz-ratio=43.94+/-0.07 dlogz:3.558>0.1]
92868it [10:04:39 bound:1302 nc:1773 ncall:8.9e+07 eff:0.1% logz-ratio=43.96+/-0.07 dlogz:3.661>0.1]
92989it [10:05:51 bound:1304 nc:1748 ncall:8.9e+07 eff:0.1% logz-ratio=43.97+/-0.07 dlogz:3.617>0.1]
93004it [10:07:16 bound:1304 nc:928 ncall:8.9e+07 eff:0.1% logz-ratio=43.97+/-0.07 dlogz:3.612>0.1]
93112it [10:08:28 bound:1306 nc:2186 ncall:8.9e+07 eff:0.1% logz-ratio=43.99+/-0.07 dlogz:3.573>0.1]
93233it [10:09:42 bound:1308 nc:1628 ncall:9.0e+07 eff:0.1% logz-ratio=44.00+/-0.07 dlogz:3.530>0.1]
93354it [10:10:54 bound:1310 nc:1598 ncall:9.0e+07 eff:0.1% logz-ratio=44.02+/-0.07 dlogz:3.488>0.1]
93473it [10:12:02 bound:1312 nc:1363 ncall:9.0e+07 eff:0.1% logz-ratio=44.03+/-0.07 dlogz:3.446>0.1]
93592it [10:13:13 bound:1314 nc:1848 ncall:9.0e+07 eff:0.1% logz-ratio=44.04+/-0.07 dlogz:3.405>0.1]
93717it [10:14:27 bound:1316 nc:1486 ncall:9.0e+07 eff:0.1% logz-ratio=44.06+/-0.07 dlogz:3.362>0.1]
93838it [10:15:40 bound:1318 nc:1852 ncall:9.1e+07 eff:0.1% logz-ratio=44.07+/-0.07 dlogz:3.320>0.1]
93960it [10:16:53 bound:1320 nc:871 ncall:9.1e+07 eff:0.1% logz-ratio=44.08+/-0.07 dlogz:3.279>0.1]
94084it [10:18:06 bound:1322 nc:1831 ncall:9.1e+07 eff:0.1% logz-ratio=44.10+/-0.07 dlogz:3.237>0.1]
94205it [10:19:18 bound:1324 nc:1592 ncall:9.1e+07 eff:0.1% logz-ratio=44.11+/-0.07 dlogz:3.196>0.1]
94325it [10:20:30 bound:1326 nc:3786 ncall:9.1e+07 eff:0.1% logz-ratio=44.12+/-0.07 dlogz:3.156>0.1]
94446it [10:21:43 bound:1328 nc:1487 ncall:9.2e+07 eff:0.1% logz-ratio=44.14+/-0.07 dlogz:3.115>0.1]
94565it [10:22:55 bound:1330 nc:1845 ncall:9.2e+07 eff:0.1% logz-ratio=44.15+/-0.07 dlogz:3.076>0.1]
94684it [10:24:10 bound:1332 nc:2198 ncall:9.2e+07 eff:0.1% logz-ratio=44.16+/-0.07 dlogz:3.298>0.1]
94805it [10:25:24 bound:1334 nc:1562 ncall:9.2e+07 eff:0.1% logz-ratio=44.17+/-0.07 dlogz:3.258>0.1]
94929it [10:26:40 bound:1336 nc:1238 ncall:9.2e+07 eff:0.1% logz-ratio=44.18+/-0.07 dlogz:3.217>0.1]
95045it [10:27:51 bound:1338 nc:1718 ncall:9.3e+07 eff:0.1% logz-ratio=44.19+/-0.07 dlogz:3.180>0.1]
95161it [10:29:06 bound:1340 nc:2064 ncall:9.3e+07 eff:0.1% logz-ratio=44.21+/-0.07 dlogz:3.142>0.1]
95277it [10:30:20 bound:1342 nc:1952 ncall:9.3e+07 eff:0.1% logz-ratio=44.22+/-0.07 dlogz:3.104>0.1]
95398it [10:31:37 bound:1344 nc:1241 ncall:9.3e+07 eff:0.1% logz-ratio=44.23+/-0.07 dlogz:3.066>0.1]
95511it [10:32:51 bound:1346 nc:1709 ncall:9.3e+07 eff:0.1% logz-ratio=44.24+/-0.07 dlogz:3.030>0.1]
95629it [10:34:05 bound:1348 nc:3760 ncall:9.4e+07 eff:0.1% logz-ratio=44.25+/-0.07 dlogz:2.992>0.1]
95744it [10:35:21 bound:1350 nc:3650 ncall:9.4e+07 eff:0.1% logz-ratio=44.26+/-0.07 dlogz:2.956>0.1]
95866it [10:36:38 bound:1352 nc:1231 ncall:9.4e+07 eff:0.1% logz-ratio=44.27+/-0.07 dlogz:2.918>0.1]
95986it [10:37:54 bound:1354 nc:1123 ncall:9.4e+07 eff:0.1% logz-ratio=44.28+/-0.07 dlogz:2.880>0.1]
96109it [10:39:09 bound:1356 nc:1706 ncall:9.4e+07 eff:0.1% logz-ratio=44.29+/-0.07 dlogz:2.842>0.1]
96230it [10:40:27 bound:1358 nc:1099 ncall:9.5e+07 eff:0.1% logz-ratio=44.30+/-0.07 dlogz:2.805>0.1]
96348it [10:41:45 bound:1360 nc:1873 ncall:9.5e+07 eff:0.1% logz-ratio=44.31+/-0.07 dlogz:2.769>0.1]
96470it [10:43:02 bound:1362 nc:1711 ncall:9.5e+07 eff:0.1% logz-ratio=44.32+/-0.07 dlogz:2.732>0.1]
96587it [10:44:18 bound:1364 nc:1449 ncall:9.5e+07 eff:0.1% logz-ratio=44.33+/-0.07 dlogz:2.697>0.1]
96706it [10:45:36 bound:1366 nc:1722 ncall:9.6e+07 eff:0.1% logz-ratio=44.34+/-0.07 dlogz:2.661>0.1]
96823it [10:46:52 bound:1368 nc:2366 ncall:9.6e+07 eff:0.1% logz-ratio=44.35+/-0.07 dlogz:2.626>0.1]
96939it [10:48:08 bound:1370 nc:2091 ncall:9.6e+07 eff:0.1% logz-ratio=44.36+/-0.07 dlogz:2.592>0.1]
97055it [10:49:25 bound:1372 nc:2269 ncall:9.6e+07 eff:0.1% logz-ratio=44.36+/-0.07 dlogz:2.558>0.1]
97174it [10:50:42 bound:1374 nc:1495 ncall:9.6e+07 eff:0.1% logz-ratio=44.37+/-0.07 dlogz:2.523>0.1]
97295it [10:51:59 bound:1376 nc:1006 ncall:9.7e+07 eff:0.1% logz-ratio=44.38+/-0.07 dlogz:2.488>0.1]
97410it [10:53:17 bound:1378 nc:3454 ncall:9.7e+07 eff:0.1% logz-ratio=44.39+/-0.07 dlogz:2.455>0.1]
97534it [10:54:34 bound:1380 nc:2051 ncall:9.7e+07 eff:0.1% logz-ratio=44.40+/-0.07 dlogz:2.419>0.1]
97654it [10:55:53 bound:1382 nc:2010 ncall:9.7e+07 eff:0.1% logz-ratio=44.41+/-0.07 dlogz:2.385>0.1]
97770it [10:57:10 bound:1384 nc:1868 ncall:9.8e+07 eff:0.1% logz-ratio=44.41+/-0.07 dlogz:2.352>0.1]
97890it [10:58:29 bound:1386 nc:1734 ncall:9.8e+07 eff:0.1% logz-ratio=44.42+/-0.07 dlogz:2.319>0.1]
98009it [10:59:47 bound:1388 nc:1564 ncall:9.8e+07 eff:0.1% logz-ratio=44.43+/-0.07 dlogz:2.286>0.1]
98132it [11:01:05 bound:1390 nc:1930 ncall:9.8e+07 eff:0.1% logz-ratio=44.44+/-0.07 dlogz:2.252>0.1]
98250it [11:02:25 bound:1392 nc:1805 ncall:9.8e+07 eff:0.1% logz-ratio=44.45+/-0.07 dlogz:2.219>0.1]
98369it [11:03:45 bound:1394 nc:2210 ncall:9.9e+07 eff:0.1% logz-ratio=44.45+/-0.07 dlogz:2.187>0.1]
98486it [11:05:03 bound:1396 nc:1194 ncall:9.9e+07 eff:0.1% logz-ratio=44.46+/-0.07 dlogz:2.155>0.1]
98607it [11:06:22 bound:1398 nc:2228 ncall:9.9e+07 eff:0.1% logz-ratio=44.47+/-0.07 dlogz:2.123>0.1]
98677it [11:08:34 bound:1399 nc:2032 ncall:9.9e+07 eff:0.1% logz-ratio=44.47+/-0.07 dlogz:2.104>0.1]
98780it [11:09:54 bound:1401 nc:2070 ncall:9.9e+07 eff:0.1% logz-ratio=44.48+/-0.07 dlogz:2.077>0.1]
98898it [11:11:13 bound:1403 nc:1404 ncall:1.0e+08 eff:0.1% logz-ratio=44.48+/-0.07 dlogz:2.046>0.1]
99014it [11:12:31 bound:1405 nc:1114 ncall:1.0e+08 eff:0.1% logz-ratio=44.49+/-0.07 dlogz:2.188>0.1]
99135it [11:13:52 bound:1407 nc:1737 ncall:1.0e+08 eff:0.1% logz-ratio=44.50+/-0.07 dlogz:2.156>0.1]
99253it [11:15:11 bound:1409 nc:1367 ncall:1.0e+08 eff:0.1% logz-ratio=44.50+/-0.07 dlogz:2.125>0.1]
99373it [11:16:32 bound:1411 nc:1262 ncall:1.0e+08 eff:0.1% logz-ratio=44.51+/-0.07 dlogz:2.094>0.1]
99492it [11:17:50 bound:1413 nc:2073 ncall:1.0e+08 eff:0.1% logz-ratio=44.52+/-0.07 dlogz:2.063>0.1]
99614it [11:19:11 bound:1415 nc:1592 ncall:1.0e+08 eff:0.1% logz-ratio=44.52+/-0.07 dlogz:2.031>0.1]
99732it [11:20:31 bound:1417 nc:1587 ncall:1.0e+08 eff:0.1% logz-ratio=44.53+/-0.07 dlogz:2.001>0.1]
99856it [11:21:52 bound:1419 nc:2292 ncall:1.0e+08 eff:0.1% logz-ratio=44.54+/-0.07 dlogz:1.969>0.1]
99975it [11:23:12 bound:1421 nc:1937 ncall:1.0e+08 eff:0.1% logz-ratio=44.54+/-0.07 dlogz:1.939>0.1]
100096it [11:24:34 bound:1423 nc:1715 ncall:1.0e+08 eff:0.1% logz-ratio=44.55+/-0.07 dlogz:1.909>0.1]
100211it [11:25:54 bound:1425 nc:2037 ncall:1.0e+08 eff:0.1% logz-ratio=44.55+/-0.07 dlogz:1.880>0.1]
100327it [11:27:16 bound:1427 nc:2469 ncall:1.0e+08 eff:0.1% logz-ratio=44.56+/-0.07 dlogz:1.852>0.1]
100440it [11:28:38 bound:1429 nc:4404 ncall:1.0e+08 eff:0.1% logz-ratio=44.56+/-0.07 dlogz:1.824>0.1]
100553it [11:29:56 bound:1431 nc:2490 ncall:1.0e+08 eff:0.1% logz-ratio=44.57+/-0.07 dlogz:1.796>0.1]
100670it [11:31:17 bound:1433 nc:1665 ncall:1.0e+08 eff:0.1% logz-ratio=44.57+/-0.07 dlogz:1.768>0.1]
100790it [11:32:40 bound:1435 nc:1912 ncall:1.0e+08 eff:0.1% logz-ratio=44.58+/-0.07 dlogz:1.740>0.1]
100901it [11:34:02 bound:1437 nc:2210 ncall:1.0e+08 eff:0.1% logz-ratio=44.58+/-0.07 dlogz:1.713>0.1]
101014it [11:35:26 bound:1439 nc:1951 ncall:1.0e+08 eff:0.1% logz-ratio=44.59+/-0.07 dlogz:1.687>0.1]
101121it [11:36:48 bound:1441 nc:1157 ncall:1.0e+08 eff:0.1% logz-ratio=44.59+/-0.07 dlogz:1.662>0.1]
101238it [11:38:11 bound:1443 nc:2158 ncall:1.0e+08 eff:0.1% logz-ratio=44.60+/-0.07 dlogz:1.635>0.1]
101356it [11:39:33 bound:1445 nc:1460 ncall:1.0e+08 eff:0.1% logz-ratio=44.60+/-0.07 dlogz:1.608>0.1]
101477it [11:40:56 bound:1447 nc:1613 ncall:1.0e+08 eff:0.1% logz-ratio=44.61+/-0.07 dlogz:1.580>0.1]
101597it [11:42:17 bound:1449 nc:1813 ncall:1.1e+08 eff:0.1% logz-ratio=44.61+/-0.07 dlogz:1.553>0.1]
101720it [11:43:39 bound:1451 nc:1508 ncall:1.1e+08 eff:0.1% logz-ratio=44.62+/-0.07 dlogz:1.526>0.1]
101839it [11:45:00 bound:1453 nc:2329 ncall:1.1e+08 eff:0.1% logz-ratio=44.62+/-0.07 dlogz:1.499>0.1]
101957it [11:46:24 bound:1455 nc:1963 ncall:1.1e+08 eff:0.1% logz-ratio=44.63+/-0.07 dlogz:1.473>0.1]
102077it [11:47:47 bound:1457 nc:1663 ncall:1.1e+08 eff:0.1% logz-ratio=44.63+/-0.07 dlogz:1.447>0.1]
102196it [11:49:11 bound:1459 nc:2413 ncall:1.1e+08 eff:0.1% logz-ratio=44.64+/-0.07 dlogz:1.422>0.1]
102318it [11:50:33 bound:1461 nc:1750 ncall:1.1e+08 eff:0.1% logz-ratio=44.64+/-0.07 dlogz:1.396>0.1]
102436it [11:51:55 bound:1463 nc:2343 ncall:1.1e+08 eff:0.1% logz-ratio=44.65+/-0.07 dlogz:1.371>0.1]
102554it [11:53:18 bound:1465 nc:3659 ncall:1.1e+08 eff:0.1% logz-ratio=44.65+/-0.07 dlogz:1.347>0.1]
102667it [11:54:39 bound:1467 nc:1315 ncall:1.1e+08 eff:0.1% logz-ratio=44.65+/-0.07 dlogz:1.323>0.1]
102782it [11:56:03 bound:1469 nc:2259 ncall:1.1e+08 eff:0.1% logz-ratio=44.66+/-0.07 dlogz:1.300>0.1]
102892it [11:57:27 bound:1471 nc:1763 ncall:1.1e+08 eff:0.1% logz-ratio=44.66+/-0.07 dlogz:1.278>0.1]
103004it [11:58:51 bound:1473 nc:2761 ncall:1.1e+08 eff:0.1% logz-ratio=44.67+/-0.07 dlogz:1.255>0.1]
103119it [12:00:15 bound:1475 nc:2224 ncall:1.1e+08 eff:0.1% logz-ratio=44.67+/-0.07 dlogz:1.233>0.1]
103237it [12:01:39 bound:1477 nc:2749 ncall:1.1e+08 eff:0.1% logz-ratio=44.67+/-0.07 dlogz:1.210>0.1]
103351it [12:03:02 bound:1479 nc:2276 ncall:1.1e+08 eff:0.1% logz-ratio=44.68+/-0.07 dlogz:1.187>0.1]
103471it [12:04:25 bound:1481 nc:2361 ncall:1.1e+08 eff:0.1% logz-ratio=44.68+/-0.07 dlogz:1.165>0.1]
103589it [12:05:48 bound:1483 nc:1900 ncall:1.1e+08 eff:0.1% logz-ratio=44.69+/-0.07 dlogz:1.142>0.1]
103707it [12:07:13 bound:1485 nc:1591 ncall:1.1e+08 eff:0.1% logz-ratio=44.69+/-0.07 dlogz:1.120>0.1]
103766it [12:09:29 bound:1486 nc:1974 ncall:1.1e+08 eff:0.1% logz-ratio=44.69+/-0.07 dlogz:1.109>0.1]
103874it [12:10:55 bound:1488 nc:1872 ncall:1.1e+08 eff:0.1% logz-ratio=44.69+/-0.07 dlogz:1.090>0.1]
103981it [12:12:19 bound:1490 nc:2059 ncall:1.1e+08 eff:0.1% logz-ratio=44.70+/-0.07 dlogz:1.070>0.1]
104099it [12:13:42 bound:1492 nc:1400 ncall:1.1e+08 eff:0.1% logz-ratio=44.70+/-0.07 dlogz:1.049>0.1]
104216it [12:15:05 bound:1494 nc:2518 ncall:1.1e+08 eff:0.1% logz-ratio=44.70+/-0.07 dlogz:1.028>0.1]
104334it [12:16:29 bound:1496 nc:1700 ncall:1.1e+08 eff:0.1% logz-ratio=44.71+/-0.07 dlogz:1.008>0.1]
104458it [12:17:54 bound:1498 nc:2176 ncall:1.1e+08 eff:0.1% logz-ratio=44.71+/-0.07 dlogz:0.987>0.1]
104578it [12:19:17 bound:1500 nc:2574 ncall:1.1e+08 eff:0.1% logz-ratio=44.71+/-0.07 dlogz:0.966>0.1]
104697it [12:20:39 bound:1502 nc:2260 ncall:1.1e+08 eff:0.1% logz-ratio=44.72+/-0.07 dlogz:0.946>0.1]
104811it [12:22:04 bound:1504 nc:2107 ncall:1.1e+08 eff:0.1% logz-ratio=44.72+/-0.07 dlogz:0.928>0.1]
104927it [12:23:29 bound:1506 nc:3597 ncall:1.1e+08 eff:0.1% logz-ratio=44.72+/-0.07 dlogz:0.909>0.1]
105043it [12:24:53 bound:1508 nc:1884 ncall:1.1e+08 eff:0.1% logz-ratio=44.73+/-0.07 dlogz:0.890>0.1]
105159it [12:26:16 bound:1510 nc:1556 ncall:1.1e+08 eff:0.1% logz-ratio=44.73+/-0.07 dlogz:0.872>0.1]
105278it [12:27:41 bound:1512 nc:1048 ncall:1.1e+08 eff:0.1% logz-ratio=44.73+/-0.07 dlogz:0.853>0.1]
105396it [12:29:07 bound:1514 nc:1433 ncall:1.1e+08 eff:0.1% logz-ratio=44.74+/-0.07 dlogz:0.835>0.1]
105511it [12:30:32 bound:1516 nc:2351 ncall:1.1e+08 eff:0.1% logz-ratio=44.74+/-0.07 dlogz:0.818>0.1]
105631it [12:31:57 bound:1518 nc:2110 ncall:1.1e+08 eff:0.1% logz-ratio=44.74+/-0.07 dlogz:0.800>0.1]
105747it [12:33:24 bound:1520 nc:1533 ncall:1.1e+08 eff:0.1% logz-ratio=44.74+/-0.07 dlogz:0.783>0.1]
105859it [12:34:48 bound:1522 nc:1279 ncall:1.1e+08 eff:0.1% logz-ratio=44.75+/-0.07 dlogz:0.767>0.1]
105970it [12:36:12 bound:1524 nc:2057 ncall:1.1e+08 eff:0.1% logz-ratio=44.75+/-0.07 dlogz:0.751>0.1]
106088it [12:37:39 bound:1526 nc:1034 ncall:1.1e+08 eff:0.1% logz-ratio=44.75+/-0.07 dlogz:0.734>0.1]
106202it [12:39:05 bound:1528 nc:1738 ncall:1.1e+08 eff:0.1% logz-ratio=44.76+/-0.07 dlogz:0.719>0.1]
106320it [12:40:31 bound:1530 nc:2395 ncall:1.1e+08 eff:0.1% logz-ratio=44.76+/-0.07 dlogz:0.703>0.1]
106434it [12:41:57 bound:1532 nc:4494 ncall:1.2e+08 eff:0.1% logz-ratio=44.76+/-0.07 dlogz:0.687>0.1]
106555it [12:43:24 bound:1534 nc:1852 ncall:1.2e+08 eff:0.1% logz-ratio=44.76+/-0.07 dlogz:0.767>0.1]
106670it [12:44:50 bound:1536 nc:3218 ncall:1.2e+08 eff:0.1% logz-ratio=44.77+/-0.07 dlogz:0.751>0.1]
106783it [12:46:15 bound:1538 nc:1925 ncall:1.2e+08 eff:0.1% logz-ratio=44.77+/-0.07 dlogz:0.735>0.1]
106902it [12:47:41 bound:1540 nc:2131 ncall:1.2e+08 eff:0.1% logz-ratio=44.77+/-0.07 dlogz:0.719>0.1]
107020it [12:49:09 bound:1542 nc:1168 ncall:1.2e+08 eff:0.1% logz-ratio=44.77+/-0.07 dlogz:0.703>0.1]
107137it [12:50:36 bound:1544 nc:2256 ncall:1.2e+08 eff:0.1% logz-ratio=44.77+/-0.07 dlogz:0.688>0.1]
107251it [12:52:05 bound:1546 nc:1469 ncall:1.2e+08 eff:0.1% logz-ratio=44.78+/-0.07 dlogz:0.673>0.1]
107367it [12:53:33 bound:1548 nc:2773 ncall:1.2e+08 eff:0.1% logz-ratio=44.78+/-0.07 dlogz:0.658>0.1]
107480it [12:55:02 bound:1550 nc:2123 ncall:1.2e+08 eff:0.1% logz-ratio=44.78+/-0.07 dlogz:0.644>0.1]
107599it [12:56:29 bound:1552 nc:2345 ncall:1.2e+08 eff:0.1% logz-ratio=44.78+/-0.07 dlogz:0.629>0.1]
107715it [12:57:58 bound:1554 nc:2472 ncall:1.2e+08 eff:0.1% logz-ratio=44.79+/-0.07 dlogz:0.615>0.1]
107827it [12:59:23 bound:1556 nc:6788 ncall:1.2e+08 eff:0.1% logz-ratio=44.79+/-0.07 dlogz:0.650>0.1]
107942it [13:00:52 bound:1558 nc:1418 ncall:1.2e+08 eff:0.1% logz-ratio=44.79+/-0.07 dlogz:0.636>0.1]
108061it [13:02:23 bound:1560 nc:2091 ncall:1.2e+08 eff:0.1% logz-ratio=44.79+/-0.07 dlogz:0.621>0.1]
108181it [13:03:51 bound:1562 nc:4706 ncall:1.2e+08 eff:0.1% logz-ratio=44.79+/-0.07 dlogz:0.607>0.1]
108291it [13:05:20 bound:1564 nc:1653 ncall:1.2e+08 eff:0.1% logz-ratio=44.80+/-0.07 dlogz:0.594>0.1]
108410it [13:06:47 bound:1566 nc:1522 ncall:1.2e+08 eff:0.1% logz-ratio=44.80+/-0.07 dlogz:0.580>0.1]
108522it [13:08:15 bound:1568 nc:2051 ncall:1.2e+08 eff:0.1% logz-ratio=44.80+/-0.07 dlogz:0.568>0.1]
108581it [13:10:38 bound:1569 nc:2625 ncall:1.2e+08 eff:0.1% logz-ratio=44.80+/-0.07 dlogz:0.561>0.1]
108692it [13:12:07 bound:1571 nc:1112 ncall:1.2e+08 eff:0.1% logz-ratio=44.80+/-0.07 dlogz:0.549>0.1]
108809it [13:13:37 bound:1573 nc:1760 ncall:1.2e+08 eff:0.1% logz-ratio=44.80+/-0.07 dlogz:0.536>0.1]
108923it [13:15:06 bound:1575 nc:1827 ncall:1.2e+08 eff:0.1% logz-ratio=44.81+/-0.07 dlogz:0.524>0.1]
109041it [13:16:36 bound:1577 nc:2050 ncall:1.2e+08 eff:0.1% logz-ratio=44.81+/-0.07 dlogz:0.511>0.1]
109159it [13:18:06 bound:1579 nc:2415 ncall:1.2e+08 eff:0.1% logz-ratio=44.81+/-0.07 dlogz:0.499>0.1]
109273it [13:19:36 bound:1581 nc:3981 ncall:1.2e+08 eff:0.1% logz-ratio=44.81+/-0.07 dlogz:0.488>0.1]
109387it [13:21:06 bound:1583 nc:3757 ncall:1.2e+08 eff:0.1% logz-ratio=44.81+/-0.07 dlogz:0.476>0.1]
109501it [13:22:36 bound:1585 nc:2057 ncall:1.2e+08 eff:0.1% logz-ratio=44.82+/-0.07 dlogz:0.465>0.1]
109620it [13:24:06 bound:1587 nc:2408 ncall:1.2e+08 eff:0.1% logz-ratio=44.82+/-0.07 dlogz:0.454>0.1]
109737it [13:25:37 bound:1589 nc:2621 ncall:1.2e+08 eff:0.1% logz-ratio=44.82+/-0.07 dlogz:0.443>0.1]
109849it [13:27:08 bound:1591 nc:1984 ncall:1.2e+08 eff:0.1% logz-ratio=44.82+/-0.07 dlogz:0.433>0.1]
109966it [13:28:37 bound:1593 nc:2592 ncall:1.2e+08 eff:0.1% logz-ratio=44.82+/-0.07 dlogz:0.422>0.1]
110084it [13:30:10 bound:1595 nc:3430 ncall:1.2e+08 eff:0.1% logz-ratio=44.82+/-0.07 dlogz:0.412>0.1]
110205it [13:31:43 bound:1597 nc:1686 ncall:1.2e+08 eff:0.1% logz-ratio=44.83+/-0.07 dlogz:0.401>0.1]
110323it [13:33:15 bound:1599 nc:1985 ncall:1.2e+08 eff:0.1% logz-ratio=44.83+/-0.07 dlogz:0.392>0.1]
110440it [13:34:45 bound:1601 nc:2426 ncall:1.2e+08 eff:0.1% logz-ratio=44.83+/-0.07 dlogz:0.382>0.1]
110555it [13:36:17 bound:1603 nc:2746 ncall:1.2e+08 eff:0.1% logz-ratio=44.83+/-0.07 dlogz:0.373>0.1]
110677it [13:37:50 bound:1605 nc:2610 ncall:1.2e+08 eff:0.1% logz-ratio=44.83+/-0.07 dlogz:0.363>0.1]
110791it [13:39:21 bound:1607 nc:1416 ncall:1.2e+08 eff:0.1% logz-ratio=44.83+/-0.07 dlogz:0.354>0.1]
110910it [13:40:53 bound:1609 nc:1928 ncall:1.3e+08 eff:0.1% logz-ratio=44.83+/-0.07 dlogz:0.345>0.1]
111024it [13:42:26 bound:1611 nc:2344 ncall:1.3e+08 eff:0.1% logz-ratio=44.84+/-0.07 dlogz:0.337>0.1]
111137it [13:43:56 bound:1613 nc:2343 ncall:1.3e+08 eff:0.1% logz-ratio=44.84+/-0.07 dlogz:0.328>0.1]
111254it [13:45:28 bound:1615 nc:1673 ncall:1.3e+08 eff:0.1% logz-ratio=44.84+/-0.07 dlogz:0.320>0.1]
111373it [13:47:01 bound:1617 nc:1779 ncall:1.3e+08 eff:0.1% logz-ratio=44.84+/-0.07 dlogz:0.312>0.1]
111491it [13:48:35 bound:1619 nc:1959 ncall:1.3e+08 eff:0.1% logz-ratio=44.84+/-0.07 dlogz:0.305>0.1]
111608it [13:50:09 bound:1621 nc:3895 ncall:1.3e+08 eff:0.1% logz-ratio=44.84+/-0.07 dlogz:0.297>0.1]
111723it [13:51:44 bound:1623 nc:2573 ncall:1.3e+08 eff:0.1% logz-ratio=44.84+/-0.07 dlogz:0.290>0.1]
111839it [13:53:18 bound:1625 nc:2673 ncall:1.3e+08 eff:0.1% logz-ratio=44.84+/-0.07 dlogz:0.282>0.1]
111959it [13:54:53 bound:1627 nc:1772 ncall:1.3e+08 eff:0.1% logz-ratio=44.85+/-0.07 dlogz:0.275>0.1]
112074it [13:56:29 bound:1629 nc:2672 ncall:1.3e+08 eff:0.1% logz-ratio=44.85+/-0.07 dlogz:0.268>0.1]
112191it [13:58:02 bound:1631 nc:2160 ncall:1.3e+08 eff:0.1% logz-ratio=44.85+/-0.07 dlogz:0.261>0.1]
112304it [13:59:40 bound:1633 nc:1678 ncall:1.3e+08 eff:0.1% logz-ratio=44.85+/-0.07 dlogz:0.254>0.1]
112416it [14:01:15 bound:1635 nc:6017 ncall:1.3e+08 eff:0.1% logz-ratio=44.85+/-0.07 dlogz:0.248>0.1]
112532it [14:02:51 bound:1637 nc:2045 ncall:1.3e+08 eff:0.1% logz-ratio=44.85+/-0.07 dlogz:0.242>0.1]
112644it [14:04:28 bound:1639 nc:1599 ncall:1.3e+08 eff:0.1% logz-ratio=44.85+/-0.07 dlogz:0.236>0.1]
112763it [14:06:04 bound:1641 nc:4636 ncall:1.3e+08 eff:0.1% logz-ratio=44.85+/-0.07 dlogz:0.229>0.1]
112874it [14:07:41 bound:1643 nc:4798 ncall:1.3e+08 eff:0.1% logz-ratio=44.86+/-0.07 dlogz:0.224>0.1]
112992it [14:09:17 bound:1645 nc:2239 ncall:1.3e+08 eff:0.1% logz-ratio=44.86+/-0.07 dlogz:0.218>0.1]
113056it [14:11:52 bound:1646 nc:2417 ncall:1.3e+08 eff:0.1% logz-ratio=44.86+/-0.07 dlogz:0.215>0.1]
113159it [14:13:27 bound:1648 nc:4974 ncall:1.3e+08 eff:0.1% logz-ratio=44.86+/-0.07 dlogz:0.210>0.1]
113279it [14:15:06 bound:1650 nc:2904 ncall:1.3e+08 eff:0.1% logz-ratio=44.86+/-0.07 dlogz:0.204>0.1]
113398it [14:16:43 bound:1652 nc:2718 ncall:1.3e+08 eff:0.1% logz-ratio=44.86+/-0.07 dlogz:0.198>0.1]
113511it [14:18:20 bound:1654 nc:2487 ncall:1.3e+08 eff:0.1% logz-ratio=44.86+/-0.07 dlogz:0.193>0.1]
113629it [14:19:57 bound:1656 nc:1752 ncall:1.3e+08 eff:0.1% logz-ratio=44.86+/-0.07 dlogz:0.188>0.1]
113741it [14:21:37 bound:1658 nc:1397 ncall:1.3e+08 eff:0.1% logz-ratio=44.86+/-0.07 dlogz:0.200>0.1]
113856it [14:23:17 bound:1660 nc:2064 ncall:1.3e+08 eff:0.1% logz-ratio=44.86+/-0.07 dlogz:0.194>0.1]
113973it [14:24:56 bound:1662 nc:2583 ncall:1.3e+08 eff:0.1% logz-ratio=44.86+/-0.07 dlogz:0.189>0.1]
114090it [14:26:35 bound:1664 nc:2817 ncall:1.3e+08 eff:0.1% logz-ratio=44.87+/-0.07 dlogz:0.184>0.1]
114205it [14:28:13 bound:1666 nc:3387 ncall:1.3e+08 eff:0.1% logz-ratio=44.87+/-0.07 dlogz:0.179>0.1]
114321it [14:29:55 bound:1668 nc:2813 ncall:1.3e+08 eff:0.1% logz-ratio=44.87+/-0.07 dlogz:0.175>0.1]
114431it [14:31:35 bound:1670 nc:2410 ncall:1.3e+08 eff:0.1% logz-ratio=44.87+/-0.07 dlogz:0.178>0.1]
114552it [14:33:15 bound:1672 nc:1362 ncall:1.3e+08 eff:0.1% logz-ratio=44.87+/-0.07 dlogz:0.237>0.1]
114671it [14:34:53 bound:1674 nc:4182 ncall:1.3e+08 eff:0.1% logz-ratio=44.87+/-0.07 dlogz:0.231>0.1]
114780it [14:36:32 bound:1676 nc:2930 ncall:1.3e+08 eff:0.1% logz-ratio=44.87+/-0.07 dlogz:0.225>0.1]
114896it [14:38:12 bound:1678 nc:2144 ncall:1.4e+08 eff:0.1% logz-ratio=44.87+/-0.07 dlogz:0.219>0.1]
115011it [14:39:55 bound:1680 nc:1578 ncall:1.4e+08 eff:0.1% logz-ratio=44.87+/-0.07 dlogz:0.214>0.1]
115132it [14:41:35 bound:1682 nc:2394 ncall:1.4e+08 eff:0.1% logz-ratio=44.87+/-0.07 dlogz:0.208>0.1]
115238it [14:43:18 bound:1684 nc:2733 ncall:1.4e+08 eff:0.1% logz-ratio=44.87+/-0.07 dlogz:0.203>0.1]
115350it [14:45:00 bound:1686 nc:3051 ncall:1.4e+08 eff:0.1% logz-ratio=44.88+/-0.07 dlogz:0.198>0.1]
115464it [14:46:44 bound:1688 nc:2173 ncall:1.4e+08 eff:0.1% logz-ratio=44.88+/-0.07 dlogz:0.193>0.1]
115576it [14:48:28 bound:1690 nc:2888 ncall:1.4e+08 eff:0.1% logz-ratio=44.88+/-0.07 dlogz:0.188>0.1]
115689it [14:50:14 bound:1692 nc:2360 ncall:1.4e+08 eff:0.1% logz-ratio=44.88+/-0.07 dlogz:0.183>0.1]
115805it [14:51:59 bound:1694 nc:2047 ncall:1.4e+08 eff:0.1% logz-ratio=44.88+/-0.07 dlogz:0.178>0.1]
115920it [14:53:43 bound:1696 nc:2771 ncall:1.4e+08 eff:0.1% logz-ratio=44.88+/-0.07 dlogz:0.174>0.1]
116036it [14:55:28 bound:1698 nc:1934 ncall:1.4e+08 eff:0.1% logz-ratio=44.88+/-0.07 dlogz:0.169>0.1]
116152it [14:57:13 bound:1700 nc:1839 ncall:1.4e+08 eff:0.1% logz-ratio=44.88+/-0.07 dlogz:0.165>0.1]
116265it [14:58:59 bound:1702 nc:2338 ncall:1.4e+08 eff:0.1% logz-ratio=44.88+/-0.07 dlogz:0.161>0.1]
116382it [15:00:46 bound:1704 nc:2856 ncall:1.4e+08 eff:0.1% logz-ratio=44.88+/-0.07 dlogz:0.156>0.1]
116497it [15:02:31 bound:1706 nc:3978 ncall:1.4e+08 eff:0.1% logz-ratio=44.88+/-0.07 dlogz:0.152>0.1]
116616it [15:04:18 bound:1708 nc:1800 ncall:1.4e+08 eff:0.1% logz-ratio=44.88+/-0.07 dlogz:0.148>0.1]
116734it [15:06:07 bound:1710 nc:2115 ncall:1.4e+08 eff:0.1% logz-ratio=44.88+/-0.07 dlogz:0.144>0.1]
116850it [15:07:53 bound:1712 nc:1757 ncall:1.4e+08 eff:0.1% logz-ratio=44.88+/-0.07 dlogz:0.140>0.1]
116965it [15:09:40 bound:1714 nc:2953 ncall:1.4e+08 eff:0.1% logz-ratio=44.88+/-0.07 dlogz:0.136>0.1]
117080it [15:11:28 bound:1716 nc:2306 ncall:1.4e+08 eff:0.1% logz-ratio=44.89+/-0.07 dlogz:0.133>0.1]
117087it [15:13:16 bound:1716 nc:2834 ncall:1.4e+08 eff:0.1% logz-ratio=44.89+/-0.07 dlogz:0.133>0.1]
117194it [15:15:02 bound:1718 nc:3029 ncall:1.4e+08 eff:0.1% logz-ratio=44.89+/-0.07 dlogz:0.129>0.1]
117310it [15:16:50 bound:1720 nc:3290 ncall:1.4e+08 eff:0.1% logz-ratio=44.89+/-0.07 dlogz:0.126>0.1]
117422it [15:18:37 bound:1722 nc:2622 ncall:1.4e+08 eff:0.1% logz-ratio=44.89+/-0.07 dlogz:0.123>0.1]
117544it [15:20:25 bound:1724 nc:6461 ncall:1.4e+08 eff:0.1% logz-ratio=44.89+/-0.07 dlogz:0.119>0.1]
117652it [15:22:13 bound:1726 nc:2484 ncall:1.4e+08 eff:0.1% logz-ratio=44.89+/-0.07 dlogz:0.116>0.1]
117771it [15:24:03 bound:1728 nc:2366 ncall:1.4e+08 eff:0.1% logz-ratio=44.89+/-0.07 dlogz:0.113>0.1]
117889it [15:25:49 bound:1730 nc:7854 ncall:1.4e+08 eff:0.1% logz-ratio=44.89+/-0.07 dlogz:0.110>0.1]
118004it [15:27:38 bound:1732 nc:1921 ncall:1.4e+08 eff:0.1% logz-ratio=44.89+/-0.07 dlogz:0.107>0.1]
118121it [15:29:30 bound:1734 nc:2719 ncall:1.4e+08 eff:0.1% logz-ratio=44.89+/-0.07 dlogz:0.104>0.1]
118239it [15:31:19 bound:1736 nc:3141 ncall:1.4e+08 eff:0.1% logz-ratio=44.89+/-0.07 dlogz:0.101>0.1]
At this point, we cannot create a float from 0        1.885130
1        1.889676
2        1.907522
3        1.898797
4        1.932457
           ...   
20673    1.940250
20674    1.926287
20675    1.935551
20676    1.933875
20677    1.931316
Name: chirp_mass_source, Length: 20678, dtype: float64, error: cannot convert the series to <class 'float'>
At this point, we cannot create a float from 0        0.353112
1        0.324041
2        0.349958
3        0.315289
4        0.349916
           ...   
20673    0.351251
20674    0.355089
20675    0.378720
20676    0.372805
20677    0.356565
Name: mass_ratio, Length: 20678, dtype: float64, error: cannot convert the series to <class 'float'>
At this point, we cannot create a float from 0        1038.356445
1        1331.973389
2        1333.927979
3        1031.355957
4         599.800659
            ...     
20673    1034.998291
20674    1033.030151
20675     471.203247
20676     559.236938
20677     951.245850
Name: lambda_2, Length: 20678, dtype: float64, error: cannot convert the series to <class 'float'>
Skipped taking the float value from [-4.73596859 -5.35697126 -6.46558762 ... -4.36952972 -4.25092602
 -4.8604784 ], error: only length-1 arrays can be converted to Python scalars
At this point, we cannot create a float from [1.86204374 1.86246962 1.86289551 ... 1.98853121 1.9889571
 1.98938298], error: only length-1 arrays can be converted to Python scalars
At this point, we cannot create a float from [0.28263491 0.28309303 0.28355114 ... 0.41869436 0.41915248
 0.41961059], error: only length-1 arrays can be converted to Python scalars
At this point, we cannot create a float from [ 264.88217163  270.61139977  276.34062792 ... 1966.46293043
 1972.19215857 1977.92138672], error: only length-1 arrays can be converted to Python scalars
Skipped taking the float value from [-13.63402939 -13.57459354 -13.52483368 ... -33.13647842
 -34.14183426 -35.13776779], error: only length-1 arrays can be converted to Python scalars
