000 (2568333.000.000) 2025-07-28 23:20:12 Job submitted from host: <145.107.7.246:9618?addrs=145.107.7.246-9618+[2a07-8500-120-e070--3f6]-9618&alias=taai-007.nikhef.nl&noUDP&sock=schedd_2614_90a7>
    DAG Node: run_a
...
001 (2568333.000.000) 2025-07-28 23:21:00 Job executing on host: <145.107.4.165:9618?addrs=145.107.4.165-9618+[2a07-8500-120-e070--a5]-9618&alias=wn-pijl-004.nikhef.nl&noUDP&sock=startd_4575_a5df>
	SlotName: slot1_5@wn-pijl-004.nikhef.nl
	AvailableGPUs = {  }
	CondorScratchDir = "/scratch/condor_execute/dir_2376441"
	Cpus = 64
	Disk = 16790397
	GPUs = 0
	Memory = 16384
...
006 (2568333.000.000) 2025-07-28 23:21:13 Image size of job updated: 503556
	492  -  MemoryUsage of job (MB)
	503556  -  ResidentSetSize of job (KB)
...
006 (2568333.000.000) 2025-07-28 23:26:13 Image size of job updated: 2377888
	2322  -  MemoryUsage of job (MB)
	2377496  -  ResidentSetSize of job (KB)
...
006 (2568333.000.000) 2025-07-28 23:31:14 Image size of job updated: 2390988
	2335  -  MemoryUsage of job (MB)
	2390988  -  ResidentSetSize of job (KB)
...
006 (2568333.000.000) 2025-07-28 23:36:15 Image size of job updated: 2401456
	2346  -  MemoryUsage of job (MB)
	2401456  -  ResidentSetSize of job (KB)
...
006 (2568333.000.000) 2025-07-28 23:41:15 Image size of job updated: 2429512
	2373  -  MemoryUsage of job (MB)
	2429512  -  ResidentSetSize of job (KB)
...
006 (2568333.000.000) 2025-07-28 23:46:16 Image size of job updated: 2437104
	2380  -  MemoryUsage of job (MB)
	2437104  -  ResidentSetSize of job (KB)
...
006 (2568333.000.000) 2025-07-28 23:51:16 Image size of job updated: 2442956
	2386  -  MemoryUsage of job (MB)
	2442956  -  ResidentSetSize of job (KB)
...
006 (2568333.000.000) 2025-07-28 23:56:16 Image size of job updated: 2448288
	2391  -  MemoryUsage of job (MB)
	2448288  -  ResidentSetSize of job (KB)
...
006 (2568333.000.000) 2025-07-29 00:01:17 Image size of job updated: 2453248
	2396  -  MemoryUsage of job (MB)
	2453248  -  ResidentSetSize of job (KB)
...
006 (2568333.000.000) 2025-07-29 00:06:17 Image size of job updated: 2457276
	2400  -  MemoryUsage of job (MB)
	2457276  -  ResidentSetSize of job (KB)
...
006 (2568333.000.000) 2025-07-29 00:11:17 Image size of job updated: 2461132
	2404  -  MemoryUsage of job (MB)
	2461132  -  ResidentSetSize of job (KB)
...
006 (2568333.000.000) 2025-07-29 00:16:18 Image size of job updated: 2464612
	2407  -  MemoryUsage of job (MB)
	2464612  -  ResidentSetSize of job (KB)
...
006 (2568333.000.000) 2025-07-29 00:21:18 Image size of job updated: 2467920
	2411  -  MemoryUsage of job (MB)
	2467920  -  ResidentSetSize of job (KB)
...
006 (2568333.000.000) 2025-07-29 00:26:19 Image size of job updated: 2805008
	2740  -  MemoryUsage of job (MB)
	2805008  -  ResidentSetSize of job (KB)
...
006 (2568333.000.000) 2025-07-29 00:31:20 Image size of job updated: 2807892
	2743  -  MemoryUsage of job (MB)
	2807892  -  ResidentSetSize of job (KB)
...
006 (2568333.000.000) 2025-07-29 00:36:20 Image size of job updated: 2810616
	2745  -  MemoryUsage of job (MB)
	2810616  -  ResidentSetSize of job (KB)
...
006 (2568333.000.000) 2025-07-29 00:41:22 Image size of job updated: 2812996
	2748  -  MemoryUsage of job (MB)
	2812996  -  ResidentSetSize of job (KB)
...
006 (2568333.000.000) 2025-07-29 00:46:22 Image size of job updated: 2815464
	2750  -  MemoryUsage of job (MB)
	2815464  -  ResidentSetSize of job (KB)
...
006 (2568333.000.000) 2025-07-29 00:51:22 Image size of job updated: 2817700
	2752  -  MemoryUsage of job (MB)
	2817700  -  ResidentSetSize of job (KB)
...
006 (2568333.000.000) 2025-07-29 00:56:23 Image size of job updated: 2819508
	2754  -  MemoryUsage of job (MB)
	2819508  -  ResidentSetSize of job (KB)
...
006 (2568333.000.000) 2025-07-29 01:01:23 Image size of job updated: 2821412
	2756  -  MemoryUsage of job (MB)
	2821412  -  ResidentSetSize of job (KB)
...
006 (2568333.000.000) 2025-07-29 01:06:23 Image size of job updated: 2823208
	2758  -  MemoryUsage of job (MB)
	2823208  -  ResidentSetSize of job (KB)
...
006 (2568333.000.000) 2025-07-29 01:11:24 Image size of job updated: 2824924
	2759  -  MemoryUsage of job (MB)
	2824924  -  ResidentSetSize of job (KB)
...
006 (2568333.000.000) 2025-07-29 01:16:24 Image size of job updated: 2826412
	2761  -  MemoryUsage of job (MB)
	2826412  -  ResidentSetSize of job (KB)
...
006 (2568333.000.000) 2025-07-29 01:21:25 Image size of job updated: 2827756
	2762  -  MemoryUsage of job (MB)
	2827756  -  ResidentSetSize of job (KB)
...
006 (2568333.000.000) 2025-07-29 01:26:26 Image size of job updated: 2828504
	2762  -  MemoryUsage of job (MB)
	2827756  -  ResidentSetSize of job (KB)
...
006 (2568333.000.000) 2025-07-29 02:26:30 Image size of job updated: 2852480
	2786  -  MemoryUsage of job (MB)
	2852480  -  ResidentSetSize of job (KB)
...
006 (2568333.000.000) 2025-07-29 02:31:31 Image size of job updated: 2853276
	2787  -  MemoryUsage of job (MB)
	2853276  -  ResidentSetSize of job (KB)
...
006 (2568333.000.000) 2025-07-29 02:36:31 Image size of job updated: 2854212
	2788  -  MemoryUsage of job (MB)
	2854212  -  ResidentSetSize of job (KB)
...
006 (2568333.000.000) 2025-07-29 02:41:32 Image size of job updated: 2855040
	2789  -  MemoryUsage of job (MB)
	2855040  -  ResidentSetSize of job (KB)
...
006 (2568333.000.000) 2025-07-29 02:46:32 Image size of job updated: 2855936
	2789  -  MemoryUsage of job (MB)
	2855936  -  ResidentSetSize of job (KB)
...
006 (2568333.000.000) 2025-07-29 02:51:32 Image size of job updated: 2856700
	2790  -  MemoryUsage of job (MB)
	2856700  -  ResidentSetSize of job (KB)
...
006 (2568333.000.000) 2025-07-29 02:56:33 Image size of job updated: 2857476
	2791  -  MemoryUsage of job (MB)
	2857476  -  ResidentSetSize of job (KB)
...
006 (2568333.000.000) 2025-07-29 03:01:33 Image size of job updated: 2858360
	2792  -  MemoryUsage of job (MB)
	2858360  -  ResidentSetSize of job (KB)
...
006 (2568333.000.000) 2025-07-29 03:06:33 Image size of job updated: 2859076
	2793  -  MemoryUsage of job (MB)
	2859076  -  ResidentSetSize of job (KB)
...
006 (2568333.000.000) 2025-07-29 03:11:34 Image size of job updated: 2859968
	2793  -  MemoryUsage of job (MB)
	2859968  -  ResidentSetSize of job (KB)
...
006 (2568333.000.000) 2025-07-29 03:16:34 Image size of job updated: 2860788
	2794  -  MemoryUsage of job (MB)
	2860788  -  ResidentSetSize of job (KB)
...
006 (2568333.000.000) 2025-07-29 03:21:35 Image size of job updated: 2862608
	2796  -  MemoryUsage of job (MB)
	2862608  -  ResidentSetSize of job (KB)
...
006 (2568333.000.000) 2025-07-29 03:26:36 Image size of job updated: 2911424
	2844  -  MemoryUsage of job (MB)
	2911424  -  ResidentSetSize of job (KB)
...
006 (2568333.000.000) 2025-07-29 03:31:36 Image size of job updated: 2912216
	2844  -  MemoryUsage of job (MB)
	2912216  -  ResidentSetSize of job (KB)
...
006 (2568333.000.000) 2025-07-29 03:36:37 Image size of job updated: 2912964
	2845  -  MemoryUsage of job (MB)
	2912964  -  ResidentSetSize of job (KB)
...
006 (2568333.000.000) 2025-07-29 03:41:38 Image size of job updated: 2913648
	2846  -  MemoryUsage of job (MB)
	2913648  -  ResidentSetSize of job (KB)
...
006 (2568333.000.000) 2025-07-29 03:46:38 Image size of job updated: 2914380
	2847  -  MemoryUsage of job (MB)
	2914380  -  ResidentSetSize of job (KB)
...
006 (2568333.000.000) 2025-07-29 03:51:39 Image size of job updated: 2915044
	2847  -  MemoryUsage of job (MB)
	2915044  -  ResidentSetSize of job (KB)
...
006 (2568333.000.000) 2025-07-29 03:56:39 Image size of job updated: 2915676
	2848  -  MemoryUsage of job (MB)
	2915676  -  ResidentSetSize of job (KB)
...
006 (2568333.000.000) 2025-07-29 04:01:39 Image size of job updated: 2916324
	2848  -  MemoryUsage of job (MB)
	2916324  -  ResidentSetSize of job (KB)
...
006 (2568333.000.000) 2025-07-29 04:06:40 Image size of job updated: 2916972
	2849  -  MemoryUsage of job (MB)
	2916972  -  ResidentSetSize of job (KB)
...
006 (2568333.000.000) 2025-07-29 04:11:40 Image size of job updated: 2917548
	2850  -  MemoryUsage of job (MB)
	2917548  -  ResidentSetSize of job (KB)
...
006 (2568333.000.000) 2025-07-29 04:16:40 Image size of job updated: 2918168
	2850  -  MemoryUsage of job (MB)
	2918168  -  ResidentSetSize of job (KB)
...
006 (2568333.000.000) 2025-07-29 04:21:41 Image size of job updated: 2918764
	2851  -  MemoryUsage of job (MB)
	2918764  -  ResidentSetSize of job (KB)
...
006 (2568333.000.000) 2025-07-29 04:26:41 Image size of job updated: 2919308
	2851  -  MemoryUsage of job (MB)
	2919308  -  ResidentSetSize of job (KB)
...
006 (2568333.000.000) 2025-07-29 04:31:42 Image size of job updated: 2934764
	2863  -  MemoryUsage of job (MB)
	2931396  -  ResidentSetSize of job (KB)
...
006 (2568333.000.000) 2025-07-29 04:41:43 Image size of job updated: 2934764
	2863  -  MemoryUsage of job (MB)
	2931400  -  ResidentSetSize of job (KB)
...
006 (2568333.000.000) 2025-07-29 04:46:44 Image size of job updated: 2934764
	2864  -  MemoryUsage of job (MB)
	2931908  -  ResidentSetSize of job (KB)
...
006 (2568333.000.000) 2025-07-29 04:51:44 Image size of job updated: 2934764
	2864  -  MemoryUsage of job (MB)
	2932552  -  ResidentSetSize of job (KB)
...
006 (2568333.000.000) 2025-07-29 04:56:44 Image size of job updated: 2934764
	2865  -  MemoryUsage of job (MB)
	2933056  -  ResidentSetSize of job (KB)
...
006 (2568333.000.000) 2025-07-29 05:01:45 Image size of job updated: 2934764
	2865  -  MemoryUsage of job (MB)
	2933720  -  ResidentSetSize of job (KB)
...
006 (2568333.000.000) 2025-07-29 05:06:45 Image size of job updated: 2934764
	2866  -  MemoryUsage of job (MB)
	2934196  -  ResidentSetSize of job (KB)
...
006 (2568333.000.000) 2025-07-29 05:11:45 Image size of job updated: 2935604
	2867  -  MemoryUsage of job (MB)
	2935604  -  ResidentSetSize of job (KB)
...
006 (2568333.000.000) 2025-07-29 05:16:46 Image size of job updated: 2936112
	2868  -  MemoryUsage of job (MB)
	2936112  -  ResidentSetSize of job (KB)
...
006 (2568333.000.000) 2025-07-29 05:21:46 Image size of job updated: 2936596
	2868  -  MemoryUsage of job (MB)
	2936596  -  ResidentSetSize of job (KB)
...
006 (2568333.000.000) 2025-07-29 05:26:47 Image size of job updated: 2938040
	2870  -  MemoryUsage of job (MB)
	2938040  -  ResidentSetSize of job (KB)
...
006 (2568333.000.000) 2025-07-29 05:31:48 Image size of job updated: 2954448
	2880  -  MemoryUsage of job (MB)
	2948364  -  ResidentSetSize of job (KB)
...
006 (2568333.000.000) 2025-07-29 05:36:48 Image size of job updated: 2954448
	2881  -  MemoryUsage of job (MB)
	2949476  -  ResidentSetSize of job (KB)
...
006 (2568333.000.000) 2025-07-29 05:41:49 Image size of job updated: 2954448
	2881  -  MemoryUsage of job (MB)
	2949976  -  ResidentSetSize of job (KB)
...
006 (2568333.000.000) 2025-07-29 05:46:49 Image size of job updated: 2954448
	2882  -  MemoryUsage of job (MB)
	2950380  -  ResidentSetSize of job (KB)
...
006 (2568333.000.000) 2025-07-29 05:51:49 Image size of job updated: 2954448
	2882  -  MemoryUsage of job (MB)
	2950728  -  ResidentSetSize of job (KB)
...
006 (2568333.000.000) 2025-07-29 05:56:50 Image size of job updated: 2954448
	2883  -  MemoryUsage of job (MB)
	2951192  -  ResidentSetSize of job (KB)
...
006 (2568333.000.000) 2025-07-29 06:01:50 Image size of job updated: 2954448
	2883  -  MemoryUsage of job (MB)
	2951620  -  ResidentSetSize of job (KB)
...
006 (2568333.000.000) 2025-07-29 06:06:50 Image size of job updated: 2954448
	2883  -  MemoryUsage of job (MB)
	2952052  -  ResidentSetSize of job (KB)
...
006 (2568333.000.000) 2025-07-29 06:11:51 Image size of job updated: 2954448
	2884  -  MemoryUsage of job (MB)
	2952452  -  ResidentSetSize of job (KB)
...
006 (2568333.000.000) 2025-07-29 06:16:51 Image size of job updated: 2954448
	2885  -  MemoryUsage of job (MB)
	2953744  -  ResidentSetSize of job (KB)
...
006 (2568333.000.000) 2025-07-29 06:21:52 Image size of job updated: 2954448
	2885  -  MemoryUsage of job (MB)
	2954236  -  ResidentSetSize of job (KB)
...
006 (2568333.000.000) 2025-07-29 06:26:53 Image size of job updated: 2955500
	2887  -  MemoryUsage of job (MB)
	2955500  -  ResidentSetSize of job (KB)
...
006 (2568333.000.000) 2025-07-29 06:31:53 Image size of job updated: 2981908
	2911  -  MemoryUsage of job (MB)
	2980180  -  ResidentSetSize of job (KB)
...
006 (2568333.000.000) 2025-07-29 06:46:54 Image size of job updated: 2981908
	2911  -  MemoryUsage of job (MB)
	2980356  -  ResidentSetSize of job (KB)
...
006 (2568333.000.000) 2025-07-29 06:51:55 Image size of job updated: 2981908
	2911  -  MemoryUsage of job (MB)
	2980784  -  ResidentSetSize of job (KB)
...
006 (2568333.000.000) 2025-07-29 06:56:55 Image size of job updated: 2981908
	2912  -  MemoryUsage of job (MB)
	2981084  -  ResidentSetSize of job (KB)
...
006 (2568333.000.000) 2025-07-29 07:01:56 Image size of job updated: 2981908
	2912  -  MemoryUsage of job (MB)
	2981528  -  ResidentSetSize of job (KB)
...
006 (2568333.000.000) 2025-07-29 07:06:57 Image size of job updated: 2981908
	2913  -  MemoryUsage of job (MB)
	2981908  -  ResidentSetSize of job (KB)
...
006 (2568333.000.000) 2025-07-29 07:11:57 Image size of job updated: 2982172
	2913  -  MemoryUsage of job (MB)
	2982172  -  ResidentSetSize of job (KB)
...
006 (2568333.000.000) 2025-07-29 07:16:58 Image size of job updated: 2982480
	2913  -  MemoryUsage of job (MB)
	2982480  -  ResidentSetSize of job (KB)
...
006 (2568333.000.000) 2025-07-29 07:21:58 Image size of job updated: 2982816
	2913  -  MemoryUsage of job (MB)
	2982816  -  ResidentSetSize of job (KB)
...
006 (2568333.000.000) 2025-07-29 07:26:58 Image size of job updated: 2983104
	2914  -  MemoryUsage of job (MB)
	2983104  -  ResidentSetSize of job (KB)
...
006 (2568333.000.000) 2025-07-29 07:31:59 Image size of job updated: 3007440
	2937  -  MemoryUsage of job (MB)
	3007440  -  ResidentSetSize of job (KB)
...
006 (2568333.000.000) 2025-07-29 07:36:59 Image size of job updated: 3007788
	2938  -  MemoryUsage of job (MB)
	3007788  -  ResidentSetSize of job (KB)
...
006 (2568333.000.000) 2025-07-29 07:42:00 Image size of job updated: 3008032
	2938  -  MemoryUsage of job (MB)
	3008032  -  ResidentSetSize of job (KB)
...
006 (2568333.000.000) 2025-07-29 07:47:01 Image size of job updated: 3008396
	2938  -  MemoryUsage of job (MB)
	3008396  -  ResidentSetSize of job (KB)
...
006 (2568333.000.000) 2025-07-29 07:52:01 Image size of job updated: 3008632
	2939  -  MemoryUsage of job (MB)
	3008632  -  ResidentSetSize of job (KB)
...
006 (2568333.000.000) 2025-07-29 07:57:02 Image size of job updated: 3008980
	2939  -  MemoryUsage of job (MB)
	3008980  -  ResidentSetSize of job (KB)
...
006 (2568333.000.000) 2025-07-29 08:02:02 Image size of job updated: 3009272
	2939  -  MemoryUsage of job (MB)
	3009272  -  ResidentSetSize of job (KB)
...
006 (2568333.000.000) 2025-07-29 08:07:02 Image size of job updated: 3009596
	2940  -  MemoryUsage of job (MB)
	3009596  -  ResidentSetSize of job (KB)
...
006 (2568333.000.000) 2025-07-29 08:12:03 Image size of job updated: 3009980
	2940  -  MemoryUsage of job (MB)
	3009980  -  ResidentSetSize of job (KB)
...
006 (2568333.000.000) 2025-07-29 08:17:03 Image size of job updated: 3010256
	2940  -  MemoryUsage of job (MB)
	3010256  -  ResidentSetSize of job (KB)
...
006 (2568333.000.000) 2025-07-29 08:22:03 Image size of job updated: 3010576
	2941  -  MemoryUsage of job (MB)
	3010576  -  ResidentSetSize of job (KB)
...
006 (2568333.000.000) 2025-07-29 08:27:04 Image size of job updated: 3010828
	2941  -  MemoryUsage of job (MB)
	3010828  -  ResidentSetSize of job (KB)
...
006 (2568333.000.000) 2025-07-29 08:32:04 Image size of job updated: 3034408
	2964  -  MemoryUsage of job (MB)
	3034408  -  ResidentSetSize of job (KB)
...
006 (2568333.000.000) 2025-07-29 08:37:05 Image size of job updated: 3034720
	2964  -  MemoryUsage of job (MB)
	3034720  -  ResidentSetSize of job (KB)
...
006 (2568333.000.000) 2025-07-29 08:42:06 Image size of job updated: 3035000
	2964  -  MemoryUsage of job (MB)
	3035000  -  ResidentSetSize of job (KB)
...
006 (2568333.000.000) 2025-07-29 08:47:06 Image size of job updated: 3035276
	2965  -  MemoryUsage of job (MB)
	3035276  -  ResidentSetSize of job (KB)
...
006 (2568333.000.000) 2025-07-29 08:52:07 Image size of job updated: 3035496
	2965  -  MemoryUsage of job (MB)
	3035496  -  ResidentSetSize of job (KB)
...
006 (2568333.000.000) 2025-07-29 08:57:07 Image size of job updated: 3035776
	2965  -  MemoryUsage of job (MB)
	3035776  -  ResidentSetSize of job (KB)
...
006 (2568333.000.000) 2025-07-29 09:02:07 Image size of job updated: 3036136
	2965  -  MemoryUsage of job (MB)
	3036136  -  ResidentSetSize of job (KB)
...
006 (2568333.000.000) 2025-07-29 09:07:08 Image size of job updated: 3036404
	2966  -  MemoryUsage of job (MB)
	3036404  -  ResidentSetSize of job (KB)
...
006 (2568333.000.000) 2025-07-29 09:12:08 Image size of job updated: 3036660
	2966  -  MemoryUsage of job (MB)
	3036660  -  ResidentSetSize of job (KB)
...
006 (2568333.000.000) 2025-07-29 09:17:08 Image size of job updated: 3036860
	2966  -  MemoryUsage of job (MB)
	3036860  -  ResidentSetSize of job (KB)
...
006 (2568333.000.000) 2025-07-29 09:22:09 Image size of job updated: 3037120
	2966  -  MemoryUsage of job (MB)
	3037120  -  ResidentSetSize of job (KB)
...
006 (2568333.000.000) 2025-07-29 09:27:09 Image size of job updated: 3037316
	2967  -  MemoryUsage of job (MB)
	3037316  -  ResidentSetSize of job (KB)
...
006 (2568333.000.000) 2025-07-29 09:32:10 Image size of job updated: 3037584
	2967  -  MemoryUsage of job (MB)
	3037584  -  ResidentSetSize of job (KB)
...
006 (2568333.000.000) 2025-07-29 09:37:11 Image size of job updated: 3052584
	2968  -  MemoryUsage of job (MB)
	3038428  -  ResidentSetSize of job (KB)
...
006 (2568333.000.000) 2025-07-29 09:42:11 Image size of job updated: 3052584
	2968  -  MemoryUsage of job (MB)
	3038692  -  ResidentSetSize of job (KB)
...
006 (2568333.000.000) 2025-07-29 09:47:12 Image size of job updated: 3052584
	2969  -  MemoryUsage of job (MB)
	3039980  -  ResidentSetSize of job (KB)
...
006 (2568333.000.000) 2025-07-29 09:52:12 Image size of job updated: 3052584
	2969  -  MemoryUsage of job (MB)
	3040204  -  ResidentSetSize of job (KB)
...
006 (2568333.000.000) 2025-07-29 10:07:13 Image size of job updated: 3052584
	2970  -  MemoryUsage of job (MB)
	3040292  -  ResidentSetSize of job (KB)
...
006 (2568333.000.000) 2025-07-29 10:12:13 Image size of job updated: 3052584
	2970  -  MemoryUsage of job (MB)
	3040560  -  ResidentSetSize of job (KB)
...
006 (2568333.000.000) 2025-07-29 10:17:14 Image size of job updated: 3052584
	2971  -  MemoryUsage of job (MB)
	3041636  -  ResidentSetSize of job (KB)
...
006 (2568333.000.000) 2025-07-29 10:22:14 Image size of job updated: 3052584
	2971  -  MemoryUsage of job (MB)
	3041880  -  ResidentSetSize of job (KB)
...
006 (2568333.000.000) 2025-07-29 10:27:15 Image size of job updated: 3052584
	2971  -  MemoryUsage of job (MB)
	3042056  -  ResidentSetSize of job (KB)
...
006 (2568333.000.000) 2025-07-29 10:32:16 Image size of job updated: 3052584
	2972  -  MemoryUsage of job (MB)
	3042364  -  ResidentSetSize of job (KB)
...
006 (2568333.000.000) 2025-07-29 10:37:16 Image size of job updated: 3063780
	2984  -  MemoryUsage of job (MB)
	3055616  -  ResidentSetSize of job (KB)
...
006 (2568333.000.000) 2025-07-29 10:42:17 Image size of job updated: 3063780
	2985  -  MemoryUsage of job (MB)
	3055844  -  ResidentSetSize of job (KB)
...
006 (2568333.000.000) 2025-07-29 11:07:19 Image size of job updated: 3063780
	2985  -  MemoryUsage of job (MB)
	3055936  -  ResidentSetSize of job (KB)
...
006 (2568333.000.000) 2025-07-29 11:12:20 Image size of job updated: 3063780
	2985  -  MemoryUsage of job (MB)
	3056116  -  ResidentSetSize of job (KB)
...
006 (2568333.000.000) 2025-07-29 11:17:20 Image size of job updated: 3063780
	2985  -  MemoryUsage of job (MB)
	3056364  -  ResidentSetSize of job (KB)
...
006 (2568333.000.000) 2025-07-29 11:22:21 Image size of job updated: 3063780
	2985  -  MemoryUsage of job (MB)
	3056512  -  ResidentSetSize of job (KB)
...
006 (2568333.000.000) 2025-07-29 11:27:22 Image size of job updated: 3063780
	2986  -  MemoryUsage of job (MB)
	3056748  -  ResidentSetSize of job (KB)
...
006 (2568333.000.000) 2025-07-29 11:32:22 Image size of job updated: 3063780
	2986  -  MemoryUsage of job (MB)
	3056912  -  ResidentSetSize of job (KB)
...
006 (2568333.000.000) 2025-07-29 11:37:23 Image size of job updated: 3074636
	2998  -  MemoryUsage of job (MB)
	3069676  -  ResidentSetSize of job (KB)
...
006 (2568333.000.000) 2025-07-29 12:17:27 Image size of job updated: 3074636
	2998  -  MemoryUsage of job (MB)
	3069852  -  ResidentSetSize of job (KB)
...
006 (2568333.000.000) 2025-07-29 12:22:28 Image size of job updated: 3074636
	2999  -  MemoryUsage of job (MB)
	3070104  -  ResidentSetSize of job (KB)
...
006 (2568333.000.000) 2025-07-29 12:27:28 Image size of job updated: 3074636
	2999  -  MemoryUsage of job (MB)
	3070292  -  ResidentSetSize of job (KB)
...
006 (2568333.000.000) 2025-07-29 12:32:29 Image size of job updated: 3074636
	2999  -  MemoryUsage of job (MB)
	3070440  -  ResidentSetSize of job (KB)
...
006 (2568333.000.000) 2025-07-29 12:37:30 Image size of job updated: 3081324
	3006  -  MemoryUsage of job (MB)
	3077316  -  ResidentSetSize of job (KB)
...
006 (2568333.000.000) 2025-07-29 12:42:30 Image size of job updated: 3081324
	3006  -  MemoryUsage of job (MB)
	3077444  -  ResidentSetSize of job (KB)
...
006 (2568333.000.000) 2025-07-29 12:47:31 Image size of job updated: 3081324
	3006  -  MemoryUsage of job (MB)
	3077632  -  ResidentSetSize of job (KB)
...
006 (2568333.000.000) 2025-07-29 12:52:31 Image size of job updated: 3081324
	3006  -  MemoryUsage of job (MB)
	3077764  -  ResidentSetSize of job (KB)
...
006 (2568333.000.000) 2025-07-29 12:57:31 Image size of job updated: 3081324
	3006  -  MemoryUsage of job (MB)
	3077980  -  ResidentSetSize of job (KB)
...
006 (2568333.000.000) 2025-07-29 13:02:32 Image size of job updated: 3081324
	3006  -  MemoryUsage of job (MB)
	3078128  -  ResidentSetSize of job (KB)
...
006 (2568333.000.000) 2025-07-29 13:07:32 Image size of job updated: 3081324
	3007  -  MemoryUsage of job (MB)
	3078332  -  ResidentSetSize of job (KB)
...
006 (2568333.000.000) 2025-07-29 13:12:33 Image size of job updated: 3081324
	3007  -  MemoryUsage of job (MB)
	3078556  -  ResidentSetSize of job (KB)
...
006 (2568333.000.000) 2025-07-29 13:17:34 Image size of job updated: 3081324
	3007  -  MemoryUsage of job (MB)
	3078672  -  ResidentSetSize of job (KB)
...
006 (2568333.000.000) 2025-07-29 13:22:34 Image size of job updated: 3081324
	3007  -  MemoryUsage of job (MB)
	3078860  -  ResidentSetSize of job (KB)
...
006 (2568333.000.000) 2025-07-29 13:27:36 Image size of job updated: 3081324
	3007  -  MemoryUsage of job (MB)
	3079060  -  ResidentSetSize of job (KB)
...
006 (2568333.000.000) 2025-07-29 13:32:35 Image size of job updated: 3081324
	3008  -  MemoryUsage of job (MB)
	3079260  -  ResidentSetSize of job (KB)
...
006 (2568333.000.000) 2025-07-29 13:37:35 Image size of job updated: 3095824
	3024  -  MemoryUsage of job (MB)
	3095824  -  ResidentSetSize of job (KB)
...
006 (2568333.000.000) 2025-07-29 14:42:41 Image size of job updated: 3106032
	3034  -  MemoryUsage of job (MB)
	3106032  -  ResidentSetSize of job (KB)
...
006 (2568333.000.000) 2025-07-29 14:47:42 Image size of job updated: 3120016
	3047  -  MemoryUsage of job (MB)
	3120016  -  ResidentSetSize of job (KB)
...
006 (2568333.000.000) 2025-07-29 14:52:43 Image size of job updated: 3120116
	3047  -  MemoryUsage of job (MB)
	3120116  -  ResidentSetSize of job (KB)
...
006 (2568333.000.000) 2025-07-29 14:57:43 Image size of job updated: 3120244
	3048  -  MemoryUsage of job (MB)
	3120244  -  ResidentSetSize of job (KB)
...
006 (2568333.000.000) 2025-07-29 15:02:44 Image size of job updated: 3120416
	3048  -  MemoryUsage of job (MB)
	3120416  -  ResidentSetSize of job (KB)
...
006 (2568333.000.000) 2025-07-29 15:07:44 Image size of job updated: 3120612
	3048  -  MemoryUsage of job (MB)
	3120612  -  ResidentSetSize of job (KB)
...
006 (2568333.000.000) 2025-07-29 15:12:44 Image size of job updated: 3120784
	3048  -  MemoryUsage of job (MB)
	3120784  -  ResidentSetSize of job (KB)
...
006 (2568333.000.000) 2025-07-29 15:17:45 Image size of job updated: 3120956
	3048  -  MemoryUsage of job (MB)
	3120956  -  ResidentSetSize of job (KB)
...
006 (2568333.000.000) 2025-07-29 15:22:45 Image size of job updated: 3121120
	3048  -  MemoryUsage of job (MB)
	3121120  -  ResidentSetSize of job (KB)
...
006 (2568333.000.000) 2025-07-29 15:27:45 Image size of job updated: 3121312
	3049  -  MemoryUsage of job (MB)
	3121312  -  ResidentSetSize of job (KB)
...
006 (2568333.000.000) 2025-07-29 15:32:46 Image size of job updated: 3121440
	3049  -  MemoryUsage of job (MB)
	3121440  -  ResidentSetSize of job (KB)
...
006 (2568333.000.000) 2025-07-29 15:37:46 Image size of job updated: 3121600
	3049  -  MemoryUsage of job (MB)
	3121600  -  ResidentSetSize of job (KB)
...
006 (2568333.000.000) 2025-07-29 15:42:47 Image size of job updated: 3130516
	3058  -  MemoryUsage of job (MB)
	3130516  -  ResidentSetSize of job (KB)
...
006 (2568333.000.000) 2025-07-29 15:47:47 Image size of job updated: 3130664
	3058  -  MemoryUsage of job (MB)
	3130664  -  ResidentSetSize of job (KB)
...
006 (2568333.000.000) 2025-07-29 15:52:47 Image size of job updated: 3130820
	3058  -  MemoryUsage of job (MB)
	3130820  -  ResidentSetSize of job (KB)
...
006 (2568333.000.000) 2025-07-29 15:57:48 Image size of job updated: 3131040
	3058  -  MemoryUsage of job (MB)
	3131040  -  ResidentSetSize of job (KB)
...
006 (2568333.000.000) 2025-07-29 16:02:48 Image size of job updated: 3131244
	3058  -  MemoryUsage of job (MB)
	3131244  -  ResidentSetSize of job (KB)
...
006 (2568333.000.000) 2025-07-29 16:07:49 Image size of job updated: 3131432
	3059  -  MemoryUsage of job (MB)
	3131432  -  ResidentSetSize of job (KB)
...
006 (2568333.000.000) 2025-07-29 16:12:50 Image size of job updated: 3186416
	3060  -  MemoryUsage of job (MB)
	3132640  -  ResidentSetSize of job (KB)
...
