JAX: devices available: [CudaDevice(id=0)]
torch: CUDA is available. Number of devices: 1
torch: Current CUDA device: 0
Training data will be loaded from: /data/gravwav/twouters/projects/eos_source_classification/eos_source_classification/data/eos/radio/eos_samples.npz
Training a normalizing flow for population =  double_gaussian and bns sources
Before training, we built the following NF kwargs: {'n_transforms': 3, 'n_neurons': 128, 'n_blocks_per_transform': 3, 'nn_depth': 1, 'flow_layers': 1, 'nn_block_dim': 8, 'glasflow_type': 'MaskedPiecewiseRationalQuadraticAutoregressiveFlow', 'names': ['chirp_mass_source', 'mass_ratio', 'lambda_1', 'lambda_2'], 'n_inputs': 4}
Everything for this model will be saved to ./models/double_gaussian/bns/radio
Starting training with the following parameters:
Reading the EOS data from /data/gravwav/twouters/projects/eos_source_classification/eos_source_classification/data/eos/radio/eos_samples.npz
Number of good samples:  0.9601
0/50000
5000/50000
10000/50000
15000/50000
20000/50000
25000/50000
30000/50000
35000/50000
40000/50000
45000/50000
Create data will save the following data:
  m1: range = [1.173162997134815, 2.604579403516814]
  m2: range = [1.0024931740041552, 2.2983984946989486]
  mass_ratio: range = [0.48386455254774796, 0.9999978998809969]
  lambda_1: range = [2.545255780896768, 3184.727396017381]
  lambda_2: range = [4.265645874582771, 5804.4719105888935]
  lambda_tilde: range = [4.268869549328367, 3586.5803417606385]
  delta_lambda_tilde: range = [-1.1553490146286542, 314.63340757370855]
  chirp_mass_source: range = [0.9841732210734905, 2.019721984502303]
Saving to ./models/double_gaussian/bns/radio/training_data.npz:
Saving to ./models/double_gaussian/bns/radio/training_data.npz DONE
Using source-frame chirp mass and mass ratio (Mc, q) for training
Using component parameterization for lambdas (lambda_1, lambda_2)
Training samples: 40000, Validation samples: 10000
Creating the training data arrays
4D training data model for bns
np.shape(self.x)
(40000, 4)
Using MinMaxScaler to scale the input data x
Saved sklearn scaler to ./models/double_gaussian/bns/radio/scaler.gz
Going to start training for glasflow . . .
Early stopping triggered at epoch 552
Saving the training loss plot to ./models/double_gaussian/bns/radio/training_loss.pdf
Training done. Took around 30.61 minutes
Saving the model weights to ./models/double_gaussian/bns/radio/model.pt
Saving the model kwargs to ./models/double_gaussian/bns/radio/model_kwargs.json
DONE training!
