000 (2568334.000.000) 2025-07-28 23:20:12 Job submitted from host: <145.107.7.246:9618?addrs=145.107.7.246-9618+[2a07-8500-120-e070--3f6]-9618&alias=taai-007.nikhef.nl&noUDP&sock=schedd_2614_90a7>
    DAG Node: run_b
...
001 (2568334.000.000) 2025-07-28 23:21:00 Job executing on host: <145.107.4.165:9618?addrs=145.107.4.165-9618+[2a07-8500-120-e070--a5]-9618&alias=wn-pijl-004.nikhef.nl&noUDP&sock=startd_4575_a5df>
	SlotName: slot1_22@wn-pijl-004.nikhef.nl
	AvailableGPUs = {  }
	CondorScratchDir = "/scratch/condor_execute/dir_2376442"
	Cpus = 64
	Disk = 16790397
	GPUs = 0
	Memory = 16384
...
006 (2568334.000.000) 2025-07-28 23:21:13 Image size of job updated: 502384
	491  -  MemoryUsage of job (MB)
	502384  -  ResidentSetSize of job (KB)
...
006 (2568334.000.000) 2025-07-28 23:26:13 Image size of job updated: 2383204
	2328  -  MemoryUsage of job (MB)
	2383016  -  ResidentSetSize of job (KB)
...
006 (2568334.000.000) 2025-07-28 23:31:14 Image size of job updated: 2398744
	2343  -  MemoryUsage of job (MB)
	2398744  -  ResidentSetSize of job (KB)
...
006 (2568334.000.000) 2025-07-28 23:36:14 Image size of job updated: 2410240
	2354  -  MemoryUsage of job (MB)
	2410240  -  ResidentSetSize of job (KB)
...
006 (2568334.000.000) 2025-07-28 23:41:14 Image size of job updated: 2439776
	2383  -  MemoryUsage of job (MB)
	2439776  -  ResidentSetSize of job (KB)
...
006 (2568334.000.000) 2025-07-28 23:46:15 Image size of job updated: 2449080
	2392  -  MemoryUsage of job (MB)
	2449080  -  ResidentSetSize of job (KB)
...
006 (2568334.000.000) 2025-07-28 23:51:15 Image size of job updated: 2456096
	2399  -  MemoryUsage of job (MB)
	2456096  -  ResidentSetSize of job (KB)
...
006 (2568334.000.000) 2025-07-28 23:56:15 Image size of job updated: 2462000
	2405  -  MemoryUsage of job (MB)
	2462000  -  ResidentSetSize of job (KB)
...
006 (2568334.000.000) 2025-07-29 00:01:16 Image size of job updated: 2467520
	2410  -  MemoryUsage of job (MB)
	2467520  -  ResidentSetSize of job (KB)
...
006 (2568334.000.000) 2025-07-29 00:06:16 Image size of job updated: 2472544
	2415  -  MemoryUsage of job (MB)
	2472544  -  ResidentSetSize of job (KB)
...
006 (2568334.000.000) 2025-07-29 00:11:17 Image size of job updated: 2476948
	2419  -  MemoryUsage of job (MB)
	2476948  -  ResidentSetSize of job (KB)
...
006 (2568334.000.000) 2025-07-29 00:16:18 Image size of job updated: 2481300
	2424  -  MemoryUsage of job (MB)
	2481300  -  ResidentSetSize of job (KB)
...
006 (2568334.000.000) 2025-07-29 00:21:18 Image size of job updated: 2485304
	2428  -  MemoryUsage of job (MB)
	2485304  -  ResidentSetSize of job (KB)
...
006 (2568334.000.000) 2025-07-29 00:26:19 Image size of job updated: 2599060
	2539  -  MemoryUsage of job (MB)
	2599060  -  ResidentSetSize of job (KB)
...
006 (2568334.000.000) 2025-07-29 00:31:19 Image size of job updated: 2601416
	2541  -  MemoryUsage of job (MB)
	2601416  -  ResidentSetSize of job (KB)
...
006 (2568334.000.000) 2025-07-29 00:36:19 Image size of job updated: 2604656
	2544  -  MemoryUsage of job (MB)
	2604656  -  ResidentSetSize of job (KB)
...
006 (2568334.000.000) 2025-07-29 00:41:20 Image size of job updated: 2607428
	2547  -  MemoryUsage of job (MB)
	2607428  -  ResidentSetSize of job (KB)
...
006 (2568334.000.000) 2025-07-29 00:46:20 Image size of job updated: 2610096
	2549  -  MemoryUsage of job (MB)
	2610096  -  ResidentSetSize of job (KB)
...
006 (2568334.000.000) 2025-07-29 00:51:21 Image size of job updated: 2612748
	2552  -  MemoryUsage of job (MB)
	2612748  -  ResidentSetSize of job (KB)
...
006 (2568334.000.000) 2025-07-29 00:56:22 Image size of job updated: 2615152
	2554  -  MemoryUsage of job (MB)
	2615152  -  ResidentSetSize of job (KB)
...
006 (2568334.000.000) 2025-07-29 01:01:22 Image size of job updated: 2617228
	2556  -  MemoryUsage of job (MB)
	2617228  -  ResidentSetSize of job (KB)
...
006 (2568334.000.000) 2025-07-29 01:06:23 Image size of job updated: 2619420
	2559  -  MemoryUsage of job (MB)
	2619420  -  ResidentSetSize of job (KB)
...
006 (2568334.000.000) 2025-07-29 01:11:23 Image size of job updated: 2621420
	2560  -  MemoryUsage of job (MB)
	2621420  -  ResidentSetSize of job (KB)
...
006 (2568334.000.000) 2025-07-29 01:16:23 Image size of job updated: 2623360
	2562  -  MemoryUsage of job (MB)
	2623360  -  ResidentSetSize of job (KB)
...
006 (2568334.000.000) 2025-07-29 01:21:24 Image size of job updated: 2624964
	2564  -  MemoryUsage of job (MB)
	2624964  -  ResidentSetSize of job (KB)
...
006 (2568334.000.000) 2025-07-29 01:26:24 Image size of job updated: 2670448
	2608  -  MemoryUsage of job (MB)
	2670448  -  ResidentSetSize of job (KB)
...
006 (2568334.000.000) 2025-07-29 01:31:25 Image size of job updated: 2672048
	2610  -  MemoryUsage of job (MB)
	2672048  -  ResidentSetSize of job (KB)
...
006 (2568334.000.000) 2025-07-29 01:36:26 Image size of job updated: 2673476
	2611  -  MemoryUsage of job (MB)
	2673476  -  ResidentSetSize of job (KB)
...
006 (2568334.000.000) 2025-07-29 01:41:26 Image size of job updated: 2674816
	2613  -  MemoryUsage of job (MB)
	2674816  -  ResidentSetSize of job (KB)
...
006 (2568334.000.000) 2025-07-29 01:46:27 Image size of job updated: 2676300
	2614  -  MemoryUsage of job (MB)
	2676300  -  ResidentSetSize of job (KB)
...
006 (2568334.000.000) 2025-07-29 01:51:27 Image size of job updated: 2677636
	2615  -  MemoryUsage of job (MB)
	2677636  -  ResidentSetSize of job (KB)
...
006 (2568334.000.000) 2025-07-29 01:56:27 Image size of job updated: 2678904
	2617  -  MemoryUsage of job (MB)
	2678904  -  ResidentSetSize of job (KB)
...
006 (2568334.000.000) 2025-07-29 02:01:28 Image size of job updated: 2680128
	2618  -  MemoryUsage of job (MB)
	2680128  -  ResidentSetSize of job (KB)
...
006 (2568334.000.000) 2025-07-29 02:06:28 Image size of job updated: 2681296
	2619  -  MemoryUsage of job (MB)
	2681296  -  ResidentSetSize of job (KB)
...
006 (2568334.000.000) 2025-07-29 02:11:29 Image size of job updated: 2682380
	2620  -  MemoryUsage of job (MB)
	2682380  -  ResidentSetSize of job (KB)
...
006 (2568334.000.000) 2025-07-29 02:16:30 Image size of job updated: 2683420
	2621  -  MemoryUsage of job (MB)
	2683420  -  ResidentSetSize of job (KB)
...
006 (2568334.000.000) 2025-07-29 02:21:30 Image size of job updated: 2684412
	2622  -  MemoryUsage of job (MB)
	2684412  -  ResidentSetSize of job (KB)
...
006 (2568334.000.000) 2025-07-29 02:26:31 Image size of job updated: 2705152
	2641  -  MemoryUsage of job (MB)
	2703744  -  ResidentSetSize of job (KB)
...
006 (2568334.000.000) 2025-07-29 02:31:31 Image size of job updated: 2705624
	2643  -  MemoryUsage of job (MB)
	2705624  -  ResidentSetSize of job (KB)
...
006 (2568334.000.000) 2025-07-29 02:36:31 Image size of job updated: 2706648
	2644  -  MemoryUsage of job (MB)
	2706648  -  ResidentSetSize of job (KB)
...
006 (2568334.000.000) 2025-07-29 02:41:32 Image size of job updated: 2708584
	2646  -  MemoryUsage of job (MB)
	2708584  -  ResidentSetSize of job (KB)
...
006 (2568334.000.000) 2025-07-29 02:46:32 Image size of job updated: 2710384
	2647  -  MemoryUsage of job (MB)
	2710384  -  ResidentSetSize of job (KB)
...
006 (2568334.000.000) 2025-07-29 02:51:32 Image size of job updated: 2711336
	2648  -  MemoryUsage of job (MB)
	2711336  -  ResidentSetSize of job (KB)
...
006 (2568334.000.000) 2025-07-29 02:56:33 Image size of job updated: 2712960
	2650  -  MemoryUsage of job (MB)
	2712960  -  ResidentSetSize of job (KB)
...
006 (2568334.000.000) 2025-07-29 03:01:33 Image size of job updated: 2713652
	2651  -  MemoryUsage of job (MB)
	2713652  -  ResidentSetSize of job (KB)
...
006 (2568334.000.000) 2025-07-29 03:06:34 Image size of job updated: 2715332
	2652  -  MemoryUsage of job (MB)
	2715332  -  ResidentSetSize of job (KB)
...
006 (2568334.000.000) 2025-07-29 03:11:35 Image size of job updated: 2716156
	2653  -  MemoryUsage of job (MB)
	2716156  -  ResidentSetSize of job (KB)
...
006 (2568334.000.000) 2025-07-29 03:16:35 Image size of job updated: 2717652
	2654  -  MemoryUsage of job (MB)
	2717652  -  ResidentSetSize of job (KB)
...
006 (2568334.000.000) 2025-07-29 03:21:36 Image size of job updated: 2718340
	2655  -  MemoryUsage of job (MB)
	2718340  -  ResidentSetSize of job (KB)
...
006 (2568334.000.000) 2025-07-29 03:26:36 Image size of job updated: 2919076
	2851  -  MemoryUsage of job (MB)
	2919076  -  ResidentSetSize of job (KB)
...
006 (2568334.000.000) 2025-07-29 03:31:36 Image size of job updated: 2919744
	2852  -  MemoryUsage of job (MB)
	2919744  -  ResidentSetSize of job (KB)
...
006 (2568334.000.000) 2025-07-29 03:36:37 Image size of job updated: 2920392
	2852  -  MemoryUsage of job (MB)
	2920392  -  ResidentSetSize of job (KB)
...
006 (2568334.000.000) 2025-07-29 03:41:37 Image size of job updated: 2921980
	2854  -  MemoryUsage of job (MB)
	2921980  -  ResidentSetSize of job (KB)
...
006 (2568334.000.000) 2025-07-29 03:46:38 Image size of job updated: 2922468
	2854  -  MemoryUsage of job (MB)
	2922468  -  ResidentSetSize of job (KB)
...
006 (2568334.000.000) 2025-07-29 03:51:39 Image size of job updated: 2924012
	2856  -  MemoryUsage of job (MB)
	2924012  -  ResidentSetSize of job (KB)
...
006 (2568334.000.000) 2025-07-29 03:56:39 Image size of job updated: 2924660
	2857  -  MemoryUsage of job (MB)
	2924660  -  ResidentSetSize of job (KB)
...
006 (2568334.000.000) 2025-07-29 04:01:40 Image size of job updated: 2926192
	2858  -  MemoryUsage of job (MB)
	2926192  -  ResidentSetSize of job (KB)
...
006 (2568334.000.000) 2025-07-29 04:06:40 Image size of job updated: 2926804
	2859  -  MemoryUsage of job (MB)
	2926804  -  ResidentSetSize of job (KB)
...
006 (2568334.000.000) 2025-07-29 04:11:40 Image size of job updated: 2928296
	2860  -  MemoryUsage of job (MB)
	2928296  -  ResidentSetSize of job (KB)
...
006 (2568334.000.000) 2025-07-29 04:16:41 Image size of job updated: 2928964
	2861  -  MemoryUsage of job (MB)
	2928964  -  ResidentSetSize of job (KB)
...
006 (2568334.000.000) 2025-07-29 04:21:41 Image size of job updated: 2930504
	2862  -  MemoryUsage of job (MB)
	2930504  -  ResidentSetSize of job (KB)
...
006 (2568334.000.000) 2025-07-29 04:26:42 Image size of job updated: 2951044
	2882  -  MemoryUsage of job (MB)
	2951044  -  ResidentSetSize of job (KB)
...
006 (2568334.000.000) 2025-07-29 04:31:43 Image size of job updated: 2951640
	2883  -  MemoryUsage of job (MB)
	2951640  -  ResidentSetSize of job (KB)
...
006 (2568334.000.000) 2025-07-29 04:36:43 Image size of job updated: 2953104
	2884  -  MemoryUsage of job (MB)
	2953104  -  ResidentSetSize of job (KB)
...
006 (2568334.000.000) 2025-07-29 04:41:44 Image size of job updated: 2953676
	2885  -  MemoryUsage of job (MB)
	2953676  -  ResidentSetSize of job (KB)
...
006 (2568334.000.000) 2025-07-29 04:46:44 Image size of job updated: 2955144
	2886  -  MemoryUsage of job (MB)
	2955144  -  ResidentSetSize of job (KB)
...
006 (2568334.000.000) 2025-07-29 04:51:44 Image size of job updated: 2955728
	2887  -  MemoryUsage of job (MB)
	2955728  -  ResidentSetSize of job (KB)
...
006 (2568334.000.000) 2025-07-29 04:56:45 Image size of job updated: 2957176
	2888  -  MemoryUsage of job (MB)
	2957176  -  ResidentSetSize of job (KB)
...
006 (2568334.000.000) 2025-07-29 05:01:45 Image size of job updated: 2957708
	2889  -  MemoryUsage of job (MB)
	2957708  -  ResidentSetSize of job (KB)
...
006 (2568334.000.000) 2025-07-29 05:06:45 Image size of job updated: 2959080
	2890  -  MemoryUsage of job (MB)
	2959080  -  ResidentSetSize of job (KB)
...
006 (2568334.000.000) 2025-07-29 05:11:46 Image size of job updated: 2959596
	2891  -  MemoryUsage of job (MB)
	2959596  -  ResidentSetSize of job (KB)
...
006 (2568334.000.000) 2025-07-29 05:16:46 Image size of job updated: 2961016
	2892  -  MemoryUsage of job (MB)
	2961016  -  ResidentSetSize of job (KB)
...
006 (2568334.000.000) 2025-07-29 05:21:47 Image size of job updated: 2961544
	2893  -  MemoryUsage of job (MB)
	2961544  -  ResidentSetSize of job (KB)
...
006 (2568334.000.000) 2025-07-29 05:26:48 Image size of job updated: 2961936
	2893  -  MemoryUsage of job (MB)
	2961544  -  ResidentSetSize of job (KB)
...
006 (2568334.000.000) 2025-07-29 06:01:52 Image size of job updated: 2961936
	2893  -  MemoryUsage of job (MB)
	2961620  -  ResidentSetSize of job (KB)
...
006 (2568334.000.000) 2025-07-29 06:06:53 Image size of job updated: 2963000
	2894  -  MemoryUsage of job (MB)
	2963000  -  ResidentSetSize of job (KB)
...
006 (2568334.000.000) 2025-07-29 06:11:53 Image size of job updated: 2964220
	2895  -  MemoryUsage of job (MB)
	2964220  -  ResidentSetSize of job (KB)
...
006 (2568334.000.000) 2025-07-29 06:16:53 Image size of job updated: 2964680
	2896  -  MemoryUsage of job (MB)
	2964680  -  ResidentSetSize of job (KB)
...
006 (2568334.000.000) 2025-07-29 06:21:54 Image size of job updated: 2966008
	2897  -  MemoryUsage of job (MB)
	2966008  -  ResidentSetSize of job (KB)
...
006 (2568334.000.000) 2025-07-29 06:26:54 Image size of job updated: 2966400
	2897  -  MemoryUsage of job (MB)
	2966400  -  ResidentSetSize of job (KB)
...
006 (2568334.000.000) 2025-07-29 06:31:55 Image size of job updated: 2977088
	2908  -  MemoryUsage of job (MB)
	2977088  -  ResidentSetSize of job (KB)
...
006 (2568334.000.000) 2025-07-29 06:36:56 Image size of job updated: 2977412
	2908  -  MemoryUsage of job (MB)
	2977412  -  ResidentSetSize of job (KB)
...
006 (2568334.000.000) 2025-07-29 06:41:56 Image size of job updated: 2977972
	2909  -  MemoryUsage of job (MB)
	2977972  -  ResidentSetSize of job (KB)
...
006 (2568334.000.000) 2025-07-29 06:46:57 Image size of job updated: 2979192
	2910  -  MemoryUsage of job (MB)
	2979192  -  ResidentSetSize of job (KB)
...
006 (2568334.000.000) 2025-07-29 06:51:57 Image size of job updated: 2979500
	2910  -  MemoryUsage of job (MB)
	2979500  -  ResidentSetSize of job (KB)
...
006 (2568334.000.000) 2025-07-29 06:56:57 Image size of job updated: 2980860
	2911  -  MemoryUsage of job (MB)
	2980860  -  ResidentSetSize of job (KB)
...
006 (2568334.000.000) 2025-07-29 07:01:58 Image size of job updated: 2981164
	2912  -  MemoryUsage of job (MB)
	2981164  -  ResidentSetSize of job (KB)
...
006 (2568334.000.000) 2025-07-29 07:06:58 Image size of job updated: 2982368
	2913  -  MemoryUsage of job (MB)
	2982368  -  ResidentSetSize of job (KB)
...
006 (2568334.000.000) 2025-07-29 07:11:58 Image size of job updated: 2982768
	2913  -  MemoryUsage of job (MB)
	2982768  -  ResidentSetSize of job (KB)
...
006 (2568334.000.000) 2025-07-29 07:16:59 Image size of job updated: 2983076
	2914  -  MemoryUsage of job (MB)
	2983076  -  ResidentSetSize of job (KB)
...
006 (2568334.000.000) 2025-07-29 07:21:59 Image size of job updated: 2984336
	2915  -  MemoryUsage of job (MB)
	2984336  -  ResidentSetSize of job (KB)
...
006 (2568334.000.000) 2025-07-29 07:27:00 Image size of job updated: 2984744
	2915  -  MemoryUsage of job (MB)
	2984744  -  ResidentSetSize of job (KB)
...
006 (2568334.000.000) 2025-07-29 07:32:01 Image size of job updated: 3017352
	2947  -  MemoryUsage of job (MB)
	3017352  -  ResidentSetSize of job (KB)
...
006 (2568334.000.000) 2025-07-29 07:37:01 Image size of job updated: 3017776
	2948  -  MemoryUsage of job (MB)
	3017776  -  ResidentSetSize of job (KB)
...
006 (2568334.000.000) 2025-07-29 07:42:02 Image size of job updated: 3018088
	2948  -  MemoryUsage of job (MB)
	3018088  -  ResidentSetSize of job (KB)
...
006 (2568334.000.000) 2025-07-29 07:47:02 Image size of job updated: 3019388
	2949  -  MemoryUsage of job (MB)
	3019388  -  ResidentSetSize of job (KB)
...
006 (2568334.000.000) 2025-07-29 07:52:03 Image size of job updated: 3019628
	2949  -  MemoryUsage of job (MB)
	3019628  -  ResidentSetSize of job (KB)
...
006 (2568334.000.000) 2025-07-29 07:57:04 Image size of job updated: 3020912
	2951  -  MemoryUsage of job (MB)
	3020912  -  ResidentSetSize of job (KB)
...
006 (2568334.000.000) 2025-07-29 08:02:04 Image size of job updated: 3021216
	2951  -  MemoryUsage of job (MB)
	3021216  -  ResidentSetSize of job (KB)
...
006 (2568334.000.000) 2025-07-29 08:07:05 Image size of job updated: 3022424
	2952  -  MemoryUsage of job (MB)
	3022424  -  ResidentSetSize of job (KB)
...
006 (2568334.000.000) 2025-07-29 08:12:06 Image size of job updated: 3022704
	2952  -  MemoryUsage of job (MB)
	3022704  -  ResidentSetSize of job (KB)
...
006 (2568334.000.000) 2025-07-29 08:17:06 Image size of job updated: 3023884
	2954  -  MemoryUsage of job (MB)
	3023884  -  ResidentSetSize of job (KB)
...
006 (2568334.000.000) 2025-07-29 08:22:07 Image size of job updated: 3025092
	2955  -  MemoryUsage of job (MB)
	3025092  -  ResidentSetSize of job (KB)
...
006 (2568334.000.000) 2025-07-29 08:27:07 Image size of job updated: 3026308
	2956  -  MemoryUsage of job (MB)
	3026308  -  ResidentSetSize of job (KB)
...
006 (2568334.000.000) 2025-07-29 08:32:07 Image size of job updated: 3061156
	2990  -  MemoryUsage of job (MB)
	3061156  -  ResidentSetSize of job (KB)
...
006 (2568334.000.000) 2025-07-29 08:37:08 Image size of job updated: 3062328
	2991  -  MemoryUsage of job (MB)
	3062328  -  ResidentSetSize of job (KB)
...
006 (2568334.000.000) 2025-07-29 08:42:08 Image size of job updated: 3063536
	2992  -  MemoryUsage of job (MB)
	3063536  -  ResidentSetSize of job (KB)
...
006 (2568334.000.000) 2025-07-29 08:47:09 Image size of job updated: 3063832
	2993  -  MemoryUsage of job (MB)
	3063832  -  ResidentSetSize of job (KB)
...
006 (2568334.000.000) 2025-07-29 08:52:10 Image size of job updated: 3064992
	2994  -  MemoryUsage of job (MB)
	3064992  -  ResidentSetSize of job (KB)
...
006 (2568334.000.000) 2025-07-29 08:57:10 Image size of job updated: 3065220
	2994  -  MemoryUsage of job (MB)
	3065220  -  ResidentSetSize of job (KB)
...
006 (2568334.000.000) 2025-07-29 09:02:11 Image size of job updated: 3066436
	2995  -  MemoryUsage of job (MB)
	3066436  -  ResidentSetSize of job (KB)
...
006 (2568334.000.000) 2025-07-29 09:07:11 Image size of job updated: 3067544
	2996  -  MemoryUsage of job (MB)
	3067544  -  ResidentSetSize of job (KB)
...
006 (2568334.000.000) 2025-07-29 09:12:11 Image size of job updated: 3067820
	2996  -  MemoryUsage of job (MB)
	3067820  -  ResidentSetSize of job (KB)
...
006 (2568334.000.000) 2025-07-29 09:17:12 Image size of job updated: 3068972
	2998  -  MemoryUsage of job (MB)
	3068972  -  ResidentSetSize of job (KB)
...
006 (2568334.000.000) 2025-07-29 09:22:12 Image size of job updated: 3070136
	2999  -  MemoryUsage of job (MB)
	3070136  -  ResidentSetSize of job (KB)
...
006 (2568334.000.000) 2025-07-29 09:27:12 Image size of job updated: 3071288
	3000  -  MemoryUsage of job (MB)
	3071288  -  ResidentSetSize of job (KB)
...
006 (2568334.000.000) 2025-07-29 09:32:13 Image size of job updated: 3071540
	3000  -  MemoryUsage of job (MB)
	3071540  -  ResidentSetSize of job (KB)
...
006 (2568334.000.000) 2025-07-29 09:37:13 Image size of job updated: 3081624
	3009  -  MemoryUsage of job (MB)
	3080672  -  ResidentSetSize of job (KB)
...
006 (2568334.000.000) 2025-07-29 09:52:15 Image size of job updated: 3081624
	3009  -  MemoryUsage of job (MB)
	3081148  -  ResidentSetSize of job (KB)
...
006 (2568334.000.000) 2025-07-29 09:57:16 Image size of job updated: 3081624
	3010  -  MemoryUsage of job (MB)
	3081372  -  ResidentSetSize of job (KB)
...
006 (2568334.000.000) 2025-07-29 10:02:16 Image size of job updated: 3082472
	3011  -  MemoryUsage of job (MB)
	3082472  -  ResidentSetSize of job (KB)
...
006 (2568334.000.000) 2025-07-29 10:07:16 Image size of job updated: 3083564
	3012  -  MemoryUsage of job (MB)
	3083564  -  ResidentSetSize of job (KB)
...
006 (2568334.000.000) 2025-07-29 10:12:17 Image size of job updated: 3084732
	3013  -  MemoryUsage of job (MB)
	3084732  -  ResidentSetSize of job (KB)
...
006 (2568334.000.000) 2025-07-29 10:17:17 Image size of job updated: 3084924
	3013  -  MemoryUsage of job (MB)
	3084924  -  ResidentSetSize of job (KB)
...
006 (2568334.000.000) 2025-07-29 10:22:18 Image size of job updated: 3086028
	3014  -  MemoryUsage of job (MB)
	3086028  -  ResidentSetSize of job (KB)
...
006 (2568334.000.000) 2025-07-29 10:27:19 Image size of job updated: 3087176
	3015  -  MemoryUsage of job (MB)
	3087176  -  ResidentSetSize of job (KB)
...
006 (2568334.000.000) 2025-07-29 10:32:19 Image size of job updated: 3087352
	3015  -  MemoryUsage of job (MB)
	3087352  -  ResidentSetSize of job (KB)
...
006 (2568334.000.000) 2025-07-29 10:37:20 Image size of job updated: 3103616
	3028  -  MemoryUsage of job (MB)
	3099928  -  ResidentSetSize of job (KB)
...
006 (2568334.000.000) 2025-07-29 10:42:20 Image size of job updated: 3103616
	3028  -  MemoryUsage of job (MB)
	3100140  -  ResidentSetSize of job (KB)
...
006 (2568334.000.000) 2025-07-29 10:47:20 Image size of job updated: 3103616
	3030  -  MemoryUsage of job (MB)
	3102136  -  ResidentSetSize of job (KB)
...
006 (2568334.000.000) 2025-07-29 10:52:21 Image size of job updated: 3103616
	3030  -  MemoryUsage of job (MB)
	3102344  -  ResidentSetSize of job (KB)
...
006 (2568334.000.000) 2025-07-29 10:57:21 Image size of job updated: 3103616
	3031  -  MemoryUsage of job (MB)
	3103472  -  ResidentSetSize of job (KB)
...
006 (2568334.000.000) 2025-07-29 11:02:21 Image size of job updated: 3103644
	3031  -  MemoryUsage of job (MB)
	3103644  -  ResidentSetSize of job (KB)
...
006 (2568334.000.000) 2025-07-29 11:07:22 Image size of job updated: 3104744
	3032  -  MemoryUsage of job (MB)
	3104744  -  ResidentSetSize of job (KB)
...
006 (2568334.000.000) 2025-07-29 11:12:22 Image size of job updated: 3105856
	3034  -  MemoryUsage of job (MB)
	3105856  -  ResidentSetSize of job (KB)
...
006 (2568334.000.000) 2025-07-29 11:17:23 Image size of job updated: 3106076
	3034  -  MemoryUsage of job (MB)
	3106076  -  ResidentSetSize of job (KB)
...
006 (2568334.000.000) 2025-07-29 11:22:24 Image size of job updated: 3107180
	3035  -  MemoryUsage of job (MB)
	3107180  -  ResidentSetSize of job (KB)
...
006 (2568334.000.000) 2025-07-29 11:27:24 Image size of job updated: 3108308
	3036  -  MemoryUsage of job (MB)
	3108308  -  ResidentSetSize of job (KB)
...
006 (2568334.000.000) 2025-07-29 11:32:25 Image size of job updated: 3109388
	3037  -  MemoryUsage of job (MB)
	3109388  -  ResidentSetSize of job (KB)
...
006 (2568334.000.000) 2025-07-29 11:37:25 Image size of job updated: 3119552
	3047  -  MemoryUsage of job (MB)
	3119552  -  ResidentSetSize of job (KB)
...
006 (2568334.000.000) 2025-07-29 11:42:25 Image size of job updated: 3119608
	3047  -  MemoryUsage of job (MB)
	3119608  -  ResidentSetSize of job (KB)
...
006 (2568334.000.000) 2025-07-29 11:47:26 Image size of job updated: 3120664
	3048  -  MemoryUsage of job (MB)
	3120664  -  ResidentSetSize of job (KB)
...
006 (2568334.000.000) 2025-07-29 11:52:26 Image size of job updated: 3120792
	3048  -  MemoryUsage of job (MB)
	3120792  -  ResidentSetSize of job (KB)
...
006 (2568334.000.000) 2025-07-29 11:57:26 Image size of job updated: 3121880
	3049  -  MemoryUsage of job (MB)
	3121880  -  ResidentSetSize of job (KB)
...
006 (2568334.000.000) 2025-07-29 12:02:27 Image size of job updated: 3122020
	3049  -  MemoryUsage of job (MB)
	3122020  -  ResidentSetSize of job (KB)
...
006 (2568334.000.000) 2025-07-29 12:07:27 Image size of job updated: 3123064
	3050  -  MemoryUsage of job (MB)
	3123064  -  ResidentSetSize of job (KB)
...
006 (2568334.000.000) 2025-07-29 12:12:29 Image size of job updated: 3123240
	3051  -  MemoryUsage of job (MB)
	3123240  -  ResidentSetSize of job (KB)
...
006 (2568334.000.000) 2025-07-29 12:17:28 Image size of job updated: 3123404
	3051  -  MemoryUsage of job (MB)
	3123404  -  ResidentSetSize of job (KB)
...
006 (2568334.000.000) 2025-07-29 12:22:28 Image size of job updated: 3123548
	3051  -  MemoryUsage of job (MB)
	3123548  -  ResidentSetSize of job (KB)
...
006 (2568334.000.000) 2025-07-29 12:27:29 Image size of job updated: 3123752
	3051  -  MemoryUsage of job (MB)
	3123752  -  ResidentSetSize of job (KB)
...
006 (2568334.000.000) 2025-07-29 12:32:29 Image size of job updated: 3123880
	3051  -  MemoryUsage of job (MB)
	3123880  -  ResidentSetSize of job (KB)
...
006 (2568334.000.000) 2025-07-29 12:37:29 Image size of job updated: 3123980
	3051  -  MemoryUsage of job (MB)
	3123880  -  ResidentSetSize of job (KB)
...
006 (2568334.000.000) 2025-07-29 12:42:30 Image size of job updated: 3131076
	3057  -  MemoryUsage of job (MB)
	3129396  -  ResidentSetSize of job (KB)
...
006 (2568334.000.000) 2025-07-29 12:47:30 Image size of job updated: 3131076
	3057  -  MemoryUsage of job (MB)
	3129536  -  ResidentSetSize of job (KB)
...
006 (2568334.000.000) 2025-07-29 12:52:31 Image size of job updated: 3131076
	3057  -  MemoryUsage of job (MB)
	3129700  -  ResidentSetSize of job (KB)
...
006 (2568334.000.000) 2025-07-29 12:57:32 Image size of job updated: 3131076
	3057  -  MemoryUsage of job (MB)
	3129888  -  ResidentSetSize of job (KB)
...
006 (2568334.000.000) 2025-07-29 13:02:32 Image size of job updated: 3131076
	3057  -  MemoryUsage of job (MB)
	3130048  -  ResidentSetSize of job (KB)
...
006 (2568334.000.000) 2025-07-29 13:07:33 Image size of job updated: 3131076
	3057  -  MemoryUsage of job (MB)
	3130216  -  ResidentSetSize of job (KB)
...
006 (2568334.000.000) 2025-07-29 13:12:33 Image size of job updated: 3131076
	3058  -  MemoryUsage of job (MB)
	3130388  -  ResidentSetSize of job (KB)
...
006 (2568334.000.000) 2025-07-29 13:17:33 Image size of job updated: 3131076
	3058  -  MemoryUsage of job (MB)
	3130564  -  ResidentSetSize of job (KB)
...
006 (2568334.000.000) 2025-07-29 13:22:34 Image size of job updated: 3131076
	3058  -  MemoryUsage of job (MB)
	3130692  -  ResidentSetSize of job (KB)
...
006 (2568334.000.000) 2025-07-29 13:27:34 Image size of job updated: 3131076
	3058  -  MemoryUsage of job (MB)
	3130884  -  ResidentSetSize of job (KB)
...
006 (2568334.000.000) 2025-07-29 13:32:35 Image size of job updated: 3131076
	3058  -  MemoryUsage of job (MB)
	3131044  -  ResidentSetSize of job (KB)
...
006 (2568334.000.000) 2025-07-29 13:37:36 Image size of job updated: 3131176
	3058  -  MemoryUsage of job (MB)
	3131176  -  ResidentSetSize of job (KB)
...
006 (2568334.000.000) 2025-07-29 13:42:36 Image size of job updated: 3137852
	3065  -  MemoryUsage of job (MB)
	3137852  -  ResidentSetSize of job (KB)
...
006 (2568334.000.000) 2025-07-29 13:47:37 Image size of job updated: 3138024
	3065  -  MemoryUsage of job (MB)
	3138024  -  ResidentSetSize of job (KB)
...
006 (2568334.000.000) 2025-07-29 13:52:37 Image size of job updated: 3138224
	3065  -  MemoryUsage of job (MB)
	3138224  -  ResidentSetSize of job (KB)
...
006 (2568334.000.000) 2025-07-29 13:57:37 Image size of job updated: 3138400
	3065  -  MemoryUsage of job (MB)
	3138400  -  ResidentSetSize of job (KB)
...
006 (2568334.000.000) 2025-07-29 14:02:38 Image size of job updated: 3138576
	3066  -  MemoryUsage of job (MB)
	3138576  -  ResidentSetSize of job (KB)
...
006 (2568334.000.000) 2025-07-29 14:07:38 Image size of job updated: 3138704
	3066  -  MemoryUsage of job (MB)
	3138704  -  ResidentSetSize of job (KB)
...
006 (2568334.000.000) 2025-07-29 14:12:39 Image size of job updated: 3138840
	3066  -  MemoryUsage of job (MB)
	3138840  -  ResidentSetSize of job (KB)
...
006 (2568334.000.000) 2025-07-29 14:17:40 Image size of job updated: 3139060
	3066  -  MemoryUsage of job (MB)
	3139060  -  ResidentSetSize of job (KB)
...
006 (2568334.000.000) 2025-07-29 14:22:40 Image size of job updated: 3139220
	3066  -  MemoryUsage of job (MB)
	3139220  -  ResidentSetSize of job (KB)
...
006 (2568334.000.000) 2025-07-29 14:27:41 Image size of job updated: 3139360
	3066  -  MemoryUsage of job (MB)
	3139360  -  ResidentSetSize of job (KB)
...
006 (2568334.000.000) 2025-07-29 14:32:41 Image size of job updated: 3139528
	3066  -  MemoryUsage of job (MB)
	3139528  -  ResidentSetSize of job (KB)
...
006 (2568334.000.000) 2025-07-29 14:37:41 Image size of job updated: 3139644
	3067  -  MemoryUsage of job (MB)
	3139644  -  ResidentSetSize of job (KB)
...
006 (2568334.000.000) 2025-07-29 14:42:42 Image size of job updated: 3139824
	3067  -  MemoryUsage of job (MB)
	3139824  -  ResidentSetSize of job (KB)
...
006 (2568334.000.000) 2025-07-29 14:47:42 Image size of job updated: 3149068
	3076  -  MemoryUsage of job (MB)
	3149068  -  ResidentSetSize of job (KB)
...
006 (2568334.000.000) 2025-07-29 14:52:43 Image size of job updated: 3149268
	3076  -  MemoryUsage of job (MB)
	3149268  -  ResidentSetSize of job (KB)
...
006 (2568334.000.000) 2025-07-29 14:57:44 Image size of job updated: 3149376
	3076  -  MemoryUsage of job (MB)
	3149376  -  ResidentSetSize of job (KB)
...
006 (2568334.000.000) 2025-07-29 15:02:44 Image size of job updated: 3149540
	3076  -  MemoryUsage of job (MB)
	3149540  -  ResidentSetSize of job (KB)
...
006 (2568334.000.000) 2025-07-29 15:07:45 Image size of job updated: 3149640
	3076  -  MemoryUsage of job (MB)
	3149640  -  ResidentSetSize of job (KB)
...
006 (2568334.000.000) 2025-07-29 15:12:45 Image size of job updated: 3149792
	3076  -  MemoryUsage of job (MB)
	3149792  -  ResidentSetSize of job (KB)
...
006 (2568334.000.000) 2025-07-29 15:17:45 Image size of job updated: 3149912
	3077  -  MemoryUsage of job (MB)
	3149912  -  ResidentSetSize of job (KB)
...
006 (2568334.000.000) 2025-07-29 15:22:46 Image size of job updated: 3150040
	3077  -  MemoryUsage of job (MB)
	3150040  -  ResidentSetSize of job (KB)
...
006 (2568334.000.000) 2025-07-29 15:27:46 Image size of job updated: 3150188
	3077  -  MemoryUsage of job (MB)
	3150188  -  ResidentSetSize of job (KB)
...
006 (2568334.000.000) 2025-07-29 15:32:47 Image size of job updated: 3150368
	3077  -  MemoryUsage of job (MB)
	3150368  -  ResidentSetSize of job (KB)
...
006 (2568334.000.000) 2025-07-29 15:37:48 Image size of job updated: 3150500
	3077  -  MemoryUsage of job (MB)
	3150500  -  ResidentSetSize of job (KB)
...
006 (2568334.000.000) 2025-07-29 15:42:48 Image size of job updated: 3150644
	3077  -  MemoryUsage of job (MB)
	3150644  -  ResidentSetSize of job (KB)
...
006 (2568334.000.000) 2025-07-29 15:47:49 Image size of job updated: 3182692
	3109  -  MemoryUsage of job (MB)
	3182692  -  ResidentSetSize of job (KB)
...
006 (2568334.000.000) 2025-07-29 15:52:49 Image size of job updated: 3182812
	3109  -  MemoryUsage of job (MB)
	3182812  -  ResidentSetSize of job (KB)
...
006 (2568334.000.000) 2025-07-29 15:57:50 Image size of job updated: 3182936
	3109  -  MemoryUsage of job (MB)
	3182936  -  ResidentSetSize of job (KB)
...
006 (2568334.000.000) 2025-07-29 16:02:51 Image size of job updated: 3183024
	3109  -  MemoryUsage of job (MB)
	3182936  -  ResidentSetSize of job (KB)
...
006 (2568334.000.000) 2025-07-29 16:07:51 Image size of job updated: 3183024
	3109  -  MemoryUsage of job (MB)
	3182968  -  ResidentSetSize of job (KB)
...
006 (2568334.000.000) 2025-07-29 16:12:52 Image size of job updated: 3187344
	3109  -  MemoryUsage of job (MB)
	3182968  -  ResidentSetSize of job (KB)
...
