000 (2575697.000.000) 2025-07-30 14:50:12 Job submitted from host: <145.107.7.246:9618?addrs=145.107.7.246-9618+[2a07-8500-120-e070--3f6]-9618&alias=taai-007.nikhef.nl&noUDP&sock=schedd_2614_90a7>
    DAG Node: run_c
...
001 (2575697.000.000) 2025-07-30 14:51:12 Job executing on host: <145.107.4.164:9618?addrs=145.107.4.164-9618+[2a07-8500-120-e070--a4]-9618&alias=wn-pijl-003.nikhef.nl&noUDP&sock=startd_4461_7413>
	SlotName: slot1_3@wn-pijl-003.nikhef.nl
	AvailableGPUs = {  }
	CondorScratchDir = "/scratch/condor_execute/dir_4114267"
	Cpus = 64
	Disk = 16790397
	GPUs = 0
	Memory = 16384
...
006 (2575697.000.000) 2025-07-30 14:51:26 Image size of job updated: 802092
	784  -  MemoryUsage of job (MB)
	802092  -  ResidentSetSize of job (KB)
...
006 (2575697.000.000) 2025-07-30 14:56:27 Image size of job updated: 1496452
	1462  -  MemoryUsage of job (MB)
	1496452  -  ResidentSetSize of job (KB)
...
006 (2575697.000.000) 2025-07-30 15:01:28 Image size of job updated: 1535968
	1500  -  MemoryUsage of job (MB)
	1535968  -  ResidentSetSize of job (KB)
...
006 (2575697.000.000) 2025-07-30 15:06:28 Image size of job updated: 1563920
	1528  -  MemoryUsage of job (MB)
	1563920  -  ResidentSetSize of job (KB)
...
006 (2575697.000.000) 2025-07-30 15:11:29 Image size of job updated: 1604932
	1568  -  MemoryUsage of job (MB)
	1604932  -  ResidentSetSize of job (KB)
...
006 (2575697.000.000) 2025-07-30 15:16:30 Image size of job updated: 1618952
	1582  -  MemoryUsage of job (MB)
	1618952  -  ResidentSetSize of job (KB)
...
006 (2575697.000.000) 2025-07-30 15:21:30 Image size of job updated: 1629660
	1592  -  MemoryUsage of job (MB)
	1629660  -  ResidentSetSize of job (KB)
...
006 (2575697.000.000) 2025-07-30 15:26:31 Image size of job updated: 1640760
	1603  -  MemoryUsage of job (MB)
	1640760  -  ResidentSetSize of job (KB)
...
006 (2575697.000.000) 2025-07-30 15:31:32 Image size of job updated: 1648320
	1610  -  MemoryUsage of job (MB)
	1648320  -  ResidentSetSize of job (KB)
...
006 (2575697.000.000) 2025-07-30 15:36:32 Image size of job updated: 1655140
	1617  -  MemoryUsage of job (MB)
	1655140  -  ResidentSetSize of job (KB)
...
006 (2575697.000.000) 2025-07-30 15:41:33 Image size of job updated: 1663844
	1625  -  MemoryUsage of job (MB)
	1663844  -  ResidentSetSize of job (KB)
...
006 (2575697.000.000) 2025-07-30 15:46:34 Image size of job updated: 1668936
	1630  -  MemoryUsage of job (MB)
	1668936  -  ResidentSetSize of job (KB)
...
006 (2575697.000.000) 2025-07-30 15:51:34 Image size of job updated: 1674248
	1636  -  MemoryUsage of job (MB)
	1674248  -  ResidentSetSize of job (KB)
...
006 (2575697.000.000) 2025-07-30 15:56:34 Image size of job updated: 2046260
	1999  -  MemoryUsage of job (MB)
	2046260  -  ResidentSetSize of job (KB)
...
