JAX: devices available: [CudaDevice(id=0)]
torch: CUDA is available. Number of devices: 1
torch: Current CUDA device: 0
Training data will be loaded from: /data/gravwav/twouters/projects/eos_source_classification/eos_source_classification/data/eos/hauke/eos_samples.npz
Training a normalizing flow for population =  GW190425 and nsbh sources
The masses will be sampled according to the intrinsic priors for a GW event, i.e., chirp mass and mass ratio.
Before training, we built the following NF kwargs: {'n_transforms': 4, 'n_neurons': 256, 'n_blocks_per_transform': 3, 'nn_depth': 1, 'flow_layers': 1, 'nn_block_dim': 8, 'glasflow_type': 'CouplingNSF', 'batch_norm_within_blocks': False, 'batch_norm_between_transforms': False, 'activation': 'relu', 'dropout_probability': 0.0, 'linear_transform': None, 'tail_bound': 5.0, 'names': ['chirp_mass', 'mass_ratio', 'lambda_2', 'luminosity_distance'], 'n_inputs': 4}
Everything for this model will be saved to ./models/GW190425/nsbh/hauke
Starting training with the following parameters:
Reading the EOS data from /data/gravwav/twouters/projects/eos_source_classification/eos_source_classification/data/eos/hauke/eos_samples.npz
Number of good samples:  0.96605
create_data is following GW_event source type: GW190425
Parsed prior bounds:
  Chirp mass: 1.485 - 1.49
  Mass ratio: 0.125 - 1.0
  Luminosity distance: 10.0 - 300.0
Loaded priors: {'chirp_mass': Uniform(minimum=1.485, maximum=1.49, name='chirp_mass', latex_label='$\\mathcal{M}$', unit=None, boundary=None), 'mass_ratio': Uniform(minimum=0.125, maximum=1.0, name='mass_ratio', latex_label='$q$', unit=None, boundary=None), 'luminosity_distance': bilby.gw.prior.UniformComovingVolume(minimum=10.0, maximum=300.0, cosmology='Planck15', name='luminosity_distance', latex_label='$D_L$', unit='Mpc', boundary=None)}
0/200000
20000/200000
40000/200000
60000/200000
80000/200000
100000/200000
120000/200000
140000/200000
160000/200000
180000/200000
Create data will save the following data:
  m1: range = [1.6040268710702406, 5.24116666687463]
  m2: range = [0.6230189769802974, 1.702413924996194]
  mass_ratio: range = [0.12500202798283844, 0.9999961574403922]
  lambda_1: range = [2.2581447644566524, 2892.916186379811]
  lambda_2: range = [34.71090402229974, 342128.7278957438]
  lambda_tilde: range = [6.789689994390266, 14526.42271736388]
  delta_lambda_tilde: range = [0.0005235808081388528, 7136.808836079952]
  chirp_mass_source: range = [1.3948408091938918, 1.486064803796612]
  chirp_mass: range = [1.4850001523203766, 1.489999998501906]
  luminosity_distance: range = [10.575383557785786, 299.9995634267882]
Saving to ./models/GW190425/nsbh/hauke/training_data.npz:
Saving to ./models/GW190425/nsbh/hauke/training_data.npz DONE
Using detector-frame chirp mass from the GW event and mass ratio (Mc_det, q) for training
Using component parameterization for lambdas (lambda_1, lambda_2)
Training samples: 160000, Validation samples: 40000
Creating the training data arrays
NSBH and training on lambda_2 (3D)
Including luminosity distance in training data
np.shape(self.x)
(160000, 4)
Using MinMaxScaler to scale the input data x
Saved sklearn scaler to ./models/GW190425/nsbh/hauke/scaler.gz
Going to start training for glasflow . . .
Only RELU supported for now
Early stopping triggered at epoch 819
Saving the training loss plot to ./models/GW190425/nsbh/hauke/training_loss.pdf
Training done. Took around 91.40 minutes
Saving the model weights to ./models/GW190425/nsbh/hauke/model.pt
Saving the model kwargs to ./models/GW190425/nsbh/hauke/model_kwargs.json
DONE training!
