000 (2575719.000.000) 2025-07-30 15:20:37 Job submitted from host: <145.107.7.246:9618?addrs=145.107.7.246-9618+[2a07-8500-120-e070--3f6]-9618&alias=taai-007.nikhef.nl&noUDP&sock=schedd_2614_90a7>
...
001 (2575719.000.000) 2025-07-30 15:21:12 Job executing on host: <145.107.4.164:9618?addrs=145.107.4.164-9618+[2a07-8500-120-e070--a4]-9618&alias=wn-pijl-003.nikhef.nl&noUDP&sock=startd_4461_7413>
	SlotName: slot1_2@wn-pijl-003.nikhef.nl
	AvailableGPUs = { GPUs_GPU_569990fd_2b62_0adb_f587_bbb820db7247 }
	CondorScratchDir = "/scratch/condor_execute/dir_4131428"
	Cpus = 1
	Disk = 16790397
	GPUs = 1
	GPUs_GPU_569990fd_2b62_0adb_f587_bbb820db7247 = [ Id = "GPU-569990fd-2b62-0adb-f587-bbb820db7247"; ClockMhz = 2520.0; Capability = 8.9; CoresPerCU = 128; DeviceName = "NVIDIA L40S"; DeviceUuid = "569990fd-2b62-0adb-f587-bbb820db7247"; ECCEnabled = true; ComputeUnits = 142; NvidiaDriver = "570.124.06"; DriverVersion = 12.8; DevicePciBusId = "0000:01:00.0"; GlobalMemoryMb = 45468; MaxSupportedVersion = 12080 ]
	Memory = 16384
...
006 (2575719.000.000) 2025-07-30 15:21:23 Image size of job updated: 336464
	0  -  MemoryUsage of job (MB)
	0  -  ResidentSetSize of job (KB)
...
005 (2575719.000.000) 2025-07-30 15:21:24 Job terminated.
	(1) Normal termination (return value 1)
		Usr 0 00:00:03, Sys 0 00:00:01  -  Run Remote Usage
		Usr 0 00:00:00, Sys 0 00:00:00  -  Run Local Usage
		Usr 0 00:00:03, Sys 0 00:00:01  -  Total Remote Usage
		Usr 0 00:00:00, Sys 0 00:00:00  -  Total Local Usage
	0  -  Run Bytes Sent By Job
	0  -  Run Bytes Received By Job
	0  -  Total Bytes Sent By Job
	0  -  Total Bytes Received By Job
	Partitionable Resources :    Usage  Request Allocated Assigned
	   Cpus                 :     0.43        1         1 
	   Disk (KB)            : 17500    16777216  16790397 
	   GPUs                 :                 1         1 "GPU-569990fd-2b62-0adb-f587-bbb820db7247"
	   Memory (MB)          :     0       16384     16384 
	   TimeExecute (s)      :    11                       
	   TimeSlotBusy (s)     :    11                       

	Job terminated of its own accord at 2025-07-30T13:21:23Z with exit-code 1.
...
000 (2575753.000.000) 2025-07-30 15:56:11 Job submitted from host: <145.107.7.246:9618?addrs=145.107.7.246-9618+[2a07-8500-120-e070--3f6]-9618&alias=taai-007.nikhef.nl&noUDP&sock=schedd_2614_90a7>
...
001 (2575753.000.000) 2025-07-30 15:57:12 Job executing on host: <145.107.4.166:9618?addrs=145.107.4.166-9618+[2a07-8500-120-e070--a6]-9618&alias=wn-pijl-005.nikhef.nl&noUDP&sock=startd_4117_7f7f>
	SlotName: slot1_7@wn-pijl-005.nikhef.nl
	AvailableGPUs = { GPUs_GPU_b013bbeb_10d8_c36c_d6b5_87c5360a10d5 }
	CondorScratchDir = "/scratch/condor_execute/dir_3102785"
	Cpus = 1
	Disk = 16790366
	GPUs = 1
	GPUs_GPU_b013bbeb_10d8_c36c_d6b5_87c5360a10d5 = [ Id = "GPU-b013bbeb-10d8-c36c-d6b5-87c5360a10d5"; ClockMhz = 2520.0; Capability = 8.9; CoresPerCU = 128; DeviceName = "NVIDIA L40S"; DeviceUuid = "b013bbeb-10d8-c36c-d6b5-87c5360a10d5"; ECCEnabled = true; ComputeUnits = 142; NvidiaDriver = "570.124.06"; DriverVersion = 12.8; DevicePciBusId = "0000:C2:00.0"; GlobalMemoryMb = 45468; MaxSupportedVersion = 12080 ]
	Memory = 16384
...
006 (2575753.000.000) 2025-07-30 15:57:26 Image size of job updated: 1061188
	1037  -  MemoryUsage of job (MB)
	1061188  -  ResidentSetSize of job (KB)
...
006 (2575753.000.000) 2025-07-30 16:02:27 Image size of job updated: 1063640
	1037  -  MemoryUsage of job (MB)
	1061564  -  ResidentSetSize of job (KB)
...
005 (2575753.000.000) 2025-07-30 16:02:54 Job terminated.
	(1) Normal termination (return value 0)
		Usr 0 00:05:32, Sys 0 00:00:02  -  Run Remote Usage
		Usr 0 00:00:00, Sys 0 00:00:00  -  Run Local Usage
		Usr 0 00:05:32, Sys 0 00:00:02  -  Total Remote Usage
		Usr 0 00:00:00, Sys 0 00:00:00  -  Total Local Usage
	0  -  Run Bytes Sent By Job
	0  -  Run Bytes Received By Job
	0  -  Total Bytes Sent By Job
	0  -  Total Bytes Received By Job
	Partitionable Resources :    Usage  Request Allocated Assigned
	   Cpus                 :     1.00        1         1 
	   Disk (KB)            : 17500    16777216  16790366 
	   GPUs                 :     0.10        1         1 "GPU-b013bbeb-10d8-c36c-d6b5-87c5360a10d5"
	   GpusMemory (MB)      :  1172                       
	   Memory (MB)          :  1037       16384     16384 
	   TimeExecute (s)      :   342                       
	   TimeSlotBusy (s)     :   342                       

	Job terminated of its own accord at 2025-07-30T14:02:54Z with exit-code 0.
...
000 (2575813.000.000) 2025-07-30 16:25:25 Job submitted from host: <145.107.7.246:9618?addrs=145.107.7.246-9618+[2a07-8500-120-e070--3f6]-9618&alias=taai-007.nikhef.nl&noUDP&sock=schedd_2614_90a7>
...
001 (2575813.000.000) 2025-07-30 16:57:12 Job executing on host: <145.107.4.164:9618?addrs=145.107.4.164-9618+[2a07-8500-120-e070--a4]-9618&alias=wn-pijl-003.nikhef.nl&noUDP&sock=startd_4461_7413>
	SlotName: slot1_1@wn-pijl-003.nikhef.nl
	AvailableGPUs = { GPUs_GPU_569990fd_2b62_0adb_f587_bbb820db7247 }
	CondorScratchDir = "/scratch/condor_execute/dir_4188445"
	Cpus = 1
	Disk = 16790397
	GPUs = 1
	GPUs_GPU_569990fd_2b62_0adb_f587_bbb820db7247 = [ Id = "GPU-569990fd-2b62-0adb-f587-bbb820db7247"; ClockMhz = 2520.0; Capability = 8.9; CoresPerCU = 128; DeviceName = "NVIDIA L40S"; DeviceUuid = "569990fd-2b62-0adb-f587-bbb820db7247"; ECCEnabled = true; ComputeUnits = 142; NvidiaDriver = "570.124.06"; DriverVersion = 12.8; DevicePciBusId = "0000:01:00.0"; GlobalMemoryMb = 45468; MaxSupportedVersion = 12080 ]
	Memory = 16384
...
006 (2575813.000.000) 2025-07-30 16:57:25 Image size of job updated: 428884
	419  -  MemoryUsage of job (MB)
	428884  -  ResidentSetSize of job (KB)
...
006 (2575813.000.000) 2025-07-30 17:02:25 Image size of job updated: 1104136
	1077  -  MemoryUsage of job (MB)
	1102128  -  ResidentSetSize of job (KB)
...
006 (2575813.000.000) 2025-07-30 17:07:26 Image size of job updated: 1104136
	1077  -  MemoryUsage of job (MB)
	1102352  -  ResidentSetSize of job (KB)
...
005 (2575813.000.000) 2025-07-30 17:35:24 Job terminated.
	(1) Normal termination (return value 0)
		Usr 0 00:37:58, Sys 0 00:00:06  -  Run Remote Usage
		Usr 0 00:00:00, Sys 0 00:00:00  -  Run Local Usage
		Usr 0 00:37:58, Sys 0 00:00:06  -  Total Remote Usage
		Usr 0 00:00:00, Sys 0 00:00:00  -  Total Local Usage
	0  -  Run Bytes Sent By Job
	0  -  Run Bytes Received By Job
	0  -  Total Bytes Sent By Job
	0  -  Total Bytes Received By Job
	Partitionable Resources :    Usage  Request Allocated Assigned
	   Cpus                 :     1.00        1         1 
	   Disk (KB)            : 17500    16777216  16790397 
	   GPUs                 :     0           1         1 "GPU-569990fd-2b62-0adb-f587-bbb820db7247"
	   GpusMemory (MB)      :  1210                       
	   Memory (MB)          :  1077       16384     16384 
	   TimeExecute (s)      :  2292                       
	   TimeSlotBusy (s)     :  2292                       

	Job terminated of its own accord at 2025-07-30T15:35:24Z with exit-code 0.
...
000 (2588227.000.000) 2025-08-07 16:36:11 Job submitted from host: <145.107.7.246:9618?addrs=145.107.7.246-9618+[2a07-8500-120-e070--3f6]-9618&alias=taai-007.nikhef.nl&noUDP&sock=schedd_2614_90a7>
...
001 (2588227.000.000) 2025-08-07 17:43:03 Job executing on host: <145.107.4.164:9618?addrs=145.107.4.164-9618+[2a07-8500-120-e070--a4]-9618&alias=wn-pijl-003.nikhef.nl&noUDP&sock=startd_4461_7413>
	SlotName: slot1_1@wn-pijl-003.nikhef.nl
	AvailableGPUs = { GPUs_GPU_569990fd_2b62_0adb_f587_bbb820db7247 }
	CondorScratchDir = "/scratch/condor_execute/dir_2922419"
	Cpus = 1
	Disk = 16790397
	GPUs = 1
	GPUs_GPU_569990fd_2b62_0adb_f587_bbb820db7247 = [ Id = "GPU-569990fd-2b62-0adb-f587-bbb820db7247"; ClockMhz = 2520.0; Capability = 8.9; CoresPerCU = 128; DeviceName = "NVIDIA L40S"; DeviceUuid = "569990fd-2b62-0adb-f587-bbb820db7247"; ECCEnabled = true; ComputeUnits = 142; NvidiaDriver = "570.124.06"; DriverVersion = 12.8; DevicePciBusId = "0000:01:00.0"; GlobalMemoryMb = 45468; MaxSupportedVersion = 12080 ]
	Memory = 16384
...
006 (2588227.000.000) 2025-08-07 17:43:17 Image size of job updated: 665688
	651  -  MemoryUsage of job (MB)
	665688  -  ResidentSetSize of job (KB)
...
006 (2588227.000.000) 2025-08-07 17:48:18 Image size of job updated: 1322412
	1290  -  MemoryUsage of job (MB)
	1320492  -  ResidentSetSize of job (KB)
...
006 (2588227.000.000) 2025-08-07 17:53:19 Image size of job updated: 1322412
	1290  -  MemoryUsage of job (MB)
	1320716  -  ResidentSetSize of job (KB)
...
006 (2588227.000.000) 2025-08-07 18:08:21 Image size of job updated: 1360188
	1329  -  MemoryUsage of job (MB)
	1360188  -  ResidentSetSize of job (KB)
...
006 (2588227.000.000) 2025-08-07 18:13:21 Image size of job updated: 1526004
	1491  -  MemoryUsage of job (MB)
	1526004  -  ResidentSetSize of job (KB)
...
006 (2588227.000.000) 2025-08-07 18:18:22 Image size of job updated: 1566336
	1530  -  MemoryUsage of job (MB)
	1566336  -  ResidentSetSize of job (KB)
...
006 (2588227.000.000) 2025-08-07 18:33:24 Image size of job updated: 1568272
	1532  -  MemoryUsage of job (MB)
	1568272  -  ResidentSetSize of job (KB)
...
006 (2588227.000.000) 2025-08-07 18:52:08 Image size of job updated: 1570964
	1532  -  MemoryUsage of job (MB)
	1568272  -  ResidentSetSize of job (KB)
...
005 (2588227.000.000) 2025-08-07 18:52:08 Job terminated.
	(1) Normal termination (return value 0)
		Usr 0 01:08:48, Sys 0 00:00:10  -  Run Remote Usage
		Usr 0 00:00:00, Sys 0 00:00:00  -  Run Local Usage
		Usr 0 01:08:48, Sys 0 00:00:10  -  Total Remote Usage
		Usr 0 00:00:00, Sys 0 00:00:00  -  Total Local Usage
	0  -  Run Bytes Sent By Job
	0  -  Run Bytes Received By Job
	0  -  Total Bytes Sent By Job
	0  -  Total Bytes Received By Job
	Partitionable Resources :    Usage  Request Allocated Assigned
	   Cpus                 :     1.00        1         1 
	   Disk (KB)            : 17500    16777216  16790397 
	   GPUs                 :     0.13        1         1 "GPU-569990fd-2b62-0adb-f587-bbb820db7247"
	   GpusMemory (MB)      :  1358                       
	   Memory (MB)          :  1532       16384     16384 
	   TimeExecute (s)      :  4145                       
	   TimeSlotBusy (s)     :  4145                       

	Job terminated of its own accord at 2025-08-07T16:52:08Z with exit-code 0.
...
000 (2588264.000.000) 2025-08-08 08:16:19 Job submitted from host: <145.107.7.246:9618?addrs=145.107.7.246-9618+[2a07-8500-120-e070--3f6]-9618&alias=taai-007.nikhef.nl&noUDP&sock=schedd_2614_90a7>
...
001 (2588264.000.000) 2025-08-08 08:17:16 Job executing on host: <145.107.4.167:9618?addrs=145.107.4.167-9618+[2a07-8500-120-e070--a7]-9618&alias=wn-pijl-006.nikhef.nl&noUDP&sock=startd_4304_c3b5>
	SlotName: slot1_2@wn-pijl-006.nikhef.nl
	AvailableGPUs = { GPUs_GPU_feb79665_637f_7d00_0944_9b688d6e2aa4 }
	CondorScratchDir = "/scratch/condor_execute/dir_3059539"
	Cpus = 1
	Disk = 16790397
	GPUs = 1
	GPUs_GPU_feb79665_637f_7d00_0944_9b688d6e2aa4 = [ Id = "GPU-feb79665-637f-7d00-0944-9b688d6e2aa4"; ClockMhz = 2520.0; Capability = 8.9; CoresPerCU = 128; DeviceName = "NVIDIA L40S"; DeviceUuid = "feb79665-637f-7d00-0944-9b688d6e2aa4"; ECCEnabled = true; ComputeUnits = 142; NvidiaDriver = "570.124.06"; DriverVersion = 12.8; DevicePciBusId = "0000:02:00.0"; GlobalMemoryMb = 45468; MaxSupportedVersion = 12080 ]
	Memory = 16384
...
006 (2588264.000.000) 2025-08-08 08:17:29 Image size of job updated: 695564
	680  -  MemoryUsage of job (MB)
	695564  -  ResidentSetSize of job (KB)
...
006 (2588264.000.000) 2025-08-08 08:17:34 Image size of job updated: 1163516
	680  -  MemoryUsage of job (MB)
	695568  -  ResidentSetSize of job (KB)
...
005 (2588264.000.000) 2025-08-08 08:17:34 Job terminated.
	(1) Normal termination (return value 1)
		Usr 0 00:00:09, Sys 0 00:00:02  -  Run Remote Usage
		Usr 0 00:00:00, Sys 0 00:00:00  -  Run Local Usage
		Usr 0 00:00:09, Sys 0 00:00:02  -  Total Remote Usage
		Usr 0 00:00:00, Sys 0 00:00:00  -  Total Local Usage
	0  -  Run Bytes Sent By Job
	0  -  Run Bytes Received By Job
	0  -  Total Bytes Sent By Job
	0  -  Total Bytes Received By Job
	Partitionable Resources :    Usage  Request Allocated Assigned
	   Cpus                 :                 1         1 
	   Disk (KB)            :    17500 16777216  16790397 
	   GPUs                 :                 1         1 "GPU-feb79665-637f-7d00-0944-9b688d6e2aa4"
	   Memory (MB)          :      680    16384     16384 
	   TimeExecute (s)      :       18                    
	   TimeSlotBusy (s)     :       19                    

	Job terminated of its own accord at 2025-08-08T06:17:34Z with exit-code 1.
...
000 (2588282.000.000) 2025-08-08 08:37:15 Job submitted from host: <145.107.7.246:9618?addrs=145.107.7.246-9618+[2a07-8500-120-e070--3f6]-9618&alias=taai-007.nikhef.nl&noUDP&sock=schedd_2614_90a7>
...
001 (2588282.000.000) 2025-08-08 08:37:16 Job executing on host: <145.107.4.164:9618?addrs=145.107.4.164-9618+[2a07-8500-120-e070--a4]-9618&alias=wn-pijl-003.nikhef.nl&noUDP&sock=startd_4461_7413>
	SlotName: slot1_2@wn-pijl-003.nikhef.nl
	AvailableGPUs = { GPUs_GPU_5faa433c_644c_d0cd_7786_8cda7f2ab56c }
	CondorScratchDir = "/scratch/condor_execute/dir_3414450"
	Cpus = 1
	Disk = 16790397
	GPUs = 1
	GPUs_GPU_5faa433c_644c_d0cd_7786_8cda7f2ab56c = [ Id = "GPU-5faa433c-644c-d0cd-7786-8cda7f2ab56c"; ClockMhz = 2520.0; Capability = 8.9; CoresPerCU = 128; DeviceName = "NVIDIA L40S"; DeviceUuid = "5faa433c-644c-d0cd-7786-8cda7f2ab56c"; ECCEnabled = true; ComputeUnits = 142; NvidiaDriver = "570.124.06"; DriverVersion = 12.8; DevicePciBusId = "0000:02:00.0"; GlobalMemoryMb = 45468; MaxSupportedVersion = 12080 ]
	Memory = 16384
...
006 (2588282.000.000) 2025-08-08 08:37:30 Image size of job updated: 655820
	641  -  MemoryUsage of job (MB)
	655820  -  ResidentSetSize of job (KB)
...
006 (2588282.000.000) 2025-08-08 08:42:31 Image size of job updated: 1167748
	1139  -  MemoryUsage of job (MB)
	1166200  -  ResidentSetSize of job (KB)
...
006 (2588282.000.000) 2025-08-08 08:47:32 Image size of job updated: 1167748
	1139  -  MemoryUsage of job (MB)
	1166304  -  ResidentSetSize of job (KB)
...
005 (2588282.000.000) 2025-08-08 08:59:30 Job terminated.
	(1) Normal termination (return value 0)
		Usr 0 00:21:55, Sys 0 00:00:07  -  Run Remote Usage
		Usr 0 00:00:00, Sys 0 00:00:00  -  Run Local Usage
		Usr 0 00:21:55, Sys 0 00:00:07  -  Total Remote Usage
		Usr 0 00:00:00, Sys 0 00:00:00  -  Total Local Usage
	0  -  Run Bytes Sent By Job
	0  -  Run Bytes Received By Job
	0  -  Total Bytes Sent By Job
	0  -  Total Bytes Received By Job
	Partitionable Resources :    Usage  Request Allocated Assigned
	   Cpus                 :     1.00        1         1 
	   Disk (KB)            : 17500    16777216  16790397 
	   GPUs                 :     0.09        1         1 "GPU-5faa433c-644c-d0cd-7786-8cda7f2ab56c"
	   GpusMemory (MB)      :  1176                       
	   Memory (MB)          :  1139       16384     16384 
	   TimeExecute (s)      :  1334                       
	   TimeSlotBusy (s)     :  1334                       

	Job terminated of its own accord at 2025-08-08T06:59:30Z with exit-code 0.
...
000 (2588300.000.000) 2025-08-08 09:33:14 Job submitted from host: <145.107.7.246:9618?addrs=145.107.7.246-9618+[2a07-8500-120-e070--3f6]-9618&alias=taai-007.nikhef.nl&noUDP&sock=schedd_2614_90a7>
...
001 (2588300.000.000) 2025-08-08 09:33:18 Job executing on host: <145.107.4.164:9618?addrs=145.107.4.164-9618+[2a07-8500-120-e070--a4]-9618&alias=wn-pijl-003.nikhef.nl&noUDP&sock=startd_4461_7413>
	SlotName: slot1_1@wn-pijl-003.nikhef.nl
	AvailableGPUs = { GPUs_GPU_569990fd_2b62_0adb_f587_bbb820db7247 }
	CondorScratchDir = "/scratch/condor_execute/dir_3447087"
	Cpus = 1
	Disk = 16790397
	GPUs = 1
	GPUs_GPU_569990fd_2b62_0adb_f587_bbb820db7247 = [ Id = "GPU-569990fd-2b62-0adb-f587-bbb820db7247"; ClockMhz = 2520.0; Capability = 8.9; CoresPerCU = 128; DeviceName = "NVIDIA L40S"; DeviceUuid = "569990fd-2b62-0adb-f587-bbb820db7247"; ECCEnabled = true; ComputeUnits = 142; NvidiaDriver = "570.124.06"; DriverVersion = 12.8; DevicePciBusId = "0000:01:00.0"; GlobalMemoryMb = 45468; MaxSupportedVersion = 12080 ]
	Memory = 16384
...
006 (2588300.000.000) 2025-08-08 09:33:31 Image size of job updated: 609848
	596  -  MemoryUsage of job (MB)
	609848  -  ResidentSetSize of job (KB)
...
006 (2588300.000.000) 2025-08-08 09:38:32 Image size of job updated: 1085008
	1058  -  MemoryUsage of job (MB)
	1083152  -  ResidentSetSize of job (KB)
...
005 (2588300.000.000) 2025-08-08 09:40:00 Job terminated.
	(1) Normal termination (return value 0)
		Usr 0 00:06:27, Sys 0 00:00:04  -  Run Remote Usage
		Usr 0 00:00:00, Sys 0 00:00:00  -  Run Local Usage
		Usr 0 00:06:27, Sys 0 00:00:04  -  Total Remote Usage
		Usr 0 00:00:00, Sys 0 00:00:00  -  Total Local Usage
	0  -  Run Bytes Sent By Job
	0  -  Run Bytes Received By Job
	0  -  Total Bytes Sent By Job
	0  -  Total Bytes Received By Job
	Partitionable Resources :    Usage  Request Allocated Assigned
	   Cpus                 :     1.00        1         1 
	   Disk (KB)            : 17500    16777216  16790397 
	   GPUs                 :     0.06        1         1 "GPU-569990fd-2b62-0adb-f587-bbb820db7247"
	   GpusMemory (MB)      :  1182                       
	   Memory (MB)          :  1058       16384     16384 
	   TimeExecute (s)      :   402                       
	   TimeSlotBusy (s)     :   403                       

	Job terminated of its own accord at 2025-08-08T07:40:00Z with exit-code 0.
...
