000 (2568337.000.000) 2025-07-28 23:20:12 Job submitted from host: <145.107.7.246:9618?addrs=145.107.7.246-9618+[2a07-8500-120-e070--3f6]-9618&alias=taai-007.nikhef.nl&noUDP&sock=schedd_2614_90a7>
    DAG Node: run_e
...
001 (2568337.000.000) 2025-07-28 23:21:00 Job executing on host: <145.107.4.163:9618?addrs=145.107.4.163-9618+[2a07-8500-120-e070--a3]-9618&alias=wn-pijl-002.nikhef.nl&noUDP&sock=startd_4326_daca>
	SlotName: slot1_7@wn-pijl-002.nikhef.nl
	AvailableGPUs = {  }
	CondorScratchDir = "/scratch/condor_execute/dir_2616087"
	Cpus = 64
	Disk = 16790353
	GPUs = 0
	Memory = 16384
...
006 (2568337.000.000) 2025-07-28 23:21:13 Image size of job updated: 522108
	510  -  MemoryUsage of job (MB)
	522108  -  ResidentSetSize of job (KB)
...
006 (2568337.000.000) 2025-07-28 23:26:13 Image size of job updated: 2189388
	2137  -  MemoryUsage of job (MB)
	2188000  -  ResidentSetSize of job (KB)
...
006 (2568337.000.000) 2025-07-28 23:31:14 Image size of job updated: 2189388
	2139  -  MemoryUsage of job (MB)
	2189368  -  ResidentSetSize of job (KB)
...
006 (2568337.000.000) 2025-07-28 23:36:14 Image size of job updated: 2190152
	2139  -  MemoryUsage of job (MB)
	2190152  -  ResidentSetSize of job (KB)
...
006 (2568337.000.000) 2025-07-28 23:41:15 Image size of job updated: 2210236
	2159  -  MemoryUsage of job (MB)
	2210236  -  ResidentSetSize of job (KB)
...
006 (2568337.000.000) 2025-07-28 23:46:16 Image size of job updated: 2210884
	2160  -  MemoryUsage of job (MB)
	2210884  -  ResidentSetSize of job (KB)
...
006 (2568337.000.000) 2025-07-28 23:51:16 Image size of job updated: 2212988
	2162  -  MemoryUsage of job (MB)
	2212988  -  ResidentSetSize of job (KB)
...
006 (2568337.000.000) 2025-07-28 23:56:17 Image size of job updated: 2213488
	2162  -  MemoryUsage of job (MB)
	2213488  -  ResidentSetSize of job (KB)
...
006 (2568337.000.000) 2025-07-29 00:01:18 Image size of job updated: 2213884
	2162  -  MemoryUsage of job (MB)
	2213884  -  ResidentSetSize of job (KB)
...
006 (2568337.000.000) 2025-07-29 00:06:18 Image size of job updated: 2214340
	2163  -  MemoryUsage of job (MB)
	2214340  -  ResidentSetSize of job (KB)
...
006 (2568337.000.000) 2025-07-29 00:11:20 Image size of job updated: 2215580
	2164  -  MemoryUsage of job (MB)
	2215580  -  ResidentSetSize of job (KB)
...
006 (2568337.000.000) 2025-07-29 00:16:19 Image size of job updated: 2216792
	2165  -  MemoryUsage of job (MB)
	2216792  -  ResidentSetSize of job (KB)
...
006 (2568337.000.000) 2025-07-29 00:21:19 Image size of job updated: 2218088
	2167  -  MemoryUsage of job (MB)
	2218088  -  ResidentSetSize of job (KB)
...
006 (2568337.000.000) 2025-07-29 00:26:20 Image size of job updated: 2525636
	2467  -  MemoryUsage of job (MB)
	2525636  -  ResidentSetSize of job (KB)
...
006 (2568337.000.000) 2025-07-29 00:31:20 Image size of job updated: 2526720
	2468  -  MemoryUsage of job (MB)
	2526720  -  ResidentSetSize of job (KB)
...
006 (2568337.000.000) 2025-07-29 00:36:20 Image size of job updated: 2527828
	2469  -  MemoryUsage of job (MB)
	2527828  -  ResidentSetSize of job (KB)
...
006 (2568337.000.000) 2025-07-29 00:41:21 Image size of job updated: 2528100
	2469  -  MemoryUsage of job (MB)
	2528100  -  ResidentSetSize of job (KB)
...
006 (2568337.000.000) 2025-07-29 00:46:21 Image size of job updated: 2529204
	2470  -  MemoryUsage of job (MB)
	2529204  -  ResidentSetSize of job (KB)
...
006 (2568337.000.000) 2025-07-29 00:51:22 Image size of job updated: 2530240
	2471  -  MemoryUsage of job (MB)
	2530240  -  ResidentSetSize of job (KB)
...
006 (2568337.000.000) 2025-07-29 00:56:23 Image size of job updated: 2530500
	2472  -  MemoryUsage of job (MB)
	2530500  -  ResidentSetSize of job (KB)
...
006 (2568337.000.000) 2025-07-29 01:01:23 Image size of job updated: 2531536
	2473  -  MemoryUsage of job (MB)
	2531536  -  ResidentSetSize of job (KB)
...
006 (2568337.000.000) 2025-07-29 01:06:24 Image size of job updated: 2532572
	2474  -  MemoryUsage of job (MB)
	2532572  -  ResidentSetSize of job (KB)
...
006 (2568337.000.000) 2025-07-29 01:11:25 Image size of job updated: 2532740
	2474  -  MemoryUsage of job (MB)
	2532740  -  ResidentSetSize of job (KB)
...
006 (2568337.000.000) 2025-07-29 01:16:25 Image size of job updated: 2532936
	2474  -  MemoryUsage of job (MB)
	2532936  -  ResidentSetSize of job (KB)
...
006 (2568337.000.000) 2025-07-29 01:21:26 Image size of job updated: 2533932
	2475  -  MemoryUsage of job (MB)
	2533932  -  ResidentSetSize of job (KB)
...
006 (2568337.000.000) 2025-07-29 01:26:26 Image size of job updated: 2553060
	2494  -  MemoryUsage of job (MB)
	2553060  -  ResidentSetSize of job (KB)
...
006 (2568337.000.000) 2025-07-29 01:31:27 Image size of job updated: 2554044
	2495  -  MemoryUsage of job (MB)
	2554044  -  ResidentSetSize of job (KB)
...
006 (2568337.000.000) 2025-07-29 01:36:28 Image size of job updated: 2554244
	2495  -  MemoryUsage of job (MB)
	2554244  -  ResidentSetSize of job (KB)
...
006 (2568337.000.000) 2025-07-29 01:41:28 Image size of job updated: 2555184
	2496  -  MemoryUsage of job (MB)
	2555184  -  ResidentSetSize of job (KB)
...
006 (2568337.000.000) 2025-07-29 01:46:29 Image size of job updated: 2555356
	2496  -  MemoryUsage of job (MB)
	2555356  -  ResidentSetSize of job (KB)
...
006 (2568337.000.000) 2025-07-29 01:51:30 Image size of job updated: 2555536
	2496  -  MemoryUsage of job (MB)
	2555536  -  ResidentSetSize of job (KB)
...
006 (2568337.000.000) 2025-07-29 01:56:30 Image size of job updated: 2556508
	2497  -  MemoryUsage of job (MB)
	2556508  -  ResidentSetSize of job (KB)
...
006 (2568337.000.000) 2025-07-29 02:01:31 Image size of job updated: 2556620
	2497  -  MemoryUsage of job (MB)
	2556620  -  ResidentSetSize of job (KB)
...
006 (2568337.000.000) 2025-07-29 02:06:31 Image size of job updated: 2557640
	2498  -  MemoryUsage of job (MB)
	2557640  -  ResidentSetSize of job (KB)
...
006 (2568337.000.000) 2025-07-29 02:11:31 Image size of job updated: 2557776
	2498  -  MemoryUsage of job (MB)
	2557776  -  ResidentSetSize of job (KB)
...
006 (2568337.000.000) 2025-07-29 02:16:32 Image size of job updated: 2558760
	2499  -  MemoryUsage of job (MB)
	2558760  -  ResidentSetSize of job (KB)
...
006 (2568337.000.000) 2025-07-29 02:21:32 Image size of job updated: 2558912
	2499  -  MemoryUsage of job (MB)
	2558912  -  ResidentSetSize of job (KB)
...
006 (2568337.000.000) 2025-07-29 02:26:33 Image size of job updated: 2593800
	2499  -  MemoryUsage of job (MB)
	2558912  -  ResidentSetSize of job (KB)
...
006 (2568337.000.000) 2025-07-29 03:26:40 Image size of job updated: 2625236
	2564  -  MemoryUsage of job (MB)
	2625236  -  ResidentSetSize of job (KB)
...
006 (2568337.000.000) 2025-07-29 03:31:40 Image size of job updated: 2626164
	2565  -  MemoryUsage of job (MB)
	2626164  -  ResidentSetSize of job (KB)
...
006 (2568337.000.000) 2025-07-29 03:36:41 Image size of job updated: 2626320
	2565  -  MemoryUsage of job (MB)
	2626320  -  ResidentSetSize of job (KB)
...
006 (2568337.000.000) 2025-07-29 03:41:42 Image size of job updated: 2626384
	2565  -  MemoryUsage of job (MB)
	2626384  -  ResidentSetSize of job (KB)
...
006 (2568337.000.000) 2025-07-29 03:46:42 Image size of job updated: 2627324
	2566  -  MemoryUsage of job (MB)
	2627324  -  ResidentSetSize of job (KB)
...
006 (2568337.000.000) 2025-07-29 03:51:43 Image size of job updated: 2627412
	2566  -  MemoryUsage of job (MB)
	2627412  -  ResidentSetSize of job (KB)
...
006 (2568337.000.000) 2025-07-29 03:56:44 Image size of job updated: 2628332
	2567  -  MemoryUsage of job (MB)
	2628332  -  ResidentSetSize of job (KB)
...
006 (2568337.000.000) 2025-07-29 04:01:44 Image size of job updated: 2628452
	2567  -  MemoryUsage of job (MB)
	2628452  -  ResidentSetSize of job (KB)
...
006 (2568337.000.000) 2025-07-29 04:06:45 Image size of job updated: 2628508
	2567  -  MemoryUsage of job (MB)
	2628508  -  ResidentSetSize of job (KB)
...
006 (2568337.000.000) 2025-07-29 04:11:45 Image size of job updated: 2629440
	2568  -  MemoryUsage of job (MB)
	2629440  -  ResidentSetSize of job (KB)
...
006 (2568337.000.000) 2025-07-29 04:16:45 Image size of job updated: 2629556
	2568  -  MemoryUsage of job (MB)
	2629556  -  ResidentSetSize of job (KB)
...
006 (2568337.000.000) 2025-07-29 04:21:46 Image size of job updated: 2629644
	2569  -  MemoryUsage of job (MB)
	2629644  -  ResidentSetSize of job (KB)
...
006 (2568337.000.000) 2025-07-29 04:26:46 Image size of job updated: 2676140
	2614  -  MemoryUsage of job (MB)
	2676140  -  ResidentSetSize of job (KB)
...
006 (2568337.000.000) 2025-07-29 04:31:47 Image size of job updated: 2676220
	2614  -  MemoryUsage of job (MB)
	2676220  -  ResidentSetSize of job (KB)
...
006 (2568337.000.000) 2025-07-29 04:36:48 Image size of job updated: 2677148
	2615  -  MemoryUsage of job (MB)
	2677148  -  ResidentSetSize of job (KB)
...
006 (2568337.000.000) 2025-07-29 04:41:48 Image size of job updated: 2677252
	2615  -  MemoryUsage of job (MB)
	2677252  -  ResidentSetSize of job (KB)
...
006 (2568337.000.000) 2025-07-29 04:46:49 Image size of job updated: 2677364
	2615  -  MemoryUsage of job (MB)
	2677364  -  ResidentSetSize of job (KB)
...
006 (2568337.000.000) 2025-07-29 04:51:49 Image size of job updated: 2677388
	2615  -  MemoryUsage of job (MB)
	2677364  -  ResidentSetSize of job (KB)
...
006 (2568337.000.000) 2025-07-29 05:01:50 Image size of job updated: 2678252
	2616  -  MemoryUsage of job (MB)
	2678252  -  ResidentSetSize of job (KB)
...
006 (2568337.000.000) 2025-07-29 05:06:50 Image size of job updated: 2678368
	2616  -  MemoryUsage of job (MB)
	2678368  -  ResidentSetSize of job (KB)
...
006 (2568337.000.000) 2025-07-29 05:11:50 Image size of job updated: 2679288
	2617  -  MemoryUsage of job (MB)
	2679288  -  ResidentSetSize of job (KB)
...
006 (2568337.000.000) 2025-07-29 05:16:51 Image size of job updated: 2679364
	2617  -  MemoryUsage of job (MB)
	2679364  -  ResidentSetSize of job (KB)
...
006 (2568337.000.000) 2025-07-29 05:21:51 Image size of job updated: 2679448
	2617  -  MemoryUsage of job (MB)
	2679448  -  ResidentSetSize of job (KB)
...
006 (2568337.000.000) 2025-07-29 05:26:52 Image size of job updated: 2697944
	2630  -  MemoryUsage of job (MB)
	2692864  -  ResidentSetSize of job (KB)
...
006 (2568337.000.000) 2025-07-29 05:31:53 Image size of job updated: 2697944
	2630  -  MemoryUsage of job (MB)
	2692932  -  ResidentSetSize of job (KB)
...
006 (2568337.000.000) 2025-07-29 05:36:53 Image size of job updated: 2697944
	2631  -  MemoryUsage of job (MB)
	2693840  -  ResidentSetSize of job (KB)
...
006 (2568337.000.000) 2025-07-29 05:41:54 Image size of job updated: 2697944
	2631  -  MemoryUsage of job (MB)
	2693892  -  ResidentSetSize of job (KB)
...
006 (2568337.000.000) 2025-07-29 05:46:55 Image size of job updated: 2697944
	2632  -  MemoryUsage of job (MB)
	2694792  -  ResidentSetSize of job (KB)
...
006 (2568337.000.000) 2025-07-29 05:51:55 Image size of job updated: 2697944
	2632  -  MemoryUsage of job (MB)
	2694868  -  ResidentSetSize of job (KB)
...
006 (2568337.000.000) 2025-07-29 05:56:56 Image size of job updated: 2697944
	2632  -  MemoryUsage of job (MB)
	2694924  -  ResidentSetSize of job (KB)
...
006 (2568337.000.000) 2025-07-29 06:11:57 Image size of job updated: 2697944
	2632  -  MemoryUsage of job (MB)
	2694960  -  ResidentSetSize of job (KB)
...
006 (2568337.000.000) 2025-07-29 06:16:57 Image size of job updated: 2697944
	2632  -  MemoryUsage of job (MB)
	2695020  -  ResidentSetSize of job (KB)
...
006 (2568337.000.000) 2025-07-29 06:21:58 Image size of job updated: 2697944
	2633  -  MemoryUsage of job (MB)
	2695920  -  ResidentSetSize of job (KB)
...
006 (2568337.000.000) 2025-07-29 06:26:59 Image size of job updated: 2716308
	2650  -  MemoryUsage of job (MB)
	2712844  -  ResidentSetSize of job (KB)
...
006 (2568337.000.000) 2025-07-29 06:42:01 Image size of job updated: 2716308
	2650  -  MemoryUsage of job (MB)
	2712996  -  ResidentSetSize of job (KB)
...
006 (2568337.000.000) 2025-07-29 06:47:01 Image size of job updated: 2716308
	2650  -  MemoryUsage of job (MB)
	2713052  -  ResidentSetSize of job (KB)
...
006 (2568337.000.000) 2025-07-29 06:52:02 Image size of job updated: 2716308
	2651  -  MemoryUsage of job (MB)
	2713988  -  ResidentSetSize of job (KB)
...
006 (2568337.000.000) 2025-07-29 06:57:02 Image size of job updated: 2716308
	2651  -  MemoryUsage of job (MB)
	2714040  -  ResidentSetSize of job (KB)
...
006 (2568337.000.000) 2025-07-29 07:02:02 Image size of job updated: 2716308
	2651  -  MemoryUsage of job (MB)
	2714088  -  ResidentSetSize of job (KB)
...
006 (2568337.000.000) 2025-07-29 07:07:03 Image size of job updated: 2716308
	2652  -  MemoryUsage of job (MB)
	2714976  -  ResidentSetSize of job (KB)
...
006 (2568337.000.000) 2025-07-29 07:12:03 Image size of job updated: 2716308
	2652  -  MemoryUsage of job (MB)
	2715048  -  ResidentSetSize of job (KB)
...
006 (2568337.000.000) 2025-07-29 07:17:04 Image size of job updated: 2716308
	2653  -  MemoryUsage of job (MB)
	2715924  -  ResidentSetSize of job (KB)
...
006 (2568337.000.000) 2025-07-29 07:22:05 Image size of job updated: 2716308
	2653  -  MemoryUsage of job (MB)
	2715980  -  ResidentSetSize of job (KB)
...
006 (2568337.000.000) 2025-07-29 07:27:05 Image size of job updated: 2716308
	2653  -  MemoryUsage of job (MB)
	2716040  -  ResidentSetSize of job (KB)
...
006 (2568337.000.000) 2025-07-29 07:32:06 Image size of job updated: 2727528
	2662  -  MemoryUsage of job (MB)
	2725116  -  ResidentSetSize of job (KB)
...
006 (2568337.000.000) 2025-07-29 07:37:06 Image size of job updated: 2727528
	2662  -  MemoryUsage of job (MB)
	2725164  -  ResidentSetSize of job (KB)
...
006 (2568337.000.000) 2025-07-29 07:42:06 Image size of job updated: 2727528
	2663  -  MemoryUsage of job (MB)
	2726040  -  ResidentSetSize of job (KB)
...
006 (2568337.000.000) 2025-07-29 08:02:09 Image size of job updated: 2727528
	2663  -  MemoryUsage of job (MB)
	2726060  -  ResidentSetSize of job (KB)
...
006 (2568337.000.000) 2025-07-29 08:07:09 Image size of job updated: 2727528
	2664  -  MemoryUsage of job (MB)
	2726948  -  ResidentSetSize of job (KB)
...
006 (2568337.000.000) 2025-07-29 08:12:10 Image size of job updated: 2727528
	2664  -  MemoryUsage of job (MB)
	2727016  -  ResidentSetSize of job (KB)
...
006 (2568337.000.000) 2025-07-29 08:17:10 Image size of job updated: 2727896
	2664  -  MemoryUsage of job (MB)
	2727896  -  ResidentSetSize of job (KB)
...
006 (2568337.000.000) 2025-07-29 08:22:10 Image size of job updated: 2727956
	2665  -  MemoryUsage of job (MB)
	2727956  -  ResidentSetSize of job (KB)
...
006 (2568337.000.000) 2025-07-29 08:32:11 Image size of job updated: 2753044
	2682  -  MemoryUsage of job (MB)
	2746148  -  ResidentSetSize of job (KB)
...
006 (2568337.000.000) 2025-07-29 08:37:11 Image size of job updated: 2753044
	2682  -  MemoryUsage of job (MB)
	2746200  -  ResidentSetSize of job (KB)
...
006 (2568337.000.000) 2025-07-29 08:42:12 Image size of job updated: 2753044
	2683  -  MemoryUsage of job (MB)
	2746452  -  ResidentSetSize of job (KB)
...
006 (2568337.000.000) 2025-07-29 09:07:16 Image size of job updated: 2753044
	2683  -  MemoryUsage of job (MB)
	2746480  -  ResidentSetSize of job (KB)
...
006 (2568337.000.000) 2025-07-29 09:12:15 Image size of job updated: 2753044
	2683  -  MemoryUsage of job (MB)
	2747376  -  ResidentSetSize of job (KB)
...
006 (2568337.000.000) 2025-07-29 09:17:15 Image size of job updated: 2753044
	2684  -  MemoryUsage of job (MB)
	2747412  -  ResidentSetSize of job (KB)
...
006 (2568337.000.000) 2025-07-29 09:22:16 Image size of job updated: 2753044
	2684  -  MemoryUsage of job (MB)
	2748312  -  ResidentSetSize of job (KB)
...
006 (2568337.000.000) 2025-07-29 09:27:16 Image size of job updated: 2753044
	2684  -  MemoryUsage of job (MB)
	2748352  -  ResidentSetSize of job (KB)
...
006 (2568337.000.000) 2025-07-29 09:32:16 Image size of job updated: 2753044
	2684  -  MemoryUsage of job (MB)
	2748388  -  ResidentSetSize of job (KB)
...
006 (2568337.000.000) 2025-07-29 09:37:17 Image size of job updated: 2764816
	2700  -  MemoryUsage of job (MB)
	2764784  -  ResidentSetSize of job (KB)
...
006 (2568337.000.000) 2025-07-29 09:42:17 Image size of job updated: 2764824
	2701  -  MemoryUsage of job (MB)
	2764824  -  ResidentSetSize of job (KB)
...
006 (2568337.000.000) 2025-07-29 09:47:18 Image size of job updated: 2765704
	2701  -  MemoryUsage of job (MB)
	2765704  -  ResidentSetSize of job (KB)
...
006 (2568337.000.000) 2025-07-29 09:52:19 Image size of job updated: 2765740
	2701  -  MemoryUsage of job (MB)
	2765740  -  ResidentSetSize of job (KB)
...
006 (2568337.000.000) 2025-07-29 09:57:19 Image size of job updated: 2766640
	2702  -  MemoryUsage of job (MB)
	2766640  -  ResidentSetSize of job (KB)
...
006 (2568337.000.000) 2025-07-29 10:02:20 Image size of job updated: 2766664
	2702  -  MemoryUsage of job (MB)
	2766664  -  ResidentSetSize of job (KB)
...
006 (2568337.000.000) 2025-07-29 10:07:20 Image size of job updated: 2766688
	2702  -  MemoryUsage of job (MB)
	2766688  -  ResidentSetSize of job (KB)
...
006 (2568337.000.000) 2025-07-29 10:12:20 Image size of job updated: 2767576
	2703  -  MemoryUsage of job (MB)
	2767576  -  ResidentSetSize of job (KB)
...
006 (2568337.000.000) 2025-07-29 10:17:21 Image size of job updated: 2767596
	2703  -  MemoryUsage of job (MB)
	2767576  -  ResidentSetSize of job (KB)
...
006 (2568337.000.000) 2025-07-29 10:37:22 Image size of job updated: 2839912
	2717  -  MemoryUsage of job (MB)
	2781608  -  ResidentSetSize of job (KB)
...
006 (2568337.000.000) 2025-07-29 10:42:23 Image size of job updated: 2839912
	2717  -  MemoryUsage of job (MB)
	2781668  -  ResidentSetSize of job (KB)
...
006 (2568337.000.000) 2025-07-29 10:47:23 Image size of job updated: 2839912
	2717  -  MemoryUsage of job (MB)
	2781704  -  ResidentSetSize of job (KB)
...
006 (2568337.000.000) 2025-07-29 10:52:24 Image size of job updated: 2839912
	2718  -  MemoryUsage of job (MB)
	2782644  -  ResidentSetSize of job (KB)
...
006 (2568337.000.000) 2025-07-29 10:57:25 Image size of job updated: 2839912
	2718  -  MemoryUsage of job (MB)
	2782688  -  ResidentSetSize of job (KB)
...
006 (2568337.000.000) 2025-07-29 11:02:25 Image size of job updated: 2839912
	2719  -  MemoryUsage of job (MB)
	2783572  -  ResidentSetSize of job (KB)
...
006 (2568337.000.000) 2025-07-29 11:37:29 Image size of job updated: 2839912
	2736  -  MemoryUsage of job (MB)
	2801664  -  ResidentSetSize of job (KB)
...
006 (2568337.000.000) 2025-07-29 11:42:29 Image size of job updated: 2839912
	2737  -  MemoryUsage of job (MB)
	2801704  -  ResidentSetSize of job (KB)
...
006 (2568337.000.000) 2025-07-29 11:47:30 Image size of job updated: 2839912
	2737  -  MemoryUsage of job (MB)
	2801736  -  ResidentSetSize of job (KB)
...
006 (2568337.000.000) 2025-07-29 11:52:31 Image size of job updated: 2839912
	2737  -  MemoryUsage of job (MB)
	2802620  -  ResidentSetSize of job (KB)
...
006 (2568337.000.000) 2025-07-29 12:12:32 Image size of job updated: 2839912
	2738  -  MemoryUsage of job (MB)
	2803428  -  ResidentSetSize of job (KB)
...
006 (2568337.000.000) 2025-07-29 12:17:33 Image size of job updated: 2839912
	2738  -  MemoryUsage of job (MB)
	2803472  -  ResidentSetSize of job (KB)
...
006 (2568337.000.000) 2025-07-29 12:22:33 Image size of job updated: 2839912
	2738  -  MemoryUsage of job (MB)
	2803500  -  ResidentSetSize of job (KB)
...
006 (2568337.000.000) 2025-07-29 12:27:34 Image size of job updated: 2839912
	2738  -  MemoryUsage of job (MB)
	2803540  -  ResidentSetSize of job (KB)
...
006 (2568337.000.000) 2025-07-29 12:32:35 Image size of job updated: 2839912
	2738  -  MemoryUsage of job (MB)
	2803568  -  ResidentSetSize of job (KB)
...
006 (2568337.000.000) 2025-07-29 12:37:35 Image size of job updated: 2839912
	2738  -  MemoryUsage of job (MB)
	2803596  -  ResidentSetSize of job (KB)
...
006 (2568337.000.000) 2025-07-29 12:42:36 Image size of job updated: 2839912
	2748  -  MemoryUsage of job (MB)
	2813216  -  ResidentSetSize of job (KB)
...
006 (2568337.000.000) 2025-07-29 13:42:42 Image size of job updated: 2839912
	2749  -  MemoryUsage of job (MB)
	2814744  -  ResidentSetSize of job (KB)
...
006 (2568337.000.000) 2025-07-29 13:47:43 Image size of job updated: 2839912
	2749  -  MemoryUsage of job (MB)
	2814776  -  ResidentSetSize of job (KB)
...
006 (2568337.000.000) 2025-07-29 13:52:44 Image size of job updated: 2839912
	2749  -  MemoryUsage of job (MB)
	2814812  -  ResidentSetSize of job (KB)
...
006 (2568337.000.000) 2025-07-29 14:42:49 Image size of job updated: 2845252
	2763  -  MemoryUsage of job (MB)
	2828876  -  ResidentSetSize of job (KB)
...
006 (2568337.000.000) 2025-07-29 14:47:49 Image size of job updated: 2845252
	2763  -  MemoryUsage of job (MB)
	2828916  -  ResidentSetSize of job (KB)
...
006 (2568337.000.000) 2025-07-29 14:52:49 Image size of job updated: 2845252
	2763  -  MemoryUsage of job (MB)
	2828948  -  ResidentSetSize of job (KB)
...
006 (2568337.000.000) 2025-07-29 14:57:50 Image size of job updated: 2845252
	2763  -  MemoryUsage of job (MB)
	2829000  -  ResidentSetSize of job (KB)
...
006 (2568337.000.000) 2025-07-29 15:02:50 Image size of job updated: 2845252
	2763  -  MemoryUsage of job (MB)
	2829012  -  ResidentSetSize of job (KB)
...
006 (2568337.000.000) 2025-07-29 15:47:55 Image size of job updated: 2854932
	2773  -  MemoryUsage of job (MB)
	2838616  -  ResidentSetSize of job (KB)
...
006 (2568337.000.000) 2025-07-29 15:52:56 Image size of job updated: 2854932
	2773  -  MemoryUsage of job (MB)
	2838628  -  ResidentSetSize of job (KB)
...
006 (2568337.000.000) 2025-07-29 16:12:58 Image size of job updated: 2915072
	2773  -  MemoryUsage of job (MB)
	2838628  -  ResidentSetSize of job (KB)
...
004 (2568337.000.000) 2025-07-29 16:13:08 Job was evicted.
	(0) CPU times
		Usr 30 13:38:21, Sys 0 00:06:15  -  Run Remote Usage
		Usr 0 00:00:00, Sys 0 00:00:00  -  Run Local Usage
	0  -  Run Bytes Sent By Job
	0  -  Run Bytes Received By Job
	Partitionable Resources :    Usage  Request Allocated 
	   Cpus                 :     2.05       64        64 
	   Disk (KB)            : 17500    16777216  16790353 
	   GPUs                 :                           0 
	   Memory (MB)          :  2773       16384     16384 
	   TimeExecute (s)      : 60728                       
	   TimeSlotBusy (s)     : 60729                       
...
009 (2568337.000.000) 2025-07-29 16:13:08 Job was aborted.
	removed because <OtherJobRemoveRequirements = DAGManJobId =?= 2568332> fired when job (2568332.0) was removed
...
