self.parameters_ref
{'chirp_mass': 1.197537639260543, 'mass_ratio': 0.8641172053705731, 'luminosity_distance': 38.07152942880151, 'a_1': 0.021540277479414695, 'a_2': 0.021072244772762056, 'tilt_1': 1.4498899386568587, 'tilt_2': 1.4453364947888132, 'phi_12': 3.1792853888042205, 'phi_jl': 3.003919422678343, 'dec': -0.3586425106486367, 'ra': 3.420702985286708, 'theta_jn': 2.5637364933960782, 'psi': 1.5623250252173946, 'phase': 2.9695069368745304, 'geocent_time': 1187008882.43, 'mass_1': 1.4806084510880273, 'mass_2': 1.279419237002239, 'mass_1_source': 1.4680615723234944, 'mass_2_source': 1.2685772631881074, 'lambda_1': 206.68347683524647, 'lambda_2': 494.6449830849099, 'lambda_tilde': 322.4734505857938, 'delta_lambda_tilde': 32.79760566465537}
1it [0:00:00 bound:0 nc:  1 ncall:1.0e+03 eff:0.1% logz-ratio=-85930.67+/-0.09 dlogz:inf>0.1]
3481it [0:01:00 bound:0 nc:  9 ncall:3.1e+04 eff:11.2% logz-ratio=-46.28+/-0.08 dlogz:968.669>0.1]
3689it [0:02:46 bound:2 nc:768 ncall:3.8e+04 eff:9.6% logz-ratio=-37.36+/-0.08 dlogz:959.542>0.1]
3750it [0:04:18 bound:3 nc:851 ncall:9.3e+04 eff:4.0% logz-ratio=-34.91+/-0.08 dlogz:957.016>0.1]
3812it [0:05:47 bound:4 nc:841 ncall:1.5e+05 eff:2.6% logz-ratio=-32.81+/-0.08 dlogz:954.867>0.1]
3872it [0:07:14 bound:5 nc:817 ncall:2.0e+05 eff:1.9% logz-ratio=-30.33+/-0.08 dlogz:952.328>0.1]
3932it [0:08:45 bound:6 nc:805 ncall:2.6e+05 eff:1.5% logz-ratio=-28.04+/-0.08 dlogz:949.971>0.1]
3995it [0:10:19 bound:7 nc:948 ncall:3.2e+05 eff:1.3% logz-ratio=-26.06+/-0.08 dlogz:947.930>0.1]
4059it [0:11:43 bound:8 nc:990 ncall:3.7e+05 eff:1.1% logz-ratio=-23.88+/-0.08 dlogz:945.692>0.1]
4122it [0:12:54 bound:9 nc:616 ncall:4.2e+05 eff:1.0% logz-ratio=-21.77+/-0.08 dlogz:943.508>0.1]
4185it [0:13:58 bound:10 nc:474 ncall:4.7e+05 eff:0.9% logz-ratio=-19.62+/-0.08 dlogz:941.303>0.1]
4247it [0:15:05 bound:11 nc:673 ncall:5.1e+05 eff:0.8% logz-ratio=-17.76+/-0.08 dlogz:939.386>0.1]
4371it [0:17:23 bound:13 nc:805 ncall:5.9e+05 eff:0.7% logz-ratio=-13.14+/-0.08 dlogz:934.642>0.1]
4433it [0:18:49 bound:14 nc:822 ncall:6.4e+05 eff:0.7% logz-ratio=-11.08+/-0.08 dlogz:932.525>0.1]
4495it [0:20:05 bound:15 nc:716 ncall:6.9e+05 eff:0.6% logz-ratio=-8.87+/-0.08 dlogz:930.263>0.1]
4558it [0:21:21 bound:16 nc:553 ncall:7.5e+05 eff:0.6% logz-ratio=-6.20+/-0.08 dlogz:927.529>0.1]
4621it [0:22:39 bound:17 nc:788 ncall:7.9e+05 eff:0.6% logz-ratio=-3.24+/-0.08 dlogz:924.506>0.1]
4685it [0:23:52 bound:18 nc:1030 ncall:8.4e+05 eff:0.6% logz-ratio=-0.91+/-0.08 dlogz:922.107>0.1]
4746it [0:25:11 bound:19 nc:843 ncall:8.9e+05 eff:0.5% logz-ratio=1.48+/-0.08 dlogz:919.661>0.1]
4807it [0:26:20 bound:20 nc:773 ncall:9.5e+05 eff:0.5% logz-ratio=3.88+/-0.09 dlogz:917.202>0.1]
4867it [0:27:46 bound:21 nc:731 ncall:9.9e+05 eff:0.5% logz-ratio=6.46+/-0.09 dlogz:914.567>0.1]
4928it [0:28:58 bound:22 nc:759 ncall:1.0e+06 eff:0.5% logz-ratio=8.91+/-0.09 dlogz:912.051>0.1]
4992it [0:30:20 bound:23 nc:949 ncall:1.1e+06 eff:0.5% logz-ratio=11.31+/-0.09 dlogz:909.590>0.1]
5055it [0:31:46 bound:24 nc:991 ncall:1.2e+06 eff:0.4% logz-ratio=14.05+/-0.09 dlogz:906.787>0.1]
5117it [0:33:11 bound:25 nc:726 ncall:1.2e+06 eff:0.4% logz-ratio=16.62+/-0.09 dlogz:1827.473>0.1]
5177it [0:34:35 bound:26 nc:719 ncall:1.3e+06 eff:0.4% logz-ratio=19.32+/-0.09 dlogz:1824.727>0.1]
5239it [0:35:58 bound:27 nc:916 ncall:1.3e+06 eff:0.4% logz-ratio=22.32+/-0.09 dlogz:1821.667>0.1]
5303it [0:37:29 bound:28 nc:1062 ncall:1.4e+06 eff:0.4% logz-ratio=25.12+/-0.09 dlogz:1818.790>0.1]
5364it [0:38:56 bound:29 nc:1942 ncall:1.4e+06 eff:0.4% logz-ratio=27.83+/-0.09 dlogz:1816.032>0.1]
5427it [0:40:32 bound:30 nc:1033 ncall:1.5e+06 eff:0.4% logz-ratio=31.47+/-0.09 dlogz:1812.331>0.1]
5488it [0:41:54 bound:31 nc:932 ncall:1.6e+06 eff:0.4% logz-ratio=34.79+/-0.09 dlogz:1808.960>0.1]
5548it [0:43:21 bound:32 nc:991 ncall:1.6e+06 eff:0.3% logz-ratio=37.99+/-0.09 dlogz:1805.700>0.1]
5611it [0:44:45 bound:33 nc:801 ncall:1.7e+06 eff:0.3% logz-ratio=40.91+/-0.09 dlogz:1802.708>0.1]
5674it [0:46:19 bound:34 nc:1171 ncall:1.7e+06 eff:0.3% logz-ratio=44.20+/-0.09 dlogz:1799.359>0.1]
5736it [0:48:03 bound:35 nc:954 ncall:1.8e+06 eff:0.3% logz-ratio=47.42+/-0.09 dlogz:1796.096>0.1]
5799it [0:49:36 bound:36 nc:1019 ncall:1.9e+06 eff:0.3% logz-ratio=50.92+/-0.09 dlogz:1792.523>0.1]
5862it [0:50:59 bound:37 nc:967 ncall:1.9e+06 eff:0.3% logz-ratio=54.30+/-0.09 dlogz:1789.082>0.1]
5924it [0:52:33 bound:38 nc:1004 ncall:2.0e+06 eff:0.3% logz-ratio=57.78+/-0.09 dlogz:1785.555>0.1]
5988it [0:53:59 bound:39 nc:848 ncall:2.1e+06 eff:0.3% logz-ratio=61.53+/-0.09 dlogz:1781.743>0.1]
6049it [0:55:25 bound:40 nc:975 ncall:2.1e+06 eff:0.3% logz-ratio=65.05+/-0.09 dlogz:1778.143>0.1]
6111it [0:57:00 bound:41 nc:1136 ncall:2.2e+06 eff:0.3% logz-ratio=68.23+/-0.09 dlogz:1774.913>0.1]
6174it [0:58:29 bound:42 nc:875 ncall:2.2e+06 eff:0.3% logz-ratio=72.82+/-0.10 dlogz:1770.291>0.1]
6235it [1:00:06 bound:43 nc:2007 ncall:2.3e+06 eff:0.3% logz-ratio=76.93+/-0.10 dlogz:1766.106>0.1]
6297it [1:01:50 bound:44 nc:843 ncall:2.4e+06 eff:0.3% logz-ratio=80.59+/-0.10 dlogz:1762.381>0.1]
6360it [1:03:23 bound:45 nc:1019 ncall:2.4e+06 eff:0.3% logz-ratio=84.65+/-0.10 dlogz:1758.282>0.1]
6422it [1:04:39 bound:46 nc:3066 ncall:2.5e+06 eff:0.3% logz-ratio=88.84+/-0.10 dlogz:1754.008>0.1]
6484it [1:06:01 bound:47 nc:1010 ncall:2.5e+06 eff:0.3% logz-ratio=93.38+/-0.10 dlogz:1749.414>0.1]
6546it [1:07:26 bound:48 nc:589 ncall:2.6e+06 eff:0.3% logz-ratio=97.47+/-0.10 dlogz:1745.262>0.1]
6609it [1:08:47 bound:49 nc:751 ncall:2.7e+06 eff:0.2% logz-ratio=102.66+/-0.10 dlogz:1740.035>0.1]
6672it [1:10:16 bound:50 nc:940 ncall:2.7e+06 eff:0.2% logz-ratio=107.31+/-0.10 dlogz:1735.333>0.1]
6735it [1:11:40 bound:51 nc:655 ncall:2.8e+06 eff:0.2% logz-ratio=112.63+/-0.10 dlogz:1729.930>0.1]
6796it [1:13:07 bound:52 nc:746 ncall:2.8e+06 eff:0.2% logz-ratio=117.51+/-0.10 dlogz:1724.980>0.1]
6858it [1:14:30 bound:53 nc:701 ncall:2.9e+06 eff:0.2% logz-ratio=123.03+/-0.10 dlogz:1719.411>0.1]
6919it [1:15:49 bound:54 nc:869 ncall:2.9e+06 eff:0.2% logz-ratio=127.96+/-0.10 dlogz:1714.409>0.1]
6981it [1:17:07 bound:55 nc:544 ncall:3.0e+06 eff:0.2% logz-ratio=133.57+/-0.10 dlogz:1708.766>0.1]
7043it [1:18:25 bound:56 nc:797 ncall:3.0e+06 eff:0.2% logz-ratio=140.43+/-0.10 dlogz:1701.879>0.1]
7106it [1:19:39 bound:57 nc:778 ncall:3.1e+06 eff:0.2% logz-ratio=145.79+/-0.10 dlogz:1696.409>0.1]
7168it [1:20:59 bound:58 nc:577 ncall:3.1e+06 eff:0.2% logz-ratio=151.55+/-0.10 dlogz:1690.584>0.1]
7232it [1:22:21 bound:59 nc:1022 ncall:3.2e+06 eff:0.2% logz-ratio=158.36+/-0.10 dlogz:1683.754>0.1]
7294it [1:23:37 bound:60 nc:833 ncall:3.2e+06 eff:0.2% logz-ratio=164.72+/-0.10 dlogz:1677.300>0.1]
7355it [1:24:58 bound:61 nc:669 ncall:3.3e+06 eff:0.2% logz-ratio=171.33+/-0.10 dlogz:1756.500>0.1]
7417it [1:26:23 bound:62 nc:928 ncall:3.3e+06 eff:0.2% logz-ratio=177.36+/-0.10 dlogz:1750.396>0.1]
7480it [1:27:37 bound:63 nc:784 ncall:3.4e+06 eff:0.2% logz-ratio=185.10+/-0.10 dlogz:1742.595>0.1]
7542it [1:28:59 bound:64 nc:1087 ncall:3.4e+06 eff:0.2% logz-ratio=191.81+/-0.10 dlogz:1735.844>0.1]
7602it [1:30:21 bound:65 nc:696 ncall:3.5e+06 eff:0.2% logz-ratio=200.97+/-0.11 dlogz:1726.656>0.1]
7665it [1:31:35 bound:66 nc:643 ncall:3.6e+06 eff:0.2% logz-ratio=208.52+/-0.10 dlogz:1718.993>0.1]
7728it [1:33:05 bound:67 nc:891 ncall:3.6e+06 eff:0.2% logz-ratio=216.44+/-0.11 dlogz:1711.041>0.1]
7791it [1:34:55 bound:68 nc:1547 ncall:3.7e+06 eff:0.2% logz-ratio=224.03+/-0.11 dlogz:1703.391>0.1]
7852it [1:36:19 bound:69 nc:757 ncall:3.7e+06 eff:0.2% logz-ratio=232.85+/-0.11 dlogz:1694.516>0.1]
7913it [1:37:35 bound:70 nc:1499 ncall:3.8e+06 eff:0.2% logz-ratio=239.95+/-0.11 dlogz:1687.319>0.1]
7975it [1:38:58 bound:71 nc:715 ncall:3.8e+06 eff:0.2% logz-ratio=247.20+/-0.11 dlogz:1680.023>0.1]
8037it [1:40:08 bound:72 nc:1061 ncall:3.9e+06 eff:0.2% logz-ratio=255.65+/-0.11 dlogz:1671.600>0.1]
8097it [1:41:15 bound:73 nc:601 ncall:3.9e+06 eff:0.2% logz-ratio=265.02+/-0.11 dlogz:1662.189>0.1]
8160it [1:42:45 bound:74 nc:745 ncall:4.0e+06 eff:0.2% logz-ratio=273.10+/-0.11 dlogz:1653.952>0.1]
8222it [1:44:14 bound:75 nc:1028 ncall:4.0e+06 eff:0.2% logz-ratio=282.99+/-0.11 dlogz:1644.004>0.1]
8284it [1:45:36 bound:76 nc:811 ncall:4.1e+06 eff:0.2% logz-ratio=291.14+/-0.11 dlogz:1635.786>0.1]
8348it [1:47:13 bound:77 nc:943 ncall:4.1e+06 eff:0.2% logz-ratio=299.90+/-0.11 dlogz:1627.028>0.1]
8410it [1:48:29 bound:78 nc:932 ncall:4.2e+06 eff:0.2% logz-ratio=310.06+/-0.11 dlogz:1616.793>0.1]
8470it [1:49:37 bound:79 nc:815 ncall:4.3e+06 eff:0.2% logz-ratio=319.12+/-0.11 dlogz:1607.627>0.1]
8533it [1:50:57 bound:80 nc:800 ncall:4.3e+06 eff:0.2% logz-ratio=329.06+/-0.11 dlogz:1597.754>0.1]
8596it [1:52:15 bound:81 nc:719 ncall:4.4e+06 eff:0.2% logz-ratio=339.25+/-0.11 dlogz:1587.484>0.1]
8660it [1:53:44 bound:82 nc:906 ncall:4.4e+06 eff:0.2% logz-ratio=348.19+/-0.11 dlogz:1578.417>0.1]
8720it [1:55:11 bound:83 nc:898 ncall:4.5e+06 eff:0.2% logz-ratio=360.77+/-0.11 dlogz:1565.796>0.1]
8781it [1:56:37 bound:84 nc:1089 ncall:4.5e+06 eff:0.2% logz-ratio=372.03+/-0.11 dlogz:1554.436>0.1]
8844it [1:57:56 bound:85 nc:1098 ncall:4.6e+06 eff:0.2% logz-ratio=381.54+/-0.11 dlogz:1544.921>0.1]
8906it [1:59:18 bound:86 nc:685 ncall:4.6e+06 eff:0.2% logz-ratio=394.14+/-0.11 dlogz:1532.182>0.1]
8970it [2:00:31 bound:87 nc:750 ncall:4.7e+06 eff:0.2% logz-ratio=403.36+/-0.11 dlogz:1522.973>0.1]
9033it [2:01:59 bound:88 nc:796 ncall:4.8e+06 eff:0.2% logz-ratio=415.10+/-0.11 dlogz:1511.147>0.1]
9093it [2:03:34 bound:89 nc:1029 ncall:4.8e+06 eff:0.2% logz-ratio=426.62+/-0.11 dlogz:1499.557>0.1]
9157it [2:05:05 bound:90 nc:1050 ncall:4.9e+06 eff:0.2% logz-ratio=438.67+/-0.11 dlogz:1487.423>0.1]
9218it [2:06:29 bound:91 nc:657 ncall:4.9e+06 eff:0.2% logz-ratio=451.44+/-0.12 dlogz:1574.786>0.1]
9281it [2:07:53 bound:92 nc:555 ncall:5.0e+06 eff:0.2% logz-ratio=463.32+/-0.11 dlogz:1562.713>0.1]
9344it [2:09:03 bound:93 nc:859 ncall:5.0e+06 eff:0.2% logz-ratio=476.37+/-0.11 dlogz:1549.596>0.1]
9406it [2:10:18 bound:94 nc:966 ncall:5.1e+06 eff:0.2% logz-ratio=488.13+/-0.12 dlogz:1537.996>0.1]
9468it [2:11:55 bound:95 nc:1788 ncall:5.1e+06 eff:0.2% logz-ratio=500.24+/-0.11 dlogz:1525.571>0.1]
9531it [2:13:26 bound:96 nc:528 ncall:5.2e+06 eff:0.2% logz-ratio=512.17+/-0.12 dlogz:1513.640>0.1]
9593it [2:15:00 bound:97 nc:1113 ncall:5.2e+06 eff:0.2% logz-ratio=526.04+/-0.12 dlogz:1499.697>0.1]
9655it [2:16:26 bound:98 nc:896 ncall:5.3e+06 eff:0.2% logz-ratio=535.87+/-0.12 dlogz:1489.806>0.1]
9716it [2:17:49 bound:99 nc:865 ncall:5.4e+06 eff:0.2% logz-ratio=550.43+/-0.12 dlogz:1475.208>0.1]
9777it [2:19:17 bound:100 nc:750 ncall:5.4e+06 eff:0.2% logz-ratio=561.30+/-0.12 dlogz:1464.283>0.1]
9835it [2:20:36 bound:101 nc:2148 ncall:5.5e+06 eff:0.2% logz-ratio=574.65+/-0.12 dlogz:1450.868>0.1]
9897it [2:21:52 bound:102 nc:863 ncall:5.5e+06 eff:0.2% logz-ratio=587.11+/-0.12 dlogz:1438.320>0.1]
9959it [2:23:13 bound:103 nc:1153 ncall:5.6e+06 eff:0.2% logz-ratio=601.44+/-0.12 dlogz:1423.949>0.1]
10022it [2:24:36 bound:104 nc:749 ncall:5.6e+06 eff:0.2% logz-ratio=614.35+/-0.12 dlogz:1411.106>0.1]
10085it [2:26:00 bound:105 nc:1027 ncall:5.7e+06 eff:0.2% logz-ratio=627.65+/-0.12 dlogz:1397.586>0.1]
10145it [2:27:22 bound:106 nc:637 ncall:5.8e+06 eff:0.2% logz-ratio=640.98+/-0.12 dlogz:1384.270>0.1]
10208it [2:28:40 bound:107 nc:847 ncall:5.8e+06 eff:0.2% logz-ratio=655.96+/-0.12 dlogz:1369.600>0.1]
10269it [2:30:09 bound:108 nc:571 ncall:5.9e+06 eff:0.2% logz-ratio=672.94+/-0.12 dlogz:1352.337>0.1]
10332it [2:31:40 bound:109 nc:861 ncall:5.9e+06 eff:0.2% logz-ratio=691.15+/-0.12 dlogz:1333.925>0.1]
10394it [2:33:22 bound:110 nc:927 ncall:6.0e+06 eff:0.2% logz-ratio=706.69+/-0.12 dlogz:1318.573>0.1]
10457it [2:34:57 bound:111 nc:1193 ncall:6.0e+06 eff:0.2% logz-ratio=719.45+/-0.12 dlogz:1375.819>0.1]
10518it [2:36:39 bound:112 nc:478 ncall:6.1e+06 eff:0.2% logz-ratio=735.34+/-0.12 dlogz:1576.087>0.1]
10579it [2:38:12 bound:113 nc:760 ncall:6.1e+06 eff:0.2% logz-ratio=751.55+/-0.12 dlogz:1559.726>0.1]
10642it [2:39:42 bound:114 nc:903 ncall:6.2e+06 eff:0.2% logz-ratio=764.78+/-0.12 dlogz:1565.518>0.1]
10705it [2:41:05 bound:115 nc:897 ncall:6.3e+06 eff:0.2% logz-ratio=781.03+/-0.12 dlogz:1549.223>0.1]
10766it [2:42:42 bound:116 nc:2094 ncall:6.3e+06 eff:0.2% logz-ratio=798.55+/-0.12 dlogz:1531.563>0.1]
10827it [2:44:12 bound:117 nc:768 ncall:6.4e+06 eff:0.2% logz-ratio=815.79+/-0.12 dlogz:1514.385>0.1]
10886it [2:45:39 bound:118 nc:979 ncall:6.4e+06 eff:0.2% logz-ratio=833.02+/-0.12 dlogz:1496.985>0.1]
10948it [2:46:57 bound:119 nc:987 ncall:6.5e+06 eff:0.2% logz-ratio=852.58+/-0.12 dlogz:1477.365>0.1]
11012it [2:48:26 bound:120 nc:889 ncall:6.6e+06 eff:0.2% logz-ratio=868.24+/-0.12 dlogz:1461.645>0.1]
11073it [2:49:45 bound:121 nc:914 ncall:6.6e+06 eff:0.2% logz-ratio=882.99+/-0.12 dlogz:1447.038>0.1]
11137it [2:51:16 bound:122 nc:856 ncall:6.7e+06 eff:0.2% logz-ratio=903.60+/-0.12 dlogz:1463.638>0.1]
11200it [2:52:43 bound:123 nc:1194 ncall:6.7e+06 eff:0.2% logz-ratio=919.44+/-0.12 dlogz:1489.132>0.1]
11263it [2:54:11 bound:124 nc:777 ncall:6.8e+06 eff:0.2% logz-ratio=934.97+/-0.12 dlogz:1551.994>0.1]
11323it [2:55:29 bound:125 nc:897 ncall:6.8e+06 eff:0.2% logz-ratio=954.29+/-0.13 dlogz:1646.583>0.1]
11387it [2:56:54 bound:126 nc:1034 ncall:6.9e+06 eff:0.2% logz-ratio=969.77+/-0.12 dlogz:1630.902>0.1]
11451it [2:58:16 bound:127 nc:847 ncall:6.9e+06 eff:0.2% logz-ratio=988.77+/-0.12 dlogz:1611.742>0.1]
11512it [2:59:38 bound:128 nc:749 ncall:7.0e+06 eff:0.2% logz-ratio=1004.04+/-0.12 dlogz:1596.341>0.1]
11576it [3:01:04 bound:129 nc:1102 ncall:7.1e+06 eff:0.2% logz-ratio=1018.50+/-0.12 dlogz:1581.814>0.1]
11636it [3:02:51 bound:130 nc:888 ncall:7.1e+06 eff:0.2% logz-ratio=1034.97+/-0.12 dlogz:1565.341>0.1]
11698it [3:04:19 bound:131 nc:925 ncall:7.2e+06 eff:0.2% logz-ratio=1049.00+/-0.12 dlogz:1551.172>0.1]
11762it [3:05:43 bound:132 nc:759 ncall:7.2e+06 eff:0.2% logz-ratio=1064.76+/-0.13 dlogz:1535.512>0.1]
11824it [3:07:11 bound:133 nc:918 ncall:7.3e+06 eff:0.2% logz-ratio=1080.11+/-0.13 dlogz:1519.994>0.1]
11885it [3:08:37 bound:134 nc:1676 ncall:7.3e+06 eff:0.2% logz-ratio=1098.03+/-0.13 dlogz:1502.133>0.1]
11946it [3:10:09 bound:135 nc:971 ncall:7.4e+06 eff:0.2% logz-ratio=1116.75+/-0.13 dlogz:1483.255>0.1]
12008it [3:11:30 bound:136 nc:1036 ncall:7.5e+06 eff:0.2% logz-ratio=1136.04+/-0.13 dlogz:1463.875>0.1]
12070it [3:12:53 bound:137 nc:968 ncall:7.5e+06 eff:0.2% logz-ratio=1151.44+/-0.13 dlogz:1448.471>0.1]
12131it [3:14:12 bound:138 nc:1855 ncall:7.6e+06 eff:0.2% logz-ratio=1170.98+/-0.13 dlogz:1428.837>0.1]
12193it [3:15:43 bound:139 nc:794 ncall:7.6e+06 eff:0.2% logz-ratio=1188.22+/-0.13 dlogz:1411.643>0.1]
12252it [3:17:15 bound:140 nc:1743 ncall:7.7e+06 eff:0.2% logz-ratio=1204.62+/-0.13 dlogz:1395.041>0.1]
12313it [3:18:43 bound:141 nc:1030 ncall:7.7e+06 eff:0.2% logz-ratio=1219.71+/-0.13 dlogz:1379.898>0.1]
12374it [3:20:11 bound:142 nc:736 ncall:7.8e+06 eff:0.2% logz-ratio=1233.26+/-0.13 dlogz:1366.305>0.1]
12438it [3:21:37 bound:143 nc:1003 ncall:7.9e+06 eff:0.2% logz-ratio=1248.10+/-0.13 dlogz:1351.338>0.1]
12500it [3:23:02 bound:144 nc:635 ncall:7.9e+06 eff:0.2% logz-ratio=1261.49+/-0.13 dlogz:1337.943>0.1]
12559it [3:24:37 bound:145 nc:634 ncall:8.0e+06 eff:0.2% logz-ratio=1275.59+/-0.13 dlogz:1323.711>0.1]
12619it [3:25:56 bound:146 nc:776 ncall:8.0e+06 eff:0.2% logz-ratio=1290.25+/-0.13 dlogz:1309.056>0.1]
12679it [3:27:21 bound:147 nc:918 ncall:8.1e+06 eff:0.2% logz-ratio=1305.15+/-0.13 dlogz:1294.130>0.1]
12742it [3:28:56 bound:148 nc:2090 ncall:8.1e+06 eff:0.2% logz-ratio=1320.69+/-0.13 dlogz:1278.592>0.1]
12805it [3:30:19 bound:149 nc:640 ncall:8.2e+06 eff:0.2% logz-ratio=1335.06+/-0.13 dlogz:1264.045>0.1]
12868it [3:31:44 bound:150 nc:775 ncall:8.3e+06 eff:0.2% logz-ratio=1351.85+/-0.13 dlogz:1247.362>0.1]
12929it [3:33:14 bound:151 nc:775 ncall:8.3e+06 eff:0.2% logz-ratio=1367.58+/-0.13 dlogz:1231.399>0.1]
12991it [3:34:47 bound:152 nc:753 ncall:8.4e+06 eff:0.2% logz-ratio=1381.21+/-0.13 dlogz:1217.974>0.1]
13053it [3:36:18 bound:153 nc:693 ncall:8.4e+06 eff:0.2% logz-ratio=1397.59+/-0.13 dlogz:1201.360>0.1]
13114it [3:37:55 bound:154 nc:880 ncall:8.5e+06 eff:0.2% logz-ratio=1417.52+/-0.13 dlogz:1181.288>0.1]
13177it [3:39:28 bound:155 nc:870 ncall:8.5e+06 eff:0.2% logz-ratio=1431.35+/-0.13 dlogz:1167.403>0.1]
13238it [3:41:00 bound:156 nc:678 ncall:8.6e+06 eff:0.2% logz-ratio=1442.81+/-0.13 dlogz:1155.956>0.1]
13296it [3:42:29 bound:157 nc:869 ncall:8.6e+06 eff:0.2% logz-ratio=1453.20+/-0.13 dlogz:1145.400>0.1]
13358it [3:43:48 bound:158 nc:893 ncall:8.7e+06 eff:0.2% logz-ratio=1467.95+/-0.13 dlogz:1130.825>0.1]
13419it [3:45:21 bound:159 nc:1120 ncall:8.8e+06 eff:0.2% logz-ratio=1483.10+/-0.13 dlogz:1115.496>0.1]
13479it [3:47:05 bound:160 nc:757 ncall:8.8e+06 eff:0.2% logz-ratio=1497.28+/-0.13 dlogz:1227.298>0.1]
13541it [3:48:31 bound:161 nc:1360 ncall:8.9e+06 eff:0.2% logz-ratio=1512.48+/-0.13 dlogz:1211.963>0.1]
13603it [3:49:51 bound:162 nc:861 ncall:8.9e+06 eff:0.2% logz-ratio=1528.63+/-0.13 dlogz:1195.747>0.1]
13665it [3:51:19 bound:163 nc:798 ncall:9.0e+06 eff:0.2% logz-ratio=1544.45+/-0.13 dlogz:1198.443>0.1]
13728it [3:52:49 bound:164 nc:1238 ncall:9.1e+06 eff:0.2% logz-ratio=1557.65+/-0.13 dlogz:1185.307>0.1]
13789it [3:54:10 bound:165 nc:809 ncall:9.1e+06 eff:0.2% logz-ratio=1571.53+/-0.13 dlogz:1173.311>0.1]
13847it [3:55:43 bound:166 nc:1245 ncall:9.2e+06 eff:0.2% logz-ratio=1586.48+/-0.13 dlogz:1158.450>0.1]
13909it [3:57:11 bound:167 nc:602 ncall:9.2e+06 eff:0.2% logz-ratio=1602.41+/-0.13 dlogz:1142.313>0.1]
13972it [3:58:54 bound:168 nc:1275 ncall:9.3e+06 eff:0.2% logz-ratio=1617.35+/-0.13 dlogz:1127.269>0.1]
14034it [4:00:19 bound:169 nc:751 ncall:9.3e+06 eff:0.2% logz-ratio=1632.06+/-0.13 dlogz:1112.547>0.1]
14095it [4:01:45 bound:170 nc:749 ncall:9.4e+06 eff:0.2% logz-ratio=1648.54+/-0.14 dlogz:1113.317>0.1]
14157it [4:03:37 bound:171 nc:404 ncall:9.4e+06 eff:0.1% logz-ratio=1663.43+/-0.13 dlogz:1098.241>0.1]
14218it [4:05:09 bound:172 nc:1069 ncall:9.5e+06 eff:0.1% logz-ratio=1681.67+/-0.13 dlogz:1080.053>0.1]
14280it [4:06:40 bound:173 nc:786 ncall:9.6e+06 eff:0.1% logz-ratio=1700.13+/-0.14 dlogz:1061.604>0.1]
14343it [4:08:07 bound:174 nc:632 ncall:9.6e+06 eff:0.1% logz-ratio=1715.50+/-0.14 dlogz:1046.084>0.1]
14407it [4:09:31 bound:175 nc:603 ncall:9.7e+06 eff:0.1% logz-ratio=1731.85+/-0.13 dlogz:1029.602>0.1]
14471it [4:10:54 bound:176 nc:1221 ncall:9.7e+06 eff:0.1% logz-ratio=1745.19+/-0.13 dlogz:1016.341>0.1]
14535it [4:12:25 bound:177 nc:877 ncall:9.8e+06 eff:0.1% logz-ratio=1759.81+/-0.13 dlogz:1001.509>0.1]
14594it [4:13:53 bound:178 nc:866 ncall:9.8e+06 eff:0.1% logz-ratio=1772.48+/-0.14 dlogz:988.881>0.1]
14657it [4:15:14 bound:179 nc:928 ncall:9.9e+06 eff:0.1% logz-ratio=1785.93+/-0.13 dlogz:975.248>0.1]
14718it [4:16:43 bound:180 nc:1158 ncall:1.0e+07 eff:0.1% logz-ratio=1799.75+/-0.14 dlogz:961.436>0.1]
14781it [4:17:58 bound:181 nc:797 ncall:1.0e+07 eff:0.1% logz-ratio=1813.97+/-0.14 dlogz:963.747>0.1]
14843it [4:19:21 bound:182 nc:693 ncall:1.0e+07 eff:0.1% logz-ratio=1827.07+/-0.14 dlogz:1080.858>0.1]
14906it [4:20:54 bound:183 nc:1242 ncall:1.0e+07 eff:0.1% logz-ratio=1842.94+/-0.14 dlogz:1064.953>0.1]
14969it [4:22:29 bound:184 nc:847 ncall:1.0e+07 eff:0.1% logz-ratio=1859.29+/-0.14 dlogz:1107.816>0.1]
15030it [4:23:51 bound:185 nc:621 ncall:1.0e+07 eff:0.1% logz-ratio=1870.72+/-0.14 dlogz:1096.222>0.1]
15091it [4:25:16 bound:186 nc:705 ncall:1.0e+07 eff:0.1% logz-ratio=1884.53+/-0.14 dlogz:1082.287>0.1]
15154it [4:26:50 bound:187 nc:755 ncall:1.0e+07 eff:0.1% logz-ratio=1898.21+/-0.14 dlogz:1068.628>0.1]
15216it [4:28:24 bound:188 nc:584 ncall:1.0e+07 eff:0.1% logz-ratio=1911.02+/-0.14 dlogz:1055.660>0.1]
15277it [4:29:51 bound:189 nc:701 ncall:1.0e+07 eff:0.1% logz-ratio=1924.82+/-0.14 dlogz:1041.964>0.1]
15339it [4:31:25 bound:190 nc:692 ncall:1.1e+07 eff:0.1% logz-ratio=1935.69+/-0.14 dlogz:1030.888>0.1]
15402it [4:32:56 bound:191 nc:954 ncall:1.1e+07 eff:0.1% logz-ratio=1948.66+/-0.14 dlogz:1017.837>0.1]
15464it [4:34:22 bound:192 nc:727 ncall:1.1e+07 eff:0.1% logz-ratio=1960.95+/-0.14 dlogz:1005.481>0.1]
15526it [4:35:56 bound:193 nc:1556 ncall:1.1e+07 eff:0.1% logz-ratio=1973.57+/-0.14 dlogz:1031.944>0.1]
15587it [4:37:26 bound:194 nc:947 ncall:1.1e+07 eff:0.1% logz-ratio=1986.62+/-0.14 dlogz:1018.993>0.1]
15651it [4:39:02 bound:195 nc:995 ncall:1.1e+07 eff:0.1% logz-ratio=2001.56+/-0.14 dlogz:1003.899>0.1]
15713it [4:40:36 bound:196 nc:386 ncall:1.1e+07 eff:0.1% logz-ratio=2015.23+/-0.14 dlogz:990.097>0.1]
15776it [4:42:14 bound:197 nc:1091 ncall:1.1e+07 eff:0.1% logz-ratio=2025.20+/-0.14 dlogz:980.075>0.1]
15839it [4:43:46 bound:198 nc:715 ncall:1.1e+07 eff:0.1% logz-ratio=2035.46+/-0.14 dlogz:969.797>0.1]
15900it [4:45:31 bound:199 nc:1754 ncall:1.1e+07 eff:0.1% logz-ratio=2048.40+/-0.14 dlogz:956.934>0.1]
15962it [4:46:54 bound:200 nc:752 ncall:1.1e+07 eff:0.1% logz-ratio=2063.16+/-0.14 dlogz:941.996>0.1]
16024it [4:48:10 bound:201 nc:907 ncall:1.1e+07 eff:0.1% logz-ratio=2078.23+/-0.14 dlogz:926.756>0.1]
16085it [4:49:24 bound:202 nc:941 ncall:1.1e+07 eff:0.1% logz-ratio=2088.04+/-0.14 dlogz:916.949>0.1]
16147it [4:50:54 bound:203 nc:1130 ncall:1.1e+07 eff:0.1% logz-ratio=2099.37+/-0.14 dlogz:905.517>0.1]
16209it [4:52:20 bound:204 nc:1228 ncall:1.1e+07 eff:0.1% logz-ratio=2110.52+/-0.14 dlogz:894.299>0.1]
16271it [4:53:45 bound:205 nc:1173 ncall:1.1e+07 eff:0.1% logz-ratio=2122.18+/-0.14 dlogz:882.622>0.1]
16335it [4:55:12 bound:206 nc:1047 ncall:1.1e+07 eff:0.1% logz-ratio=2134.64+/-0.14 dlogz:870.078>0.1]
16398it [4:56:35 bound:207 nc:810 ncall:1.1e+07 eff:0.1% logz-ratio=2145.56+/-0.14 dlogz:859.090>0.1]
16460it [4:57:55 bound:208 nc:748 ncall:1.2e+07 eff:0.1% logz-ratio=2157.61+/-0.14 dlogz:847.016>0.1]
16522it [4:59:30 bound:209 nc:1032 ncall:1.2e+07 eff:0.1% logz-ratio=2170.14+/-0.14 dlogz:834.430>0.1]
16586it [5:00:55 bound:210 nc:661 ncall:1.2e+07 eff:0.1% logz-ratio=2183.40+/-0.14 dlogz:821.135>0.1]
16648it [5:02:19 bound:211 nc:1906 ncall:1.2e+07 eff:0.1% logz-ratio=2197.79+/-0.14 dlogz:806.746>0.1]
16711it [5:04:00 bound:212 nc:843 ncall:1.2e+07 eff:0.1% logz-ratio=2210.42+/-0.14 dlogz:854.157>0.1]
16773it [5:05:05 bound:213 nc:927 ncall:1.2e+07 eff:0.1% logz-ratio=2221.76+/-0.14 dlogz:842.757>0.1]
16835it [5:06:22 bound:214 nc:865 ncall:1.2e+07 eff:0.1% logz-ratio=2233.54+/-0.14 dlogz:830.883>0.1]
16896it [5:07:51 bound:215 nc:804 ncall:1.2e+07 eff:0.1% logz-ratio=2243.13+/-0.14 dlogz:821.384>0.1]
16959it [5:09:28 bound:216 nc:991 ncall:1.2e+07 eff:0.1% logz-ratio=2255.10+/-0.14 dlogz:809.215>0.1]
17022it [5:10:56 bound:217 nc:654 ncall:1.2e+07 eff:0.1% logz-ratio=2265.08+/-0.14 dlogz:799.258>0.1]
17083it [5:12:20 bound:218 nc:769 ncall:1.2e+07 eff:0.1% logz-ratio=2275.01+/-0.14 dlogz:795.023>0.1]
17147it [5:13:51 bound:219 nc:1089 ncall:1.2e+07 eff:0.1% logz-ratio=2285.19+/-0.14 dlogz:784.713>0.1]
17211it [5:15:36 bound:220 nc:875 ncall:1.2e+07 eff:0.1% logz-ratio=2294.41+/-0.14 dlogz:775.476>0.1]
17273it [5:17:07 bound:221 nc:727 ncall:1.2e+07 eff:0.1% logz-ratio=2306.57+/-0.14 dlogz:763.263>0.1]
17335it [5:18:50 bound:222 nc:567 ncall:1.2e+07 eff:0.1% logz-ratio=2317.04+/-0.14 dlogz:752.817>0.1]
17398it [5:20:22 bound:223 nc:911 ncall:1.2e+07 eff:0.1% logz-ratio=2326.65+/-0.14 dlogz:742.992>0.1]
17457it [5:21:49 bound:224 nc:771 ncall:1.2e+07 eff:0.1% logz-ratio=2335.94+/-0.14 dlogz:733.636>0.1]
17520it [5:23:12 bound:225 nc:1041 ncall:1.3e+07 eff:0.1% logz-ratio=2348.79+/-0.14 dlogz:720.707>0.1]
17583it [5:24:40 bound:226 nc:953 ncall:1.3e+07 eff:0.1% logz-ratio=2360.61+/-0.14 dlogz:708.880>0.1]
17645it [5:26:20 bound:227 nc:785 ncall:1.3e+07 eff:0.1% logz-ratio=2369.82+/-0.14 dlogz:699.560>0.1]
17708it [5:27:43 bound:228 nc:901 ncall:1.3e+07 eff:0.1% logz-ratio=2381.96+/-0.14 dlogz:687.380>0.1]
17771it [5:29:10 bound:229 nc:1142 ncall:1.3e+07 eff:0.1% logz-ratio=2392.37+/-0.14 dlogz:676.872>0.1]
17835it [5:30:38 bound:230 nc:688 ncall:1.3e+07 eff:0.1% logz-ratio=2402.56+/-0.14 dlogz:666.635>0.1]
17898it [5:32:16 bound:231 nc:695 ncall:1.3e+07 eff:0.1% logz-ratio=2412.05+/-0.14 dlogz:683.018>0.1]
17960it [5:33:46 bound:232 nc:2335 ncall:1.3e+07 eff:0.1% logz-ratio=2419.17+/-0.14 dlogz:675.860>0.1]
18023it [5:35:10 bound:233 nc:882 ncall:1.3e+07 eff:0.1% logz-ratio=2427.79+/-0.14 dlogz:766.304>0.1]
18086it [5:36:37 bound:234 nc:688 ncall:1.3e+07 eff:0.1% logz-ratio=2436.48+/-0.15 dlogz:757.572>0.1]
18149it [5:38:17 bound:235 nc:1045 ncall:1.3e+07 eff:0.1% logz-ratio=2445.53+/-0.15 dlogz:748.443>0.1]
18212it [5:39:50 bound:236 nc:640 ncall:1.3e+07 eff:0.1% logz-ratio=2454.68+/-0.15 dlogz:739.204>0.1]
18275it [5:41:26 bound:237 nc:735 ncall:1.3e+07 eff:0.1% logz-ratio=2463.60+/-0.15 dlogz:730.272>0.1]
18337it [5:42:48 bound:238 nc:1068 ncall:1.3e+07 eff:0.1% logz-ratio=2474.61+/-0.15 dlogz:719.258>0.1]
18399it [5:44:15 bound:239 nc:922 ncall:1.3e+07 eff:0.1% logz-ratio=2484.30+/-0.15 dlogz:709.460>0.1]
18462it [5:45:48 bound:240 nc:772 ncall:1.3e+07 eff:0.1% logz-ratio=2493.52+/-0.15 dlogz:700.227>0.1]
18526it [5:47:25 bound:241 nc:722 ncall:1.3e+07 eff:0.1% logz-ratio=2503.24+/-0.15 dlogz:690.429>0.1]
18589it [5:49:02 bound:242 nc:945 ncall:1.4e+07 eff:0.1% logz-ratio=2511.93+/-0.15 dlogz:681.616>0.1]
18650it [5:50:24 bound:243 nc:1202 ncall:1.4e+07 eff:0.1% logz-ratio=2522.21+/-0.15 dlogz:671.296>0.1]
18714it [5:52:01 bound:244 nc:1089 ncall:1.4e+07 eff:0.1% logz-ratio=2530.67+/-0.15 dlogz:662.774>0.1]
18777it [5:53:36 bound:245 nc:811 ncall:1.4e+07 eff:0.1% logz-ratio=2539.77+/-0.15 dlogz:691.288>0.1]
18838it [5:55:09 bound:246 nc:1118 ncall:1.4e+07 eff:0.1% logz-ratio=2549.12+/-0.15 dlogz:681.873>0.1]
18901it [5:56:41 bound:247 nc:1097 ncall:1.4e+07 eff:0.1% logz-ratio=2559.34+/-0.15 dlogz:671.631>0.1]
18962it [5:58:17 bound:248 nc:1158 ncall:1.4e+07 eff:0.1% logz-ratio=2567.59+/-0.15 dlogz:663.331>0.1]
19026it [5:59:43 bound:249 nc:1152 ncall:1.4e+07 eff:0.1% logz-ratio=2576.39+/-0.15 dlogz:654.444>0.1]
19087it [6:01:27 bound:250 nc:1024 ncall:1.4e+07 eff:0.1% logz-ratio=2585.17+/-0.15 dlogz:645.622>0.1]
19148it [6:02:58 bound:251 nc:1236 ncall:1.4e+07 eff:0.1% logz-ratio=2594.30+/-0.15 dlogz:636.392>0.1]
19211it [6:04:38 bound:252 nc:740 ncall:1.4e+07 eff:0.1% logz-ratio=2600.31+/-0.15 dlogz:630.357>0.1]
19274it [6:06:11 bound:253 nc:978 ncall:1.4e+07 eff:0.1% logz-ratio=2609.62+/-0.15 dlogz:620.935>0.1]
19335it [6:07:55 bound:254 nc:1031 ncall:1.4e+07 eff:0.1% logz-ratio=2618.44+/-0.15 dlogz:612.046>0.1]
19399it [6:09:30 bound:255 nc:1252 ncall:1.4e+07 eff:0.1% logz-ratio=2626.03+/-0.15 dlogz:604.440>0.1]
19461it [6:11:08 bound:256 nc:1869 ncall:1.4e+07 eff:0.1% logz-ratio=2633.00+/-0.15 dlogz:597.374>0.1]
19520it [6:12:50 bound:257 nc:1282 ncall:1.4e+07 eff:0.1% logz-ratio=2639.50+/-0.15 dlogz:590.793>0.1]
19583it [6:14:29 bound:258 nc:799 ncall:1.5e+07 eff:0.1% logz-ratio=2646.79+/-0.15 dlogz:583.471>0.1]
19645it [6:16:16 bound:259 nc:962 ncall:1.5e+07 eff:0.1% logz-ratio=2652.76+/-0.15 dlogz:577.412>0.1]
19707it [6:17:54 bound:260 nc:1114 ncall:1.5e+07 eff:0.1% logz-ratio=2660.26+/-0.15 dlogz:569.855>0.1]
19770it [6:19:30 bound:261 nc:1066 ncall:1.5e+07 eff:0.1% logz-ratio=2668.76+/-0.15 dlogz:561.321>0.1]
19833it [6:21:11 bound:262 nc:2027 ncall:1.5e+07 eff:0.1% logz-ratio=2677.13+/-0.15 dlogz:552.898>0.1]
19896it [6:22:59 bound:263 nc:931 ncall:1.5e+07 eff:0.1% logz-ratio=2684.55+/-0.15 dlogz:545.406>0.1]
19959it [6:24:40 bound:264 nc:770 ncall:1.5e+07 eff:0.1% logz-ratio=2693.12+/-0.15 dlogz:536.775>0.1]
20022it [6:26:20 bound:265 nc:992 ncall:1.5e+07 eff:0.1% logz-ratio=2700.36+/-0.15 dlogz:529.441>0.1]
20086it [6:27:56 bound:266 nc:748 ncall:1.5e+07 eff:0.1% logz-ratio=2706.16+/-0.15 dlogz:523.562>0.1]
20149it [6:29:30 bound:267 nc:1143 ncall:1.5e+07 eff:0.1% logz-ratio=2713.22+/-0.15 dlogz:516.508>0.1]
20209it [6:31:11 bound:268 nc:815 ncall:1.5e+07 eff:0.1% logz-ratio=2720.02+/-0.15 dlogz:509.651>0.1]
20270it [6:32:55 bound:269 nc:2333 ncall:1.5e+07 eff:0.1% logz-ratio=2726.82+/-0.15 dlogz:502.812>0.1]
20333it [6:34:29 bound:270 nc:1166 ncall:1.5e+07 eff:0.1% logz-ratio=2733.91+/-0.15 dlogz:495.717>0.1]
20395it [6:36:29 bound:271 nc:1193 ncall:1.5e+07 eff:0.1% logz-ratio=2741.34+/-0.15 dlogz:488.108>0.1]
20457it [6:38:13 bound:272 nc:1475 ncall:1.5e+07 eff:0.1% logz-ratio=2748.55+/-0.15 dlogz:480.835>0.1]
20521it [6:39:50 bound:273 nc:898 ncall:1.5e+07 eff:0.1% logz-ratio=2755.61+/-0.15 dlogz:473.746>0.1]
20584it [6:41:30 bound:274 nc:867 ncall:1.6e+07 eff:0.1% logz-ratio=2762.86+/-0.15 dlogz:466.430>0.1]
20648it [6:43:10 bound:275 nc:726 ncall:1.6e+07 eff:0.1% logz-ratio=2769.56+/-0.15 dlogz:459.652>0.1]
20712it [6:44:52 bound:276 nc:1029 ncall:1.6e+07 eff:0.1% logz-ratio=2777.01+/-0.15 dlogz:452.189>0.1]
20772it [6:46:31 bound:277 nc:1259 ncall:1.6e+07 eff:0.1% logz-ratio=2784.66+/-0.15 dlogz:444.460>0.1]
20832it [6:48:15 bound:278 nc:511 ncall:1.6e+07 eff:0.1% logz-ratio=2792.39+/-0.15 dlogz:436.649>0.1]
20890it [6:49:51 bound:279 nc:601 ncall:1.6e+07 eff:0.1% logz-ratio=2798.36+/-0.15 dlogz:430.591>0.1]
20951it [6:51:29 bound:280 nc:1244 ncall:1.6e+07 eff:0.1% logz-ratio=2804.33+/-0.15 dlogz:424.560>0.1]
21014it [6:53:13 bound:281 nc:741 ncall:1.6e+07 eff:0.1% logz-ratio=2812.23+/-0.15 dlogz:416.614>0.1]
21075it [6:54:54 bound:282 nc:2115 ncall:1.6e+07 eff:0.1% logz-ratio=2819.67+/-0.15 dlogz:409.091>0.1]
21138it [6:56:33 bound:283 nc:1158 ncall:1.6e+07 eff:0.1% logz-ratio=2825.64+/-0.15 dlogz:403.117>0.1]
21201it [6:58:08 bound:284 nc:969 ncall:1.6e+07 eff:0.1% logz-ratio=2832.96+/-0.16 dlogz:395.749>0.1]
21264it [6:59:45 bound:285 nc:1435 ncall:1.6e+07 eff:0.1% logz-ratio=2839.12+/-0.15 dlogz:389.459>0.1]
21324it [7:01:43 bound:286 nc:1037 ncall:1.6e+07 eff:0.1% logz-ratio=2844.50+/-0.15 dlogz:384.008>0.1]
21386it [7:03:52 bound:287 nc:952 ncall:1.6e+07 eff:0.1% logz-ratio=2849.82+/-0.15 dlogz:378.674>0.1]
21448it [7:05:53 bound:288 nc:914 ncall:1.6e+07 eff:0.1% logz-ratio=2856.26+/-0.16 dlogz:408.868>0.1]
21511it [7:07:36 bound:289 nc:1485 ncall:1.7e+07 eff:0.1% logz-ratio=2862.18+/-0.15 dlogz:402.860>0.1]
21572it [7:09:14 bound:290 nc:670 ncall:1.7e+07 eff:0.1% logz-ratio=2868.12+/-0.16 dlogz:471.784>0.1]
21636it [7:10:50 bound:291 nc:1288 ncall:1.7e+07 eff:0.1% logz-ratio=2874.43+/-0.16 dlogz:465.419>0.1]
21699it [7:12:39 bound:292 nc:1288 ncall:1.7e+07 eff:0.1% logz-ratio=2880.73+/-0.16 dlogz:459.130>0.1]
21763it [7:14:27 bound:293 nc:1044 ncall:1.7e+07 eff:0.1% logz-ratio=2887.41+/-0.16 dlogz:452.318>0.1]
21826it [7:16:18 bound:294 nc:1220 ncall:1.7e+07 eff:0.1% logz-ratio=2893.51+/-0.16 dlogz:446.144>0.1]
21890it [7:18:14 bound:295 nc:1276 ncall:1.7e+07 eff:0.1% logz-ratio=2898.13+/-0.15 dlogz:441.430>0.1]
21954it [7:20:20 bound:296 nc:986 ncall:1.7e+07 eff:0.1% logz-ratio=2903.42+/-0.16 dlogz:436.107>0.1]
22017it [7:22:10 bound:297 nc:1329 ncall:1.7e+07 eff:0.1% logz-ratio=2908.42+/-0.16 dlogz:431.041>0.1]
22078it [7:23:59 bound:298 nc:1132 ncall:1.7e+07 eff:0.1% logz-ratio=2913.80+/-0.16 dlogz:425.616>0.1]
22141it [7:25:36 bound:299 nc:1107 ncall:1.7e+07 eff:0.1% logz-ratio=2917.83+/-0.16 dlogz:421.488>0.1]
22203it [7:27:21 bound:300 nc:1426 ncall:1.7e+07 eff:0.1% logz-ratio=2922.83+/-0.16 dlogz:416.445>0.1]
22267it [7:29:13 bound:301 nc:1178 ncall:1.7e+07 eff:0.1% logz-ratio=2927.56+/-0.16 dlogz:411.641>0.1]
22330it [7:31:02 bound:302 nc:2229 ncall:1.7e+07 eff:0.1% logz-ratio=2932.49+/-0.16 dlogz:406.674>0.1]
22393it [7:32:51 bound:303 nc:1414 ncall:1.8e+07 eff:0.1% logz-ratio=2937.00+/-0.16 dlogz:402.099>0.1]
22453it [7:34:46 bound:304 nc:1075 ncall:1.8e+07 eff:0.1% logz-ratio=2941.61+/-0.16 dlogz:397.411>0.1]
22515it [7:36:27 bound:305 nc:1031 ncall:1.8e+07 eff:0.1% logz-ratio=2946.20+/-0.16 dlogz:392.765>0.1]
22577it [7:38:20 bound:306 nc:1333 ncall:1.8e+07 eff:0.1% logz-ratio=2951.04+/-0.16 dlogz:387.861>0.1]
22639it [7:39:56 bound:307 nc:911 ncall:1.8e+07 eff:0.1% logz-ratio=2956.42+/-0.16 dlogz:382.431>0.1]
22702it [7:41:42 bound:308 nc:1006 ncall:1.8e+07 eff:0.1% logz-ratio=2961.20+/-0.16 dlogz:377.596>0.1]
22760it [7:43:21 bound:309 nc:879 ncall:1.8e+07 eff:0.1% logz-ratio=2966.07+/-0.16 dlogz:372.656>0.1]
22824it [7:45:24 bound:310 nc:1113 ncall:1.8e+07 eff:0.1% logz-ratio=2970.73+/-0.16 dlogz:367.938>0.1]
22888it [7:47:23 bound:311 nc:1310 ncall:1.8e+07 eff:0.1% logz-ratio=2975.76+/-0.16 dlogz:362.875>0.1]
22951it [7:49:16 bound:312 nc:1196 ncall:1.8e+07 eff:0.1% logz-ratio=2980.76+/-0.16 dlogz:357.780>0.1]
23015it [7:51:05 bound:313 nc:998 ncall:1.8e+07 eff:0.1% logz-ratio=2985.72+/-0.16 dlogz:352.775>0.1]
23078it [7:52:44 bound:314 nc:1331 ncall:1.8e+07 eff:0.1% logz-ratio=2991.82+/-0.16 dlogz:346.622>0.1]
23141it [7:54:39 bound:315 nc:609 ncall:1.8e+07 eff:0.1% logz-ratio=2996.67+/-0.16 dlogz:341.714>0.1]
23203it [7:56:26 bound:316 nc:1136 ncall:1.8e+07 eff:0.1% logz-ratio=3002.04+/-0.16 dlogz:336.267>0.1]
23266it [7:58:18 bound:317 nc:746 ncall:1.8e+07 eff:0.1% logz-ratio=3005.96+/-0.16 dlogz:332.261>0.1]
23327it [8:00:18 bound:318 nc:1221 ncall:1.9e+07 eff:0.1% logz-ratio=3009.94+/-0.16 dlogz:328.236>0.1]
23390it [8:02:02 bound:319 nc:1039 ncall:1.9e+07 eff:0.1% logz-ratio=3013.91+/-0.16 dlogz:338.088>0.1]
23452it [8:03:49 bound:320 nc:1174 ncall:1.9e+07 eff:0.1% logz-ratio=3017.48+/-0.16 dlogz:334.465>0.1]
23513it [8:06:05 bound:321 nc:1164 ncall:1.9e+07 eff:0.1% logz-ratio=3021.89+/-0.16 dlogz:330.035>0.1]
23577it [8:08:43 bound:322 nc:1243 ncall:1.9e+07 eff:0.1% logz-ratio=3027.12+/-0.16 dlogz:324.732>0.1]
23639it [8:10:22 bound:323 nc:1443 ncall:1.9e+07 eff:0.1% logz-ratio=3031.08+/-0.16 dlogz:320.692>0.1]
23701it [8:12:25 bound:324 nc:1085 ncall:1.9e+07 eff:0.1% logz-ratio=3035.61+/-0.16 dlogz:325.984>0.1]
23764it [8:14:27 bound:325 nc:1170 ncall:1.9e+07 eff:0.1% logz-ratio=3040.51+/-0.16 dlogz:321.028>0.1]
23826it [8:16:31 bound:326 nc:2703 ncall:1.9e+07 eff:0.1% logz-ratio=3044.45+/-0.16 dlogz:317.008>0.1]
23884it [8:18:17 bound:327 nc:1598 ncall:1.9e+07 eff:0.1% logz-ratio=3048.96+/-0.16 dlogz:312.481>0.1]
23947it [8:20:06 bound:328 nc:1097 ncall:1.9e+07 eff:0.1% logz-ratio=3053.52+/-0.16 dlogz:307.818>0.1]
24010it [8:22:42 bound:329 nc:1235 ncall:1.9e+07 eff:0.1% logz-ratio=3058.45+/-0.16 dlogz:302.835>0.1]
24073it [8:24:53 bound:330 nc:1341 ncall:1.9e+07 eff:0.1% logz-ratio=3063.16+/-0.16 dlogz:298.062>0.1]
24136it [8:26:39 bound:331 nc:1015 ncall:1.9e+07 eff:0.1% logz-ratio=3067.85+/-0.16 dlogz:293.315>0.1]
24199it [8:28:49 bound:332 nc:803 ncall:2.0e+07 eff:0.1% logz-ratio=3072.41+/-0.16 dlogz:288.681>0.1]
24263it [8:30:45 bound:333 nc:1269 ncall:2.0e+07 eff:0.1% logz-ratio=3076.25+/-0.16 dlogz:284.785>0.1]
24325it [8:32:32 bound:334 nc:979 ncall:2.0e+07 eff:0.1% logz-ratio=3080.29+/-0.16 dlogz:280.685>0.1]
24388it [8:34:35 bound:335 nc:1250 ncall:2.0e+07 eff:0.1% logz-ratio=3083.79+/-0.16 dlogz:277.116>0.1]
24450it [8:36:38 bound:336 nc:1000 ncall:2.0e+07 eff:0.1% logz-ratio=3088.02+/-0.16 dlogz:272.907>0.1]
24512it [8:38:58 bound:337 nc:1235 ncall:2.0e+07 eff:0.1% logz-ratio=3092.46+/-0.16 dlogz:268.325>0.1]
24574it [8:41:07 bound:338 nc:1111 ncall:2.0e+07 eff:0.1% logz-ratio=3096.43+/-0.16 dlogz:264.314>0.1]
24637it [8:43:15 bound:339 nc:1313 ncall:2.0e+07 eff:0.1% logz-ratio=3100.49+/-0.16 dlogz:260.177>0.1]
24698it [8:45:25 bound:340 nc:1538 ncall:2.0e+07 eff:0.1% logz-ratio=3104.03+/-0.16 dlogz:256.581>0.1]
24760it [8:47:34 bound:341 nc:583 ncall:2.0e+07 eff:0.1% logz-ratio=3108.46+/-0.16 dlogz:252.094>0.1]
24823it [8:49:30 bound:342 nc:1141 ncall:2.0e+07 eff:0.1% logz-ratio=3112.15+/-0.16 dlogz:248.324>0.1]
24886it [8:51:39 bound:343 nc:1107 ncall:2.0e+07 eff:0.1% logz-ratio=3116.06+/-0.16 dlogz:244.378>0.1]
24949it [8:53:42 bound:344 nc:819 ncall:2.0e+07 eff:0.1% logz-ratio=3119.84+/-0.16 dlogz:240.514>0.1]
25013it [8:56:00 bound:345 nc:1135 ncall:2.1e+07 eff:0.1% logz-ratio=3123.02+/-0.16 dlogz:237.256>0.1]
25075it [8:57:55 bound:346 nc:1534 ncall:2.1e+07 eff:0.1% logz-ratio=3126.40+/-0.16 dlogz:233.825>0.1]
25133it [8:59:54 bound:347 nc:1428 ncall:2.1e+07 eff:0.1% logz-ratio=3129.35+/-0.16 dlogz:230.811>0.1]
25196it [9:01:49 bound:348 nc:746 ncall:2.1e+07 eff:0.1% logz-ratio=3132.22+/-0.16 dlogz:227.876>0.1]
25257it [9:04:01 bound:349 nc:1246 ncall:2.1e+07 eff:0.1% logz-ratio=3135.57+/-0.16 dlogz:224.517>0.1]
25318it [9:06:04 bound:350 nc:1419 ncall:2.1e+07 eff:0.1% logz-ratio=3139.50+/-0.16 dlogz:220.486>0.1]
25380it [9:08:23 bound:351 nc:1924 ncall:2.1e+07 eff:0.1% logz-ratio=3142.69+/-0.16 dlogz:217.241>0.1]
25443it [9:10:42 bound:352 nc:1213 ncall:2.1e+07 eff:0.1% logz-ratio=3145.62+/-0.16 dlogz:214.249>0.1]
25505it [9:13:05 bound:353 nc:1487 ncall:2.1e+07 eff:0.1% logz-ratio=3148.92+/-0.16 dlogz:210.889>0.1]
25568it [9:15:14 bound:354 nc:1371 ncall:2.1e+07 eff:0.1% logz-ratio=3152.45+/-0.17 dlogz:207.296>0.1]
25630it [9:17:28 bound:355 nc:683 ncall:2.1e+07 eff:0.1% logz-ratio=3155.71+/-0.17 dlogz:203.972>0.1]
25692it [9:19:24 bound:356 nc:1321 ncall:2.1e+07 eff:0.1% logz-ratio=3158.92+/-0.17 dlogz:228.047>0.1]
25754it [9:21:25 bound:357 nc:1202 ncall:2.1e+07 eff:0.1% logz-ratio=3162.93+/-0.17 dlogz:223.962>0.1]
25816it [9:23:39 bound:358 nc:1530 ncall:2.2e+07 eff:0.1% logz-ratio=3165.94+/-0.17 dlogz:220.890>0.1]
25878it [9:25:41 bound:359 nc:1515 ncall:2.2e+07 eff:0.1% logz-ratio=3168.68+/-0.17 dlogz:218.090>0.1]
25939it [9:27:49 bound:360 nc:1015 ncall:2.2e+07 eff:0.1% logz-ratio=3171.76+/-0.17 dlogz:214.956>0.1]
26000it [9:29:42 bound:361 nc:1460 ncall:2.2e+07 eff:0.1% logz-ratio=3175.60+/-0.17 dlogz:211.061>0.1]
26062it [9:31:46 bound:362 nc:1088 ncall:2.2e+07 eff:0.1% logz-ratio=3179.12+/-0.17 dlogz:207.483>0.1]
26123it [9:33:53 bound:363 nc:1376 ncall:2.2e+07 eff:0.1% logz-ratio=3182.61+/-0.17 dlogz:203.928>0.1]
26186it [9:36:00 bound:364 nc:1605 ncall:2.2e+07 eff:0.1% logz-ratio=3185.88+/-0.17 dlogz:203.983>0.1]
26248it [9:38:10 bound:365 nc:2295 ncall:2.2e+07 eff:0.1% logz-ratio=3188.99+/-0.17 dlogz:200.795>0.1]
26311it [9:40:29 bound:366 nc:1372 ncall:2.2e+07 eff:0.1% logz-ratio=3192.26+/-0.17 dlogz:197.467>0.1]
26375it [9:42:37 bound:367 nc:1359 ncall:2.2e+07 eff:0.1% logz-ratio=3195.09+/-0.17 dlogz:194.578>0.1]
26438it [9:44:48 bound:368 nc:1546 ncall:2.2e+07 eff:0.1% logz-ratio=3198.11+/-0.17 dlogz:191.499>0.1]
26502it [9:46:39 bound:369 nc:878 ncall:2.2e+07 eff:0.1% logz-ratio=3201.27+/-0.17 dlogz:188.270>0.1]
26566it [9:48:51 bound:370 nc:1292 ncall:2.3e+07 eff:0.1% logz-ratio=3204.37+/-0.17 dlogz:185.106>0.1]
26629it [9:50:55 bound:371 nc:1292 ncall:2.3e+07 eff:0.1% logz-ratio=3207.03+/-0.17 dlogz:182.376>0.1]
26692it [9:52:59 bound:372 nc:748 ncall:2.3e+07 eff:0.1% logz-ratio=3209.60+/-0.17 dlogz:179.745>0.1]
26753it [9:55:01 bound:373 nc:1243 ncall:2.3e+07 eff:0.1% logz-ratio=3212.16+/-0.17 dlogz:183.341>0.1]
26816it [9:57:13 bound:374 nc:1331 ncall:2.3e+07 eff:0.1% logz-ratio=3214.87+/-0.17 dlogz:180.563>0.1]
26879it [9:59:18 bound:375 nc:1352 ncall:2.3e+07 eff:0.1% logz-ratio=3217.66+/-0.17 dlogz:177.730>0.1]
26942it [10:01:32 bound:376 nc:843 ncall:2.3e+07 eff:0.1% logz-ratio=3220.63+/-0.17 dlogz:174.690>0.1]
27004it [10:03:32 bound:377 nc:830 ncall:2.3e+07 eff:0.1% logz-ratio=3223.48+/-0.17 dlogz:171.796>0.1]
27064it [10:05:51 bound:378 nc:1280 ncall:2.3e+07 eff:0.1% logz-ratio=3226.55+/-0.17 dlogz:168.657>0.1]
27125it [10:08:08 bound:379 nc:1028 ncall:2.3e+07 eff:0.1% logz-ratio=3229.21+/-0.17 dlogz:165.927>0.1]
27185it [10:10:24 bound:380 nc:1163 ncall:2.3e+07 eff:0.1% logz-ratio=3231.80+/-0.17 dlogz:167.291>0.1]
27245it [10:12:46 bound:381 nc:1277 ncall:2.3e+07 eff:0.1% logz-ratio=3234.47+/-0.17 dlogz:172.418>0.1]
27305it [10:15:06 bound:382 nc:1531 ncall:2.4e+07 eff:0.1% logz-ratio=3237.12+/-0.17 dlogz:169.721>0.1]
27366it [10:17:16 bound:383 nc:1368 ncall:2.4e+07 eff:0.1% logz-ratio=3239.99+/-0.17 dlogz:166.780>0.1]
27430it [10:19:23 bound:384 nc:1625 ncall:2.4e+07 eff:0.1% logz-ratio=3242.70+/-0.17 dlogz:164.002>0.1]
27492it [10:21:45 bound:385 nc:2783 ncall:2.4e+07 eff:0.1% logz-ratio=3245.08+/-0.17 dlogz:161.562>0.1]
27554it [10:24:10 bound:386 nc:1169 ncall:2.4e+07 eff:0.1% logz-ratio=3247.36+/-0.17 dlogz:159.224>0.1]
27617it [10:26:33 bound:387 nc:1735 ncall:2.4e+07 eff:0.1% logz-ratio=3249.74+/-0.17 dlogz:156.791>0.1]
27681it [10:28:42 bound:388 nc:1338 ncall:2.4e+07 eff:0.1% logz-ratio=3252.38+/-0.17 dlogz:154.078>0.1]
27745it [10:31:06 bound:389 nc:1577 ncall:2.4e+07 eff:0.1% logz-ratio=3255.03+/-0.17 dlogz:151.372>0.1]
27807it [10:33:33 bound:390 nc:1238 ncall:2.4e+07 eff:0.1% logz-ratio=3257.40+/-0.17 dlogz:148.937>0.1]
27870it [10:36:07 bound:391 nc:1495 ncall:2.4e+07 eff:0.1% logz-ratio=3260.36+/-0.17 dlogz:145.923>0.1]
27932it [10:38:38 bound:392 nc:1416 ncall:2.4e+07 eff:0.1% logz-ratio=3263.22+/-0.17 dlogz:162.730>0.1]
27992it [10:41:00 bound:393 nc:1487 ncall:2.5e+07 eff:0.1% logz-ratio=3265.50+/-0.17 dlogz:160.384>0.1]
28054it [10:43:44 bound:394 nc:1383 ncall:2.5e+07 eff:0.1% logz-ratio=3268.34+/-0.17 dlogz:157.489>0.1]
28114it [10:46:15 bound:395 nc:1409 ncall:2.5e+07 eff:0.1% logz-ratio=3270.80+/-0.17 dlogz:154.968>0.1]
28177it [10:48:47 bound:396 nc:1426 ncall:2.5e+07 eff:0.1% logz-ratio=3273.30+/-0.17 dlogz:152.411>0.1]
28240it [10:51:28 bound:397 nc:1433 ncall:2.5e+07 eff:0.1% logz-ratio=3275.72+/-0.17 dlogz:149.915>0.1]
28303it [10:54:06 bound:398 nc:1136 ncall:2.5e+07 eff:0.1% logz-ratio=3277.74+/-0.17 dlogz:147.842>0.1]
28366it [10:56:54 bound:399 nc:1888 ncall:2.5e+07 eff:0.1% logz-ratio=3280.47+/-0.17 dlogz:145.056>0.1]
28428it [10:58:59 bound:400 nc:3576 ncall:2.5e+07 eff:0.1% logz-ratio=3283.02+/-0.17 dlogz:142.438>0.1]
28490it [11:01:09 bound:401 nc:1299 ncall:2.5e+07 eff:0.1% logz-ratio=3285.27+/-0.17 dlogz:140.129>0.1]
28553it [11:03:32 bound:402 nc:1305 ncall:2.5e+07 eff:0.1% logz-ratio=3287.28+/-0.17 dlogz:138.049>0.1]
28617it [11:05:53 bound:403 nc:1151 ncall:2.5e+07 eff:0.1% logz-ratio=3289.22+/-0.17 dlogz:136.041>0.1]
28679it [11:08:29 bound:404 nc:1177 ncall:2.5e+07 eff:0.1% logz-ratio=3291.09+/-0.17 dlogz:134.115>0.1]
28743it [11:10:46 bound:405 nc:1450 ncall:2.6e+07 eff:0.1% logz-ratio=3293.00+/-0.17 dlogz:132.141>0.1]
28805it [11:13:22 bound:406 nc:1381 ncall:2.6e+07 eff:0.1% logz-ratio=3295.08+/-0.17 dlogz:130.005>0.1]
28869it [11:15:42 bound:407 nc:1324 ncall:2.6e+07 eff:0.1% logz-ratio=3297.16+/-0.17 dlogz:127.861>0.1]
28931it [11:18:13 bound:408 nc:1201 ncall:2.6e+07 eff:0.1% logz-ratio=3298.97+/-0.17 dlogz:125.993>0.1]
28994it [11:20:54 bound:409 nc:1213 ncall:2.6e+07 eff:0.1% logz-ratio=3300.81+/-0.17 dlogz:124.089>0.1]
29055it [11:23:23 bound:410 nc:1502 ncall:2.6e+07 eff:0.1% logz-ratio=3302.83+/-0.17 dlogz:122.013>0.1]
29117it [11:26:17 bound:411 nc:1686 ncall:2.6e+07 eff:0.1% logz-ratio=3304.97+/-0.17 dlogz:119.811>0.1]
29179it [11:28:40 bound:412 nc:1766 ncall:2.6e+07 eff:0.1% logz-ratio=3306.69+/-0.17 dlogz:118.019>0.1]
29242it [11:31:04 bound:413 nc:837 ncall:2.6e+07 eff:0.1% logz-ratio=3308.34+/-0.17 dlogz:116.320>0.1]
29305it [11:33:09 bound:414 nc:1484 ncall:2.6e+07 eff:0.1% logz-ratio=3310.11+/-0.17 dlogz:114.485>0.1]
29364it [11:35:30 bound:415 nc:1740 ncall:2.6e+07 eff:0.1% logz-ratio=3311.96+/-0.17 dlogz:112.576>0.1]
29426it [11:37:45 bound:416 nc:1194 ncall:2.7e+07 eff:0.1% logz-ratio=3313.69+/-0.17 dlogz:110.786>0.1]
29489it [11:40:01 bound:417 nc:1502 ncall:2.7e+07 eff:0.1% logz-ratio=3315.65+/-0.17 dlogz:108.766>0.1]
29552it [11:42:27 bound:418 nc:1087 ncall:2.7e+07 eff:0.1% logz-ratio=3317.65+/-0.17 dlogz:106.697>0.1]
29614it [11:44:52 bound:419 nc:1369 ncall:2.7e+07 eff:0.1% logz-ratio=3319.16+/-0.17 dlogz:105.127>0.1]
29675it [11:47:28 bound:420 nc:1593 ncall:2.7e+07 eff:0.1% logz-ratio=3320.80+/-0.17 dlogz:103.428>0.1]
29735it [11:50:07 bound:421 nc:1934 ncall:2.7e+07 eff:0.1% logz-ratio=3322.35+/-0.17 dlogz:101.826>0.1]
29797it [11:52:55 bound:422 nc:1796 ncall:2.7e+07 eff:0.1% logz-ratio=3323.76+/-0.17 dlogz:100.352>0.1]
29860it [11:55:41 bound:423 nc:1430 ncall:2.7e+07 eff:0.1% logz-ratio=3325.25+/-0.17 dlogz:98.801>0.1]
29923it [11:58:14 bound:424 nc:1943 ncall:2.7e+07 eff:0.1% logz-ratio=3326.59+/-0.17 dlogz:97.392>0.1]
29984it [12:00:41 bound:425 nc:1845 ncall:2.7e+07 eff:0.1% logz-ratio=3327.87+/-0.17 dlogz:96.059>0.1]
30047it [12:03:23 bound:426 nc:1642 ncall:2.7e+07 eff:0.1% logz-ratio=3329.38+/-0.18 dlogz:94.487>0.1]
30109it [12:05:57 bound:427 nc:1324 ncall:2.8e+07 eff:0.1% logz-ratio=3330.81+/-0.18 dlogz:92.998>0.1]
30172it [12:08:26 bound:428 nc:993 ncall:2.8e+07 eff:0.1% logz-ratio=3332.20+/-0.18 dlogz:91.539>0.1]
30234it [12:10:58 bound:429 nc:1431 ncall:2.8e+07 eff:0.1% logz-ratio=3333.76+/-0.18 dlogz:89.927>0.1]
30297it [12:13:38 bound:430 nc:1841 ncall:2.8e+07 eff:0.1% logz-ratio=3335.28+/-0.18 dlogz:88.347>0.1]
30359it [12:16:36 bound:431 nc:1526 ncall:2.8e+07 eff:0.1% logz-ratio=3336.76+/-0.18 dlogz:86.800>0.1]
30422it [12:19:09 bound:432 nc:1930 ncall:2.8e+07 eff:0.1% logz-ratio=3338.25+/-0.18 dlogz:85.255>0.1]
30483it [12:21:49 bound:433 nc:1484 ncall:2.8e+07 eff:0.1% logz-ratio=3339.76+/-0.18 dlogz:89.768>0.1]
30543it [12:24:31 bound:434 nc:1131 ncall:2.8e+07 eff:0.1% logz-ratio=3341.26+/-0.18 dlogz:88.208>0.1]
30606it [12:26:52 bound:435 nc:1279 ncall:2.8e+07 eff:0.1% logz-ratio=3342.76+/-0.18 dlogz:86.639>0.1]
30669it [12:29:34 bound:436 nc:1093 ncall:2.8e+07 eff:0.1% logz-ratio=3344.16+/-0.18 dlogz:85.184>0.1]
30732it [12:32:17 bound:437 nc:1369 ncall:2.8e+07 eff:0.1% logz-ratio=3345.69+/-0.18 dlogz:83.586>0.1]
30793it [12:34:47 bound:438 nc:4323 ncall:2.9e+07 eff:0.1% logz-ratio=3347.21+/-0.18 dlogz:82.019>0.1]
30857it [12:37:34 bound:439 nc:1185 ncall:2.9e+07 eff:0.1% logz-ratio=3348.58+/-0.18 dlogz:80.574>0.1]
30920it [12:40:11 bound:440 nc:1879 ncall:2.9e+07 eff:0.1% logz-ratio=3349.78+/-0.18 dlogz:79.310>0.1]
30984it [12:43:07 bound:441 nc:1334 ncall:2.9e+07 eff:0.1% logz-ratio=3351.05+/-0.18 dlogz:77.976>0.1]
31045it [12:45:34 bound:442 nc:1290 ncall:2.9e+07 eff:0.1% logz-ratio=3352.32+/-0.18 dlogz:76.649>0.1]
31107it [12:47:48 bound:443 nc:1454 ncall:2.9e+07 eff:0.1% logz-ratio=3353.67+/-0.18 dlogz:75.241>0.1]
31168it [12:50:17 bound:444 nc:1243 ncall:2.9e+07 eff:0.1% logz-ratio=3355.14+/-0.18 dlogz:73.718>0.1]
31229it [12:52:43 bound:445 nc:1748 ncall:2.9e+07 eff:0.1% logz-ratio=3356.56+/-0.18 dlogz:72.235>0.1]
31293it [12:54:51 bound:446 nc:1016 ncall:2.9e+07 eff:0.1% logz-ratio=3357.80+/-0.18 dlogz:70.932>0.1]
31355it [12:57:34 bound:447 nc:853 ncall:2.9e+07 eff:0.1% logz-ratio=3358.98+/-0.18 dlogz:69.691>0.1]
31418it [13:00:01 bound:448 nc:1660 ncall:3.0e+07 eff:0.1% logz-ratio=3360.17+/-0.18 dlogz:68.438>0.1]
31482it [13:02:26 bound:449 nc:1254 ncall:3.0e+07 eff:0.1% logz-ratio=3361.29+/-0.18 dlogz:72.083>0.1]
31546it [13:05:07 bound:450 nc:1504 ncall:3.0e+07 eff:0.1% logz-ratio=3362.36+/-0.18 dlogz:70.945>0.1]
31607it [13:07:59 bound:451 nc:1027 ncall:3.0e+07 eff:0.1% logz-ratio=3363.40+/-0.18 dlogz:69.855>0.1]
31670it [13:10:50 bound:452 nc:1327 ncall:3.0e+07 eff:0.1% logz-ratio=3364.55+/-0.18 dlogz:68.642>0.1]
31732it [13:13:25 bound:453 nc:1147 ncall:3.0e+07 eff:0.1% logz-ratio=3365.69+/-0.18 dlogz:67.442>0.1]
31794it [13:15:58 bound:454 nc:1782 ncall:3.0e+07 eff:0.1% logz-ratio=3366.75+/-0.18 dlogz:66.321>0.1]
31853it [13:19:03 bound:455 nc:1196 ncall:3.0e+07 eff:0.1% logz-ratio=3367.78+/-0.18 dlogz:65.232>0.1]
31913it [13:21:58 bound:456 nc:1657 ncall:3.0e+07 eff:0.1% logz-ratio=3368.77+/-0.18 dlogz:64.184>0.1]
31974it [13:24:50 bound:457 nc:1951 ncall:3.0e+07 eff:0.1% logz-ratio=3369.65+/-0.18 dlogz:63.238>0.1]
32035it [13:27:33 bound:458 nc:1693 ncall:3.0e+07 eff:0.1% logz-ratio=3370.56+/-0.18 dlogz:62.267>0.1]
32098it [13:29:50 bound:459 nc:1791 ncall:3.1e+07 eff:0.1% logz-ratio=3371.54+/-0.18 dlogz:61.229>0.1]
32158it [13:32:22 bound:460 nc:1122 ncall:3.1e+07 eff:0.1% logz-ratio=3372.55+/-0.18 dlogz:60.162>0.1]
32220it [13:34:56 bound:461 nc:1098 ncall:3.1e+07 eff:0.1% logz-ratio=3373.60+/-0.18 dlogz:59.046>0.1]
32283it [13:37:30 bound:462 nc:1515 ncall:3.1e+07 eff:0.1% logz-ratio=3374.60+/-0.18 dlogz:57.993>0.1]
32344it [13:40:05 bound:463 nc:1156 ncall:3.1e+07 eff:0.1% logz-ratio=3375.51+/-0.18 dlogz:57.015>0.1]
32407it [13:42:30 bound:464 nc:1342 ncall:3.1e+07 eff:0.1% logz-ratio=3376.38+/-0.18 dlogz:56.082>0.1]
32470it [13:45:08 bound:465 nc:902 ncall:3.1e+07 eff:0.1% logz-ratio=3377.25+/-0.18 dlogz:55.152>0.1]
32532it [13:47:48 bound:466 nc:1207 ncall:3.1e+07 eff:0.1% logz-ratio=3378.04+/-0.18 dlogz:54.306>0.1]
32593it [13:50:12 bound:467 nc:1599 ncall:3.1e+07 eff:0.1% logz-ratio=3378.84+/-0.18 dlogz:53.445>0.1]
32656it [13:52:45 bound:468 nc:1603 ncall:3.1e+07 eff:0.1% logz-ratio=3379.73+/-0.18 dlogz:52.494>0.1]
32717it [13:54:59 bound:469 nc:1915 ncall:3.2e+07 eff:0.1% logz-ratio=3380.65+/-0.18 dlogz:51.520>0.1]
32780it [13:57:25 bound:470 nc:1725 ncall:3.2e+07 eff:0.1% logz-ratio=3381.58+/-0.18 dlogz:50.522>0.1]
32842it [13:59:59 bound:471 nc:1432 ncall:3.2e+07 eff:0.1% logz-ratio=3382.44+/-0.18 dlogz:49.605>0.1]
32904it [14:02:27 bound:472 nc:1700 ncall:3.2e+07 eff:0.1% logz-ratio=3383.27+/-0.18 dlogz:48.706>0.1]
32967it [14:05:01 bound:473 nc:1723 ncall:3.2e+07 eff:0.1% logz-ratio=3384.08+/-0.18 dlogz:47.842>0.1]
33031it [14:07:33 bound:474 nc:1558 ncall:3.2e+07 eff:0.1% logz-ratio=3384.88+/-0.18 dlogz:46.976>0.1]
33092it [14:10:05 bound:475 nc:3427 ncall:3.2e+07 eff:0.1% logz-ratio=3385.62+/-0.18 dlogz:46.173>0.1]
33152it [14:12:34 bound:476 nc:1872 ncall:3.2e+07 eff:0.1% logz-ratio=3386.35+/-0.18 dlogz:45.390>0.1]
33215it [14:15:02 bound:477 nc:1247 ncall:3.2e+07 eff:0.1% logz-ratio=3387.09+/-0.18 dlogz:48.059>0.1]
33276it [14:17:26 bound:478 nc:5406 ncall:3.2e+07 eff:0.1% logz-ratio=3387.81+/-0.18 dlogz:47.274>0.1]
33339it [14:20:31 bound:479 nc:1854 ncall:3.2e+07 eff:0.1% logz-ratio=3388.54+/-0.18 dlogz:46.489>0.1]
33401it [14:23:00 bound:480 nc:1021 ncall:3.3e+07 eff:0.1% logz-ratio=3389.23+/-0.18 dlogz:45.731>0.1]
33464it [14:25:30 bound:481 nc:2008 ncall:3.3e+07 eff:0.1% logz-ratio=3390.01+/-0.18 dlogz:44.894>0.1]
33527it [14:28:20 bound:482 nc:1864 ncall:3.3e+07 eff:0.1% logz-ratio=3390.71+/-0.18 dlogz:44.133>0.1]
33588it [14:30:54 bound:483 nc:1686 ncall:3.3e+07 eff:0.1% logz-ratio=3391.34+/-0.18 dlogz:43.440>0.1]
33651it [14:33:27 bound:484 nc:1143 ncall:3.3e+07 eff:0.1% logz-ratio=3392.02+/-0.18 dlogz:42.697>0.1]
33713it [14:35:56 bound:485 nc:1632 ncall:3.3e+07 eff:0.1% logz-ratio=3392.68+/-0.18 dlogz:41.981>0.1]
33775it [14:38:27 bound:486 nc:1485 ncall:3.3e+07 eff:0.1% logz-ratio=3393.32+/-0.18 dlogz:43.568>0.1]
33837it [14:40:59 bound:487 nc:1467 ncall:3.3e+07 eff:0.1% logz-ratio=3394.01+/-0.18 dlogz:42.815>0.1]
33901it [14:43:46 bound:488 nc:1644 ncall:3.3e+07 eff:0.1% logz-ratio=3394.62+/-0.18 dlogz:42.143>0.1]
33964it [14:46:24 bound:489 nc:1475 ncall:3.3e+07 eff:0.1% logz-ratio=3395.25+/-0.18 dlogz:41.453>0.1]
34024it [14:49:13 bound:490 nc:1258 ncall:3.4e+07 eff:0.1% logz-ratio=3395.86+/-0.18 dlogz:40.789>0.1]
34087it [14:51:59 bound:491 nc:944 ncall:3.4e+07 eff:0.1% logz-ratio=3396.45+/-0.18 dlogz:40.133>0.1]
34151it [14:54:55 bound:492 nc:1451 ncall:3.4e+07 eff:0.1% logz-ratio=3397.05+/-0.18 dlogz:39.474>0.1]
34213it [14:57:47 bound:493 nc:1652 ncall:3.4e+07 eff:0.1% logz-ratio=3397.64+/-0.18 dlogz:38.825>0.1]
34275it [15:00:34 bound:494 nc:1478 ncall:3.4e+07 eff:0.1% logz-ratio=3398.25+/-0.18 dlogz:38.149>0.1]
34339it [15:03:16 bound:495 nc:849 ncall:3.4e+07 eff:0.1% logz-ratio=3398.93+/-0.18 dlogz:37.412>0.1]
34401it [15:05:55 bound:496 nc:1041 ncall:3.4e+07 eff:0.1% logz-ratio=3399.54+/-0.18 dlogz:36.741>0.1]
34465it [15:08:33 bound:497 nc:1570 ncall:3.4e+07 eff:0.1% logz-ratio=3400.13+/-0.18 dlogz:36.084>0.1]
34527it [15:11:29 bound:498 nc:1664 ncall:3.4e+07 eff:0.1% logz-ratio=3400.67+/-0.18 dlogz:35.483>0.1]
34588it [15:13:55 bound:499 nc:2022 ncall:3.4e+07 eff:0.1% logz-ratio=3401.21+/-0.18 dlogz:34.888>0.1]
34649it [15:16:36 bound:500 nc:2043 ncall:3.5e+07 eff:0.1% logz-ratio=3401.74+/-0.18 dlogz:34.298>0.1]
34711it [15:18:59 bound:501 nc:1265 ncall:3.5e+07 eff:0.1% logz-ratio=3402.29+/-0.18 dlogz:33.686>0.1]
34773it [15:21:48 bound:502 nc:1660 ncall:3.5e+07 eff:0.1% logz-ratio=3402.87+/-0.19 dlogz:33.043>0.1]
34834it [15:24:41 bound:503 nc:2048 ncall:3.5e+07 eff:0.1% logz-ratio=3403.47+/-0.19 dlogz:32.386>0.1]
34898it [15:27:15 bound:504 nc:1283 ncall:3.5e+07 eff:0.1% logz-ratio=3404.06+/-0.19 dlogz:31.732>0.1]
34960it [15:29:40 bound:505 nc:2001 ncall:3.5e+07 eff:0.1% logz-ratio=3404.62+/-0.19 dlogz:31.114>0.1]
35021it [15:32:07 bound:506 nc:1973 ncall:3.5e+07 eff:0.1% logz-ratio=3405.14+/-0.19 dlogz:33.863>0.1]
35084it [15:35:01 bound:507 nc:1749 ncall:3.5e+07 eff:0.1% logz-ratio=3405.64+/-0.19 dlogz:33.305>0.1]
35146it [15:37:46 bound:508 nc:1285 ncall:3.5e+07 eff:0.1% logz-ratio=3406.12+/-0.19 dlogz:32.758>0.1]
35208it [15:40:25 bound:509 nc:952 ncall:3.6e+07 eff:0.1% logz-ratio=3406.56+/-0.19 dlogz:32.262>0.1]
35270it [15:43:20 bound:510 nc:1134 ncall:3.6e+07 eff:0.1% logz-ratio=3406.99+/-0.19 dlogz:31.767>0.1]
35333it [15:46:14 bound:511 nc:2193 ncall:3.6e+07 eff:0.1% logz-ratio=3407.44+/-0.19 dlogz:31.251>0.1]
35392it [15:49:05 bound:512 nc:1504 ncall:3.6e+07 eff:0.1% logz-ratio=3407.89+/-0.19 dlogz:30.747>0.1]
35455it [15:51:48 bound:513 nc:2046 ncall:3.6e+07 eff:0.1% logz-ratio=3408.38+/-0.19 dlogz:30.197>0.1]
35517it [15:54:29 bound:514 nc:2038 ncall:3.6e+07 eff:0.1% logz-ratio=3408.88+/-0.19 dlogz:29.632>0.1]
35579it [15:57:10 bound:515 nc:1515 ncall:3.6e+07 eff:0.1% logz-ratio=3409.34+/-0.19 dlogz:29.111>0.1]
35643it [16:00:16 bound:516 nc:1340 ncall:3.6e+07 eff:0.1% logz-ratio=3409.80+/-0.19 dlogz:28.591>0.1]
35707it [16:02:58 bound:517 nc:1103 ncall:3.6e+07 eff:0.1% logz-ratio=3410.26+/-0.19 dlogz:28.074>0.1]
35771it [16:05:40 bound:518 nc:781 ncall:3.6e+07 eff:0.1% logz-ratio=3410.69+/-0.19 dlogz:27.579>0.1]
35834it [16:08:15 bound:519 nc:1961 ncall:3.7e+07 eff:0.1% logz-ratio=3411.09+/-0.19 dlogz:27.116>0.1]
35896it [16:10:48 bound:520 nc:1558 ncall:3.7e+07 eff:0.1% logz-ratio=3411.47+/-0.19 dlogz:29.127>0.1]
35959it [16:13:44 bound:521 nc:1858 ncall:3.7e+07 eff:0.1% logz-ratio=3411.88+/-0.19 dlogz:28.655>0.1]
36021it [16:16:17 bound:522 nc:1288 ncall:3.7e+07 eff:0.1% logz-ratio=3412.27+/-0.19 dlogz:28.204>0.1]
36081it [16:19:01 bound:523 nc:1987 ncall:3.7e+07 eff:0.1% logz-ratio=3412.62+/-0.19 dlogz:27.790>0.1]
36144it [16:21:51 bound:524 nc:1532 ncall:3.7e+07 eff:0.1% logz-ratio=3412.97+/-0.19 dlogz:27.381>0.1]
36206it [16:25:13 bound:525 nc:1586 ncall:3.7e+07 eff:0.1% logz-ratio=3413.33+/-0.19 dlogz:26.966>0.1]
36267it [16:27:56 bound:526 nc:1743 ncall:3.7e+07 eff:0.1% logz-ratio=3413.68+/-0.19 dlogz:26.549>0.1]
36331it [16:30:29 bound:527 nc:1613 ncall:3.7e+07 eff:0.1% logz-ratio=3414.06+/-0.19 dlogz:26.111>0.1]
36393it [16:33:20 bound:528 nc:1623 ncall:3.8e+07 eff:0.1% logz-ratio=3414.41+/-0.19 dlogz:25.695>0.1]
36456it [16:36:14 bound:529 nc:2241 ncall:3.8e+07 eff:0.1% logz-ratio=3414.78+/-0.19 dlogz:25.266>0.1]
36520it [16:39:16 bound:530 nc:1439 ncall:3.8e+07 eff:0.1% logz-ratio=3415.13+/-0.19 dlogz:24.853>0.1]
36582it [16:42:03 bound:531 nc:1447 ncall:3.8e+07 eff:0.1% logz-ratio=3415.47+/-0.19 dlogz:24.458>0.1]
36644it [16:44:39 bound:532 nc:1026 ncall:3.8e+07 eff:0.1% logz-ratio=3415.80+/-0.19 dlogz:24.067>0.1]
36704it [16:47:27 bound:533 nc:2581 ncall:3.8e+07 eff:0.1% logz-ratio=3416.10+/-0.19 dlogz:23.703>0.1]
