self.parameters_ref
{'chirp_mass': 2.0272715949909377, 'mass_ratio': 0.3699999999999999, 'symmetric_mass_ratio': 0.19713357131440137, 'a_1': 0.0, 'a_2': 0.0, 'tilt_1': 0.0, 'tilt_2': 0.0, 'phi_jl': 0.0, 'phi_12': 0.0, 'luminosity_distance': 201.0, 'phase': 1.3576488959769972, 'theta_jn': 2.323517520938953, 'psi': 0.030083409062676092, 'ra': 1.121307208346961, 'dec': 0.22562961827621178, 'lambda_1': 0.0, 'lambda_2': 0.0, 'mass_1': 3.920441829732034, 'mass_2': 1.4505634770008522, 'geocent_time': 1369419318.7460938, 'duration': 128.0}
1it [0:00:00 bound:0 nc:  1 ncall:4.1e+03 eff:0.0% logz-ratio=-324.42+/-0.05 dlogz:inf>0.1]
12281it [0:01:00 bound:0 nc: 53 ncall:8.2e+04 eff:15.0% logz-ratio=-0.65+/-0.01 dlogz:6.307>0.1]
14790it [0:02:03 bound:2 nc:559 ncall:1.5e+05 eff:9.9% logz-ratio=-0.45+/-0.01 dlogz:6.314>0.1]
15109it [0:03:15 bound:7 nc:733 ncall:3.4e+05 eff:4.5% logz-ratio=-0.43+/-0.01 dlogz:6.215>0.1]
15427it [0:04:30 bound:12 nc:1109 ncall:5.3e+05 eff:2.9% logz-ratio=-0.41+/-0.01 dlogz:7.663>0.1]
15681it [0:05:34 bound:16 nc:500 ncall:6.9e+05 eff:2.3% logz-ratio=-0.39+/-0.01 dlogz:7.585>0.1]
15936it [0:06:34 bound:20 nc:670 ncall:8.4e+05 eff:1.9% logz-ratio=-0.38+/-0.01 dlogz:7.506>0.1]
16189it [0:07:38 bound:24 nc:476 ncall:9.9e+05 eff:1.6% logz-ratio=-0.36+/-0.02 dlogz:7.429>0.1]
16445it [0:08:39 bound:28 nc:143 ncall:1.1e+06 eff:1.4% logz-ratio=-0.35+/-0.02 dlogz:7.351>0.1]
16699it [0:09:42 bound:32 nc:999 ncall:1.3e+06 eff:1.3% logz-ratio=-0.33+/-0.02 dlogz:7.274>0.1]
16951it [0:10:47 bound:36 nc:701 ncall:1.4e+06 eff:1.2% logz-ratio=-0.32+/-0.02 dlogz:7.198>0.1]
17205it [0:11:50 bound:40 nc:683 ncall:1.6e+06 eff:1.1% logz-ratio=-0.30+/-0.02 dlogz:7.122>0.1]
17459it [0:12:53 bound:44 nc:628 ncall:1.7e+06 eff:1.0% logz-ratio=-0.29+/-0.02 dlogz:7.046>0.1]
17712it [0:13:58 bound:48 nc:587 ncall:1.9e+06 eff:0.9% logz-ratio=-0.27+/-0.02 dlogz:6.970>0.1]
17966it [0:15:07 bound:52 nc:182 ncall:2.0e+06 eff:0.9% logz-ratio=-0.26+/-0.02 dlogz:6.894>0.1]
18221it [0:16:12 bound:56 nc:523 ncall:2.2e+06 eff:0.8% logz-ratio=-0.25+/-0.02 dlogz:6.819>0.1]
18473it [0:17:14 bound:60 nc:810 ncall:2.3e+06 eff:0.8% logz-ratio=-0.23+/-0.02 dlogz:6.744>0.1]
18727it [0:18:22 bound:64 nc:626 ncall:2.5e+06 eff:0.8% logz-ratio=-0.22+/-0.02 dlogz:6.669>0.1]
18981it [0:19:26 bound:68 nc:826 ncall:2.7e+06 eff:0.7% logz-ratio=-0.21+/-0.02 dlogz:6.595>0.1]
19234it [0:20:35 bound:72 nc:528 ncall:2.8e+06 eff:0.7% logz-ratio=-0.19+/-0.02 dlogz:6.520>0.1]
19483it [0:21:40 bound:76 nc:350 ncall:2.9e+06 eff:0.7% logz-ratio=-0.18+/-0.02 dlogz:6.448>0.1]
19733it [0:22:47 bound:80 nc:261 ncall:3.1e+06 eff:0.6% logz-ratio=-0.17+/-0.02 dlogz:8.956>0.1]
19986it [0:23:57 bound:84 nc:1140 ncall:3.2e+06 eff:0.6% logz-ratio=-0.16+/-0.02 dlogz:8.882>0.1]
20237it [0:25:04 bound:88 nc:797 ncall:3.4e+06 eff:0.6% logz-ratio=-0.15+/-0.02 dlogz:8.809>0.1]
20485it [0:26:14 bound:92 nc:437 ncall:3.5e+06 eff:0.6% logz-ratio=-0.14+/-0.02 dlogz:8.737>0.1]
20737it [0:27:19 bound:96 nc:637 ncall:3.7e+06 eff:0.6% logz-ratio=-0.12+/-0.02 dlogz:8.664>0.1]
20986it [0:28:31 bound:100 nc:314 ncall:3.8e+06 eff:0.5% logz-ratio=-0.11+/-0.02 dlogz:8.592>0.1]
21230it [0:29:40 bound:104 nc:711 ncall:4.0e+06 eff:0.5% logz-ratio=-0.10+/-0.02 dlogz:8.522>0.1]
21478it [0:30:52 bound:108 nc:739 ncall:4.1e+06 eff:0.5% logz-ratio=-0.09+/-0.02 dlogz:8.450>0.1]
21724it [0:32:04 bound:112 nc:608 ncall:4.3e+06 eff:0.5% logz-ratio=-0.08+/-0.02 dlogz:8.380>0.1]
21970it [0:33:14 bound:116 nc:438 ncall:4.4e+06 eff:0.5% logz-ratio=-0.07+/-0.02 dlogz:8.309>0.1]
22209it [0:34:24 bound:120 nc:1004 ncall:4.6e+06 eff:0.5% logz-ratio=-0.06+/-0.02 dlogz:8.241>0.1]
22454it [0:35:40 bound:124 nc:545 ncall:4.7e+06 eff:0.5% logz-ratio=-0.05+/-0.02 dlogz:8.171>0.1]
22697it [0:36:54 bound:128 nc:930 ncall:4.9e+06 eff:0.5% logz-ratio=-0.04+/-0.02 dlogz:8.102>0.1]
22942it [0:38:04 bound:132 nc:347 ncall:5.0e+06 eff:0.5% logz-ratio=-0.03+/-0.02 dlogz:8.032>0.1]
23180it [0:39:15 bound:136 nc:1141 ncall:5.2e+06 eff:0.4% logz-ratio=-0.02+/-0.02 dlogz:7.965>0.1]
23426it [0:40:23 bound:140 nc:553 ncall:5.3e+06 eff:0.4% logz-ratio=-0.01+/-0.02 dlogz:7.895>0.1]
23663it [0:41:33 bound:144 nc:509 ncall:5.5e+06 eff:0.4% logz-ratio=-0.00+/-0.02 dlogz:7.828>0.1]
23900it [0:42:44 bound:148 nc:843 ncall:5.6e+06 eff:0.4% logz-ratio=0.01+/-0.02 dlogz:8.137>0.1]
24129it [0:43:55 bound:152 nc:707 ncall:5.8e+06 eff:0.4% logz-ratio=0.02+/-0.02 dlogz:8.072>0.1]
24364it [0:45:13 bound:156 nc:620 ncall:5.9e+06 eff:0.4% logz-ratio=0.02+/-0.02 dlogz:8.006>0.1]
24595it [0:46:25 bound:160 nc:426 ncall:6.1e+06 eff:0.4% logz-ratio=0.03+/-0.02 dlogz:7.941>0.1]
24827it [0:47:44 bound:164 nc:232 ncall:6.2e+06 eff:0.4% logz-ratio=0.04+/-0.02 dlogz:7.876>0.1]
25063it [0:49:02 bound:168 nc:778 ncall:6.4e+06 eff:0.4% logz-ratio=0.05+/-0.02 dlogz:7.810>0.1]
25295it [0:50:18 bound:172 nc:1781 ncall:6.5e+06 eff:0.4% logz-ratio=0.06+/-0.02 dlogz:7.746>0.1]
25469it [0:51:20 bound:175 nc:777 ncall:6.7e+06 eff:0.4% logz-ratio=0.06+/-0.02 dlogz:7.697>0.1]
25639it [0:52:23 bound:178 nc:819 ncall:6.8e+06 eff:0.4% logz-ratio=0.07+/-0.02 dlogz:7.650>0.1]
25861it [0:53:40 bound:182 nc:666 ncall:6.9e+06 eff:0.4% logz-ratio=0.08+/-0.02 dlogz:7.588>0.1]
26090it [0:54:51 bound:186 nc:1581 ncall:7.1e+06 eff:0.4% logz-ratio=0.09+/-0.02 dlogz:7.524>0.1]
26309it [0:56:10 bound:190 nc:542 ncall:7.2e+06 eff:0.4% logz-ratio=0.09+/-0.02 dlogz:7.463>0.1]
26536it [0:57:28 bound:194 nc:1606 ncall:7.4e+06 eff:0.4% logz-ratio=0.10+/-0.02 dlogz:7.400>0.1]
26758it [0:58:45 bound:198 nc:585 ncall:7.5e+06 eff:0.4% logz-ratio=0.11+/-0.02 dlogz:7.338>0.1]
26978it [1:00:03 bound:202 nc:206 ncall:7.7e+06 eff:0.4% logz-ratio=0.12+/-0.02 dlogz:7.277>0.1]
27091it [1:01:14 bound:204 nc:643 ncall:7.8e+06 eff:0.3% logz-ratio=0.12+/-0.02 dlogz:7.246>0.1]
27318it [1:02:32 bound:208 nc:362 ncall:7.9e+06 eff:0.3% logz-ratio=0.13+/-0.02 dlogz:7.183>0.1]
27548it [1:03:46 bound:212 nc:430 ncall:8.1e+06 eff:0.3% logz-ratio=0.13+/-0.02 dlogz:7.120>0.1]
27711it [1:04:46 bound:215 nc:1119 ncall:8.2e+06 eff:0.3% logz-ratio=0.14+/-0.02 dlogz:7.075>0.1]
27944it [1:06:05 bound:219 nc:1224 ncall:8.4e+06 eff:0.3% logz-ratio=0.15+/-0.02 dlogz:7.010>0.1]
28169it [1:07:27 bound:223 nc:255 ncall:8.5e+06 eff:0.3% logz-ratio=0.15+/-0.02 dlogz:6.948>0.1]
28396it [1:08:43 bound:227 nc:587 ncall:8.7e+06 eff:0.3% logz-ratio=0.16+/-0.02 dlogz:8.901>0.1]
28567it [1:09:44 bound:230 nc:384 ncall:8.8e+06 eff:0.3% logz-ratio=0.17+/-0.02 dlogz:8.854>0.1]
28791it [1:10:56 bound:234 nc:589 ncall:8.9e+06 eff:0.3% logz-ratio=0.17+/-0.02 dlogz:8.792>0.1]
29012it [1:12:14 bound:238 nc:1119 ncall:9.1e+06 eff:0.3% logz-ratio=0.18+/-0.02 dlogz:8.731>0.1]
29182it [1:13:15 bound:241 nc:458 ncall:9.2e+06 eff:0.3% logz-ratio=0.19+/-0.02 dlogz:8.684>0.1]
29407it [1:14:28 bound:245 nc:561 ncall:9.4e+06 eff:0.3% logz-ratio=0.19+/-0.02 dlogz:8.622>0.1]
29633it [1:15:47 bound:249 nc:1272 ncall:9.5e+06 eff:0.3% logz-ratio=0.20+/-0.02 dlogz:8.560>0.1]
29843it [1:17:05 bound:253 nc:1747 ncall:9.7e+06 eff:0.3% logz-ratio=0.21+/-0.02 dlogz:8.503>0.1]
30006it [1:18:06 bound:256 nc:2782 ncall:9.8e+06 eff:0.3% logz-ratio=0.21+/-0.02 dlogz:8.458>0.1]
30222it [1:19:19 bound:260 nc:791 ncall:1.0e+07 eff:0.3% logz-ratio=0.22+/-0.02 dlogz:8.399>0.1]
30392it [1:20:22 bound:263 nc:904 ncall:1.0e+07 eff:0.3% logz-ratio=0.22+/-0.02 dlogz:8.352>0.1]
30614it [1:21:35 bound:267 nc:1239 ncall:1.0e+07 eff:0.3% logz-ratio=0.23+/-0.02 dlogz:8.292>0.1]
30777it [1:22:36 bound:270 nc:366 ncall:1.0e+07 eff:0.3% logz-ratio=0.23+/-0.02 dlogz:8.247>0.1]
30943it [1:23:37 bound:273 nc:631 ncall:1.0e+07 eff:0.3% logz-ratio=0.24+/-0.02 dlogz:8.202>0.1]
31164it [1:24:58 bound:277 nc:971 ncall:1.1e+07 eff:0.3% logz-ratio=0.24+/-0.02 dlogz:8.141>0.1]
31325it [1:25:58 bound:280 nc:441 ncall:1.1e+07 eff:0.3% logz-ratio=0.25+/-0.02 dlogz:8.097>0.1]
31557it [1:27:16 bound:284 nc:536 ncall:1.1e+07 eff:0.3% logz-ratio=0.26+/-0.02 dlogz:8.034>0.1]
31729it [1:28:16 bound:287 nc:1401 ncall:1.1e+07 eff:0.3% logz-ratio=0.26+/-0.02 dlogz:7.987>0.1]
31902it [1:29:19 bound:290 nc:1729 ncall:1.1e+07 eff:0.3% logz-ratio=0.27+/-0.02 dlogz:7.940>0.1]
32061it [1:30:23 bound:293 nc:879 ncall:1.1e+07 eff:0.3% logz-ratio=0.27+/-0.02 dlogz:7.897>0.1]
32238it [1:31:23 bound:296 nc:320 ncall:1.1e+07 eff:0.3% logz-ratio=0.28+/-0.02 dlogz:7.849>0.1]
32408it [1:32:27 bound:299 nc:593 ncall:1.2e+07 eff:0.3% logz-ratio=0.28+/-0.02 dlogz:7.803>0.1]
32582it [1:33:30 bound:302 nc:1879 ncall:1.2e+07 eff:0.3% logz-ratio=0.28+/-0.02 dlogz:7.755>0.1]
32758it [1:34:30 bound:305 nc:595 ncall:1.2e+07 eff:0.3% logz-ratio=0.29+/-0.02 dlogz:7.708>0.1]
32988it [1:35:49 bound:309 nc:1161 ncall:1.2e+07 eff:0.3% logz-ratio=0.30+/-0.02 dlogz:7.645>0.1]
33223it [1:37:09 bound:313 nc:401 ncall:1.2e+07 eff:0.3% logz-ratio=0.30+/-0.02 dlogz:7.582>0.1]
33399it [1:38:12 bound:316 nc:910 ncall:1.2e+07 eff:0.3% logz-ratio=0.31+/-0.02 dlogz:7.534>0.1]
33636it [1:39:30 bound:320 nc:509 ncall:1.2e+07 eff:0.3% logz-ratio=0.31+/-0.02 dlogz:7.470>0.1]
33813it [1:40:34 bound:323 nc:493 ncall:1.3e+07 eff:0.3% logz-ratio=0.32+/-0.02 dlogz:7.422>0.1]
33993it [1:41:36 bound:326 nc:1018 ncall:1.3e+07 eff:0.3% logz-ratio=0.32+/-0.02 dlogz:7.373>0.1]
34227it [1:42:51 bound:330 nc:624 ncall:1.3e+07 eff:0.3% logz-ratio=0.33+/-0.02 dlogz:7.310>0.1]
34406it [1:43:56 bound:333 nc:277 ncall:1.3e+07 eff:0.3% logz-ratio=0.33+/-0.02 dlogz:7.262>0.1]
34591it [1:45:03 bound:336 nc:755 ncall:1.3e+07 eff:0.3% logz-ratio=0.34+/-0.02 dlogz:7.212>0.1]
34775it [1:46:05 bound:339 nc:283 ncall:1.3e+07 eff:0.3% logz-ratio=0.34+/-0.02 dlogz:7.163>0.1]
34951it [1:47:08 bound:342 nc:695 ncall:1.3e+07 eff:0.3% logz-ratio=0.35+/-0.02 dlogz:7.115>0.1]
35191it [1:48:19 bound:346 nc:988 ncall:1.3e+07 eff:0.3% logz-ratio=0.35+/-0.02 dlogz:7.051>0.1]
35435it [1:49:37 bound:350 nc:562 ncall:1.4e+07 eff:0.3% logz-ratio=0.36+/-0.02 dlogz:6.985>0.1]
35679it [1:50:54 bound:354 nc:694 ncall:1.4e+07 eff:0.3% logz-ratio=0.37+/-0.02 dlogz:6.919>0.1]
35857it [1:51:55 bound:357 nc:906 ncall:1.4e+07 eff:0.3% logz-ratio=0.37+/-0.02 dlogz:6.871>0.1]
36041it [1:52:59 bound:360 nc:866 ncall:1.4e+07 eff:0.3% logz-ratio=0.37+/-0.02 dlogz:6.822>0.1]
36283it [1:54:23 bound:364 nc:755 ncall:1.4e+07 eff:0.3% logz-ratio=0.38+/-0.02 dlogz:6.757>0.1]
36531it [1:55:43 bound:368 nc:745 ncall:1.4e+07 eff:0.3% logz-ratio=0.39+/-0.02 dlogz:6.690>0.1]
36715it [1:56:46 bound:371 nc:447 ncall:1.5e+07 eff:0.3% logz-ratio=0.39+/-0.02 dlogz:6.641>0.1]
36967it [1:58:02 bound:375 nc:515 ncall:1.5e+07 eff:0.3% logz-ratio=0.40+/-0.02 dlogz:6.573>0.1]
37153it [1:59:09 bound:378 nc:898 ncall:1.5e+07 eff:0.3% logz-ratio=0.40+/-0.02 dlogz:6.524>0.1]
37335it [2:00:09 bound:381 nc:1759 ncall:1.5e+07 eff:0.2% logz-ratio=0.41+/-0.02 dlogz:6.475>0.1]
37458it [2:01:25 bound:383 nc:547 ncall:1.5e+07 eff:0.2% logz-ratio=0.41+/-0.02 dlogz:6.442>0.1]
37648it [2:02:27 bound:386 nc:605 ncall:1.5e+07 eff:0.2% logz-ratio=0.41+/-0.02 dlogz:6.391>0.1]
37839it [2:03:31 bound:389 nc:397 ncall:1.5e+07 eff:0.2% logz-ratio=0.42+/-0.02 dlogz:6.340>0.1]
38093it [2:04:51 bound:393 nc:795 ncall:1.6e+07 eff:0.2% logz-ratio=0.42+/-0.02 dlogz:6.272>0.1]
38281it [2:05:55 bound:396 nc:547 ncall:1.6e+07 eff:0.2% logz-ratio=0.43+/-0.02 dlogz:6.221>0.1]
38470it [2:06:58 bound:399 nc:619 ncall:1.6e+07 eff:0.2% logz-ratio=0.43+/-0.02 dlogz:6.171>0.1]
38724it [2:08:15 bound:403 nc:873 ncall:1.6e+07 eff:0.2% logz-ratio=0.44+/-0.02 dlogz:6.103>0.1]
38914it [2:09:24 bound:406 nc:832 ncall:1.6e+07 eff:0.2% logz-ratio=0.44+/-0.02 dlogz:6.053>0.1]
39103it [2:10:25 bound:409 nc:961 ncall:1.6e+07 eff:0.2% logz-ratio=0.45+/-0.02 dlogz:6.002>0.1]
39293it [2:11:33 bound:412 nc:1293 ncall:1.6e+07 eff:0.2% logz-ratio=0.45+/-0.02 dlogz:5.952>0.1]
39482it [2:12:36 bound:415 nc:742 ncall:1.7e+07 eff:0.2% logz-ratio=0.46+/-0.02 dlogz:5.901>0.1]
39737it [2:13:55 bound:419 nc:889 ncall:1.7e+07 eff:0.2% logz-ratio=0.46+/-0.02 dlogz:5.833>0.1]
39927it [2:14:59 bound:422 nc:438 ncall:1.7e+07 eff:0.2% logz-ratio=0.47+/-0.02 dlogz:5.783>0.1]
40117it [2:15:59 bound:425 nc:539 ncall:1.7e+07 eff:0.2% logz-ratio=0.47+/-0.03 dlogz:5.732>0.1]
40305it [2:17:07 bound:428 nc:684 ncall:1.7e+07 eff:0.2% logz-ratio=0.48+/-0.03 dlogz:5.682>0.1]
40559it [2:18:26 bound:432 nc:678 ncall:1.7e+07 eff:0.2% logz-ratio=0.48+/-0.03 dlogz:5.614>0.1]
40811it [2:19:37 bound:436 nc:934 ncall:1.7e+07 eff:0.2% logz-ratio=0.49+/-0.03 dlogz:5.547>0.1]
41002it [2:20:40 bound:439 nc:831 ncall:1.8e+07 eff:0.2% logz-ratio=0.49+/-0.03 dlogz:5.497>0.1]
41193it [2:21:45 bound:442 nc:703 ncall:1.8e+07 eff:0.2% logz-ratio=0.50+/-0.03 dlogz:5.446>0.1]
41384it [2:22:47 bound:445 nc:580 ncall:1.8e+07 eff:0.2% logz-ratio=0.50+/-0.03 dlogz:5.395>0.1]
41573it [2:23:49 bound:448 nc:429 ncall:1.8e+07 eff:0.2% logz-ratio=0.51+/-0.03 dlogz:5.345>0.1]
41764it [2:24:53 bound:451 nc:649 ncall:1.8e+07 eff:0.2% logz-ratio=0.51+/-0.03 dlogz:5.294>0.1]
42019it [2:26:14 bound:455 nc:586 ncall:1.8e+07 eff:0.2% logz-ratio=0.52+/-0.03 dlogz:5.226>0.1]
42274it [2:27:35 bound:459 nc:825 ncall:1.9e+07 eff:0.2% logz-ratio=0.52+/-0.03 dlogz:5.158>0.1]
42465it [2:28:37 bound:462 nc:831 ncall:1.9e+07 eff:0.2% logz-ratio=0.53+/-0.03 dlogz:5.108>0.1]
42653it [2:29:40 bound:465 nc:933 ncall:1.9e+07 eff:0.2% logz-ratio=0.53+/-0.03 dlogz:5.412>0.1]
42842it [2:30:45 bound:468 nc:618 ncall:1.9e+07 eff:0.2% logz-ratio=0.53+/-0.03 dlogz:5.362>0.1]
43033it [2:31:52 bound:471 nc:1019 ncall:1.9e+07 eff:0.2% logz-ratio=0.54+/-0.03 dlogz:5.311>0.1]
43222it [2:32:57 bound:474 nc:517 ncall:1.9e+07 eff:0.2% logz-ratio=0.54+/-0.03 dlogz:5.261>0.1]
43414it [2:33:58 bound:477 nc:659 ncall:1.9e+07 eff:0.2% logz-ratio=0.55+/-0.03 dlogz:5.210>0.1]
43606it [2:35:00 bound:480 nc:692 ncall:2.0e+07 eff:0.2% logz-ratio=0.55+/-0.03 dlogz:5.159>0.1]
43796it [2:36:07 bound:483 nc:689 ncall:2.0e+07 eff:0.2% logz-ratio=0.56+/-0.03 dlogz:5.108>0.1]
43984it [2:37:12 bound:486 nc:679 ncall:2.0e+07 eff:0.2% logz-ratio=0.56+/-0.03 dlogz:5.058>0.1]
44173it [2:38:13 bound:489 nc:897 ncall:2.0e+07 eff:0.2% logz-ratio=0.57+/-0.03 dlogz:5.007>0.1]
44364it [2:39:22 bound:492 nc:747 ncall:2.0e+07 eff:0.2% logz-ratio=0.57+/-0.03 dlogz:4.956>0.1]
44555it [2:40:30 bound:495 nc:782 ncall:2.0e+07 eff:0.2% logz-ratio=0.58+/-0.03 dlogz:4.905>0.1]
44746it [2:41:36 bound:498 nc:749 ncall:2.1e+07 eff:0.2% logz-ratio=0.58+/-0.03 dlogz:4.854>0.1]
44935it [2:42:44 bound:501 nc:588 ncall:2.1e+07 eff:0.2% logz-ratio=0.59+/-0.03 dlogz:4.804>0.1]
45122it [2:43:49 bound:504 nc:1210 ncall:2.1e+07 eff:0.2% logz-ratio=0.59+/-0.03 dlogz:4.754>0.1]
45313it [2:44:56 bound:507 nc:1117 ncall:2.1e+07 eff:0.2% logz-ratio=0.59+/-0.03 dlogz:4.703>0.1]
45504it [2:46:02 bound:510 nc:834 ncall:2.1e+07 eff:0.2% logz-ratio=0.60+/-0.03 dlogz:4.652>0.1]
45695it [2:47:07 bound:513 nc:1057 ncall:2.1e+07 eff:0.2% logz-ratio=0.60+/-0.03 dlogz:4.600>0.1]
45886it [2:48:13 bound:516 nc:406 ncall:2.1e+07 eff:0.2% logz-ratio=0.61+/-0.03 dlogz:4.549>0.1]
46076it [2:49:16 bound:519 nc:716 ncall:2.2e+07 eff:0.2% logz-ratio=0.61+/-0.03 dlogz:4.499>0.1]
46268it [2:50:25 bound:522 nc:1027 ncall:2.2e+07 eff:0.2% logz-ratio=0.62+/-0.03 dlogz:4.447>0.1]
46460it [2:51:30 bound:525 nc:633 ncall:2.2e+07 eff:0.2% logz-ratio=0.63+/-0.03 dlogz:4.396>0.1]
46650it [2:52:34 bound:528 nc:1111 ncall:2.2e+07 eff:0.2% logz-ratio=0.63+/-0.03 dlogz:4.345>0.1]
46839it [2:53:41 bound:531 nc:887 ncall:2.2e+07 eff:0.2% logz-ratio=0.64+/-0.03 dlogz:4.294>0.1]
47029it [2:54:45 bound:534 nc:882 ncall:2.2e+07 eff:0.2% logz-ratio=0.64+/-0.03 dlogz:4.555>0.1]
47220it [2:55:50 bound:537 nc:671 ncall:2.3e+07 eff:0.2% logz-ratio=0.65+/-0.03 dlogz:4.504>0.1]
47412it [2:56:56 bound:540 nc:623 ncall:2.3e+07 eff:0.2% logz-ratio=0.65+/-0.03 dlogz:4.452>0.1]
47601it [2:58:05 bound:543 nc:494 ncall:2.3e+07 eff:0.2% logz-ratio=0.66+/-0.03 dlogz:4.572>0.1]
47791it [2:59:12 bound:546 nc:928 ncall:2.3e+07 eff:0.2% logz-ratio=0.66+/-0.03 dlogz:4.521>0.1]
47981it [3:00:20 bound:549 nc:835 ncall:2.3e+07 eff:0.2% logz-ratio=0.67+/-0.03 dlogz:4.470>0.1]
48056it [3:01:31 bound:550 nc:691 ncall:2.3e+07 eff:0.2% logz-ratio=0.67+/-0.03 dlogz:4.450>0.1]
48234it [3:02:38 bound:553 nc:510 ncall:2.3e+07 eff:0.2% logz-ratio=0.68+/-0.03 dlogz:4.401>0.1]
48424it [3:03:49 bound:556 nc:867 ncall:2.4e+07 eff:0.2% logz-ratio=0.68+/-0.03 dlogz:4.350>0.1]
48614it [3:05:02 bound:559 nc:981 ncall:2.4e+07 eff:0.2% logz-ratio=0.69+/-0.03 dlogz:4.298>0.1]
48804it [3:06:08 bound:562 nc:1192 ncall:2.4e+07 eff:0.2% logz-ratio=0.69+/-0.03 dlogz:4.247>0.1]
48994it [3:07:22 bound:565 nc:790 ncall:2.4e+07 eff:0.2% logz-ratio=0.70+/-0.03 dlogz:4.195>0.1]
49184it [3:08:32 bound:568 nc:1457 ncall:2.4e+07 eff:0.2% logz-ratio=0.70+/-0.03 dlogz:4.144>0.1]
49373it [3:09:41 bound:571 nc:1423 ncall:2.4e+07 eff:0.2% logz-ratio=0.71+/-0.03 dlogz:4.491>0.1]
49561it [3:10:51 bound:574 nc:607 ncall:2.5e+07 eff:0.2% logz-ratio=0.72+/-0.03 dlogz:4.440>0.1]
49748it [3:12:02 bound:577 nc:873 ncall:2.5e+07 eff:0.2% logz-ratio=0.72+/-0.03 dlogz:4.389>0.1]
49937it [3:13:12 bound:580 nc:1412 ncall:2.5e+07 eff:0.2% logz-ratio=0.73+/-0.03 dlogz:4.337>0.1]
50125it [3:14:26 bound:583 nc:840 ncall:2.5e+07 eff:0.2% logz-ratio=0.73+/-0.03 dlogz:4.286>0.1]
50315it [3:15:40 bound:586 nc:1286 ncall:2.5e+07 eff:0.2% logz-ratio=0.74+/-0.03 dlogz:4.234>0.1]
50503it [3:16:45 bound:589 nc:692 ncall:2.5e+07 eff:0.2% logz-ratio=0.75+/-0.03 dlogz:4.726>0.1]
50693it [3:17:56 bound:592 nc:1466 ncall:2.6e+07 eff:0.2% logz-ratio=0.75+/-0.03 dlogz:4.673>0.1]
50882it [3:19:09 bound:595 nc:621 ncall:2.6e+07 eff:0.2% logz-ratio=0.76+/-0.03 dlogz:4.621>0.1]
51070it [3:20:19 bound:598 nc:981 ncall:2.6e+07 eff:0.2% logz-ratio=0.77+/-0.03 dlogz:4.570>0.1]
51260it [3:21:28 bound:601 nc:462 ncall:2.6e+07 eff:0.2% logz-ratio=0.77+/-0.03 dlogz:4.517>0.1]
51448it [3:22:38 bound:604 nc:802 ncall:2.6e+07 eff:0.2% logz-ratio=0.78+/-0.03 dlogz:4.466>0.1]
51636it [3:23:50 bound:607 nc:1429 ncall:2.6e+07 eff:0.2% logz-ratio=0.79+/-0.03 dlogz:4.414>0.1]
51823it [3:25:06 bound:610 nc:1100 ncall:2.7e+07 eff:0.2% logz-ratio=0.79+/-0.03 dlogz:4.362>0.1]
52014it [3:26:20 bound:613 nc:607 ncall:2.7e+07 eff:0.2% logz-ratio=0.80+/-0.03 dlogz:4.310>0.1]
52204it [3:27:32 bound:616 nc:585 ncall:2.7e+07 eff:0.2% logz-ratio=0.81+/-0.03 dlogz:4.257>0.1]
52392it [3:28:42 bound:619 nc:859 ncall:2.7e+07 eff:0.2% logz-ratio=0.81+/-0.03 dlogz:4.206>0.1]
52577it [3:29:52 bound:622 nc:1877 ncall:2.7e+07 eff:0.2% logz-ratio=0.82+/-0.03 dlogz:4.155>0.1]
52764it [3:31:01 bound:625 nc:1162 ncall:2.7e+07 eff:0.2% logz-ratio=0.83+/-0.03 dlogz:4.103>0.1]
52953it [3:32:17 bound:628 nc:712 ncall:2.8e+07 eff:0.2% logz-ratio=0.83+/-0.03 dlogz:4.051>0.1]
53136it [3:33:30 bound:631 nc:1059 ncall:2.8e+07 eff:0.2% logz-ratio=0.84+/-0.03 dlogz:5.433>0.1]
53321it [3:34:39 bound:634 nc:883 ncall:2.8e+07 eff:0.2% logz-ratio=0.85+/-0.03 dlogz:5.382>0.1]
53508it [3:35:51 bound:637 nc:779 ncall:2.8e+07 eff:0.2% logz-ratio=0.85+/-0.03 dlogz:5.329>0.1]
53691it [3:37:02 bound:640 nc:1164 ncall:2.8e+07 eff:0.2% logz-ratio=0.86+/-0.03 dlogz:5.278>0.1]
53878it [3:38:16 bound:643 nc:764 ncall:2.9e+07 eff:0.2% logz-ratio=0.87+/-0.03 dlogz:5.226>0.1]
54065it [3:39:29 bound:646 nc:977 ncall:2.9e+07 eff:0.2% logz-ratio=0.87+/-0.03 dlogz:5.174>0.1]
54253it [3:40:42 bound:649 nc:663 ncall:2.9e+07 eff:0.2% logz-ratio=0.88+/-0.03 dlogz:5.122>0.1]
54434it [3:41:52 bound:652 nc:928 ncall:2.9e+07 eff:0.2% logz-ratio=0.89+/-0.03 dlogz:5.071>0.1]
54616it [3:43:04 bound:655 nc:925 ncall:2.9e+07 eff:0.2% logz-ratio=0.89+/-0.03 dlogz:5.021>0.1]
54801it [3:44:18 bound:658 nc:829 ncall:2.9e+07 eff:0.2% logz-ratio=0.90+/-0.03 dlogz:4.969>0.1]
54989it [3:45:32 bound:661 nc:462 ncall:3.0e+07 eff:0.2% logz-ratio=0.91+/-0.03 dlogz:4.917>0.1]
55170it [3:46:46 bound:664 nc:1310 ncall:3.0e+07 eff:0.2% logz-ratio=0.91+/-0.03 dlogz:4.867>0.1]
55353it [3:48:03 bound:667 nc:1100 ncall:3.0e+07 eff:0.2% logz-ratio=0.92+/-0.03 dlogz:4.816>0.1]
55535it [3:49:17 bound:670 nc:1119 ncall:3.0e+07 eff:0.2% logz-ratio=0.92+/-0.03 dlogz:4.766>0.1]
55723it [3:50:32 bound:673 nc:1142 ncall:3.0e+07 eff:0.2% logz-ratio=0.93+/-0.03 dlogz:4.714>0.1]
55905it [3:51:45 bound:676 nc:951 ncall:3.0e+07 eff:0.2% logz-ratio=0.94+/-0.03 dlogz:4.663>0.1]
56086it [3:52:53 bound:679 nc:1397 ncall:3.1e+07 eff:0.2% logz-ratio=0.94+/-0.03 dlogz:4.613>0.1]
56271it [3:54:06 bound:682 nc:1086 ncall:3.1e+07 eff:0.2% logz-ratio=0.95+/-0.04 dlogz:4.562>0.1]
56459it [3:55:20 bound:685 nc:555 ncall:3.1e+07 eff:0.2% logz-ratio=0.96+/-0.04 dlogz:4.510>0.1]
56640it [3:56:36 bound:688 nc:1231 ncall:3.1e+07 eff:0.2% logz-ratio=0.96+/-0.04 dlogz:4.460>0.1]
56816it [3:57:48 bound:691 nc:2181 ncall:3.1e+07 eff:0.2% logz-ratio=0.97+/-0.04 dlogz:4.412>0.1]
56991it [3:59:02 bound:694 nc:863 ncall:3.2e+07 eff:0.2% logz-ratio=0.98+/-0.04 dlogz:4.364>0.1]
57173it [4:00:13 bound:697 nc:1311 ncall:3.2e+07 eff:0.2% logz-ratio=0.98+/-0.04 dlogz:4.349>0.1]
57353it [4:01:25 bound:700 nc:1680 ncall:3.2e+07 eff:0.2% logz-ratio=0.99+/-0.04 dlogz:4.299>0.1]
57417it [4:02:45 bound:701 nc:961 ncall:3.2e+07 eff:0.2% logz-ratio=0.99+/-0.04 dlogz:4.282>0.1]
57604it [4:03:54 bound:704 nc:1761 ncall:3.2e+07 eff:0.2% logz-ratio=1.00+/-0.04 dlogz:4.231>0.1]
57781it [4:05:06 bound:707 nc:750 ncall:3.2e+07 eff:0.2% logz-ratio=1.00+/-0.04 dlogz:4.182>0.1]
57957it [4:06:18 bound:710 nc:1243 ncall:3.3e+07 eff:0.2% logz-ratio=1.01+/-0.04 dlogz:4.134>0.1]
58141it [4:07:34 bound:713 nc:1053 ncall:3.3e+07 eff:0.2% logz-ratio=1.02+/-0.04 dlogz:4.083>0.1]
58318it [4:08:49 bound:716 nc:1521 ncall:3.3e+07 eff:0.2% logz-ratio=1.02+/-0.04 dlogz:4.035>0.1]
58496it [4:10:01 bound:719 nc:868 ncall:3.3e+07 eff:0.2% logz-ratio=1.03+/-0.04 dlogz:3.986>0.1]
58676it [4:11:17 bound:722 nc:2331 ncall:3.3e+07 eff:0.2% logz-ratio=1.03+/-0.04 dlogz:3.937>0.1]
58849it [4:12:31 bound:725 nc:998 ncall:3.4e+07 eff:0.2% logz-ratio=1.04+/-0.04 dlogz:3.890>0.1]
59031it [4:13:44 bound:728 nc:1026 ncall:3.4e+07 eff:0.2% logz-ratio=1.05+/-0.04 dlogz:3.841>0.1]
59210it [4:14:55 bound:731 nc:784 ncall:3.4e+07 eff:0.2% logz-ratio=1.05+/-0.04 dlogz:3.792>0.1]
59386it [4:16:11 bound:734 nc:1628 ncall:3.4e+07 eff:0.2% logz-ratio=1.06+/-0.04 dlogz:3.745>0.1]
59562it [4:17:26 bound:737 nc:2138 ncall:3.4e+07 eff:0.2% logz-ratio=1.06+/-0.04 dlogz:3.697>0.1]
59745it [4:18:40 bound:740 nc:936 ncall:3.4e+07 eff:0.2% logz-ratio=1.07+/-0.04 dlogz:3.648>0.1]
59922it [4:19:57 bound:743 nc:1111 ncall:3.5e+07 eff:0.2% logz-ratio=1.08+/-0.04 dlogz:3.600>0.1]
60100it [4:21:13 bound:746 nc:1632 ncall:3.5e+07 eff:0.2% logz-ratio=1.08+/-0.04 dlogz:3.552>0.1]
60283it [4:22:31 bound:749 nc:734 ncall:3.5e+07 eff:0.2% logz-ratio=1.09+/-0.04 dlogz:3.503>0.1]
60469it [4:23:44 bound:752 nc:671 ncall:3.5e+07 eff:0.2% logz-ratio=1.09+/-0.04 dlogz:3.453>0.1]
60645it [4:24:58 bound:755 nc:664 ncall:3.5e+07 eff:0.2% logz-ratio=1.10+/-0.04 dlogz:3.406>0.1]
60826it [4:26:14 bound:758 nc:1261 ncall:3.6e+07 eff:0.2% logz-ratio=1.10+/-0.04 dlogz:3.511>0.1]
61007it [4:27:29 bound:761 nc:2007 ncall:3.6e+07 eff:0.2% logz-ratio=1.11+/-0.04 dlogz:3.463>0.1]
61186it [4:28:47 bound:764 nc:896 ncall:3.6e+07 eff:0.2% logz-ratio=1.12+/-0.04 dlogz:3.415>0.1]
61357it [4:30:05 bound:767 nc:1013 ncall:3.6e+07 eff:0.2% logz-ratio=1.12+/-0.04 dlogz:3.369>0.1]
61534it [4:31:23 bound:770 nc:1566 ncall:3.6e+07 eff:0.2% logz-ratio=1.13+/-0.04 dlogz:3.322>0.1]
61713it [4:32:38 bound:773 nc:1155 ncall:3.7e+07 eff:0.2% logz-ratio=1.13+/-0.04 dlogz:3.275>0.1]
61893it [4:33:57 bound:776 nc:1009 ncall:3.7e+07 eff:0.2% logz-ratio=1.14+/-0.04 dlogz:3.227>0.1]
62069it [4:35:16 bound:779 nc:1310 ncall:3.7e+07 eff:0.2% logz-ratio=1.14+/-0.04 dlogz:3.181>0.1]
62248it [4:36:37 bound:782 nc:1057 ncall:3.7e+07 eff:0.2% logz-ratio=1.15+/-0.04 dlogz:3.134>0.1]
62428it [4:37:55 bound:785 nc:1284 ncall:3.7e+07 eff:0.2% logz-ratio=1.16+/-0.04 dlogz:3.086>0.1]
62610it [4:39:15 bound:788 nc:759 ncall:3.8e+07 eff:0.2% logz-ratio=1.16+/-0.04 dlogz:3.039>0.1]
62788it [4:40:33 bound:791 nc:1104 ncall:3.8e+07 eff:0.2% logz-ratio=1.17+/-0.04 dlogz:3.588>0.1]
62968it [4:41:53 bound:794 nc:1153 ncall:3.8e+07 eff:0.2% logz-ratio=1.17+/-0.04 dlogz:3.539>0.1]
63144it [4:43:09 bound:797 nc:1377 ncall:3.8e+07 eff:0.2% logz-ratio=1.18+/-0.04 dlogz:3.493>0.1]
63325it [4:44:27 bound:800 nc:1259 ncall:3.8e+07 eff:0.2% logz-ratio=1.18+/-0.04 dlogz:3.818>0.1]
63506it [4:45:46 bound:803 nc:1128 ncall:3.9e+07 eff:0.2% logz-ratio=1.19+/-0.04 dlogz:3.769>0.1]
63681it [4:47:03 bound:806 nc:896 ncall:3.9e+07 eff:0.2% logz-ratio=1.19+/-0.04 dlogz:3.723>0.1]
63858it [4:48:23 bound:809 nc:905 ncall:3.9e+07 eff:0.2% logz-ratio=1.20+/-0.04 dlogz:3.675>0.1]
64039it [4:49:40 bound:812 nc:1012 ncall:3.9e+07 eff:0.2% logz-ratio=1.20+/-0.04 dlogz:3.627>0.1]
64220it [4:50:59 bound:815 nc:719 ncall:3.9e+07 eff:0.2% logz-ratio=1.21+/-0.04 dlogz:3.579>0.1]
64394it [4:52:20 bound:818 nc:2052 ncall:4.0e+07 eff:0.2% logz-ratio=1.21+/-0.04 dlogz:3.533>0.1]
64569it [4:53:42 bound:821 nc:1294 ncall:4.0e+07 eff:0.2% logz-ratio=1.22+/-0.04 dlogz:3.486>0.1]
64738it [4:55:03 bound:824 nc:1024 ncall:4.0e+07 eff:0.2% logz-ratio=1.22+/-0.04 dlogz:3.442>0.1]
64918it [4:56:22 bound:827 nc:1228 ncall:4.0e+07 eff:0.2% logz-ratio=1.23+/-0.04 dlogz:3.394>0.1]
65097it [4:57:42 bound:830 nc:1013 ncall:4.1e+07 eff:0.2% logz-ratio=1.23+/-0.04 dlogz:3.347>0.1]
65272it [4:59:00 bound:833 nc:1192 ncall:4.1e+07 eff:0.2% logz-ratio=1.24+/-0.04 dlogz:3.301>0.1]
65456it [5:00:20 bound:836 nc:973 ncall:4.1e+07 eff:0.2% logz-ratio=1.25+/-0.04 dlogz:3.252>0.1]
65629it [5:01:41 bound:839 nc:879 ncall:4.1e+07 eff:0.2% logz-ratio=1.25+/-0.04 dlogz:3.207>0.1]
65709it [5:03:09 bound:840 nc:1077 ncall:4.1e+07 eff:0.2% logz-ratio=1.25+/-0.04 dlogz:3.186>0.1]
65870it [5:04:31 bound:843 nc:906 ncall:4.1e+07 eff:0.2% logz-ratio=1.26+/-0.04 dlogz:3.144>0.1]
66046it [5:05:53 bound:846 nc:853 ncall:4.2e+07 eff:0.2% logz-ratio=1.26+/-0.04 dlogz:3.098>0.1]
66222it [5:07:11 bound:849 nc:1211 ncall:4.2e+07 eff:0.2% logz-ratio=1.27+/-0.04 dlogz:3.053>0.1]
66393it [5:08:36 bound:852 nc:1348 ncall:4.2e+07 eff:0.2% logz-ratio=1.27+/-0.04 dlogz:3.009>0.1]
66568it [5:09:57 bound:855 nc:1249 ncall:4.2e+07 eff:0.2% logz-ratio=1.28+/-0.04 dlogz:2.964>0.1]
66737it [5:11:21 bound:858 nc:1335 ncall:4.3e+07 eff:0.2% logz-ratio=1.28+/-0.04 dlogz:2.920>0.1]
66908it [5:12:47 bound:861 nc:768 ncall:4.3e+07 eff:0.2% logz-ratio=1.28+/-0.04 dlogz:2.877>0.1]
67079it [5:14:07 bound:864 nc:914 ncall:4.3e+07 eff:0.2% logz-ratio=1.29+/-0.04 dlogz:2.833>0.1]
67262it [5:15:31 bound:867 nc:819 ncall:4.3e+07 eff:0.2% logz-ratio=1.29+/-0.04 dlogz:2.787>0.1]
67436it [5:16:56 bound:870 nc:937 ncall:4.3e+07 eff:0.2% logz-ratio=1.30+/-0.04 dlogz:2.743>0.1]
67611it [5:18:15 bound:873 nc:675 ncall:4.4e+07 eff:0.2% logz-ratio=1.30+/-0.04 dlogz:2.699>0.1]
67788it [5:19:35 bound:876 nc:1157 ncall:4.4e+07 eff:0.2% logz-ratio=1.31+/-0.04 dlogz:2.655>0.1]
67970it [5:20:56 bound:879 nc:1384 ncall:4.4e+07 eff:0.2% logz-ratio=1.31+/-0.04 dlogz:2.609>0.1]
68151it [5:22:15 bound:882 nc:1223 ncall:4.4e+07 eff:0.2% logz-ratio=1.32+/-0.04 dlogz:2.564>0.1]
68327it [5:23:37 bound:885 nc:1341 ncall:4.4e+07 eff:0.2% logz-ratio=1.32+/-0.04 dlogz:2.521>0.1]
68501it [5:24:58 bound:888 nc:1131 ncall:4.5e+07 eff:0.2% logz-ratio=1.32+/-0.04 dlogz:2.478>0.1]
68678it [5:26:18 bound:891 nc:1153 ncall:4.5e+07 eff:0.2% logz-ratio=1.33+/-0.04 dlogz:2.435>0.1]
68857it [5:27:42 bound:894 nc:1022 ncall:4.5e+07 eff:0.2% logz-ratio=1.33+/-0.04 dlogz:2.391>0.1]
69030it [5:29:03 bound:897 nc:1425 ncall:4.5e+07 eff:0.2% logz-ratio=1.34+/-0.04 dlogz:2.349>0.1]
69204it [5:30:24 bound:900 nc:1244 ncall:4.6e+07 eff:0.2% logz-ratio=1.34+/-0.04 dlogz:2.307>0.1]
69379it [5:31:42 bound:903 nc:1346 ncall:4.6e+07 eff:0.2% logz-ratio=1.34+/-0.04 dlogz:2.266>0.1]
69552it [5:33:01 bound:906 nc:967 ncall:4.6e+07 eff:0.2% logz-ratio=1.35+/-0.04 dlogz:2.328>0.1]
69727it [5:34:25 bound:909 nc:1060 ncall:4.6e+07 eff:0.2% logz-ratio=1.35+/-0.04 dlogz:2.287>0.1]
69900it [5:35:44 bound:912 nc:1000 ncall:4.6e+07 eff:0.2% logz-ratio=1.36+/-0.04 dlogz:2.245>0.1]
70072it [5:37:05 bound:915 nc:924 ncall:4.7e+07 eff:0.2% logz-ratio=1.36+/-0.04 dlogz:2.205>0.1]
70241it [5:38:29 bound:918 nc:1208 ncall:4.7e+07 eff:0.1% logz-ratio=1.36+/-0.04 dlogz:2.165>0.1]
70408it [5:39:54 bound:921 nc:1362 ncall:4.7e+07 eff:0.1% logz-ratio=1.37+/-0.04 dlogz:2.126>0.1]
70584it [5:41:15 bound:924 nc:1247 ncall:4.7e+07 eff:0.1% logz-ratio=1.37+/-0.04 dlogz:2.085>0.1]
70766it [5:42:35 bound:927 nc:1072 ncall:4.8e+07 eff:0.1% logz-ratio=1.37+/-0.04 dlogz:2.043>0.1]
70939it [5:43:57 bound:930 nc:1536 ncall:4.8e+07 eff:0.1% logz-ratio=1.38+/-0.04 dlogz:2.003>0.1]
71109it [5:45:19 bound:933 nc:1047 ncall:4.8e+07 eff:0.1% logz-ratio=1.38+/-0.04 dlogz:1.965>0.1]
71288it [5:46:39 bound:936 nc:2593 ncall:4.8e+07 eff:0.1% logz-ratio=1.38+/-0.04 dlogz:1.924>0.1]
71466it [5:48:00 bound:939 nc:2606 ncall:4.8e+07 eff:0.1% logz-ratio=1.39+/-0.04 dlogz:1.884>0.1]
71643it [5:49:19 bound:942 nc:2420 ncall:4.9e+07 eff:0.1% logz-ratio=1.39+/-0.04 dlogz:1.845>0.1]
71814it [5:50:46 bound:945 nc:1125 ncall:4.9e+07 eff:0.1% logz-ratio=1.39+/-0.04 dlogz:1.807>0.1]
71990it [5:52:06 bound:948 nc:2723 ncall:4.9e+07 eff:0.1% logz-ratio=1.40+/-0.04 dlogz:1.769>0.1]
72162it [5:53:29 bound:951 nc:884 ncall:4.9e+07 eff:0.1% logz-ratio=1.40+/-0.04 dlogz:1.732>0.1]
72334it [5:54:51 bound:954 nc:3397 ncall:5.0e+07 eff:0.1% logz-ratio=1.40+/-0.04 dlogz:1.695>0.1]
72506it [5:56:15 bound:957 nc:1357 ncall:5.0e+07 eff:0.1% logz-ratio=1.41+/-0.04 dlogz:1.658>0.1]
72684it [5:57:36 bound:960 nc:2365 ncall:5.0e+07 eff:0.1% logz-ratio=1.41+/-0.04 dlogz:1.621>0.1]
72861it [5:58:57 bound:963 nc:1187 ncall:5.0e+07 eff:0.1% logz-ratio=1.41+/-0.04 dlogz:1.584>0.1]
73034it [6:00:20 bound:966 nc:1188 ncall:5.1e+07 eff:0.1% logz-ratio=1.42+/-0.04 dlogz:1.548>0.1]
73207it [6:01:44 bound:969 nc:1114 ncall:5.1e+07 eff:0.1% logz-ratio=1.42+/-0.04 dlogz:1.512>0.1]
73334it [6:03:49 bound:971 nc:1119 ncall:5.1e+07 eff:0.1% logz-ratio=1.42+/-0.04 dlogz:1.487>0.1]
73497it [6:05:14 bound:974 nc:1451 ncall:5.1e+07 eff:0.1% logz-ratio=1.42+/-0.04 dlogz:1.454>0.1]
73672it [6:06:38 bound:977 nc:603 ncall:5.1e+07 eff:0.1% logz-ratio=1.43+/-0.04 dlogz:1.419>0.1]
73853it [6:08:06 bound:980 nc:1334 ncall:5.2e+07 eff:0.1% logz-ratio=1.43+/-0.04 dlogz:1.384>0.1]
74033it [6:09:33 bound:983 nc:995 ncall:5.2e+07 eff:0.1% logz-ratio=1.43+/-0.04 dlogz:1.349>0.1]
74208it [6:10:58 bound:986 nc:1487 ncall:5.2e+07 eff:0.1% logz-ratio=1.43+/-0.04 dlogz:1.315>0.1]
74386it [6:12:23 bound:989 nc:1241 ncall:5.2e+07 eff:0.1% logz-ratio=1.44+/-0.04 dlogz:1.282>0.1]
74564it [6:13:46 bound:992 nc:1112 ncall:5.3e+07 eff:0.1% logz-ratio=1.44+/-0.04 dlogz:1.249>0.1]
74743it [6:15:13 bound:995 nc:1386 ncall:5.3e+07 eff:0.1% logz-ratio=1.44+/-0.04 dlogz:1.216>0.1]
74925it [6:16:38 bound:998 nc:1044 ncall:5.3e+07 eff:0.1% logz-ratio=1.45+/-0.04 dlogz:1.183>0.1]
75110it [6:18:08 bound:1001 nc:2711 ncall:5.3e+07 eff:0.1% logz-ratio=1.45+/-0.04 dlogz:1.150>0.1]
75257it [6:19:08 bound:1003 nc:1629 ncall:5.3e+07 eff:0.1% logz-ratio=1.45+/-0.04 dlogz:1.124>0.1]
75355it [6:20:10 bound:1005 nc:1212 ncall:5.4e+07 eff:0.1% logz-ratio=1.45+/-0.04 dlogz:1.107>0.1]
75473it [6:21:14 bound:1007 nc:1749 ncall:5.4e+07 eff:0.1% logz-ratio=1.45+/-0.04 dlogz:1.263>0.1]
75593it [6:22:15 bound:1009 nc:1194 ncall:5.4e+07 eff:0.1% logz-ratio=1.45+/-0.04 dlogz:1.240>0.1]
75707it [6:23:15 bound:1011 nc:1657 ncall:5.4e+07 eff:0.1% logz-ratio=1.46+/-0.04 dlogz:1.220>0.1]
75876it [6:24:44 bound:1014 nc:1435 ncall:5.4e+07 eff:0.1% logz-ratio=1.46+/-0.04 dlogz:1.189>0.1]
75991it [6:25:44 bound:1016 nc:2196 ncall:5.5e+07 eff:0.1% logz-ratio=1.46+/-0.04 dlogz:1.243>0.1]
76106it [6:26:48 bound:1018 nc:1400 ncall:5.5e+07 eff:0.1% logz-ratio=1.46+/-0.04 dlogz:1.222>0.1]
76222it [6:27:50 bound:1020 nc:1289 ncall:5.5e+07 eff:0.1% logz-ratio=1.46+/-0.04 dlogz:1.201>0.1]
76400it [6:29:19 bound:1023 nc:1328 ncall:5.5e+07 eff:0.1% logz-ratio=1.47+/-0.04 dlogz:1.340>0.1]
76519it [6:30:21 bound:1025 nc:937 ncall:5.5e+07 eff:0.1% logz-ratio=1.47+/-0.04 dlogz:1.318>0.1]
76634it [6:31:22 bound:1027 nc:962 ncall:5.5e+07 eff:0.1% logz-ratio=1.47+/-0.04 dlogz:1.296>0.1]
76752it [6:32:23 bound:1029 nc:1424 ncall:5.6e+07 eff:0.1% logz-ratio=1.47+/-0.04 dlogz:1.274>0.1]
76870it [6:33:26 bound:1031 nc:1416 ncall:5.6e+07 eff:0.1% logz-ratio=1.47+/-0.04 dlogz:1.253>0.1]
76989it [6:34:30 bound:1033 nc:1326 ncall:5.6e+07 eff:0.1% logz-ratio=1.47+/-0.04 dlogz:1.231>0.1]
77111it [6:35:34 bound:1035 nc:1297 ncall:5.6e+07 eff:0.1% logz-ratio=1.47+/-0.04 dlogz:1.209>0.1]
77234it [6:36:36 bound:1037 nc:3409 ncall:5.6e+07 eff:0.1% logz-ratio=1.48+/-0.04 dlogz:1.187>0.1]
77355it [6:37:39 bound:1039 nc:2221 ncall:5.6e+07 eff:0.1% logz-ratio=1.48+/-0.04 dlogz:1.165>0.1]
77470it [6:38:44 bound:1041 nc:3703 ncall:5.7e+07 eff:0.1% logz-ratio=1.48+/-0.04 dlogz:1.145>0.1]
77588it [6:39:46 bound:1043 nc:1333 ncall:5.7e+07 eff:0.1% logz-ratio=1.48+/-0.04 dlogz:1.125>0.1]
77703it [6:40:50 bound:1045 nc:853 ncall:5.7e+07 eff:0.1% logz-ratio=1.48+/-0.04 dlogz:1.105>0.1]
77823it [6:41:56 bound:1047 nc:1831 ncall:5.7e+07 eff:0.1% logz-ratio=1.48+/-0.04 dlogz:1.084>0.1]
77938it [6:43:00 bound:1049 nc:1248 ncall:5.7e+07 eff:0.1% logz-ratio=1.48+/-0.04 dlogz:1.065>0.1]
78052it [6:44:06 bound:1051 nc:3180 ncall:5.8e+07 eff:0.1% logz-ratio=1.49+/-0.04 dlogz:1.046>0.1]
78174it [6:45:13 bound:1053 nc:1516 ncall:5.8e+07 eff:0.1% logz-ratio=1.49+/-0.04 dlogz:1.026>0.1]
78296it [6:46:21 bound:1055 nc:1485 ncall:5.8e+07 eff:0.1% logz-ratio=1.49+/-0.04 dlogz:1.536>0.1]
78414it [6:47:28 bound:1057 nc:1150 ncall:5.8e+07 eff:0.1% logz-ratio=1.49+/-0.05 dlogz:1.513>0.1]
78535it [6:48:35 bound:1059 nc:1356 ncall:5.8e+07 eff:0.1% logz-ratio=1.49+/-0.05 dlogz:1.489>0.1]
78651it [6:49:43 bound:1061 nc:1336 ncall:5.8e+07 eff:0.1% logz-ratio=1.49+/-0.05 dlogz:1.466>0.1]
78767it [6:50:49 bound:1063 nc:1834 ncall:5.9e+07 eff:0.1% logz-ratio=1.49+/-0.05 dlogz:1.443>0.1]
78880it [6:51:54 bound:1065 nc:1867 ncall:5.9e+07 eff:0.1% logz-ratio=1.50+/-0.05 dlogz:1.422>0.1]
79002it [6:53:02 bound:1067 nc:1019 ncall:5.9e+07 eff:0.1% logz-ratio=1.50+/-0.05 dlogz:1.398>0.1]
79119it [6:54:09 bound:1069 nc:712 ncall:5.9e+07 eff:0.1% logz-ratio=1.50+/-0.05 dlogz:1.376>0.1]
79236it [6:55:20 bound:1071 nc:1319 ncall:5.9e+07 eff:0.1% logz-ratio=1.50+/-0.05 dlogz:1.354>0.1]
79347it [6:56:29 bound:1073 nc:2962 ncall:6.0e+07 eff:0.1% logz-ratio=1.50+/-0.05 dlogz:1.333>0.1]
79461it [6:57:42 bound:1075 nc:2194 ncall:6.0e+07 eff:0.1% logz-ratio=1.50+/-0.05 dlogz:1.312>0.1]
79577it [6:58:53 bound:1077 nc:1260 ncall:6.0e+07 eff:0.1% logz-ratio=1.50+/-0.05 dlogz:1.290>0.1]
79691it [7:00:07 bound:1079 nc:1606 ncall:6.0e+07 eff:0.1% logz-ratio=1.50+/-0.05 dlogz:1.269>0.1]
79807it [7:01:16 bound:1081 nc:1827 ncall:6.0e+07 eff:0.1% logz-ratio=1.50+/-0.05 dlogz:1.248>0.1]
79917it [7:02:26 bound:1083 nc:598 ncall:6.1e+07 eff:0.1% logz-ratio=1.51+/-0.05 dlogz:1.228>0.1]
80037it [7:03:36 bound:1085 nc:1541 ncall:6.1e+07 eff:0.1% logz-ratio=1.51+/-0.05 dlogz:1.207>0.1]
80053it [7:04:51 bound:1085 nc:1344 ncall:6.1e+07 eff:0.1% logz-ratio=1.51+/-0.05 dlogz:1.204>0.1]
80160it [7:06:01 bound:1087 nc:1560 ncall:6.1e+07 eff:0.1% logz-ratio=1.51+/-0.05 dlogz:1.185>0.1]
80281it [7:07:12 bound:1089 nc:1699 ncall:6.1e+07 eff:0.1% logz-ratio=1.51+/-0.05 dlogz:1.164>0.1]
80401it [7:08:26 bound:1091 nc:1664 ncall:6.1e+07 eff:0.1% logz-ratio=1.51+/-0.05 dlogz:1.143>0.1]
80522it [7:09:40 bound:1093 nc:854 ncall:6.2e+07 eff:0.1% logz-ratio=1.51+/-0.05 dlogz:1.123>0.1]
80646it [7:10:54 bound:1095 nc:1957 ncall:6.2e+07 eff:0.1% logz-ratio=1.51+/-0.05 dlogz:1.101>0.1]
80759it [7:12:09 bound:1097 nc:1150 ncall:6.2e+07 eff:0.1% logz-ratio=1.51+/-0.05 dlogz:1.082>0.1]
80878it [7:13:26 bound:1099 nc:3388 ncall:6.2e+07 eff:0.1% logz-ratio=1.51+/-0.05 dlogz:1.063>0.1]
81001it [7:14:44 bound:1101 nc:749 ncall:6.2e+07 eff:0.1% logz-ratio=1.51+/-0.05 dlogz:1.043>0.1]
81119it [7:16:01 bound:1103 nc:1859 ncall:6.3e+07 eff:0.1% logz-ratio=1.52+/-0.05 dlogz:1.023>0.1]
81237it [7:17:18 bound:1105 nc:1515 ncall:6.3e+07 eff:0.1% logz-ratio=1.52+/-0.05 dlogz:1.004>0.1]
81358it [7:18:34 bound:1107 nc:1403 ncall:6.3e+07 eff:0.1% logz-ratio=1.52+/-0.05 dlogz:0.985>0.1]
81475it [7:19:53 bound:1109 nc:4886 ncall:6.3e+07 eff:0.1% logz-ratio=1.52+/-0.05 dlogz:0.967>0.1]
81591it [7:21:18 bound:1111 nc:1582 ncall:6.3e+07 eff:0.1% logz-ratio=1.52+/-0.05 dlogz:0.949>0.1]
81708it [7:22:37 bound:1113 nc:1914 ncall:6.4e+07 eff:0.1% logz-ratio=1.52+/-0.05 dlogz:0.931>0.1]
81825it [7:23:56 bound:1115 nc:2014 ncall:6.4e+07 eff:0.1% logz-ratio=1.52+/-0.05 dlogz:0.913>0.1]
81947it [7:25:17 bound:1117 nc:1624 ncall:6.4e+07 eff:0.1% logz-ratio=1.52+/-0.05 dlogz:0.895>0.1]
82065it [7:26:36 bound:1119 nc:1903 ncall:6.4e+07 eff:0.1% logz-ratio=1.52+/-0.05 dlogz:0.877>0.1]
82189it [7:27:55 bound:1121 nc:2398 ncall:6.4e+07 eff:0.1% logz-ratio=1.52+/-0.05 dlogz:0.859>0.1]
82310it [7:29:17 bound:1123 nc:1553 ncall:6.5e+07 eff:0.1% logz-ratio=1.53+/-0.05 dlogz:0.842>0.1]
82431it [7:30:39 bound:1125 nc:2115 ncall:6.5e+07 eff:0.1% logz-ratio=1.53+/-0.05 dlogz:0.825>0.1]
82552it [7:32:01 bound:1127 nc:1291 ncall:6.5e+07 eff:0.1% logz-ratio=1.53+/-0.05 dlogz:0.808>0.1]
82673it [7:33:24 bound:1129 nc:1467 ncall:6.5e+07 eff:0.1% logz-ratio=1.53+/-0.05 dlogz:0.791>0.1]
82793it [7:34:50 bound:1131 nc:1820 ncall:6.6e+07 eff:0.1% logz-ratio=1.53+/-0.05 dlogz:0.774>0.1]
82915it [7:36:18 bound:1133 nc:1472 ncall:6.6e+07 eff:0.1% logz-ratio=1.53+/-0.05 dlogz:0.758>0.1]
83033it [7:37:43 bound:1135 nc:1209 ncall:6.6e+07 eff:0.1% logz-ratio=1.53+/-0.05 dlogz:0.742>0.1]
83156it [7:39:09 bound:1137 nc:1738 ncall:6.6e+07 eff:0.1% logz-ratio=1.53+/-0.05 dlogz:0.726>0.1]
83275it [7:40:36 bound:1139 nc:2702 ncall:6.6e+07 eff:0.1% logz-ratio=1.53+/-0.05 dlogz:0.711>0.1]
83391it [7:41:58 bound:1141 nc:1684 ncall:6.7e+07 eff:0.1% logz-ratio=1.53+/-0.05 dlogz:0.696>0.1]
83511it [7:43:20 bound:1143 nc:3611 ncall:6.7e+07 eff:0.1% logz-ratio=1.53+/-0.05 dlogz:0.681>0.1]
83625it [7:44:42 bound:1145 nc:2233 ncall:6.7e+07 eff:0.1% logz-ratio=1.53+/-0.05 dlogz:0.667>0.1]
83743it [7:46:05 bound:1147 nc:923 ncall:6.7e+07 eff:0.1% logz-ratio=1.54+/-0.05 dlogz:0.653>0.1]
83859it [7:47:33 bound:1149 nc:546 ncall:6.8e+07 eff:0.1% logz-ratio=1.54+/-0.05 dlogz:0.639>0.1]
83983it [7:49:00 bound:1151 nc:1613 ncall:6.8e+07 eff:0.1% logz-ratio=1.54+/-0.05 dlogz:0.625>0.1]
84102it [7:50:29 bound:1153 nc:1254 ncall:6.8e+07 eff:0.1% logz-ratio=1.54+/-0.05 dlogz:0.611>0.1]
84219it [7:51:53 bound:1155 nc:1122 ncall:6.8e+07 eff:0.1% logz-ratio=1.54+/-0.05 dlogz:0.598>0.1]
84336it [7:53:19 bound:1157 nc:1016 ncall:6.9e+07 eff:0.1% logz-ratio=1.54+/-0.05 dlogz:0.585>0.1]
84458it [7:54:44 bound:1159 nc:1899 ncall:6.9e+07 eff:0.1% logz-ratio=1.54+/-0.05 dlogz:0.571>0.1]
84575it [7:56:09 bound:1161 nc:2172 ncall:6.9e+07 eff:0.1% logz-ratio=1.54+/-0.05 dlogz:0.558>0.1]
84695it [7:57:36 bound:1163 nc:2213 ncall:6.9e+07 eff:0.1% logz-ratio=1.54+/-0.05 dlogz:0.546>0.1]
84808it [7:59:04 bound:1165 nc:3742 ncall:6.9e+07 eff:0.1% logz-ratio=1.54+/-0.05 dlogz:0.534>0.1]
84924it [8:00:31 bound:1167 nc:2188 ncall:7.0e+07 eff:0.1% logz-ratio=1.54+/-0.05 dlogz:0.522>0.1]
85041it [8:02:01 bound:1169 nc:1864 ncall:7.0e+07 eff:0.1% logz-ratio=1.54+/-0.05 dlogz:0.510>0.1]
85160it [8:03:27 bound:1171 nc:1949 ncall:7.0e+07 eff:0.1% logz-ratio=1.54+/-0.05 dlogz:0.498>0.1]
85278it [8:04:54 bound:1173 nc:1551 ncall:7.0e+07 eff:0.1% logz-ratio=1.54+/-0.05 dlogz:0.577>0.1]
85292it [8:06:13 bound:1173 nc:2108 ncall:7.0e+07 eff:0.1% logz-ratio=1.54+/-0.05 dlogz:0.576>0.1]
85393it [8:07:35 bound:1175 nc:954 ncall:7.1e+07 eff:0.1% logz-ratio=1.55+/-0.05 dlogz:0.565>0.1]
85511it [8:09:08 bound:1177 nc:4385 ncall:7.1e+07 eff:0.1% logz-ratio=1.55+/-0.05 dlogz:0.552>0.1]
85629it [8:10:32 bound:1179 nc:1395 ncall:7.1e+07 eff:0.1% logz-ratio=1.55+/-0.05 dlogz:0.540>0.1]
85739it [8:12:04 bound:1181 nc:6897 ncall:7.1e+07 eff:0.1% logz-ratio=1.55+/-0.05 dlogz:0.529>0.1]
85856it [8:13:29 bound:1183 nc:2280 ncall:7.1e+07 eff:0.1% logz-ratio=1.55+/-0.05 dlogz:0.517>0.1]
85976it [8:15:01 bound:1185 nc:1958 ncall:7.2e+07 eff:0.1% logz-ratio=1.55+/-0.05 dlogz:0.505>0.1]
86090it [8:16:27 bound:1187 nc:1583 ncall:7.2e+07 eff:0.1% logz-ratio=1.55+/-0.05 dlogz:0.494>0.1]
86209it [8:17:54 bound:1189 nc:2490 ncall:7.2e+07 eff:0.1% logz-ratio=1.55+/-0.05 dlogz:0.482>0.1]
86318it [8:19:22 bound:1191 nc:889 ncall:7.2e+07 eff:0.1% logz-ratio=1.55+/-0.05 dlogz:1.118>0.1]
86432it [8:20:52 bound:1193 nc:3339 ncall:7.3e+07 eff:0.1% logz-ratio=1.55+/-0.05 dlogz:1.099>0.1]
86553it [8:22:22 bound:1195 nc:1734 ncall:7.3e+07 eff:0.1% logz-ratio=1.55+/-0.05 dlogz:1.079>0.1]
86666it [8:23:50 bound:1197 nc:1511 ncall:7.3e+07 eff:0.1% logz-ratio=1.55+/-0.05 dlogz:1.060>0.1]
86783it [8:25:17 bound:1199 nc:1483 ncall:7.3e+07 eff:0.1% logz-ratio=1.55+/-0.05 dlogz:1.041>0.1]
86903it [8:26:46 bound:1201 nc:2916 ncall:7.3e+07 eff:0.1% logz-ratio=1.55+/-0.05 dlogz:1.022>0.1]
87018it [8:28:15 bound:1203 nc:1835 ncall:7.4e+07 eff:0.1% logz-ratio=1.55+/-0.05 dlogz:1.004>0.1]
87138it [8:29:45 bound:1205 nc:1642 ncall:7.4e+07 eff:0.1% logz-ratio=1.55+/-0.05 dlogz:0.985>0.1]
87256it [8:31:15 bound:1207 nc:3295 ncall:7.4e+07 eff:0.1% logz-ratio=1.56+/-0.05 dlogz:0.967>0.1]
87366it [8:32:40 bound:1209 nc:2070 ncall:7.4e+07 eff:0.1% logz-ratio=1.56+/-0.05 dlogz:0.950>0.1]
87480it [8:34:07 bound:1211 nc:1390 ncall:7.5e+07 eff:0.1% logz-ratio=1.56+/-0.05 dlogz:0.933>0.1]
87594it [8:35:32 bound:1213 nc:1111 ncall:7.5e+07 eff:0.1% logz-ratio=1.56+/-0.05 dlogz:0.915>0.1]
87713it [8:37:00 bound:1215 nc:2198 ncall:7.5e+07 eff:0.1% logz-ratio=1.56+/-0.05 dlogz:0.898>0.1]
87826it [8:38:28 bound:1217 nc:1478 ncall:7.5e+07 eff:0.1% logz-ratio=1.56+/-0.05 dlogz:0.881>0.1]
87938it [8:39:59 bound:1219 nc:1662 ncall:7.5e+07 eff:0.1% logz-ratio=1.56+/-0.05 dlogz:0.865>0.1]
88058it [8:41:27 bound:1221 nc:1806 ncall:7.6e+07 eff:0.1% logz-ratio=1.56+/-0.05 dlogz:0.848>0.1]
88173it [8:42:51 bound:1223 nc:2127 ncall:7.6e+07 eff:0.1% logz-ratio=1.56+/-0.05 dlogz:0.832>0.1]
88292it [8:44:18 bound:1225 nc:1242 ncall:7.6e+07 eff:0.1% logz-ratio=1.56+/-0.05 dlogz:0.815>0.1]
88405it [8:45:43 bound:1227 nc:2087 ncall:7.6e+07 eff:0.1% logz-ratio=1.56+/-0.05 dlogz:0.799>0.1]
88519it [8:47:11 bound:1229 nc:4188 ncall:7.7e+07 eff:0.1% logz-ratio=1.56+/-0.05 dlogz:0.784>0.1]
88634it [8:48:41 bound:1231 nc:1258 ncall:7.7e+07 eff:0.1% logz-ratio=1.56+/-0.05 dlogz:0.769>0.1]
88752it [8:50:02 bound:1233 nc:1737 ncall:7.7e+07 eff:0.1% logz-ratio=1.56+/-0.05 dlogz:0.753>0.1]
88873it [8:51:26 bound:1235 nc:1844 ncall:7.7e+07 eff:0.1% logz-ratio=1.56+/-0.05 dlogz:0.737>0.1]
88992it [8:52:55 bound:1237 nc:1853 ncall:7.7e+07 eff:0.1% logz-ratio=1.56+/-0.05 dlogz:0.722>0.1]
89110it [8:54:22 bound:1239 nc:935 ncall:7.8e+07 eff:0.1% logz-ratio=1.56+/-0.05 dlogz:0.707>0.1]
89227it [8:55:50 bound:1241 nc:2152 ncall:7.8e+07 eff:0.1% logz-ratio=1.56+/-0.05 dlogz:0.692>0.1]
89347it [8:57:15 bound:1243 nc:1888 ncall:7.8e+07 eff:0.1% logz-ratio=1.56+/-0.05 dlogz:0.677>0.1]
89464it [8:58:42 bound:1245 nc:1496 ncall:7.8e+07 eff:0.1% logz-ratio=1.57+/-0.05 dlogz:0.663>0.1]
89575it [9:00:12 bound:1247 nc:1239 ncall:7.9e+07 eff:0.1% logz-ratio=1.57+/-0.05 dlogz:0.650>0.1]
89693it [9:01:46 bound:1249 nc:1052 ncall:7.9e+07 eff:0.1% logz-ratio=1.57+/-0.05 dlogz:0.636>0.1]
89807it [9:03:13 bound:1251 nc:1624 ncall:7.9e+07 eff:0.1% logz-ratio=1.57+/-0.05 dlogz:0.623>0.1]
89924it [9:04:38 bound:1253 nc:1087 ncall:7.9e+07 eff:0.1% logz-ratio=1.57+/-0.05 dlogz:0.610>0.1]
90042it [9:06:02 bound:1255 nc:2497 ncall:7.9e+07 eff:0.1% logz-ratio=1.57+/-0.05 dlogz:0.596>0.1]
90053it [9:07:26 bound:1255 nc:1714 ncall:7.9e+07 eff:0.1% logz-ratio=1.57+/-0.05 dlogz:0.595>0.1]
90153it [9:08:48 bound:1257 nc:1216 ncall:8.0e+07 eff:0.1% logz-ratio=1.57+/-0.05 dlogz:0.584>0.1]
90272it [9:10:12 bound:1259 nc:5025 ncall:8.0e+07 eff:0.1% logz-ratio=1.57+/-0.05 dlogz:0.571>0.1]
90387it [9:11:37 bound:1261 nc:1818 ncall:8.0e+07 eff:0.1% logz-ratio=1.57+/-0.05 dlogz:0.559>0.1]
90499it [9:12:59 bound:1263 nc:1299 ncall:8.0e+07 eff:0.1% logz-ratio=1.57+/-0.05 dlogz:0.547>0.1]
90613it [9:14:29 bound:1265 nc:936 ncall:8.0e+07 eff:0.1% logz-ratio=1.57+/-0.05 dlogz:0.535>0.1]
90726it [9:15:53 bound:1267 nc:2089 ncall:8.1e+07 eff:0.1% logz-ratio=1.57+/-0.05 dlogz:0.524>0.1]
90843it [9:17:20 bound:1269 nc:1803 ncall:8.1e+07 eff:0.1% logz-ratio=1.57+/-0.05 dlogz:0.512>0.1]
90965it [9:18:51 bound:1271 nc:2283 ncall:8.1e+07 eff:0.1% logz-ratio=1.57+/-0.05 dlogz:0.500>0.1]
91083it [9:20:17 bound:1273 nc:1362 ncall:8.1e+07 eff:0.1% logz-ratio=1.57+/-0.05 dlogz:0.489>0.1]
91196it [9:21:44 bound:1275 nc:2698 ncall:8.1e+07 eff:0.1% logz-ratio=1.57+/-0.05 dlogz:0.478>0.1]
91312it [9:23:07 bound:1277 nc:1684 ncall:8.2e+07 eff:0.1% logz-ratio=1.57+/-0.05 dlogz:0.467>0.1]
91424it [9:24:30 bound:1279 nc:1850 ncall:8.2e+07 eff:0.1% logz-ratio=1.57+/-0.05 dlogz:0.457>0.1]
91537it [9:25:59 bound:1281 nc:1785 ncall:8.2e+07 eff:0.1% logz-ratio=1.57+/-0.05 dlogz:0.447>0.1]
91650it [9:27:33 bound:1283 nc:1322 ncall:8.2e+07 eff:0.1% logz-ratio=1.57+/-0.05 dlogz:0.437>0.1]
91763it [9:29:03 bound:1285 nc:1191 ncall:8.3e+07 eff:0.1% logz-ratio=1.57+/-0.05 dlogz:0.427>0.1]
91879it [9:30:29 bound:1287 nc:1797 ncall:8.3e+07 eff:0.1% logz-ratio=1.57+/-0.05 dlogz:0.417>0.1]
91996it [9:31:51 bound:1289 nc:1988 ncall:8.3e+07 eff:0.1% logz-ratio=1.57+/-0.05 dlogz:0.407>0.1]
92111it [9:33:13 bound:1291 nc:1835 ncall:8.3e+07 eff:0.1% logz-ratio=1.57+/-0.05 dlogz:0.398>0.1]
92229it [9:34:39 bound:1293 nc:1021 ncall:8.3e+07 eff:0.1% logz-ratio=1.57+/-0.05 dlogz:0.388>0.1]
92341it [9:35:58 bound:1295 nc:1665 ncall:8.4e+07 eff:0.1% logz-ratio=1.58+/-0.05 dlogz:0.380>0.1]
92456it [9:37:22 bound:1297 nc:1354 ncall:8.4e+07 eff:0.1% logz-ratio=1.58+/-0.05 dlogz:0.388>0.1]
92567it [9:38:41 bound:1299 nc:3008 ncall:8.4e+07 eff:0.1% logz-ratio=1.58+/-0.05 dlogz:0.379>0.1]
92681it [9:40:06 bound:1301 nc:1646 ncall:8.4e+07 eff:0.1% logz-ratio=1.58+/-0.05 dlogz:0.371>0.1]
92797it [9:41:29 bound:1303 nc:2119 ncall:8.4e+07 eff:0.1% logz-ratio=1.58+/-0.05 dlogz:0.362>0.1]
92916it [9:42:56 bound:1305 nc:1346 ncall:8.5e+07 eff:0.1% logz-ratio=1.58+/-0.05 dlogz:0.353>0.1]
93030it [9:44:18 bound:1307 nc:1561 ncall:8.5e+07 eff:0.1% logz-ratio=1.58+/-0.05 dlogz:0.345>0.1]
93150it [9:45:37 bound:1309 nc:929 ncall:8.5e+07 eff:0.1% logz-ratio=1.58+/-0.05 dlogz:0.336>0.1]
93265it [9:47:04 bound:1311 nc:2470 ncall:8.5e+07 eff:0.1% logz-ratio=1.58+/-0.05 dlogz:0.328>0.1]
93376it [9:48:25 bound:1313 nc:3524 ncall:8.5e+07 eff:0.1% logz-ratio=1.58+/-0.05 dlogz:0.442>0.1]
93490it [9:49:46 bound:1315 nc:954 ncall:8.6e+07 eff:0.1% logz-ratio=1.58+/-0.05 dlogz:0.432>0.1]
93603it [9:51:12 bound:1317 nc:1513 ncall:8.6e+07 eff:0.1% logz-ratio=1.58+/-0.05 dlogz:0.422>0.1]
93715it [9:52:36 bound:1319 nc:1129 ncall:8.6e+07 eff:0.1% logz-ratio=1.58+/-0.05 dlogz:0.413>0.1]
93828it [9:53:58 bound:1321 nc:623 ncall:8.6e+07 eff:0.1% logz-ratio=1.58+/-0.05 dlogz:0.403>0.1]
93940it [9:55:27 bound:1323 nc:2203 ncall:8.6e+07 eff:0.1% logz-ratio=1.58+/-0.05 dlogz:0.394>0.1]
94054it [9:56:48 bound:1325 nc:2181 ncall:8.7e+07 eff:0.1% logz-ratio=1.58+/-0.05 dlogz:0.385>0.1]
94169it [9:58:06 bound:1327 nc:2602 ncall:8.7e+07 eff:0.1% logz-ratio=1.58+/-0.05 dlogz:0.376>0.1]
94286it [9:59:32 bound:1329 nc:2247 ncall:8.7e+07 eff:0.1% logz-ratio=1.58+/-0.05 dlogz:0.367>0.1]
94402it [10:00:54 bound:1331 nc:1569 ncall:8.7e+07 eff:0.1% logz-ratio=1.58+/-0.05 dlogz:0.359>0.1]
94517it [10:02:15 bound:1333 nc:2913 ncall:8.7e+07 eff:0.1% logz-ratio=1.58+/-0.05 dlogz:0.350>0.1]
94637it [10:03:41 bound:1335 nc:1836 ncall:8.8e+07 eff:0.1% logz-ratio=1.58+/-0.05 dlogz:0.341>0.1]
94758it [10:05:08 bound:1337 nc:1523 ncall:8.8e+07 eff:0.1% logz-ratio=1.58+/-0.05 dlogz:0.333>0.1]
94870it [10:06:35 bound:1339 nc:1786 ncall:8.8e+07 eff:0.1% logz-ratio=1.58+/-0.05 dlogz:0.325>0.1]
94942it [10:08:47 bound:1340 nc:1486 ncall:8.8e+07 eff:0.1% logz-ratio=1.58+/-0.05 dlogz:0.320>0.1]
95046it [10:10:07 bound:1342 nc:1197 ncall:8.8e+07 eff:0.1% logz-ratio=1.58+/-0.05 dlogz:0.313>0.1]
95162it [10:11:38 bound:1344 nc:1367 ncall:8.9e+07 eff:0.1% logz-ratio=1.58+/-0.05 dlogz:0.306>0.1]
95277it [10:13:01 bound:1346 nc:944 ncall:8.9e+07 eff:0.1% logz-ratio=1.58+/-0.05 dlogz:0.298>0.1]
95394it [10:14:19 bound:1348 nc:1142 ncall:8.9e+07 eff:0.1% logz-ratio=1.58+/-0.05 dlogz:0.291>0.1]
95510it [10:15:38 bound:1350 nc:1595 ncall:8.9e+07 eff:0.1% logz-ratio=1.58+/-0.05 dlogz:0.284>0.1]
95622it [10:16:58 bound:1352 nc:2217 ncall:8.9e+07 eff:0.1% logz-ratio=1.58+/-0.05 dlogz:0.277>0.1]
95739it [10:18:25 bound:1354 nc:1207 ncall:9.0e+07 eff:0.1% logz-ratio=1.58+/-0.05 dlogz:0.270>0.1]
95854it [10:19:50 bound:1356 nc:1045 ncall:9.0e+07 eff:0.1% logz-ratio=1.58+/-0.05 dlogz:0.264>0.1]
95974it [10:21:08 bound:1358 nc:1384 ncall:9.0e+07 eff:0.1% logz-ratio=1.58+/-0.05 dlogz:0.257>0.1]
96093it [10:22:29 bound:1360 nc:1045 ncall:9.0e+07 eff:0.1% logz-ratio=1.58+/-0.05 dlogz:0.250>0.1]
96212it [10:23:51 bound:1362 nc:628 ncall:9.0e+07 eff:0.1% logz-ratio=1.58+/-0.05 dlogz:0.244>0.1]
96327it [10:25:14 bound:1364 nc:2290 ncall:9.1e+07 eff:0.1% logz-ratio=1.58+/-0.05 dlogz:0.238>0.1]
96439it [10:26:31 bound:1366 nc:1422 ncall:9.1e+07 eff:0.1% logz-ratio=1.59+/-0.05 dlogz:0.232>0.1]
96555it [10:27:55 bound:1368 nc:2012 ncall:9.1e+07 eff:0.1% logz-ratio=1.59+/-0.05 dlogz:0.226>0.1]
96663it [10:29:20 bound:1370 nc:2402 ncall:9.1e+07 eff:0.1% logz-ratio=1.59+/-0.05 dlogz:0.221>0.1]
96776it [10:30:38 bound:1372 nc:1221 ncall:9.1e+07 eff:0.1% logz-ratio=1.59+/-0.05 dlogz:0.215>0.1]
96889it [10:32:02 bound:1374 nc:1354 ncall:9.2e+07 eff:0.1% logz-ratio=1.59+/-0.05 dlogz:0.210>0.1]
97003it [10:33:22 bound:1376 nc:2097 ncall:9.2e+07 eff:0.1% logz-ratio=1.59+/-0.05 dlogz:0.205>0.1]
97118it [10:34:46 bound:1378 nc:1741 ncall:9.2e+07 eff:0.1% logz-ratio=1.59+/-0.05 dlogz:0.200>0.1]
97229it [10:36:03 bound:1380 nc:1953 ncall:9.2e+07 eff:0.1% logz-ratio=1.59+/-0.05 dlogz:0.195>0.1]
97344it [10:37:22 bound:1382 nc:944 ncall:9.2e+07 eff:0.1% logz-ratio=1.59+/-0.05 dlogz:0.190>0.1]
97458it [10:38:44 bound:1384 nc:1108 ncall:9.3e+07 eff:0.1% logz-ratio=1.59+/-0.05 dlogz:0.185>0.1]
97574it [10:40:04 bound:1386 nc:2121 ncall:9.3e+07 eff:0.1% logz-ratio=1.59+/-0.05 dlogz:0.180>0.1]
97687it [10:41:27 bound:1388 nc:1665 ncall:9.3e+07 eff:0.1% logz-ratio=1.59+/-0.05 dlogz:0.176>0.1]
97805it [10:42:47 bound:1390 nc:2892 ncall:9.3e+07 eff:0.1% logz-ratio=1.59+/-0.05 dlogz:0.171>0.1]
97915it [10:44:07 bound:1392 nc:2820 ncall:9.3e+07 eff:0.1% logz-ratio=1.59+/-0.05 dlogz:0.167>0.1]
98030it [10:45:30 bound:1394 nc:954 ncall:9.4e+07 eff:0.1% logz-ratio=1.59+/-0.05 dlogz:0.163>0.1]
98148it [10:46:51 bound:1396 nc:2351 ncall:9.4e+07 eff:0.1% logz-ratio=1.59+/-0.05 dlogz:0.158>0.1]
98266it [10:48:05 bound:1398 nc:1455 ncall:9.4e+07 eff:0.1% logz-ratio=1.59+/-0.05 dlogz:0.154>0.1]
98383it [10:49:23 bound:1400 nc:1310 ncall:9.4e+07 eff:0.1% logz-ratio=1.59+/-0.05 dlogz:0.150>0.1]
98501it [10:50:41 bound:1402 nc:3460 ncall:9.4e+07 eff:0.1% logz-ratio=1.59+/-0.05 dlogz:0.146>0.1]
98613it [10:52:03 bound:1404 nc:1245 ncall:9.5e+07 eff:0.1% logz-ratio=1.59+/-0.05 dlogz:0.142>0.1]
98725it [10:53:23 bound:1406 nc:1691 ncall:9.5e+07 eff:0.1% logz-ratio=1.59+/-0.05 dlogz:0.139>0.1]
98838it [10:54:49 bound:1408 nc:808 ncall:9.5e+07 eff:0.1% logz-ratio=1.59+/-0.05 dlogz:0.135>0.1]
98951it [10:56:04 bound:1410 nc:1778 ncall:9.5e+07 eff:0.1% logz-ratio=1.59+/-0.05 dlogz:0.132>0.1]
99066it [10:57:19 bound:1412 nc:2891 ncall:9.5e+07 eff:0.1% logz-ratio=1.59+/-0.05 dlogz:0.128>0.1]
99186it [10:58:37 bound:1414 nc:681 ncall:9.6e+07 eff:0.1% logz-ratio=1.59+/-0.05 dlogz:0.125>0.1]
99304it [10:59:56 bound:1416 nc:2806 ncall:9.6e+07 eff:0.1% logz-ratio=1.59+/-0.05 dlogz:0.121>0.1]
99421it [11:01:12 bound:1418 nc:1641 ncall:9.6e+07 eff:0.1% logz-ratio=1.59+/-0.05 dlogz:0.118>0.1]
99536it [11:02:36 bound:1420 nc:1562 ncall:9.6e+07 eff:0.1% logz-ratio=1.59+/-0.05 dlogz:0.115>0.1]
99659it [11:03:56 bound:1422 nc:1842 ncall:9.6e+07 eff:0.1% logz-ratio=1.59+/-0.05 dlogz:0.112>0.1]
99777it [11:05:17 bound:1424 nc:1478 ncall:9.7e+07 eff:0.1% logz-ratio=1.59+/-0.05 dlogz:0.109>0.1]
99896it [11:06:34 bound:1426 nc:2225 ncall:9.7e+07 eff:0.1% logz-ratio=1.59+/-0.05 dlogz:0.106>0.1]
100011it [11:07:55 bound:1428 nc:1499 ncall:9.7e+07 eff:0.1% logz-ratio=1.59+/-0.05 dlogz:0.103>0.1]
100078it [11:10:08 bound:1429 nc:2976 ncall:9.7e+07 eff:0.1% logz-ratio=1.59+/-0.05 dlogz:0.101>0.1]
At this point, we cannot create a float from 0        1.146317
1        1.085256
2        1.160861
3        1.070746
4        1.175200
           ...   
41845    1.300422
41846    1.304837
41847    1.298656
41848    1.301389
41849    1.306268
Name: chirp_mass_source, Length: 41850, dtype: float64, error: cannot convert the series to <class 'float'>
At this point, we cannot create a float from 0        0.871309
1        0.964606
2        0.940414
3        0.893917
4        0.981404
           ...   
41845    0.964440
41846    0.976147
41847    0.965143
41848    0.977864
41849    0.969316
Name: mass_ratio, Length: 41850, dtype: float64, error: cannot convert the series to <class 'float'>
At this point, we cannot create a float from 0         692.230896
1         747.478027
2         435.447815
3        1297.492554
4         948.985229
            ...     
41845     308.200989
41846     270.443268
41847     312.000488
41848     314.186707
41849     262.781799
Name: lambda_1, Length: 41850, dtype: float64, error: cannot convert the series to <class 'float'>
At this point, we cannot create a float from 0        1734.261719
1         894.821716
2         623.742859
3        2521.910400
4        1058.294678
            ...     
41845     379.916351
41846     311.034821
41847     381.707672
41848     359.089508
41849     314.596527
Name: lambda_2, Length: 41850, dtype: float64, error: cannot convert the series to <class 'float'>
Skipped taking the float value from [-10.64608383  -8.71339989  -6.96238041 ...  -8.66466522
  -7.71091413  -8.85886669], error: only length-1 arrays can be converted to Python scalars
At this point, we cannot create a float from [0.91470605 0.91622049 0.91773493 ... 1.36449432 1.36600875
 1.36752319], error: only length-1 arrays can be converted to Python scalars
At this point, we cannot create a float from [0.63088983 0.63212431 0.63335879 ... 0.99752967 0.99876415
 0.99999863], error: only length-1 arrays can be converted to Python scalars
At this point, we cannot create a float from [  84.99945068   98.29221959  111.5849885  ... 4032.9518157
 4046.24458461 4059.53735352], error: only length-1 arrays can be converted to Python scalars
At this point, we cannot create a float from [ 122.27827454  151.65083818  181.02340183 ... 8845.9296774
 8875.30224104 8904.67480469], error: only length-1 arrays can be converted to Python scalars
Skipped taking the float value from [-78.03546906 -77.88406372 -77.72362518 ... -95.84889221
 -96.17615509 -96.46031952], error: only length-1 arrays can be converted to Python scalars
