000 (2342447.000.000) 2025-07-02 16:36:01 Job submitted from host: <145.107.7.246:9618?addrs=145.107.7.246-9618+[2a07-8500-120-e070--3f6]-9618&alias=taai-007.nikhef.nl&noUDP&sock=schedd_2614_90a7>
    DAG Node: run_c
...
001 (2342447.000.000) 2025-07-02 16:36:25 Job executing on host: <145.107.4.164:9618?addrs=145.107.4.164-9618+[2a07-8500-120-e070--a4]-9618&alias=wn-pijl-003.nikhef.nl&noUDP&sock=startd_4461_7413>
	SlotName: slot1_13@wn-pijl-003.nikhef.nl
	AvailableGPUs = {  }
	CondorScratchDir = "/scratch/condor_execute/dir_2862158"
	Cpus = 16
	Disk = 16790397
	GPUs = 0
	Memory = 16384
...
006 (2342447.000.000) 2025-07-02 16:36:38 Image size of job updated: 355888
	348  -  MemoryUsage of job (MB)
	355888  -  ResidentSetSize of job (KB)
...
006 (2342447.000.000) 2025-07-02 16:41:38 Image size of job updated: 649796
	634  -  MemoryUsage of job (MB)
	648820  -  ResidentSetSize of job (KB)
...
006 (2342447.000.000) 2025-07-02 16:46:39 Image size of job updated: 650976
	636  -  MemoryUsage of job (MB)
	650976  -  ResidentSetSize of job (KB)
...
006 (2342447.000.000) 2025-07-02 16:51:40 Image size of job updated: 652480
	638  -  MemoryUsage of job (MB)
	652480  -  ResidentSetSize of job (KB)
...
006 (2342447.000.000) 2025-07-02 16:56:40 Image size of job updated: 653636
	639  -  MemoryUsage of job (MB)
	653636  -  ResidentSetSize of job (KB)
...
006 (2342447.000.000) 2025-07-02 17:01:41 Image size of job updated: 654756
	640  -  MemoryUsage of job (MB)
	654756  -  ResidentSetSize of job (KB)
...
006 (2342447.000.000) 2025-07-02 17:06:42 Image size of job updated: 655812
	641  -  MemoryUsage of job (MB)
	655812  -  ResidentSetSize of job (KB)
...
006 (2342447.000.000) 2025-07-02 17:11:42 Image size of job updated: 672440
	657  -  MemoryUsage of job (MB)
	672440  -  ResidentSetSize of job (KB)
...
006 (2342447.000.000) 2025-07-02 17:16:43 Image size of job updated: 675412
	660  -  MemoryUsage of job (MB)
	675412  -  ResidentSetSize of job (KB)
...
006 (2342447.000.000) 2025-07-02 17:21:44 Image size of job updated: 676652
	661  -  MemoryUsage of job (MB)
	676652  -  ResidentSetSize of job (KB)
...
006 (2342447.000.000) 2025-07-02 17:26:44 Image size of job updated: 677928
	663  -  MemoryUsage of job (MB)
	677928  -  ResidentSetSize of job (KB)
...
006 (2342447.000.000) 2025-07-02 17:31:45 Image size of job updated: 678872
	663  -  MemoryUsage of job (MB)
	678872  -  ResidentSetSize of job (KB)
...
006 (2342447.000.000) 2025-07-02 17:36:46 Image size of job updated: 679824
	664  -  MemoryUsage of job (MB)
	679824  -  ResidentSetSize of job (KB)
...
006 (2342447.000.000) 2025-07-02 17:41:46 Image size of job updated: 1008792
	986  -  MemoryUsage of job (MB)
	1008792  -  ResidentSetSize of job (KB)
...
006 (2342447.000.000) 2025-07-02 17:46:47 Image size of job updated: 1009084
	986  -  MemoryUsage of job (MB)
	1009084  -  ResidentSetSize of job (KB)
...
006 (2342447.000.000) 2025-07-02 17:51:47 Image size of job updated: 1009392
	986  -  MemoryUsage of job (MB)
	1009392  -  ResidentSetSize of job (KB)
...
006 (2342447.000.000) 2025-07-02 17:56:47 Image size of job updated: 1009696
	987  -  MemoryUsage of job (MB)
	1009696  -  ResidentSetSize of job (KB)
...
006 (2342447.000.000) 2025-07-02 18:01:48 Image size of job updated: 1009960
	987  -  MemoryUsage of job (MB)
	1009960  -  ResidentSetSize of job (KB)
...
006 (2342447.000.000) 2025-07-02 18:06:48 Image size of job updated: 1010164
	987  -  MemoryUsage of job (MB)
	1010164  -  ResidentSetSize of job (KB)
...
006 (2342447.000.000) 2025-07-02 18:11:49 Image size of job updated: 1010388
	987  -  MemoryUsage of job (MB)
	1010388  -  ResidentSetSize of job (KB)
...
006 (2342447.000.000) 2025-07-02 18:16:50 Image size of job updated: 1010564
	987  -  MemoryUsage of job (MB)
	1010564  -  ResidentSetSize of job (KB)
...
006 (2342447.000.000) 2025-07-02 18:21:50 Image size of job updated: 1010808
	988  -  MemoryUsage of job (MB)
	1010808  -  ResidentSetSize of job (KB)
...
006 (2342447.000.000) 2025-07-02 18:26:51 Image size of job updated: 1011456
	988  -  MemoryUsage of job (MB)
	1011456  -  ResidentSetSize of job (KB)
...
006 (2342447.000.000) 2025-07-02 18:31:51 Image size of job updated: 1011964
	989  -  MemoryUsage of job (MB)
	1011964  -  ResidentSetSize of job (KB)
...
006 (2342447.000.000) 2025-07-02 18:36:53 Image size of job updated: 1012676
	989  -  MemoryUsage of job (MB)
	1012676  -  ResidentSetSize of job (KB)
...
006 (2342447.000.000) 2025-07-02 18:41:53 Image size of job updated: 1054152
	1030  -  MemoryUsage of job (MB)
	1054152  -  ResidentSetSize of job (KB)
...
006 (2342447.000.000) 2025-07-02 18:46:53 Image size of job updated: 1054380
	1030  -  MemoryUsage of job (MB)
	1054380  -  ResidentSetSize of job (KB)
...
006 (2342447.000.000) 2025-07-02 18:51:54 Image size of job updated: 1054524
	1030  -  MemoryUsage of job (MB)
	1054524  -  ResidentSetSize of job (KB)
...
006 (2342447.000.000) 2025-07-02 18:56:55 Image size of job updated: 1054720
	1030  -  MemoryUsage of job (MB)
	1054720  -  ResidentSetSize of job (KB)
...
006 (2342447.000.000) 2025-07-02 19:01:55 Image size of job updated: 1055196
	1031  -  MemoryUsage of job (MB)
	1055196  -  ResidentSetSize of job (KB)
...
006 (2342447.000.000) 2025-07-02 19:06:55 Image size of job updated: 1071688
	1031  -  MemoryUsage of job (MB)
	1055196  -  ResidentSetSize of job (KB)
...
005 (2342447.000.000) 2025-07-02 19:07:03 Job terminated.
	(1) Normal termination (return value 1)
		Usr 1 01:18:16, Sys 0 00:00:44  -  Run Remote Usage
		Usr 0 00:00:00, Sys 0 00:00:00  -  Run Local Usage
		Usr 1 01:18:16, Sys 0 00:00:44  -  Total Remote Usage
		Usr 0 00:00:00, Sys 0 00:00:00  -  Total Local Usage
	0  -  Run Bytes Sent By Job
	0  -  Run Bytes Received By Job
	0  -  Total Bytes Sent By Job
	0  -  Total Bytes Received By Job
	Partitionable Resources :    Usage  Request Allocated 
	   Cpus                 :     2.05       16        16 
	   Disk (KB)            : 17500    16777216  16790397 
	   GPUs                 :                           0 
	   Memory (MB)          :  1031       16384     16384 
	   TimeExecute (s)      :  9038                       
	   TimeSlotBusy (s)     :  9039                       

	Job terminated of its own accord at 2025-07-02T17:07:03Z with exit-code 1.
...
000 (2350023.000.000) 2025-07-03 08:11:50 Job submitted from host: <145.107.7.246:9618?addrs=145.107.7.246-9618+[2a07-8500-120-e070--3f6]-9618&alias=taai-007.nikhef.nl&noUDP&sock=schedd_2614_90a7>
    DAG Node: run_c
...
009 (2350023.000.000) 2025-07-03 08:12:01 Job was aborted.
	DAG Removed: User removed scheduler job from queue. (by user twouters)
...
000 (2350027.000.000) 2025-07-03 08:12:15 Job submitted from host: <145.107.7.246:9618?addrs=145.107.7.246-9618+[2a07-8500-120-e070--3f6]-9618&alias=taai-007.nikhef.nl&noUDP&sock=schedd_2614_90a7>
    DAG Node: run_c
...
001 (2350027.000.000) 2025-07-03 08:12:48 Job executing on host: <145.107.4.131:9618?addrs=145.107.4.131-9618+[2a07-8500-120-e070--83]-9618&alias=wn-lot-004.nikhef.nl&noUDP&sock=startd_1823_013d>
	SlotName: slot1_2@wn-lot-004.nikhef.nl
	CondorScratchDir = "/scratch/condor_execute/dir_713616"
	Cpus = 16
	Disk = 16778730
	GPUs = 0
	Memory = 16384
...
006 (2350027.000.000) 2025-07-03 08:13:02 Image size of job updated: 294124
	288  -  MemoryUsage of job (MB)
	294124  -  ResidentSetSize of job (KB)
...
006 (2350027.000.000) 2025-07-03 08:13:49 Image size of job updated: 1460040
	288  -  MemoryUsage of job (MB)
	294132  -  ResidentSetSize of job (KB)
...
005 (2350027.000.000) 2025-07-03 08:13:49 Job terminated.
	(1) Normal termination (return value 0)
		Usr 0 00:00:48, Sys 0 00:00:07  -  Run Remote Usage
		Usr 0 00:00:00, Sys 0 00:00:00  -  Run Local Usage
		Usr 0 00:00:48, Sys 0 00:00:07  -  Total Remote Usage
		Usr 0 00:00:00, Sys 0 00:00:00  -  Total Local Usage
	0  -  Run Bytes Sent By Job
	0  -  Run Bytes Received By Job
	0  -  Total Bytes Sent By Job
	0  -  Total Bytes Received By Job
	Partitionable Resources :    Usage  Request Allocated 
	   Cpus                 :     0.95       16        16 
	   Disk (KB)            : 17500    16777216  16778730 
	   GPUs                 :                           0 
	   Memory (MB)          :   288       16384     16384 
	   TimeExecute (s)      :    61                       
	   TimeSlotBusy (s)     :    61                       

	Job terminated of its own accord at 2025-07-03T06:13:49Z with exit-code 0.
...
