07/28/25 23:23:22 ******************************************************
07/28/25 23:23:22 ** condor_scheduniv_exec.2568341.0 (CONDOR_DAGMAN) STARTING UP
07/28/25 23:23:22 ** /usr/bin/condor_dagman
07/28/25 23:23:22 ** SubsystemInfo: name=DAGMAN type=DAGMAN(9) class=CLIENT(2)
07/28/25 23:23:22 ** Configuration: subsystem:DAGMAN local:<NONE> class:CLIENT
07/28/25 23:23:22 ** $CondorVersion: 24.6.0 2025-03-05 BuildID: 790852 PackageID: 24.6.0-1+deb12 $
07/28/25 23:23:22 ** $CondorPlatform: X86_64-Debian_12 $
07/28/25 23:23:22 ** PID = 516520 RealUID = 10896
07/28/25 23:23:22 ** Log last touched time unavailable (No such file or directory)
07/28/25 23:23:22 ******************************************************
07/28/25 23:23:22 Using config source: /etc/condor/condor_config
07/28/25 23:23:22 Using local config sources: 
07/28/25 23:23:22    /etc/condor/config.d/00-security
07/28/25 23:23:22    /etc/condor/config.d/01-submit.config
07/28/25 23:23:22    /etc/condor/config.d/10-stash-plugin.conf
07/28/25 23:23:22    /etc/condor/config.d/49-common.config
07/28/25 23:23:22    /etc/condor/config.d/50-security.config
07/28/25 23:23:22    /etc/condor/config.d/60-job-container.config
07/28/25 23:23:22    /etc/condor/config.d/61-job-categories.config
07/28/25 23:23:22    /etc/condor/config.d/62-job-accounting-group.config
07/28/25 23:23:22    /etc/condor/config.d/96-concurrency-transform.config
07/28/25 23:23:22    /etc/condor/config.d/97-sign-attrs.config
07/28/25 23:23:22    /etc/condor/config.d/99-curbstomp.config
07/28/25 23:23:22    /etc/condor/condor_config.local
07/28/25 23:23:22 config Macros = 155, Sorted = 155, StringBytes = 12263, TablesBytes = 5708
07/28/25 23:23:22 CLASSAD_CACHING is ENABLED
07/28/25 23:23:22 Daemon Log is logging: D_ALWAYS D_ERROR D_STATUS
07/28/25 23:23:22 DaemonCore: No command port requested.
07/28/25 23:23:22 DAGMAN_USE_STRICT setting: 1
07/28/25 23:23:22 DAGMAN_VERBOSITY setting: 3
07/28/25 23:23:22 DAGMAN_DEBUG_CACHE_SIZE setting: 5242880
07/28/25 23:23:22 DAGMAN_DEBUG_CACHE_ENABLE setting: False
07/28/25 23:23:22 DAGMAN_SUBMIT_DELAY setting: 0
07/28/25 23:23:22 DAGMAN_MAX_SUBMIT_ATTEMPTS setting: 6
07/28/25 23:23:22 DAGMAN_STARTUP_CYCLE_DETECT setting: False
07/28/25 23:23:22 DAGMAN_USE_JOIN_NODES setting: True
07/28/25 23:23:22 DAGMAN_REPORT_GRAPH_METRICS setting: False
07/28/25 23:23:22 DAGMAN_MAX_SUBMITS_PER_INTERVAL setting: 100
07/28/25 23:23:22 DAGMAN_AGGRESSIVE_SUBMIT setting: False
07/28/25 23:23:22 DAGMAN_USER_LOG_SCAN_INTERVAL setting: 5
07/28/25 23:23:22 DAGMAN_QUEUE_UPDATE_INTERVAL setting: 300.000000
07/28/25 23:23:22 DAGMAN_DEFAULT_PRIORITY setting: 0
07/28/25 23:23:22 DAGMAN_SUPPRESS_NOTIFICATION setting: False
07/28/25 23:23:22 allow_events (DAGMAN_ALLOW_EVENTS) setting: 114
07/28/25 23:23:22 DAGMAN_RETRY_SUBMIT_FIRST setting: True
07/28/25 23:23:22 DAGMAN_RETRY_NODE_FIRST setting: False
07/28/25 23:23:22 DAGMAN_MAX_JOBS_IDLE setting: 1000
07/28/25 23:23:22 DAGMAN_MAX_JOBS_SUBMITTED setting: 0
07/28/25 23:23:22 DAGMAN_MAX_PRE_SCRIPTS setting: 20
07/28/25 23:23:22 DAGMAN_MAX_POST_SCRIPTS setting: 20
07/28/25 23:23:22 DAGMAN_MAX_HOLD_SCRIPTS setting: 20
07/28/25 23:23:22 DAGMAN_MUNGE_NODE_NAMES setting: True
07/28/25 23:23:22 DAGMAN_ALLOW_ANY_NODE_NAME_CHARACTERS setting: False
07/28/25 23:23:22 DAGMAN_PROHIBIT_MULTI_JOBS setting: False
07/28/25 23:23:22 DAGMAN_SUBMIT_DEPTH_FIRST setting: False
07/28/25 23:23:22 DAGMAN_ALWAYS_RUN_POST setting: False
07/28/25 23:23:22 DAGMAN_CONDOR_SUBMIT_EXE setting: /usr/bin/condor_submit
07/28/25 23:23:22 DAGMAN_CONDOR_RM_EXE setting: /usr/bin/condor_rm
07/28/25 23:23:22 DAGMAN_USE_DIRECT_SUBMIT setting: True
07/28/25 23:23:22 DAGMAN_PRODUCE_JOB_CREDENTIALS setting: True
07/28/25 23:23:22 DAGMAN_DEFAULT_APPEND_VARS setting: False
07/28/25 23:23:22 DAGMAN_INHERIT_ATTRS_PREFIX setting: 
07/28/25 23:23:22 DAGMAN_INHERIT_ATTRS setting: 
07/28/25 23:23:22 DAGMAN_ABORT_DUPLICATES setting: True
07/28/25 23:23:22 DAGMAN_ABORT_ON_SCARY_SUBMIT setting: True
07/28/25 23:23:22 DAGMAN_PENDING_REPORT_INTERVAL setting: 600
07/28/25 23:23:22 DAGMAN_CHECK_QUEUE_INTERVAL setting: 28800
07/28/25 23:23:22 DAGMAN_PRINT_JOB_TABLE_INTERVAL setting: 900
07/28/25 23:23:22 DAGMAN_AUTO_RESCUE setting: True
07/28/25 23:23:22 DAGMAN_MAX_RESCUE_NUM setting: 100
07/28/25 23:23:22 DAGMAN_WRITE_PARTIAL_RESCUE setting: True
07/28/25 23:23:22 DAGMAN_RESET_RETRIES_UPON_RESCUE setting: True
07/28/25 23:23:22 DAGMAN_METRICS_FILE_VERSION setting: 2
07/28/25 23:23:22 DAGMAN_DEFAULT_NODE_LOG setting: @(DAG_DIR)/@(DAG_FILE).nodes.log
07/28/25 23:23:22 DAGMAN_LOG_ON_NFS_IS_ERROR setting: False
07/28/25 23:23:22 DAGMAN_GENERATE_SUBDAG_SUBMITS setting: True
07/28/25 23:23:22 DAGMAN_MAX_JOB_HOLDS setting: 100
07/28/25 23:23:22 DAGMAN_HOLD_CLAIM_TIME setting: 20
07/28/25 23:23:22 DAGMAN_SUPPRESS_JOB_LOGS setting: False
07/28/25 23:23:22 DAGMAN_REMOVE_NODE_JOBS setting: True
07/28/25 23:23:22 DAGMAN_PUT_FAILED_JOBS_ON_HOLD setting: False
07/28/25 23:23:22 DAGMAN_REMOVE_JOBS_AFTER_LIMIT_CHANGE setting: False
07/28/25 23:23:22 DAGMAN will adjust edges after parsing
07/28/25 23:23:22 argv[0] == "condor_scheduniv_exec.2568341.0"
07/28/25 23:23:22 argv[1] == "-Lockfile"
07/28/25 23:23:22 argv[2] == "GW170817_design_nsbh_jester/dag/run.dag.lock"
07/28/25 23:23:22 argv[3] == "-Dag"
07/28/25 23:23:22 argv[4] == "GW170817_design_nsbh_jester/dag/run.dag"
07/28/25 23:23:22 argv[5] == "-MaxIdle"
07/28/25 23:23:22 argv[6] == "1000"
07/28/25 23:23:22 argv[7] == "-CsdVersion"
07/28/25 23:23:22 argv[8] == "$CondorVersion: 24.6.0 2025-03-05 BuildID: 790852 PackageID: 24.6.0-1 $"
07/28/25 23:23:22 argv[9] == "-dagman"
07/28/25 23:23:22 argv[10] == "/bin/condor_dagman"
07/28/25 23:23:22 argv[11] == "-AutoRescue"
07/28/25 23:23:22 argv[12] == "1"
07/28/25 23:23:22 argv[13] == "-DoRescueFrom"
07/28/25 23:23:22 argv[14] == "0"
07/28/25 23:23:22 Can't open directory "/etc/condor/passwords.d" as PRIV_ROOT, errno: 13 (Permission denied)
07/28/25 23:23:22 Can't open directory "/etc/condor/passwords.d" as PRIV_ROOT, errno: 13 (Permission denied)
07/28/25 23:23:22 Workflow batch-id: <2568341.0>
07/28/25 23:23:22 Workflow batch-name: <run.dag+2568341>
07/28/25 23:23:22 Workflow accounting_group: <>
07/28/25 23:23:22 Workflow accounting_group_user: <twouters>
07/28/25 23:23:22 Warning: failed to get attribute DAGNodeName
07/28/25 23:23:22 Default node log file is: </data/gravwav/twouters/projects/eos_source_classification/eos_source_classification/injections/GW170817_design_nsbh_jester/dag/run.dag.nodes.log>
07/28/25 23:23:22 DAG Lockfile will be written to GW170817_design_nsbh_jester/dag/run.dag.lock
07/28/25 23:23:22 DAG Input file is GW170817_design_nsbh_jester/dag/run.dag
07/28/25 23:23:22 Parsing 1 dagfiles
07/28/25 23:23:22 Parsing GW170817_design_nsbh_jester/dag/run.dag ...
07/28/25 23:23:22 Adjusting edges
07/28/25 23:23:22 Dag contains 6 total nodes
07/28/25 23:23:22 Bootstrapping...
07/28/25 23:23:22 Number of pre-completed nodes: 0
07/28/25 23:23:22 MultiLogFiles: truncating log file /data/gravwav/twouters/projects/eos_source_classification/eos_source_classification/injections/GW170817_design_nsbh_jester/dag/run.dag.nodes.log
07/28/25 23:23:22 DAG status: 0 (DAG_STATUS_OK)
07/28/25 23:23:22 Of 6 nodes total:
07/28/25 23:23:22  Done     Pre   Queued    Post   Ready   Un-Ready   Failed   Futile
07/28/25 23:23:22   ===     ===      ===     ===     ===        ===      ===      ===
07/28/25 23:23:22     0       0        0       0       6          0        0        0
07/28/25 23:23:22 0 job proc(s) currently held
07/28/25 23:23:22 DAGMan Runtime Statistics: [EventCycleTimeSum=0.000; SleepCycleTimeSum=0.000; SubmitCycleTimeSum=0.000; EventCycleTimeCount=0.000; SleepCycleTimeCount=0.000; SubmitCycleTimeCount=0.000; LogProcessCycleTimeSum=0.000; LogProcessCycleTimeCount=0.000; ]
07/28/25 23:23:22 Registering condor_event_timer...
07/28/25 23:23:23 Submitting HTCondor Node run_a job(s)...
07/28/25 23:23:23 Submitting node run_a from file /data/gravwav/twouters/projects/eos_source_classification/eos_source_classification/injections/analysis.sub using direct job submission
07/28/25 23:23:23 	assigned HTCondor ID (2568342.0.0)
07/28/25 23:23:23 Submitting HTCondor Node run_b job(s)...
07/28/25 23:23:23 Submitting node run_b from file /data/gravwav/twouters/projects/eos_source_classification/eos_source_classification/injections/analysis.sub using direct job submission
07/28/25 23:23:23 	assigned HTCondor ID (2568343.0.0)
07/28/25 23:23:23 Submitting HTCondor Node run_c job(s)...
07/28/25 23:23:23 Submitting node run_c from file /data/gravwav/twouters/projects/eos_source_classification/eos_source_classification/injections/analysis.sub using direct job submission
07/28/25 23:23:23 	assigned HTCondor ID (2568344.0.0)
07/28/25 23:23:23 Submitting HTCondor Node run_d job(s)...
07/28/25 23:23:23 Submitting node run_d from file /data/gravwav/twouters/projects/eos_source_classification/eos_source_classification/injections/analysis.sub using direct job submission
07/28/25 23:23:23 	assigned HTCondor ID (2568345.0.0)
07/28/25 23:23:23 Submitting HTCondor Node run_e job(s)...
07/28/25 23:23:23 Submitting node run_e from file /data/gravwav/twouters/projects/eos_source_classification/eos_source_classification/injections/analysis.sub using direct job submission
07/28/25 23:23:23 	assigned HTCondor ID (2568346.0.0)
07/28/25 23:23:23 Submitting HTCondor Node run_f job(s)...
07/28/25 23:23:23 Submitting node run_f from file /data/gravwav/twouters/projects/eos_source_classification/eos_source_classification/injections/analysis.sub using direct job submission
07/28/25 23:23:23 	assigned HTCondor ID (2568347.0.0)
07/28/25 23:23:23 Just submitted 6 jobs this cycle...
07/28/25 23:23:23 DAG status: 0 (DAG_STATUS_OK)
07/28/25 23:23:23 Of 6 nodes total:
07/28/25 23:23:23  Done     Pre   Queued    Post   Ready   Un-Ready   Failed   Futile
07/28/25 23:23:23   ===     ===      ===     ===     ===        ===      ===      ===
07/28/25 23:23:23     0       0        6       0       0          0        0        0
07/28/25 23:23:23 0 job proc(s) currently held
07/28/25 23:23:23 DAGMan Runtime Statistics: [EventCycleTimeSum=0.000; SleepCycleTimeSum=0.000; SubmitCycleTimeAvg=0.055; SubmitCycleTimeMax=0.055; SubmitCycleTimeMin=0.055; SubmitCycleTimeStd=0.055; SubmitCycleTimeSum=0.055; EventCycleTimeCount=0.000; SleepCycleTimeCount=0.000; SubmitCycleTimeCount=1.000; LogProcessCycleTimeSum=0.000; LogProcessCycleTimeCount=0.000; ]
07/28/25 23:23:28 Currently monitoring 1 HTCondor log file(s)
07/28/25 23:23:28 Reassigning the id of job run_a from (2568342.0.0) to (2568342.0.0)
07/28/25 23:23:28 Event: ULOG_SUBMIT for HTCondor Node run_a (2568342.0.0) {07/28/25 23:23:23}
07/28/25 23:23:28 Number of idle job procs: 1
07/28/25 23:23:28 Reassigning the id of job run_b from (2568343.0.0) to (2568343.0.0)
07/28/25 23:23:28 Event: ULOG_SUBMIT for HTCondor Node run_b (2568343.0.0) {07/28/25 23:23:23}
07/28/25 23:23:28 Number of idle job procs: 2
07/28/25 23:23:28 Reassigning the id of job run_c from (2568344.0.0) to (2568344.0.0)
07/28/25 23:23:28 Event: ULOG_SUBMIT for HTCondor Node run_c (2568344.0.0) {07/28/25 23:23:23}
07/28/25 23:23:28 Number of idle job procs: 3
07/28/25 23:23:28 Reassigning the id of job run_d from (2568345.0.0) to (2568345.0.0)
07/28/25 23:23:28 Event: ULOG_SUBMIT for HTCondor Node run_d (2568345.0.0) {07/28/25 23:23:23}
07/28/25 23:23:28 Number of idle job procs: 4
07/28/25 23:23:28 Reassigning the id of job run_e from (2568346.0.0) to (2568346.0.0)
07/28/25 23:23:28 Event: ULOG_SUBMIT for HTCondor Node run_e (2568346.0.0) {07/28/25 23:23:23}
07/28/25 23:23:28 Number of idle job procs: 5
07/28/25 23:23:28 Reassigning the id of job run_f from (2568347.0.0) to (2568347.0.0)
07/28/25 23:23:28 Event: ULOG_SUBMIT for HTCondor Node run_f (2568347.0.0) {07/28/25 23:23:23}
07/28/25 23:23:28 Number of idle job procs: 6
07/28/25 23:24:03 Currently monitoring 1 HTCondor log file(s)
07/28/25 23:24:03 Event: ULOG_EXECUTE for HTCondor Node run_a (2568342.0.0) {07/28/25 23:23:59}
07/28/25 23:24:03 Number of idle job procs: 5
07/28/25 23:24:03 Event: ULOG_EXECUTE for HTCondor Node run_c (2568344.0.0) {07/28/25 23:23:59}
07/28/25 23:24:03 Number of idle job procs: 4
07/28/25 23:24:03 Event: ULOG_EXECUTE for HTCondor Node run_b (2568343.0.0) {07/28/25 23:24:00}
07/28/25 23:24:03 Number of idle job procs: 3
07/28/25 23:24:03 Event: ULOG_EXECUTE for HTCondor Node run_e (2568346.0.0) {07/28/25 23:24:00}
07/28/25 23:24:03 Number of idle job procs: 2
07/28/25 23:24:03 Event: ULOG_EXECUTE for HTCondor Node run_d (2568345.0.0) {07/28/25 23:24:00}
07/28/25 23:24:03 Number of idle job procs: 1
07/28/25 23:24:03 Event: ULOG_EXECUTE for HTCondor Node run_f (2568347.0.0) {07/28/25 23:24:00}
07/28/25 23:24:03 Number of idle job procs: 0
07/28/25 23:24:13 Currently monitoring 1 HTCondor log file(s)
07/28/25 23:24:13 Event: ULOG_JOB_TERMINATED for HTCondor Node run_c (2568344.0.0) {07/28/25 23:24:11}
07/28/25 23:24:13 Number of idle job procs: 0
07/28/25 23:24:13 Node run_c job proc (2568344.0.0) failed with status 1.
07/28/25 23:24:13 Event: ULOG_JOB_TERMINATED for HTCondor Node run_a (2568342.0.0) {07/28/25 23:24:11}
07/28/25 23:24:13 Number of idle job procs: 0
07/28/25 23:24:13 Node run_a job proc (2568342.0.0) failed with status 1.
07/28/25 23:24:13 Event: ULOG_JOB_TERMINATED for HTCondor Node run_b (2568343.0.0) {07/28/25 23:24:11}
07/28/25 23:24:13 Number of idle job procs: 0
07/28/25 23:24:13 Node run_b job proc (2568343.0.0) failed with status 1.
07/28/25 23:24:13 DAG status: 2 (DAG_STATUS_NODE_FAILED)
07/28/25 23:24:13 Of 6 nodes total:
07/28/25 23:24:13  Done     Pre   Queued    Post   Ready   Un-Ready   Failed   Futile
07/28/25 23:24:13   ===     ===      ===     ===     ===        ===      ===      ===
07/28/25 23:24:13     0       0        3       0       0          0        3        0
07/28/25 23:24:13 0 job proc(s) currently held
07/28/25 23:24:13 DAGMan Runtime Statistics: [EventCycleTimeAvg=0.007; EventCycleTimeMax=0.058; EventCycleTimeMin=0.000; EventCycleTimeStd=0.018; EventCycleTimeSum=0.073; SleepCycleTimeAvg=5.005; SleepCycleTimeMax=5.005; SleepCycleTimeMin=5.005; SleepCycleTimeStd=0.000; SleepCycleTimeSum=50.050; SubmitCycleTimeAvg=0.005; SubmitCycleTimeMax=0.055; SubmitCycleTimeMin=0.000; SubmitCycleTimeStd=0.017; SubmitCycleTimeSum=0.055; EventCycleTimeCount=10.000; SleepCycleTimeCount=10.000; SubmitCycleTimeCount=11.000; LogProcessCycleTimeAvg=0.006; LogProcessCycleTimeMax=0.007; LogProcessCycleTimeMin=0.004; LogProcessCycleTimeStd=0.002; LogProcessCycleTimeSum=0.017; LogProcessCycleTimeCount=3.000; ]
07/28/25 23:24:18 Currently monitoring 1 HTCondor log file(s)
07/28/25 23:24:18 Event: ULOG_JOB_TERMINATED for HTCondor Node run_f (2568347.0.0) {07/28/25 23:24:14}
07/28/25 23:24:18 Number of idle job procs: 0
07/28/25 23:24:18 Node run_f job proc (2568347.0.0) failed with status 1.
07/28/25 23:24:18 Event: ULOG_JOB_TERMINATED for HTCondor Node run_d (2568345.0.0) {07/28/25 23:24:14}
07/28/25 23:24:18 Number of idle job procs: 0
07/28/25 23:24:18 Node run_d job proc (2568345.0.0) failed with status 1.
07/28/25 23:24:18 Event: ULOG_JOB_TERMINATED for HTCondor Node run_e (2568346.0.0) {07/28/25 23:24:14}
07/28/25 23:24:18 Number of idle job procs: 0
07/28/25 23:24:18 Node run_e job proc (2568346.0.0) failed with status 1.
07/28/25 23:24:18 DAG status: 2 (DAG_STATUS_NODE_FAILED)
07/28/25 23:24:18 Of 6 nodes total:
07/28/25 23:24:18  Done     Pre   Queued    Post   Ready   Un-Ready   Failed   Futile
07/28/25 23:24:18   ===     ===      ===     ===     ===        ===      ===      ===
07/28/25 23:24:18     0       0        0       0       0          0        6        0
07/28/25 23:24:18 0 job proc(s) currently held
07/28/25 23:24:18 DAGMan Runtime Statistics: [EventCycleTimeAvg=0.007; EventCycleTimeMax=0.058; EventCycleTimeMin=0.000; EventCycleTimeStd=0.017; EventCycleTimeSum=0.079; SleepCycleTimeAvg=5.005; SleepCycleTimeMax=5.005; SleepCycleTimeMin=5.005; SleepCycleTimeStd=0.000; SleepCycleTimeSum=55.055; SubmitCycleTimeAvg=0.005; SubmitCycleTimeMax=0.055; SubmitCycleTimeMin=0.000; SubmitCycleTimeStd=0.016; SubmitCycleTimeSum=0.055; EventCycleTimeCount=11.000; SleepCycleTimeCount=11.000; SubmitCycleTimeCount=12.000; LogProcessCycleTimeAvg=0.005; LogProcessCycleTimeMax=0.007; LogProcessCycleTimeMin=0.004; LogProcessCycleTimeStd=0.002; LogProcessCycleTimeSum=0.022; LogProcessCycleTimeCount=4.000; ]
07/28/25 23:24:18 ERROR: the following job(s) failed:
07/28/25 23:24:18 ---------------------- Node ----------------------
07/28/25 23:24:18       Node Name: run_a
07/28/25 23:24:18            Noop: false
07/28/25 23:24:18          NodeID: 0
07/28/25 23:24:18     Node Status: STATUS_ERROR    
07/28/25 23:24:18 Node return val: 1
07/28/25 23:24:18           Error: Job proc (1335129912.0.0) failed with status 1
07/28/25 23:24:18 Job Submit File: /data/gravwav/twouters/projects/eos_source_classification/eos_source_classification/injections/analysis.sub
07/28/25 23:24:18  HTCondor Job ID: (2568342.0.0)
07/28/25 23:24:18 PARENTS:  WAITING: 0 CHILDREN: 
07/28/25 23:24:18 ---------------------- Node ----------------------
07/28/25 23:24:18       Node Name: run_b
07/28/25 23:24:18            Noop: false
07/28/25 23:24:18          NodeID: 1
07/28/25 23:24:18     Node Status: STATUS_ERROR    
07/28/25 23:24:18 Node return val: 1
07/28/25 23:24:18           Error: Job proc (1335129912.0.0) failed with status 1
07/28/25 23:24:18 Job Submit File: /data/gravwav/twouters/projects/eos_source_classification/eos_source_classification/injections/analysis.sub
07/28/25 23:24:18  HTCondor Job ID: (2568343.0.0)
07/28/25 23:24:18 PARENTS:  WAITING: 0 CHILDREN: 
07/28/25 23:24:18 ---------------------- Node ----------------------
07/28/25 23:24:18       Node Name: run_c
07/28/25 23:24:18            Noop: false
07/28/25 23:24:18          NodeID: 2
07/28/25 23:24:18     Node Status: STATUS_ERROR    
07/28/25 23:24:18 Node return val: 1
07/28/25 23:24:18           Error: Job proc (1335129912.0.0) failed with status 1
07/28/25 23:24:18 Job Submit File: /data/gravwav/twouters/projects/eos_source_classification/eos_source_classification/injections/analysis.sub
07/28/25 23:24:18  HTCondor Job ID: (2568344.0.0)
07/28/25 23:24:18 PARENTS:  WAITING: 0 CHILDREN: 
07/28/25 23:24:18 ---------------------- Node ----------------------
07/28/25 23:24:18       Node Name: run_d
07/28/25 23:24:18            Noop: false
07/28/25 23:24:18          NodeID: 3
07/28/25 23:24:18     Node Status: STATUS_ERROR    
07/28/25 23:24:18 Node return val: 1
07/28/25 23:24:18           Error: Job proc (1335129912.0.0) failed with status 1
07/28/25 23:24:18 Job Submit File: /data/gravwav/twouters/projects/eos_source_classification/eos_source_classification/injections/analysis.sub
07/28/25 23:24:18  HTCondor Job ID: (2568345.0.0)
07/28/25 23:24:18 PARENTS:  WAITING: 0 CHILDREN: 
07/28/25 23:24:18 ---------------------- Node ----------------------
07/28/25 23:24:18       Node Name: run_e
07/28/25 23:24:18            Noop: false
07/28/25 23:24:18          NodeID: 4
07/28/25 23:24:18     Node Status: STATUS_ERROR    
07/28/25 23:24:18 Node return val: 1
07/28/25 23:24:18           Error: Job proc (1335129912.0.0) failed with status 1
07/28/25 23:24:18 Job Submit File: /data/gravwav/twouters/projects/eos_source_classification/eos_source_classification/injections/analysis.sub
07/28/25 23:24:18  HTCondor Job ID: (2568346.0.0)
07/28/25 23:24:18 PARENTS:  WAITING: 0 CHILDREN: 
07/28/25 23:24:18 ---------------------- Node ----------------------
07/28/25 23:24:18       Node Name: run_f
07/28/25 23:24:18            Noop: false
07/28/25 23:24:18          NodeID: 5
07/28/25 23:24:18     Node Status: STATUS_ERROR    
07/28/25 23:24:18 Node return val: 1
07/28/25 23:24:18           Error: Job proc (1335129912.0.0) failed with status 1
07/28/25 23:24:18 Job Submit File: /data/gravwav/twouters/projects/eos_source_classification/eos_source_classification/injections/analysis.sub
07/28/25 23:24:18  HTCondor Job ID: (2568347.0.0)
07/28/25 23:24:18 PARENTS:  WAITING: 0 CHILDREN: 
07/28/25 23:24:18 ---------------------------------------	<END>
07/28/25 23:24:18 Aborting DAG...
07/28/25 23:24:18 Writing Rescue DAG to GW170817_design_nsbh_jester/dag/run.dag.rescue001...
07/28/25 23:24:18 Removing submitted jobs...
07/28/25 23:24:18 Removing any/all submitted HTCondor jobs...
07/28/25 23:24:18 Running: /usr/bin/condor_rm -const DAGManJobId==2568341 -reason DAG' 'Abort:' 'DAG' 'is' 'exiting' 'and' 'writing' 'rescue' 'file.
07/28/25 23:24:18 Note: 0 total node deferrals because of -MaxJobs limit (0)
07/28/25 23:24:18 Note: 0 total node deferrals because of -MaxIdle limit (1000)
07/28/25 23:24:18 Note: 0 total node deferrals because of node category throttles
07/28/25 23:24:18 Note: 0 total PRE script deferrals because of -MaxPre limit (20) or DEFER
07/28/25 23:24:18 Note: 0 total POST script deferrals because of -MaxPost limit (20) or DEFER
07/28/25 23:24:18 Note: 0 total HOLD script deferrals because of -MaxHold limit (20) or DEFER
07/28/25 23:24:18 DAG status: 2 (DAG_STATUS_NODE_FAILED)
07/28/25 23:24:18 Of 6 nodes total:
07/28/25 23:24:18  Done     Pre   Queued    Post   Ready   Un-Ready   Failed   Futile
07/28/25 23:24:18   ===     ===      ===     ===     ===        ===      ===      ===
07/28/25 23:24:18     0       0        0       0       0          0        6        0
07/28/25 23:24:18 0 job proc(s) currently held
07/28/25 23:24:18 DAGMan Runtime Statistics: [EventCycleTimeAvg=0.007; EventCycleTimeMax=0.058; EventCycleTimeMin=0.000; EventCycleTimeStd=0.017; EventCycleTimeSum=0.079; SleepCycleTimeAvg=5.005; SleepCycleTimeMax=5.005; SleepCycleTimeMin=5.005; SleepCycleTimeStd=0.000; SleepCycleTimeSum=55.055; SubmitCycleTimeAvg=0.005; SubmitCycleTimeMax=0.055; SubmitCycleTimeMin=0.000; SubmitCycleTimeStd=0.016; SubmitCycleTimeSum=0.055; EventCycleTimeCount=11.000; SleepCycleTimeCount=11.000; SubmitCycleTimeCount=12.000; LogProcessCycleTimeAvg=0.005; LogProcessCycleTimeMax=0.007; LogProcessCycleTimeMin=0.004; LogProcessCycleTimeStd=0.002; LogProcessCycleTimeSum=0.022; LogProcessCycleTimeCount=4.000; ]
07/28/25 23:24:18 Wrote metrics file GW170817_design_nsbh_jester/dag/run.dag.metrics.
07/28/25 23:24:18 DAGMan Runtime Statistics: [EventCycleTimeAvg=0.007; EventCycleTimeMax=0.058; EventCycleTimeMin=0.000; EventCycleTimeStd=0.017; EventCycleTimeSum=0.079; SleepCycleTimeAvg=5.005; SleepCycleTimeMax=5.005; SleepCycleTimeMin=5.005; SleepCycleTimeStd=0.000; SleepCycleTimeSum=55.055; SubmitCycleTimeAvg=0.005; SubmitCycleTimeMax=0.055; SubmitCycleTimeMin=0.000; SubmitCycleTimeStd=0.016; SubmitCycleTimeSum=0.055; EventCycleTimeCount=11.000; SleepCycleTimeCount=11.000; SubmitCycleTimeCount=12.000; LogProcessCycleTimeAvg=0.005; LogProcessCycleTimeMax=0.007; LogProcessCycleTimeMin=0.004; LogProcessCycleTimeStd=0.002; LogProcessCycleTimeSum=0.022; LogProcessCycleTimeCount=4.000; ]
07/28/25 23:24:18 **** condor_scheduniv_exec.2568341.0 (condor_DAGMAN) pid 516520 EXITING WITH STATUS 1
