000 (2567140.000.000) 2025-07-28 18:42:32 Job submitted from host: <145.107.7.246:9618?addrs=145.107.7.246-9618+[2a07-8500-120-e070--3f6]-9618&alias=taai-007.nikhef.nl&noUDP&sock=schedd_2614_90a7>
    DAG Node: run_a
...
001 (2567140.000.000) 2025-07-28 18:42:53 Job executing on host: <145.107.4.166:9618?addrs=145.107.4.166-9618+[2a07-8500-120-e070--a6]-9618&alias=wn-pijl-005.nikhef.nl&noUDP&sock=startd_4117_7f7f>
	SlotName: slot1_1@wn-pijl-005.nikhef.nl
	AvailableGPUs = {  }
	CondorScratchDir = "/scratch/condor_execute/dir_1431613"
	Cpus = 64
	Disk = 16790366
	GPUs = 0
	Memory = 16384
...
006 (2567140.000.000) 2025-07-28 18:43:07 Image size of job updated: 313888
	307  -  MemoryUsage of job (MB)
	313888  -  ResidentSetSize of job (KB)
...
006 (2567140.000.000) 2025-07-28 18:43:11 Image size of job updated: 345312
	307  -  MemoryUsage of job (MB)
	313992  -  ResidentSetSize of job (KB)
...
005 (2567140.000.000) 2025-07-28 18:43:11 Job terminated.
	(1) Normal termination (return value 1)
		Usr 0 00:00:13, Sys 0 00:00:07  -  Run Remote Usage
		Usr 0 00:00:00, Sys 0 00:00:00  -  Run Local Usage
		Usr 0 00:00:13, Sys 0 00:00:07  -  Total Remote Usage
		Usr 0 00:00:00, Sys 0 00:00:00  -  Total Local Usage
	0  -  Run Bytes Sent By Job
	0  -  Run Bytes Received By Job
	0  -  Total Bytes Sent By Job
	0  -  Total Bytes Received By Job
	Partitionable Resources :    Usage  Request Allocated 
	   Cpus                 :     0.01       64        64 
	   Disk (KB)            : 17500    16777216  16790366 
	   GPUs                 :                           0 
	   Memory (MB)          :   307       16384     16384 
	   TimeExecute (s)      :    18                       
	   TimeSlotBusy (s)     :    18                       

	Job terminated of its own accord at 2025-07-28T16:43:11Z with exit-code 1.
...
000 (2567882.000.000) 2025-07-28 19:10:02 Job submitted from host: <145.107.7.246:9618?addrs=145.107.7.246-9618+[2a07-8500-120-e070--3f6]-9618&alias=taai-007.nikhef.nl&noUDP&sock=schedd_2614_90a7>
    DAG Node: run_a
...
001 (2567882.000.000) 2025-07-28 19:10:53 Job executing on host: <145.107.4.163:9618?addrs=145.107.4.163-9618+[2a07-8500-120-e070--a3]-9618&alias=wn-pijl-002.nikhef.nl&noUDP&sock=startd_4326_daca>
	SlotName: slot1_3@wn-pijl-002.nikhef.nl
	AvailableGPUs = {  }
	CondorScratchDir = "/scratch/condor_execute/dir_2402923"
	Cpus = 64
	Disk = 16790353
	GPUs = 0
	Memory = 16384
...
006 (2567882.000.000) 2025-07-28 19:11:06 Image size of job updated: 346108
	0  -  MemoryUsage of job (MB)
	0  -  ResidentSetSize of job (KB)
...
005 (2567882.000.000) 2025-07-28 19:11:06 Job terminated.
	(1) Normal termination (return value 1)
		Usr 0 00:00:12, Sys 0 00:00:07  -  Run Remote Usage
		Usr 0 00:00:00, Sys 0 00:00:00  -  Run Local Usage
		Usr 0 00:00:12, Sys 0 00:00:07  -  Total Remote Usage
		Usr 0 00:00:00, Sys 0 00:00:00  -  Total Local Usage
	0  -  Run Bytes Sent By Job
	0  -  Run Bytes Received By Job
	0  -  Total Bytes Sent By Job
	0  -  Total Bytes Received By Job
	Partitionable Resources :    Usage  Request Allocated 
	   Cpus                 :        0       64        64 
	   Disk (KB)            :    17500 16777216  16790353 
	   GPUs                 :                           0 
	   Memory (MB)          :        0    16384     16384 
	   TimeExecute (s)      :       13                    
	   TimeSlotBusy (s)     :       13                    

	Job terminated of its own accord at 2025-07-28T17:11:06Z with exit-code 1.
...
000 (2568213.000.000) 2025-07-28 21:51:48 Job submitted from host: <145.107.7.246:9618?addrs=145.107.7.246-9618+[2a07-8500-120-e070--3f6]-9618&alias=taai-007.nikhef.nl&noUDP&sock=schedd_2614_90a7>
    DAG Node: run_a
...
001 (2568213.000.000) 2025-07-28 21:52:57 Job executing on host: <145.107.4.165:9618?addrs=145.107.4.165-9618+[2a07-8500-120-e070--a5]-9618&alias=wn-pijl-004.nikhef.nl&noUDP&sock=startd_4575_a5df>
	SlotName: slot1_1@wn-pijl-004.nikhef.nl
	AvailableGPUs = {  }
	CondorScratchDir = "/scratch/condor_execute/dir_2307718"
	Cpus = 64
	Disk = 16790397
	GPUs = 0
	Memory = 16384
...
006 (2568213.000.000) 2025-07-28 21:53:10 Image size of job updated: 357320
	349  -  MemoryUsage of job (MB)
	357320  -  ResidentSetSize of job (KB)
...
005 (2568213.000.000) 2025-07-28 21:53:10 Job terminated.
	(1) Normal termination (return value 1)
		Usr 0 00:00:13, Sys 0 00:00:07  -  Run Remote Usage
		Usr 0 00:00:00, Sys 0 00:00:00  -  Run Local Usage
		Usr 0 00:00:13, Sys 0 00:00:07  -  Total Remote Usage
		Usr 0 00:00:00, Sys 0 00:00:00  -  Total Local Usage
	0  -  Run Bytes Sent By Job
	0  -  Run Bytes Received By Job
	0  -  Total Bytes Sent By Job
	0  -  Total Bytes Received By Job
	Partitionable Resources :    Usage  Request Allocated 
	   Cpus                 :                64        64 
	   Disk (KB)            :    17500 16777216  16790397 
	   GPUs                 :                           0 
	   Memory (MB)          :      349    16384     16384 
	   TimeExecute (s)      :       13                    
	   TimeSlotBusy (s)     :       14                    

	Job terminated of its own accord at 2025-07-28T19:53:10Z with exit-code 1.
...
000 (2568237.000.000) 2025-07-28 22:03:09 Job submitted from host: <145.107.7.246:9618?addrs=145.107.7.246-9618+[2a07-8500-120-e070--3f6]-9618&alias=taai-007.nikhef.nl&noUDP&sock=schedd_2614_90a7>
    DAG Node: run_a
...
001 (2568237.000.000) 2025-07-28 22:03:57 Job executing on host: <145.107.4.165:9618?addrs=145.107.4.165-9618+[2a07-8500-120-e070--a5]-9618&alias=wn-pijl-004.nikhef.nl&noUDP&sock=startd_4575_a5df>
	SlotName: slot1_9@wn-pijl-004.nikhef.nl
	AvailableGPUs = {  }
	CondorScratchDir = "/scratch/condor_execute/dir_2315043"
	Cpus = 64
	Disk = 16790397
	GPUs = 0
	Memory = 16384
...
006 (2568237.000.000) 2025-07-28 22:04:11 Image size of job updated: 359148
	351  -  MemoryUsage of job (MB)
	359148  -  ResidentSetSize of job (KB)
...
005 (2568237.000.000) 2025-07-28 22:04:11 Job terminated.
	(1) Normal termination (return value 1)
		Usr 0 00:00:14, Sys 0 00:00:07  -  Run Remote Usage
		Usr 0 00:00:00, Sys 0 00:00:00  -  Run Local Usage
		Usr 0 00:00:14, Sys 0 00:00:07  -  Total Remote Usage
		Usr 0 00:00:00, Sys 0 00:00:00  -  Total Local Usage
	0  -  Run Bytes Sent By Job
	0  -  Run Bytes Received By Job
	0  -  Total Bytes Sent By Job
	0  -  Total Bytes Received By Job
	Partitionable Resources :    Usage  Request Allocated 
	   Cpus                 :        0       64        64 
	   Disk (KB)            :    17500 16777216  16790397 
	   GPUs                 :                           0 
	   Memory (MB)          :      351    16384     16384 
	   TimeExecute (s)      :       14                    
	   TimeSlotBusy (s)     :       14                    

	Job terminated of its own accord at 2025-07-28T20:04:11Z with exit-code 1.
...
000 (2568264.000.000) 2025-07-28 22:23:21 Job submitted from host: <145.107.7.246:9618?addrs=145.107.7.246-9618+[2a07-8500-120-e070--3f6]-9618&alias=taai-007.nikhef.nl&noUDP&sock=schedd_2614_90a7>
    DAG Node: run_a
...
001 (2568264.000.000) 2025-07-28 22:23:57 Job executing on host: <145.107.4.165:9618?addrs=145.107.4.165-9618+[2a07-8500-120-e070--a5]-9618&alias=wn-pijl-004.nikhef.nl&noUDP&sock=startd_4575_a5df>
	SlotName: slot1_10@wn-pijl-004.nikhef.nl
	AvailableGPUs = {  }
	CondorScratchDir = "/scratch/condor_execute/dir_2328007"
	Cpus = 64
	Disk = 16790397
	GPUs = 0
	Memory = 16384
...
006 (2568264.000.000) 2025-07-28 22:24:10 Image size of job updated: 341524
	0  -  MemoryUsage of job (MB)
	0  -  ResidentSetSize of job (KB)
...
005 (2568264.000.000) 2025-07-28 22:24:10 Job terminated.
	(1) Normal termination (return value 1)
		Usr 0 00:00:13, Sys 0 00:00:07  -  Run Remote Usage
		Usr 0 00:00:00, Sys 0 00:00:00  -  Run Local Usage
		Usr 0 00:00:13, Sys 0 00:00:07  -  Total Remote Usage
		Usr 0 00:00:00, Sys 0 00:00:00  -  Total Local Usage
	0  -  Run Bytes Sent By Job
	0  -  Run Bytes Received By Job
	0  -  Total Bytes Sent By Job
	0  -  Total Bytes Received By Job
	Partitionable Resources :    Usage  Request Allocated 
	   Cpus                 :        0       64        64 
	   Disk (KB)            :    17500 16777216  16790397 
	   GPUs                 :                           0 
	   Memory (MB)          :        0    16384     16384 
	   TimeExecute (s)      :       13                    
	   TimeSlotBusy (s)     :       13                    

	Job terminated of its own accord at 2025-07-28T20:24:10Z with exit-code 1.
...
000 (2568287.000.000) 2025-07-28 22:43:21 Job submitted from host: <145.107.7.246:9618?addrs=145.107.7.246-9618+[2a07-8500-120-e070--3f6]-9618&alias=taai-007.nikhef.nl&noUDP&sock=schedd_2614_90a7>
    DAG Node: run_a
...
001 (2568287.000.000) 2025-07-28 22:44:00 Job executing on host: <145.107.4.165:9618?addrs=145.107.4.165-9618+[2a07-8500-120-e070--a5]-9618&alias=wn-pijl-004.nikhef.nl&noUDP&sock=startd_4575_a5df>
	SlotName: slot1_35@wn-pijl-004.nikhef.nl
	AvailableGPUs = {  }
	CondorScratchDir = "/scratch/condor_execute/dir_2345644"
	Cpus = 64
	Disk = 16790397
	GPUs = 0
	Memory = 16384
...
006 (2568287.000.000) 2025-07-28 22:44:12 Image size of job updated: 343748
	0  -  MemoryUsage of job (MB)
	0  -  ResidentSetSize of job (KB)
...
005 (2568287.000.000) 2025-07-28 22:44:12 Job terminated.
	(1) Normal termination (return value 1)
		Usr 0 00:00:12, Sys 0 00:00:07  -  Run Remote Usage
		Usr 0 00:00:00, Sys 0 00:00:00  -  Run Local Usage
		Usr 0 00:00:12, Sys 0 00:00:07  -  Total Remote Usage
		Usr 0 00:00:00, Sys 0 00:00:00  -  Total Local Usage
	0  -  Run Bytes Sent By Job
	0  -  Run Bytes Received By Job
	0  -  Total Bytes Sent By Job
	0  -  Total Bytes Received By Job
	Partitionable Resources :    Usage  Request Allocated 
	   Cpus                 :        0       64        64 
	   Disk (KB)            :    17500 16777216  16790397 
	   GPUs                 :                           0 
	   Memory (MB)          :        0    16384     16384 
	   TimeExecute (s)      :       12                    
	   TimeSlotBusy (s)     :       13                    

	Job terminated of its own accord at 2025-07-28T20:44:12Z with exit-code 1.
...
