000 (2611905.000.000) 2025-08-18 10:28:52 Job submitted from host: <145.107.7.246:9618?addrs=145.107.7.246-9618+[2a07-8500-120-e070--3f6]-9618&alias=taai-007.nikhef.nl&noUDP&sock=schedd_2614_90a7>
    DAG Node: run_e
...
001 (2611905.000.000) 2025-08-19 04:26:12 Job executing on host: <145.107.4.148:9618?addrs=145.107.4.148-9618+[2a07-8500-120-e070--94]-9618&alias=wn-knek-005.nikhef.nl&noUDP&sock=startd_1897_c33f>
	SlotName: slot1_1@wn-knek-005.nikhef.nl
	CondorScratchDir = "/scratch/condor_execute/dir_933617"
	Cpus = 64
	Disk = 16779836
	GPUs = 0
	Memory = 16384
...
006 (2611905.000.000) 2025-08-19 04:26:26 Image size of job updated: 908136
	887  -  MemoryUsage of job (MB)
	908136  -  ResidentSetSize of job (KB)
...
006 (2611905.000.000) 2025-08-19 04:31:26 Image size of job updated: 1675040
	1636  -  MemoryUsage of job (MB)
	1675040  -  ResidentSetSize of job (KB)
...
006 (2611905.000.000) 2025-08-19 04:36:26 Image size of job updated: 1699508
	1660  -  MemoryUsage of job (MB)
	1699508  -  ResidentSetSize of job (KB)
...
006 (2611905.000.000) 2025-08-19 04:41:27 Image size of job updated: 1713084
	1673  -  MemoryUsage of job (MB)
	1713084  -  ResidentSetSize of job (KB)
...
006 (2611905.000.000) 2025-08-19 04:46:28 Image size of job updated: 1723424
	1684  -  MemoryUsage of job (MB)
	1723424  -  ResidentSetSize of job (KB)
...
006 (2611905.000.000) 2025-08-19 04:51:28 Image size of job updated: 1729824
	1690  -  MemoryUsage of job (MB)
	1729824  -  ResidentSetSize of job (KB)
...
006 (2611905.000.000) 2025-08-19 04:56:28 Image size of job updated: 1734592
	1694  -  MemoryUsage of job (MB)
	1734592  -  ResidentSetSize of job (KB)
...
006 (2611905.000.000) 2025-08-19 05:01:29 Image size of job updated: 1740596
	1700  -  MemoryUsage of job (MB)
	1740596  -  ResidentSetSize of job (KB)
...
006 (2611905.000.000) 2025-08-19 05:06:30 Image size of job updated: 1745936
	1706  -  MemoryUsage of job (MB)
	1745936  -  ResidentSetSize of job (KB)
...
006 (2611905.000.000) 2025-08-19 05:11:30 Image size of job updated: 1752936
	1712  -  MemoryUsage of job (MB)
	1752936  -  ResidentSetSize of job (KB)
...
006 (2611905.000.000) 2025-08-19 05:16:31 Image size of job updated: 1758400
	1718  -  MemoryUsage of job (MB)
	1758400  -  ResidentSetSize of job (KB)
...
006 (2611905.000.000) 2025-08-19 05:21:32 Image size of job updated: 1765436
	1725  -  MemoryUsage of job (MB)
	1765436  -  ResidentSetSize of job (KB)
...
006 (2611905.000.000) 2025-08-19 05:26:32 Image size of job updated: 1770160
	1729  -  MemoryUsage of job (MB)
	1770160  -  ResidentSetSize of job (KB)
...
006 (2611905.000.000) 2025-08-19 05:31:32 Image size of job updated: 2368908
	2314  -  MemoryUsage of job (MB)
	2368908  -  ResidentSetSize of job (KB)
...
006 (2611905.000.000) 2025-08-19 05:36:33 Image size of job updated: 2372652
	2318  -  MemoryUsage of job (MB)
	2372652  -  ResidentSetSize of job (KB)
...
006 (2611905.000.000) 2025-08-19 05:41:33 Image size of job updated: 2374668
	2320  -  MemoryUsage of job (MB)
	2374668  -  ResidentSetSize of job (KB)
...
006 (2611905.000.000) 2025-08-19 05:46:33 Image size of job updated: 2392020
	2336  -  MemoryUsage of job (MB)
	2392020  -  ResidentSetSize of job (KB)
...
006 (2611905.000.000) 2025-08-19 05:51:34 Image size of job updated: 2401896
	2346  -  MemoryUsage of job (MB)
	2401896  -  ResidentSetSize of job (KB)
...
006 (2611905.000.000) 2025-08-19 05:56:35 Image size of job updated: 2426524
	2370  -  MemoryUsage of job (MB)
	2426524  -  ResidentSetSize of job (KB)
...
006 (2611905.000.000) 2025-08-19 06:01:35 Image size of job updated: 2431540
	2375  -  MemoryUsage of job (MB)
	2431540  -  ResidentSetSize of job (KB)
...
006 (2611905.000.000) 2025-08-19 06:06:35 Image size of job updated: 2433428
	2377  -  MemoryUsage of job (MB)
	2433428  -  ResidentSetSize of job (KB)
...
006 (2611905.000.000) 2025-08-19 06:11:36 Image size of job updated: 2436596
	2380  -  MemoryUsage of job (MB)
	2436596  -  ResidentSetSize of job (KB)
...
006 (2611905.000.000) 2025-08-19 06:16:36 Image size of job updated: 2439444
	2383  -  MemoryUsage of job (MB)
	2439444  -  ResidentSetSize of job (KB)
...
006 (2611905.000.000) 2025-08-19 06:21:36 Image size of job updated: 2440516
	2384  -  MemoryUsage of job (MB)
	2440516  -  ResidentSetSize of job (KB)
...
006 (2611905.000.000) 2025-08-19 06:26:37 Image size of job updated: 2442408
	2386  -  MemoryUsage of job (MB)
	2442408  -  ResidentSetSize of job (KB)
...
006 (2611905.000.000) 2025-08-19 06:31:38 Image size of job updated: 2562116
	2430  -  MemoryUsage of job (MB)
	2487544  -  ResidentSetSize of job (KB)
...
006 (2611905.000.000) 2025-08-19 06:36:38 Image size of job updated: 2562116
	2432  -  MemoryUsage of job (MB)
	2489652  -  ResidentSetSize of job (KB)
...
006 (2611905.000.000) 2025-08-19 06:41:38 Image size of job updated: 2562116
	2432  -  MemoryUsage of job (MB)
	2490260  -  ResidentSetSize of job (KB)
...
006 (2611905.000.000) 2025-08-19 06:46:39 Image size of job updated: 2562116
	2433  -  MemoryUsage of job (MB)
	2491088  -  ResidentSetSize of job (KB)
...
006 (2611905.000.000) 2025-08-19 06:51:39 Image size of job updated: 2562116
	2434  -  MemoryUsage of job (MB)
	2491704  -  ResidentSetSize of job (KB)
...
006 (2611905.000.000) 2025-08-19 06:56:39 Image size of job updated: 2562116
	2434  -  MemoryUsage of job (MB)
	2492256  -  ResidentSetSize of job (KB)
...
006 (2611905.000.000) 2025-08-19 07:01:40 Image size of job updated: 2562116
	2436  -  MemoryUsage of job (MB)
	2493628  -  ResidentSetSize of job (KB)
...
006 (2611905.000.000) 2025-08-19 07:06:41 Image size of job updated: 2562116
	2436  -  MemoryUsage of job (MB)
	2494200  -  ResidentSetSize of job (KB)
...
006 (2611905.000.000) 2025-08-19 07:11:41 Image size of job updated: 2562116
	2437  -  MemoryUsage of job (MB)
	2494700  -  ResidentSetSize of job (KB)
...
006 (2611905.000.000) 2025-08-19 07:16:41 Image size of job updated: 2562116
	2438  -  MemoryUsage of job (MB)
	2496016  -  ResidentSetSize of job (KB)
...
006 (2611905.000.000) 2025-08-19 07:26:43 Image size of job updated: 2562116
	2440  -  MemoryUsage of job (MB)
	2498524  -  ResidentSetSize of job (KB)
...
006 (2611905.000.000) 2025-08-19 07:31:43 Image size of job updated: 2648640
	2531  -  MemoryUsage of job (MB)
	2591024  -  ResidentSetSize of job (KB)
...
006 (2611905.000.000) 2025-08-19 07:36:43 Image size of job updated: 2648640
	2531  -  MemoryUsage of job (MB)
	2591392  -  ResidentSetSize of job (KB)
...
006 (2611905.000.000) 2025-08-19 07:41:44 Image size of job updated: 2648640
	2532  -  MemoryUsage of job (MB)
	2591812  -  ResidentSetSize of job (KB)
...
006 (2611905.000.000) 2025-08-19 07:46:44 Image size of job updated: 2648640
	2532  -  MemoryUsage of job (MB)
	2592416  -  ResidentSetSize of job (KB)
...
006 (2611905.000.000) 2025-08-19 07:51:44 Image size of job updated: 2648640
	2533  -  MemoryUsage of job (MB)
	2592816  -  ResidentSetSize of job (KB)
...
006 (2611905.000.000) 2025-08-19 07:56:45 Image size of job updated: 2648640
	2534  -  MemoryUsage of job (MB)
	2594120  -  ResidentSetSize of job (KB)
...
006 (2611905.000.000) 2025-08-19 08:01:46 Image size of job updated: 2648640
	2535  -  MemoryUsage of job (MB)
	2594968  -  ResidentSetSize of job (KB)
...
006 (2611905.000.000) 2025-08-19 08:06:46 Image size of job updated: 2648640
	2537  -  MemoryUsage of job (MB)
	2597408  -  ResidentSetSize of job (KB)
...
006 (2611905.000.000) 2025-08-19 08:11:46 Image size of job updated: 2648640
	2539  -  MemoryUsage of job (MB)
	2599020  -  ResidentSetSize of job (KB)
...
006 (2611905.000.000) 2025-08-19 08:16:47 Image size of job updated: 2648640
	2539  -  MemoryUsage of job (MB)
	2599468  -  ResidentSetSize of job (KB)
...
006 (2611905.000.000) 2025-08-19 08:21:48 Image size of job updated: 2648640
	2540  -  MemoryUsage of job (MB)
	2600864  -  ResidentSetSize of job (KB)
...
006 (2611905.000.000) 2025-08-19 08:26:48 Image size of job updated: 2648640
	2546  -  MemoryUsage of job (MB)
	2606788  -  ResidentSetSize of job (KB)
...
006 (2611905.000.000) 2025-08-19 08:31:48 Image size of job updated: 2779584
	2607  -  MemoryUsage of job (MB)
	2668884  -  ResidentSetSize of job (KB)
...
006 (2611905.000.000) 2025-08-19 08:36:49 Image size of job updated: 2779584
	2607  -  MemoryUsage of job (MB)
	2669316  -  ResidentSetSize of job (KB)
...
006 (2611905.000.000) 2025-08-19 08:41:50 Image size of job updated: 2779584
	2608  -  MemoryUsage of job (MB)
	2669760  -  ResidentSetSize of job (KB)
...
006 (2611905.000.000) 2025-08-19 08:46:50 Image size of job updated: 2779584
	2609  -  MemoryUsage of job (MB)
	2671008  -  ResidentSetSize of job (KB)
...
006 (2611905.000.000) 2025-08-19 08:51:51 Image size of job updated: 2779584
	2609  -  MemoryUsage of job (MB)
	2671460  -  ResidentSetSize of job (KB)
...
006 (2611905.000.000) 2025-08-19 08:56:52 Image size of job updated: 2779584
	2611  -  MemoryUsage of job (MB)
	2672696  -  ResidentSetSize of job (KB)
...
006 (2611905.000.000) 2025-08-19 09:01:52 Image size of job updated: 2779584
	2611  -  MemoryUsage of job (MB)
	2673064  -  ResidentSetSize of job (KB)
...
006 (2611905.000.000) 2025-08-19 09:06:52 Image size of job updated: 2779584
	2611  -  MemoryUsage of job (MB)
	2673440  -  ResidentSetSize of job (KB)
...
006 (2611905.000.000) 2025-08-19 09:11:53 Image size of job updated: 2779584
	2612  -  MemoryUsage of job (MB)
	2673784  -  ResidentSetSize of job (KB)
...
006 (2611905.000.000) 2025-08-19 09:16:54 Image size of job updated: 2779584
	2612  -  MemoryUsage of job (MB)
	2674144  -  ResidentSetSize of job (KB)
...
006 (2611905.000.000) 2025-08-19 09:21:54 Image size of job updated: 2779584
	2613  -  MemoryUsage of job (MB)
	2675360  -  ResidentSetSize of job (KB)
...
006 (2611905.000.000) 2025-08-19 09:26:54 Image size of job updated: 2779584
	2614  -  MemoryUsage of job (MB)
	2675732  -  ResidentSetSize of job (KB)
...
006 (2611905.000.000) 2025-08-19 09:31:55 Image size of job updated: 2902256
	2664  -  MemoryUsage of job (MB)
	2726996  -  ResidentSetSize of job (KB)
...
006 (2611905.000.000) 2025-08-19 09:46:56 Image size of job updated: 2902256
	2664  -  MemoryUsage of job (MB)
	2727796  -  ResidentSetSize of job (KB)
...
006 (2611905.000.000) 2025-08-19 09:51:57 Image size of job updated: 2902256
	2665  -  MemoryUsage of job (MB)
	2728120  -  ResidentSetSize of job (KB)
...
006 (2611905.000.000) 2025-08-19 09:56:58 Image size of job updated: 2902256
	2666  -  MemoryUsage of job (MB)
	2729280  -  ResidentSetSize of job (KB)
...
006 (2611905.000.000) 2025-08-19 10:01:58 Image size of job updated: 2902256
	2666  -  MemoryUsage of job (MB)
	2729552  -  ResidentSetSize of job (KB)
...
006 (2611905.000.000) 2025-08-19 10:06:58 Image size of job updated: 2902256
	2666  -  MemoryUsage of job (MB)
	2729916  -  ResidentSetSize of job (KB)
...
006 (2611905.000.000) 2025-08-19 10:11:59 Image size of job updated: 2902256
	2667  -  MemoryUsage of job (MB)
	2730972  -  ResidentSetSize of job (KB)
...
006 (2611905.000.000) 2025-08-19 10:17:00 Image size of job updated: 2902256
	2668  -  MemoryUsage of job (MB)
	2731232  -  ResidentSetSize of job (KB)
...
006 (2611905.000.000) 2025-08-19 10:22:00 Image size of job updated: 2902256
	2669  -  MemoryUsage of job (MB)
	2732312  -  ResidentSetSize of job (KB)
...
006 (2611905.000.000) 2025-08-19 10:27:01 Image size of job updated: 2902256
	2671  -  MemoryUsage of job (MB)
	2734884  -  ResidentSetSize of job (KB)
...
006 (2611905.000.000) 2025-08-19 10:32:02 Image size of job updated: 2946244
	2762  -  MemoryUsage of job (MB)
	2827976  -  ResidentSetSize of job (KB)
...
006 (2611905.000.000) 2025-08-19 10:37:02 Image size of job updated: 2946244
	2762  -  MemoryUsage of job (MB)
	2828024  -  ResidentSetSize of job (KB)
...
006 (2611905.000.000) 2025-08-19 11:37:07 Image size of job updated: 3059516
	2762  -  MemoryUsage of job (MB)
	2828024  -  ResidentSetSize of job (KB)
...
006 (2611905.000.000) 2025-08-19 12:37:14 Image size of job updated: 3071444
	2793  -  MemoryUsage of job (MB)
	2859240  -  ResidentSetSize of job (KB)
...
006 (2611905.000.000) 2025-08-19 12:42:15 Image size of job updated: 3071444
	2793  -  MemoryUsage of job (MB)
	2859548  -  ResidentSetSize of job (KB)
...
006 (2611905.000.000) 2025-08-19 12:47:15 Image size of job updated: 3071444
	2793  -  MemoryUsage of job (MB)
	2859804  -  ResidentSetSize of job (KB)
...
006 (2611905.000.000) 2025-08-19 12:52:15 Image size of job updated: 3071444
	2794  -  MemoryUsage of job (MB)
	2860896  -  ResidentSetSize of job (KB)
...
006 (2611905.000.000) 2025-08-19 12:57:16 Image size of job updated: 3071444
	2795  -  MemoryUsage of job (MB)
	2861216  -  ResidentSetSize of job (KB)
...
006 (2611905.000.000) 2025-08-19 13:02:17 Image size of job updated: 3071444
	2796  -  MemoryUsage of job (MB)
	2862260  -  ResidentSetSize of job (KB)
...
006 (2611905.000.000) 2025-08-19 13:07:17 Image size of job updated: 3071444
	2796  -  MemoryUsage of job (MB)
	2862468  -  ResidentSetSize of job (KB)
...
006 (2611905.000.000) 2025-08-19 13:12:17 Image size of job updated: 3071444
	2797  -  MemoryUsage of job (MB)
	2863528  -  ResidentSetSize of job (KB)
...
006 (2611905.000.000) 2025-08-19 13:17:18 Image size of job updated: 3071444
	2797  -  MemoryUsage of job (MB)
	2863768  -  ResidentSetSize of job (KB)
...
006 (2611905.000.000) 2025-08-19 13:22:19 Image size of job updated: 3071444
	2797  -  MemoryUsage of job (MB)
	2863952  -  ResidentSetSize of job (KB)
...
006 (2611905.000.000) 2025-08-19 13:27:19 Image size of job updated: 3071444
	2798  -  MemoryUsage of job (MB)
	2864992  -  ResidentSetSize of job (KB)
...
006 (2611905.000.000) 2025-08-19 13:32:19 Image size of job updated: 3071444
	2799  -  MemoryUsage of job (MB)
	2865904  -  ResidentSetSize of job (KB)
...
006 (2611905.000.000) 2025-08-19 13:37:20 Image size of job updated: 3166248
	2847  -  MemoryUsage of job (MB)
	2914816  -  ResidentSetSize of job (KB)
...
006 (2611905.000.000) 2025-08-19 13:42:20 Image size of job updated: 3166248
	2847  -  MemoryUsage of job (MB)
	2915016  -  ResidentSetSize of job (KB)
...
006 (2611905.000.000) 2025-08-19 13:52:21 Image size of job updated: 3166248
	2847  -  MemoryUsage of job (MB)
	2915256  -  ResidentSetSize of job (KB)
...
006 (2611905.000.000) 2025-08-19 13:57:22 Image size of job updated: 3166248
	2848  -  MemoryUsage of job (MB)
	2915468  -  ResidentSetSize of job (KB)
...
006 (2611905.000.000) 2025-08-19 14:02:22 Image size of job updated: 3166248
	2849  -  MemoryUsage of job (MB)
	2916512  -  ResidentSetSize of job (KB)
...
006 (2611905.000.000) 2025-08-19 14:07:22 Image size of job updated: 3166248
	2849  -  MemoryUsage of job (MB)
	2916716  -  ResidentSetSize of job (KB)
...
006 (2611905.000.000) 2025-08-19 14:12:23 Image size of job updated: 3166248
	2849  -  MemoryUsage of job (MB)
	2916920  -  ResidentSetSize of job (KB)
...
006 (2611905.000.000) 2025-08-19 14:17:24 Image size of job updated: 3166248
	2850  -  MemoryUsage of job (MB)
	2917892  -  ResidentSetSize of job (KB)
...
006 (2611905.000.000) 2025-08-19 14:22:24 Image size of job updated: 3166248
	2850  -  MemoryUsage of job (MB)
	2918148  -  ResidentSetSize of job (KB)
...
006 (2611905.000.000) 2025-08-19 14:27:24 Image size of job updated: 3166248
	2851  -  MemoryUsage of job (MB)
	2919128  -  ResidentSetSize of job (KB)
...
006 (2611905.000.000) 2025-08-19 14:32:25 Image size of job updated: 3166248
	2851  -  MemoryUsage of job (MB)
	2919304  -  ResidentSetSize of job (KB)
...
006 (2611905.000.000) 2025-08-19 14:37:26 Image size of job updated: 3208448
	2876  -  MemoryUsage of job (MB)
	2944804  -  ResidentSetSize of job (KB)
...
006 (2611905.000.000) 2025-08-19 14:42:26 Image size of job updated: 3208448
	2876  -  MemoryUsage of job (MB)
	2944936  -  ResidentSetSize of job (KB)
...
006 (2611905.000.000) 2025-08-19 14:47:27 Image size of job updated: 3208448
	2877  -  MemoryUsage of job (MB)
	2945180  -  ResidentSetSize of job (KB)
...
006 (2611905.000.000) 2025-08-19 14:52:28 Image size of job updated: 3208448
	2877  -  MemoryUsage of job (MB)
	2945336  -  ResidentSetSize of job (KB)
...
006 (2611905.000.000) 2025-08-19 14:57:28 Image size of job updated: 3208448
	2877  -  MemoryUsage of job (MB)
	2945524  -  ResidentSetSize of job (KB)
...
006 (2611905.000.000) 2025-08-19 15:02:28 Image size of job updated: 3208448
	2878  -  MemoryUsage of job (MB)
	2946560  -  ResidentSetSize of job (KB)
...
006 (2611905.000.000) 2025-08-19 15:07:29 Image size of job updated: 3208448
	2878  -  MemoryUsage of job (MB)
	2946744  -  ResidentSetSize of job (KB)
...
006 (2611905.000.000) 2025-08-19 15:12:30 Image size of job updated: 3208448
	2878  -  MemoryUsage of job (MB)
	2946964  -  ResidentSetSize of job (KB)
...
006 (2611905.000.000) 2025-08-19 15:17:30 Image size of job updated: 3208448
	2879  -  MemoryUsage of job (MB)
	2947956  -  ResidentSetSize of job (KB)
...
006 (2611905.000.000) 2025-08-19 15:22:30 Image size of job updated: 3208448
	2880  -  MemoryUsage of job (MB)
	2948140  -  ResidentSetSize of job (KB)
...
006 (2611905.000.000) 2025-08-19 15:27:31 Image size of job updated: 3208448
	2880  -  MemoryUsage of job (MB)
	2948320  -  ResidentSetSize of job (KB)
...
006 (2611905.000.000) 2025-08-19 15:32:32 Image size of job updated: 3208448
	2880  -  MemoryUsage of job (MB)
	2948468  -  ResidentSetSize of job (KB)
...
006 (2611905.000.000) 2025-08-19 15:37:32 Image size of job updated: 3208448
	3117  -  MemoryUsage of job (MB)
	3191492  -  ResidentSetSize of job (KB)
...
006 (2611905.000.000) 2025-08-19 15:42:32 Image size of job updated: 3224756
	3117  -  MemoryUsage of job (MB)
	3191516  -  ResidentSetSize of job (KB)
...
006 (2611905.000.000) 2025-08-19 16:42:38 Image size of job updated: 3284436
	3117  -  MemoryUsage of job (MB)
	3191516  -  ResidentSetSize of job (KB)
...
006 (2611905.000.000) 2025-08-19 18:57:16 Image size of job updated: 3434144
	3117  -  MemoryUsage of job (MB)
	3191516  -  ResidentSetSize of job (KB)
...
005 (2611905.000.000) 2025-08-19 18:57:16 Job terminated.
	(1) Normal termination (return value 0)
		Usr 26 03:15:45, Sys 0 00:06:51  -  Run Remote Usage
		Usr 0 00:00:00, Sys 0 00:00:00  -  Run Local Usage
		Usr 26 03:15:45, Sys 0 00:06:51  -  Total Remote Usage
		Usr 0 00:00:00, Sys 0 00:00:00  -  Total Local Usage
	0  -  Run Bytes Sent By Job
	0  -  Run Bytes Received By Job
	0  -  Total Bytes Sent By Job
	0  -  Total Bytes Received By Job
	Partitionable Resources :    Usage  Request Allocated 
	   Cpus                 :     1.03       64        64 
	   Disk (KB)            : 17500    16777216  16779836 
	   GPUs                 :                           0 
	   Memory (MB)          :  3117       16384     16384 
	   TimeExecute (s)      : 52264                       
	   TimeSlotBusy (s)     : 52264                       

	Job terminated of its own accord at 2025-08-19T16:57:16Z with exit-code 0.
...
