self.parameters_ref
{'chirp_mass': 1.4867847675135448, 'symmetric_mass_ratio': 0.24999995594642316, 'a_1': 0.011080273335494708, 'a_2': 0.04692984939031852, 'tilt_1': 2.6219694401252394, 'tilt_2': 1.0090315132594154, 'phi_jl': 0.977223832370418, 'phi_12': 5.868535624409604, 'lambda_1': 100.0, 'lambda_2': 200.0, 'luminosity_distance': 160.68570884930463, 'phase': 5.904192752190891, 'theta_jn': 0.20643139003708647, 'psi': 0.3008124663367458, 'ra': 1.4454755957606107, 'dec': 0.07257856505111598, 'mass_ratio': 0.999160794522431, 'mass_1': 1.7085843239096237, 'mass_2': 1.7071504705861102, 'geocent_time': 1240215503.017147, 'duration': 128.0}
1it [0:00:00 bound:0 nc:  1 ncall:4.1e+03 eff:0.0% logz-ratio=-462.36+/-0.05 dlogz:inf>0.1]
12152it [0:01:00 bound:0 nc: 45 ncall:7.8e+04 eff:15.6% logz-ratio=-1.08+/-0.02 dlogz:10.008>0.1]
14772it [0:02:10 bound:2 nc:710 ncall:1.5e+05 eff:9.9% logz-ratio=-0.72+/-0.02 dlogz:9.013>0.1]
15025it [0:03:17 bound:6 nc:419 ncall:3.1e+05 eff:4.9% logz-ratio=-0.69+/-0.02 dlogz:8.920>0.1]
15279it [0:04:24 bound:10 nc:637 ncall:4.6e+05 eff:3.3% logz-ratio=-0.66+/-0.02 dlogz:8.828>0.1]
15531it [0:05:37 bound:14 nc:715 ncall:6.2e+05 eff:2.5% logz-ratio=-0.63+/-0.02 dlogz:9.400>0.1]
15784it [0:06:44 bound:18 nc:782 ncall:7.8e+05 eff:2.0% logz-ratio=-0.60+/-0.02 dlogz:9.309>0.1]
16037it [0:07:51 bound:22 nc:761 ncall:9.3e+05 eff:1.7% logz-ratio=-0.58+/-0.02 dlogz:9.220>0.1]
16290it [0:09:00 bound:26 nc:529 ncall:1.1e+06 eff:1.5% logz-ratio=-0.55+/-0.02 dlogz:9.130>0.1]
16544it [0:10:10 bound:30 nc:851 ncall:1.2e+06 eff:1.3% logz-ratio=-0.52+/-0.02 dlogz:9.437>0.1]
16796it [0:11:19 bound:34 nc:682 ncall:1.4e+06 eff:1.2% logz-ratio=-0.49+/-0.02 dlogz:9.348>0.1]
17050it [0:12:36 bound:38 nc:741 ncall:1.6e+06 eff:1.1% logz-ratio=-0.47+/-0.02 dlogz:9.639>0.1]
17301it [0:13:45 bound:42 nc:614 ncall:1.7e+06 eff:1.0% logz-ratio=-0.44+/-0.02 dlogz:9.551>0.1]
17553it [0:14:54 bound:46 nc:524 ncall:1.9e+06 eff:0.9% logz-ratio=-0.42+/-0.02 dlogz:9.464>0.1]
17804it [0:16:12 bound:50 nc:785 ncall:2.0e+06 eff:0.9% logz-ratio=-0.39+/-0.02 dlogz:9.377>0.1]
18059it [0:17:21 bound:54 nc:311 ncall:2.2e+06 eff:0.8% logz-ratio=-0.36+/-0.02 dlogz:9.290>0.1]
18312it [0:18:33 bound:58 nc:692 ncall:2.3e+06 eff:0.8% logz-ratio=-0.34+/-0.02 dlogz:9.203>0.1]
18501it [0:19:34 bound:61 nc:1185 ncall:2.4e+06 eff:0.8% logz-ratio=-0.32+/-0.02 dlogz:9.138>0.1]
18751it [0:20:52 bound:65 nc:512 ncall:2.6e+06 eff:0.7% logz-ratio=-0.30+/-0.02 dlogz:9.053>0.1]
19001it [0:22:11 bound:69 nc:715 ncall:2.8e+06 eff:0.7% logz-ratio=-0.27+/-0.02 dlogz:10.804>0.1]
19190it [0:23:11 bound:72 nc:701 ncall:2.9e+06 eff:0.7% logz-ratio=-0.25+/-0.02 dlogz:10.740>0.1]
19440it [0:24:28 bound:76 nc:410 ncall:3.0e+06 eff:0.6% logz-ratio=-0.23+/-0.02 dlogz:10.655>0.1]
19692it [0:25:44 bound:80 nc:638 ncall:3.2e+06 eff:0.6% logz-ratio=-0.21+/-0.02 dlogz:10.570>0.1]
19882it [0:26:44 bound:83 nc:541 ncall:3.3e+06 eff:0.6% logz-ratio=-0.19+/-0.02 dlogz:10.506>0.1]
20130it [0:27:54 bound:87 nc:776 ncall:3.5e+06 eff:0.6% logz-ratio=-0.17+/-0.02 dlogz:10.423>0.1]
20378it [0:29:14 bound:91 nc:1473 ncall:3.6e+06 eff:0.6% logz-ratio=-0.15+/-0.02 dlogz:10.340>0.1]
20622it [0:30:33 bound:95 nc:1076 ncall:3.8e+06 eff:0.5% logz-ratio=-0.12+/-0.02 dlogz:10.259>0.1]
20865it [0:31:52 bound:99 nc:997 ncall:3.9e+06 eff:0.5% logz-ratio=-0.10+/-0.02 dlogz:10.178>0.1]
21116it [0:33:07 bound:103 nc:528 ncall:4.1e+06 eff:0.5% logz-ratio=-0.08+/-0.02 dlogz:10.095>0.1]
21298it [0:34:12 bound:106 nc:601 ncall:4.2e+06 eff:0.5% logz-ratio=-0.06+/-0.02 dlogz:10.034>0.1]
21481it [0:35:15 bound:109 nc:1110 ncall:4.3e+06 eff:0.5% logz-ratio=-0.05+/-0.02 dlogz:9.973>0.1]
21726it [0:36:34 bound:113 nc:276 ncall:4.4e+06 eff:0.5% logz-ratio=-0.03+/-0.02 dlogz:9.892>0.1]
21969it [0:37:55 bound:117 nc:746 ncall:4.6e+06 eff:0.5% logz-ratio=-0.01+/-0.02 dlogz:9.812>0.1]
22215it [0:39:10 bound:121 nc:439 ncall:4.7e+06 eff:0.5% logz-ratio=0.02+/-0.02 dlogz:9.731>0.1]
22400it [0:40:11 bound:124 nc:1241 ncall:4.9e+06 eff:0.5% logz-ratio=0.03+/-0.02 dlogz:9.671>0.1]
22579it [0:41:18 bound:127 nc:437 ncall:5.0e+06 eff:0.5% logz-ratio=0.05+/-0.02 dlogz:9.612>0.1]
22761it [0:42:19 bound:130 nc:602 ncall:5.1e+06 eff:0.4% logz-ratio=0.06+/-0.02 dlogz:9.552>0.1]
23000it [0:43:38 bound:134 nc:752 ncall:5.2e+06 eff:0.4% logz-ratio=0.08+/-0.02 dlogz:11.932>0.1]
23180it [0:44:42 bound:137 nc:613 ncall:5.3e+06 eff:0.4% logz-ratio=0.10+/-0.02 dlogz:11.874>0.1]
23355it [0:45:47 bound:140 nc:1363 ncall:5.5e+06 eff:0.4% logz-ratio=0.11+/-0.02 dlogz:11.817>0.1]
23522it [0:46:48 bound:143 nc:439 ncall:5.6e+06 eff:0.4% logz-ratio=0.12+/-0.02 dlogz:11.763>0.1]
23756it [0:48:08 bound:147 nc:547 ncall:5.7e+06 eff:0.4% logz-ratio=0.14+/-0.02 dlogz:11.687>0.1]
23930it [0:49:10 bound:150 nc:477 ncall:5.8e+06 eff:0.4% logz-ratio=0.15+/-0.02 dlogz:11.631>0.1]
24107it [0:50:14 bound:153 nc:559 ncall:6.0e+06 eff:0.4% logz-ratio=0.17+/-0.02 dlogz:11.574>0.1]
24273it [0:51:16 bound:156 nc:592 ncall:6.1e+06 eff:0.4% logz-ratio=0.18+/-0.02 dlogz:11.521>0.1]
24503it [0:52:34 bound:160 nc:383 ncall:6.2e+06 eff:0.4% logz-ratio=0.20+/-0.02 dlogz:11.446>0.1]
24674it [0:53:36 bound:163 nc:936 ncall:6.3e+06 eff:0.4% logz-ratio=0.21+/-0.02 dlogz:11.391>0.1]
24843it [0:54:42 bound:166 nc:619 ncall:6.5e+06 eff:0.4% logz-ratio=0.23+/-0.02 dlogz:11.337>0.1]
25018it [0:55:42 bound:169 nc:451 ncall:6.6e+06 eff:0.4% logz-ratio=0.24+/-0.02 dlogz:11.281>0.1]
25190it [0:56:50 bound:172 nc:301 ncall:6.7e+06 eff:0.4% logz-ratio=0.25+/-0.02 dlogz:11.226>0.1]
25362it [0:58:02 bound:175 nc:932 ncall:6.8e+06 eff:0.4% logz-ratio=0.27+/-0.02 dlogz:11.171>0.1]
25527it [0:59:03 bound:178 nc:294 ncall:6.9e+06 eff:0.4% logz-ratio=0.28+/-0.02 dlogz:11.118>0.1]
25690it [1:00:04 bound:181 nc:578 ncall:7.0e+06 eff:0.4% logz-ratio=0.29+/-0.02 dlogz:11.065>0.1]
25798it [1:01:13 bound:183 nc:796 ncall:7.1e+06 eff:0.4% logz-ratio=0.30+/-0.02 dlogz:11.031>0.1]
25972it [1:02:17 bound:186 nc:582 ncall:7.2e+06 eff:0.4% logz-ratio=0.31+/-0.02 dlogz:10.975>0.1]
26138it [1:03:18 bound:189 nc:328 ncall:7.3e+06 eff:0.4% logz-ratio=0.32+/-0.02 dlogz:10.922>0.1]
26358it [1:04:32 bound:193 nc:1013 ncall:7.5e+06 eff:0.4% logz-ratio=0.34+/-0.02 dlogz:10.852>0.1]
26526it [1:05:36 bound:196 nc:499 ncall:7.6e+06 eff:0.3% logz-ratio=0.35+/-0.03 dlogz:10.798>0.1]
26690it [1:06:36 bound:199 nc:719 ncall:7.7e+06 eff:0.3% logz-ratio=0.37+/-0.03 dlogz:10.746>0.1]
26863it [1:07:38 bound:202 nc:733 ncall:7.8e+06 eff:0.3% logz-ratio=0.38+/-0.03 dlogz:10.691>0.1]
27088it [1:08:53 bound:206 nc:1299 ncall:8.0e+06 eff:0.3% logz-ratio=0.40+/-0.03 dlogz:10.619>0.1]
27250it [1:10:01 bound:209 nc:776 ncall:8.1e+06 eff:0.3% logz-ratio=0.41+/-0.03 dlogz:10.568>0.1]
27411it [1:11:07 bound:212 nc:525 ncall:8.2e+06 eff:0.3% logz-ratio=0.42+/-0.03 dlogz:10.516>0.1]
27575it [1:12:09 bound:215 nc:741 ncall:8.3e+06 eff:0.3% logz-ratio=0.43+/-0.03 dlogz:10.464>0.1]
27744it [1:13:13 bound:218 nc:341 ncall:8.4e+06 eff:0.3% logz-ratio=0.44+/-0.03 dlogz:10.411>0.1]
27897it [1:14:13 bound:221 nc:1723 ncall:8.5e+06 eff:0.3% logz-ratio=0.46+/-0.03 dlogz:10.362>0.1]
28062it [1:15:15 bound:224 nc:1218 ncall:8.6e+06 eff:0.3% logz-ratio=0.47+/-0.03 dlogz:10.309>0.1]
28230it [1:16:17 bound:227 nc:1705 ncall:8.8e+06 eff:0.3% logz-ratio=0.48+/-0.03 dlogz:10.256>0.1]
28398it [1:17:22 bound:230 nc:807 ncall:8.9e+06 eff:0.3% logz-ratio=0.49+/-0.03 dlogz:10.203>0.1]
28563it [1:18:25 bound:233 nc:893 ncall:9.0e+06 eff:0.3% logz-ratio=0.50+/-0.03 dlogz:10.150>0.1]
28787it [1:19:47 bound:237 nc:572 ncall:9.1e+06 eff:0.3% logz-ratio=0.52+/-0.03 dlogz:10.079>0.1]
29007it [1:21:06 bound:241 nc:347 ncall:9.3e+06 eff:0.3% logz-ratio=0.54+/-0.03 dlogz:10.009>0.1]
29222it [1:22:25 bound:245 nc:849 ncall:9.4e+06 eff:0.3% logz-ratio=0.55+/-0.03 dlogz:9.941>0.1]
29386it [1:23:42 bound:248 nc:918 ncall:9.6e+06 eff:0.3% logz-ratio=0.57+/-0.03 dlogz:9.889>0.1]
29602it [1:25:01 bound:252 nc:444 ncall:9.7e+06 eff:0.3% logz-ratio=0.58+/-0.03 dlogz:9.820>0.1]
29827it [1:26:17 bound:256 nc:529 ncall:9.9e+06 eff:0.3% logz-ratio=0.60+/-0.03 dlogz:9.749>0.1]
30059it [1:27:39 bound:260 nc:272 ncall:1.0e+07 eff:0.3% logz-ratio=0.61+/-0.03 dlogz:9.676>0.1]
30232it [1:28:40 bound:263 nc:555 ncall:1.0e+07 eff:0.3% logz-ratio=0.63+/-0.03 dlogz:9.621>0.1]
30447it [1:29:55 bound:267 nc:1335 ncall:1.0e+07 eff:0.3% logz-ratio=0.64+/-0.03 dlogz:9.554>0.1]
30617it [1:31:03 bound:270 nc:877 ncall:1.0e+07 eff:0.3% logz-ratio=0.65+/-0.03 dlogz:9.500>0.1]
30794it [1:32:06 bound:273 nc:451 ncall:1.1e+07 eff:0.3% logz-ratio=0.67+/-0.03 dlogz:9.444>0.1]
31020it [1:33:25 bound:277 nc:693 ncall:1.1e+07 eff:0.3% logz-ratio=0.68+/-0.03 dlogz:9.373>0.1]
31197it [1:34:37 bound:280 nc:840 ncall:1.1e+07 eff:0.3% logz-ratio=0.69+/-0.03 dlogz:9.317>0.1]
31365it [1:35:39 bound:283 nc:981 ncall:1.1e+07 eff:0.3% logz-ratio=0.71+/-0.03 dlogz:9.264>0.1]
31599it [1:36:54 bound:287 nc:814 ncall:1.1e+07 eff:0.3% logz-ratio=0.72+/-0.03 dlogz:9.190>0.1]
31773it [1:37:59 bound:290 nc:1156 ncall:1.1e+07 eff:0.3% logz-ratio=0.74+/-0.03 dlogz:9.135>0.1]
31939it [1:39:00 bound:293 nc:308 ncall:1.1e+07 eff:0.3% logz-ratio=0.75+/-0.03 dlogz:9.083>0.1]
32166it [1:40:21 bound:297 nc:470 ncall:1.1e+07 eff:0.3% logz-ratio=0.76+/-0.03 dlogz:9.011>0.1]
32401it [1:41:44 bound:301 nc:461 ncall:1.2e+07 eff:0.3% logz-ratio=0.78+/-0.03 dlogz:8.937>0.1]
32579it [1:42:46 bound:304 nc:481 ncall:1.2e+07 eff:0.3% logz-ratio=0.79+/-0.03 dlogz:8.880>0.1]
32755it [1:43:56 bound:307 nc:490 ncall:1.2e+07 eff:0.3% logz-ratio=0.81+/-0.03 dlogz:8.825>0.1]
32936it [1:45:03 bound:310 nc:953 ncall:1.2e+07 eff:0.3% logz-ratio=0.82+/-0.03 dlogz:8.768>0.1]
33116it [1:46:08 bound:313 nc:313 ncall:1.2e+07 eff:0.3% logz-ratio=0.83+/-0.03 dlogz:8.711>0.1]
33296it [1:47:12 bound:316 nc:342 ncall:1.2e+07 eff:0.3% logz-ratio=0.85+/-0.03 dlogz:8.654>0.1]
33477it [1:48:13 bound:319 nc:615 ncall:1.2e+07 eff:0.3% logz-ratio=0.86+/-0.03 dlogz:8.597>0.1]
33660it [1:49:21 bound:322 nc:993 ncall:1.2e+07 eff:0.3% logz-ratio=0.87+/-0.03 dlogz:8.540>0.1]
33845it [1:50:25 bound:325 nc:405 ncall:1.3e+07 eff:0.3% logz-ratio=0.88+/-0.03 dlogz:8.522>0.1]
34030it [1:51:29 bound:328 nc:557 ncall:1.3e+07 eff:0.3% logz-ratio=0.90+/-0.03 dlogz:8.463>0.1]
34208it [1:52:32 bound:331 nc:368 ncall:1.3e+07 eff:0.3% logz-ratio=0.91+/-0.03 dlogz:8.407>0.1]
34394it [1:53:34 bound:334 nc:895 ncall:1.3e+07 eff:0.3% logz-ratio=0.92+/-0.03 dlogz:8.349>0.1]
34635it [1:54:51 bound:338 nc:1785 ncall:1.3e+07 eff:0.3% logz-ratio=0.94+/-0.03 dlogz:8.272>0.1]
34822it [1:55:52 bound:341 nc:429 ncall:1.3e+07 eff:0.3% logz-ratio=0.95+/-0.03 dlogz:8.213>0.1]
35012it [1:57:00 bound:344 nc:501 ncall:1.3e+07 eff:0.3% logz-ratio=0.97+/-0.03 dlogz:8.153>0.1]
35258it [1:58:16 bound:348 nc:317 ncall:1.3e+07 eff:0.3% logz-ratio=0.99+/-0.03 dlogz:8.076>0.1]
35446it [1:59:18 bound:351 nc:739 ncall:1.4e+07 eff:0.3% logz-ratio=1.00+/-0.03 dlogz:8.016>0.1]
35630it [2:00:19 bound:354 nc:629 ncall:1.4e+07 eff:0.3% logz-ratio=1.01+/-0.03 dlogz:7.959>0.1]
35755it [2:01:38 bound:356 nc:746 ncall:1.4e+07 eff:0.3% logz-ratio=1.02+/-0.03 dlogz:7.919>0.1]
35939it [2:02:43 bound:359 nc:929 ncall:1.4e+07 eff:0.3% logz-ratio=1.03+/-0.03 dlogz:7.861>0.1]
36129it [2:03:48 bound:362 nc:709 ncall:1.4e+07 eff:0.3% logz-ratio=1.05+/-0.03 dlogz:7.801>0.1]
36376it [2:05:15 bound:366 nc:284 ncall:1.4e+07 eff:0.3% logz-ratio=1.07+/-0.03 dlogz:7.723>0.1]
36567it [2:06:27 bound:369 nc:454 ncall:1.4e+07 eff:0.3% logz-ratio=1.08+/-0.03 dlogz:7.663>0.1]
36817it [2:07:46 bound:373 nc:502 ncall:1.4e+07 eff:0.3% logz-ratio=1.10+/-0.03 dlogz:7.584>0.1]
37006it [2:08:54 bound:376 nc:305 ncall:1.5e+07 eff:0.3% logz-ratio=1.11+/-0.03 dlogz:7.524>0.1]
37195it [2:09:56 bound:379 nc:429 ncall:1.5e+07 eff:0.3% logz-ratio=1.12+/-0.03 dlogz:7.464>0.1]
37382it [2:11:01 bound:382 nc:873 ncall:1.5e+07 eff:0.3% logz-ratio=1.14+/-0.03 dlogz:7.405>0.1]
37572it [2:12:03 bound:385 nc:680 ncall:1.5e+07 eff:0.3% logz-ratio=1.15+/-0.03 dlogz:7.344>0.1]
37762it [2:13:03 bound:388 nc:619 ncall:1.5e+07 eff:0.3% logz-ratio=1.17+/-0.03 dlogz:7.284>0.1]
38015it [2:14:20 bound:392 nc:650 ncall:1.5e+07 eff:0.3% logz-ratio=1.19+/-0.03 dlogz:7.203>0.1]
38269it [2:15:35 bound:396 nc:500 ncall:1.5e+07 eff:0.2% logz-ratio=1.20+/-0.03 dlogz:7.191>0.1]
38458it [2:16:40 bound:399 nc:464 ncall:1.5e+07 eff:0.2% logz-ratio=1.22+/-0.03 dlogz:7.130>0.1]
38683it [2:17:40 bound:402 nc:667 ncall:1.6e+07 eff:0.2% logz-ratio=1.24+/-0.03 dlogz:7.058>0.1]
38835it [2:18:41 bound:405 nc:413 ncall:1.6e+07 eff:0.2% logz-ratio=1.25+/-0.03 dlogz:7.010>0.1]
39086it [2:19:53 bound:409 nc:372 ncall:1.6e+07 eff:0.2% logz-ratio=1.27+/-0.03 dlogz:6.930>0.1]
39274it [2:20:55 bound:412 nc:568 ncall:1.6e+07 eff:0.2% logz-ratio=1.28+/-0.03 dlogz:6.869>0.1]
39529it [2:22:10 bound:416 nc:791 ncall:1.6e+07 eff:0.2% logz-ratio=1.30+/-0.03 dlogz:6.788>0.1]
39782it [2:23:27 bound:420 nc:529 ncall:1.6e+07 eff:0.2% logz-ratio=1.32+/-0.03 dlogz:6.707>0.1]
40037it [2:24:44 bound:424 nc:594 ncall:1.6e+07 eff:0.2% logz-ratio=1.34+/-0.03 dlogz:6.626>0.1]
40290it [2:25:58 bound:428 nc:889 ncall:1.7e+07 eff:0.2% logz-ratio=1.36+/-0.03 dlogz:6.545>0.1]
40545it [2:27:13 bound:432 nc:800 ncall:1.7e+07 eff:0.2% logz-ratio=1.38+/-0.03 dlogz:6.464>0.1]
40799it [2:28:28 bound:436 nc:731 ncall:1.7e+07 eff:0.2% logz-ratio=1.40+/-0.03 dlogz:6.383>0.1]
41054it [2:29:44 bound:440 nc:866 ncall:1.7e+07 eff:0.2% logz-ratio=1.42+/-0.04 dlogz:6.301>0.1]
41246it [2:30:45 bound:443 nc:602 ncall:1.7e+07 eff:0.2% logz-ratio=1.43+/-0.04 dlogz:6.239>0.1]
41437it [2:31:48 bound:446 nc:548 ncall:1.7e+07 eff:0.2% logz-ratio=1.45+/-0.04 dlogz:6.178>0.1]
41693it [2:33:00 bound:450 nc:491 ncall:1.8e+07 eff:0.2% logz-ratio=1.47+/-0.04 dlogz:6.096>0.1]
41946it [2:34:18 bound:454 nc:351 ncall:1.8e+07 eff:0.2% logz-ratio=1.49+/-0.04 dlogz:6.014>0.1]
42200it [2:35:38 bound:458 nc:604 ncall:1.8e+07 eff:0.2% logz-ratio=1.51+/-0.04 dlogz:5.933>0.1]
42454it [2:36:57 bound:462 nc:623 ncall:1.8e+07 eff:0.2% logz-ratio=1.53+/-0.04 dlogz:5.850>0.1]
42706it [2:38:16 bound:466 nc:690 ncall:1.8e+07 eff:0.2% logz-ratio=1.55+/-0.04 dlogz:5.769>0.1]
42898it [2:39:20 bound:469 nc:670 ncall:1.8e+07 eff:0.2% logz-ratio=1.56+/-0.04 dlogz:5.706>0.1]
43090it [2:40:24 bound:472 nc:847 ncall:1.8e+07 eff:0.2% logz-ratio=1.58+/-0.04 dlogz:8.756>0.1]
43281it [2:41:24 bound:475 nc:717 ncall:1.9e+07 eff:0.2% logz-ratio=1.59+/-0.04 dlogz:8.695>0.1]
43470it [2:42:25 bound:478 nc:1132 ncall:1.9e+07 eff:0.2% logz-ratio=1.61+/-0.04 dlogz:8.633>0.1]
43725it [2:43:46 bound:482 nc:431 ncall:1.9e+07 eff:0.2% logz-ratio=1.63+/-0.04 dlogz:8.549>0.1]
43912it [2:44:49 bound:485 nc:495 ncall:1.9e+07 eff:0.2% logz-ratio=1.65+/-0.04 dlogz:8.488>0.1]
44103it [2:45:56 bound:488 nc:467 ncall:1.9e+07 eff:0.2% logz-ratio=1.66+/-0.04 dlogz:8.492>0.1]
44294it [2:47:01 bound:491 nc:776 ncall:1.9e+07 eff:0.2% logz-ratio=1.68+/-0.04 dlogz:8.429>0.1]
44485it [2:48:06 bound:494 nc:1088 ncall:1.9e+07 eff:0.2% logz-ratio=1.69+/-0.04 dlogz:8.366>0.1]
44675it [2:49:10 bound:497 nc:667 ncall:2.0e+07 eff:0.2% logz-ratio=1.71+/-0.04 dlogz:8.303>0.1]
44867it [2:50:14 bound:500 nc:975 ncall:2.0e+07 eff:0.2% logz-ratio=1.73+/-0.04 dlogz:8.240>0.1]
45057it [2:51:20 bound:503 nc:604 ncall:2.0e+07 eff:0.2% logz-ratio=1.74+/-0.04 dlogz:8.177>0.1]
45246it [2:52:23 bound:506 nc:552 ncall:2.0e+07 eff:0.2% logz-ratio=1.76+/-0.04 dlogz:8.114>0.1]
45437it [2:53:26 bound:509 nc:1057 ncall:2.0e+07 eff:0.2% logz-ratio=1.78+/-0.04 dlogz:8.050>0.1]
45627it [2:54:32 bound:512 nc:572 ncall:2.0e+07 eff:0.2% logz-ratio=1.79+/-0.04 dlogz:7.987>0.1]
45817it [2:55:37 bound:515 nc:1536 ncall:2.0e+07 eff:0.2% logz-ratio=1.81+/-0.04 dlogz:7.923>0.1]
46008it [2:56:44 bound:518 nc:452 ncall:2.1e+07 eff:0.2% logz-ratio=1.83+/-0.04 dlogz:7.859>0.1]
46199it [2:57:51 bound:521 nc:924 ncall:2.1e+07 eff:0.2% logz-ratio=1.85+/-0.04 dlogz:7.794>0.1]
46387it [2:58:59 bound:524 nc:425 ncall:2.1e+07 eff:0.2% logz-ratio=1.87+/-0.04 dlogz:7.731>0.1]
46579it [3:00:06 bound:527 nc:1098 ncall:2.1e+07 eff:0.2% logz-ratio=1.88+/-0.04 dlogz:7.666>0.1]
46725it [3:01:38 bound:529 nc:767 ncall:2.1e+07 eff:0.2% logz-ratio=1.90+/-0.04 dlogz:7.618>0.1]
46898it [3:02:49 bound:532 nc:775 ncall:2.1e+07 eff:0.2% logz-ratio=1.91+/-0.04 dlogz:7.560>0.1]
47085it [3:03:57 bound:535 nc:947 ncall:2.1e+07 eff:0.2% logz-ratio=1.93+/-0.04 dlogz:7.497>0.1]
47274it [3:05:05 bound:538 nc:660 ncall:2.2e+07 eff:0.2% logz-ratio=1.95+/-0.04 dlogz:7.434>0.1]
47462it [3:06:10 bound:541 nc:710 ncall:2.2e+07 eff:0.2% logz-ratio=1.96+/-0.04 dlogz:7.371>0.1]
47653it [3:07:22 bound:544 nc:649 ncall:2.2e+07 eff:0.2% logz-ratio=1.98+/-0.04 dlogz:7.307>0.1]
47840it [3:08:28 bound:547 nc:514 ncall:2.2e+07 eff:0.2% logz-ratio=2.00+/-0.04 dlogz:7.244>0.1]
48032it [3:09:34 bound:550 nc:1159 ncall:2.2e+07 eff:0.2% logz-ratio=2.02+/-0.04 dlogz:7.225>0.1]
48222it [3:10:39 bound:553 nc:830 ncall:2.2e+07 eff:0.2% logz-ratio=2.03+/-0.04 dlogz:7.161>0.1]
48413it [3:11:47 bound:556 nc:991 ncall:2.2e+07 eff:0.2% logz-ratio=2.05+/-0.04 dlogz:7.097>0.1]
48603it [3:12:56 bound:559 nc:327 ncall:2.3e+07 eff:0.2% logz-ratio=2.07+/-0.04 dlogz:7.034>0.1]
48792it [3:14:01 bound:562 nc:1166 ncall:2.3e+07 eff:0.2% logz-ratio=2.08+/-0.04 dlogz:6.971>0.1]
48981it [3:15:04 bound:565 nc:861 ncall:2.3e+07 eff:0.2% logz-ratio=2.10+/-0.04 dlogz:6.908>0.1]
49172it [3:16:12 bound:568 nc:556 ncall:2.3e+07 eff:0.2% logz-ratio=2.12+/-0.04 dlogz:6.844>0.1]
49359it [3:17:20 bound:571 nc:876 ncall:2.3e+07 eff:0.2% logz-ratio=2.14+/-0.04 dlogz:6.782>0.1]
49549it [3:18:26 bound:574 nc:801 ncall:2.3e+07 eff:0.2% logz-ratio=2.15+/-0.04 dlogz:6.718>0.1]
49737it [3:19:34 bound:577 nc:891 ncall:2.3e+07 eff:0.2% logz-ratio=2.17+/-0.04 dlogz:6.656>0.1]
49926it [3:20:46 bound:580 nc:731 ncall:2.4e+07 eff:0.2% logz-ratio=2.19+/-0.04 dlogz:6.593>0.1]
50113it [3:21:49 bound:583 nc:833 ncall:2.4e+07 eff:0.2% logz-ratio=2.20+/-0.04 dlogz:6.531>0.1]
50300it [3:22:55 bound:586 nc:879 ncall:2.4e+07 eff:0.2% logz-ratio=2.22+/-0.04 dlogz:6.468>0.1]
50490it [3:24:00 bound:589 nc:406 ncall:2.4e+07 eff:0.2% logz-ratio=2.24+/-0.04 dlogz:6.404>0.1]
50677it [3:25:12 bound:592 nc:1663 ncall:2.4e+07 eff:0.2% logz-ratio=2.25+/-0.04 dlogz:6.342>0.1]
50863it [3:26:19 bound:595 nc:1959 ncall:2.4e+07 eff:0.2% logz-ratio=2.27+/-0.04 dlogz:6.279>0.1]
51052it [3:27:28 bound:598 nc:2084 ncall:2.5e+07 eff:0.2% logz-ratio=2.29+/-0.04 dlogz:6.216>0.1]
51241it [3:28:35 bound:601 nc:879 ncall:2.5e+07 eff:0.2% logz-ratio=2.31+/-0.04 dlogz:6.153>0.1]
51428it [3:29:45 bound:604 nc:819 ncall:2.5e+07 eff:0.2% logz-ratio=2.32+/-0.04 dlogz:6.090>0.1]
51615it [3:30:51 bound:607 nc:822 ncall:2.5e+07 eff:0.2% logz-ratio=2.34+/-0.04 dlogz:6.027>0.1]
51802it [3:32:00 bound:610 nc:665 ncall:2.5e+07 eff:0.2% logz-ratio=2.36+/-0.04 dlogz:5.964>0.1]
51987it [3:33:08 bound:613 nc:607 ncall:2.5e+07 eff:0.2% logz-ratio=2.38+/-0.04 dlogz:5.901>0.1]
52177it [3:34:15 bound:616 nc:561 ncall:2.5e+07 eff:0.2% logz-ratio=2.39+/-0.04 dlogz:5.837>0.1]
52358it [3:35:26 bound:619 nc:1223 ncall:2.6e+07 eff:0.2% logz-ratio=2.41+/-0.04 dlogz:5.776>0.1]
52545it [3:36:31 bound:622 nc:1086 ncall:2.6e+07 eff:0.2% logz-ratio=2.43+/-0.04 dlogz:5.713>0.1]
52730it [3:37:39 bound:625 nc:742 ncall:2.6e+07 eff:0.2% logz-ratio=2.45+/-0.04 dlogz:7.149>0.1]
52917it [3:38:45 bound:628 nc:742 ncall:2.6e+07 eff:0.2% logz-ratio=2.46+/-0.04 dlogz:7.085>0.1]
53095it [3:39:50 bound:631 nc:364 ncall:2.6e+07 eff:0.2% logz-ratio=2.48+/-0.04 dlogz:7.025>0.1]
53282it [3:40:58 bound:634 nc:1805 ncall:2.6e+07 eff:0.2% logz-ratio=2.50+/-0.04 dlogz:6.962>0.1]
53468it [3:42:07 bound:637 nc:1159 ncall:2.7e+07 eff:0.2% logz-ratio=2.52+/-0.04 dlogz:6.899>0.1]
53659it [3:43:17 bound:640 nc:743 ncall:2.7e+07 eff:0.2% logz-ratio=2.53+/-0.05 dlogz:6.834>0.1]
53844it [3:44:26 bound:643 nc:1620 ncall:2.7e+07 eff:0.2% logz-ratio=2.55+/-0.05 dlogz:6.771>0.1]
54027it [3:45:41 bound:646 nc:836 ncall:2.7e+07 eff:0.2% logz-ratio=2.57+/-0.05 dlogz:6.709>0.1]
54217it [3:46:52 bound:649 nc:731 ncall:2.7e+07 eff:0.2% logz-ratio=2.59+/-0.05 dlogz:6.645>0.1]
54399it [3:48:05 bound:652 nc:828 ncall:2.7e+07 eff:0.2% logz-ratio=2.60+/-0.05 dlogz:6.584>0.1]
54582it [3:49:15 bound:655 nc:713 ncall:2.8e+07 eff:0.2% logz-ratio=2.62+/-0.05 dlogz:6.522>0.1]
54762it [3:50:24 bound:658 nc:1142 ncall:2.8e+07 eff:0.2% logz-ratio=2.64+/-0.05 dlogz:6.461>0.1]
54944it [3:51:35 bound:661 nc:655 ncall:2.8e+07 eff:0.2% logz-ratio=2.66+/-0.05 dlogz:6.399>0.1]
55125it [3:52:43 bound:664 nc:765 ncall:2.8e+07 eff:0.2% logz-ratio=2.67+/-0.05 dlogz:6.338>0.1]
55305it [3:53:49 bound:667 nc:914 ncall:2.8e+07 eff:0.2% logz-ratio=2.69+/-0.05 dlogz:6.277>0.1]
55490it [3:54:56 bound:670 nc:1455 ncall:2.8e+07 eff:0.2% logz-ratio=2.71+/-0.05 dlogz:6.214>0.1]
55671it [3:56:09 bound:673 nc:1832 ncall:2.8e+07 eff:0.2% logz-ratio=2.72+/-0.05 dlogz:6.153>0.1]
55854it [3:57:19 bound:676 nc:731 ncall:2.9e+07 eff:0.2% logz-ratio=2.74+/-0.05 dlogz:6.091>0.1]
56037it [3:58:30 bound:679 nc:740 ncall:2.9e+07 eff:0.2% logz-ratio=2.76+/-0.05 dlogz:6.029>0.1]
56214it [3:59:37 bound:682 nc:344 ncall:2.9e+07 eff:0.2% logz-ratio=2.78+/-0.05 dlogz:5.969>0.1]
56389it [4:00:46 bound:685 nc:512 ncall:2.9e+07 eff:0.2% logz-ratio=2.79+/-0.05 dlogz:5.909>0.1]
56515it [4:02:30 bound:687 nc:1294 ncall:2.9e+07 eff:0.2% logz-ratio=2.81+/-0.05 dlogz:5.866>0.1]
56697it [4:03:40 bound:690 nc:978 ncall:2.9e+07 eff:0.2% logz-ratio=2.82+/-0.05 dlogz:5.805>0.1]
56876it [4:04:49 bound:693 nc:547 ncall:3.0e+07 eff:0.2% logz-ratio=2.84+/-0.05 dlogz:5.744>0.1]
57049it [4:06:05 bound:696 nc:1767 ncall:3.0e+07 eff:0.2% logz-ratio=2.86+/-0.05 dlogz:5.685>0.1]
57228it [4:07:20 bound:699 nc:690 ncall:3.0e+07 eff:0.2% logz-ratio=2.88+/-0.05 dlogz:5.623>0.1]
57404it [4:08:31 bound:702 nc:909 ncall:3.0e+07 eff:0.2% logz-ratio=2.89+/-0.05 dlogz:5.563>0.1]
57584it [4:09:51 bound:705 nc:816 ncall:3.0e+07 eff:0.2% logz-ratio=2.91+/-0.05 dlogz:5.502>0.1]
57766it [4:11:07 bound:708 nc:1008 ncall:3.1e+07 eff:0.2% logz-ratio=2.93+/-0.05 dlogz:5.440>0.1]
57942it [4:12:23 bound:711 nc:1377 ncall:3.1e+07 eff:0.2% logz-ratio=2.95+/-0.05 dlogz:5.380>0.1]
58117it [4:13:38 bound:714 nc:958 ncall:3.1e+07 eff:0.2% logz-ratio=2.96+/-0.05 dlogz:5.320>0.1]
58300it [4:14:52 bound:717 nc:969 ncall:3.1e+07 eff:0.2% logz-ratio=2.98+/-0.05 dlogz:5.674>0.1]
58475it [4:16:06 bound:720 nc:1149 ncall:3.1e+07 eff:0.2% logz-ratio=3.00+/-0.05 dlogz:5.615>0.1]
58654it [4:17:22 bound:723 nc:1040 ncall:3.1e+07 eff:0.2% logz-ratio=3.02+/-0.05 dlogz:5.553>0.1]
58832it [4:18:35 bound:726 nc:800 ncall:3.2e+07 eff:0.2% logz-ratio=3.03+/-0.05 dlogz:5.493>0.1]
59015it [4:19:53 bound:729 nc:982 ncall:3.2e+07 eff:0.2% logz-ratio=3.05+/-0.05 dlogz:5.569>0.1]
59199it [4:21:08 bound:732 nc:1257 ncall:3.2e+07 eff:0.2% logz-ratio=3.07+/-0.05 dlogz:5.506>0.1]
59376it [4:22:27 bound:735 nc:729 ncall:3.2e+07 eff:0.2% logz-ratio=3.09+/-0.05 dlogz:5.446>0.1]
59557it [4:23:48 bound:738 nc:2055 ncall:3.2e+07 eff:0.2% logz-ratio=3.10+/-0.05 dlogz:5.384>0.1]
59742it [4:25:06 bound:741 nc:710 ncall:3.3e+07 eff:0.2% logz-ratio=3.12+/-0.05 dlogz:5.322>0.1]
59916it [4:26:24 bound:744 nc:1203 ncall:3.3e+07 eff:0.2% logz-ratio=3.14+/-0.05 dlogz:5.263>0.1]
60086it [4:27:41 bound:747 nc:658 ncall:3.3e+07 eff:0.2% logz-ratio=3.16+/-0.05 dlogz:5.206>0.1]
60268it [4:29:01 bound:750 nc:2488 ncall:3.3e+07 eff:0.2% logz-ratio=3.17+/-0.05 dlogz:5.712>0.1]
60442it [4:30:21 bound:753 nc:3730 ncall:3.3e+07 eff:0.2% logz-ratio=3.19+/-0.05 dlogz:5.653>0.1]
60622it [4:31:41 bound:756 nc:1068 ncall:3.4e+07 eff:0.2% logz-ratio=3.21+/-0.05 dlogz:5.593>0.1]
60796it [4:33:02 bound:759 nc:1086 ncall:3.4e+07 eff:0.2% logz-ratio=3.22+/-0.05 dlogz:5.782>0.1]
60974it [4:34:24 bound:762 nc:2043 ncall:3.4e+07 eff:0.2% logz-ratio=3.24+/-0.05 dlogz:5.723>0.1]
61150it [4:35:44 bound:765 nc:1053 ncall:3.4e+07 eff:0.2% logz-ratio=3.25+/-0.05 dlogz:5.664>0.1]
61332it [4:37:02 bound:768 nc:1287 ncall:3.4e+07 eff:0.2% logz-ratio=3.27+/-0.05 dlogz:5.604>0.1]
61505it [4:38:25 bound:771 nc:2079 ncall:3.5e+07 eff:0.2% logz-ratio=3.29+/-0.05 dlogz:5.546>0.1]
61686it [4:39:50 bound:774 nc:1368 ncall:3.5e+07 eff:0.2% logz-ratio=3.30+/-0.05 dlogz:5.486>0.1]
61866it [4:41:12 bound:777 nc:1763 ncall:3.5e+07 eff:0.2% logz-ratio=3.32+/-0.05 dlogz:5.427>0.1]
62046it [4:42:36 bound:780 nc:1109 ncall:3.5e+07 eff:0.2% logz-ratio=3.33+/-0.05 dlogz:5.367>0.1]
62224it [4:43:59 bound:783 nc:980 ncall:3.5e+07 eff:0.2% logz-ratio=3.35+/-0.05 dlogz:5.308>0.1]
62404it [4:45:24 bound:786 nc:674 ncall:3.6e+07 eff:0.2% logz-ratio=3.36+/-0.05 dlogz:5.249>0.1]
62582it [4:46:48 bound:789 nc:1517 ncall:3.6e+07 eff:0.2% logz-ratio=3.38+/-0.05 dlogz:5.190>0.1]
62755it [4:48:12 bound:792 nc:1070 ncall:3.6e+07 eff:0.2% logz-ratio=3.40+/-0.05 dlogz:5.133>0.1]
62926it [4:49:35 bound:795 nc:1370 ncall:3.6e+07 eff:0.2% logz-ratio=3.41+/-0.05 dlogz:5.077>0.1]
63103it [4:51:02 bound:798 nc:1143 ncall:3.6e+07 eff:0.2% logz-ratio=3.43+/-0.05 dlogz:5.019>0.1]
63269it [4:52:28 bound:801 nc:1551 ncall:3.7e+07 eff:0.2% logz-ratio=3.44+/-0.05 dlogz:4.964>0.1]
63446it [4:53:57 bound:804 nc:1421 ncall:3.7e+07 eff:0.2% logz-ratio=3.45+/-0.05 dlogz:4.907>0.1]
63560it [4:54:57 bound:806 nc:1464 ncall:3.7e+07 eff:0.2% logz-ratio=3.46+/-0.05 dlogz:4.869>0.1]
63730it [4:56:24 bound:809 nc:2252 ncall:3.7e+07 eff:0.2% logz-ratio=3.48+/-0.05 dlogz:4.814>0.1]
63906it [4:57:50 bound:812 nc:2225 ncall:3.8e+07 eff:0.2% logz-ratio=3.49+/-0.05 dlogz:4.757>0.1]
64084it [4:59:19 bound:815 nc:1281 ncall:3.8e+07 eff:0.2% logz-ratio=3.51+/-0.05 dlogz:4.699>0.1]
64253it [5:00:47 bound:818 nc:1862 ncall:3.8e+07 eff:0.2% logz-ratio=3.52+/-0.05 dlogz:4.645>0.1]
64425it [5:02:18 bound:821 nc:1569 ncall:3.8e+07 eff:0.2% logz-ratio=3.54+/-0.05 dlogz:4.589>0.1]
64434it [5:03:20 bound:821 nc:1146 ncall:3.8e+07 eff:0.2% logz-ratio=3.54+/-0.05 dlogz:4.586>0.1]
64541it [5:04:21 bound:823 nc:1219 ncall:3.8e+07 eff:0.2% logz-ratio=3.55+/-0.05 dlogz:4.552>0.1]
64716it [5:05:53 bound:826 nc:1019 ncall:3.9e+07 eff:0.2% logz-ratio=3.56+/-0.05 dlogz:4.496>0.1]
64836it [5:06:53 bound:828 nc:1271 ncall:3.9e+07 eff:0.2% logz-ratio=3.57+/-0.05 dlogz:4.457>0.1]
65006it [5:08:21 bound:831 nc:1350 ncall:3.9e+07 eff:0.2% logz-ratio=3.58+/-0.05 dlogz:4.403>0.1]
65114it [5:09:22 bound:833 nc:989 ncall:3.9e+07 eff:0.2% logz-ratio=3.59+/-0.05 dlogz:4.369>0.1]
65229it [5:10:22 bound:835 nc:1046 ncall:3.9e+07 eff:0.2% logz-ratio=3.60+/-0.05 dlogz:4.332>0.1]
65347it [5:11:24 bound:837 nc:2499 ncall:3.9e+07 eff:0.2% logz-ratio=3.61+/-0.05 dlogz:4.295>0.1]
65465it [5:12:26 bound:839 nc:1994 ncall:4.0e+07 eff:0.2% logz-ratio=3.62+/-0.05 dlogz:4.257>0.1]
65583it [5:13:27 bound:841 nc:903 ncall:4.0e+07 eff:0.2% logz-ratio=3.63+/-0.05 dlogz:4.220>0.1]
65700it [5:14:30 bound:843 nc:950 ncall:4.0e+07 eff:0.2% logz-ratio=3.64+/-0.05 dlogz:4.183>0.1]
65818it [5:15:31 bound:845 nc:1361 ncall:4.0e+07 eff:0.2% logz-ratio=3.64+/-0.05 dlogz:4.820>0.1]
65931it [5:16:33 bound:847 nc:1761 ncall:4.0e+07 eff:0.2% logz-ratio=3.65+/-0.05 dlogz:4.785>0.1]
66046it [5:17:36 bound:849 nc:1480 ncall:4.0e+07 eff:0.2% logz-ratio=3.66+/-0.05 dlogz:4.748>0.1]
66222it [5:19:07 bound:852 nc:2108 ncall:4.1e+07 eff:0.2% logz-ratio=3.67+/-0.05 dlogz:4.693>0.1]
66394it [5:20:36 bound:855 nc:2228 ncall:4.1e+07 eff:0.2% logz-ratio=3.69+/-0.05 dlogz:4.639>0.1]
66509it [5:21:40 bound:857 nc:844 ncall:4.1e+07 eff:0.2% logz-ratio=3.70+/-0.05 dlogz:4.603>0.1]
66627it [5:22:41 bound:859 nc:1144 ncall:4.1e+07 eff:0.2% logz-ratio=3.70+/-0.05 dlogz:4.566>0.1]
66739it [5:23:44 bound:861 nc:1383 ncall:4.1e+07 eff:0.2% logz-ratio=3.71+/-0.05 dlogz:4.531>0.1]
66856it [5:24:48 bound:863 nc:1196 ncall:4.1e+07 eff:0.2% logz-ratio=3.72+/-0.05 dlogz:4.494>0.1]
66967it [5:25:50 bound:865 nc:1528 ncall:4.2e+07 eff:0.2% logz-ratio=3.73+/-0.05 dlogz:4.460>0.1]
67082it [5:26:52 bound:867 nc:1064 ncall:4.2e+07 eff:0.2% logz-ratio=3.74+/-0.05 dlogz:4.424>0.1]
67249it [5:28:22 bound:870 nc:2939 ncall:4.2e+07 eff:0.2% logz-ratio=3.75+/-0.05 dlogz:4.372>0.1]
67372it [5:29:23 bound:872 nc:601 ncall:4.2e+07 eff:0.2% logz-ratio=3.76+/-0.05 dlogz:4.334>0.1]
67490it [5:30:26 bound:874 nc:1311 ncall:4.2e+07 eff:0.2% logz-ratio=3.77+/-0.05 dlogz:4.297>0.1]
67600it [5:31:30 bound:876 nc:1276 ncall:4.2e+07 eff:0.2% logz-ratio=3.77+/-0.05 dlogz:4.264>0.1]
67716it [5:32:31 bound:878 nc:1124 ncall:4.3e+07 eff:0.2% logz-ratio=3.78+/-0.05 dlogz:4.228>0.1]
67831it [5:33:35 bound:880 nc:1422 ncall:4.3e+07 eff:0.2% logz-ratio=3.79+/-0.05 dlogz:4.193>0.1]
67949it [5:34:35 bound:882 nc:1275 ncall:4.3e+07 eff:0.2% logz-ratio=3.80+/-0.05 dlogz:4.157>0.1]
68068it [5:35:39 bound:884 nc:979 ncall:4.3e+07 eff:0.2% logz-ratio=3.80+/-0.05 dlogz:4.120>0.1]
68182it [5:36:41 bound:886 nc:1156 ncall:4.3e+07 eff:0.2% logz-ratio=3.81+/-0.05 dlogz:4.085>0.1]
68295it [5:37:43 bound:888 nc:1494 ncall:4.3e+07 eff:0.2% logz-ratio=3.82+/-0.05 dlogz:4.051>0.1]
68408it [5:38:47 bound:890 nc:1214 ncall:4.4e+07 eff:0.2% logz-ratio=3.83+/-0.05 dlogz:4.017>0.1]
68519it [5:39:54 bound:892 nc:2488 ncall:4.4e+07 eff:0.2% logz-ratio=3.83+/-0.05 dlogz:3.983>0.1]
68634it [5:40:55 bound:894 nc:1006 ncall:4.4e+07 eff:0.2% logz-ratio=3.84+/-0.05 dlogz:3.949>0.1]
68751it [5:41:58 bound:896 nc:2657 ncall:4.4e+07 eff:0.2% logz-ratio=3.85+/-0.05 dlogz:3.913>0.1]
68858it [5:43:03 bound:898 nc:2116 ncall:4.4e+07 eff:0.2% logz-ratio=3.85+/-0.05 dlogz:3.881>0.1]
68977it [5:44:06 bound:900 nc:1503 ncall:4.4e+07 eff:0.2% logz-ratio=3.86+/-0.05 dlogz:3.846>0.1]
69092it [5:45:11 bound:902 nc:1597 ncall:4.5e+07 eff:0.2% logz-ratio=3.87+/-0.05 dlogz:3.811>0.1]
69203it [5:46:17 bound:904 nc:1208 ncall:4.5e+07 eff:0.2% logz-ratio=3.88+/-0.05 dlogz:3.778>0.1]
69317it [5:47:21 bound:906 nc:2491 ncall:4.5e+07 eff:0.2% logz-ratio=3.88+/-0.05 dlogz:3.744>0.1]
69429it [5:48:24 bound:908 nc:1170 ncall:4.5e+07 eff:0.2% logz-ratio=3.89+/-0.05 dlogz:3.711>0.1]
69540it [5:49:28 bound:910 nc:1249 ncall:4.5e+07 eff:0.2% logz-ratio=3.90+/-0.05 dlogz:3.678>0.1]
69649it [5:50:33 bound:912 nc:1647 ncall:4.5e+07 eff:0.2% logz-ratio=3.90+/-0.05 dlogz:3.646>0.1]
69770it [5:51:35 bound:914 nc:1419 ncall:4.6e+07 eff:0.2% logz-ratio=3.91+/-0.05 dlogz:3.611>0.1]
69880it [5:52:40 bound:916 nc:2854 ncall:4.6e+07 eff:0.2% logz-ratio=3.92+/-0.05 dlogz:3.578>0.1]
69992it [5:53:45 bound:918 nc:1536 ncall:4.6e+07 eff:0.2% logz-ratio=3.92+/-0.05 dlogz:3.546>0.1]
70107it [5:54:47 bound:920 nc:1138 ncall:4.6e+07 eff:0.2% logz-ratio=3.93+/-0.05 dlogz:3.512>0.1]
70221it [5:55:52 bound:922 nc:1477 ncall:4.6e+07 eff:0.2% logz-ratio=3.93+/-0.05 dlogz:3.479>0.1]
70337it [5:56:58 bound:924 nc:1565 ncall:4.6e+07 eff:0.2% logz-ratio=3.94+/-0.05 dlogz:3.445>0.1]
70449it [5:58:03 bound:926 nc:1381 ncall:4.6e+07 eff:0.2% logz-ratio=3.95+/-0.05 dlogz:3.413>0.1]
70563it [5:59:06 bound:928 nc:1534 ncall:4.7e+07 eff:0.2% logz-ratio=3.95+/-0.05 dlogz:3.380>0.1]
70681it [6:00:08 bound:930 nc:3253 ncall:4.7e+07 eff:0.2% logz-ratio=3.96+/-0.05 dlogz:3.346>0.1]
70796it [6:01:15 bound:932 nc:1441 ncall:4.7e+07 eff:0.2% logz-ratio=3.97+/-0.05 dlogz:3.313>0.1]
70914it [6:02:21 bound:934 nc:1936 ncall:4.7e+07 eff:0.2% logz-ratio=3.97+/-0.05 dlogz:3.279>0.1]
70977it [6:04:02 bound:935 nc:1687 ncall:4.7e+07 eff:0.2% logz-ratio=3.98+/-0.05 dlogz:3.261>0.1]
71087it [6:05:06 bound:937 nc:1400 ncall:4.7e+07 eff:0.2% logz-ratio=3.98+/-0.05 dlogz:3.230>0.1]
71202it [6:06:14 bound:939 nc:2525 ncall:4.8e+07 eff:0.1% logz-ratio=3.99+/-0.05 dlogz:3.198>0.1]
71313it [6:07:24 bound:941 nc:1169 ncall:4.8e+07 eff:0.1% logz-ratio=3.99+/-0.05 dlogz:3.166>0.1]
71427it [6:08:32 bound:943 nc:1248 ncall:4.8e+07 eff:0.1% logz-ratio=4.00+/-0.05 dlogz:3.134>0.1]
71537it [6:09:36 bound:945 nc:2895 ncall:4.8e+07 eff:0.1% logz-ratio=4.00+/-0.05 dlogz:3.103>0.1]
71652it [6:10:44 bound:947 nc:1909 ncall:4.8e+07 eff:0.1% logz-ratio=4.01+/-0.05 dlogz:3.071>0.1]
71769it [6:11:54 bound:949 nc:1319 ncall:4.8e+07 eff:0.1% logz-ratio=4.02+/-0.05 dlogz:3.038>0.1]
71883it [6:13:00 bound:951 nc:839 ncall:4.9e+07 eff:0.1% logz-ratio=4.02+/-0.05 dlogz:3.006>0.1]
72000it [6:14:07 bound:953 nc:1802 ncall:4.9e+07 eff:0.1% logz-ratio=4.03+/-0.05 dlogz:2.974>0.1]
72116it [6:15:17 bound:955 nc:1363 ncall:4.9e+07 eff:0.1% logz-ratio=4.03+/-0.05 dlogz:2.942>0.1]
72226it [6:16:25 bound:957 nc:2541 ncall:4.9e+07 eff:0.1% logz-ratio=4.04+/-0.05 dlogz:2.912>0.1]
72341it [6:17:35 bound:959 nc:1432 ncall:4.9e+07 eff:0.1% logz-ratio=4.04+/-0.05 dlogz:2.880>0.1]
72457it [6:18:37 bound:961 nc:1073 ncall:4.9e+07 eff:0.1% logz-ratio=4.05+/-0.05 dlogz:2.848>0.1]
72570it [6:19:47 bound:963 nc:1475 ncall:5.0e+07 eff:0.1% logz-ratio=4.05+/-0.05 dlogz:2.817>0.1]
72683it [6:20:51 bound:965 nc:1418 ncall:5.0e+07 eff:0.1% logz-ratio=4.06+/-0.05 dlogz:2.787>0.1]
72802it [6:21:59 bound:967 nc:1926 ncall:5.0e+07 eff:0.1% logz-ratio=4.06+/-0.06 dlogz:2.757>0.1]
72919it [6:23:09 bound:969 nc:1381 ncall:5.0e+07 eff:0.1% logz-ratio=4.07+/-0.06 dlogz:2.726>0.1]
73033it [6:24:14 bound:971 nc:1336 ncall:5.0e+07 eff:0.1% logz-ratio=4.07+/-0.06 dlogz:2.695>0.1]
73142it [6:25:19 bound:973 nc:1475 ncall:5.0e+07 eff:0.1% logz-ratio=4.08+/-0.06 dlogz:2.666>0.1]
73264it [6:26:26 bound:975 nc:1466 ncall:5.0e+07 eff:0.1% logz-ratio=4.08+/-0.06 dlogz:2.633>0.1]
73378it [6:27:34 bound:977 nc:2511 ncall:5.1e+07 eff:0.1% logz-ratio=4.09+/-0.06 dlogz:2.603>0.1]
73486it [6:28:40 bound:979 nc:1201 ncall:5.1e+07 eff:0.1% logz-ratio=4.09+/-0.06 dlogz:3.140>0.1]
73600it [6:29:45 bound:981 nc:1821 ncall:5.1e+07 eff:0.1% logz-ratio=4.10+/-0.06 dlogz:3.109>0.1]
73714it [6:30:54 bound:983 nc:651 ncall:5.1e+07 eff:0.1% logz-ratio=4.10+/-0.06 dlogz:3.078>0.1]
73834it [6:32:00 bound:985 nc:1681 ncall:5.1e+07 eff:0.1% logz-ratio=4.11+/-0.06 dlogz:3.719>0.1]
73944it [6:33:08 bound:987 nc:1136 ncall:5.1e+07 eff:0.1% logz-ratio=4.11+/-0.06 dlogz:3.688>0.1]
74056it [6:34:17 bound:989 nc:1129 ncall:5.2e+07 eff:0.1% logz-ratio=4.12+/-0.06 dlogz:3.657>0.1]
74173it [6:35:29 bound:991 nc:3759 ncall:5.2e+07 eff:0.1% logz-ratio=4.12+/-0.06 dlogz:3.625>0.1]
74290it [6:36:36 bound:993 nc:1345 ncall:5.2e+07 eff:0.1% logz-ratio=4.12+/-0.06 dlogz:3.593>0.1]
74403it [6:37:46 bound:995 nc:2782 ncall:5.2e+07 eff:0.1% logz-ratio=4.13+/-0.06 dlogz:3.562>0.1]
74522it [6:38:52 bound:997 nc:1118 ncall:5.2e+07 eff:0.1% logz-ratio=4.13+/-0.06 dlogz:3.529>0.1]
74642it [6:39:59 bound:999 nc:3245 ncall:5.3e+07 eff:0.1% logz-ratio=4.14+/-0.06 dlogz:3.496>0.1]
74755it [6:41:05 bound:1001 nc:992 ncall:5.3e+07 eff:0.1% logz-ratio=4.14+/-0.06 dlogz:3.465>0.1]
74875it [6:42:08 bound:1003 nc:1657 ncall:5.3e+07 eff:0.1% logz-ratio=4.15+/-0.06 dlogz:3.433>0.1]
74990it [6:43:17 bound:1005 nc:3245 ncall:5.3e+07 eff:0.1% logz-ratio=4.15+/-0.06 dlogz:3.402>0.1]
75111it [6:44:24 bound:1007 nc:1527 ncall:5.3e+07 eff:0.1% logz-ratio=4.16+/-0.06 dlogz:3.369>0.1]
75228it [6:45:31 bound:1009 nc:1140 ncall:5.3e+07 eff:0.1% logz-ratio=4.16+/-0.06 dlogz:3.337>0.1]
75345it [6:46:41 bound:1011 nc:946 ncall:5.4e+07 eff:0.1% logz-ratio=4.16+/-0.06 dlogz:3.306>0.1]
75464it [6:47:48 bound:1013 nc:1258 ncall:5.4e+07 eff:0.1% logz-ratio=4.17+/-0.06 dlogz:3.274>0.1]
75579it [6:48:53 bound:1015 nc:3661 ncall:5.4e+07 eff:0.1% logz-ratio=4.17+/-0.06 dlogz:3.243>0.1]
75693it [6:50:03 bound:1017 nc:4123 ncall:5.4e+07 eff:0.1% logz-ratio=4.18+/-0.06 dlogz:3.212>0.1]
75807it [6:51:10 bound:1019 nc:1025 ncall:5.4e+07 eff:0.1% logz-ratio=4.18+/-0.06 dlogz:3.182>0.1]
75926it [6:52:19 bound:1021 nc:1260 ncall:5.4e+07 eff:0.1% logz-ratio=4.18+/-0.06 dlogz:3.150>0.1]
76044it [6:53:28 bound:1023 nc:1224 ncall:5.5e+07 eff:0.1% logz-ratio=4.19+/-0.06 dlogz:3.119>0.1]
76157it [6:54:37 bound:1025 nc:1620 ncall:5.5e+07 eff:0.1% logz-ratio=4.19+/-0.06 dlogz:3.089>0.1]
76264it [6:55:44 bound:1027 nc:1362 ncall:5.5e+07 eff:0.1% logz-ratio=4.19+/-0.06 dlogz:3.061>0.1]
76382it [6:56:53 bound:1029 nc:1233 ncall:5.5e+07 eff:0.1% logz-ratio=4.20+/-0.06 dlogz:3.030>0.1]
76499it [6:58:04 bound:1031 nc:1322 ncall:5.5e+07 eff:0.1% logz-ratio=4.20+/-0.06 dlogz:3.209>0.1]
76617it [6:59:12 bound:1033 nc:2919 ncall:5.5e+07 eff:0.1% logz-ratio=4.21+/-0.06 dlogz:3.178>0.1]
76731it [7:00:24 bound:1035 nc:4483 ncall:5.6e+07 eff:0.1% logz-ratio=4.21+/-0.06 dlogz:3.148>0.1]
76845it [7:01:36 bound:1037 nc:1405 ncall:5.6e+07 eff:0.1% logz-ratio=4.21+/-0.06 dlogz:3.118>0.1]
76964it [7:02:42 bound:1039 nc:1003 ncall:5.6e+07 eff:0.1% logz-ratio=4.22+/-0.06 dlogz:3.087>0.1]
77076it [7:03:56 bound:1041 nc:1064 ncall:5.6e+07 eff:0.1% logz-ratio=4.22+/-0.06 dlogz:3.057>0.1]
77077it [7:05:09 bound:1041 nc:1306 ncall:5.6e+07 eff:0.1% logz-ratio=4.22+/-0.06 dlogz:3.057>0.1]
77184it [7:06:21 bound:1043 nc:1630 ncall:5.6e+07 eff:0.1% logz-ratio=4.22+/-0.06 dlogz:3.029>0.1]
77298it [7:07:33 bound:1045 nc:1146 ncall:5.6e+07 eff:0.1% logz-ratio=4.23+/-0.06 dlogz:2.999>0.1]
77410it [7:08:44 bound:1047 nc:1045 ncall:5.7e+07 eff:0.1% logz-ratio=4.23+/-0.06 dlogz:2.970>0.1]
77525it [7:09:56 bound:1049 nc:4444 ncall:5.7e+07 eff:0.1% logz-ratio=4.23+/-0.06 dlogz:2.941>0.1]
77637it [7:11:08 bound:1051 nc:1077 ncall:5.7e+07 eff:0.1% logz-ratio=4.24+/-0.06 dlogz:2.912>0.1]
77750it [7:12:21 bound:1053 nc:1150 ncall:5.7e+07 eff:0.1% logz-ratio=4.24+/-0.06 dlogz:2.883>0.1]
77863it [7:13:35 bound:1055 nc:1470 ncall:5.7e+07 eff:0.1% logz-ratio=4.24+/-0.06 dlogz:2.854>0.1]
77976it [7:14:46 bound:1057 nc:756 ncall:5.7e+07 eff:0.1% logz-ratio=4.25+/-0.06 dlogz:2.825>0.1]
78095it [7:16:02 bound:1059 nc:1773 ncall:5.8e+07 eff:0.1% logz-ratio=4.25+/-0.06 dlogz:2.794>0.1]
78214it [7:17:19 bound:1061 nc:2155 ncall:5.8e+07 eff:0.1% logz-ratio=4.25+/-0.06 dlogz:2.764>0.1]
78329it [7:18:34 bound:1063 nc:1366 ncall:5.8e+07 eff:0.1% logz-ratio=4.26+/-0.06 dlogz:2.735>0.1]
78453it [7:19:48 bound:1065 nc:1071 ncall:5.8e+07 eff:0.1% logz-ratio=4.26+/-0.06 dlogz:2.703>0.1]
78575it [7:21:02 bound:1067 nc:1580 ncall:5.8e+07 eff:0.1% logz-ratio=4.26+/-0.06 dlogz:2.673>0.1]
78693it [7:22:15 bound:1069 nc:1546 ncall:5.9e+07 eff:0.1% logz-ratio=4.27+/-0.06 dlogz:2.643>0.1]
78809it [7:23:31 bound:1071 nc:1255 ncall:5.9e+07 eff:0.1% logz-ratio=4.27+/-0.06 dlogz:2.614>0.1]
78931it [7:24:45 bound:1073 nc:1268 ncall:5.9e+07 eff:0.1% logz-ratio=4.27+/-0.06 dlogz:2.583>0.1]
79045it [7:26:02 bound:1075 nc:1385 ncall:5.9e+07 eff:0.1% logz-ratio=4.27+/-0.06 dlogz:2.555>0.1]
79165it [7:27:18 bound:1077 nc:1563 ncall:5.9e+07 eff:0.1% logz-ratio=4.28+/-0.06 dlogz:2.525>0.1]
79285it [7:28:38 bound:1079 nc:2050 ncall:5.9e+07 eff:0.1% logz-ratio=4.28+/-0.06 dlogz:2.495>0.1]
79405it [7:29:53 bound:1081 nc:781 ncall:6.0e+07 eff:0.1% logz-ratio=4.28+/-0.06 dlogz:2.466>0.1]
79525it [7:31:13 bound:1083 nc:1613 ncall:6.0e+07 eff:0.1% logz-ratio=4.29+/-0.06 dlogz:2.436>0.1]
79644it [7:32:29 bound:1085 nc:1722 ncall:6.0e+07 eff:0.1% logz-ratio=4.29+/-0.06 dlogz:2.407>0.1]
79763it [7:33:44 bound:1087 nc:2566 ncall:6.0e+07 eff:0.1% logz-ratio=4.29+/-0.06 dlogz:2.378>0.1]
79876it [7:35:04 bound:1089 nc:1950 ncall:6.0e+07 eff:0.1% logz-ratio=4.29+/-0.06 dlogz:2.351>0.1]
79995it [7:36:22 bound:1091 nc:2078 ncall:6.1e+07 eff:0.1% logz-ratio=4.30+/-0.06 dlogz:2.322>0.1]
80116it [7:37:42 bound:1093 nc:1503 ncall:6.1e+07 eff:0.1% logz-ratio=4.30+/-0.06 dlogz:2.293>0.1]
80232it [7:38:59 bound:1095 nc:1757 ncall:6.1e+07 eff:0.1% logz-ratio=4.30+/-0.06 dlogz:2.265>0.1]
80357it [7:40:22 bound:1097 nc:1476 ncall:6.1e+07 eff:0.1% logz-ratio=4.31+/-0.06 dlogz:2.235>0.1]
80478it [7:41:45 bound:1099 nc:995 ncall:6.1e+07 eff:0.1% logz-ratio=4.31+/-0.06 dlogz:2.207>0.1]
80598it [7:43:11 bound:1101 nc:1278 ncall:6.2e+07 eff:0.1% logz-ratio=4.31+/-0.06 dlogz:2.178>0.1]
80719it [7:44:35 bound:1103 nc:1394 ncall:6.2e+07 eff:0.1% logz-ratio=4.31+/-0.06 dlogz:2.150>0.1]
80838it [7:45:58 bound:1105 nc:1789 ncall:6.2e+07 eff:0.1% logz-ratio=4.32+/-0.06 dlogz:2.122>0.1]
80955it [7:47:25 bound:1107 nc:1584 ncall:6.2e+07 eff:0.1% logz-ratio=4.32+/-0.06 dlogz:2.094>0.1]
81078it [7:48:51 bound:1109 nc:1878 ncall:6.2e+07 eff:0.1% logz-ratio=4.32+/-0.06 dlogz:2.066>0.1]
81196it [7:50:18 bound:1111 nc:1747 ncall:6.3e+07 eff:0.1% logz-ratio=4.32+/-0.06 dlogz:2.038>0.1]
81315it [7:51:44 bound:1113 nc:1487 ncall:6.3e+07 eff:0.1% logz-ratio=4.33+/-0.06 dlogz:2.011>0.1]
81432it [7:53:12 bound:1115 nc:1576 ncall:6.3e+07 eff:0.1% logz-ratio=4.33+/-0.06 dlogz:1.984>0.1]
81541it [7:54:40 bound:1117 nc:2248 ncall:6.3e+07 eff:0.1% logz-ratio=4.33+/-0.06 dlogz:1.959>0.1]
81663it [7:56:07 bound:1119 nc:2403 ncall:6.4e+07 eff:0.1% logz-ratio=4.33+/-0.06 dlogz:1.932>0.1]
81783it [7:57:38 bound:1121 nc:1815 ncall:6.4e+07 eff:0.1% logz-ratio=4.34+/-0.06 dlogz:1.905>0.1]
81904it [7:59:10 bound:1123 nc:1149 ncall:6.4e+07 eff:0.1% logz-ratio=4.34+/-0.06 dlogz:1.877>0.1]
82022it [8:00:40 bound:1125 nc:3903 ncall:6.4e+07 eff:0.1% logz-ratio=4.34+/-0.06 dlogz:1.851>0.1]
82141it [8:02:12 bound:1127 nc:5528 ncall:6.4e+07 eff:0.1% logz-ratio=4.34+/-0.06 dlogz:1.825>0.1]
82262it [8:03:43 bound:1129 nc:5511 ncall:6.5e+07 eff:0.1% logz-ratio=4.35+/-0.06 dlogz:1.798>0.1]
82328it [8:05:48 bound:1130 nc:1716 ncall:6.5e+07 eff:0.1% logz-ratio=4.35+/-0.06 dlogz:1.783>0.1]
82440it [8:07:20 bound:1132 nc:1898 ncall:6.5e+07 eff:0.1% logz-ratio=4.35+/-0.06 dlogz:1.759>0.1]
82558it [8:08:50 bound:1134 nc:4202 ncall:6.5e+07 eff:0.1% logz-ratio=4.35+/-0.06 dlogz:1.733>0.1]
82680it [8:10:22 bound:1136 nc:2089 ncall:6.6e+07 eff:0.1% logz-ratio=4.35+/-0.06 dlogz:1.707>0.1]
82802it [8:11:56 bound:1138 nc:1692 ncall:6.6e+07 eff:0.1% logz-ratio=4.36+/-0.06 dlogz:1.681>0.1]
82920it [8:13:31 bound:1140 nc:2015 ncall:6.6e+07 eff:0.1% logz-ratio=4.36+/-0.06 dlogz:1.655>0.1]
83043it [8:15:03 bound:1142 nc:2103 ncall:6.6e+07 eff:0.1% logz-ratio=4.36+/-0.06 dlogz:1.629>0.1]
83161it [8:16:40 bound:1144 nc:2755 ncall:6.6e+07 eff:0.1% logz-ratio=4.36+/-0.06 dlogz:1.605>0.1]
83282it [8:18:16 bound:1146 nc:2190 ncall:6.7e+07 eff:0.1% logz-ratio=4.37+/-0.06 dlogz:1.579>0.1]
83404it [8:19:52 bound:1148 nc:2296 ncall:6.7e+07 eff:0.1% logz-ratio=4.37+/-0.06 dlogz:1.554>0.1]
83525it [8:21:30 bound:1150 nc:1641 ncall:6.7e+07 eff:0.1% logz-ratio=4.37+/-0.06 dlogz:1.529>0.1]
83639it [8:23:09 bound:1152 nc:1571 ncall:6.7e+07 eff:0.1% logz-ratio=4.37+/-0.06 dlogz:1.570>0.1]
83758it [8:24:49 bound:1154 nc:3824 ncall:6.8e+07 eff:0.1% logz-ratio=4.37+/-0.06 dlogz:1.546>0.1]
83874it [8:26:27 bound:1156 nc:2020 ncall:6.8e+07 eff:0.1% logz-ratio=4.38+/-0.06 dlogz:1.522>0.1]
83992it [8:28:04 bound:1158 nc:1340 ncall:6.8e+07 eff:0.1% logz-ratio=4.38+/-0.06 dlogz:1.498>0.1]
84113it [8:29:47 bound:1160 nc:1590 ncall:6.8e+07 eff:0.1% logz-ratio=4.38+/-0.06 dlogz:1.473>0.1]
84229it [8:31:27 bound:1162 nc:1808 ncall:6.9e+07 eff:0.1% logz-ratio=4.38+/-0.06 dlogz:1.450>0.1]
84353it [8:33:06 bound:1164 nc:962 ncall:6.9e+07 eff:0.1% logz-ratio=4.38+/-0.06 dlogz:1.425>0.1]
84471it [8:34:48 bound:1166 nc:1519 ncall:6.9e+07 eff:0.1% logz-ratio=4.39+/-0.06 dlogz:1.402>0.1]
84593it [8:36:27 bound:1168 nc:1876 ncall:6.9e+07 eff:0.1% logz-ratio=4.39+/-0.06 dlogz:1.378>0.1]
84714it [8:38:10 bound:1170 nc:2246 ncall:7.0e+07 eff:0.1% logz-ratio=4.39+/-0.06 dlogz:1.354>0.1]
84837it [8:39:51 bound:1172 nc:2102 ncall:7.0e+07 eff:0.1% logz-ratio=4.39+/-0.06 dlogz:1.331>0.1]
84958it [8:41:31 bound:1174 nc:1369 ncall:7.0e+07 eff:0.1% logz-ratio=4.40+/-0.06 dlogz:1.307>0.1]
85080it [8:43:16 bound:1176 nc:2850 ncall:7.0e+07 eff:0.1% logz-ratio=4.40+/-0.06 dlogz:1.284>0.1]
85195it [8:44:56 bound:1178 nc:4295 ncall:7.1e+07 eff:0.1% logz-ratio=4.40+/-0.06 dlogz:1.263>0.1]
85319it [8:46:40 bound:1180 nc:2424 ncall:7.1e+07 eff:0.1% logz-ratio=4.40+/-0.06 dlogz:1.240>0.1]
85435it [8:48:23 bound:1182 nc:2046 ncall:7.1e+07 eff:0.1% logz-ratio=4.40+/-0.06 dlogz:1.218>0.1]
85554it [8:50:09 bound:1184 nc:4791 ncall:7.2e+07 eff:0.1% logz-ratio=4.41+/-0.06 dlogz:1.197>0.1]
85674it [8:51:56 bound:1186 nc:2542 ncall:7.2e+07 eff:0.1% logz-ratio=4.41+/-0.06 dlogz:1.175>0.1]
85794it [8:53:42 bound:1188 nc:1435 ncall:7.2e+07 eff:0.1% logz-ratio=4.41+/-0.06 dlogz:1.153>0.1]
85916it [8:55:24 bound:1190 nc:3940 ncall:7.2e+07 eff:0.1% logz-ratio=4.41+/-0.06 dlogz:1.132>0.1]
86038it [8:57:13 bound:1192 nc:2708 ncall:7.3e+07 eff:0.1% logz-ratio=4.41+/-0.06 dlogz:1.110>0.1]
86160it [8:59:00 bound:1194 nc:2751 ncall:7.3e+07 eff:0.1% logz-ratio=4.41+/-0.06 dlogz:1.089>0.1]
86275it [9:00:48 bound:1196 nc:3063 ncall:7.3e+07 eff:0.1% logz-ratio=4.42+/-0.06 dlogz:1.070>0.1]
86391it [9:02:33 bound:1198 nc:1579 ncall:7.3e+07 eff:0.1% logz-ratio=4.42+/-0.06 dlogz:1.050>0.1]
86506it [9:04:21 bound:1200 nc:2781 ncall:7.4e+07 eff:0.1% logz-ratio=4.42+/-0.06 dlogz:1.031>0.1]
86572it [9:06:40 bound:1201 nc:1801 ncall:7.4e+07 eff:0.1% logz-ratio=4.42+/-0.06 dlogz:1.020>0.1]
86689it [9:08:28 bound:1203 nc:1825 ncall:7.4e+07 eff:0.1% logz-ratio=4.42+/-0.06 dlogz:1.000>0.1]
86805it [9:10:17 bound:1205 nc:9787 ncall:7.4e+07 eff:0.1% logz-ratio=4.42+/-0.06 dlogz:0.981>0.1]
86924it [9:12:07 bound:1207 nc:1540 ncall:7.5e+07 eff:0.1% logz-ratio=4.43+/-0.06 dlogz:0.962>0.1]
87047it [9:13:56 bound:1209 nc:2137 ncall:7.5e+07 eff:0.1% logz-ratio=4.43+/-0.06 dlogz:0.943>0.1]
87170it [9:15:46 bound:1211 nc:2368 ncall:7.5e+07 eff:0.1% logz-ratio=4.43+/-0.06 dlogz:0.923>0.1]
87290it [9:17:33 bound:1213 nc:5392 ncall:7.5e+07 eff:0.1% logz-ratio=4.43+/-0.06 dlogz:0.905>0.1]
87411it [9:19:23 bound:1215 nc:2588 ncall:7.6e+07 eff:0.1% logz-ratio=4.43+/-0.06 dlogz:0.886>0.1]
87529it [9:21:10 bound:1217 nc:1341 ncall:7.6e+07 eff:0.1% logz-ratio=4.44+/-0.06 dlogz:0.868>0.1]
87644it [9:23:02 bound:1219 nc:3384 ncall:7.6e+07 eff:0.1% logz-ratio=4.44+/-0.06 dlogz:0.851>0.1]
87760it [9:24:49 bound:1221 nc:2000 ncall:7.7e+07 eff:0.1% logz-ratio=4.44+/-0.06 dlogz:0.834>0.1]
87874it [9:26:37 bound:1223 nc:1959 ncall:7.7e+07 eff:0.1% logz-ratio=4.44+/-0.06 dlogz:0.818>0.1]
87988it [9:28:24 bound:1225 nc:1724 ncall:7.7e+07 eff:0.1% logz-ratio=4.44+/-0.06 dlogz:0.801>0.1]
88101it [9:30:12 bound:1227 nc:2378 ncall:7.7e+07 eff:0.1% logz-ratio=4.44+/-0.06 dlogz:0.785>0.1]
88215it [9:32:06 bound:1229 nc:2738 ncall:7.8e+07 eff:0.1% logz-ratio=4.45+/-0.06 dlogz:0.769>0.1]
88335it [9:34:00 bound:1231 nc:2306 ncall:7.8e+07 eff:0.1% logz-ratio=4.45+/-0.06 dlogz:0.753>0.1]
88446it [9:35:53 bound:1233 nc:2453 ncall:7.8e+07 eff:0.1% logz-ratio=4.45+/-0.06 dlogz:0.738>0.1]
88563it [9:37:45 bound:1235 nc:1804 ncall:7.8e+07 eff:0.1% logz-ratio=4.45+/-0.06 dlogz:0.722>0.1]
88683it [9:39:33 bound:1237 nc:1468 ncall:7.9e+07 eff:0.1% logz-ratio=4.45+/-0.06 dlogz:0.706>0.1]
88800it [9:41:26 bound:1239 nc:2429 ncall:7.9e+07 eff:0.1% logz-ratio=4.45+/-0.06 dlogz:0.691>0.1]
88912it [9:43:14 bound:1241 nc:1845 ncall:7.9e+07 eff:0.1% logz-ratio=4.45+/-0.06 dlogz:0.677>0.1]
89032it [9:45:03 bound:1243 nc:2540 ncall:8.0e+07 eff:0.1% logz-ratio=4.46+/-0.06 dlogz:0.662>0.1]
89151it [9:46:55 bound:1245 nc:1903 ncall:8.0e+07 eff:0.1% logz-ratio=4.46+/-0.06 dlogz:0.647>0.1]
89269it [9:48:43 bound:1247 nc:2737 ncall:8.0e+07 eff:0.1% logz-ratio=4.46+/-0.06 dlogz:0.633>0.1]
89380it [9:50:33 bound:1249 nc:1754 ncall:8.0e+07 eff:0.1% logz-ratio=4.46+/-0.06 dlogz:0.619>0.1]
89491it [9:52:24 bound:1251 nc:2525 ncall:8.1e+07 eff:0.1% logz-ratio=4.46+/-0.06 dlogz:0.606>0.1]
89613it [9:54:13 bound:1253 nc:1874 ncall:8.1e+07 eff:0.1% logz-ratio=4.46+/-0.06 dlogz:0.592>0.1]
89731it [9:56:04 bound:1255 nc:2755 ncall:8.1e+07 eff:0.1% logz-ratio=4.47+/-0.06 dlogz:0.579>0.1]
89850it [9:57:49 bound:1257 nc:2510 ncall:8.1e+07 eff:0.1% logz-ratio=4.47+/-0.06 dlogz:0.566>0.1]
89968it [9:59:36 bound:1259 nc:2692 ncall:8.2e+07 eff:0.1% logz-ratio=4.47+/-0.06 dlogz:0.553>0.1]
90083it [10:01:26 bound:1261 nc:2573 ncall:8.2e+07 eff:0.1% logz-ratio=4.47+/-0.06 dlogz:0.540>0.1]
90200it [10:03:12 bound:1263 nc:1756 ncall:8.2e+07 eff:0.1% logz-ratio=4.47+/-0.06 dlogz:0.528>0.1]
90312it [10:05:01 bound:1265 nc:5649 ncall:8.3e+07 eff:0.1% logz-ratio=4.47+/-0.06 dlogz:0.516>0.1]
90434it [10:06:50 bound:1267 nc:2862 ncall:8.3e+07 eff:0.1% logz-ratio=4.47+/-0.06 dlogz:0.504>0.1]
90439it [10:08:14 bound:1267 nc:1813 ncall:8.3e+07 eff:0.1% logz-ratio=4.47+/-0.06 dlogz:0.503>0.1]
90551it [10:10:07 bound:1269 nc:1875 ncall:8.3e+07 eff:0.1% logz-ratio=4.48+/-0.06 dlogz:0.492>0.1]
90670it [10:11:58 bound:1271 nc:2011 ncall:8.3e+07 eff:0.1% logz-ratio=4.48+/-0.06 dlogz:0.480>0.1]
90783it [10:13:47 bound:1273 nc:2010 ncall:8.4e+07 eff:0.1% logz-ratio=4.48+/-0.06 dlogz:0.469>0.1]
90889it [10:15:35 bound:1275 nc:1831 ncall:8.4e+07 eff:0.1% logz-ratio=4.48+/-0.06 dlogz:0.459>0.1]
91006it [10:17:23 bound:1277 nc:2357 ncall:8.4e+07 eff:0.1% logz-ratio=4.48+/-0.06 dlogz:0.448>0.1]
91122it [10:19:12 bound:1279 nc:2623 ncall:8.5e+07 eff:0.1% logz-ratio=4.48+/-0.06 dlogz:0.438>0.1]
91240it [10:21:00 bound:1281 nc:2117 ncall:8.5e+07 eff:0.1% logz-ratio=4.48+/-0.06 dlogz:0.427>0.1]
91357it [10:22:52 bound:1283 nc:1989 ncall:8.5e+07 eff:0.1% logz-ratio=4.49+/-0.06 dlogz:0.417>0.1]
91474it [10:24:45 bound:1285 nc:2107 ncall:8.5e+07 eff:0.1% logz-ratio=4.49+/-0.06 dlogz:0.407>0.1]
91594it [10:26:32 bound:1287 nc:2925 ncall:8.6e+07 eff:0.1% logz-ratio=4.49+/-0.06 dlogz:0.396>0.1]
91710it [10:28:21 bound:1289 nc:4397 ncall:8.6e+07 eff:0.1% logz-ratio=4.49+/-0.06 dlogz:0.387>0.1]
91819it [10:30:14 bound:1291 nc:2317 ncall:8.6e+07 eff:0.1% logz-ratio=4.49+/-0.06 dlogz:0.378>0.1]
91936it [10:32:03 bound:1293 nc:1321 ncall:8.7e+07 eff:0.1% logz-ratio=4.49+/-0.06 dlogz:0.384>0.1]
92055it [10:33:55 bound:1295 nc:2197 ncall:8.7e+07 eff:0.1% logz-ratio=4.49+/-0.06 dlogz:0.375>0.1]
92165it [10:35:45 bound:1297 nc:5182 ncall:8.7e+07 eff:0.1% logz-ratio=4.49+/-0.06 dlogz:0.366>0.1]
92283it [10:37:36 bound:1299 nc:2281 ncall:8.7e+07 eff:0.1% logz-ratio=4.50+/-0.06 dlogz:0.357>0.1]
92395it [10:39:29 bound:1301 nc:2405 ncall:8.8e+07 eff:0.1% logz-ratio=4.50+/-0.06 dlogz:0.348>0.1]
92514it [10:41:19 bound:1303 nc:2413 ncall:8.8e+07 eff:0.1% logz-ratio=4.50+/-0.06 dlogz:0.340>0.1]
92624it [10:43:14 bound:1305 nc:1763 ncall:8.8e+07 eff:0.1% logz-ratio=4.50+/-0.06 dlogz:0.537>0.1]
92741it [10:45:03 bound:1307 nc:1531 ncall:8.9e+07 eff:0.1% logz-ratio=4.50+/-0.06 dlogz:0.524>0.1]
92856it [10:46:53 bound:1309 nc:2393 ncall:8.9e+07 eff:0.1% logz-ratio=4.50+/-0.06 dlogz:0.513>0.1]
92968it [10:48:43 bound:1311 nc:2279 ncall:8.9e+07 eff:0.1% logz-ratio=4.50+/-0.06 dlogz:0.501>0.1]
93087it [10:50:34 bound:1313 nc:4312 ncall:8.9e+07 eff:0.1% logz-ratio=4.50+/-0.06 dlogz:0.490>0.1]
93198it [10:52:22 bound:1315 nc:2135 ncall:9.0e+07 eff:0.1% logz-ratio=4.50+/-0.06 dlogz:0.479>0.1]
93317it [10:54:11 bound:1317 nc:2177 ncall:9.0e+07 eff:0.1% logz-ratio=4.51+/-0.06 dlogz:0.467>0.1]
93432it [10:56:02 bound:1319 nc:1860 ncall:9.0e+07 eff:0.1% logz-ratio=4.51+/-0.06 dlogz:0.457>0.1]
93548it [10:57:56 bound:1321 nc:2336 ncall:9.1e+07 eff:0.1% logz-ratio=4.51+/-0.06 dlogz:0.446>0.1]
93666it [10:59:46 bound:1323 nc:1655 ncall:9.1e+07 eff:0.1% logz-ratio=4.51+/-0.06 dlogz:0.435>0.1]
93779it [11:01:37 bound:1325 nc:2062 ncall:9.1e+07 eff:0.1% logz-ratio=4.51+/-0.06 dlogz:0.425>0.1]
93900it [11:03:27 bound:1327 nc:3590 ncall:9.1e+07 eff:0.1% logz-ratio=4.51+/-0.06 dlogz:0.415>0.1]
94017it [11:05:18 bound:1329 nc:1893 ncall:9.2e+07 eff:0.1% logz-ratio=4.51+/-0.06 dlogz:0.405>0.1]
94133it [11:07:11 bound:1331 nc:2385 ncall:9.2e+07 eff:0.1% logz-ratio=4.51+/-0.06 dlogz:0.395>0.1]
94200it [11:09:39 bound:1332 nc:2533 ncall:9.2e+07 eff:0.1% logz-ratio=4.51+/-0.06 dlogz:0.390>0.1]
94308it [11:11:27 bound:1334 nc:1278 ncall:9.2e+07 eff:0.1% logz-ratio=4.51+/-0.06 dlogz:0.381>0.1]
94417it [11:13:19 bound:1336 nc:1941 ncall:9.3e+07 eff:0.1% logz-ratio=4.52+/-0.06 dlogz:0.372>0.1]
94534it [11:15:12 bound:1338 nc:2631 ncall:9.3e+07 eff:0.1% logz-ratio=4.52+/-0.06 dlogz:0.363>0.1]
94650it [11:17:07 bound:1340 nc:6068 ncall:9.3e+07 eff:0.1% logz-ratio=4.52+/-0.06 dlogz:0.354>0.1]
94771it [11:18:57 bound:1342 nc:2217 ncall:9.4e+07 eff:0.1% logz-ratio=4.52+/-0.06 dlogz:0.345>0.1]
94886it [11:20:44 bound:1344 nc:1153 ncall:9.4e+07 eff:0.1% logz-ratio=4.52+/-0.06 dlogz:0.337>0.1]
94998it [11:22:38 bound:1346 nc:2813 ncall:9.4e+07 eff:0.1% logz-ratio=4.52+/-0.06 dlogz:0.329>0.1]
95114it [11:24:25 bound:1348 nc:2379 ncall:9.4e+07 eff:0.1% logz-ratio=4.52+/-0.06 dlogz:0.321>0.1]
95235it [11:26:15 bound:1350 nc:1743 ncall:9.5e+07 eff:0.1% logz-ratio=4.52+/-0.06 dlogz:0.313>0.1]
95352it [11:28:07 bound:1352 nc:1663 ncall:9.5e+07 eff:0.1% logz-ratio=4.52+/-0.06 dlogz:0.305>0.1]
95463it [11:30:00 bound:1354 nc:2088 ncall:9.5e+07 eff:0.1% logz-ratio=4.52+/-0.06 dlogz:0.297>0.1]
95580it [11:31:49 bound:1356 nc:2103 ncall:9.6e+07 eff:0.1% logz-ratio=4.52+/-0.06 dlogz:0.290>0.1]
95697it [11:33:41 bound:1358 nc:1869 ncall:9.6e+07 eff:0.1% logz-ratio=4.53+/-0.06 dlogz:0.283>0.1]
95810it [11:35:32 bound:1360 nc:5039 ncall:9.6e+07 eff:0.1% logz-ratio=4.53+/-0.06 dlogz:0.276>0.1]
95918it [11:37:22 bound:1362 nc:3639 ncall:9.6e+07 eff:0.1% logz-ratio=4.53+/-0.06 dlogz:0.269>0.1]
96029it [11:39:17 bound:1364 nc:3049 ncall:9.7e+07 eff:0.1% logz-ratio=4.53+/-0.06 dlogz:0.263>0.1]
96142it [11:41:13 bound:1366 nc:2223 ncall:9.7e+07 eff:0.1% logz-ratio=4.53+/-0.06 dlogz:0.256>0.1]
96256it [11:43:06 bound:1368 nc:2737 ncall:9.7e+07 eff:0.1% logz-ratio=4.53+/-0.06 dlogz:0.250>0.1]
96370it [11:44:58 bound:1370 nc:2916 ncall:9.8e+07 eff:0.1% logz-ratio=4.53+/-0.06 dlogz:0.244>0.1]
96489it [11:46:48 bound:1372 nc:4036 ncall:9.8e+07 eff:0.1% logz-ratio=4.53+/-0.06 dlogz:0.237>0.1]
96599it [11:48:45 bound:1374 nc:1826 ncall:9.8e+07 eff:0.1% logz-ratio=4.53+/-0.06 dlogz:0.231>0.1]
96654it [11:49:45 bound:1375 nc:2538 ncall:9.8e+07 eff:0.1% logz-ratio=4.53+/-0.06 dlogz:0.229>0.1]
96767it [11:51:39 bound:1377 nc:2115 ncall:9.9e+07 eff:0.1% logz-ratio=4.53+/-0.06 dlogz:0.223>0.1]
96876it [11:53:32 bound:1379 nc:2740 ncall:9.9e+07 eff:0.1% logz-ratio=4.53+/-0.06 dlogz:0.218>0.1]
96985it [11:55:23 bound:1381 nc:1916 ncall:9.9e+07 eff:0.1% logz-ratio=4.53+/-0.06 dlogz:0.212>0.1]
97102it [11:57:14 bound:1383 nc:4143 ncall:9.9e+07 eff:0.1% logz-ratio=4.54+/-0.06 dlogz:0.207>0.1]
97218it [11:59:07 bound:1385 nc:1413 ncall:1.0e+08 eff:0.1% logz-ratio=4.54+/-0.06 dlogz:0.201>0.1]
97337it [12:00:59 bound:1387 nc:1672 ncall:1.0e+08 eff:0.1% logz-ratio=4.54+/-0.06 dlogz:0.196>0.1]
97454it [12:02:48 bound:1389 nc:2121 ncall:1.0e+08 eff:0.1% logz-ratio=4.54+/-0.06 dlogz:0.191>0.1]
97575it [12:04:39 bound:1391 nc:2744 ncall:1.0e+08 eff:0.1% logz-ratio=4.54+/-0.06 dlogz:0.186>0.1]
97694it [12:06:32 bound:1393 nc:833 ncall:1.0e+08 eff:0.1% logz-ratio=4.54+/-0.06 dlogz:0.181>0.1]
97801it [12:08:27 bound:1395 nc:2325 ncall:1.0e+08 eff:0.1% logz-ratio=4.54+/-0.06 dlogz:0.176>0.1]
97864it [12:10:55 bound:1396 nc:4926 ncall:1.0e+08 eff:0.1% logz-ratio=4.54+/-0.06 dlogz:0.174>0.1]
97976it [12:12:51 bound:1398 nc:2447 ncall:1.0e+08 eff:0.1% logz-ratio=4.54+/-0.06 dlogz:0.169>0.1]
98090it [12:14:45 bound:1400 nc:1228 ncall:1.0e+08 eff:0.1% logz-ratio=4.54+/-0.06 dlogz:0.165>0.1]
98201it [12:16:37 bound:1402 nc:2510 ncall:1.0e+08 eff:0.1% logz-ratio=4.54+/-0.06 dlogz:0.161>0.1]
98316it [12:18:31 bound:1404 nc:2605 ncall:1.0e+08 eff:0.1% logz-ratio=4.54+/-0.06 dlogz:0.157>0.1]
98428it [12:20:24 bound:1406 nc:1670 ncall:1.0e+08 eff:0.1% logz-ratio=4.54+/-0.06 dlogz:0.168>0.1]
98542it [12:22:16 bound:1408 nc:2332 ncall:1.0e+08 eff:0.1% logz-ratio=4.54+/-0.06 dlogz:0.164>0.1]
98661it [12:24:10 bound:1410 nc:1447 ncall:1.0e+08 eff:0.1% logz-ratio=4.54+/-0.06 dlogz:0.159>0.1]
98770it [12:26:02 bound:1412 nc:2121 ncall:1.0e+08 eff:0.1% logz-ratio=4.54+/-0.06 dlogz:0.155>0.1]
98882it [12:27:57 bound:1414 nc:4834 ncall:1.0e+08 eff:0.1% logz-ratio=4.55+/-0.06 dlogz:0.211>0.1]
98996it [12:29:46 bound:1416 nc:2752 ncall:1.0e+08 eff:0.1% logz-ratio=4.55+/-0.06 dlogz:0.205>0.1]
99108it [12:31:44 bound:1418 nc:1884 ncall:1.0e+08 eff:0.1% logz-ratio=4.55+/-0.06 dlogz:0.200>0.1]
99221it [12:33:36 bound:1420 nc:2475 ncall:1.0e+08 eff:0.1% logz-ratio=4.55+/-0.06 dlogz:0.195>0.1]
99342it [12:35:28 bound:1422 nc:2748 ncall:1.1e+08 eff:0.1% logz-ratio=4.55+/-0.06 dlogz:0.190>0.1]
99456it [12:37:21 bound:1424 nc:1393 ncall:1.1e+08 eff:0.1% logz-ratio=4.55+/-0.06 dlogz:0.185>0.1]
99572it [12:39:20 bound:1426 nc:2015 ncall:1.1e+08 eff:0.1% logz-ratio=4.55+/-0.06 dlogz:0.180>0.1]
99688it [12:41:13 bound:1428 nc:1536 ncall:1.1e+08 eff:0.1% logz-ratio=4.55+/-0.06 dlogz:0.176>0.1]
99807it [12:43:05 bound:1430 nc:3390 ncall:1.1e+08 eff:0.1% logz-ratio=4.55+/-0.06 dlogz:0.171>0.1]
99921it [12:44:59 bound:1432 nc:2520 ncall:1.1e+08 eff:0.1% logz-ratio=4.55+/-0.06 dlogz:0.167>0.1]
100029it [12:46:52 bound:1434 nc:2054 ncall:1.1e+08 eff:0.1% logz-ratio=4.55+/-0.06 dlogz:0.162>0.1]
100143it [12:48:48 bound:1436 nc:2020 ncall:1.1e+08 eff:0.1% logz-ratio=4.55+/-0.06 dlogz:0.158>0.1]
100260it [12:50:41 bound:1438 nc:4541 ncall:1.1e+08 eff:0.1% logz-ratio=4.55+/-0.06 dlogz:0.154>0.1]
100376it [12:52:36 bound:1440 nc:2693 ncall:1.1e+08 eff:0.1% logz-ratio=4.55+/-0.06 dlogz:0.150>0.1]
100495it [12:54:27 bound:1442 nc:2420 ncall:1.1e+08 eff:0.1% logz-ratio=4.55+/-0.06 dlogz:0.146>0.1]
100605it [12:56:19 bound:1444 nc:2245 ncall:1.1e+08 eff:0.1% logz-ratio=4.55+/-0.06 dlogz:0.142>0.1]
100719it [12:58:16 bound:1446 nc:2331 ncall:1.1e+08 eff:0.1% logz-ratio=4.55+/-0.06 dlogz:0.139>0.1]
100839it [13:00:11 bound:1448 nc:4663 ncall:1.1e+08 eff:0.1% logz-ratio=4.55+/-0.06 dlogz:0.135>0.1]
100953it [13:02:01 bound:1450 nc:1873 ncall:1.1e+08 eff:0.1% logz-ratio=4.55+/-0.06 dlogz:0.131>0.1]
101067it [13:04:00 bound:1452 nc:2086 ncall:1.1e+08 eff:0.1% logz-ratio=4.55+/-0.06 dlogz:0.153>0.1]
101188it [13:05:54 bound:1454 nc:4559 ncall:1.1e+08 eff:0.1% logz-ratio=4.56+/-0.06 dlogz:0.149>0.1]
101298it [13:07:46 bound:1456 nc:2267 ncall:1.1e+08 eff:0.1% logz-ratio=4.56+/-0.06 dlogz:0.145>0.1]
101415it [13:09:43 bound:1458 nc:2625 ncall:1.1e+08 eff:0.1% logz-ratio=4.56+/-0.06 dlogz:0.142>0.1]
101474it [13:12:16 bound:1459 nc:1974 ncall:1.1e+08 eff:0.1% logz-ratio=4.56+/-0.06 dlogz:0.140>0.1]
101589it [13:14:12 bound:1461 nc:2494 ncall:1.1e+08 eff:0.1% logz-ratio=4.56+/-0.06 dlogz:0.136>0.1]
101696it [13:16:08 bound:1463 nc:2938 ncall:1.1e+08 eff:0.1% logz-ratio=4.56+/-0.06 dlogz:0.133>0.1]
101806it [13:18:01 bound:1465 nc:3007 ncall:1.1e+08 eff:0.1% logz-ratio=4.56+/-0.06 dlogz:0.129>0.1]
101864it [13:19:03 bound:1466 nc:2703 ncall:1.1e+08 eff:0.1% logz-ratio=4.56+/-0.06 dlogz:0.128>0.1]
101977it [13:20:59 bound:1468 nc:2871 ncall:1.1e+08 eff:0.1% logz-ratio=4.56+/-0.06 dlogz:0.124>0.1]
102090it [13:22:54 bound:1470 nc:2740 ncall:1.1e+08 eff:0.1% logz-ratio=4.56+/-0.06 dlogz:0.121>0.1]
102205it [13:24:52 bound:1472 nc:2537 ncall:1.1e+08 eff:0.1% logz-ratio=4.56+/-0.06 dlogz:0.118>0.1]
102292it [13:25:52 bound:1473 nc:4426 ncall:1.1e+08 eff:0.1% logz-ratio=4.56+/-0.06 dlogz:0.115>0.1]
102386it [13:27:47 bound:1475 nc:2538 ncall:1.1e+08 eff:0.1% logz-ratio=4.56+/-0.06 dlogz:0.172>0.1]
102495it [13:29:41 bound:1477 nc:2976 ncall:1.1e+08 eff:0.1% logz-ratio=4.56+/-0.06 dlogz:0.168>0.1]
102554it [13:30:42 bound:1478 nc:6252 ncall:1.1e+08 eff:0.1% logz-ratio=4.56+/-0.06 dlogz:0.210>0.1]
102657it [13:31:42 bound:1479 nc:2270 ncall:1.1e+08 eff:0.1% logz-ratio=4.56+/-0.06 dlogz:0.205>0.1]
102717it [13:33:35 bound:1481 nc:2756 ncall:1.1e+08 eff:0.1% logz-ratio=4.56+/-0.06 dlogz:0.202>0.1]
102835it [13:35:31 bound:1483 nc:2313 ncall:1.1e+08 eff:0.1% logz-ratio=4.56+/-0.06 dlogz:0.197>0.1]
102949it [13:37:28 bound:1485 nc:954 ncall:1.1e+08 eff:0.1% logz-ratio=4.56+/-0.06 dlogz:0.192>0.1]
103065it [13:39:22 bound:1487 nc:2231 ncall:1.1e+08 eff:0.1% logz-ratio=4.56+/-0.06 dlogz:0.187>0.1]
103179it [13:41:18 bound:1489 nc:2460 ncall:1.2e+08 eff:0.1% logz-ratio=4.56+/-0.06 dlogz:0.182>0.1]
103239it [13:42:19 bound:1490 nc:2770 ncall:1.2e+08 eff:0.1% logz-ratio=4.56+/-0.06 dlogz:0.180>0.1]
103353it [13:44:17 bound:1492 nc:2313 ncall:1.2e+08 eff:0.1% logz-ratio=4.56+/-0.06 dlogz:0.175>0.1]
103465it [13:46:14 bound:1494 nc:2627 ncall:1.2e+08 eff:0.1% logz-ratio=4.56+/-0.06 dlogz:0.171>0.1]
103582it [13:48:11 bound:1496 nc:2916 ncall:1.2e+08 eff:0.1% logz-ratio=4.56+/-0.06 dlogz:0.166>0.1]
103693it [13:50:06 bound:1498 nc:2170 ncall:1.2e+08 eff:0.1% logz-ratio=4.56+/-0.06 dlogz:0.162>0.1]
103810it [13:52:00 bound:1500 nc:2584 ncall:1.2e+08 eff:0.1% logz-ratio=4.56+/-0.06 dlogz:0.158>0.1]
103924it [13:53:53 bound:1502 nc:5103 ncall:1.2e+08 eff:0.1% logz-ratio=4.56+/-0.06 dlogz:0.154>0.1]
104037it [13:55:49 bound:1504 nc:4141 ncall:1.2e+08 eff:0.1% logz-ratio=4.56+/-0.06 dlogz:0.150>0.1]
104149it [13:57:41 bound:1506 nc:1947 ncall:1.2e+08 eff:0.1% logz-ratio=4.56+/-0.06 dlogz:0.146>0.1]
104263it [13:59:35 bound:1508 nc:1489 ncall:1.2e+08 eff:0.1% logz-ratio=4.56+/-0.06 dlogz:0.142>0.1]
104379it [14:01:26 bound:1510 nc:2175 ncall:1.2e+08 eff:0.1% logz-ratio=4.56+/-0.06 dlogz:0.139>0.1]
104494it [14:03:22 bound:1512 nc:2715 ncall:1.2e+08 eff:0.1% logz-ratio=4.56+/-0.06 dlogz:0.135>0.1]
104595it [14:04:22 bound:1513 nc:1792 ncall:1.2e+08 eff:0.1% logz-ratio=4.57+/-0.06 dlogz:0.132>0.1]
104665it [14:06:16 bound:1515 nc:4562 ncall:1.2e+08 eff:0.1% logz-ratio=4.57+/-0.06 dlogz:0.130>0.1]
104721it [14:07:19 bound:1516 nc:2110 ncall:1.2e+08 eff:0.1% logz-ratio=4.57+/-0.06 dlogz:0.128>0.1]
104776it [14:08:19 bound:1517 nc:1996 ncall:1.2e+08 eff:0.1% logz-ratio=4.57+/-0.06 dlogz:0.126>0.1]
104897it [14:10:15 bound:1519 nc:3200 ncall:1.2e+08 eff:0.1% logz-ratio=4.57+/-0.06 dlogz:0.123>0.1]
105014it [14:12:05 bound:1521 nc:2415 ncall:1.2e+08 eff:0.1% logz-ratio=4.57+/-0.06 dlogz:0.120>0.1]
105016it [14:13:43 bound:1521 nc:2543 ncall:1.2e+08 eff:0.1% logz-ratio=4.57+/-0.06 dlogz:0.120>0.1]
105115it [14:14:43 bound:1522 nc:4923 ncall:1.2e+08 eff:0.1% logz-ratio=4.57+/-0.06 dlogz:0.117>0.1]
105181it [14:16:39 bound:1524 nc:2620 ncall:1.2e+08 eff:0.1% logz-ratio=4.57+/-0.06 dlogz:0.115>0.1]
105239it [14:17:40 bound:1525 nc:1603 ncall:1.2e+08 eff:0.1% logz-ratio=4.57+/-0.06 dlogz:0.114>0.1]
105360it [14:19:35 bound:1527 nc:2113 ncall:1.2e+08 eff:0.1% logz-ratio=4.57+/-0.06 dlogz:0.110>0.1]
105414it [14:20:36 bound:1528 nc:2417 ncall:1.2e+08 eff:0.1% logz-ratio=4.57+/-0.06 dlogz:0.109>0.1]
105529it [14:22:32 bound:1530 nc:2991 ncall:1.2e+08 eff:0.1% logz-ratio=4.57+/-0.06 dlogz:0.106>0.1]
105651it [14:24:26 bound:1532 nc:2950 ncall:1.2e+08 eff:0.1% logz-ratio=4.57+/-0.06 dlogz:0.103>0.1]
105772it [14:26:21 bound:1534 nc:5302 ncall:1.2e+08 eff:0.1% logz-ratio=4.57+/-0.06 dlogz:0.100>0.1]
At this point, we cannot create a float from 0        1.193913
1        1.136620
2        1.165540
3        1.266362
4        1.031792
           ...   
32645    1.101986
32646    1.102100
32647    1.103410
32648    1.103410
32649    1.103783
Name: chirp_mass_source, Length: 32650, dtype: float64, error: cannot convert the series to <class 'float'>
At this point, we cannot create a float from 0        0.954461
1        0.915233
2        0.959567
3        0.808427
4        0.924739
           ...   
32645    0.971280
32646    0.965534
32647    0.946868
32648    0.946868
32649    0.964223
Name: mass_ratio, Length: 32650, dtype: float64, error: cannot convert the series to <class 'float'>
At this point, we cannot create a float from 0         519.591492
1         885.519775
2         996.105103
3         339.753052
4        1035.062622
            ...     
32645     914.996033
32646     878.907104
32647     803.221069
32648     803.221069
32649     848.721741
Name: lambda_1, Length: 32650, dtype: float64, error: cannot convert the series to <class 'float'>
At this point, we cannot create a float from 0         708.906433
1        1434.920532
2        1281.305908
3        1200.663696
4        1689.628418
            ...     
32645    1095.376953
32646    1089.618286
32647    1102.044067
32648    1102.044067
32649    1061.324341
Name: lambda_2, Length: 32650, dtype: float64, error: cannot convert the series to <class 'float'>
Skipped taking the float value from [-7.19235516 -8.11115074 -7.07507133 ... -7.48466396 -7.48466396
 -7.58951378], error: only length-1 arrays can be converted to Python scalars
At this point, we cannot create a float from [0.98362064 0.98473552 0.98585041 ... 1.31474035 1.31585523
 1.31697011], error: only length-1 arrays can be converted to Python scalars
At this point, we cannot create a float from [0.71009696 0.71106653 0.7120361  ... 0.99805949 0.99902906
 0.99999863], error: only length-1 arrays can be converted to Python scalars
At this point, we cannot create a float from [  84.99945068   94.47564105  103.95183142 ... 2899.42799036
 2908.90418072 2918.38037109], error: only length-1 arrays can be converted to Python scalars
At this point, we cannot create a float from [ 251.32449341  265.14479029  278.96508718 ... 4355.95266795
 4369.77296483 4383.59326172], error: only length-1 arrays can be converted to Python scalars
Skipped taking the float value from [-71.7376709  -71.56864929 -71.37232208 ... -82.17230225
 -81.46386719 -81.47254944], error: only length-1 arrays can be converted to Python scalars
