NFDist has source_type = bns
self.parameters_ref
{'chirp_mass': 2.0272715949909377, 'mass_ratio': 0.3699999999999999, 'symmetric_mass_ratio': 0.19713357131440137, 'a_1': 0.0, 'a_2': 0.0, 'tilt_1': 0.0, 'tilt_2': 0.0, 'phi_jl': 0.0, 'phi_12': 0.0, 'luminosity_distance': 201.0, 'phase': 1.3576488959769972, 'theta_jn': 2.323517520938953, 'psi': 0.030083409062676092, 'ra': 1.121307208346961, 'dec': 0.22562961827621178, 'lambda_1': 0.0, 'lambda_2': 0.0, 'mass_1': 3.920441829732034, 'mass_2': 1.4505634770008522, 'geocent_time': 1369419318.7460938, 'duration': 128.0}
3488it [0:00:32 bound:0 nc: 46 ncall:3.3e+04 eff:10.7% logz-ratio=-0.91+/-0.04 dlogz:24.737>0.1]
3661it [0:01:34 bound:3 nc:651 ncall:8.5e+04 eff:4.3% logz-ratio=-0.74+/-0.04 dlogz:24.392>0.1]
3848it [0:02:55 bound:6 nc:814 ncall:2.3e+05 eff:1.7% logz-ratio=-0.54+/-0.05 dlogz:24.017>0.1]
4037it [0:04:16 bound:9 nc:861 ncall:3.8e+05 eff:1.1% logz-ratio=-0.34+/-0.05 dlogz:23.633>0.1]
4222it [0:05:37 bound:12 nc:931 ncall:5.2e+05 eff:0.8% logz-ratio=-0.15+/-0.05 dlogz:24.043>0.1]
4409it [0:06:59 bound:15 nc:1711 ncall:6.6e+05 eff:0.7% logz-ratio=0.06+/-0.05 dlogz:28.629>0.1]
4595it [0:08:20 bound:18 nc:811 ncall:8.1e+05 eff:0.6% logz-ratio=0.27+/-0.05 dlogz:31.798>0.1]
4778it [0:09:43 bound:21 nc:519 ncall:9.5e+05 eff:0.5% logz-ratio=0.48+/-0.05 dlogz:31.405>0.1]
4962it [0:11:07 bound:24 nc:754 ncall:1.1e+06 eff:0.5% logz-ratio=0.71+/-0.06 dlogz:30.994>0.1]
5150it [0:12:28 bound:27 nc:749 ncall:1.2e+06 eff:0.4% logz-ratio=0.96+/-0.06 dlogz:30.562>0.1]
5340it [0:13:47 bound:30 nc:751 ncall:1.4e+06 eff:0.4% logz-ratio=1.23+/-0.06 dlogz:33.100>0.1]
5525it [0:15:14 bound:33 nc:1601 ncall:1.5e+06 eff:0.4% logz-ratio=1.52+/-0.06 dlogz:32.629>0.1]
5714it [0:16:40 bound:36 nc:827 ncall:1.7e+06 eff:0.3% logz-ratio=1.84+/-0.06 dlogz:32.129>0.1]
5905it [0:18:06 bound:39 nc:374 ncall:1.8e+06 eff:0.3% logz-ratio=2.18+/-0.07 dlogz:31.605>0.1]
6090it [0:19:40 bound:42 nc:2095 ncall:2.0e+06 eff:0.3% logz-ratio=2.53+/-0.07 dlogz:31.068>0.1]
6275it [0:21:04 bound:45 nc:711 ncall:2.1e+06 eff:0.3% logz-ratio=2.91+/-0.07 dlogz:31.816>0.1]
6399it [0:22:07 bound:47 nc:621 ncall:2.2e+06 eff:0.3% logz-ratio=3.21+/-0.07 dlogz:31.399>0.1]
6522it [0:23:09 bound:49 nc:672 ncall:2.3e+06 eff:0.3% logz-ratio=3.53+/-0.07 dlogz:30.957>0.1]
6648it [0:24:12 bound:51 nc:779 ncall:2.4e+06 eff:0.3% logz-ratio=3.88+/-0.08 dlogz:32.264>0.1]
6772it [0:25:13 bound:53 nc:986 ncall:2.5e+06 eff:0.3% logz-ratio=4.22+/-0.08 dlogz:33.047>0.1]
6898it [0:26:15 bound:55 nc:507 ncall:2.6e+06 eff:0.3% logz-ratio=4.59+/-0.08 dlogz:32.562>0.1]
7019it [0:27:20 bound:57 nc:545 ncall:2.7e+06 eff:0.3% logz-ratio=4.95+/-0.08 dlogz:32.082>0.1]
7145it [0:28:23 bound:59 nc:956 ncall:2.8e+06 eff:0.3% logz-ratio=5.35+/-0.08 dlogz:37.842>0.1]
7272it [0:29:24 bound:61 nc:798 ncall:2.9e+06 eff:0.2% logz-ratio=5.77+/-0.08 dlogz:37.303>0.1]
7394it [0:30:34 bound:63 nc:568 ncall:3.0e+06 eff:0.2% logz-ratio=6.14+/-0.08 dlogz:36.811>0.1]
7519it [0:31:37 bound:65 nc:1325 ncall:3.2e+06 eff:0.2% logz-ratio=6.53+/-0.08 dlogz:36.303>0.1]
7704it [0:33:08 bound:68 nc:425 ncall:3.3e+06 eff:0.2% logz-ratio=7.16+/-0.08 dlogz:35.494>0.1]
7824it [0:34:15 bound:70 nc:725 ncall:3.4e+06 eff:0.2% logz-ratio=7.57+/-0.09 dlogz:34.965>0.1]
7948it [0:35:27 bound:72 nc:591 ncall:3.5e+06 eff:0.2% logz-ratio=8.02+/-0.09 dlogz:34.397>0.1]
8071it [0:36:34 bound:74 nc:1002 ncall:3.6e+06 eff:0.2% logz-ratio=8.46+/-0.09 dlogz:36.657>0.1]
8194it [0:37:35 bound:76 nc:485 ncall:3.7e+06 eff:0.2% logz-ratio=8.91+/-0.09 dlogz:36.086>0.1]
8315it [0:38:44 bound:78 nc:630 ncall:3.8e+06 eff:0.2% logz-ratio=9.38+/-0.09 dlogz:35.498>0.1]
8502it [0:40:12 bound:81 nc:720 ncall:4.0e+06 eff:0.2% logz-ratio=10.13+/-0.09 dlogz:34.562>0.1]
8628it [0:41:16 bound:83 nc:626 ncall:4.1e+06 eff:0.2% logz-ratio=10.66+/-0.09 dlogz:33.916>0.1]
8749it [0:42:22 bound:85 nc:1020 ncall:4.2e+06 eff:0.2% logz-ratio=11.14+/-0.09 dlogz:39.240>0.1]
8874it [0:43:30 bound:87 nc:811 ncall:4.3e+06 eff:0.2% logz-ratio=11.65+/-0.09 dlogz:38.611>0.1]
9000it [0:44:37 bound:89 nc:1344 ncall:4.4e+06 eff:0.2% logz-ratio=12.17+/-0.09 dlogz:37.968>0.1]
9125it [0:45:46 bound:91 nc:624 ncall:4.5e+06 eff:0.2% logz-ratio=12.68+/-0.09 dlogz:37.338>0.1]
9250it [0:47:01 bound:93 nc:1492 ncall:4.6e+06 eff:0.2% logz-ratio=13.16+/-0.09 dlogz:36.727>0.1]
9373it [0:48:07 bound:95 nc:1047 ncall:4.7e+06 eff:0.2% logz-ratio=13.65+/-0.10 dlogz:36.119>0.1]
9495it [0:49:16 bound:97 nc:449 ncall:4.8e+06 eff:0.2% logz-ratio=14.16+/-0.10 dlogz:39.879>0.1]
9619it [0:50:23 bound:99 nc:267 ncall:4.9e+06 eff:0.2% logz-ratio=14.68+/-0.10 dlogz:39.228>0.1]
9743it [0:51:35 bound:101 nc:1006 ncall:5.0e+06 eff:0.2% logz-ratio=15.21+/-0.10 dlogz:38.583>0.1]
9865it [0:52:48 bound:103 nc:1501 ncall:5.1e+06 eff:0.2% logz-ratio=15.74+/-0.10 dlogz:37.933>0.1]
9993it [0:53:56 bound:105 nc:1638 ncall:5.2e+06 eff:0.2% logz-ratio=16.27+/-0.10 dlogz:37.278>0.1]
10116it [0:55:04 bound:107 nc:676 ncall:5.3e+06 eff:0.2% logz-ratio=16.78+/-0.10 dlogz:36.649>0.1]
10240it [0:56:27 bound:109 nc:781 ncall:5.4e+06 eff:0.2% logz-ratio=17.25+/-0.10 dlogz:36.052>0.1]
10364it [0:57:33 bound:111 nc:805 ncall:5.5e+06 eff:0.2% logz-ratio=17.77+/-0.10 dlogz:35.416>0.1]
10488it [0:58:40 bound:113 nc:649 ncall:5.6e+06 eff:0.2% logz-ratio=18.31+/-0.10 dlogz:34.759>0.1]
10614it [0:59:55 bound:115 nc:1017 ncall:5.7e+06 eff:0.2% logz-ratio=18.84+/-0.10 dlogz:34.098>0.1]
10735it [1:01:14 bound:117 nc:693 ncall:5.8e+06 eff:0.2% logz-ratio=19.35+/-0.10 dlogz:33.473>0.1]
10856it [1:02:21 bound:119 nc:938 ncall:5.9e+06 eff:0.2% logz-ratio=19.86+/-0.10 dlogz:32.848>0.1]
10980it [1:03:36 bound:121 nc:765 ncall:6.0e+06 eff:0.2% logz-ratio=20.37+/-0.10 dlogz:32.210>0.1]
11102it [1:04:49 bound:123 nc:739 ncall:6.2e+06 eff:0.2% logz-ratio=20.92+/-0.10 dlogz:31.551>0.1]
11229it [1:06:00 bound:125 nc:728 ncall:6.3e+06 eff:0.2% logz-ratio=21.51+/-0.10 dlogz:31.372>0.1]
11355it [1:07:12 bound:127 nc:705 ncall:6.4e+06 eff:0.2% logz-ratio=22.06+/-0.11 dlogz:30.691>0.1]
11481it [1:08:30 bound:129 nc:442 ncall:6.5e+06 eff:0.2% logz-ratio=22.60+/-0.11 dlogz:30.029>0.1]
11607it [1:09:39 bound:131 nc:775 ncall:6.6e+06 eff:0.2% logz-ratio=23.15+/-0.11 dlogz:29.357>0.1]
11735it [1:10:50 bound:133 nc:648 ncall:6.7e+06 eff:0.2% logz-ratio=23.68+/-0.11 dlogz:29.926>0.1]
11860it [1:12:04 bound:135 nc:812 ncall:6.8e+06 eff:0.2% logz-ratio=24.19+/-0.11 dlogz:29.294>0.1]
11984it [1:13:19 bound:137 nc:2271 ncall:6.9e+06 eff:0.2% logz-ratio=24.73+/-0.11 dlogz:28.636>0.1]
12107it [1:14:38 bound:139 nc:1286 ncall:7.1e+06 eff:0.2% logz-ratio=25.32+/-0.11 dlogz:28.382>0.1]
12232it [1:15:48 bound:141 nc:893 ncall:7.2e+06 eff:0.2% logz-ratio=25.95+/-0.11 dlogz:27.636>0.1]
12355it [1:17:00 bound:143 nc:1208 ncall:7.3e+06 eff:0.2% logz-ratio=26.53+/-0.11 dlogz:26.936>0.1]
12480it [1:18:08 bound:145 nc:635 ncall:7.4e+06 eff:0.2% logz-ratio=27.06+/-0.11 dlogz:26.277>0.1]
12604it [1:19:25 bound:147 nc:1151 ncall:7.5e+06 eff:0.2% logz-ratio=27.60+/-0.11 dlogz:25.621>0.1]
12725it [1:20:36 bound:149 nc:928 ncall:7.6e+06 eff:0.2% logz-ratio=28.13+/-0.11 dlogz:24.967>0.1]
12847it [1:21:50 bound:151 nc:497 ncall:7.7e+06 eff:0.2% logz-ratio=28.66+/-0.11 dlogz:24.318>0.1]
12967it [1:22:56 bound:153 nc:971 ncall:7.8e+06 eff:0.2% logz-ratio=29.20+/-0.11 dlogz:23.659>0.1]
13089it [1:24:13 bound:155 nc:857 ncall:8.0e+06 eff:0.2% logz-ratio=29.74+/-0.11 dlogz:23.009>0.1]
13214it [1:25:31 bound:157 nc:1109 ncall:8.1e+06 eff:0.2% logz-ratio=30.30+/-0.11 dlogz:22.326>0.1]
13334it [1:26:44 bound:159 nc:1172 ncall:8.2e+06 eff:0.2% logz-ratio=30.82+/-0.11 dlogz:21.685>0.1]
13455it [1:28:03 bound:161 nc:769 ncall:8.3e+06 eff:0.2% logz-ratio=31.35+/-0.11 dlogz:21.038>0.1]
13577it [1:29:18 bound:163 nc:938 ncall:8.4e+06 eff:0.2% logz-ratio=31.87+/-0.11 dlogz:20.396>0.1]
13698it [1:30:34 bound:165 nc:1043 ncall:8.6e+06 eff:0.2% logz-ratio=32.36+/-0.12 dlogz:19.789>0.1]
13821it [1:31:46 bound:167 nc:742 ncall:8.7e+06 eff:0.2% logz-ratio=32.88+/-0.12 dlogz:19.146>0.1]
13946it [1:33:01 bound:169 nc:1026 ncall:8.8e+06 eff:0.2% logz-ratio=33.40+/-0.12 dlogz:18.640>0.1]
14068it [1:34:09 bound:171 nc:787 ncall:8.9e+06 eff:0.2% logz-ratio=33.88+/-0.12 dlogz:18.037>0.1]
14193it [1:35:32 bound:173 nc:710 ncall:9.0e+06 eff:0.2% logz-ratio=34.37+/-0.12 dlogz:18.382>0.1]
14317it [1:36:51 bound:175 nc:1382 ncall:9.2e+06 eff:0.2% logz-ratio=34.84+/-0.12 dlogz:17.782>0.1]
14442it [1:38:07 bound:177 nc:655 ncall:9.3e+06 eff:0.2% logz-ratio=35.34+/-0.12 dlogz:17.169>0.1]
14566it [1:39:28 bound:179 nc:742 ncall:9.4e+06 eff:0.2% logz-ratio=35.83+/-0.12 dlogz:16.558>0.1]
14690it [1:40:42 bound:181 nc:1019 ncall:9.5e+06 eff:0.2% logz-ratio=36.29+/-0.12 dlogz:15.974>0.1]
14815it [1:42:06 bound:183 nc:967 ncall:9.7e+06 eff:0.2% logz-ratio=36.75+/-0.12 dlogz:17.072>0.1]
14939it [1:43:28 bound:185 nc:1307 ncall:9.8e+06 eff:0.2% logz-ratio=37.21+/-0.12 dlogz:16.496>0.1]
15062it [1:44:46 bound:187 nc:918 ncall:9.9e+06 eff:0.2% logz-ratio=37.62+/-0.12 dlogz:15.961>0.1]
15181it [1:46:06 bound:189 nc:793 ncall:1.0e+07 eff:0.2% logz-ratio=38.00+/-0.12 dlogz:15.462>0.1]
15307it [1:47:25 bound:191 nc:1269 ncall:1.0e+07 eff:0.2% logz-ratio=38.42+/-0.12 dlogz:14.926>0.1]
15431it [1:48:47 bound:193 nc:1099 ncall:1.0e+07 eff:0.1% logz-ratio=38.80+/-0.12 dlogz:14.418>0.1]
15555it [1:50:05 bound:195 nc:940 ncall:1.0e+07 eff:0.1% logz-ratio=39.18+/-0.12 dlogz:13.925>0.1]
15676it [1:51:24 bound:197 nc:1525 ncall:1.1e+07 eff:0.1% logz-ratio=39.53+/-0.12 dlogz:13.455>0.1]
15802it [1:52:39 bound:199 nc:1431 ncall:1.1e+07 eff:0.1% logz-ratio=39.90+/-0.12 dlogz:12.964>0.1]
15926it [1:54:03 bound:201 nc:876 ncall:1.1e+07 eff:0.1% logz-ratio=40.25+/-0.12 dlogz:12.488>0.1]
16052it [1:55:26 bound:203 nc:979 ncall:1.1e+07 eff:0.1% logz-ratio=40.60+/-0.12 dlogz:12.012>0.1]
16176it [1:56:49 bound:205 nc:1136 ncall:1.1e+07 eff:0.1% logz-ratio=40.95+/-0.12 dlogz:11.548>0.1]
16301it [1:58:16 bound:207 nc:1194 ncall:1.1e+07 eff:0.1% logz-ratio=41.28+/-0.12 dlogz:11.088>0.1]
16424it [1:59:41 bound:209 nc:1271 ncall:1.1e+07 eff:0.1% logz-ratio=41.60+/-0.12 dlogz:10.655>0.1]
16549it [2:01:03 bound:211 nc:858 ncall:1.2e+07 eff:0.1% logz-ratio=41.90+/-0.12 dlogz:10.414>0.1]
16675it [2:02:40 bound:213 nc:1244 ncall:1.2e+07 eff:0.1% logz-ratio=42.19+/-0.12 dlogz:9.995>0.1]
16802it [2:03:57 bound:215 nc:1075 ncall:1.2e+07 eff:0.1% logz-ratio=42.48+/-0.12 dlogz:9.583>0.1]
16923it [2:05:19 bound:217 nc:1242 ncall:1.2e+07 eff:0.1% logz-ratio=42.75+/-0.13 dlogz:9.198>0.1]
17044it [2:06:44 bound:219 nc:974 ncall:1.2e+07 eff:0.1% logz-ratio=43.00+/-0.13 dlogz:8.826>0.1]
17167it [2:08:07 bound:221 nc:1126 ncall:1.2e+07 eff:0.1% logz-ratio=43.26+/-0.13 dlogz:8.449>0.1]
17291it [2:09:34 bound:223 nc:2045 ncall:1.2e+07 eff:0.1% logz-ratio=43.51+/-0.13 dlogz:8.080>0.1]
17415it [2:11:00 bound:225 nc:1586 ncall:1.3e+07 eff:0.1% logz-ratio=43.74+/-0.13 dlogz:7.829>0.1]
17539it [2:12:34 bound:227 nc:1153 ncall:1.3e+07 eff:0.1% logz-ratio=43.97+/-0.13 dlogz:7.481>0.1]
17663it [2:13:59 bound:229 nc:972 ncall:1.3e+07 eff:0.1% logz-ratio=44.18+/-0.13 dlogz:7.145>0.1]
17790it [2:15:27 bound:231 nc:921 ncall:1.3e+07 eff:0.1% logz-ratio=44.39+/-0.13 dlogz:6.815>0.1]
17916it [2:17:03 bound:233 nc:944 ncall:1.3e+07 eff:0.1% logz-ratio=44.58+/-0.13 dlogz:6.502>0.1]
18039it [2:18:33 bound:235 nc:1270 ncall:1.3e+07 eff:0.1% logz-ratio=44.75+/-0.13 dlogz:6.211>0.1]
18162it [2:20:07 bound:237 nc:1540 ncall:1.3e+07 eff:0.1% logz-ratio=44.91+/-0.13 dlogz:5.931>0.1]
18285it [2:21:39 bound:239 nc:1184 ncall:1.4e+07 eff:0.1% logz-ratio=45.06+/-0.13 dlogz:5.660>0.1]
18406it [2:23:22 bound:241 nc:1048 ncall:1.4e+07 eff:0.1% logz-ratio=45.20+/-0.13 dlogz:5.403>0.1]
18530it [2:25:06 bound:243 nc:1321 ncall:1.4e+07 eff:0.1% logz-ratio=45.34+/-0.13 dlogz:5.147>0.1]
18657it [2:26:46 bound:245 nc:1445 ncall:1.4e+07 eff:0.1% logz-ratio=45.47+/-0.13 dlogz:4.894>0.1]
18783it [2:28:30 bound:247 nc:1005 ncall:1.4e+07 eff:0.1% logz-ratio=45.59+/-0.13 dlogz:4.651>0.1]
18904it [2:30:12 bound:249 nc:1416 ncall:1.4e+07 eff:0.1% logz-ratio=45.70+/-0.13 dlogz:4.970>0.1]
19030it [2:31:57 bound:251 nc:1144 ncall:1.5e+07 eff:0.1% logz-ratio=45.81+/-0.13 dlogz:4.739>0.1]
19158it [2:33:43 bound:253 nc:910 ncall:1.5e+07 eff:0.1% logz-ratio=45.92+/-0.13 dlogz:4.511>0.1]
19284it [2:35:25 bound:255 nc:1372 ncall:1.5e+07 eff:0.1% logz-ratio=46.02+/-0.13 dlogz:4.292>0.1]
19405it [2:37:19 bound:257 nc:1177 ncall:1.5e+07 eff:0.1% logz-ratio=46.11+/-0.13 dlogz:4.084>0.1]
19531it [2:39:04 bound:259 nc:1371 ncall:1.5e+07 eff:0.1% logz-ratio=46.20+/-0.13 dlogz:3.873>0.1]
19655it [2:40:48 bound:261 nc:1331 ncall:1.6e+07 eff:0.1% logz-ratio=46.29+/-0.13 dlogz:3.716>0.1]
19777it [2:42:40 bound:263 nc:1456 ncall:1.6e+07 eff:0.1% logz-ratio=46.37+/-0.13 dlogz:3.523>0.1]
19900it [2:44:30 bound:265 nc:1270 ncall:1.6e+07 eff:0.1% logz-ratio=46.44+/-0.13 dlogz:3.355>0.1]
20025it [2:46:20 bound:267 nc:1981 ncall:1.6e+07 eff:0.1% logz-ratio=46.52+/-0.13 dlogz:3.166>0.1]
20151it [2:48:11 bound:269 nc:2256 ncall:1.6e+07 eff:0.1% logz-ratio=46.59+/-0.13 dlogz:2.981>0.1]
20276it [2:49:56 bound:271 nc:1215 ncall:1.7e+07 eff:0.1% logz-ratio=46.66+/-0.13 dlogz:3.858>0.1]
20338it [2:50:56 bound:272 nc:2261 ncall:1.7e+07 eff:0.1% logz-ratio=46.69+/-0.13 dlogz:3.768>0.1]
20462it [2:52:50 bound:274 nc:1656 ncall:1.7e+07 eff:0.1% logz-ratio=46.75+/-0.13 dlogz:3.591>0.1]
20525it [2:53:51 bound:275 nc:1694 ncall:1.7e+07 eff:0.1% logz-ratio=46.78+/-0.13 dlogz:3.503>0.1]
20587it [2:54:53 bound:276 nc:2401 ncall:1.7e+07 eff:0.1% logz-ratio=46.80+/-0.13 dlogz:3.417>0.1]
20711it [2:56:49 bound:278 nc:1998 ncall:1.7e+07 eff:0.1% logz-ratio=46.86+/-0.13 dlogz:3.249>0.1]
20773it [2:57:54 bound:279 nc:1681 ncall:1.7e+07 eff:0.1% logz-ratio=46.88+/-0.13 dlogz:3.166>0.1]
20884it [2:58:54 bound:280 nc:2352 ncall:1.8e+07 eff:0.1% logz-ratio=46.93+/-0.13 dlogz:3.021>0.1]
20897it [2:59:58 bound:281 nc:2111 ncall:1.8e+07 eff:0.1% logz-ratio=46.93+/-0.13 dlogz:3.049>0.1]
20958it [3:01:03 bound:282 nc:1892 ncall:1.8e+07 eff:0.1% logz-ratio=46.96+/-0.13 dlogz:2.971>0.1]
21019it [3:02:06 bound:283 nc:1693 ncall:1.8e+07 eff:0.1% logz-ratio=46.98+/-0.13 dlogz:2.893>0.1]
21080it [3:03:37 bound:284 nc:2167 ncall:1.8e+07 eff:0.1% logz-ratio=47.00+/-0.13 dlogz:2.817>0.1]
21143it [3:04:45 bound:285 nc:2029 ncall:1.8e+07 eff:0.1% logz-ratio=47.02+/-0.13 dlogz:2.738>0.1]
21207it [3:05:49 bound:286 nc:2023 ncall:1.8e+07 eff:0.1% logz-ratio=47.04+/-0.13 dlogz:3.680>0.1]
21270it [3:07:00 bound:287 nc:1264 ncall:1.8e+07 eff:0.1% logz-ratio=47.06+/-0.13 dlogz:3.600>0.1]
21332it [3:08:05 bound:288 nc:1989 ncall:1.8e+07 eff:0.1% logz-ratio=47.08+/-0.13 dlogz:3.522>0.1]
21395it [3:09:13 bound:289 nc:1941 ncall:1.9e+07 eff:0.1% logz-ratio=47.10+/-0.13 dlogz:3.443>0.1]
21457it [3:10:19 bound:290 nc:2493 ncall:1.9e+07 eff:0.1% logz-ratio=47.12+/-0.13 dlogz:3.367>0.1]
21521it [3:11:31 bound:291 nc:2188 ncall:1.9e+07 eff:0.1% logz-ratio=47.14+/-0.13 dlogz:3.288>0.1]
21580it [3:12:41 bound:292 nc:2226 ncall:1.9e+07 eff:0.1% logz-ratio=47.16+/-0.13 dlogz:3.216>0.1]
21643it [3:13:52 bound:293 nc:1899 ncall:1.9e+07 eff:0.1% logz-ratio=47.18+/-0.13 dlogz:3.140>0.1]
21704it [3:15:00 bound:294 nc:4091 ncall:1.9e+07 eff:0.1% logz-ratio=47.19+/-0.13 dlogz:3.067>0.1]
21766it [3:16:10 bound:295 nc:2469 ncall:1.9e+07 eff:0.1% logz-ratio=47.21+/-0.13 dlogz:2.994>0.1]
21827it [3:17:21 bound:296 nc:1934 ncall:1.9e+07 eff:0.1% logz-ratio=47.23+/-0.13 dlogz:2.922>0.1]
21890it [3:18:33 bound:297 nc:2090 ncall:2.0e+07 eff:0.1% logz-ratio=47.24+/-0.13 dlogz:2.849>0.1]
21951it [3:19:44 bound:298 nc:1634 ncall:2.0e+07 eff:0.1% logz-ratio=47.26+/-0.13 dlogz:2.778>0.1]
22014it [3:20:57 bound:299 nc:2534 ncall:2.0e+07 eff:0.1% logz-ratio=47.27+/-0.13 dlogz:2.706>0.1]
22078it [3:22:12 bound:300 nc:2197 ncall:2.0e+07 eff:0.1% logz-ratio=47.29+/-0.13 dlogz:2.634>0.1]
22139it [3:23:27 bound:301 nc:2520 ncall:2.0e+07 eff:0.1% logz-ratio=47.30+/-0.13 dlogz:2.565>0.1]
22202it [3:24:41 bound:302 nc:2327 ncall:2.0e+07 eff:0.1% logz-ratio=47.32+/-0.13 dlogz:3.070>0.1]
22266it [3:25:57 bound:303 nc:1113 ncall:2.0e+07 eff:0.1% logz-ratio=47.33+/-0.13 dlogz:2.997>0.1]
22329it [3:27:11 bound:304 nc:2925 ncall:2.1e+07 eff:0.1% logz-ratio=47.35+/-0.13 dlogz:2.925>0.1]
22392it [3:28:23 bound:305 nc:2925 ncall:2.1e+07 eff:0.1% logz-ratio=47.36+/-0.13 dlogz:2.855>0.1]
22456it [3:29:38 bound:306 nc:2858 ncall:2.1e+07 eff:0.1% logz-ratio=47.37+/-0.13 dlogz:2.784>0.1]
22519it [3:30:49 bound:307 nc:1857 ncall:2.1e+07 eff:0.1% logz-ratio=47.38+/-0.13 dlogz:2.714>0.1]
22582it [3:32:07 bound:308 nc:1910 ncall:2.1e+07 eff:0.1% logz-ratio=47.40+/-0.13 dlogz:2.645>0.1]
22644it [3:33:24 bound:309 nc:2779 ncall:2.1e+07 eff:0.1% logz-ratio=47.41+/-0.13 dlogz:2.578>0.1]
22703it [3:34:40 bound:310 nc:2659 ncall:2.1e+07 eff:0.1% logz-ratio=47.42+/-0.13 dlogz:2.515>0.1]
22762it [3:35:59 bound:311 nc:1649 ncall:2.2e+07 eff:0.1% logz-ratio=47.43+/-0.13 dlogz:2.452>0.1]
22824it [3:37:20 bound:312 nc:3233 ncall:2.2e+07 eff:0.1% logz-ratio=47.44+/-0.13 dlogz:2.386>0.1]
22886it [3:38:34 bound:313 nc:2605 ncall:2.2e+07 eff:0.1% logz-ratio=47.45+/-0.13 dlogz:2.322>0.1]
22948it [3:39:55 bound:314 nc:2206 ncall:2.2e+07 eff:0.1% logz-ratio=47.46+/-0.13 dlogz:2.258>0.1]
23012it [3:41:10 bound:315 nc:1849 ncall:2.2e+07 eff:0.1% logz-ratio=47.47+/-0.13 dlogz:2.192>0.1]
23073it [3:42:26 bound:316 nc:2512 ncall:2.2e+07 eff:0.1% logz-ratio=47.48+/-0.13 dlogz:2.131>0.1]
23136it [3:43:41 bound:317 nc:2768 ncall:2.3e+07 eff:0.1% logz-ratio=47.49+/-0.13 dlogz:2.068>0.1]
23199it [3:44:55 bound:318 nc:2598 ncall:2.3e+07 eff:0.1% logz-ratio=47.50+/-0.13 dlogz:2.006>0.1]
23263it [3:46:17 bound:319 nc:2866 ncall:2.3e+07 eff:0.1% logz-ratio=47.51+/-0.13 dlogz:1.944>0.1]
23325it [3:47:33 bound:320 nc:2370 ncall:2.3e+07 eff:0.1% logz-ratio=47.52+/-0.13 dlogz:1.884>0.1]
23389it [3:48:57 bound:321 nc:2380 ncall:2.3e+07 eff:0.1% logz-ratio=47.53+/-0.13 dlogz:1.824>0.1]
23450it [3:50:18 bound:322 nc:2710 ncall:2.3e+07 eff:0.1% logz-ratio=47.54+/-0.13 dlogz:1.767>0.1]
23512it [3:51:40 bound:323 nc:3034 ncall:2.4e+07 eff:0.1% logz-ratio=47.55+/-0.13 dlogz:1.710>0.1]
23576it [3:53:04 bound:324 nc:3005 ncall:2.4e+07 eff:0.1% logz-ratio=47.56+/-0.13 dlogz:1.652>0.1]
23637it [3:54:25 bound:325 nc:2364 ncall:2.4e+07 eff:0.1% logz-ratio=47.57+/-0.13 dlogz:1.597>0.1]
23700it [3:55:47 bound:326 nc:2656 ncall:2.4e+07 eff:0.1% logz-ratio=47.58+/-0.13 dlogz:1.542>0.1]
23758it [3:57:11 bound:327 nc:2590 ncall:2.4e+07 eff:0.1% logz-ratio=47.58+/-0.13 dlogz:1.492>0.1]
23821it [3:58:33 bound:328 nc:2483 ncall:2.4e+07 eff:0.1% logz-ratio=47.59+/-0.13 dlogz:1.439>0.1]
23883it [3:59:56 bound:329 nc:2493 ncall:2.5e+07 eff:0.1% logz-ratio=47.60+/-0.13 dlogz:1.387>0.1]
23945it [4:01:15 bound:330 nc:2823 ncall:2.5e+07 eff:0.1% logz-ratio=47.61+/-0.13 dlogz:1.337>0.1]
24007it [4:02:37 bound:331 nc:2333 ncall:2.5e+07 eff:0.1% logz-ratio=47.61+/-0.13 dlogz:1.287>0.1]
24069it [4:04:30 bound:332 nc:1894 ncall:2.5e+07 eff:0.1% logz-ratio=47.62+/-0.13 dlogz:1.238>0.1]
24132it [4:05:53 bound:333 nc:1532 ncall:2.5e+07 eff:0.1% logz-ratio=47.63+/-0.13 dlogz:1.190>0.1]
24194it [4:07:15 bound:334 nc:2791 ncall:2.5e+07 eff:0.1% logz-ratio=47.64+/-0.13 dlogz:1.144>0.1]
24257it [4:08:40 bound:335 nc:2631 ncall:2.5e+07 eff:0.1% logz-ratio=47.64+/-0.13 dlogz:1.505>0.1]
24318it [4:10:05 bound:336 nc:1952 ncall:2.6e+07 eff:0.1% logz-ratio=47.65+/-0.13 dlogz:1.454>0.1]
24381it [4:11:32 bound:337 nc:2259 ncall:2.6e+07 eff:0.1% logz-ratio=47.66+/-0.13 dlogz:1.402>0.1]
24442it [4:12:57 bound:338 nc:2699 ncall:2.6e+07 eff:0.1% logz-ratio=47.66+/-0.13 dlogz:1.353>0.1]
24505it [4:14:23 bound:339 nc:2732 ncall:2.6e+07 eff:0.1% logz-ratio=47.67+/-0.13 dlogz:1.303>0.1]
24567it [4:15:49 bound:340 nc:2977 ncall:2.6e+07 eff:0.1% logz-ratio=47.67+/-0.13 dlogz:1.255>0.1]
24630it [4:17:14 bound:341 nc:2229 ncall:2.6e+07 eff:0.1% logz-ratio=47.68+/-0.13 dlogz:1.207>0.1]
24692it [4:18:41 bound:342 nc:2598 ncall:2.7e+07 eff:0.1% logz-ratio=47.69+/-0.13 dlogz:1.161>0.1]
24755it [4:20:03 bound:343 nc:2577 ncall:2.7e+07 eff:0.1% logz-ratio=47.69+/-0.13 dlogz:1.115>0.1]
24815it [4:21:31 bound:344 nc:3133 ncall:2.7e+07 eff:0.1% logz-ratio=47.70+/-0.13 dlogz:1.073>0.1]
24876it [4:22:55 bound:345 nc:2005 ncall:2.7e+07 eff:0.1% logz-ratio=47.70+/-0.13 dlogz:1.031>0.1]
24937it [4:24:19 bound:346 nc:3092 ncall:2.7e+07 eff:0.1% logz-ratio=47.71+/-0.13 dlogz:0.989>0.1]
24997it [4:25:43 bound:347 nc:2246 ncall:2.7e+07 eff:0.1% logz-ratio=47.71+/-0.14 dlogz:0.950>0.1]
25059it [4:27:07 bound:348 nc:3128 ncall:2.8e+07 eff:0.1% logz-ratio=47.72+/-0.14 dlogz:0.910>0.1]
25123it [4:28:32 bound:349 nc:3127 ncall:2.8e+07 eff:0.1% logz-ratio=47.72+/-0.14 dlogz:0.870>0.1]
25186it [4:30:02 bound:350 nc:2757 ncall:2.8e+07 eff:0.1% logz-ratio=47.73+/-0.14 dlogz:0.832>0.1]
25247it [4:31:31 bound:351 nc:2545 ncall:2.8e+07 eff:0.1% logz-ratio=47.73+/-0.14 dlogz:0.797>0.1]
25310it [4:32:58 bound:352 nc:2390 ncall:2.8e+07 eff:0.1% logz-ratio=47.74+/-0.14 dlogz:0.761>0.1]
25373it [4:34:19 bound:353 nc:2642 ncall:2.8e+07 eff:0.1% logz-ratio=47.74+/-0.14 dlogz:0.726>0.1]
25434it [4:35:44 bound:354 nc:2706 ncall:2.9e+07 eff:0.1% logz-ratio=47.74+/-0.14 dlogz:0.694>0.1]
25493it [4:37:07 bound:355 nc:2524 ncall:2.9e+07 eff:0.1% logz-ratio=47.75+/-0.14 dlogz:0.664>0.1]
25555it [4:38:32 bound:356 nc:2620 ncall:2.9e+07 eff:0.1% logz-ratio=47.75+/-0.14 dlogz:0.633>0.1]
25616it [4:39:54 bound:357 nc:2642 ncall:2.9e+07 eff:0.1% logz-ratio=47.76+/-0.14 dlogz:0.604>0.1]
25680it [4:41:18 bound:358 nc:2576 ncall:2.9e+07 eff:0.1% logz-ratio=47.76+/-0.14 dlogz:0.574>0.1]
25744it [4:42:42 bound:359 nc:2823 ncall:2.9e+07 eff:0.1% logz-ratio=47.76+/-0.14 dlogz:0.546>0.1]
25808it [4:44:09 bound:360 nc:2289 ncall:3.0e+07 eff:0.1% logz-ratio=47.77+/-0.14 dlogz:0.518>0.1]
25869it [4:45:34 bound:361 nc:5572 ncall:3.0e+07 eff:0.1% logz-ratio=47.77+/-0.14 dlogz:0.493>0.1]
25930it [4:46:55 bound:362 nc:2155 ncall:3.0e+07 eff:0.1% logz-ratio=47.77+/-0.14 dlogz:0.469>0.1]
25993it [4:48:21 bound:363 nc:2203 ncall:3.0e+07 eff:0.1% logz-ratio=47.78+/-0.14 dlogz:0.446>0.1]
26057it [4:49:45 bound:364 nc:2468 ncall:3.0e+07 eff:0.1% logz-ratio=47.78+/-0.14 dlogz:0.422>0.1]
26119it [4:51:10 bound:365 nc:2523 ncall:3.0e+07 eff:0.1% logz-ratio=47.78+/-0.14 dlogz:0.401>0.1]
26182it [4:52:37 bound:366 nc:1997 ncall:3.1e+07 eff:0.1% logz-ratio=47.79+/-0.14 dlogz:0.380>0.1]
26245it [4:54:02 bound:367 nc:2333 ncall:3.1e+07 eff:0.1% logz-ratio=47.79+/-0.14 dlogz:0.367>0.1]
26307it [4:55:30 bound:368 nc:3130 ncall:3.1e+07 eff:0.1% logz-ratio=47.79+/-0.14 dlogz:0.348>0.1]
26369it [4:56:55 bound:369 nc:2278 ncall:3.1e+07 eff:0.1% logz-ratio=47.80+/-0.14 dlogz:0.330>0.1]
26427it [4:58:20 bound:370 nc:5252 ncall:3.1e+07 eff:0.1% logz-ratio=47.80+/-0.14 dlogz:0.313>0.1]
26486it [4:59:45 bound:371 nc:2544 ncall:3.1e+07 eff:0.1% logz-ratio=47.80+/-0.14 dlogz:0.301>0.1]
26549it [5:01:10 bound:372 nc:2564 ncall:3.2e+07 eff:0.1% logz-ratio=47.80+/-0.14 dlogz:0.285>0.1]
26612it [5:02:35 bound:373 nc:2826 ncall:3.2e+07 eff:0.1% logz-ratio=47.81+/-0.14 dlogz:0.270>0.1]
26672it [5:04:00 bound:374 nc:2270 ncall:3.2e+07 eff:0.1% logz-ratio=47.81+/-0.14 dlogz:0.256>0.1]
26735it [5:05:52 bound:375 nc:2544 ncall:3.2e+07 eff:0.1% logz-ratio=47.81+/-0.14 dlogz:0.242>0.1]
26798it [5:07:16 bound:376 nc:2700 ncall:3.2e+07 eff:0.1% logz-ratio=47.81+/-0.14 dlogz:0.228>0.1]
26858it [5:08:37 bound:377 nc:2637 ncall:3.2e+07 eff:0.1% logz-ratio=47.82+/-0.14 dlogz:0.216>0.1]
26921it [5:10:03 bound:378 nc:2140 ncall:3.3e+07 eff:0.1% logz-ratio=47.82+/-0.14 dlogz:0.204>0.1]
26984it [5:11:30 bound:379 nc:1510 ncall:3.3e+07 eff:0.1% logz-ratio=47.82+/-0.14 dlogz:0.193>0.1]
27047it [5:12:54 bound:380 nc:2917 ncall:3.3e+07 eff:0.1% logz-ratio=47.82+/-0.14 dlogz:0.182>0.1]
27109it [5:14:18 bound:381 nc:2913 ncall:3.3e+07 eff:0.1% logz-ratio=47.82+/-0.14 dlogz:0.172>0.1]
27170it [5:15:44 bound:382 nc:2685 ncall:3.3e+07 eff:0.1% logz-ratio=47.83+/-0.14 dlogz:0.162>0.1]
27232it [5:17:08 bound:383 nc:2762 ncall:3.3e+07 eff:0.1% logz-ratio=47.83+/-0.14 dlogz:0.153>0.1]
27290it [5:18:33 bound:384 nc:2425 ncall:3.4e+07 eff:0.1% logz-ratio=47.83+/-0.14 dlogz:0.145>0.1]
27350it [5:19:57 bound:385 nc:2548 ncall:3.4e+07 eff:0.1% logz-ratio=47.83+/-0.14 dlogz:0.137>0.1]
27413it [5:21:21 bound:386 nc:2558 ncall:3.4e+07 eff:0.1% logz-ratio=47.83+/-0.14 dlogz:0.129>0.1]
27472it [5:22:46 bound:387 nc:7625 ncall:3.4e+07 eff:0.1% logz-ratio=47.83+/-0.14 dlogz:0.122>0.1]
27535it [5:24:10 bound:388 nc:3135 ncall:3.4e+07 eff:0.1% logz-ratio=47.84+/-0.14 dlogz:0.115>0.1]
27596it [5:25:35 bound:389 nc:2304 ncall:3.4e+07 eff:0.1% logz-ratio=47.84+/-0.14 dlogz:0.109>0.1]
27659it [5:27:03 bound:390 nc:3562 ncall:3.5e+07 eff:0.1% logz-ratio=47.84+/-0.14 dlogz:0.102>0.1]
At this point, we cannot create a float from 0       2.024238
1       2.024117
2       2.026749
3       2.024888
4       2.027076
          ...   
6419    2.025414
6420    2.025577
6421    2.025538
6422    2.025979
6423    2.025270
Name: chirp_mass, Length: 6424, dtype: float64, error: cannot convert the series to <class 'float'>
At this point, we cannot create a float from 0       0.737072
1       0.646034
2       0.397760
3       0.789875
4       0.942805
          ...   
6419    0.430066
6420    0.391491
6421    0.458720
6422    0.404555
6423    0.422102
Name: mass_ratio, Length: 6424, dtype: float64, error: cannot convert the series to <class 'float'>
At this point, we cannot create a float from 0        4.715662
1        5.695381
2        5.593027
3        4.628752
4       12.431100
          ...    
6419     5.109881
6420     7.339181
6421     4.603966
6422     4.601009
6423     4.824134
Name: lambda_1, Length: 6424, dtype: float64, error: cannot convert the series to <class 'float'>
At this point, we cannot create a float from 0        37.605808
1        90.398155
2       477.780273
3        18.558262
4        23.468349
           ...    
6419    210.080078
6420    332.638855
6421    205.595947
6422    300.381439
6423    203.600540
Name: lambda_2, Length: 6424, dtype: float64, error: cannot convert the series to <class 'float'>
At this point, we cannot create a float from 0       198.324310
1       274.533508
2       146.042908
3       356.326660
4       223.735123
           ...    
6419    141.645401
6420    190.379211
6421    126.820862
6422    111.964325
6423    177.090027
Name: luminosity_distance, Length: 6424, dtype: float64, error: cannot convert the series to <class 'float'>
Skipped taking the float value from [8.50918961 8.4091835  5.65177631 ... 6.69819546 6.05749607
 6.63505363], error: only length-1 arrays can be converted to Python scalars
At this point, we cannot create a float from [2.02282715 2.02285711 2.02288707 ... 2.0317258  2.03175576
 2.03178573], error: only length-1 arrays can be converted to Python scalars
At this point, we cannot create a float from [0.17752248 0.18026496 0.18300744 ... 0.99203835 0.99478083
 0.99752331], error: only length-1 arrays can be converted to Python scalars
At this point, we cannot create a float from [ 1.984375    2.27779085  2.5712067  ... 89.12888181 89.42229765
 89.7157135 ], error: only length-1 arrays can be converted to Python scalars
At this point, we cannot create a float from [   9.41994953   16.09831866   22.77668779 ... 1992.89558108
 1999.57395021 2006.25231934], error: only length-1 arrays can be converted to Python scalars
At this point, we cannot create a float from [ 46.70072556  47.88525623  49.0697869  ... 398.50633538
 399.69086606 400.87539673], error: only length-1 arrays can be converted to Python scalars
Skipped taking the float value from [ -9.4720993   -9.56736183  -9.67631912 ... -26.78403664
 -31.11421776 -38.09467697], error: only length-1 arrays can be converted to Python scalars
