000 (2575888.000.000) 2025-07-30 22:17:05 Job submitted from host: <145.107.7.246:9618?addrs=145.107.7.246-9618+[2a07-8500-120-e070--3f6]-9618&alias=taai-007.nikhef.nl&noUDP&sock=schedd_2614_90a7>
    DAG Node: run_j
...
001 (2575888.000.000) 2025-07-30 22:17:14 Job executing on host: <145.107.4.155:9618?addrs=145.107.4.155-9618+[2a07-8500-120-e070--9b]-9618&alias=wn-knek-012.nikhef.nl&noUDP&sock=startd_1958_9a86>
	SlotName: slot1_1@wn-knek-012.nikhef.nl
	CondorScratchDir = "/scratch/condor_execute/dir_2421153"
	Cpus = 64
	Disk = 16779836
	GPUs = 0
	Memory = 16384
...
006 (2575888.000.000) 2025-07-30 22:17:28 Image size of job updated: 160252
	157  -  MemoryUsage of job (MB)
	160252  -  ResidentSetSize of job (KB)
...
006 (2575888.000.000) 2025-07-30 22:22:28 Image size of job updated: 1531432
	1496  -  MemoryUsage of job (MB)
	1531432  -  ResidentSetSize of job (KB)
...
006 (2575888.000.000) 2025-07-30 22:27:28 Image size of job updated: 1568772
	1533  -  MemoryUsage of job (MB)
	1568772  -  ResidentSetSize of job (KB)
...
006 (2575888.000.000) 2025-07-30 22:32:29 Image size of job updated: 1590056
	1553  -  MemoryUsage of job (MB)
	1590056  -  ResidentSetSize of job (KB)
...
006 (2575888.000.000) 2025-07-30 22:37:30 Image size of job updated: 1602920
	1566  -  MemoryUsage of job (MB)
	1602920  -  ResidentSetSize of job (KB)
...
006 (2575888.000.000) 2025-07-30 22:42:30 Image size of job updated: 1614188
	1577  -  MemoryUsage of job (MB)
	1614188  -  ResidentSetSize of job (KB)
...
006 (2575888.000.000) 2025-07-30 22:47:30 Image size of job updated: 1622460
	1585  -  MemoryUsage of job (MB)
	1622460  -  ResidentSetSize of job (KB)
...
006 (2575888.000.000) 2025-07-30 22:52:31 Image size of job updated: 1629812
	1592  -  MemoryUsage of job (MB)
	1629812  -  ResidentSetSize of job (KB)
...
006 (2575888.000.000) 2025-07-30 22:57:31 Image size of job updated: 1636268
	1598  -  MemoryUsage of job (MB)
	1636268  -  ResidentSetSize of job (KB)
...
006 (2575888.000.000) 2025-07-30 23:02:31 Image size of job updated: 1641804
	1604  -  MemoryUsage of job (MB)
	1641804  -  ResidentSetSize of job (KB)
...
006 (2575888.000.000) 2025-07-30 23:07:32 Image size of job updated: 1658460
	1620  -  MemoryUsage of job (MB)
	1658460  -  ResidentSetSize of job (KB)
...
006 (2575888.000.000) 2025-07-30 23:12:33 Image size of job updated: 1665564
	1627  -  MemoryUsage of job (MB)
	1665564  -  ResidentSetSize of job (KB)
...
006 (2575888.000.000) 2025-07-30 23:17:33 Image size of job updated: 1669788
	1631  -  MemoryUsage of job (MB)
	1669788  -  ResidentSetSize of job (KB)
...
006 (2575888.000.000) 2025-07-30 23:22:33 Image size of job updated: 2063432
	2016  -  MemoryUsage of job (MB)
	2063432  -  ResidentSetSize of job (KB)
...
006 (2575888.000.000) 2025-07-30 23:27:34 Image size of job updated: 2066564
	2019  -  MemoryUsage of job (MB)
	2066564  -  ResidentSetSize of job (KB)
...
006 (2575888.000.000) 2025-07-30 23:32:35 Image size of job updated: 2070308
	2022  -  MemoryUsage of job (MB)
	2070308  -  ResidentSetSize of job (KB)
...
006 (2575888.000.000) 2025-07-30 23:37:35 Image size of job updated: 2073876
	2026  -  MemoryUsage of job (MB)
	2073876  -  ResidentSetSize of job (KB)
...
006 (2575888.000.000) 2025-07-30 23:42:35 Image size of job updated: 2076672
	2028  -  MemoryUsage of job (MB)
	2076672  -  ResidentSetSize of job (KB)
...
006 (2575888.000.000) 2025-07-30 23:47:36 Image size of job updated: 2081088
	2033  -  MemoryUsage of job (MB)
	2081088  -  ResidentSetSize of job (KB)
...
006 (2575888.000.000) 2025-07-30 23:52:36 Image size of job updated: 2083508
	2035  -  MemoryUsage of job (MB)
	2083508  -  ResidentSetSize of job (KB)
...
006 (2575888.000.000) 2025-07-30 23:57:36 Image size of job updated: 2087828
	2039  -  MemoryUsage of job (MB)
	2087828  -  ResidentSetSize of job (KB)
...
006 (2575888.000.000) 2025-07-31 00:02:37 Image size of job updated: 2090060
	2042  -  MemoryUsage of job (MB)
	2090060  -  ResidentSetSize of job (KB)
...
006 (2575888.000.000) 2025-07-31 00:07:38 Image size of job updated: 2093892
	2045  -  MemoryUsage of job (MB)
	2093892  -  ResidentSetSize of job (KB)
...
006 (2575888.000.000) 2025-07-31 00:12:38 Image size of job updated: 2096008
	2047  -  MemoryUsage of job (MB)
	2096008  -  ResidentSetSize of job (KB)
...
006 (2575888.000.000) 2025-07-31 00:17:38 Image size of job updated: 2098148
	2049  -  MemoryUsage of job (MB)
	2098148  -  ResidentSetSize of job (KB)
...
006 (2575888.000.000) 2025-07-31 00:22:39 Image size of job updated: 2162864
	2113  -  MemoryUsage of job (MB)
	2162864  -  ResidentSetSize of job (KB)
...
006 (2575888.000.000) 2025-07-31 00:27:40 Image size of job updated: 2164308
	2114  -  MemoryUsage of job (MB)
	2164308  -  ResidentSetSize of job (KB)
...
006 (2575888.000.000) 2025-07-31 00:32:40 Image size of job updated: 2167888
	2118  -  MemoryUsage of job (MB)
	2167888  -  ResidentSetSize of job (KB)
...
006 (2575888.000.000) 2025-07-31 00:37:41 Image size of job updated: 2169204
	2119  -  MemoryUsage of job (MB)
	2169204  -  ResidentSetSize of job (KB)
...
006 (2575888.000.000) 2025-07-31 00:42:42 Image size of job updated: 2172180
	2122  -  MemoryUsage of job (MB)
	2172180  -  ResidentSetSize of job (KB)
...
006 (2575888.000.000) 2025-07-31 00:47:42 Image size of job updated: 2173456
	2123  -  MemoryUsage of job (MB)
	2173456  -  ResidentSetSize of job (KB)
...
006 (2575888.000.000) 2025-07-31 00:52:42 Image size of job updated: 2175676
	2125  -  MemoryUsage of job (MB)
	2175676  -  ResidentSetSize of job (KB)
...
006 (2575888.000.000) 2025-07-31 00:57:43 Image size of job updated: 2177884
	2127  -  MemoryUsage of job (MB)
	2177884  -  ResidentSetSize of job (KB)
...
006 (2575888.000.000) 2025-07-31 01:02:44 Image size of job updated: 2179240
	2129  -  MemoryUsage of job (MB)
	2179240  -  ResidentSetSize of job (KB)
...
006 (2575888.000.000) 2025-07-31 01:07:44 Image size of job updated: 2181476
	2131  -  MemoryUsage of job (MB)
	2181476  -  ResidentSetSize of job (KB)
...
006 (2575888.000.000) 2025-07-31 01:12:44 Image size of job updated: 2182508
	2132  -  MemoryUsage of job (MB)
	2182508  -  ResidentSetSize of job (KB)
...
006 (2575888.000.000) 2025-07-31 01:17:45 Image size of job updated: 2184588
	2134  -  MemoryUsage of job (MB)
	2184588  -  ResidentSetSize of job (KB)
...
006 (2575888.000.000) 2025-07-31 01:22:46 Image size of job updated: 2243692
	2144  -  MemoryUsage of job (MB)
	2194684  -  ResidentSetSize of job (KB)
...
006 (2575888.000.000) 2025-07-31 01:27:46 Image size of job updated: 2243692
	2146  -  MemoryUsage of job (MB)
	2196592  -  ResidentSetSize of job (KB)
...
006 (2575888.000.000) 2025-07-31 01:32:47 Image size of job updated: 2243692
	2147  -  MemoryUsage of job (MB)
	2198332  -  ResidentSetSize of job (KB)
...
006 (2575888.000.000) 2025-07-31 01:37:48 Image size of job updated: 2243692
	2148  -  MemoryUsage of job (MB)
	2199188  -  ResidentSetSize of job (KB)
...
006 (2575888.000.000) 2025-07-31 01:42:48 Image size of job updated: 2243692
	2150  -  MemoryUsage of job (MB)
	2201012  -  ResidentSetSize of job (KB)
...
006 (2575888.000.000) 2025-07-31 01:47:48 Image size of job updated: 2243692
	2151  -  MemoryUsage of job (MB)
	2201816  -  ResidentSetSize of job (KB)
...
006 (2575888.000.000) 2025-07-31 01:52:49 Image size of job updated: 2243692
	2152  -  MemoryUsage of job (MB)
	2203568  -  ResidentSetSize of job (KB)
...
006 (2575888.000.000) 2025-07-31 01:57:50 Image size of job updated: 2243692
	2153  -  MemoryUsage of job (MB)
	2204388  -  ResidentSetSize of job (KB)
...
006 (2575888.000.000) 2025-07-31 02:02:50 Image size of job updated: 2243692
	2154  -  MemoryUsage of job (MB)
	2205108  -  ResidentSetSize of job (KB)
...
006 (2575888.000.000) 2025-07-31 02:07:50 Image size of job updated: 2243692
	2156  -  MemoryUsage of job (MB)
	2206840  -  ResidentSetSize of job (KB)
...
006 (2575888.000.000) 2025-07-31 02:12:51 Image size of job updated: 2243692
	2156  -  MemoryUsage of job (MB)
	2207468  -  ResidentSetSize of job (KB)
...
006 (2575888.000.000) 2025-07-31 02:17:52 Image size of job updated: 2243692
	2158  -  MemoryUsage of job (MB)
	2209088  -  ResidentSetSize of job (KB)
...
006 (2575888.000.000) 2025-07-31 02:22:52 Image size of job updated: 2326524
	2185  -  MemoryUsage of job (MB)
	2237112  -  ResidentSetSize of job (KB)
...
006 (2575888.000.000) 2025-07-31 02:27:52 Image size of job updated: 2326524
	2187  -  MemoryUsage of job (MB)
	2238744  -  ResidentSetSize of job (KB)
...
006 (2575888.000.000) 2025-07-31 02:32:53 Image size of job updated: 2326524
	2187  -  MemoryUsage of job (MB)
	2239460  -  ResidentSetSize of job (KB)
...
006 (2575888.000.000) 2025-07-31 02:37:53 Image size of job updated: 2326524
	2189  -  MemoryUsage of job (MB)
	2241000  -  ResidentSetSize of job (KB)
...
006 (2575888.000.000) 2025-07-31 02:42:53 Image size of job updated: 2326524
	2190  -  MemoryUsage of job (MB)
	2241652  -  ResidentSetSize of job (KB)
...
006 (2575888.000.000) 2025-07-31 02:47:54 Image size of job updated: 2326524
	2191  -  MemoryUsage of job (MB)
	2243032  -  ResidentSetSize of job (KB)
...
006 (2575888.000.000) 2025-07-31 02:52:55 Image size of job updated: 2326524
	2192  -  MemoryUsage of job (MB)
	2244588  -  ResidentSetSize of job (KB)
...
006 (2575888.000.000) 2025-07-31 02:57:55 Image size of job updated: 2326524
	2195  -  MemoryUsage of job (MB)
	2246828  -  ResidentSetSize of job (KB)
...
006 (2575888.000.000) 2025-07-31 03:02:55 Image size of job updated: 2326524
	2197  -  MemoryUsage of job (MB)
	2249308  -  ResidentSetSize of job (KB)
...
006 (2575888.000.000) 2025-07-31 03:05:22 Image size of job updated: 2397708
	2197  -  MemoryUsage of job (MB)
	2249308  -  ResidentSetSize of job (KB)
...
005 (2575888.000.000) 2025-07-31 03:05:22 Job terminated.
	(1) Normal termination (return value 0)
		Usr 8 08:24:18, Sys 0 00:02:25  -  Run Remote Usage
		Usr 0 00:00:00, Sys 0 00:00:00  -  Run Local Usage
		Usr 8 08:24:18, Sys 0 00:02:25  -  Total Remote Usage
		Usr 0 00:00:00, Sys 0 00:00:00  -  Total Local Usage
	0  -  Run Bytes Sent By Job
	0  -  Run Bytes Received By Job
	0  -  Total Bytes Sent By Job
	0  -  Total Bytes Received By Job
	Partitionable Resources :    Usage  Request Allocated 
	   Cpus                 :     2.51       64        64 
	   Disk (KB)            : 17500    16777216  16779836 
	   GPUs                 :                           0 
	   Memory (MB)          :  2197       16384     16384 
	   TimeExecute (s)      : 17288                       
	   TimeSlotBusy (s)     : 17288                       

	Job terminated of its own accord at 2025-07-31T01:05:22Z with exit-code 0.
...
