000 (2587881.000.000) 2025-08-06 10:21:28 Job submitted from host: <145.107.7.246:9618?addrs=145.107.7.246-9618+[2a07-8500-120-e070--3f6]-9618&alias=taai-007.nikhef.nl&noUDP&sock=schedd_2614_90a7>
...
001 (2587881.000.000) 2025-08-06 10:24:38 Job executing on host: <145.107.4.163:9618?addrs=145.107.4.163-9618+[2a07-8500-120-e070--a3]-9618&alias=wn-pijl-002.nikhef.nl&noUDP&sock=startd_4326_daca>
	SlotName: slot1_2@wn-pijl-002.nikhef.nl
	AvailableGPUs = { GPUs_GPU_9ac85904_bd86_56e5_9296_f45f0116f69c }
	CondorScratchDir = "/scratch/condor_execute/dir_1431677"
	Cpus = 1
	Disk = 16790353
	GPUs = 1
	GPUs_GPU_9ac85904_bd86_56e5_9296_f45f0116f69c = [ Id = "GPU-9ac85904-bd86-56e5-9296-f45f0116f69c"; ClockMhz = 2520.0; Capability = 8.9; CoresPerCU = 128; DeviceName = "NVIDIA L40S"; DeviceUuid = "9ac85904-bd86-56e5-9296-f45f0116f69c"; ECCEnabled = true; ComputeUnits = 142; NvidiaDriver = "570.124.06"; DriverVersion = 12.8; DevicePciBusId = "0000:02:00.0"; GlobalMemoryMb = 45468; MaxSupportedVersion = 12080 ]
	Memory = 16384
...
006 (2587881.000.000) 2025-08-06 10:24:52 Image size of job updated: 675808
	660  -  MemoryUsage of job (MB)
	675808  -  ResidentSetSize of job (KB)
...
006 (2587881.000.000) 2025-08-06 10:29:52 Image size of job updated: 685292
	668  -  MemoryUsage of job (MB)
	683820  -  ResidentSetSize of job (KB)
...
006 (2587881.000.000) 2025-08-06 10:32:12 Image size of job updated: 3110912
	668  -  MemoryUsage of job (MB)
	683820  -  ResidentSetSize of job (KB)
...
005 (2587881.000.000) 2025-08-06 10:32:12 Job terminated.
	(1) Normal termination (return value 0)
		Usr 0 00:07:40, Sys 0 00:00:24  -  Run Remote Usage
		Usr 0 00:00:00, Sys 0 00:00:00  -  Run Local Usage
		Usr 0 00:07:40, Sys 0 00:00:24  -  Total Remote Usage
		Usr 0 00:00:00, Sys 0 00:00:00  -  Total Local Usage
	0  -  Run Bytes Sent By Job
	0  -  Run Bytes Received By Job
	0  -  Total Bytes Sent By Job
	0  -  Total Bytes Received By Job
	Partitionable Resources :    Usage  Request Allocated Assigned
	   Cpus                 :     1.08        1         1 
	   Disk (KB)            : 17500    16777216  16790353 
	   GPUs                 :     0.07        1         1 "GPU-9ac85904-bd86-56e5-9296-f45f0116f69c"
	   GpusMemory (MB)      : 35158                       
	   Memory (MB)          :   668       16384     16384 
	   TimeExecute (s)      :   454                       
	   TimeSlotBusy (s)     :   454                       

	Job terminated of its own accord at 2025-08-06T08:32:12Z with exit-code 0.
...
000 (2587971.000.000) 2025-08-06 13:58:32 Job submitted from host: <145.107.7.246:9618?addrs=145.107.7.246-9618+[2a07-8500-120-e070--3f6]-9618&alias=taai-007.nikhef.nl&noUDP&sock=schedd_2614_90a7>
...
001 (2587971.000.000) 2025-08-06 14:09:41 Job executing on host: <145.107.4.163:9618?addrs=145.107.4.163-9618+[2a07-8500-120-e070--a3]-9618&alias=wn-pijl-002.nikhef.nl&noUDP&sock=startd_4326_daca>
	SlotName: slot1_2@wn-pijl-002.nikhef.nl
	AvailableGPUs = { GPUs_GPU_9ac85904_bd86_56e5_9296_f45f0116f69c }
	CondorScratchDir = "/scratch/condor_execute/dir_1566835"
	Cpus = 1
	Disk = 16790353
	GPUs = 1
	GPUs_GPU_9ac85904_bd86_56e5_9296_f45f0116f69c = [ Id = "GPU-9ac85904-bd86-56e5-9296-f45f0116f69c"; ClockMhz = 2520.0; Capability = 8.9; CoresPerCU = 128; DeviceName = "NVIDIA L40S"; DeviceUuid = "9ac85904-bd86-56e5-9296-f45f0116f69c"; ECCEnabled = true; ComputeUnits = 142; NvidiaDriver = "570.124.06"; DriverVersion = 12.8; DevicePciBusId = "0000:02:00.0"; GlobalMemoryMb = 45468; MaxSupportedVersion = 12080 ]
	Memory = 16384
...
006 (2587971.000.000) 2025-08-06 14:09:55 Image size of job updated: 682804
	667  -  MemoryUsage of job (MB)
	682804  -  ResidentSetSize of job (KB)
...
006 (2587971.000.000) 2025-08-06 14:14:55 Image size of job updated: 692380
	675  -  MemoryUsage of job (MB)
	691128  -  ResidentSetSize of job (KB)
...
006 (2587971.000.000) 2025-08-06 14:19:56 Image size of job updated: 3651852
	3567  -  MemoryUsage of job (MB)
	3651852  -  ResidentSetSize of job (KB)
...
006 (2587971.000.000) 2025-08-06 14:24:57 Image size of job updated: 4386348
	4284  -  MemoryUsage of job (MB)
	4386348  -  ResidentSetSize of job (KB)
...
006 (2587971.000.000) 2025-08-06 14:29:57 Image size of job updated: 5137876
	5018  -  MemoryUsage of job (MB)
	5137876  -  ResidentSetSize of job (KB)
...
006 (2587971.000.000) 2025-08-06 14:30:43 Image size of job updated: 5241816
	5018  -  MemoryUsage of job (MB)
	5137876  -  ResidentSetSize of job (KB)
...
005 (2587971.000.000) 2025-08-06 14:30:43 Job terminated.
	(1) Normal termination (return value 0)
		Usr 0 00:21:27, Sys 0 00:01:29  -  Run Remote Usage
		Usr 0 00:00:00, Sys 0 00:00:00  -  Run Local Usage
		Usr 0 00:21:27, Sys 0 00:01:29  -  Total Remote Usage
		Usr 0 00:00:00, Sys 0 00:00:00  -  Total Local Usage
	0  -  Run Bytes Sent By Job
	0  -  Run Bytes Received By Job
	0  -  Total Bytes Sent By Job
	0  -  Total Bytes Received By Job
	Partitionable Resources :    Usage  Request Allocated Assigned
	   Cpus                 :     1.05        1         1 
	   Disk (KB)            : 17500    16777216  16790353 
	   GPUs                 :     0.24        1         1 "GPU-9ac85904-bd86-56e5-9296-f45f0116f69c"
	   GpusMemory (MB)      : 35162                       
	   Memory (MB)          :  5018       16384     16384 
	   TimeExecute (s)      :  1262                       
	   TimeSlotBusy (s)     :  1262                       

	Job terminated of its own accord at 2025-08-06T12:30:43Z with exit-code 0.
...
000 (2588080.000.000) 2025-08-06 18:18:33 Job submitted from host: <145.107.7.246:9618?addrs=145.107.7.246-9618+[2a07-8500-120-e070--3f6]-9618&alias=taai-007.nikhef.nl&noUDP&sock=schedd_2614_90a7>
...
001 (2588080.000.000) 2025-08-06 18:21:44 Job executing on host: <145.107.4.168:9618?addrs=145.107.4.168-9618+[2a07-8500-120-e070--a8]-9618&alias=wn-pijl-007.nikhef.nl&noUDP&sock=startd_4419_a519>
	SlotName: slot1_1@wn-pijl-007.nikhef.nl
	AvailableGPUs = { GPUs_GPU_8c0d809c_ed79_0f52_3d17_0196dc9a25a7 }
	CondorScratchDir = "/scratch/condor_execute/dir_12080"
	Cpus = 1
	Disk = 16790397
	GPUs = 1
	GPUs_GPU_8c0d809c_ed79_0f52_3d17_0196dc9a25a7 = [ Id = "GPU-8c0d809c-ed79-0f52-3d17-0196dc9a25a7"; ClockMhz = 2520.0; Capability = 8.9; CoresPerCU = 128; DeviceName = "NVIDIA L40S"; DeviceUuid = "8c0d809c-ed79-0f52-3d17-0196dc9a25a7"; ECCEnabled = true; ComputeUnits = 142; NvidiaDriver = "570.124.06"; DriverVersion = 12.8; DevicePciBusId = "0000:01:00.0"; GlobalMemoryMb = 45468; MaxSupportedVersion = 12080 ]
	Memory = 16384
...
006 (2588080.000.000) 2025-08-06 18:21:58 Image size of job updated: 681252
	666  -  MemoryUsage of job (MB)
	681252  -  ResidentSetSize of job (KB)
...
006 (2588080.000.000) 2025-08-06 18:26:58 Image size of job updated: 690760
	674  -  MemoryUsage of job (MB)
	689220  -  ResidentSetSize of job (KB)
...
006 (2588080.000.000) 2025-08-06 18:30:52 Image size of job updated: 3669796
	674  -  MemoryUsage of job (MB)
	689220  -  ResidentSetSize of job (KB)
...
005 (2588080.000.000) 2025-08-06 18:30:52 Job terminated.
	(1) Normal termination (return value 0)
		Usr 0 00:09:09, Sys 0 00:00:46  -  Run Remote Usage
		Usr 0 00:00:00, Sys 0 00:00:00  -  Run Local Usage
		Usr 0 00:09:09, Sys 0 00:00:46  -  Total Remote Usage
		Usr 0 00:00:00, Sys 0 00:00:00  -  Total Local Usage
	0  -  Run Bytes Sent By Job
	0  -  Run Bytes Received By Job
	0  -  Total Bytes Sent By Job
	0  -  Total Bytes Received By Job
	Partitionable Resources :    Usage  Request Allocated Assigned
	   Cpus                 :     1.12        1         1 
	   Disk (KB)            : 17500    16777216  16790397 
	   GPUs                 :     0.01        1         1 "GPU-8c0d809c-ed79-0f52-3d17-0196dc9a25a7"
	   GpusMemory (MB)      : 35156                       
	   Memory (MB)          :   674       16384     16384 
	   TimeExecute (s)      :   548                       
	   TimeSlotBusy (s)     :   548                       

	Job terminated of its own accord at 2025-08-06T16:30:52Z with exit-code 0.
...
