NFDist has source_type = bns
self.parameters_ref
{'chirp_mass': 1.1975896, 'symmetric_mass_ratio': 0.2461001, 'a_1': 0.01890608, 'a_2': 0.04888488, 'tilt_1': 0.0, 'tilt_2': 0.0, 'phi_jl': 0.0, 'phi_12': 0.0, 'lambda_1': 100.0, 'lambda_2': 200.0, 'luminosity_distance': 40.06331818, 'phase': 5.88649652, 'theta_jn': 1.93095421, 'psi': 1.59687217, 'ra': 3.39736826, 'dec': -0.34000186, 'mass_ratio': 0.7779384106788951, 'mass_1': 1.5621553813557303, 'mass_2': 1.2152606746053602, 'geocent_time': 1187008882.43, 'duration': 128.0}
3877it [0:00:49 bound:4 nc:704 ncall:1.3e+05 eff:3.1% logz-ratio=-5.96+/-0.06 dlogz:48.795>0.1]
4313it [0:01:55 bound:11 nc:1534 ncall:4.4e+05 eff:1.0% logz-ratio=-5.02+/-0.06 dlogz:47.428>0.1]
4755it [0:02:59 bound:18 nc:795 ncall:7.4e+05 eff:0.6% logz-ratio=-4.25+/-0.06 dlogz:46.229>0.1]
5127it [0:04:01 bound:24 nc:821 ncall:1.0e+06 eff:0.5% logz-ratio=-3.67+/-0.06 dlogz:45.283>0.1]
5500it [0:05:04 bound:30 nc:668 ncall:1.3e+06 eff:0.4% logz-ratio=-3.10+/-0.06 dlogz:44.348>0.1]
5872it [0:06:08 bound:36 nc:1845 ncall:1.6e+06 eff:0.4% logz-ratio=-2.56+/-0.07 dlogz:122.647>0.1]
6239it [0:07:11 bound:42 nc:1403 ncall:1.8e+06 eff:0.3% logz-ratio=-2.02+/-0.07 dlogz:121.751>0.1]
6607it [0:08:18 bound:48 nc:754 ncall:2.1e+06 eff:0.3% logz-ratio=-1.42+/-0.07 dlogz:233.223>0.1]
6982it [0:09:26 bound:54 nc:611 ncall:2.4e+06 eff:0.3% logz-ratio=-0.74+/-0.08 dlogz:232.172>0.1]
7353it [0:10:39 bound:60 nc:1044 ncall:2.7e+06 eff:0.3% logz-ratio=0.15+/-0.08 dlogz:230.924>0.1]
7665it [0:11:40 bound:65 nc:817 ncall:3.0e+06 eff:0.3% logz-ratio=1.17+/-0.08 dlogz:229.596>0.1]
7976it [0:12:40 bound:70 nc:542 ncall:3.3e+06 eff:0.2% logz-ratio=2.60+/-0.09 dlogz:227.871>0.1]
8286it [0:13:42 bound:75 nc:1074 ncall:3.6e+06 eff:0.2% logz-ratio=4.75+/-0.09 dlogz:225.416>0.1]
8592it [0:14:48 bound:80 nc:876 ncall:3.9e+06 eff:0.2% logz-ratio=7.59+/-0.10 dlogz:222.284>0.1]
8905it [0:15:53 bound:85 nc:1818 ncall:4.2e+06 eff:0.2% logz-ratio=10.63+/-0.10 dlogz:218.930>0.1]
9215it [0:17:00 bound:90 nc:1058 ncall:4.5e+06 eff:0.2% logz-ratio=14.06+/-0.10 dlogz:256.048>0.1]
9523it [0:18:06 bound:95 nc:950 ncall:4.8e+06 eff:0.2% logz-ratio=18.13+/-0.10 dlogz:324.017>0.1]
9836it [0:19:16 bound:100 nc:818 ncall:5.1e+06 eff:0.2% logz-ratio=22.88+/-0.10 dlogz:318.961>0.1]
10144it [0:20:26 bound:105 nc:1236 ncall:5.4e+06 eff:0.2% logz-ratio=28.40+/-0.11 dlogz:313.139>0.1]
10456it [0:21:36 bound:110 nc:742 ncall:5.7e+06 eff:0.2% logz-ratio=34.83+/-0.11 dlogz:306.405>0.1]
10766it [0:22:49 bound:115 nc:1065 ncall:6.0e+06 eff:0.2% logz-ratio=42.21+/-0.11 dlogz:298.728>0.1]
11072it [0:24:01 bound:120 nc:721 ncall:6.3e+06 eff:0.2% logz-ratio=50.52+/-0.11 dlogz:290.122>0.1]
11384it [0:25:10 bound:125 nc:833 ncall:6.7e+06 eff:0.2% logz-ratio=60.04+/-0.11 dlogz:280.302>0.1]
11692it [0:26:21 bound:130 nc:525 ncall:7.0e+06 eff:0.2% logz-ratio=70.37+/-0.12 dlogz:269.671>0.1]
11994it [0:27:35 bound:135 nc:647 ncall:7.3e+06 eff:0.2% logz-ratio=80.16+/-0.12 dlogz:278.430>0.1]
12240it [0:28:38 bound:139 nc:1674 ncall:7.6e+06 eff:0.2% logz-ratio=89.59+/-0.12 dlogz:268.767>0.1]
12546it [0:29:50 bound:144 nc:869 ncall:7.9e+06 eff:0.2% logz-ratio=101.80+/-0.12 dlogz:306.168>0.1]
12858it [0:31:04 bound:149 nc:1010 ncall:8.2e+06 eff:0.2% logz-ratio=114.64+/-0.12 dlogz:293.029>0.1]
13166it [0:32:20 bound:154 nc:1332 ncall:8.5e+06 eff:0.2% logz-ratio=127.67+/-0.12 dlogz:314.372>0.1]
13411it [0:33:23 bound:158 nc:1013 ncall:8.8e+06 eff:0.2% logz-ratio=138.23+/-0.12 dlogz:303.593>0.1]
13664it [0:34:26 bound:162 nc:1218 ncall:9.0e+06 eff:0.2% logz-ratio=151.01+/-0.13 dlogz:290.564>0.1]
13916it [0:35:29 bound:166 nc:1082 ncall:9.3e+06 eff:0.1% logz-ratio=160.76+/-0.13 dlogz:280.544>0.1]
14164it [0:36:31 bound:170 nc:1671 ncall:9.6e+06 eff:0.1% logz-ratio=171.96+/-0.13 dlogz:269.113>0.1]
14473it [0:37:46 bound:175 nc:1054 ncall:9.9e+06 eff:0.1% logz-ratio=186.19+/-0.13 dlogz:254.586>0.1]
14722it [0:38:47 bound:179 nc:1498 ncall:1.0e+07 eff:0.1% logz-ratio=198.89+/-0.13 dlogz:241.648>0.1]
15032it [0:40:05 bound:184 nc:1001 ncall:1.1e+07 eff:0.1% logz-ratio=213.81+/-0.13 dlogz:239.442>0.1]
15280it [0:41:06 bound:188 nc:1335 ncall:1.1e+07 eff:0.1% logz-ratio=227.01+/-0.13 dlogz:226.008>0.1]
15534it [0:42:06 bound:192 nc:902 ncall:1.1e+07 eff:0.1% logz-ratio=239.19+/-0.13 dlogz:254.818>0.1]
15844it [0:43:19 bound:197 nc:676 ncall:1.1e+07 eff:0.1% logz-ratio=255.30+/-0.13 dlogz:238.397>0.1]
16151it [0:44:33 bound:202 nc:1282 ncall:1.2e+07 eff:0.1% logz-ratio=269.12+/-0.13 dlogz:224.277>0.1]
16465it [0:45:46 bound:207 nc:1109 ncall:1.2e+07 eff:0.1% logz-ratio=283.40+/-0.14 dlogz:209.686>0.1]
16718it [0:46:47 bound:211 nc:566 ncall:1.2e+07 eff:0.1% logz-ratio=297.02+/-0.14 dlogz:195.813>0.1]
17032it [0:48:02 bound:216 nc:918 ncall:1.3e+07 eff:0.1% logz-ratio=310.79+/-0.14 dlogz:181.742>0.1]
17285it [0:49:04 bound:220 nc:1209 ncall:1.3e+07 eff:0.1% logz-ratio=321.59+/-0.14 dlogz:170.687>0.1]
17536it [0:50:06 bound:224 nc:1400 ncall:1.3e+07 eff:0.1% logz-ratio=332.02+/-0.14 dlogz:160.008>0.1]
17788it [0:51:08 bound:228 nc:728 ncall:1.3e+07 eff:0.1% logz-ratio=341.12+/-0.14 dlogz:150.665>0.1]
18032it [0:52:10 bound:232 nc:1498 ncall:1.4e+07 eff:0.1% logz-ratio=349.87+/-0.14 dlogz:141.679>0.1]
18279it [0:53:10 bound:236 nc:873 ncall:1.4e+07 eff:0.1% logz-ratio=358.49+/-0.14 dlogz:132.810>0.1]
18529it [0:54:18 bound:240 nc:1119 ncall:1.4e+07 eff:0.1% logz-ratio=366.59+/-0.14 dlogz:128.272>0.1]
18780it [0:55:25 bound:244 nc:1502 ncall:1.5e+07 eff:0.1% logz-ratio=376.02+/-0.14 dlogz:118.590>0.1]
19027it [0:56:27 bound:248 nc:1188 ncall:1.5e+07 eff:0.1% logz-ratio=385.09+/-0.14 dlogz:109.269>0.1]
19277it [0:57:29 bound:252 nc:594 ncall:1.5e+07 eff:0.1% logz-ratio=393.90+/-0.14 dlogz:112.543>0.1]
19530it [0:58:34 bound:256 nc:1417 ncall:1.6e+07 eff:0.1% logz-ratio=401.86+/-0.14 dlogz:111.098>0.1]
19781it [0:59:40 bound:260 nc:1508 ncall:1.6e+07 eff:0.1% logz-ratio=408.71+/-0.15 dlogz:108.337>0.1]
20029it [1:00:55 bound:264 nc:1369 ncall:1.6e+07 eff:0.1% logz-ratio=415.40+/-0.15 dlogz:101.398>0.1]
20277it [1:01:57 bound:268 nc:1380 ncall:1.7e+07 eff:0.1% logz-ratio=422.32+/-0.15 dlogz:94.247>0.1]
20527it [1:03:03 bound:272 nc:2141 ncall:1.7e+07 eff:0.1% logz-ratio=428.77+/-0.15 dlogz:89.305>0.1]
20776it [1:04:10 bound:276 nc:985 ncall:1.7e+07 eff:0.1% logz-ratio=433.86+/-0.15 dlogz:83.967>0.1]
21026it [1:05:15 bound:280 nc:665 ncall:1.8e+07 eff:0.1% logz-ratio=439.84+/-0.15 dlogz:77.744>0.1]
