000 (2541198.000.000) 2025-07-23 18:16:01 Job submitted from host: <145.107.7.246:9618?addrs=145.107.7.246-9618+[2a07-8500-120-e070--3f6]-9618&alias=taai-007.nikhef.nl&noUDP&sock=schedd_2614_90a7>
    DAG Node: run_a
...
001 (2541198.000.000) 2025-07-23 18:16:20 Job executing on host: <145.107.5.53:9618?addrs=145.107.5.53-9618+[2a07-8500-120-e070--535]-9618&alias=wn-lot-053.nikhef.nl&noUDP&sock=startd_1966_1748>
	SlotName: slot1_1@wn-lot-053.nikhef.nl
	CondorScratchDir = "/scratch/condor_execute/dir_1554754"
	Cpus = 64
	Disk = 16780531
	GPUs = 0
	Memory = 16384
...
006 (2541198.000.000) 2025-07-23 18:16:34 Image size of job updated: 260624
	255  -  MemoryUsage of job (MB)
	260624  -  ResidentSetSize of job (KB)
...
006 (2541198.000.000) 2025-07-23 18:21:35 Image size of job updated: 1577208
	1541  -  MemoryUsage of job (MB)
	1577208  -  ResidentSetSize of job (KB)
...
006 (2541198.000.000) 2025-07-23 18:26:35 Image size of job updated: 1585900
	1549  -  MemoryUsage of job (MB)
	1585900  -  ResidentSetSize of job (KB)
...
006 (2541198.000.000) 2025-07-23 18:31:35 Image size of job updated: 1590128
	1553  -  MemoryUsage of job (MB)
	1590128  -  ResidentSetSize of job (KB)
...
006 (2541198.000.000) 2025-07-23 18:36:36 Image size of job updated: 1593160
	1556  -  MemoryUsage of job (MB)
	1593160  -  ResidentSetSize of job (KB)
...
006 (2541198.000.000) 2025-07-23 18:41:37 Image size of job updated: 1595204
	1558  -  MemoryUsage of job (MB)
	1595204  -  ResidentSetSize of job (KB)
...
006 (2541198.000.000) 2025-07-23 18:46:37 Image size of job updated: 1597028
	1560  -  MemoryUsage of job (MB)
	1597028  -  ResidentSetSize of job (KB)
...
006 (2541198.000.000) 2025-07-23 18:51:37 Image size of job updated: 1598700
	1562  -  MemoryUsage of job (MB)
	1598700  -  ResidentSetSize of job (KB)
...
006 (2541198.000.000) 2025-07-23 18:56:38 Image size of job updated: 1618240
	1581  -  MemoryUsage of job (MB)
	1618240  -  ResidentSetSize of job (KB)
...
006 (2541198.000.000) 2025-07-23 19:01:39 Image size of job updated: 1620080
	1583  -  MemoryUsage of job (MB)
	1620080  -  ResidentSetSize of job (KB)
...
006 (2541198.000.000) 2025-07-23 19:06:39 Image size of job updated: 1621696
	1584  -  MemoryUsage of job (MB)
	1621696  -  ResidentSetSize of job (KB)
...
006 (2541198.000.000) 2025-07-23 19:11:39 Image size of job updated: 1623932
	1586  -  MemoryUsage of job (MB)
	1623932  -  ResidentSetSize of job (KB)
...
006 (2541198.000.000) 2025-07-23 19:16:40 Image size of job updated: 1625216
	1588  -  MemoryUsage of job (MB)
	1625216  -  ResidentSetSize of job (KB)
...
006 (2541198.000.000) 2025-07-23 19:21:41 Image size of job updated: 2117996
	2069  -  MemoryUsage of job (MB)
	2117996  -  ResidentSetSize of job (KB)
...
006 (2541198.000.000) 2025-07-23 19:26:41 Image size of job updated: 2119148
	2070  -  MemoryUsage of job (MB)
	2119148  -  ResidentSetSize of job (KB)
...
006 (2541198.000.000) 2025-07-23 19:31:41 Image size of job updated: 2119708
	2071  -  MemoryUsage of job (MB)
	2119708  -  ResidentSetSize of job (KB)
...
006 (2541198.000.000) 2025-07-23 19:36:42 Image size of job updated: 2120732
	2072  -  MemoryUsage of job (MB)
	2120732  -  ResidentSetSize of job (KB)
...
006 (2541198.000.000) 2025-07-23 19:41:43 Image size of job updated: 2121200
	2072  -  MemoryUsage of job (MB)
	2121200  -  ResidentSetSize of job (KB)
...
006 (2541198.000.000) 2025-07-23 19:46:43 Image size of job updated: 2121588
	2072  -  MemoryUsage of job (MB)
	2121588  -  ResidentSetSize of job (KB)
...
006 (2541198.000.000) 2025-07-23 19:51:43 Image size of job updated: 2122572
	2073  -  MemoryUsage of job (MB)
	2122572  -  ResidentSetSize of job (KB)
...
006 (2541198.000.000) 2025-07-23 19:56:44 Image size of job updated: 2122992
	2074  -  MemoryUsage of job (MB)
	2122992  -  ResidentSetSize of job (KB)
...
006 (2541198.000.000) 2025-07-23 20:01:45 Image size of job updated: 2124416
	2075  -  MemoryUsage of job (MB)
	2124416  -  ResidentSetSize of job (KB)
...
006 (2541198.000.000) 2025-07-23 20:06:45 Image size of job updated: 2125284
	2076  -  MemoryUsage of job (MB)
	2125284  -  ResidentSetSize of job (KB)
...
006 (2541198.000.000) 2025-07-23 20:11:45 Image size of job updated: 2126508
	2077  -  MemoryUsage of job (MB)
	2126508  -  ResidentSetSize of job (KB)
...
006 (2541198.000.000) 2025-07-23 20:16:46 Image size of job updated: 2128328
	2079  -  MemoryUsage of job (MB)
	2128328  -  ResidentSetSize of job (KB)
...
006 (2541198.000.000) 2025-07-23 20:21:47 Image size of job updated: 2202800
	2121  -  MemoryUsage of job (MB)
	2171452  -  ResidentSetSize of job (KB)
...
006 (2541198.000.000) 2025-07-23 20:26:47 Image size of job updated: 2202800
	2122  -  MemoryUsage of job (MB)
	2172356  -  ResidentSetSize of job (KB)
...
006 (2541198.000.000) 2025-07-23 20:31:47 Image size of job updated: 2202800
	2122  -  MemoryUsage of job (MB)
	2172652  -  ResidentSetSize of job (KB)
...
006 (2541198.000.000) 2025-07-23 20:36:48 Image size of job updated: 2202800
	2122  -  MemoryUsage of job (MB)
	2172928  -  ResidentSetSize of job (KB)
...
006 (2541198.000.000) 2025-07-23 20:41:48 Image size of job updated: 2202800
	2123  -  MemoryUsage of job (MB)
	2173760  -  ResidentSetSize of job (KB)
...
006 (2541198.000.000) 2025-07-23 20:46:48 Image size of job updated: 2202800
	2124  -  MemoryUsage of job (MB)
	2174028  -  ResidentSetSize of job (KB)
...
006 (2541198.000.000) 2025-07-23 20:51:49 Image size of job updated: 2202800
	2124  -  MemoryUsage of job (MB)
	2174924  -  ResidentSetSize of job (KB)
...
006 (2541198.000.000) 2025-07-23 20:56:50 Image size of job updated: 2202800
	2125  -  MemoryUsage of job (MB)
	2175248  -  ResidentSetSize of job (KB)
...
006 (2541198.000.000) 2025-07-23 21:01:50 Image size of job updated: 2202800
	2126  -  MemoryUsage of job (MB)
	2176052  -  ResidentSetSize of job (KB)
...
006 (2541198.000.000) 2025-07-23 21:06:50 Image size of job updated: 2202800
	2126  -  MemoryUsage of job (MB)
	2176284  -  ResidentSetSize of job (KB)
...
006 (2541198.000.000) 2025-07-23 21:11:51 Image size of job updated: 2202800
	2126  -  MemoryUsage of job (MB)
	2176536  -  ResidentSetSize of job (KB)
...
006 (2541198.000.000) 2025-07-23 21:16:52 Image size of job updated: 2202800
	2127  -  MemoryUsage of job (MB)
	2177360  -  ResidentSetSize of job (KB)
...
006 (2541198.000.000) 2025-07-23 21:21:52 Image size of job updated: 2309348
	2210  -  MemoryUsage of job (MB)
	2262884  -  ResidentSetSize of job (KB)
...
006 (2541198.000.000) 2025-07-23 21:26:52 Image size of job updated: 2309348
	2211  -  MemoryUsage of job (MB)
	2263672  -  ResidentSetSize of job (KB)
...
006 (2541198.000.000) 2025-07-23 21:31:53 Image size of job updated: 2309348
	2211  -  MemoryUsage of job (MB)
	2263912  -  ResidentSetSize of job (KB)
...
006 (2541198.000.000) 2025-07-23 21:36:54 Image size of job updated: 2309348
	2212  -  MemoryUsage of job (MB)
	2264232  -  ResidentSetSize of job (KB)
...
006 (2541198.000.000) 2025-07-23 21:41:54 Image size of job updated: 2309348
	2213  -  MemoryUsage of job (MB)
	2266028  -  ResidentSetSize of job (KB)
...
006 (2541198.000.000) 2025-07-23 21:46:54 Image size of job updated: 2309348
	2214  -  MemoryUsage of job (MB)
	2266252  -  ResidentSetSize of job (KB)
...
006 (2541198.000.000) 2025-07-23 21:51:55 Image size of job updated: 2309348
	2214  -  MemoryUsage of job (MB)
	2267064  -  ResidentSetSize of job (KB)
...
006 (2541198.000.000) 2025-07-23 21:56:56 Image size of job updated: 2309348
	2215  -  MemoryUsage of job (MB)
	2267332  -  ResidentSetSize of job (KB)
...
006 (2541198.000.000) 2025-07-23 22:01:56 Image size of job updated: 2309348
	2217  -  MemoryUsage of job (MB)
	2269292  -  ResidentSetSize of job (KB)
...
006 (2541198.000.000) 2025-07-23 22:06:56 Image size of job updated: 2309348
	2217  -  MemoryUsage of job (MB)
	2270092  -  ResidentSetSize of job (KB)
...
006 (2541198.000.000) 2025-07-23 22:11:57 Image size of job updated: 2309348
	2218  -  MemoryUsage of job (MB)
	2270260  -  ResidentSetSize of job (KB)
...
006 (2541198.000.000) 2025-07-23 22:16:58 Image size of job updated: 2309348
	2218  -  MemoryUsage of job (MB)
	2271008  -  ResidentSetSize of job (KB)
...
006 (2541198.000.000) 2025-07-23 22:21:58 Image size of job updated: 2406652
	2264  -  MemoryUsage of job (MB)
	2317372  -  ResidentSetSize of job (KB)
...
006 (2541198.000.000) 2025-07-23 22:26:58 Image size of job updated: 2406652
	2264  -  MemoryUsage of job (MB)
	2317560  -  ResidentSetSize of job (KB)
...
006 (2541198.000.000) 2025-07-23 22:31:59 Image size of job updated: 2406652
	2264  -  MemoryUsage of job (MB)
	2318288  -  ResidentSetSize of job (KB)
...
005 (2541198.000.000) 2025-07-23 22:33:22 Job terminated.
	(1) Normal termination (return value 1)
		Usr 8 11:06:53, Sys 0 00:03:00  -  Run Remote Usage
		Usr 0 00:00:00, Sys 0 00:00:00  -  Run Local Usage
		Usr 8 11:06:53, Sys 0 00:03:00  -  Total Remote Usage
		Usr 0 00:00:00, Sys 0 00:00:00  -  Total Local Usage
	0  -  Run Bytes Sent By Job
	0  -  Run Bytes Received By Job
	0  -  Total Bytes Sent By Job
	0  -  Total Bytes Received By Job
	Partitionable Resources :    Usage  Request Allocated 
	   Cpus                 :     1.79       64        64 
	   Disk (KB)            : 17500    16777216  16780531 
	   GPUs                 :                           0 
	   Memory (MB)          :  2264       16384     16384 
	   TimeExecute (s)      : 15422                       
	   TimeSlotBusy (s)     : 15422                       

	Job terminated of its own accord at 2025-07-23T20:33:22Z with exit-code 1.
...
