torch: CUDA is available. Number of devices: 1
torch: Current CUDA device: 0
Training data will be loaded from: /data/gravwav/twouters/projects/eos_source_classification/eos_source_classification/data/eos/radio_chiEFT_NICER/eos_samples.npz
Training a normalizing flow for population =  GW230529 and bns sources
Before training, we built the following NF kwargs: {'n_transforms': 4, 'n_neurons': 64, 'n_blocks_per_transform': 1, 'nn_depth': 5, 'nn_block_dim': 8, 'names': ['chirp_mass', 'mass_ratio', 'lambda_1', 'lambda_2', 'luminosity_distance'], 'n_inputs': 5}
Everything for this model will be saved to ./models/GW230529/bns/radio_chiEFT_NICER
Starting training with the following parameters:
Reading the EOS data from /data/gravwav/twouters/projects/eos_source_classification/eos_source_classification/data/eos/radio_chiEFT_NICER/eos_samples.npz
Number of good samples:  0.9882
create_data is following GW_event source type: GW230529
Parsed prior bounds:
  Chirp mass: 2.02 - 2.04
  Mass ratio: 0.125 - 1.0
  Luminosity distance: 1.0 - 500.0
Loaded priors: {'chirp_mass': Uniform(minimum=2.02, maximum=2.04, name='chirp_mass', latex_label='$\\mathcal{M}$', unit=None, boundary=None), 'mass_ratio': Uniform(minimum=0.125, maximum=1.0, name='mass_ratio', latex_label='$q$', unit=None, boundary=None), 'luminosity_distance': bilby.gw.prior.UniformComovingVolume(minimum=1.0, maximum=500.0, cosmology='Planck15', name='luminosity_distance', latex_label='$D_L$', unit='Mpc', boundary=None)}
0/200000
20000/200000
40000/200000
60000/200000
80000/200000
100000/200000
120000/200000
140000/200000
160000/200000
180000/200000
Create data will save the following data:
  m1: range = [2.1044190882711216, 7.1724801085384895]
  m2: range = [0.8175007715208316, 2.3096005336112824]
  mass_ratio: range = [0.12500613479265016, 0.9999986484897918]
  lambda_1: range = [1.9466604347736711, 164.64667383936325]
  lambda_2: range = [3.141921368061551, 15850.85416568424]
  lambda_tilde: range = [3.1419670611637187, 252.1141235478906]
  delta_lambda_tilde: range = [-8.454154242779378, 64.86334339834431]
  chirp_mass_source: range = [1.8283428125034302, 2.0338031754211756]
  chirp_mass: range = [2.020000295014777, 2.039999983492858]
  luminosity_distance: range = [4.042337071802794, 499.9999030209208]
Saving to ./models/GW230529/bns/radio_chiEFT_NICER/training_data.npz:
Saving to ./models/GW230529/bns/radio_chiEFT_NICER/training_data.npz DONE
Using detector-frame chirp mass from the GW event and mass ratio (Mc_det, q) for training
Using component parameterization for lambdas (lambda_1, lambda_2)
Training samples: 160000, Validation samples: 40000
Creating the training data arrays
4D training data model for bns
Including luminosity distance in training data
np.shape(self.x)
(160000, 5)
Using MinMaxScaler to scale the input data x
Saved sklearn scaler to ./models/GW230529/bns/radio_chiEFT_NICER/scaler.gz
Going to start training for glasflow . . .
Early stopping triggered at epoch 887
Saving the training loss plot to ./models/GW230529/bns/radio_chiEFT_NICER/training_loss.pdf
Training done. Took around 93.17 minutes
Saving the model weights to ./models/GW230529/bns/radio_chiEFT_NICER/model.pt
Saving the model kwargs to ./models/GW230529/bns/radio_chiEFT_NICER/model_kwargs.json
DONE training!
