torch: CUDA is available. Number of devices: 1
torch: Current CUDA device: 0
Training data will be loaded from: /data/gravwav/twouters/projects/eos_source_classification/eos_source_classification/NFprior/../data/eos/radio_chiEFT_NICER/eos_samples.npz
Training a normalizing flow for population =  uniform and GW230529 sources
Before training, we built the following NF kwargs: {'n_transforms': 4, 'n_neurons': 64, 'n_blocks_per_transform': 1, 'nn_depth': 5, 'nn_block_dim': 8, 'names': ['chirp_mass', 'mass_ratio', 'lambda_1', 'lambda_2', 'luminosity_distance'], 'n_inputs': 5}
Everything for this model will be saved to ./models/GW230529/radio_chiEFT_NICER
Starting training with the following parameters:
Reading the EOS data from /data/gravwav/twouters/projects/eos_source_classification/eos_source_classification/NFprior/../data/eos/radio_chiEFT_NICER/eos_samples.npz
Number of good samples:  0.9882
create_data is followign GW_event source type: GW230529
Parsed prior bounds:
  Chirp mass: 2.02 - 2.04
  Mass ratio: 0.5 - 1.0
  Luminosity distance: 1.0 - 500.0
Loaded priors: {'chirp_mass': Uniform(minimum=2.02, maximum=2.04, name='chirp_mass', latex_label='$\\mathcal{M}$', unit=None, boundary=None), 'mass_ratio': Uniform(minimum=0.5, maximum=1.0, name='mass_ratio', latex_label='$q$', unit=None, boundary=None), 'luminosity_distance': bilby.gw.prior.UniformComovingVolume(minimum=1.0, maximum=500.0, cosmology='Planck15', name='luminosity_distance', latex_label='$D_L$', unit='Mpc', boundary=None)}
0/200000
20000/200000
40000/200000
60000/200000
80000/200000
100000/200000
120000/200000
140000/200000
160000/200000
180000/200000
Create data will save the following data:
  m1: range = [2.102828404063026, 3.2983807819294584]
  m2: range = [1.506501663599486, 2.3205938155315025]
  q: range = [0.5000034891250325, 0.9999976666653781]
  lambda_1: range = [2.0384437787393734, 165.20162001797158]
  lambda_2: range = [3.1282751762050203, 986.5210304622607]
  lambda_tilde: range = [3.130385717321309, 226.89427648071455]
  delta_lambda_tilde: range = [-7.246033705210927, 59.140929660447114]
  chirp_mass_source: range = [1.8283203610009597, 2.034090610896025]
  chirp_mass: range = [2.0200000947691854, 2.039999638323001]
  luminosity_distance: range = [5.043042011960354, 499.9997203730913]
Saving to ./models/GW230529/radio_chiEFT_NICER/training_data.npz:
Saving to ./models/GW230529/radio_chiEFT_NICER/training_data.npz DONE
Using detector-frame chirp mass from the GW event and mass ratio (Mc_det, q) for training
Using component parameterization for lambdas (lambda_1, lambda_2)
Training samples: 160000, Validation samples: 40000
Creating the training data arrays
4D training data model for GW230529
Including detector-frame chirp mass and luminosity distance in training data
np.shape(self.x)
(160000, 5)
Using MinMaxScaler to scale the input data x
Saved sklearn scaler to ./models/GW230529/radio_chiEFT_NICER/scaler.gz
Going to start training for glasflow . . .
Early stopping triggered at epoch 523
Saving the training loss plot to ./models/GW230529/radio_chiEFT_NICER/training_loss.pdf
Training done. Took around 50.51 minutes
Saving the model weights to ./models/GW230529/radio_chiEFT_NICER/model.pt
Saving the model kwargs to ./models/GW230529/radio_chiEFT_NICER/model_kwargs.json
DONE training!
