000 (2588971.000.000) 2025-08-08 17:10:05 Job submitted from host: <145.107.7.246:9618?addrs=145.107.7.246-9618+[2a07-8500-120-e070--3f6]-9618&alias=taai-007.nikhef.nl&noUDP&sock=schedd_2614_90a7>
    DAG Node: run_c
...
001 (2588971.000.000) 2025-08-08 17:10:27 Job executing on host: <145.107.4.154:9618?addrs=145.107.4.154-9618+[2a07-8500-120-e070--9a]-9618&alias=wn-knek-011.nikhef.nl&noUDP&sock=startd_1660_334d>
	SlotName: slot1_1@wn-knek-011.nikhef.nl
	CondorScratchDir = "/scratch/condor_execute/dir_718381"
	Cpus = 64
	Disk = 16779829
	GPUs = 0
	Memory = 16384
...
006 (2588971.000.000) 2025-08-08 17:10:40 Image size of job updated: 711020
	695  -  MemoryUsage of job (MB)
	711020  -  ResidentSetSize of job (KB)
...
006 (2588971.000.000) 2025-08-08 17:15:40 Image size of job updated: 2676000
	2614  -  MemoryUsage of job (MB)
	2676000  -  ResidentSetSize of job (KB)
...
006 (2588971.000.000) 2025-08-08 17:20:41 Image size of job updated: 2696560
	2634  -  MemoryUsage of job (MB)
	2696560  -  ResidentSetSize of job (KB)
...
006 (2588971.000.000) 2025-08-08 17:25:42 Image size of job updated: 2704408
	2642  -  MemoryUsage of job (MB)
	2704408  -  ResidentSetSize of job (KB)
...
006 (2588971.000.000) 2025-08-08 17:30:42 Image size of job updated: 2710820
	2648  -  MemoryUsage of job (MB)
	2710820  -  ResidentSetSize of job (KB)
...
006 (2588971.000.000) 2025-08-08 17:35:42 Image size of job updated: 2715312
	2652  -  MemoryUsage of job (MB)
	2715312  -  ResidentSetSize of job (KB)
...
006 (2588971.000.000) 2025-08-08 17:40:43 Image size of job updated: 2718536
	2655  -  MemoryUsage of job (MB)
	2718536  -  ResidentSetSize of job (KB)
...
006 (2588971.000.000) 2025-08-08 17:45:44 Image size of job updated: 2721552
	2658  -  MemoryUsage of job (MB)
	2721552  -  ResidentSetSize of job (KB)
...
006 (2588971.000.000) 2025-08-08 17:50:44 Image size of job updated: 2724092
	2661  -  MemoryUsage of job (MB)
	2724092  -  ResidentSetSize of job (KB)
...
006 (2588971.000.000) 2025-08-08 17:55:44 Image size of job updated: 2726532
	2663  -  MemoryUsage of job (MB)
	2726532  -  ResidentSetSize of job (KB)
...
006 (2588971.000.000) 2025-08-08 18:00:45 Image size of job updated: 2745520
	2682  -  MemoryUsage of job (MB)
	2745520  -  ResidentSetSize of job (KB)
...
006 (2588971.000.000) 2025-08-08 18:05:46 Image size of job updated: 2750092
	2686  -  MemoryUsage of job (MB)
	2750092  -  ResidentSetSize of job (KB)
...
006 (2588971.000.000) 2025-08-08 18:10:46 Image size of job updated: 2751696
	2688  -  MemoryUsage of job (MB)
	2751696  -  ResidentSetSize of job (KB)
...
006 (2588971.000.000) 2025-08-08 18:15:46 Image size of job updated: 3247492
	3172  -  MemoryUsage of job (MB)
	3247492  -  ResidentSetSize of job (KB)
...
006 (2588971.000.000) 2025-08-08 18:20:47 Image size of job updated: 3248884
	3173  -  MemoryUsage of job (MB)
	3248884  -  ResidentSetSize of job (KB)
...
006 (2588971.000.000) 2025-08-08 18:25:47 Image size of job updated: 3251940
	3176  -  MemoryUsage of job (MB)
	3251940  -  ResidentSetSize of job (KB)
...
006 (2588971.000.000) 2025-08-08 18:30:47 Image size of job updated: 3254800
	3179  -  MemoryUsage of job (MB)
	3254800  -  ResidentSetSize of job (KB)
...
006 (2588971.000.000) 2025-08-08 18:35:48 Image size of job updated: 3255796
	3180  -  MemoryUsage of job (MB)
	3255796  -  ResidentSetSize of job (KB)
...
006 (2588971.000.000) 2025-08-08 18:40:49 Image size of job updated: 3260268
	3184  -  MemoryUsage of job (MB)
	3260268  -  ResidentSetSize of job (KB)
...
006 (2588971.000.000) 2025-08-08 18:45:49 Image size of job updated: 3261352
	3185  -  MemoryUsage of job (MB)
	3261352  -  ResidentSetSize of job (KB)
...
006 (2588971.000.000) 2025-08-08 18:50:49 Image size of job updated: 3265684
	3190  -  MemoryUsage of job (MB)
	3265684  -  ResidentSetSize of job (KB)
...
006 (2588971.000.000) 2025-08-08 18:55:50 Image size of job updated: 3266624
	3191  -  MemoryUsage of job (MB)
	3266624  -  ResidentSetSize of job (KB)
...
006 (2588971.000.000) 2025-08-08 19:00:51 Image size of job updated: 3267408
	3191  -  MemoryUsage of job (MB)
	3267408  -  ResidentSetSize of job (KB)
...
006 (2588971.000.000) 2025-08-08 19:05:51 Image size of job updated: 3271708
	3196  -  MemoryUsage of job (MB)
	3271708  -  ResidentSetSize of job (KB)
...
006 (2588971.000.000) 2025-08-08 19:10:52 Image size of job updated: 3272480
	3196  -  MemoryUsage of job (MB)
	3272480  -  ResidentSetSize of job (KB)
...
006 (2588971.000.000) 2025-08-08 19:15:53 Image size of job updated: 3276708
	3200  -  MemoryUsage of job (MB)
	3276708  -  ResidentSetSize of job (KB)
...
006 (2588971.000.000) 2025-08-08 19:20:53 Image size of job updated: 3294244
	3218  -  MemoryUsage of job (MB)
	3294244  -  ResidentSetSize of job (KB)
...
006 (2588971.000.000) 2025-08-08 19:25:53 Image size of job updated: 3294788
	3218  -  MemoryUsage of job (MB)
	3294788  -  ResidentSetSize of job (KB)
...
006 (2588971.000.000) 2025-08-08 19:30:54 Image size of job updated: 3298960
	3222  -  MemoryUsage of job (MB)
	3298960  -  ResidentSetSize of job (KB)
...
006 (2588971.000.000) 2025-08-08 19:35:55 Image size of job updated: 3299628
	3223  -  MemoryUsage of job (MB)
	3299628  -  ResidentSetSize of job (KB)
...
006 (2588971.000.000) 2025-08-08 19:40:55 Image size of job updated: 3303776
	3227  -  MemoryUsage of job (MB)
	3303776  -  ResidentSetSize of job (KB)
...
006 (2588971.000.000) 2025-08-08 19:45:55 Image size of job updated: 3304272
	3227  -  MemoryUsage of job (MB)
	3304272  -  ResidentSetSize of job (KB)
...
006 (2588971.000.000) 2025-08-08 19:50:56 Image size of job updated: 3304848
	3228  -  MemoryUsage of job (MB)
	3304848  -  ResidentSetSize of job (KB)
...
006 (2588971.000.000) 2025-08-08 19:55:57 Image size of job updated: 3308892
	3232  -  MemoryUsage of job (MB)
	3308892  -  ResidentSetSize of job (KB)
...
006 (2588971.000.000) 2025-08-08 20:00:57 Image size of job updated: 3309464
	3232  -  MemoryUsage of job (MB)
	3309464  -  ResidentSetSize of job (KB)
...
006 (2588971.000.000) 2025-08-08 20:05:58 Image size of job updated: 3313400
	3236  -  MemoryUsage of job (MB)
	3313400  -  ResidentSetSize of job (KB)
...
006 (2588971.000.000) 2025-08-08 20:10:59 Image size of job updated: 3313744
	3237  -  MemoryUsage of job (MB)
	3313744  -  ResidentSetSize of job (KB)
...
006 (2588971.000.000) 2025-08-08 20:15:59 Image size of job updated: 3315056
	3238  -  MemoryUsage of job (MB)
	3315056  -  ResidentSetSize of job (KB)
...
006 (2588971.000.000) 2025-08-08 20:20:59 Image size of job updated: 3335264
	3258  -  MemoryUsage of job (MB)
	3335264  -  ResidentSetSize of job (KB)
...
006 (2588971.000.000) 2025-08-08 20:26:00 Image size of job updated: 3335692
	3258  -  MemoryUsage of job (MB)
	3335692  -  ResidentSetSize of job (KB)
...
006 (2588971.000.000) 2025-08-08 20:31:01 Image size of job updated: 3338940
	3261  -  MemoryUsage of job (MB)
	3338940  -  ResidentSetSize of job (KB)
...
006 (2588971.000.000) 2025-08-08 20:36:01 Image size of job updated: 3339360
	3262  -  MemoryUsage of job (MB)
	3339360  -  ResidentSetSize of job (KB)
...
006 (2588971.000.000) 2025-08-08 20:41:01 Image size of job updated: 3342380
	3265  -  MemoryUsage of job (MB)
	3342380  -  ResidentSetSize of job (KB)
...
006 (2588971.000.000) 2025-08-08 20:46:02 Image size of job updated: 3343600
	3266  -  MemoryUsage of job (MB)
	3343600  -  ResidentSetSize of job (KB)
...
006 (2588971.000.000) 2025-08-08 20:51:02 Image size of job updated: 3343968
	3266  -  MemoryUsage of job (MB)
	3343968  -  ResidentSetSize of job (KB)
...
006 (2588971.000.000) 2025-08-08 20:56:02 Image size of job updated: 3347796
	3270  -  MemoryUsage of job (MB)
	3347796  -  ResidentSetSize of job (KB)
...
006 (2588971.000.000) 2025-08-08 21:01:03 Image size of job updated: 3348240
	3270  -  MemoryUsage of job (MB)
	3348240  -  ResidentSetSize of job (KB)
...
006 (2588971.000.000) 2025-08-08 21:06:04 Image size of job updated: 3352056
	3274  -  MemoryUsage of job (MB)
	3352056  -  ResidentSetSize of job (KB)
...
006 (2588971.000.000) 2025-08-08 21:11:04 Image size of job updated: 3352392
	3274  -  MemoryUsage of job (MB)
	3352392  -  ResidentSetSize of job (KB)
...
006 (2588971.000.000) 2025-08-08 21:16:04 Image size of job updated: 3352656
	3275  -  MemoryUsage of job (MB)
	3352656  -  ResidentSetSize of job (KB)
...
006 (2588971.000.000) 2025-08-08 21:21:05 Image size of job updated: 3393320
	3289  -  MemoryUsage of job (MB)
	3367580  -  ResidentSetSize of job (KB)
...
006 (2588971.000.000) 2025-08-08 21:26:05 Image size of job updated: 3393320
	3289  -  MemoryUsage of job (MB)
	3367916  -  ResidentSetSize of job (KB)
...
006 (2588971.000.000) 2025-08-08 21:31:05 Image size of job updated: 3393320
	3293  -  MemoryUsage of job (MB)
	3371752  -  ResidentSetSize of job (KB)
...
006 (2588971.000.000) 2025-08-08 21:36:06 Image size of job updated: 3393320
	3293  -  MemoryUsage of job (MB)
	3372032  -  ResidentSetSize of job (KB)
...
006 (2588971.000.000) 2025-08-08 21:41:07 Image size of job updated: 3393320
	3294  -  MemoryUsage of job (MB)
	3372356  -  ResidentSetSize of job (KB)
...
006 (2588971.000.000) 2025-08-08 21:46:07 Image size of job updated: 3393320
	3297  -  MemoryUsage of job (MB)
	3376108  -  ResidentSetSize of job (KB)
...
006 (2588971.000.000) 2025-08-08 21:51:07 Image size of job updated: 3393320
	3298  -  MemoryUsage of job (MB)
	3376404  -  ResidentSetSize of job (KB)
...
006 (2588971.000.000) 2025-08-08 21:56:08 Image size of job updated: 3393320
	3301  -  MemoryUsage of job (MB)
	3380208  -  ResidentSetSize of job (KB)
...
006 (2588971.000.000) 2025-08-08 22:01:09 Image size of job updated: 3393320
	3302  -  MemoryUsage of job (MB)
	3380480  -  ResidentSetSize of job (KB)
...
006 (2588971.000.000) 2025-08-08 22:06:09 Image size of job updated: 3393320
	3302  -  MemoryUsage of job (MB)
	3380784  -  ResidentSetSize of job (KB)
...
006 (2588971.000.000) 2025-08-08 22:11:10 Image size of job updated: 3393320
	3306  -  MemoryUsage of job (MB)
	3384628  -  ResidentSetSize of job (KB)
...
006 (2588971.000.000) 2025-08-08 22:16:11 Image size of job updated: 3393320
	3306  -  MemoryUsage of job (MB)
	3384940  -  ResidentSetSize of job (KB)
...
006 (2588971.000.000) 2025-08-08 22:21:11 Image size of job updated: 3399688
	3321  -  MemoryUsage of job (MB)
	3399688  -  ResidentSetSize of job (KB)
...
006 (2588971.000.000) 2025-08-08 22:26:11 Image size of job updated: 3399888
	3321  -  MemoryUsage of job (MB)
	3399888  -  ResidentSetSize of job (KB)
...
006 (2588971.000.000) 2025-08-08 22:31:12 Image size of job updated: 3401012
	3322  -  MemoryUsage of job (MB)
	3401012  -  ResidentSetSize of job (KB)
...
006 (2588971.000.000) 2025-08-08 22:36:13 Image size of job updated: 3403892
	3325  -  MemoryUsage of job (MB)
	3403892  -  ResidentSetSize of job (KB)
...
006 (2588971.000.000) 2025-08-08 22:41:13 Image size of job updated: 3404196
	3325  -  MemoryUsage of job (MB)
	3404196  -  ResidentSetSize of job (KB)
...
006 (2588971.000.000) 2025-08-08 22:46:13 Image size of job updated: 3407932
	3329  -  MemoryUsage of job (MB)
	3407932  -  ResidentSetSize of job (KB)
...
006 (2588971.000.000) 2025-08-08 22:51:14 Image size of job updated: 3408184
	3329  -  MemoryUsage of job (MB)
	3408184  -  ResidentSetSize of job (KB)
...
006 (2588971.000.000) 2025-08-08 22:56:14 Image size of job updated: 3411092
	3332  -  MemoryUsage of job (MB)
	3411092  -  ResidentSetSize of job (KB)
...
006 (2588971.000.000) 2025-08-08 23:01:14 Image size of job updated: 3412176
	3333  -  MemoryUsage of job (MB)
	3412176  -  ResidentSetSize of job (KB)
...
006 (2588971.000.000) 2025-08-08 23:06:15 Image size of job updated: 3412444
	3333  -  MemoryUsage of job (MB)
	3412444  -  ResidentSetSize of job (KB)
...
006 (2588971.000.000) 2025-08-08 23:11:16 Image size of job updated: 3416192
	3337  -  MemoryUsage of job (MB)
	3416192  -  ResidentSetSize of job (KB)
...
006 (2588971.000.000) 2025-08-08 23:16:16 Image size of job updated: 3416376
	3337  -  MemoryUsage of job (MB)
	3416376  -  ResidentSetSize of job (KB)
...
006 (2588971.000.000) 2025-08-08 23:21:16 Image size of job updated: 3420140
	3340  -  MemoryUsage of job (MB)
	3420140  -  ResidentSetSize of job (KB)
...
006 (2588971.000.000) 2025-08-08 23:26:17 Image size of job updated: 3459412
	3379  -  MemoryUsage of job (MB)
	3459412  -  ResidentSetSize of job (KB)
...
006 (2588971.000.000) 2025-08-08 23:31:18 Image size of job updated: 3459572
	3379  -  MemoryUsage of job (MB)
	3459572  -  ResidentSetSize of job (KB)
...
006 (2588971.000.000) 2025-08-08 23:36:18 Image size of job updated: 3463232
	3383  -  MemoryUsage of job (MB)
	3463232  -  ResidentSetSize of job (KB)
...
006 (2588971.000.000) 2025-08-08 23:41:19 Image size of job updated: 3463460
	3383  -  MemoryUsage of job (MB)
	3463460  -  ResidentSetSize of job (KB)
...
006 (2588971.000.000) 2025-08-08 23:46:20 Image size of job updated: 3467172
	3386  -  MemoryUsage of job (MB)
	3467172  -  ResidentSetSize of job (KB)
...
006 (2588971.000.000) 2025-08-08 23:51:20 Image size of job updated: 3467344
	3387  -  MemoryUsage of job (MB)
	3467344  -  ResidentSetSize of job (KB)
...
006 (2588971.000.000) 2025-08-08 23:56:20 Image size of job updated: 3467564
	3387  -  MemoryUsage of job (MB)
	3467564  -  ResidentSetSize of job (KB)
...
006 (2588971.000.000) 2025-08-09 00:01:21 Image size of job updated: 3471268
	3390  -  MemoryUsage of job (MB)
	3471268  -  ResidentSetSize of job (KB)
...
006 (2588971.000.000) 2025-08-09 00:06:22 Image size of job updated: 3471460
	3391  -  MemoryUsage of job (MB)
	3471460  -  ResidentSetSize of job (KB)
...
006 (2588971.000.000) 2025-08-09 00:11:22 Image size of job updated: 3475176
	3394  -  MemoryUsage of job (MB)
	3475176  -  ResidentSetSize of job (KB)
...
006 (2588971.000.000) 2025-08-09 00:16:23 Image size of job updated: 3475364
	3394  -  MemoryUsage of job (MB)
	3475364  -  ResidentSetSize of job (KB)
...
006 (2588971.000.000) 2025-08-09 00:21:24 Image size of job updated: 3475568
	3395  -  MemoryUsage of job (MB)
	3475568  -  ResidentSetSize of job (KB)
...
006 (2588971.000.000) 2025-08-09 00:26:24 Image size of job updated: 3493392
	3410  -  MemoryUsage of job (MB)
	3491508  -  ResidentSetSize of job (KB)
...
006 (2588971.000.000) 2025-08-09 00:31:24 Image size of job updated: 3493392
	3410  -  MemoryUsage of job (MB)
	3491672  -  ResidentSetSize of job (KB)
...
006 (2588971.000.000) 2025-08-09 00:36:25 Image size of job updated: 3495364
	3414  -  MemoryUsage of job (MB)
	3495364  -  ResidentSetSize of job (KB)
...
006 (2588971.000.000) 2025-08-09 00:41:26 Image size of job updated: 3495536
	3414  -  MemoryUsage of job (MB)
	3495536  -  ResidentSetSize of job (KB)
...
006 (2588971.000.000) 2025-08-09 00:46:26 Image size of job updated: 3496564
	3415  -  MemoryUsage of job (MB)
	3496564  -  ResidentSetSize of job (KB)
...
006 (2588971.000.000) 2025-08-09 00:51:26 Image size of job updated: 3499432
	3418  -  MemoryUsage of job (MB)
	3499432  -  ResidentSetSize of job (KB)
...
006 (2588971.000.000) 2025-08-09 00:56:27 Image size of job updated: 3499624
	3418  -  MemoryUsage of job (MB)
	3499624  -  ResidentSetSize of job (KB)
...
006 (2588971.000.000) 2025-08-09 01:01:27 Image size of job updated: 3503296
	3422  -  MemoryUsage of job (MB)
	3503296  -  ResidentSetSize of job (KB)
...
006 (2588971.000.000) 2025-08-09 01:06:27 Image size of job updated: 3503516
	3422  -  MemoryUsage of job (MB)
	3503516  -  ResidentSetSize of job (KB)
...
006 (2588971.000.000) 2025-08-09 01:11:28 Image size of job updated: 3506444
	3425  -  MemoryUsage of job (MB)
	3506444  -  ResidentSetSize of job (KB)
...
006 (2588971.000.000) 2025-08-09 01:16:29 Image size of job updated: 3507540
	3426  -  MemoryUsage of job (MB)
	3507540  -  ResidentSetSize of job (KB)
...
006 (2588971.000.000) 2025-08-09 01:21:29 Image size of job updated: 3507788
	3426  -  MemoryUsage of job (MB)
	3507788  -  ResidentSetSize of job (KB)
...
006 (2588971.000.000) 2025-08-09 01:26:29 Image size of job updated: 3518672
	3434  -  MemoryUsage of job (MB)
	3515512  -  ResidentSetSize of job (KB)
...
006 (2588971.000.000) 2025-08-09 01:31:30 Image size of job updated: 3518672
	3434  -  MemoryUsage of job (MB)
	3515668  -  ResidentSetSize of job (KB)
...
006 (2588971.000.000) 2025-08-09 01:36:31 Image size of job updated: 3519384
	3437  -  MemoryUsage of job (MB)
	3519384  -  ResidentSetSize of job (KB)
...
006 (2588971.000.000) 2025-08-09 01:41:31 Image size of job updated: 3519588
	3438  -  MemoryUsage of job (MB)
	3519588  -  ResidentSetSize of job (KB)
...
006 (2588971.000.000) 2025-08-09 01:46:32 Image size of job updated: 3519752
	3438  -  MemoryUsage of job (MB)
	3519752  -  ResidentSetSize of job (KB)
...
006 (2588971.000.000) 2025-08-09 01:51:33 Image size of job updated: 3523476
	3441  -  MemoryUsage of job (MB)
	3523476  -  ResidentSetSize of job (KB)
...
006 (2588971.000.000) 2025-08-09 01:56:33 Image size of job updated: 3523676
	3442  -  MemoryUsage of job (MB)
	3523676  -  ResidentSetSize of job (KB)
...
006 (2588971.000.000) 2025-08-09 02:01:33 Image size of job updated: 3527444
	3445  -  MemoryUsage of job (MB)
	3527444  -  ResidentSetSize of job (KB)
...
006 (2588971.000.000) 2025-08-09 02:06:34 Image size of job updated: 3527616
	3445  -  MemoryUsage of job (MB)
	3527616  -  ResidentSetSize of job (KB)
...
006 (2588971.000.000) 2025-08-09 02:11:35 Image size of job updated: 3527840
	3446  -  MemoryUsage of job (MB)
	3527840  -  ResidentSetSize of job (KB)
...
006 (2588971.000.000) 2025-08-09 02:16:35 Image size of job updated: 3531512
	3449  -  MemoryUsage of job (MB)
	3531512  -  ResidentSetSize of job (KB)
...
006 (2588971.000.000) 2025-08-09 02:21:35 Image size of job updated: 3531696
	3449  -  MemoryUsage of job (MB)
	3531696  -  ResidentSetSize of job (KB)
...
006 (2588971.000.000) 2025-08-09 02:26:36 Image size of job updated: 3544052
	3461  -  MemoryUsage of job (MB)
	3544052  -  ResidentSetSize of job (KB)
...
006 (2588971.000.000) 2025-08-09 02:31:37 Image size of job updated: 3544188
	3462  -  MemoryUsage of job (MB)
	3544188  -  ResidentSetSize of job (KB)
...
006 (2588971.000.000) 2025-08-09 02:36:37 Image size of job updated: 3544372
	3462  -  MemoryUsage of job (MB)
	3544372  -  ResidentSetSize of job (KB)
...
006 (2588971.000.000) 2025-08-09 02:41:37 Image size of job updated: 3548028
	3465  -  MemoryUsage of job (MB)
	3548028  -  ResidentSetSize of job (KB)
...
006 (2588971.000.000) 2025-08-09 02:46:38 Image size of job updated: 3548156
	3465  -  MemoryUsage of job (MB)
	3548156  -  ResidentSetSize of job (KB)
...
006 (2588971.000.000) 2025-08-09 02:51:38 Image size of job updated: 3551836
	3469  -  MemoryUsage of job (MB)
	3551836  -  ResidentSetSize of job (KB)
...
006 (2588971.000.000) 2025-08-09 02:56:38 Image size of job updated: 3552060
	3469  -  MemoryUsage of job (MB)
	3552060  -  ResidentSetSize of job (KB)
...
006 (2588971.000.000) 2025-08-09 03:01:39 Image size of job updated: 3554000
	3471  -  MemoryUsage of job (MB)
	3554000  -  ResidentSetSize of job (KB)
...
006 (2588971.000.000) 2025-08-09 03:06:40 Image size of job updated: 3555884
	3473  -  MemoryUsage of job (MB)
	3555884  -  ResidentSetSize of job (KB)
...
006 (2588971.000.000) 2025-08-09 03:11:40 Image size of job updated: 3556052
	3473  -  MemoryUsage of job (MB)
	3556052  -  ResidentSetSize of job (KB)
...
006 (2588971.000.000) 2025-08-09 03:16:40 Image size of job updated: 3559692
	3477  -  MemoryUsage of job (MB)
	3559692  -  ResidentSetSize of job (KB)
...
006 (2588971.000.000) 2025-08-09 03:21:41 Image size of job updated: 3559836
	3477  -  MemoryUsage of job (MB)
	3559836  -  ResidentSetSize of job (KB)
...
006 (2588971.000.000) 2025-08-09 03:26:42 Image size of job updated: 3574996
	3488  -  MemoryUsage of job (MB)
	3571460  -  ResidentSetSize of job (KB)
...
006 (2588971.000.000) 2025-08-09 03:31:42 Image size of job updated: 3574996
	3488  -  MemoryUsage of job (MB)
	3571616  -  ResidentSetSize of job (KB)
...
006 (2588971.000.000) 2025-08-09 03:36:42 Image size of job updated: 3574996
	3489  -  MemoryUsage of job (MB)
	3571784  -  ResidentSetSize of job (KB)
...
006 (2588971.000.000) 2025-08-09 03:41:43 Image size of job updated: 3575424
	3492  -  MemoryUsage of job (MB)
	3575424  -  ResidentSetSize of job (KB)
...
006 (2588971.000.000) 2025-08-09 03:46:43 Image size of job updated: 3575592
	3492  -  MemoryUsage of job (MB)
	3575592  -  ResidentSetSize of job (KB)
...
006 (2588971.000.000) 2025-08-09 03:51:43 Image size of job updated: 3579276
	3496  -  MemoryUsage of job (MB)
	3579276  -  ResidentSetSize of job (KB)
...
006 (2588971.000.000) 2025-08-09 03:56:44 Image size of job updated: 3579392
	3496  -  MemoryUsage of job (MB)
	3579392  -  ResidentSetSize of job (KB)
...
006 (2588971.000.000) 2025-08-09 04:01:45 Image size of job updated: 3579504
	3496  -  MemoryUsage of job (MB)
	3579504  -  ResidentSetSize of job (KB)
...
006 (2588971.000.000) 2025-08-09 04:06:45 Image size of job updated: 3583124
	3500  -  MemoryUsage of job (MB)
	3583124  -  ResidentSetSize of job (KB)
...
006 (2588971.000.000) 2025-08-09 04:11:45 Image size of job updated: 3583264
	3500  -  MemoryUsage of job (MB)
	3583264  -  ResidentSetSize of job (KB)
...
006 (2588971.000.000) 2025-08-09 04:16:46 Image size of job updated: 3586888
	3503  -  MemoryUsage of job (MB)
	3586888  -  ResidentSetSize of job (KB)
...
006 (2588971.000.000) 2025-08-09 04:21:47 Image size of job updated: 3587076
	3504  -  MemoryUsage of job (MB)
	3587076  -  ResidentSetSize of job (KB)
...
006 (2588971.000.000) 2025-08-09 04:26:47 Image size of job updated: 3593568
	3510  -  MemoryUsage of job (MB)
	3593568  -  ResidentSetSize of job (KB)
...
006 (2588971.000.000) 2025-08-09 04:31:47 Image size of job updated: 3600672
	3517  -  MemoryUsage of job (MB)
	3600672  -  ResidentSetSize of job (KB)
...
006 (2588971.000.000) 2025-08-09 04:36:48 Image size of job updated: 3600800
	3517  -  MemoryUsage of job (MB)
	3600800  -  ResidentSetSize of job (KB)
...
006 (2588971.000.000) 2025-08-09 04:41:49 Image size of job updated: 3604424
	3520  -  MemoryUsage of job (MB)
	3604424  -  ResidentSetSize of job (KB)
...
006 (2588971.000.000) 2025-08-09 04:46:49 Image size of job updated: 3604512
	3521  -  MemoryUsage of job (MB)
	3604512  -  ResidentSetSize of job (KB)
...
006 (2588971.000.000) 2025-08-09 04:51:50 Image size of job updated: 3604668
	3521  -  MemoryUsage of job (MB)
	3604668  -  ResidentSetSize of job (KB)
...
006 (2588971.000.000) 2025-08-09 04:56:51 Image size of job updated: 3608260
	3524  -  MemoryUsage of job (MB)
	3608260  -  ResidentSetSize of job (KB)
...
006 (2588971.000.000) 2025-08-09 05:01:51 Image size of job updated: 3608344
	3524  -  MemoryUsage of job (MB)
	3608344  -  ResidentSetSize of job (KB)
...
006 (2588971.000.000) 2025-08-09 05:06:51 Image size of job updated: 3611968
	3528  -  MemoryUsage of job (MB)
	3611968  -  ResidentSetSize of job (KB)
...
006 (2588971.000.000) 2025-08-09 05:11:52 Image size of job updated: 3612080
	3528  -  MemoryUsage of job (MB)
	3612080  -  ResidentSetSize of job (KB)
...
006 (2588971.000.000) 2025-08-09 05:16:53 Image size of job updated: 3613936
	3530  -  MemoryUsage of job (MB)
	3613936  -  ResidentSetSize of job (KB)
...
006 (2588971.000.000) 2025-08-09 05:21:53 Image size of job updated: 3615780
	3532  -  MemoryUsage of job (MB)
	3615780  -  ResidentSetSize of job (KB)
...
006 (2588971.000.000) 2025-08-09 05:26:53 Image size of job updated: 3615848
	3532  -  MemoryUsage of job (MB)
	3615848  -  ResidentSetSize of job (KB)
...
006 (2588971.000.000) 2025-08-09 05:31:54 Image size of job updated: 3632868
	3548  -  MemoryUsage of job (MB)
	3632868  -  ResidentSetSize of job (KB)
...
006 (2588971.000.000) 2025-08-09 05:36:55 Image size of job updated: 3632948
	3548  -  MemoryUsage of job (MB)
	3632948  -  ResidentSetSize of job (KB)
...
006 (2588971.000.000) 2025-08-09 05:41:55 Image size of job updated: 3636564
	3552  -  MemoryUsage of job (MB)
	3636564  -  ResidentSetSize of job (KB)
...
006 (2588971.000.000) 2025-08-09 05:46:55 Image size of job updated: 3636636
	3552  -  MemoryUsage of job (MB)
	3636636  -  ResidentSetSize of job (KB)
...
006 (2588971.000.000) 2025-08-09 05:51:56 Image size of job updated: 3636740
	3552  -  MemoryUsage of job (MB)
	3636740  -  ResidentSetSize of job (KB)
...
006 (2588971.000.000) 2025-08-09 05:56:56 Image size of job updated: 3640320
	3555  -  MemoryUsage of job (MB)
	3640320  -  ResidentSetSize of job (KB)
...
006 (2588971.000.000) 2025-08-09 06:01:56 Image size of job updated: 3640388
	3556  -  MemoryUsage of job (MB)
	3640388  -  ResidentSetSize of job (KB)
...
006 (2588971.000.000) 2025-08-09 06:06:57 Image size of job updated: 3643984
	3559  -  MemoryUsage of job (MB)
	3643984  -  ResidentSetSize of job (KB)
...
006 (2588971.000.000) 2025-08-09 06:11:58 Image size of job updated: 3644080
	3559  -  MemoryUsage of job (MB)
	3644080  -  ResidentSetSize of job (KB)
...
006 (2588971.000.000) 2025-08-09 06:16:58 Image size of job updated: 3644176
	3559  -  MemoryUsage of job (MB)
	3644176  -  ResidentSetSize of job (KB)
...
006 (2588971.000.000) 2025-08-09 06:21:58 Image size of job updated: 3647764
	3563  -  MemoryUsage of job (MB)
	3647764  -  ResidentSetSize of job (KB)
...
006 (2588971.000.000) 2025-08-09 06:26:59 Image size of job updated: 3647844
	3563  -  MemoryUsage of job (MB)
	3647844  -  ResidentSetSize of job (KB)
...
006 (2588971.000.000) 2025-08-09 06:32:00 Image size of job updated: 3671680
	3586  -  MemoryUsage of job (MB)
	3671680  -  ResidentSetSize of job (KB)
...
006 (2588971.000.000) 2025-08-09 06:37:00 Image size of job updated: 3671772
	3586  -  MemoryUsage of job (MB)
	3671772  -  ResidentSetSize of job (KB)
...
006 (2588971.000.000) 2025-08-09 06:42:01 Image size of job updated: 3671888
	3586  -  MemoryUsage of job (MB)
	3671888  -  ResidentSetSize of job (KB)
...
006 (2588971.000.000) 2025-08-09 06:47:02 Image size of job updated: 3675512
	3590  -  MemoryUsage of job (MB)
	3675512  -  ResidentSetSize of job (KB)
...
006 (2588971.000.000) 2025-08-09 06:52:02 Image size of job updated: 3675628
	3590  -  MemoryUsage of job (MB)
	3675628  -  ResidentSetSize of job (KB)
...
006 (2588971.000.000) 2025-08-09 06:57:02 Image size of job updated: 3679224
	3593  -  MemoryUsage of job (MB)
	3679224  -  ResidentSetSize of job (KB)
...
006 (2588971.000.000) 2025-08-09 07:02:03 Image size of job updated: 3679296
	3594  -  MemoryUsage of job (MB)
	3679296  -  ResidentSetSize of job (KB)
...
006 (2588971.000.000) 2025-08-09 07:07:04 Image size of job updated: 3679392
	3594  -  MemoryUsage of job (MB)
	3679392  -  ResidentSetSize of job (KB)
...
006 (2588971.000.000) 2025-08-09 07:12:04 Image size of job updated: 3679472
	3594  -  MemoryUsage of job (MB)
	3679472  -  ResidentSetSize of job (KB)
...
006 (2588971.000.000) 2025-08-09 07:17:04 Image size of job updated: 3679536
	3594  -  MemoryUsage of job (MB)
	3679536  -  ResidentSetSize of job (KB)
...
006 (2588971.000.000) 2025-08-09 07:22:05 Image size of job updated: 3679632
	3594  -  MemoryUsage of job (MB)
	3679632  -  ResidentSetSize of job (KB)
...
006 (2588971.000.000) 2025-08-09 07:27:06 Image size of job updated: 3679704
	3594  -  MemoryUsage of job (MB)
	3679704  -  ResidentSetSize of job (KB)
...
006 (2588971.000.000) 2025-08-09 07:32:06 Image size of job updated: 3679768
	3594  -  MemoryUsage of job (MB)
	3679768  -  ResidentSetSize of job (KB)
...
006 (2588971.000.000) 2025-08-09 07:37:06 Image size of job updated: 3685200
	3598  -  MemoryUsage of job (MB)
	3683640  -  ResidentSetSize of job (KB)
...
006 (2588971.000.000) 2025-08-09 07:42:07 Image size of job updated: 3685200
	3598  -  MemoryUsage of job (MB)
	3683708  -  ResidentSetSize of job (KB)
...
006 (2588971.000.000) 2025-08-09 07:47:07 Image size of job updated: 3685200
	3598  -  MemoryUsage of job (MB)
	3683784  -  ResidentSetSize of job (KB)
...
006 (2588971.000.000) 2025-08-09 07:52:07 Image size of job updated: 3685200
	3598  -  MemoryUsage of job (MB)
	3683828  -  ResidentSetSize of job (KB)
...
006 (2588971.000.000) 2025-08-09 07:57:08 Image size of job updated: 3685200
	3598  -  MemoryUsage of job (MB)
	3683868  -  ResidentSetSize of job (KB)
...
006 (2588971.000.000) 2025-08-09 08:02:09 Image size of job updated: 3685200
	3598  -  MemoryUsage of job (MB)
	3683952  -  ResidentSetSize of job (KB)
...
006 (2588971.000.000) 2025-08-09 08:07:09 Image size of job updated: 3685200
	3598  -  MemoryUsage of job (MB)
	3684028  -  ResidentSetSize of job (KB)
...
006 (2588971.000.000) 2025-08-09 08:12:09 Image size of job updated: 3685200
	3598  -  MemoryUsage of job (MB)
	3684088  -  ResidentSetSize of job (KB)
...
006 (2588971.000.000) 2025-08-09 08:17:10 Image size of job updated: 3685200
	3598  -  MemoryUsage of job (MB)
	3684140  -  ResidentSetSize of job (KB)
...
006 (2588971.000.000) 2025-08-09 08:22:11 Image size of job updated: 3685200
	3598  -  MemoryUsage of job (MB)
	3684228  -  ResidentSetSize of job (KB)
...
006 (2588971.000.000) 2025-08-09 08:27:11 Image size of job updated: 3685200
	3598  -  MemoryUsage of job (MB)
	3684324  -  ResidentSetSize of job (KB)
...
006 (2588971.000.000) 2025-08-09 08:32:11 Image size of job updated: 3685200
	3599  -  MemoryUsage of job (MB)
	3684400  -  ResidentSetSize of job (KB)
...
006 (2588971.000.000) 2025-08-09 08:37:12 Image size of job updated: 3690024
	3603  -  MemoryUsage of job (MB)
	3689440  -  ResidentSetSize of job (KB)
...
006 (2588971.000.000) 2025-08-09 08:42:12 Image size of job updated: 3694564
	3608  -  MemoryUsage of job (MB)
	3694564  -  ResidentSetSize of job (KB)
...
006 (2588971.000.000) 2025-08-09 08:47:12 Image size of job updated: 3711436
	3625  -  MemoryUsage of job (MB)
	3711436  -  ResidentSetSize of job (KB)
...
006 (2588971.000.000) 2025-08-09 08:52:13 Image size of job updated: 3711516
	3625  -  MemoryUsage of job (MB)
	3711516  -  ResidentSetSize of job (KB)
...
006 (2588971.000.000) 2025-08-09 08:57:14 Image size of job updated: 3711592
	3625  -  MemoryUsage of job (MB)
	3711592  -  ResidentSetSize of job (KB)
...
006 (2588971.000.000) 2025-08-09 09:02:14 Image size of job updated: 3711696
	3625  -  MemoryUsage of job (MB)
	3711696  -  ResidentSetSize of job (KB)
...
006 (2588971.000.000) 2025-08-09 09:07:14 Image size of job updated: 3711808
	3625  -  MemoryUsage of job (MB)
	3711808  -  ResidentSetSize of job (KB)
...
006 (2588971.000.000) 2025-08-09 09:12:15 Image size of job updated: 3711900
	3625  -  MemoryUsage of job (MB)
	3711900  -  ResidentSetSize of job (KB)
...
006 (2588971.000.000) 2025-08-09 09:17:16 Image size of job updated: 3711964
	3625  -  MemoryUsage of job (MB)
	3711964  -  ResidentSetSize of job (KB)
...
006 (2588971.000.000) 2025-08-09 09:22:16 Image size of job updated: 3712040
	3626  -  MemoryUsage of job (MB)
	3712040  -  ResidentSetSize of job (KB)
...
006 (2588971.000.000) 2025-08-09 09:27:16 Image size of job updated: 3712132
	3626  -  MemoryUsage of job (MB)
	3712132  -  ResidentSetSize of job (KB)
...
006 (2588971.000.000) 2025-08-09 09:32:17 Image size of job updated: 3712200
	3626  -  MemoryUsage of job (MB)
	3712200  -  ResidentSetSize of job (KB)
...
006 (2588971.000.000) 2025-08-09 09:37:18 Image size of job updated: 3712252
	3626  -  MemoryUsage of job (MB)
	3712252  -  ResidentSetSize of job (KB)
...
006 (2588971.000.000) 2025-08-09 09:42:18 Image size of job updated: 3729608
	3643  -  MemoryUsage of job (MB)
	3729608  -  ResidentSetSize of job (KB)
...
006 (2588971.000.000) 2025-08-09 09:47:19 Image size of job updated: 3729684
	3643  -  MemoryUsage of job (MB)
	3729684  -  ResidentSetSize of job (KB)
...
006 (2588971.000.000) 2025-08-09 09:52:20 Image size of job updated: 3729780
	3643  -  MemoryUsage of job (MB)
	3729780  -  ResidentSetSize of job (KB)
...
006 (2588971.000.000) 2025-08-09 09:57:20 Image size of job updated: 3729852
	3643  -  MemoryUsage of job (MB)
	3729852  -  ResidentSetSize of job (KB)
...
006 (2588971.000.000) 2025-08-09 10:02:20 Image size of job updated: 3729908
	3643  -  MemoryUsage of job (MB)
	3729908  -  ResidentSetSize of job (KB)
...
006 (2588971.000.000) 2025-08-09 10:07:21 Image size of job updated: 3729992
	3643  -  MemoryUsage of job (MB)
	3729992  -  ResidentSetSize of job (KB)
...
006 (2588971.000.000) 2025-08-09 10:12:22 Image size of job updated: 3730080
	3643  -  MemoryUsage of job (MB)
	3730080  -  ResidentSetSize of job (KB)
...
006 (2588971.000.000) 2025-08-09 10:17:22 Image size of job updated: 3730164
	3643  -  MemoryUsage of job (MB)
	3730164  -  ResidentSetSize of job (KB)
...
006 (2588971.000.000) 2025-08-09 10:22:22 Image size of job updated: 3731688
	3645  -  MemoryUsage of job (MB)
	3731688  -  ResidentSetSize of job (KB)
...
006 (2588971.000.000) 2025-08-09 10:27:23 Image size of job updated: 3731748
	3645  -  MemoryUsage of job (MB)
	3731748  -  ResidentSetSize of job (KB)
...
006 (2588971.000.000) 2025-08-09 10:32:24 Image size of job updated: 3731816
	3645  -  MemoryUsage of job (MB)
	3731816  -  ResidentSetSize of job (KB)
...
006 (2588971.000.000) 2025-08-09 10:37:24 Image size of job updated: 3731896
	3645  -  MemoryUsage of job (MB)
	3731896  -  ResidentSetSize of job (KB)
...
006 (2588971.000.000) 2025-08-09 10:42:25 Image size of job updated: 3742152
	3645  -  MemoryUsage of job (MB)
	3731896  -  ResidentSetSize of job (KB)
...
006 (2588971.000.000) 2025-08-09 11:42:32 Image size of job updated: 3766884
	3650  -  MemoryUsage of job (MB)
	3737200  -  ResidentSetSize of job (KB)
...
006 (2588971.000.000) 2025-08-09 11:47:32 Image size of job updated: 3766884
	3650  -  MemoryUsage of job (MB)
	3737300  -  ResidentSetSize of job (KB)
...
006 (2588971.000.000) 2025-08-09 11:52:32 Image size of job updated: 3766884
	3650  -  MemoryUsage of job (MB)
	3737444  -  ResidentSetSize of job (KB)
...
006 (2588971.000.000) 2025-08-09 11:57:33 Image size of job updated: 3766884
	3650  -  MemoryUsage of job (MB)
	3737564  -  ResidentSetSize of job (KB)
...
006 (2588971.000.000) 2025-08-09 12:02:34 Image size of job updated: 3766884
	3651  -  MemoryUsage of job (MB)
	3737676  -  ResidentSetSize of job (KB)
...
006 (2588971.000.000) 2025-08-09 12:07:34 Image size of job updated: 3766884
	3651  -  MemoryUsage of job (MB)
	3737824  -  ResidentSetSize of job (KB)
...
006 (2588971.000.000) 2025-08-09 12:12:34 Image size of job updated: 3766884
	3651  -  MemoryUsage of job (MB)
	3737976  -  ResidentSetSize of job (KB)
...
006 (2588971.000.000) 2025-08-09 12:17:35 Image size of job updated: 3766884
	3651  -  MemoryUsage of job (MB)
	3738116  -  ResidentSetSize of job (KB)
...
006 (2588971.000.000) 2025-08-09 12:22:36 Image size of job updated: 3766884
	3651  -  MemoryUsage of job (MB)
	3738292  -  ResidentSetSize of job (KB)
...
006 (2588971.000.000) 2025-08-09 12:27:36 Image size of job updated: 3766884
	3651  -  MemoryUsage of job (MB)
	3738444  -  ResidentSetSize of job (KB)
...
006 (2588971.000.000) 2025-08-09 12:32:36 Image size of job updated: 3766884
	3651  -  MemoryUsage of job (MB)
	3738540  -  ResidentSetSize of job (KB)
...
006 (2588971.000.000) 2025-08-09 12:37:37 Image size of job updated: 3766884
	3652  -  MemoryUsage of job (MB)
	3738644  -  ResidentSetSize of job (KB)
...
006 (2588971.000.000) 2025-08-09 12:42:37 Image size of job updated: 3766884
	3673  -  MemoryUsage of job (MB)
	3761024  -  ResidentSetSize of job (KB)
...
006 (2588971.000.000) 2025-08-09 12:47:37 Image size of job updated: 3766884
	3673  -  MemoryUsage of job (MB)
	3761112  -  ResidentSetSize of job (KB)
...
006 (2588971.000.000) 2025-08-09 12:52:38 Image size of job updated: 3766884
	3674  -  MemoryUsage of job (MB)
	3761216  -  ResidentSetSize of job (KB)
...
006 (2588971.000.000) 2025-08-09 12:57:39 Image size of job updated: 3766884
	3674  -  MemoryUsage of job (MB)
	3761316  -  ResidentSetSize of job (KB)
...
006 (2588971.000.000) 2025-08-09 13:02:39 Image size of job updated: 3766884
	3674  -  MemoryUsage of job (MB)
	3761412  -  ResidentSetSize of job (KB)
...
006 (2588971.000.000) 2025-08-09 13:07:39 Image size of job updated: 3766884
	3674  -  MemoryUsage of job (MB)
	3761520  -  ResidentSetSize of job (KB)
...
006 (2588971.000.000) 2025-08-09 13:12:40 Image size of job updated: 3766884
	3674  -  MemoryUsage of job (MB)
	3761588  -  ResidentSetSize of job (KB)
...
006 (2588971.000.000) 2025-08-09 13:17:40 Image size of job updated: 3766884
	3674  -  MemoryUsage of job (MB)
	3761688  -  ResidentSetSize of job (KB)
...
006 (2588971.000.000) 2025-08-09 13:22:40 Image size of job updated: 3766884
	3674  -  MemoryUsage of job (MB)
	3761808  -  ResidentSetSize of job (KB)
...
006 (2588971.000.000) 2025-08-09 13:27:41 Image size of job updated: 3766884
	3674  -  MemoryUsage of job (MB)
	3761904  -  ResidentSetSize of job (KB)
...
006 (2588971.000.000) 2025-08-09 13:32:42 Image size of job updated: 3766884
	3674  -  MemoryUsage of job (MB)
	3762016  -  ResidentSetSize of job (KB)
...
006 (2588971.000.000) 2025-08-09 13:37:42 Image size of job updated: 3766884
	3674  -  MemoryUsage of job (MB)
	3762112  -  ResidentSetSize of job (KB)
...
006 (2588971.000.000) 2025-08-09 13:42:42 Image size of job updated: 3766884
	3674  -  MemoryUsage of job (MB)
	3762168  -  ResidentSetSize of job (KB)
...
006 (2588971.000.000) 2025-08-09 15:52:55 Image size of job updated: 3784912
	3675  -  MemoryUsage of job (MB)
	3762376  -  ResidentSetSize of job (KB)
...
006 (2588971.000.000) 2025-08-09 15:57:57 Image size of job updated: 3784912
	3675  -  MemoryUsage of job (MB)
	3762436  -  ResidentSetSize of job (KB)
...
006 (2588971.000.000) 2025-08-09 16:02:57 Image size of job updated: 3784912
	3675  -  MemoryUsage of job (MB)
	3762520  -  ResidentSetSize of job (KB)
...
006 (2588971.000.000) 2025-08-09 16:07:57 Image size of job updated: 3784912
	3675  -  MemoryUsage of job (MB)
	3762608  -  ResidentSetSize of job (KB)
...
006 (2588971.000.000) 2025-08-09 16:12:58 Image size of job updated: 3784912
	3675  -  MemoryUsage of job (MB)
	3762672  -  ResidentSetSize of job (KB)
...
006 (2588971.000.000) 2025-08-09 16:17:59 Image size of job updated: 3784912
	3675  -  MemoryUsage of job (MB)
	3762768  -  ResidentSetSize of job (KB)
...
006 (2588971.000.000) 2025-08-09 16:22:59 Image size of job updated: 3784912
	3675  -  MemoryUsage of job (MB)
	3762824  -  ResidentSetSize of job (KB)
...
006 (2588971.000.000) 2025-08-09 16:27:59 Image size of job updated: 3784912
	3675  -  MemoryUsage of job (MB)
	3762872  -  ResidentSetSize of job (KB)
...
006 (2588971.000.000) 2025-08-09 16:33:00 Image size of job updated: 3784912
	3675  -  MemoryUsage of job (MB)
	3762916  -  ResidentSetSize of job (KB)
...
006 (2588971.000.000) 2025-08-09 16:38:01 Image size of job updated: 3784912
	3675  -  MemoryUsage of job (MB)
	3762960  -  ResidentSetSize of job (KB)
...
006 (2588971.000.000) 2025-08-09 16:43:01 Image size of job updated: 3784912
	3675  -  MemoryUsage of job (MB)
	3763036  -  ResidentSetSize of job (KB)
...
006 (2588971.000.000) 2025-08-09 16:48:01 Image size of job updated: 3784912
	3675  -  MemoryUsage of job (MB)
	3763120  -  ResidentSetSize of job (KB)
...
006 (2588971.000.000) 2025-08-09 16:53:02 Image size of job updated: 3784912
	3676  -  MemoryUsage of job (MB)
	3763212  -  ResidentSetSize of job (KB)
...
006 (2588971.000.000) 2025-08-09 16:58:03 Image size of job updated: 3822832
	3687  -  MemoryUsage of job (MB)
	3775128  -  ResidentSetSize of job (KB)
...
006 (2588971.000.000) 2025-08-09 17:03:03 Image size of job updated: 3822832
	3687  -  MemoryUsage of job (MB)
	3775176  -  ResidentSetSize of job (KB)
...
006 (2588971.000.000) 2025-08-09 17:08:03 Image size of job updated: 3822832
	3687  -  MemoryUsage of job (MB)
	3775224  -  ResidentSetSize of job (KB)
...
006 (2588971.000.000) 2025-08-09 17:13:04 Image size of job updated: 3822832
	3687  -  MemoryUsage of job (MB)
	3775284  -  ResidentSetSize of job (KB)
...
006 (2588971.000.000) 2025-08-09 17:18:04 Image size of job updated: 3822832
	3687  -  MemoryUsage of job (MB)
	3775364  -  ResidentSetSize of job (KB)
...
006 (2588971.000.000) 2025-08-09 17:23:04 Image size of job updated: 3822832
	3687  -  MemoryUsage of job (MB)
	3775424  -  ResidentSetSize of job (KB)
...
006 (2588971.000.000) 2025-08-09 17:28:05 Image size of job updated: 3822832
	3687  -  MemoryUsage of job (MB)
	3775488  -  ResidentSetSize of job (KB)
...
006 (2588971.000.000) 2025-08-09 17:33:06 Image size of job updated: 3822832
	3688  -  MemoryUsage of job (MB)
	3775552  -  ResidentSetSize of job (KB)
...
006 (2588971.000.000) 2025-08-09 17:38:06 Image size of job updated: 3822832
	3688  -  MemoryUsage of job (MB)
	3775612  -  ResidentSetSize of job (KB)
...
006 (2588971.000.000) 2025-08-09 17:43:06 Image size of job updated: 3822832
	3688  -  MemoryUsage of job (MB)
	3775652  -  ResidentSetSize of job (KB)
...
006 (2588971.000.000) 2025-08-09 17:48:07 Image size of job updated: 3822832
	3688  -  MemoryUsage of job (MB)
	3775720  -  ResidentSetSize of job (KB)
...
006 (2588971.000.000) 2025-08-09 17:53:08 Image size of job updated: 3822832
	3688  -  MemoryUsage of job (MB)
	3775760  -  ResidentSetSize of job (KB)
...
006 (2588971.000.000) 2025-08-09 17:58:08 Image size of job updated: 3834736
	3705  -  MemoryUsage of job (MB)
	3793012  -  ResidentSetSize of job (KB)
...
006 (2588971.000.000) 2025-08-09 18:03:09 Image size of job updated: 3834736
	3705  -  MemoryUsage of job (MB)
	3793064  -  ResidentSetSize of job (KB)
...
006 (2588971.000.000) 2025-08-09 18:08:10 Image size of job updated: 3834736
	3705  -  MemoryUsage of job (MB)
	3793112  -  ResidentSetSize of job (KB)
...
006 (2588971.000.000) 2025-08-09 18:13:10 Image size of job updated: 3834736
	3705  -  MemoryUsage of job (MB)
	3793180  -  ResidentSetSize of job (KB)
...
006 (2588971.000.000) 2025-08-09 18:18:10 Image size of job updated: 3834736
	3705  -  MemoryUsage of job (MB)
	3793240  -  ResidentSetSize of job (KB)
...
006 (2588971.000.000) 2025-08-09 18:23:11 Image size of job updated: 3834736
	3705  -  MemoryUsage of job (MB)
	3793284  -  ResidentSetSize of job (KB)
...
006 (2588971.000.000) 2025-08-09 18:28:12 Image size of job updated: 3834736
	3705  -  MemoryUsage of job (MB)
	3793344  -  ResidentSetSize of job (KB)
...
006 (2588971.000.000) 2025-08-09 18:33:12 Image size of job updated: 3834736
	3705  -  MemoryUsage of job (MB)
	3793388  -  ResidentSetSize of job (KB)
...
006 (2588971.000.000) 2025-08-09 18:38:12 Image size of job updated: 3834736
	3705  -  MemoryUsage of job (MB)
	3793432  -  ResidentSetSize of job (KB)
...
006 (2588971.000.000) 2025-08-09 18:43:13 Image size of job updated: 3834736
	3705  -  MemoryUsage of job (MB)
	3793488  -  ResidentSetSize of job (KB)
...
006 (2588971.000.000) 2025-08-09 18:48:14 Image size of job updated: 3834736
	3705  -  MemoryUsage of job (MB)
	3793548  -  ResidentSetSize of job (KB)
...
006 (2588971.000.000) 2025-08-09 18:53:14 Image size of job updated: 3834736
	3705  -  MemoryUsage of job (MB)
	3793608  -  ResidentSetSize of job (KB)
...
006 (2588971.000.000) 2025-08-09 18:58:15 Image size of job updated: 3834736
	3705  -  MemoryUsage of job (MB)
	3793684  -  ResidentSetSize of job (KB)
...
006 (2588971.000.000) 2025-08-09 19:03:16 Image size of job updated: 3838276
	3705  -  MemoryUsage of job (MB)
	3793684  -  ResidentSetSize of job (KB)
...
006 (2588971.000.000) 2025-08-09 20:03:21 Image size of job updated: 3838276
	3712  -  MemoryUsage of job (MB)
	3800648  -  ResidentSetSize of job (KB)
...
006 (2588971.000.000) 2025-08-09 20:08:21 Image size of job updated: 3838276
	3712  -  MemoryUsage of job (MB)
	3800688  -  ResidentSetSize of job (KB)
...
006 (2588971.000.000) 2025-08-09 20:13:22 Image size of job updated: 3838276
	3712  -  MemoryUsage of job (MB)
	3800716  -  ResidentSetSize of job (KB)
...
006 (2588971.000.000) 2025-08-09 20:18:23 Image size of job updated: 3838276
	3712  -  MemoryUsage of job (MB)
	3800740  -  ResidentSetSize of job (KB)
...
006 (2588971.000.000) 2025-08-09 20:23:23 Image size of job updated: 3838276
	3712  -  MemoryUsage of job (MB)
	3800820  -  ResidentSetSize of job (KB)
...
006 (2588971.000.000) 2025-08-09 20:28:23 Image size of job updated: 3838276
	3712  -  MemoryUsage of job (MB)
	3800864  -  ResidentSetSize of job (KB)
...
006 (2588971.000.000) 2025-08-09 20:33:24 Image size of job updated: 3838276
	3712  -  MemoryUsage of job (MB)
	3800948  -  ResidentSetSize of job (KB)
...
006 (2588971.000.000) 2025-08-09 20:38:25 Image size of job updated: 3838276
	3712  -  MemoryUsage of job (MB)
	3801012  -  ResidentSetSize of job (KB)
...
006 (2588971.000.000) 2025-08-09 20:43:25 Image size of job updated: 3838276
	3712  -  MemoryUsage of job (MB)
	3801084  -  ResidentSetSize of job (KB)
...
006 (2588971.000.000) 2025-08-09 20:48:25 Image size of job updated: 3838276
	3713  -  MemoryUsage of job (MB)
	3801128  -  ResidentSetSize of job (KB)
...
006 (2588971.000.000) 2025-08-09 20:53:26 Image size of job updated: 3838276
	3713  -  MemoryUsage of job (MB)
	3801160  -  ResidentSetSize of job (KB)
...
006 (2588971.000.000) 2025-08-09 20:58:27 Image size of job updated: 3838276
	3713  -  MemoryUsage of job (MB)
	3801192  -  ResidentSetSize of job (KB)
...
006 (2588971.000.000) 2025-08-09 21:03:27 Image size of job updated: 3838276
	3713  -  MemoryUsage of job (MB)
	3801224  -  ResidentSetSize of job (KB)
...
006 (2588971.000.000) 2025-08-09 21:08:28 Image size of job updated: 3856572
	3713  -  MemoryUsage of job (MB)
	3801592  -  ResidentSetSize of job (KB)
...
006 (2588971.000.000) 2025-08-09 21:13:29 Image size of job updated: 3856572
	3713  -  MemoryUsage of job (MB)
	3801636  -  ResidentSetSize of job (KB)
...
006 (2588971.000.000) 2025-08-09 21:18:29 Image size of job updated: 3856572
	3713  -  MemoryUsage of job (MB)
	3801692  -  ResidentSetSize of job (KB)
...
006 (2588971.000.000) 2025-08-09 21:23:29 Image size of job updated: 3856572
	3713  -  MemoryUsage of job (MB)
	3801744  -  ResidentSetSize of job (KB)
...
006 (2588971.000.000) 2025-08-09 21:28:30 Image size of job updated: 3856572
	3713  -  MemoryUsage of job (MB)
	3801780  -  ResidentSetSize of job (KB)
...
006 (2588971.000.000) 2025-08-09 21:33:31 Image size of job updated: 3856572
	3713  -  MemoryUsage of job (MB)
	3801824  -  ResidentSetSize of job (KB)
...
006 (2588971.000.000) 2025-08-09 21:38:31 Image size of job updated: 3856572
	3713  -  MemoryUsage of job (MB)
	3801892  -  ResidentSetSize of job (KB)
...
006 (2588971.000.000) 2025-08-09 21:43:31 Image size of job updated: 3856572
	3713  -  MemoryUsage of job (MB)
	3801944  -  ResidentSetSize of job (KB)
...
006 (2588971.000.000) 2025-08-09 21:48:32 Image size of job updated: 3856572
	3713  -  MemoryUsage of job (MB)
	3801988  -  ResidentSetSize of job (KB)
...
006 (2588971.000.000) 2025-08-09 21:53:33 Image size of job updated: 3856572
	3713  -  MemoryUsage of job (MB)
	3802032  -  ResidentSetSize of job (KB)
...
006 (2588971.000.000) 2025-08-09 21:58:33 Image size of job updated: 3856572
	3713  -  MemoryUsage of job (MB)
	3802076  -  ResidentSetSize of job (KB)
...
006 (2588971.000.000) 2025-08-09 22:03:33 Image size of job updated: 3856572
	3714  -  MemoryUsage of job (MB)
	3802116  -  ResidentSetSize of job (KB)
...
006 (2588971.000.000) 2025-08-09 22:08:34 Image size of job updated: 3862668
	3714  -  MemoryUsage of job (MB)
	3802116  -  ResidentSetSize of job (KB)
...
006 (2588971.000.000) 2025-08-09 23:08:41 Image size of job updated: 3862668
	3719  -  MemoryUsage of job (MB)
	3807324  -  ResidentSetSize of job (KB)
...
006 (2588971.000.000) 2025-08-09 23:13:41 Image size of job updated: 3862668
	3719  -  MemoryUsage of job (MB)
	3807348  -  ResidentSetSize of job (KB)
...
006 (2588971.000.000) 2025-08-09 23:18:41 Image size of job updated: 3862668
	3719  -  MemoryUsage of job (MB)
	3807380  -  ResidentSetSize of job (KB)
...
006 (2588971.000.000) 2025-08-09 23:23:42 Image size of job updated: 3862668
	3719  -  MemoryUsage of job (MB)
	3807428  -  ResidentSetSize of job (KB)
...
006 (2588971.000.000) 2025-08-09 23:28:43 Image size of job updated: 3862668
	3719  -  MemoryUsage of job (MB)
	3807460  -  ResidentSetSize of job (KB)
...
006 (2588971.000.000) 2025-08-09 23:33:43 Image size of job updated: 3862668
	3719  -  MemoryUsage of job (MB)
	3807504  -  ResidentSetSize of job (KB)
...
006 (2588971.000.000) 2025-08-09 23:38:43 Image size of job updated: 3862668
	3719  -  MemoryUsage of job (MB)
	3807540  -  ResidentSetSize of job (KB)
...
006 (2588971.000.000) 2025-08-09 23:43:44 Image size of job updated: 3862668
	3719  -  MemoryUsage of job (MB)
	3807592  -  ResidentSetSize of job (KB)
...
006 (2588971.000.000) 2025-08-09 23:48:45 Image size of job updated: 3862668
	3719  -  MemoryUsage of job (MB)
	3807628  -  ResidentSetSize of job (KB)
...
006 (2588971.000.000) 2025-08-09 23:53:45 Image size of job updated: 3862668
	3719  -  MemoryUsage of job (MB)
	3807668  -  ResidentSetSize of job (KB)
...
006 (2588971.000.000) 2025-08-09 23:58:46 Image size of job updated: 3862668
	3719  -  MemoryUsage of job (MB)
	3807712  -  ResidentSetSize of job (KB)
...
006 (2588971.000.000) 2025-08-10 00:03:47 Image size of job updated: 3862668
	3719  -  MemoryUsage of job (MB)
	3807740  -  ResidentSetSize of job (KB)
...
006 (2588971.000.000) 2025-08-10 00:08:47 Image size of job updated: 3862668
	3719  -  MemoryUsage of job (MB)
	3807764  -  ResidentSetSize of job (KB)
...
006 (2588971.000.000) 2025-08-10 00:13:47 Image size of job updated: 3862668
	3726  -  MemoryUsage of job (MB)
	3815140  -  ResidentSetSize of job (KB)
...
006 (2588971.000.000) 2025-08-10 00:18:48 Image size of job updated: 3862668
	3726  -  MemoryUsage of job (MB)
	3815172  -  ResidentSetSize of job (KB)
...
006 (2588971.000.000) 2025-08-10 00:23:49 Image size of job updated: 3862668
	3726  -  MemoryUsage of job (MB)
	3815192  -  ResidentSetSize of job (KB)
...
006 (2588971.000.000) 2025-08-10 00:28:49 Image size of job updated: 3862668
	3726  -  MemoryUsage of job (MB)
	3815220  -  ResidentSetSize of job (KB)
...
006 (2588971.000.000) 2025-08-10 00:33:49 Image size of job updated: 3862668
	3726  -  MemoryUsage of job (MB)
	3815256  -  ResidentSetSize of job (KB)
...
006 (2588971.000.000) 2025-08-10 00:38:50 Image size of job updated: 3862668
	3726  -  MemoryUsage of job (MB)
	3815316  -  ResidentSetSize of job (KB)
...
006 (2588971.000.000) 2025-08-10 00:43:51 Image size of job updated: 3862668
	3726  -  MemoryUsage of job (MB)
	3815348  -  ResidentSetSize of job (KB)
...
006 (2588971.000.000) 2025-08-10 00:48:51 Image size of job updated: 3862668
	3726  -  MemoryUsage of job (MB)
	3815380  -  ResidentSetSize of job (KB)
...
006 (2588971.000.000) 2025-08-10 00:53:51 Image size of job updated: 3862668
	3727  -  MemoryUsage of job (MB)
	3815448  -  ResidentSetSize of job (KB)
...
006 (2588971.000.000) 2025-08-10 00:58:52 Image size of job updated: 3862668
	3727  -  MemoryUsage of job (MB)
	3815488  -  ResidentSetSize of job (KB)
...
006 (2588971.000.000) 2025-08-10 01:03:53 Image size of job updated: 3862668
	3727  -  MemoryUsage of job (MB)
	3815532  -  ResidentSetSize of job (KB)
...
006 (2588971.000.000) 2025-08-10 01:08:53 Image size of job updated: 3862668
	3727  -  MemoryUsage of job (MB)
	3815568  -  ResidentSetSize of job (KB)
...
006 (2588971.000.000) 2025-08-10 01:13:53 Image size of job updated: 3868336
	3738  -  MemoryUsage of job (MB)
	3827516  -  ResidentSetSize of job (KB)
...
006 (2588971.000.000) 2025-08-10 01:18:54 Image size of job updated: 3870244
	3738  -  MemoryUsage of job (MB)
	3827516  -  ResidentSetSize of job (KB)
...
005 (2588971.000.000) 2025-08-10 01:58:51 Job terminated.
	(1) Normal termination (return value 0)
		Usr 62 17:29:37, Sys 0 00:10:10  -  Run Remote Usage
		Usr 0 00:00:00, Sys 0 00:00:00  -  Run Local Usage
		Usr 62 17:29:37, Sys 0 00:10:10  -  Total Remote Usage
		Usr 0 00:00:00, Sys 0 00:00:00  -  Total Local Usage
	0  -  Run Bytes Sent By Job
	0  -  Run Bytes Received By Job
	0  -  Total Bytes Sent By Job
	0  -  Total Bytes Received By Job
	Partitionable Resources :     Usage  Request Allocated 
	   Cpus                 :      1.94       64        64 
	   Disk (KB)            :  17500    16777216  16779829 
	   GPUs                 :                            0 
	   Memory (MB)          :   3738       16384     16384 
	   TimeExecute (s)      : 118104                       
	   TimeSlotBusy (s)     : 118105                       

	Job terminated of its own accord at 2025-08-09T23:58:51Z with exit-code 0.
...
