NFDist has source_type = bns
self.parameters_ref
{'chirp_mass': 1.1975896, 'symmetric_mass_ratio': 0.2461001, 'a_1': 0.01890608, 'a_2': 0.04888488, 'tilt_1': 0.0, 'tilt_2': 0.0, 'phi_jl': 0.0, 'phi_12': 0.0, 'lambda_1': 100.0, 'lambda_2': 200.0, 'luminosity_distance': 40.06331818, 'phase': 5.88649652, 'theta_jn': 1.93095421, 'psi': 1.59687217, 'ra': 3.39736826, 'dec': -0.34000186, 'mass_ratio': 0.7779384106788951, 'mass_1': 1.5621553813557303, 'mass_2': 1.2152606746053602, 'geocent_time': 1187008882.43, 'duration': 128.0}
3779it [0:00:44 bound:3 nc:637 ncall:8.3e+04 eff:4.6% logz-ratio=-5.92+/-0.06 dlogz:33.092>0.1]
4152it [0:01:45 bound:9 nc:754 ncall:3.4e+05 eff:1.2% logz-ratio=-5.02+/-0.06 dlogz:31.828>0.1]
4585it [0:02:52 bound:16 nc:820 ncall:6.5e+05 eff:0.7% logz-ratio=-4.21+/-0.06 dlogz:30.590>0.1]
5021it [0:03:55 bound:23 nc:851 ncall:9.7e+05 eff:0.5% logz-ratio=-3.50+/-0.06 dlogz:29.456>0.1]
5391it [0:05:10 bound:29 nc:733 ncall:1.3e+06 eff:0.4% logz-ratio=-2.92+/-0.06 dlogz:67.147>0.1]
5703it [0:06:23 bound:34 nc:649 ncall:1.5e+06 eff:0.4% logz-ratio=-2.46+/-0.07 dlogz:80.165>0.1]
5952it [0:07:23 bound:38 nc:1750 ncall:1.7e+06 eff:0.4% logz-ratio=-2.11+/-0.07 dlogz:109.416>0.1]
6203it [0:08:27 bound:42 nc:1171 ncall:1.9e+06 eff:0.3% logz-ratio=-1.75+/-0.07 dlogz:108.809>0.1]
6450it [0:09:30 bound:46 nc:770 ncall:2.1e+06 eff:0.3% logz-ratio=-1.37+/-0.07 dlogz:108.195>0.1]
6697it [0:10:33 bound:50 nc:707 ncall:2.3e+06 eff:0.3% logz-ratio=-0.95+/-0.07 dlogz:178.379>0.1]
6941it [0:11:38 bound:54 nc:836 ncall:2.5e+06 eff:0.3% logz-ratio=-0.43+/-0.08 dlogz:177.620>0.1]
7189it [0:12:43 bound:58 nc:503 ncall:2.7e+06 eff:0.3% logz-ratio=0.23+/-0.08 dlogz:176.718>0.1]
7437it [0:13:50 bound:62 nc:930 ncall:3.0e+06 eff:0.2% logz-ratio=1.15+/-0.08 dlogz:175.562>0.1]
7685it [0:15:00 bound:66 nc:1067 ncall:3.2e+06 eff:0.2% logz-ratio=2.26+/-0.09 dlogz:174.213>0.1]
7931it [0:16:11 bound:70 nc:863 ncall:3.5e+06 eff:0.2% logz-ratio=3.60+/-0.09 dlogz:172.632>0.1]
8169it [0:17:21 bound:74 nc:274 ncall:3.7e+06 eff:0.2% logz-ratio=5.28+/-0.09 dlogz:170.719>0.1]
8420it [0:18:34 bound:78 nc:1029 ncall:4.0e+06 eff:0.2% logz-ratio=7.26+/-0.09 dlogz:180.715>0.1]
8666it [0:19:49 bound:82 nc:1137 ncall:4.2e+06 eff:0.2% logz-ratio=9.56+/-0.10 dlogz:178.170>0.1]
8916it [0:21:04 bound:86 nc:1168 ncall:4.5e+06 eff:0.2% logz-ratio=12.16+/-0.10 dlogz:175.337>0.1]
9165it [0:22:18 bound:90 nc:1078 ncall:4.7e+06 eff:0.2% logz-ratio=15.09+/-0.10 dlogz:200.355>0.1]
9413it [0:23:32 bound:94 nc:1002 ncall:5.0e+06 eff:0.2% logz-ratio=18.14+/-0.10 dlogz:202.867>0.1]
9656it [0:24:52 bound:98 nc:572 ncall:5.2e+06 eff:0.2% logz-ratio=21.96+/-0.10 dlogz:331.053>0.1]
9905it [0:26:07 bound:102 nc:1454 ncall:5.5e+06 eff:0.2% logz-ratio=26.92+/-0.11 dlogz:325.855>0.1]
10153it [0:27:24 bound:106 nc:649 ncall:5.8e+06 eff:0.2% logz-ratio=32.73+/-0.11 dlogz:319.802>0.1]
10402it [0:28:40 bound:110 nc:1027 ncall:6.0e+06 eff:0.2% logz-ratio=39.20+/-0.11 dlogz:313.088>0.1]
10645it [0:30:01 bound:114 nc:1573 ncall:6.3e+06 eff:0.2% logz-ratio=45.56+/-0.11 dlogz:320.609>0.1]
10888it [0:31:19 bound:118 nc:1911 ncall:6.5e+06 eff:0.2% logz-ratio=52.63+/-0.11 dlogz:313.316>0.1]
11136it [0:32:34 bound:122 nc:913 ncall:6.8e+06 eff:0.2% logz-ratio=60.35+/-0.11 dlogz:305.354>0.1]
11384it [0:33:53 bound:126 nc:1376 ncall:7.1e+06 eff:0.2% logz-ratio=68.27+/-0.12 dlogz:297.183>0.1]
11630it [0:35:08 bound:130 nc:768 ncall:7.3e+06 eff:0.2% logz-ratio=76.50+/-0.12 dlogz:288.720>0.1]
11815it [0:36:14 bound:133 nc:1371 ncall:7.5e+06 eff:0.2% logz-ratio=82.40+/-0.12 dlogz:282.650>0.1]
12000it [0:37:19 bound:136 nc:767 ncall:7.7e+06 eff:0.2% logz-ratio=89.27+/-0.12 dlogz:275.590>0.1]
12183it [0:38:20 bound:139 nc:1212 ncall:7.9e+06 eff:0.2% logz-ratio=96.88+/-0.12 dlogz:267.803>0.1]
12370it [0:39:21 bound:142 nc:939 ncall:8.1e+06 eff:0.2% logz-ratio=103.54+/-0.12 dlogz:281.694>0.1]
12558it [0:40:26 bound:145 nc:1331 ncall:8.3e+06 eff:0.2% logz-ratio=111.60+/-0.12 dlogz:273.454>0.1]
12746it [0:41:32 bound:148 nc:896 ncall:8.6e+06 eff:0.1% logz-ratio=119.18+/-0.12 dlogz:265.703>0.1]
12934it [0:42:37 bound:151 nc:1186 ncall:8.8e+06 eff:0.1% logz-ratio=127.13+/-0.12 dlogz:257.556>0.1]
13120it [0:43:40 bound:154 nc:1547 ncall:9.0e+06 eff:0.1% logz-ratio=136.15+/-0.12 dlogz:248.375>0.1]
13300it [0:44:46 bound:157 nc:1212 ncall:9.2e+06 eff:0.1% logz-ratio=144.86+/-0.12 dlogz:289.482>0.1]
13487it [0:45:51 bound:160 nc:997 ncall:9.4e+06 eff:0.1% logz-ratio=154.14+/-0.13 dlogz:280.008>0.1]
13739it [0:47:12 bound:164 nc:1988 ncall:9.7e+06 eff:0.1% logz-ratio=166.58+/-0.13 dlogz:267.335>0.1]
13926it [0:48:18 bound:167 nc:1059 ncall:9.9e+06 eff:0.1% logz-ratio=174.41+/-0.13 dlogz:259.318>0.1]
14174it [0:49:27 bound:171 nc:959 ncall:1.0e+07 eff:0.1% logz-ratio=186.90+/-0.13 dlogz:246.584>0.1]
14485it [0:50:41 bound:176 nc:704 ncall:1.1e+07 eff:0.1% logz-ratio=201.74+/-0.13 dlogz:247.378>0.1]
14730it [0:51:54 bound:180 nc:1779 ncall:1.1e+07 eff:0.1% logz-ratio=211.99+/-0.13 dlogz:236.885>0.1]
14913it [0:52:55 bound:183 nc:1091 ncall:1.1e+07 eff:0.1% logz-ratio=220.77+/-0.13 dlogz:227.962>0.1]
15100it [0:54:06 bound:186 nc:903 ncall:1.1e+07 eff:0.1% logz-ratio=230.23+/-0.13 dlogz:218.273>0.1]
15283it [0:55:13 bound:189 nc:793 ncall:1.2e+07 eff:0.1% logz-ratio=239.43+/-0.13 dlogz:208.915>0.1]
15471it [0:56:18 bound:192 nc:1229 ncall:1.2e+07 eff:0.1% logz-ratio=247.65+/-0.13 dlogz:207.516>0.1]
15655it [0:57:22 bound:195 nc:1129 ncall:1.2e+07 eff:0.1% logz-ratio=255.53+/-0.13 dlogz:199.460>0.1]
15843it [0:58:22 bound:198 nc:783 ncall:1.2e+07 eff:0.1% logz-ratio=264.29+/-0.13 dlogz:190.524>0.1]
16029it [0:59:27 bound:201 nc:1265 ncall:1.3e+07 eff:0.1% logz-ratio=273.86+/-0.13 dlogz:185.130>0.1]
16158it [1:00:29 bound:203 nc:896 ncall:1.3e+07 eff:0.1% logz-ratio=279.04+/-0.13 dlogz:179.822>0.1]
16340it [1:01:33 bound:206 nc:1166 ncall:1.3e+07 eff:0.1% logz-ratio=286.62+/-0.13 dlogz:187.155>0.1]
16588it [1:02:49 bound:210 nc:1550 ncall:1.3e+07 eff:0.1% logz-ratio=296.39+/-0.14 dlogz:177.152>0.1]
16772it [1:03:58 bound:213 nc:1309 ncall:1.3e+07 eff:0.1% logz-ratio=305.16+/-0.14 dlogz:168.201>0.1]
16961it [1:05:03 bound:216 nc:1093 ncall:1.4e+07 eff:0.1% logz-ratio=313.67+/-0.14 dlogz:159.504>0.1]
