JAX: devices available: [CudaDevice(id=0)]
torch: CUDA is available. Number of devices: 1
torch: Current CUDA device: 0
Training data will be loaded from: /data/gravwav/twouters/projects/eos_source_classification/eos_source_classification/data/eos/radio_chiEFT_NICER/eos_samples.npz
Training a normalizing flow for population =  gaussian and bns sources
Before training, we built the following NF kwargs: {'n_transforms': 3, 'n_neurons': 128, 'n_blocks_per_transform': 3, 'nn_depth': 1, 'flow_layers': 1, 'nn_block_dim': 8, 'glasflow_type': 'MaskedAffineAutoregressiveFlow', 'names': ['chirp_mass_source', 'mass_ratio', 'lambda_1', 'lambda_2'], 'n_inputs': 4}
Everything for this model will be saved to ./models/gaussian/bns/radio_chiEFT_NICER
Starting training with the following parameters:
Reading the EOS data from /data/gravwav/twouters/projects/eos_source_classification/eos_source_classification/data/eos/radio_chiEFT_NICER/eos_samples.npz
Number of good samples:  0.9882
0/50000
5000/50000
10000/50000
15000/50000
20000/50000
25000/50000
30000/50000
35000/50000
40000/50000
45000/50000
Create data will save the following data:
  m1: range = [1.1053746392393822, 1.7849134043638295]
  m2: range = [0.8834013796756597, 1.5876612877504779]
  mass_ratio: range = [0.64750519464835, 0.9999980857759511]
  lambda_1: range = [52.498866524677595, 3526.9395262462745]
  lambda_2: range = [128.07606623047818, 10960.515507433991]
  lambda_tilde: range = [122.35389938542527, 3996.9759599792983]
  delta_lambda_tilde: range = [-4.1770601344616205, 873.2673042211338]
  chirp_mass_source: range = [0.9199119746639526, 1.418406053165261]
Saving to ./models/gaussian/bns/radio_chiEFT_NICER/training_data.npz:
Saving to ./models/gaussian/bns/radio_chiEFT_NICER/training_data.npz DONE
Using source-frame chirp mass and mass ratio (Mc, q) for training
Using component parameterization for lambdas (lambda_1, lambda_2)
Training samples: 40000, Validation samples: 10000
Creating the training data arrays
4D training data model for bns
np.shape(self.x)
(40000, 4)
Using MinMaxScaler to scale the input data x
Saved sklearn scaler to ./models/gaussian/bns/radio_chiEFT_NICER/scaler.gz
Going to start training for glasflow . . .
Early stopping triggered at epoch 993
Saving the training loss plot to ./models/gaussian/bns/radio_chiEFT_NICER/training_loss.pdf
Training done. Took around 9.92 minutes
Saving the model weights to ./models/gaussian/bns/radio_chiEFT_NICER/model.pt
Saving the model kwargs to ./models/gaussian/bns/radio_chiEFT_NICER/model_kwargs.json
DONE training!
