NFDist has source_type = nsbh
self.parameters_ref
{'chirp_mass': 1.1975896, 'symmetric_mass_ratio': 0.2461001, 'a_1': 0.01890608, 'a_2': 0.04888488, 'tilt_1': 0.0, 'tilt_2': 0.0, 'phi_jl': 0.0, 'phi_12': 0.0, 'lambda_1': 100.0, 'lambda_2': 200.0, 'luminosity_distance': 40.06331818, 'phase': 5.88649652, 'theta_jn': 1.93095421, 'psi': 1.59687217, 'ra': 3.39736826, 'dec': -0.34000186, 'mass_ratio': 0.7779384106788951, 'mass_1': 1.5621553813557303, 'mass_2': 1.2152606746053602, 'geocent_time': 1187008882.43, 'duration': 128.0}
1it [0:00:00 bound:0 nc:  1 ncall:4.1e+03 eff:0.0% logz-ratio=-14394.22+/-0.05 dlogz:inf>0.1]
11896it [0:01:00 bound:0 nc: 19 ncall:7.6e+04 eff:15.6% logz-ratio=-10.75+/-0.03 dlogz:20.714>0.1]
14718it [0:02:12 bound:2 nc:772 ncall:1.5e+05 eff:9.9% logz-ratio=-7.57+/-0.03 dlogz:16.843>0.1]
14973it [0:03:31 bound:6 nc:588 ncall:3.3e+05 eff:4.5% logz-ratio=-7.36+/-0.03 dlogz:16.568>0.1]
15224it [0:04:49 bound:10 nc:709 ncall:5.3e+05 eff:2.9% logz-ratio=-7.15+/-0.03 dlogz:20.808>0.1]
15477it [0:06:05 bound:14 nc:840 ncall:7.2e+05 eff:2.2% logz-ratio=-6.95+/-0.03 dlogz:20.545>0.1]
15729it [0:07:21 bound:18 nc:469 ncall:9.0e+05 eff:1.7% logz-ratio=-6.76+/-0.03 dlogz:20.289>0.1]
15982it [0:08:37 bound:22 nc:655 ncall:1.1e+06 eff:1.5% logz-ratio=-6.57+/-0.03 dlogz:20.041>0.1]
16237it [0:09:55 bound:26 nc:647 ncall:1.3e+06 eff:1.3% logz-ratio=-6.39+/-0.03 dlogz:19.800>0.1]
16493it [0:11:12 bound:30 nc:740 ncall:1.5e+06 eff:1.1% logz-ratio=-6.22+/-0.03 dlogz:19.569>0.1]
16747it [0:12:29 bound:34 nc:639 ncall:1.7e+06 eff:1.0% logz-ratio=-6.07+/-0.03 dlogz:19.351>0.1]
16939it [0:13:30 bound:37 nc:755 ncall:1.8e+06 eff:0.9% logz-ratio=-5.95+/-0.03 dlogz:19.190>0.1]
17127it [0:14:32 bound:40 nc:737 ncall:1.9e+06 eff:0.9% logz-ratio=-5.84+/-0.03 dlogz:19.035>0.1]
17382it [0:15:51 bound:44 nc:862 ncall:2.1e+06 eff:0.8% logz-ratio=-5.70+/-0.03 dlogz:18.831>0.1]
17574it [0:16:56 bound:47 nc:878 ncall:2.3e+06 eff:0.8% logz-ratio=-5.60+/-0.03 dlogz:18.682>0.1]
17766it [0:17:58 bound:50 nc:814 ncall:2.4e+06 eff:0.7% logz-ratio=-5.50+/-0.03 dlogz:18.534>0.1]
17955it [0:19:01 bound:53 nc:970 ncall:2.6e+06 eff:0.7% logz-ratio=-5.40+/-0.03 dlogz:18.391>0.1]
18208it [0:20:20 bound:57 nc:918 ncall:2.7e+06 eff:0.7% logz-ratio=-5.28+/-0.03 dlogz:18.206>0.1]
18400it [0:21:23 bound:60 nc:1034 ncall:2.9e+06 eff:0.6% logz-ratio=-5.19+/-0.03 dlogz:18.069>0.1]
18590it [0:22:26 bound:63 nc:814 ncall:3.0e+06 eff:0.6% logz-ratio=-5.10+/-0.03 dlogz:17.936>0.1]
18780it [0:23:33 bound:66 nc:782 ncall:3.2e+06 eff:0.6% logz-ratio=-5.02+/-0.03 dlogz:17.804>0.1]
18971it [0:24:37 bound:69 nc:672 ncall:3.3e+06 eff:0.6% logz-ratio=-4.94+/-0.03 dlogz:17.675>0.1]
19162it [0:25:41 bound:72 nc:639 ncall:3.5e+06 eff:0.6% logz-ratio=-4.85+/-0.03 dlogz:17.548>0.1]
19352it [0:26:42 bound:75 nc:774 ncall:3.6e+06 eff:0.5% logz-ratio=-4.78+/-0.03 dlogz:17.422>0.1]
19543it [0:27:50 bound:78 nc:622 ncall:3.7e+06 eff:0.5% logz-ratio=-4.70+/-0.03 dlogz:17.297>0.1]
19733it [0:28:55 bound:81 nc:713 ncall:3.9e+06 eff:0.5% logz-ratio=-4.62+/-0.03 dlogz:17.174>0.1]
19924it [0:29:58 bound:84 nc:550 ncall:4.0e+06 eff:0.5% logz-ratio=-4.55+/-0.03 dlogz:17.053>0.1]
20113it [0:31:06 bound:87 nc:628 ncall:4.2e+06 eff:0.5% logz-ratio=-4.47+/-0.03 dlogz:16.933>0.1]
20302it [0:32:15 bound:90 nc:731 ncall:4.3e+06 eff:0.5% logz-ratio=-4.40+/-0.03 dlogz:16.816>0.1]
20493it [0:33:20 bound:93 nc:671 ncall:4.5e+06 eff:0.5% logz-ratio=-4.33+/-0.03 dlogz:16.698>0.1]
20682it [0:34:29 bound:96 nc:601 ncall:4.6e+06 eff:0.5% logz-ratio=-4.26+/-0.03 dlogz:16.582>0.1]
20871it [0:35:39 bound:99 nc:810 ncall:4.7e+06 eff:0.4% logz-ratio=-4.19+/-0.03 dlogz:16.468>0.1]
21057it [0:36:43 bound:102 nc:647 ncall:4.9e+06 eff:0.4% logz-ratio=-4.13+/-0.03 dlogz:16.356>0.1]
21249it [0:37:49 bound:105 nc:751 ncall:5.0e+06 eff:0.4% logz-ratio=-4.06+/-0.03 dlogz:16.241>0.1]
21438it [0:38:55 bound:108 nc:642 ncall:5.2e+06 eff:0.4% logz-ratio=-3.99+/-0.03 dlogz:16.129>0.1]
21625it [0:40:03 bound:111 nc:1148 ncall:5.3e+06 eff:0.4% logz-ratio=-3.93+/-0.03 dlogz:16.019>0.1]
21814it [0:41:09 bound:114 nc:858 ncall:5.5e+06 eff:0.4% logz-ratio=-3.86+/-0.03 dlogz:15.909>0.1]
22003it [0:42:15 bound:117 nc:571 ncall:5.6e+06 eff:0.4% logz-ratio=-3.80+/-0.03 dlogz:15.800>0.1]
22192it [0:43:25 bound:120 nc:830 ncall:5.7e+06 eff:0.4% logz-ratio=-3.74+/-0.03 dlogz:15.692>0.1]
22382it [0:44:38 bound:123 nc:789 ncall:5.9e+06 eff:0.4% logz-ratio=-3.68+/-0.03 dlogz:15.584>0.1]
22572it [0:45:52 bound:126 nc:539 ncall:6.0e+06 eff:0.4% logz-ratio=-3.62+/-0.03 dlogz:15.479>0.1]
22760it [0:47:06 bound:129 nc:754 ncall:6.2e+06 eff:0.4% logz-ratio=-3.56+/-0.03 dlogz:15.375>0.1]
22948it [0:48:19 bound:132 nc:916 ncall:6.3e+06 eff:0.4% logz-ratio=-3.50+/-0.03 dlogz:15.272>0.1]
23140it [0:49:28 bound:135 nc:723 ncall:6.5e+06 eff:0.4% logz-ratio=-3.45+/-0.03 dlogz:15.168>0.1]
23328it [0:50:40 bound:138 nc:428 ncall:6.6e+06 eff:0.4% logz-ratio=-3.39+/-0.03 dlogz:15.068>0.1]
23516it [0:51:56 bound:141 nc:887 ncall:6.7e+06 eff:0.3% logz-ratio=-3.34+/-0.03 dlogz:14.968>0.1]
23704it [0:53:03 bound:144 nc:813 ncall:6.9e+06 eff:0.3% logz-ratio=-3.28+/-0.03 dlogz:14.869>0.1]
23893it [0:54:15 bound:147 nc:1092 ncall:7.0e+06 eff:0.3% logz-ratio=-3.23+/-0.03 dlogz:14.771>0.1]
24081it [0:55:26 bound:150 nc:1203 ncall:7.2e+06 eff:0.3% logz-ratio=-3.18+/-0.03 dlogz:14.673>0.1]
24267it [0:56:32 bound:153 nc:569 ncall:7.3e+06 eff:0.3% logz-ratio=-3.13+/-0.03 dlogz:14.577>0.1]
24457it [0:57:46 bound:156 nc:1100 ncall:7.5e+06 eff:0.3% logz-ratio=-3.08+/-0.03 dlogz:14.480>0.1]
24644it [0:58:58 bound:159 nc:933 ncall:7.6e+06 eff:0.3% logz-ratio=-3.03+/-0.03 dlogz:14.384>0.1]
24829it [1:00:08 bound:162 nc:1022 ncall:7.7e+06 eff:0.3% logz-ratio=-2.98+/-0.03 dlogz:14.289>0.1]
24956it [1:01:27 bound:164 nc:380 ncall:7.8e+06 eff:0.3% logz-ratio=-2.95+/-0.03 dlogz:14.225>0.1]
25139it [1:02:40 bound:167 nc:484 ncall:8.0e+06 eff:0.3% logz-ratio=-2.90+/-0.03 dlogz:14.133>0.1]
25327it [1:03:53 bound:170 nc:556 ncall:8.1e+06 eff:0.3% logz-ratio=-2.85+/-0.03 dlogz:14.038>0.1]
25513it [1:05:04 bound:173 nc:1228 ncall:8.3e+06 eff:0.3% logz-ratio=-2.80+/-0.03 dlogz:13.945>0.1]
25702it [1:06:28 bound:176 nc:1014 ncall:8.4e+06 eff:0.3% logz-ratio=-2.75+/-0.03 dlogz:13.851>0.1]
25891it [1:07:46 bound:179 nc:944 ncall:8.6e+06 eff:0.3% logz-ratio=-2.71+/-0.03 dlogz:13.756>0.1]
26078it [1:09:02 bound:182 nc:983 ncall:8.7e+06 eff:0.3% logz-ratio=-2.66+/-0.03 dlogz:13.664>0.1]
26258it [1:10:16 bound:185 nc:894 ncall:8.9e+06 eff:0.3% logz-ratio=-2.62+/-0.03 dlogz:13.576>0.1]
26438it [1:11:30 bound:188 nc:735 ncall:9.0e+06 eff:0.3% logz-ratio=-2.57+/-0.03 dlogz:13.488>0.1]
26623it [1:12:45 bound:191 nc:1047 ncall:9.1e+06 eff:0.3% logz-ratio=-2.53+/-0.03 dlogz:13.613>0.1]
26808it [1:14:01 bound:194 nc:459 ncall:9.3e+06 eff:0.3% logz-ratio=-2.48+/-0.03 dlogz:13.524>0.1]
26990it [1:15:15 bound:197 nc:395 ncall:9.4e+06 eff:0.3% logz-ratio=-2.44+/-0.03 dlogz:13.435>0.1]
27169it [1:16:36 bound:200 nc:1279 ncall:9.6e+06 eff:0.3% logz-ratio=-2.40+/-0.03 dlogz:13.349>0.1]
27349it [1:17:58 bound:203 nc:1220 ncall:9.7e+06 eff:0.3% logz-ratio=-2.35+/-0.03 dlogz:13.263>0.1]
27524it [1:19:15 bound:206 nc:469 ncall:9.9e+06 eff:0.3% logz-ratio=-2.31+/-0.04 dlogz:13.179>0.1]
27707it [1:20:33 bound:209 nc:686 ncall:1.0e+07 eff:0.3% logz-ratio=-2.27+/-0.04 dlogz:13.091>0.1]
27886it [1:21:46 bound:212 nc:286 ncall:1.0e+07 eff:0.3% logz-ratio=-2.23+/-0.04 dlogz:13.006>0.1]
28066it [1:23:09 bound:215 nc:964 ncall:1.0e+07 eff:0.3% logz-ratio=-2.19+/-0.04 dlogz:12.921>0.1]
28238it [1:24:29 bound:218 nc:470 ncall:1.0e+07 eff:0.3% logz-ratio=-2.15+/-0.04 dlogz:12.839>0.1]
28422it [1:25:47 bound:221 nc:494 ncall:1.1e+07 eff:0.3% logz-ratio=-2.10+/-0.04 dlogz:12.752>0.1]
28601it [1:27:05 bound:224 nc:1223 ncall:1.1e+07 eff:0.3% logz-ratio=-2.06+/-0.04 dlogz:12.668>0.1]
28777it [1:28:23 bound:227 nc:681 ncall:1.1e+07 eff:0.3% logz-ratio=-2.02+/-0.04 dlogz:12.585>0.1]
28955it [1:29:44 bound:230 nc:595 ncall:1.1e+07 eff:0.3% logz-ratio=-1.99+/-0.04 dlogz:12.502>0.1]
29130it [1:31:03 bound:233 nc:829 ncall:1.1e+07 eff:0.3% logz-ratio=-1.95+/-0.04 dlogz:12.421>0.1]
29300it [1:32:24 bound:236 nc:919 ncall:1.1e+07 eff:0.3% logz-ratio=-1.91+/-0.04 dlogz:12.342>0.1]
29469it [1:33:49 bound:239 nc:478 ncall:1.2e+07 eff:0.3% logz-ratio=-1.87+/-0.04 dlogz:12.264>0.1]
29648it [1:35:13 bound:242 nc:905 ncall:1.2e+07 eff:0.3% logz-ratio=-1.83+/-0.04 dlogz:12.181>0.1]
29766it [1:36:15 bound:244 nc:1432 ncall:1.2e+07 eff:0.3% logz-ratio=-1.81+/-0.04 dlogz:12.127>0.1]
29933it [1:37:41 bound:247 nc:536 ncall:1.2e+07 eff:0.3% logz-ratio=-1.77+/-0.04 dlogz:12.050>0.1]
30106it [1:39:03 bound:250 nc:975 ncall:1.2e+07 eff:0.2% logz-ratio=-1.73+/-0.04 dlogz:11.971>0.1]
30276it [1:40:27 bound:253 nc:947 ncall:1.2e+07 eff:0.2% logz-ratio=-1.70+/-0.04 dlogz:11.894>0.1]
30447it [1:41:51 bound:256 nc:1417 ncall:1.2e+07 eff:0.2% logz-ratio=-1.66+/-0.04 dlogz:11.816>0.1]
30617it [1:43:11 bound:259 nc:2363 ncall:1.3e+07 eff:0.2% logz-ratio=-1.63+/-0.04 dlogz:12.296>0.1]
30783it [1:44:30 bound:262 nc:966 ncall:1.3e+07 eff:0.2% logz-ratio=-1.59+/-0.04 dlogz:13.666>0.1]
30949it [1:45:53 bound:265 nc:1959 ncall:1.3e+07 eff:0.2% logz-ratio=-1.56+/-0.04 dlogz:13.591>0.1]
31116it [1:47:24 bound:268 nc:1243 ncall:1.3e+07 eff:0.2% logz-ratio=-1.52+/-0.04 dlogz:13.516>0.1]
31228it [1:48:26 bound:270 nc:677 ncall:1.3e+07 eff:0.2% logz-ratio=-1.50+/-0.04 dlogz:13.465>0.1]
31388it [1:49:57 bound:273 nc:730 ncall:1.3e+07 eff:0.2% logz-ratio=-1.47+/-0.04 dlogz:13.394>0.1]
31549it [1:51:19 bound:276 nc:1576 ncall:1.3e+07 eff:0.2% logz-ratio=-1.43+/-0.04 dlogz:13.321>0.1]
31709it [1:52:43 bound:279 nc:1800 ncall:1.4e+07 eff:0.2% logz-ratio=-1.40+/-0.04 dlogz:13.250>0.1]
31870it [1:54:13 bound:282 nc:509 ncall:1.4e+07 eff:0.2% logz-ratio=-1.37+/-0.04 dlogz:13.178>0.1]
31995it [1:55:13 bound:284 nc:838 ncall:1.4e+07 eff:0.2% logz-ratio=-1.34+/-0.04 dlogz:13.122>0.1]
32096it [1:56:16 bound:286 nc:770 ncall:1.4e+07 eff:0.2% logz-ratio=-1.32+/-0.04 dlogz:13.077>0.1]
32201it [1:57:18 bound:288 nc:963 ncall:1.4e+07 eff:0.2% logz-ratio=-1.30+/-0.04 dlogz:13.030>0.1]
32312it [1:58:22 bound:290 nc:1346 ncall:1.4e+07 eff:0.2% logz-ratio=-1.28+/-0.04 dlogz:12.981>0.1]
32477it [1:59:42 bound:293 nc:1982 ncall:1.4e+07 eff:0.2% logz-ratio=-1.25+/-0.04 dlogz:12.907>0.1]
32614it [2:01:08 bound:295 nc:665 ncall:1.4e+07 eff:0.2% logz-ratio=-1.22+/-0.04 dlogz:12.847>0.1]
32754it [2:02:32 bound:298 nc:1372 ncall:1.5e+07 eff:0.2% logz-ratio=-1.19+/-0.04 dlogz:12.785>0.1]
32865it [2:03:35 bound:300 nc:1293 ncall:1.5e+07 eff:0.2% logz-ratio=-1.17+/-0.04 dlogz:12.736>0.1]
33037it [2:05:02 bound:303 nc:1266 ncall:1.5e+07 eff:0.2% logz-ratio=-1.14+/-0.04 dlogz:12.660>0.1]
33203it [2:06:28 bound:306 nc:603 ncall:1.5e+07 eff:0.2% logz-ratio=-1.10+/-0.04 dlogz:12.586>0.1]
33362it [2:07:52 bound:309 nc:942 ncall:1.5e+07 eff:0.2% logz-ratio=-1.07+/-0.04 dlogz:12.517>0.1]
33531it [2:09:19 bound:312 nc:1056 ncall:1.5e+07 eff:0.2% logz-ratio=-1.04+/-0.04 dlogz:12.443>0.1]
33697it [2:10:49 bound:315 nc:1958 ncall:1.5e+07 eff:0.2% logz-ratio=-1.01+/-0.04 dlogz:12.371>0.1]
33859it [2:12:12 bound:318 nc:726 ncall:1.6e+07 eff:0.2% logz-ratio=-0.98+/-0.04 dlogz:12.300>0.1]
33969it [2:13:13 bound:320 nc:1113 ncall:1.6e+07 eff:0.2% logz-ratio=-0.96+/-0.04 dlogz:12.251>0.1]
34078it [2:14:14 bound:322 nc:2973 ncall:1.6e+07 eff:0.2% logz-ratio=-0.93+/-0.04 dlogz:12.204>0.1]
34243it [2:15:47 bound:325 nc:1903 ncall:1.6e+07 eff:0.2% logz-ratio=-0.90+/-0.04 dlogz:12.131>0.1]
34401it [2:17:17 bound:328 nc:837 ncall:1.6e+07 eff:0.2% logz-ratio=-0.87+/-0.04 dlogz:12.061>0.1]
34562it [2:18:47 bound:331 nc:1522 ncall:1.6e+07 eff:0.2% logz-ratio=-0.84+/-0.04 dlogz:11.991>0.1]
34735it [2:20:13 bound:334 nc:2197 ncall:1.6e+07 eff:0.2% logz-ratio=-0.81+/-0.04 dlogz:11.916>0.1]
34895it [2:21:42 bound:337 nc:1452 ncall:1.7e+07 eff:0.2% logz-ratio=-0.78+/-0.04 dlogz:11.847>0.1]
35059it [2:23:07 bound:340 nc:1330 ncall:1.7e+07 eff:0.2% logz-ratio=-0.75+/-0.04 dlogz:11.776>0.1]
35168it [2:24:14 bound:342 nc:1573 ncall:1.7e+07 eff:0.2% logz-ratio=-0.73+/-0.04 dlogz:11.729>0.1]
35342it [2:25:31 bound:345 nc:563 ncall:1.7e+07 eff:0.2% logz-ratio=-0.69+/-0.04 dlogz:11.653>0.1]
35523it [2:26:59 bound:348 nc:661 ncall:1.7e+07 eff:0.2% logz-ratio=-0.66+/-0.04 dlogz:11.575>0.1]
35692it [2:28:25 bound:351 nc:763 ncall:1.7e+07 eff:0.2% logz-ratio=-0.63+/-0.04 dlogz:11.501>0.1]
35866it [2:29:53 bound:354 nc:754 ncall:1.8e+07 eff:0.2% logz-ratio=-0.59+/-0.04 dlogz:11.425>0.1]
35981it [2:31:03 bound:356 nc:1499 ncall:1.8e+07 eff:0.2% logz-ratio=-0.57+/-0.04 dlogz:11.375>0.1]
36099it [2:32:04 bound:358 nc:638 ncall:1.8e+07 eff:0.2% logz-ratio=-0.55+/-0.04 dlogz:11.324>0.1]
36216it [2:33:13 bound:360 nc:631 ncall:1.8e+07 eff:0.2% logz-ratio=-0.53+/-0.04 dlogz:11.273>0.1]
36391it [2:34:42 bound:363 nc:801 ncall:1.8e+07 eff:0.2% logz-ratio=-0.49+/-0.04 dlogz:11.198>0.1]
36502it [2:35:45 bound:365 nc:514 ncall:1.8e+07 eff:0.2% logz-ratio=-0.47+/-0.04 dlogz:11.150>0.1]
36614it [2:36:47 bound:367 nc:975 ncall:1.8e+07 eff:0.2% logz-ratio=-0.45+/-0.04 dlogz:11.102>0.1]
36787it [2:38:17 bound:370 nc:719 ncall:1.8e+07 eff:0.2% logz-ratio=-0.42+/-0.04 dlogz:11.027>0.1]
36903it [2:39:18 bound:372 nc:1306 ncall:1.9e+07 eff:0.2% logz-ratio=-0.40+/-0.04 dlogz:10.978>0.1]
37025it [2:40:19 bound:374 nc:631 ncall:1.9e+07 eff:0.2% logz-ratio=-0.38+/-0.04 dlogz:10.925>0.1]
37200it [2:41:44 bound:377 nc:482 ncall:1.9e+07 eff:0.2% logz-ratio=-0.34+/-0.04 dlogz:10.851>0.1]
37312it [2:42:53 bound:379 nc:1722 ncall:1.9e+07 eff:0.2% logz-ratio=-0.32+/-0.04 dlogz:11.755>0.1]
37436it [2:44:01 bound:381 nc:699 ncall:1.9e+07 eff:0.2% logz-ratio=-0.30+/-0.04 dlogz:11.703>0.1]
37559it [2:45:07 bound:383 nc:922 ncall:1.9e+07 eff:0.2% logz-ratio=-0.28+/-0.04 dlogz:11.651>0.1]
37681it [2:46:10 bound:385 nc:2108 ncall:1.9e+07 eff:0.2% logz-ratio=-0.26+/-0.04 dlogz:11.600>0.1]
37853it [2:47:38 bound:388 nc:1875 ncall:1.9e+07 eff:0.2% logz-ratio=-0.23+/-0.04 dlogz:11.527>0.1]
37974it [2:48:46 bound:390 nc:775 ncall:2.0e+07 eff:0.2% logz-ratio=-0.21+/-0.04 dlogz:11.477>0.1]
38097it [2:49:56 bound:392 nc:777 ncall:2.0e+07 eff:0.2% logz-ratio=-0.18+/-0.04 dlogz:11.425>0.1]
38221it [2:51:01 bound:394 nc:1761 ncall:2.0e+07 eff:0.2% logz-ratio=-0.16+/-0.04 dlogz:11.373>0.1]
38337it [2:52:05 bound:396 nc:2660 ncall:2.0e+07 eff:0.2% logz-ratio=-0.14+/-0.04 dlogz:11.324>0.1]
38457it [2:53:06 bound:398 nc:3101 ncall:2.0e+07 eff:0.2% logz-ratio=-0.12+/-0.04 dlogz:11.274>0.1]
38578it [2:54:12 bound:400 nc:822 ncall:2.0e+07 eff:0.2% logz-ratio=-0.10+/-0.04 dlogz:11.223>0.1]
38703it [2:55:17 bound:402 nc:746 ncall:2.0e+07 eff:0.2% logz-ratio=-0.08+/-0.04 dlogz:11.170>0.1]
38820it [2:56:20 bound:404 nc:694 ncall:2.0e+07 eff:0.2% logz-ratio=-0.06+/-0.04 dlogz:11.121>0.1]
38943it [2:57:24 bound:406 nc:861 ncall:2.0e+07 eff:0.2% logz-ratio=-0.04+/-0.04 dlogz:11.069>0.1]
39062it [2:58:25 bound:408 nc:784 ncall:2.1e+07 eff:0.2% logz-ratio=-0.01+/-0.04 dlogz:11.019>0.1]
39184it [2:59:29 bound:410 nc:519 ncall:2.1e+07 eff:0.2% logz-ratio=0.01+/-0.04 dlogz:10.968>0.1]
39307it [3:00:31 bound:412 nc:1423 ncall:2.1e+07 eff:0.2% logz-ratio=0.03+/-0.04 dlogz:10.916>0.1]
39386it [3:01:37 bound:413 nc:726 ncall:2.1e+07 eff:0.2% logz-ratio=0.04+/-0.04 dlogz:10.883>0.1]
39495it [3:02:42 bound:415 nc:1273 ncall:2.1e+07 eff:0.2% logz-ratio=0.06+/-0.04 dlogz:10.837>0.1]
39620it [3:03:49 bound:417 nc:772 ncall:2.1e+07 eff:0.2% logz-ratio=0.08+/-0.04 dlogz:10.784>0.1]
39742it [3:04:57 bound:419 nc:664 ncall:2.1e+07 eff:0.2% logz-ratio=0.11+/-0.04 dlogz:11.236>0.1]
39867it [3:05:58 bound:421 nc:539 ncall:2.1e+07 eff:0.2% logz-ratio=0.13+/-0.04 dlogz:11.184>0.1]
39993it [3:06:59 bound:423 nc:1289 ncall:2.1e+07 eff:0.2% logz-ratio=0.15+/-0.04 dlogz:11.131>0.1]
40118it [3:08:01 bound:425 nc:969 ncall:2.2e+07 eff:0.2% logz-ratio=0.17+/-0.04 dlogz:11.078>0.1]
40301it [3:09:33 bound:428 nc:805 ncall:2.2e+07 eff:0.2% logz-ratio=0.21+/-0.04 dlogz:11.001>0.1]
40427it [3:10:38 bound:430 nc:1142 ncall:2.2e+07 eff:0.2% logz-ratio=0.23+/-0.04 dlogz:10.948>0.1]
40553it [3:11:39 bound:432 nc:1045 ncall:2.2e+07 eff:0.2% logz-ratio=0.25+/-0.04 dlogz:10.895>0.1]
40680it [3:12:44 bound:434 nc:1093 ncall:2.2e+07 eff:0.2% logz-ratio=0.27+/-0.04 dlogz:10.842>0.1]
40870it [3:14:15 bound:437 nc:1093 ncall:2.2e+07 eff:0.2% logz-ratio=0.30+/-0.04 dlogz:10.762>0.1]
41059it [3:15:47 bound:440 nc:839 ncall:2.2e+07 eff:0.2% logz-ratio=0.34+/-0.04 dlogz:10.684>0.1]
41251it [3:17:15 bound:443 nc:313 ncall:2.3e+07 eff:0.2% logz-ratio=0.37+/-0.04 dlogz:13.408>0.1]
41379it [3:18:32 bound:445 nc:566 ncall:2.3e+07 eff:0.2% logz-ratio=0.39+/-0.04 dlogz:13.355>0.1]
41569it [3:19:56 bound:448 nc:753 ncall:2.3e+07 eff:0.2% logz-ratio=0.42+/-0.04 dlogz:13.277>0.1]
41760it [3:21:24 bound:451 nc:804 ncall:2.3e+07 eff:0.2% logz-ratio=0.46+/-0.04 dlogz:13.198>0.1]
41887it [3:22:39 bound:453 nc:1005 ncall:2.3e+07 eff:0.2% logz-ratio=0.48+/-0.04 dlogz:13.145>0.1]
42014it [3:23:50 bound:455 nc:581 ncall:2.3e+07 eff:0.2% logz-ratio=0.50+/-0.04 dlogz:13.093>0.1]
42204it [3:25:25 bound:458 nc:990 ncall:2.3e+07 eff:0.2% logz-ratio=0.53+/-0.04 dlogz:13.015>0.1]
42331it [3:26:31 bound:460 nc:877 ncall:2.4e+07 eff:0.2% logz-ratio=0.55+/-0.04 dlogz:12.963>0.1]
42520it [3:27:58 bound:463 nc:1183 ncall:2.4e+07 eff:0.2% logz-ratio=0.58+/-0.04 dlogz:12.885>0.1]
42710it [3:29:31 bound:466 nc:681 ncall:2.4e+07 eff:0.2% logz-ratio=0.62+/-0.04 dlogz:12.807>0.1]
42899it [3:31:09 bound:469 nc:719 ncall:2.4e+07 eff:0.2% logz-ratio=0.65+/-0.04 dlogz:12.729>0.1]
43027it [3:32:15 bound:471 nc:758 ncall:2.4e+07 eff:0.2% logz-ratio=0.67+/-0.04 dlogz:12.676>0.1]
43215it [3:33:44 bound:474 nc:1556 ncall:2.4e+07 eff:0.2% logz-ratio=0.70+/-0.04 dlogz:12.598>0.1]
43341it [3:34:46 bound:476 nc:1834 ncall:2.4e+07 eff:0.2% logz-ratio=0.72+/-0.04 dlogz:12.545>0.1]
43469it [3:35:49 bound:478 nc:1144 ncall:2.5e+07 eff:0.2% logz-ratio=0.75+/-0.04 dlogz:12.491>0.1]
43597it [3:36:58 bound:480 nc:617 ncall:2.5e+07 eff:0.2% logz-ratio=0.77+/-0.04 dlogz:12.437>0.1]
43788it [3:38:29 bound:483 nc:660 ncall:2.5e+07 eff:0.2% logz-ratio=0.80+/-0.04 dlogz:12.357>0.1]
43916it [3:39:37 bound:485 nc:972 ncall:2.5e+07 eff:0.2% logz-ratio=0.82+/-0.04 dlogz:12.304>0.1]
44043it [3:40:40 bound:487 nc:600 ncall:2.5e+07 eff:0.2% logz-ratio=0.85+/-0.04 dlogz:12.250>0.1]
44171it [3:41:49 bound:489 nc:1484 ncall:2.5e+07 eff:0.2% logz-ratio=0.87+/-0.04 dlogz:12.196>0.1]
44295it [3:43:01 bound:491 nc:598 ncall:2.5e+07 eff:0.2% logz-ratio=0.89+/-0.04 dlogz:12.144>0.1]
44423it [3:44:05 bound:493 nc:1384 ncall:2.5e+07 eff:0.2% logz-ratio=0.91+/-0.04 dlogz:12.090>0.1]
44550it [3:45:18 bound:495 nc:1280 ncall:2.6e+07 eff:0.2% logz-ratio=0.94+/-0.04 dlogz:12.036>0.1]
44675it [3:46:24 bound:497 nc:1265 ncall:2.6e+07 eff:0.2% logz-ratio=0.96+/-0.04 dlogz:11.983>0.1]
44802it [3:47:37 bound:499 nc:823 ncall:2.6e+07 eff:0.2% logz-ratio=0.98+/-0.05 dlogz:11.929>0.1]
44930it [3:48:49 bound:501 nc:1302 ncall:2.6e+07 eff:0.2% logz-ratio=1.01+/-0.05 dlogz:11.874>0.1]
45120it [3:50:23 bound:504 nc:506 ncall:2.6e+07 eff:0.2% logz-ratio=1.04+/-0.05 dlogz:11.794>0.1]
45245it [3:51:28 bound:506 nc:2384 ncall:2.6e+07 eff:0.2% logz-ratio=1.06+/-0.05 dlogz:11.740>0.1]
45373it [3:52:44 bound:508 nc:848 ncall:2.6e+07 eff:0.2% logz-ratio=1.09+/-0.05 dlogz:11.686>0.1]
45501it [3:53:50 bound:510 nc:1639 ncall:2.7e+07 eff:0.2% logz-ratio=1.11+/-0.05 dlogz:11.631>0.1]
45627it [3:55:02 bound:512 nc:1106 ncall:2.7e+07 eff:0.2% logz-ratio=1.13+/-0.05 dlogz:11.577>0.1]
45755it [3:56:18 bound:514 nc:695 ncall:2.7e+07 eff:0.2% logz-ratio=1.16+/-0.05 dlogz:11.522>0.1]
45881it [3:57:22 bound:516 nc:1200 ncall:2.7e+07 eff:0.2% logz-ratio=1.18+/-0.05 dlogz:11.469>0.1]
46009it [3:58:32 bound:518 nc:807 ncall:2.7e+07 eff:0.2% logz-ratio=1.20+/-0.05 dlogz:11.415>0.1]
46136it [3:59:40 bound:520 nc:994 ncall:2.7e+07 eff:0.2% logz-ratio=1.23+/-0.05 dlogz:12.116>0.1]
46264it [4:00:42 bound:522 nc:1132 ncall:2.7e+07 eff:0.2% logz-ratio=1.25+/-0.05 dlogz:12.062>0.1]
46354it [4:02:01 bound:523 nc:922 ncall:2.7e+07 eff:0.2% logz-ratio=1.26+/-0.05 dlogz:12.025>0.1]
46455it [4:03:05 bound:525 nc:1204 ncall:2.7e+07 eff:0.2% logz-ratio=1.28+/-0.05 dlogz:11.982>0.1]
46582it [4:04:12 bound:527 nc:715 ncall:2.8e+07 eff:0.2% logz-ratio=1.30+/-0.05 dlogz:11.929>0.1]
46710it [4:05:22 bound:529 nc:1428 ncall:2.8e+07 eff:0.2% logz-ratio=1.33+/-0.05 dlogz:11.876>0.1]
46838it [4:06:34 bound:531 nc:928 ncall:2.8e+07 eff:0.2% logz-ratio=1.35+/-0.05 dlogz:11.822>0.1]
46965it [4:07:39 bound:533 nc:1450 ncall:2.8e+07 eff:0.2% logz-ratio=1.37+/-0.05 dlogz:11.769>0.1]
47092it [4:08:47 bound:535 nc:1348 ncall:2.8e+07 eff:0.2% logz-ratio=1.39+/-0.05 dlogz:11.716>0.1]
47219it [4:09:58 bound:537 nc:741 ncall:2.8e+07 eff:0.2% logz-ratio=1.41+/-0.05 dlogz:11.662>0.1]
47347it [4:11:14 bound:539 nc:709 ncall:2.8e+07 eff:0.2% logz-ratio=1.44+/-0.05 dlogz:11.608>0.1]
47474it [4:12:27 bound:541 nc:954 ncall:2.9e+07 eff:0.2% logz-ratio=1.46+/-0.05 dlogz:11.555>0.1]
47599it [4:13:39 bound:543 nc:1362 ncall:2.9e+07 eff:0.2% logz-ratio=1.48+/-0.05 dlogz:11.502>0.1]
47724it [4:14:51 bound:545 nc:1025 ncall:2.9e+07 eff:0.2% logz-ratio=1.50+/-0.05 dlogz:11.449>0.1]
47852it [4:16:04 bound:547 nc:979 ncall:2.9e+07 eff:0.2% logz-ratio=1.53+/-0.05 dlogz:11.395>0.1]
47978it [4:17:11 bound:549 nc:510 ncall:2.9e+07 eff:0.2% logz-ratio=1.55+/-0.05 dlogz:11.342>0.1]
48105it [4:18:21 bound:551 nc:846 ncall:2.9e+07 eff:0.2% logz-ratio=1.57+/-0.05 dlogz:11.289>0.1]
48233it [4:19:36 bound:553 nc:934 ncall:2.9e+07 eff:0.2% logz-ratio=1.59+/-0.05 dlogz:11.235>0.1]
48360it [4:20:43 bound:555 nc:960 ncall:2.9e+07 eff:0.2% logz-ratio=1.62+/-0.05 dlogz:13.020>0.1]
48487it [4:21:53 bound:557 nc:2076 ncall:3.0e+07 eff:0.2% logz-ratio=1.64+/-0.05 dlogz:12.966>0.1]
48615it [4:23:04 bound:559 nc:1234 ncall:3.0e+07 eff:0.2% logz-ratio=1.66+/-0.05 dlogz:12.912>0.1]
48742it [4:24:11 bound:561 nc:1345 ncall:3.0e+07 eff:0.2% logz-ratio=1.69+/-0.05 dlogz:12.859>0.1]
48869it [4:25:24 bound:563 nc:670 ncall:3.0e+07 eff:0.2% logz-ratio=1.71+/-0.05 dlogz:12.805>0.1]
48994it [4:26:30 bound:565 nc:970 ncall:3.0e+07 eff:0.2% logz-ratio=1.73+/-0.05 dlogz:12.751>0.1]
49120it [4:27:47 bound:567 nc:783 ncall:3.0e+07 eff:0.2% logz-ratio=1.75+/-0.05 dlogz:12.698>0.1]
49248it [4:28:57 bound:569 nc:1128 ncall:3.0e+07 eff:0.2% logz-ratio=1.78+/-0.05 dlogz:12.644>0.1]
49376it [4:30:10 bound:571 nc:795 ncall:3.1e+07 eff:0.2% logz-ratio=1.80+/-0.05 dlogz:12.589>0.1]
49503it [4:31:20 bound:573 nc:1351 ncall:3.1e+07 eff:0.2% logz-ratio=1.82+/-0.05 dlogz:12.534>0.1]
49630it [4:32:38 bound:575 nc:1264 ncall:3.1e+07 eff:0.2% logz-ratio=1.85+/-0.05 dlogz:12.479>0.1]
49755it [4:33:52 bound:577 nc:529 ncall:3.1e+07 eff:0.2% logz-ratio=1.87+/-0.05 dlogz:12.425>0.1]
49881it [4:35:02 bound:579 nc:1967 ncall:3.1e+07 eff:0.2% logz-ratio=1.89+/-0.05 dlogz:12.371>0.1]
50009it [4:36:14 bound:581 nc:1937 ncall:3.1e+07 eff:0.2% logz-ratio=1.92+/-0.05 dlogz:12.315>0.1]
50135it [4:37:26 bound:583 nc:1901 ncall:3.1e+07 eff:0.2% logz-ratio=1.94+/-0.05 dlogz:12.261>0.1]
50261it [4:38:36 bound:585 nc:1312 ncall:3.1e+07 eff:0.2% logz-ratio=1.97+/-0.05 dlogz:12.206>0.1]
50387it [4:39:47 bound:587 nc:955 ncall:3.2e+07 eff:0.2% logz-ratio=1.99+/-0.05 dlogz:12.151>0.1]
50515it [4:40:59 bound:589 nc:1375 ncall:3.2e+07 eff:0.2% logz-ratio=2.02+/-0.05 dlogz:12.095>0.1]
50642it [4:42:14 bound:591 nc:1118 ncall:3.2e+07 eff:0.2% logz-ratio=2.04+/-0.05 dlogz:12.040>0.1]
50769it [4:43:29 bound:593 nc:1208 ncall:3.2e+07 eff:0.2% logz-ratio=2.06+/-0.05 dlogz:11.984>0.1]
50897it [4:44:39 bound:595 nc:1111 ncall:3.2e+07 eff:0.2% logz-ratio=2.09+/-0.05 dlogz:11.928>0.1]
51023it [4:46:00 bound:597 nc:992 ncall:3.2e+07 eff:0.2% logz-ratio=2.11+/-0.05 dlogz:11.872>0.1]
51151it [4:47:12 bound:599 nc:1388 ncall:3.2e+07 eff:0.2% logz-ratio=2.14+/-0.05 dlogz:11.816>0.1]
51278it [4:48:31 bound:601 nc:1864 ncall:3.3e+07 eff:0.2% logz-ratio=2.17+/-0.05 dlogz:11.760>0.1]
51405it [4:49:45 bound:603 nc:901 ncall:3.3e+07 eff:0.2% logz-ratio=2.19+/-0.05 dlogz:11.703>0.1]
51531it [4:50:55 bound:605 nc:851 ncall:3.3e+07 eff:0.2% logz-ratio=2.22+/-0.05 dlogz:11.647>0.1]
51658it [4:52:13 bound:607 nc:875 ncall:3.3e+07 eff:0.2% logz-ratio=2.24+/-0.05 dlogz:11.591>0.1]
51784it [4:53:30 bound:609 nc:2013 ncall:3.3e+07 eff:0.2% logz-ratio=2.27+/-0.05 dlogz:11.535>0.1]
51909it [4:54:47 bound:611 nc:1396 ncall:3.3e+07 eff:0.2% logz-ratio=2.29+/-0.05 dlogz:11.479>0.1]
52034it [4:55:59 bound:613 nc:806 ncall:3.3e+07 eff:0.2% logz-ratio=2.32+/-0.05 dlogz:11.423>0.1]
52160it [4:57:11 bound:615 nc:1633 ncall:3.4e+07 eff:0.2% logz-ratio=2.34+/-0.05 dlogz:11.366>0.1]
52283it [4:58:24 bound:617 nc:1108 ncall:3.4e+07 eff:0.2% logz-ratio=2.37+/-0.05 dlogz:11.311>0.1]
52409it [4:59:36 bound:619 nc:1144 ncall:3.4e+07 eff:0.2% logz-ratio=2.40+/-0.05 dlogz:11.253>0.1]
52534it [5:00:46 bound:621 nc:705 ncall:3.4e+07 eff:0.2% logz-ratio=2.42+/-0.05 dlogz:11.196>0.1]
52662it [5:01:59 bound:623 nc:1120 ncall:3.4e+07 eff:0.2% logz-ratio=2.45+/-0.05 dlogz:11.138>0.1]
52726it [5:03:25 bound:624 nc:1384 ncall:3.4e+07 eff:0.2% logz-ratio=2.46+/-0.05 dlogz:11.109>0.1]
52852it [5:04:35 bound:626 nc:1970 ncall:3.4e+07 eff:0.2% logz-ratio=2.49+/-0.05 dlogz:11.051>0.1]
52979it [5:05:49 bound:628 nc:1019 ncall:3.5e+07 eff:0.2% logz-ratio=2.52+/-0.05 dlogz:10.993>0.1]
53104it [5:07:07 bound:630 nc:1396 ncall:3.5e+07 eff:0.2% logz-ratio=2.54+/-0.05 dlogz:10.935>0.1]
53229it [5:08:21 bound:632 nc:912 ncall:3.5e+07 eff:0.2% logz-ratio=2.57+/-0.05 dlogz:10.877>0.1]
53355it [5:09:34 bound:634 nc:1252 ncall:3.5e+07 eff:0.2% logz-ratio=2.60+/-0.05 dlogz:10.819>0.1]
53482it [5:10:50 bound:636 nc:1477 ncall:3.5e+07 eff:0.2% logz-ratio=2.63+/-0.05 dlogz:10.761>0.1]
53609it [5:12:07 bound:638 nc:1035 ncall:3.5e+07 eff:0.2% logz-ratio=2.65+/-0.05 dlogz:10.702>0.1]
53735it [5:13:24 bound:640 nc:3122 ncall:3.5e+07 eff:0.2% logz-ratio=2.68+/-0.05 dlogz:10.644>0.1]
53861it [5:14:40 bound:642 nc:1083 ncall:3.6e+07 eff:0.2% logz-ratio=2.71+/-0.05 dlogz:10.585>0.1]
53984it [5:16:02 bound:644 nc:1681 ncall:3.6e+07 eff:0.2% logz-ratio=2.74+/-0.05 dlogz:10.528>0.1]
54108it [5:17:14 bound:646 nc:1026 ncall:3.6e+07 eff:0.2% logz-ratio=2.76+/-0.05 dlogz:10.470>0.1]
54235it [5:18:34 bound:648 nc:908 ncall:3.6e+07 eff:0.2% logz-ratio=2.79+/-0.05 dlogz:10.411>0.1]
54360it [5:19:46 bound:650 nc:677 ncall:3.6e+07 eff:0.2% logz-ratio=2.82+/-0.05 dlogz:10.352>0.1]
54486it [5:21:08 bound:652 nc:853 ncall:3.6e+07 eff:0.1% logz-ratio=2.85+/-0.05 dlogz:10.292>0.1]
54611it [5:22:32 bound:654 nc:981 ncall:3.7e+07 eff:0.1% logz-ratio=2.88+/-0.05 dlogz:10.233>0.1]
54735it [5:23:53 bound:656 nc:1241 ncall:3.7e+07 eff:0.1% logz-ratio=2.91+/-0.05 dlogz:10.175>0.1]
54858it [5:25:08 bound:658 nc:816 ncall:3.7e+07 eff:0.1% logz-ratio=2.93+/-0.05 dlogz:10.116>0.1]
54977it [5:26:25 bound:660 nc:761 ncall:3.7e+07 eff:0.1% logz-ratio=2.96+/-0.05 dlogz:10.060>0.1]
55104it [5:27:43 bound:662 nc:1524 ncall:3.7e+07 eff:0.1% logz-ratio=2.99+/-0.05 dlogz:9.999>0.1]
55230it [5:28:59 bound:664 nc:983 ncall:3.7e+07 eff:0.1% logz-ratio=3.02+/-0.05 dlogz:9.939>0.1]
55354it [5:30:11 bound:666 nc:781 ncall:3.7e+07 eff:0.1% logz-ratio=3.05+/-0.05 dlogz:9.879>0.1]
55475it [5:31:29 bound:668 nc:1245 ncall:3.8e+07 eff:0.1% logz-ratio=3.08+/-0.05 dlogz:12.574>0.1]
55601it [5:32:44 bound:670 nc:1391 ncall:3.8e+07 eff:0.1% logz-ratio=3.11+/-0.05 dlogz:12.513>0.1]
55727it [5:33:57 bound:672 nc:1333 ncall:3.8e+07 eff:0.1% logz-ratio=3.14+/-0.05 dlogz:12.452>0.1]
55853it [5:35:12 bound:674 nc:713 ncall:3.8e+07 eff:0.1% logz-ratio=3.17+/-0.05 dlogz:12.391>0.1]
55977it [5:36:31 bound:676 nc:1569 ncall:3.8e+07 eff:0.1% logz-ratio=3.20+/-0.05 dlogz:12.331>0.1]
56095it [5:37:48 bound:678 nc:2254 ncall:3.8e+07 eff:0.1% logz-ratio=3.23+/-0.05 dlogz:12.274>0.1]
56215it [5:39:07 bound:680 nc:1313 ncall:3.9e+07 eff:0.1% logz-ratio=3.26+/-0.05 dlogz:12.217>0.1]
56341it [5:40:26 bound:682 nc:1768 ncall:3.9e+07 eff:0.1% logz-ratio=3.29+/-0.05 dlogz:12.156>0.1]
56464it [5:41:41 bound:684 nc:1755 ncall:3.9e+07 eff:0.1% logz-ratio=3.32+/-0.05 dlogz:12.097>0.1]
56587it [5:42:57 bound:686 nc:1028 ncall:3.9e+07 eff:0.1% logz-ratio=3.34+/-0.05 dlogz:12.038>0.1]
56712it [5:44:14 bound:688 nc:1902 ncall:3.9e+07 eff:0.1% logz-ratio=3.37+/-0.05 dlogz:11.978>0.1]
56830it [5:45:30 bound:690 nc:2213 ncall:3.9e+07 eff:0.1% logz-ratio=3.40+/-0.05 dlogz:11.922>0.1]
56950it [5:46:47 bound:692 nc:1174 ncall:4.0e+07 eff:0.1% logz-ratio=3.43+/-0.05 dlogz:11.864>0.1]
57070it [5:48:12 bound:694 nc:1691 ncall:4.0e+07 eff:0.1% logz-ratio=3.46+/-0.05 dlogz:12.437>0.1]
57196it [5:49:32 bound:696 nc:1087 ncall:4.0e+07 eff:0.1% logz-ratio=3.49+/-0.05 dlogz:12.376>0.1]
57322it [5:50:53 bound:698 nc:2353 ncall:4.0e+07 eff:0.1% logz-ratio=3.52+/-0.05 dlogz:12.316>0.1]
57446it [5:52:16 bound:700 nc:827 ncall:4.0e+07 eff:0.1% logz-ratio=3.55+/-0.05 dlogz:13.074>0.1]
57567it [5:53:35 bound:702 nc:904 ncall:4.0e+07 eff:0.1% logz-ratio=3.58+/-0.05 dlogz:13.016>0.1]
57687it [5:54:57 bound:704 nc:934 ncall:4.1e+07 eff:0.1% logz-ratio=3.60+/-0.05 dlogz:12.959>0.1]
57813it [5:56:17 bound:706 nc:1924 ncall:4.1e+07 eff:0.1% logz-ratio=3.63+/-0.05 dlogz:12.898>0.1]
57936it [5:57:39 bound:708 nc:1048 ncall:4.1e+07 eff:0.1% logz-ratio=3.66+/-0.05 dlogz:12.839>0.1]
58055it [5:59:02 bound:710 nc:1303 ncall:4.1e+07 eff:0.1% logz-ratio=3.69+/-0.05 dlogz:12.782>0.1]
58176it [6:00:19 bound:712 nc:681 ncall:4.1e+07 eff:0.1% logz-ratio=3.72+/-0.05 dlogz:12.723>0.1]
58294it [6:01:40 bound:714 nc:948 ncall:4.1e+07 eff:0.1% logz-ratio=3.75+/-0.05 dlogz:12.667>0.1]
58362it [6:03:19 bound:715 nc:2391 ncall:4.1e+07 eff:0.1% logz-ratio=3.76+/-0.05 dlogz:12.634>0.1]
58474it [6:04:44 bound:717 nc:923 ncall:4.2e+07 eff:0.1% logz-ratio=3.79+/-0.05 dlogz:12.580>0.1]
58594it [6:06:05 bound:719 nc:1449 ncall:4.2e+07 eff:0.1% logz-ratio=3.82+/-0.05 dlogz:12.523>0.1]
58714it [6:07:28 bound:721 nc:1364 ncall:4.2e+07 eff:0.1% logz-ratio=3.85+/-0.05 dlogz:12.465>0.1]
58834it [6:08:52 bound:723 nc:1909 ncall:4.2e+07 eff:0.1% logz-ratio=3.88+/-0.05 dlogz:12.408>0.1]
58947it [6:10:15 bound:725 nc:1614 ncall:4.2e+07 eff:0.1% logz-ratio=3.90+/-0.05 dlogz:12.353>0.1]
59063it [6:11:35 bound:727 nc:1296 ncall:4.3e+07 eff:0.1% logz-ratio=3.93+/-0.05 dlogz:12.298>0.1]
59185it [6:12:58 bound:729 nc:2002 ncall:4.3e+07 eff:0.1% logz-ratio=3.96+/-0.05 dlogz:12.239>0.1]
59310it [6:14:21 bound:731 nc:1442 ncall:4.3e+07 eff:0.1% logz-ratio=3.99+/-0.05 dlogz:12.180>0.1]
59426it [6:15:50 bound:733 nc:1509 ncall:4.3e+07 eff:0.1% logz-ratio=4.01+/-0.05 dlogz:12.124>0.1]
59542it [6:17:15 bound:735 nc:1321 ncall:4.3e+07 eff:0.1% logz-ratio=4.04+/-0.05 dlogz:12.069>0.1]
59663it [6:18:40 bound:737 nc:1703 ncall:4.3e+07 eff:0.1% logz-ratio=4.07+/-0.05 dlogz:12.011>0.1]
59784it [6:20:03 bound:739 nc:1324 ncall:4.4e+07 eff:0.1% logz-ratio=4.10+/-0.06 dlogz:11.954>0.1]
59904it [6:21:26 bound:741 nc:1418 ncall:4.4e+07 eff:0.1% logz-ratio=4.12+/-0.06 dlogz:11.897>0.1]
60028it [6:22:50 bound:743 nc:1572 ncall:4.4e+07 eff:0.1% logz-ratio=4.15+/-0.06 dlogz:11.838>0.1]
60144it [6:24:11 bound:745 nc:2318 ncall:4.4e+07 eff:0.1% logz-ratio=4.18+/-0.06 dlogz:11.782>0.1]
60262it [6:25:37 bound:747 nc:2199 ncall:4.4e+07 eff:0.1% logz-ratio=4.21+/-0.06 dlogz:11.726>0.1]
60380it [6:26:59 bound:749 nc:1805 ncall:4.4e+07 eff:0.1% logz-ratio=4.23+/-0.06 dlogz:11.670>0.1]
60498it [6:28:18 bound:751 nc:1419 ncall:4.5e+07 eff:0.1% logz-ratio=4.26+/-0.06 dlogz:11.615>0.1]
60613it [6:29:42 bound:753 nc:1106 ncall:4.5e+07 eff:0.1% logz-ratio=4.29+/-0.06 dlogz:11.560>0.1]
60734it [6:31:05 bound:755 nc:1485 ncall:4.5e+07 eff:0.1% logz-ratio=4.32+/-0.06 dlogz:11.503>0.1]
60853it [6:32:26 bound:757 nc:1518 ncall:4.5e+07 eff:0.1% logz-ratio=4.34+/-0.06 dlogz:11.448>0.1]
60972it [6:33:45 bound:759 nc:1607 ncall:4.5e+07 eff:0.1% logz-ratio=4.37+/-0.06 dlogz:11.392>0.1]
61089it [6:35:10 bound:761 nc:1780 ncall:4.6e+07 eff:0.1% logz-ratio=4.40+/-0.06 dlogz:11.337>0.1]
61205it [6:36:32 bound:763 nc:2359 ncall:4.6e+07 eff:0.1% logz-ratio=4.42+/-0.06 dlogz:11.283>0.1]
61324it [6:37:54 bound:765 nc:1635 ncall:4.6e+07 eff:0.1% logz-ratio=4.45+/-0.06 dlogz:11.227>0.1]
61438it [6:39:23 bound:767 nc:1648 ncall:4.6e+07 eff:0.1% logz-ratio=4.47+/-0.06 dlogz:11.174>0.1]
61557it [6:40:44 bound:769 nc:1355 ncall:4.6e+07 eff:0.1% logz-ratio=4.50+/-0.06 dlogz:11.119>0.1]
61669it [6:42:12 bound:771 nc:1721 ncall:4.6e+07 eff:0.1% logz-ratio=4.52+/-0.06 dlogz:11.067>0.1]
61789it [6:43:38 bound:773 nc:2504 ncall:4.7e+07 eff:0.1% logz-ratio=4.55+/-0.06 dlogz:11.012>0.1]
61910it [6:45:05 bound:775 nc:1679 ncall:4.7e+07 eff:0.1% logz-ratio=4.58+/-0.06 dlogz:10.956>0.1]
62023it [6:46:27 bound:777 nc:1068 ncall:4.7e+07 eff:0.1% logz-ratio=4.60+/-0.06 dlogz:10.905>0.1]
62136it [6:47:54 bound:779 nc:1800 ncall:4.7e+07 eff:0.1% logz-ratio=4.62+/-0.06 dlogz:10.853>0.1]
62253it [6:49:20 bound:781 nc:1031 ncall:4.7e+07 eff:0.1% logz-ratio=4.65+/-0.06 dlogz:10.800>0.1]
62371it [6:50:46 bound:783 nc:1654 ncall:4.8e+07 eff:0.1% logz-ratio=4.67+/-0.06 dlogz:10.746>0.1]
62492it [6:52:17 bound:785 nc:1953 ncall:4.8e+07 eff:0.1% logz-ratio=4.70+/-0.06 dlogz:10.691>0.1]
62606it [6:53:53 bound:787 nc:495 ncall:4.8e+07 eff:0.1% logz-ratio=4.72+/-0.06 dlogz:10.640>0.1]
62724it [6:55:19 bound:789 nc:1701 ncall:4.8e+07 eff:0.1% logz-ratio=4.75+/-0.06 dlogz:10.586>0.1]
62839it [6:56:50 bound:791 nc:1969 ncall:4.8e+07 eff:0.1% logz-ratio=4.77+/-0.06 dlogz:10.534>0.1]
62957it [6:58:15 bound:793 nc:1439 ncall:4.8e+07 eff:0.1% logz-ratio=4.79+/-0.06 dlogz:10.481>0.1]
63078it [6:59:49 bound:795 nc:1397 ncall:4.9e+07 eff:0.1% logz-ratio=4.82+/-0.06 dlogz:10.427>0.1]
63195it [7:01:18 bound:797 nc:3195 ncall:4.9e+07 eff:0.1% logz-ratio=4.84+/-0.06 dlogz:10.375>0.1]
63313it [7:02:46 bound:799 nc:4763 ncall:4.9e+07 eff:0.1% logz-ratio=4.87+/-0.06 dlogz:10.323>0.1]
63382it [7:04:33 bound:800 nc:1452 ncall:4.9e+07 eff:0.1% logz-ratio=4.88+/-0.06 dlogz:10.292>0.1]
63483it [7:05:59 bound:802 nc:1348 ncall:4.9e+07 eff:0.1% logz-ratio=4.90+/-0.06 dlogz:10.247>0.1]
63603it [7:07:22 bound:804 nc:3569 ncall:5.0e+07 eff:0.1% logz-ratio=4.92+/-0.06 dlogz:10.194>0.1]
63723it [7:08:49 bound:806 nc:1974 ncall:5.0e+07 eff:0.1% logz-ratio=4.95+/-0.06 dlogz:10.141>0.1]
63835it [7:10:15 bound:808 nc:866 ncall:5.0e+07 eff:0.1% logz-ratio=4.97+/-0.06 dlogz:10.092>0.1]
63954it [7:11:48 bound:810 nc:1796 ncall:5.0e+07 eff:0.1% logz-ratio=4.99+/-0.06 dlogz:10.040>0.1]
64070it [7:13:16 bound:812 nc:1145 ncall:5.0e+07 eff:0.1% logz-ratio=5.02+/-0.06 dlogz:9.989>0.1]
64184it [7:14:45 bound:814 nc:1729 ncall:5.0e+07 eff:0.1% logz-ratio=5.04+/-0.06 dlogz:9.939>0.1]
64305it [7:16:16 bound:816 nc:1938 ncall:5.1e+07 eff:0.1% logz-ratio=5.06+/-0.06 dlogz:9.886>0.1]
64424it [7:17:44 bound:818 nc:2060 ncall:5.1e+07 eff:0.1% logz-ratio=5.08+/-0.06 dlogz:9.835>0.1]
64547it [7:19:14 bound:820 nc:1579 ncall:5.1e+07 eff:0.1% logz-ratio=5.11+/-0.06 dlogz:9.782>0.1]
64667it [7:20:45 bound:822 nc:1628 ncall:5.1e+07 eff:0.1% logz-ratio=5.13+/-0.06 dlogz:9.730>0.1]
64784it [7:22:13 bound:824 nc:1073 ncall:5.1e+07 eff:0.1% logz-ratio=5.15+/-0.06 dlogz:9.680>0.1]
64903it [7:23:38 bound:826 nc:1915 ncall:5.2e+07 eff:0.1% logz-ratio=5.17+/-0.06 dlogz:9.629>0.1]
65020it [7:25:09 bound:828 nc:1788 ncall:5.2e+07 eff:0.1% logz-ratio=5.19+/-0.06 dlogz:9.579>0.1]
65139it [7:26:35 bound:830 nc:1205 ncall:5.2e+07 eff:0.1% logz-ratio=5.22+/-0.06 dlogz:9.528>0.1]
65258it [7:28:01 bound:832 nc:1774 ncall:5.2e+07 eff:0.1% logz-ratio=5.24+/-0.06 dlogz:9.477>0.1]
65374it [7:29:29 bound:834 nc:792 ncall:5.2e+07 eff:0.1% logz-ratio=5.26+/-0.06 dlogz:9.428>0.1]
65493it [7:30:57 bound:836 nc:1087 ncall:5.3e+07 eff:0.1% logz-ratio=5.28+/-0.06 dlogz:9.378>0.1]
65611it [7:32:22 bound:838 nc:1995 ncall:5.3e+07 eff:0.1% logz-ratio=5.30+/-0.06 dlogz:9.328>0.1]
65721it [7:33:47 bound:840 nc:1736 ncall:5.3e+07 eff:0.1% logz-ratio=5.32+/-0.06 dlogz:9.282>0.1]
65837it [7:35:22 bound:842 nc:1260 ncall:5.3e+07 eff:0.1% logz-ratio=5.34+/-0.06 dlogz:9.234>0.1]
65954it [7:36:47 bound:844 nc:1446 ncall:5.3e+07 eff:0.1% logz-ratio=5.36+/-0.06 dlogz:9.185>0.1]
66073it [7:38:14 bound:846 nc:1632 ncall:5.3e+07 eff:0.1% logz-ratio=5.38+/-0.06 dlogz:9.136>0.1]
66195it [7:39:45 bound:848 nc:1824 ncall:5.4e+07 eff:0.1% logz-ratio=5.40+/-0.06 dlogz:9.085>0.1]
66313it [7:41:10 bound:850 nc:1657 ncall:5.4e+07 eff:0.1% logz-ratio=5.42+/-0.06 dlogz:9.036>0.1]
66436it [7:42:36 bound:852 nc:1699 ncall:5.4e+07 eff:0.1% logz-ratio=5.44+/-0.06 dlogz:8.986>0.1]
66556it [7:44:02 bound:854 nc:1121 ncall:5.4e+07 eff:0.1% logz-ratio=5.46+/-0.06 dlogz:8.937>0.1]
66673it [7:45:28 bound:856 nc:1791 ncall:5.4e+07 eff:0.1% logz-ratio=5.48+/-0.06 dlogz:8.889>0.1]
66791it [7:46:59 bound:858 nc:2271 ncall:5.5e+07 eff:0.1% logz-ratio=5.50+/-0.06 dlogz:8.841>0.1]
66905it [7:48:25 bound:860 nc:1552 ncall:5.5e+07 eff:0.1% logz-ratio=5.52+/-0.06 dlogz:8.794>0.1]
67027it [7:49:51 bound:862 nc:1686 ncall:5.5e+07 eff:0.1% logz-ratio=5.54+/-0.06 dlogz:8.745>0.1]
67140it [7:51:25 bound:864 nc:1298 ncall:5.5e+07 eff:0.1% logz-ratio=5.56+/-0.06 dlogz:8.699>0.1]
67257it [7:53:01 bound:866 nc:2338 ncall:5.5e+07 eff:0.1% logz-ratio=5.58+/-0.06 dlogz:8.651>0.1]
67375it [7:54:30 bound:868 nc:2818 ncall:5.6e+07 eff:0.1% logz-ratio=5.59+/-0.06 dlogz:8.604>0.1]
67495it [7:55:58 bound:870 nc:2220 ncall:5.6e+07 eff:0.1% logz-ratio=5.61+/-0.06 dlogz:8.556>0.1]
67612it [7:57:34 bound:872 nc:1830 ncall:5.6e+07 eff:0.1% logz-ratio=5.63+/-0.06 dlogz:8.509>0.1]
67727it [7:59:03 bound:874 nc:901 ncall:5.6e+07 eff:0.1% logz-ratio=5.65+/-0.06 dlogz:8.463>0.1]
67847it [8:00:30 bound:876 nc:1899 ncall:5.6e+07 eff:0.1% logz-ratio=5.67+/-0.06 dlogz:8.415>0.1]
67969it [8:02:03 bound:878 nc:1564 ncall:5.7e+07 eff:0.1% logz-ratio=5.69+/-0.06 dlogz:8.366>0.1]
68088it [8:03:33 bound:880 nc:4003 ncall:5.7e+07 eff:0.1% logz-ratio=5.70+/-0.06 dlogz:8.319>0.1]
68155it [8:05:20 bound:881 nc:1943 ncall:5.7e+07 eff:0.1% logz-ratio=5.71+/-0.06 dlogz:8.293>0.1]
68253it [8:06:50 bound:883 nc:2286 ncall:5.7e+07 eff:0.1% logz-ratio=5.73+/-0.06 dlogz:8.777>0.1]
68366it [8:08:23 bound:885 nc:1604 ncall:5.7e+07 eff:0.1% logz-ratio=5.75+/-0.06 dlogz:8.733>0.1]
68484it [8:09:52 bound:887 nc:1052 ncall:5.7e+07 eff:0.1% logz-ratio=5.76+/-0.06 dlogz:8.686>0.1]
68603it [8:11:19 bound:889 nc:986 ncall:5.8e+07 eff:0.1% logz-ratio=5.78+/-0.06 dlogz:8.639>0.1]
68721it [8:12:52 bound:891 nc:1785 ncall:5.8e+07 eff:0.1% logz-ratio=5.80+/-0.06 dlogz:8.593>0.1]
68837it [8:14:25 bound:893 nc:1375 ncall:5.8e+07 eff:0.1% logz-ratio=5.82+/-0.06 dlogz:8.548>0.1]
68956it [8:16:01 bound:895 nc:1620 ncall:5.8e+07 eff:0.1% logz-ratio=5.83+/-0.06 dlogz:8.501>0.1]
69078it [8:17:27 bound:897 nc:1197 ncall:5.8e+07 eff:0.1% logz-ratio=5.85+/-0.06 dlogz:8.454>0.1]
69201it [8:18:55 bound:899 nc:2161 ncall:5.9e+07 eff:0.1% logz-ratio=5.87+/-0.06 dlogz:8.406>0.1]
69318it [8:20:20 bound:901 nc:2190 ncall:5.9e+07 eff:0.1% logz-ratio=5.89+/-0.06 dlogz:8.361>0.1]
69430it [8:21:51 bound:903 nc:1017 ncall:5.9e+07 eff:0.1% logz-ratio=5.90+/-0.06 dlogz:8.318>0.1]
69545it [8:23:19 bound:905 nc:1389 ncall:5.9e+07 eff:0.1% logz-ratio=5.92+/-0.06 dlogz:8.274>0.1]
69665it [8:24:49 bound:907 nc:3036 ncall:5.9e+07 eff:0.1% logz-ratio=5.93+/-0.06 dlogz:8.228>0.1]
69785it [8:26:14 bound:909 nc:665 ncall:5.9e+07 eff:0.1% logz-ratio=5.95+/-0.06 dlogz:8.183>0.1]
69904it [8:27:40 bound:911 nc:1613 ncall:6.0e+07 eff:0.1% logz-ratio=5.97+/-0.06 dlogz:8.138>0.1]
70025it [8:29:11 bound:913 nc:2388 ncall:6.0e+07 eff:0.1% logz-ratio=5.98+/-0.06 dlogz:8.092>0.1]
70140it [8:30:42 bound:915 nc:1423 ncall:6.0e+07 eff:0.1% logz-ratio=6.00+/-0.06 dlogz:8.049>0.1]
70255it [8:32:10 bound:917 nc:1966 ncall:6.0e+07 eff:0.1% logz-ratio=6.01+/-0.06 dlogz:8.006>0.1]
70373it [8:33:38 bound:919 nc:1862 ncall:6.0e+07 eff:0.1% logz-ratio=6.03+/-0.06 dlogz:7.961>0.1]
70493it [8:35:05 bound:921 nc:1764 ncall:6.1e+07 eff:0.1% logz-ratio=6.04+/-0.06 dlogz:7.916>0.1]
70616it [8:36:36 bound:923 nc:1181 ncall:6.1e+07 eff:0.1% logz-ratio=6.06+/-0.06 dlogz:7.871>0.1]
70737it [8:38:02 bound:925 nc:1361 ncall:6.1e+07 eff:0.1% logz-ratio=6.08+/-0.06 dlogz:7.826>0.1]
70856it [8:39:30 bound:927 nc:2565 ncall:6.1e+07 eff:0.1% logz-ratio=6.09+/-0.06 dlogz:7.782>0.1]
70972it [8:40:58 bound:929 nc:1881 ncall:6.1e+07 eff:0.1% logz-ratio=6.10+/-0.06 dlogz:7.739>0.1]
71089it [8:42:25 bound:931 nc:1324 ncall:6.2e+07 eff:0.1% logz-ratio=6.12+/-0.06 dlogz:7.696>0.1]
71211it [8:43:55 bound:933 nc:984 ncall:6.2e+07 eff:0.1% logz-ratio=6.13+/-0.06 dlogz:7.651>0.1]
71332it [8:45:19 bound:935 nc:1413 ncall:6.2e+07 eff:0.1% logz-ratio=6.15+/-0.06 dlogz:7.607>0.1]
71450it [8:46:47 bound:937 nc:3332 ncall:6.2e+07 eff:0.1% logz-ratio=6.16+/-0.06 dlogz:7.564>0.1]
71569it [8:48:21 bound:939 nc:1242 ncall:6.2e+07 eff:0.1% logz-ratio=6.18+/-0.06 dlogz:7.520>0.1]
71683it [8:49:48 bound:941 nc:1201 ncall:6.2e+07 eff:0.1% logz-ratio=6.19+/-0.06 dlogz:7.479>0.1]
71802it [8:51:20 bound:943 nc:1279 ncall:6.3e+07 eff:0.1% logz-ratio=6.21+/-0.06 dlogz:7.436>0.1]
71916it [8:52:52 bound:945 nc:980 ncall:6.3e+07 eff:0.1% logz-ratio=6.22+/-0.06 dlogz:7.394>0.1]
72029it [8:54:15 bound:947 nc:1908 ncall:6.3e+07 eff:0.1% logz-ratio=6.23+/-0.06 dlogz:7.354>0.1]
72150it [8:55:37 bound:949 nc:2260 ncall:6.3e+07 eff:0.1% logz-ratio=6.25+/-0.06 dlogz:7.310>0.1]
72262it [8:57:04 bound:951 nc:1990 ncall:6.3e+07 eff:0.1% logz-ratio=6.26+/-0.06 dlogz:8.590>0.1]
72380it [8:58:38 bound:953 nc:2070 ncall:6.4e+07 eff:0.1% logz-ratio=6.27+/-0.06 dlogz:8.796>0.1]
72495it [9:00:06 bound:955 nc:3367 ncall:6.4e+07 eff:0.1% logz-ratio=6.29+/-0.06 dlogz:8.755>0.1]
72610it [9:01:36 bound:957 nc:1735 ncall:6.4e+07 eff:0.1% logz-ratio=6.30+/-0.06 dlogz:8.713>0.1]
72730it [9:03:03 bound:959 nc:1106 ncall:6.4e+07 eff:0.1% logz-ratio=6.31+/-0.06 dlogz:8.671>0.1]
72847it [9:04:30 bound:961 nc:2653 ncall:6.4e+07 eff:0.1% logz-ratio=6.33+/-0.06 dlogz:8.629>0.1]
72914it [9:06:23 bound:962 nc:1313 ncall:6.4e+07 eff:0.1% logz-ratio=6.33+/-0.06 dlogz:8.605>0.1]
73022it [9:07:52 bound:964 nc:3357 ncall:6.5e+07 eff:0.1% logz-ratio=6.34+/-0.06 dlogz:8.567>0.1]
73145it [9:09:23 bound:966 nc:3432 ncall:6.5e+07 eff:0.1% logz-ratio=6.36+/-0.06 dlogz:8.523>0.1]
73262it [9:10:53 bound:968 nc:2511 ncall:6.5e+07 eff:0.1% logz-ratio=6.37+/-0.06 dlogz:8.482>0.1]
73380it [9:12:26 bound:970 nc:2451 ncall:6.5e+07 eff:0.1% logz-ratio=6.38+/-0.06 dlogz:8.440>0.1]
73501it [9:13:53 bound:972 nc:1174 ncall:6.5e+07 eff:0.1% logz-ratio=6.40+/-0.06 dlogz:8.398>0.1]
73615it [9:15:24 bound:974 nc:3991 ncall:6.6e+07 eff:0.1% logz-ratio=6.41+/-0.06 dlogz:8.358>0.1]
73731it [9:16:51 bound:976 nc:2219 ncall:6.6e+07 eff:0.1% logz-ratio=6.42+/-0.06 dlogz:8.317>0.1]
73848it [9:18:13 bound:978 nc:2184 ncall:6.6e+07 eff:0.1% logz-ratio=6.43+/-0.06 dlogz:8.277>0.1]
73968it [9:19:38 bound:980 nc:1400 ncall:6.6e+07 eff:0.1% logz-ratio=6.45+/-0.06 dlogz:8.235>0.1]
74087it [9:21:10 bound:982 nc:3310 ncall:6.6e+07 eff:0.1% logz-ratio=6.46+/-0.06 dlogz:8.194>0.1]
74199it [9:22:37 bound:984 nc:3342 ncall:6.7e+07 eff:0.1% logz-ratio=6.47+/-0.06 dlogz:8.155>0.1]
74317it [9:24:00 bound:986 nc:1145 ncall:6.7e+07 eff:0.1% logz-ratio=6.48+/-0.06 dlogz:8.115>0.1]
74436it [9:25:30 bound:988 nc:936 ncall:6.7e+07 eff:0.1% logz-ratio=6.49+/-0.06 dlogz:8.074>0.1]
74552it [9:27:00 bound:990 nc:1615 ncall:6.7e+07 eff:0.1% logz-ratio=6.50+/-0.06 dlogz:8.034>0.1]
74665it [9:28:29 bound:992 nc:1774 ncall:6.7e+07 eff:0.1% logz-ratio=6.52+/-0.06 dlogz:7.996>0.1]
74784it [9:29:55 bound:994 nc:1769 ncall:6.7e+07 eff:0.1% logz-ratio=6.53+/-0.06 dlogz:7.955>0.1]
74893it [9:31:21 bound:996 nc:817 ncall:6.8e+07 eff:0.1% logz-ratio=6.54+/-0.06 dlogz:7.918>0.1]
75013it [9:32:52 bound:998 nc:1596 ncall:6.8e+07 eff:0.1% logz-ratio=6.55+/-0.06 dlogz:7.878>0.1]
75131it [9:34:15 bound:1000 nc:877 ncall:6.8e+07 eff:0.1% logz-ratio=6.56+/-0.06 dlogz:7.838>0.1]
75250it [9:35:36 bound:1002 nc:1308 ncall:6.8e+07 eff:0.1% logz-ratio=6.57+/-0.06 dlogz:7.797>0.1]
75366it [9:37:01 bound:1004 nc:1634 ncall:6.8e+07 eff:0.1% logz-ratio=6.58+/-0.06 dlogz:7.758>0.1]
75486it [9:38:27 bound:1006 nc:1391 ncall:6.9e+07 eff:0.1% logz-ratio=6.59+/-0.06 dlogz:7.718>0.1]
75602it [9:39:50 bound:1008 nc:1398 ncall:6.9e+07 eff:0.1% logz-ratio=6.60+/-0.06 dlogz:7.679>0.1]
75716it [9:41:17 bound:1010 nc:2784 ncall:6.9e+07 eff:0.1% logz-ratio=6.61+/-0.06 dlogz:7.641>0.1]
75834it [9:42:42 bound:1012 nc:1129 ncall:6.9e+07 eff:0.1% logz-ratio=6.62+/-0.06 dlogz:7.601>0.1]
75955it [9:44:10 bound:1014 nc:1628 ncall:6.9e+07 eff:0.1% logz-ratio=6.64+/-0.06 dlogz:7.561>0.1]
76075it [9:45:41 bound:1016 nc:1835 ncall:6.9e+07 eff:0.1% logz-ratio=6.65+/-0.06 dlogz:7.521>0.1]
76188it [9:47:07 bound:1018 nc:3252 ncall:7.0e+07 eff:0.1% logz-ratio=6.66+/-0.06 dlogz:7.483>0.1]
76302it [9:48:33 bound:1020 nc:1214 ncall:7.0e+07 eff:0.1% logz-ratio=6.67+/-0.06 dlogz:7.445>0.1]
76415it [9:50:01 bound:1022 nc:870 ncall:7.0e+07 eff:0.1% logz-ratio=6.68+/-0.06 dlogz:7.407>0.1]
76530it [9:51:24 bound:1024 nc:1902 ncall:7.0e+07 eff:0.1% logz-ratio=6.69+/-0.06 dlogz:7.369>0.1]
76643it [9:52:53 bound:1026 nc:1740 ncall:7.0e+07 eff:0.1% logz-ratio=6.70+/-0.06 dlogz:7.332>0.1]
76763it [9:54:21 bound:1028 nc:1428 ncall:7.1e+07 eff:0.1% logz-ratio=6.71+/-0.06 dlogz:7.292>0.1]
76886it [9:55:49 bound:1030 nc:1613 ncall:7.1e+07 eff:0.1% logz-ratio=6.72+/-0.06 dlogz:7.251>0.1]
77007it [9:57:22 bound:1032 nc:1235 ncall:7.1e+07 eff:0.1% logz-ratio=6.73+/-0.06 dlogz:7.212>0.1]
77131it [9:58:50 bound:1034 nc:1501 ncall:7.1e+07 eff:0.1% logz-ratio=6.74+/-0.06 dlogz:7.171>0.1]
77250it [10:00:19 bound:1036 nc:2045 ncall:7.1e+07 eff:0.1% logz-ratio=6.75+/-0.06 dlogz:7.132>0.1]
77371it [10:01:47 bound:1038 nc:2219 ncall:7.1e+07 eff:0.1% logz-ratio=6.76+/-0.06 dlogz:7.092>0.1]
77486it [10:03:13 bound:1040 nc:1100 ncall:7.2e+07 eff:0.1% logz-ratio=6.77+/-0.06 dlogz:7.055>0.1]
77605it [10:04:42 bound:1042 nc:1444 ncall:7.2e+07 eff:0.1% logz-ratio=6.78+/-0.06 dlogz:7.016>0.1]
77721it [10:06:11 bound:1044 nc:1907 ncall:7.2e+07 eff:0.1% logz-ratio=6.79+/-0.06 dlogz:6.978>0.1]
77730it [10:07:23 bound:1044 nc:676 ncall:7.2e+07 eff:0.1% logz-ratio=6.79+/-0.06 dlogz:6.975>0.1]
77839it [10:08:42 bound:1046 nc:3164 ncall:7.2e+07 eff:0.1% logz-ratio=6.80+/-0.06 dlogz:6.940>0.1]
77958it [10:10:04 bound:1048 nc:1651 ncall:7.2e+07 eff:0.1% logz-ratio=6.81+/-0.06 dlogz:6.902>0.1]
78079it [10:11:33 bound:1050 nc:2067 ncall:7.3e+07 eff:0.1% logz-ratio=6.82+/-0.06 dlogz:6.863>0.1]
78190it [10:12:56 bound:1052 nc:1396 ncall:7.3e+07 eff:0.1% logz-ratio=6.82+/-0.06 dlogz:6.827>0.1]
78310it [10:14:26 bound:1054 nc:1918 ncall:7.3e+07 eff:0.1% logz-ratio=6.83+/-0.06 dlogz:6.788>0.1]
78430it [10:15:58 bound:1056 nc:1545 ncall:7.3e+07 eff:0.1% logz-ratio=6.84+/-0.06 dlogz:6.750>0.1]
78553it [10:17:32 bound:1058 nc:1377 ncall:7.3e+07 eff:0.1% logz-ratio=6.85+/-0.06 dlogz:6.710>0.1]
78672it [10:19:00 bound:1060 nc:1686 ncall:7.4e+07 eff:0.1% logz-ratio=6.86+/-0.06 dlogz:6.672>0.1]
78789it [10:20:29 bound:1062 nc:4147 ncall:7.4e+07 eff:0.1% logz-ratio=6.87+/-0.06 dlogz:6.635>0.1]
78908it [10:21:59 bound:1064 nc:1910 ncall:7.4e+07 eff:0.1% logz-ratio=6.88+/-0.06 dlogz:6.597>0.1]
79028it [10:23:27 bound:1066 nc:1212 ncall:7.4e+07 eff:0.1% logz-ratio=6.89+/-0.06 dlogz:7.019>0.1]
79146it [10:24:55 bound:1068 nc:1458 ncall:7.4e+07 eff:0.1% logz-ratio=6.90+/-0.06 dlogz:6.982>0.1]
79263it [10:26:28 bound:1070 nc:1612 ncall:7.4e+07 eff:0.1% logz-ratio=6.91+/-0.06 dlogz:6.945>0.1]
79383it [10:27:59 bound:1072 nc:4465 ncall:7.5e+07 eff:0.1% logz-ratio=6.91+/-0.06 dlogz:6.907>0.1]
79501it [10:29:27 bound:1074 nc:1346 ncall:7.5e+07 eff:0.1% logz-ratio=6.92+/-0.06 dlogz:6.869>0.1]
79617it [10:30:52 bound:1076 nc:2443 ncall:7.5e+07 eff:0.1% logz-ratio=6.93+/-0.06 dlogz:6.833>0.1]
79734it [10:32:19 bound:1078 nc:1205 ncall:7.5e+07 eff:0.1% logz-ratio=6.94+/-0.06 dlogz:6.796>0.1]
79851it [10:33:49 bound:1080 nc:1177 ncall:7.5e+07 eff:0.1% logz-ratio=6.95+/-0.06 dlogz:6.759>0.1]
79969it [10:35:15 bound:1082 nc:1754 ncall:7.5e+07 eff:0.1% logz-ratio=6.96+/-0.06 dlogz:6.722>0.1]
80089it [10:36:36 bound:1084 nc:940 ncall:7.6e+07 eff:0.1% logz-ratio=6.96+/-0.06 dlogz:6.685>0.1]
80205it [10:37:59 bound:1086 nc:1986 ncall:7.6e+07 eff:0.1% logz-ratio=6.97+/-0.06 dlogz:6.649>0.1]
80321it [10:39:22 bound:1088 nc:1717 ncall:7.6e+07 eff:0.1% logz-ratio=6.98+/-0.06 dlogz:6.612>0.1]
80440it [10:40:50 bound:1090 nc:1414 ncall:7.6e+07 eff:0.1% logz-ratio=6.99+/-0.06 dlogz:6.575>0.1]
80559it [10:42:12 bound:1092 nc:901 ncall:7.6e+07 eff:0.1% logz-ratio=7.00+/-0.06 dlogz:6.539>0.1]
80673it [10:43:32 bound:1094 nc:2378 ncall:7.7e+07 eff:0.1% logz-ratio=7.00+/-0.06 dlogz:6.503>0.1]
80787it [10:44:56 bound:1096 nc:1437 ncall:7.7e+07 eff:0.1% logz-ratio=7.01+/-0.06 dlogz:6.468>0.1]
80906it [10:46:17 bound:1098 nc:1084 ncall:7.7e+07 eff:0.1% logz-ratio=7.02+/-0.06 dlogz:6.431>0.1]
81025it [10:47:45 bound:1100 nc:1914 ncall:7.7e+07 eff:0.1% logz-ratio=7.03+/-0.06 dlogz:6.395>0.1]
81146it [10:49:12 bound:1102 nc:1105 ncall:7.7e+07 eff:0.1% logz-ratio=7.03+/-0.06 dlogz:6.357>0.1]
81263it [10:50:38 bound:1104 nc:1251 ncall:7.7e+07 eff:0.1% logz-ratio=7.04+/-0.06 dlogz:6.322>0.1]
81383it [10:51:58 bound:1106 nc:1311 ncall:7.8e+07 eff:0.1% logz-ratio=7.05+/-0.06 dlogz:6.285>0.1]
81499it [10:53:22 bound:1108 nc:1504 ncall:7.8e+07 eff:0.1% logz-ratio=7.06+/-0.06 dlogz:6.249>0.1]
81614it [10:54:45 bound:1110 nc:1604 ncall:7.8e+07 eff:0.1% logz-ratio=7.06+/-0.06 dlogz:6.214>0.1]
81728it [10:56:16 bound:1112 nc:1761 ncall:7.8e+07 eff:0.1% logz-ratio=7.07+/-0.06 dlogz:6.180>0.1]
81849it [10:57:36 bound:1114 nc:1436 ncall:7.8e+07 eff:0.1% logz-ratio=7.08+/-0.06 dlogz:6.143>0.1]
81967it [10:59:00 bound:1116 nc:1761 ncall:7.8e+07 eff:0.1% logz-ratio=7.08+/-0.06 dlogz:6.107>0.1]
82087it [11:00:22 bound:1118 nc:1164 ncall:7.9e+07 eff:0.1% logz-ratio=7.09+/-0.06 dlogz:6.071>0.1]
82200it [11:01:46 bound:1120 nc:1254 ncall:7.9e+07 eff:0.1% logz-ratio=7.10+/-0.06 dlogz:6.037>0.1]
82318it [11:03:04 bound:1122 nc:1682 ncall:7.9e+07 eff:0.1% logz-ratio=7.10+/-0.06 dlogz:6.001>0.1]
82434it [11:04:21 bound:1124 nc:3210 ncall:7.9e+07 eff:0.1% logz-ratio=7.11+/-0.06 dlogz:5.966>0.1]
82550it [11:05:39 bound:1126 nc:679 ncall:7.9e+07 eff:0.1% logz-ratio=7.12+/-0.06 dlogz:5.931>0.1]
82670it [11:07:00 bound:1128 nc:585 ncall:7.9e+07 eff:0.1% logz-ratio=7.12+/-0.06 dlogz:5.895>0.1]
82683it [11:08:16 bound:1128 nc:982 ncall:7.9e+07 eff:0.1% logz-ratio=7.13+/-0.06 dlogz:5.891>0.1]
82780it [11:09:38 bound:1130 nc:1903 ncall:8.0e+07 eff:0.1% logz-ratio=7.13+/-0.06 dlogz:5.862>0.1]
82897it [11:10:57 bound:1132 nc:932 ncall:8.0e+07 eff:0.1% logz-ratio=7.14+/-0.06 dlogz:5.827>0.1]
83017it [11:12:23 bound:1134 nc:1608 ncall:8.0e+07 eff:0.1% logz-ratio=7.14+/-0.06 dlogz:5.792>0.1]
83133it [11:13:43 bound:1136 nc:1415 ncall:8.0e+07 eff:0.1% logz-ratio=7.15+/-0.06 dlogz:5.757>0.1]
83247it [11:15:03 bound:1138 nc:1319 ncall:8.0e+07 eff:0.1% logz-ratio=7.16+/-0.06 dlogz:5.723>0.1]
83368it [11:16:22 bound:1140 nc:1116 ncall:8.0e+07 eff:0.1% logz-ratio=7.16+/-0.06 dlogz:5.687>0.1]
83490it [11:17:43 bound:1142 nc:1806 ncall:8.1e+07 eff:0.1% logz-ratio=7.17+/-0.06 dlogz:5.651>0.1]
83610it [11:19:00 bound:1144 nc:1550 ncall:8.1e+07 eff:0.1% logz-ratio=7.18+/-0.06 dlogz:5.616>0.1]
83730it [11:20:24 bound:1146 nc:1941 ncall:8.1e+07 eff:0.1% logz-ratio=7.18+/-0.06 dlogz:5.580>0.1]
83847it [11:21:47 bound:1148 nc:1847 ncall:8.1e+07 eff:0.1% logz-ratio=7.19+/-0.06 dlogz:5.546>0.1]
83961it [11:23:06 bound:1150 nc:1632 ncall:8.1e+07 eff:0.1% logz-ratio=7.19+/-0.06 dlogz:5.512>0.1]
84078it [11:24:24 bound:1152 nc:1587 ncall:8.1e+07 eff:0.1% logz-ratio=7.20+/-0.06 dlogz:5.478>0.1]
84200it [11:25:44 bound:1154 nc:1892 ncall:8.2e+07 eff:0.1% logz-ratio=7.21+/-0.06 dlogz:5.442>0.1]
84323it [11:27:10 bound:1156 nc:1384 ncall:8.2e+07 eff:0.1% logz-ratio=7.21+/-0.06 dlogz:5.406>0.1]
84442it [11:28:34 bound:1158 nc:2698 ncall:8.2e+07 eff:0.1% logz-ratio=7.22+/-0.06 dlogz:5.372>0.1]
84559it [11:29:55 bound:1160 nc:993 ncall:8.2e+07 eff:0.1% logz-ratio=7.22+/-0.06 dlogz:5.338>0.1]
84680it [11:31:09 bound:1162 nc:1992 ncall:8.2e+07 eff:0.1% logz-ratio=7.23+/-0.06 dlogz:5.302>0.1]
84798it [11:32:24 bound:1164 nc:1767 ncall:8.2e+07 eff:0.1% logz-ratio=7.23+/-0.06 dlogz:5.268>0.1]
84920it [11:33:44 bound:1166 nc:1181 ncall:8.3e+07 eff:0.1% logz-ratio=7.24+/-0.06 dlogz:5.233>0.1]
85038it [11:35:03 bound:1168 nc:1655 ncall:8.3e+07 eff:0.1% logz-ratio=7.25+/-0.06 dlogz:5.199>0.1]
85157it [11:36:22 bound:1170 nc:2228 ncall:8.3e+07 eff:0.1% logz-ratio=7.25+/-0.06 dlogz:5.164>0.1]
85280it [11:37:42 bound:1172 nc:1712 ncall:8.3e+07 eff:0.1% logz-ratio=7.26+/-0.06 dlogz:5.129>0.1]
85403it [11:39:03 bound:1174 nc:823 ncall:8.3e+07 eff:0.1% logz-ratio=7.26+/-0.06 dlogz:5.093>0.1]
85520it [11:40:25 bound:1176 nc:1353 ncall:8.3e+07 eff:0.1% logz-ratio=7.27+/-0.06 dlogz:5.060>0.1]
85638it [11:41:43 bound:1178 nc:1262 ncall:8.4e+07 eff:0.1% logz-ratio=7.27+/-0.06 dlogz:5.026>0.1]
85756it [11:43:08 bound:1180 nc:808 ncall:8.4e+07 eff:0.1% logz-ratio=7.28+/-0.06 dlogz:4.992>0.1]
85879it [11:44:27 bound:1182 nc:833 ncall:8.4e+07 eff:0.1% logz-ratio=7.28+/-0.06 dlogz:4.957>0.1]
85996it [11:45:45 bound:1184 nc:842 ncall:8.4e+07 eff:0.1% logz-ratio=7.29+/-0.06 dlogz:4.923>0.1]
86114it [11:47:02 bound:1186 nc:836 ncall:8.4e+07 eff:0.1% logz-ratio=7.29+/-0.06 dlogz:4.890>0.1]
86237it [11:48:23 bound:1188 nc:1565 ncall:8.4e+07 eff:0.1% logz-ratio=7.30+/-0.06 dlogz:4.855>0.1]
86359it [11:49:42 bound:1190 nc:1868 ncall:8.5e+07 eff:0.1% logz-ratio=7.30+/-0.06 dlogz:4.820>0.1]
86477it [11:51:02 bound:1192 nc:3140 ncall:8.5e+07 eff:0.1% logz-ratio=7.31+/-0.06 dlogz:4.786>0.1]
86593it [11:52:23 bound:1194 nc:1280 ncall:8.5e+07 eff:0.1% logz-ratio=7.31+/-0.06 dlogz:4.753>0.1]
86710it [11:53:46 bound:1196 nc:1179 ncall:8.5e+07 eff:0.1% logz-ratio=7.32+/-0.06 dlogz:4.720>0.1]
86832it [11:55:06 bound:1198 nc:1486 ncall:8.5e+07 eff:0.1% logz-ratio=7.32+/-0.06 dlogz:4.686>0.1]
86955it [11:56:24 bound:1200 nc:713 ncall:8.5e+07 eff:0.1% logz-ratio=7.33+/-0.06 dlogz:4.651>0.1]
87073it [11:57:43 bound:1202 nc:1776 ncall:8.6e+07 eff:0.1% logz-ratio=7.33+/-0.06 dlogz:4.618>0.1]
87195it [11:59:01 bound:1204 nc:1177 ncall:8.6e+07 eff:0.1% logz-ratio=7.34+/-0.06 dlogz:4.583>0.1]
87314it [12:00:14 bound:1206 nc:1304 ncall:8.6e+07 eff:0.1% logz-ratio=7.34+/-0.06 dlogz:4.550>0.1]
87434it [12:01:28 bound:1208 nc:2749 ncall:8.6e+07 eff:0.1% logz-ratio=7.35+/-0.06 dlogz:4.516>0.1]
87557it [12:02:41 bound:1210 nc:1139 ncall:8.6e+07 eff:0.1% logz-ratio=7.35+/-0.06 dlogz:4.482>0.1]
87673it [12:03:54 bound:1212 nc:797 ncall:8.6e+07 eff:0.1% logz-ratio=7.36+/-0.06 dlogz:4.449>0.1]
87792it [12:05:10 bound:1214 nc:1675 ncall:8.6e+07 eff:0.1% logz-ratio=7.36+/-0.06 dlogz:4.416>0.1]
87911it [12:06:28 bound:1216 nc:2645 ncall:8.7e+07 eff:0.1% logz-ratio=7.37+/-0.06 dlogz:4.383>0.1]
88024it [12:07:41 bound:1218 nc:1699 ncall:8.7e+07 eff:0.1% logz-ratio=7.37+/-0.06 dlogz:4.352>0.1]
88033it [12:09:01 bound:1218 nc:909 ncall:8.7e+07 eff:0.1% logz-ratio=7.37+/-0.06 dlogz:4.349>0.1]
88144it [12:10:16 bound:1220 nc:938 ncall:8.7e+07 eff:0.1% logz-ratio=7.38+/-0.06 dlogz:4.318>0.1]
88268it [12:11:28 bound:1222 nc:1196 ncall:8.7e+07 eff:0.1% logz-ratio=7.38+/-0.06 dlogz:4.284>0.1]
88392it [12:12:47 bound:1224 nc:911 ncall:8.7e+07 eff:0.1% logz-ratio=7.39+/-0.06 dlogz:4.249>0.1]
88509it [12:14:01 bound:1226 nc:1418 ncall:8.7e+07 eff:0.1% logz-ratio=7.39+/-0.06 dlogz:4.217>0.1]
88628it [12:15:19 bound:1228 nc:951 ncall:8.8e+07 eff:0.1% logz-ratio=7.39+/-0.06 dlogz:4.184>0.1]
88746it [12:16:37 bound:1230 nc:2990 ncall:8.8e+07 eff:0.1% logz-ratio=7.40+/-0.06 dlogz:4.152>0.1]
88864it [12:17:51 bound:1232 nc:1429 ncall:8.8e+07 eff:0.1% logz-ratio=7.40+/-0.06 dlogz:4.373>0.1]
88976it [12:19:06 bound:1234 nc:1894 ncall:8.8e+07 eff:0.1% logz-ratio=7.41+/-0.06 dlogz:4.342>0.1]
89098it [12:20:19 bound:1236 nc:1064 ncall:8.8e+07 eff:0.1% logz-ratio=7.41+/-0.06 dlogz:5.773>0.1]
89223it [12:21:38 bound:1238 nc:934 ncall:8.8e+07 eff:0.1% logz-ratio=7.41+/-0.06 dlogz:5.738>0.1]
89343it [12:22:53 bound:1240 nc:1024 ncall:8.8e+07 eff:0.1% logz-ratio=7.42+/-0.06 dlogz:5.704>0.1]
89466it [12:23:59 bound:1242 nc:1090 ncall:8.9e+07 eff:0.1% logz-ratio=7.42+/-0.06 dlogz:5.670>0.1]
89583it [12:25:10 bound:1244 nc:689 ncall:8.9e+07 eff:0.1% logz-ratio=7.43+/-0.06 dlogz:5.638>0.1]
89701it [12:26:21 bound:1246 nc:1463 ncall:8.9e+07 eff:0.1% logz-ratio=7.43+/-0.06 dlogz:5.605>0.1]
89818it [12:27:35 bound:1248 nc:4550 ncall:8.9e+07 eff:0.1% logz-ratio=7.43+/-0.06 dlogz:5.573>0.1]
89938it [12:28:46 bound:1250 nc:963 ncall:8.9e+07 eff:0.1% logz-ratio=7.44+/-0.06 dlogz:5.540>0.1]
90058it [12:29:58 bound:1252 nc:1316 ncall:8.9e+07 eff:0.1% logz-ratio=7.44+/-0.06 dlogz:5.507>0.1]
90177it [12:31:11 bound:1254 nc:1270 ncall:8.9e+07 eff:0.1% logz-ratio=7.45+/-0.06 dlogz:5.474>0.1]
90300it [12:32:16 bound:1256 nc:766 ncall:9.0e+07 eff:0.1% logz-ratio=7.45+/-0.06 dlogz:5.440>0.1]
90422it [12:33:26 bound:1258 nc:914 ncall:9.0e+07 eff:0.1% logz-ratio=7.45+/-0.06 dlogz:5.407>0.1]
90539it [12:34:39 bound:1260 nc:1308 ncall:9.0e+07 eff:0.1% logz-ratio=7.46+/-0.06 dlogz:5.375>0.1]
90657it [12:35:51 bound:1262 nc:2924 ncall:9.0e+07 eff:0.1% logz-ratio=7.46+/-0.06 dlogz:5.342>0.1]
90776it [12:37:04 bound:1264 nc:1612 ncall:9.0e+07 eff:0.1% logz-ratio=7.47+/-0.06 dlogz:5.310>0.1]
90891it [12:38:16 bound:1266 nc:790 ncall:9.0e+07 eff:0.1% logz-ratio=7.47+/-0.06 dlogz:5.278>0.1]
91009it [12:39:33 bound:1268 nc:3476 ncall:9.0e+07 eff:0.1% logz-ratio=7.47+/-0.06 dlogz:5.246>0.1]
91127it [12:40:39 bound:1270 nc:770 ncall:9.1e+07 eff:0.1% logz-ratio=7.48+/-0.06 dlogz:5.214>0.1]
91246it [12:41:49 bound:1272 nc:1047 ncall:9.1e+07 eff:0.1% logz-ratio=7.48+/-0.06 dlogz:5.182>0.1]
91367it [12:43:01 bound:1274 nc:1425 ncall:9.1e+07 eff:0.1% logz-ratio=7.48+/-0.06 dlogz:5.149>0.1]
91491it [12:44:10 bound:1276 nc:1551 ncall:9.1e+07 eff:0.1% logz-ratio=7.49+/-0.06 dlogz:5.115>0.1]
91602it [12:45:25 bound:1278 nc:1425 ncall:9.1e+07 eff:0.1% logz-ratio=7.49+/-0.06 dlogz:5.085>0.1]
91719it [12:46:36 bound:1280 nc:1617 ncall:9.1e+07 eff:0.1% logz-ratio=7.49+/-0.06 dlogz:5.663>0.1]
91836it [12:47:47 bound:1282 nc:1222 ncall:9.2e+07 eff:0.1% logz-ratio=7.50+/-0.06 dlogz:5.631>0.1]
91954it [12:48:54 bound:1284 nc:742 ncall:9.2e+07 eff:0.1% logz-ratio=7.50+/-0.06 dlogz:5.599>0.1]
92069it [12:50:03 bound:1286 nc:1434 ncall:9.2e+07 eff:0.1% logz-ratio=7.50+/-0.06 dlogz:5.568>0.1]
92186it [12:51:20 bound:1288 nc:1374 ncall:9.2e+07 eff:0.1% logz-ratio=7.51+/-0.06 dlogz:5.536>0.1]
92301it [12:52:29 bound:1290 nc:1660 ncall:9.2e+07 eff:0.1% logz-ratio=7.51+/-0.06 dlogz:5.505>0.1]
92420it [12:53:39 bound:1292 nc:939 ncall:9.2e+07 eff:0.1% logz-ratio=7.51+/-0.06 dlogz:5.473>0.1]
92538it [12:54:54 bound:1294 nc:745 ncall:9.2e+07 eff:0.1% logz-ratio=7.52+/-0.06 dlogz:5.441>0.1]
92654it [12:56:01 bound:1296 nc:1329 ncall:9.3e+07 eff:0.1% logz-ratio=7.52+/-0.06 dlogz:5.410>0.1]
92776it [12:57:10 bound:1298 nc:1218 ncall:9.3e+07 eff:0.1% logz-ratio=7.52+/-0.06 dlogz:5.377>0.1]
92892it [12:58:24 bound:1300 nc:1163 ncall:9.3e+07 eff:0.1% logz-ratio=7.53+/-0.06 dlogz:5.346>0.1]
93010it [12:59:33 bound:1302 nc:2203 ncall:9.3e+07 eff:0.1% logz-ratio=7.53+/-0.06 dlogz:5.314>0.1]
93129it [13:00:40 bound:1304 nc:827 ncall:9.3e+07 eff:0.1% logz-ratio=7.53+/-0.06 dlogz:5.282>0.1]
93245it [13:01:46 bound:1306 nc:1496 ncall:9.3e+07 eff:0.1% logz-ratio=7.53+/-0.06 dlogz:5.251>0.1]
93364it [13:02:52 bound:1308 nc:1164 ncall:9.3e+07 eff:0.1% logz-ratio=7.54+/-0.06 dlogz:5.219>0.1]
93476it [13:03:58 bound:1310 nc:1687 ncall:9.4e+07 eff:0.1% logz-ratio=7.54+/-0.06 dlogz:5.189>0.1]
93593it [13:05:02 bound:1312 nc:1026 ncall:9.4e+07 eff:0.1% logz-ratio=7.54+/-0.06 dlogz:5.158>0.1]
93716it [13:06:12 bound:1314 nc:1473 ncall:9.4e+07 eff:0.1% logz-ratio=7.55+/-0.06 dlogz:5.125>0.1]
93834it [13:07:16 bound:1316 nc:1373 ncall:9.4e+07 eff:0.1% logz-ratio=7.55+/-0.06 dlogz:5.094>0.1]
93950it [13:08:22 bound:1318 nc:1470 ncall:9.4e+07 eff:0.1% logz-ratio=7.55+/-0.06 dlogz:5.063>0.1]
93961it [13:09:47 bound:1318 nc:1239 ncall:9.4e+07 eff:0.1% logz-ratio=7.55+/-0.06 dlogz:5.060>0.1]
94067it [13:10:48 bound:1320 nc:1380 ncall:9.4e+07 eff:0.1% logz-ratio=7.55+/-0.06 dlogz:5.031>0.1]
94186it [13:12:00 bound:1322 nc:1275 ncall:9.4e+07 eff:0.1% logz-ratio=7.56+/-0.06 dlogz:5.204>0.1]
94302it [13:13:07 bound:1324 nc:2143 ncall:9.5e+07 eff:0.1% logz-ratio=7.56+/-0.06 dlogz:5.173>0.1]
94415it [13:14:16 bound:1326 nc:2948 ncall:9.5e+07 eff:0.1% logz-ratio=7.56+/-0.06 dlogz:5.143>0.1]
94530it [13:15:21 bound:1328 nc:741 ncall:9.5e+07 eff:0.1% logz-ratio=7.57+/-0.06 dlogz:5.112>0.1]
94643it [13:16:30 bound:1330 nc:1469 ncall:9.5e+07 eff:0.1% logz-ratio=7.57+/-0.06 dlogz:5.082>0.1]
94760it [13:17:36 bound:1332 nc:1278 ncall:9.5e+07 eff:0.1% logz-ratio=7.57+/-0.06 dlogz:5.051>0.1]
94877it [13:18:41 bound:1334 nc:1122 ncall:9.5e+07 eff:0.1% logz-ratio=7.57+/-0.06 dlogz:5.020>0.1]
94999it [13:19:46 bound:1336 nc:1215 ncall:9.5e+07 eff:0.1% logz-ratio=7.58+/-0.06 dlogz:4.988>0.1]
95123it [13:20:54 bound:1338 nc:1521 ncall:9.5e+07 eff:0.1% logz-ratio=7.58+/-0.06 dlogz:4.955>0.1]
95236it [13:22:03 bound:1340 nc:1283 ncall:9.6e+07 eff:0.1% logz-ratio=7.58+/-0.06 dlogz:4.925>0.1]
95350it [13:23:06 bound:1342 nc:414 ncall:9.6e+07 eff:0.1% logz-ratio=7.58+/-0.06 dlogz:4.895>0.1]
95471it [13:24:08 bound:1344 nc:666 ncall:9.6e+07 eff:0.1% logz-ratio=7.59+/-0.06 dlogz:4.863>0.1]
95583it [13:25:12 bound:1346 nc:793 ncall:9.6e+07 eff:0.1% logz-ratio=7.59+/-0.06 dlogz:4.834>0.1]
95698it [13:26:20 bound:1348 nc:450 ncall:9.6e+07 eff:0.1% logz-ratio=7.59+/-0.06 dlogz:4.804>0.1]
95820it [13:27:26 bound:1350 nc:2654 ncall:9.6e+07 eff:0.1% logz-ratio=7.59+/-0.06 dlogz:4.772>0.1]
95944it [13:28:38 bound:1352 nc:1025 ncall:9.6e+07 eff:0.1% logz-ratio=7.60+/-0.06 dlogz:4.739>0.1]
96061it [13:29:43 bound:1354 nc:1533 ncall:9.7e+07 eff:0.1% logz-ratio=7.60+/-0.06 dlogz:4.708>0.1]
96182it [13:30:52 bound:1356 nc:1324 ncall:9.7e+07 eff:0.1% logz-ratio=7.60+/-0.06 dlogz:4.677>0.1]
96301it [13:31:57 bound:1358 nc:1224 ncall:9.7e+07 eff:0.1% logz-ratio=7.60+/-0.06 dlogz:4.645>0.1]
96419it [13:33:04 bound:1360 nc:1042 ncall:9.7e+07 eff:0.1% logz-ratio=7.61+/-0.06 dlogz:4.615>0.1]
96539it [13:34:08 bound:1362 nc:1399 ncall:9.7e+07 eff:0.1% logz-ratio=7.61+/-0.06 dlogz:4.583>0.1]
96650it [13:35:14 bound:1364 nc:993 ncall:9.7e+07 eff:0.1% logz-ratio=7.61+/-0.06 dlogz:4.554>0.1]
96767it [13:36:19 bound:1366 nc:653 ncall:9.7e+07 eff:0.1% logz-ratio=7.61+/-0.06 dlogz:4.524>0.1]
96882it [13:37:25 bound:1368 nc:1911 ncall:9.7e+07 eff:0.1% logz-ratio=7.62+/-0.06 dlogz:4.494>0.1]
96997it [13:38:28 bound:1370 nc:918 ncall:9.8e+07 eff:0.1% logz-ratio=7.62+/-0.06 dlogz:4.464>0.1]
97112it [13:39:32 bound:1372 nc:1063 ncall:9.8e+07 eff:0.1% logz-ratio=7.62+/-0.06 dlogz:4.434>0.1]
97228it [13:40:37 bound:1374 nc:1296 ncall:9.8e+07 eff:0.1% logz-ratio=7.62+/-0.06 dlogz:4.404>0.1]
97341it [13:41:41 bound:1376 nc:1929 ncall:9.8e+07 eff:0.1% logz-ratio=7.62+/-0.06 dlogz:4.374>0.1]
97457it [13:42:44 bound:1378 nc:1043 ncall:9.8e+07 eff:0.1% logz-ratio=7.63+/-0.06 dlogz:4.344>0.1]
97577it [13:43:53 bound:1380 nc:774 ncall:9.8e+07 eff:0.1% logz-ratio=7.63+/-0.06 dlogz:4.313>0.1]
97698it [13:45:00 bound:1382 nc:908 ncall:9.8e+07 eff:0.1% logz-ratio=7.63+/-0.06 dlogz:4.282>0.1]
97816it [13:46:02 bound:1384 nc:925 ncall:9.9e+07 eff:0.1% logz-ratio=7.63+/-0.06 dlogz:4.251>0.1]
97933it [13:47:08 bound:1386 nc:1272 ncall:9.9e+07 eff:0.1% logz-ratio=7.64+/-0.06 dlogz:4.221>0.1]
98050it [13:48:19 bound:1388 nc:902 ncall:9.9e+07 eff:0.1% logz-ratio=7.64+/-0.06 dlogz:4.191>0.1]
98168it [13:49:27 bound:1390 nc:1169 ncall:9.9e+07 eff:0.1% logz-ratio=7.64+/-0.06 dlogz:4.160>0.1]
98283it [13:50:27 bound:1392 nc:1357 ncall:9.9e+07 eff:0.1% logz-ratio=7.64+/-0.06 dlogz:4.130>0.1]
98398it [13:51:34 bound:1394 nc:1121 ncall:9.9e+07 eff:0.1% logz-ratio=7.64+/-0.06 dlogz:4.101>0.1]
98517it [13:52:38 bound:1396 nc:1114 ncall:9.9e+07 eff:0.1% logz-ratio=7.65+/-0.06 dlogz:4.070>0.1]
98639it [13:53:45 bound:1398 nc:2551 ncall:1.0e+08 eff:0.1% logz-ratio=7.65+/-0.06 dlogz:4.039>0.1]
98755it [13:54:55 bound:1400 nc:1281 ncall:1.0e+08 eff:0.1% logz-ratio=7.65+/-0.06 dlogz:4.009>0.1]
98871it [13:55:57 bound:1402 nc:760 ncall:1.0e+08 eff:0.1% logz-ratio=7.65+/-0.06 dlogz:3.979>0.1]
98988it [13:57:04 bound:1404 nc:1174 ncall:1.0e+08 eff:0.1% logz-ratio=7.65+/-0.06 dlogz:3.949>0.1]
99110it [13:58:13 bound:1406 nc:829 ncall:1.0e+08 eff:0.1% logz-ratio=7.66+/-0.06 dlogz:3.918>0.1]
99234it [13:59:20 bound:1408 nc:1272 ncall:1.0e+08 eff:0.1% logz-ratio=7.66+/-0.06 dlogz:3.886>0.1]
99355it [14:00:26 bound:1410 nc:1513 ncall:1.0e+08 eff:0.1% logz-ratio=7.66+/-0.06 dlogz:3.855>0.1]
99467it [14:01:35 bound:1412 nc:1308 ncall:1.0e+08 eff:0.1% logz-ratio=7.66+/-0.06 dlogz:3.827>0.1]
99588it [14:02:40 bound:1414 nc:1340 ncall:1.0e+08 eff:0.1% logz-ratio=7.66+/-0.06 dlogz:3.796>0.1]
99709it [14:03:46 bound:1416 nc:1044 ncall:1.0e+08 eff:0.1% logz-ratio=7.67+/-0.06 dlogz:3.765>0.1]
99829it [14:05:01 bound:1418 nc:1294 ncall:1.0e+08 eff:0.1% logz-ratio=7.67+/-0.06 dlogz:3.734>0.1]
99950it [14:06:13 bound:1420 nc:669 ncall:1.0e+08 eff:0.1% logz-ratio=7.67+/-0.06 dlogz:3.703>0.1]
100069it [14:07:20 bound:1422 nc:1514 ncall:1.0e+08 eff:0.1% logz-ratio=7.67+/-0.06 dlogz:3.673>0.1]
100184it [14:08:30 bound:1424 nc:900 ncall:1.0e+08 eff:0.1% logz-ratio=7.67+/-0.06 dlogz:3.794>0.1]
100263it [14:10:36 bound:1425 nc:744 ncall:1.0e+08 eff:0.1% logz-ratio=7.68+/-0.06 dlogz:3.774>0.1]
100363it [14:11:49 bound:1427 nc:2628 ncall:1.0e+08 eff:0.1% logz-ratio=7.68+/-0.06 dlogz:3.749>0.1]
100488it [14:12:57 bound:1429 nc:1013 ncall:1.0e+08 eff:0.1% logz-ratio=7.68+/-0.06 dlogz:3.717>0.1]
100607it [14:14:06 bound:1431 nc:1409 ncall:1.0e+08 eff:0.1% logz-ratio=7.68+/-0.06 dlogz:3.686>0.1]
100730it [14:15:14 bound:1433 nc:779 ncall:1.0e+08 eff:0.1% logz-ratio=7.68+/-0.06 dlogz:3.655>0.1]
100850it [14:16:24 bound:1435 nc:1078 ncall:1.0e+08 eff:0.1% logz-ratio=7.69+/-0.06 dlogz:3.625>0.1]
100971it [14:17:41 bound:1437 nc:1880 ncall:1.0e+08 eff:0.1% logz-ratio=7.69+/-0.06 dlogz:3.594>0.1]
101092it [14:18:52 bound:1439 nc:2595 ncall:1.0e+08 eff:0.1% logz-ratio=7.69+/-0.06 dlogz:3.563>0.1]
101212it [14:20:07 bound:1441 nc:1218 ncall:1.0e+08 eff:0.1% logz-ratio=7.69+/-0.07 dlogz:3.533>0.1]
101334it [14:21:15 bound:1443 nc:849 ncall:1.0e+08 eff:0.1% logz-ratio=7.69+/-0.07 dlogz:3.502>0.1]
101459it [14:22:26 bound:1445 nc:3256 ncall:1.0e+08 eff:0.1% logz-ratio=7.70+/-0.07 dlogz:3.470>0.1]
101581it [14:23:34 bound:1447 nc:1652 ncall:1.0e+08 eff:0.1% logz-ratio=7.70+/-0.07 dlogz:3.439>0.1]
101703it [14:24:43 bound:1449 nc:874 ncall:1.0e+08 eff:0.1% logz-ratio=7.70+/-0.07 dlogz:3.408>0.1]
101824it [14:25:53 bound:1451 nc:1547 ncall:1.0e+08 eff:0.1% logz-ratio=7.70+/-0.07 dlogz:3.377>0.1]
101947it [14:27:03 bound:1453 nc:1695 ncall:1.0e+08 eff:0.1% logz-ratio=7.71+/-0.07 dlogz:4.469>0.1]
102069it [14:28:12 bound:1455 nc:868 ncall:1.0e+08 eff:0.1% logz-ratio=7.71+/-0.07 dlogz:4.438>0.1]
102192it [14:29:24 bound:1457 nc:630 ncall:1.0e+08 eff:0.1% logz-ratio=7.71+/-0.07 dlogz:4.406>0.1]
102309it [14:30:31 bound:1459 nc:1633 ncall:1.0e+08 eff:0.1% logz-ratio=7.71+/-0.07 dlogz:4.375>0.1]
102431it [14:31:44 bound:1461 nc:1251 ncall:1.0e+08 eff:0.1% logz-ratio=7.71+/-0.07 dlogz:4.344>0.1]
102558it [14:32:53 bound:1463 nc:1071 ncall:1.0e+08 eff:0.1% logz-ratio=7.72+/-0.07 dlogz:4.311>0.1]
102681it [14:34:09 bound:1465 nc:1722 ncall:1.0e+08 eff:0.1% logz-ratio=7.72+/-0.07 dlogz:4.279>0.1]
102804it [14:35:17 bound:1467 nc:993 ncall:1.0e+08 eff:0.1% logz-ratio=7.72+/-0.07 dlogz:4.247>0.1]
102923it [14:36:30 bound:1469 nc:1406 ncall:1.0e+08 eff:0.1% logz-ratio=7.72+/-0.07 dlogz:4.216>0.1]
103044it [14:37:44 bound:1471 nc:1872 ncall:1.0e+08 eff:0.1% logz-ratio=7.73+/-0.07 dlogz:4.185>0.1]
103167it [14:38:56 bound:1473 nc:1735 ncall:1.1e+08 eff:0.1% logz-ratio=7.73+/-0.07 dlogz:4.153>0.1]
103289it [14:40:05 bound:1475 nc:538 ncall:1.1e+08 eff:0.1% logz-ratio=7.73+/-0.07 dlogz:4.121>0.1]
103411it [14:41:17 bound:1477 nc:1412 ncall:1.1e+08 eff:0.1% logz-ratio=7.73+/-0.07 dlogz:4.089>0.1]
103535it [14:42:33 bound:1479 nc:1142 ncall:1.1e+08 eff:0.1% logz-ratio=7.74+/-0.07 dlogz:4.057>0.1]
103656it [14:43:45 bound:1481 nc:1045 ncall:1.1e+08 eff:0.1% logz-ratio=7.74+/-0.07 dlogz:4.025>0.1]
103779it [14:44:56 bound:1483 nc:1211 ncall:1.1e+08 eff:0.1% logz-ratio=7.74+/-0.07 dlogz:3.993>0.1]
103901it [14:46:08 bound:1485 nc:1852 ncall:1.1e+08 eff:0.1% logz-ratio=7.74+/-0.07 dlogz:3.961>0.1]
104026it [14:47:19 bound:1487 nc:1456 ncall:1.1e+08 eff:0.1% logz-ratio=7.75+/-0.07 dlogz:3.929>0.1]
104150it [14:48:31 bound:1489 nc:881 ncall:1.1e+08 eff:0.1% logz-ratio=7.75+/-0.07 dlogz:3.896>0.1]
104273it [14:49:43 bound:1491 nc:1509 ncall:1.1e+08 eff:0.1% logz-ratio=7.75+/-0.07 dlogz:3.864>0.1]
104398it [14:50:54 bound:1493 nc:1808 ncall:1.1e+08 eff:0.1% logz-ratio=7.75+/-0.07 dlogz:3.832>0.1]
104523it [14:52:06 bound:1495 nc:1462 ncall:1.1e+08 eff:0.1% logz-ratio=7.76+/-0.07 dlogz:3.799>0.1]
104644it [14:53:18 bound:1497 nc:1103 ncall:1.1e+08 eff:0.1% logz-ratio=7.76+/-0.07 dlogz:3.768>0.1]
104765it [14:54:29 bound:1499 nc:1026 ncall:1.1e+08 eff:0.1% logz-ratio=7.76+/-0.07 dlogz:3.863>0.1]
104889it [14:55:38 bound:1501 nc:1296 ncall:1.1e+08 eff:0.1% logz-ratio=7.77+/-0.07 dlogz:3.831>0.1]
105008it [14:56:56 bound:1503 nc:2052 ncall:1.1e+08 eff:0.1% logz-ratio=7.77+/-0.07 dlogz:3.800>0.1]
105132it [14:58:08 bound:1505 nc:2979 ncall:1.1e+08 eff:0.1% logz-ratio=7.77+/-0.07 dlogz:3.767>0.1]
105253it [14:59:19 bound:1507 nc:3225 ncall:1.1e+08 eff:0.1% logz-ratio=7.77+/-0.07 dlogz:3.736>0.1]
105379it [15:00:31 bound:1509 nc:1374 ncall:1.1e+08 eff:0.1% logz-ratio=7.78+/-0.07 dlogz:3.703>0.1]
105504it [15:01:43 bound:1511 nc:963 ncall:1.1e+08 eff:0.1% logz-ratio=7.78+/-0.07 dlogz:3.670>0.1]
105628it [15:02:57 bound:1513 nc:578 ncall:1.1e+08 eff:0.1% logz-ratio=7.78+/-0.07 dlogz:3.638>0.1]
105752it [15:04:11 bound:1515 nc:1292 ncall:1.1e+08 eff:0.1% logz-ratio=7.79+/-0.07 dlogz:3.606>0.1]
105872it [15:05:21 bound:1517 nc:1699 ncall:1.1e+08 eff:0.1% logz-ratio=7.79+/-0.07 dlogz:3.574>0.1]
105993it [15:06:38 bound:1519 nc:1537 ncall:1.1e+08 eff:0.1% logz-ratio=7.79+/-0.07 dlogz:3.543>0.1]
106116it [15:07:51 bound:1521 nc:1212 ncall:1.1e+08 eff:0.1% logz-ratio=7.79+/-0.07 dlogz:3.511>0.1]
106241it [15:09:05 bound:1523 nc:1425 ncall:1.1e+08 eff:0.1% logz-ratio=7.80+/-0.07 dlogz:3.478>0.1]
106361it [15:10:19 bound:1525 nc:2718 ncall:1.1e+08 eff:0.1% logz-ratio=7.80+/-0.07 dlogz:3.447>0.1]
106372it [15:11:55 bound:1525 nc:1510 ncall:1.1e+08 eff:0.1% logz-ratio=7.80+/-0.07 dlogz:3.444>0.1]
106484it [15:13:09 bound:1527 nc:1386 ncall:1.1e+08 eff:0.1% logz-ratio=7.80+/-0.07 dlogz:3.415>0.1]
106608it [15:14:24 bound:1529 nc:1574 ncall:1.1e+08 eff:0.1% logz-ratio=7.81+/-0.07 dlogz:3.383>0.1]
106726it [15:15:37 bound:1531 nc:1477 ncall:1.1e+08 eff:0.1% logz-ratio=7.81+/-0.07 dlogz:3.352>0.1]
106847it [15:16:51 bound:1533 nc:2797 ncall:1.1e+08 eff:0.1% logz-ratio=7.81+/-0.07 dlogz:3.321>0.1]
106969it [15:18:04 bound:1535 nc:1039 ncall:1.1e+08 eff:0.1% logz-ratio=7.81+/-0.07 dlogz:3.290>0.1]
107089it [15:19:23 bound:1537 nc:1202 ncall:1.1e+08 eff:0.1% logz-ratio=7.82+/-0.07 dlogz:3.259>0.1]
107215it [15:20:40 bound:1539 nc:1144 ncall:1.1e+08 eff:0.1% logz-ratio=7.82+/-0.07 dlogz:3.226>0.1]
107339it [15:21:55 bound:1541 nc:972 ncall:1.1e+08 eff:0.1% logz-ratio=7.82+/-0.07 dlogz:3.194>0.1]
107463it [15:23:13 bound:1543 nc:1207 ncall:1.1e+08 eff:0.1% logz-ratio=7.83+/-0.07 dlogz:3.162>0.1]
107585it [15:24:30 bound:1545 nc:1268 ncall:1.1e+08 eff:0.1% logz-ratio=7.83+/-0.07 dlogz:3.131>0.1]
107708it [15:25:49 bound:1547 nc:976 ncall:1.1e+08 eff:0.1% logz-ratio=7.83+/-0.07 dlogz:3.099>0.1]
107830it [15:27:05 bound:1549 nc:1114 ncall:1.1e+08 eff:0.1% logz-ratio=7.84+/-0.07 dlogz:3.068>0.1]
107948it [15:28:18 bound:1551 nc:1415 ncall:1.1e+08 eff:0.1% logz-ratio=7.84+/-0.07 dlogz:3.037>0.1]
108072it [15:29:32 bound:1553 nc:1153 ncall:1.1e+08 eff:0.1% logz-ratio=7.84+/-0.07 dlogz:3.006>0.1]
108195it [15:30:49 bound:1555 nc:724 ncall:1.1e+08 eff:0.1% logz-ratio=7.85+/-0.07 dlogz:2.974>0.1]
108315it [15:32:10 bound:1557 nc:1656 ncall:1.1e+08 eff:0.1% logz-ratio=7.85+/-0.07 dlogz:2.943>0.1]
108438it [15:33:24 bound:1559 nc:1371 ncall:1.1e+08 eff:0.1% logz-ratio=7.85+/-0.07 dlogz:2.912>0.1]
108563it [15:34:40 bound:1561 nc:1560 ncall:1.1e+08 eff:0.1% logz-ratio=7.85+/-0.07 dlogz:2.880>0.1]
108685it [15:35:57 bound:1563 nc:1753 ncall:1.1e+08 eff:0.1% logz-ratio=7.86+/-0.07 dlogz:2.849>0.1]
108806it [15:37:11 bound:1565 nc:1310 ncall:1.1e+08 eff:0.1% logz-ratio=7.86+/-0.07 dlogz:2.819>0.1]
108930it [15:38:22 bound:1567 nc:2536 ncall:1.1e+08 eff:0.1% logz-ratio=7.86+/-0.07 dlogz:2.787>0.1]
109052it [15:39:35 bound:1569 nc:2658 ncall:1.1e+08 eff:0.1% logz-ratio=7.87+/-0.07 dlogz:2.756>0.1]
109173it [15:40:49 bound:1571 nc:1910 ncall:1.1e+08 eff:0.1% logz-ratio=7.87+/-0.07 dlogz:2.726>0.1]
109298it [15:42:03 bound:1573 nc:1254 ncall:1.1e+08 eff:0.1% logz-ratio=7.87+/-0.07 dlogz:2.694>0.1]
109421it [15:43:26 bound:1575 nc:1211 ncall:1.1e+08 eff:0.1% logz-ratio=7.88+/-0.07 dlogz:2.663>0.1]
109543it [15:44:46 bound:1577 nc:1232 ncall:1.1e+08 eff:0.1% logz-ratio=7.88+/-0.07 dlogz:2.633>0.1]
109666it [15:46:03 bound:1579 nc:826 ncall:1.1e+08 eff:0.1% logz-ratio=7.88+/-0.07 dlogz:2.602>0.1]
109792it [15:47:19 bound:1581 nc:1646 ncall:1.1e+08 eff:0.1% logz-ratio=7.89+/-0.07 dlogz:2.570>0.1]
109912it [15:48:35 bound:1583 nc:1502 ncall:1.1e+08 eff:0.1% logz-ratio=7.89+/-0.07 dlogz:2.540>0.1]
110035it [15:49:50 bound:1585 nc:943 ncall:1.1e+08 eff:0.1% logz-ratio=7.89+/-0.07 dlogz:2.510>0.1]
110152it [15:51:06 bound:1587 nc:1430 ncall:1.1e+08 eff:0.1% logz-ratio=7.90+/-0.07 dlogz:2.481>0.1]
110272it [15:52:28 bound:1589 nc:1378 ncall:1.1e+08 eff:0.1% logz-ratio=7.90+/-0.07 dlogz:2.451>0.1]
110392it [15:53:45 bound:1591 nc:862 ncall:1.1e+08 eff:0.1% logz-ratio=7.90+/-0.07 dlogz:2.422>0.1]
110513it [15:55:04 bound:1593 nc:1299 ncall:1.2e+08 eff:0.1% logz-ratio=7.91+/-0.07 dlogz:2.392>0.1]
110637it [15:56:27 bound:1595 nc:2286 ncall:1.2e+08 eff:0.1% logz-ratio=7.91+/-0.07 dlogz:2.362>0.1]
110760it [15:57:45 bound:1597 nc:1153 ncall:1.2e+08 eff:0.1% logz-ratio=7.91+/-0.07 dlogz:2.332>0.1]
110881it [15:59:04 bound:1599 nc:3067 ncall:1.2e+08 eff:0.1% logz-ratio=7.91+/-0.07 dlogz:2.574>0.1]
111001it [16:00:24 bound:1601 nc:1265 ncall:1.2e+08 eff:0.1% logz-ratio=7.92+/-0.07 dlogz:2.545>0.1]
111126it [16:01:42 bound:1603 nc:1394 ncall:1.2e+08 eff:0.1% logz-ratio=7.92+/-0.07 dlogz:2.514>0.1]
111247it [16:03:03 bound:1605 nc:1545 ncall:1.2e+08 eff:0.1% logz-ratio=7.92+/-0.07 dlogz:2.484>0.1]
111367it [16:04:22 bound:1607 nc:1449 ncall:1.2e+08 eff:0.1% logz-ratio=7.93+/-0.07 dlogz:2.454>0.1]
111493it [16:05:43 bound:1609 nc:3007 ncall:1.2e+08 eff:0.1% logz-ratio=7.93+/-0.07 dlogz:2.423>0.1]
111616it [16:07:06 bound:1611 nc:1438 ncall:1.2e+08 eff:0.1% logz-ratio=7.93+/-0.07 dlogz:2.393>0.1]
111741it [16:08:27 bound:1613 nc:833 ncall:1.2e+08 eff:0.1% logz-ratio=7.94+/-0.07 dlogz:2.363>0.1]
111865it [16:09:48 bound:1615 nc:1291 ncall:1.2e+08 eff:0.1% logz-ratio=7.94+/-0.07 dlogz:2.332>0.1]
111988it [16:11:06 bound:1617 nc:1380 ncall:1.2e+08 eff:0.1% logz-ratio=7.94+/-0.07 dlogz:2.303>0.1]
111989it [16:12:47 bound:1617 nc:1459 ncall:1.2e+08 eff:0.1% logz-ratio=7.94+/-0.07 dlogz:2.302>0.1]
112110it [16:14:10 bound:1619 nc:1567 ncall:1.2e+08 eff:0.1% logz-ratio=7.95+/-0.07 dlogz:2.273>0.1]
112235it [16:15:30 bound:1621 nc:2626 ncall:1.2e+08 eff:0.1% logz-ratio=7.95+/-0.07 dlogz:2.243>0.1]
112357it [16:16:52 bound:1623 nc:684 ncall:1.2e+08 eff:0.1% logz-ratio=7.95+/-0.07 dlogz:2.502>0.1]
112481it [16:18:18 bound:1625 nc:1605 ncall:1.2e+08 eff:0.1% logz-ratio=7.95+/-0.07 dlogz:2.471>0.1]
112605it [16:19:44 bound:1627 nc:908 ncall:1.2e+08 eff:0.1% logz-ratio=7.96+/-0.07 dlogz:2.441>0.1]
112726it [16:21:09 bound:1629 nc:506 ncall:1.2e+08 eff:0.1% logz-ratio=7.96+/-0.07 dlogz:2.411>0.1]
112850it [16:22:31 bound:1631 nc:1645 ncall:1.2e+08 eff:0.1% logz-ratio=7.96+/-0.07 dlogz:2.381>0.1]
112975it [16:23:57 bound:1633 nc:1555 ncall:1.2e+08 eff:0.1% logz-ratio=7.97+/-0.07 dlogz:2.351>0.1]
113101it [16:25:17 bound:1635 nc:1761 ncall:1.2e+08 eff:0.1% logz-ratio=7.97+/-0.07 dlogz:2.320>0.1]
113219it [16:26:40 bound:1637 nc:1203 ncall:1.2e+08 eff:0.1% logz-ratio=7.97+/-0.07 dlogz:2.292>0.1]
113342it [16:28:01 bound:1639 nc:927 ncall:1.2e+08 eff:0.1% logz-ratio=7.97+/-0.07 dlogz:2.262>0.1]
113464it [16:29:25 bound:1641 nc:1290 ncall:1.2e+08 eff:0.1% logz-ratio=7.98+/-0.07 dlogz:2.233>0.1]
113588it [16:30:51 bound:1643 nc:997 ncall:1.2e+08 eff:0.1% logz-ratio=7.98+/-0.07 dlogz:2.203>0.1]
113709it [16:32:17 bound:1645 nc:931 ncall:1.2e+08 eff:0.1% logz-ratio=7.98+/-0.07 dlogz:2.175>0.1]
113831it [16:33:43 bound:1647 nc:1813 ncall:1.2e+08 eff:0.1% logz-ratio=7.99+/-0.07 dlogz:2.146>0.1]
113957it [16:35:06 bound:1649 nc:1586 ncall:1.2e+08 eff:0.1% logz-ratio=7.99+/-0.07 dlogz:2.116>0.1]
114080it [16:36:29 bound:1651 nc:1191 ncall:1.2e+08 eff:0.1% logz-ratio=7.99+/-0.07 dlogz:2.087>0.1]
114203it [16:37:49 bound:1653 nc:1425 ncall:1.2e+08 eff:0.1% logz-ratio=7.99+/-0.07 dlogz:2.059>0.1]
114328it [16:39:16 bound:1655 nc:2146 ncall:1.2e+08 eff:0.1% logz-ratio=8.00+/-0.07 dlogz:2.029>0.1]
114453it [16:40:46 bound:1657 nc:1506 ncall:1.2e+08 eff:0.1% logz-ratio=8.00+/-0.07 dlogz:2.001>0.1]
114575it [16:42:14 bound:1659 nc:1651 ncall:1.2e+08 eff:0.1% logz-ratio=8.00+/-0.07 dlogz:1.972>0.1]
114700it [16:43:46 bound:1661 nc:1181 ncall:1.2e+08 eff:0.1% logz-ratio=8.01+/-0.07 dlogz:1.944>0.1]
114825it [16:45:16 bound:1663 nc:1085 ncall:1.2e+08 eff:0.1% logz-ratio=8.01+/-0.07 dlogz:1.915>0.1]
114948it [16:46:45 bound:1665 nc:825 ncall:1.2e+08 eff:0.1% logz-ratio=8.01+/-0.07 dlogz:1.887>0.1]
115070it [16:48:14 bound:1667 nc:2028 ncall:1.2e+08 eff:0.1% logz-ratio=8.01+/-0.07 dlogz:1.860>0.1]
115196it [16:49:42 bound:1669 nc:1554 ncall:1.2e+08 eff:0.1% logz-ratio=8.02+/-0.07 dlogz:1.832>0.1]
115320it [16:51:13 bound:1671 nc:1805 ncall:1.2e+08 eff:0.1% logz-ratio=8.02+/-0.07 dlogz:1.804>0.1]
115444it [16:52:36 bound:1673 nc:1963 ncall:1.2e+08 eff:0.1% logz-ratio=8.02+/-0.07 dlogz:1.777>0.1]
115569it [16:54:01 bound:1675 nc:1423 ncall:1.2e+08 eff:0.1% logz-ratio=8.03+/-0.07 dlogz:1.749>0.1]
115690it [16:55:28 bound:1677 nc:1378 ncall:1.2e+08 eff:0.1% logz-ratio=8.03+/-0.07 dlogz:1.723>0.1]
115812it [16:56:57 bound:1679 nc:1774 ncall:1.2e+08 eff:0.1% logz-ratio=8.03+/-0.07 dlogz:1.696>0.1]
115935it [16:58:27 bound:1681 nc:1203 ncall:1.2e+08 eff:0.1% logz-ratio=8.03+/-0.07 dlogz:1.669>0.1]
116058it [16:59:55 bound:1683 nc:1535 ncall:1.2e+08 eff:0.1% logz-ratio=8.04+/-0.07 dlogz:1.643>0.1]
116181it [17:01:25 bound:1685 nc:1627 ncall:1.2e+08 eff:0.1% logz-ratio=8.04+/-0.07 dlogz:1.617>0.1]
116306it [17:03:00 bound:1687 nc:1553 ncall:1.2e+08 eff:0.1% logz-ratio=8.04+/-0.07 dlogz:1.590>0.1]
116427it [17:04:28 bound:1689 nc:1778 ncall:1.2e+08 eff:0.1% logz-ratio=8.04+/-0.07 dlogz:1.565>0.1]
116551it [17:05:56 bound:1691 nc:1357 ncall:1.2e+08 eff:0.1% logz-ratio=8.05+/-0.07 dlogz:1.539>0.1]
116674it [17:07:22 bound:1693 nc:1462 ncall:1.2e+08 eff:0.1% logz-ratio=8.05+/-0.07 dlogz:1.514>0.1]
116795it [17:08:51 bound:1695 nc:1443 ncall:1.2e+08 eff:0.1% logz-ratio=8.05+/-0.07 dlogz:1.489>0.1]
116918it [17:10:25 bound:1697 nc:1276 ncall:1.2e+08 eff:0.1% logz-ratio=8.05+/-0.07 dlogz:1.464>0.1]
117037it [17:12:03 bound:1699 nc:2121 ncall:1.3e+08 eff:0.1% logz-ratio=8.06+/-0.07 dlogz:1.439>0.1]
117050it [17:13:49 bound:1699 nc:1612 ncall:1.3e+08 eff:0.1% logz-ratio=8.06+/-0.07 dlogz:1.437>0.1]
117161it [17:15:24 bound:1701 nc:1970 ncall:1.3e+08 eff:0.1% logz-ratio=8.06+/-0.07 dlogz:1.415>0.1]
117282it [17:16:52 bound:1703 nc:1408 ncall:1.3e+08 eff:0.1% logz-ratio=8.06+/-0.07 dlogz:1.390>0.1]
117410it [17:18:25 bound:1705 nc:1592 ncall:1.3e+08 eff:0.1% logz-ratio=8.06+/-0.07 dlogz:1.365>0.1]
117532it [17:20:00 bound:1707 nc:1877 ncall:1.3e+08 eff:0.1% logz-ratio=8.07+/-0.07 dlogz:1.341>0.1]
117659it [17:21:30 bound:1709 nc:1404 ncall:1.3e+08 eff:0.1% logz-ratio=8.07+/-0.07 dlogz:1.317>0.1]
117781it [17:23:03 bound:1711 nc:1111 ncall:1.3e+08 eff:0.1% logz-ratio=8.07+/-0.07 dlogz:1.293>0.1]
117904it [17:24:37 bound:1713 nc:1507 ncall:1.3e+08 eff:0.1% logz-ratio=8.07+/-0.07 dlogz:1.270>0.1]
118031it [17:26:05 bound:1715 nc:1806 ncall:1.3e+08 eff:0.1% logz-ratio=8.08+/-0.07 dlogz:1.246>0.1]
118154it [17:27:38 bound:1717 nc:1658 ncall:1.3e+08 eff:0.1% logz-ratio=8.08+/-0.07 dlogz:1.223>0.1]
118280it [17:29:15 bound:1719 nc:779 ncall:1.3e+08 eff:0.1% logz-ratio=8.08+/-0.07 dlogz:1.200>0.1]
118403it [17:30:50 bound:1721 nc:973 ncall:1.3e+08 eff:0.1% logz-ratio=8.08+/-0.07 dlogz:1.177>0.1]
118520it [17:32:25 bound:1723 nc:2199 ncall:1.3e+08 eff:0.1% logz-ratio=8.08+/-0.07 dlogz:1.156>0.1]
118642it [17:34:00 bound:1725 nc:2092 ncall:1.3e+08 eff:0.1% logz-ratio=8.09+/-0.07 dlogz:1.134>0.1]
118766it [17:35:33 bound:1727 nc:1641 ncall:1.3e+08 eff:0.1% logz-ratio=8.09+/-0.07 dlogz:1.112>0.1]
118886it [17:37:08 bound:1729 nc:2431 ncall:1.3e+08 eff:0.1% logz-ratio=8.09+/-0.07 dlogz:1.091>0.1]
119003it [17:38:50 bound:1731 nc:1462 ncall:1.3e+08 eff:0.1% logz-ratio=8.09+/-0.07 dlogz:1.071>0.1]
119127it [17:40:25 bound:1733 nc:1988 ncall:1.3e+08 eff:0.1% logz-ratio=8.10+/-0.07 dlogz:1.050>0.1]
119252it [17:42:01 bound:1735 nc:1464 ncall:1.3e+08 eff:0.1% logz-ratio=8.10+/-0.07 dlogz:1.280>0.1]
119373it [17:43:32 bound:1737 nc:1882 ncall:1.3e+08 eff:0.1% logz-ratio=8.10+/-0.07 dlogz:1.257>0.1]
119494it [17:45:09 bound:1739 nc:2186 ncall:1.3e+08 eff:0.1% logz-ratio=8.10+/-0.07 dlogz:1.235>0.1]
119616it [17:46:45 bound:1741 nc:1680 ncall:1.3e+08 eff:0.1% logz-ratio=8.10+/-0.07 dlogz:1.212>0.1]
119736it [17:48:18 bound:1743 nc:1604 ncall:1.3e+08 eff:0.1% logz-ratio=8.11+/-0.07 dlogz:1.191>0.1]
119855it [17:49:54 bound:1745 nc:1901 ncall:1.3e+08 eff:0.1% logz-ratio=8.11+/-0.07 dlogz:1.169>0.1]
119976it [17:51:31 bound:1747 nc:1762 ncall:1.3e+08 eff:0.1% logz-ratio=8.11+/-0.07 dlogz:1.147>0.1]
120097it [17:53:06 bound:1749 nc:1340 ncall:1.3e+08 eff:0.1% logz-ratio=8.11+/-0.07 dlogz:1.126>0.1]
120221it [17:54:42 bound:1751 nc:2238 ncall:1.3e+08 eff:0.1% logz-ratio=8.11+/-0.07 dlogz:1.104>0.1]
120344it [17:56:20 bound:1753 nc:2151 ncall:1.3e+08 eff:0.1% logz-ratio=8.12+/-0.07 dlogz:1.083>0.1]
120469it [17:57:57 bound:1755 nc:1193 ncall:1.3e+08 eff:0.1% logz-ratio=8.12+/-0.07 dlogz:1.062>0.1]
120594it [17:59:36 bound:1757 nc:2074 ncall:1.3e+08 eff:0.1% logz-ratio=8.12+/-0.07 dlogz:1.040>0.1]
120718it [18:01:15 bound:1759 nc:1306 ncall:1.3e+08 eff:0.1% logz-ratio=8.12+/-0.07 dlogz:1.020>0.1]
120843it [18:02:50 bound:1761 nc:1837 ncall:1.3e+08 eff:0.1% logz-ratio=8.12+/-0.07 dlogz:0.999>0.1]
120965it [18:04:23 bound:1763 nc:1242 ncall:1.3e+08 eff:0.1% logz-ratio=8.13+/-0.07 dlogz:0.979>0.1]
121092it [18:06:01 bound:1765 nc:1396 ncall:1.3e+08 eff:0.1% logz-ratio=8.13+/-0.07 dlogz:0.959>0.1]
121217it [18:07:41 bound:1767 nc:1808 ncall:1.3e+08 eff:0.1% logz-ratio=8.13+/-0.07 dlogz:0.939>0.1]
121340it [18:09:20 bound:1769 nc:1661 ncall:1.3e+08 eff:0.1% logz-ratio=8.13+/-0.07 dlogz:0.920>0.1]
121462it [18:10:55 bound:1771 nc:1874 ncall:1.3e+08 eff:0.1% logz-ratio=8.13+/-0.07 dlogz:0.901>0.1]
121586it [18:12:31 bound:1773 nc:1941 ncall:1.3e+08 eff:0.1% logz-ratio=8.14+/-0.07 dlogz:0.882>0.1]
121652it [18:15:12 bound:1774 nc:1762 ncall:1.3e+08 eff:0.1% logz-ratio=8.14+/-0.07 dlogz:0.872>0.1]
121773it [18:16:47 bound:1776 nc:1889 ncall:1.3e+08 eff:0.1% logz-ratio=8.14+/-0.07 dlogz:0.854>0.1]
121897it [18:18:26 bound:1778 nc:1953 ncall:1.3e+08 eff:0.1% logz-ratio=8.14+/-0.07 dlogz:0.835>0.1]
122024it [18:20:01 bound:1780 nc:1284 ncall:1.3e+08 eff:0.1% logz-ratio=8.14+/-0.07 dlogz:0.817>0.1]
122152it [18:21:42 bound:1782 nc:1662 ncall:1.3e+08 eff:0.1% logz-ratio=8.14+/-0.07 dlogz:0.799>0.1]
122275it [18:23:24 bound:1784 nc:1933 ncall:1.3e+08 eff:0.1% logz-ratio=8.15+/-0.07 dlogz:0.781>0.1]
122396it [18:25:02 bound:1786 nc:1185 ncall:1.3e+08 eff:0.1% logz-ratio=8.15+/-0.07 dlogz:0.764>0.1]
122521it [18:26:41 bound:1788 nc:833 ncall:1.3e+08 eff:0.1% logz-ratio=8.15+/-0.07 dlogz:0.747>0.1]
122646it [18:28:26 bound:1790 nc:2063 ncall:1.3e+08 eff:0.1% logz-ratio=8.15+/-0.07 dlogz:0.731>0.1]
122768it [18:30:04 bound:1792 nc:2229 ncall:1.3e+08 eff:0.1% logz-ratio=8.15+/-0.07 dlogz:0.714>0.1]
122890it [18:31:46 bound:1794 nc:1730 ncall:1.3e+08 eff:0.1% logz-ratio=8.15+/-0.07 dlogz:0.698>0.1]
123011it [18:33:21 bound:1796 nc:2273 ncall:1.4e+08 eff:0.1% logz-ratio=8.16+/-0.07 dlogz:0.683>0.1]
123134it [18:34:56 bound:1798 nc:2240 ncall:1.4e+08 eff:0.1% logz-ratio=8.16+/-0.07 dlogz:0.667>0.1]
123258it [18:36:32 bound:1800 nc:1344 ncall:1.4e+08 eff:0.1% logz-ratio=8.16+/-0.07 dlogz:0.652>0.1]
123383it [18:38:07 bound:1802 nc:1893 ncall:1.4e+08 eff:0.1% logz-ratio=8.16+/-0.07 dlogz:0.637>0.1]
123505it [18:39:46 bound:1804 nc:1316 ncall:1.4e+08 eff:0.1% logz-ratio=8.16+/-0.07 dlogz:0.622>0.1]
123628it [18:41:26 bound:1806 nc:2109 ncall:1.4e+08 eff:0.1% logz-ratio=8.16+/-0.07 dlogz:0.608>0.1]
123754it [18:43:05 bound:1808 nc:1365 ncall:1.4e+08 eff:0.1% logz-ratio=8.16+/-0.07 dlogz:0.593>0.1]
123881it [18:44:40 bound:1810 nc:723 ncall:1.4e+08 eff:0.1% logz-ratio=8.17+/-0.07 dlogz:0.579>0.1]
124003it [18:46:12 bound:1812 nc:2044 ncall:1.4e+08 eff:0.1% logz-ratio=8.17+/-0.07 dlogz:0.565>0.1]
124124it [18:47:47 bound:1814 nc:2541 ncall:1.4e+08 eff:0.1% logz-ratio=8.17+/-0.07 dlogz:0.552>0.1]
124247it [18:49:23 bound:1816 nc:2093 ncall:1.4e+08 eff:0.1% logz-ratio=8.17+/-0.07 dlogz:0.539>0.1]
124372it [18:51:04 bound:1818 nc:1705 ncall:1.4e+08 eff:0.1% logz-ratio=8.17+/-0.07 dlogz:0.525>0.1]
124495it [18:52:37 bound:1820 nc:2074 ncall:1.4e+08 eff:0.1% logz-ratio=8.17+/-0.07 dlogz:0.513>0.1]
124619it [18:54:14 bound:1822 nc:2045 ncall:1.4e+08 eff:0.1% logz-ratio=8.17+/-0.07 dlogz:0.500>0.1]
124741it [18:55:49 bound:1824 nc:1678 ncall:1.4e+08 eff:0.1% logz-ratio=8.18+/-0.07 dlogz:0.488>0.1]
124861it [18:57:27 bound:1826 nc:1839 ncall:1.4e+08 eff:0.1% logz-ratio=8.18+/-0.07 dlogz:0.476>0.1]
124982it [18:59:04 bound:1828 nc:2532 ncall:1.4e+08 eff:0.1% logz-ratio=8.18+/-0.07 dlogz:0.465>0.1]
125105it [19:00:43 bound:1830 nc:1522 ncall:1.4e+08 eff:0.1% logz-ratio=8.18+/-0.07 dlogz:0.453>0.1]
125232it [19:02:21 bound:1832 nc:1822 ncall:1.4e+08 eff:0.1% logz-ratio=8.18+/-0.07 dlogz:0.442>0.1]
125358it [19:03:58 bound:1834 nc:1677 ncall:1.4e+08 eff:0.1% logz-ratio=8.18+/-0.07 dlogz:0.430>0.1]
125481it [19:05:38 bound:1836 nc:1992 ncall:1.4e+08 eff:0.1% logz-ratio=8.18+/-0.07 dlogz:0.419>0.1]
125603it [19:07:16 bound:1838 nc:2380 ncall:1.4e+08 eff:0.1% logz-ratio=8.18+/-0.07 dlogz:0.409>0.1]
125727it [19:08:58 bound:1840 nc:1944 ncall:1.4e+08 eff:0.1% logz-ratio=8.19+/-0.07 dlogz:0.398>0.1]
125851it [19:10:39 bound:1842 nc:2756 ncall:1.4e+08 eff:0.1% logz-ratio=8.19+/-0.07 dlogz:0.388>0.1]
125974it [19:12:20 bound:1844 nc:1401 ncall:1.4e+08 eff:0.1% logz-ratio=8.19+/-0.07 dlogz:0.378>0.1]
126098it [19:13:55 bound:1846 nc:1570 ncall:1.4e+08 eff:0.1% logz-ratio=8.19+/-0.07 dlogz:0.368>0.1]
126162it [19:16:38 bound:1847 nc:2636 ncall:1.4e+08 eff:0.1% logz-ratio=8.19+/-0.07 dlogz:0.364>0.1]
126280it [19:18:17 bound:1849 nc:1112 ncall:1.4e+08 eff:0.1% logz-ratio=8.19+/-0.07 dlogz:0.354>0.1]
126405it [19:19:54 bound:1851 nc:1717 ncall:1.4e+08 eff:0.1% logz-ratio=8.19+/-0.07 dlogz:0.365>0.1]
126527it [19:21:37 bound:1853 nc:1160 ncall:1.4e+08 eff:0.1% logz-ratio=8.19+/-0.07 dlogz:0.356>0.1]
126649it [19:23:18 bound:1855 nc:2028 ncall:1.4e+08 eff:0.1% logz-ratio=8.19+/-0.07 dlogz:0.347>0.1]
126773it [19:24:59 bound:1857 nc:2071 ncall:1.4e+08 eff:0.1% logz-ratio=8.20+/-0.07 dlogz:0.338>0.1]
126898it [19:26:39 bound:1859 nc:2051 ncall:1.4e+08 eff:0.1% logz-ratio=8.20+/-0.07 dlogz:0.329>0.1]
127021it [19:28:15 bound:1861 nc:2274 ncall:1.4e+08 eff:0.1% logz-ratio=8.20+/-0.07 dlogz:0.320>0.1]
127147it [19:29:52 bound:1863 nc:2345 ncall:1.4e+08 eff:0.1% logz-ratio=8.20+/-0.07 dlogz:0.311>0.1]
127273it [19:31:28 bound:1865 nc:1562 ncall:1.4e+08 eff:0.1% logz-ratio=8.20+/-0.07 dlogz:0.303>0.1]
127398it [19:33:04 bound:1867 nc:866 ncall:1.4e+08 eff:0.1% logz-ratio=8.20+/-0.07 dlogz:0.295>0.1]
127520it [19:34:46 bound:1869 nc:2423 ncall:1.4e+08 eff:0.1% logz-ratio=8.20+/-0.07 dlogz:0.287>0.1]
127643it [19:36:23 bound:1871 nc:1227 ncall:1.4e+08 eff:0.1% logz-ratio=8.20+/-0.07 dlogz:0.279>0.1]
127766it [19:38:04 bound:1873 nc:1618 ncall:1.4e+08 eff:0.1% logz-ratio=8.20+/-0.07 dlogz:0.272>0.1]
127894it [19:39:44 bound:1875 nc:1443 ncall:1.4e+08 eff:0.1% logz-ratio=8.20+/-0.07 dlogz:0.388>0.1]
128014it [19:41:24 bound:1877 nc:2571 ncall:1.4e+08 eff:0.1% logz-ratio=8.21+/-0.07 dlogz:0.378>0.1]
128136it [19:42:59 bound:1879 nc:2051 ncall:1.4e+08 eff:0.1% logz-ratio=8.21+/-0.07 dlogz:0.368>0.1]
128260it [19:44:36 bound:1881 nc:2324 ncall:1.4e+08 eff:0.1% logz-ratio=8.21+/-0.07 dlogz:0.359>0.1]
128384it [19:46:19 bound:1883 nc:2205 ncall:1.4e+08 eff:0.1% logz-ratio=8.21+/-0.07 dlogz:0.350>0.1]
128507it [19:48:00 bound:1885 nc:1186 ncall:1.4e+08 eff:0.1% logz-ratio=8.21+/-0.07 dlogz:0.341>0.1]
128633it [19:49:38 bound:1887 nc:1251 ncall:1.4e+08 eff:0.1% logz-ratio=8.21+/-0.07 dlogz:0.332>0.1]
128758it [19:51:17 bound:1889 nc:1432 ncall:1.5e+08 eff:0.1% logz-ratio=8.21+/-0.07 dlogz:0.323>0.1]
128884it [19:52:58 bound:1891 nc:1521 ncall:1.5e+08 eff:0.1% logz-ratio=8.21+/-0.07 dlogz:0.314>0.1]
129010it [19:54:34 bound:1893 nc:1825 ncall:1.5e+08 eff:0.1% logz-ratio=8.21+/-0.07 dlogz:0.306>0.1]
129133it [19:56:13 bound:1895 nc:1265 ncall:1.5e+08 eff:0.1% logz-ratio=8.21+/-0.07 dlogz:0.298>0.1]
129256it [19:57:53 bound:1897 nc:1898 ncall:1.5e+08 eff:0.1% logz-ratio=8.21+/-0.07 dlogz:0.290>0.1]
129379it [19:59:37 bound:1899 nc:2095 ncall:1.5e+08 eff:0.1% logz-ratio=8.21+/-0.07 dlogz:0.282>0.1]
129502it [20:01:17 bound:1901 nc:2611 ncall:1.5e+08 eff:0.1% logz-ratio=8.22+/-0.07 dlogz:0.275>0.1]
129625it [20:02:58 bound:1903 nc:1636 ncall:1.5e+08 eff:0.1% logz-ratio=8.22+/-0.07 dlogz:0.267>0.1]
129750it [20:04:32 bound:1905 nc:1677 ncall:1.5e+08 eff:0.1% logz-ratio=8.22+/-0.07 dlogz:0.260>0.1]
129872it [20:06:13 bound:1907 nc:1444 ncall:1.5e+08 eff:0.1% logz-ratio=8.22+/-0.07 dlogz:0.253>0.1]
129996it [20:07:57 bound:1909 nc:2255 ncall:1.5e+08 eff:0.1% logz-ratio=8.22+/-0.07 dlogz:0.246>0.1]
130114it [20:09:37 bound:1911 nc:2157 ncall:1.5e+08 eff:0.1% logz-ratio=8.22+/-0.07 dlogz:0.240>0.1]
130237it [20:11:23 bound:1913 nc:1535 ncall:1.5e+08 eff:0.1% logz-ratio=8.22+/-0.07 dlogz:0.234>0.1]
130359it [20:13:01 bound:1915 nc:2051 ncall:1.5e+08 eff:0.1% logz-ratio=8.22+/-0.07 dlogz:0.227>0.1]
130480it [20:14:38 bound:1917 nc:3574 ncall:1.5e+08 eff:0.1% logz-ratio=8.22+/-0.07 dlogz:0.221>0.1]
130602it [20:16:17 bound:1919 nc:3304 ncall:1.5e+08 eff:0.1% logz-ratio=8.22+/-0.07 dlogz:0.215>0.1]
130609it [20:18:14 bound:1919 nc:1624 ncall:1.5e+08 eff:0.1% logz-ratio=8.22+/-0.07 dlogz:0.215>0.1]
130723it [20:19:56 bound:1921 nc:4176 ncall:1.5e+08 eff:0.1% logz-ratio=8.22+/-0.07 dlogz:0.210>0.1]
130849it [20:21:36 bound:1923 nc:1947 ncall:1.5e+08 eff:0.1% logz-ratio=8.22+/-0.07 dlogz:0.204>0.1]
130973it [20:23:18 bound:1925 nc:1716 ncall:1.5e+08 eff:0.1% logz-ratio=8.22+/-0.07 dlogz:0.198>0.1]
131096it [20:24:58 bound:1927 nc:2148 ncall:1.5e+08 eff:0.1% logz-ratio=8.22+/-0.07 dlogz:0.193>0.1]
131221it [20:26:35 bound:1929 nc:1363 ncall:1.5e+08 eff:0.1% logz-ratio=8.22+/-0.07 dlogz:0.187>0.1]
131340it [20:28:10 bound:1931 nc:749 ncall:1.5e+08 eff:0.1% logz-ratio=8.23+/-0.07 dlogz:0.182>0.1]
131461it [20:29:54 bound:1933 nc:2496 ncall:1.5e+08 eff:0.1% logz-ratio=8.23+/-0.07 dlogz:0.177>0.1]
131584it [20:31:39 bound:1935 nc:3696 ncall:1.5e+08 eff:0.1% logz-ratio=8.23+/-0.07 dlogz:0.172>0.1]
131703it [20:33:19 bound:1937 nc:3471 ncall:1.5e+08 eff:0.1% logz-ratio=8.23+/-0.07 dlogz:0.168>0.1]
131824it [20:34:57 bound:1939 nc:1440 ncall:1.5e+08 eff:0.1% logz-ratio=8.23+/-0.07 dlogz:0.163>0.1]
131947it [20:36:38 bound:1941 nc:1713 ncall:1.5e+08 eff:0.1% logz-ratio=8.23+/-0.07 dlogz:0.159>0.1]
132070it [20:38:17 bound:1943 nc:1735 ncall:1.5e+08 eff:0.1% logz-ratio=8.23+/-0.07 dlogz:0.154>0.1]
132191it [20:40:00 bound:1945 nc:2939 ncall:1.5e+08 eff:0.1% logz-ratio=8.23+/-0.07 dlogz:0.150>0.1]
132316it [20:41:40 bound:1947 nc:1619 ncall:1.5e+08 eff:0.1% logz-ratio=8.23+/-0.07 dlogz:0.146>0.1]
132437it [20:43:21 bound:1949 nc:3028 ncall:1.5e+08 eff:0.1% logz-ratio=8.23+/-0.07 dlogz:0.142>0.1]
132562it [20:44:59 bound:1951 nc:1643 ncall:1.5e+08 eff:0.1% logz-ratio=8.23+/-0.07 dlogz:0.138>0.1]
132688it [20:46:42 bound:1953 nc:1020 ncall:1.5e+08 eff:0.1% logz-ratio=8.23+/-0.07 dlogz:0.134>0.1]
132810it [20:48:23 bound:1955 nc:1755 ncall:1.5e+08 eff:0.1% logz-ratio=8.23+/-0.07 dlogz:0.130>0.1]
132933it [20:50:08 bound:1957 nc:1209 ncall:1.5e+08 eff:0.1% logz-ratio=8.23+/-0.07 dlogz:0.126>0.1]
133056it [20:51:47 bound:1959 nc:1803 ncall:1.5e+08 eff:0.1% logz-ratio=8.23+/-0.07 dlogz:0.123>0.1]
133178it [20:53:30 bound:1961 nc:1030 ncall:1.5e+08 eff:0.1% logz-ratio=8.23+/-0.07 dlogz:0.119>0.1]
133303it [20:55:12 bound:1963 nc:1598 ncall:1.5e+08 eff:0.1% logz-ratio=8.23+/-0.07 dlogz:0.116>0.1]
133423it [20:56:57 bound:1965 nc:1165 ncall:1.5e+08 eff:0.1% logz-ratio=8.23+/-0.07 dlogz:0.113>0.1]
133545it [20:58:36 bound:1967 nc:1647 ncall:1.5e+08 eff:0.1% logz-ratio=8.23+/-0.07 dlogz:0.109>0.1]
133666it [21:00:16 bound:1969 nc:1600 ncall:1.5e+08 eff:0.1% logz-ratio=8.23+/-0.07 dlogz:0.106>0.1]
133788it [21:01:58 bound:1971 nc:2223 ncall:1.5e+08 eff:0.1% logz-ratio=8.24+/-0.07 dlogz:0.103>0.1]
133914it [21:03:36 bound:1973 nc:840 ncall:1.5e+08 eff:0.1% logz-ratio=8.24+/-0.07 dlogz:0.100>0.1]
At this point, we cannot create a float from 0        1.752422
1        2.675537
2        1.825499
3        1.874049
4        1.571057
           ...   
44712    1.853282
44713    1.860135
44714    1.852907
44715    1.860203
44716    1.858717
Name: chirp_mass_source, Length: 44717, dtype: float64, error: cannot convert the series to <class 'float'>
At this point, we cannot create a float from 0        0.446949
1        0.473196
2        0.397805
3        0.654512
4        0.325370
           ...   
44712    0.583763
44713    0.525548
44714    0.580684
44715    0.533966
44716    0.563089
Name: mass_ratio, Length: 44717, dtype: float64, error: cannot convert the series to <class 'float'>
At this point, we cannot create a float from 0         491.190247
1          26.388744
2         909.064392
3         164.236710
4        2732.895020
            ...     
44712     149.742905
44713     271.450684
44714     202.181137
44715     266.663818
44716     160.734863
Name: lambda_2, Length: 44717, dtype: float64, error: cannot convert the series to <class 'float'>
Skipped taking the float value from [3.63936257 6.42796516 3.30436301 ... 4.46222878 4.36647987
 4.34040642], error: only length-1 arrays can be converted to Python scalars
At this point, we cannot create a float from [1.38672042 1.39165571 1.396591   ... 2.85250205 2.85743735
 2.86237264], error: only length-1 arrays can be converted to Python scalars
At this point, we cannot create a float from [0.20869409 0.21104863 0.21340318 ... 0.90799507 0.91034962
 0.91270417], error: only length-1 arrays can be converted to Python scalars
At this point, we cannot create a float from [  14.39246845   31.3037633    48.21505815 ... 5037.0470392
 5053.95833406 5070.86962891], error: only length-1 arrays can be converted to Python scalars
Skipped taking the float value from [-67.6565094  -50.66062164 -49.99198532 ... -44.23826218
 -44.24627686 -44.25169373], error: only length-1 arrays can be converted to Python scalars
