NFDist has source_type = nsbh
3936it [0:00:47 bound:3 nc:875 ncall:9.0e+04 eff:4.4% logz-ratio=-0.24+/-0.05 dlogz:31.430>0.1]
4246it [0:02:00 bound:8 nc:739 ncall:3.4e+05 eff:1.2% logz-ratio=0.22+/-0.05 dlogz:30.661>0.1]
4555it [0:03:00 bound:13 nc:475 ncall:5.5e+05 eff:0.8% logz-ratio=0.85+/-0.06 dlogz:32.583>0.1]
4931it [0:04:08 bound:19 nc:515 ncall:7.8e+05 eff:0.6% logz-ratio=1.86+/-0.06 dlogz:33.041>0.1]
5243it [0:05:12 bound:24 nc:701 ncall:1.0e+06 eff:0.5% logz-ratio=2.79+/-0.07 dlogz:34.817>0.1]
5557it [0:06:18 bound:29 nc:503 ncall:1.2e+06 eff:0.4% logz-ratio=3.77+/-0.07 dlogz:34.920>0.1]
5866it [0:07:22 bound:34 nc:724 ncall:1.5e+06 eff:0.4% logz-ratio=4.82+/-0.07 dlogz:33.568>0.1]
6176it [0:08:28 bound:39 nc:717 ncall:1.7e+06 eff:0.4% logz-ratio=5.89+/-0.08 dlogz:36.513>0.1]
6491it [0:09:38 bound:44 nc:819 ncall:1.9e+06 eff:0.3% logz-ratio=7.02+/-0.08 dlogz:35.082>0.1]
6803it [0:10:45 bound:49 nc:635 ncall:2.2e+06 eff:0.3% logz-ratio=8.10+/-0.08 dlogz:33.696>0.1]
7114it [0:11:54 bound:54 nc:863 ncall:2.4e+06 eff:0.3% logz-ratio=9.24+/-0.08 dlogz:32.247>0.1]
7428it [0:13:02 bound:59 nc:1754 ncall:2.6e+06 eff:0.3% logz-ratio=10.41+/-0.08 dlogz:36.078>0.1]
7740it [0:14:13 bound:64 nc:696 ncall:2.9e+06 eff:0.3% logz-ratio=11.59+/-0.09 dlogz:34.588>0.1]
8050it [0:15:21 bound:69 nc:636 ncall:3.1e+06 eff:0.3% logz-ratio=12.99+/-0.09 dlogz:32.892>0.1]
8359it [0:16:28 bound:74 nc:871 ncall:3.3e+06 eff:0.3% logz-ratio=14.39+/-0.09 dlogz:34.107>0.1]
8672it [0:17:37 bound:79 nc:1453 ncall:3.6e+06 eff:0.2% logz-ratio=15.70+/-0.09 dlogz:33.219>0.1]
8988it [0:18:43 bound:84 nc:688 ncall:3.8e+06 eff:0.2% logz-ratio=17.19+/-0.09 dlogz:31.417>0.1]
9299it [0:19:45 bound:89 nc:340 ncall:4.0e+06 eff:0.2% logz-ratio=18.66+/-0.10 dlogz:29.646>0.1]
9606it [0:20:52 bound:94 nc:1031 ncall:4.3e+06 eff:0.2% logz-ratio=20.05+/-0.10 dlogz:27.955>0.1]
9920it [0:21:55 bound:99 nc:1096 ncall:4.5e+06 eff:0.2% logz-ratio=21.52+/-0.10 dlogz:26.511>0.1]
10235it [0:23:02 bound:104 nc:727 ncall:4.7e+06 eff:0.2% logz-ratio=22.97+/-0.10 dlogz:24.761>0.1]
10547it [0:24:05 bound:109 nc:814 ncall:5.0e+06 eff:0.2% logz-ratio=24.33+/-0.10 dlogz:27.301>0.1]
10857it [0:25:14 bound:114 nc:435 ncall:5.2e+06 eff:0.2% logz-ratio=25.66+/-0.10 dlogz:25.662>0.1]
11167it [0:26:25 bound:119 nc:478 ncall:5.4e+06 eff:0.2% logz-ratio=26.99+/-0.10 dlogz:24.031>0.1]
11480it [0:27:32 bound:124 nc:423 ncall:5.7e+06 eff:0.2% logz-ratio=28.35+/-0.11 dlogz:22.372>0.1]
11789it [0:28:38 bound:129 nc:1077 ncall:5.9e+06 eff:0.2% logz-ratio=29.68+/-0.11 dlogz:20.732>0.1]
12101it [0:29:48 bound:134 nc:708 ncall:6.2e+06 eff:0.2% logz-ratio=30.88+/-0.11 dlogz:19.235>0.1]
12413it [0:30:59 bound:139 nc:852 ncall:6.4e+06 eff:0.2% logz-ratio=32.01+/-0.11 dlogz:17.793>0.1]
12725it [0:32:07 bound:144 nc:927 ncall:6.6e+06 eff:0.2% logz-ratio=33.11+/-0.11 dlogz:16.388>0.1]
12975it [0:33:10 bound:148 nc:890 ncall:6.9e+06 eff:0.2% logz-ratio=33.96+/-0.11 dlogz:15.298>0.1]
13216it [0:34:11 bound:152 nc:899 ncall:7.1e+06 eff:0.2% logz-ratio=34.71+/-0.11 dlogz:14.312>0.1]
13464it [0:35:13 bound:156 nc:654 ncall:7.3e+06 eff:0.2% logz-ratio=35.47+/-0.11 dlogz:13.308>0.1]
13711it [0:36:15 bound:160 nc:1368 ncall:7.5e+06 eff:0.2% logz-ratio=36.21+/-0.11 dlogz:12.332>0.1]
13962it [0:37:22 bound:164 nc:737 ncall:7.7e+06 eff:0.2% logz-ratio=36.89+/-0.11 dlogz:11.408>0.1]
14212it [0:38:30 bound:168 nc:795 ncall:7.9e+06 eff:0.2% logz-ratio=37.48+/-0.11 dlogz:10.569>0.1]
14461it [0:39:32 bound:172 nc:778 ncall:8.2e+06 eff:0.2% logz-ratio=38.08+/-0.12 dlogz:10.367>0.1]
14708it [0:40:38 bound:176 nc:1152 ncall:8.4e+06 eff:0.2% logz-ratio=38.60+/-0.12 dlogz:9.596>0.1]
14952it [0:41:46 bound:180 nc:1033 ncall:8.6e+06 eff:0.2% logz-ratio=39.10+/-0.12 dlogz:8.866>0.1]
15198it [0:42:55 bound:184 nc:817 ncall:8.8e+06 eff:0.2% logz-ratio=39.59+/-0.12 dlogz:8.135>0.1]
15443it [0:44:03 bound:188 nc:1084 ncall:9.1e+06 eff:0.2% logz-ratio=40.01+/-0.12 dlogz:8.351>0.1]
15691it [0:45:11 bound:192 nc:807 ncall:9.3e+06 eff:0.2% logz-ratio=40.40+/-0.12 dlogz:7.720>0.1]
15931it [0:46:18 bound:196 nc:1210 ncall:9.5e+06 eff:0.2% logz-ratio=40.75+/-0.12 dlogz:7.134>0.1]
16180it [0:47:24 bound:200 nc:1104 ncall:9.8e+06 eff:0.2% logz-ratio=41.08+/-0.12 dlogz:6.569>0.1]
16427it [0:48:33 bound:204 nc:1227 ncall:1.0e+07 eff:0.2% logz-ratio=41.37+/-0.12 dlogz:6.039>0.1]
16674it [0:49:45 bound:208 nc:857 ncall:1.0e+07 eff:0.2% logz-ratio=41.63+/-0.12 dlogz:5.865>0.1]
16924it [0:50:52 bound:212 nc:953 ncall:1.0e+07 eff:0.2% logz-ratio=41.88+/-0.12 dlogz:5.376>0.1]
17171it [0:52:02 bound:216 nc:995 ncall:1.1e+07 eff:0.2% logz-ratio=42.10+/-0.12 dlogz:4.915>0.1]
17421it [0:53:11 bound:220 nc:987 ncall:1.1e+07 eff:0.2% logz-ratio=42.31+/-0.12 dlogz:4.466>0.1]
17666it [0:54:21 bound:224 nc:633 ncall:1.1e+07 eff:0.2% logz-ratio=42.49+/-0.12 dlogz:4.050>0.1]
17915it [0:55:27 bound:228 nc:915 ncall:1.1e+07 eff:0.2% logz-ratio=42.66+/-0.12 dlogz:3.796>0.1]
18164it [0:56:40 bound:232 nc:938 ncall:1.2e+07 eff:0.2% logz-ratio=42.81+/-0.12 dlogz:3.414>0.1]
18413it [0:57:53 bound:236 nc:1250 ncall:1.2e+07 eff:0.2% logz-ratio=42.94+/-0.12 dlogz:3.052>0.1]
18660it [0:59:07 bound:240 nc:1133 ncall:1.2e+07 eff:0.2% logz-ratio=43.07+/-0.12 dlogz:2.710>0.1]
18877it [1:00:17 bound:243 nc:1085 ncall:1.2e+07 eff:0.2% logz-ratio=43.16+/-0.12 dlogz:2.426>0.1]
19099it [1:01:34 bound:247 nc:1234 ncall:1.3e+07 eff:0.2% logz-ratio=43.25+/-0.12 dlogz:2.177>0.1]
19287it [1:02:35 bound:250 nc:1149 ncall:1.3e+07 eff:0.1% logz-ratio=43.31+/-0.12 dlogz:1.958>0.1]
19474it [1:03:35 bound:253 nc:1800 ncall:1.3e+07 eff:0.1% logz-ratio=43.38+/-0.12 dlogz:2.066>0.1]
19658it [1:04:36 bound:256 nc:1049 ncall:1.3e+07 eff:0.1% logz-ratio=43.43+/-0.13 dlogz:1.864>0.1]
19845it [1:05:37 bound:259 nc:703 ncall:1.4e+07 eff:0.1% logz-ratio=43.48+/-0.13 dlogz:1.669>0.1]
20027it [1:06:41 bound:262 nc:895 ncall:1.4e+07 eff:0.1% logz-ratio=43.53+/-0.13 dlogz:1.491>0.1]
20211it [1:07:43 bound:265 nc:1075 ncall:1.4e+07 eff:0.1% logz-ratio=43.57+/-0.13 dlogz:1.323>0.1]
20457it [1:09:00 bound:269 nc:1088 ncall:1.4e+07 eff:0.1% logz-ratio=43.63+/-0.13 dlogz:1.118>0.1]
20700it [1:10:18 bound:273 nc:994 ncall:1.5e+07 eff:0.1% logz-ratio=43.67+/-0.13 dlogz:0.937>0.1]
20949it [1:11:32 bound:277 nc:5056 ncall:1.5e+07 eff:0.1% logz-ratio=43.71+/-0.13 dlogz:0.774>0.1]
21200it [1:12:48 bound:281 nc:951 ncall:1.5e+07 eff:0.1% logz-ratio=43.75+/-0.13 dlogz:0.633>0.1]
21442it [1:14:05 bound:285 nc:1194 ncall:1.5e+07 eff:0.1% logz-ratio=43.78+/-0.13 dlogz:0.516>0.1]
21693it [1:15:20 bound:289 nc:1546 ncall:1.6e+07 eff:0.1% logz-ratio=43.80+/-0.13 dlogz:0.416>0.1]
21942it [1:16:35 bound:293 nc:1000 ncall:1.6e+07 eff:0.1% logz-ratio=43.83+/-0.13 dlogz:0.333>0.1]
22190it [1:17:49 bound:297 nc:1110 ncall:1.6e+07 eff:0.1% logz-ratio=43.84+/-0.13 dlogz:0.266>0.1]
22437it [1:18:57 bound:301 nc:1334 ncall:1.7e+07 eff:0.1% logz-ratio=43.86+/-0.13 dlogz:0.211>0.1]
22682it [1:20:10 bound:305 nc:1505 ncall:1.7e+07 eff:0.1% logz-ratio=43.87+/-0.13 dlogz:0.168>0.1]
22929it [1:21:25 bound:309 nc:1850 ncall:1.7e+07 eff:0.1% logz-ratio=43.89+/-0.13 dlogz:0.140>0.1]
23114it [1:22:29 bound:312 nc:917 ncall:1.8e+07 eff:0.1% logz-ratio=43.89+/-0.13 dlogz:0.117>0.1]
At this point, we cannot create a float from 0       1.485779
1       1.485587
2       1.485994
3       1.486345
4       1.485967
          ...   
5147    1.487083
5148    1.487123
5149    1.486139
5150    1.486718
5151    1.486119
Name: chirp_mass, Length: 5152, dtype: float64, error: cannot convert the series to <class 'float'>
At this point, we cannot create a float from 0       0.677143
1       0.609477
2       0.796525
3       0.723338
4       0.727570
          ...   
5147    0.945517
5148    0.946397
5149    0.874910
5150    0.916873
5151    0.841412
Name: mass_ratio, Length: 5152, dtype: float64, error: cannot convert the series to <class 'float'>
At this point, we cannot create a float from 0       170.307251
1       169.291351
2       191.526901
3       179.689255
4       127.667038
           ...    
5147    191.245102
5148    202.980148
5149    228.016663
5150    226.539810
5151    148.867935
Name: luminosity_distance, Length: 5152, dtype: float64, error: cannot convert the series to <class 'float'>
At this point, we cannot create a float from 0       755.037659
1       604.583618
2       575.149963
3       895.176514
4       793.372681
           ...    
5147    254.522598
5148    269.766235
5149    381.616394
5150    208.748795
5151    353.285706
Name: lambda_2, Length: 5152, dtype: float64, error: cannot convert the series to <class 'float'>
Skipped taking the float value from [0.90796852 0.63620424 1.12705851 ... 2.08028889 2.29921913 1.38079548], error: only length-1 arrays can be converted to Python scalars
At this point, we cannot create a float from [1.48529255 1.48530062 1.48530868 1.48531675 1.48532481 1.48533288
 1.48534094 1.48534901 1.48535708 1.48536514 1.48537321 1.48538127
 1.48538934 1.4853974  1.48540547 1.48541353 1.4854216  1.48542966
 1.48543773 1.48544579 1.48545386 1.48546192 1.48546999 1.48547805
 1.48548612 1.48549418 1.48550225 1.48551031 1.48551838 1.48552644
 1.48553451 1.48554257 1.48555064 1.4855587  1.48556677 1.48557483
 1.4855829  1.48559097 1.48559903 1.4856071  1.48561516 1.48562323
 1.48563129 1.48563936 1.48564742 1.48565549 1.48566355 1.48567162
 1.48567968 1.48568775 1.48569581 1.48570388 1.48571194 1.48572001
 1.48572807 1.48573614 1.4857442  1.48575227 1.48576033 1.4857684
 1.48577646 1.48578453 1.48579259 1.48580066 1.48580872 1.48581679
 1.48582485 1.48583292 1.48584099 1.48584905 1.48585712 1.48586518
 1.48587325 1.48588131 1.48588938 1.48589744 1.48590551 1.48591357
 1.48592164 1.4859297  1.48593777 1.48594583 1.4859539  1.48596196
 1.48597003 1.48597809 1.48598616 1.48599422 1.48600229 1.48601035
 1.48601842 1.48602648 1.48603455 1.48604261 1.48605068 1.48605874
 1.48606681 1.48607488 1.48608294 1.48609101 1.48609907 1.48610714
 1.4861152  1.48612327 1.48613133 1.4861394  1.48614746 1.48615553
 1.48616359 1.48617166 1.48617972 1.48618779 1.48619585 1.48620392
 1.48621198 1.48622005 1.48622811 1.48623618 1.48624424 1.48625231
 1.48626037 1.48626844 1.4862765  1.48628457 1.48629263 1.4863007
 1.48630876 1.48631683 1.4863249  1.48633296 1.48634103 1.48634909
 1.48635716 1.48636522 1.48637329 1.48638135 1.48638942 1.48639748
 1.48640555 1.48641361 1.48642168 1.48642974 1.48643781 1.48644587
 1.48645394 1.486462   1.48647007 1.48647813 1.4864862  1.48649426
 1.48650233 1.48651039 1.48651846 1.48652652 1.48653459 1.48654265
 1.48655072 1.48655879 1.48656685 1.48657492 1.48658298 1.48659105
 1.48659911 1.48660718 1.48661524 1.48662331 1.48663137 1.48663944
 1.4866475  1.48665557 1.48666363 1.4866717  1.48667976 1.48668783
 1.48669589 1.48670396 1.48671202 1.48672009 1.48672815 1.48673622
 1.48674428 1.48675235 1.48676041 1.48676848 1.48677654 1.48678461
 1.48679267 1.48680074 1.48680881 1.48681687 1.48682494 1.486833
 1.48684107 1.48684913 1.4868572  1.48686526 1.48687333 1.48688139
 1.48688946 1.48689752 1.48690559 1.48691365 1.48692172 1.48692978
 1.48693785 1.48694591 1.48695398 1.48696204 1.48697011 1.48697817
 1.48698624 1.4869943  1.48700237 1.48701043 1.4870185  1.48702656
 1.48703463 1.48704269 1.48705076 1.48705883 1.48706689 1.48707496
 1.48708302 1.48709109 1.48709915 1.48710722 1.48711528 1.48712335
 1.48713141 1.48713948 1.48714754 1.48715561 1.48716367 1.48717174
 1.4871798  1.48718787 1.48719593 1.487204   1.48721206 1.48722013
 1.48722819 1.48723626 1.48724432 1.48725239 1.48726045 1.48726852
 1.48727658 1.48728465 1.48729272 1.48730078 1.48730885 1.48731691
 1.48732498 1.48733304 1.48734111 1.48734917 1.48735724 1.4873653
 1.48737337 1.48738143 1.4873895  1.48739756 1.48740563 1.48741369
 1.48742176 1.48742982 1.48743789 1.48744595 1.48745402 1.48746208
 1.48747015 1.48747821 1.48748628 1.48749434 1.48750241 1.48751047
 1.48751854 1.4875266  1.48753467 1.48754274 1.4875508  1.48755887
 1.48756693 1.487575   1.48758306 1.48759113 1.48759919 1.48760726
 1.48761532 1.48762339 1.48763145 1.48763952 1.48764758 1.48765565
 1.48766371 1.48767178 1.48767984 1.48768791 1.48769597 1.48770404], error: only length-1 arrays can be converted to Python scalars
At this point, we cannot create a float from [0.55366278 0.55517025 0.55667772 0.55818518 0.55969265 0.56120012
 0.56270759 0.56421506 0.56572253 0.56723    0.56873747 0.57024494
 0.57175241 0.57325988 0.57476735 0.57627482 0.57778228 0.57928975
 0.58079722 0.58230469 0.58381216 0.58531963 0.5868271  0.58833457
 0.58984204 0.59134951 0.59285698 0.59436445 0.59587192 0.59737939
 0.59888685 0.60039432 0.60190179 0.60340926 0.60491673 0.6064242
 0.60793167 0.60943914 0.61094661 0.61245408 0.61396155 0.61546902
 0.61697649 0.61848395 0.61999142 0.62149889 0.62300636 0.62451383
 0.6260213  0.62752877 0.62903624 0.63054371 0.63205118 0.63355865
 0.63506612 0.63657359 0.63808105 0.63958852 0.64109599 0.64260346
 0.64411093 0.6456184  0.64712587 0.64863334 0.65014081 0.65164828
 0.65315575 0.65466322 0.65617069 0.65767815 0.65918562 0.66069309
 0.66220056 0.66370803 0.6652155  0.66672297 0.66823044 0.66973791
 0.67124538 0.67275285 0.67426032 0.67576779 0.67727525 0.67878272
 0.68029019 0.68179766 0.68330513 0.6848126  0.68632007 0.68782754
 0.68933501 0.69084248 0.69234995 0.69385742 0.69536489 0.69687236
 0.69837982 0.69988729 0.70139476 0.70290223 0.7044097  0.70591717
 0.70742464 0.70893211 0.71043958 0.71194705 0.71345452 0.71496199
 0.71646946 0.71797692 0.71948439 0.72099186 0.72249933 0.7240068
 0.72551427 0.72702174 0.72852921 0.73003668 0.73154415 0.73305162
 0.73455909 0.73606656 0.73757402 0.73908149 0.74058896 0.74209643
 0.7436039  0.74511137 0.74661884 0.74812631 0.74963378 0.75114125
 0.75264872 0.75415619 0.75566366 0.75717112 0.75867859 0.76018606
 0.76169353 0.763201   0.76470847 0.76621594 0.76772341 0.76923088
 0.77073835 0.77224582 0.77375329 0.77526076 0.77676823 0.77827569
 0.77978316 0.78129063 0.7827981  0.78430557 0.78581304 0.78732051
 0.78882798 0.79033545 0.79184292 0.79335039 0.79485786 0.79636533
 0.79787279 0.79938026 0.80088773 0.8023952  0.80390267 0.80541014
 0.80691761 0.80842508 0.80993255 0.81144002 0.81294749 0.81445496
 0.81596243 0.81746989 0.81897736 0.82048483 0.8219923  0.82349977
 0.82500724 0.82651471 0.82802218 0.82952965 0.83103712 0.83254459
 0.83405206 0.83555953 0.83706699 0.83857446 0.84008193 0.8415894
 0.84309687 0.84460434 0.84611181 0.84761928 0.84912675 0.85063422
 0.85214169 0.85364916 0.85515663 0.8566641  0.85817156 0.85967903
 0.8611865  0.86269397 0.86420144 0.86570891 0.86721638 0.86872385
 0.87023132 0.87173879 0.87324626 0.87475373 0.8762612  0.87776866
 0.87927613 0.8807836  0.88229107 0.88379854 0.88530601 0.88681348
 0.88832095 0.88982842 0.89133589 0.89284336 0.89435083 0.8958583
 0.89736576 0.89887323 0.9003807  0.90188817 0.90339564 0.90490311
 0.90641058 0.90791805 0.90942552 0.91093299 0.91244046 0.91394793
 0.9154554  0.91696286 0.91847033 0.9199778  0.92148527 0.92299274
 0.92450021 0.92600768 0.92751515 0.92902262 0.93053009 0.93203756
 0.93354503 0.9350525  0.93655996 0.93806743 0.9395749  0.94108237
 0.94258984 0.94409731 0.94560478 0.94711225 0.94861972 0.95012719
 0.95163466 0.95314213 0.9546496  0.95615707 0.95766453 0.959172
 0.96067947 0.96218694 0.96369441 0.96520188 0.96670935 0.96821682
 0.96972429 0.97123176 0.97273923 0.9742467  0.97575417 0.97726163
 0.9787691  0.98027657 0.98178404 0.98329151 0.98479898 0.98630645
 0.98781392 0.98932139 0.99082886 0.99233633 0.9938438  0.99535127
 0.99685873 0.9983662  0.99987367 1.00138114 1.00288861 1.00439608], error: only length-1 arrays can be converted to Python scalars
At this point, we cannot create a float from [ 38.72184753  39.80984273  40.89783792  41.98583311  43.0738283
  44.16182349  45.24981868  46.33781387  47.42580906  48.51380425
  49.60179945  50.68979464  51.77778983  52.86578502  53.95378021
  55.0417754   56.12977059  57.21776578  58.30576097  59.39375616
  60.48175136  61.56974655  62.65774174  63.74573693  64.83373212
  65.92172731  67.0097225   68.09771769  69.18571288  70.27370808
  71.36170327  72.44969846  73.53769365  74.62568884  75.71368403
  76.80167922  77.88967441  78.9776696   80.0656648   81.15365999
  82.24165518  83.32965037  84.41764556  85.50564075  86.59363594
  87.68163113  88.76962632  89.85762152  90.94561671  92.0336119
  93.12160709  94.20960228  95.29759747  96.38559266  97.47358785
  98.56158304  99.64957823 100.73757343 101.82556862 102.91356381
 104.001559   105.08955419 106.17754938 107.26554457 108.35353976
 109.44153495 110.52953015 111.61752534 112.70552053 113.79351572
 114.88151091 115.9695061  117.05750129 118.14549648 119.23349167
 120.32148687 121.40948206 122.49747725 123.58547244 124.67346763
 125.76146282 126.84945801 127.9374532  129.02544839 130.11344359
 131.20143878 132.28943397 133.37742916 134.46542435 135.55341954
 136.64141473 137.72940992 138.81740511 139.9054003  140.9933955
 142.08139069 143.16938588 144.25738107 145.34537626 146.43337145
 147.52136664 148.60936183 149.69735702 150.78535222 151.87334741
 152.9613426  154.04933779 155.13733298 156.22532817 157.31332336
 158.40131855 159.48931374 160.57730894 161.66530413 162.75329932
 163.84129451 164.9292897  166.01728489 167.10528008 168.19327527
 169.28127046 170.36926566 171.45726085 172.54525604 173.63325123
 174.72124642 175.80924161 176.8972368  177.98523199 179.07322718
 180.16122237 181.24921757 182.33721276 183.42520795 184.51320314
 185.60119833 186.68919352 187.77718871 188.8651839  189.95317909
 191.04117429 192.12916948 193.21716467 194.30515986 195.39315505
 196.48115024 197.56914543 198.65714062 199.74513581 200.83313101
 201.9211262  203.00912139 204.09711658 205.18511177 206.27310696
 207.36110215 208.44909734 209.53709253 210.62508773 211.71308292
 212.80107811 213.8890733  214.97706849 216.06506368 217.15305887
 218.24105406 219.32904925 220.41704445 221.50503964 222.59303483
 223.68103002 224.76902521 225.8570204  226.94501559 228.03301078
 229.12100597 230.20900116 231.29699636 232.38499155 233.47298674
 234.56098193 235.64897712 236.73697231 237.8249675  238.91296269
 240.00095788 241.08895308 242.17694827 243.26494346 244.35293865
 245.44093384 246.52892903 247.61692422 248.70491941 249.7929146
 250.8809098  251.96890499 253.05690018 254.14489537 255.23289056
 256.32088575 257.40888094 258.49687613 259.58487132 260.67286652
 261.76086171 262.8488569  263.93685209 265.02484728 266.11284247
 267.20083766 268.28883285 269.37682804 270.46482323 271.55281843
 272.64081362 273.72880881 274.816804   275.90479919 276.99279438
 278.08078957 279.16878476 280.25677995 281.34477515 282.43277034
 283.52076553 284.60876072 285.69675591 286.7847511  287.87274629
 288.96074148 290.04873667 291.13673187 292.22472706 293.31272225
 294.40071744 295.48871263 296.57670782 297.66470301 298.7526982
 299.84069339 300.92868859 302.01668378 303.10467897 304.19267416
 305.28066935 306.36866454 307.45665973 308.54465492 309.63265011
 310.7206453  311.8086405  312.89663569 313.98463088 315.07262607
 316.16062126 317.24861645 318.33661164 319.42460683 320.51260202
 321.60059722 322.68859241 323.7765876  324.86458279 325.95257798
 327.04057317 328.12856836 329.21656355 330.30455874 331.39255394
 332.48054913 333.56854432 334.65653951 335.7445347  336.83252989
 337.92052508 339.00852027 340.09651546 341.18451066 342.27250585
 343.36050104 344.44849623 345.53649142 346.62448661 347.7124818
 348.80047699 349.88847218 350.97646737 352.06446257 353.15245776
 354.24045295 355.32844814 356.41644333 357.50443852 358.59243371
 359.6804289  360.76842409 361.85641929 362.94441448 364.03240967], error: only length-1 arrays can be converted to Python scalars
At this point, we cannot create a float from [  54.26414871   58.31120788   62.35826704   66.40532621   70.45238537
   74.49944453   78.5465037    82.59356286   86.64062203   90.68768119
   94.73474036   98.78179952  102.82885868  106.87591785  110.92297701
  114.97003618  119.01709534  123.06415451  127.11121367  131.15827284
  135.205332    139.25239116  143.29945033  147.34650949  151.39356866
  155.44062782  159.48768699  163.53474615  167.58180532  171.62886448
  175.67592364  179.72298281  183.77004197  187.81710114  191.8641603
  195.91121947  199.95827863  204.00533779  208.05239696  212.09945612
  216.14651529  220.19357445  224.24063362  228.28769278  232.33475195
  236.38181111  240.42887027  244.47592944  248.5229886   252.57004777
  256.61710693  260.6641661   264.71122526  268.75828443  272.80534359
  276.85240275  280.89946192  284.94652108  288.99358025  293.04063941
  297.08769858  301.13475774  305.1818169   309.22887607  313.27593523
  317.3229944   321.37005356  325.41711273  329.46417189  333.51123106
  337.55829022  341.60534938  345.65240855  349.69946771  353.74652688
  357.79358604  361.84064521  365.88770437  369.93476354  373.9818227
  378.02888186  382.07594103  386.12300019  390.17005936  394.21711852
  398.26417769  402.31123685  406.35829601  410.40535518  414.45241434
  418.49947351  422.54653267  426.59359184  430.640651    434.68771017
  438.73476933  442.78182849  446.82888766  450.87594682  454.92300599
  458.97006515  463.01712432  467.06418348  471.11124265  475.15830181
  479.20536097  483.25242014  487.2994793   491.34653847  495.39359763
  499.4406568   503.48771596  507.53477512  511.58183429  515.62889345
  519.67595262  523.72301178  527.77007095  531.81713011  535.86418928
  539.91124844  543.9583076   548.00536677  552.05242593  556.0994851
  560.14654426  564.19360343  568.24066259  572.28772176  576.33478092
  580.38184008  584.42889925  588.47595841  592.52301758  596.57007674
  600.61713591  604.66419507  608.71125423  612.7583134   616.80537256
  620.85243173  624.89949089  628.94655006  632.99360922  637.04066839
  641.08772755  645.13478671  649.18184588  653.22890504  657.27596421
  661.32302337  665.37008254  669.4171417   673.46420087  677.51126003
  681.55831919  685.60537836  689.65243752  693.69949669  697.74655585
  701.79361502  705.84067418  709.88773334  713.93479251  717.98185167
  722.02891084  726.07597     730.12302917  734.17008833  738.2171475
  742.26420666  746.31126582  750.35832499  754.40538415  758.45244332
  762.49950248  766.54656165  770.59362081  774.64067998  778.68773914
  782.7347983   786.78185747  790.82891663  794.8759758   798.92303496
  802.97009413  807.01715329  811.06421245  815.11127162  819.15833078
  823.20538995  827.25244911  831.29950828  835.34656744  839.39362661
  843.44068577  847.48774493  851.5348041   855.58186326  859.62892243
  863.67598159  867.72304076  871.77009992  875.81715908  879.86421825
  883.91127741  887.95833658  892.00539574  896.05245491  900.09951407
  904.14657324  908.1936324   912.24069156  916.28775073  920.33480989
  924.38186906  928.42892822  932.47598739  936.52304655  940.57010572
  944.61716488  948.66422404  952.71128321  956.75834237  960.80540154
  964.8524607   968.89951987  972.94657903  976.99363819  981.04069736
  985.08775652  989.13481569  993.18187485  997.22893402 1001.27599318
 1005.32305235 1009.37011151 1013.41717067 1017.46422984 1021.511289
 1025.55834817 1029.60540733 1033.6524665  1037.69952566 1041.74658483
 1045.79364399 1049.84070315 1053.88776232 1057.93482148 1061.98188065
 1066.02893981 1070.07599898 1074.12305814 1078.1701173  1082.21717647
 1086.26423563 1090.3112948  1094.35835396 1098.40541313 1102.45247229
 1106.49953146 1110.54659062 1114.59364978 1118.64070895 1122.68776811
 1126.73482728 1130.78188644 1134.82894561 1138.87600477 1142.92306394
 1146.9701231  1151.01718226 1155.06424143 1159.11130059 1163.15835976
 1167.20541892 1171.25247809 1175.29953725 1179.34659641 1183.39365558
 1187.44071474 1191.48777391 1195.53483307 1199.58189224 1203.6289514
 1207.67601057 1211.72306973 1215.77012889 1219.81718806 1223.86424722
 1227.91130639 1231.95836555 1236.00542472 1240.05248388 1244.09954305
 1248.14660221 1252.19366137 1256.24072054 1260.2877797  1264.33483887], error: only length-1 arrays can be converted to Python scalars
Skipped taking the float value from [-3.60019588e+00 -3.47550011e+00 -3.34901524e+00 -3.23292446e+00
 -3.12893391e+00 -3.07075691e+00 -3.03611565e+00 -3.00385380e+00
 -2.99084568e+00 -3.03274250e+00 -3.07727432e+00 -3.12137604e+00
 -3.16331005e+00 -3.22463226e+00 -3.31519508e+00 -3.39560413e+00
 -3.47593403e+00 -3.56168365e+00 -3.64026737e+00 -3.71156025e+00
 -3.76941109e+00 -3.81508923e+00 -3.84525108e+00 -3.85781479e+00
 -3.86070538e+00 -3.84895802e+00 -3.82114983e+00 -3.77015591e+00
 -3.70385551e+00 -3.62324142e+00 -3.53020096e+00 -3.43005085e+00
 -3.31653881e+00 -3.19175529e+00 -3.05748558e+00 -2.91515446e+00
 -2.76607800e+00 -2.61176491e+00 -2.45261002e+00 -2.28682327e+00
 -2.12228394e+00 -1.95724964e+00 -1.79217052e+00 -1.62751961e+00
 -1.46573448e+00 -1.30983639e+00 -1.16308880e+00 -1.02387810e+00
 -9.04947281e-01 -7.89368629e-01 -6.77143097e-01 -5.68160057e-01
 -4.73100662e-01 -4.21884537e-01 -3.82914543e-01 -3.56445312e-01
 -3.34121704e-01 -3.13550949e-01 -2.88446426e-01 -2.66246796e-01
 -2.47233391e-01 -2.22074509e-01 -1.98892593e-01 -1.80948257e-01
 -1.57163620e-01 -1.30954742e-01 -1.07349396e-01 -8.15877914e-02
 -4.84886169e-02 -1.86347961e-02  8.63265991e-03  3.53012085e-02
  6.36343956e-02  9.52177048e-02  1.25555038e-01  1.54289722e-01
  1.81352615e-01  2.06800461e-01  2.30757713e-01  2.65886307e-01
  3.00589085e-01  3.32937241e-01  3.62936497e-01  3.92215729e-01
  4.21578407e-01  4.47960854e-01  4.72526550e-01  4.98414993e-01
  5.23130894e-01  5.46320915e-01  5.80657959e-01  6.17657185e-01
  6.52796745e-01  6.85397148e-01  7.20007420e-01  7.54530430e-01
  7.88249016e-01  8.22233200e-01  8.54711056e-01  8.85631561e-01
  9.15038586e-01  9.42852974e-01  9.70510960e-01  9.96687412e-01
  1.01985168e+00  1.03983116e+00  1.05810499e+00  1.07592964e+00
  1.09173918e+00  1.10642624e+00  1.11976194e+00  1.13216782e+00
  1.14547443e+00  1.15787315e+00  1.17406893e+00  1.18915462e+00
  1.20268250e+00  1.21425104e+00  1.22438908e+00  1.23313665e+00
  1.24047518e+00  1.24639988e+00  1.25093365e+00  1.25455618e+00
  1.25739288e+00  1.25837851e+00  1.25750589e+00  1.25503445e+00
  1.25086308e+00  1.24359751e+00  1.23130274e+00  1.21669149e+00
  1.20074272e+00  1.18352365e+00  1.16373301e+00  1.14748430e+00
  1.12987518e+00  1.10963583e+00  1.08669901e+00  1.06253433e+00
  1.03693962e+00  1.00763130e+00  9.76119995e-01  9.42267895e-01
  9.09832001e-01  8.80701542e-01  8.50375175e-01  8.18534374e-01
  7.85152912e-01  7.50268936e-01  7.16822624e-01  6.84691906e-01
  6.51924133e-01  6.20160580e-01  5.87066174e-01  5.52924156e-01
  5.17597675e-01  4.81295586e-01  4.44247246e-01  4.06231880e-01
  3.63603592e-01  3.18356514e-01  2.70557880e-01  2.21568584e-01
  1.73546791e-01  1.27817631e-01  8.32319260e-02  3.78675461e-02
 -8.18681717e-03 -5.48868179e-02 -9.98983383e-02 -1.44512177e-01
 -1.93933487e-01 -2.50012398e-01 -3.01418304e-01 -3.50458145e-01
 -4.02582645e-01 -4.53481674e-01 -5.03321171e-01 -5.52409172e-01
 -6.00502491e-01 -6.47237301e-01 -6.93034172e-01 -7.37558842e-01
 -7.80983448e-01 -8.24673653e-01 -8.67252350e-01 -9.05363083e-01
 -9.41659451e-01 -9.76591110e-01 -1.01070023e+00 -1.04299402e+00
 -1.07419062e+00 -1.10432863e+00 -1.13336468e+00 -1.16141796e+00
 -1.18848038e+00 -1.21475840e+00 -1.24034882e+00 -1.26529074e+00
 -1.28963852e+00 -1.31359625e+00 -1.33718634e+00 -1.36017513e+00
 -1.38095808e+00 -1.40159750e+00 -1.42229176e+00 -1.44321203e+00
 -1.46522856e+00 -1.49199581e+00 -1.51974154e+00 -1.54852247e+00
 -1.58124399e+00 -1.61590338e+00 -1.65205145e+00 -1.68974876e+00
 -1.72901440e+00 -1.76988697e+00 -1.81247044e+00 -1.86008024e+00
 -1.91036272e+00 -1.96316719e+00 -2.01795483e+00 -2.07501125e+00
 -2.13458776e+00 -2.19640923e+00 -2.26029444e+00 -2.32611752e+00
 -2.39417839e+00 -2.46419334e+00 -2.53643417e+00 -2.61077452e+00
 -2.68713856e+00 -2.76556063e+00 -2.84607220e+00 -2.92878056e+00
 -3.01379108e+00 -3.10061026e+00 -3.18941355e+00 -3.27999353e+00
 -3.37231874e+00 -3.46630239e+00 -3.56195545e+00 -3.65884781e+00
 -3.75726891e+00 -3.86731768e+00 -3.97933435e+00 -4.09279585e+00
 -4.20982647e+00 -4.33119726e+00 -4.45382214e+00 -4.57757330e+00
 -4.70219898e+00 -4.82746696e+00 -4.95334339e+00 -5.07908344e+00
 -5.20489216e+00 -5.33076382e+00 -5.45645905e+00 -5.58197689e+00
 -5.70691776e+00 -5.83128738e+00 -5.95166397e+00 -6.06956005e+00
 -6.18757200e+00 -6.30506563e+00 -6.42128372e+00 -6.53610754e+00
 -6.64965868e+00 -6.76166248e+00 -6.87208414e+00 -6.96653795e+00
 -7.04354668e+00 -7.11963606e+00 -7.19503021e+00 -7.27564573e+00
 -7.36091614e+00 -7.44614935e+00 -7.53108072e+00 -7.61489153e+00
 -7.69889307e+00 -7.78280163e+00 -7.87001419e+00 -7.92485332e+00
 -7.97234249e+00 -8.02300262e+00 -8.07650471e+00 -8.13347149e+00
 -8.19404984e+00 -8.25913429e+00 -8.32938004e+00 -8.40500927e+00
 -8.48548698e+00 -8.57149124e+00 -8.66356182e+00 -8.76214409e+00
 -8.86779118e+00 -8.98139286e+00 -9.10829544e+00 -9.24331856e+00], error: only length-1 arrays can be converted to Python scalars
