009 (2575679.000.000) 2025-07-30 13:07:33 Job was aborted.
	DAG Removed: User removed scheduler job from queue. (by user twouters)
...
000 (2575685.000.000) 2025-07-30 13:07:46 Job submitted from host: <145.107.7.246:9618?addrs=145.107.7.246-9618+[2a07-8500-120-e070--3f6]-9618&alias=taai-007.nikhef.nl&noUDP&sock=schedd_2614_90a7>
    DAG Node: run_c
...
001 (2575685.000.000) 2025-07-30 13:08:09 Job executing on host: <145.107.4.166:9618?addrs=145.107.4.166-9618+[2a07-8500-120-e070--a6]-9618&alias=wn-pijl-005.nikhef.nl&noUDP&sock=startd_4117_7f7f>
	SlotName: slot1_4@wn-pijl-005.nikhef.nl
	AvailableGPUs = {  }
	CondorScratchDir = "/scratch/condor_execute/dir_3007475"
	Cpus = 64
	Disk = 16790366
	GPUs = 0
	Memory = 16384
...
006 (2575685.000.000) 2025-07-30 13:08:22 Image size of job updated: 342852
	335  -  MemoryUsage of job (MB)
	342852  -  ResidentSetSize of job (KB)
...
006 (2575685.000.000) 2025-07-30 13:13:22 Image size of job updated: 1479848
	1446  -  MemoryUsage of job (MB)
	1479848  -  ResidentSetSize of job (KB)
...
006 (2575685.000.000) 2025-07-30 13:18:23 Image size of job updated: 1515432
	1480  -  MemoryUsage of job (MB)
	1515432  -  ResidentSetSize of job (KB)
...
006 (2575685.000.000) 2025-07-30 13:23:23 Image size of job updated: 1535400
	1500  -  MemoryUsage of job (MB)
	1535400  -  ResidentSetSize of job (KB)
...
006 (2575685.000.000) 2025-07-30 13:28:23 Image size of job updated: 1550532
	1515  -  MemoryUsage of job (MB)
	1550532  -  ResidentSetSize of job (KB)
...
006 (2575685.000.000) 2025-07-30 13:33:24 Image size of job updated: 1562240
	1526  -  MemoryUsage of job (MB)
	1562240  -  ResidentSetSize of job (KB)
...
006 (2575685.000.000) 2025-07-30 13:38:24 Image size of job updated: 1572424
	1536  -  MemoryUsage of job (MB)
	1572424  -  ResidentSetSize of job (KB)
...
006 (2575685.000.000) 2025-07-30 13:43:24 Image size of job updated: 1581288
	1545  -  MemoryUsage of job (MB)
	1581288  -  ResidentSetSize of job (KB)
...
006 (2575685.000.000) 2025-07-30 13:48:26 Image size of job updated: 1588952
	1552  -  MemoryUsage of job (MB)
	1588952  -  ResidentSetSize of job (KB)
...
006 (2575685.000.000) 2025-07-30 13:53:26 Image size of job updated: 1614208
	1577  -  MemoryUsage of job (MB)
	1614208  -  ResidentSetSize of job (KB)
...
006 (2575685.000.000) 2025-07-30 13:58:26 Image size of job updated: 1620224
	1583  -  MemoryUsage of job (MB)
	1620224  -  ResidentSetSize of job (KB)
...
006 (2575685.000.000) 2025-07-30 14:03:28 Image size of job updated: 1625652
	1588  -  MemoryUsage of job (MB)
	1625652  -  ResidentSetSize of job (KB)
...
006 (2575685.000.000) 2025-07-30 14:08:28 Image size of job updated: 1631924
	1594  -  MemoryUsage of job (MB)
	1631924  -  ResidentSetSize of job (KB)
...
006 (2575685.000.000) 2025-07-30 14:13:28 Image size of job updated: 2074164
	2026  -  MemoryUsage of job (MB)
	2074164  -  ResidentSetSize of job (KB)
...
006 (2575685.000.000) 2025-07-30 14:18:29 Image size of job updated: 2077196
	2029  -  MemoryUsage of job (MB)
	2077196  -  ResidentSetSize of job (KB)
...
006 (2575685.000.000) 2025-07-30 14:23:29 Image size of job updated: 2080596
	2032  -  MemoryUsage of job (MB)
	2080596  -  ResidentSetSize of job (KB)
...
006 (2575685.000.000) 2025-07-30 14:28:29 Image size of job updated: 2084924
	2037  -  MemoryUsage of job (MB)
	2084924  -  ResidentSetSize of job (KB)
...
006 (2575685.000.000) 2025-07-30 14:33:30 Image size of job updated: 2087592
	2039  -  MemoryUsage of job (MB)
	2087592  -  ResidentSetSize of job (KB)
...
