000 (2589197.000.000) 2025-08-10 12:49:21 Job submitted from host: <145.107.7.246:9618?addrs=145.107.7.246-9618+[2a07-8500-120-e070--3f6]-9618&alias=taai-007.nikhef.nl&noUDP&sock=schedd_2614_90a7>
    DAG Node: run_f
...
001 (2589197.000.000) 2025-08-12 14:29:50 Job executing on host: <145.107.4.162:9618?addrs=145.107.4.162-9618+[2a07-8500-120-e070--a2]-9618&alias=wn-pijl-001.nikhef.nl&noUDP&sock=startd_5234_aac9>
	SlotName: slot1_2@wn-pijl-001.nikhef.nl
	CondorScratchDir = "/scratch/condor_execute/dir_317811"
	Cpus = 64
	Disk = 16790530
	GPUs = 0
	Memory = 16384
...
006 (2589197.000.000) 2025-08-12 14:30:04 Image size of job updated: 401240
	392  -  MemoryUsage of job (MB)
	401240  -  ResidentSetSize of job (KB)
...
006 (2589197.000.000) 2025-08-12 14:35:05 Image size of job updated: 1623368
	1586  -  MemoryUsage of job (MB)
	1623368  -  ResidentSetSize of job (KB)
...
006 (2589197.000.000) 2025-08-12 14:40:06 Image size of job updated: 1643912
	1606  -  MemoryUsage of job (MB)
	1643912  -  ResidentSetSize of job (KB)
...
006 (2589197.000.000) 2025-08-12 14:45:06 Image size of job updated: 1653208
	1615  -  MemoryUsage of job (MB)
	1653208  -  ResidentSetSize of job (KB)
...
006 (2589197.000.000) 2025-08-12 14:50:07 Image size of job updated: 1660164
	1622  -  MemoryUsage of job (MB)
	1660164  -  ResidentSetSize of job (KB)
...
006 (2589197.000.000) 2025-08-12 14:55:08 Image size of job updated: 1665808
	1627  -  MemoryUsage of job (MB)
	1665808  -  ResidentSetSize of job (KB)
...
006 (2589197.000.000) 2025-08-12 15:00:08 Image size of job updated: 1669776
	1631  -  MemoryUsage of job (MB)
	1669776  -  ResidentSetSize of job (KB)
...
006 (2589197.000.000) 2025-08-12 15:05:09 Image size of job updated: 1674308
	1636  -  MemoryUsage of job (MB)
	1674308  -  ResidentSetSize of job (KB)
...
006 (2589197.000.000) 2025-08-12 15:10:10 Image size of job updated: 1676952
	1638  -  MemoryUsage of job (MB)
	1676952  -  ResidentSetSize of job (KB)
...
006 (2589197.000.000) 2025-08-12 15:15:10 Image size of job updated: 1679844
	1641  -  MemoryUsage of job (MB)
	1679844  -  ResidentSetSize of job (KB)
...
006 (2589197.000.000) 2025-08-12 15:20:11 Image size of job updated: 1684384
	1645  -  MemoryUsage of job (MB)
	1684384  -  ResidentSetSize of job (KB)
...
006 (2589197.000.000) 2025-08-12 15:25:12 Image size of job updated: 1686824
	1648  -  MemoryUsage of job (MB)
	1686824  -  ResidentSetSize of job (KB)
...
006 (2589197.000.000) 2025-08-12 15:30:12 Image size of job updated: 1688720
	1650  -  MemoryUsage of job (MB)
	1688720  -  ResidentSetSize of job (KB)
...
006 (2589197.000.000) 2025-08-12 15:35:13 Image size of job updated: 2241260
	2189  -  MemoryUsage of job (MB)
	2241260  -  ResidentSetSize of job (KB)
...
006 (2589197.000.000) 2025-08-12 15:40:14 Image size of job updated: 2242500
	2190  -  MemoryUsage of job (MB)
	2242500  -  ResidentSetSize of job (KB)
...
006 (2589197.000.000) 2025-08-12 15:45:14 Image size of job updated: 2243668
	2192  -  MemoryUsage of job (MB)
	2243668  -  ResidentSetSize of job (KB)
...
006 (2589197.000.000) 2025-08-12 15:50:15 Image size of job updated: 2244804
	2193  -  MemoryUsage of job (MB)
	2244804  -  ResidentSetSize of job (KB)
...
006 (2589197.000.000) 2025-08-12 15:55:16 Image size of job updated: 2246000
	2194  -  MemoryUsage of job (MB)
	2246000  -  ResidentSetSize of job (KB)
...
006 (2589197.000.000) 2025-08-12 16:00:16 Image size of job updated: 2246892
	2195  -  MemoryUsage of job (MB)
	2246892  -  ResidentSetSize of job (KB)
...
006 (2589197.000.000) 2025-08-12 16:05:17 Image size of job updated: 2247752
	2196  -  MemoryUsage of job (MB)
	2247752  -  ResidentSetSize of job (KB)
...
006 (2589197.000.000) 2025-08-12 16:10:18 Image size of job updated: 2248664
	2196  -  MemoryUsage of job (MB)
	2248664  -  ResidentSetSize of job (KB)
...
006 (2589197.000.000) 2025-08-12 16:15:18 Image size of job updated: 2249600
	2197  -  MemoryUsage of job (MB)
	2249600  -  ResidentSetSize of job (KB)
...
006 (2589197.000.000) 2025-08-12 16:20:19 Image size of job updated: 2250336
	2198  -  MemoryUsage of job (MB)
	2250336  -  ResidentSetSize of job (KB)
...
006 (2589197.000.000) 2025-08-12 16:25:20 Image size of job updated: 2251032
	2199  -  MemoryUsage of job (MB)
	2251032  -  ResidentSetSize of job (KB)
...
006 (2589197.000.000) 2025-08-12 16:30:20 Image size of job updated: 2251776
	2199  -  MemoryUsage of job (MB)
	2251776  -  ResidentSetSize of job (KB)
...
006 (2589197.000.000) 2025-08-12 16:35:21 Image size of job updated: 2365400
	2310  -  MemoryUsage of job (MB)
	2365400  -  ResidentSetSize of job (KB)
...
006 (2589197.000.000) 2025-08-12 16:40:22 Image size of job updated: 2366100
	2311  -  MemoryUsage of job (MB)
	2366100  -  ResidentSetSize of job (KB)
...
006 (2589197.000.000) 2025-08-12 16:45:22 Image size of job updated: 2366760
	2312  -  MemoryUsage of job (MB)
	2366760  -  ResidentSetSize of job (KB)
...
006 (2589197.000.000) 2025-08-12 16:50:23 Image size of job updated: 2367392
	2312  -  MemoryUsage of job (MB)
	2367392  -  ResidentSetSize of job (KB)
...
006 (2589197.000.000) 2025-08-12 16:55:24 Image size of job updated: 2368028
	2313  -  MemoryUsage of job (MB)
	2368028  -  ResidentSetSize of job (KB)
...
006 (2589197.000.000) 2025-08-12 17:00:24 Image size of job updated: 2368588
	2314  -  MemoryUsage of job (MB)
	2368588  -  ResidentSetSize of job (KB)
...
006 (2589197.000.000) 2025-08-12 17:05:25 Image size of job updated: 2370792
	2316  -  MemoryUsage of job (MB)
	2370792  -  ResidentSetSize of job (KB)
...
006 (2589197.000.000) 2025-08-12 17:10:26 Image size of job updated: 2371400
	2316  -  MemoryUsage of job (MB)
	2371400  -  ResidentSetSize of job (KB)
...
006 (2589197.000.000) 2025-08-12 17:15:26 Image size of job updated: 2374572
	2319  -  MemoryUsage of job (MB)
	2374572  -  ResidentSetSize of job (KB)
...
006 (2589197.000.000) 2025-08-12 17:20:27 Image size of job updated: 2375236
	2320  -  MemoryUsage of job (MB)
	2375236  -  ResidentSetSize of job (KB)
...
006 (2589197.000.000) 2025-08-12 17:25:28 Image size of job updated: 2376892
	2322  -  MemoryUsage of job (MB)
	2376892  -  ResidentSetSize of job (KB)
...
006 (2589197.000.000) 2025-08-12 17:30:28 Image size of job updated: 2377348
	2322  -  MemoryUsage of job (MB)
	2377348  -  ResidentSetSize of job (KB)
...
006 (2589197.000.000) 2025-08-12 17:35:29 Image size of job updated: 2570236
	2391  -  MemoryUsage of job (MB)
	2448284  -  ResidentSetSize of job (KB)
...
006 (2589197.000.000) 2025-08-12 17:40:30 Image size of job updated: 2570236
	2392  -  MemoryUsage of job (MB)
	2448760  -  ResidentSetSize of job (KB)
...
006 (2589197.000.000) 2025-08-12 17:45:30 Image size of job updated: 2570236
	2392  -  MemoryUsage of job (MB)
	2449372  -  ResidentSetSize of job (KB)
...
006 (2589197.000.000) 2025-08-12 17:50:30 Image size of job updated: 2570236
	2393  -  MemoryUsage of job (MB)
	2449872  -  ResidentSetSize of job (KB)
...
006 (2589197.000.000) 2025-08-12 17:55:31 Image size of job updated: 2570236
	2393  -  MemoryUsage of job (MB)
	2450380  -  ResidentSetSize of job (KB)
...
006 (2589197.000.000) 2025-08-12 18:00:31 Image size of job updated: 2570236
	2394  -  MemoryUsage of job (MB)
	2450936  -  ResidentSetSize of job (KB)
...
006 (2589197.000.000) 2025-08-12 18:05:31 Image size of job updated: 2570236
	2394  -  MemoryUsage of job (MB)
	2451408  -  ResidentSetSize of job (KB)
...
006 (2589197.000.000) 2025-08-12 18:10:32 Image size of job updated: 2570236
	2395  -  MemoryUsage of job (MB)
	2451872  -  ResidentSetSize of job (KB)
...
006 (2589197.000.000) 2025-08-12 18:15:32 Image size of job updated: 2570236
	2395  -  MemoryUsage of job (MB)
	2452316  -  ResidentSetSize of job (KB)
...
006 (2589197.000.000) 2025-08-12 18:20:32 Image size of job updated: 2570236
	2396  -  MemoryUsage of job (MB)
	2452784  -  ResidentSetSize of job (KB)
...
006 (2589197.000.000) 2025-08-12 18:25:33 Image size of job updated: 2570236
	2396  -  MemoryUsage of job (MB)
	2453188  -  ResidentSetSize of job (KB)
...
006 (2589197.000.000) 2025-08-12 18:30:33 Image size of job updated: 2570236
	2397  -  MemoryUsage of job (MB)
	2453576  -  ResidentSetSize of job (KB)
...
006 (2589197.000.000) 2025-08-12 18:35:33 Image size of job updated: 2694240
	2405  -  MemoryUsage of job (MB)
	2462128  -  ResidentSetSize of job (KB)
...
006 (2589197.000.000) 2025-08-12 18:40:34 Image size of job updated: 2694240
	2405  -  MemoryUsage of job (MB)
	2462660  -  ResidentSetSize of job (KB)
...
006 (2589197.000.000) 2025-08-12 18:45:34 Image size of job updated: 2694240
	2406  -  MemoryUsage of job (MB)
	2463132  -  ResidentSetSize of job (KB)
...
006 (2589197.000.000) 2025-08-12 18:50:34 Image size of job updated: 2694240
	2406  -  MemoryUsage of job (MB)
	2463528  -  ResidentSetSize of job (KB)
...
006 (2589197.000.000) 2025-08-12 19:05:35 Image size of job updated: 2694240
	2407  -  MemoryUsage of job (MB)
	2464192  -  ResidentSetSize of job (KB)
...
006 (2589197.000.000) 2025-08-12 19:10:36 Image size of job updated: 2694240
	2407  -  MemoryUsage of job (MB)
	2464528  -  ResidentSetSize of job (KB)
...
006 (2589197.000.000) 2025-08-12 19:15:36 Image size of job updated: 2694240
	2408  -  MemoryUsage of job (MB)
	2464960  -  ResidentSetSize of job (KB)
...
006 (2589197.000.000) 2025-08-12 19:20:36 Image size of job updated: 2694240
	2408  -  MemoryUsage of job (MB)
	2465324  -  ResidentSetSize of job (KB)
...
006 (2589197.000.000) 2025-08-12 19:25:37 Image size of job updated: 2694240
	2408  -  MemoryUsage of job (MB)
	2465656  -  ResidentSetSize of job (KB)
...
006 (2589197.000.000) 2025-08-12 19:30:37 Image size of job updated: 2694240
	2409  -  MemoryUsage of job (MB)
	2466000  -  ResidentSetSize of job (KB)
...
006 (2589197.000.000) 2025-08-12 19:35:37 Image size of job updated: 2694240
	2500  -  MemoryUsage of job (MB)
	2559896  -  ResidentSetSize of job (KB)
...
006 (2589197.000.000) 2025-08-12 19:45:38 Image size of job updated: 2694240
	2501  -  MemoryUsage of job (MB)
	2560096  -  ResidentSetSize of job (KB)
...
006 (2589197.000.000) 2025-08-12 19:50:38 Image size of job updated: 2694240
	2501  -  MemoryUsage of job (MB)
	2560480  -  ResidentSetSize of job (KB)
...
006 (2589197.000.000) 2025-08-12 19:55:39 Image size of job updated: 2694240
	2501  -  MemoryUsage of job (MB)
	2560868  -  ResidentSetSize of job (KB)
...
006 (2589197.000.000) 2025-08-12 20:00:39 Image size of job updated: 2694240
	2502  -  MemoryUsage of job (MB)
	2561256  -  ResidentSetSize of job (KB)
...
006 (2589197.000.000) 2025-08-12 20:05:39 Image size of job updated: 2694240
	2502  -  MemoryUsage of job (MB)
	2561608  -  ResidentSetSize of job (KB)
...
006 (2589197.000.000) 2025-08-12 20:10:40 Image size of job updated: 2694240
	2502  -  MemoryUsage of job (MB)
	2562004  -  ResidentSetSize of job (KB)
...
006 (2589197.000.000) 2025-08-12 20:15:40 Image size of job updated: 2694240
	2505  -  MemoryUsage of job (MB)
	2564344  -  ResidentSetSize of job (KB)
...
006 (2589197.000.000) 2025-08-12 20:20:40 Image size of job updated: 2694240
	2506  -  MemoryUsage of job (MB)
	2565792  -  ResidentSetSize of job (KB)
...
006 (2589197.000.000) 2025-08-12 20:25:41 Image size of job updated: 2694240
	2506  -  MemoryUsage of job (MB)
	2566064  -  ResidentSetSize of job (KB)
...
006 (2589197.000.000) 2025-08-12 20:30:41 Image size of job updated: 2694240
	2507  -  MemoryUsage of job (MB)
	2566348  -  ResidentSetSize of job (KB)
...
006 (2589197.000.000) 2025-08-12 20:35:41 Image size of job updated: 2826256
	2553  -  MemoryUsage of job (MB)
	2614020  -  ResidentSetSize of job (KB)
...
006 (2589197.000.000) 2025-08-12 20:40:42 Image size of job updated: 2826256
	2554  -  MemoryUsage of job (MB)
	2614316  -  ResidentSetSize of job (KB)
...
006 (2589197.000.000) 2025-08-12 20:45:42 Image size of job updated: 2826256
	2554  -  MemoryUsage of job (MB)
	2614644  -  ResidentSetSize of job (KB)
...
006 (2589197.000.000) 2025-08-12 20:50:42 Image size of job updated: 2826256
	2554  -  MemoryUsage of job (MB)
	2614936  -  ResidentSetSize of job (KB)
...
006 (2589197.000.000) 2025-08-12 20:55:43 Image size of job updated: 2826256
	2555  -  MemoryUsage of job (MB)
	2615932  -  ResidentSetSize of job (KB)
...
006 (2589197.000.000) 2025-08-12 21:00:43 Image size of job updated: 2826256
	2556  -  MemoryUsage of job (MB)
	2616472  -  ResidentSetSize of job (KB)
...
006 (2589197.000.000) 2025-08-12 21:05:43 Image size of job updated: 2826256
	2556  -  MemoryUsage of job (MB)
	2617064  -  ResidentSetSize of job (KB)
...
006 (2589197.000.000) 2025-08-12 21:10:44 Image size of job updated: 2826256
	2557  -  MemoryUsage of job (MB)
	2617604  -  ResidentSetSize of job (KB)
...
006 (2589197.000.000) 2025-08-12 21:15:44 Image size of job updated: 2826256
	2557  -  MemoryUsage of job (MB)
	2618068  -  ResidentSetSize of job (KB)
...
006 (2589197.000.000) 2025-08-12 21:20:44 Image size of job updated: 2826256
	2558  -  MemoryUsage of job (MB)
	2618540  -  ResidentSetSize of job (KB)
...
006 (2589197.000.000) 2025-08-12 21:25:45 Image size of job updated: 2826256
	2558  -  MemoryUsage of job (MB)
	2619052  -  ResidentSetSize of job (KB)
...
006 (2589197.000.000) 2025-08-12 21:30:45 Image size of job updated: 2826256
	2559  -  MemoryUsage of job (MB)
	2619500  -  ResidentSetSize of job (KB)
...
006 (2589197.000.000) 2025-08-12 21:35:45 Image size of job updated: 2900180
	2590  -  MemoryUsage of job (MB)
	2651520  -  ResidentSetSize of job (KB)
...
006 (2589197.000.000) 2025-08-12 22:15:48 Image size of job updated: 2900180
	2597  -  MemoryUsage of job (MB)
	2659168  -  ResidentSetSize of job (KB)
...
006 (2589197.000.000) 2025-08-12 22:20:48 Image size of job updated: 2900180
	2606  -  MemoryUsage of job (MB)
	2668420  -  ResidentSetSize of job (KB)
...
006 (2589197.000.000) 2025-08-12 22:25:49 Image size of job updated: 2900180
	2626  -  MemoryUsage of job (MB)
	2688112  -  ResidentSetSize of job (KB)
...
006 (2589197.000.000) 2025-08-12 22:30:49 Image size of job updated: 2900180
	2626  -  MemoryUsage of job (MB)
	2688472  -  ResidentSetSize of job (KB)
...
006 (2589197.000.000) 2025-08-12 22:35:49 Image size of job updated: 3039248
	2969  -  MemoryUsage of job (MB)
	3039248  -  ResidentSetSize of job (KB)
...
006 (2589197.000.000) 2025-08-12 22:40:50 Image size of job updated: 3039288
	2969  -  MemoryUsage of job (MB)
	3039288  -  ResidentSetSize of job (KB)
...
006 (2589197.000.000) 2025-08-12 23:40:57 Image size of job updated: 3045056
	2969  -  MemoryUsage of job (MB)
	3039288  -  ResidentSetSize of job (KB)
...
006 (2589197.000.000) 2025-08-13 00:41:05 Image size of job updated: 3079340
	2969  -  MemoryUsage of job (MB)
	3039288  -  ResidentSetSize of job (KB)
...
006 (2589197.000.000) 2025-08-13 01:41:13 Image size of job updated: 3093612
	2969  -  MemoryUsage of job (MB)
	3039288  -  ResidentSetSize of job (KB)
...
006 (2589197.000.000) 2025-08-13 02:41:18 Image size of job updated: 3303644
	2969  -  MemoryUsage of job (MB)
	3039288  -  ResidentSetSize of job (KB)
...
006 (2589197.000.000) 2025-08-13 04:41:30 Image size of job updated: 3409248
	2969  -  MemoryUsage of job (MB)
	3039288  -  ResidentSetSize of job (KB)
...
006 (2589197.000.000) 2025-08-13 04:51:32 Image size of job updated: 3409248
	3326  -  MemoryUsage of job (MB)
	3405072  -  ResidentSetSize of job (KB)
...
006 (2589197.000.000) 2025-08-13 04:53:10 Image size of job updated: 3444092
	3326  -  MemoryUsage of job (MB)
	3405136  -  ResidentSetSize of job (KB)
...
005 (2589197.000.000) 2025-08-13 04:53:10 Job terminated.
	(1) Normal termination (return value 0)
		Usr 26 04:46:34, Sys 0 00:08:32  -  Run Remote Usage
		Usr 0 00:00:00, Sys 0 00:00:00  -  Run Local Usage
		Usr 26 04:46:34, Sys 0 00:08:32  -  Total Remote Usage
		Usr 0 00:00:00, Sys 0 00:00:00  -  Total Local Usage
	0  -  Run Bytes Sent By Job
	0  -  Run Bytes Received By Job
	0  -  Total Bytes Sent By Job
	0  -  Total Bytes Received By Job
	Partitionable Resources :    Usage  Request Allocated 
	   Cpus                 :     1.00       64        64 
	   Disk (KB)            : 17500    16777216  16790530 
	   GPUs                 :                           0 
	   Memory (MB)          :  3326       16384     16384 
	   TimeExecute (s)      : 51800                       
	   TimeSlotBusy (s)     : 51800                       

	Job terminated of its own accord at 2025-08-13T02:53:10Z with exit-code 0.
...
