NFDist has source_type = nsbh
self.parameters_ref
{'chirp_mass': 2.0272715949909377, 'mass_ratio': 0.3699999999999999, 'symmetric_mass_ratio': 0.19713357131440137, 'a_1': 0.0, 'a_2': 0.0, 'tilt_1': 0.0, 'tilt_2': 0.0, 'phi_jl': 0.0, 'phi_12': 0.0, 'luminosity_distance': 201.0, 'phase': 1.3576488959769972, 'theta_jn': 2.323517520938953, 'psi': 0.030083409062676092, 'ra': 1.121307208346961, 'dec': 0.22562961827621178, 'lambda_1': 0.0, 'lambda_2': 0.0, 'mass_1': 3.920441829732034, 'mass_2': 1.4505634770008522, 'geocent_time': 1369419318.7460938, 'duration': 128.0}
1it [0:00:00 bound:0 nc:  1 ncall:4.1e+03 eff:0.0% logz-ratio=-1202.52+/-0.05 dlogz:inf>0.1]
13939it [0:01:00 bound:0 nc: 11 ncall:1.3e+05 eff:11.1% logz-ratio=-1.45+/-0.02 dlogz:22.520>0.1]
14756it [0:02:09 bound:5 nc:802 ncall:2.8e+05 eff:5.3% logz-ratio=-1.35+/-0.02 dlogz:22.212>0.1]
15006it [0:03:14 bound:9 nc:738 ncall:4.6e+05 eff:3.3% logz-ratio=-1.31+/-0.02 dlogz:22.120>0.1]
15261it [0:04:14 bound:13 nc:700 ncall:6.4e+05 eff:2.4% logz-ratio=-1.28+/-0.02 dlogz:22.025>0.1]
15514it [0:05:15 bound:17 nc:467 ncall:8.2e+05 eff:1.9% logz-ratio=-1.25+/-0.02 dlogz:21.933>0.1]
15770it [0:06:18 bound:21 nc:662 ncall:1.0e+06 eff:1.6% logz-ratio=-1.22+/-0.02 dlogz:21.840>0.1]
16026it [0:07:19 bound:25 nc:631 ncall:1.2e+06 eff:1.4% logz-ratio=-1.19+/-0.02 dlogz:21.747>0.1]
16281it [0:08:25 bound:29 nc:687 ncall:1.4e+06 eff:1.2% logz-ratio=-1.16+/-0.02 dlogz:21.656>0.1]
16534it [0:09:28 bound:33 nc:549 ncall:1.5e+06 eff:1.1% logz-ratio=-1.13+/-0.02 dlogz:21.565>0.1]
16851it [0:10:43 bound:38 nc:687 ncall:1.8e+06 eff:1.0% logz-ratio=-1.10+/-0.02 dlogz:27.721>0.1]
17103it [0:11:44 bound:42 nc:294 ncall:1.9e+06 eff:0.9% logz-ratio=-1.07+/-0.02 dlogz:27.632>0.1]
17355it [0:12:47 bound:46 nc:765 ncall:2.1e+06 eff:0.8% logz-ratio=-1.04+/-0.02 dlogz:27.543>0.1]
17608it [0:13:51 bound:50 nc:904 ncall:2.3e+06 eff:0.8% logz-ratio=-1.02+/-0.02 dlogz:27.455>0.1]
17863it [0:14:55 bound:54 nc:885 ncall:2.5e+06 eff:0.7% logz-ratio=-0.99+/-0.02 dlogz:27.366>0.1]
18114it [0:16:03 bound:58 nc:759 ncall:2.7e+06 eff:0.7% logz-ratio=-0.96+/-0.02 dlogz:27.279>0.1]
18366it [0:17:09 bound:62 nc:1011 ncall:2.8e+06 eff:0.6% logz-ratio=-0.94+/-0.02 dlogz:27.192>0.1]
18618it [0:18:21 bound:66 nc:1000 ncall:3.0e+06 eff:0.6% logz-ratio=-0.91+/-0.02 dlogz:27.106>0.1]
18872it [0:19:24 bound:70 nc:700 ncall:3.2e+06 eff:0.6% logz-ratio=-0.89+/-0.02 dlogz:27.019>0.1]
19122it [0:20:33 bound:74 nc:725 ncall:3.4e+06 eff:0.6% logz-ratio=-0.86+/-0.02 dlogz:26.934>0.1]
19374it [0:21:43 bound:78 nc:603 ncall:3.6e+06 eff:0.5% logz-ratio=-0.84+/-0.02 dlogz:26.848>0.1]
19629it [0:22:57 bound:82 nc:632 ncall:3.8e+06 eff:0.5% logz-ratio=-0.82+/-0.02 dlogz:26.762>0.1]
19881it [0:24:03 bound:86 nc:978 ncall:3.9e+06 eff:0.5% logz-ratio=-0.79+/-0.02 dlogz:26.676>0.1]
20131it [0:25:16 bound:90 nc:973 ncall:4.1e+06 eff:0.5% logz-ratio=-0.77+/-0.02 dlogz:26.592>0.1]
20379it [0:26:24 bound:94 nc:762 ncall:4.3e+06 eff:0.5% logz-ratio=-0.75+/-0.02 dlogz:26.509>0.1]
20625it [0:27:29 bound:98 nc:638 ncall:4.5e+06 eff:0.5% logz-ratio=-0.72+/-0.02 dlogz:26.426>0.1]
20875it [0:28:39 bound:102 nc:838 ncall:4.7e+06 eff:0.4% logz-ratio=-0.70+/-0.02 dlogz:26.343>0.1]
21126it [0:29:51 bound:106 nc:757 ncall:4.8e+06 eff:0.4% logz-ratio=-0.68+/-0.02 dlogz:26.259>0.1]
21377it [0:31:01 bound:110 nc:566 ncall:5.0e+06 eff:0.4% logz-ratio=-0.66+/-0.02 dlogz:26.175>0.1]
21626it [0:32:14 bound:114 nc:531 ncall:5.2e+06 eff:0.4% logz-ratio=-0.63+/-0.02 dlogz:26.092>0.1]
21811it [0:33:14 bound:117 nc:891 ncall:5.4e+06 eff:0.4% logz-ratio=-0.62+/-0.02 dlogz:26.030>0.1]
22059it [0:34:25 bound:121 nc:683 ncall:5.5e+06 eff:0.4% logz-ratio=-0.60+/-0.02 dlogz:25.948>0.1]
22308it [0:35:37 bound:125 nc:1087 ncall:5.7e+06 eff:0.4% logz-ratio=-0.57+/-0.02 dlogz:25.865>0.1]
22550it [0:36:54 bound:129 nc:957 ncall:5.9e+06 eff:0.4% logz-ratio=-0.55+/-0.02 dlogz:28.312>0.1]
22798it [0:38:04 bound:133 nc:840 ncall:6.1e+06 eff:0.4% logz-ratio=-0.53+/-0.02 dlogz:28.230>0.1]
23041it [0:39:14 bound:137 nc:660 ncall:6.3e+06 eff:0.4% logz-ratio=-0.51+/-0.02 dlogz:28.150>0.1]
23279it [0:40:27 bound:141 nc:725 ncall:6.5e+06 eff:0.4% logz-ratio=-0.49+/-0.02 dlogz:28.072>0.1]
23520it [0:41:40 bound:145 nc:677 ncall:6.6e+06 eff:0.4% logz-ratio=-0.47+/-0.02 dlogz:27.993>0.1]
23768it [0:42:58 bound:149 nc:672 ncall:6.8e+06 eff:0.3% logz-ratio=-0.45+/-0.02 dlogz:27.911>0.1]
24014it [0:44:12 bound:153 nc:600 ncall:7.0e+06 eff:0.3% logz-ratio=-0.43+/-0.02 dlogz:27.830>0.1]
24257it [0:45:32 bound:157 nc:521 ncall:7.2e+06 eff:0.3% logz-ratio=-0.41+/-0.02 dlogz:27.750>0.1]
24502it [0:46:50 bound:161 nc:1248 ncall:7.4e+06 eff:0.3% logz-ratio=-0.39+/-0.02 dlogz:27.670>0.1]
24749it [0:48:10 bound:165 nc:1526 ncall:7.6e+06 eff:0.3% logz-ratio=-0.37+/-0.02 dlogz:27.588>0.1]
24998it [0:49:27 bound:169 nc:851 ncall:7.8e+06 eff:0.3% logz-ratio=-0.34+/-0.02 dlogz:27.506>0.1]
25243it [0:50:43 bound:173 nc:1036 ncall:8.0e+06 eff:0.3% logz-ratio=-0.32+/-0.02 dlogz:27.426>0.1]
25475it [0:51:58 bound:177 nc:805 ncall:8.2e+06 eff:0.3% logz-ratio=-0.30+/-0.03 dlogz:27.350>0.1]
25718it [0:53:18 bound:181 nc:648 ncall:8.3e+06 eff:0.3% logz-ratio=-0.28+/-0.03 dlogz:27.270>0.1]
25954it [0:54:39 bound:185 nc:1006 ncall:8.5e+06 eff:0.3% logz-ratio=-0.26+/-0.03 dlogz:27.193>0.1]
26195it [0:55:53 bound:189 nc:662 ncall:8.7e+06 eff:0.3% logz-ratio=-0.24+/-0.03 dlogz:27.113>0.1]
26432it [0:57:07 bound:193 nc:983 ncall:8.9e+06 eff:0.3% logz-ratio=-0.22+/-0.03 dlogz:27.035>0.1]
26662it [0:58:24 bound:197 nc:539 ncall:9.1e+06 eff:0.3% logz-ratio=-0.20+/-0.03 dlogz:26.959>0.1]
26894it [0:59:35 bound:201 nc:2118 ncall:9.3e+06 eff:0.3% logz-ratio=-0.18+/-0.03 dlogz:26.882>0.1]
27040it [1:00:42 bound:203 nc:955 ncall:9.4e+06 eff:0.3% logz-ratio=-0.17+/-0.03 dlogz:26.834>0.1]
27186it [1:01:44 bound:206 nc:723 ncall:9.6e+06 eff:0.3% logz-ratio=-0.16+/-0.03 dlogz:26.786>0.1]
27363it [1:02:49 bound:209 nc:1179 ncall:9.7e+06 eff:0.3% logz-ratio=-0.14+/-0.03 dlogz:26.727>0.1]
27543it [1:03:50 bound:212 nc:770 ncall:9.9e+06 eff:0.3% logz-ratio=-0.13+/-0.03 dlogz:26.667>0.1]
27722it [1:04:55 bound:215 nc:1616 ncall:1.0e+07 eff:0.3% logz-ratio=-0.11+/-0.03 dlogz:26.655>0.1]
27894it [1:06:01 bound:218 nc:1692 ncall:1.0e+07 eff:0.3% logz-ratio=-0.10+/-0.03 dlogz:26.598>0.1]
28066it [1:07:01 bound:221 nc:894 ncall:1.0e+07 eff:0.3% logz-ratio=-0.08+/-0.03 dlogz:29.237>0.1]
28244it [1:08:05 bound:224 nc:1321 ncall:1.0e+07 eff:0.3% logz-ratio=-0.06+/-0.03 dlogz:29.178>0.1]
28422it [1:09:07 bound:227 nc:454 ncall:1.1e+07 eff:0.3% logz-ratio=-0.05+/-0.03 dlogz:29.118>0.1]
28597it [1:10:08 bound:230 nc:760 ncall:1.1e+07 eff:0.3% logz-ratio=-0.03+/-0.03 dlogz:29.059>0.1]
28768it [1:11:11 bound:233 nc:411 ncall:1.1e+07 eff:0.3% logz-ratio=-0.02+/-0.03 dlogz:29.001>0.1]
28942it [1:12:13 bound:236 nc:853 ncall:1.1e+07 eff:0.3% logz-ratio=0.00+/-0.03 dlogz:28.943>0.1]
29115it [1:13:13 bound:239 nc:1003 ncall:1.1e+07 eff:0.3% logz-ratio=0.02+/-0.03 dlogz:28.884>0.1]
29351it [1:14:27 bound:243 nc:811 ncall:1.1e+07 eff:0.3% logz-ratio=0.04+/-0.03 dlogz:28.804>0.1]
29581it [1:15:47 bound:247 nc:594 ncall:1.2e+07 eff:0.3% logz-ratio=0.06+/-0.03 dlogz:28.725>0.1]
29754it [1:16:50 bound:250 nc:749 ncall:1.2e+07 eff:0.3% logz-ratio=0.08+/-0.03 dlogz:28.665>0.1]
29998it [1:18:05 bound:254 nc:1298 ncall:1.2e+07 eff:0.3% logz-ratio=0.10+/-0.03 dlogz:28.580>0.1]
30172it [1:19:09 bound:257 nc:505 ncall:1.2e+07 eff:0.2% logz-ratio=0.12+/-0.03 dlogz:37.986>0.1]
30345it [1:20:11 bound:260 nc:1704 ncall:1.2e+07 eff:0.2% logz-ratio=0.14+/-0.03 dlogz:37.925>0.1]
30577it [1:21:28 bound:264 nc:613 ncall:1.2e+07 eff:0.2% logz-ratio=0.17+/-0.03 dlogz:45.011>0.1]
30809it [1:22:44 bound:268 nc:1505 ncall:1.3e+07 eff:0.2% logz-ratio=0.19+/-0.03 dlogz:44.927>0.1]
31046it [1:24:04 bound:272 nc:492 ncall:1.3e+07 eff:0.2% logz-ratio=0.22+/-0.03 dlogz:44.842>0.1]
31217it [1:25:08 bound:275 nc:2366 ncall:1.3e+07 eff:0.2% logz-ratio=0.24+/-0.03 dlogz:44.779>0.1]
31453it [1:26:29 bound:279 nc:1733 ncall:1.3e+07 eff:0.2% logz-ratio=0.27+/-0.03 dlogz:44.693>0.1]
31631it [1:27:33 bound:282 nc:247 ncall:1.3e+07 eff:0.2% logz-ratio=0.29+/-0.03 dlogz:44.627>0.1]
31806it [1:28:36 bound:285 nc:565 ncall:1.4e+07 eff:0.2% logz-ratio=0.32+/-0.03 dlogz:44.562>0.1]
31984it [1:29:38 bound:288 nc:545 ncall:1.4e+07 eff:0.2% logz-ratio=0.34+/-0.03 dlogz:44.495>0.1]
32167it [1:30:41 bound:291 nc:1246 ncall:1.4e+07 eff:0.2% logz-ratio=0.37+/-0.03 dlogz:44.425>0.1]
32344it [1:31:41 bound:294 nc:806 ncall:1.4e+07 eff:0.2% logz-ratio=0.39+/-0.03 dlogz:44.357>0.1]
32587it [1:33:01 bound:298 nc:2057 ncall:1.4e+07 eff:0.2% logz-ratio=0.42+/-0.03 dlogz:44.263>0.1]
32759it [1:34:03 bound:301 nc:706 ncall:1.4e+07 eff:0.2% logz-ratio=0.45+/-0.03 dlogz:44.195>0.1]
32997it [1:35:20 bound:305 nc:974 ncall:1.5e+07 eff:0.2% logz-ratio=0.49+/-0.03 dlogz:44.099>0.1]
33242it [1:36:37 bound:309 nc:766 ncall:1.5e+07 eff:0.2% logz-ratio=0.53+/-0.03 dlogz:43.999>0.1]
33423it [1:37:38 bound:312 nc:530 ncall:1.5e+07 eff:0.2% logz-ratio=0.56+/-0.03 dlogz:43.924>0.1]
33604it [1:38:43 bound:315 nc:655 ncall:1.5e+07 eff:0.2% logz-ratio=0.59+/-0.03 dlogz:43.847>0.1]
33785it [1:39:44 bound:318 nc:559 ncall:1.5e+07 eff:0.2% logz-ratio=0.63+/-0.03 dlogz:43.770>0.1]
34029it [1:41:02 bound:322 nc:1641 ncall:1.6e+07 eff:0.2% logz-ratio=0.67+/-0.03 dlogz:43.663>0.1]
34210it [1:42:07 bound:325 nc:1065 ncall:1.6e+07 eff:0.2% logz-ratio=0.71+/-0.03 dlogz:43.581>0.1]
34450it [1:43:22 bound:329 nc:665 ncall:1.6e+07 eff:0.2% logz-ratio=0.76+/-0.03 dlogz:43.471>0.1]
34627it [1:44:23 bound:332 nc:874 ncall:1.6e+07 eff:0.2% logz-ratio=0.80+/-0.03 dlogz:43.387>0.1]
34813it [1:45:23 bound:335 nc:774 ncall:1.6e+07 eff:0.2% logz-ratio=0.85+/-0.04 dlogz:43.298>0.1]
34995it [1:46:24 bound:338 nc:809 ncall:1.6e+07 eff:0.2% logz-ratio=0.89+/-0.04 dlogz:43.208>0.1]
35181it [1:47:32 bound:341 nc:1063 ncall:1.7e+07 eff:0.2% logz-ratio=0.94+/-0.04 dlogz:43.113>0.1]
35362it [1:48:35 bound:344 nc:1084 ncall:1.7e+07 eff:0.2% logz-ratio=0.99+/-0.04 dlogz:43.019>0.1]
35548it [1:49:36 bound:347 nc:1230 ncall:1.7e+07 eff:0.2% logz-ratio=1.05+/-0.04 dlogz:42.919>0.1]
35732it [1:50:36 bound:350 nc:567 ncall:1.7e+07 eff:0.2% logz-ratio=1.10+/-0.04 dlogz:42.819>0.1]
35917it [1:51:37 bound:353 nc:1413 ncall:1.7e+07 eff:0.2% logz-ratio=1.16+/-0.04 dlogz:42.715>0.1]
36095it [1:52:37 bound:356 nc:792 ncall:1.7e+07 eff:0.2% logz-ratio=1.22+/-0.04 dlogz:42.613>0.1]
36278it [1:53:39 bound:359 nc:864 ncall:1.8e+07 eff:0.2% logz-ratio=1.28+/-0.04 dlogz:42.505>0.1]
36465it [1:54:43 bound:362 nc:555 ncall:1.8e+07 eff:0.2% logz-ratio=1.35+/-0.04 dlogz:42.393>0.1]
36645it [1:55:43 bound:365 nc:1420 ncall:1.8e+07 eff:0.2% logz-ratio=1.41+/-0.04 dlogz:42.284>0.1]
36825it [1:56:49 bound:368 nc:599 ncall:1.8e+07 eff:0.2% logz-ratio=1.48+/-0.04 dlogz:42.173>0.1]
37006it [1:57:53 bound:371 nc:1192 ncall:1.8e+07 eff:0.2% logz-ratio=1.55+/-0.04 dlogz:42.060>0.1]
37187it [1:58:58 bound:374 nc:963 ncall:1.8e+07 eff:0.2% logz-ratio=1.62+/-0.04 dlogz:41.943>0.1]
37417it [1:59:58 bound:377 nc:792 ncall:1.9e+07 eff:0.2% logz-ratio=1.72+/-0.04 dlogz:41.791>0.1]
37518it [2:01:15 bound:379 nc:899 ncall:1.9e+07 eff:0.2% logz-ratio=1.76+/-0.04 dlogz:41.724>0.1]
37671it [2:02:16 bound:382 nc:1136 ncall:1.9e+07 eff:0.2% logz-ratio=1.83+/-0.04 dlogz:41.620>0.1]
37846it [2:03:22 bound:385 nc:602 ncall:1.9e+07 eff:0.2% logz-ratio=1.90+/-0.04 dlogz:41.500>0.1]
38024it [2:04:26 bound:388 nc:2026 ncall:1.9e+07 eff:0.2% logz-ratio=1.99+/-0.04 dlogz:41.376>0.1]
38198it [2:05:29 bound:391 nc:996 ncall:1.9e+07 eff:0.2% logz-ratio=2.07+/-0.04 dlogz:41.252>0.1]
38370it [2:06:33 bound:394 nc:522 ncall:1.9e+07 eff:0.2% logz-ratio=2.15+/-0.04 dlogz:41.128>0.1]
38555it [2:07:35 bound:397 nc:1296 ncall:2.0e+07 eff:0.2% logz-ratio=2.24+/-0.04 dlogz:40.994>0.1]
38736it [2:08:36 bound:400 nc:711 ncall:2.0e+07 eff:0.2% logz-ratio=2.33+/-0.04 dlogz:40.862>0.1]
38918it [2:09:43 bound:403 nc:868 ncall:2.0e+07 eff:0.2% logz-ratio=2.42+/-0.04 dlogz:40.727>0.1]
39097it [2:10:47 bound:406 nc:1263 ncall:2.0e+07 eff:0.2% logz-ratio=2.50+/-0.04 dlogz:40.595>0.1]
39276it [2:11:50 bound:409 nc:948 ncall:2.0e+07 eff:0.2% logz-ratio=2.59+/-0.04 dlogz:40.461>0.1]
39450it [2:12:54 bound:412 nc:1422 ncall:2.1e+07 eff:0.2% logz-ratio=2.68+/-0.04 dlogz:40.330>0.1]
39628it [2:14:01 bound:415 nc:1111 ncall:2.1e+07 eff:0.2% logz-ratio=2.78+/-0.05 dlogz:40.192>0.1]
39807it [2:15:07 bound:418 nc:845 ncall:2.1e+07 eff:0.2% logz-ratio=2.87+/-0.05 dlogz:40.053>0.1]
39974it [2:16:13 bound:421 nc:1623 ncall:2.1e+07 eff:0.2% logz-ratio=2.96+/-0.05 dlogz:39.921>0.1]
40210it [2:17:32 bound:425 nc:704 ncall:2.1e+07 eff:0.2% logz-ratio=3.09+/-0.05 dlogz:39.735>0.1]
40384it [2:18:46 bound:428 nc:561 ncall:2.1e+07 eff:0.2% logz-ratio=3.19+/-0.05 dlogz:44.051>0.1]
40560it [2:19:52 bound:431 nc:1440 ncall:2.2e+07 eff:0.2% logz-ratio=3.29+/-0.05 dlogz:43.908>0.1]
40732it [2:20:58 bound:434 nc:1009 ncall:2.2e+07 eff:0.2% logz-ratio=3.39+/-0.05 dlogz:43.767>0.1]
40910it [2:22:03 bound:437 nc:1003 ncall:2.2e+07 eff:0.2% logz-ratio=3.49+/-0.05 dlogz:43.620>0.1]
41089it [2:23:05 bound:440 nc:2851 ncall:2.2e+07 eff:0.2% logz-ratio=3.60+/-0.05 dlogz:43.470>0.1]
41271it [2:24:06 bound:443 nc:576 ncall:2.2e+07 eff:0.2% logz-ratio=3.71+/-0.05 dlogz:43.314>0.1]
41452it [2:25:12 bound:446 nc:426 ncall:2.2e+07 eff:0.2% logz-ratio=3.82+/-0.05 dlogz:43.158>0.1]
41627it [2:26:21 bound:449 nc:741 ncall:2.3e+07 eff:0.2% logz-ratio=3.93+/-0.05 dlogz:44.831>0.1]
41799it [2:27:29 bound:452 nc:633 ncall:2.3e+07 eff:0.2% logz-ratio=4.04+/-0.05 dlogz:44.681>0.1]
41981it [2:28:36 bound:455 nc:1667 ncall:2.3e+07 eff:0.2% logz-ratio=4.15+/-0.05 dlogz:44.522>0.1]
42157it [2:29:44 bound:458 nc:2122 ncall:2.3e+07 eff:0.2% logz-ratio=4.27+/-0.05 dlogz:44.367>0.1]
42331it [2:30:54 bound:461 nc:1300 ncall:2.3e+07 eff:0.2% logz-ratio=4.38+/-0.05 dlogz:44.212>0.1]
42510it [2:32:03 bound:464 nc:1139 ncall:2.3e+07 eff:0.2% logz-ratio=4.49+/-0.05 dlogz:44.052>0.1]
42683it [2:33:10 bound:467 nc:807 ncall:2.4e+07 eff:0.2% logz-ratio=4.61+/-0.05 dlogz:43.894>0.1]
42863it [2:34:14 bound:470 nc:992 ncall:2.4e+07 eff:0.2% logz-ratio=4.73+/-0.05 dlogz:43.727>0.1]
43039it [2:35:24 bound:473 nc:1252 ncall:2.4e+07 eff:0.2% logz-ratio=4.86+/-0.05 dlogz:43.561>0.1]
43215it [2:36:27 bound:476 nc:1726 ncall:2.4e+07 eff:0.2% logz-ratio=4.98+/-0.05 dlogz:43.394>0.1]
43391it [2:37:33 bound:479 nc:1439 ncall:2.4e+07 eff:0.2% logz-ratio=5.10+/-0.05 dlogz:43.227>0.1]
43563it [2:38:40 bound:482 nc:864 ncall:2.5e+07 eff:0.2% logz-ratio=5.23+/-0.05 dlogz:43.061>0.1]
43734it [2:39:43 bound:485 nc:1106 ncall:2.5e+07 eff:0.2% logz-ratio=5.35+/-0.05 dlogz:42.893>0.1]
43908it [2:40:54 bound:488 nc:503 ncall:2.5e+07 eff:0.2% logz-ratio=5.48+/-0.05 dlogz:42.720>0.1]
44078it [2:41:58 bound:491 nc:1401 ncall:2.5e+07 eff:0.2% logz-ratio=5.61+/-0.05 dlogz:42.552>0.1]
44256it [2:43:03 bound:494 nc:520 ncall:2.5e+07 eff:0.2% logz-ratio=5.74+/-0.05 dlogz:42.375>0.1]
44430it [2:44:08 bound:497 nc:990 ncall:2.5e+07 eff:0.2% logz-ratio=5.88+/-0.05 dlogz:42.201>0.1]
44606it [2:45:13 bound:500 nc:1367 ncall:2.6e+07 eff:0.2% logz-ratio=6.01+/-0.05 dlogz:42.025>0.1]
44777it [2:46:23 bound:503 nc:391 ncall:2.6e+07 eff:0.2% logz-ratio=6.14+/-0.05 dlogz:41.852>0.1]
44945it [2:47:27 bound:506 nc:1876 ncall:2.6e+07 eff:0.2% logz-ratio=6.27+/-0.05 dlogz:41.683>0.1]
45122it [2:48:30 bound:509 nc:874 ncall:2.6e+07 eff:0.2% logz-ratio=6.41+/-0.05 dlogz:41.503>0.1]
45297it [2:49:48 bound:512 nc:683 ncall:2.6e+07 eff:0.2% logz-ratio=6.54+/-0.05 dlogz:41.328>0.1]
45470it [2:50:51 bound:515 nc:840 ncall:2.6e+07 eff:0.2% logz-ratio=6.67+/-0.05 dlogz:41.153>0.1]
45644it [2:52:03 bound:518 nc:1454 ncall:2.7e+07 eff:0.2% logz-ratio=6.80+/-0.05 dlogz:40.977>0.1]
45821it [2:53:06 bound:521 nc:437 ncall:2.7e+07 eff:0.2% logz-ratio=6.94+/-0.05 dlogz:40.796>0.1]
45990it [2:54:14 bound:524 nc:2681 ncall:2.7e+07 eff:0.2% logz-ratio=7.07+/-0.05 dlogz:40.623>0.1]
46162it [2:55:22 bound:527 nc:813 ncall:2.7e+07 eff:0.2% logz-ratio=7.21+/-0.05 dlogz:40.445>0.1]
46332it [2:56:23 bound:530 nc:1629 ncall:2.7e+07 eff:0.2% logz-ratio=7.34+/-0.05 dlogz:40.270>0.1]
46498it [2:57:38 bound:533 nc:870 ncall:2.8e+07 eff:0.2% logz-ratio=7.47+/-0.05 dlogz:40.100>0.1]
46668it [2:58:49 bound:536 nc:612 ncall:2.8e+07 eff:0.2% logz-ratio=7.61+/-0.05 dlogz:39.925>0.1]
46836it [2:59:53 bound:539 nc:1282 ncall:2.8e+07 eff:0.2% logz-ratio=7.74+/-0.05 dlogz:39.751>0.1]
47006it [3:00:56 bound:542 nc:1665 ncall:2.8e+07 eff:0.2% logz-ratio=7.87+/-0.05 dlogz:39.576>0.1]
47062it [3:01:58 bound:543 nc:845 ncall:2.8e+07 eff:0.2% logz-ratio=7.92+/-0.05 dlogz:39.517>0.1]
47238it [3:03:07 bound:546 nc:1574 ncall:2.8e+07 eff:0.2% logz-ratio=8.06+/-0.05 dlogz:39.334>0.1]
47412it [3:04:17 bound:549 nc:784 ncall:2.9e+07 eff:0.2% logz-ratio=8.20+/-0.05 dlogz:39.150>0.1]
47586it [3:05:32 bound:552 nc:668 ncall:2.9e+07 eff:0.2% logz-ratio=8.34+/-0.05 dlogz:38.966>0.1]
47760it [3:06:42 bound:555 nc:812 ncall:2.9e+07 eff:0.2% logz-ratio=8.48+/-0.05 dlogz:38.783>0.1]
47928it [3:07:49 bound:558 nc:855 ncall:2.9e+07 eff:0.2% logz-ratio=8.62+/-0.05 dlogz:38.606>0.1]
48094it [3:08:58 bound:561 nc:1275 ncall:2.9e+07 eff:0.2% logz-ratio=8.75+/-0.05 dlogz:38.430>0.1]
48271it [3:10:08 bound:564 nc:763 ncall:2.9e+07 eff:0.2% logz-ratio=8.90+/-0.05 dlogz:41.339>0.1]
48443it [3:11:20 bound:567 nc:1681 ncall:3.0e+07 eff:0.2% logz-ratio=9.04+/-0.05 dlogz:41.154>0.1]
48615it [3:12:22 bound:570 nc:1062 ncall:3.0e+07 eff:0.2% logz-ratio=9.19+/-0.05 dlogz:40.968>0.1]
48787it [3:13:34 bound:573 nc:1954 ncall:3.0e+07 eff:0.2% logz-ratio=9.33+/-0.05 dlogz:40.779>0.1]
48957it [3:14:45 bound:576 nc:710 ncall:3.0e+07 eff:0.2% logz-ratio=9.48+/-0.05 dlogz:40.591>0.1]
49127it [3:15:52 bound:579 nc:554 ncall:3.0e+07 eff:0.2% logz-ratio=9.63+/-0.05 dlogz:40.399>0.1]
49300it [3:17:07 bound:582 nc:986 ncall:3.1e+07 eff:0.2% logz-ratio=9.78+/-0.05 dlogz:40.203>0.1]
49475it [3:18:13 bound:585 nc:1294 ncall:3.1e+07 eff:0.2% logz-ratio=9.94+/-0.05 dlogz:40.003>0.1]
49651it [3:19:25 bound:588 nc:2373 ncall:3.1e+07 eff:0.2% logz-ratio=10.10+/-0.05 dlogz:39.802>0.1]
49825it [3:20:27 bound:591 nc:1293 ncall:3.1e+07 eff:0.2% logz-ratio=10.26+/-0.05 dlogz:39.603>0.1]
50000it [3:21:40 bound:594 nc:3352 ncall:3.1e+07 eff:0.2% logz-ratio=10.41+/-0.05 dlogz:39.405>0.1]
50174it [3:22:51 bound:597 nc:944 ncall:3.2e+07 eff:0.2% logz-ratio=10.57+/-0.05 dlogz:39.208>0.1]
50346it [3:24:01 bound:600 nc:844 ncall:3.2e+07 eff:0.2% logz-ratio=10.72+/-0.05 dlogz:39.009>0.1]
50520it [3:25:09 bound:603 nc:963 ncall:3.2e+07 eff:0.2% logz-ratio=10.88+/-0.05 dlogz:38.807>0.1]
50686it [3:26:14 bound:606 nc:664 ncall:3.2e+07 eff:0.2% logz-ratio=11.03+/-0.05 dlogz:38.615>0.1]
50864it [3:27:24 bound:609 nc:802 ncall:3.2e+07 eff:0.2% logz-ratio=11.20+/-0.06 dlogz:38.410>0.1]
51035it [3:28:31 bound:612 nc:1137 ncall:3.3e+07 eff:0.2% logz-ratio=11.35+/-0.06 dlogz:38.216>0.1]
51211it [3:29:42 bound:615 nc:1923 ncall:3.3e+07 eff:0.2% logz-ratio=11.51+/-0.06 dlogz:38.016>0.1]
51377it [3:30:52 bound:618 nc:890 ncall:3.3e+07 eff:0.2% logz-ratio=11.65+/-0.06 dlogz:37.828>0.1]
51542it [3:31:56 bound:621 nc:902 ncall:3.3e+07 eff:0.2% logz-ratio=11.80+/-0.06 dlogz:37.640>0.1]
51715it [3:33:05 bound:624 nc:546 ncall:3.3e+07 eff:0.2% logz-ratio=11.95+/-0.06 dlogz:37.445>0.1]
51879it [3:34:12 bound:627 nc:906 ncall:3.3e+07 eff:0.2% logz-ratio=12.10+/-0.06 dlogz:37.258>0.1]
52054it [3:35:21 bound:630 nc:905 ncall:3.4e+07 eff:0.2% logz-ratio=12.26+/-0.06 dlogz:37.061>0.1]
52233it [3:36:34 bound:633 nc:571 ncall:3.4e+07 eff:0.2% logz-ratio=12.41+/-0.06 dlogz:36.858>0.1]
52407it [3:37:38 bound:636 nc:915 ncall:3.4e+07 eff:0.2% logz-ratio=12.57+/-0.06 dlogz:36.659>0.1]
52580it [3:38:51 bound:639 nc:1725 ncall:3.4e+07 eff:0.2% logz-ratio=12.73+/-0.06 dlogz:36.459>0.1]
52744it [3:40:06 bound:642 nc:868 ncall:3.4e+07 eff:0.2% logz-ratio=12.88+/-0.06 dlogz:36.269>0.1]
52911it [3:41:22 bound:645 nc:535 ncall:3.5e+07 eff:0.2% logz-ratio=13.04+/-0.06 dlogz:36.071>0.1]
53082it [3:42:29 bound:648 nc:1146 ncall:3.5e+07 eff:0.2% logz-ratio=13.20+/-0.06 dlogz:35.866>0.1]
53256it [3:43:42 bound:651 nc:1262 ncall:3.5e+07 eff:0.2% logz-ratio=13.37+/-0.06 dlogz:35.655>0.1]
53430it [3:45:00 bound:654 nc:408 ncall:3.5e+07 eff:0.2% logz-ratio=13.54+/-0.06 dlogz:35.442>0.1]
53608it [3:46:12 bound:657 nc:1423 ncall:3.5e+07 eff:0.2% logz-ratio=13.71+/-0.06 dlogz:35.224>0.1]
53780it [3:47:27 bound:660 nc:1456 ncall:3.6e+07 eff:0.2% logz-ratio=13.88+/-0.06 dlogz:35.012>0.1]
53952it [3:48:36 bound:663 nc:1033 ncall:3.6e+07 eff:0.2% logz-ratio=14.05+/-0.06 dlogz:34.802>0.1]
54129it [3:49:43 bound:666 nc:1030 ncall:3.6e+07 eff:0.2% logz-ratio=14.22+/-0.06 dlogz:34.588>0.1]
54301it [3:50:50 bound:669 nc:2570 ncall:3.6e+07 eff:0.1% logz-ratio=14.39+/-0.06 dlogz:34.379>0.1]
54475it [3:52:05 bound:672 nc:1320 ncall:3.6e+07 eff:0.1% logz-ratio=14.56+/-0.06 dlogz:38.585>0.1]
54645it [3:53:07 bound:675 nc:721 ncall:3.7e+07 eff:0.1% logz-ratio=14.73+/-0.06 dlogz:38.376>0.1]
54816it [3:54:21 bound:678 nc:1207 ncall:3.7e+07 eff:0.1% logz-ratio=14.89+/-0.06 dlogz:38.166>0.1]
54986it [3:55:35 bound:681 nc:954 ncall:3.7e+07 eff:0.1% logz-ratio=15.06+/-0.06 dlogz:37.957>0.1]
55160it [3:56:44 bound:684 nc:1133 ncall:3.7e+07 eff:0.1% logz-ratio=15.23+/-0.06 dlogz:37.744>0.1]
55335it [3:57:52 bound:687 nc:782 ncall:3.7e+07 eff:0.1% logz-ratio=15.41+/-0.06 dlogz:37.526>0.1]
55510it [3:59:10 bound:690 nc:821 ncall:3.8e+07 eff:0.1% logz-ratio=15.59+/-0.06 dlogz:37.300>0.1]
55678it [4:00:21 bound:693 nc:513 ncall:3.8e+07 eff:0.1% logz-ratio=15.77+/-0.06 dlogz:37.085>0.1]
55852it [4:01:30 bound:696 nc:874 ncall:3.8e+07 eff:0.1% logz-ratio=15.95+/-0.06 dlogz:36.860>0.1]
55911it [4:02:39 bound:697 nc:1024 ncall:3.8e+07 eff:0.1% logz-ratio=16.01+/-0.06 dlogz:36.783>0.1]
56076it [4:03:52 bound:700 nc:1294 ncall:3.8e+07 eff:0.1% logz-ratio=16.19+/-0.06 dlogz:36.566>0.1]
56247it [4:04:58 bound:703 nc:1503 ncall:3.8e+07 eff:0.1% logz-ratio=16.37+/-0.06 dlogz:36.337>0.1]
56423it [4:06:08 bound:706 nc:1222 ncall:3.9e+07 eff:0.1% logz-ratio=16.57+/-0.06 dlogz:36.102>0.1]
56595it [4:07:23 bound:709 nc:1094 ncall:3.9e+07 eff:0.1% logz-ratio=16.75+/-0.06 dlogz:35.873>0.1]
56763it [4:08:37 bound:712 nc:1296 ncall:3.9e+07 eff:0.1% logz-ratio=16.94+/-0.06 dlogz:35.650>0.1]
56934it [4:09:45 bound:715 nc:1702 ncall:3.9e+07 eff:0.1% logz-ratio=17.12+/-0.06 dlogz:35.424>0.1]
57103it [4:10:51 bound:718 nc:873 ncall:3.9e+07 eff:0.1% logz-ratio=17.30+/-0.06 dlogz:35.204>0.1]
57275it [4:12:04 bound:721 nc:1075 ncall:4.0e+07 eff:0.1% logz-ratio=17.48+/-0.06 dlogz:34.985>0.1]
57450it [4:13:14 bound:724 nc:835 ncall:4.0e+07 eff:0.1% logz-ratio=17.66+/-0.06 dlogz:34.758>0.1]
57624it [4:14:24 bound:727 nc:1145 ncall:4.0e+07 eff:0.1% logz-ratio=17.85+/-0.06 dlogz:34.524>0.1]
57799it [4:15:36 bound:730 nc:1910 ncall:4.0e+07 eff:0.1% logz-ratio=18.04+/-0.06 dlogz:34.290>0.1]
57975it [4:16:56 bound:733 nc:696 ncall:4.0e+07 eff:0.1% logz-ratio=18.24+/-0.06 dlogz:34.047>0.1]
58152it [4:18:16 bound:736 nc:869 ncall:4.1e+07 eff:0.1% logz-ratio=18.44+/-0.06 dlogz:33.804>0.1]
58333it [4:19:28 bound:739 nc:659 ncall:4.1e+07 eff:0.1% logz-ratio=18.64+/-0.06 dlogz:33.561>0.1]
58511it [4:20:38 bound:742 nc:946 ncall:4.1e+07 eff:0.1% logz-ratio=18.83+/-0.06 dlogz:33.329>0.1]
58684it [4:21:52 bound:745 nc:1650 ncall:4.1e+07 eff:0.1% logz-ratio=19.01+/-0.06 dlogz:33.102>0.1]
58855it [4:23:01 bound:748 nc:1214 ncall:4.1e+07 eff:0.1% logz-ratio=19.20+/-0.06 dlogz:32.877>0.1]
59030it [4:24:15 bound:751 nc:1263 ncall:4.2e+07 eff:0.1% logz-ratio=19.38+/-0.06 dlogz:32.651>0.1]
59211it [4:25:24 bound:754 nc:1413 ncall:4.2e+07 eff:0.1% logz-ratio=19.57+/-0.06 dlogz:32.420>0.1]
59383it [4:26:45 bound:757 nc:894 ncall:4.2e+07 eff:0.1% logz-ratio=19.74+/-0.06 dlogz:32.205>0.1]
59561it [4:27:57 bound:760 nc:1615 ncall:4.2e+07 eff:0.1% logz-ratio=19.92+/-0.06 dlogz:31.981>0.1]
59735it [4:29:07 bound:763 nc:896 ncall:4.2e+07 eff:0.1% logz-ratio=20.10+/-0.06 dlogz:31.756>0.1]
59911it [4:30:20 bound:766 nc:1080 ncall:4.3e+07 eff:0.1% logz-ratio=20.29+/-0.06 dlogz:31.527>0.1]
60085it [4:31:39 bound:769 nc:1136 ncall:4.3e+07 eff:0.1% logz-ratio=20.47+/-0.06 dlogz:31.300>0.1]
60261it [4:32:48 bound:772 nc:878 ncall:4.3e+07 eff:0.1% logz-ratio=20.65+/-0.06 dlogz:31.077>0.1]
60441it [4:34:03 bound:775 nc:1620 ncall:4.3e+07 eff:0.1% logz-ratio=20.84+/-0.06 dlogz:30.848>0.1]
60623it [4:35:24 bound:778 nc:1309 ncall:4.4e+07 eff:0.1% logz-ratio=21.02+/-0.06 dlogz:30.619>0.1]
60803it [4:36:44 bound:781 nc:1002 ncall:4.4e+07 eff:0.1% logz-ratio=21.21+/-0.06 dlogz:30.392>0.1]
60979it [4:37:56 bound:784 nc:1026 ncall:4.4e+07 eff:0.1% logz-ratio=21.39+/-0.06 dlogz:30.162>0.1]
61159it [4:39:10 bound:787 nc:1276 ncall:4.4e+07 eff:0.1% logz-ratio=21.59+/-0.06 dlogz:29.918>0.1]
61333it [4:40:29 bound:790 nc:962 ncall:4.4e+07 eff:0.1% logz-ratio=21.79+/-0.06 dlogz:29.680>0.1]
61512it [4:41:50 bound:793 nc:1241 ncall:4.5e+07 eff:0.1% logz-ratio=21.99+/-0.06 dlogz:29.431>0.1]
61692it [4:43:01 bound:796 nc:1036 ncall:4.5e+07 eff:0.1% logz-ratio=22.20+/-0.06 dlogz:29.185>0.1]
61875it [4:44:09 bound:799 nc:902 ncall:4.5e+07 eff:0.1% logz-ratio=22.40+/-0.06 dlogz:28.937>0.1]
62054it [4:45:24 bound:802 nc:1640 ncall:4.5e+07 eff:0.1% logz-ratio=22.59+/-0.06 dlogz:28.703>0.1]
62237it [4:46:38 bound:805 nc:1100 ncall:4.5e+07 eff:0.1% logz-ratio=22.78+/-0.06 dlogz:28.469>0.1]
62417it [4:47:52 bound:808 nc:1552 ncall:4.6e+07 eff:0.1% logz-ratio=22.97+/-0.06 dlogz:28.233>0.1]
62600it [4:49:07 bound:811 nc:1289 ncall:4.6e+07 eff:0.1% logz-ratio=23.17+/-0.06 dlogz:27.988>0.1]
62784it [4:50:19 bound:814 nc:1390 ncall:4.6e+07 eff:0.1% logz-ratio=23.37+/-0.06 dlogz:27.744>0.1]
62961it [4:51:34 bound:817 nc:1400 ncall:4.6e+07 eff:0.1% logz-ratio=23.56+/-0.06 dlogz:27.513>0.1]
63146it [4:52:49 bound:820 nc:1878 ncall:4.7e+07 eff:0.1% logz-ratio=23.75+/-0.06 dlogz:27.281>0.1]
63322it [4:54:02 bound:823 nc:1227 ncall:4.7e+07 eff:0.1% logz-ratio=23.93+/-0.06 dlogz:27.056>0.1]
63508it [4:55:13 bound:826 nc:1003 ncall:4.7e+07 eff:0.1% logz-ratio=24.12+/-0.06 dlogz:26.817>0.1]
63689it [4:56:28 bound:829 nc:1560 ncall:4.7e+07 eff:0.1% logz-ratio=24.30+/-0.06 dlogz:26.592>0.1]
63874it [4:57:42 bound:832 nc:1233 ncall:4.7e+07 eff:0.1% logz-ratio=24.49+/-0.06 dlogz:26.358>0.1]
64057it [4:59:00 bound:835 nc:1048 ncall:4.8e+07 eff:0.1% logz-ratio=24.68+/-0.06 dlogz:26.125>0.1]
64246it [5:00:17 bound:838 nc:1024 ncall:4.8e+07 eff:0.1% logz-ratio=24.87+/-0.06 dlogz:25.884>0.1]
64431it [5:01:31 bound:841 nc:907 ncall:4.8e+07 eff:0.1% logz-ratio=25.07+/-0.06 dlogz:25.645>0.1]
64501it [5:02:45 bound:842 nc:1503 ncall:4.8e+07 eff:0.1% logz-ratio=25.14+/-0.06 dlogz:25.555>0.1]
64671it [5:03:54 bound:845 nc:1782 ncall:4.8e+07 eff:0.1% logz-ratio=25.32+/-0.06 dlogz:25.339>0.1]
64851it [5:05:07 bound:848 nc:1406 ncall:4.9e+07 eff:0.1% logz-ratio=25.50+/-0.06 dlogz:25.107>0.1]
65036it [5:06:25 bound:851 nc:1421 ncall:4.9e+07 eff:0.1% logz-ratio=25.70+/-0.06 dlogz:24.868>0.1]
65214it [5:07:39 bound:854 nc:990 ncall:4.9e+07 eff:0.1% logz-ratio=25.88+/-0.06 dlogz:24.640>0.1]
65388it [5:08:52 bound:857 nc:859 ncall:4.9e+07 eff:0.1% logz-ratio=26.07+/-0.06 dlogz:24.409>0.1]
65568it [5:10:10 bound:860 nc:898 ncall:5.0e+07 eff:0.1% logz-ratio=26.27+/-0.06 dlogz:24.165>0.1]
65750it [5:11:32 bound:863 nc:1085 ncall:5.0e+07 eff:0.1% logz-ratio=26.47+/-0.06 dlogz:23.918>0.1]
65933it [5:12:48 bound:866 nc:1316 ncall:5.0e+07 eff:0.1% logz-ratio=26.68+/-0.06 dlogz:23.666>0.1]
66114it [5:14:09 bound:869 nc:1597 ncall:5.0e+07 eff:0.1% logz-ratio=26.88+/-0.06 dlogz:23.424>0.1]
66296it [5:15:29 bound:872 nc:772 ncall:5.0e+07 eff:0.1% logz-ratio=27.08+/-0.06 dlogz:23.179>0.1]
66481it [5:16:47 bound:875 nc:945 ncall:5.1e+07 eff:0.1% logz-ratio=27.28+/-0.06 dlogz:22.936>0.1]
66663it [5:18:07 bound:878 nc:1138 ncall:5.1e+07 eff:0.1% logz-ratio=27.47+/-0.06 dlogz:22.703>0.1]
66846it [5:19:24 bound:881 nc:1157 ncall:5.1e+07 eff:0.1% logz-ratio=27.66+/-0.06 dlogz:22.466>0.1]
67023it [5:20:47 bound:884 nc:1143 ncall:5.1e+07 eff:0.1% logz-ratio=27.84+/-0.06 dlogz:22.237>0.1]
67207it [5:22:10 bound:887 nc:1259 ncall:5.2e+07 eff:0.1% logz-ratio=28.03+/-0.06 dlogz:22.005>0.1]
67386it [5:23:24 bound:890 nc:2417 ncall:5.2e+07 eff:0.1% logz-ratio=28.21+/-0.06 dlogz:21.784>0.1]
67566it [5:24:39 bound:893 nc:1621 ncall:5.2e+07 eff:0.1% logz-ratio=28.38+/-0.06 dlogz:21.564>0.1]
67747it [5:25:56 bound:896 nc:1318 ncall:5.2e+07 eff:0.1% logz-ratio=28.56+/-0.06 dlogz:21.346>0.1]
67930it [5:27:23 bound:899 nc:1152 ncall:5.3e+07 eff:0.1% logz-ratio=28.73+/-0.06 dlogz:21.127>0.1]
68117it [5:28:41 bound:902 nc:1193 ncall:5.3e+07 eff:0.1% logz-ratio=28.91+/-0.06 dlogz:20.901>0.1]
68298it [5:29:59 bound:905 nc:1350 ncall:5.3e+07 eff:0.1% logz-ratio=29.08+/-0.06 dlogz:20.686>0.1]
68485it [5:31:16 bound:908 nc:1375 ncall:5.3e+07 eff:0.1% logz-ratio=29.26+/-0.06 dlogz:20.463>0.1]
68672it [5:32:33 bound:911 nc:1435 ncall:5.3e+07 eff:0.1% logz-ratio=29.44+/-0.06 dlogz:20.241>0.1]
68851it [5:33:48 bound:914 nc:724 ncall:5.4e+07 eff:0.1% logz-ratio=29.61+/-0.06 dlogz:20.027>0.1]
69033it [5:35:08 bound:917 nc:1402 ncall:5.4e+07 eff:0.1% logz-ratio=29.78+/-0.06 dlogz:19.810>0.1]
69217it [5:36:27 bound:920 nc:1071 ncall:5.4e+07 eff:0.1% logz-ratio=29.95+/-0.06 dlogz:19.591>0.1]
69399it [5:37:49 bound:923 nc:1295 ncall:5.4e+07 eff:0.1% logz-ratio=30.12+/-0.06 dlogz:19.377>0.1]
69580it [5:39:04 bound:926 nc:1720 ncall:5.5e+07 eff:0.1% logz-ratio=30.29+/-0.06 dlogz:19.165>0.1]
69767it [5:40:22 bound:929 nc:1316 ncall:5.5e+07 eff:0.1% logz-ratio=30.46+/-0.06 dlogz:18.949>0.1]
69948it [5:41:36 bound:932 nc:1029 ncall:5.5e+07 eff:0.1% logz-ratio=30.63+/-0.06 dlogz:18.738>0.1]
70136it [5:42:51 bound:935 nc:1612 ncall:5.5e+07 eff:0.1% logz-ratio=30.80+/-0.06 dlogz:18.520>0.1]
70318it [5:44:06 bound:938 nc:1111 ncall:5.6e+07 eff:0.1% logz-ratio=30.96+/-0.06 dlogz:18.313>0.1]
70503it [5:45:22 bound:941 nc:1854 ncall:5.6e+07 eff:0.1% logz-ratio=31.12+/-0.06 dlogz:18.106>0.1]
70692it [5:46:39 bound:944 nc:986 ncall:5.6e+07 eff:0.1% logz-ratio=31.29+/-0.07 dlogz:17.891>0.1]
70877it [5:47:54 bound:947 nc:1388 ncall:5.6e+07 eff:0.1% logz-ratio=31.46+/-0.07 dlogz:17.676>0.1]
71063it [5:49:14 bound:950 nc:1371 ncall:5.7e+07 eff:0.1% logz-ratio=31.64+/-0.07 dlogz:17.456>0.1]
71252it [5:50:33 bound:953 nc:1816 ncall:5.7e+07 eff:0.1% logz-ratio=31.81+/-0.07 dlogz:17.237>0.1]
71435it [5:51:49 bound:956 nc:1019 ncall:5.7e+07 eff:0.1% logz-ratio=31.98+/-0.07 dlogz:17.023>0.1]
71619it [5:53:07 bound:959 nc:1105 ncall:5.7e+07 eff:0.1% logz-ratio=32.15+/-0.07 dlogz:16.811>0.1]
71804it [5:54:22 bound:962 nc:1158 ncall:5.8e+07 eff:0.1% logz-ratio=32.31+/-0.07 dlogz:16.600>0.1]
71990it [5:55:36 bound:965 nc:1576 ncall:5.8e+07 eff:0.1% logz-ratio=32.48+/-0.07 dlogz:16.679>0.1]
72177it [5:56:50 bound:968 nc:946 ncall:5.8e+07 eff:0.1% logz-ratio=32.64+/-0.07 dlogz:19.605>0.1]
72363it [5:58:04 bound:971 nc:1778 ncall:5.8e+07 eff:0.1% logz-ratio=32.80+/-0.07 dlogz:19.400>0.1]
72551it [5:59:21 bound:974 nc:2629 ncall:5.8e+07 eff:0.1% logz-ratio=32.96+/-0.07 dlogz:19.196>0.1]
72736it [6:00:40 bound:977 nc:1269 ncall:5.9e+07 eff:0.1% logz-ratio=33.11+/-0.07 dlogz:18.994>0.1]
72922it [6:02:00 bound:980 nc:1074 ncall:5.9e+07 eff:0.1% logz-ratio=33.27+/-0.07 dlogz:18.792>0.1]
73002it [6:03:25 bound:981 nc:1165 ncall:5.9e+07 eff:0.1% logz-ratio=33.34+/-0.07 dlogz:18.706>0.1]
73167it [6:04:40 bound:984 nc:1346 ncall:5.9e+07 eff:0.1% logz-ratio=33.48+/-0.07 dlogz:18.528>0.1]
73355it [6:06:00 bound:987 nc:812 ncall:6.0e+07 eff:0.1% logz-ratio=33.63+/-0.07 dlogz:18.327>0.1]
73535it [6:07:17 bound:990 nc:1222 ncall:6.0e+07 eff:0.1% logz-ratio=33.78+/-0.07 dlogz:18.138>0.1]
73721it [6:08:34 bound:993 nc:1022 ncall:6.0e+07 eff:0.1% logz-ratio=33.92+/-0.07 dlogz:17.946>0.1]
73904it [6:09:51 bound:996 nc:1140 ncall:6.0e+07 eff:0.1% logz-ratio=34.07+/-0.07 dlogz:17.755>0.1]
74089it [6:11:12 bound:999 nc:886 ncall:6.1e+07 eff:0.1% logz-ratio=34.21+/-0.07 dlogz:17.564>0.1]
74276it [6:12:27 bound:1002 nc:555 ncall:6.1e+07 eff:0.1% logz-ratio=34.36+/-0.07 dlogz:17.374>0.1]
74461it [6:13:45 bound:1005 nc:1544 ncall:6.1e+07 eff:0.1% logz-ratio=34.50+/-0.07 dlogz:17.189>0.1]
74645it [6:15:01 bound:1008 nc:1803 ncall:6.1e+07 eff:0.1% logz-ratio=34.64+/-0.07 dlogz:17.006>0.1]
74829it [6:16:20 bound:1011 nc:928 ncall:6.2e+07 eff:0.1% logz-ratio=34.77+/-0.07 dlogz:16.823>0.1]
75017it [6:17:36 bound:1014 nc:1463 ncall:6.2e+07 eff:0.1% logz-ratio=34.91+/-0.07 dlogz:16.639>0.1]
75205it [6:19:02 bound:1017 nc:857 ncall:6.2e+07 eff:0.1% logz-ratio=35.05+/-0.07 dlogz:16.452>0.1]
75394it [6:20:22 bound:1020 nc:1769 ncall:6.2e+07 eff:0.1% logz-ratio=35.19+/-0.07 dlogz:16.267>0.1]
75576it [6:21:40 bound:1023 nc:975 ncall:6.3e+07 eff:0.1% logz-ratio=35.32+/-0.07 dlogz:16.091>0.1]
75763it [6:23:02 bound:1026 nc:1222 ncall:6.3e+07 eff:0.1% logz-ratio=35.46+/-0.07 dlogz:15.911>0.1]
75946it [6:24:27 bound:1029 nc:1946 ncall:6.3e+07 eff:0.1% logz-ratio=35.59+/-0.07 dlogz:15.732>0.1]
76132it [6:25:53 bound:1032 nc:1337 ncall:6.3e+07 eff:0.1% logz-ratio=35.73+/-0.07 dlogz:15.551>0.1]
76317it [6:27:16 bound:1035 nc:2902 ncall:6.4e+07 eff:0.1% logz-ratio=35.87+/-0.07 dlogz:15.369>0.1]
76499it [6:28:38 bound:1038 nc:1792 ncall:6.4e+07 eff:0.1% logz-ratio=36.00+/-0.07 dlogz:15.190>0.1]
76687it [6:30:04 bound:1041 nc:1579 ncall:6.4e+07 eff:0.1% logz-ratio=36.14+/-0.07 dlogz:15.004>0.1]
76872it [6:31:29 bound:1044 nc:1371 ncall:6.4e+07 eff:0.1% logz-ratio=36.27+/-0.07 dlogz:14.825>0.1]
77051it [6:32:54 bound:1047 nc:1216 ncall:6.5e+07 eff:0.1% logz-ratio=36.40+/-0.07 dlogz:14.654>0.1]
77239it [6:34:16 bound:1050 nc:1223 ncall:6.5e+07 eff:0.1% logz-ratio=36.53+/-0.07 dlogz:14.478>0.1]
77426it [6:35:40 bound:1053 nc:1615 ncall:6.5e+07 eff:0.1% logz-ratio=36.66+/-0.07 dlogz:14.307>0.1]
77610it [6:37:07 bound:1056 nc:859 ncall:6.6e+07 eff:0.1% logz-ratio=36.78+/-0.07 dlogz:14.138>0.1]
77792it [6:38:35 bound:1059 nc:1163 ncall:6.6e+07 eff:0.1% logz-ratio=36.90+/-0.07 dlogz:13.971>0.1]
77978it [6:39:59 bound:1062 nc:996 ncall:6.6e+07 eff:0.1% logz-ratio=37.03+/-0.07 dlogz:13.802>0.1]
78166it [6:41:25 bound:1065 nc:1818 ncall:6.6e+07 eff:0.1% logz-ratio=37.15+/-0.07 dlogz:13.632>0.1]
78349it [6:42:46 bound:1068 nc:1598 ncall:6.7e+07 eff:0.1% logz-ratio=37.27+/-0.07 dlogz:13.470>0.1]
78534it [6:44:09 bound:1071 nc:996 ncall:6.7e+07 eff:0.1% logz-ratio=37.38+/-0.07 dlogz:13.308>0.1]
78715it [6:45:34 bound:1074 nc:1253 ncall:6.7e+07 eff:0.1% logz-ratio=37.50+/-0.07 dlogz:13.150>0.1]
78897it [6:47:00 bound:1077 nc:1705 ncall:6.7e+07 eff:0.1% logz-ratio=37.61+/-0.07 dlogz:12.993>0.1]
79076it [6:48:24 bound:1080 nc:2868 ncall:6.8e+07 eff:0.1% logz-ratio=37.72+/-0.07 dlogz:12.840>0.1]
79259it [6:49:53 bound:1083 nc:1915 ncall:6.8e+07 eff:0.1% logz-ratio=37.83+/-0.07 dlogz:12.685>0.1]
79444it [6:51:19 bound:1086 nc:1423 ncall:6.8e+07 eff:0.1% logz-ratio=37.94+/-0.07 dlogz:12.632>0.1]
79631it [6:52:45 bound:1089 nc:1246 ncall:6.9e+07 eff:0.1% logz-ratio=38.05+/-0.07 dlogz:12.474>0.1]
79816it [6:54:11 bound:1092 nc:1018 ncall:6.9e+07 eff:0.1% logz-ratio=38.16+/-0.07 dlogz:12.321>0.1]
79997it [6:55:37 bound:1095 nc:1690 ncall:6.9e+07 eff:0.1% logz-ratio=38.27+/-0.07 dlogz:12.172>0.1]
80181it [6:57:06 bound:1098 nc:2002 ncall:6.9e+07 eff:0.1% logz-ratio=38.37+/-0.07 dlogz:12.021>0.1]
80365it [6:58:31 bound:1101 nc:1394 ncall:7.0e+07 eff:0.1% logz-ratio=38.48+/-0.07 dlogz:11.871>0.1]
80548it [6:59:57 bound:1104 nc:1858 ncall:7.0e+07 eff:0.1% logz-ratio=38.58+/-0.07 dlogz:11.722>0.1]
80667it [7:00:58 bound:1106 nc:851 ncall:7.0e+07 eff:0.1% logz-ratio=38.65+/-0.07 dlogz:11.626>0.1]
80848it [7:02:22 bound:1109 nc:2212 ncall:7.0e+07 eff:0.1% logz-ratio=38.75+/-0.07 dlogz:11.480>0.1]
80980it [7:04:22 bound:1111 nc:3305 ncall:7.1e+07 eff:0.1% logz-ratio=38.83+/-0.07 dlogz:11.373>0.1]
81148it [7:05:52 bound:1114 nc:1778 ncall:7.1e+07 eff:0.1% logz-ratio=38.92+/-0.07 dlogz:11.240>0.1]
81333it [7:07:16 bound:1117 nc:1443 ncall:7.1e+07 eff:0.1% logz-ratio=39.02+/-0.07 dlogz:11.095>0.1]
81510it [7:08:36 bound:1120 nc:1566 ncall:7.2e+07 eff:0.1% logz-ratio=39.11+/-0.07 dlogz:10.959>0.1]
81691it [7:10:01 bound:1123 nc:2362 ncall:7.2e+07 eff:0.1% logz-ratio=39.20+/-0.07 dlogz:10.822>0.1]
81873it [7:11:30 bound:1126 nc:1686 ncall:7.2e+07 eff:0.1% logz-ratio=39.30+/-0.07 dlogz:10.683>0.1]
82060it [7:12:57 bound:1129 nc:915 ncall:7.2e+07 eff:0.1% logz-ratio=39.39+/-0.07 dlogz:10.541>0.1]
82243it [7:14:28 bound:1132 nc:1495 ncall:7.3e+07 eff:0.1% logz-ratio=39.49+/-0.07 dlogz:10.405>0.1]
82424it [7:15:57 bound:1135 nc:1490 ncall:7.3e+07 eff:0.1% logz-ratio=39.58+/-0.07 dlogz:10.270>0.1]
82606it [7:17:22 bound:1138 nc:3996 ncall:7.3e+07 eff:0.1% logz-ratio=39.67+/-0.07 dlogz:10.134>0.1]
82790it [7:18:47 bound:1141 nc:1187 ncall:7.4e+07 eff:0.1% logz-ratio=39.76+/-0.07 dlogz:9.998>0.1]
82911it [7:19:48 bound:1143 nc:1610 ncall:7.4e+07 eff:0.1% logz-ratio=39.82+/-0.07 dlogz:9.909>0.1]
83089it [7:21:14 bound:1146 nc:1227 ncall:7.4e+07 eff:0.1% logz-ratio=39.90+/-0.07 dlogz:9.779>0.1]
83271it [7:22:42 bound:1149 nc:1733 ncall:7.4e+07 eff:0.1% logz-ratio=39.99+/-0.07 dlogz:9.648>0.1]
83393it [7:23:45 bound:1151 nc:1727 ncall:7.5e+07 eff:0.1% logz-ratio=40.05+/-0.07 dlogz:9.561>0.1]
83509it [7:24:47 bound:1153 nc:1288 ncall:7.5e+07 eff:0.1% logz-ratio=40.10+/-0.07 dlogz:9.480>0.1]
83689it [7:26:13 bound:1156 nc:2826 ncall:7.5e+07 eff:0.1% logz-ratio=40.18+/-0.07 dlogz:9.354>0.1]
83873it [7:27:42 bound:1159 nc:1346 ncall:7.5e+07 eff:0.1% logz-ratio=40.27+/-0.07 dlogz:9.228>0.1]
83990it [7:28:44 bound:1161 nc:3233 ncall:7.6e+07 eff:0.1% logz-ratio=40.32+/-0.07 dlogz:9.148>0.1]
84173it [7:30:11 bound:1164 nc:1865 ncall:7.6e+07 eff:0.1% logz-ratio=40.40+/-0.07 dlogz:9.024>0.1]
84353it [7:31:42 bound:1167 nc:1184 ncall:7.6e+07 eff:0.1% logz-ratio=40.47+/-0.07 dlogz:8.904>0.1]
84475it [7:32:43 bound:1169 nc:2296 ncall:7.6e+07 eff:0.1% logz-ratio=40.52+/-0.07 dlogz:8.823>0.1]
84656it [7:34:11 bound:1172 nc:2011 ncall:7.7e+07 eff:0.1% logz-ratio=40.60+/-0.07 dlogz:8.705>0.1]
84773it [7:35:14 bound:1174 nc:2141 ncall:7.7e+07 eff:0.1% logz-ratio=40.64+/-0.07 dlogz:8.629>0.1]
84893it [7:36:18 bound:1176 nc:3824 ncall:7.7e+07 eff:0.1% logz-ratio=40.69+/-0.07 dlogz:8.551>0.1]
85070it [7:37:48 bound:1179 nc:2138 ncall:7.7e+07 eff:0.1% logz-ratio=40.76+/-0.07 dlogz:8.437>0.1]
85185it [7:38:50 bound:1181 nc:1461 ncall:7.8e+07 eff:0.1% logz-ratio=40.81+/-0.07 dlogz:8.363>0.1]
85303it [7:39:51 bound:1183 nc:1565 ncall:7.8e+07 eff:0.1% logz-ratio=40.86+/-0.07 dlogz:8.288>0.1]
85421it [7:40:57 bound:1185 nc:1465 ncall:7.8e+07 eff:0.1% logz-ratio=40.90+/-0.07 dlogz:8.214>0.1]
85603it [7:42:25 bound:1188 nc:2201 ncall:7.8e+07 eff:0.1% logz-ratio=40.97+/-0.07 dlogz:8.099>0.1]
85787it [7:43:53 bound:1191 nc:1378 ncall:7.9e+07 eff:0.1% logz-ratio=41.04+/-0.07 dlogz:7.984>0.1]
85971it [7:45:18 bound:1194 nc:1872 ncall:7.9e+07 eff:0.1% logz-ratio=41.11+/-0.07 dlogz:7.872>0.1]
86148it [7:46:45 bound:1197 nc:1302 ncall:7.9e+07 eff:0.1% logz-ratio=41.17+/-0.07 dlogz:7.766>0.1]
86330it [7:48:14 bound:1200 nc:1505 ncall:8.0e+07 eff:0.1% logz-ratio=41.24+/-0.07 dlogz:7.657>0.1]
86504it [7:49:43 bound:1203 nc:2128 ncall:8.0e+07 eff:0.1% logz-ratio=41.30+/-0.07 dlogz:7.555>0.1]
86683it [7:51:13 bound:1206 nc:1497 ncall:8.0e+07 eff:0.1% logz-ratio=41.36+/-0.07 dlogz:7.450>0.1]
86860it [7:52:39 bound:1209 nc:1907 ncall:8.1e+07 eff:0.1% logz-ratio=41.42+/-0.07 dlogz:7.347>0.1]
87042it [7:54:07 bound:1212 nc:1302 ncall:8.1e+07 eff:0.1% logz-ratio=41.48+/-0.07 dlogz:7.242>0.1]
87220it [7:55:37 bound:1215 nc:1900 ncall:8.1e+07 eff:0.1% logz-ratio=41.53+/-0.07 dlogz:7.141>0.1]
87395it [7:57:05 bound:1218 nc:1469 ncall:8.2e+07 eff:0.1% logz-ratio=41.59+/-0.07 dlogz:7.042>0.1]
87574it [7:58:29 bound:1221 nc:1839 ncall:8.2e+07 eff:0.1% logz-ratio=41.65+/-0.07 dlogz:6.941>0.1]
87748it [7:59:55 bound:1224 nc:1142 ncall:8.2e+07 eff:0.1% logz-ratio=41.70+/-0.07 dlogz:7.188>0.1]
87868it [8:00:56 bound:1226 nc:5168 ncall:8.3e+07 eff:0.1% logz-ratio=41.74+/-0.07 dlogz:7.121>0.1]
87981it [8:01:56 bound:1228 nc:1898 ncall:8.3e+07 eff:0.1% logz-ratio=41.78+/-0.07 dlogz:7.059>0.1]
88156it [8:03:22 bound:1231 nc:1200 ncall:8.3e+07 eff:0.1% logz-ratio=41.83+/-0.07 dlogz:6.964>0.1]
88228it [8:04:56 bound:1232 nc:1573 ncall:8.3e+07 eff:0.1% logz-ratio=41.85+/-0.07 dlogz:6.925>0.1]
88389it [8:06:25 bound:1235 nc:1239 ncall:8.4e+07 eff:0.1% logz-ratio=41.90+/-0.07 dlogz:6.839>0.1]
88569it [8:07:56 bound:1238 nc:1230 ncall:8.4e+07 eff:0.1% logz-ratio=41.95+/-0.07 dlogz:6.743>0.1]
88745it [8:09:25 bound:1241 nc:1934 ncall:8.4e+07 eff:0.1% logz-ratio=42.00+/-0.07 dlogz:6.650>0.1]
88924it [8:10:53 bound:1244 nc:2103 ncall:8.5e+07 eff:0.1% logz-ratio=42.05+/-0.07 dlogz:6.556>0.1]
89103it [8:12:22 bound:1247 nc:1798 ncall:8.5e+07 eff:0.1% logz-ratio=42.10+/-0.07 dlogz:6.464>0.1]
89219it [8:13:23 bound:1249 nc:2285 ncall:8.5e+07 eff:0.1% logz-ratio=42.13+/-0.07 dlogz:6.404>0.1]
89345it [8:14:23 bound:1251 nc:3711 ncall:8.5e+07 eff:0.1% logz-ratio=42.16+/-0.07 dlogz:6.340>0.1]
89458it [8:15:23 bound:1253 nc:3540 ncall:8.6e+07 eff:0.1% logz-ratio=42.19+/-0.07 dlogz:6.283>0.1]
89580it [8:16:26 bound:1255 nc:2417 ncall:8.6e+07 eff:0.1% logz-ratio=42.22+/-0.07 dlogz:6.222>0.1]
89697it [8:17:27 bound:1257 nc:2449 ncall:8.6e+07 eff:0.1% logz-ratio=42.25+/-0.07 dlogz:6.164>0.1]
89812it [8:18:29 bound:1259 nc:2094 ncall:8.6e+07 eff:0.1% logz-ratio=42.28+/-0.07 dlogz:6.107>0.1]
89931it [8:19:30 bound:1261 nc:3711 ncall:8.7e+07 eff:0.1% logz-ratio=42.31+/-0.07 dlogz:6.049>0.1]
90053it [8:20:31 bound:1263 nc:2117 ncall:8.7e+07 eff:0.1% logz-ratio=42.34+/-0.07 dlogz:5.989>0.1]
90173it [8:21:31 bound:1265 nc:1765 ncall:8.7e+07 eff:0.1% logz-ratio=42.37+/-0.07 dlogz:5.931>0.1]
90294it [8:22:35 bound:1267 nc:1599 ncall:8.7e+07 eff:0.1% logz-ratio=42.40+/-0.07 dlogz:5.873>0.1]
90412it [8:23:35 bound:1269 nc:1931 ncall:8.7e+07 eff:0.1% logz-ratio=42.43+/-0.07 dlogz:5.816>0.1]
90533it [8:24:37 bound:1271 nc:2086 ncall:8.8e+07 eff:0.1% logz-ratio=42.46+/-0.07 dlogz:5.759>0.1]
90657it [8:25:38 bound:1273 nc:1500 ncall:8.8e+07 eff:0.1% logz-ratio=42.48+/-0.07 dlogz:5.700>0.1]
90771it [8:26:42 bound:1275 nc:1457 ncall:8.8e+07 eff:0.1% logz-ratio=42.51+/-0.07 dlogz:5.646>0.1]
90893it [8:27:42 bound:1277 nc:1145 ncall:8.8e+07 eff:0.1% logz-ratio=42.54+/-0.07 dlogz:5.589>0.1]
91009it [8:28:47 bound:1279 nc:2140 ncall:8.9e+07 eff:0.1% logz-ratio=42.56+/-0.07 dlogz:5.959>0.1]
91126it [8:29:50 bound:1281 nc:2195 ncall:8.9e+07 eff:0.1% logz-ratio=42.59+/-0.07 dlogz:5.905>0.1]
91245it [8:30:52 bound:1283 nc:2066 ncall:8.9e+07 eff:0.1% logz-ratio=42.62+/-0.07 dlogz:5.850>0.1]
91368it [8:31:55 bound:1285 nc:2260 ncall:8.9e+07 eff:0.1% logz-ratio=42.64+/-0.07 dlogz:5.794>0.1]
91488it [8:32:59 bound:1287 nc:1787 ncall:9.0e+07 eff:0.1% logz-ratio=42.67+/-0.07 dlogz:5.740>0.1]
91609it [8:34:03 bound:1289 nc:1810 ncall:9.0e+07 eff:0.1% logz-ratio=42.69+/-0.07 dlogz:5.685>0.1]
91731it [8:35:05 bound:1291 nc:1190 ncall:9.0e+07 eff:0.1% logz-ratio=42.72+/-0.07 dlogz:5.630>0.1]
91847it [8:36:09 bound:1293 nc:1904 ncall:9.0e+07 eff:0.1% logz-ratio=42.74+/-0.07 dlogz:5.579>0.1]
91965it [8:37:13 bound:1295 nc:1989 ncall:9.1e+07 eff:0.1% logz-ratio=42.76+/-0.07 dlogz:5.526>0.1]
92081it [8:38:15 bound:1297 nc:4622 ncall:9.1e+07 eff:0.1% logz-ratio=42.79+/-0.07 dlogz:5.475>0.1]
92201it [8:39:16 bound:1299 nc:2355 ncall:9.1e+07 eff:0.1% logz-ratio=42.81+/-0.07 dlogz:5.421>0.1]
92317it [8:40:19 bound:1301 nc:1211 ncall:9.1e+07 eff:0.1% logz-ratio=42.84+/-0.07 dlogz:5.371>0.1]
92429it [8:41:22 bound:1303 nc:995 ncall:9.2e+07 eff:0.1% logz-ratio=42.86+/-0.07 dlogz:5.322>0.1]
92549it [8:42:24 bound:1305 nc:4342 ncall:9.2e+07 eff:0.1% logz-ratio=42.88+/-0.07 dlogz:5.270>0.1]
92671it [8:43:26 bound:1307 nc:3625 ncall:9.2e+07 eff:0.1% logz-ratio=42.90+/-0.07 dlogz:5.217>0.1]
92792it [8:44:29 bound:1309 nc:1610 ncall:9.2e+07 eff:0.1% logz-ratio=42.93+/-0.07 dlogz:5.165>0.1]
92910it [8:45:34 bound:1311 nc:2129 ncall:9.3e+07 eff:0.1% logz-ratio=42.95+/-0.07 dlogz:5.115>0.1]
93027it [8:46:40 bound:1313 nc:1862 ncall:9.3e+07 eff:0.1% logz-ratio=42.97+/-0.07 dlogz:5.065>0.1]
93144it [8:47:46 bound:1315 nc:3486 ncall:9.3e+07 eff:0.1% logz-ratio=42.99+/-0.07 dlogz:5.016>0.1]
93266it [8:48:52 bound:1317 nc:2268 ncall:9.3e+07 eff:0.1% logz-ratio=43.01+/-0.07 dlogz:4.965>0.1]
93384it [8:49:59 bound:1319 nc:2145 ncall:9.4e+07 eff:0.1% logz-ratio=43.03+/-0.07 dlogz:4.916>0.1]
93503it [8:51:04 bound:1321 nc:2275 ncall:9.4e+07 eff:0.1% logz-ratio=43.05+/-0.07 dlogz:4.867>0.1]
93620it [8:52:11 bound:1323 nc:1601 ncall:9.4e+07 eff:0.1% logz-ratio=43.07+/-0.07 dlogz:4.819>0.1]
93739it [8:53:15 bound:1325 nc:2503 ncall:9.4e+07 eff:0.1% logz-ratio=43.09+/-0.07 dlogz:4.770>0.1]
93854it [8:54:17 bound:1327 nc:2350 ncall:9.5e+07 eff:0.1% logz-ratio=43.11+/-0.07 dlogz:4.723>0.1]
93970it [8:55:22 bound:1329 nc:2349 ncall:9.5e+07 eff:0.1% logz-ratio=43.13+/-0.07 dlogz:4.677>0.1]
94088it [8:56:28 bound:1331 nc:1267 ncall:9.5e+07 eff:0.1% logz-ratio=43.15+/-0.07 dlogz:5.009>0.1]
94208it [8:57:34 bound:1333 nc:3976 ncall:9.5e+07 eff:0.1% logz-ratio=43.17+/-0.07 dlogz:5.096>0.1]
94325it [8:58:40 bound:1335 nc:2452 ncall:9.6e+07 eff:0.1% logz-ratio=43.19+/-0.07 dlogz:5.049>0.1]
94440it [8:59:46 bound:1337 nc:1281 ncall:9.6e+07 eff:0.1% logz-ratio=43.20+/-0.07 dlogz:5.004>0.1]
94550it [9:00:54 bound:1339 nc:4624 ncall:9.6e+07 eff:0.1% logz-ratio=43.22+/-0.07 dlogz:4.960>0.1]
94671it [9:01:59 bound:1341 nc:3749 ncall:9.6e+07 eff:0.1% logz-ratio=43.24+/-0.07 dlogz:4.912>0.1]
94790it [9:03:05 bound:1343 nc:2385 ncall:9.7e+07 eff:0.1% logz-ratio=43.26+/-0.07 dlogz:4.865>0.1]
94907it [9:04:09 bound:1345 nc:1773 ncall:9.7e+07 eff:0.1% logz-ratio=43.28+/-0.07 dlogz:4.819>0.1]
94972it [9:05:52 bound:1346 nc:1746 ncall:9.7e+07 eff:0.1% logz-ratio=43.29+/-0.07 dlogz:4.794>0.1]
95089it [9:06:57 bound:1348 nc:2392 ncall:9.7e+07 eff:0.1% logz-ratio=43.30+/-0.07 dlogz:4.748>0.1]
95208it [9:08:04 bound:1350 nc:1483 ncall:9.8e+07 eff:0.1% logz-ratio=43.32+/-0.07 dlogz:4.702>0.1]
95327it [9:09:12 bound:1352 nc:2405 ncall:9.8e+07 eff:0.1% logz-ratio=43.34+/-0.07 dlogz:4.656>0.1]
95450it [9:10:18 bound:1354 nc:2241 ncall:9.8e+07 eff:0.1% logz-ratio=43.36+/-0.07 dlogz:4.609>0.1]
95568it [9:11:25 bound:1356 nc:1722 ncall:9.8e+07 eff:0.1% logz-ratio=43.37+/-0.07 dlogz:4.564>0.1]
95687it [9:12:32 bound:1358 nc:2047 ncall:9.9e+07 eff:0.1% logz-ratio=43.39+/-0.07 dlogz:4.518>0.1]
95807it [9:13:38 bound:1360 nc:2106 ncall:9.9e+07 eff:0.1% logz-ratio=43.41+/-0.07 dlogz:4.473>0.1]
95918it [9:14:44 bound:1362 nc:1921 ncall:9.9e+07 eff:0.1% logz-ratio=43.42+/-0.07 dlogz:4.431>0.1]
96036it [9:15:55 bound:1364 nc:2318 ncall:1.0e+08 eff:0.1% logz-ratio=43.44+/-0.07 dlogz:4.387>0.1]
96158it [9:17:03 bound:1366 nc:7572 ncall:1.0e+08 eff:0.1% logz-ratio=43.45+/-0.07 dlogz:4.341>0.1]
96278it [9:18:10 bound:1368 nc:4116 ncall:1.0e+08 eff:0.1% logz-ratio=43.47+/-0.07 dlogz:4.296>0.1]
96396it [9:19:17 bound:1370 nc:2741 ncall:1.0e+08 eff:0.1% logz-ratio=43.49+/-0.07 dlogz:4.253>0.1]
96517it [9:20:24 bound:1372 nc:4739 ncall:1.0e+08 eff:0.1% logz-ratio=43.50+/-0.07 dlogz:4.208>0.1]
96636it [9:21:33 bound:1374 nc:2846 ncall:1.0e+08 eff:0.1% logz-ratio=43.52+/-0.07 dlogz:4.165>0.1]
96752it [9:22:43 bound:1376 nc:4594 ncall:1.0e+08 eff:0.1% logz-ratio=43.53+/-0.07 dlogz:4.122>0.1]
96867it [9:23:51 bound:1378 nc:4727 ncall:1.0e+08 eff:0.1% logz-ratio=43.55+/-0.07 dlogz:4.081>0.1]
96984it [9:24:58 bound:1380 nc:2403 ncall:1.0e+08 eff:0.1% logz-ratio=43.56+/-0.07 dlogz:4.038>0.1]
97105it [9:26:06 bound:1382 nc:2417 ncall:1.0e+08 eff:0.1% logz-ratio=43.57+/-0.07 dlogz:3.995>0.1]
97215it [9:27:14 bound:1384 nc:2642 ncall:1.0e+08 eff:0.1% logz-ratio=43.59+/-0.07 dlogz:3.955>0.1]
97335it [9:28:22 bound:1386 nc:2007 ncall:1.0e+08 eff:0.1% logz-ratio=43.60+/-0.07 dlogz:3.912>0.1]
97450it [9:29:31 bound:1388 nc:2072 ncall:1.0e+08 eff:0.1% logz-ratio=43.62+/-0.07 dlogz:3.872>0.1]
97563it [9:30:41 bound:1390 nc:2140 ncall:1.0e+08 eff:0.1% logz-ratio=43.63+/-0.07 dlogz:3.832>0.1]
97679it [9:31:49 bound:1392 nc:4829 ncall:1.0e+08 eff:0.1% logz-ratio=43.64+/-0.07 dlogz:3.791>0.1]
97796it [9:32:57 bound:1394 nc:1440 ncall:1.0e+08 eff:0.1% logz-ratio=43.66+/-0.07 dlogz:3.750>0.1]
97919it [9:34:08 bound:1396 nc:4271 ncall:1.0e+08 eff:0.1% logz-ratio=43.67+/-0.07 dlogz:3.707>0.1]
98037it [9:35:17 bound:1398 nc:2309 ncall:1.0e+08 eff:0.1% logz-ratio=43.68+/-0.07 dlogz:3.666>0.1]
98153it [9:36:29 bound:1400 nc:2075 ncall:1.0e+08 eff:0.1% logz-ratio=43.70+/-0.07 dlogz:3.626>0.1]
98271it [9:37:41 bound:1402 nc:1953 ncall:1.0e+08 eff:0.1% logz-ratio=43.71+/-0.07 dlogz:3.585>0.1]
98389it [9:38:51 bound:1404 nc:2459 ncall:1.1e+08 eff:0.1% logz-ratio=43.72+/-0.07 dlogz:3.545>0.1]
98509it [9:40:02 bound:1406 nc:2050 ncall:1.1e+08 eff:0.1% logz-ratio=43.73+/-0.07 dlogz:3.504>0.1]
98627it [9:41:11 bound:1408 nc:4560 ncall:1.1e+08 eff:0.1% logz-ratio=43.75+/-0.07 dlogz:3.464>0.1]
98744it [9:42:22 bound:1410 nc:2446 ncall:1.1e+08 eff:0.1% logz-ratio=43.76+/-0.07 dlogz:3.425>0.1]
98868it [9:43:32 bound:1412 nc:2022 ncall:1.1e+08 eff:0.1% logz-ratio=43.77+/-0.07 dlogz:3.383>0.1]
98990it [9:44:43 bound:1414 nc:1854 ncall:1.1e+08 eff:0.1% logz-ratio=43.78+/-0.07 dlogz:3.342>0.1]
99101it [9:45:54 bound:1416 nc:2441 ncall:1.1e+08 eff:0.1% logz-ratio=43.80+/-0.07 dlogz:3.305>0.1]
99217it [9:47:05 bound:1418 nc:2264 ncall:1.1e+08 eff:0.1% logz-ratio=43.81+/-0.07 dlogz:3.267>0.1]
99337it [9:48:14 bound:1420 nc:2160 ncall:1.1e+08 eff:0.1% logz-ratio=43.82+/-0.07 dlogz:3.227>0.1]
99448it [9:49:24 bound:1422 nc:7945 ncall:1.1e+08 eff:0.1% logz-ratio=43.83+/-0.07 dlogz:3.191>0.1]
99565it [9:50:36 bound:1424 nc:2708 ncall:1.1e+08 eff:0.1% logz-ratio=43.84+/-0.07 dlogz:3.152>0.1]
99679it [9:51:49 bound:1426 nc:2381 ncall:1.1e+08 eff:0.1% logz-ratio=43.85+/-0.07 dlogz:3.115>0.1]
99796it [9:52:58 bound:1428 nc:2613 ncall:1.1e+08 eff:0.1% logz-ratio=43.86+/-0.07 dlogz:3.077>0.1]
99910it [9:54:09 bound:1430 nc:2560 ncall:1.1e+08 eff:0.1% logz-ratio=43.87+/-0.07 dlogz:3.040>0.1]
100029it [9:55:20 bound:1432 nc:1653 ncall:1.1e+08 eff:0.1% logz-ratio=43.89+/-0.07 dlogz:3.002>0.1]
100144it [9:56:33 bound:1434 nc:2701 ncall:1.1e+08 eff:0.1% logz-ratio=43.90+/-0.07 dlogz:2.965>0.1]
100255it [9:57:42 bound:1436 nc:1785 ncall:1.1e+08 eff:0.1% logz-ratio=43.91+/-0.07 dlogz:2.930>0.1]
100375it [9:58:54 bound:1438 nc:2227 ncall:1.1e+08 eff:0.1% logz-ratio=43.92+/-0.07 dlogz:2.892>0.1]
100492it [10:00:05 bound:1440 nc:2035 ncall:1.1e+08 eff:0.1% logz-ratio=43.93+/-0.07 dlogz:2.855>0.1]
100606it [10:01:16 bound:1442 nc:7379 ncall:1.1e+08 eff:0.1% logz-ratio=43.94+/-0.07 dlogz:2.819>0.1]
100723it [10:02:25 bound:1444 nc:2380 ncall:1.1e+08 eff:0.1% logz-ratio=43.95+/-0.07 dlogz:2.782>0.1]
100840it [10:03:37 bound:1446 nc:2361 ncall:1.1e+08 eff:0.1% logz-ratio=43.96+/-0.07 dlogz:2.746>0.1]
100956it [10:04:49 bound:1448 nc:2326 ncall:1.1e+08 eff:0.1% logz-ratio=43.97+/-0.07 dlogz:2.710>0.1]
101024it [10:06:36 bound:1449 nc:2565 ncall:1.1e+08 eff:0.1% logz-ratio=43.98+/-0.07 dlogz:2.689>0.1]
101128it [10:07:48 bound:1451 nc:2722 ncall:1.1e+08 eff:0.1% logz-ratio=43.98+/-0.07 dlogz:2.657>0.1]
101244it [10:09:01 bound:1453 nc:2443 ncall:1.1e+08 eff:0.1% logz-ratio=43.99+/-0.07 dlogz:2.622>0.1]
101358it [10:10:15 bound:1455 nc:2635 ncall:1.1e+08 eff:0.1% logz-ratio=44.00+/-0.07 dlogz:2.588>0.1]
101482it [10:11:25 bound:1457 nc:2779 ncall:1.1e+08 eff:0.1% logz-ratio=44.01+/-0.07 dlogz:2.550>0.1]
101604it [10:12:35 bound:1459 nc:2460 ncall:1.1e+08 eff:0.1% logz-ratio=44.02+/-0.07 dlogz:2.514>0.1]
101723it [10:13:47 bound:1461 nc:1903 ncall:1.1e+08 eff:0.1% logz-ratio=44.03+/-0.07 dlogz:2.478>0.1]
101840it [10:14:55 bound:1463 nc:2342 ncall:1.1e+08 eff:0.1% logz-ratio=44.04+/-0.07 dlogz:2.444>0.1]
101950it [10:16:07 bound:1465 nc:1509 ncall:1.1e+08 eff:0.1% logz-ratio=44.05+/-0.07 dlogz:2.411>0.1]
102061it [10:17:17 bound:1467 nc:1638 ncall:1.1e+08 eff:0.1% logz-ratio=44.06+/-0.07 dlogz:2.700>0.1]
102177it [10:18:29 bound:1469 nc:2447 ncall:1.1e+08 eff:0.1% logz-ratio=44.07+/-0.07 dlogz:2.666>0.1]
102295it [10:19:42 bound:1471 nc:2214 ncall:1.2e+08 eff:0.1% logz-ratio=44.08+/-0.07 dlogz:2.631>0.1]
102409it [10:20:54 bound:1473 nc:1689 ncall:1.2e+08 eff:0.1% logz-ratio=44.09+/-0.07 dlogz:2.597>0.1]
102523it [10:22:06 bound:1475 nc:2907 ncall:1.2e+08 eff:0.1% logz-ratio=44.09+/-0.07 dlogz:2.563>0.1]
102642it [10:23:16 bound:1477 nc:7761 ncall:1.2e+08 eff:0.1% logz-ratio=44.10+/-0.07 dlogz:2.528>0.1]
102764it [10:24:28 bound:1479 nc:1430 ncall:1.2e+08 eff:0.1% logz-ratio=44.11+/-0.07 dlogz:2.493>0.1]
102879it [10:25:41 bound:1481 nc:2426 ncall:1.2e+08 eff:0.1% logz-ratio=44.12+/-0.07 dlogz:2.460>0.1]
102997it [10:26:55 bound:1483 nc:2650 ncall:1.2e+08 eff:0.1% logz-ratio=44.13+/-0.07 dlogz:2.426>0.1]
103115it [10:28:07 bound:1485 nc:2237 ncall:1.2e+08 eff:0.1% logz-ratio=44.14+/-0.07 dlogz:2.392>0.1]
103229it [10:29:21 bound:1487 nc:4276 ncall:1.2e+08 eff:0.1% logz-ratio=44.14+/-0.07 dlogz:2.360>0.1]
103346it [10:30:33 bound:1489 nc:2820 ncall:1.2e+08 eff:0.1% logz-ratio=44.15+/-0.07 dlogz:2.327>0.1]
103464it [10:31:46 bound:1491 nc:5352 ncall:1.2e+08 eff:0.1% logz-ratio=44.16+/-0.07 dlogz:2.294>0.1]
103574it [10:33:01 bound:1493 nc:2021 ncall:1.2e+08 eff:0.1% logz-ratio=44.17+/-0.07 dlogz:2.263>0.1]
103687it [10:34:12 bound:1495 nc:2518 ncall:1.2e+08 eff:0.1% logz-ratio=44.17+/-0.07 dlogz:2.232>0.1]
103800it [10:35:25 bound:1497 nc:2262 ncall:1.2e+08 eff:0.1% logz-ratio=44.18+/-0.07 dlogz:2.201>0.1]
103919it [10:36:36 bound:1499 nc:1984 ncall:1.2e+08 eff:0.1% logz-ratio=44.19+/-0.07 dlogz:2.168>0.1]
104030it [10:37:49 bound:1501 nc:9188 ncall:1.2e+08 eff:0.1% logz-ratio=44.20+/-0.07 dlogz:2.138>0.1]
104143it [10:39:03 bound:1503 nc:5037 ncall:1.2e+08 eff:0.1% logz-ratio=44.20+/-0.07 dlogz:2.107>0.1]
104263it [10:40:14 bound:1505 nc:2036 ncall:1.2e+08 eff:0.1% logz-ratio=44.21+/-0.07 dlogz:2.075>0.1]
104379it [10:41:27 bound:1507 nc:5048 ncall:1.2e+08 eff:0.1% logz-ratio=44.22+/-0.07 dlogz:2.044>0.1]
104492it [10:42:39 bound:1509 nc:2378 ncall:1.2e+08 eff:0.1% logz-ratio=44.23+/-0.07 dlogz:2.014>0.1]
104607it [10:43:50 bound:1511 nc:2731 ncall:1.2e+08 eff:0.1% logz-ratio=44.23+/-0.07 dlogz:1.984>0.1]
104717it [10:45:01 bound:1513 nc:2464 ncall:1.2e+08 eff:0.1% logz-ratio=44.24+/-0.07 dlogz:1.955>0.1]
104834it [10:46:15 bound:1515 nc:2066 ncall:1.2e+08 eff:0.1% logz-ratio=44.25+/-0.07 dlogz:1.925>0.1]
104954it [10:47:27 bound:1517 nc:2820 ncall:1.2e+08 eff:0.1% logz-ratio=44.25+/-0.07 dlogz:1.894>0.1]
105060it [10:48:42 bound:1519 nc:5408 ncall:1.2e+08 eff:0.1% logz-ratio=44.26+/-0.07 dlogz:1.867>0.1]
105171it [10:49:52 bound:1521 nc:2506 ncall:1.2e+08 eff:0.1% logz-ratio=44.26+/-0.07 dlogz:1.839>0.1]
105283it [10:51:07 bound:1523 nc:2344 ncall:1.2e+08 eff:0.1% logz-ratio=44.27+/-0.07 dlogz:1.843>0.1]
105405it [10:52:22 bound:1525 nc:2167 ncall:1.2e+08 eff:0.1% logz-ratio=44.28+/-0.07 dlogz:1.812>0.1]
105518it [10:53:36 bound:1527 nc:1698 ncall:1.2e+08 eff:0.1% logz-ratio=44.28+/-0.07 dlogz:1.784>0.1]
105639it [10:54:51 bound:1529 nc:4394 ncall:1.2e+08 eff:0.1% logz-ratio=44.29+/-0.07 dlogz:1.754>0.1]
105755it [10:56:04 bound:1531 nc:2886 ncall:1.2e+08 eff:0.1% logz-ratio=44.30+/-0.07 dlogz:1.726>0.1]
105870it [10:57:19 bound:1533 nc:2391 ncall:1.2e+08 eff:0.1% logz-ratio=44.30+/-0.07 dlogz:1.698>0.1]
105979it [10:58:32 bound:1535 nc:2597 ncall:1.2e+08 eff:0.1% logz-ratio=44.31+/-0.07 dlogz:1.672>0.1]
106093it [10:59:44 bound:1537 nc:2526 ncall:1.3e+08 eff:0.1% logz-ratio=44.31+/-0.07 dlogz:1.645>0.1]
106212it [11:00:57 bound:1539 nc:2261 ncall:1.3e+08 eff:0.1% logz-ratio=44.32+/-0.07 dlogz:1.616>0.1]
106324it [11:02:11 bound:1541 nc:2639 ncall:1.3e+08 eff:0.1% logz-ratio=44.32+/-0.07 dlogz:1.590>0.1]
106445it [11:03:25 bound:1543 nc:2937 ncall:1.3e+08 eff:0.1% logz-ratio=44.33+/-0.07 dlogz:1.562>0.1]
106564it [11:04:39 bound:1545 nc:2369 ncall:1.3e+08 eff:0.1% logz-ratio=44.34+/-0.07 dlogz:1.535>0.1]
106680it [11:05:53 bound:1547 nc:2417 ncall:1.3e+08 eff:0.1% logz-ratio=44.34+/-0.07 dlogz:1.508>0.1]
106743it [11:07:44 bound:1548 nc:2192 ncall:1.3e+08 eff:0.1% logz-ratio=44.34+/-0.07 dlogz:1.494>0.1]
106849it [11:08:59 bound:1550 nc:2605 ncall:1.3e+08 eff:0.1% logz-ratio=44.35+/-0.07 dlogz:1.470>0.1]
106961it [11:10:11 bound:1552 nc:2553 ncall:1.3e+08 eff:0.1% logz-ratio=44.35+/-0.07 dlogz:1.446>0.1]
107079it [11:11:26 bound:1554 nc:2368 ncall:1.3e+08 eff:0.1% logz-ratio=44.36+/-0.07 dlogz:1.420>0.1]
107189it [11:12:40 bound:1556 nc:2392 ncall:1.3e+08 eff:0.1% logz-ratio=44.36+/-0.07 dlogz:1.396>0.1]
107308it [11:13:54 bound:1558 nc:2248 ncall:1.3e+08 eff:0.1% logz-ratio=44.37+/-0.07 dlogz:1.370>0.1]
107422it [11:15:08 bound:1560 nc:2403 ncall:1.3e+08 eff:0.1% logz-ratio=44.37+/-0.07 dlogz:1.346>0.1]
107542it [11:16:24 bound:1562 nc:2314 ncall:1.3e+08 eff:0.1% logz-ratio=44.38+/-0.07 dlogz:1.321>0.1]
107658it [11:17:37 bound:1564 nc:2771 ncall:1.3e+08 eff:0.1% logz-ratio=44.38+/-0.07 dlogz:1.296>0.1]
107770it [11:18:50 bound:1566 nc:2518 ncall:1.3e+08 eff:0.1% logz-ratio=44.39+/-0.07 dlogz:1.273>0.1]
107886it [11:20:05 bound:1568 nc:5641 ncall:1.3e+08 eff:0.1% logz-ratio=44.39+/-0.07 dlogz:1.250>0.1]
107997it [11:21:21 bound:1570 nc:5482 ncall:1.3e+08 eff:0.1% logz-ratio=44.40+/-0.07 dlogz:1.227>0.1]
108115it [11:22:35 bound:1572 nc:2487 ncall:1.3e+08 eff:0.1% logz-ratio=44.40+/-0.07 dlogz:1.204>0.1]
108220it [11:23:51 bound:1574 nc:1905 ncall:1.3e+08 eff:0.1% logz-ratio=44.41+/-0.07 dlogz:1.183>0.1]
108341it [11:25:06 bound:1576 nc:4820 ncall:1.3e+08 eff:0.1% logz-ratio=44.41+/-0.07 dlogz:1.159>0.1]
108454it [11:26:22 bound:1578 nc:2216 ncall:1.3e+08 eff:0.1% logz-ratio=44.42+/-0.07 dlogz:1.138>0.1]
108576it [11:27:37 bound:1580 nc:2923 ncall:1.3e+08 eff:0.1% logz-ratio=44.42+/-0.07 dlogz:1.115>0.1]
108688it [11:28:55 bound:1582 nc:2633 ncall:1.3e+08 eff:0.1% logz-ratio=44.42+/-0.07 dlogz:1.094>0.1]
108802it [11:30:09 bound:1584 nc:2890 ncall:1.3e+08 eff:0.1% logz-ratio=44.43+/-0.07 dlogz:1.072>0.1]
108918it [11:31:23 bound:1586 nc:2467 ncall:1.3e+08 eff:0.1% logz-ratio=44.43+/-0.07 dlogz:1.051>0.1]
109039it [11:32:38 bound:1588 nc:2088 ncall:1.3e+08 eff:0.1% logz-ratio=44.44+/-0.07 dlogz:1.029>0.1]
109157it [11:33:51 bound:1590 nc:2603 ncall:1.3e+08 eff:0.1% logz-ratio=44.44+/-0.07 dlogz:1.008>0.1]
109274it [11:35:08 bound:1592 nc:1979 ncall:1.3e+08 eff:0.1% logz-ratio=44.44+/-0.07 dlogz:0.988>0.1]
109393it [11:36:24 bound:1594 nc:2814 ncall:1.3e+08 eff:0.1% logz-ratio=44.45+/-0.07 dlogz:0.990>0.1]
109507it [11:37:40 bound:1596 nc:2199 ncall:1.3e+08 eff:0.1% logz-ratio=44.45+/-0.07 dlogz:1.154>0.1]
109622it [11:38:56 bound:1598 nc:2091 ncall:1.3e+08 eff:0.1% logz-ratio=44.46+/-0.07 dlogz:1.132>0.1]
109738it [11:40:13 bound:1600 nc:2565 ncall:1.4e+08 eff:0.1% logz-ratio=44.46+/-0.07 dlogz:1.110>0.1]
109855it [11:41:30 bound:1602 nc:5696 ncall:1.4e+08 eff:0.1% logz-ratio=44.46+/-0.07 dlogz:1.089>0.1]
109971it [11:42:46 bound:1604 nc:2659 ncall:1.4e+08 eff:0.1% logz-ratio=44.47+/-0.07 dlogz:1.068>0.1]
110086it [11:44:02 bound:1606 nc:2258 ncall:1.4e+08 eff:0.1% logz-ratio=44.47+/-0.07 dlogz:1.047>0.1]
110207it [11:45:18 bound:1608 nc:2341 ncall:1.4e+08 eff:0.1% logz-ratio=44.47+/-0.07 dlogz:1.026>0.1]
110319it [11:46:34 bound:1610 nc:5350 ncall:1.4e+08 eff:0.1% logz-ratio=44.48+/-0.07 dlogz:1.006>0.1]
110435it [11:47:50 bound:1612 nc:4731 ncall:1.4e+08 eff:0.1% logz-ratio=44.48+/-0.07 dlogz:0.986>0.1]
110545it [11:49:06 bound:1614 nc:2587 ncall:1.4e+08 eff:0.1% logz-ratio=44.48+/-0.07 dlogz:0.967>0.1]
110664it [11:50:25 bound:1616 nc:2566 ncall:1.4e+08 eff:0.1% logz-ratio=44.49+/-0.07 dlogz:0.947>0.1]
110782it [11:51:40 bound:1618 nc:5281 ncall:1.4e+08 eff:0.1% logz-ratio=44.49+/-0.07 dlogz:0.928>0.1]
110897it [11:52:55 bound:1620 nc:2683 ncall:1.4e+08 eff:0.1% logz-ratio=44.49+/-0.07 dlogz:0.909>0.1]
111014it [11:54:12 bound:1622 nc:4909 ncall:1.4e+08 eff:0.1% logz-ratio=44.50+/-0.07 dlogz:0.890>0.1]
111130it [11:55:30 bound:1624 nc:5431 ncall:1.4e+08 eff:0.1% logz-ratio=44.50+/-0.07 dlogz:0.872>0.1]
111245it [11:56:51 bound:1626 nc:2637 ncall:1.4e+08 eff:0.1% logz-ratio=44.50+/-0.07 dlogz:0.854>0.1]
111355it [11:58:10 bound:1628 nc:5632 ncall:1.4e+08 eff:0.1% logz-ratio=44.51+/-0.07 dlogz:0.837>0.1]
111470it [11:59:28 bound:1630 nc:2569 ncall:1.4e+08 eff:0.1% logz-ratio=44.51+/-0.07 dlogz:0.820>0.1]
111593it [12:00:46 bound:1632 nc:3031 ncall:1.4e+08 eff:0.1% logz-ratio=44.51+/-0.07 dlogz:0.801>0.1]
111705it [12:02:03 bound:1634 nc:2494 ncall:1.4e+08 eff:0.1% logz-ratio=44.51+/-0.07 dlogz:0.785>0.1]
111825it [12:03:21 bound:1636 nc:2701 ncall:1.4e+08 eff:0.1% logz-ratio=44.52+/-0.07 dlogz:0.767>0.1]
111940it [12:04:37 bound:1638 nc:2898 ncall:1.4e+08 eff:0.1% logz-ratio=44.52+/-0.07 dlogz:0.751>0.1]
112061it [12:05:53 bound:1640 nc:2285 ncall:1.4e+08 eff:0.1% logz-ratio=44.52+/-0.07 dlogz:0.734>0.1]
112179it [12:07:07 bound:1642 nc:2455 ncall:1.4e+08 eff:0.1% logz-ratio=44.53+/-0.07 dlogz:0.718>0.1]
112180it [12:08:29 bound:1642 nc:3125 ncall:1.4e+08 eff:0.1% logz-ratio=44.53+/-0.07 dlogz:0.718>0.1]
112290it [12:09:45 bound:1644 nc:2705 ncall:1.4e+08 eff:0.1% logz-ratio=44.53+/-0.07 dlogz:0.703>0.1]
112405it [12:11:03 bound:1646 nc:3019 ncall:1.4e+08 eff:0.1% logz-ratio=44.53+/-0.07 dlogz:0.687>0.1]
112513it [12:12:22 bound:1648 nc:2696 ncall:1.4e+08 eff:0.1% logz-ratio=44.53+/-0.07 dlogz:0.673>0.1]
112630it [12:13:41 bound:1650 nc:3018 ncall:1.4e+08 eff:0.1% logz-ratio=44.54+/-0.07 dlogz:0.658>0.1]
112749it [12:14:58 bound:1652 nc:2860 ncall:1.4e+08 eff:0.1% logz-ratio=44.54+/-0.07 dlogz:0.706>0.1]
112867it [12:16:17 bound:1654 nc:2489 ncall:1.4e+08 eff:0.1% logz-ratio=44.54+/-0.07 dlogz:0.691>0.1]
112983it [12:17:37 bound:1656 nc:2951 ncall:1.4e+08 eff:0.1% logz-ratio=44.54+/-0.07 dlogz:0.675>0.1]
113098it [12:18:58 bound:1658 nc:3120 ncall:1.4e+08 eff:0.1% logz-ratio=44.55+/-0.07 dlogz:0.661>0.1]
113217it [12:20:18 bound:1660 nc:3037 ncall:1.5e+08 eff:0.1% logz-ratio=44.55+/-0.07 dlogz:0.646>0.1]
113328it [12:21:36 bound:1662 nc:3163 ncall:1.5e+08 eff:0.1% logz-ratio=44.55+/-0.07 dlogz:0.632>0.1]
113444it [12:22:56 bound:1664 nc:2479 ncall:1.5e+08 eff:0.1% logz-ratio=44.55+/-0.07 dlogz:0.618>0.1]
113557it [12:24:15 bound:1666 nc:2046 ncall:1.5e+08 eff:0.1% logz-ratio=44.55+/-0.07 dlogz:0.604>0.1]
113672it [12:25:36 bound:1668 nc:2877 ncall:1.5e+08 eff:0.1% logz-ratio=44.56+/-0.07 dlogz:0.590>0.1]
113793it [12:26:53 bound:1670 nc:2878 ncall:1.5e+08 eff:0.1% logz-ratio=44.56+/-0.07 dlogz:0.576>0.1]
113911it [12:28:10 bound:1672 nc:2794 ncall:1.5e+08 eff:0.1% logz-ratio=44.56+/-0.07 dlogz:0.563>0.1]
114020it [12:29:30 bound:1674 nc:3019 ncall:1.5e+08 eff:0.1% logz-ratio=44.56+/-0.07 dlogz:0.551>0.1]
114137it [12:30:48 bound:1676 nc:2244 ncall:1.5e+08 eff:0.1% logz-ratio=44.57+/-0.07 dlogz:0.538>0.1]
114249it [12:32:05 bound:1678 nc:2946 ncall:1.5e+08 eff:0.1% logz-ratio=44.57+/-0.07 dlogz:0.526>0.1]
114365it [12:33:25 bound:1680 nc:2973 ncall:1.5e+08 eff:0.1% logz-ratio=44.57+/-0.07 dlogz:0.513>0.1]
114480it [12:34:44 bound:1682 nc:3157 ncall:1.5e+08 eff:0.1% logz-ratio=44.57+/-0.07 dlogz:0.501>0.1]
114604it [12:36:03 bound:1684 nc:1878 ncall:1.5e+08 eff:0.1% logz-ratio=44.57+/-0.07 dlogz:0.489>0.1]
114719it [12:37:23 bound:1686 nc:5141 ncall:1.5e+08 eff:0.1% logz-ratio=44.58+/-0.07 dlogz:0.477>0.1]
114837it [12:38:44 bound:1688 nc:2776 ncall:1.5e+08 eff:0.1% logz-ratio=44.58+/-0.07 dlogz:0.466>0.1]
114948it [12:40:05 bound:1690 nc:5495 ncall:1.5e+08 eff:0.1% logz-ratio=44.58+/-0.07 dlogz:0.455>0.1]
115065it [12:41:25 bound:1692 nc:2797 ncall:1.5e+08 eff:0.1% logz-ratio=44.58+/-0.07 dlogz:0.444>0.1]
115182it [12:42:45 bound:1694 nc:5630 ncall:1.5e+08 eff:0.1% logz-ratio=44.58+/-0.07 dlogz:0.433>0.1]
115300it [12:44:05 bound:1696 nc:2818 ncall:1.5e+08 eff:0.1% logz-ratio=44.58+/-0.07 dlogz:0.423>0.1]
115417it [12:45:25 bound:1698 nc:2805 ncall:1.5e+08 eff:0.1% logz-ratio=44.59+/-0.07 dlogz:0.412>0.1]
115533it [12:46:45 bound:1700 nc:2460 ncall:1.5e+08 eff:0.1% logz-ratio=44.59+/-0.07 dlogz:0.402>0.1]
115647it [12:48:06 bound:1702 nc:2428 ncall:1.5e+08 eff:0.1% logz-ratio=44.59+/-0.07 dlogz:0.393>0.1]
115766it [12:49:26 bound:1704 nc:2630 ncall:1.5e+08 eff:0.1% logz-ratio=44.59+/-0.07 dlogz:0.383>0.1]
115879it [12:50:46 bound:1706 nc:2699 ncall:1.5e+08 eff:0.1% logz-ratio=44.59+/-0.07 dlogz:0.374>0.1]
115995it [12:52:07 bound:1708 nc:2869 ncall:1.5e+08 eff:0.1% logz-ratio=44.59+/-0.07 dlogz:0.364>0.1]
116107it [12:53:28 bound:1710 nc:5827 ncall:1.5e+08 eff:0.1% logz-ratio=44.60+/-0.07 dlogz:0.356>0.1]
116219it [12:54:49 bound:1712 nc:3064 ncall:1.5e+08 eff:0.1% logz-ratio=44.60+/-0.07 dlogz:0.347>0.1]
116335it [12:56:11 bound:1714 nc:2482 ncall:1.5e+08 eff:0.1% logz-ratio=44.60+/-0.07 dlogz:0.339>0.1]
116451it [12:57:32 bound:1716 nc:5311 ncall:1.6e+08 eff:0.1% logz-ratio=44.60+/-0.07 dlogz:0.330>0.1]
116570it [12:58:51 bound:1718 nc:2843 ncall:1.6e+08 eff:0.1% logz-ratio=44.60+/-0.07 dlogz:0.366>0.1]
116688it [13:00:13 bound:1720 nc:3023 ncall:1.6e+08 eff:0.1% logz-ratio=44.60+/-0.07 dlogz:0.357>0.1]
116797it [13:01:36 bound:1722 nc:2744 ncall:1.6e+08 eff:0.1% logz-ratio=44.60+/-0.07 dlogz:0.349>0.1]
116914it [13:03:00 bound:1724 nc:3099 ncall:1.6e+08 eff:0.1% logz-ratio=44.61+/-0.07 dlogz:0.340>0.1]
117035it [13:04:23 bound:1726 nc:2908 ncall:1.6e+08 eff:0.1% logz-ratio=44.61+/-0.07 dlogz:0.331>0.1]
117156it [13:05:46 bound:1728 nc:3156 ncall:1.6e+08 eff:0.1% logz-ratio=44.61+/-0.07 dlogz:0.322>0.1]
117273it [13:07:10 bound:1730 nc:3219 ncall:1.6e+08 eff:0.1% logz-ratio=44.61+/-0.07 dlogz:0.314>0.1]
117341it [13:09:14 bound:1731 nc:5536 ncall:1.6e+08 eff:0.1% logz-ratio=44.61+/-0.07 dlogz:0.310>0.1]
117452it [13:10:35 bound:1733 nc:3020 ncall:1.6e+08 eff:0.1% logz-ratio=44.61+/-0.07 dlogz:0.302>0.1]
117572it [13:12:00 bound:1735 nc:3198 ncall:1.6e+08 eff:0.1% logz-ratio=44.61+/-0.07 dlogz:0.294>0.1]
117688it [13:13:23 bound:1737 nc:2934 ncall:1.6e+08 eff:0.1% logz-ratio=44.61+/-0.07 dlogz:0.287>0.1]
117806it [13:14:46 bound:1739 nc:3171 ncall:1.6e+08 eff:0.1% logz-ratio=44.62+/-0.07 dlogz:0.279>0.1]
117925it [13:16:10 bound:1741 nc:3121 ncall:1.6e+08 eff:0.1% logz-ratio=44.62+/-0.07 dlogz:0.272>0.1]
118042it [13:17:34 bound:1743 nc:1961 ncall:1.6e+08 eff:0.1% logz-ratio=44.62+/-0.07 dlogz:0.265>0.1]
118159it [13:18:58 bound:1745 nc:3377 ncall:1.6e+08 eff:0.1% logz-ratio=44.62+/-0.07 dlogz:0.258>0.1]
118278it [13:20:22 bound:1747 nc:3027 ncall:1.6e+08 eff:0.1% logz-ratio=44.62+/-0.07 dlogz:0.252>0.1]
118396it [13:21:48 bound:1749 nc:6475 ncall:1.6e+08 eff:0.1% logz-ratio=44.62+/-0.07 dlogz:0.245>0.1]
118515it [13:23:15 bound:1751 nc:2842 ncall:1.6e+08 eff:0.1% logz-ratio=44.62+/-0.07 dlogz:0.238>0.1]
118634it [13:24:39 bound:1753 nc:2956 ncall:1.6e+08 eff:0.1% logz-ratio=44.62+/-0.07 dlogz:0.232>0.1]
118746it [13:26:03 bound:1755 nc:5656 ncall:1.6e+08 eff:0.1% logz-ratio=44.62+/-0.07 dlogz:0.226>0.1]
118862it [13:27:27 bound:1757 nc:2283 ncall:1.6e+08 eff:0.1% logz-ratio=44.63+/-0.07 dlogz:0.220>0.1]
118978it [13:28:52 bound:1759 nc:2573 ncall:1.6e+08 eff:0.1% logz-ratio=44.63+/-0.07 dlogz:0.215>0.1]
119100it [13:30:17 bound:1761 nc:4979 ncall:1.6e+08 eff:0.1% logz-ratio=44.63+/-0.07 dlogz:0.209>0.1]
119219it [13:31:42 bound:1763 nc:3321 ncall:1.6e+08 eff:0.1% logz-ratio=44.63+/-0.07 dlogz:0.203>0.1]
119334it [13:33:11 bound:1765 nc:3158 ncall:1.6e+08 eff:0.1% logz-ratio=44.63+/-0.07 dlogz:0.198>0.1]
119447it [13:34:36 bound:1767 nc:2645 ncall:1.6e+08 eff:0.1% logz-ratio=44.63+/-0.07 dlogz:0.193>0.1]
119564it [13:36:02 bound:1769 nc:3326 ncall:1.6e+08 eff:0.1% logz-ratio=44.63+/-0.07 dlogz:0.188>0.1]
119683it [13:37:28 bound:1771 nc:3159 ncall:1.7e+08 eff:0.1% logz-ratio=44.63+/-0.07 dlogz:0.183>0.1]
119799it [13:38:56 bound:1773 nc:2191 ncall:1.7e+08 eff:0.1% logz-ratio=44.63+/-0.07 dlogz:0.178>0.1]
119913it [13:40:23 bound:1775 nc:3214 ncall:1.7e+08 eff:0.1% logz-ratio=44.63+/-0.07 dlogz:0.173>0.1]
120025it [13:41:51 bound:1777 nc:2198 ncall:1.7e+08 eff:0.1% logz-ratio=44.64+/-0.07 dlogz:0.169>0.1]
120136it [13:43:16 bound:1779 nc:2758 ncall:1.7e+08 eff:0.1% logz-ratio=44.64+/-0.07 dlogz:0.165>0.1]
120252it [13:44:42 bound:1781 nc:3173 ncall:1.7e+08 eff:0.1% logz-ratio=44.64+/-0.07 dlogz:0.160>0.1]
120368it [13:46:09 bound:1783 nc:6524 ncall:1.7e+08 eff:0.1% logz-ratio=44.64+/-0.07 dlogz:0.156>0.1]
120484it [13:47:37 bound:1785 nc:3110 ncall:1.7e+08 eff:0.1% logz-ratio=44.64+/-0.07 dlogz:0.152>0.1]
120597it [13:49:04 bound:1787 nc:2346 ncall:1.7e+08 eff:0.1% logz-ratio=44.64+/-0.07 dlogz:0.171>0.1]
120712it [13:50:30 bound:1789 nc:2999 ncall:1.7e+08 eff:0.1% logz-ratio=44.64+/-0.07 dlogz:0.167>0.1]
120832it [13:52:00 bound:1791 nc:3383 ncall:1.7e+08 eff:0.1% logz-ratio=44.64+/-0.07 dlogz:0.162>0.1]
120952it [13:53:28 bound:1793 nc:2802 ncall:1.7e+08 eff:0.1% logz-ratio=44.64+/-0.07 dlogz:0.158>0.1]
121066it [13:54:54 bound:1795 nc:6821 ncall:1.7e+08 eff:0.1% logz-ratio=44.64+/-0.07 dlogz:0.154>0.1]
121178it [13:56:20 bound:1797 nc:3410 ncall:1.7e+08 eff:0.1% logz-ratio=44.64+/-0.07 dlogz:0.150>0.1]
121292it [13:57:49 bound:1799 nc:2749 ncall:1.7e+08 eff:0.1% logz-ratio=44.64+/-0.07 dlogz:0.146>0.1]
121407it [13:59:20 bound:1801 nc:3195 ncall:1.7e+08 eff:0.1% logz-ratio=44.64+/-0.07 dlogz:0.142>0.1]
121525it [14:00:49 bound:1803 nc:3482 ncall:1.7e+08 eff:0.1% logz-ratio=44.65+/-0.07 dlogz:0.138>0.1]
121644it [14:02:19 bound:1805 nc:2915 ncall:1.7e+08 eff:0.1% logz-ratio=44.65+/-0.07 dlogz:0.134>0.1]
121764it [14:03:47 bound:1807 nc:3076 ncall:1.7e+08 eff:0.1% logz-ratio=44.65+/-0.07 dlogz:0.130>0.1]
121884it [14:05:16 bound:1809 nc:2334 ncall:1.7e+08 eff:0.1% logz-ratio=44.65+/-0.07 dlogz:0.127>0.1]
121996it [14:06:45 bound:1811 nc:3389 ncall:1.7e+08 eff:0.1% logz-ratio=44.65+/-0.07 dlogz:0.124>0.1]
122112it [14:08:13 bound:1813 nc:5964 ncall:1.7e+08 eff:0.1% logz-ratio=44.65+/-0.07 dlogz:0.120>0.1]
122176it [14:10:24 bound:1814 nc:3343 ncall:1.7e+08 eff:0.1% logz-ratio=44.65+/-0.07 dlogz:0.118>0.1]
122285it [14:11:52 bound:1816 nc:1985 ncall:1.7e+08 eff:0.1% logz-ratio=44.65+/-0.07 dlogz:0.115>0.1]
122403it [14:13:21 bound:1818 nc:3506 ncall:1.7e+08 eff:0.1% logz-ratio=44.65+/-0.07 dlogz:0.112>0.1]
122524it [14:14:52 bound:1820 nc:3538 ncall:1.7e+08 eff:0.1% logz-ratio=44.65+/-0.07 dlogz:0.109>0.1]
122638it [14:16:22 bound:1822 nc:2867 ncall:1.8e+08 eff:0.1% logz-ratio=44.65+/-0.07 dlogz:0.106>0.1]
122756it [14:17:55 bound:1824 nc:2577 ncall:1.8e+08 eff:0.1% logz-ratio=44.65+/-0.07 dlogz:0.103>0.1]
122871it [14:19:29 bound:1826 nc:3018 ncall:1.8e+08 eff:0.1% logz-ratio=44.65+/-0.07 dlogz:0.101>0.1]
At this point, we cannot create a float from 0        1.903420
1        1.944280
2        1.935671
3        1.928201
4        1.900002
           ...   
23514    1.920835
23515    1.936832
23516    1.935549
23517    1.928605
23518    1.927874
Name: chirp_mass_source, Length: 23519, dtype: float64, error: cannot convert the series to <class 'float'>
At this point, we cannot create a float from 0        0.501005
1        0.330408
2        0.361451
3        0.334955
4        0.340024
           ...   
23514    0.395748
23515    0.384067
23516    0.370399
23517    0.374692
23518    0.384021
Name: mass_ratio, Length: 23519, dtype: float64, error: cannot convert the series to <class 'float'>
At this point, we cannot create a float from 0        206.754578
1        529.029968
2        601.822571
3        758.813416
4        578.855957
            ...    
23514    428.177551
23515    423.928223
23516    499.048920
23517    516.669556
23518    462.025208
Name: lambda_2, Length: 23519, dtype: float64, error: cannot convert the series to <class 'float'>
Skipped taking the float value from [4.42597198 3.56803274 4.10443687 ... 4.19298172 4.19856167
 4.22784042], error: only length-1 arrays can be converted to Python scalars
At this point, we cannot create a float from [1.85564959 1.85607594 1.8565023  ... 1.98227679 1.98270315
 1.9831295 ], error: only length-1 arrays can be converted to Python scalars
At this point, we cannot create a float from [0.24909729 0.25037763 0.25165798 ... 0.62935971 0.63064005
 0.6319204 ], error: only length-1 arrays can be converted to Python scalars
At this point, we cannot create a float from [  48.90045929   54.38051996   59.86058062 ... 1676.4784773
 1681.95853797 1687.43859863], error: only length-1 arrays can be converted to Python scalars
Skipped taking the float value from [-42.76843262 -41.8993721  -40.97623062 ... -30.09471512
 -30.18688202 -30.27697754], error: only length-1 arrays can be converted to Python scalars
