self.parameters_ref
{'chirp_mass': 1.1975896, 'symmetric_mass_ratio': 0.24983563445101906, 'a_1': 0.01890608, 'a_2': 0.04888488, 'tilt_1': 0.0, 'tilt_2': 0.0, 'phi_jl': 0.0, 'phi_12': 0.0, 'lambda_1': 100.0, 'lambda_2': 200.0, 'luminosity_distance': 40.06331818, 'phase': 5.88649652, 'theta_jn': 1.93095421, 'psi': 1.59687217, 'ra': 3.39736826, 'dec': -0.34000186, 'mass_ratio': 0.9500000000000001, 'mass_1': 1.4114996506355753, 'mass_2': 1.3409246681037965, 'geocent_time': 1187008882.43, 'duration': 128.0}
8279it [0:00:15 bound:0 nc:  1 ncall:3.0e+04 eff:27.3% logz-ratio=-17.47+/-0.03 dlogz:208.109>0.1]
14638it [0:01:15 bound:0 nc: 28 ncall:1.5e+05 eff:10.1% logz-ratio=-3.85+/-0.03 dlogz:234.805>0.1]
15053it [0:02:17 bound:7 nc:742 ncall:4.1e+05 eff:3.7% logz-ratio=-3.17+/-0.03 dlogz:234.020>0.1]
15432it [0:03:21 bound:13 nc:898 ncall:7.2e+05 eff:2.2% logz-ratio=-2.49+/-0.03 dlogz:233.251>0.1]
15812it [0:04:25 bound:19 nc:798 ncall:1.0e+06 eff:1.5% logz-ratio=-1.80+/-0.03 dlogz:232.465>0.1]
16194it [0:05:26 bound:25 nc:763 ncall:1.3e+06 eff:1.2% logz-ratio=-1.06+/-0.03 dlogz:231.630>0.1]
16639it [0:06:36 bound:32 nc:862 ncall:1.7e+06 eff:1.0% logz-ratio=-0.20+/-0.03 dlogz:230.664>0.1]
17021it [0:07:36 bound:38 nc:958 ncall:2.0e+06 eff:0.9% logz-ratio=0.55+/-0.04 dlogz:229.822>0.1]
17405it [0:08:42 bound:44 nc:790 ncall:2.3e+06 eff:0.8% logz-ratio=1.35+/-0.04 dlogz:228.930>0.1]
17785it [0:09:47 bound:50 nc:827 ncall:2.6e+06 eff:0.7% logz-ratio=2.11+/-0.04 dlogz:228.073>0.1]
18167it [0:10:52 bound:56 nc:716 ncall:3.0e+06 eff:0.6% logz-ratio=2.86+/-0.04 dlogz:227.232>0.1]
18544it [0:11:58 bound:62 nc:775 ncall:3.3e+06 eff:0.6% logz-ratio=3.60+/-0.04 dlogz:226.401>0.1]
18923it [0:13:03 bound:68 nc:767 ncall:3.6e+06 eff:0.5% logz-ratio=4.40+/-0.04 dlogz:225.508>0.1]
19302it [0:14:10 bound:74 nc:1535 ncall:4.0e+06 eff:0.5% logz-ratio=5.22+/-0.04 dlogz:224.595>0.1]
19684it [0:15:19 bound:80 nc:770 ncall:4.3e+06 eff:0.5% logz-ratio=6.04+/-0.04 dlogz:223.680>0.1]
20066it [0:16:28 bound:86 nc:874 ncall:4.6e+06 eff:0.4% logz-ratio=6.89+/-0.04 dlogz:222.742>0.1]
20446it [0:17:37 bound:92 nc:646 ncall:5.0e+06 eff:0.4% logz-ratio=7.72+/-0.04 dlogz:233.068>0.1]
20829it [0:18:47 bound:98 nc:876 ncall:5.3e+06 eff:0.4% logz-ratio=8.59+/-0.04 dlogz:232.109>0.1]
21209it [0:19:57 bound:104 nc:850 ncall:5.6e+06 eff:0.4% logz-ratio=9.47+/-0.04 dlogz:231.134>0.1]
21590it [0:21:05 bound:110 nc:1091 ncall:6.0e+06 eff:0.4% logz-ratio=10.37+/-0.04 dlogz:291.968>0.1]
21971it [0:22:15 bound:116 nc:934 ncall:6.3e+06 eff:0.3% logz-ratio=11.33+/-0.04 dlogz:290.910>0.1]
22351it [0:23:22 bound:122 nc:880 ncall:6.6e+06 eff:0.3% logz-ratio=12.39+/-0.04 dlogz:298.621>0.1]
22728it [0:24:32 bound:128 nc:1039 ncall:7.0e+06 eff:0.3% logz-ratio=13.47+/-0.04 dlogz:297.449>0.1]
23109it [0:25:44 bound:134 nc:870 ncall:7.3e+06 eff:0.3% logz-ratio=14.65+/-0.04 dlogz:296.176>0.1]
23490it [0:26:55 bound:140 nc:879 ncall:7.6e+06 eff:0.3% logz-ratio=15.87+/-0.04 dlogz:294.860>0.1]
23873it [0:28:04 bound:146 nc:981 ncall:8.0e+06 eff:0.3% logz-ratio=17.09+/-0.04 dlogz:293.546>0.1]
24256it [0:29:14 bound:152 nc:985 ncall:8.3e+06 eff:0.3% logz-ratio=18.37+/-0.04 dlogz:292.175>0.1]
24639it [0:30:25 bound:158 nc:698 ncall:8.6e+06 eff:0.3% logz-ratio=19.64+/-0.04 dlogz:290.813>0.1]
25022it [0:31:36 bound:164 nc:988 ncall:9.0e+06 eff:0.3% logz-ratio=21.01+/-0.04 dlogz:289.348>0.1]
25396it [0:32:45 bound:170 nc:797 ncall:9.3e+06 eff:0.3% logz-ratio=22.44+/-0.04 dlogz:330.525>0.1]
25779it [0:33:55 bound:176 nc:778 ncall:9.6e+06 eff:0.3% logz-ratio=24.02+/-0.04 dlogz:328.850>0.1]
26158it [0:35:03 bound:182 nc:1760 ncall:1.0e+07 eff:0.3% logz-ratio=25.67+/-0.04 dlogz:327.107>0.1]
26533it [0:36:12 bound:188 nc:745 ncall:1.0e+07 eff:0.3% logz-ratio=27.37+/-0.05 dlogz:325.315>0.1]
26911it [0:37:21 bound:194 nc:757 ncall:1.1e+07 eff:0.3% logz-ratio=29.22+/-0.05 dlogz:323.373>0.1]
27293it [0:38:32 bound:200 nc:884 ncall:1.1e+07 eff:0.2% logz-ratio=31.15+/-0.05 dlogz:321.356>0.1]
27611it [0:39:33 bound:205 nc:618 ncall:1.1e+07 eff:0.2% logz-ratio=32.68+/-0.05 dlogz:319.741>0.1]
27991it [0:40:44 bound:211 nc:596 ncall:1.2e+07 eff:0.2% logz-ratio=34.73+/-0.05 dlogz:317.598>0.1]
28372it [0:41:55 bound:217 nc:563 ncall:1.2e+07 eff:0.2% logz-ratio=36.93+/-0.05 dlogz:315.308>0.1]
28688it [0:42:58 bound:222 nc:932 ncall:1.2e+07 eff:0.2% logz-ratio=38.76+/-0.05 dlogz:313.402>0.1]
29005it [0:44:01 bound:227 nc:969 ncall:1.2e+07 eff:0.2% logz-ratio=40.50+/-0.05 dlogz:311.581>0.1]
29385it [0:45:10 bound:233 nc:736 ncall:1.3e+07 eff:0.2% logz-ratio=42.74+/-0.05 dlogz:309.248>0.1]
29764it [0:46:20 bound:239 nc:967 ncall:1.3e+07 eff:0.2% logz-ratio=45.03+/-0.05 dlogz:306.866>0.1]
30079it [0:47:20 bound:244 nc:860 ncall:1.3e+07 eff:0.2% logz-ratio=47.13+/-0.05 dlogz:304.697>0.1]
30396it [0:48:22 bound:249 nc:1148 ncall:1.4e+07 eff:0.2% logz-ratio=49.19+/-0.05 dlogz:302.559>0.1]
30712it [0:49:22 bound:254 nc:652 ncall:1.4e+07 eff:0.2% logz-ratio=51.26+/-0.05 dlogz:300.412>0.1]
31095it [0:50:34 bound:260 nc:951 ncall:1.4e+07 eff:0.2% logz-ratio=53.91+/-0.05 dlogz:297.664>0.1]
31477it [0:51:45 bound:266 nc:910 ncall:1.5e+07 eff:0.2% logz-ratio=56.45+/-0.05 dlogz:295.037>0.1]
31858it [0:52:55 bound:272 nc:785 ncall:1.5e+07 eff:0.2% logz-ratio=58.94+/-0.05 dlogz:375.956>0.1]
32241it [0:54:05 bound:278 nc:593 ncall:1.5e+07 eff:0.2% logz-ratio=61.67+/-0.05 dlogz:373.135>0.1]
32621it [0:55:13 bound:284 nc:959 ncall:1.6e+07 eff:0.2% logz-ratio=64.37+/-0.05 dlogz:370.341>0.1]
33002it [0:56:24 bound:290 nc:689 ncall:1.6e+07 eff:0.2% logz-ratio=67.22+/-0.05 dlogz:367.394>0.1]
33320it [0:57:28 bound:295 nc:896 ncall:1.6e+07 eff:0.2% logz-ratio=69.59+/-0.05 dlogz:364.952>0.1]
33639it [0:58:28 bound:300 nc:460 ncall:1.6e+07 eff:0.2% logz-ratio=72.01+/-0.05 dlogz:362.458>0.1]
33954it [0:59:28 bound:305 nc:1301 ncall:1.7e+07 eff:0.2% logz-ratio=74.40+/-0.05 dlogz:359.987>0.1]
34177it [1:00:41 bound:308 nc:699 ncall:1.7e+07 eff:0.2% logz-ratio=76.13+/-0.05 dlogz:358.200>0.1]
34462it [1:01:42 bound:313 nc:694 ncall:1.7e+07 eff:0.2% logz-ratio=78.28+/-0.05 dlogz:355.987>0.1]
34779it [1:02:45 bound:318 nc:762 ncall:1.7e+07 eff:0.2% logz-ratio=80.60+/-0.05 dlogz:353.590>0.1]
35093it [1:03:45 bound:323 nc:503 ncall:1.8e+07 eff:0.2% logz-ratio=82.91+/-0.05 dlogz:351.203>0.1]
35411it [1:04:47 bound:328 nc:787 ncall:1.8e+07 eff:0.2% logz-ratio=85.33+/-0.05 dlogz:348.699>0.1]
35727it [1:05:48 bound:333 nc:1191 ncall:1.8e+07 eff:0.2% logz-ratio=87.84+/-0.05 dlogz:346.112>0.1]
36045it [1:06:50 bound:338 nc:793 ncall:1.8e+07 eff:0.2% logz-ratio=90.56+/-0.05 dlogz:343.315>0.1]
36423it [1:08:01 bound:344 nc:690 ncall:1.9e+07 eff:0.2% logz-ratio=93.65+/-0.05 dlogz:340.133>0.1]
36740it [1:09:03 bound:349 nc:763 ncall:1.9e+07 eff:0.2% logz-ratio=96.26+/-0.05 dlogz:337.443>0.1]
37056it [1:10:05 bound:354 nc:973 ncall:1.9e+07 eff:0.2% logz-ratio=98.95+/-0.05 dlogz:334.675>0.1]
37436it [1:11:20 bound:360 nc:915 ncall:2.0e+07 eff:0.2% logz-ratio=101.99+/-0.05 dlogz:331.552>0.1]
37752it [1:12:22 bound:365 nc:907 ncall:2.0e+07 eff:0.2% logz-ratio=104.56+/-0.05 dlogz:328.899>0.1]
38070it [1:13:27 bound:370 nc:763 ncall:2.0e+07 eff:0.2% logz-ratio=107.12+/-0.05 dlogz:326.266>0.1]
38386it [1:14:28 bound:375 nc:1032 ncall:2.0e+07 eff:0.2% logz-ratio=109.85+/-0.05 dlogz:323.459>0.1]
38701it [1:15:29 bound:380 nc:1283 ncall:2.1e+07 eff:0.2% logz-ratio=112.65+/-0.05 dlogz:320.578>0.1]
39079it [1:16:39 bound:386 nc:656 ncall:2.1e+07 eff:0.2% logz-ratio=116.26+/-0.05 dlogz:316.874>0.1]
39397it [1:17:42 bound:391 nc:551 ncall:2.1e+07 eff:0.2% logz-ratio=119.08+/-0.05 dlogz:313.975>0.1]
39714it [1:18:46 bound:396 nc:862 ncall:2.2e+07 eff:0.2% logz-ratio=122.03+/-0.05 dlogz:310.950>0.1]
40033it [1:19:52 bound:401 nc:833 ncall:2.2e+07 eff:0.2% logz-ratio=124.79+/-0.05 dlogz:321.371>0.1]
40413it [1:21:04 bound:407 nc:549 ncall:2.2e+07 eff:0.2% logz-ratio=128.33+/-0.06 dlogz:317.741>0.1]
40733it [1:22:10 bound:412 nc:1605 ncall:2.2e+07 eff:0.2% logz-ratio=131.07+/-0.06 dlogz:314.912>0.1]
41049it [1:23:12 bound:417 nc:946 ncall:2.3e+07 eff:0.2% logz-ratio=133.66+/-0.06 dlogz:312.245>0.1]
41367it [1:24:16 bound:422 nc:937 ncall:2.3e+07 eff:0.2% logz-ratio=136.49+/-0.06 dlogz:309.346>0.1]
41684it [1:25:17 bound:427 nc:540 ncall:2.3e+07 eff:0.2% logz-ratio=139.47+/-0.06 dlogz:306.286>0.1]
42001it [1:26:21 bound:432 nc:547 ncall:2.3e+07 eff:0.2% logz-ratio=142.46+/-0.06 dlogz:303.217>0.1]
42383it [1:27:32 bound:438 nc:794 ncall:2.4e+07 eff:0.2% logz-ratio=146.01+/-0.06 dlogz:299.571>0.1]
42702it [1:28:38 bound:443 nc:1062 ncall:2.4e+07 eff:0.2% logz-ratio=148.89+/-0.06 dlogz:296.613>0.1]
43020it [1:29:42 bound:448 nc:681 ncall:2.4e+07 eff:0.2% logz-ratio=151.87+/-0.06 dlogz:293.558>0.1]
43402it [1:30:52 bound:454 nc:411 ncall:2.5e+07 eff:0.2% logz-ratio=155.58+/-0.06 dlogz:289.757>0.1]
43720it [1:31:54 bound:459 nc:992 ncall:2.5e+07 eff:0.2% logz-ratio=158.54+/-0.06 dlogz:286.721>0.1]
44035it [1:32:59 bound:464 nc:508 ncall:2.5e+07 eff:0.2% logz-ratio=161.40+/-0.06 dlogz:323.640>0.1]
44418it [1:34:10 bound:470 nc:934 ncall:2.5e+07 eff:0.2% logz-ratio=165.16+/-0.06 dlogz:319.791>0.1]
44799it [1:35:21 bound:476 nc:813 ncall:2.6e+07 eff:0.2% logz-ratio=168.75+/-0.06 dlogz:316.106>0.1]
45114it [1:36:25 bound:481 nc:1039 ncall:2.6e+07 eff:0.2% logz-ratio=171.74+/-0.06 dlogz:313.032>0.1]
45495it [1:37:35 bound:487 nc:932 ncall:2.6e+07 eff:0.2% logz-ratio=175.62+/-0.06 dlogz:309.058>0.1]
45814it [1:38:39 bound:492 nc:655 ncall:2.7e+07 eff:0.2% logz-ratio=178.83+/-0.06 dlogz:305.774>0.1]
46129it [1:39:43 bound:497 nc:528 ncall:2.7e+07 eff:0.2% logz-ratio=181.92+/-0.06 dlogz:302.604>0.1]
46510it [1:40:53 bound:503 nc:670 ncall:2.7e+07 eff:0.2% logz-ratio=185.49+/-0.06 dlogz:298.948>0.1]
46827it [1:41:57 bound:508 nc:995 ncall:2.7e+07 eff:0.2% logz-ratio=188.36+/-0.06 dlogz:295.995>0.1]
47145it [1:42:59 bound:513 nc:733 ncall:2.8e+07 eff:0.2% logz-ratio=191.58+/-0.06 dlogz:292.696>0.1]
47527it [1:44:10 bound:519 nc:982 ncall:2.8e+07 eff:0.2% logz-ratio=195.09+/-0.06 dlogz:289.095>0.1]
47907it [1:45:21 bound:525 nc:412 ncall:2.8e+07 eff:0.2% logz-ratio=198.75+/-0.06 dlogz:285.348>0.1]
48227it [1:46:23 bound:530 nc:1081 ncall:2.9e+07 eff:0.2% logz-ratio=201.63+/-0.06 dlogz:282.384>0.1]
48545it [1:47:26 bound:535 nc:616 ncall:2.9e+07 eff:0.2% logz-ratio=204.74+/-0.06 dlogz:279.198>0.1]
48857it [1:48:29 bound:540 nc:799 ncall:2.9e+07 eff:0.2% logz-ratio=207.69+/-0.06 dlogz:276.171>0.1]
49235it [1:49:39 bound:546 nc:1030 ncall:2.9e+07 eff:0.2% logz-ratio=211.17+/-0.06 dlogz:272.597>0.1]
49613it [1:50:47 bound:552 nc:289 ncall:3.0e+07 eff:0.2% logz-ratio=215.23+/-0.06 dlogz:268.450>0.1]
49929it [1:51:47 bound:557 nc:746 ncall:3.0e+07 eff:0.2% logz-ratio=218.39+/-0.06 dlogz:265.208>0.1]
50248it [1:52:48 bound:562 nc:693 ncall:3.0e+07 eff:0.2% logz-ratio=221.31+/-0.06 dlogz:262.212>0.1]
50627it [1:53:59 bound:568 nc:961 ncall:3.0e+07 eff:0.2% logz-ratio=224.94+/-0.06 dlogz:258.490>0.1]
51008it [1:55:12 bound:574 nc:349 ncall:3.1e+07 eff:0.2% logz-ratio=228.62+/-0.06 dlogz:254.716>0.1]
51392it [1:56:21 bound:580 nc:817 ncall:3.1e+07 eff:0.2% logz-ratio=232.25+/-0.06 dlogz:250.992>0.1]
51709it [1:57:21 bound:585 nc:512 ncall:3.1e+07 eff:0.2% logz-ratio=235.37+/-0.06 dlogz:247.799>0.1]
52092it [1:58:30 bound:591 nc:1042 ncall:3.2e+07 eff:0.2% logz-ratio=238.93+/-0.06 dlogz:244.138>0.1]
52473it [1:59:42 bound:597 nc:926 ncall:3.2e+07 eff:0.2% logz-ratio=242.61+/-0.06 dlogz:240.366>0.1]
52782it [2:01:16 bound:601 nc:784 ncall:3.2e+07 eff:0.2% logz-ratio=245.64+/-0.06 dlogz:237.262>0.1]
53108it [2:02:24 bound:607 nc:930 ncall:3.2e+07 eff:0.2% logz-ratio=248.74+/-0.06 dlogz:234.085>0.1]
53427it [2:03:27 bound:612 nc:765 ncall:3.3e+07 eff:0.2% logz-ratio=251.97+/-0.06 dlogz:230.774>0.1]
53807it [2:04:35 bound:618 nc:386 ncall:3.3e+07 eff:0.2% logz-ratio=255.63+/-0.06 dlogz:227.025>0.1]
54185it [2:05:42 bound:624 nc:1025 ncall:3.3e+07 eff:0.2% logz-ratio=259.31+/-0.06 dlogz:223.249>0.1]
54566it [2:06:52 bound:630 nc:561 ncall:3.3e+07 eff:0.2% logz-ratio=262.99+/-0.06 dlogz:219.480>0.1]
54882it [2:07:52 bound:635 nc:773 ncall:3.4e+07 eff:0.2% logz-ratio=266.20+/-0.06 dlogz:216.192>0.1]
55264it [2:08:58 bound:641 nc:577 ncall:3.4e+07 eff:0.2% logz-ratio=270.06+/-0.06 dlogz:212.238>0.1]
55642it [2:10:06 bound:647 nc:730 ncall:3.4e+07 eff:0.2% logz-ratio=273.91+/-0.06 dlogz:208.298>0.1]
56020it [2:11:15 bound:653 nc:792 ncall:3.5e+07 eff:0.2% logz-ratio=277.68+/-0.06 dlogz:204.437>0.1]
56402it [2:12:26 bound:659 nc:539 ncall:3.5e+07 eff:0.2% logz-ratio=281.21+/-0.06 dlogz:200.810>0.1]
56780it [2:13:34 bound:665 nc:1378 ncall:3.5e+07 eff:0.2% logz-ratio=285.32+/-0.06 dlogz:196.606>0.1]
57160it [2:14:42 bound:671 nc:601 ncall:3.5e+07 eff:0.2% logz-ratio=288.95+/-0.06 dlogz:192.885>0.1]
57537it [2:15:47 bound:677 nc:1185 ncall:3.6e+07 eff:0.2% logz-ratio=292.48+/-0.06 dlogz:193.416>0.1]
57920it [2:16:54 bound:683 nc:1005 ncall:3.6e+07 eff:0.2% logz-ratio=296.19+/-0.06 dlogz:189.618>0.1]
58299it [2:18:01 bound:689 nc:1041 ncall:3.6e+07 eff:0.2% logz-ratio=299.74+/-0.06 dlogz:185.966>0.1]
58680it [2:19:11 bound:695 nc:755 ncall:3.7e+07 eff:0.2% logz-ratio=303.38+/-0.06 dlogz:182.240>0.1]
59059it [2:20:22 bound:701 nc:535 ncall:3.7e+07 eff:0.2% logz-ratio=306.93+/-0.06 dlogz:178.600>0.1]
59438it [2:21:33 bound:707 nc:461 ncall:3.7e+07 eff:0.2% logz-ratio=310.52+/-0.06 dlogz:197.482>0.1]
59819it [2:22:44 bound:713 nc:602 ncall:3.7e+07 eff:0.2% logz-ratio=314.09+/-0.06 dlogz:193.817>0.1]
60198it [2:23:52 bound:719 nc:507 ncall:3.8e+07 eff:0.2% logz-ratio=317.51+/-0.06 dlogz:190.300>0.1]
60577it [2:25:02 bound:725 nc:786 ncall:3.8e+07 eff:0.2% logz-ratio=320.86+/-0.07 dlogz:186.861>0.1]
60957it [2:26:14 bound:731 nc:766 ncall:3.8e+07 eff:0.2% logz-ratio=324.03+/-0.07 dlogz:183.597>0.1]
61341it [2:27:21 bound:737 nc:446 ncall:3.9e+07 eff:0.2% logz-ratio=327.47+/-0.07 dlogz:180.059>0.1]
61720it [2:28:31 bound:743 nc:611 ncall:3.9e+07 eff:0.2% logz-ratio=330.75+/-0.07 dlogz:176.692>0.1]
62102it [2:29:40 bound:749 nc:965 ncall:3.9e+07 eff:0.2% logz-ratio=333.95+/-0.07 dlogz:173.399>0.1]
62421it [2:30:41 bound:754 nc:950 ncall:3.9e+07 eff:0.2% logz-ratio=336.58+/-0.07 dlogz:170.685>0.1]
62801it [2:31:50 bound:760 nc:817 ncall:4.0e+07 eff:0.2% logz-ratio=339.63+/-0.07 dlogz:167.545>0.1]
63183it [2:33:00 bound:766 nc:921 ncall:4.0e+07 eff:0.2% logz-ratio=342.86+/-0.07 dlogz:164.221>0.1]
63562it [2:34:08 bound:772 nc:922 ncall:4.0e+07 eff:0.2% logz-ratio=346.01+/-0.07 dlogz:160.980>0.1]
63938it [2:35:20 bound:778 nc:1256 ncall:4.1e+07 eff:0.2% logz-ratio=349.03+/-0.07 dlogz:157.871>0.1]
64256it [2:36:20 bound:783 nc:700 ncall:4.1e+07 eff:0.2% logz-ratio=351.52+/-0.07 dlogz:155.301>0.1]
64640it [2:37:32 bound:789 nc:558 ncall:4.1e+07 eff:0.2% logz-ratio=354.38+/-0.07 dlogz:152.349>0.1]
65021it [2:38:42 bound:795 nc:700 ncall:4.1e+07 eff:0.2% logz-ratio=357.23+/-0.07 dlogz:149.407>0.1]
65337it [2:39:42 bound:800 nc:1062 ncall:4.2e+07 eff:0.2% logz-ratio=359.66+/-0.07 dlogz:146.900>0.1]
65719it [2:40:51 bound:806 nc:696 ncall:4.2e+07 eff:0.2% logz-ratio=362.80+/-0.07 dlogz:143.666>0.1]
66097it [2:42:00 bound:812 nc:657 ncall:4.2e+07 eff:0.2% logz-ratio=365.64+/-0.07 dlogz:140.733>0.1]
66476it [2:43:09 bound:818 nc:651 ncall:4.3e+07 eff:0.2% logz-ratio=368.41+/-0.07 dlogz:137.865>0.1]
66792it [2:44:11 bound:823 nc:870 ncall:4.3e+07 eff:0.2% logz-ratio=370.60+/-0.07 dlogz:135.595>0.1]
67172it [2:45:19 bound:829 nc:640 ncall:4.3e+07 eff:0.2% logz-ratio=373.24+/-0.07 dlogz:132.866>0.1]
67551it [2:46:25 bound:835 nc:812 ncall:4.3e+07 eff:0.2% logz-ratio=375.87+/-0.07 dlogz:130.147>0.1]
67929it [2:47:33 bound:841 nc:481 ncall:4.4e+07 eff:0.2% logz-ratio=378.40+/-0.07 dlogz:127.519>0.1]
68246it [2:48:34 bound:846 nc:952 ncall:4.4e+07 eff:0.2% logz-ratio=380.44+/-0.07 dlogz:125.405>0.1]
68623it [2:49:43 bound:852 nc:907 ncall:4.4e+07 eff:0.2% logz-ratio=382.99+/-0.07 dlogz:122.760>0.1]
68935it [2:50:43 bound:857 nc:566 ncall:4.4e+07 eff:0.2% logz-ratio=385.20+/-0.07 dlogz:120.476>0.1]
69316it [2:51:52 bound:863 nc:519 ncall:4.5e+07 eff:0.2% logz-ratio=387.84+/-0.07 dlogz:117.740>0.1]
69696it [2:53:00 bound:869 nc:829 ncall:4.5e+07 eff:0.2% logz-ratio=390.19+/-0.07 dlogz:115.296>0.1]
70072it [2:54:12 bound:875 nc:580 ncall:4.5e+07 eff:0.2% logz-ratio=392.45+/-0.07 dlogz:112.952>0.1]
70449it [2:55:21 bound:881 nc:924 ncall:4.6e+07 eff:0.2% logz-ratio=394.78+/-0.07 dlogz:110.521>0.1]
70832it [2:56:31 bound:887 nc:1148 ncall:4.6e+07 eff:0.2% logz-ratio=397.03+/-0.07 dlogz:108.181>0.1]
71151it [2:57:34 bound:892 nc:616 ncall:4.6e+07 eff:0.2% logz-ratio=398.84+/-0.07 dlogz:110.490>0.1]
71462it [2:58:36 bound:897 nc:1109 ncall:4.6e+07 eff:0.2% logz-ratio=400.59+/-0.07 dlogz:108.658>0.1]
71772it [2:59:38 bound:902 nc:972 ncall:4.7e+07 eff:0.2% logz-ratio=402.48+/-0.07 dlogz:106.694>0.1]
72088it [3:00:41 bound:907 nc:900 ncall:4.7e+07 eff:0.2% logz-ratio=404.28+/-0.07 dlogz:104.819>0.1]
72207it [3:02:00 bound:908 nc:919 ncall:4.7e+07 eff:0.2% logz-ratio=404.88+/-0.07 dlogz:104.191>0.1]
72464it [3:03:01 bound:913 nc:683 ncall:4.7e+07 eff:0.2% logz-ratio=406.12+/-0.07 dlogz:102.886>0.1]
72844it [3:04:11 bound:919 nc:1223 ncall:4.7e+07 eff:0.2% logz-ratio=408.07+/-0.07 dlogz:100.841>0.1]
73157it [3:05:12 bound:924 nc:120 ncall:4.8e+07 eff:0.2% logz-ratio=409.74+/-0.07 dlogz:99.097>0.1]
73472it [3:06:14 bound:929 nc:1056 ncall:4.8e+07 eff:0.2% logz-ratio=411.45+/-0.07 dlogz:97.312>0.1]
73786it [3:07:18 bound:934 nc:1161 ncall:4.8e+07 eff:0.2% logz-ratio=413.11+/-0.07 dlogz:95.573>0.1]
74161it [3:08:29 bound:940 nc:867 ncall:4.8e+07 eff:0.2% logz-ratio=415.01+/-0.07 dlogz:93.581>0.1]
74539it [3:09:40 bound:946 nc:661 ncall:4.9e+07 eff:0.2% logz-ratio=417.02+/-0.07 dlogz:91.476>0.1]
74853it [3:10:43 bound:951 nc:580 ncall:4.9e+07 eff:0.2% logz-ratio=418.75+/-0.07 dlogz:90.334>0.1]
75226it [3:11:53 bound:957 nc:731 ncall:4.9e+07 eff:0.2% logz-ratio=420.55+/-0.07 dlogz:90.404>0.1]
75542it [3:12:56 bound:962 nc:460 ncall:4.9e+07 eff:0.2% logz-ratio=422.01+/-0.07 dlogz:88.865>0.1]
75919it [3:14:04 bound:968 nc:929 ncall:5.0e+07 eff:0.2% logz-ratio=423.74+/-0.07 dlogz:87.042>0.1]
76297it [3:15:16 bound:974 nc:939 ncall:5.0e+07 eff:0.2% logz-ratio=425.46+/-0.07 dlogz:85.231>0.1]
76611it [3:16:16 bound:979 nc:595 ncall:5.0e+07 eff:0.2% logz-ratio=426.80+/-0.07 dlogz:83.811>0.1]
76925it [3:17:18 bound:984 nc:1037 ncall:5.1e+07 eff:0.2% logz-ratio=428.23+/-0.07 dlogz:82.306>0.1]
77239it [3:18:20 bound:989 nc:598 ncall:5.1e+07 eff:0.2% logz-ratio=429.69+/-0.07 dlogz:80.770>0.1]
77552it [3:19:21 bound:994 nc:656 ncall:5.1e+07 eff:0.2% logz-ratio=431.00+/-0.07 dlogz:83.926>0.1]
77858it [3:20:24 bound:999 nc:595 ncall:5.1e+07 eff:0.2% logz-ratio=432.32+/-0.07 dlogz:82.530>0.1]
78173it [3:21:26 bound:1004 nc:504 ncall:5.2e+07 eff:0.2% logz-ratio=433.65+/-0.07 dlogz:81.126>0.1]
78488it [3:22:29 bound:1009 nc:631 ncall:5.2e+07 eff:0.2% logz-ratio=434.96+/-0.07 dlogz:79.733>0.1]
78804it [3:23:32 bound:1014 nc:673 ncall:5.2e+07 eff:0.2% logz-ratio=436.22+/-0.07 dlogz:78.404>0.1]
79120it [3:24:35 bound:1019 nc:893 ncall:5.2e+07 eff:0.2% logz-ratio=437.51+/-0.07 dlogz:77.037>0.1]
79428it [3:25:37 bound:1024 nc:726 ncall:5.3e+07 eff:0.2% logz-ratio=438.81+/-0.07 dlogz:75.654>0.1]
79744it [3:26:42 bound:1029 nc:608 ncall:5.3e+07 eff:0.2% logz-ratio=440.11+/-0.07 dlogz:74.285>0.1]
80060it [3:27:48 bound:1034 nc:805 ncall:5.3e+07 eff:0.2% logz-ratio=441.40+/-0.07 dlogz:72.910>0.1]
80372it [3:28:51 bound:1039 nc:580 ncall:5.3e+07 eff:0.2% logz-ratio=442.60+/-0.07 dlogz:71.641>0.1]
80683it [3:29:56 bound:1044 nc:982 ncall:5.4e+07 eff:0.2% logz-ratio=443.74+/-0.07 dlogz:70.424>0.1]
80995it [3:30:59 bound:1049 nc:905 ncall:5.4e+07 eff:0.2% logz-ratio=444.96+/-0.07 dlogz:72.732>0.1]
81310it [3:32:04 bound:1054 nc:948 ncall:5.4e+07 eff:0.2% logz-ratio=446.17+/-0.07 dlogz:71.442>0.1]
81624it [3:33:11 bound:1059 nc:776 ncall:5.4e+07 eff:0.2% logz-ratio=447.34+/-0.07 dlogz:70.199>0.1]
81933it [3:34:15 bound:1064 nc:601 ncall:5.5e+07 eff:0.1% logz-ratio=448.47+/-0.07 dlogz:68.995>0.1]
82249it [3:35:21 bound:1069 nc:791 ncall:5.5e+07 eff:0.1% logz-ratio=449.60+/-0.07 dlogz:67.788>0.1]
82563it [3:36:24 bound:1074 nc:1108 ncall:5.5e+07 eff:0.1% logz-ratio=450.72+/-0.07 dlogz:66.583>0.1]
82874it [3:37:27 bound:1079 nc:938 ncall:5.5e+07 eff:0.1% logz-ratio=451.88+/-0.07 dlogz:65.357>0.1]
83187it [3:38:31 bound:1084 nc:499 ncall:5.6e+07 eff:0.1% logz-ratio=452.96+/-0.07 dlogz:66.009>0.1]
83497it [3:39:34 bound:1089 nc:579 ncall:5.6e+07 eff:0.1% logz-ratio=453.97+/-0.07 dlogz:64.931>0.1]
83806it [3:40:36 bound:1094 nc:967 ncall:5.6e+07 eff:0.1% logz-ratio=454.95+/-0.07 dlogz:63.876>0.1]
84118it [3:41:44 bound:1099 nc:443 ncall:5.6e+07 eff:0.1% logz-ratio=455.92+/-0.07 dlogz:62.827>0.1]
84431it [3:42:50 bound:1104 nc:1547 ncall:5.7e+07 eff:0.1% logz-ratio=456.91+/-0.07 dlogz:61.755>0.1]
84741it [3:43:59 bound:1109 nc:1252 ncall:5.7e+07 eff:0.1% logz-ratio=457.88+/-0.07 dlogz:60.713>0.1]
85050it [3:45:07 bound:1114 nc:609 ncall:5.7e+07 eff:0.1% logz-ratio=458.82+/-0.07 dlogz:59.699>0.1]
85362it [3:46:11 bound:1119 nc:1416 ncall:5.8e+07 eff:0.1% logz-ratio=459.74+/-0.07 dlogz:61.130>0.1]
85676it [3:47:19 bound:1124 nc:571 ncall:5.8e+07 eff:0.1% logz-ratio=460.64+/-0.07 dlogz:60.151>0.1]
85990it [3:48:23 bound:1129 nc:572 ncall:5.8e+07 eff:0.1% logz-ratio=461.55+/-0.07 dlogz:59.166>0.1]
86303it [3:49:30 bound:1134 nc:807 ncall:5.8e+07 eff:0.1% logz-ratio=462.49+/-0.07 dlogz:58.149>0.1]
86611it [3:50:36 bound:1139 nc:799 ncall:5.9e+07 eff:0.1% logz-ratio=463.39+/-0.07 dlogz:57.171>0.1]
86922it [3:51:44 bound:1144 nc:786 ncall:5.9e+07 eff:0.1% logz-ratio=464.25+/-0.07 dlogz:56.233>0.1]
87234it [3:52:51 bound:1149 nc:682 ncall:5.9e+07 eff:0.1% logz-ratio=465.09+/-0.07 dlogz:55.323>0.1]
87543it [3:53:58 bound:1154 nc:1222 ncall:5.9e+07 eff:0.1% logz-ratio=465.90+/-0.07 dlogz:54.436>0.1]
87860it [3:55:04 bound:1159 nc:972 ncall:6.0e+07 eff:0.1% logz-ratio=466.77+/-0.07 dlogz:53.489>0.1]
88171it [3:56:13 bound:1164 nc:1150 ncall:6.0e+07 eff:0.1% logz-ratio=467.61+/-0.07 dlogz:52.574>0.1]
88485it [3:57:19 bound:1169 nc:592 ncall:6.0e+07 eff:0.1% logz-ratio=468.40+/-0.07 dlogz:51.703>0.1]
88797it [3:58:30 bound:1174 nc:968 ncall:6.0e+07 eff:0.1% logz-ratio=469.19+/-0.07 dlogz:50.842>0.1]
89107it [3:59:37 bound:1179 nc:414 ncall:6.1e+07 eff:0.1% logz-ratio=469.96+/-0.07 dlogz:49.996>0.1]
89419it [4:00:43 bound:1184 nc:788 ncall:6.1e+07 eff:0.1% logz-ratio=470.78+/-0.08 dlogz:49.099>0.1]
89615it [4:02:50 bound:1187 nc:817 ncall:6.1e+07 eff:0.1% logz-ratio=471.27+/-0.08 dlogz:48.557>0.1]
89910it [4:04:01 bound:1192 nc:1317 ncall:6.1e+07 eff:0.1% logz-ratio=471.99+/-0.08 dlogz:47.770>0.1]
90225it [4:05:11 bound:1197 nc:888 ncall:6.2e+07 eff:0.1% logz-ratio=472.76+/-0.08 dlogz:46.924>0.1]
90533it [4:06:20 bound:1202 nc:949 ncall:6.2e+07 eff:0.1% logz-ratio=473.51+/-0.08 dlogz:46.098>0.1]
90846it [4:07:33 bound:1207 nc:1507 ncall:6.2e+07 eff:0.1% logz-ratio=474.23+/-0.08 dlogz:45.297>0.1]
91152it [4:08:40 bound:1212 nc:961 ncall:6.3e+07 eff:0.1% logz-ratio=474.94+/-0.08 dlogz:44.515>0.1]
91460it [4:09:52 bound:1217 nc:807 ncall:6.3e+07 eff:0.1% logz-ratio=475.64+/-0.08 dlogz:43.741>0.1]
91771it [4:11:02 bound:1222 nc:1286 ncall:6.3e+07 eff:0.1% logz-ratio=476.36+/-0.08 dlogz:42.947>0.1]
92083it [4:12:12 bound:1227 nc:582 ncall:6.3e+07 eff:0.1% logz-ratio=477.06+/-0.08 dlogz:42.170>0.1]
92397it [4:13:23 bound:1232 nc:967 ncall:6.4e+07 eff:0.1% logz-ratio=477.74+/-0.08 dlogz:42.828>0.1]
92713it [4:14:36 bound:1237 nc:923 ncall:6.4e+07 eff:0.1% logz-ratio=478.41+/-0.08 dlogz:42.083>0.1]
93023it [4:15:44 bound:1242 nc:1290 ncall:6.4e+07 eff:0.1% logz-ratio=479.05+/-0.08 dlogz:43.954>0.1]
93336it [4:16:53 bound:1247 nc:1017 ncall:6.5e+07 eff:0.1% logz-ratio=479.68+/-0.08 dlogz:45.061>0.1]
93646it [4:18:06 bound:1252 nc:723 ncall:6.5e+07 eff:0.1% logz-ratio=480.28+/-0.08 dlogz:44.377>0.1]
93955it [4:19:19 bound:1257 nc:1143 ncall:6.5e+07 eff:0.1% logz-ratio=480.91+/-0.08 dlogz:43.679>0.1]
94263it [4:20:30 bound:1262 nc:722 ncall:6.5e+07 eff:0.1% logz-ratio=481.53+/-0.08 dlogz:42.978>0.1]
94514it [4:21:30 bound:1266 nc:1082 ncall:6.6e+07 eff:0.1% logz-ratio=482.04+/-0.08 dlogz:42.410>0.1]
94828it [4:22:45 bound:1271 nc:398 ncall:6.6e+07 eff:0.1% logz-ratio=482.66+/-0.08 dlogz:41.711>0.1]
95076it [4:23:46 bound:1275 nc:733 ncall:6.6e+07 eff:0.1% logz-ratio=483.18+/-0.08 dlogz:41.129>0.1]
95387it [4:24:56 bound:1280 nc:1011 ncall:6.6e+07 eff:0.1% logz-ratio=483.83+/-0.08 dlogz:40.403>0.1]
95698it [4:26:11 bound:1285 nc:869 ncall:6.7e+07 eff:0.1% logz-ratio=484.46+/-0.08 dlogz:39.697>0.1]
96009it [4:27:23 bound:1290 nc:938 ncall:6.7e+07 eff:0.1% logz-ratio=485.07+/-0.08 dlogz:39.014>0.1]
96324it [4:28:38 bound:1295 nc:726 ncall:6.7e+07 eff:0.1% logz-ratio=485.69+/-0.08 dlogz:38.820>0.1]
96642it [4:29:51 bound:1300 nc:848 ncall:6.8e+07 eff:0.1% logz-ratio=486.29+/-0.08 dlogz:38.136>0.1]
96896it [4:30:51 bound:1304 nc:1239 ncall:6.8e+07 eff:0.1% logz-ratio=486.75+/-0.08 dlogz:37.618>0.1]
97211it [4:32:01 bound:1309 nc:1101 ncall:6.8e+07 eff:0.1% logz-ratio=487.30+/-0.08 dlogz:37.726>0.1]
97456it [4:33:05 bound:1313 nc:2067 ncall:6.8e+07 eff:0.1% logz-ratio=487.73+/-0.08 dlogz:37.242>0.1]
97771it [4:34:17 bound:1318 nc:979 ncall:6.9e+07 eff:0.1% logz-ratio=488.26+/-0.08 dlogz:37.451>0.1]
98088it [4:35:28 bound:1323 nc:990 ncall:6.9e+07 eff:0.1% logz-ratio=488.77+/-0.08 dlogz:36.855>0.1]
98403it [4:36:41 bound:1328 nc:596 ncall:6.9e+07 eff:0.1% logz-ratio=489.29+/-0.08 dlogz:36.260>0.1]
98710it [4:37:53 bound:1333 nc:838 ncall:7.0e+07 eff:0.1% logz-ratio=489.81+/-0.08 dlogz:35.668>0.1]
99025it [4:39:04 bound:1338 nc:705 ncall:7.0e+07 eff:0.1% logz-ratio=490.34+/-0.08 dlogz:35.056>0.1]
99335it [4:40:17 bound:1343 nc:810 ncall:7.0e+07 eff:0.1% logz-ratio=490.85+/-0.08 dlogz:34.471>0.1]
99648it [4:41:30 bound:1348 nc:1599 ncall:7.1e+07 eff:0.1% logz-ratio=491.36+/-0.08 dlogz:35.834>0.1]
99964it [4:42:40 bound:1353 nc:908 ncall:7.1e+07 eff:0.1% logz-ratio=491.85+/-0.08 dlogz:35.264>0.1]
100276it [4:43:53 bound:1358 nc:699 ncall:7.1e+07 eff:0.1% logz-ratio=492.32+/-0.08 dlogz:34.715>0.1]
100589it [4:45:07 bound:1363 nc:802 ncall:7.1e+07 eff:0.1% logz-ratio=492.79+/-0.08 dlogz:34.176>0.1]
100836it [4:46:08 bound:1367 nc:747 ncall:7.2e+07 eff:0.1% logz-ratio=493.14+/-0.08 dlogz:33.759>0.1]
101088it [4:47:08 bound:1371 nc:686 ncall:7.2e+07 eff:0.1% logz-ratio=493.51+/-0.08 dlogz:33.332>0.1]
101401it [4:48:23 bound:1376 nc:824 ncall:7.2e+07 eff:0.1% logz-ratio=493.97+/-0.08 dlogz:32.793>0.1]
101648it [4:49:24 bound:1380 nc:1121 ncall:7.3e+07 eff:0.1% logz-ratio=494.32+/-0.08 dlogz:32.387>0.1]
101962it [4:50:38 bound:1385 nc:868 ncall:7.3e+07 eff:0.1% logz-ratio=494.76+/-0.08 dlogz:31.868>0.1]
102275it [4:51:52 bound:1390 nc:1114 ncall:7.3e+07 eff:0.1% logz-ratio=495.20+/-0.08 dlogz:31.350>0.1]
102592it [4:53:04 bound:1395 nc:1154 ncall:7.3e+07 eff:0.1% logz-ratio=495.65+/-0.08 dlogz:30.823>0.1]
102839it [4:54:05 bound:1399 nc:792 ncall:7.4e+07 eff:0.1% logz-ratio=496.00+/-0.08 dlogz:30.419>0.1]
103090it [4:55:08 bound:1403 nc:423 ncall:7.4e+07 eff:0.1% logz-ratio=496.34+/-0.08 dlogz:32.852>0.1]
103401it [4:56:22 bound:1408 nc:1189 ncall:7.4e+07 eff:0.1% logz-ratio=496.77+/-0.08 dlogz:32.353>0.1]
103653it [4:57:23 bound:1412 nc:1513 ncall:7.5e+07 eff:0.1% logz-ratio=497.10+/-0.08 dlogz:31.963>0.1]
103966it [4:58:36 bound:1417 nc:1038 ncall:7.5e+07 eff:0.1% logz-ratio=497.50+/-0.08 dlogz:31.480>0.1]
104276it [4:59:49 bound:1422 nc:1345 ncall:7.5e+07 eff:0.1% logz-ratio=497.91+/-0.08 dlogz:30.999>0.1]
104528it [5:00:52 bound:1426 nc:1431 ncall:7.5e+07 eff:0.1% logz-ratio=498.23+/-0.08 dlogz:30.616>0.1]
104783it [5:01:56 bound:1430 nc:796 ncall:7.6e+07 eff:0.1% logz-ratio=498.55+/-0.08 dlogz:30.235>0.1]
104884it [5:03:50 bound:1431 nc:653 ncall:7.6e+07 eff:0.1% logz-ratio=498.67+/-0.08 dlogz:30.086>0.1]
105108it [5:04:50 bound:1435 nc:1110 ncall:7.6e+07 eff:0.1% logz-ratio=498.95+/-0.08 dlogz:29.758>0.1]
105346it [5:05:51 bound:1439 nc:907 ncall:7.6e+07 eff:0.1% logz-ratio=499.23+/-0.08 dlogz:29.414>0.1]
105597it [5:06:53 bound:1443 nc:1164 ncall:7.7e+07 eff:0.1% logz-ratio=499.53+/-0.08 dlogz:29.050>0.1]
105912it [5:08:07 bound:1448 nc:931 ncall:7.7e+07 eff:0.1% logz-ratio=499.91+/-0.08 dlogz:28.596>0.1]
106165it [5:09:07 bound:1452 nc:1699 ncall:7.7e+07 eff:0.1% logz-ratio=500.21+/-0.08 dlogz:28.239>0.1]
106417it [5:10:08 bound:1456 nc:957 ncall:7.7e+07 eff:0.1% logz-ratio=500.50+/-0.08 dlogz:27.885>0.1]
106666it [5:11:15 bound:1460 nc:1219 ncall:7.8e+07 eff:0.1% logz-ratio=500.79+/-0.08 dlogz:27.532>0.1]
106917it [5:12:22 bound:1464 nc:995 ncall:7.8e+07 eff:0.1% logz-ratio=501.08+/-0.08 dlogz:27.181>0.1]
107168it [5:13:29 bound:1468 nc:1101 ncall:7.8e+07 eff:0.1% logz-ratio=501.37+/-0.08 dlogz:26.835>0.1]
107417it [5:14:33 bound:1472 nc:951 ncall:7.8e+07 eff:0.1% logz-ratio=501.64+/-0.08 dlogz:26.500>0.1]
107669it [5:15:34 bound:1476 nc:956 ncall:7.9e+07 eff:0.1% logz-ratio=501.91+/-0.08 dlogz:26.164>0.1]
107920it [5:16:39 bound:1480 nc:914 ncall:7.9e+07 eff:0.1% logz-ratio=502.18+/-0.08 dlogz:25.834>0.1]
108166it [5:17:45 bound:1484 nc:651 ncall:7.9e+07 eff:0.1% logz-ratio=502.44+/-0.08 dlogz:25.512>0.1]
108416it [5:18:49 bound:1488 nc:1820 ncall:8.0e+07 eff:0.1% logz-ratio=502.70+/-0.08 dlogz:25.193>0.1]
108666it [5:19:57 bound:1492 nc:724 ncall:8.0e+07 eff:0.1% logz-ratio=502.96+/-0.08 dlogz:24.875>0.1]
108921it [5:21:02 bound:1496 nc:693 ncall:8.0e+07 eff:0.1% logz-ratio=503.23+/-0.08 dlogz:24.545>0.1]
109169it [5:22:11 bound:1500 nc:558 ncall:8.0e+07 eff:0.1% logz-ratio=503.49+/-0.08 dlogz:24.224>0.1]
109419it [5:23:22 bound:1504 nc:529 ncall:8.1e+07 eff:0.1% logz-ratio=503.75+/-0.08 dlogz:23.900>0.1]
109670it [5:24:26 bound:1508 nc:946 ncall:8.1e+07 eff:0.1% logz-ratio=504.01+/-0.08 dlogz:23.579>0.1]
109923it [5:25:38 bound:1512 nc:1495 ncall:8.1e+07 eff:0.1% logz-ratio=504.27+/-0.08 dlogz:23.262>0.1]
110173it [5:26:48 bound:1516 nc:1973 ncall:8.2e+07 eff:0.1% logz-ratio=504.51+/-0.08 dlogz:22.952>0.1]
110423it [5:27:56 bound:1520 nc:667 ncall:8.2e+07 eff:0.1% logz-ratio=504.76+/-0.08 dlogz:22.649>0.1]
110677it [5:29:05 bound:1524 nc:1425 ncall:8.2e+07 eff:0.1% logz-ratio=505.00+/-0.08 dlogz:22.344>0.1]
110931it [5:30:10 bound:1528 nc:1431 ncall:8.2e+07 eff:0.1% logz-ratio=505.24+/-0.08 dlogz:22.038>0.1]
111184it [5:31:20 bound:1532 nc:1327 ncall:8.3e+07 eff:0.1% logz-ratio=505.48+/-0.08 dlogz:21.737>0.1]
111437it [5:32:26 bound:1536 nc:1316 ncall:8.3e+07 eff:0.1% logz-ratio=505.71+/-0.08 dlogz:21.444>0.1]
111689it [5:33:35 bound:1540 nc:1001 ncall:8.3e+07 eff:0.1% logz-ratio=505.94+/-0.08 dlogz:21.154>0.1]
111939it [5:34:42 bound:1544 nc:1358 ncall:8.4e+07 eff:0.1% logz-ratio=506.17+/-0.08 dlogz:20.870>0.1]
112192it [5:35:54 bound:1548 nc:798 ncall:8.4e+07 eff:0.1% logz-ratio=506.39+/-0.08 dlogz:20.582>0.1]
112445it [5:37:04 bound:1552 nc:983 ncall:8.4e+07 eff:0.1% logz-ratio=506.62+/-0.08 dlogz:20.296>0.1]
112700it [5:38:12 bound:1556 nc:534 ncall:8.5e+07 eff:0.1% logz-ratio=506.84+/-0.08 dlogz:20.011>0.1]
112954it [5:39:19 bound:1560 nc:1389 ncall:8.5e+07 eff:0.1% logz-ratio=507.06+/-0.08 dlogz:19.729>0.1]
113204it [5:40:26 bound:1564 nc:748 ncall:8.5e+07 eff:0.1% logz-ratio=507.28+/-0.08 dlogz:19.451>0.1]
113457it [5:41:36 bound:1568 nc:901 ncall:8.5e+07 eff:0.1% logz-ratio=507.49+/-0.08 dlogz:19.171>0.1]
113711it [5:42:50 bound:1572 nc:1590 ncall:8.6e+07 eff:0.1% logz-ratio=507.71+/-0.08 dlogz:18.890>0.1]
113963it [5:44:00 bound:1576 nc:984 ncall:8.6e+07 eff:0.1% logz-ratio=507.93+/-0.08 dlogz:18.611>0.1]
114215it [5:45:09 bound:1580 nc:616 ncall:8.6e+07 eff:0.1% logz-ratio=508.15+/-0.08 dlogz:18.332>0.1]
114468it [5:46:19 bound:1584 nc:675 ncall:8.7e+07 eff:0.1% logz-ratio=508.36+/-0.08 dlogz:18.056>0.1]
114723it [5:47:31 bound:1588 nc:527 ncall:8.7e+07 eff:0.1% logz-ratio=508.57+/-0.08 dlogz:17.785>0.1]
114975it [5:48:41 bound:1592 nc:1071 ncall:8.7e+07 eff:0.1% logz-ratio=508.78+/-0.08 dlogz:19.257>0.1]
115229it [5:49:51 bound:1596 nc:1078 ncall:8.8e+07 eff:0.1% logz-ratio=508.98+/-0.08 dlogz:18.988>0.1]
115481it [5:51:04 bound:1600 nc:969 ncall:8.8e+07 eff:0.1% logz-ratio=509.18+/-0.08 dlogz:18.727>0.1]
115732it [5:52:15 bound:1604 nc:824 ncall:8.8e+07 eff:0.1% logz-ratio=509.38+/-0.08 dlogz:18.470>0.1]
115980it [5:53:24 bound:1608 nc:1406 ncall:8.8e+07 eff:0.1% logz-ratio=509.57+/-0.08 dlogz:18.221>0.1]
116231it [5:54:36 bound:1612 nc:2049 ncall:8.9e+07 eff:0.1% logz-ratio=509.76+/-0.08 dlogz:17.967>0.1]
116484it [5:55:47 bound:1616 nc:1254 ncall:8.9e+07 eff:0.1% logz-ratio=509.95+/-0.08 dlogz:17.713>0.1]
116738it [5:56:58 bound:1620 nc:743 ncall:8.9e+07 eff:0.1% logz-ratio=510.14+/-0.08 dlogz:17.466>0.1]
116988it [5:58:12 bound:1624 nc:2363 ncall:9.0e+07 eff:0.1% logz-ratio=510.32+/-0.08 dlogz:17.223>0.1]
117238it [5:59:25 bound:1628 nc:719 ncall:9.0e+07 eff:0.1% logz-ratio=510.50+/-0.08 dlogz:16.981>0.1]
117487it [6:00:37 bound:1632 nc:1738 ncall:9.0e+07 eff:0.1% logz-ratio=510.68+/-0.08 dlogz:16.739>0.1]
117739it [6:01:49 bound:1636 nc:1210 ncall:9.1e+07 eff:0.1% logz-ratio=510.86+/-0.08 dlogz:16.495>0.1]
117995it [6:02:59 bound:1640 nc:1480 ncall:9.1e+07 eff:0.1% logz-ratio=511.04+/-0.08 dlogz:16.252>0.1]
118023it [6:04:48 bound:1640 nc:1024 ncall:9.1e+07 eff:0.1% logz-ratio=511.06+/-0.08 dlogz:16.226>0.1]
118249it [6:05:59 bound:1644 nc:1370 ncall:9.1e+07 eff:0.1% logz-ratio=511.22+/-0.08 dlogz:16.017>0.1]
118501it [6:07:11 bound:1648 nc:1290 ncall:9.1e+07 eff:0.1% logz-ratio=511.38+/-0.08 dlogz:15.789>0.1]
118753it [6:08:24 bound:1652 nc:1483 ncall:9.2e+07 eff:0.1% logz-ratio=511.55+/-0.08 dlogz:15.562>0.1]
119006it [6:09:35 bound:1656 nc:1110 ncall:9.2e+07 eff:0.1% logz-ratio=511.71+/-0.08 dlogz:15.335>0.1]
119256it [6:10:45 bound:1660 nc:690 ncall:9.2e+07 eff:0.1% logz-ratio=511.88+/-0.08 dlogz:15.110>0.1]
119509it [6:11:55 bound:1664 nc:709 ncall:9.3e+07 eff:0.1% logz-ratio=512.04+/-0.08 dlogz:14.883>0.1]
119763it [6:13:07 bound:1668 nc:1328 ncall:9.3e+07 eff:0.1% logz-ratio=512.21+/-0.08 dlogz:14.731>0.1]
120013it [6:14:19 bound:1672 nc:1087 ncall:9.3e+07 eff:0.1% logz-ratio=512.37+/-0.08 dlogz:14.510>0.1]
120261it [6:15:32 bound:1676 nc:1420 ncall:9.4e+07 eff:0.1% logz-ratio=512.52+/-0.08 dlogz:14.295>0.1]
120511it [6:16:43 bound:1680 nc:1460 ncall:9.4e+07 eff:0.1% logz-ratio=512.68+/-0.08 dlogz:14.500>0.1]
120764it [6:17:58 bound:1684 nc:1640 ncall:9.4e+07 eff:0.1% logz-ratio=512.83+/-0.08 dlogz:14.283>0.1]
121017it [6:19:13 bound:1688 nc:663 ncall:9.5e+07 eff:0.1% logz-ratio=512.99+/-0.08 dlogz:14.067>0.1]
121268it [6:20:28 bound:1692 nc:1542 ncall:9.5e+07 eff:0.1% logz-ratio=513.14+/-0.08 dlogz:13.857>0.1]
121522it [6:21:41 bound:1696 nc:1026 ncall:9.5e+07 eff:0.1% logz-ratio=513.28+/-0.08 dlogz:13.647>0.1]
121773it [6:22:56 bound:1700 nc:1415 ncall:9.6e+07 eff:0.1% logz-ratio=513.43+/-0.08 dlogz:13.440>0.1]
122026it [6:24:10 bound:1704 nc:965 ncall:9.6e+07 eff:0.1% logz-ratio=513.58+/-0.08 dlogz:13.232>0.1]
122280it [6:25:23 bound:1708 nc:1703 ncall:9.6e+07 eff:0.1% logz-ratio=513.72+/-0.08 dlogz:13.026>0.1]
122534it [6:26:34 bound:1712 nc:751 ncall:9.6e+07 eff:0.1% logz-ratio=513.86+/-0.08 dlogz:13.926>0.1]
122785it [6:27:50 bound:1716 nc:1748 ncall:9.7e+07 eff:0.1% logz-ratio=514.00+/-0.08 dlogz:13.726>0.1]
123037it [6:29:06 bound:1720 nc:656 ncall:9.7e+07 eff:0.1% logz-ratio=514.14+/-0.08 dlogz:13.527>0.1]
123291it [6:30:21 bound:1724 nc:1114 ncall:9.7e+07 eff:0.1% logz-ratio=514.27+/-0.08 dlogz:13.329>0.1]
123545it [6:31:38 bound:1728 nc:1240 ncall:9.8e+07 eff:0.1% logz-ratio=514.41+/-0.08 dlogz:13.134>0.1]
123795it [6:32:54 bound:1732 nc:1448 ncall:9.8e+07 eff:0.1% logz-ratio=514.54+/-0.09 dlogz:12.942>0.1]
124047it [6:34:05 bound:1736 nc:1659 ncall:9.8e+07 eff:0.1% logz-ratio=514.67+/-0.09 dlogz:12.752>0.1]
124301it [6:35:17 bound:1740 nc:1244 ncall:9.9e+07 eff:0.1% logz-ratio=514.80+/-0.09 dlogz:12.562>0.1]
124544it [6:36:31 bound:1744 nc:873 ncall:9.9e+07 eff:0.1% logz-ratio=514.92+/-0.09 dlogz:12.380>0.1]
124792it [6:37:51 bound:1748 nc:964 ncall:9.9e+07 eff:0.1% logz-ratio=515.04+/-0.09 dlogz:12.197>0.1]
125041it [6:39:10 bound:1752 nc:1185 ncall:1.0e+08 eff:0.1% logz-ratio=515.16+/-0.09 dlogz:12.014>0.1]
125294it [6:40:26 bound:1756 nc:653 ncall:1.0e+08 eff:0.1% logz-ratio=515.29+/-0.09 dlogz:11.830>0.1]
125547it [6:41:42 bound:1760 nc:1561 ncall:1.0e+08 eff:0.1% logz-ratio=515.41+/-0.09 dlogz:11.647>0.1]
125798it [6:42:59 bound:1764 nc:620 ncall:1.0e+08 eff:0.1% logz-ratio=515.52+/-0.09 dlogz:11.470>0.1]
126051it [6:44:16 bound:1768 nc:824 ncall:1.0e+08 eff:0.1% logz-ratio=515.64+/-0.09 dlogz:11.292>0.1]
126239it [6:45:17 bound:1771 nc:1180 ncall:1.0e+08 eff:0.1% logz-ratio=515.72+/-0.09 dlogz:11.161>0.1]
126488it [6:46:32 bound:1775 nc:945 ncall:1.0e+08 eff:0.1% logz-ratio=515.83+/-0.09 dlogz:10.989>0.1]
126737it [6:47:52 bound:1779 nc:1732 ncall:1.0e+08 eff:0.1% logz-ratio=515.94+/-0.09 dlogz:10.818>0.1]
126929it [6:48:52 bound:1782 nc:1102 ncall:1.0e+08 eff:0.1% logz-ratio=516.03+/-0.09 dlogz:10.688>0.1]
127183it [6:50:06 bound:1786 nc:1597 ncall:1.0e+08 eff:0.1% logz-ratio=516.14+/-0.09 dlogz:10.517>0.1]
127437it [6:51:24 bound:1790 nc:1217 ncall:1.0e+08 eff:0.1% logz-ratio=516.24+/-0.09 dlogz:10.348>0.1]
127689it [6:52:39 bound:1794 nc:1471 ncall:1.0e+08 eff:0.1% logz-ratio=516.35+/-0.09 dlogz:10.182>0.1]
127943it [6:53:53 bound:1798 nc:872 ncall:1.0e+08 eff:0.1% logz-ratio=516.45+/-0.09 dlogz:10.018>0.1]
128197it [6:55:09 bound:1802 nc:1547 ncall:1.0e+08 eff:0.1% logz-ratio=516.55+/-0.09 dlogz:9.855>0.1]
128450it [6:56:23 bound:1806 nc:1676 ncall:1.0e+08 eff:0.1% logz-ratio=516.65+/-0.09 dlogz:9.694>0.1]
128705it [6:57:35 bound:1810 nc:1161 ncall:1.0e+08 eff:0.1% logz-ratio=516.75+/-0.09 dlogz:9.536>0.1]
128959it [6:58:51 bound:1814 nc:1107 ncall:1.0e+08 eff:0.1% logz-ratio=516.84+/-0.09 dlogz:9.442>0.1]
129215it [7:00:08 bound:1818 nc:1088 ncall:1.0e+08 eff:0.1% logz-ratio=516.94+/-0.09 dlogz:9.285>0.1]
129469it [7:01:26 bound:1822 nc:1161 ncall:1.1e+08 eff:0.1% logz-ratio=517.03+/-0.09 dlogz:9.130>0.1]
129721it [7:02:40 bound:1826 nc:1141 ncall:1.1e+08 eff:0.1% logz-ratio=517.12+/-0.09 dlogz:8.978>0.1]
129911it [7:03:43 bound:1829 nc:1071 ncall:1.1e+08 eff:0.1% logz-ratio=517.19+/-0.09 dlogz:8.864>0.1]
129989it [7:06:01 bound:1830 nc:1374 ncall:1.1e+08 eff:0.1% logz-ratio=517.21+/-0.09 dlogz:8.818>0.1]
130225it [7:07:19 bound:1834 nc:1441 ncall:1.1e+08 eff:0.1% logz-ratio=517.30+/-0.09 dlogz:8.677>0.1]
130477it [7:08:35 bound:1838 nc:1839 ncall:1.1e+08 eff:0.1% logz-ratio=517.38+/-0.09 dlogz:8.529>0.1]
130664it [7:09:36 bound:1841 nc:845 ncall:1.1e+08 eff:0.1% logz-ratio=517.45+/-0.09 dlogz:8.421>0.1]
130920it [7:10:54 bound:1845 nc:1343 ncall:1.1e+08 eff:0.1% logz-ratio=517.53+/-0.09 dlogz:8.275>0.1]
131171it [7:12:12 bound:1849 nc:861 ncall:1.1e+08 eff:0.1% logz-ratio=517.61+/-0.09 dlogz:8.134>0.1]
131422it [7:13:30 bound:1853 nc:787 ncall:1.1e+08 eff:0.1% logz-ratio=517.69+/-0.09 dlogz:7.994>0.1]
131613it [7:14:30 bound:1856 nc:929 ncall:1.1e+08 eff:0.1% logz-ratio=517.75+/-0.09 dlogz:7.888>0.1]
131865it [7:15:47 bound:1860 nc:1090 ncall:1.1e+08 eff:0.1% logz-ratio=517.82+/-0.09 dlogz:7.750>0.1]
132111it [7:17:05 bound:1864 nc:3195 ncall:1.1e+08 eff:0.1% logz-ratio=517.90+/-0.09 dlogz:7.617>0.1]
132360it [7:18:25 bound:1868 nc:842 ncall:1.1e+08 eff:0.1% logz-ratio=517.97+/-0.09 dlogz:7.483>0.1]
132549it [7:19:29 bound:1871 nc:2312 ncall:1.1e+08 eff:0.1% logz-ratio=518.02+/-0.09 dlogz:7.383>0.1]
132799it [7:20:47 bound:1875 nc:390 ncall:1.1e+08 eff:0.1% logz-ratio=518.09+/-0.09 dlogz:7.252>0.1]
133046it [7:22:05 bound:1879 nc:1789 ncall:1.1e+08 eff:0.1% logz-ratio=518.16+/-0.09 dlogz:7.123>0.1]
133237it [7:23:06 bound:1882 nc:862 ncall:1.1e+08 eff:0.1% logz-ratio=518.21+/-0.09 dlogz:7.025>0.1]
133426it [7:24:07 bound:1885 nc:1110 ncall:1.1e+08 eff:0.1% logz-ratio=518.27+/-0.09 dlogz:6.928>0.1]
133615it [7:25:09 bound:1888 nc:1555 ncall:1.1e+08 eff:0.1% logz-ratio=518.31+/-0.09 dlogz:6.832>0.1]
133803it [7:26:12 bound:1891 nc:1687 ncall:1.1e+08 eff:0.1% logz-ratio=518.36+/-0.09 dlogz:6.738>0.1]
134056it [7:27:29 bound:1895 nc:2101 ncall:1.1e+08 eff:0.1% logz-ratio=518.43+/-0.09 dlogz:6.612>0.1]
134247it [7:28:30 bound:1898 nc:762 ncall:1.1e+08 eff:0.1% logz-ratio=518.47+/-0.09 dlogz:6.518>0.1]
134498it [7:29:49 bound:1902 nc:2222 ncall:1.1e+08 eff:0.1% logz-ratio=518.54+/-0.09 dlogz:6.397>0.1]
134751it [7:31:04 bound:1906 nc:1023 ncall:1.1e+08 eff:0.1% logz-ratio=518.59+/-0.09 dlogz:6.276>0.1]
134962it [7:32:04 bound:1909 nc:982 ncall:1.1e+08 eff:0.1% logz-ratio=518.64+/-0.09 dlogz:6.175>0.1]
135129it [7:33:04 bound:1912 nc:1590 ncall:1.1e+08 eff:0.1% logz-ratio=518.68+/-0.09 dlogz:6.758>0.1]
135379it [7:34:22 bound:1916 nc:1115 ncall:1.1e+08 eff:0.1% logz-ratio=518.74+/-0.09 dlogz:6.641>0.1]
135569it [7:35:24 bound:1919 nc:1050 ncall:1.1e+08 eff:0.1% logz-ratio=518.78+/-0.09 dlogz:6.552>0.1]
135756it [7:36:26 bound:1922 nc:1125 ncall:1.1e+08 eff:0.1% logz-ratio=518.82+/-0.09 dlogz:6.749>0.1]
135941it [7:37:33 bound:1925 nc:532 ncall:1.1e+08 eff:0.1% logz-ratio=518.86+/-0.09 dlogz:6.664>0.1]
136129it [7:38:36 bound:1928 nc:1289 ncall:1.1e+08 eff:0.1% logz-ratio=518.90+/-0.09 dlogz:6.578>0.1]
136379it [7:39:54 bound:1932 nc:1339 ncall:1.1e+08 eff:0.1% logz-ratio=518.95+/-0.09 dlogz:6.465>0.1]
136602it [7:40:54 bound:1935 nc:1257 ncall:1.1e+08 eff:0.1% logz-ratio=519.00+/-0.09 dlogz:6.365>0.1]
136823it [7:42:14 bound:1939 nc:1468 ncall:1.2e+08 eff:0.1% logz-ratio=519.04+/-0.09 dlogz:6.267>0.1]
137011it [7:43:16 bound:1942 nc:969 ncall:1.2e+08 eff:0.1% logz-ratio=519.08+/-0.09 dlogz:6.184>0.1]
137200it [7:44:19 bound:1945 nc:1805 ncall:1.2e+08 eff:0.1% logz-ratio=519.12+/-0.09 dlogz:6.101>0.1]
137389it [7:45:20 bound:1948 nc:1011 ncall:1.2e+08 eff:0.1% logz-ratio=519.15+/-0.09 dlogz:6.019>0.1]
137576it [7:46:25 bound:1951 nc:2143 ncall:1.2e+08 eff:0.1% logz-ratio=519.19+/-0.09 dlogz:5.938>0.1]
137761it [7:47:25 bound:1954 nc:1176 ncall:1.2e+08 eff:0.1% logz-ratio=519.22+/-0.09 dlogz:5.859>0.1]
137951it [7:48:26 bound:1957 nc:999 ncall:1.2e+08 eff:0.1% logz-ratio=519.26+/-0.09 dlogz:5.778>0.1]
138137it [7:49:30 bound:1960 nc:1264 ncall:1.2e+08 eff:0.1% logz-ratio=519.29+/-0.09 dlogz:5.699>0.1]
138322it [7:50:32 bound:1963 nc:1522 ncall:1.2e+08 eff:0.1% logz-ratio=519.33+/-0.09 dlogz:5.620>0.1]
138570it [7:51:53 bound:1967 nc:946 ncall:1.2e+08 eff:0.1% logz-ratio=519.37+/-0.09 dlogz:5.516>0.1]
138758it [7:52:53 bound:1970 nc:939 ncall:1.2e+08 eff:0.1% logz-ratio=519.40+/-0.09 dlogz:5.437>0.1]
139007it [7:54:09 bound:1974 nc:1250 ncall:1.2e+08 eff:0.1% logz-ratio=519.45+/-0.09 dlogz:5.334>0.1]
139257it [7:55:27 bound:1978 nc:696 ncall:1.2e+08 eff:0.1% logz-ratio=519.49+/-0.09 dlogz:5.231>0.1]
139443it [7:56:29 bound:1981 nc:1370 ncall:1.2e+08 eff:0.1% logz-ratio=519.52+/-0.09 dlogz:5.155>0.1]
139659it [7:57:29 bound:1984 nc:837 ncall:1.2e+08 eff:0.1% logz-ratio=519.56+/-0.09 dlogz:5.067>0.1]
139820it [7:58:29 bound:1987 nc:1885 ncall:1.2e+08 eff:0.1% logz-ratio=519.58+/-0.09 dlogz:5.002>0.1]
140074it [7:59:49 bound:1991 nc:1355 ncall:1.2e+08 eff:0.1% logz-ratio=519.62+/-0.09 dlogz:4.900>0.1]
140327it [8:01:04 bound:1995 nc:937 ncall:1.2e+08 eff:0.1% logz-ratio=519.66+/-0.09 dlogz:4.800>0.1]
140516it [8:02:06 bound:1998 nc:913 ncall:1.2e+08 eff:0.1% logz-ratio=519.69+/-0.09 dlogz:4.726>0.1]
140764it [8:03:25 bound:2002 nc:1814 ncall:1.2e+08 eff:0.1% logz-ratio=519.73+/-0.09 dlogz:4.963>0.1]
141015it [8:04:44 bound:2006 nc:1552 ncall:1.2e+08 eff:0.1% logz-ratio=519.76+/-0.09 dlogz:4.866>0.1]
141098it [8:07:14 bound:2007 nc:1050 ncall:1.2e+08 eff:0.1% logz-ratio=519.78+/-0.09 dlogz:4.834>0.1]
141327it [8:08:33 bound:2011 nc:2258 ncall:1.2e+08 eff:0.1% logz-ratio=519.81+/-0.09 dlogz:4.747>0.1]
141516it [8:09:36 bound:2014 nc:989 ncall:1.2e+08 eff:0.1% logz-ratio=519.83+/-0.09 dlogz:4.675>0.1]
141766it [8:10:52 bound:2018 nc:822 ncall:1.2e+08 eff:0.1% logz-ratio=519.87+/-0.09 dlogz:4.581>0.1]
141955it [8:11:54 bound:2021 nc:926 ncall:1.2e+08 eff:0.1% logz-ratio=519.89+/-0.09 dlogz:4.510>0.1]
142204it [8:13:13 bound:2025 nc:1394 ncall:1.2e+08 eff:0.1% logz-ratio=519.93+/-0.09 dlogz:4.418>0.1]
142392it [8:14:14 bound:2028 nc:1784 ncall:1.2e+08 eff:0.1% logz-ratio=519.95+/-0.09 dlogz:4.349>0.1]
142581it [8:15:16 bound:2031 nc:1859 ncall:1.2e+08 eff:0.1% logz-ratio=519.97+/-0.09 dlogz:4.280>0.1]
142828it [8:16:34 bound:2035 nc:1312 ncall:1.2e+08 eff:0.1% logz-ratio=520.00+/-0.09 dlogz:4.191>0.1]
143017it [8:17:35 bound:2038 nc:1359 ncall:1.2e+08 eff:0.1% logz-ratio=520.03+/-0.09 dlogz:4.123>0.1]
143272it [8:18:55 bound:2042 nc:1160 ncall:1.2e+08 eff:0.1% logz-ratio=520.06+/-0.09 dlogz:4.033>0.1]
143462it [8:20:00 bound:2045 nc:1909 ncall:1.2e+08 eff:0.1% logz-ratio=520.08+/-0.09 dlogz:4.025>0.1]
143650it [8:21:02 bound:2048 nc:1528 ncall:1.2e+08 eff:0.1% logz-ratio=520.10+/-0.09 dlogz:3.959>0.1]
143836it [8:22:03 bound:2051 nc:1208 ncall:1.2e+08 eff:0.1% logz-ratio=520.12+/-0.09 dlogz:3.895>0.1]
144091it [8:23:23 bound:2055 nc:1240 ncall:1.2e+08 eff:0.1% logz-ratio=520.15+/-0.09 dlogz:3.806>0.1]
144340it [8:24:41 bound:2059 nc:1230 ncall:1.3e+08 eff:0.1% logz-ratio=520.17+/-0.09 dlogz:3.721>0.1]
144594it [8:26:01 bound:2063 nc:1385 ncall:1.3e+08 eff:0.1% logz-ratio=520.20+/-0.09 dlogz:3.635>0.1]
144781it [8:27:01 bound:2066 nc:1113 ncall:1.3e+08 eff:0.1% logz-ratio=520.22+/-0.09 dlogz:3.572>0.1]
145027it [8:28:19 bound:2070 nc:1424 ncall:1.3e+08 eff:0.1% logz-ratio=520.24+/-0.09 dlogz:3.490>0.1]
145215it [8:29:20 bound:2073 nc:796 ncall:1.3e+08 eff:0.1% logz-ratio=520.26+/-0.09 dlogz:3.428>0.1]
145401it [8:30:24 bound:2076 nc:1644 ncall:1.3e+08 eff:0.1% logz-ratio=520.28+/-0.09 dlogz:3.367>0.1]
145588it [8:31:25 bound:2079 nc:1075 ncall:1.3e+08 eff:0.1% logz-ratio=520.30+/-0.09 dlogz:3.306>0.1]
145774it [8:32:26 bound:2082 nc:985 ncall:1.3e+08 eff:0.1% logz-ratio=520.32+/-0.09 dlogz:3.246>0.1]
145963it [8:33:29 bound:2085 nc:1284 ncall:1.3e+08 eff:0.1% logz-ratio=520.33+/-0.09 dlogz:3.185>0.1]
146152it [8:34:31 bound:2088 nc:1307 ncall:1.3e+08 eff:0.1% logz-ratio=520.35+/-0.09 dlogz:3.125>0.1]
146339it [8:35:36 bound:2091 nc:1037 ncall:1.3e+08 eff:0.1% logz-ratio=520.37+/-0.09 dlogz:3.066>0.1]
146526it [8:36:37 bound:2094 nc:865 ncall:1.3e+08 eff:0.1% logz-ratio=520.38+/-0.09 dlogz:3.007>0.1]
146778it [8:37:55 bound:2098 nc:992 ncall:1.3e+08 eff:0.1% logz-ratio=520.40+/-0.09 dlogz:3.381>0.1]
146968it [8:38:56 bound:2101 nc:1676 ncall:1.3e+08 eff:0.1% logz-ratio=520.42+/-0.09 dlogz:3.322>0.1]
147156it [8:40:02 bound:2104 nc:2098 ncall:1.3e+08 eff:0.1% logz-ratio=520.43+/-0.09 dlogz:3.263>0.1]
147404it [8:41:21 bound:2108 nc:865 ncall:1.3e+08 eff:0.1% logz-ratio=520.45+/-0.09 dlogz:3.187>0.1]
147589it [8:42:22 bound:2111 nc:1360 ncall:1.3e+08 eff:0.1% logz-ratio=520.47+/-0.09 dlogz:3.130>0.1]
147777it [8:43:28 bound:2114 nc:1616 ncall:1.3e+08 eff:0.1% logz-ratio=520.48+/-0.09 dlogz:3.073>0.1]
147963it [8:44:28 bound:2117 nc:2574 ncall:1.3e+08 eff:0.1% logz-ratio=520.49+/-0.09 dlogz:3.052>0.1]
148151it [8:45:28 bound:2120 nc:1298 ncall:1.3e+08 eff:0.1% logz-ratio=520.51+/-0.09 dlogz:2.995>0.1]
148338it [8:46:31 bound:2123 nc:1303 ncall:1.3e+08 eff:0.1% logz-ratio=520.52+/-0.09 dlogz:2.939>0.1]
148528it [8:47:33 bound:2126 nc:1274 ncall:1.3e+08 eff:0.1% logz-ratio=520.53+/-0.09 dlogz:2.883>0.1]
148718it [8:48:36 bound:2129 nc:1343 ncall:1.3e+08 eff:0.1% logz-ratio=520.55+/-0.09 dlogz:2.828>0.1]
148905it [8:49:37 bound:2132 nc:1016 ncall:1.3e+08 eff:0.1% logz-ratio=520.56+/-0.09 dlogz:2.773>0.1]
149089it [8:50:42 bound:2135 nc:787 ncall:1.3e+08 eff:0.1% logz-ratio=520.57+/-0.09 dlogz:2.720>0.1]
149340it [8:52:00 bound:2139 nc:1100 ncall:1.3e+08 eff:0.1% logz-ratio=520.59+/-0.09 dlogz:2.648>0.1]
149528it [8:53:01 bound:2142 nc:794 ncall:1.3e+08 eff:0.1% logz-ratio=520.60+/-0.09 dlogz:2.595>0.1]
149713it [8:54:05 bound:2145 nc:1650 ncall:1.3e+08 eff:0.1% logz-ratio=520.61+/-0.09 dlogz:2.543>0.1]
149963it [8:55:22 bound:2149 nc:1341 ncall:1.3e+08 eff:0.1% logz-ratio=520.62+/-0.09 dlogz:2.473>0.1]
150146it [8:56:28 bound:2152 nc:705 ncall:1.3e+08 eff:0.1% logz-ratio=520.63+/-0.09 dlogz:2.423>0.1]
150398it [8:57:48 bound:2156 nc:1561 ncall:1.3e+08 eff:0.1% logz-ratio=520.65+/-0.09 dlogz:2.354>0.1]
150585it [8:58:51 bound:2159 nc:1961 ncall:1.3e+08 eff:0.1% logz-ratio=520.66+/-0.09 dlogz:2.304>0.1]
150803it [8:59:51 bound:2162 nc:1089 ncall:1.3e+08 eff:0.1% logz-ratio=520.67+/-0.09 dlogz:2.246>0.1]
150956it [9:00:59 bound:2165 nc:2971 ncall:1.3e+08 eff:0.1% logz-ratio=520.68+/-0.09 dlogz:2.205>0.1]
151204it [9:02:20 bound:2169 nc:1491 ncall:1.3e+08 eff:0.1% logz-ratio=520.69+/-0.09 dlogz:2.141>0.1]
151391it [9:03:23 bound:2172 nc:1653 ncall:1.3e+08 eff:0.1% logz-ratio=520.70+/-0.09 dlogz:2.092>0.1]
151637it [9:04:43 bound:2176 nc:1112 ncall:1.4e+08 eff:0.1% logz-ratio=520.71+/-0.09 dlogz:2.030>0.1]
151823it [9:05:44 bound:2179 nc:569 ncall:1.4e+08 eff:0.1% logz-ratio=520.72+/-0.09 dlogz:1.983>0.1]
151919it [9:08:24 bound:2180 nc:808 ncall:1.4e+08 eff:0.1% logz-ratio=520.72+/-0.09 dlogz:1.959>0.1]
152076it [9:09:28 bound:2183 nc:1381 ncall:1.4e+08 eff:0.1% logz-ratio=520.73+/-0.09 dlogz:1.920>0.1]
152266it [9:10:31 bound:2186 nc:1113 ncall:1.4e+08 eff:0.1% logz-ratio=520.74+/-0.09 dlogz:1.873>0.1]
152515it [9:11:47 bound:2190 nc:1282 ncall:1.4e+08 eff:0.1% logz-ratio=520.75+/-0.09 dlogz:1.813>0.1]
152701it [9:12:51 bound:2193 nc:3245 ncall:1.4e+08 eff:0.1% logz-ratio=520.76+/-0.09 dlogz:1.769>0.1]
152888it [9:13:54 bound:2196 nc:885 ncall:1.4e+08 eff:0.1% logz-ratio=520.77+/-0.09 dlogz:1.724>0.1]
153077it [9:14:57 bound:2199 nc:1474 ncall:1.4e+08 eff:0.1% logz-ratio=520.77+/-0.09 dlogz:1.681>0.1]
153265it [9:16:01 bound:2202 nc:1353 ncall:1.4e+08 eff:0.1% logz-ratio=520.78+/-0.09 dlogz:1.637>0.1]
153453it [9:17:02 bound:2205 nc:910 ncall:1.4e+08 eff:0.1% logz-ratio=520.79+/-0.09 dlogz:1.595>0.1]
153643it [9:18:03 bound:2208 nc:698 ncall:1.4e+08 eff:0.1% logz-ratio=520.80+/-0.09 dlogz:1.552>0.1]
153885it [9:19:21 bound:2212 nc:1451 ncall:1.4e+08 eff:0.1% logz-ratio=520.80+/-0.09 dlogz:1.499>0.1]
154070it [9:20:26 bound:2215 nc:1361 ncall:1.4e+08 eff:0.1% logz-ratio=520.81+/-0.09 dlogz:1.459>0.1]
154313it [9:21:47 bound:2219 nc:2107 ncall:1.4e+08 eff:0.1% logz-ratio=520.82+/-0.09 dlogz:1.407>0.1]
154501it [9:22:51 bound:2222 nc:1163 ncall:1.4e+08 eff:0.1% logz-ratio=520.83+/-0.09 dlogz:1.368>0.1]
154687it [9:23:52 bound:2225 nc:2546 ncall:1.4e+08 eff:0.1% logz-ratio=520.83+/-0.09 dlogz:1.330>0.1]
154865it [9:24:54 bound:2228 nc:1075 ncall:1.4e+08 eff:0.1% logz-ratio=520.84+/-0.09 dlogz:1.294>0.1]
155052it [9:25:54 bound:2231 nc:3069 ncall:1.4e+08 eff:0.1% logz-ratio=520.84+/-0.09 dlogz:1.257>0.1]
155241it [9:26:56 bound:2234 nc:1195 ncall:1.4e+08 eff:0.1% logz-ratio=520.85+/-0.09 dlogz:1.220>0.1]
155429it [9:28:02 bound:2237 nc:1356 ncall:1.4e+08 eff:0.1% logz-ratio=520.86+/-0.09 dlogz:1.184>0.1]
155617it [9:29:05 bound:2240 nc:1438 ncall:1.4e+08 eff:0.1% logz-ratio=520.86+/-0.09 dlogz:1.148>0.1]
155802it [9:30:10 bound:2243 nc:1834 ncall:1.4e+08 eff:0.1% logz-ratio=520.87+/-0.09 dlogz:1.114>0.1]
155987it [9:31:11 bound:2246 nc:1339 ncall:1.4e+08 eff:0.1% logz-ratio=520.87+/-0.09 dlogz:1.080>0.1]
156173it [9:32:12 bound:2249 nc:2192 ncall:1.4e+08 eff:0.1% logz-ratio=520.88+/-0.09 dlogz:1.047>0.1]
156361it [9:33:14 bound:2252 nc:753 ncall:1.4e+08 eff:0.1% logz-ratio=520.88+/-0.09 dlogz:1.014>0.1]
156546it [9:34:15 bound:2255 nc:1541 ncall:1.4e+08 eff:0.1% logz-ratio=520.89+/-0.09 dlogz:0.983>0.1]
156737it [9:35:18 bound:2258 nc:1770 ncall:1.4e+08 eff:0.1% logz-ratio=520.89+/-0.09 dlogz:1.289>0.1]
156923it [9:36:18 bound:2261 nc:2640 ncall:1.4e+08 eff:0.1% logz-ratio=520.90+/-0.09 dlogz:1.253>0.1]
157111it [9:37:18 bound:2264 nc:1082 ncall:1.4e+08 eff:0.1% logz-ratio=520.90+/-0.09 dlogz:1.217>0.1]
157294it [9:38:21 bound:2267 nc:2012 ncall:1.4e+08 eff:0.1% logz-ratio=520.91+/-0.09 dlogz:1.183>0.1]
157484it [9:39:23 bound:2270 nc:1194 ncall:1.4e+08 eff:0.1% logz-ratio=520.91+/-0.09 dlogz:1.148>0.1]
157672it [9:40:24 bound:2273 nc:1355 ncall:1.4e+08 eff:0.1% logz-ratio=520.92+/-0.09 dlogz:1.114>0.1]
157858it [9:41:25 bound:2276 nc:1635 ncall:1.4e+08 eff:0.1% logz-ratio=520.92+/-0.09 dlogz:1.081>0.1]
158040it [9:42:25 bound:2279 nc:1677 ncall:1.4e+08 eff:0.1% logz-ratio=520.92+/-0.09 dlogz:1.049>0.1]
158228it [9:43:27 bound:2282 nc:1362 ncall:1.4e+08 eff:0.1% logz-ratio=520.93+/-0.09 dlogz:1.017>0.1]
158413it [9:44:28 bound:2285 nc:1447 ncall:1.4e+08 eff:0.1% logz-ratio=520.93+/-0.09 dlogz:0.986>0.1]
158600it [9:45:31 bound:2288 nc:1595 ncall:1.4e+08 eff:0.1% logz-ratio=520.94+/-0.09 dlogz:0.955>0.1]
158787it [9:46:33 bound:2291 nc:799 ncall:1.4e+08 eff:0.1% logz-ratio=520.94+/-0.09 dlogz:0.925>0.1]
158974it [9:47:35 bound:2294 nc:1406 ncall:1.5e+08 eff:0.1% logz-ratio=520.94+/-0.09 dlogz:0.895>0.1]
159159it [9:48:37 bound:2297 nc:2701 ncall:1.5e+08 eff:0.1% logz-ratio=520.95+/-0.09 dlogz:0.867>0.1]
159345it [9:49:39 bound:2300 nc:2422 ncall:1.5e+08 eff:0.1% logz-ratio=520.95+/-0.09 dlogz:0.839>0.1]
159530it [9:50:43 bound:2303 nc:1581 ncall:1.5e+08 eff:0.1% logz-ratio=520.95+/-0.09 dlogz:0.811>0.1]
159780it [9:52:02 bound:2307 nc:2139 ncall:1.5e+08 eff:0.1% logz-ratio=520.96+/-0.09 dlogz:0.775>0.1]
159966it [9:53:06 bound:2310 nc:614 ncall:1.5e+08 eff:0.1% logz-ratio=520.96+/-0.09 dlogz:0.749>0.1]
160156it [9:54:07 bound:2313 nc:1739 ncall:1.5e+08 eff:0.1% logz-ratio=520.96+/-0.09 dlogz:0.724>0.1]
160342it [9:55:10 bound:2316 nc:664 ncall:1.5e+08 eff:0.1% logz-ratio=520.97+/-0.09 dlogz:0.699>0.1]
160528it [9:56:13 bound:2319 nc:2966 ncall:1.5e+08 eff:0.1% logz-ratio=520.97+/-0.09 dlogz:0.675>0.1]
160716it [9:57:15 bound:2322 nc:1393 ncall:1.5e+08 eff:0.1% logz-ratio=520.97+/-0.09 dlogz:0.735>0.1]
160900it [9:58:17 bound:2325 nc:1372 ncall:1.5e+08 eff:0.1% logz-ratio=520.98+/-0.09 dlogz:0.710>0.1]
161084it [9:59:18 bound:2328 nc:1356 ncall:1.5e+08 eff:0.1% logz-ratio=520.98+/-0.09 dlogz:0.686>0.1]
161331it [10:00:37 bound:2332 nc:1566 ncall:1.5e+08 eff:0.1% logz-ratio=520.98+/-0.09 dlogz:0.655>0.1]
161579it [10:01:58 bound:2336 nc:786 ncall:1.5e+08 eff:0.1% logz-ratio=520.99+/-0.09 dlogz:0.625>0.1]
161765it [10:03:02 bound:2339 nc:1380 ncall:1.5e+08 eff:0.1% logz-ratio=520.99+/-0.09 dlogz:0.728>0.1]
161949it [10:04:03 bound:2342 nc:1340 ncall:1.5e+08 eff:0.1% logz-ratio=520.99+/-0.09 dlogz:0.704>0.1]
162132it [10:05:03 bound:2345 nc:1338 ncall:1.5e+08 eff:0.1% logz-ratio=520.99+/-0.09 dlogz:0.691>0.1]
162319it [10:06:07 bound:2348 nc:1995 ncall:1.5e+08 eff:0.1% logz-ratio=521.00+/-0.09 dlogz:0.668>0.1]
162503it [10:07:12 bound:2351 nc:1199 ncall:1.5e+08 eff:0.1% logz-ratio=521.00+/-0.09 dlogz:0.645>0.1]
162538it [10:09:41 bound:2351 nc:1950 ncall:1.5e+08 eff:0.1% logz-ratio=521.00+/-0.09 dlogz:0.641>0.1]
162688it [10:10:46 bound:2354 nc:701 ncall:1.5e+08 eff:0.1% logz-ratio=521.00+/-0.09 dlogz:0.623>0.1]
162874it [10:11:49 bound:2357 nc:1748 ncall:1.5e+08 eff:0.1% logz-ratio=521.00+/-0.09 dlogz:0.601>0.1]
163056it [10:12:52 bound:2360 nc:2335 ncall:1.5e+08 eff:0.1% logz-ratio=521.00+/-0.09 dlogz:0.580>0.1]
163239it [10:13:55 bound:2363 nc:772 ncall:1.5e+08 eff:0.1% logz-ratio=521.01+/-0.09 dlogz:0.560>0.1]
163425it [10:15:02 bound:2366 nc:1303 ncall:1.5e+08 eff:0.1% logz-ratio=521.01+/-0.09 dlogz:0.540>0.1]
163612it [10:16:03 bound:2369 nc:1690 ncall:1.5e+08 eff:0.1% logz-ratio=521.01+/-0.09 dlogz:0.520>0.1]
163798it [10:17:05 bound:2372 nc:2128 ncall:1.5e+08 eff:0.1% logz-ratio=521.01+/-0.09 dlogz:0.501>0.1]
163978it [10:18:09 bound:2375 nc:1748 ncall:1.5e+08 eff:0.1% logz-ratio=521.01+/-0.09 dlogz:0.484>0.1]
164164it [10:19:11 bound:2378 nc:1715 ncall:1.5e+08 eff:0.1% logz-ratio=521.02+/-0.09 dlogz:0.466>0.1]
164348it [10:20:13 bound:2381 nc:1282 ncall:1.5e+08 eff:0.1% logz-ratio=521.02+/-0.09 dlogz:0.449>0.1]
164531it [10:21:14 bound:2384 nc:1731 ncall:1.5e+08 eff:0.1% logz-ratio=521.02+/-0.09 dlogz:0.432>0.1]
164716it [10:22:16 bound:2387 nc:1215 ncall:1.5e+08 eff:0.1% logz-ratio=521.02+/-0.09 dlogz:0.416>0.1]
164901it [10:23:17 bound:2390 nc:1344 ncall:1.5e+08 eff:0.1% logz-ratio=521.02+/-0.09 dlogz:0.400>0.1]
165081it [10:24:23 bound:2393 nc:1480 ncall:1.5e+08 eff:0.1% logz-ratio=521.02+/-0.09 dlogz:0.386>0.1]
165265it [10:25:26 bound:2396 nc:1405 ncall:1.5e+08 eff:0.1% logz-ratio=521.03+/-0.09 dlogz:0.371>0.1]
165450it [10:26:28 bound:2399 nc:1065 ncall:1.5e+08 eff:0.1% logz-ratio=521.03+/-0.09 dlogz:0.357>0.1]
165630it [10:27:33 bound:2402 nc:2873 ncall:1.5e+08 eff:0.1% logz-ratio=521.03+/-0.09 dlogz:0.343>0.1]
165815it [10:28:38 bound:2405 nc:1537 ncall:1.6e+08 eff:0.1% logz-ratio=521.03+/-0.09 dlogz:0.330>0.1]
166003it [10:29:42 bound:2408 nc:2120 ncall:1.6e+08 eff:0.1% logz-ratio=521.03+/-0.09 dlogz:0.317>0.1]
166183it [10:30:44 bound:2411 nc:1428 ncall:1.6e+08 eff:0.1% logz-ratio=521.03+/-0.09 dlogz:0.305>0.1]
166370it [10:31:47 bound:2414 nc:1395 ncall:1.6e+08 eff:0.1% logz-ratio=521.03+/-0.09 dlogz:0.293>0.1]
166546it [10:32:52 bound:2417 nc:1327 ncall:1.6e+08 eff:0.1% logz-ratio=521.04+/-0.09 dlogz:0.282>0.1]
166727it [10:33:59 bound:2420 nc:1749 ncall:1.6e+08 eff:0.1% logz-ratio=521.04+/-0.09 dlogz:0.271>0.1]
166910it [10:35:02 bound:2423 nc:1230 ncall:1.6e+08 eff:0.1% logz-ratio=521.04+/-0.09 dlogz:0.260>0.1]
167097it [10:36:02 bound:2426 nc:1295 ncall:1.6e+08 eff:0.1% logz-ratio=521.04+/-0.09 dlogz:0.250>0.1]
167273it [10:37:07 bound:2429 nc:1776 ncall:1.6e+08 eff:0.1% logz-ratio=521.04+/-0.09 dlogz:0.240>0.1]
167449it [10:38:13 bound:2432 nc:1575 ncall:1.6e+08 eff:0.1% logz-ratio=521.04+/-0.09 dlogz:0.231>0.1]
167630it [10:39:15 bound:2435 nc:1248 ncall:1.6e+08 eff:0.1% logz-ratio=521.04+/-0.09 dlogz:0.222>0.1]
167808it [10:40:18 bound:2438 nc:865 ncall:1.6e+08 eff:0.1% logz-ratio=521.04+/-0.09 dlogz:0.213>0.1]
167993it [10:41:23 bound:2441 nc:1136 ncall:1.6e+08 eff:0.1% logz-ratio=521.04+/-0.09 dlogz:0.204>0.1]
168170it [10:42:25 bound:2444 nc:2135 ncall:1.6e+08 eff:0.1% logz-ratio=521.04+/-0.09 dlogz:0.196>0.1]
168353it [10:43:29 bound:2447 nc:1670 ncall:1.6e+08 eff:0.1% logz-ratio=521.05+/-0.09 dlogz:0.188>0.1]
168532it [10:44:37 bound:2450 nc:812 ncall:1.6e+08 eff:0.1% logz-ratio=521.05+/-0.09 dlogz:0.259>0.1]
168718it [10:45:39 bound:2453 nc:1835 ncall:1.6e+08 eff:0.1% logz-ratio=521.05+/-0.09 dlogz:0.249>0.1]
168902it [10:46:44 bound:2456 nc:1979 ncall:1.6e+08 eff:0.1% logz-ratio=521.05+/-0.09 dlogz:0.239>0.1]
169083it [10:47:48 bound:2459 nc:1558 ncall:1.6e+08 eff:0.1% logz-ratio=521.05+/-0.09 dlogz:0.229>0.1]
169266it [10:48:53 bound:2462 nc:1479 ncall:1.6e+08 eff:0.1% logz-ratio=521.05+/-0.09 dlogz:0.220>0.1]
169449it [10:49:58 bound:2465 nc:2113 ncall:1.6e+08 eff:0.1% logz-ratio=521.05+/-0.09 dlogz:0.211>0.1]
169633it [10:51:05 bound:2468 nc:1732 ncall:1.6e+08 eff:0.1% logz-ratio=521.05+/-0.09 dlogz:0.203>0.1]
169813it [10:52:09 bound:2471 nc:1625 ncall:1.6e+08 eff:0.1% logz-ratio=521.05+/-0.09 dlogz:0.195>0.1]
169996it [10:53:10 bound:2474 nc:2071 ncall:1.6e+08 eff:0.1% logz-ratio=521.05+/-0.09 dlogz:0.187>0.1]
170180it [10:54:16 bound:2477 nc:1251 ncall:1.6e+08 eff:0.1% logz-ratio=521.05+/-0.09 dlogz:0.179>0.1]
170362it [10:55:18 bound:2480 nc:453 ncall:1.6e+08 eff:0.1% logz-ratio=521.05+/-0.09 dlogz:0.172>0.1]
170548it [10:56:22 bound:2483 nc:2191 ncall:1.6e+08 eff:0.1% logz-ratio=521.05+/-0.09 dlogz:0.165>0.1]
170726it [10:57:25 bound:2486 nc:719 ncall:1.6e+08 eff:0.1% logz-ratio=521.06+/-0.09 dlogz:0.158>0.1]
170911it [10:58:32 bound:2489 nc:2280 ncall:1.6e+08 eff:0.1% logz-ratio=521.06+/-0.09 dlogz:0.152>0.1]
171096it [10:59:37 bound:2492 nc:1698 ncall:1.6e+08 eff:0.1% logz-ratio=521.06+/-0.09 dlogz:0.145>0.1]
171272it [11:00:44 bound:2495 nc:601 ncall:1.6e+08 eff:0.1% logz-ratio=521.06+/-0.09 dlogz:0.140>0.1]
171455it [11:01:49 bound:2498 nc:777 ncall:1.6e+08 eff:0.1% logz-ratio=521.06+/-0.09 dlogz:0.134>0.1]
171640it [11:02:55 bound:2501 nc:1855 ncall:1.6e+08 eff:0.1% logz-ratio=521.06+/-0.09 dlogz:0.128>0.1]
171815it [11:03:58 bound:2504 nc:1470 ncall:1.6e+08 eff:0.1% logz-ratio=521.06+/-0.09 dlogz:0.123>0.1]
171998it [11:05:05 bound:2507 nc:1274 ncall:1.6e+08 eff:0.1% logz-ratio=521.06+/-0.09 dlogz:0.118>0.1]
172178it [11:06:12 bound:2510 nc:2219 ncall:1.6e+08 eff:0.1% logz-ratio=521.06+/-0.09 dlogz:0.113>0.1]
172359it [11:07:19 bound:2513 nc:1916 ncall:1.7e+08 eff:0.1% logz-ratio=521.06+/-0.09 dlogz:0.109>0.1]
172542it [11:08:25 bound:2516 nc:1618 ncall:1.7e+08 eff:0.1% logz-ratio=521.06+/-0.09 dlogz:0.104>0.1]
172547it [11:11:03 bound:2516 nc:1400 ncall:1.7e+08 eff:0.1% logz-ratio=521.06+/-0.09 dlogz:0.104>0.1]
