000 (2575720.000.000) 2025-07-30 15:20:42 Job submitted from host: <145.107.7.246:9618?addrs=145.107.7.246-9618+[2a07-8500-120-e070--3f6]-9618&alias=taai-007.nikhef.nl&noUDP&sock=schedd_2614_90a7>
...
001 (2575720.000.000) 2025-07-30 15:21:12 Job executing on host: <145.107.4.164:9618?addrs=145.107.4.164-9618+[2a07-8500-120-e070--a4]-9618&alias=wn-pijl-003.nikhef.nl&noUDP&sock=startd_4461_7413>
	SlotName: slot1_4@wn-pijl-003.nikhef.nl
	AvailableGPUs = { GPUs_GPU_5faa433c_644c_d0cd_7786_8cda7f2ab56c }
	CondorScratchDir = "/scratch/condor_execute/dir_4131429"
	Cpus = 1
	Disk = 16790397
	GPUs = 1
	GPUs_GPU_5faa433c_644c_d0cd_7786_8cda7f2ab56c = [ Id = "GPU-5faa433c-644c-d0cd-7786-8cda7f2ab56c"; ClockMhz = 2520.0; Capability = 8.9; CoresPerCU = 128; DeviceName = "NVIDIA L40S"; DeviceUuid = "5faa433c-644c-d0cd-7786-8cda7f2ab56c"; ECCEnabled = true; ComputeUnits = 142; NvidiaDriver = "570.124.06"; DriverVersion = 12.8; DevicePciBusId = "0000:02:00.0"; GlobalMemoryMb = 45468; MaxSupportedVersion = 12080 ]
	Memory = 16384
...
006 (2575720.000.000) 2025-07-30 15:21:23 Image size of job updated: 334784
	0  -  MemoryUsage of job (MB)
	0  -  ResidentSetSize of job (KB)
...
005 (2575720.000.000) 2025-07-30 15:21:23 Job terminated.
	(1) Normal termination (return value 1)
		Usr 0 00:00:03, Sys 0 00:00:01  -  Run Remote Usage
		Usr 0 00:00:00, Sys 0 00:00:00  -  Run Local Usage
		Usr 0 00:00:03, Sys 0 00:00:01  -  Total Remote Usage
		Usr 0 00:00:00, Sys 0 00:00:00  -  Total Local Usage
	0  -  Run Bytes Sent By Job
	0  -  Run Bytes Received By Job
	0  -  Total Bytes Sent By Job
	0  -  Total Bytes Received By Job
	Partitionable Resources :    Usage  Request Allocated Assigned
	   Cpus                 :     0.46        1         1 
	   Disk (KB)            : 17500    16777216  16790397 
	   GPUs                 :                 1         1 "GPU-5faa433c-644c-d0cd-7786-8cda7f2ab56c"
	   Memory (MB)          :     0       16384     16384 
	   TimeExecute (s)      :    11                       
	   TimeSlotBusy (s)     :    11                       

	Job terminated of its own accord at 2025-07-30T13:21:23Z with exit-code 1.
...
