self.parameters_ref
{'chirp_mass': 2.0272715949909377, 'mass_ratio': 0.3699999999999999, 'symmetric_mass_ratio': 0.19713357131440137, 'a_1': 0.0, 'a_2': 0.0, 'tilt_1': 0.0, 'tilt_2': 0.0, 'phi_jl': 0.0, 'phi_12': 0.0, 'luminosity_distance': 201.0, 'phase': 1.3576488959769972, 'theta_jn': 2.323517520938953, 'psi': 0.030083409062676092, 'ra': 1.121307208346961, 'dec': 0.22562961827621178, 'lambda_1': 0.0, 'lambda_2': 0.0, 'mass_1': 3.920441829732034, 'mass_2': 1.4505634770008522, 'geocent_time': 1369419318.7460938, 'duration': 128.0}
1it [0:00:00 bound:0 nc:  1 ncall:4.1e+03 eff:0.0% logz-ratio=-281.93+/-0.05 dlogz:inf>0.1]
12319it [0:01:00 bound:0 nc:137 ncall:8.3e+04 eff:14.9% logz-ratio=-0.69+/-0.02 dlogz:7.683>0.1]
14769it [0:02:08 bound:3 nc:699 ncall:1.9e+05 eff:7.9% logz-ratio=-0.46+/-0.02 dlogz:9.188>0.1]
15150it [0:03:16 bound:9 nc:822 ncall:4.2e+05 eff:3.6% logz-ratio=-0.43+/-0.02 dlogz:9.063>0.1]
15531it [0:04:22 bound:15 nc:543 ncall:6.5e+05 eff:2.4% logz-ratio=-0.40+/-0.02 dlogz:8.940>0.1]
15847it [0:05:23 bound:20 nc:749 ncall:8.5e+05 eff:1.9% logz-ratio=-0.37+/-0.02 dlogz:11.684>0.1]
16226it [0:06:30 bound:26 nc:568 ncall:1.1e+06 eff:1.5% logz-ratio=-0.35+/-0.02 dlogz:11.563>0.1]
16543it [0:07:31 bound:31 nc:744 ncall:1.3e+06 eff:1.3% logz-ratio=-0.32+/-0.02 dlogz:11.462>0.1]
16924it [0:08:43 bound:37 nc:577 ncall:1.5e+06 eff:1.1% logz-ratio=-0.30+/-0.02 dlogz:11.341>0.1]
17240it [0:09:44 bound:42 nc:537 ncall:1.7e+06 eff:1.0% logz-ratio=-0.27+/-0.02 dlogz:11.242>0.1]
17557it [0:10:46 bound:47 nc:878 ncall:1.9e+06 eff:0.9% logz-ratio=-0.25+/-0.02 dlogz:11.142>0.1]
17873it [0:11:49 bound:52 nc:722 ncall:2.1e+06 eff:0.8% logz-ratio=-0.23+/-0.02 dlogz:11.044>0.1]
18190it [0:12:52 bound:57 nc:888 ncall:2.3e+06 eff:0.8% logz-ratio=-0.21+/-0.02 dlogz:10.945>0.1]
18508it [0:13:56 bound:62 nc:387 ncall:2.5e+06 eff:0.7% logz-ratio=-0.19+/-0.02 dlogz:10.847>0.1]
18821it [0:14:58 bound:67 nc:637 ncall:2.7e+06 eff:0.7% logz-ratio=-0.17+/-0.02 dlogz:10.750>0.1]
19131it [0:16:04 bound:72 nc:593 ncall:2.9e+06 eff:0.7% logz-ratio=-0.15+/-0.02 dlogz:10.655>0.1]
19442it [0:17:06 bound:77 nc:827 ncall:3.1e+06 eff:0.6% logz-ratio=-0.13+/-0.02 dlogz:10.559>0.1]
19758it [0:18:10 bound:82 nc:724 ncall:3.3e+06 eff:0.6% logz-ratio=-0.11+/-0.02 dlogz:10.463>0.1]
20069it [0:19:17 bound:87 nc:573 ncall:3.5e+06 eff:0.6% logz-ratio=-0.09+/-0.02 dlogz:10.368>0.1]
20377it [0:20:20 bound:92 nc:456 ncall:3.6e+06 eff:0.6% logz-ratio=-0.07+/-0.02 dlogz:10.275>0.1]
20685it [0:21:31 bound:97 nc:401 ncall:3.8e+06 eff:0.5% logz-ratio=-0.05+/-0.02 dlogz:10.182>0.1]
20993it [0:22:35 bound:102 nc:361 ncall:4.0e+06 eff:0.5% logz-ratio=-0.04+/-0.02 dlogz:10.089>0.1]
21307it [0:23:41 bound:107 nc:888 ncall:4.2e+06 eff:0.5% logz-ratio=-0.02+/-0.02 dlogz:9.995>0.1]
21616it [0:24:44 bound:112 nc:1021 ncall:4.4e+06 eff:0.5% logz-ratio=-0.00+/-0.02 dlogz:9.902>0.1]
21925it [0:25:58 bound:117 nc:780 ncall:4.6e+06 eff:0.5% logz-ratio=0.02+/-0.02 dlogz:9.810>0.1]
22173it [0:27:00 bound:121 nc:502 ncall:4.8e+06 eff:0.5% logz-ratio=0.03+/-0.02 dlogz:9.736>0.1]
22411it [0:28:17 bound:125 nc:406 ncall:4.9e+06 eff:0.5% logz-ratio=0.04+/-0.02 dlogz:9.665>0.1]
22590it [0:29:21 bound:128 nc:333 ncall:5.1e+06 eff:0.4% logz-ratio=0.05+/-0.02 dlogz:9.612>0.1]
22828it [0:30:43 bound:132 nc:1077 ncall:5.2e+06 eff:0.4% logz-ratio=0.06+/-0.02 dlogz:9.541>0.1]
23002it [0:31:45 bound:135 nc:900 ncall:5.3e+06 eff:0.4% logz-ratio=0.07+/-0.02 dlogz:9.490>0.1]
23177it [0:32:46 bound:138 nc:843 ncall:5.4e+06 eff:0.4% logz-ratio=0.08+/-0.02 dlogz:9.438>0.1]
23419it [0:34:07 bound:142 nc:990 ncall:5.6e+06 eff:0.4% logz-ratio=0.09+/-0.02 dlogz:9.367>0.1]
23602it [0:35:13 bound:145 nc:751 ncall:5.7e+06 eff:0.4% logz-ratio=0.10+/-0.02 dlogz:9.313>0.1]
23785it [0:36:17 bound:148 nc:459 ncall:5.8e+06 eff:0.4% logz-ratio=0.11+/-0.02 dlogz:9.259>0.1]
23961it [0:37:26 bound:151 nc:810 ncall:5.9e+06 eff:0.4% logz-ratio=0.12+/-0.02 dlogz:9.208>0.1]
24201it [0:38:48 bound:155 nc:320 ncall:6.1e+06 eff:0.4% logz-ratio=0.13+/-0.02 dlogz:9.137>0.1]
24382it [0:39:52 bound:158 nc:856 ncall:6.2e+06 eff:0.4% logz-ratio=0.14+/-0.02 dlogz:9.084>0.1]
24561it [0:41:00 bound:161 nc:547 ncall:6.3e+06 eff:0.4% logz-ratio=0.15+/-0.02 dlogz:9.032>0.1]
24739it [0:42:08 bound:164 nc:1012 ncall:6.5e+06 eff:0.4% logz-ratio=0.16+/-0.02 dlogz:8.980>0.1]
24968it [0:43:31 bound:168 nc:573 ncall:6.6e+06 eff:0.4% logz-ratio=0.17+/-0.02 dlogz:8.914>0.1]
25151it [0:44:34 bound:171 nc:601 ncall:6.7e+06 eff:0.4% logz-ratio=0.18+/-0.02 dlogz:8.860>0.1]
25327it [0:45:44 bound:174 nc:715 ncall:6.8e+06 eff:0.4% logz-ratio=0.19+/-0.02 dlogz:8.809>0.1]
25505it [0:46:58 bound:177 nc:776 ncall:7.0e+06 eff:0.4% logz-ratio=0.19+/-0.02 dlogz:8.757>0.1]
25677it [0:48:27 bound:180 nc:660 ncall:7.1e+06 eff:0.4% logz-ratio=0.20+/-0.02 dlogz:8.707>0.1]
25794it [0:49:30 bound:182 nc:413 ncall:7.2e+06 eff:0.4% logz-ratio=0.21+/-0.02 dlogz:8.673>0.1]
25967it [0:50:46 bound:185 nc:1246 ncall:7.3e+06 eff:0.4% logz-ratio=0.22+/-0.02 dlogz:8.623>0.1]
26136it [0:52:03 bound:188 nc:416 ncall:7.4e+06 eff:0.4% logz-ratio=0.22+/-0.02 dlogz:8.574>0.1]
26309it [0:53:22 bound:191 nc:514 ncall:7.5e+06 eff:0.4% logz-ratio=0.23+/-0.02 dlogz:8.524>0.1]
26422it [0:54:34 bound:193 nc:620 ncall:7.6e+06 eff:0.3% logz-ratio=0.24+/-0.02 dlogz:8.491>0.1]
26590it [0:55:53 bound:196 nc:842 ncall:7.7e+06 eff:0.3% logz-ratio=0.24+/-0.02 dlogz:8.443>0.1]
26757it [0:57:17 bound:199 nc:490 ncall:7.8e+06 eff:0.3% logz-ratio=0.25+/-0.02 dlogz:8.394>0.1]
26924it [0:58:41 bound:202 nc:725 ncall:8.0e+06 eff:0.3% logz-ratio=0.26+/-0.02 dlogz:8.346>0.1]
27094it [1:00:01 bound:205 nc:534 ncall:8.1e+06 eff:0.3% logz-ratio=0.27+/-0.02 dlogz:8.297>0.1]
27149it [1:01:01 bound:206 nc:1321 ncall:8.1e+06 eff:0.3% logz-ratio=0.27+/-0.02 dlogz:8.281>0.1]
27318it [1:02:13 bound:209 nc:796 ncall:8.2e+06 eff:0.3% logz-ratio=0.28+/-0.02 dlogz:8.232>0.1]
27481it [1:03:35 bound:212 nc:868 ncall:8.4e+06 eff:0.3% logz-ratio=0.28+/-0.02 dlogz:8.185>0.1]
27646it [1:04:48 bound:215 nc:686 ncall:8.5e+06 eff:0.3% logz-ratio=0.29+/-0.02 dlogz:8.138>0.1]
27817it [1:06:06 bound:218 nc:807 ncall:8.6e+06 eff:0.3% logz-ratio=0.30+/-0.02 dlogz:8.088>0.1]
27979it [1:07:19 bound:221 nc:795 ncall:8.7e+06 eff:0.3% logz-ratio=0.31+/-0.02 dlogz:8.042>0.1]
28140it [1:08:30 bound:224 nc:677 ncall:8.8e+06 eff:0.3% logz-ratio=0.31+/-0.02 dlogz:7.995>0.1]
28306it [1:09:42 bound:227 nc:984 ncall:9.0e+06 eff:0.3% logz-ratio=0.32+/-0.02 dlogz:7.948>0.1]
28465it [1:11:05 bound:230 nc:888 ncall:9.1e+06 eff:0.3% logz-ratio=0.33+/-0.02 dlogz:7.902>0.1]
28624it [1:12:13 bound:233 nc:855 ncall:9.2e+06 eff:0.3% logz-ratio=0.33+/-0.02 dlogz:7.856>0.1]
28789it [1:13:20 bound:236 nc:516 ncall:9.3e+06 eff:0.3% logz-ratio=0.34+/-0.02 dlogz:7.809>0.1]
28957it [1:14:26 bound:239 nc:616 ncall:9.4e+06 eff:0.3% logz-ratio=0.35+/-0.02 dlogz:7.761>0.1]
29114it [1:15:31 bound:242 nc:610 ncall:9.6e+06 eff:0.3% logz-ratio=0.35+/-0.02 dlogz:7.716>0.1]
29344it [1:16:51 bound:246 nc:609 ncall:9.7e+06 eff:0.3% logz-ratio=0.36+/-0.02 dlogz:7.650>0.1]
29564it [1:18:09 bound:250 nc:972 ncall:9.9e+06 eff:0.3% logz-ratio=0.37+/-0.02 dlogz:7.587>0.1]
29729it [1:19:10 bound:253 nc:784 ncall:1.0e+07 eff:0.3% logz-ratio=0.38+/-0.02 dlogz:7.540>0.1]
29895it [1:20:12 bound:256 nc:787 ncall:1.0e+07 eff:0.3% logz-ratio=0.39+/-0.02 dlogz:7.493>0.1]
30113it [1:21:26 bound:260 nc:486 ncall:1.0e+07 eff:0.3% logz-ratio=0.40+/-0.02 dlogz:7.431>0.1]
30334it [1:22:39 bound:264 nc:750 ncall:1.0e+07 eff:0.3% logz-ratio=0.41+/-0.02 dlogz:7.368>0.1]
30549it [1:23:54 bound:268 nc:775 ncall:1.1e+07 eff:0.3% logz-ratio=0.41+/-0.02 dlogz:7.306>0.1]
30777it [1:25:03 bound:272 nc:139 ncall:1.1e+07 eff:0.3% logz-ratio=0.42+/-0.02 dlogz:7.242>0.1]
31005it [1:26:17 bound:276 nc:818 ncall:1.1e+07 eff:0.3% logz-ratio=0.43+/-0.02 dlogz:8.742>0.1]
31215it [1:27:27 bound:280 nc:1245 ncall:1.1e+07 eff:0.3% logz-ratio=0.44+/-0.02 dlogz:8.682>0.1]
31437it [1:28:38 bound:284 nc:644 ncall:1.1e+07 eff:0.3% logz-ratio=0.45+/-0.02 dlogz:8.619>0.1]
31664it [1:29:46 bound:288 nc:1400 ncall:1.2e+07 eff:0.3% logz-ratio=0.46+/-0.02 dlogz:8.555>0.1]
31889it [1:30:57 bound:292 nc:763 ncall:1.2e+07 eff:0.3% logz-ratio=0.47+/-0.02 dlogz:8.491>0.1]
32111it [1:32:13 bound:296 nc:806 ncall:1.2e+07 eff:0.3% logz-ratio=0.48+/-0.02 dlogz:8.428>0.1]
32328it [1:33:21 bound:300 nc:1471 ncall:1.2e+07 eff:0.3% logz-ratio=0.49+/-0.02 dlogz:8.366>0.1]
32552it [1:34:28 bound:304 nc:928 ncall:1.2e+07 eff:0.3% logz-ratio=0.49+/-0.02 dlogz:8.303>0.1]
32720it [1:35:32 bound:307 nc:517 ncall:1.2e+07 eff:0.3% logz-ratio=0.50+/-0.02 dlogz:8.255>0.1]
32894it [1:36:46 bound:310 nc:465 ncall:1.2e+07 eff:0.3% logz-ratio=0.51+/-0.02 dlogz:8.206>0.1]
33061it [1:37:56 bound:313 nc:381 ncall:1.3e+07 eff:0.3% logz-ratio=0.51+/-0.02 dlogz:8.159>0.1]
33232it [1:39:08 bound:316 nc:462 ncall:1.3e+07 eff:0.3% logz-ratio=0.52+/-0.02 dlogz:8.111>0.1]
33404it [1:40:20 bound:319 nc:1189 ncall:1.3e+07 eff:0.3% logz-ratio=0.53+/-0.02 dlogz:8.062>0.1]
33577it [1:41:35 bound:322 nc:701 ncall:1.3e+07 eff:0.3% logz-ratio=0.53+/-0.02 dlogz:8.013>0.1]
33750it [1:42:47 bound:325 nc:792 ncall:1.3e+07 eff:0.3% logz-ratio=0.54+/-0.02 dlogz:7.964>0.1]
33917it [1:44:04 bound:328 nc:1021 ncall:1.3e+07 eff:0.3% logz-ratio=0.55+/-0.03 dlogz:7.917>0.1]
34093it [1:45:11 bound:331 nc:1061 ncall:1.3e+07 eff:0.3% logz-ratio=0.55+/-0.03 dlogz:7.868>0.1]
34270it [1:46:17 bound:334 nc:1021 ncall:1.3e+07 eff:0.3% logz-ratio=0.56+/-0.03 dlogz:7.818>0.1]
34454it [1:47:28 bound:337 nc:347 ncall:1.4e+07 eff:0.3% logz-ratio=0.57+/-0.03 dlogz:7.766>0.1]
34628it [1:48:49 bound:340 nc:1237 ncall:1.4e+07 eff:0.3% logz-ratio=0.57+/-0.03 dlogz:7.717>0.1]
34805it [1:49:58 bound:343 nc:421 ncall:1.4e+07 eff:0.3% logz-ratio=0.58+/-0.03 dlogz:7.667>0.1]
34981it [1:51:04 bound:346 nc:1755 ncall:1.4e+07 eff:0.2% logz-ratio=0.59+/-0.03 dlogz:7.618>0.1]
35155it [1:52:12 bound:349 nc:1055 ncall:1.4e+07 eff:0.2% logz-ratio=0.59+/-0.03 dlogz:7.569>0.1]
35337it [1:53:22 bound:352 nc:398 ncall:1.4e+07 eff:0.2% logz-ratio=0.60+/-0.03 dlogz:7.517>0.1]
35513it [1:54:33 bound:355 nc:788 ncall:1.4e+07 eff:0.2% logz-ratio=0.61+/-0.03 dlogz:7.468>0.1]
35693it [1:55:41 bound:358 nc:637 ncall:1.5e+07 eff:0.2% logz-ratio=0.61+/-0.03 dlogz:7.418>0.1]
35873it [1:56:51 bound:361 nc:129 ncall:1.5e+07 eff:0.2% logz-ratio=0.62+/-0.03 dlogz:7.367>0.1]
36057it [1:57:58 bound:364 nc:953 ncall:1.5e+07 eff:0.2% logz-ratio=0.63+/-0.03 dlogz:7.316>0.1]
36237it [1:59:09 bound:367 nc:581 ncall:1.5e+07 eff:0.2% logz-ratio=0.63+/-0.03 dlogz:7.265>0.1]
36421it [2:00:16 bound:370 nc:255 ncall:1.5e+07 eff:0.2% logz-ratio=0.64+/-0.03 dlogz:7.214>0.1]
36538it [2:01:34 bound:372 nc:591 ncall:1.5e+07 eff:0.2% logz-ratio=0.64+/-0.03 dlogz:7.181>0.1]
36716it [2:02:37 bound:375 nc:752 ncall:1.5e+07 eff:0.2% logz-ratio=0.65+/-0.03 dlogz:7.883>0.1]
36901it [2:03:41 bound:378 nc:530 ncall:1.5e+07 eff:0.2% logz-ratio=0.66+/-0.03 dlogz:7.831>0.1]
37086it [2:04:43 bound:381 nc:429 ncall:1.6e+07 eff:0.2% logz-ratio=0.66+/-0.03 dlogz:7.780>0.1]
37300it [2:05:43 bound:384 nc:912 ncall:1.6e+07 eff:0.2% logz-ratio=0.67+/-0.03 dlogz:7.720>0.1]
37452it [2:06:44 bound:387 nc:619 ncall:1.6e+07 eff:0.2% logz-ratio=0.68+/-0.03 dlogz:7.678>0.1]
37701it [2:08:01 bound:391 nc:450 ncall:1.6e+07 eff:0.2% logz-ratio=0.68+/-0.03 dlogz:7.608>0.1]
37891it [2:09:05 bound:394 nc:621 ncall:1.6e+07 eff:0.2% logz-ratio=0.69+/-0.03 dlogz:7.555>0.1]
38136it [2:10:27 bound:398 nc:620 ncall:1.6e+07 eff:0.2% logz-ratio=0.70+/-0.03 dlogz:7.487>0.1]
38325it [2:11:32 bound:401 nc:552 ncall:1.6e+07 eff:0.2% logz-ratio=0.71+/-0.03 dlogz:7.434>0.1]
38579it [2:12:48 bound:405 nc:709 ncall:1.7e+07 eff:0.2% logz-ratio=0.71+/-0.03 dlogz:7.364>0.1]
38768it [2:13:50 bound:408 nc:721 ncall:1.7e+07 eff:0.2% logz-ratio=0.72+/-0.03 dlogz:7.311>0.1]
38960it [2:14:53 bound:411 nc:740 ncall:1.7e+07 eff:0.2% logz-ratio=0.73+/-0.03 dlogz:7.258>0.1]
39213it [2:16:17 bound:415 nc:466 ncall:1.7e+07 eff:0.2% logz-ratio=0.74+/-0.03 dlogz:7.188>0.1]
39401it [2:17:37 bound:418 nc:985 ncall:1.7e+07 eff:0.2% logz-ratio=0.74+/-0.03 dlogz:7.135>0.1]
39588it [2:18:55 bound:421 nc:444 ncall:1.7e+07 eff:0.2% logz-ratio=0.75+/-0.03 dlogz:7.084>0.1]
39777it [2:20:19 bound:424 nc:500 ncall:1.8e+07 eff:0.2% logz-ratio=0.75+/-0.03 dlogz:7.031>0.1]
39962it [2:21:34 bound:427 nc:499 ncall:1.8e+07 eff:0.2% logz-ratio=0.76+/-0.03 dlogz:10.386>0.1]
40153it [2:22:49 bound:430 nc:608 ncall:1.8e+07 eff:0.2% logz-ratio=0.77+/-0.03 dlogz:10.333>0.1]
40340it [2:24:15 bound:433 nc:1058 ncall:1.8e+07 eff:0.2% logz-ratio=0.77+/-0.03 dlogz:10.281>0.1]
40529it [2:25:39 bound:436 nc:1255 ncall:1.8e+07 eff:0.2% logz-ratio=0.78+/-0.03 dlogz:10.229>0.1]
40718it [2:26:52 bound:439 nc:518 ncall:1.8e+07 eff:0.2% logz-ratio=0.79+/-0.03 dlogz:10.176>0.1]
40908it [2:28:13 bound:442 nc:708 ncall:1.8e+07 eff:0.2% logz-ratio=0.79+/-0.03 dlogz:10.124>0.1]
41099it [2:29:18 bound:445 nc:571 ncall:1.9e+07 eff:0.2% logz-ratio=0.80+/-0.03 dlogz:10.070>0.1]
41289it [2:30:38 bound:448 nc:1185 ncall:1.9e+07 eff:0.2% logz-ratio=0.81+/-0.03 dlogz:10.018>0.1]
41480it [2:31:54 bound:451 nc:544 ncall:1.9e+07 eff:0.2% logz-ratio=0.81+/-0.03 dlogz:9.964>0.1]
41670it [2:33:10 bound:454 nc:495 ncall:1.9e+07 eff:0.2% logz-ratio=0.82+/-0.03 dlogz:9.911>0.1]
41859it [2:34:22 bound:457 nc:504 ncall:1.9e+07 eff:0.2% logz-ratio=0.83+/-0.03 dlogz:9.859>0.1]
42047it [2:35:43 bound:460 nc:642 ncall:1.9e+07 eff:0.2% logz-ratio=0.83+/-0.03 dlogz:9.806>0.1]
42237it [2:37:03 bound:463 nc:982 ncall:1.9e+07 eff:0.2% logz-ratio=0.84+/-0.03 dlogz:9.753>0.1]
42428it [2:38:17 bound:466 nc:1019 ncall:2.0e+07 eff:0.2% logz-ratio=0.85+/-0.03 dlogz:9.700>0.1]
42619it [2:39:29 bound:469 nc:1197 ncall:2.0e+07 eff:0.2% logz-ratio=0.85+/-0.03 dlogz:9.646>0.1]
42810it [2:40:50 bound:472 nc:724 ncall:2.0e+07 eff:0.2% logz-ratio=0.86+/-0.03 dlogz:9.593>0.1]
43002it [2:42:04 bound:475 nc:1263 ncall:2.0e+07 eff:0.2% logz-ratio=0.87+/-0.03 dlogz:9.539>0.1]
43194it [2:43:16 bound:478 nc:785 ncall:2.0e+07 eff:0.2% logz-ratio=0.87+/-0.03 dlogz:9.485>0.1]
43384it [2:44:28 bound:481 nc:848 ncall:2.0e+07 eff:0.2% logz-ratio=0.88+/-0.03 dlogz:9.432>0.1]
43575it [2:45:33 bound:484 nc:1085 ncall:2.0e+07 eff:0.2% logz-ratio=0.89+/-0.03 dlogz:9.378>0.1]
43765it [2:46:41 bound:487 nc:709 ncall:2.1e+07 eff:0.2% logz-ratio=0.89+/-0.03 dlogz:9.325>0.1]
43956it [2:47:46 bound:490 nc:822 ncall:2.1e+07 eff:0.2% logz-ratio=0.90+/-0.03 dlogz:9.272>0.1]
44146it [2:48:51 bound:493 nc:1052 ncall:2.1e+07 eff:0.2% logz-ratio=0.91+/-0.03 dlogz:9.218>0.1]
44337it [2:49:55 bound:496 nc:860 ncall:2.1e+07 eff:0.2% logz-ratio=0.91+/-0.03 dlogz:9.165>0.1]
44529it [2:51:02 bound:499 nc:727 ncall:2.1e+07 eff:0.2% logz-ratio=0.92+/-0.03 dlogz:9.111>0.1]
44720it [2:52:03 bound:502 nc:663 ncall:2.1e+07 eff:0.2% logz-ratio=0.93+/-0.03 dlogz:9.057>0.1]
44911it [2:53:05 bound:505 nc:527 ncall:2.1e+07 eff:0.2% logz-ratio=0.94+/-0.03 dlogz:9.003>0.1]
45102it [2:54:07 bound:508 nc:566 ncall:2.2e+07 eff:0.2% logz-ratio=0.94+/-0.03 dlogz:8.949>0.1]
45292it [2:55:10 bound:511 nc:784 ncall:2.2e+07 eff:0.2% logz-ratio=0.95+/-0.03 dlogz:14.602>0.1]
45482it [2:56:12 bound:514 nc:642 ncall:2.2e+07 eff:0.2% logz-ratio=0.96+/-0.03 dlogz:14.548>0.1]
45671it [2:57:22 bound:517 nc:995 ncall:2.2e+07 eff:0.2% logz-ratio=0.97+/-0.03 dlogz:14.494>0.1]
45862it [2:58:26 bound:520 nc:804 ncall:2.2e+07 eff:0.2% logz-ratio=0.97+/-0.03 dlogz:14.440>0.1]
46048it [2:59:29 bound:523 nc:884 ncall:2.2e+07 eff:0.2% logz-ratio=0.98+/-0.03 dlogz:14.388>0.1]
46238it [3:00:37 bound:526 nc:754 ncall:2.3e+07 eff:0.2% logz-ratio=0.99+/-0.03 dlogz:14.334>0.1]
46330it [3:01:41 bound:527 nc:695 ncall:2.3e+07 eff:0.2% logz-ratio=0.99+/-0.03 dlogz:14.308>0.1]
46492it [3:02:44 bound:530 nc:1078 ncall:2.3e+07 eff:0.2% logz-ratio=1.00+/-0.03 dlogz:14.262>0.1]
46679it [3:03:54 bound:533 nc:1472 ncall:2.3e+07 eff:0.2% logz-ratio=1.01+/-0.03 dlogz:14.209>0.1]
46870it [3:05:06 bound:536 nc:857 ncall:2.3e+07 eff:0.2% logz-ratio=1.01+/-0.03 dlogz:14.154>0.1]
47059it [3:06:12 bound:539 nc:603 ncall:2.3e+07 eff:0.2% logz-ratio=1.02+/-0.03 dlogz:14.101>0.1]
47251it [3:07:14 bound:542 nc:898 ncall:2.3e+07 eff:0.2% logz-ratio=1.03+/-0.03 dlogz:14.046>0.1]
47441it [3:08:18 bound:545 nc:872 ncall:2.4e+07 eff:0.2% logz-ratio=1.04+/-0.03 dlogz:13.992>0.1]
47632it [3:09:22 bound:548 nc:552 ncall:2.4e+07 eff:0.2% logz-ratio=1.04+/-0.03 dlogz:13.937>0.1]
47822it [3:10:25 bound:551 nc:1342 ncall:2.4e+07 eff:0.2% logz-ratio=1.05+/-0.03 dlogz:13.883>0.1]
48013it [3:11:29 bound:554 nc:745 ncall:2.4e+07 eff:0.2% logz-ratio=1.06+/-0.03 dlogz:13.829>0.1]
48202it [3:12:38 bound:557 nc:303 ncall:2.4e+07 eff:0.2% logz-ratio=1.07+/-0.03 dlogz:13.775>0.1]
48456it [3:13:58 bound:561 nc:812 ncall:2.4e+07 eff:0.2% logz-ratio=1.08+/-0.03 dlogz:13.702>0.1]
48710it [3:15:14 bound:565 nc:1153 ncall:2.5e+07 eff:0.2% logz-ratio=1.09+/-0.03 dlogz:13.629>0.1]
48961it [3:16:32 bound:569 nc:815 ncall:2.5e+07 eff:0.2% logz-ratio=1.10+/-0.03 dlogz:13.557>0.1]
49150it [3:17:32 bound:572 nc:636 ncall:2.5e+07 eff:0.2% logz-ratio=1.11+/-0.03 dlogz:13.503>0.1]
49406it [3:18:50 bound:576 nc:781 ncall:2.5e+07 eff:0.2% logz-ratio=1.12+/-0.03 dlogz:13.429>0.1]
49660it [3:20:02 bound:580 nc:546 ncall:2.5e+07 eff:0.2% logz-ratio=1.13+/-0.03 dlogz:13.355>0.1]
49913it [3:21:20 bound:584 nc:737 ncall:2.6e+07 eff:0.2% logz-ratio=1.14+/-0.03 dlogz:13.282>0.1]
50165it [3:22:36 bound:588 nc:1142 ncall:2.6e+07 eff:0.2% logz-ratio=1.15+/-0.03 dlogz:13.209>0.1]
50355it [3:23:36 bound:591 nc:1926 ncall:2.6e+07 eff:0.2% logz-ratio=1.16+/-0.03 dlogz:13.153>0.1]
50607it [3:24:52 bound:595 nc:996 ncall:2.6e+07 eff:0.2% logz-ratio=1.18+/-0.03 dlogz:13.079>0.1]
50839it [3:25:52 bound:598 nc:1175 ncall:2.7e+07 eff:0.2% logz-ratio=1.19+/-0.04 dlogz:13.011>0.1]
51050it [3:27:06 bound:602 nc:610 ncall:2.7e+07 eff:0.2% logz-ratio=1.20+/-0.04 dlogz:12.949>0.1]
51302it [3:28:16 bound:606 nc:787 ncall:2.7e+07 eff:0.2% logz-ratio=1.21+/-0.04 dlogz:12.875>0.1]
51551it [3:29:27 bound:610 nc:1026 ncall:2.7e+07 eff:0.2% logz-ratio=1.22+/-0.04 dlogz:12.801>0.1]
51803it [3:30:41 bound:614 nc:585 ncall:2.7e+07 eff:0.2% logz-ratio=1.24+/-0.04 dlogz:12.726>0.1]
52053it [3:31:53 bound:618 nc:746 ncall:2.8e+07 eff:0.2% logz-ratio=1.25+/-0.04 dlogz:12.652>0.1]
52306it [3:33:09 bound:622 nc:1092 ncall:2.8e+07 eff:0.2% logz-ratio=1.26+/-0.04 dlogz:12.576>0.1]
52558it [3:34:23 bound:626 nc:651 ncall:2.8e+07 eff:0.2% logz-ratio=1.28+/-0.04 dlogz:12.500>0.1]
52808it [3:35:40 bound:630 nc:769 ncall:2.8e+07 eff:0.2% logz-ratio=1.29+/-0.04 dlogz:12.425>0.1]
53052it [3:36:55 bound:634 nc:965 ncall:2.9e+07 eff:0.2% logz-ratio=1.31+/-0.04 dlogz:12.351>0.1]
53303it [3:38:08 bound:638 nc:651 ncall:2.9e+07 eff:0.2% logz-ratio=1.32+/-0.04 dlogz:12.275>0.1]
53554it [3:39:27 bound:642 nc:789 ncall:2.9e+07 eff:0.2% logz-ratio=1.34+/-0.04 dlogz:12.199>0.1]
53801it [3:40:42 bound:646 nc:909 ncall:2.9e+07 eff:0.2% logz-ratio=1.35+/-0.04 dlogz:12.123>0.1]
54046it [3:41:56 bound:650 nc:696 ncall:2.9e+07 eff:0.2% logz-ratio=1.37+/-0.04 dlogz:12.049>0.1]
54293it [3:43:07 bound:654 nc:620 ncall:3.0e+07 eff:0.2% logz-ratio=1.38+/-0.04 dlogz:11.973>0.1]
54539it [3:44:23 bound:658 nc:1105 ncall:3.0e+07 eff:0.2% logz-ratio=1.40+/-0.04 dlogz:11.898>0.1]
54786it [3:45:40 bound:662 nc:1070 ncall:3.0e+07 eff:0.2% logz-ratio=1.41+/-0.04 dlogz:11.822>0.1]
55031it [3:46:58 bound:666 nc:717 ncall:3.0e+07 eff:0.2% logz-ratio=1.43+/-0.04 dlogz:11.747>0.1]
55277it [3:48:17 bound:670 nc:891 ncall:3.1e+07 eff:0.2% logz-ratio=1.44+/-0.04 dlogz:11.671>0.1]
55527it [3:49:33 bound:674 nc:1475 ncall:3.1e+07 eff:0.2% logz-ratio=1.46+/-0.04 dlogz:11.594>0.1]
55773it [3:50:46 bound:678 nc:939 ncall:3.1e+07 eff:0.2% logz-ratio=1.48+/-0.04 dlogz:11.517>0.1]
56018it [3:52:01 bound:682 nc:1053 ncall:3.1e+07 eff:0.2% logz-ratio=1.49+/-0.04 dlogz:11.441>0.1]
56256it [3:53:19 bound:686 nc:1424 ncall:3.2e+07 eff:0.2% logz-ratio=1.51+/-0.04 dlogz:11.367>0.1]
56506it [3:54:33 bound:690 nc:750 ncall:3.2e+07 eff:0.2% logz-ratio=1.53+/-0.04 dlogz:11.289>0.1]
56756it [3:55:46 bound:694 nc:1568 ncall:3.2e+07 eff:0.2% logz-ratio=1.54+/-0.04 dlogz:11.211>0.1]
56997it [3:57:00 bound:698 nc:934 ncall:3.2e+07 eff:0.2% logz-ratio=1.56+/-0.04 dlogz:11.136>0.1]
57244it [3:58:15 bound:702 nc:517 ncall:3.3e+07 eff:0.2% logz-ratio=1.58+/-0.04 dlogz:11.059>0.1]
57485it [3:59:30 bound:706 nc:1175 ncall:3.3e+07 eff:0.2% logz-ratio=1.59+/-0.04 dlogz:10.983>0.1]
57724it [4:00:43 bound:710 nc:1231 ncall:3.3e+07 eff:0.2% logz-ratio=1.61+/-0.04 dlogz:10.908>0.1]
57923it [4:02:22 bound:713 nc:655 ncall:3.3e+07 eff:0.2% logz-ratio=1.62+/-0.04 dlogz:10.853>0.1]
58147it [4:03:37 bound:717 nc:935 ncall:3.4e+07 eff:0.2% logz-ratio=1.64+/-0.04 dlogz:11.208>0.1]
58389it [4:04:52 bound:721 nc:1358 ncall:3.4e+07 eff:0.2% logz-ratio=1.66+/-0.04 dlogz:11.132>0.1]
58634it [4:06:03 bound:725 nc:921 ncall:3.4e+07 eff:0.2% logz-ratio=1.67+/-0.04 dlogz:11.054>0.1]
58870it [4:07:20 bound:729 nc:1416 ncall:3.4e+07 eff:0.2% logz-ratio=1.69+/-0.04 dlogz:10.980>0.1]
59112it [4:08:35 bound:733 nc:1697 ncall:3.5e+07 eff:0.2% logz-ratio=1.71+/-0.04 dlogz:10.903>0.1]
59353it [4:09:53 bound:737 nc:669 ncall:3.5e+07 eff:0.2% logz-ratio=1.73+/-0.04 dlogz:10.826>0.1]
59593it [4:11:08 bound:741 nc:1091 ncall:3.5e+07 eff:0.2% logz-ratio=1.75+/-0.04 dlogz:10.750>0.1]
59828it [4:12:25 bound:745 nc:1405 ncall:3.5e+07 eff:0.2% logz-ratio=1.76+/-0.04 dlogz:10.675>0.1]
60070it [4:13:42 bound:749 nc:718 ncall:3.6e+07 eff:0.2% logz-ratio=1.78+/-0.04 dlogz:10.597>0.1]
60311it [4:14:56 bound:753 nc:1081 ncall:3.6e+07 eff:0.2% logz-ratio=1.80+/-0.04 dlogz:10.520>0.1]
60553it [4:16:13 bound:757 nc:999 ncall:3.6e+07 eff:0.2% logz-ratio=1.82+/-0.04 dlogz:10.443>0.1]
60784it [4:17:29 bound:761 nc:1184 ncall:3.6e+07 eff:0.2% logz-ratio=1.84+/-0.04 dlogz:10.369>0.1]
61029it [4:18:47 bound:765 nc:2532 ncall:3.7e+07 eff:0.2% logz-ratio=1.85+/-0.04 dlogz:10.290>0.1]
61204it [4:19:47 bound:768 nc:2957 ncall:3.7e+07 eff:0.2% logz-ratio=1.87+/-0.04 dlogz:10.234>0.1]
61441it [4:21:00 bound:772 nc:989 ncall:3.7e+07 eff:0.2% logz-ratio=1.89+/-0.05 dlogz:10.158>0.1]
61677it [4:22:19 bound:776 nc:701 ncall:3.7e+07 eff:0.2% logz-ratio=1.90+/-0.05 dlogz:10.083>0.1]
61857it [4:23:21 bound:779 nc:879 ncall:3.7e+07 eff:0.2% logz-ratio=1.92+/-0.05 dlogz:10.025>0.1]
62036it [4:24:26 bound:782 nc:1354 ncall:3.8e+07 eff:0.2% logz-ratio=1.93+/-0.05 dlogz:9.967>0.1]
62217it [4:25:34 bound:785 nc:416 ncall:3.8e+07 eff:0.2% logz-ratio=1.95+/-0.05 dlogz:9.909>0.1]
62394it [4:26:46 bound:788 nc:1115 ncall:3.8e+07 eff:0.2% logz-ratio=1.96+/-0.05 dlogz:9.852>0.1]
62567it [4:27:48 bound:791 nc:878 ncall:3.8e+07 eff:0.2% logz-ratio=1.97+/-0.05 dlogz:9.796>0.1]
62750it [4:28:54 bound:794 nc:1046 ncall:3.8e+07 eff:0.2% logz-ratio=1.99+/-0.05 dlogz:10.090>0.1]
62930it [4:30:00 bound:797 nc:2205 ncall:3.9e+07 eff:0.2% logz-ratio=2.00+/-0.05 dlogz:10.032>0.1]
63102it [4:31:04 bound:800 nc:2691 ncall:3.9e+07 eff:0.2% logz-ratio=2.01+/-0.05 dlogz:9.977>0.1]
63280it [4:32:06 bound:803 nc:2024 ncall:3.9e+07 eff:0.2% logz-ratio=2.03+/-0.05 dlogz:9.919>0.1]
63455it [4:33:15 bound:806 nc:944 ncall:3.9e+07 eff:0.2% logz-ratio=2.04+/-0.05 dlogz:9.863>0.1]
63631it [4:34:21 bound:809 nc:870 ncall:3.9e+07 eff:0.2% logz-ratio=2.06+/-0.05 dlogz:10.488>0.1]
63809it [4:35:27 bound:812 nc:855 ncall:4.0e+07 eff:0.2% logz-ratio=2.07+/-0.05 dlogz:10.430>0.1]
63988it [4:36:32 bound:815 nc:1330 ncall:4.0e+07 eff:0.2% logz-ratio=2.08+/-0.05 dlogz:10.373>0.1]
64163it [4:37:38 bound:818 nc:1226 ncall:4.0e+07 eff:0.2% logz-ratio=2.10+/-0.05 dlogz:10.316>0.1]
64346it [4:38:46 bound:821 nc:1600 ncall:4.0e+07 eff:0.2% logz-ratio=2.11+/-0.05 dlogz:10.257>0.1]
64516it [4:39:50 bound:824 nc:958 ncall:4.0e+07 eff:0.2% logz-ratio=2.13+/-0.05 dlogz:11.921>0.1]
64699it [4:40:53 bound:827 nc:2758 ncall:4.1e+07 eff:0.2% logz-ratio=2.14+/-0.05 dlogz:12.472>0.1]
64877it [4:41:57 bound:830 nc:1259 ncall:4.1e+07 eff:0.2% logz-ratio=2.15+/-0.05 dlogz:12.415>0.1]
65050it [4:43:04 bound:833 nc:3160 ncall:4.1e+07 eff:0.2% logz-ratio=2.17+/-0.05 dlogz:12.359>0.1]
65225it [4:44:05 bound:836 nc:1289 ncall:4.1e+07 eff:0.2% logz-ratio=2.18+/-0.05 dlogz:12.303>0.1]
65400it [4:45:09 bound:839 nc:885 ncall:4.1e+07 eff:0.2% logz-ratio=2.19+/-0.05 dlogz:12.246>0.1]
65576it [4:46:12 bound:842 nc:665 ncall:4.1e+07 eff:0.2% logz-ratio=2.21+/-0.05 dlogz:12.190>0.1]
65753it [4:47:16 bound:845 nc:2506 ncall:4.2e+07 eff:0.2% logz-ratio=2.22+/-0.05 dlogz:12.133>0.1]
65924it [4:48:18 bound:848 nc:1025 ncall:4.2e+07 eff:0.2% logz-ratio=2.24+/-0.05 dlogz:12.078>0.1]
66095it [4:49:23 bound:851 nc:1214 ncall:4.2e+07 eff:0.2% logz-ratio=2.25+/-0.05 dlogz:12.023>0.1]
66269it [4:50:27 bound:854 nc:884 ncall:4.2e+07 eff:0.2% logz-ratio=2.26+/-0.05 dlogz:11.967>0.1]
66443it [4:51:29 bound:857 nc:1281 ncall:4.2e+07 eff:0.2% logz-ratio=2.28+/-0.05 dlogz:11.912>0.1]
66615it [4:52:29 bound:860 nc:3909 ncall:4.3e+07 eff:0.2% logz-ratio=2.29+/-0.05 dlogz:11.857>0.1]
66793it [4:53:30 bound:863 nc:835 ncall:4.3e+07 eff:0.2% logz-ratio=2.30+/-0.05 dlogz:11.800>0.1]
66990it [4:54:30 bound:866 nc:941 ncall:4.3e+07 eff:0.2% logz-ratio=2.32+/-0.05 dlogz:11.737>0.1]
67146it [4:55:45 bound:869 nc:889 ncall:4.3e+07 eff:0.2% logz-ratio=2.33+/-0.05 dlogz:11.687>0.1]
67322it [4:57:05 bound:872 nc:1010 ncall:4.3e+07 eff:0.2% logz-ratio=2.34+/-0.05 dlogz:11.631>0.1]
67500it [4:58:16 bound:875 nc:802 ncall:4.3e+07 eff:0.2% logz-ratio=2.35+/-0.05 dlogz:11.574>0.1]
67668it [4:59:35 bound:878 nc:899 ncall:4.4e+07 eff:0.2% logz-ratio=2.37+/-0.05 dlogz:11.521>0.1]
67842it [5:00:50 bound:881 nc:1231 ncall:4.4e+07 eff:0.2% logz-ratio=2.38+/-0.05 dlogz:11.466>0.1]
68022it [5:02:06 bound:884 nc:1324 ncall:4.4e+07 eff:0.2% logz-ratio=2.39+/-0.05 dlogz:11.409>0.1]
68077it [5:03:27 bound:885 nc:962 ncall:4.4e+07 eff:0.2% logz-ratio=2.40+/-0.05 dlogz:11.391>0.1]
68255it [5:04:36 bound:888 nc:706 ncall:4.4e+07 eff:0.2% logz-ratio=2.41+/-0.05 dlogz:11.335>0.1]
68435it [5:05:45 bound:891 nc:1038 ncall:4.4e+07 eff:0.2% logz-ratio=2.42+/-0.05 dlogz:11.278>0.1]
68618it [5:06:58 bound:894 nc:1101 ncall:4.5e+07 eff:0.2% logz-ratio=2.44+/-0.05 dlogz:11.220>0.1]
68796it [5:08:07 bound:897 nc:1155 ncall:4.5e+07 eff:0.2% logz-ratio=2.45+/-0.05 dlogz:12.246>0.1]
68978it [5:09:19 bound:900 nc:841 ncall:4.5e+07 eff:0.2% logz-ratio=2.46+/-0.05 dlogz:12.685>0.1]
69162it [5:10:30 bound:903 nc:1064 ncall:4.5e+07 eff:0.2% logz-ratio=2.48+/-0.05 dlogz:12.627>0.1]
69340it [5:11:44 bound:906 nc:1146 ncall:4.5e+07 eff:0.2% logz-ratio=2.49+/-0.05 dlogz:12.570>0.1]
69521it [5:12:57 bound:909 nc:616 ncall:4.6e+07 eff:0.2% logz-ratio=2.50+/-0.05 dlogz:12.513>0.1]
69703it [5:14:12 bound:912 nc:998 ncall:4.6e+07 eff:0.2% logz-ratio=2.52+/-0.05 dlogz:12.455>0.1]
69881it [5:15:20 bound:915 nc:855 ncall:4.6e+07 eff:0.2% logz-ratio=2.53+/-0.05 dlogz:12.398>0.1]
70066it [5:16:34 bound:918 nc:940 ncall:4.6e+07 eff:0.2% logz-ratio=2.54+/-0.05 dlogz:12.339>0.1]
70248it [5:17:43 bound:921 nc:1242 ncall:4.6e+07 eff:0.2% logz-ratio=2.56+/-0.05 dlogz:12.281>0.1]
70434it [5:18:53 bound:924 nc:1944 ncall:4.6e+07 eff:0.2% logz-ratio=2.57+/-0.05 dlogz:12.222>0.1]
70609it [5:20:07 bound:927 nc:344 ncall:4.7e+07 eff:0.2% logz-ratio=2.58+/-0.05 dlogz:12.166>0.1]
70793it [5:21:20 bound:930 nc:2010 ncall:4.7e+07 eff:0.2% logz-ratio=2.60+/-0.05 dlogz:12.106>0.1]
70972it [5:22:39 bound:933 nc:726 ncall:4.7e+07 eff:0.2% logz-ratio=2.61+/-0.05 dlogz:12.048>0.1]
71150it [5:23:54 bound:936 nc:909 ncall:4.7e+07 eff:0.2% logz-ratio=2.63+/-0.05 dlogz:11.989>0.1]
71332it [5:25:18 bound:939 nc:752 ncall:4.7e+07 eff:0.2% logz-ratio=2.64+/-0.05 dlogz:11.929>0.1]
71518it [5:26:25 bound:942 nc:931 ncall:4.8e+07 eff:0.2% logz-ratio=2.66+/-0.05 dlogz:11.867>0.1]
71704it [5:27:37 bound:945 nc:903 ncall:4.8e+07 eff:0.1% logz-ratio=2.68+/-0.05 dlogz:11.804>0.1]
71893it [5:28:49 bound:948 nc:953 ncall:4.8e+07 eff:0.1% logz-ratio=2.70+/-0.05 dlogz:11.739>0.1]
72079it [5:30:01 bound:951 nc:1252 ncall:4.8e+07 eff:0.1% logz-ratio=2.72+/-0.05 dlogz:11.674>0.1]
72266it [5:31:09 bound:954 nc:947 ncall:4.8e+07 eff:0.1% logz-ratio=2.74+/-0.05 dlogz:11.608>0.1]
72449it [5:32:15 bound:957 nc:1229 ncall:4.9e+07 eff:0.1% logz-ratio=2.76+/-0.05 dlogz:11.541>0.1]
72634it [5:33:24 bound:960 nc:968 ncall:4.9e+07 eff:0.1% logz-ratio=2.78+/-0.05 dlogz:11.473>0.1]
72817it [5:34:34 bound:963 nc:1098 ncall:4.9e+07 eff:0.1% logz-ratio=2.81+/-0.05 dlogz:11.403>0.1]
73002it [5:35:39 bound:966 nc:614 ncall:4.9e+07 eff:0.1% logz-ratio=2.83+/-0.05 dlogz:11.332>0.1]
73185it [5:36:45 bound:969 nc:1840 ncall:4.9e+07 eff:0.1% logz-ratio=2.86+/-0.05 dlogz:11.260>0.1]
73367it [5:37:53 bound:972 nc:727 ncall:4.9e+07 eff:0.1% logz-ratio=2.89+/-0.06 dlogz:11.187>0.1]
73548it [5:39:04 bound:975 nc:1312 ncall:5.0e+07 eff:0.1% logz-ratio=2.92+/-0.06 dlogz:11.113>0.1]
73732it [5:40:19 bound:978 nc:1241 ncall:5.0e+07 eff:0.1% logz-ratio=2.95+/-0.06 dlogz:11.037>0.1]
73919it [5:41:27 bound:981 nc:890 ncall:5.0e+07 eff:0.1% logz-ratio=2.98+/-0.06 dlogz:10.959>0.1]
74099it [5:42:35 bound:984 nc:846 ncall:5.0e+07 eff:0.1% logz-ratio=3.02+/-0.06 dlogz:10.882>0.1]
74285it [5:43:41 bound:987 nc:799 ncall:5.0e+07 eff:0.1% logz-ratio=3.05+/-0.06 dlogz:10.801>0.1]
74464it [5:44:46 bound:990 nc:1066 ncall:5.1e+07 eff:0.1% logz-ratio=3.09+/-0.06 dlogz:10.722>0.1]
74650it [5:45:48 bound:993 nc:899 ncall:5.1e+07 eff:0.1% logz-ratio=3.13+/-0.06 dlogz:10.638>0.1]
74834it [5:46:55 bound:996 nc:751 ncall:5.1e+07 eff:0.1% logz-ratio=3.17+/-0.06 dlogz:10.552>0.1]
75015it [5:48:07 bound:999 nc:1300 ncall:5.1e+07 eff:0.1% logz-ratio=3.21+/-0.06 dlogz:10.467>0.1]
75194it [5:49:18 bound:1002 nc:639 ncall:5.1e+07 eff:0.1% logz-ratio=3.25+/-0.06 dlogz:10.381>0.1]
75369it [5:50:27 bound:1005 nc:705 ncall:5.1e+07 eff:0.1% logz-ratio=3.29+/-0.06 dlogz:10.296>0.1]
75551it [5:51:44 bound:1008 nc:918 ncall:5.2e+07 eff:0.1% logz-ratio=3.34+/-0.06 dlogz:10.409>0.1]
75733it [5:53:03 bound:1011 nc:1490 ncall:5.2e+07 eff:0.1% logz-ratio=3.38+/-0.06 dlogz:10.319>0.1]
75918it [5:54:24 bound:1014 nc:902 ncall:5.2e+07 eff:0.1% logz-ratio=3.43+/-0.06 dlogz:10.226>0.1]
76097it [5:55:42 bound:1017 nc:1089 ncall:5.2e+07 eff:0.1% logz-ratio=3.48+/-0.06 dlogz:10.134>0.1]
76277it [5:56:58 bound:1020 nc:764 ncall:5.2e+07 eff:0.1% logz-ratio=3.53+/-0.06 dlogz:10.041>0.1]
76456it [5:58:16 bound:1023 nc:1472 ncall:5.2e+07 eff:0.1% logz-ratio=3.58+/-0.06 dlogz:9.948>0.1]
76630it [5:59:33 bound:1026 nc:1052 ncall:5.3e+07 eff:0.1% logz-ratio=3.63+/-0.06 dlogz:9.857>0.1]
76808it [6:00:49 bound:1029 nc:527 ncall:5.3e+07 eff:0.1% logz-ratio=3.68+/-0.06 dlogz:9.763>0.1]
76985it [6:02:11 bound:1032 nc:1019 ncall:5.3e+07 eff:0.1% logz-ratio=3.73+/-0.06 dlogz:9.669>0.1]
77066it [6:03:38 bound:1033 nc:1171 ncall:5.3e+07 eff:0.1% logz-ratio=3.75+/-0.06 dlogz:9.625>0.1]
77217it [6:04:53 bound:1036 nc:1277 ncall:5.3e+07 eff:0.1% logz-ratio=3.79+/-0.06 dlogz:9.544>0.1]
77398it [6:06:04 bound:1039 nc:2268 ncall:5.3e+07 eff:0.1% logz-ratio=3.85+/-0.06 dlogz:9.447>0.1]
77573it [6:07:18 bound:1042 nc:760 ncall:5.3e+07 eff:0.1% logz-ratio=3.90+/-0.06 dlogz:9.353>0.1]
77755it [6:08:31 bound:1045 nc:754 ncall:5.4e+07 eff:0.1% logz-ratio=3.95+/-0.06 dlogz:9.255>0.1]
77932it [6:09:44 bound:1048 nc:1224 ncall:5.4e+07 eff:0.1% logz-ratio=4.01+/-0.06 dlogz:9.160>0.1]
78106it [6:10:54 bound:1051 nc:985 ncall:5.4e+07 eff:0.1% logz-ratio=4.06+/-0.06 dlogz:9.066>0.1]
78279it [6:12:04 bound:1054 nc:994 ncall:5.4e+07 eff:0.1% logz-ratio=4.11+/-0.06 dlogz:8.973>0.1]
78451it [6:13:11 bound:1057 nc:988 ncall:5.4e+07 eff:0.1% logz-ratio=4.16+/-0.06 dlogz:8.881>0.1]
78622it [6:14:22 bound:1060 nc:974 ncall:5.4e+07 eff:0.1% logz-ratio=4.21+/-0.06 dlogz:8.790>0.1]
78800it [6:15:31 bound:1063 nc:1045 ncall:5.5e+07 eff:0.1% logz-ratio=4.26+/-0.06 dlogz:8.695>0.1]
78975it [6:16:36 bound:1066 nc:1594 ncall:5.5e+07 eff:0.1% logz-ratio=4.31+/-0.06 dlogz:8.602>0.1]
79142it [6:17:45 bound:1069 nc:896 ncall:5.5e+07 eff:0.1% logz-ratio=4.36+/-0.06 dlogz:8.513>0.1]
79314it [6:19:00 bound:1072 nc:1051 ncall:5.5e+07 eff:0.1% logz-ratio=4.41+/-0.06 dlogz:8.889>0.1]
79477it [6:20:16 bound:1075 nc:3001 ncall:5.5e+07 eff:0.1% logz-ratio=4.45+/-0.06 dlogz:8.802>0.1]
79647it [6:21:23 bound:1078 nc:1041 ncall:5.5e+07 eff:0.1% logz-ratio=4.50+/-0.06 dlogz:8.712>0.1]
79822it [6:22:37 bound:1081 nc:940 ncall:5.6e+07 eff:0.1% logz-ratio=4.55+/-0.06 dlogz:8.619>0.1]
79989it [6:23:45 bound:1084 nc:601 ncall:5.6e+07 eff:0.1% logz-ratio=4.60+/-0.06 dlogz:8.531>0.1]
80153it [6:24:55 bound:1087 nc:949 ncall:5.6e+07 eff:0.1% logz-ratio=4.65+/-0.06 dlogz:8.444>0.1]
80327it [6:25:58 bound:1090 nc:665 ncall:5.6e+07 eff:0.1% logz-ratio=4.70+/-0.06 dlogz:8.352>0.1]
80491it [6:27:04 bound:1093 nc:1082 ncall:5.6e+07 eff:0.1% logz-ratio=4.74+/-0.07 dlogz:8.266>0.1]
80657it [6:28:09 bound:1096 nc:1346 ncall:5.7e+07 eff:0.1% logz-ratio=4.79+/-0.07 dlogz:8.179>0.1]
80821it [6:29:17 bound:1099 nc:907 ncall:5.7e+07 eff:0.1% logz-ratio=4.83+/-0.07 dlogz:8.093>0.1]
80989it [6:30:31 bound:1102 nc:2133 ncall:5.7e+07 eff:0.1% logz-ratio=4.88+/-0.07 dlogz:8.005>0.1]
81154it [6:31:39 bound:1105 nc:2124 ncall:5.7e+07 eff:0.1% logz-ratio=4.93+/-0.07 dlogz:7.918>0.1]
81320it [6:32:44 bound:1108 nc:1257 ncall:5.7e+07 eff:0.1% logz-ratio=4.97+/-0.07 dlogz:7.832>0.1]
81482it [6:33:50 bound:1111 nc:2306 ncall:5.7e+07 eff:0.1% logz-ratio=5.02+/-0.07 dlogz:7.748>0.1]
81645it [6:34:55 bound:1114 nc:929 ncall:5.8e+07 eff:0.1% logz-ratio=5.06+/-0.07 dlogz:7.664>0.1]
81809it [6:36:00 bound:1117 nc:459 ncall:5.8e+07 eff:0.1% logz-ratio=5.11+/-0.07 dlogz:7.580>0.1]
81983it [6:37:06 bound:1120 nc:809 ncall:5.8e+07 eff:0.1% logz-ratio=5.15+/-0.07 dlogz:7.491>0.1]
82144it [6:38:09 bound:1123 nc:706 ncall:5.8e+07 eff:0.1% logz-ratio=5.20+/-0.07 dlogz:7.408>0.1]
82314it [6:39:16 bound:1126 nc:929 ncall:5.8e+07 eff:0.1% logz-ratio=5.24+/-0.07 dlogz:7.321>0.1]
82478it [6:40:22 bound:1129 nc:820 ncall:5.8e+07 eff:0.1% logz-ratio=5.29+/-0.07 dlogz:7.238>0.1]
82645it [6:41:33 bound:1132 nc:1182 ncall:5.9e+07 eff:0.1% logz-ratio=5.33+/-0.07 dlogz:7.153>0.1]
82816it [6:42:37 bound:1135 nc:944 ncall:5.9e+07 eff:0.1% logz-ratio=5.37+/-0.07 dlogz:7.067>0.1]
82991it [6:43:51 bound:1138 nc:845 ncall:5.9e+07 eff:0.1% logz-ratio=5.42+/-0.07 dlogz:6.979>0.1]
83168it [6:45:01 bound:1141 nc:693 ncall:5.9e+07 eff:0.1% logz-ratio=5.46+/-0.07 dlogz:6.891>0.1]
83334it [6:46:09 bound:1144 nc:996 ncall:5.9e+07 eff:0.1% logz-ratio=5.51+/-0.07 dlogz:6.808>0.1]
83507it [6:47:20 bound:1147 nc:653 ncall:5.9e+07 eff:0.1% logz-ratio=5.55+/-0.07 dlogz:6.877>0.1]
83679it [6:48:30 bound:1150 nc:380 ncall:6.0e+07 eff:0.1% logz-ratio=5.59+/-0.07 dlogz:6.793>0.1]
83849it [6:49:39 bound:1153 nc:1098 ncall:6.0e+07 eff:0.1% logz-ratio=5.63+/-0.07 dlogz:6.709>0.1]
84022it [6:50:49 bound:1156 nc:838 ncall:6.0e+07 eff:0.1% logz-ratio=5.68+/-0.07 dlogz:6.625>0.1]
84195it [6:51:54 bound:1159 nc:1345 ncall:6.0e+07 eff:0.1% logz-ratio=5.72+/-0.07 dlogz:6.541>0.1]
84366it [6:53:00 bound:1162 nc:976 ncall:6.0e+07 eff:0.1% logz-ratio=5.76+/-0.07 dlogz:6.458>0.1]
84533it [6:54:08 bound:1165 nc:1049 ncall:6.0e+07 eff:0.1% logz-ratio=5.80+/-0.07 dlogz:6.377>0.1]
84706it [6:55:16 bound:1168 nc:807 ncall:6.1e+07 eff:0.1% logz-ratio=5.84+/-0.07 dlogz:6.295>0.1]
84875it [6:56:18 bound:1171 nc:829 ncall:6.1e+07 eff:0.1% logz-ratio=5.88+/-0.07 dlogz:6.215>0.1]
85046it [6:57:22 bound:1174 nc:1011 ncall:6.1e+07 eff:0.1% logz-ratio=5.92+/-0.07 dlogz:6.135>0.1]
85223it [6:58:27 bound:1177 nc:438 ncall:6.1e+07 eff:0.1% logz-ratio=5.96+/-0.07 dlogz:6.052>0.1]
85396it [6:59:34 bound:1180 nc:557 ncall:6.1e+07 eff:0.1% logz-ratio=6.00+/-0.07 dlogz:5.972>0.1]
85574it [7:00:45 bound:1183 nc:1017 ncall:6.1e+07 eff:0.1% logz-ratio=6.03+/-0.07 dlogz:5.890>0.1]
85745it [7:01:53 bound:1186 nc:1385 ncall:6.2e+07 eff:0.1% logz-ratio=6.07+/-0.07 dlogz:5.811>0.1]
85922it [7:02:59 bound:1189 nc:902 ncall:6.2e+07 eff:0.1% logz-ratio=6.11+/-0.07 dlogz:5.730>0.1]
85998it [7:04:29 bound:1190 nc:1080 ncall:6.2e+07 eff:0.1% logz-ratio=6.13+/-0.07 dlogz:5.696>0.1]
86159it [7:05:37 bound:1193 nc:783 ncall:6.2e+07 eff:0.1% logz-ratio=6.16+/-0.07 dlogz:5.623>0.1]
86337it [7:06:45 bound:1196 nc:391 ncall:6.2e+07 eff:0.1% logz-ratio=6.20+/-0.07 dlogz:5.543>0.1]
86510it [7:07:53 bound:1199 nc:814 ncall:6.2e+07 eff:0.1% logz-ratio=6.23+/-0.07 dlogz:5.466>0.1]
86683it [7:08:53 bound:1202 nc:840 ncall:6.3e+07 eff:0.1% logz-ratio=6.27+/-0.07 dlogz:5.388>0.1]
86857it [7:09:59 bound:1205 nc:486 ncall:6.3e+07 eff:0.1% logz-ratio=6.30+/-0.07 dlogz:5.311>0.1]
87030it [7:11:05 bound:1208 nc:733 ncall:6.3e+07 eff:0.1% logz-ratio=6.34+/-0.07 dlogz:5.236>0.1]
87205it [7:12:16 bound:1211 nc:1074 ncall:6.3e+07 eff:0.1% logz-ratio=6.37+/-0.07 dlogz:5.284>0.1]
87377it [7:13:23 bound:1214 nc:1233 ncall:6.3e+07 eff:0.1% logz-ratio=6.40+/-0.07 dlogz:5.414>0.1]
87551it [7:14:27 bound:1217 nc:1372 ncall:6.4e+07 eff:0.1% logz-ratio=6.43+/-0.07 dlogz:5.340>0.1]
87722it [7:15:29 bound:1220 nc:1127 ncall:6.4e+07 eff:0.1% logz-ratio=6.47+/-0.07 dlogz:5.267>0.1]
87895it [7:16:33 bound:1223 nc:424 ncall:6.4e+07 eff:0.1% logz-ratio=6.50+/-0.07 dlogz:5.194>0.1]
88072it [7:17:43 bound:1226 nc:926 ncall:6.4e+07 eff:0.1% logz-ratio=6.53+/-0.07 dlogz:5.120>0.1]
88250it [7:18:45 bound:1229 nc:517 ncall:6.4e+07 eff:0.1% logz-ratio=6.56+/-0.07 dlogz:5.046>0.1]
88422it [7:19:52 bound:1232 nc:2110 ncall:6.4e+07 eff:0.1% logz-ratio=6.59+/-0.07 dlogz:4.974>0.1]
88604it [7:21:02 bound:1235 nc:977 ncall:6.5e+07 eff:0.1% logz-ratio=6.62+/-0.07 dlogz:4.898>0.1]
88784it [7:22:03 bound:1238 nc:717 ncall:6.5e+07 eff:0.1% logz-ratio=6.65+/-0.07 dlogz:4.824>0.1]
88963it [7:23:08 bound:1241 nc:1362 ncall:6.5e+07 eff:0.1% logz-ratio=6.68+/-0.07 dlogz:4.750>0.1]
89140it [7:24:16 bound:1244 nc:1423 ncall:6.5e+07 eff:0.1% logz-ratio=6.71+/-0.07 dlogz:4.677>0.1]
89321it [7:25:43 bound:1247 nc:1109 ncall:6.5e+07 eff:0.1% logz-ratio=6.74+/-0.07 dlogz:4.603>0.1]
89502it [7:27:13 bound:1250 nc:929 ncall:6.6e+07 eff:0.1% logz-ratio=6.77+/-0.07 dlogz:4.529>0.1]
89626it [7:28:16 bound:1252 nc:1020 ncall:6.6e+07 eff:0.1% logz-ratio=6.79+/-0.07 dlogz:4.479>0.1]
89743it [7:29:17 bound:1254 nc:998 ncall:6.6e+07 eff:0.1% logz-ratio=6.81+/-0.07 dlogz:4.432>0.1]
89924it [7:30:43 bound:1257 nc:2467 ncall:6.6e+07 eff:0.1% logz-ratio=6.84+/-0.07 dlogz:4.359>0.1]
90046it [7:31:43 bound:1259 nc:996 ncall:6.6e+07 eff:0.1% logz-ratio=6.86+/-0.07 dlogz:4.310>0.1]
90230it [7:33:04 bound:1262 nc:638 ncall:6.6e+07 eff:0.1% logz-ratio=6.89+/-0.07 dlogz:4.236>0.1]
90411it [7:34:34 bound:1265 nc:1025 ncall:6.7e+07 eff:0.1% logz-ratio=6.92+/-0.07 dlogz:4.217>0.1]
90533it [7:35:36 bound:1267 nc:1045 ncall:6.7e+07 eff:0.1% logz-ratio=6.94+/-0.07 dlogz:4.169>0.1]
90717it [7:36:59 bound:1270 nc:1092 ncall:6.7e+07 eff:0.1% logz-ratio=6.97+/-0.07 dlogz:4.096>0.1]
90842it [7:38:00 bound:1272 nc:1044 ncall:6.7e+07 eff:0.1% logz-ratio=6.99+/-0.07 dlogz:4.047>0.1]
91022it [7:39:22 bound:1275 nc:2507 ncall:6.7e+07 eff:0.1% logz-ratio=7.02+/-0.07 dlogz:3.977>0.1]
91180it [7:40:22 bound:1277 nc:1019 ncall:6.7e+07 eff:0.1% logz-ratio=7.04+/-0.07 dlogz:3.916>0.1]
91326it [7:41:54 bound:1280 nc:1202 ncall:6.7e+07 eff:0.1% logz-ratio=7.06+/-0.07 dlogz:3.890>0.1]
91510it [7:43:20 bound:1283 nc:1157 ncall:6.8e+07 eff:0.1% logz-ratio=7.09+/-0.07 dlogz:3.820>0.1]
91634it [7:44:20 bound:1285 nc:879 ncall:6.8e+07 eff:0.1% logz-ratio=7.11+/-0.07 dlogz:3.773>0.1]
91754it [7:45:25 bound:1287 nc:600 ncall:6.8e+07 eff:0.1% logz-ratio=7.12+/-0.07 dlogz:3.728>0.1]
91879it [7:46:26 bound:1289 nc:1080 ncall:6.8e+07 eff:0.1% logz-ratio=7.14+/-0.07 dlogz:3.681>0.1]
92064it [7:47:51 bound:1292 nc:926 ncall:6.8e+07 eff:0.1% logz-ratio=7.17+/-0.07 dlogz:3.613>0.1]
92251it [7:49:17 bound:1295 nc:344 ncall:6.8e+07 eff:0.1% logz-ratio=7.19+/-0.07 dlogz:3.543>0.1]
92437it [7:50:44 bound:1298 nc:419 ncall:6.9e+07 eff:0.1% logz-ratio=7.22+/-0.07 dlogz:3.475>0.1]
92562it [7:51:46 bound:1300 nc:1141 ncall:6.9e+07 eff:0.1% logz-ratio=7.23+/-0.07 dlogz:3.429>0.1]
92686it [7:52:49 bound:1302 nc:835 ncall:6.9e+07 eff:0.1% logz-ratio=7.25+/-0.07 dlogz:3.383>0.1]
92868it [7:54:12 bound:1305 nc:813 ncall:6.9e+07 eff:0.1% logz-ratio=7.27+/-0.07 dlogz:3.317>0.1]
92987it [7:55:18 bound:1307 nc:1912 ncall:6.9e+07 eff:0.1% logz-ratio=7.29+/-0.07 dlogz:3.274>0.1]
93173it [7:56:45 bound:1310 nc:911 ncall:6.9e+07 eff:0.1% logz-ratio=7.31+/-0.07 dlogz:3.390>0.1]
93295it [7:57:49 bound:1312 nc:775 ncall:7.0e+07 eff:0.1% logz-ratio=7.33+/-0.07 dlogz:3.346>0.1]
93418it [7:58:51 bound:1314 nc:1174 ncall:7.0e+07 eff:0.1% logz-ratio=7.35+/-0.07 dlogz:3.302>0.1]
93544it [7:59:51 bound:1316 nc:1055 ncall:7.0e+07 eff:0.1% logz-ratio=7.36+/-0.07 dlogz:3.257>0.1]
93668it [8:00:51 bound:1318 nc:915 ncall:7.0e+07 eff:0.1% logz-ratio=7.38+/-0.07 dlogz:3.213>0.1]
93856it [8:02:18 bound:1321 nc:836 ncall:7.0e+07 eff:0.1% logz-ratio=7.40+/-0.07 dlogz:3.147>0.1]
93981it [8:03:20 bound:1323 nc:1309 ncall:7.0e+07 eff:0.1% logz-ratio=7.41+/-0.07 dlogz:3.103>0.1]
94053it [8:05:16 bound:1324 nc:1235 ncall:7.0e+07 eff:0.1% logz-ratio=7.42+/-0.07 dlogz:3.078>0.1]
94165it [8:06:21 bound:1326 nc:1034 ncall:7.0e+07 eff:0.1% logz-ratio=7.44+/-0.07 dlogz:3.040>0.1]
94291it [8:07:32 bound:1328 nc:708 ncall:7.1e+07 eff:0.1% logz-ratio=7.45+/-0.07 dlogz:2.996>0.1]
94416it [8:08:49 bound:1330 nc:1024 ncall:7.1e+07 eff:0.1% logz-ratio=7.47+/-0.07 dlogz:2.953>0.1]
94541it [8:10:02 bound:1332 nc:1354 ncall:7.1e+07 eff:0.1% logz-ratio=7.48+/-0.07 dlogz:2.911>0.1]
94662it [8:11:16 bound:1334 nc:839 ncall:7.1e+07 eff:0.1% logz-ratio=7.49+/-0.07 dlogz:2.870>0.1]
94785it [8:12:18 bound:1336 nc:769 ncall:7.1e+07 eff:0.1% logz-ratio=7.51+/-0.07 dlogz:2.828>0.1]
94910it [8:13:31 bound:1338 nc:772 ncall:7.1e+07 eff:0.1% logz-ratio=7.52+/-0.07 dlogz:2.786>0.1]
95035it [8:14:43 bound:1340 nc:924 ncall:7.1e+07 eff:0.1% logz-ratio=7.54+/-0.07 dlogz:2.744>0.1]
95159it [8:15:56 bound:1342 nc:649 ncall:7.2e+07 eff:0.1% logz-ratio=7.55+/-0.07 dlogz:2.703>0.1]
95285it [8:17:09 bound:1344 nc:1744 ncall:7.2e+07 eff:0.1% logz-ratio=7.57+/-0.07 dlogz:2.661>0.1]
95409it [8:18:17 bound:1346 nc:1209 ncall:7.2e+07 eff:0.1% logz-ratio=7.58+/-0.07 dlogz:2.620>0.1]
95530it [8:19:26 bound:1348 nc:630 ncall:7.2e+07 eff:0.1% logz-ratio=7.59+/-0.07 dlogz:2.580>0.1]
95653it [8:20:38 bound:1350 nc:712 ncall:7.2e+07 eff:0.1% logz-ratio=7.61+/-0.07 dlogz:2.540>0.1]
95775it [8:21:42 bound:1352 nc:669 ncall:7.2e+07 eff:0.1% logz-ratio=7.62+/-0.07 dlogz:2.501>0.1]
95900it [8:22:47 bound:1354 nc:936 ncall:7.2e+07 eff:0.1% logz-ratio=7.63+/-0.07 dlogz:2.461>0.1]
96028it [8:23:52 bound:1356 nc:930 ncall:7.2e+07 eff:0.1% logz-ratio=7.65+/-0.07 dlogz:2.420>0.1]
96154it [8:24:57 bound:1358 nc:989 ncall:7.3e+07 eff:0.1% logz-ratio=7.66+/-0.07 dlogz:2.380>0.1]
96279it [8:26:01 bound:1360 nc:2361 ncall:7.3e+07 eff:0.1% logz-ratio=7.67+/-0.07 dlogz:2.341>0.1]
96403it [8:27:08 bound:1362 nc:691 ncall:7.3e+07 eff:0.1% logz-ratio=7.68+/-0.07 dlogz:2.302>0.1]
96522it [8:28:15 bound:1364 nc:1274 ncall:7.3e+07 eff:0.1% logz-ratio=7.70+/-0.07 dlogz:2.265>0.1]
96646it [8:29:19 bound:1366 nc:1228 ncall:7.3e+07 eff:0.1% logz-ratio=7.71+/-0.07 dlogz:2.227>0.1]
96766it [8:30:29 bound:1368 nc:1579 ncall:7.3e+07 eff:0.1% logz-ratio=7.72+/-0.07 dlogz:2.191>0.1]
96953it [8:31:57 bound:1371 nc:1340 ncall:7.3e+07 eff:0.1% logz-ratio=7.74+/-0.07 dlogz:2.134>0.1]
97137it [8:33:31 bound:1374 nc:1604 ncall:7.4e+07 eff:0.1% logz-ratio=7.76+/-0.07 dlogz:2.079>0.1]
97261it [8:34:32 bound:1376 nc:1696 ncall:7.4e+07 eff:0.1% logz-ratio=7.77+/-0.07 dlogz:2.043>0.1]
97386it [8:35:32 bound:1378 nc:683 ncall:7.4e+07 eff:0.1% logz-ratio=7.78+/-0.07 dlogz:2.007>0.1]
97570it [8:36:59 bound:1381 nc:860 ncall:7.4e+07 eff:0.1% logz-ratio=7.80+/-0.07 dlogz:1.953>0.1]
97694it [8:38:03 bound:1383 nc:835 ncall:7.4e+07 eff:0.1% logz-ratio=7.81+/-0.07 dlogz:1.918>0.1]
97813it [8:39:06 bound:1385 nc:743 ncall:7.4e+07 eff:0.1% logz-ratio=7.82+/-0.07 dlogz:1.884>0.1]
97937it [8:40:14 bound:1387 nc:1266 ncall:7.5e+07 eff:0.1% logz-ratio=7.83+/-0.07 dlogz:1.850>0.1]
98124it [8:41:42 bound:1390 nc:1333 ncall:7.5e+07 eff:0.1% logz-ratio=7.84+/-0.07 dlogz:1.798>0.1]
98307it [8:43:12 bound:1393 nc:1415 ncall:7.5e+07 eff:0.1% logz-ratio=7.86+/-0.07 dlogz:1.748>0.1]
98431it [8:44:17 bound:1395 nc:847 ncall:7.5e+07 eff:0.1% logz-ratio=7.87+/-0.07 dlogz:1.715>0.1]
98557it [8:45:18 bound:1397 nc:897 ncall:7.5e+07 eff:0.1% logz-ratio=7.88+/-0.07 dlogz:1.681>0.1]
98680it [8:46:29 bound:1399 nc:1100 ncall:7.5e+07 eff:0.1% logz-ratio=7.89+/-0.07 dlogz:1.649>0.1]
98802it [8:47:33 bound:1401 nc:1917 ncall:7.6e+07 eff:0.1% logz-ratio=7.90+/-0.07 dlogz:1.617>0.1]
98927it [8:48:35 bound:1403 nc:1701 ncall:7.6e+07 eff:0.1% logz-ratio=7.91+/-0.07 dlogz:1.584>0.1]
99050it [8:49:35 bound:1405 nc:1518 ncall:7.6e+07 eff:0.1% logz-ratio=7.92+/-0.07 dlogz:1.583>0.1]
99173it [8:50:40 bound:1407 nc:1061 ncall:7.6e+07 eff:0.1% logz-ratio=7.93+/-0.07 dlogz:1.552>0.1]
99295it [8:51:43 bound:1409 nc:1483 ncall:7.6e+07 eff:0.1% logz-ratio=7.94+/-0.07 dlogz:1.521>0.1]
99418it [8:52:51 bound:1411 nc:1375 ncall:7.6e+07 eff:0.1% logz-ratio=7.95+/-0.07 dlogz:1.491>0.1]
99543it [8:53:55 bound:1413 nc:1344 ncall:7.6e+07 eff:0.1% logz-ratio=7.96+/-0.07 dlogz:1.460>0.1]
99666it [8:55:05 bound:1415 nc:1052 ncall:7.7e+07 eff:0.1% logz-ratio=7.97+/-0.07 dlogz:1.430>0.1]
99789it [8:56:07 bound:1417 nc:1128 ncall:7.7e+07 eff:0.1% logz-ratio=7.97+/-0.07 dlogz:1.401>0.1]
99975it [8:57:34 bound:1420 nc:1032 ncall:7.7e+07 eff:0.1% logz-ratio=7.99+/-0.07 dlogz:1.357>0.1]
100154it [8:59:02 bound:1423 nc:974 ncall:7.7e+07 eff:0.1% logz-ratio=8.00+/-0.07 dlogz:1.315>0.1]
100341it [9:00:26 bound:1426 nc:787 ncall:7.7e+07 eff:0.1% logz-ratio=8.01+/-0.07 dlogz:1.273>0.1]
100523it [9:01:46 bound:1429 nc:863 ncall:7.8e+07 eff:0.1% logz-ratio=8.03+/-0.07 dlogz:1.233>0.1]
100705it [9:03:06 bound:1432 nc:966 ncall:7.8e+07 eff:0.1% logz-ratio=8.04+/-0.07 dlogz:1.193>0.1]
100892it [9:04:29 bound:1435 nc:1019 ncall:7.8e+07 eff:0.1% logz-ratio=8.05+/-0.07 dlogz:1.153>0.1]
100902it [9:05:51 bound:1435 nc:1631 ncall:7.8e+07 eff:0.1% logz-ratio=8.05+/-0.07 dlogz:1.151>0.1]
101075it [9:07:14 bound:1438 nc:1134 ncall:7.8e+07 eff:0.1% logz-ratio=8.06+/-0.07 dlogz:1.115>0.1]
101256it [9:08:40 bound:1441 nc:1397 ncall:7.8e+07 eff:0.1% logz-ratio=8.07+/-0.07 dlogz:1.078>0.1]
101440it [9:10:02 bound:1444 nc:1252 ncall:7.9e+07 eff:0.1% logz-ratio=8.08+/-0.07 dlogz:1.041>0.1]
101628it [9:11:27 bound:1447 nc:971 ncall:7.9e+07 eff:0.1% logz-ratio=8.09+/-0.07 dlogz:1.005>0.1]
101814it [9:12:55 bound:1450 nc:1161 ncall:7.9e+07 eff:0.1% logz-ratio=8.11+/-0.07 dlogz:0.969>0.1]
101998it [9:14:23 bound:1453 nc:1191 ncall:7.9e+07 eff:0.1% logz-ratio=8.12+/-0.07 dlogz:0.935>0.1]
102176it [9:15:48 bound:1456 nc:1451 ncall:8.0e+07 eff:0.1% logz-ratio=8.13+/-0.07 dlogz:0.985>0.1]
102359it [9:17:09 bound:1459 nc:1432 ncall:8.0e+07 eff:0.1% logz-ratio=8.14+/-0.07 dlogz:0.951>0.1]
102543it [9:18:32 bound:1462 nc:1161 ncall:8.0e+07 eff:0.1% logz-ratio=8.15+/-0.07 dlogz:0.917>0.1]
102727it [9:19:56 bound:1465 nc:1085 ncall:8.0e+07 eff:0.1% logz-ratio=8.16+/-0.07 dlogz:0.885>0.1]
102908it [9:21:20 bound:1468 nc:825 ncall:8.0e+07 eff:0.1% logz-ratio=8.17+/-0.07 dlogz:0.854>0.1]
103091it [9:22:43 bound:1471 nc:1530 ncall:8.1e+07 eff:0.1% logz-ratio=8.17+/-0.07 dlogz:0.823>0.1]
103273it [9:24:01 bound:1474 nc:1524 ncall:8.1e+07 eff:0.1% logz-ratio=8.18+/-0.07 dlogz:0.794>0.1]
103458it [9:25:31 bound:1477 nc:1317 ncall:8.1e+07 eff:0.1% logz-ratio=8.19+/-0.07 dlogz:0.764>0.1]
103578it [9:26:44 bound:1479 nc:779 ncall:8.1e+07 eff:0.1% logz-ratio=8.20+/-0.07 dlogz:0.746>0.1]
103701it [9:28:01 bound:1481 nc:2101 ncall:8.2e+07 eff:0.1% logz-ratio=8.20+/-0.07 dlogz:0.727>0.1]
103821it [9:29:17 bound:1483 nc:815 ncall:8.2e+07 eff:0.1% logz-ratio=8.21+/-0.07 dlogz:0.709>0.1]
103935it [9:30:29 bound:1485 nc:927 ncall:8.2e+07 eff:0.1% logz-ratio=8.21+/-0.07 dlogz:0.693>0.1]
104059it [9:31:44 bound:1487 nc:1311 ncall:8.2e+07 eff:0.1% logz-ratio=8.22+/-0.07 dlogz:0.675>0.1]
104179it [9:32:58 bound:1489 nc:781 ncall:8.2e+07 eff:0.1% logz-ratio=8.23+/-0.07 dlogz:0.658>0.1]
104303it [9:34:14 bound:1491 nc:953 ncall:8.2e+07 eff:0.1% logz-ratio=8.23+/-0.07 dlogz:0.641>0.1]
104426it [9:35:31 bound:1493 nc:1138 ncall:8.2e+07 eff:0.1% logz-ratio=8.24+/-0.07 dlogz:0.624>0.1]
104547it [9:36:47 bound:1495 nc:1442 ncall:8.3e+07 eff:0.1% logz-ratio=8.24+/-0.07 dlogz:0.608>0.1]
104663it [9:38:03 bound:1497 nc:1364 ncall:8.3e+07 eff:0.1% logz-ratio=8.25+/-0.07 dlogz:0.593>0.1]
104782it [9:39:19 bound:1499 nc:2251 ncall:8.3e+07 eff:0.1% logz-ratio=8.25+/-0.07 dlogz:0.578>0.1]
104901it [9:40:32 bound:1501 nc:834 ncall:8.3e+07 eff:0.1% logz-ratio=8.26+/-0.07 dlogz:0.564>0.1]
105021it [9:41:44 bound:1503 nc:1852 ncall:8.3e+07 eff:0.1% logz-ratio=8.26+/-0.07 dlogz:0.549>0.1]
105140it [9:42:51 bound:1505 nc:1237 ncall:8.3e+07 eff:0.1% logz-ratio=8.27+/-0.07 dlogz:0.535>0.1]
105267it [9:44:08 bound:1507 nc:3528 ncall:8.4e+07 eff:0.1% logz-ratio=8.27+/-0.07 dlogz:0.520>0.1]
105386it [9:45:23 bound:1509 nc:1391 ncall:8.4e+07 eff:0.1% logz-ratio=8.27+/-0.07 dlogz:0.507>0.1]
105511it [9:46:42 bound:1511 nc:765 ncall:8.4e+07 eff:0.1% logz-ratio=8.28+/-0.07 dlogz:0.493>0.1]
105633it [9:47:55 bound:1513 nc:897 ncall:8.4e+07 eff:0.1% logz-ratio=8.28+/-0.07 dlogz:0.480>0.1]
105756it [9:49:11 bound:1515 nc:725 ncall:8.4e+07 eff:0.1% logz-ratio=8.29+/-0.07 dlogz:0.467>0.1]
105875it [9:50:30 bound:1517 nc:910 ncall:8.4e+07 eff:0.1% logz-ratio=8.29+/-0.07 dlogz:0.455>0.1]
106001it [9:51:47 bound:1519 nc:969 ncall:8.5e+07 eff:0.1% logz-ratio=8.30+/-0.07 dlogz:0.442>0.1]
106126it [9:53:00 bound:1521 nc:1718 ncall:8.5e+07 eff:0.1% logz-ratio=8.30+/-0.07 dlogz:0.430>0.1]
106248it [9:54:16 bound:1523 nc:1680 ncall:8.5e+07 eff:0.1% logz-ratio=8.30+/-0.07 dlogz:0.418>0.1]
106367it [9:55:28 bound:1525 nc:2023 ncall:8.5e+07 eff:0.1% logz-ratio=8.31+/-0.07 dlogz:0.458>0.1]
106490it [9:56:45 bound:1527 nc:1557 ncall:8.5e+07 eff:0.1% logz-ratio=8.31+/-0.07 dlogz:0.446>0.1]
106614it [9:57:56 bound:1529 nc:1167 ncall:8.5e+07 eff:0.1% logz-ratio=8.32+/-0.07 dlogz:0.434>0.1]
106732it [9:59:11 bound:1531 nc:1561 ncall:8.6e+07 eff:0.1% logz-ratio=8.32+/-0.07 dlogz:0.422>0.1]
106855it [10:00:34 bound:1533 nc:1117 ncall:8.6e+07 eff:0.1% logz-ratio=8.32+/-0.07 dlogz:0.411>0.1]
106979it [10:01:51 bound:1535 nc:796 ncall:8.6e+07 eff:0.1% logz-ratio=8.33+/-0.07 dlogz:0.400>0.1]
107098it [10:03:02 bound:1537 nc:2371 ncall:8.6e+07 eff:0.1% logz-ratio=8.33+/-0.07 dlogz:0.389>0.1]
107219it [10:04:22 bound:1539 nc:847 ncall:8.6e+07 eff:0.1% logz-ratio=8.33+/-0.07 dlogz:0.379>0.1]
107338it [10:05:37 bound:1541 nc:629 ncall:8.6e+07 eff:0.1% logz-ratio=8.34+/-0.07 dlogz:0.369>0.1]
107364it [10:07:59 bound:1541 nc:873 ncall:8.6e+07 eff:0.1% logz-ratio=8.34+/-0.07 dlogz:0.366>0.1]
107459it [10:09:15 bound:1543 nc:1355 ncall:8.7e+07 eff:0.1% logz-ratio=8.34+/-0.07 dlogz:0.359>0.1]
107581it [10:10:29 bound:1545 nc:1065 ncall:8.7e+07 eff:0.1% logz-ratio=8.34+/-0.07 dlogz:0.349>0.1]
107704it [10:11:42 bound:1547 nc:1605 ncall:8.7e+07 eff:0.1% logz-ratio=8.35+/-0.07 dlogz:0.339>0.1]
107825it [10:12:55 bound:1549 nc:1619 ncall:8.7e+07 eff:0.1% logz-ratio=8.35+/-0.07 dlogz:0.376>0.1]
107948it [10:14:11 bound:1551 nc:1436 ncall:8.7e+07 eff:0.1% logz-ratio=8.35+/-0.07 dlogz:0.366>0.1]
108069it [10:15:25 bound:1553 nc:840 ncall:8.7e+07 eff:0.1% logz-ratio=8.36+/-0.07 dlogz:0.356>0.1]
108190it [10:16:38 bound:1555 nc:720 ncall:8.8e+07 eff:0.1% logz-ratio=8.36+/-0.07 dlogz:0.346>0.1]
108310it [10:17:46 bound:1557 nc:1583 ncall:8.8e+07 eff:0.1% logz-ratio=8.36+/-0.07 dlogz:0.337>0.1]
108432it [10:18:55 bound:1559 nc:899 ncall:8.8e+07 eff:0.1% logz-ratio=8.36+/-0.07 dlogz:0.328>0.1]
108550it [10:20:02 bound:1561 nc:900 ncall:8.8e+07 eff:0.1% logz-ratio=8.37+/-0.07 dlogz:0.319>0.1]
108673it [10:21:09 bound:1563 nc:1413 ncall:8.8e+07 eff:0.1% logz-ratio=8.37+/-0.07 dlogz:0.310>0.1]
108795it [10:22:15 bound:1565 nc:2633 ncall:8.8e+07 eff:0.1% logz-ratio=8.37+/-0.07 dlogz:0.302>0.1]
108918it [10:23:19 bound:1567 nc:2722 ncall:8.9e+07 eff:0.1% logz-ratio=8.38+/-0.07 dlogz:0.293>0.1]
109097it [10:24:48 bound:1570 nc:1222 ncall:8.9e+07 eff:0.1% logz-ratio=8.38+/-0.07 dlogz:0.281>0.1]
109216it [10:25:52 bound:1572 nc:1469 ncall:8.9e+07 eff:0.1% logz-ratio=8.38+/-0.07 dlogz:0.274>0.1]
109334it [10:26:59 bound:1574 nc:907 ncall:8.9e+07 eff:0.1% logz-ratio=8.38+/-0.07 dlogz:0.266>0.1]
109457it [10:28:05 bound:1576 nc:1132 ncall:8.9e+07 eff:0.1% logz-ratio=8.39+/-0.07 dlogz:0.259>0.1]
109577it [10:29:08 bound:1578 nc:2752 ncall:8.9e+07 eff:0.1% logz-ratio=8.39+/-0.07 dlogz:0.252>0.1]
109694it [10:30:10 bound:1580 nc:1709 ncall:9.0e+07 eff:0.1% logz-ratio=8.39+/-0.07 dlogz:0.245>0.1]
109810it [10:31:14 bound:1582 nc:1209 ncall:9.0e+07 eff:0.1% logz-ratio=8.39+/-0.07 dlogz:0.238>0.1]
109927it [10:32:16 bound:1584 nc:1412 ncall:9.0e+07 eff:0.1% logz-ratio=8.40+/-0.07 dlogz:0.232>0.1]
110052it [10:33:20 bound:1586 nc:1430 ncall:9.0e+07 eff:0.1% logz-ratio=8.40+/-0.07 dlogz:0.225>0.1]
110168it [10:34:23 bound:1588 nc:881 ncall:9.0e+07 eff:0.1% logz-ratio=8.40+/-0.07 dlogz:0.219>0.1]
110290it [10:35:27 bound:1590 nc:1389 ncall:9.1e+07 eff:0.1% logz-ratio=8.40+/-0.07 dlogz:0.213>0.1]
110413it [10:36:28 bound:1592 nc:1267 ncall:9.1e+07 eff:0.1% logz-ratio=8.40+/-0.07 dlogz:0.207>0.1]
110595it [10:37:51 bound:1595 nc:834 ncall:9.1e+07 eff:0.1% logz-ratio=8.41+/-0.07 dlogz:0.198>0.1]
110780it [10:39:16 bound:1598 nc:1147 ncall:9.1e+07 eff:0.1% logz-ratio=8.41+/-0.07 dlogz:0.190>0.1]
110963it [10:40:40 bound:1601 nc:1742 ncall:9.1e+07 eff:0.1% logz-ratio=8.41+/-0.07 dlogz:0.182>0.1]
111146it [10:42:03 bound:1604 nc:1524 ncall:9.2e+07 eff:0.1% logz-ratio=8.41+/-0.07 dlogz:0.174>0.1]
111329it [10:43:30 bound:1607 nc:1462 ncall:9.2e+07 eff:0.1% logz-ratio=8.42+/-0.07 dlogz:0.167>0.1]
111510it [10:44:55 bound:1610 nc:1661 ncall:9.2e+07 eff:0.1% logz-ratio=8.42+/-0.07 dlogz:0.160>0.1]
111689it [10:46:24 bound:1613 nc:1405 ncall:9.3e+07 eff:0.1% logz-ratio=8.42+/-0.07 dlogz:0.190>0.1]
111874it [10:47:47 bound:1616 nc:4551 ncall:9.3e+07 eff:0.1% logz-ratio=8.42+/-0.07 dlogz:0.182>0.1]
112055it [10:49:07 bound:1619 nc:1553 ncall:9.3e+07 eff:0.1% logz-ratio=8.43+/-0.07 dlogz:0.174>0.1]
112236it [10:50:33 bound:1622 nc:1369 ncall:9.3e+07 eff:0.1% logz-ratio=8.43+/-0.07 dlogz:0.167>0.1]
112404it [10:51:57 bound:1625 nc:1230 ncall:9.4e+07 eff:0.1% logz-ratio=8.43+/-0.07 dlogz:0.160>0.1]
112582it [10:53:18 bound:1628 nc:1504 ncall:9.4e+07 eff:0.1% logz-ratio=8.43+/-0.07 dlogz:0.154>0.1]
112756it [10:54:42 bound:1631 nc:1052 ncall:9.4e+07 eff:0.1% logz-ratio=8.43+/-0.07 dlogz:0.148>0.1]
112934it [10:56:01 bound:1634 nc:1506 ncall:9.4e+07 eff:0.1% logz-ratio=8.44+/-0.07 dlogz:0.141>0.1]
113113it [10:57:22 bound:1637 nc:1270 ncall:9.5e+07 eff:0.1% logz-ratio=8.44+/-0.07 dlogz:0.136>0.1]
113293it [10:58:43 bound:1640 nc:1894 ncall:9.5e+07 eff:0.1% logz-ratio=8.44+/-0.07 dlogz:0.130>0.1]
113474it [11:00:02 bound:1643 nc:960 ncall:9.5e+07 eff:0.1% logz-ratio=8.44+/-0.07 dlogz:0.124>0.1]
113649it [11:01:20 bound:1646 nc:1133 ncall:9.5e+07 eff:0.1% logz-ratio=8.44+/-0.07 dlogz:0.119>0.1]
113828it [11:02:39 bound:1649 nc:1250 ncall:9.6e+07 eff:0.1% logz-ratio=8.45+/-0.07 dlogz:0.114>0.1]
114005it [11:03:55 bound:1652 nc:1438 ncall:9.6e+07 eff:0.1% logz-ratio=8.45+/-0.07 dlogz:0.117>0.1]
114186it [11:05:11 bound:1655 nc:1914 ncall:9.6e+07 eff:0.1% logz-ratio=8.45+/-0.07 dlogz:0.112>0.1]
114364it [11:06:28 bound:1658 nc:1229 ncall:9.7e+07 eff:0.1% logz-ratio=8.45+/-0.07 dlogz:0.108>0.1]
114440it [11:08:21 bound:1659 nc:1399 ncall:9.7e+07 eff:0.1% logz-ratio=8.45+/-0.07 dlogz:0.106>0.1]
114596it [11:09:39 bound:1662 nc:1868 ncall:9.7e+07 eff:0.1% logz-ratio=8.45+/-0.07 dlogz:0.102>0.1]
At this point, we cannot create a float from 0        1.458074
1        1.241267
2        1.099103
3        1.277798
4        1.325140
           ...   
22029    1.877530
22030    1.874478
22031    1.856765
22032    1.867436
22033    1.873033
Name: chirp_mass_source, Length: 22034, dtype: float64, error: cannot convert the series to <class 'float'>
At this point, we cannot create a float from 0        0.753177
1        0.875847
2        0.926518
3        0.687770
4        0.732947
           ...   
22029    0.861620
22030    0.851062
22031    0.865720
22032    0.860994
22033    0.856836
Name: mass_ratio, Length: 22034, dtype: float64, error: cannot convert the series to <class 'float'>
At this point, we cannot create a float from 0         76.415703
1        401.678589
2        795.374268
3         92.777199
4        100.913704
            ...    
22029      7.068481
22030      5.297539
22031     10.992895
22032      6.642958
22033      6.034680
Name: lambda_1, Length: 22034, dtype: float64, error: cannot convert the series to <class 'float'>
At this point, we cannot create a float from 0         556.352356
1         970.138916
2        1223.716675
3         785.316040
4         699.689514
            ...     
22029      37.976757
22030      37.698074
22031      50.894341
22032      38.032825
22033      37.671688
Name: lambda_2, Length: 22034, dtype: float64, error: cannot convert the series to <class 'float'>
Skipped taking the float value from [-10.2395916  -11.84911919  -8.85961056 ...  -9.23353004
  -8.49352455  -8.56949615], error: only length-1 arrays can be converted to Python scalars
At this point, we cannot create a float from [1.09910285 1.10188714 1.10467143 ... 1.92603617 1.92882046
 1.93160474], error: only length-1 arrays can be converted to Python scalars
At this point, we cannot create a float from [0.6303854  0.631461   0.6325366  ... 0.94983904 0.95091465
 0.95199025], error: only length-1 arrays can be converted to Python scalars
At this point, we cannot create a float from [  2.63968396   5.55735946   8.47503496 ... 869.1893072
 872.1069827  875.0246582 ], error: only length-1 arrays can be converted to Python scalars
At this point, we cannot create a float from [  16.10253716   22.44739763   28.79225811 ... 1900.52609935
 1906.87095983 1913.21582031], error: only length-1 arrays can be converted to Python scalars
Skipped taking the float value from [-22.06613922 -21.72434235 -21.9737072  ... -68.36143494
 -68.35234833 -68.34199524], error: only length-1 arrays can be converted to Python scalars
