NFDist has source_type = nsbh
self.parameters_ref
{'chirp_mass': 2.0272715949909377, 'mass_ratio': 0.3699999999999999, 'symmetric_mass_ratio': 0.19713357131440137, 'a_1': 0.0, 'a_2': 0.0, 'tilt_1': 0.0, 'tilt_2': 0.0, 'phi_jl': 0.0, 'phi_12': 0.0, 'luminosity_distance': 201.0, 'phase': 1.3576488959769972, 'theta_jn': 2.323517520938953, 'psi': 0.030083409062676092, 'ra': 1.121307208346961, 'dec': 0.22562961827621178, 'lambda_1': 0.0, 'lambda_2': 0.0, 'mass_1': 3.920441829732034, 'mass_2': 1.4505634770008522, 'geocent_time': 1369419318.7460938, 'duration': 128.0}
1it [0:00:00 bound:0 nc:  1 ncall:4.1e+03 eff:0.0% logz-ratio=-955.81+/-0.05 dlogz:inf>0.1]
11968it [0:01:00 bound:0 nc: 30 ncall:7.7e+04 eff:15.6% logz-ratio=-1.80+/-0.02 dlogz:25.706>0.1]
14581it [0:02:10 bound:2 nc:558 ncall:1.5e+05 eff:9.9% logz-ratio=-1.41+/-0.02 dlogz:24.680>0.1]
14836it [0:03:21 bound:6 nc:948 ncall:3.3e+05 eff:4.5% logz-ratio=-1.38+/-0.02 dlogz:24.585>0.1]
15090it [0:04:26 bound:10 nc:445 ncall:5.1e+05 eff:2.9% logz-ratio=-1.34+/-0.02 dlogz:24.491>0.1]
15343it [0:05:37 bound:14 nc:587 ncall:7.0e+05 eff:2.2% logz-ratio=-1.31+/-0.02 dlogz:24.398>0.1]
15597it [0:06:46 bound:18 nc:264 ncall:8.9e+05 eff:1.8% logz-ratio=-1.28+/-0.02 dlogz:24.305>0.1]
15846it [0:07:58 bound:22 nc:550 ncall:1.1e+06 eff:1.5% logz-ratio=-1.25+/-0.02 dlogz:24.215>0.1]
16102it [0:09:11 bound:26 nc:654 ncall:1.3e+06 eff:1.3% logz-ratio=-1.22+/-0.02 dlogz:24.123>0.1]
16356it [0:10:24 bound:30 nc:549 ncall:1.4e+06 eff:1.1% logz-ratio=-1.19+/-0.02 dlogz:24.032>0.1]
16611it [0:11:41 bound:34 nc:1002 ncall:1.6e+06 eff:1.0% logz-ratio=-1.17+/-0.02 dlogz:23.941>0.1]
16865it [0:12:54 bound:38 nc:777 ncall:1.8e+06 eff:0.9% logz-ratio=-1.14+/-0.02 dlogz:23.851>0.1]
17119it [0:14:08 bound:42 nc:745 ncall:2.0e+06 eff:0.8% logz-ratio=-1.11+/-0.02 dlogz:23.762>0.1]
17370it [0:15:24 bound:46 nc:919 ncall:2.2e+06 eff:0.8% logz-ratio=-1.08+/-0.02 dlogz:23.673>0.1]
17623it [0:16:41 bound:50 nc:717 ncall:2.4e+06 eff:0.7% logz-ratio=-1.06+/-0.02 dlogz:23.585>0.1]
17877it [0:17:56 bound:54 nc:898 ncall:2.6e+06 eff:0.7% logz-ratio=-1.03+/-0.02 dlogz:23.497>0.1]
18130it [0:19:13 bound:58 nc:1210 ncall:2.8e+06 eff:0.7% logz-ratio=-1.00+/-0.02 dlogz:23.409>0.1]
18383it [0:20:29 bound:62 nc:510 ncall:3.0e+06 eff:0.6% logz-ratio=-0.98+/-0.02 dlogz:23.322>0.1]
18638it [0:21:45 bound:66 nc:959 ncall:3.2e+06 eff:0.6% logz-ratio=-0.95+/-0.02 dlogz:23.234>0.1]
18828it [0:22:47 bound:69 nc:1691 ncall:3.3e+06 eff:0.6% logz-ratio=-0.94+/-0.02 dlogz:23.169>0.1]
19077it [0:24:07 bound:73 nc:1186 ncall:3.5e+06 eff:0.5% logz-ratio=-0.91+/-0.02 dlogz:23.084>0.1]
19330it [0:25:25 bound:77 nc:665 ncall:3.7e+06 eff:0.5% logz-ratio=-0.89+/-0.02 dlogz:22.998>0.1]
19582it [0:26:41 bound:81 nc:760 ncall:3.9e+06 eff:0.5% logz-ratio=-0.86+/-0.02 dlogz:22.913>0.1]
19774it [0:27:41 bound:84 nc:352 ncall:4.0e+06 eff:0.5% logz-ratio=-0.85+/-0.02 dlogz:22.848>0.1]
19982it [0:28:41 bound:87 nc:738 ncall:4.2e+06 eff:0.5% logz-ratio=-0.83+/-0.02 dlogz:22.778>0.1]
20215it [0:30:00 bound:91 nc:976 ncall:4.4e+06 eff:0.5% logz-ratio=-0.80+/-0.02 dlogz:22.700>0.1]
20404it [0:31:04 bound:94 nc:860 ncall:4.5e+06 eff:0.5% logz-ratio=-0.79+/-0.02 dlogz:22.637>0.1]
20589it [0:32:06 bound:97 nc:856 ncall:4.7e+06 eff:0.4% logz-ratio=-0.77+/-0.02 dlogz:22.575>0.1]
20839it [0:33:24 bound:101 nc:668 ncall:4.9e+06 eff:0.4% logz-ratio=-0.75+/-0.02 dlogz:22.491>0.1]
21028it [0:34:28 bound:104 nc:900 ncall:5.0e+06 eff:0.4% logz-ratio=-0.73+/-0.02 dlogz:22.429>0.1]
21216it [0:35:30 bound:107 nc:553 ncall:5.1e+06 eff:0.4% logz-ratio=-0.72+/-0.02 dlogz:22.366>0.1]
21403it [0:36:32 bound:110 nc:634 ncall:5.3e+06 eff:0.4% logz-ratio=-0.70+/-0.02 dlogz:22.304>0.1]
21589it [0:37:34 bound:113 nc:857 ncall:5.4e+06 eff:0.4% logz-ratio=-0.68+/-0.02 dlogz:22.242>0.1]
21777it [0:38:41 bound:116 nc:1446 ncall:5.6e+06 eff:0.4% logz-ratio=-0.67+/-0.02 dlogz:22.180>0.1]
21962it [0:39:45 bound:119 nc:1031 ncall:5.7e+06 eff:0.4% logz-ratio=-0.65+/-0.02 dlogz:22.119>0.1]
22150it [0:40:49 bound:122 nc:640 ncall:5.9e+06 eff:0.4% logz-ratio=-0.63+/-0.02 dlogz:22.057>0.1]
22338it [0:41:56 bound:125 nc:1411 ncall:6.0e+06 eff:0.4% logz-ratio=-0.62+/-0.02 dlogz:25.436>0.1]
22523it [0:43:01 bound:128 nc:977 ncall:6.2e+06 eff:0.4% logz-ratio=-0.60+/-0.02 dlogz:25.375>0.1]
22707it [0:44:07 bound:131 nc:840 ncall:6.3e+06 eff:0.4% logz-ratio=-0.59+/-0.02 dlogz:25.314>0.1]
22890it [0:45:17 bound:134 nc:867 ncall:6.5e+06 eff:0.4% logz-ratio=-0.57+/-0.02 dlogz:25.254>0.1]
23071it [0:46:24 bound:137 nc:1474 ncall:6.6e+06 eff:0.3% logz-ratio=-0.56+/-0.02 dlogz:25.194>0.1]
23256it [0:47:33 bound:140 nc:574 ncall:6.8e+06 eff:0.3% logz-ratio=-0.54+/-0.02 dlogz:25.133>0.1]
23441it [0:48:40 bound:143 nc:1151 ncall:6.9e+06 eff:0.3% logz-ratio=-0.52+/-0.02 dlogz:25.072>0.1]
23627it [0:49:47 bound:146 nc:1165 ncall:7.1e+06 eff:0.3% logz-ratio=-0.51+/-0.02 dlogz:25.011>0.1]
23809it [0:50:51 bound:149 nc:537 ncall:7.2e+06 eff:0.3% logz-ratio=-0.49+/-0.02 dlogz:24.952>0.1]
23997it [0:51:55 bound:152 nc:665 ncall:7.4e+06 eff:0.3% logz-ratio=-0.48+/-0.02 dlogz:24.890>0.1]
24178it [0:52:58 bound:155 nc:982 ncall:7.5e+06 eff:0.3% logz-ratio=-0.46+/-0.02 dlogz:24.830>0.1]
24354it [0:54:05 bound:158 nc:1015 ncall:7.7e+06 eff:0.3% logz-ratio=-0.45+/-0.02 dlogz:24.772>0.1]
24537it [0:55:10 bound:161 nc:1480 ncall:7.8e+06 eff:0.3% logz-ratio=-0.43+/-0.02 dlogz:24.712>0.1]
24721it [0:56:22 bound:164 nc:643 ncall:8.0e+06 eff:0.3% logz-ratio=-0.42+/-0.02 dlogz:24.652>0.1]
24904it [0:57:29 bound:167 nc:660 ncall:8.2e+06 eff:0.3% logz-ratio=-0.40+/-0.02 dlogz:24.592>0.1]
25088it [0:58:39 bound:170 nc:972 ncall:8.3e+06 eff:0.3% logz-ratio=-0.38+/-0.02 dlogz:24.531>0.1]
25273it [0:59:50 bound:173 nc:1155 ncall:8.5e+06 eff:0.3% logz-ratio=-0.37+/-0.02 dlogz:24.471>0.1]
25396it [1:01:05 bound:175 nc:982 ncall:8.6e+06 eff:0.3% logz-ratio=-0.36+/-0.02 dlogz:24.430>0.1]
25577it [1:02:10 bound:178 nc:1243 ncall:8.7e+06 eff:0.3% logz-ratio=-0.34+/-0.03 dlogz:24.371>0.1]
25749it [1:03:26 bound:181 nc:747 ncall:8.9e+06 eff:0.3% logz-ratio=-0.33+/-0.03 dlogz:24.314>0.1]
25934it [1:04:33 bound:184 nc:800 ncall:9.0e+06 eff:0.3% logz-ratio=-0.31+/-0.03 dlogz:24.253>0.1]
26115it [1:05:43 bound:187 nc:889 ncall:9.2e+06 eff:0.3% logz-ratio=-0.30+/-0.03 dlogz:24.193>0.1]
26292it [1:06:56 bound:190 nc:1311 ncall:9.4e+06 eff:0.3% logz-ratio=-0.28+/-0.03 dlogz:32.798>0.1]
26466it [1:08:03 bound:193 nc:676 ncall:9.5e+06 eff:0.3% logz-ratio=-0.27+/-0.03 dlogz:32.740>0.1]
26650it [1:09:14 bound:196 nc:571 ncall:9.7e+06 eff:0.3% logz-ratio=-0.25+/-0.03 dlogz:32.679>0.1]
26824it [1:10:24 bound:199 nc:904 ncall:9.8e+06 eff:0.3% logz-ratio=-0.24+/-0.03 dlogz:32.621>0.1]
27003it [1:11:36 bound:202 nc:450 ncall:1.0e+07 eff:0.3% logz-ratio=-0.22+/-0.03 dlogz:32.562>0.1]
27182it [1:12:50 bound:205 nc:800 ncall:1.0e+07 eff:0.3% logz-ratio=-0.20+/-0.03 dlogz:32.502>0.1]
27366it [1:14:07 bound:208 nc:778 ncall:1.0e+07 eff:0.3% logz-ratio=-0.19+/-0.03 dlogz:32.441>0.1]
27545it [1:15:14 bound:211 nc:470 ncall:1.0e+07 eff:0.3% logz-ratio=-0.17+/-0.03 dlogz:32.381>0.1]
27726it [1:16:22 bound:214 nc:754 ncall:1.1e+07 eff:0.3% logz-ratio=-0.15+/-0.03 dlogz:32.320>0.1]
27913it [1:17:31 bound:217 nc:623 ncall:1.1e+07 eff:0.3% logz-ratio=-0.14+/-0.03 dlogz:32.257>0.1]
28091it [1:18:39 bound:220 nc:1100 ncall:1.1e+07 eff:0.3% logz-ratio=-0.12+/-0.03 dlogz:32.197>0.1]
28271it [1:20:01 bound:223 nc:795 ncall:1.1e+07 eff:0.3% logz-ratio=-0.10+/-0.03 dlogz:32.136>0.1]
28445it [1:21:13 bound:226 nc:816 ncall:1.1e+07 eff:0.3% logz-ratio=-0.09+/-0.03 dlogz:32.077>0.1]
28622it [1:22:27 bound:229 nc:893 ncall:1.1e+07 eff:0.2% logz-ratio=-0.07+/-0.03 dlogz:32.016>0.1]
28794it [1:23:33 bound:232 nc:668 ncall:1.2e+07 eff:0.2% logz-ratio=-0.05+/-0.03 dlogz:31.957>0.1]
28969it [1:24:44 bound:235 nc:757 ncall:1.2e+07 eff:0.2% logz-ratio=-0.04+/-0.03 dlogz:31.897>0.1]
29149it [1:25:54 bound:238 nc:973 ncall:1.2e+07 eff:0.2% logz-ratio=-0.02+/-0.03 dlogz:31.834>0.1]
29325it [1:27:08 bound:241 nc:1073 ncall:1.2e+07 eff:0.2% logz-ratio=0.00+/-0.03 dlogz:31.773>0.1]
29499it [1:28:20 bound:244 nc:886 ncall:1.2e+07 eff:0.2% logz-ratio=0.02+/-0.03 dlogz:31.713>0.1]
29683it [1:29:34 bound:247 nc:2673 ncall:1.2e+07 eff:0.2% logz-ratio=0.04+/-0.03 dlogz:31.649>0.1]
29860it [1:30:48 bound:250 nc:1102 ncall:1.3e+07 eff:0.2% logz-ratio=0.06+/-0.03 dlogz:31.586>0.1]
30031it [1:32:01 bound:253 nc:1183 ncall:1.3e+07 eff:0.2% logz-ratio=0.08+/-0.03 dlogz:31.526>0.1]
30205it [1:33:12 bound:256 nc:972 ncall:1.3e+07 eff:0.2% logz-ratio=0.10+/-0.03 dlogz:31.464>0.1]
30392it [1:34:19 bound:259 nc:1655 ncall:1.3e+07 eff:0.2% logz-ratio=0.12+/-0.03 dlogz:43.866>0.1]
30568it [1:35:29 bound:262 nc:621 ncall:1.3e+07 eff:0.2% logz-ratio=0.14+/-0.03 dlogz:43.802>0.1]
30749it [1:36:38 bound:265 nc:1427 ncall:1.3e+07 eff:0.2% logz-ratio=0.16+/-0.03 dlogz:43.736>0.1]
30927it [1:37:46 bound:268 nc:1088 ncall:1.4e+07 eff:0.2% logz-ratio=0.18+/-0.03 dlogz:43.670>0.1]
31112it [1:38:58 bound:271 nc:1028 ncall:1.4e+07 eff:0.2% logz-ratio=0.21+/-0.03 dlogz:43.601>0.1]
31288it [1:40:10 bound:274 nc:777 ncall:1.4e+07 eff:0.2% logz-ratio=0.23+/-0.03 dlogz:43.535>0.1]
31469it [1:41:22 bound:277 nc:569 ncall:1.4e+07 eff:0.2% logz-ratio=0.25+/-0.03 dlogz:43.467>0.1]
31651it [1:42:39 bound:280 nc:1099 ncall:1.4e+07 eff:0.2% logz-ratio=0.28+/-0.03 dlogz:43.397>0.1]
31831it [1:43:46 bound:283 nc:1074 ncall:1.4e+07 eff:0.2% logz-ratio=0.30+/-0.03 dlogz:43.327>0.1]
32016it [1:44:56 bound:286 nc:525 ncall:1.5e+07 eff:0.2% logz-ratio=0.33+/-0.03 dlogz:46.396>0.1]
32195it [1:46:07 bound:289 nc:1163 ncall:1.5e+07 eff:0.2% logz-ratio=0.36+/-0.03 dlogz:46.325>0.1]
32378it [1:47:20 bound:292 nc:969 ncall:1.5e+07 eff:0.2% logz-ratio=0.39+/-0.03 dlogz:46.251>0.1]
32559it [1:48:36 bound:295 nc:741 ncall:1.5e+07 eff:0.2% logz-ratio=0.42+/-0.03 dlogz:46.177>0.1]
32743it [1:49:49 bound:298 nc:718 ncall:1.5e+07 eff:0.2% logz-ratio=0.45+/-0.03 dlogz:46.101>0.1]
32924it [1:51:02 bound:301 nc:824 ncall:1.5e+07 eff:0.2% logz-ratio=0.48+/-0.03 dlogz:46.024>0.1]
33107it [1:52:16 bound:304 nc:1365 ncall:1.6e+07 eff:0.2% logz-ratio=0.52+/-0.03 dlogz:45.946>0.1]
33287it [1:53:30 bound:307 nc:595 ncall:1.6e+07 eff:0.2% logz-ratio=0.55+/-0.03 dlogz:45.867>0.1]
33466it [1:54:41 bound:310 nc:1724 ncall:1.6e+07 eff:0.2% logz-ratio=0.59+/-0.03 dlogz:45.787>0.1]
33647it [1:55:52 bound:313 nc:643 ncall:1.6e+07 eff:0.2% logz-ratio=0.63+/-0.03 dlogz:45.703>0.1]
33827it [1:57:03 bound:316 nc:1094 ncall:1.6e+07 eff:0.2% logz-ratio=0.67+/-0.03 dlogz:45.619>0.1]
34007it [1:58:19 bound:319 nc:905 ncall:1.6e+07 eff:0.2% logz-ratio=0.71+/-0.03 dlogz:45.534>0.1]
34191it [1:59:27 bound:322 nc:687 ncall:1.7e+07 eff:0.2% logz-ratio=0.75+/-0.03 dlogz:45.445>0.1]
34377it [2:00:38 bound:325 nc:1190 ncall:1.7e+07 eff:0.2% logz-ratio=0.80+/-0.04 dlogz:45.353>0.1]
34437it [2:01:38 bound:326 nc:1069 ncall:1.7e+07 eff:0.2% logz-ratio=0.81+/-0.04 dlogz:45.323>0.1]
34619it [2:02:56 bound:329 nc:643 ncall:1.7e+07 eff:0.2% logz-ratio=0.86+/-0.04 dlogz:45.231>0.1]
34795it [2:04:13 bound:332 nc:1502 ncall:1.7e+07 eff:0.2% logz-ratio=0.91+/-0.04 dlogz:45.139>0.1]
34979it [2:05:24 bound:335 nc:951 ncall:1.7e+07 eff:0.2% logz-ratio=0.96+/-0.04 dlogz:45.040>0.1]
35157it [2:06:38 bound:338 nc:990 ncall:1.7e+07 eff:0.2% logz-ratio=1.02+/-0.04 dlogz:44.943>0.1]
35340it [2:07:50 bound:341 nc:1167 ncall:1.8e+07 eff:0.2% logz-ratio=1.08+/-0.04 dlogz:44.840>0.1]
35523it [2:09:13 bound:344 nc:934 ncall:1.8e+07 eff:0.2% logz-ratio=1.14+/-0.04 dlogz:44.734>0.1]
35704it [2:10:23 bound:347 nc:1384 ncall:1.8e+07 eff:0.2% logz-ratio=1.20+/-0.04 dlogz:44.626>0.1]
35881it [2:11:40 bound:350 nc:1157 ncall:1.8e+07 eff:0.2% logz-ratio=1.27+/-0.04 dlogz:44.519>0.1]
36064it [2:12:52 bound:353 nc:565 ncall:1.8e+07 eff:0.2% logz-ratio=1.34+/-0.04 dlogz:44.405>0.1]
36244it [2:14:07 bound:356 nc:1110 ncall:1.8e+07 eff:0.2% logz-ratio=1.41+/-0.04 dlogz:44.291>0.1]
36432it [2:15:28 bound:359 nc:574 ncall:1.9e+07 eff:0.2% logz-ratio=1.48+/-0.04 dlogz:44.169>0.1]
36610it [2:16:41 bound:362 nc:493 ncall:1.9e+07 eff:0.2% logz-ratio=1.56+/-0.04 dlogz:44.052>0.1]
36789it [2:17:54 bound:365 nc:1518 ncall:1.9e+07 eff:0.2% logz-ratio=1.63+/-0.04 dlogz:43.932>0.1]
36969it [2:19:07 bound:368 nc:674 ncall:1.9e+07 eff:0.2% logz-ratio=1.71+/-0.04 dlogz:46.011>0.1]
37151it [2:20:22 bound:371 nc:842 ncall:1.9e+07 eff:0.2% logz-ratio=1.79+/-0.04 dlogz:45.884>0.1]
37336it [2:21:41 bound:374 nc:1356 ncall:2.0e+07 eff:0.2% logz-ratio=1.88+/-0.04 dlogz:45.753>0.1]
37517it [2:23:01 bound:377 nc:856 ncall:2.0e+07 eff:0.2% logz-ratio=1.97+/-0.04 dlogz:45.622>0.1]
37693it [2:24:16 bound:380 nc:574 ncall:2.0e+07 eff:0.2% logz-ratio=2.05+/-0.04 dlogz:45.493>0.1]
37870it [2:25:36 bound:383 nc:646 ncall:2.0e+07 eff:0.2% logz-ratio=2.14+/-0.04 dlogz:45.361>0.1]
38051it [2:26:51 bound:386 nc:770 ncall:2.0e+07 eff:0.2% logz-ratio=2.23+/-0.04 dlogz:45.224>0.1]
38232it [2:28:12 bound:389 nc:1189 ncall:2.0e+07 eff:0.2% logz-ratio=2.33+/-0.04 dlogz:45.084>0.1]
38414it [2:29:28 bound:392 nc:1262 ncall:2.1e+07 eff:0.2% logz-ratio=2.43+/-0.04 dlogz:44.941>0.1]
38597it [2:30:41 bound:395 nc:1186 ncall:2.1e+07 eff:0.2% logz-ratio=2.53+/-0.04 dlogz:44.795>0.1]
38775it [2:31:56 bound:398 nc:907 ncall:2.1e+07 eff:0.2% logz-ratio=2.63+/-0.04 dlogz:44.653>0.1]
38953it [2:33:15 bound:401 nc:1032 ncall:2.1e+07 eff:0.2% logz-ratio=2.73+/-0.05 dlogz:44.511>0.1]
39134it [2:34:32 bound:404 nc:725 ncall:2.1e+07 eff:0.2% logz-ratio=2.83+/-0.05 dlogz:44.365>0.1]
39311it [2:35:51 bound:407 nc:1263 ncall:2.1e+07 eff:0.2% logz-ratio=2.93+/-0.05 dlogz:44.222>0.1]
39485it [2:37:16 bound:410 nc:538 ncall:2.2e+07 eff:0.2% logz-ratio=3.03+/-0.05 dlogz:44.079>0.1]
39664it [2:38:35 bound:413 nc:1147 ncall:2.2e+07 eff:0.2% logz-ratio=3.13+/-0.05 dlogz:43.931>0.1]
39839it [2:40:00 bound:416 nc:1330 ncall:2.2e+07 eff:0.2% logz-ratio=3.24+/-0.05 dlogz:43.785>0.1]
40011it [2:41:20 bound:419 nc:695 ncall:2.2e+07 eff:0.2% logz-ratio=3.34+/-0.05 dlogz:43.641>0.1]
40190it [2:42:39 bound:422 nc:1688 ncall:2.2e+07 eff:0.2% logz-ratio=3.45+/-0.05 dlogz:43.489>0.1]
40367it [2:44:00 bound:425 nc:1609 ncall:2.2e+07 eff:0.2% logz-ratio=3.55+/-0.05 dlogz:43.338>0.1]
40539it [2:45:20 bound:428 nc:431 ncall:2.3e+07 eff:0.2% logz-ratio=3.66+/-0.05 dlogz:43.189>0.1]
40717it [2:46:43 bound:431 nc:2756 ncall:2.3e+07 eff:0.2% logz-ratio=3.77+/-0.05 dlogz:43.034>0.1]
40886it [2:48:04 bound:434 nc:803 ncall:2.3e+07 eff:0.2% logz-ratio=3.88+/-0.05 dlogz:42.887>0.1]
41062it [2:49:19 bound:437 nc:1334 ncall:2.3e+07 eff:0.2% logz-ratio=3.99+/-0.05 dlogz:42.733>0.1]
41234it [2:50:45 bound:440 nc:1676 ncall:2.3e+07 eff:0.2% logz-ratio=4.10+/-0.05 dlogz:42.579>0.1]
41407it [2:52:08 bound:443 nc:937 ncall:2.4e+07 eff:0.2% logz-ratio=4.22+/-0.05 dlogz:42.422>0.1]
41582it [2:53:33 bound:446 nc:828 ncall:2.4e+07 eff:0.2% logz-ratio=4.33+/-0.05 dlogz:42.261>0.1]
41762it [2:54:56 bound:449 nc:948 ncall:2.4e+07 eff:0.2% logz-ratio=4.46+/-0.05 dlogz:42.096>0.1]
41942it [2:56:18 bound:452 nc:2326 ncall:2.4e+07 eff:0.2% logz-ratio=4.58+/-0.05 dlogz:41.927>0.1]
42115it [2:57:38 bound:455 nc:1151 ncall:2.4e+07 eff:0.2% logz-ratio=4.70+/-0.05 dlogz:41.761>0.1]
42291it [2:58:58 bound:458 nc:2150 ncall:2.4e+07 eff:0.2% logz-ratio=4.83+/-0.05 dlogz:41.591>0.1]
42468it [3:00:12 bound:461 nc:727 ncall:2.5e+07 eff:0.2% logz-ratio=4.96+/-0.05 dlogz:41.419>0.1]
42605it [3:01:47 bound:463 nc:997 ncall:2.5e+07 eff:0.2% logz-ratio=5.06+/-0.05 dlogz:41.285>0.1]
42769it [3:03:05 bound:466 nc:1644 ncall:2.5e+07 eff:0.2% logz-ratio=5.18+/-0.05 dlogz:41.121>0.1]
42937it [3:04:26 bound:469 nc:1472 ncall:2.5e+07 eff:0.2% logz-ratio=5.31+/-0.05 dlogz:40.952>0.1]
43112it [3:05:45 bound:472 nc:1133 ncall:2.5e+07 eff:0.2% logz-ratio=5.45+/-0.05 dlogz:40.773>0.1]
43287it [3:07:07 bound:475 nc:1159 ncall:2.6e+07 eff:0.2% logz-ratio=5.58+/-0.05 dlogz:40.598>0.1]
43453it [3:08:29 bound:478 nc:421 ncall:2.6e+07 eff:0.2% logz-ratio=5.70+/-0.05 dlogz:40.434>0.1]
43629it [3:09:52 bound:481 nc:2258 ncall:2.6e+07 eff:0.2% logz-ratio=5.84+/-0.05 dlogz:40.258>0.1]
43798it [3:11:11 bound:484 nc:1217 ncall:2.6e+07 eff:0.2% logz-ratio=5.97+/-0.05 dlogz:40.088>0.1]
43975it [3:12:32 bound:487 nc:542 ncall:2.6e+07 eff:0.2% logz-ratio=6.10+/-0.05 dlogz:39.909>0.1]
44156it [3:13:57 bound:490 nc:972 ncall:2.6e+07 eff:0.2% logz-ratio=6.24+/-0.05 dlogz:39.725>0.1]
44334it [3:15:23 bound:493 nc:1579 ncall:2.7e+07 eff:0.2% logz-ratio=6.38+/-0.05 dlogz:39.541>0.1]
44518it [3:16:44 bound:496 nc:1287 ncall:2.7e+07 eff:0.2% logz-ratio=6.53+/-0.05 dlogz:44.198>0.1]
44684it [3:18:07 bound:499 nc:804 ncall:2.7e+07 eff:0.2% logz-ratio=6.66+/-0.05 dlogz:44.025>0.1]
44858it [3:19:31 bound:502 nc:846 ncall:2.7e+07 eff:0.2% logz-ratio=6.80+/-0.05 dlogz:43.842>0.1]
45032it [3:20:47 bound:505 nc:843 ncall:2.7e+07 eff:0.2% logz-ratio=6.94+/-0.05 dlogz:43.655>0.1]
45199it [3:22:01 bound:508 nc:581 ncall:2.8e+07 eff:0.2% logz-ratio=7.08+/-0.05 dlogz:43.475>0.1]
45378it [3:23:12 bound:511 nc:1083 ncall:2.8e+07 eff:0.2% logz-ratio=7.23+/-0.05 dlogz:43.281>0.1]
45547it [3:24:32 bound:514 nc:1007 ncall:2.8e+07 eff:0.2% logz-ratio=7.38+/-0.05 dlogz:43.098>0.1]
45722it [3:25:55 bound:517 nc:1548 ncall:2.8e+07 eff:0.2% logz-ratio=7.52+/-0.05 dlogz:42.907>0.1]
45897it [3:27:16 bound:520 nc:1729 ncall:2.8e+07 eff:0.2% logz-ratio=7.67+/-0.05 dlogz:42.714>0.1]
46066it [3:28:40 bound:523 nc:2324 ncall:2.8e+07 eff:0.2% logz-ratio=7.82+/-0.05 dlogz:42.527>0.1]
46236it [3:30:05 bound:526 nc:884 ncall:2.9e+07 eff:0.2% logz-ratio=7.96+/-0.05 dlogz:42.341>0.1]
46410it [3:31:32 bound:529 nc:991 ncall:2.9e+07 eff:0.2% logz-ratio=8.11+/-0.05 dlogz:42.152>0.1]
46578it [3:32:57 bound:532 nc:1448 ncall:2.9e+07 eff:0.2% logz-ratio=8.26+/-0.05 dlogz:41.965>0.1]
46757it [3:34:24 bound:535 nc:787 ncall:2.9e+07 eff:0.2% logz-ratio=8.41+/-0.05 dlogz:41.765>0.1]
46922it [3:35:51 bound:538 nc:961 ncall:2.9e+07 eff:0.2% logz-ratio=8.56+/-0.05 dlogz:41.581>0.1]
47038it [3:36:54 bound:540 nc:1606 ncall:3.0e+07 eff:0.2% logz-ratio=8.66+/-0.05 dlogz:41.451>0.1]
47222it [3:38:14 bound:543 nc:905 ncall:3.0e+07 eff:0.2% logz-ratio=8.82+/-0.05 dlogz:41.247>0.1]
47391it [3:39:33 bound:546 nc:570 ncall:3.0e+07 eff:0.2% logz-ratio=8.97+/-0.05 dlogz:41.057>0.1]
47567it [3:40:53 bound:549 nc:646 ncall:3.0e+07 eff:0.2% logz-ratio=9.12+/-0.05 dlogz:40.857>0.1]
47737it [3:42:15 bound:552 nc:1047 ncall:3.0e+07 eff:0.2% logz-ratio=9.27+/-0.05 dlogz:40.667>0.1]
47913it [3:43:38 bound:555 nc:2262 ncall:3.0e+07 eff:0.2% logz-ratio=9.42+/-0.05 dlogz:40.473>0.1]
48089it [3:45:06 bound:558 nc:948 ncall:3.1e+07 eff:0.2% logz-ratio=9.58+/-0.05 dlogz:40.276>0.1]
48266it [3:46:34 bound:561 nc:689 ncall:3.1e+07 eff:0.2% logz-ratio=9.73+/-0.05 dlogz:40.077>0.1]
48439it [3:47:54 bound:564 nc:900 ncall:3.1e+07 eff:0.2% logz-ratio=9.88+/-0.05 dlogz:39.883>0.1]
48615it [3:49:20 bound:567 nc:1268 ncall:3.1e+07 eff:0.2% logz-ratio=10.04+/-0.05 dlogz:39.685>0.1]
48728it [3:50:21 bound:569 nc:1213 ncall:3.1e+07 eff:0.2% logz-ratio=10.14+/-0.05 dlogz:39.557>0.1]
48902it [3:51:43 bound:572 nc:526 ncall:3.2e+07 eff:0.2% logz-ratio=10.29+/-0.05 dlogz:39.361>0.1]
49011it [3:52:43 bound:574 nc:716 ncall:3.2e+07 eff:0.2% logz-ratio=10.39+/-0.05 dlogz:39.237>0.1]
49193it [3:54:09 bound:577 nc:1205 ncall:3.2e+07 eff:0.2% logz-ratio=10.56+/-0.05 dlogz:39.028>0.1]
49362it [3:55:33 bound:580 nc:2405 ncall:3.2e+07 eff:0.2% logz-ratio=10.71+/-0.05 dlogz:38.830>0.1]
49536it [3:56:59 bound:583 nc:1371 ncall:3.2e+07 eff:0.2% logz-ratio=10.87+/-0.05 dlogz:38.627>0.1]
49712it [3:58:19 bound:586 nc:1138 ncall:3.2e+07 eff:0.2% logz-ratio=11.03+/-0.05 dlogz:38.424>0.1]
49886it [3:59:49 bound:589 nc:710 ncall:3.3e+07 eff:0.2% logz-ratio=11.19+/-0.05 dlogz:38.223>0.1]
50057it [4:01:12 bound:592 nc:686 ncall:3.3e+07 eff:0.2% logz-ratio=11.35+/-0.05 dlogz:38.025>0.1]
50134it [4:02:31 bound:593 nc:675 ncall:3.3e+07 eff:0.2% logz-ratio=11.42+/-0.05 dlogz:37.936>0.1]
50284it [4:03:58 bound:596 nc:1645 ncall:3.3e+07 eff:0.2% logz-ratio=11.56+/-0.05 dlogz:37.762>0.1]
50462it [4:05:20 bound:599 nc:1538 ncall:3.3e+07 eff:0.2% logz-ratio=11.72+/-0.05 dlogz:37.554>0.1]
50639it [4:06:47 bound:602 nc:1404 ncall:3.4e+07 eff:0.2% logz-ratio=11.88+/-0.06 dlogz:37.349>0.1]
50806it [4:08:16 bound:605 nc:1331 ncall:3.4e+07 eff:0.2% logz-ratio=12.04+/-0.06 dlogz:37.150>0.1]
50924it [4:09:18 bound:607 nc:5135 ncall:3.4e+07 eff:0.2% logz-ratio=12.15+/-0.06 dlogz:37.010>0.1]
51092it [4:10:40 bound:610 nc:1170 ncall:3.4e+07 eff:0.2% logz-ratio=12.31+/-0.06 dlogz:36.812>0.1]
51212it [4:11:40 bound:612 nc:877 ncall:3.4e+07 eff:0.1% logz-ratio=12.42+/-0.06 dlogz:36.668>0.1]
51381it [4:13:07 bound:615 nc:1461 ncall:3.4e+07 eff:0.1% logz-ratio=12.58+/-0.06 dlogz:36.467>0.1]
51553it [4:14:35 bound:618 nc:1076 ncall:3.5e+07 eff:0.1% logz-ratio=12.75+/-0.06 dlogz:36.259>0.1]
51731it [4:15:58 bound:621 nc:709 ncall:3.5e+07 eff:0.1% logz-ratio=12.93+/-0.06 dlogz:36.038>0.1]
51906it [4:17:21 bound:624 nc:1193 ncall:3.5e+07 eff:0.1% logz-ratio=13.10+/-0.06 dlogz:35.921>0.1]
52076it [4:18:44 bound:627 nc:950 ncall:3.5e+07 eff:0.1% logz-ratio=13.28+/-0.06 dlogz:35.705>0.1]
52257it [4:20:11 bound:630 nc:535 ncall:3.5e+07 eff:0.1% logz-ratio=13.47+/-0.06 dlogz:35.472>0.1]
52431it [4:21:39 bound:633 nc:1730 ncall:3.6e+07 eff:0.1% logz-ratio=13.65+/-0.06 dlogz:35.247>0.1]
52542it [4:22:42 bound:635 nc:1680 ncall:3.6e+07 eff:0.1% logz-ratio=13.76+/-0.06 dlogz:35.106>0.1]
52721it [4:24:06 bound:638 nc:1017 ncall:3.6e+07 eff:0.1% logz-ratio=13.95+/-0.06 dlogz:34.871>0.1]
52903it [4:25:28 bound:641 nc:752 ncall:3.6e+07 eff:0.1% logz-ratio=14.15+/-0.06 dlogz:34.631>0.1]
53079it [4:26:51 bound:644 nc:981 ncall:3.6e+07 eff:0.1% logz-ratio=14.33+/-0.06 dlogz:34.403>0.1]
53251it [4:28:15 bound:647 nc:1333 ncall:3.6e+07 eff:0.1% logz-ratio=14.51+/-0.06 dlogz:34.181>0.1]
53428it [4:29:37 bound:650 nc:922 ncall:3.7e+07 eff:0.1% logz-ratio=14.70+/-0.06 dlogz:33.955>0.1]
53599it [4:31:04 bound:653 nc:1793 ncall:3.7e+07 eff:0.1% logz-ratio=14.87+/-0.06 dlogz:33.737>0.1]
53773it [4:32:31 bound:656 nc:2377 ncall:3.7e+07 eff:0.1% logz-ratio=15.05+/-0.06 dlogz:33.520>0.1]
53942it [4:33:53 bound:659 nc:1274 ncall:3.7e+07 eff:0.1% logz-ratio=15.22+/-0.06 dlogz:33.310>0.1]
54115it [4:35:13 bound:662 nc:1384 ncall:3.8e+07 eff:0.1% logz-ratio=15.39+/-0.06 dlogz:33.095>0.1]
54226it [4:36:14 bound:664 nc:455 ncall:3.8e+07 eff:0.1% logz-ratio=15.50+/-0.06 dlogz:32.956>0.1]
54398it [4:37:37 bound:667 nc:848 ncall:3.8e+07 eff:0.1% logz-ratio=15.67+/-0.06 dlogz:32.740>0.1]
54576it [4:39:02 bound:670 nc:712 ncall:3.8e+07 eff:0.1% logz-ratio=15.85+/-0.06 dlogz:32.520>0.1]
54751it [4:40:31 bound:673 nc:873 ncall:3.8e+07 eff:0.1% logz-ratio=16.03+/-0.06 dlogz:32.297>0.1]
54856it [4:41:34 bound:675 nc:618 ncall:3.8e+07 eff:0.1% logz-ratio=16.14+/-0.06 dlogz:32.161>0.1]
55030it [4:42:59 bound:678 nc:956 ncall:3.9e+07 eff:0.1% logz-ratio=16.33+/-0.06 dlogz:31.933>0.1]
55201it [4:44:27 bound:681 nc:1326 ncall:3.9e+07 eff:0.1% logz-ratio=16.50+/-0.06 dlogz:33.484>0.1]
55370it [4:45:56 bound:684 nc:1043 ncall:3.9e+07 eff:0.1% logz-ratio=16.68+/-0.06 dlogz:33.268>0.1]
55483it [4:46:58 bound:686 nc:812 ncall:3.9e+07 eff:0.1% logz-ratio=16.80+/-0.06 dlogz:33.123>0.1]
55654it [4:48:17 bound:689 nc:1129 ncall:3.9e+07 eff:0.1% logz-ratio=16.98+/-0.06 dlogz:32.901>0.1]
55818it [4:49:48 bound:692 nc:2369 ncall:4.0e+07 eff:0.1% logz-ratio=17.15+/-0.06 dlogz:32.689>0.1]
55990it [4:51:16 bound:695 nc:1571 ncall:4.0e+07 eff:0.1% logz-ratio=17.33+/-0.06 dlogz:32.466>0.1]
56168it [4:52:41 bound:698 nc:2494 ncall:4.0e+07 eff:0.1% logz-ratio=17.52+/-0.06 dlogz:32.236>0.1]
56283it [4:53:42 bound:700 nc:2016 ncall:4.0e+07 eff:0.1% logz-ratio=17.63+/-0.06 dlogz:32.090>0.1]
56460it [4:55:06 bound:703 nc:1054 ncall:4.0e+07 eff:0.1% logz-ratio=17.82+/-0.06 dlogz:31.865>0.1]
56570it [4:56:06 bound:705 nc:1007 ncall:4.1e+07 eff:0.1% logz-ratio=17.93+/-0.06 dlogz:31.727>0.1]
56687it [4:57:07 bound:707 nc:951 ncall:4.1e+07 eff:0.1% logz-ratio=18.05+/-0.06 dlogz:31.576>0.1]
56860it [4:58:33 bound:710 nc:1068 ncall:4.1e+07 eff:0.1% logz-ratio=18.23+/-0.06 dlogz:31.354>0.1]
56974it [4:59:37 bound:712 nc:1334 ncall:4.1e+07 eff:0.1% logz-ratio=18.35+/-0.06 dlogz:31.206>0.1]
57144it [5:01:09 bound:715 nc:864 ncall:4.1e+07 eff:0.1% logz-ratio=18.53+/-0.06 dlogz:30.984>0.1]
57274it [5:02:59 bound:717 nc:1505 ncall:4.1e+07 eff:0.1% logz-ratio=18.67+/-0.06 dlogz:30.813>0.1]
57432it [5:04:26 bound:720 nc:932 ncall:4.2e+07 eff:0.1% logz-ratio=18.84+/-0.06 dlogz:30.604>0.1]
57611it [5:05:55 bound:723 nc:2391 ncall:4.2e+07 eff:0.1% logz-ratio=19.04+/-0.06 dlogz:30.365>0.1]
57793it [5:07:23 bound:726 nc:1888 ncall:4.2e+07 eff:0.1% logz-ratio=19.24+/-0.06 dlogz:30.121>0.1]
57906it [5:08:23 bound:728 nc:5103 ncall:4.2e+07 eff:0.1% logz-ratio=19.36+/-0.06 dlogz:29.968>0.1]
58082it [5:09:54 bound:731 nc:1162 ncall:4.2e+07 eff:0.1% logz-ratio=19.55+/-0.06 dlogz:29.735>0.1]
58253it [5:11:24 bound:734 nc:1394 ncall:4.3e+07 eff:0.1% logz-ratio=19.74+/-0.06 dlogz:29.507>0.1]
58433it [5:12:52 bound:737 nc:2158 ncall:4.3e+07 eff:0.1% logz-ratio=19.93+/-0.06 dlogz:29.266>0.1]
58604it [5:14:22 bound:740 nc:1253 ncall:4.3e+07 eff:0.1% logz-ratio=20.12+/-0.06 dlogz:29.036>0.1]
58716it [5:15:25 bound:742 nc:1550 ncall:4.3e+07 eff:0.1% logz-ratio=20.24+/-0.06 dlogz:30.924>0.1]
58884it [5:16:52 bound:745 nc:964 ncall:4.3e+07 eff:0.1% logz-ratio=20.42+/-0.06 dlogz:30.701>0.1]
59059it [5:18:22 bound:748 nc:2474 ncall:4.4e+07 eff:0.1% logz-ratio=20.61+/-0.06 dlogz:30.469>0.1]
59176it [5:19:26 bound:750 nc:2032 ncall:4.4e+07 eff:0.1% logz-ratio=20.74+/-0.06 dlogz:30.310>0.1]
59296it [5:20:33 bound:752 nc:1924 ncall:4.4e+07 eff:0.1% logz-ratio=20.88+/-0.06 dlogz:30.148>0.1]
59470it [5:21:57 bound:755 nc:744 ncall:4.4e+07 eff:0.1% logz-ratio=21.07+/-0.06 dlogz:29.912>0.1]
59587it [5:22:57 bound:757 nc:1235 ncall:4.4e+07 eff:0.1% logz-ratio=21.20+/-0.06 dlogz:29.757>0.1]
59766it [5:24:25 bound:760 nc:1632 ncall:4.4e+07 eff:0.1% logz-ratio=21.39+/-0.06 dlogz:29.521>0.1]
59927it [5:25:25 bound:762 nc:946 ncall:4.5e+07 eff:0.1% logz-ratio=21.56+/-0.06 dlogz:31.104>0.1]
59997it [5:26:26 bound:764 nc:1483 ncall:4.5e+07 eff:0.1% logz-ratio=21.63+/-0.06 dlogz:31.012>0.1]
60111it [5:27:26 bound:766 nc:781 ncall:4.5e+07 eff:0.1% logz-ratio=21.75+/-0.06 dlogz:30.862>0.1]
60220it [5:28:26 bound:768 nc:1239 ncall:4.5e+07 eff:0.1% logz-ratio=21.87+/-0.06 dlogz:30.721>0.1]
60335it [5:29:27 bound:770 nc:1652 ncall:4.5e+07 eff:0.1% logz-ratio=21.99+/-0.06 dlogz:30.572>0.1]
60508it [5:30:55 bound:773 nc:1063 ncall:4.5e+07 eff:0.1% logz-ratio=22.17+/-0.06 dlogz:30.347>0.1]
60624it [5:31:55 bound:775 nc:1055 ncall:4.6e+07 eff:0.1% logz-ratio=22.29+/-0.06 dlogz:30.197>0.1]
60734it [5:32:55 bound:777 nc:1389 ncall:4.6e+07 eff:0.1% logz-ratio=22.41+/-0.06 dlogz:30.054>0.1]
60854it [5:33:56 bound:779 nc:1203 ncall:4.6e+07 eff:0.1% logz-ratio=22.53+/-0.06 dlogz:29.900>0.1]
60970it [5:35:00 bound:781 nc:660 ncall:4.6e+07 eff:0.1% logz-ratio=22.66+/-0.06 dlogz:29.750>0.1]
61145it [5:36:29 bound:784 nc:753 ncall:4.6e+07 eff:0.1% logz-ratio=22.84+/-0.06 dlogz:29.524>0.1]
61261it [5:37:31 bound:786 nc:742 ncall:4.6e+07 eff:0.1% logz-ratio=22.96+/-0.06 dlogz:29.375>0.1]
61375it [5:38:33 bound:788 nc:751 ncall:4.7e+07 eff:0.1% logz-ratio=23.08+/-0.06 dlogz:29.226>0.1]
61546it [5:40:00 bound:791 nc:1105 ncall:4.7e+07 eff:0.1% logz-ratio=23.27+/-0.06 dlogz:29.000>0.1]
61664it [5:41:00 bound:793 nc:2895 ncall:4.7e+07 eff:0.1% logz-ratio=23.39+/-0.06 dlogz:28.847>0.1]
61785it [5:42:05 bound:795 nc:546 ncall:4.7e+07 eff:0.1% logz-ratio=23.52+/-0.06 dlogz:28.691>0.1]
61964it [5:43:34 bound:798 nc:967 ncall:4.7e+07 eff:0.1% logz-ratio=23.70+/-0.06 dlogz:28.465>0.1]
62140it [5:45:01 bound:801 nc:1140 ncall:4.8e+07 eff:0.1% logz-ratio=23.88+/-0.06 dlogz:28.245>0.1]
62256it [5:46:06 bound:803 nc:1703 ncall:4.8e+07 eff:0.1% logz-ratio=24.00+/-0.06 dlogz:28.097>0.1]
62372it [5:47:09 bound:805 nc:736 ncall:4.8e+07 eff:0.1% logz-ratio=24.12+/-0.06 dlogz:27.946>0.1]
62487it [5:48:12 bound:807 nc:1550 ncall:4.8e+07 eff:0.1% logz-ratio=24.24+/-0.06 dlogz:27.797>0.1]
62601it [5:49:13 bound:809 nc:671 ncall:4.8e+07 eff:0.1% logz-ratio=24.36+/-0.06 dlogz:27.651>0.1]
62718it [5:50:14 bound:811 nc:1283 ncall:4.8e+07 eff:0.1% logz-ratio=24.48+/-0.06 dlogz:27.500>0.1]
62890it [5:51:43 bound:814 nc:896 ncall:4.9e+07 eff:0.1% logz-ratio=24.66+/-0.06 dlogz:27.276>0.1]
63010it [5:52:46 bound:816 nc:908 ncall:4.9e+07 eff:0.1% logz-ratio=24.79+/-0.06 dlogz:27.120>0.1]
63121it [5:53:55 bound:818 nc:2469 ncall:4.9e+07 eff:0.1% logz-ratio=24.90+/-0.06 dlogz:26.976>0.1]
63234it [5:54:59 bound:820 nc:1952 ncall:4.9e+07 eff:0.1% logz-ratio=25.03+/-0.06 dlogz:26.828>0.1]
63348it [5:56:06 bound:822 nc:1836 ncall:4.9e+07 eff:0.1% logz-ratio=25.15+/-0.06 dlogz:26.676>0.1]
63468it [5:57:08 bound:824 nc:1544 ncall:4.9e+07 eff:0.1% logz-ratio=25.28+/-0.06 dlogz:26.514>0.1]
63586it [5:58:17 bound:826 nc:1771 ncall:4.9e+07 eff:0.1% logz-ratio=25.41+/-0.06 dlogz:26.353>0.1]
63702it [5:59:18 bound:828 nc:2164 ncall:5.0e+07 eff:0.1% logz-ratio=25.54+/-0.06 dlogz:26.195>0.1]
63817it [6:00:20 bound:830 nc:1102 ncall:5.0e+07 eff:0.1% logz-ratio=25.67+/-0.06 dlogz:26.040>0.1]
63937it [6:01:26 bound:832 nc:1082 ncall:5.0e+07 eff:0.1% logz-ratio=25.80+/-0.06 dlogz:25.879>0.1]
64052it [6:02:27 bound:834 nc:1264 ncall:5.0e+07 eff:0.1% logz-ratio=25.93+/-0.06 dlogz:25.727>0.1]
64130it [6:04:00 bound:835 nc:1181 ncall:5.0e+07 eff:0.1% logz-ratio=26.01+/-0.06 dlogz:25.622>0.1]
64234it [6:05:03 bound:837 nc:1291 ncall:5.0e+07 eff:0.1% logz-ratio=26.13+/-0.06 dlogz:25.481>0.1]
64352it [6:06:03 bound:839 nc:1644 ncall:5.1e+07 eff:0.1% logz-ratio=26.26+/-0.06 dlogz:25.321>0.1]
64467it [6:07:05 bound:841 nc:1259 ncall:5.1e+07 eff:0.1% logz-ratio=26.39+/-0.06 dlogz:25.167>0.1]
64580it [6:08:07 bound:843 nc:2526 ncall:5.1e+07 eff:0.1% logz-ratio=26.51+/-0.06 dlogz:25.015>0.1]
64698it [6:09:10 bound:845 nc:902 ncall:5.1e+07 eff:0.1% logz-ratio=26.64+/-0.06 dlogz:24.857>0.1]
64815it [6:10:11 bound:847 nc:1966 ncall:5.1e+07 eff:0.1% logz-ratio=26.77+/-0.06 dlogz:24.701>0.1]
64931it [6:11:14 bound:849 nc:1242 ncall:5.1e+07 eff:0.1% logz-ratio=26.89+/-0.06 dlogz:24.548>0.1]
65107it [6:12:47 bound:852 nc:986 ncall:5.2e+07 eff:0.1% logz-ratio=27.08+/-0.06 dlogz:24.317>0.1]
65221it [6:13:50 bound:854 nc:1118 ncall:5.2e+07 eff:0.1% logz-ratio=27.20+/-0.06 dlogz:24.168>0.1]
65335it [6:14:56 bound:856 nc:2333 ncall:5.2e+07 eff:0.1% logz-ratio=27.32+/-0.06 dlogz:24.020>0.1]
65504it [6:16:25 bound:859 nc:1642 ncall:5.2e+07 eff:0.1% logz-ratio=27.50+/-0.06 dlogz:23.802>0.1]
65622it [6:17:31 bound:861 nc:1495 ncall:5.2e+07 eff:0.1% logz-ratio=27.62+/-0.06 dlogz:23.651>0.1]
65745it [6:18:33 bound:863 nc:1536 ncall:5.2e+07 eff:0.1% logz-ratio=27.75+/-0.06 dlogz:23.494>0.1]
65859it [6:19:40 bound:865 nc:1077 ncall:5.3e+07 eff:0.1% logz-ratio=27.87+/-0.06 dlogz:23.346>0.1]
65980it [6:20:42 bound:867 nc:805 ncall:5.3e+07 eff:0.1% logz-ratio=27.99+/-0.06 dlogz:23.190>0.1]
66156it [6:22:12 bound:870 nc:1343 ncall:5.3e+07 eff:0.1% logz-ratio=28.18+/-0.06 dlogz:22.965>0.1]
66270it [6:23:22 bound:872 nc:1533 ncall:5.3e+07 eff:0.1% logz-ratio=28.29+/-0.06 dlogz:22.819>0.1]
66387it [6:24:28 bound:874 nc:1357 ncall:5.3e+07 eff:0.1% logz-ratio=28.41+/-0.06 dlogz:22.669>0.1]
66507it [6:25:33 bound:876 nc:1058 ncall:5.3e+07 eff:0.1% logz-ratio=28.54+/-0.06 dlogz:22.518>0.1]
66626it [6:26:36 bound:878 nc:799 ncall:5.4e+07 eff:0.1% logz-ratio=28.66+/-0.06 dlogz:22.591>0.1]
66744it [6:27:37 bound:880 nc:1294 ncall:5.4e+07 eff:0.1% logz-ratio=28.77+/-0.06 dlogz:22.444>0.1]
66868it [6:28:43 bound:882 nc:1090 ncall:5.4e+07 eff:0.1% logz-ratio=28.90+/-0.06 dlogz:22.287>0.1]
66988it [6:29:50 bound:884 nc:1496 ncall:5.4e+07 eff:0.1% logz-ratio=29.02+/-0.06 dlogz:22.134>0.1]
67110it [6:30:53 bound:886 nc:1480 ncall:5.4e+07 eff:0.1% logz-ratio=29.15+/-0.06 dlogz:21.978>0.1]
67228it [6:31:59 bound:888 nc:1402 ncall:5.4e+07 eff:0.1% logz-ratio=29.27+/-0.06 dlogz:21.827>0.1]
67412it [6:33:27 bound:891 nc:1560 ncall:5.5e+07 eff:0.1% logz-ratio=29.46+/-0.06 dlogz:21.595>0.1]
67532it [6:34:30 bound:893 nc:1757 ncall:5.5e+07 eff:0.1% logz-ratio=29.58+/-0.06 dlogz:21.447>0.1]
67651it [6:35:35 bound:895 nc:1327 ncall:5.5e+07 eff:0.1% logz-ratio=29.69+/-0.06 dlogz:21.302>0.1]
67769it [6:36:39 bound:897 nc:972 ncall:5.5e+07 eff:0.1% logz-ratio=29.81+/-0.06 dlogz:21.160>0.1]
67888it [6:37:43 bound:899 nc:1196 ncall:5.5e+07 eff:0.1% logz-ratio=29.92+/-0.06 dlogz:21.018>0.1]
68002it [6:38:44 bound:901 nc:2180 ncall:5.6e+07 eff:0.1% logz-ratio=30.03+/-0.06 dlogz:20.883>0.1]
68122it [6:39:45 bound:903 nc:1395 ncall:5.6e+07 eff:0.1% logz-ratio=30.14+/-0.06 dlogz:20.742>0.1]
68242it [6:40:51 bound:905 nc:1038 ncall:5.6e+07 eff:0.1% logz-ratio=30.25+/-0.06 dlogz:20.602>0.1]
68425it [6:42:25 bound:908 nc:1254 ncall:5.6e+07 eff:0.1% logz-ratio=30.42+/-0.06 dlogz:20.389>0.1]
68548it [6:43:31 bound:910 nc:1197 ncall:5.6e+07 eff:0.1% logz-ratio=30.53+/-0.06 dlogz:20.244>0.1]
68669it [6:44:37 bound:912 nc:3000 ncall:5.6e+07 eff:0.1% logz-ratio=30.65+/-0.06 dlogz:20.101>0.1]
68786it [6:45:45 bound:914 nc:1515 ncall:5.7e+07 eff:0.1% logz-ratio=30.75+/-0.06 dlogz:19.965>0.1]
68908it [6:46:48 bound:916 nc:1589 ncall:5.7e+07 eff:0.1% logz-ratio=30.87+/-0.06 dlogz:19.819>0.1]
69025it [6:47:49 bound:918 nc:1179 ncall:5.7e+07 eff:0.1% logz-ratio=30.98+/-0.06 dlogz:19.679>0.1]
69150it [6:48:50 bound:920 nc:891 ncall:5.7e+07 eff:0.1% logz-ratio=31.10+/-0.06 dlogz:19.528>0.1]
69272it [6:49:55 bound:922 nc:1159 ncall:5.7e+07 eff:0.1% logz-ratio=31.22+/-0.06 dlogz:19.383>0.1]
69395it [6:51:02 bound:924 nc:1245 ncall:5.7e+07 eff:0.1% logz-ratio=31.33+/-0.06 dlogz:19.239>0.1]
69518it [6:52:08 bound:926 nc:1000 ncall:5.8e+07 eff:0.1% logz-ratio=31.45+/-0.06 dlogz:19.095>0.1]
69640it [6:53:10 bound:928 nc:2918 ncall:5.8e+07 eff:0.1% logz-ratio=31.56+/-0.06 dlogz:18.952>0.1]
69753it [6:54:18 bound:930 nc:1477 ncall:5.8e+07 eff:0.1% logz-ratio=31.66+/-0.06 dlogz:18.819>0.1]
69876it [6:55:21 bound:932 nc:1288 ncall:5.8e+07 eff:0.1% logz-ratio=31.78+/-0.06 dlogz:18.675>0.1]
69997it [6:56:26 bound:934 nc:971 ncall:5.8e+07 eff:0.1% logz-ratio=31.89+/-0.06 dlogz:18.534>0.1]
70120it [6:57:30 bound:936 nc:1153 ncall:5.8e+07 eff:0.1% logz-ratio=32.00+/-0.06 dlogz:18.393>0.1]
70241it [6:58:36 bound:938 nc:2597 ncall:5.9e+07 eff:0.1% logz-ratio=32.11+/-0.06 dlogz:18.255>0.1]
70365it [6:59:39 bound:940 nc:1419 ncall:5.9e+07 eff:0.1% logz-ratio=32.22+/-0.06 dlogz:18.114>0.1]
70481it [7:00:46 bound:942 nc:827 ncall:5.9e+07 eff:0.1% logz-ratio=32.32+/-0.06 dlogz:17.982>0.1]
70603it [7:01:55 bound:944 nc:1343 ncall:5.9e+07 eff:0.1% logz-ratio=32.43+/-0.06 dlogz:17.844>0.1]
70725it [7:02:56 bound:946 nc:970 ncall:5.9e+07 eff:0.1% logz-ratio=32.54+/-0.07 dlogz:17.706>0.1]
70805it [7:04:38 bound:947 nc:1470 ncall:5.9e+07 eff:0.1% logz-ratio=32.61+/-0.07 dlogz:17.615>0.1]
70909it [7:05:45 bound:949 nc:3314 ncall:6.0e+07 eff:0.1% logz-ratio=32.71+/-0.07 dlogz:17.496>0.1]
71028it [7:06:51 bound:951 nc:1448 ncall:6.0e+07 eff:0.1% logz-ratio=32.81+/-0.07 dlogz:17.358>0.1]
71146it [7:07:59 bound:953 nc:1119 ncall:6.0e+07 eff:0.1% logz-ratio=32.92+/-0.07 dlogz:17.219>0.1]
71270it [7:09:07 bound:955 nc:1714 ncall:6.0e+07 eff:0.1% logz-ratio=33.04+/-0.07 dlogz:17.073>0.1]
71395it [7:10:14 bound:957 nc:1039 ncall:6.0e+07 eff:0.1% logz-ratio=33.16+/-0.07 dlogz:16.926>0.1]
71515it [7:11:20 bound:959 nc:989 ncall:6.0e+07 eff:0.1% logz-ratio=33.27+/-0.07 dlogz:16.783>0.1]
71641it [7:12:28 bound:961 nc:1623 ncall:6.1e+07 eff:0.1% logz-ratio=33.39+/-0.07 dlogz:16.635>0.1]
71762it [7:13:31 bound:963 nc:2830 ncall:6.1e+07 eff:0.1% logz-ratio=33.50+/-0.07 dlogz:16.492>0.1]
71888it [7:14:37 bound:965 nc:1617 ncall:6.1e+07 eff:0.1% logz-ratio=33.62+/-0.07 dlogz:16.340>0.1]
72004it [7:15:43 bound:967 nc:1958 ncall:6.1e+07 eff:0.1% logz-ratio=33.73+/-0.07 dlogz:16.199>0.1]
72127it [7:16:50 bound:969 nc:1312 ncall:6.1e+07 eff:0.1% logz-ratio=33.85+/-0.07 dlogz:16.052>0.1]
72253it [7:17:55 bound:971 nc:1783 ncall:6.1e+07 eff:0.1% logz-ratio=33.97+/-0.07 dlogz:15.906>0.1]
72374it [7:19:02 bound:973 nc:1128 ncall:6.2e+07 eff:0.1% logz-ratio=34.08+/-0.07 dlogz:15.768>0.1]
72494it [7:20:11 bound:975 nc:886 ncall:6.2e+07 eff:0.1% logz-ratio=34.18+/-0.07 dlogz:15.632>0.1]
72613it [7:21:17 bound:977 nc:1610 ncall:6.2e+07 eff:0.1% logz-ratio=34.29+/-0.07 dlogz:15.498>0.1]
72734it [7:22:22 bound:979 nc:1485 ncall:6.2e+07 eff:0.1% logz-ratio=34.39+/-0.07 dlogz:15.362>0.1]
72859it [7:23:30 bound:981 nc:1314 ncall:6.2e+07 eff:0.1% logz-ratio=34.50+/-0.07 dlogz:15.731>0.1]
72979it [7:24:37 bound:983 nc:1242 ncall:6.3e+07 eff:0.1% logz-ratio=34.61+/-0.07 dlogz:15.598>0.1]
73099it [7:25:41 bound:985 nc:1920 ncall:6.3e+07 eff:0.1% logz-ratio=34.71+/-0.07 dlogz:15.465>0.1]
73222it [7:26:51 bound:987 nc:1311 ncall:6.3e+07 eff:0.1% logz-ratio=34.82+/-0.07 dlogz:15.331>0.1]
73341it [7:27:55 bound:989 nc:1284 ncall:6.3e+07 eff:0.1% logz-ratio=34.92+/-0.07 dlogz:15.203>0.1]
73460it [7:29:03 bound:991 nc:3062 ncall:6.3e+07 eff:0.1% logz-ratio=35.01+/-0.07 dlogz:15.076>0.1]
73580it [7:30:06 bound:993 nc:2795 ncall:6.3e+07 eff:0.1% logz-ratio=35.11+/-0.07 dlogz:14.949>0.1]
73702it [7:31:13 bound:995 nc:1294 ncall:6.4e+07 eff:0.1% logz-ratio=35.21+/-0.07 dlogz:14.822>0.1]
73826it [7:32:18 bound:997 nc:1421 ncall:6.4e+07 eff:0.1% logz-ratio=35.31+/-0.07 dlogz:14.693>0.1]
73950it [7:33:22 bound:999 nc:1490 ncall:6.4e+07 eff:0.1% logz-ratio=35.40+/-0.07 dlogz:14.565>0.1]
74073it [7:34:30 bound:1001 nc:1843 ncall:6.4e+07 eff:0.1% logz-ratio=35.50+/-0.07 dlogz:14.436>0.1]
74191it [7:35:34 bound:1003 nc:1908 ncall:6.4e+07 eff:0.1% logz-ratio=35.60+/-0.07 dlogz:14.314>0.1]
74313it [7:36:43 bound:1005 nc:1528 ncall:6.4e+07 eff:0.1% logz-ratio=35.69+/-0.07 dlogz:14.188>0.1]
74436it [7:37:49 bound:1007 nc:1387 ncall:6.5e+07 eff:0.1% logz-ratio=35.79+/-0.07 dlogz:14.061>0.1]
74558it [7:38:58 bound:1009 nc:2994 ncall:6.5e+07 eff:0.1% logz-ratio=35.89+/-0.07 dlogz:13.935>0.1]
74680it [7:40:09 bound:1011 nc:2759 ncall:6.5e+07 eff:0.1% logz-ratio=35.98+/-0.07 dlogz:13.811>0.1]
74801it [7:41:14 bound:1013 nc:1160 ncall:6.5e+07 eff:0.1% logz-ratio=36.07+/-0.07 dlogz:13.687>0.1]
74924it [7:42:20 bound:1015 nc:1287 ncall:6.5e+07 eff:0.1% logz-ratio=36.17+/-0.07 dlogz:13.561>0.1]
75050it [7:43:31 bound:1017 nc:1308 ncall:6.6e+07 eff:0.1% logz-ratio=36.27+/-0.07 dlogz:13.432>0.1]
75176it [7:44:38 bound:1019 nc:889 ncall:6.6e+07 eff:0.1% logz-ratio=36.37+/-0.07 dlogz:13.305>0.1]
75300it [7:45:44 bound:1021 nc:1685 ncall:6.6e+07 eff:0.1% logz-ratio=36.46+/-0.07 dlogz:13.181>0.1]
75423it [7:46:51 bound:1023 nc:1311 ncall:6.6e+07 eff:0.1% logz-ratio=36.55+/-0.07 dlogz:13.059>0.1]
75543it [7:48:02 bound:1025 nc:1364 ncall:6.6e+07 eff:0.1% logz-ratio=36.64+/-0.07 dlogz:12.942>0.1]
75665it [7:49:14 bound:1027 nc:1157 ncall:6.6e+07 eff:0.1% logz-ratio=36.73+/-0.07 dlogz:12.823>0.1]
75785it [7:50:20 bound:1029 nc:1806 ncall:6.7e+07 eff:0.1% logz-ratio=36.81+/-0.07 dlogz:12.707>0.1]
75911it [7:51:30 bound:1031 nc:1535 ncall:6.7e+07 eff:0.1% logz-ratio=36.91+/-0.07 dlogz:12.585>0.1]
76035it [7:52:38 bound:1033 nc:1331 ncall:6.7e+07 eff:0.1% logz-ratio=37.00+/-0.07 dlogz:12.465>0.1]
76155it [7:53:48 bound:1035 nc:3175 ncall:6.7e+07 eff:0.1% logz-ratio=37.08+/-0.07 dlogz:12.352>0.1]
76278it [7:54:58 bound:1037 nc:1535 ncall:6.7e+07 eff:0.1% logz-ratio=37.17+/-0.07 dlogz:12.235>0.1]
76400it [7:56:07 bound:1039 nc:1052 ncall:6.8e+07 eff:0.1% logz-ratio=37.25+/-0.07 dlogz:12.121>0.1]
76522it [7:57:15 bound:1041 nc:1469 ncall:6.8e+07 eff:0.1% logz-ratio=37.33+/-0.07 dlogz:12.009>0.1]
76648it [7:58:24 bound:1043 nc:1354 ncall:6.8e+07 eff:0.1% logz-ratio=37.42+/-0.07 dlogz:11.894>0.1]
76769it [7:59:31 bound:1045 nc:2142 ncall:6.8e+07 eff:0.1% logz-ratio=37.50+/-0.07 dlogz:11.784>0.1]
76891it [8:00:42 bound:1047 nc:851 ncall:6.8e+07 eff:0.1% logz-ratio=37.58+/-0.07 dlogz:11.671>0.1]
77012it [8:01:52 bound:1049 nc:2991 ncall:6.8e+07 eff:0.1% logz-ratio=37.66+/-0.07 dlogz:11.561>0.1]
77131it [8:03:02 bound:1051 nc:1745 ncall:6.9e+07 eff:0.1% logz-ratio=37.74+/-0.07 dlogz:11.453>0.1]
77249it [8:04:11 bound:1053 nc:3359 ncall:6.9e+07 eff:0.1% logz-ratio=37.82+/-0.07 dlogz:11.346>0.1]
77261it [8:05:23 bound:1053 nc:1395 ncall:6.9e+07 eff:0.1% logz-ratio=37.83+/-0.07 dlogz:11.335>0.1]
77370it [8:06:33 bound:1055 nc:1551 ncall:6.9e+07 eff:0.1% logz-ratio=37.90+/-0.07 dlogz:11.238>0.1]
77493it [8:07:43 bound:1057 nc:1473 ncall:6.9e+07 eff:0.1% logz-ratio=37.98+/-0.07 dlogz:11.129>0.1]
77615it [8:08:58 bound:1059 nc:2052 ncall:6.9e+07 eff:0.1% logz-ratio=38.05+/-0.07 dlogz:11.129>0.1]
77734it [8:10:10 bound:1061 nc:1244 ncall:7.0e+07 eff:0.1% logz-ratio=38.13+/-0.07 dlogz:11.027>0.1]
77859it [8:11:21 bound:1063 nc:2195 ncall:7.0e+07 eff:0.1% logz-ratio=38.20+/-0.07 dlogz:10.921>0.1]
77978it [8:12:36 bound:1065 nc:924 ncall:7.0e+07 eff:0.1% logz-ratio=38.27+/-0.07 dlogz:10.819>0.1]
78103it [8:13:45 bound:1067 nc:2791 ncall:7.0e+07 eff:0.1% logz-ratio=38.35+/-0.07 dlogz:10.713>0.1]
78225it [8:14:56 bound:1069 nc:1489 ncall:7.0e+07 eff:0.1% logz-ratio=38.42+/-0.07 dlogz:10.611>0.1]
78348it [8:16:06 bound:1071 nc:2838 ncall:7.1e+07 eff:0.1% logz-ratio=38.49+/-0.07 dlogz:10.509>0.1]
78472it [8:17:18 bound:1073 nc:1598 ncall:7.1e+07 eff:0.1% logz-ratio=38.57+/-0.07 dlogz:10.405>0.1]
78597it [8:18:30 bound:1075 nc:1070 ncall:7.1e+07 eff:0.1% logz-ratio=38.64+/-0.07 dlogz:10.303>0.1]
78721it [8:19:39 bound:1077 nc:3471 ncall:7.1e+07 eff:0.1% logz-ratio=38.71+/-0.07 dlogz:10.202>0.1]
78839it [8:20:52 bound:1079 nc:1060 ncall:7.1e+07 eff:0.1% logz-ratio=38.78+/-0.07 dlogz:10.322>0.1]
78959it [8:22:04 bound:1081 nc:3067 ncall:7.2e+07 eff:0.1% logz-ratio=38.84+/-0.07 dlogz:10.227>0.1]
79083it [8:23:16 bound:1083 nc:1846 ncall:7.2e+07 eff:0.1% logz-ratio=38.91+/-0.07 dlogz:10.129>0.1]
79207it [8:24:30 bound:1085 nc:3695 ncall:7.2e+07 eff:0.1% logz-ratio=38.98+/-0.07 dlogz:10.032>0.1]
79330it [8:25:42 bound:1087 nc:1751 ncall:7.2e+07 eff:0.1% logz-ratio=39.04+/-0.07 dlogz:9.935>0.1]
79453it [8:26:54 bound:1089 nc:1621 ncall:7.2e+07 eff:0.1% logz-ratio=39.11+/-0.07 dlogz:9.837>0.1]
79576it [8:28:06 bound:1091 nc:1533 ncall:7.3e+07 eff:0.1% logz-ratio=39.18+/-0.07 dlogz:9.739>0.1]
79700it [8:29:21 bound:1093 nc:984 ncall:7.3e+07 eff:0.1% logz-ratio=39.25+/-0.07 dlogz:9.642>0.1]
79823it [8:30:34 bound:1095 nc:1604 ncall:7.3e+07 eff:0.1% logz-ratio=39.31+/-0.07 dlogz:9.546>0.1]
79948it [8:31:44 bound:1097 nc:1565 ncall:7.3e+07 eff:0.1% logz-ratio=39.38+/-0.07 dlogz:9.449>0.1]
80073it [8:32:57 bound:1099 nc:1717 ncall:7.3e+07 eff:0.1% logz-ratio=39.45+/-0.07 dlogz:9.352>0.1]
80192it [8:34:10 bound:1101 nc:1359 ncall:7.4e+07 eff:0.1% logz-ratio=39.51+/-0.07 dlogz:9.260>0.1]
80315it [8:35:23 bound:1103 nc:1768 ncall:7.4e+07 eff:0.1% logz-ratio=39.57+/-0.07 dlogz:9.617>0.1]
80440it [8:36:35 bound:1105 nc:1459 ncall:7.4e+07 eff:0.1% logz-ratio=39.64+/-0.07 dlogz:9.521>0.1]
80559it [8:37:49 bound:1107 nc:1482 ncall:7.4e+07 eff:0.1% logz-ratio=39.70+/-0.07 dlogz:9.430>0.1]
80685it [8:39:01 bound:1109 nc:1899 ncall:7.4e+07 eff:0.1% logz-ratio=39.76+/-0.07 dlogz:9.335>0.1]
80807it [8:40:15 bound:1111 nc:1738 ncall:7.5e+07 eff:0.1% logz-ratio=39.83+/-0.07 dlogz:9.243>0.1]
80929it [8:41:26 bound:1113 nc:1588 ncall:7.5e+07 eff:0.1% logz-ratio=39.89+/-0.07 dlogz:9.151>0.1]
81054it [8:42:37 bound:1115 nc:1135 ncall:7.5e+07 eff:0.1% logz-ratio=39.95+/-0.07 dlogz:9.124>0.1]
81175it [8:43:52 bound:1117 nc:1557 ncall:7.5e+07 eff:0.1% logz-ratio=40.01+/-0.07 dlogz:9.033>0.1]
81295it [8:45:05 bound:1119 nc:1347 ncall:7.5e+07 eff:0.1% logz-ratio=40.07+/-0.07 dlogz:8.945>0.1]
81414it [8:46:20 bound:1121 nc:1234 ncall:7.6e+07 eff:0.1% logz-ratio=40.13+/-0.07 dlogz:8.858>0.1]
81534it [8:47:31 bound:1123 nc:2201 ncall:7.6e+07 eff:0.1% logz-ratio=40.19+/-0.07 dlogz:8.770>0.1]
81656it [8:48:40 bound:1125 nc:1027 ncall:7.6e+07 eff:0.1% logz-ratio=40.25+/-0.07 dlogz:8.682>0.1]
81776it [8:49:51 bound:1127 nc:1877 ncall:7.6e+07 eff:0.1% logz-ratio=40.30+/-0.07 dlogz:8.596>0.1]
81892it [8:51:03 bound:1129 nc:1177 ncall:7.6e+07 eff:0.1% logz-ratio=40.36+/-0.07 dlogz:8.514>0.1]
82013it [8:52:16 bound:1131 nc:2058 ncall:7.7e+07 eff:0.1% logz-ratio=40.41+/-0.07 dlogz:8.468>0.1]
82135it [8:53:29 bound:1133 nc:1452 ncall:7.7e+07 eff:0.1% logz-ratio=40.47+/-0.07 dlogz:8.383>0.1]
82258it [8:54:41 bound:1135 nc:1328 ncall:7.7e+07 eff:0.1% logz-ratio=40.52+/-0.07 dlogz:8.298>0.1]
82381it [8:55:56 bound:1137 nc:1187 ncall:7.7e+07 eff:0.1% logz-ratio=40.57+/-0.07 dlogz:8.214>0.1]
82499it [8:57:12 bound:1139 nc:1858 ncall:7.7e+07 eff:0.1% logz-ratio=40.63+/-0.07 dlogz:8.158>0.1]
82623it [8:58:26 bound:1141 nc:833 ncall:7.8e+07 eff:0.1% logz-ratio=40.68+/-0.07 dlogz:8.075>0.1]
82747it [8:59:38 bound:1143 nc:1308 ncall:7.8e+07 eff:0.1% logz-ratio=40.73+/-0.07 dlogz:7.992>0.1]
82873it [9:00:52 bound:1145 nc:1775 ncall:7.8e+07 eff:0.1% logz-ratio=40.79+/-0.07 dlogz:7.908>0.1]
82997it [9:02:04 bound:1147 nc:1198 ncall:7.8e+07 eff:0.1% logz-ratio=40.84+/-0.07 dlogz:7.825>0.1]
83120it [9:03:16 bound:1149 nc:1723 ncall:7.8e+07 eff:0.1% logz-ratio=40.89+/-0.07 dlogz:7.744>0.1]
83244it [9:04:30 bound:1151 nc:1723 ncall:7.9e+07 eff:0.1% logz-ratio=40.94+/-0.07 dlogz:7.663>0.1]
83312it [9:06:23 bound:1152 nc:1480 ncall:7.9e+07 eff:0.1% logz-ratio=40.97+/-0.07 dlogz:7.618>0.1]
83429it [9:07:39 bound:1154 nc:1801 ncall:7.9e+07 eff:0.1% logz-ratio=41.02+/-0.07 dlogz:7.542>0.1]
83555it [9:08:53 bound:1156 nc:1457 ncall:7.9e+07 eff:0.1% logz-ratio=41.07+/-0.07 dlogz:7.814>0.1]
83675it [9:10:07 bound:1158 nc:1362 ncall:7.9e+07 eff:0.1% logz-ratio=41.11+/-0.07 dlogz:7.736>0.1]
83802it [9:11:21 bound:1160 nc:1414 ncall:8.0e+07 eff:0.1% logz-ratio=41.17+/-0.07 dlogz:7.655>0.1]
83922it [9:12:38 bound:1162 nc:1710 ncall:8.0e+07 eff:0.1% logz-ratio=41.21+/-0.07 dlogz:7.578>0.1]
84040it [9:13:51 bound:1164 nc:2225 ncall:8.0e+07 eff:0.1% logz-ratio=41.26+/-0.07 dlogz:7.504>0.1]
84164it [9:15:04 bound:1166 nc:1512 ncall:8.0e+07 eff:0.1% logz-ratio=41.30+/-0.07 dlogz:7.427>0.1]
84288it [9:16:16 bound:1168 nc:1672 ncall:8.0e+07 eff:0.1% logz-ratio=41.35+/-0.07 dlogz:7.350>0.1]
84412it [9:17:28 bound:1170 nc:1905 ncall:8.1e+07 eff:0.1% logz-ratio=41.40+/-0.07 dlogz:7.274>0.1]
84534it [9:18:43 bound:1172 nc:1447 ncall:8.1e+07 eff:0.1% logz-ratio=41.44+/-0.07 dlogz:7.199>0.1]
84656it [9:19:59 bound:1174 nc:1537 ncall:8.1e+07 eff:0.1% logz-ratio=41.49+/-0.07 dlogz:7.125>0.1]
84778it [9:21:12 bound:1176 nc:1732 ncall:8.1e+07 eff:0.1% logz-ratio=41.53+/-0.07 dlogz:7.052>0.1]
84902it [9:22:24 bound:1178 nc:1826 ncall:8.1e+07 eff:0.1% logz-ratio=41.57+/-0.07 dlogz:6.977>0.1]
85026it [9:23:37 bound:1180 nc:1438 ncall:8.2e+07 eff:0.1% logz-ratio=41.62+/-0.07 dlogz:6.903>0.1]
85151it [9:24:53 bound:1182 nc:1113 ncall:8.2e+07 eff:0.1% logz-ratio=41.66+/-0.07 dlogz:6.844>0.1]
85276it [9:26:08 bound:1184 nc:1876 ncall:8.2e+07 eff:0.1% logz-ratio=41.71+/-0.07 dlogz:6.770>0.1]
85401it [9:27:24 bound:1186 nc:1928 ncall:8.2e+07 eff:0.1% logz-ratio=41.75+/-0.07 dlogz:6.697>0.1]
85522it [9:28:38 bound:1188 nc:1756 ncall:8.2e+07 eff:0.1% logz-ratio=41.79+/-0.07 dlogz:6.627>0.1]
85642it [9:29:52 bound:1190 nc:1547 ncall:8.3e+07 eff:0.1% logz-ratio=41.83+/-0.07 dlogz:6.557>0.1]
85764it [9:31:08 bound:1192 nc:1162 ncall:8.3e+07 eff:0.1% logz-ratio=41.87+/-0.07 dlogz:6.487>0.1]
85884it [9:32:24 bound:1194 nc:904 ncall:8.3e+07 eff:0.1% logz-ratio=41.91+/-0.07 dlogz:6.418>0.1]
86003it [9:33:41 bound:1196 nc:1550 ncall:8.3e+07 eff:0.1% logz-ratio=41.95+/-0.07 dlogz:6.351>0.1]
86124it [9:34:55 bound:1198 nc:1977 ncall:8.4e+07 eff:0.1% logz-ratio=41.99+/-0.07 dlogz:6.283>0.1]
86245it [9:36:10 bound:1200 nc:1214 ncall:8.4e+07 eff:0.1% logz-ratio=42.02+/-0.07 dlogz:6.354>0.1]
86366it [9:37:27 bound:1202 nc:1714 ncall:8.4e+07 eff:0.1% logz-ratio=42.06+/-0.07 dlogz:6.287>0.1]
86489it [9:38:44 bound:1204 nc:1661 ncall:8.4e+07 eff:0.1% logz-ratio=42.10+/-0.07 dlogz:6.218>0.1]
86609it [9:39:59 bound:1206 nc:1426 ncall:8.4e+07 eff:0.1% logz-ratio=42.14+/-0.07 dlogz:6.152>0.1]
86733it [9:41:16 bound:1208 nc:1647 ncall:8.5e+07 eff:0.1% logz-ratio=42.18+/-0.07 dlogz:6.084>0.1]
86853it [9:42:32 bound:1210 nc:1431 ncall:8.5e+07 eff:0.1% logz-ratio=42.21+/-0.07 dlogz:6.018>0.1]
86972it [9:43:50 bound:1212 nc:1481 ncall:8.5e+07 eff:0.1% logz-ratio=42.25+/-0.07 dlogz:5.953>0.1]
87093it [9:45:07 bound:1214 nc:2102 ncall:8.5e+07 eff:0.1% logz-ratio=42.29+/-0.07 dlogz:5.888>0.1]
87213it [9:46:23 bound:1216 nc:1373 ncall:8.5e+07 eff:0.1% logz-ratio=42.32+/-0.07 dlogz:6.355>0.1]
87334it [9:47:36 bound:1218 nc:1603 ncall:8.6e+07 eff:0.1% logz-ratio=42.36+/-0.07 dlogz:6.291>0.1]
87460it [9:48:53 bound:1220 nc:1761 ncall:8.6e+07 eff:0.1% logz-ratio=42.39+/-0.07 dlogz:6.378>0.1]
87580it [9:50:12 bound:1222 nc:1692 ncall:8.6e+07 eff:0.1% logz-ratio=42.43+/-0.07 dlogz:6.314>0.1]
87700it [9:51:30 bound:1224 nc:954 ncall:8.6e+07 eff:0.1% logz-ratio=42.46+/-0.07 dlogz:6.251>0.1]
87824it [9:52:46 bound:1226 nc:2487 ncall:8.7e+07 eff:0.1% logz-ratio=42.49+/-0.07 dlogz:6.186>0.1]
87946it [9:54:03 bound:1228 nc:1234 ncall:8.7e+07 eff:0.1% logz-ratio=42.53+/-0.07 dlogz:6.123>0.1]
88069it [9:55:23 bound:1230 nc:1954 ncall:8.7e+07 eff:0.1% logz-ratio=42.56+/-0.07 dlogz:6.059>0.1]
88190it [9:56:42 bound:1232 nc:2208 ncall:8.7e+07 eff:0.1% logz-ratio=42.59+/-0.07 dlogz:5.997>0.1]
88314it [9:58:02 bound:1234 nc:1216 ncall:8.7e+07 eff:0.1% logz-ratio=42.63+/-0.07 dlogz:5.934>0.1]
88430it [9:59:21 bound:1236 nc:1480 ncall:8.8e+07 eff:0.1% logz-ratio=42.66+/-0.07 dlogz:5.875>0.1]
88552it [10:00:40 bound:1238 nc:1256 ncall:8.8e+07 eff:0.1% logz-ratio=42.69+/-0.07 dlogz:5.814>0.1]
88672it [10:02:00 bound:1240 nc:1596 ncall:8.8e+07 eff:0.1% logz-ratio=42.72+/-0.07 dlogz:5.755>0.1]
88795it [10:03:17 bound:1242 nc:2317 ncall:8.8e+07 eff:0.1% logz-ratio=42.75+/-0.07 dlogz:5.694>0.1]
88915it [10:04:35 bound:1244 nc:1614 ncall:8.9e+07 eff:0.1% logz-ratio=42.78+/-0.07 dlogz:5.636>0.1]
89040it [10:05:54 bound:1246 nc:1557 ncall:8.9e+07 eff:0.1% logz-ratio=42.81+/-0.07 dlogz:5.575>0.1]
89052it [10:07:16 bound:1246 nc:1951 ncall:8.9e+07 eff:0.1% logz-ratio=42.81+/-0.07 dlogz:5.569>0.1]
89162it [10:08:35 bound:1248 nc:2140 ncall:8.9e+07 eff:0.1% logz-ratio=42.84+/-0.07 dlogz:5.516>0.1]
89287it [10:09:54 bound:1250 nc:1884 ncall:8.9e+07 eff:0.1% logz-ratio=42.87+/-0.07 dlogz:5.457>0.1]
89405it [10:11:13 bound:1252 nc:1937 ncall:8.9e+07 eff:0.1% logz-ratio=42.90+/-0.07 dlogz:5.400>0.1]
89523it [10:12:34 bound:1254 nc:1630 ncall:9.0e+07 eff:0.1% logz-ratio=42.92+/-0.07 dlogz:5.345>0.1]
89641it [10:13:53 bound:1256 nc:2207 ncall:9.0e+07 eff:0.1% logz-ratio=42.95+/-0.07 dlogz:5.289>0.1]
89759it [10:15:13 bound:1258 nc:1325 ncall:9.0e+07 eff:0.1% logz-ratio=42.98+/-0.07 dlogz:5.234>0.1]
89877it [10:16:33 bound:1260 nc:1940 ncall:9.0e+07 eff:0.1% logz-ratio=43.00+/-0.07 dlogz:5.180>0.1]
90000it [10:17:54 bound:1262 nc:2252 ncall:9.1e+07 eff:0.1% logz-ratio=43.03+/-0.07 dlogz:5.124>0.1]
90119it [10:19:17 bound:1264 nc:4466 ncall:9.1e+07 eff:0.1% logz-ratio=43.05+/-0.07 dlogz:5.070>0.1]
90234it [10:20:39 bound:1266 nc:1989 ncall:9.1e+07 eff:0.1% logz-ratio=43.08+/-0.07 dlogz:5.018>0.1]
90352it [10:22:00 bound:1268 nc:1369 ncall:9.1e+07 eff:0.1% logz-ratio=43.10+/-0.07 dlogz:4.966>0.1]
90470it [10:23:21 bound:1270 nc:1850 ncall:9.2e+07 eff:0.1% logz-ratio=43.13+/-0.07 dlogz:4.913>0.1]
90589it [10:24:42 bound:1272 nc:1884 ncall:9.2e+07 eff:0.1% logz-ratio=43.15+/-0.07 dlogz:5.470>0.1]
90711it [10:26:04 bound:1274 nc:1060 ncall:9.2e+07 eff:0.1% logz-ratio=43.18+/-0.07 dlogz:5.498>0.1]
90827it [10:27:27 bound:1276 nc:4059 ncall:9.2e+07 eff:0.1% logz-ratio=43.20+/-0.07 dlogz:5.447>0.1]
90947it [10:28:49 bound:1278 nc:1948 ncall:9.3e+07 eff:0.1% logz-ratio=43.22+/-0.07 dlogz:5.395>0.1]
91060it [10:30:08 bound:1280 nc:1414 ncall:9.3e+07 eff:0.1% logz-ratio=43.24+/-0.07 dlogz:5.345>0.1]
91181it [10:31:28 bound:1282 nc:2255 ncall:9.3e+07 eff:0.1% logz-ratio=43.27+/-0.07 dlogz:5.293>0.1]
91301it [10:32:48 bound:1284 nc:1837 ncall:9.3e+07 eff:0.1% logz-ratio=43.29+/-0.07 dlogz:5.241>0.1]
91420it [10:34:08 bound:1286 nc:3742 ncall:9.3e+07 eff:0.1% logz-ratio=43.31+/-0.07 dlogz:5.190>0.1]
91539it [10:35:30 bound:1288 nc:1794 ncall:9.4e+07 eff:0.1% logz-ratio=43.33+/-0.07 dlogz:5.140>0.1]
91657it [10:36:53 bound:1290 nc:1875 ncall:9.4e+07 eff:0.1% logz-ratio=43.36+/-0.07 dlogz:5.090>0.1]
91775it [10:38:16 bound:1292 nc:3692 ncall:9.4e+07 eff:0.1% logz-ratio=43.38+/-0.07 dlogz:5.040>0.1]
91893it [10:39:37 bound:1294 nc:4294 ncall:9.4e+07 eff:0.1% logz-ratio=43.40+/-0.07 dlogz:4.991>0.1]
92004it [10:41:00 bound:1296 nc:2094 ncall:9.5e+07 eff:0.1% logz-ratio=43.42+/-0.07 dlogz:4.945>0.1]
92120it [10:42:23 bound:1298 nc:4797 ncall:9.5e+07 eff:0.1% logz-ratio=43.44+/-0.07 dlogz:4.896>0.1]
92240it [10:43:48 bound:1300 nc:2008 ncall:9.5e+07 eff:0.1% logz-ratio=43.46+/-0.07 dlogz:4.847>0.1]
92359it [10:45:11 bound:1302 nc:2050 ncall:9.5e+07 eff:0.1% logz-ratio=43.48+/-0.07 dlogz:4.798>0.1]
92479it [10:46:34 bound:1304 nc:2089 ncall:9.6e+07 eff:0.1% logz-ratio=43.50+/-0.07 dlogz:4.749>0.1]
92600it [10:47:57 bound:1306 nc:2050 ncall:9.6e+07 eff:0.1% logz-ratio=43.52+/-0.07 dlogz:4.700>0.1]
92720it [10:49:22 bound:1308 nc:2043 ncall:9.6e+07 eff:0.1% logz-ratio=43.54+/-0.07 dlogz:4.652>0.1]
92841it [10:50:45 bound:1310 nc:2912 ncall:9.6e+07 eff:0.1% logz-ratio=43.56+/-0.07 dlogz:4.604>0.1]
92960it [10:52:10 bound:1312 nc:2290 ncall:9.7e+07 eff:0.1% logz-ratio=43.57+/-0.07 dlogz:4.557>0.1]
93080it [10:53:38 bound:1314 nc:3107 ncall:9.7e+07 eff:0.1% logz-ratio=43.59+/-0.07 dlogz:4.509>0.1]
93196it [10:55:00 bound:1316 nc:1720 ncall:9.7e+07 eff:0.1% logz-ratio=43.61+/-0.07 dlogz:4.464>0.1]
93313it [10:56:25 bound:1318 nc:1821 ncall:9.7e+07 eff:0.1% logz-ratio=43.63+/-0.07 dlogz:4.418>0.1]
93433it [10:57:51 bound:1320 nc:1764 ncall:9.8e+07 eff:0.1% logz-ratio=43.65+/-0.07 dlogz:4.485>0.1]
93553it [10:59:16 bound:1322 nc:1921 ncall:9.8e+07 eff:0.1% logz-ratio=43.66+/-0.07 dlogz:4.439>0.1]
93672it [11:00:40 bound:1324 nc:1997 ncall:9.8e+07 eff:0.1% logz-ratio=43.68+/-0.07 dlogz:4.393>0.1]
93793it [11:02:05 bound:1326 nc:1688 ncall:9.8e+07 eff:0.1% logz-ratio=43.70+/-0.07 dlogz:4.346>0.1]
93913it [11:03:32 bound:1328 nc:2560 ncall:9.9e+07 eff:0.1% logz-ratio=43.72+/-0.07 dlogz:4.301>0.1]
94032it [11:04:58 bound:1330 nc:4268 ncall:9.9e+07 eff:0.1% logz-ratio=43.73+/-0.07 dlogz:4.255>0.1]
94149it [11:06:24 bound:1332 nc:4066 ncall:9.9e+07 eff:0.1% logz-ratio=43.75+/-0.07 dlogz:4.211>0.1]
94224it [11:08:33 bound:1333 nc:2370 ncall:9.9e+07 eff:0.1% logz-ratio=43.76+/-0.07 dlogz:4.498>0.1]
94327it [11:09:58 bound:1335 nc:2228 ncall:1.0e+08 eff:0.1% logz-ratio=43.77+/-0.07 dlogz:4.460>0.1]
94440it [11:11:25 bound:1337 nc:1772 ncall:1.0e+08 eff:0.1% logz-ratio=43.79+/-0.07 dlogz:4.417>0.1]
94555it [11:12:50 bound:1339 nc:2535 ncall:1.0e+08 eff:0.1% logz-ratio=43.80+/-0.07 dlogz:4.374>0.1]
94675it [11:14:16 bound:1341 nc:2249 ncall:1.0e+08 eff:0.1% logz-ratio=43.82+/-0.07 dlogz:4.330>0.1]
94792it [11:15:44 bound:1343 nc:2057 ncall:1.0e+08 eff:0.1% logz-ratio=43.84+/-0.07 dlogz:4.287>0.1]
94910it [11:17:11 bound:1345 nc:1551 ncall:1.0e+08 eff:0.1% logz-ratio=43.85+/-0.07 dlogz:4.244>0.1]
95029it [11:18:37 bound:1347 nc:2953 ncall:1.0e+08 eff:0.1% logz-ratio=43.87+/-0.07 dlogz:4.200>0.1]
95143it [11:20:03 bound:1349 nc:3842 ncall:1.0e+08 eff:0.1% logz-ratio=43.88+/-0.07 dlogz:4.159>0.1]
95264it [11:21:29 bound:1351 nc:2414 ncall:1.0e+08 eff:0.1% logz-ratio=43.89+/-0.07 dlogz:4.115>0.1]
95385it [11:22:58 bound:1353 nc:1833 ncall:1.0e+08 eff:0.1% logz-ratio=43.91+/-0.07 dlogz:4.071>0.1]
95506it [11:24:26 bound:1355 nc:1413 ncall:1.0e+08 eff:0.1% logz-ratio=43.92+/-0.07 dlogz:4.028>0.1]
95621it [11:25:55 bound:1357 nc:1846 ncall:1.0e+08 eff:0.1% logz-ratio=43.94+/-0.07 dlogz:3.986>0.1]
95737it [11:27:25 bound:1359 nc:1797 ncall:1.0e+08 eff:0.1% logz-ratio=43.95+/-0.07 dlogz:3.945>0.1]
95854it [11:28:53 bound:1361 nc:1644 ncall:1.0e+08 eff:0.1% logz-ratio=43.97+/-0.07 dlogz:3.903>0.1]
95973it [11:30:23 bound:1363 nc:2337 ncall:1.0e+08 eff:0.1% logz-ratio=43.98+/-0.07 dlogz:3.861>0.1]
96084it [11:31:51 bound:1365 nc:2103 ncall:1.0e+08 eff:0.1% logz-ratio=43.99+/-0.07 dlogz:3.822>0.1]
96201it [11:33:20 bound:1367 nc:2094 ncall:1.0e+08 eff:0.1% logz-ratio=44.01+/-0.07 dlogz:3.781>0.1]
96320it [11:34:48 bound:1369 nc:4553 ncall:1.0e+08 eff:0.1% logz-ratio=44.02+/-0.07 dlogz:3.740>0.1]
96437it [11:36:17 bound:1371 nc:2191 ncall:1.0e+08 eff:0.1% logz-ratio=44.03+/-0.07 dlogz:3.699>0.1]
96558it [11:37:45 bound:1373 nc:2024 ncall:1.0e+08 eff:0.1% logz-ratio=44.05+/-0.07 dlogz:3.657>0.1]
96677it [11:39:15 bound:1375 nc:2336 ncall:1.0e+08 eff:0.1% logz-ratio=44.06+/-0.07 dlogz:3.616>0.1]
96795it [11:40:45 bound:1377 nc:2230 ncall:1.1e+08 eff:0.1% logz-ratio=44.07+/-0.07 dlogz:3.576>0.1]
96914it [11:42:14 bound:1379 nc:2362 ncall:1.1e+08 eff:0.1% logz-ratio=44.08+/-0.07 dlogz:3.535>0.1]
97034it [11:43:44 bound:1381 nc:2029 ncall:1.1e+08 eff:0.1% logz-ratio=44.10+/-0.07 dlogz:3.494>0.1]
97154it [11:45:14 bound:1383 nc:2305 ncall:1.1e+08 eff:0.1% logz-ratio=44.11+/-0.07 dlogz:3.453>0.1]
97273it [11:46:46 bound:1385 nc:2396 ncall:1.1e+08 eff:0.1% logz-ratio=44.12+/-0.07 dlogz:3.413>0.1]
97389it [11:48:16 bound:1387 nc:1404 ncall:1.1e+08 eff:0.1% logz-ratio=44.13+/-0.07 dlogz:3.375>0.1]
97506it [11:49:45 bound:1389 nc:1625 ncall:1.1e+08 eff:0.1% logz-ratio=44.15+/-0.07 dlogz:3.336>0.1]
97625it [11:51:16 bound:1391 nc:2024 ncall:1.1e+08 eff:0.1% logz-ratio=44.16+/-0.07 dlogz:3.296>0.1]
97739it [11:52:48 bound:1393 nc:2123 ncall:1.1e+08 eff:0.1% logz-ratio=44.17+/-0.07 dlogz:3.259>0.1]
97855it [11:54:17 bound:1395 nc:2432 ncall:1.1e+08 eff:0.1% logz-ratio=44.18+/-0.07 dlogz:3.220>0.1]
97975it [11:55:49 bound:1397 nc:2463 ncall:1.1e+08 eff:0.1% logz-ratio=44.19+/-0.07 dlogz:3.181>0.1]
98090it [11:57:19 bound:1399 nc:1689 ncall:1.1e+08 eff:0.1% logz-ratio=44.20+/-0.07 dlogz:3.144>0.1]
98210it [11:58:52 bound:1401 nc:2243 ncall:1.1e+08 eff:0.1% logz-ratio=44.21+/-0.07 dlogz:3.105>0.1]
98322it [12:00:23 bound:1403 nc:2042 ncall:1.1e+08 eff:0.1% logz-ratio=44.22+/-0.07 dlogz:3.069>0.1]
98437it [12:01:52 bound:1405 nc:2167 ncall:1.1e+08 eff:0.1% logz-ratio=44.24+/-0.07 dlogz:3.032>0.1]
98556it [12:03:23 bound:1407 nc:2273 ncall:1.1e+08 eff:0.1% logz-ratio=44.25+/-0.07 dlogz:2.994>0.1]
98674it [12:04:56 bound:1409 nc:2525 ncall:1.1e+08 eff:0.1% logz-ratio=44.26+/-0.07 dlogz:2.957>0.1]
98794it [12:06:26 bound:1411 nc:1844 ncall:1.1e+08 eff:0.1% logz-ratio=44.27+/-0.07 dlogz:2.919>0.1]
98912it [12:07:58 bound:1413 nc:2188 ncall:1.1e+08 eff:0.1% logz-ratio=44.28+/-0.07 dlogz:2.882>0.1]
98913it [12:09:30 bound:1413 nc:2612 ncall:1.1e+08 eff:0.1% logz-ratio=44.28+/-0.07 dlogz:2.882>0.1]
99027it [12:11:01 bound:1415 nc:1898 ncall:1.1e+08 eff:0.1% logz-ratio=44.29+/-0.07 dlogz:2.846>0.1]
99142it [12:12:34 bound:1417 nc:2322 ncall:1.1e+08 eff:0.1% logz-ratio=44.30+/-0.07 dlogz:2.810>0.1]
99263it [12:14:05 bound:1419 nc:2237 ncall:1.1e+08 eff:0.1% logz-ratio=44.31+/-0.07 dlogz:2.773>0.1]
99377it [12:15:39 bound:1421 nc:1970 ncall:1.1e+08 eff:0.1% logz-ratio=44.32+/-0.07 dlogz:2.738>0.1]
99492it [12:17:13 bound:1423 nc:2409 ncall:1.1e+08 eff:0.1% logz-ratio=44.33+/-0.07 dlogz:2.703>0.1]
99608it [12:18:45 bound:1425 nc:1964 ncall:1.1e+08 eff:0.1% logz-ratio=44.34+/-0.07 dlogz:2.668>0.1]
99726it [12:20:19 bound:1427 nc:2600 ncall:1.1e+08 eff:0.1% logz-ratio=44.35+/-0.07 dlogz:2.632>0.1]
99844it [12:21:52 bound:1429 nc:2719 ncall:1.1e+08 eff:0.1% logz-ratio=44.36+/-0.07 dlogz:2.597>0.1]
99957it [12:23:25 bound:1431 nc:2841 ncall:1.1e+08 eff:0.1% logz-ratio=44.36+/-0.07 dlogz:2.563>0.1]
100071it [12:24:57 bound:1433 nc:2422 ncall:1.1e+08 eff:0.1% logz-ratio=44.37+/-0.07 dlogz:2.530>0.1]
100188it [12:26:31 bound:1435 nc:1851 ncall:1.1e+08 eff:0.1% logz-ratio=44.38+/-0.07 dlogz:2.495>0.1]
100304it [12:28:03 bound:1437 nc:2096 ncall:1.1e+08 eff:0.1% logz-ratio=44.39+/-0.07 dlogz:2.461>0.1]
100423it [12:29:34 bound:1439 nc:4548 ncall:1.1e+08 eff:0.1% logz-ratio=44.40+/-0.07 dlogz:2.426>0.1]
100537it [12:31:06 bound:1441 nc:2670 ncall:1.1e+08 eff:0.1% logz-ratio=44.41+/-0.07 dlogz:2.393>0.1]
100653it [12:32:41 bound:1443 nc:1500 ncall:1.1e+08 eff:0.1% logz-ratio=44.42+/-0.07 dlogz:2.360>0.1]
100773it [12:34:13 bound:1445 nc:2611 ncall:1.1e+08 eff:0.1% logz-ratio=44.43+/-0.07 dlogz:2.326>0.1]
100893it [12:35:45 bound:1447 nc:2445 ncall:1.1e+08 eff:0.1% logz-ratio=44.43+/-0.07 dlogz:2.291>0.1]
101012it [12:37:18 bound:1449 nc:2312 ncall:1.2e+08 eff:0.1% logz-ratio=44.44+/-0.07 dlogz:2.258>0.1]
101132it [12:38:51 bound:1451 nc:2504 ncall:1.2e+08 eff:0.1% logz-ratio=44.45+/-0.07 dlogz:2.224>0.1]
101252it [12:40:24 bound:1453 nc:4001 ncall:1.2e+08 eff:0.1% logz-ratio=44.46+/-0.07 dlogz:2.191>0.1]
101369it [12:41:57 bound:1455 nc:2590 ncall:1.2e+08 eff:0.1% logz-ratio=44.47+/-0.07 dlogz:2.158>0.1]
101483it [12:43:30 bound:1457 nc:2674 ncall:1.2e+08 eff:0.1% logz-ratio=44.47+/-0.07 dlogz:2.127>0.1]
101605it [12:45:04 bound:1459 nc:2518 ncall:1.2e+08 eff:0.1% logz-ratio=44.48+/-0.07 dlogz:2.093>0.1]
101723it [12:46:39 bound:1461 nc:1940 ncall:1.2e+08 eff:0.1% logz-ratio=44.49+/-0.07 dlogz:2.061>0.1]
101836it [12:48:14 bound:1463 nc:2841 ncall:1.2e+08 eff:0.1% logz-ratio=44.50+/-0.07 dlogz:2.031>0.1]
101948it [12:49:48 bound:1465 nc:1472 ncall:1.2e+08 eff:0.1% logz-ratio=44.51+/-0.07 dlogz:2.001>0.1]
102065it [12:51:22 bound:1467 nc:2571 ncall:1.2e+08 eff:0.1% logz-ratio=44.51+/-0.07 dlogz:1.970>0.1]
102188it [12:52:57 bound:1469 nc:1725 ncall:1.2e+08 eff:0.1% logz-ratio=44.52+/-0.07 dlogz:1.937>0.1]
102308it [12:54:31 bound:1471 nc:2223 ncall:1.2e+08 eff:0.1% logz-ratio=44.53+/-0.07 dlogz:1.906>0.1]
102423it [12:56:04 bound:1473 nc:1841 ncall:1.2e+08 eff:0.1% logz-ratio=44.54+/-0.07 dlogz:1.876>0.1]
102543it [12:57:38 bound:1475 nc:2226 ncall:1.2e+08 eff:0.1% logz-ratio=44.54+/-0.07 dlogz:1.845>0.1]
102658it [12:59:14 bound:1477 nc:9021 ncall:1.2e+08 eff:0.1% logz-ratio=44.55+/-0.07 dlogz:1.815>0.1]
102777it [13:00:49 bound:1479 nc:1983 ncall:1.2e+08 eff:0.1% logz-ratio=44.56+/-0.07 dlogz:1.785>0.1]
102896it [13:02:24 bound:1481 nc:4869 ncall:1.2e+08 eff:0.1% logz-ratio=44.56+/-0.07 dlogz:1.755>0.1]
103010it [13:04:00 bound:1483 nc:2567 ncall:1.2e+08 eff:0.1% logz-ratio=44.57+/-0.07 dlogz:2.526>0.1]
103129it [13:05:35 bound:1485 nc:2529 ncall:1.2e+08 eff:0.1% logz-ratio=44.58+/-0.07 dlogz:2.493>0.1]
103249it [13:07:11 bound:1487 nc:2170 ncall:1.2e+08 eff:0.1% logz-ratio=44.58+/-0.07 dlogz:2.460>0.1]
103363it [13:08:45 bound:1489 nc:2663 ncall:1.2e+08 eff:0.1% logz-ratio=44.59+/-0.07 dlogz:2.429>0.1]
103366it [13:10:20 bound:1489 nc:1841 ncall:1.2e+08 eff:0.1% logz-ratio=44.59+/-0.07 dlogz:2.428>0.1]
103484it [13:11:56 bound:1491 nc:2833 ncall:1.2e+08 eff:0.1% logz-ratio=44.60+/-0.07 dlogz:2.396>0.1]
103604it [13:13:34 bound:1493 nc:2020 ncall:1.2e+08 eff:0.1% logz-ratio=44.60+/-0.07 dlogz:2.363>0.1]
103720it [13:15:10 bound:1495 nc:2386 ncall:1.2e+08 eff:0.1% logz-ratio=44.61+/-0.07 dlogz:2.332>0.1]
103839it [13:16:45 bound:1497 nc:2658 ncall:1.2e+08 eff:0.1% logz-ratio=44.62+/-0.07 dlogz:2.300>0.1]
103959it [13:18:21 bound:1499 nc:2153 ncall:1.2e+08 eff:0.1% logz-ratio=44.62+/-0.07 dlogz:2.268>0.1]
104081it [13:19:55 bound:1501 nc:2418 ncall:1.2e+08 eff:0.1% logz-ratio=44.63+/-0.07 dlogz:2.236>0.1]
104199it [13:21:32 bound:1503 nc:2279 ncall:1.2e+08 eff:0.1% logz-ratio=44.64+/-0.07 dlogz:2.205>0.1]
104314it [13:23:08 bound:1505 nc:2575 ncall:1.2e+08 eff:0.1% logz-ratio=44.64+/-0.07 dlogz:2.175>0.1]
104434it [13:24:42 bound:1507 nc:3609 ncall:1.2e+08 eff:0.1% logz-ratio=44.65+/-0.07 dlogz:2.143>0.1]
104545it [13:26:18 bound:1509 nc:3479 ncall:1.2e+08 eff:0.1% logz-ratio=44.65+/-0.07 dlogz:2.115>0.1]
104657it [13:27:55 bound:1511 nc:2285 ncall:1.2e+08 eff:0.1% logz-ratio=44.66+/-0.07 dlogz:2.086>0.1]
104774it [13:29:32 bound:1513 nc:2641 ncall:1.2e+08 eff:0.1% logz-ratio=44.66+/-0.07 dlogz:2.056>0.1]
104898it [13:31:10 bound:1515 nc:2722 ncall:1.2e+08 eff:0.1% logz-ratio=44.67+/-0.07 dlogz:2.024>0.1]
105010it [13:32:46 bound:1517 nc:2444 ncall:1.3e+08 eff:0.1% logz-ratio=44.67+/-0.07 dlogz:1.996>0.1]
105126it [13:34:23 bound:1519 nc:3785 ncall:1.3e+08 eff:0.1% logz-ratio=44.68+/-0.07 dlogz:1.967>0.1]
105246it [13:36:00 bound:1521 nc:2673 ncall:1.3e+08 eff:0.1% logz-ratio=44.69+/-0.07 dlogz:1.937>0.1]
105363it [13:37:36 bound:1523 nc:1905 ncall:1.3e+08 eff:0.1% logz-ratio=44.69+/-0.07 dlogz:1.908>0.1]
105479it [13:39:12 bound:1525 nc:2252 ncall:1.3e+08 eff:0.1% logz-ratio=44.70+/-0.07 dlogz:1.880>0.1]
105599it [13:40:50 bound:1527 nc:1951 ncall:1.3e+08 eff:0.1% logz-ratio=44.70+/-0.07 dlogz:1.850>0.1]
105713it [13:42:29 bound:1529 nc:2186 ncall:1.3e+08 eff:0.1% logz-ratio=44.71+/-0.07 dlogz:1.823>0.1]
105835it [13:44:05 bound:1531 nc:2540 ncall:1.3e+08 eff:0.1% logz-ratio=44.71+/-0.07 dlogz:1.793>0.1]
105955it [13:45:42 bound:1533 nc:2733 ncall:1.3e+08 eff:0.1% logz-ratio=44.72+/-0.07 dlogz:1.765>0.1]
106072it [13:47:19 bound:1535 nc:2294 ncall:1.3e+08 eff:0.1% logz-ratio=44.72+/-0.07 dlogz:1.737>0.1]
106190it [13:48:58 bound:1537 nc:1919 ncall:1.3e+08 eff:0.1% logz-ratio=44.73+/-0.07 dlogz:1.709>0.1]
106304it [13:50:36 bound:1539 nc:2453 ncall:1.3e+08 eff:0.1% logz-ratio=44.73+/-0.07 dlogz:1.683>0.1]
106419it [13:52:15 bound:1541 nc:2460 ncall:1.3e+08 eff:0.1% logz-ratio=44.74+/-0.07 dlogz:1.656>0.1]
106533it [13:53:54 bound:1543 nc:2630 ncall:1.3e+08 eff:0.1% logz-ratio=44.74+/-0.07 dlogz:1.630>0.1]
106651it [13:55:32 bound:1545 nc:5215 ncall:1.3e+08 eff:0.1% logz-ratio=44.75+/-0.07 dlogz:1.603>0.1]
106771it [13:57:11 bound:1547 nc:4497 ncall:1.3e+08 eff:0.1% logz-ratio=44.75+/-0.07 dlogz:1.576>0.1]
106888it [13:58:50 bound:1549 nc:2590 ncall:1.3e+08 eff:0.1% logz-ratio=44.75+/-0.07 dlogz:1.550>0.1]
107006it [14:00:27 bound:1551 nc:2653 ncall:1.3e+08 eff:0.1% logz-ratio=44.76+/-0.07 dlogz:1.524>0.1]
107120it [14:02:06 bound:1553 nc:2465 ncall:1.3e+08 eff:0.1% logz-ratio=44.76+/-0.07 dlogz:1.499>0.1]
107234it [14:03:44 bound:1555 nc:5034 ncall:1.3e+08 eff:0.1% logz-ratio=44.77+/-0.07 dlogz:1.474>0.1]
107354it [14:05:23 bound:1557 nc:2732 ncall:1.3e+08 eff:0.1% logz-ratio=44.77+/-0.07 dlogz:1.448>0.1]
107473it [14:07:02 bound:1559 nc:2266 ncall:1.3e+08 eff:0.1% logz-ratio=44.78+/-0.07 dlogz:1.423>0.1]
107590it [14:08:41 bound:1561 nc:2858 ncall:1.3e+08 eff:0.1% logz-ratio=44.78+/-0.07 dlogz:1.398>0.1]
107653it [14:11:11 bound:1562 nc:2443 ncall:1.3e+08 eff:0.1% logz-ratio=44.78+/-0.07 dlogz:1.385>0.1]
107761it [14:12:52 bound:1564 nc:2782 ncall:1.3e+08 eff:0.1% logz-ratio=44.79+/-0.07 dlogz:1.363>0.1]
107878it [14:14:31 bound:1566 nc:2525 ncall:1.3e+08 eff:0.1% logz-ratio=44.79+/-0.07 dlogz:1.339>0.1]
107996it [14:16:12 bound:1568 nc:2912 ncall:1.3e+08 eff:0.1% logz-ratio=44.79+/-0.07 dlogz:1.314>0.1]
108113it [14:17:51 bound:1570 nc:2545 ncall:1.3e+08 eff:0.1% logz-ratio=44.80+/-0.07 dlogz:1.291>0.1]
108224it [14:19:31 bound:1572 nc:2489 ncall:1.3e+08 eff:0.1% logz-ratio=44.80+/-0.07 dlogz:1.269>0.1]
108339it [14:21:13 bound:1574 nc:2691 ncall:1.3e+08 eff:0.1% logz-ratio=44.81+/-0.07 dlogz:1.246>0.1]
108454it [14:22:54 bound:1576 nc:2815 ncall:1.3e+08 eff:0.1% logz-ratio=44.81+/-0.07 dlogz:1.223>0.1]
108569it [14:24:37 bound:1578 nc:1933 ncall:1.3e+08 eff:0.1% logz-ratio=44.81+/-0.07 dlogz:1.201>0.1]
108693it [14:26:17 bound:1580 nc:2337 ncall:1.3e+08 eff:0.1% logz-ratio=44.82+/-0.07 dlogz:1.177>0.1]
108804it [14:27:59 bound:1582 nc:2670 ncall:1.4e+08 eff:0.1% logz-ratio=44.82+/-0.07 dlogz:1.156>0.1]
108919it [14:29:41 bound:1584 nc:2712 ncall:1.4e+08 eff:0.1% logz-ratio=44.82+/-0.07 dlogz:1.135>0.1]
109036it [14:31:22 bound:1586 nc:2773 ncall:1.4e+08 eff:0.1% logz-ratio=44.83+/-0.07 dlogz:1.113>0.1]
109154it [14:33:03 bound:1588 nc:4620 ncall:1.4e+08 eff:0.1% logz-ratio=44.83+/-0.07 dlogz:1.092>0.1]
109270it [14:34:45 bound:1590 nc:5684 ncall:1.4e+08 eff:0.1% logz-ratio=44.83+/-0.07 dlogz:1.071>0.1]
109392it [14:36:28 bound:1592 nc:2526 ncall:1.4e+08 eff:0.1% logz-ratio=44.84+/-0.07 dlogz:1.049>0.1]
109513it [14:38:10 bound:1594 nc:2799 ncall:1.4e+08 eff:0.1% logz-ratio=44.84+/-0.07 dlogz:1.028>0.1]
109631it [14:39:51 bound:1596 nc:4440 ncall:1.4e+08 eff:0.1% logz-ratio=44.84+/-0.07 dlogz:1.007>0.1]
109745it [14:41:34 bound:1598 nc:5447 ncall:1.4e+08 eff:0.1% logz-ratio=44.85+/-0.07 dlogz:0.988>0.1]
109860it [14:43:16 bound:1600 nc:2585 ncall:1.4e+08 eff:0.1% logz-ratio=44.85+/-0.07 dlogz:0.969>0.1]
109978it [14:44:58 bound:1602 nc:2128 ncall:1.4e+08 eff:0.1% logz-ratio=44.85+/-0.07 dlogz:1.165>0.1]
110099it [14:46:41 bound:1604 nc:2718 ncall:1.4e+08 eff:0.1% logz-ratio=44.86+/-0.07 dlogz:1.143>0.1]
110213it [14:48:22 bound:1606 nc:2896 ncall:1.4e+08 eff:0.1% logz-ratio=44.86+/-0.07 dlogz:1.122>0.1]
110328it [14:50:05 bound:1608 nc:2760 ncall:1.4e+08 eff:0.1% logz-ratio=44.86+/-0.07 dlogz:1.101>0.1]
110442it [14:51:49 bound:1610 nc:2432 ncall:1.4e+08 eff:0.1% logz-ratio=44.86+/-0.07 dlogz:1.081>0.1]
110555it [14:53:32 bound:1612 nc:2435 ncall:1.4e+08 eff:0.1% logz-ratio=44.87+/-0.07 dlogz:1.061>0.1]
110672it [14:55:14 bound:1614 nc:2399 ncall:1.4e+08 eff:0.1% logz-ratio=44.87+/-0.07 dlogz:1.041>0.1]
110790it [14:56:58 bound:1616 nc:2951 ncall:1.4e+08 eff:0.1% logz-ratio=44.87+/-0.07 dlogz:1.020>0.1]
110906it [14:58:41 bound:1618 nc:2250 ncall:1.4e+08 eff:0.1% logz-ratio=44.88+/-0.07 dlogz:1.001>0.1]
111022it [15:00:23 bound:1620 nc:2823 ncall:1.4e+08 eff:0.1% logz-ratio=44.88+/-0.07 dlogz:0.981>0.1]
111142it [15:02:08 bound:1622 nc:5218 ncall:1.4e+08 eff:0.1% logz-ratio=44.88+/-0.07 dlogz:0.961>0.1]
111256it [15:03:52 bound:1624 nc:2161 ncall:1.4e+08 eff:0.1% logz-ratio=44.88+/-0.07 dlogz:0.943>0.1]
111377it [15:05:36 bound:1626 nc:2101 ncall:1.4e+08 eff:0.1% logz-ratio=44.89+/-0.07 dlogz:0.923>0.1]
111489it [15:07:19 bound:1628 nc:1473 ncall:1.4e+08 eff:0.1% logz-ratio=44.89+/-0.07 dlogz:0.905>0.1]
111613it [15:09:04 bound:1630 nc:4963 ncall:1.4e+08 eff:0.1% logz-ratio=44.89+/-0.07 dlogz:0.886>0.1]
111724it [15:10:48 bound:1632 nc:2539 ncall:1.4e+08 eff:0.1% logz-ratio=44.89+/-0.07 dlogz:0.869>0.1]
111729it [15:12:31 bound:1632 nc:2700 ncall:1.4e+08 eff:0.1% logz-ratio=44.89+/-0.07 dlogz:0.868>0.1]
111839it [15:14:15 bound:1634 nc:10061 ncall:1.4e+08 eff:0.1% logz-ratio=44.90+/-0.07 dlogz:0.851>0.1]
111952it [15:15:59 bound:1636 nc:2268 ncall:1.4e+08 eff:0.1% logz-ratio=44.90+/-0.07 dlogz:0.834>0.1]
112063it [15:17:44 bound:1638 nc:2199 ncall:1.4e+08 eff:0.1% logz-ratio=44.90+/-0.07 dlogz:0.818>0.1]
112176it [15:19:27 bound:1640 nc:2786 ncall:1.4e+08 eff:0.1% logz-ratio=44.90+/-0.07 dlogz:0.801>0.1]
112294it [15:21:13 bound:1642 nc:2670 ncall:1.4e+08 eff:0.1% logz-ratio=44.91+/-0.07 dlogz:0.784>0.1]
112411it [15:22:58 bound:1644 nc:3126 ncall:1.5e+08 eff:0.1% logz-ratio=44.91+/-0.07 dlogz:0.767>0.1]
112522it [15:24:43 bound:1646 nc:2904 ncall:1.5e+08 eff:0.1% logz-ratio=44.91+/-0.07 dlogz:0.752>0.1]
112638it [15:26:27 bound:1648 nc:2887 ncall:1.5e+08 eff:0.1% logz-ratio=44.91+/-0.07 dlogz:0.736>0.1]
112755it [15:28:12 bound:1650 nc:2814 ncall:1.5e+08 eff:0.1% logz-ratio=44.91+/-0.07 dlogz:0.720>0.1]
112867it [15:29:56 bound:1652 nc:2678 ncall:1.5e+08 eff:0.1% logz-ratio=44.92+/-0.07 dlogz:0.705>0.1]
112981it [15:31:41 bound:1654 nc:2836 ncall:1.5e+08 eff:0.1% logz-ratio=44.92+/-0.07 dlogz:0.690>0.1]
113098it [15:33:27 bound:1656 nc:2674 ncall:1.5e+08 eff:0.1% logz-ratio=44.92+/-0.07 dlogz:0.675>0.1]
113219it [15:35:13 bound:1658 nc:2791 ncall:1.5e+08 eff:0.1% logz-ratio=44.92+/-0.07 dlogz:0.660>0.1]
113339it [15:36:58 bound:1660 nc:2998 ncall:1.5e+08 eff:0.1% logz-ratio=44.92+/-0.07 dlogz:0.645>0.1]
113459it [15:38:45 bound:1662 nc:2976 ncall:1.5e+08 eff:0.1% logz-ratio=44.93+/-0.07 dlogz:0.630>0.1]
113579it [15:40:31 bound:1664 nc:2998 ncall:1.5e+08 eff:0.1% logz-ratio=44.93+/-0.07 dlogz:0.615>0.1]
113699it [15:42:18 bound:1666 nc:2460 ncall:1.5e+08 eff:0.1% logz-ratio=44.93+/-0.07 dlogz:0.601>0.1]
113810it [15:44:03 bound:1668 nc:2035 ncall:1.5e+08 eff:0.1% logz-ratio=44.93+/-0.07 dlogz:0.588>0.1]
113927it [15:45:49 bound:1670 nc:4624 ncall:1.5e+08 eff:0.1% logz-ratio=44.93+/-0.07 dlogz:0.575>0.1]
114047it [15:47:36 bound:1672 nc:2896 ncall:1.5e+08 eff:0.1% logz-ratio=44.94+/-0.07 dlogz:0.561>0.1]
114166it [15:49:23 bound:1674 nc:2720 ncall:1.5e+08 eff:0.1% logz-ratio=44.94+/-0.07 dlogz:0.548>0.1]
114285it [15:51:10 bound:1676 nc:5697 ncall:1.5e+08 eff:0.1% logz-ratio=44.94+/-0.07 dlogz:0.535>0.1]
114400it [15:52:57 bound:1678 nc:2653 ncall:1.5e+08 eff:0.1% logz-ratio=44.94+/-0.07 dlogz:0.523>0.1]
114515it [15:54:43 bound:1680 nc:2391 ncall:1.5e+08 eff:0.1% logz-ratio=44.94+/-0.07 dlogz:0.511>0.1]
114630it [15:56:31 bound:1682 nc:2796 ncall:1.5e+08 eff:0.1% logz-ratio=44.94+/-0.07 dlogz:0.499>0.1]
114746it [15:58:17 bound:1684 nc:2567 ncall:1.5e+08 eff:0.1% logz-ratio=44.95+/-0.07 dlogz:0.488>0.1]
114864it [16:00:05 bound:1686 nc:5968 ncall:1.5e+08 eff:0.1% logz-ratio=44.95+/-0.07 dlogz:0.476>0.1]
114978it [16:01:52 bound:1688 nc:2636 ncall:1.5e+08 eff:0.1% logz-ratio=44.95+/-0.07 dlogz:0.465>0.1]
115097it [16:03:40 bound:1690 nc:2163 ncall:1.5e+08 eff:0.1% logz-ratio=44.95+/-0.07 dlogz:0.454>0.1]
115216it [16:05:26 bound:1692 nc:2048 ncall:1.5e+08 eff:0.1% logz-ratio=44.95+/-0.07 dlogz:0.443>0.1]
115333it [16:07:13 bound:1694 nc:2476 ncall:1.5e+08 eff:0.1% logz-ratio=44.95+/-0.07 dlogz:0.432>0.1]
115455it [16:09:02 bound:1696 nc:2686 ncall:1.5e+08 eff:0.1% logz-ratio=44.95+/-0.07 dlogz:0.421>0.1]
115564it [16:10:50 bound:1698 nc:2711 ncall:1.5e+08 eff:0.1% logz-ratio=44.96+/-0.07 dlogz:0.412>0.1]
115622it [16:13:30 bound:1699 nc:2611 ncall:1.5e+08 eff:0.1% logz-ratio=44.96+/-0.07 dlogz:0.407>0.1]
115729it [16:15:17 bound:1701 nc:2866 ncall:1.5e+08 eff:0.1% logz-ratio=44.96+/-0.07 dlogz:0.397>0.1]
115846it [16:17:04 bound:1703 nc:2635 ncall:1.6e+08 eff:0.1% logz-ratio=44.96+/-0.07 dlogz:0.388>0.1]
115959it [16:18:52 bound:1705 nc:2815 ncall:1.6e+08 eff:0.1% logz-ratio=44.96+/-0.07 dlogz:0.379>0.1]
116080it [16:20:38 bound:1707 nc:2861 ncall:1.6e+08 eff:0.1% logz-ratio=44.96+/-0.07 dlogz:0.369>0.1]
116196it [16:22:26 bound:1709 nc:2934 ncall:1.6e+08 eff:0.1% logz-ratio=44.96+/-0.07 dlogz:0.360>0.1]
116316it [16:24:14 bound:1711 nc:2743 ncall:1.6e+08 eff:0.1% logz-ratio=44.96+/-0.07 dlogz:0.351>0.1]
116430it [16:26:00 bound:1713 nc:2415 ncall:1.6e+08 eff:0.1% logz-ratio=44.97+/-0.07 dlogz:0.342>0.1]
116549it [16:27:48 bound:1715 nc:2996 ncall:1.6e+08 eff:0.1% logz-ratio=44.97+/-0.07 dlogz:0.333>0.1]
116668it [16:29:36 bound:1717 nc:2548 ncall:1.6e+08 eff:0.1% logz-ratio=44.97+/-0.07 dlogz:0.325>0.1]
116779it [16:31:24 bound:1719 nc:10140 ncall:1.6e+08 eff:0.1% logz-ratio=44.97+/-0.07 dlogz:0.317>0.1]
116898it [16:33:13 bound:1721 nc:3188 ncall:1.6e+08 eff:0.1% logz-ratio=44.97+/-0.07 dlogz:0.309>0.1]
117012it [16:35:02 bound:1723 nc:3166 ncall:1.6e+08 eff:0.1% logz-ratio=44.97+/-0.07 dlogz:0.301>0.1]
117131it [16:36:50 bound:1725 nc:5903 ncall:1.6e+08 eff:0.1% logz-ratio=44.97+/-0.07 dlogz:0.294>0.1]
117247it [16:38:39 bound:1727 nc:4868 ncall:1.6e+08 eff:0.1% logz-ratio=44.97+/-0.07 dlogz:0.286>0.1]
117363it [16:40:27 bound:1729 nc:2897 ncall:1.6e+08 eff:0.1% logz-ratio=44.98+/-0.07 dlogz:0.279>0.1]
117479it [16:42:16 bound:1731 nc:2920 ncall:1.6e+08 eff:0.1% logz-ratio=44.98+/-0.07 dlogz:0.272>0.1]
117601it [16:44:05 bound:1733 nc:5355 ncall:1.6e+08 eff:0.1% logz-ratio=44.98+/-0.07 dlogz:0.265>0.1]
117717it [16:45:54 bound:1735 nc:2416 ncall:1.6e+08 eff:0.1% logz-ratio=44.98+/-0.07 dlogz:0.258>0.1]
117834it [16:47:43 bound:1737 nc:2921 ncall:1.6e+08 eff:0.1% logz-ratio=44.98+/-0.07 dlogz:0.251>0.1]
117946it [16:49:32 bound:1739 nc:2905 ncall:1.6e+08 eff:0.1% logz-ratio=44.98+/-0.07 dlogz:0.245>0.1]
118063it [16:51:23 bound:1741 nc:2671 ncall:1.6e+08 eff:0.1% logz-ratio=44.98+/-0.07 dlogz:0.239>0.1]
118182it [16:53:12 bound:1743 nc:5589 ncall:1.6e+08 eff:0.1% logz-ratio=44.98+/-0.07 dlogz:0.232>0.1]
118294it [16:55:01 bound:1745 nc:2153 ncall:1.6e+08 eff:0.1% logz-ratio=44.98+/-0.07 dlogz:0.227>0.1]
118409it [16:56:51 bound:1747 nc:3054 ncall:1.6e+08 eff:0.1% logz-ratio=44.98+/-0.07 dlogz:0.221>0.1]
118530it [16:58:39 bound:1749 nc:2043 ncall:1.6e+08 eff:0.1% logz-ratio=44.99+/-0.07 dlogz:0.215>0.1]
118648it [17:00:27 bound:1751 nc:2683 ncall:1.6e+08 eff:0.1% logz-ratio=44.99+/-0.07 dlogz:0.209>0.1]
118773it [17:02:16 bound:1753 nc:2331 ncall:1.6e+08 eff:0.1% logz-ratio=44.99+/-0.07 dlogz:0.203>0.1]
118894it [17:04:06 bound:1755 nc:2553 ncall:1.6e+08 eff:0.1% logz-ratio=44.99+/-0.07 dlogz:0.198>0.1]
119019it [17:05:56 bound:1757 nc:5833 ncall:1.6e+08 eff:0.1% logz-ratio=44.99+/-0.07 dlogz:0.192>0.1]
119139it [17:07:45 bound:1759 nc:2877 ncall:1.6e+08 eff:0.1% logz-ratio=44.99+/-0.07 dlogz:0.187>0.1]
119262it [17:09:34 bound:1761 nc:2730 ncall:1.7e+08 eff:0.1% logz-ratio=44.99+/-0.07 dlogz:0.182>0.1]
119377it [17:11:22 bound:1763 nc:2553 ncall:1.7e+08 eff:0.1% logz-ratio=44.99+/-0.07 dlogz:0.177>0.1]
119493it [17:13:10 bound:1765 nc:2771 ncall:1.7e+08 eff:0.1% logz-ratio=44.99+/-0.07 dlogz:0.172>0.1]
119502it [17:15:00 bound:1765 nc:2916 ncall:1.7e+08 eff:0.1% logz-ratio=44.99+/-0.07 dlogz:0.172>0.1]
119613it [17:16:48 bound:1767 nc:2749 ncall:1.7e+08 eff:0.1% logz-ratio=44.99+/-0.07 dlogz:0.168>0.1]
119725it [17:18:37 bound:1769 nc:2304 ncall:1.7e+08 eff:0.1% logz-ratio=44.99+/-0.07 dlogz:0.163>0.1]
119840it [17:20:25 bound:1771 nc:1447 ncall:1.7e+08 eff:0.1% logz-ratio=44.99+/-0.07 dlogz:0.159>0.1]
119955it [17:22:13 bound:1773 nc:1988 ncall:1.7e+08 eff:0.1% logz-ratio=45.00+/-0.07 dlogz:0.155>0.1]
120070it [17:24:03 bound:1775 nc:2868 ncall:1.7e+08 eff:0.1% logz-ratio=45.00+/-0.07 dlogz:0.151>0.1]
120190it [17:25:54 bound:1777 nc:2822 ncall:1.7e+08 eff:0.1% logz-ratio=45.00+/-0.07 dlogz:0.147>0.1]
120305it [17:27:43 bound:1779 nc:3219 ncall:1.7e+08 eff:0.1% logz-ratio=45.00+/-0.07 dlogz:0.143>0.1]
120426it [17:29:33 bound:1781 nc:6037 ncall:1.7e+08 eff:0.1% logz-ratio=45.00+/-0.07 dlogz:0.139>0.1]
120543it [17:31:23 bound:1783 nc:2706 ncall:1.7e+08 eff:0.1% logz-ratio=45.00+/-0.07 dlogz:0.135>0.1]
120658it [17:33:12 bound:1785 nc:2963 ncall:1.7e+08 eff:0.1% logz-ratio=45.00+/-0.07 dlogz:0.132>0.1]
120771it [17:35:01 bound:1787 nc:3169 ncall:1.7e+08 eff:0.1% logz-ratio=45.00+/-0.07 dlogz:0.128>0.1]
120890it [17:36:51 bound:1789 nc:2623 ncall:1.7e+08 eff:0.1% logz-ratio=45.00+/-0.07 dlogz:0.125>0.1]
121004it [17:38:42 bound:1791 nc:3110 ncall:1.7e+08 eff:0.1% logz-ratio=45.00+/-0.07 dlogz:0.121>0.1]
121123it [17:40:31 bound:1793 nc:2862 ncall:1.7e+08 eff:0.1% logz-ratio=45.00+/-0.07 dlogz:0.118>0.1]
121241it [17:42:22 bound:1795 nc:2718 ncall:1.7e+08 eff:0.1% logz-ratio=45.00+/-0.07 dlogz:0.115>0.1]
121356it [17:44:13 bound:1797 nc:5188 ncall:1.7e+08 eff:0.1% logz-ratio=45.00+/-0.07 dlogz:0.112>0.1]
121468it [17:46:02 bound:1799 nc:3187 ncall:1.7e+08 eff:0.1% logz-ratio=45.00+/-0.07 dlogz:0.109>0.1]
121582it [17:47:50 bound:1801 nc:2935 ncall:1.7e+08 eff:0.1% logz-ratio=45.00+/-0.07 dlogz:0.106>0.1]
121697it [17:49:40 bound:1803 nc:3044 ncall:1.7e+08 eff:0.1% logz-ratio=45.00+/-0.07 dlogz:0.103>0.1]
121814it [17:51:31 bound:1805 nc:2894 ncall:1.7e+08 eff:0.1% logz-ratio=45.01+/-0.07 dlogz:0.100>0.1]
At this point, we cannot create a float from 0        1.922714
1        1.898708
2        1.930200
3        1.949614
4        1.886912
           ...   
23891    1.935570
23892    1.935839
23893    1.933731
23894    1.934273
23895    1.937837
Name: chirp_mass_source, Length: 23896, dtype: float64, error: cannot convert the series to <class 'float'>
At this point, we cannot create a float from 0        0.316382
1        0.392654
2        0.356311
3        0.350012
4        0.407301
           ...   
23891    0.366572
23892    0.365731
23893    0.357920
23894    0.358512
23895    0.357479
Name: mass_ratio, Length: 23896, dtype: float64, error: cannot convert the series to <class 'float'>
At this point, we cannot create a float from 0        924.266846
1        670.844788
2        679.802246
3        542.300537
4        835.247009
            ...    
23891    839.213623
23892    838.305176
23893    478.212738
23894    519.412720
23895    472.744354
Name: lambda_2, Length: 23896, dtype: float64, error: cannot convert the series to <class 'float'>
Skipped taking the float value from [5.09741116 4.6415925  5.40023899 ... 5.65550232 5.65028858
 5.65704346], error: only length-1 arrays can be converted to Python scalars
At this point, we cannot create a float from [1.85595536 1.85637835 1.85680133 ... 1.98158175 1.98200473
 1.98242772], error: only length-1 arrays can be converted to Python scalars
At this point, we cannot create a float from [0.28754643 0.28811089 0.28867536 ... 0.45519344 0.4557579
 0.45632237], error: only length-1 arrays can be converted to Python scalars
At this point, we cannot create a float from [ 265.00686646  270.18965297  275.37243948 ... 1804.29446115
 1809.47724767 1814.66003418], error: only length-1 arrays can be converted to Python scalars
Skipped taking the float value from [ -2.24324989  -2.32235241  -2.53333473 ... -34.22067261
 -34.33267975 -34.4430809 ], error: only length-1 arrays can be converted to Python scalars
