000 (2582724.000.000) 2025-08-05 15:58:38 Job submitted from host: <145.107.7.246:9618?addrs=145.107.7.246-9618+[2a07-8500-120-e070--3f6]-9618&alias=taai-007.nikhef.nl&noUDP&sock=schedd_2614_90a7>
    DAG Node: run_c
...
001 (2582724.000.000) 2025-08-05 15:59:17 Job executing on host: <145.107.4.157:9618?addrs=145.107.4.157-9618+[2a07-8500-120-e070--9d]-9618&alias=wn-knek-014.nikhef.nl&noUDP&sock=startd_1926_a77e>
	SlotName: slot1_1@wn-knek-014.nikhef.nl
	CondorScratchDir = "/scratch/condor_execute/dir_2670222"
	Cpus = 64
	Disk = 16779841
	GPUs = 0
	Memory = 16384
...
006 (2582724.000.000) 2025-08-05 15:59:31 Image size of job updated: 90016
	88  -  MemoryUsage of job (MB)
	90016  -  ResidentSetSize of job (KB)
...
006 (2582724.000.000) 2025-08-05 16:00:31 Image size of job updated: 1267828
	88  -  MemoryUsage of job (MB)
	90016  -  ResidentSetSize of job (KB)
...
005 (2582724.000.000) 2025-08-05 16:00:31 Job terminated.
	(1) Normal termination (return value 1)
		Usr 0 00:00:36, Sys 0 00:00:12  -  Run Remote Usage
		Usr 0 00:00:00, Sys 0 00:00:00  -  Run Local Usage
		Usr 0 00:00:36, Sys 0 00:00:12  -  Total Remote Usage
		Usr 0 00:00:00, Sys 0 00:00:00  -  Total Local Usage
	0  -  Run Bytes Sent By Job
	0  -  Run Bytes Received By Job
	0  -  Total Bytes Sent By Job
	0  -  Total Bytes Received By Job
	Partitionable Resources :    Usage  Request Allocated 
	   Cpus                 :     0.15       64        64 
	   Disk (KB)            : 17500    16777216  16779841 
	   GPUs                 :                           0 
	   Memory (MB)          :    88       16384     16384 
	   TimeExecute (s)      :    74                       
	   TimeSlotBusy (s)     :    74                       

	Job terminated of its own accord at 2025-08-05T14:00:31Z with exit-code 1.
...
000 (2582868.000.000) 2025-08-05 16:02:16 Job submitted from host: <145.107.7.246:9618?addrs=145.107.7.246-9618+[2a07-8500-120-e070--3f6]-9618&alias=taai-007.nikhef.nl&noUDP&sock=schedd_2614_90a7>
    DAG Node: run_c
...
001 (2582868.000.000) 2025-08-05 16:03:17 Job executing on host: <145.107.4.157:9618?addrs=145.107.4.157-9618+[2a07-8500-120-e070--9d]-9618&alias=wn-knek-014.nikhef.nl&noUDP&sock=startd_1926_a77e>
	SlotName: slot1_1@wn-knek-014.nikhef.nl
	CondorScratchDir = "/scratch/condor_execute/dir_2672734"
	Cpus = 64
	Disk = 16779841
	GPUs = 0
	Memory = 16384
...
006 (2582868.000.000) 2025-08-05 16:03:31 Image size of job updated: 315584
	309  -  MemoryUsage of job (MB)
	315584  -  ResidentSetSize of job (KB)
...
006 (2582868.000.000) 2025-08-05 16:08:32 Image size of job updated: 1516928
	1482  -  MemoryUsage of job (MB)
	1516928  -  ResidentSetSize of job (KB)
...
006 (2582868.000.000) 2025-08-05 16:13:33 Image size of job updated: 1545764
	1510  -  MemoryUsage of job (MB)
	1545764  -  ResidentSetSize of job (KB)
...
006 (2582868.000.000) 2025-08-05 16:18:33 Image size of job updated: 1561920
	1526  -  MemoryUsage of job (MB)
	1561920  -  ResidentSetSize of job (KB)
...
006 (2582868.000.000) 2025-08-05 16:23:33 Image size of job updated: 1574000
	1538  -  MemoryUsage of job (MB)
	1574000  -  ResidentSetSize of job (KB)
...
006 (2582868.000.000) 2025-08-05 16:28:34 Image size of job updated: 1585472
	1549  -  MemoryUsage of job (MB)
	1585472  -  ResidentSetSize of job (KB)
...
006 (2582868.000.000) 2025-08-05 16:33:35 Image size of job updated: 1593096
	1556  -  MemoryUsage of job (MB)
	1593096  -  ResidentSetSize of job (KB)
...
006 (2582868.000.000) 2025-08-05 16:38:35 Image size of job updated: 1618000
	1581  -  MemoryUsage of job (MB)
	1618000  -  ResidentSetSize of job (KB)
...
006 (2582868.000.000) 2025-08-05 16:43:35 Image size of job updated: 1625056
	1587  -  MemoryUsage of job (MB)
	1625056  -  ResidentSetSize of job (KB)
...
006 (2582868.000.000) 2025-08-05 16:48:37 Image size of job updated: 1630104
	1592  -  MemoryUsage of job (MB)
	1630104  -  ResidentSetSize of job (KB)
...
006 (2582868.000.000) 2025-08-05 16:53:36 Image size of job updated: 1635068
	1597  -  MemoryUsage of job (MB)
	1635068  -  ResidentSetSize of job (KB)
...
006 (2582868.000.000) 2025-08-05 16:58:36 Image size of job updated: 1640064
	1602  -  MemoryUsage of job (MB)
	1640064  -  ResidentSetSize of job (KB)
...
006 (2582868.000.000) 2025-08-05 17:03:37 Image size of job updated: 1644420
	1606  -  MemoryUsage of job (MB)
	1644420  -  ResidentSetSize of job (KB)
...
006 (2582868.000.000) 2025-08-05 17:08:38 Image size of job updated: 2126004
	2077  -  MemoryUsage of job (MB)
	2126004  -  ResidentSetSize of job (KB)
...
006 (2582868.000.000) 2025-08-05 17:13:38 Image size of job updated: 2129808
	2080  -  MemoryUsage of job (MB)
	2129808  -  ResidentSetSize of job (KB)
...
006 (2582868.000.000) 2025-08-05 17:18:38 Image size of job updated: 2134292
	2085  -  MemoryUsage of job (MB)
	2134292  -  ResidentSetSize of job (KB)
...
006 (2582868.000.000) 2025-08-05 17:23:39 Image size of job updated: 2137128
	2088  -  MemoryUsage of job (MB)
	2137128  -  ResidentSetSize of job (KB)
...
006 (2582868.000.000) 2025-08-05 17:28:40 Image size of job updated: 2139840
	2090  -  MemoryUsage of job (MB)
	2139840  -  ResidentSetSize of job (KB)
...
006 (2582868.000.000) 2025-08-05 17:33:40 Image size of job updated: 2142572
	2093  -  MemoryUsage of job (MB)
	2142572  -  ResidentSetSize of job (KB)
...
006 (2582868.000.000) 2025-08-05 17:38:40 Image size of job updated: 2144576
	2095  -  MemoryUsage of job (MB)
	2144576  -  ResidentSetSize of job (KB)
...
006 (2582868.000.000) 2025-08-05 17:43:41 Image size of job updated: 2147660
	2098  -  MemoryUsage of job (MB)
	2147660  -  ResidentSetSize of job (KB)
...
006 (2582868.000.000) 2025-08-05 17:48:42 Image size of job updated: 2149672
	2100  -  MemoryUsage of job (MB)
	2149672  -  ResidentSetSize of job (KB)
...
006 (2582868.000.000) 2025-08-05 17:53:42 Image size of job updated: 2153424
	2103  -  MemoryUsage of job (MB)
	2153424  -  ResidentSetSize of job (KB)
...
006 (2582868.000.000) 2025-08-05 17:58:42 Image size of job updated: 2155424
	2105  -  MemoryUsage of job (MB)
	2155424  -  ResidentSetSize of job (KB)
...
006 (2582868.000.000) 2025-08-05 18:03:43 Image size of job updated: 2157660
	2108  -  MemoryUsage of job (MB)
	2157660  -  ResidentSetSize of job (KB)
...
006 (2582868.000.000) 2025-08-05 18:08:43 Image size of job updated: 2235704
	2184  -  MemoryUsage of job (MB)
	2235704  -  ResidentSetSize of job (KB)
...
006 (2582868.000.000) 2025-08-05 18:13:43 Image size of job updated: 2237288
	2185  -  MemoryUsage of job (MB)
	2237288  -  ResidentSetSize of job (KB)
...
006 (2582868.000.000) 2025-08-05 18:18:44 Image size of job updated: 2239472
	2187  -  MemoryUsage of job (MB)
	2239472  -  ResidentSetSize of job (KB)
...
006 (2582868.000.000) 2025-08-05 18:23:45 Image size of job updated: 2241340
	2189  -  MemoryUsage of job (MB)
	2241340  -  ResidentSetSize of job (KB)
...
006 (2582868.000.000) 2025-08-05 18:28:45 Image size of job updated: 2243996
	2192  -  MemoryUsage of job (MB)
	2243996  -  ResidentSetSize of job (KB)
...
006 (2582868.000.000) 2025-08-05 18:33:45 Image size of job updated: 2245352
	2193  -  MemoryUsage of job (MB)
	2245352  -  ResidentSetSize of job (KB)
...
006 (2582868.000.000) 2025-08-05 18:38:46 Image size of job updated: 2247788
	2196  -  MemoryUsage of job (MB)
	2247788  -  ResidentSetSize of job (KB)
...
006 (2582868.000.000) 2025-08-05 18:43:47 Image size of job updated: 2249792
	2198  -  MemoryUsage of job (MB)
	2249792  -  ResidentSetSize of job (KB)
...
006 (2582868.000.000) 2025-08-05 18:48:47 Image size of job updated: 2251216
	2199  -  MemoryUsage of job (MB)
	2251216  -  ResidentSetSize of job (KB)
...
006 (2582868.000.000) 2025-08-05 18:53:47 Image size of job updated: 2252536
	2200  -  MemoryUsage of job (MB)
	2252536  -  ResidentSetSize of job (KB)
...
006 (2582868.000.000) 2025-08-05 18:58:48 Image size of job updated: 2254496
	2202  -  MemoryUsage of job (MB)
	2254496  -  ResidentSetSize of job (KB)
...
006 (2582868.000.000) 2025-08-05 19:03:49 Image size of job updated: 2256032
	2204  -  MemoryUsage of job (MB)
	2256032  -  ResidentSetSize of job (KB)
...
006 (2582868.000.000) 2025-08-05 19:08:49 Image size of job updated: 2297132
	2244  -  MemoryUsage of job (MB)
	2297132  -  ResidentSetSize of job (KB)
...
006 (2582868.000.000) 2025-08-05 19:13:49 Image size of job updated: 2298376
	2245  -  MemoryUsage of job (MB)
	2298376  -  ResidentSetSize of job (KB)
...
006 (2582868.000.000) 2025-08-05 19:18:50 Image size of job updated: 2299380
	2246  -  MemoryUsage of job (MB)
	2299380  -  ResidentSetSize of job (KB)
...
006 (2582868.000.000) 2025-08-05 19:23:51 Image size of job updated: 2300284
	2247  -  MemoryUsage of job (MB)
	2300284  -  ResidentSetSize of job (KB)
...
006 (2582868.000.000) 2025-08-05 19:28:51 Image size of job updated: 2301520
	2248  -  MemoryUsage of job (MB)
	2301520  -  ResidentSetSize of job (KB)
...
006 (2582868.000.000) 2025-08-05 19:33:51 Image size of job updated: 2302336
	2249  -  MemoryUsage of job (MB)
	2302336  -  ResidentSetSize of job (KB)
...
006 (2582868.000.000) 2025-08-05 19:38:52 Image size of job updated: 2303204
	2250  -  MemoryUsage of job (MB)
	2303204  -  ResidentSetSize of job (KB)
...
006 (2582868.000.000) 2025-08-05 19:43:53 Image size of job updated: 2304964
	2251  -  MemoryUsage of job (MB)
	2304964  -  ResidentSetSize of job (KB)
...
006 (2582868.000.000) 2025-08-05 19:48:53 Image size of job updated: 2305904
	2252  -  MemoryUsage of job (MB)
	2305904  -  ResidentSetSize of job (KB)
...
006 (2582868.000.000) 2025-08-05 19:53:54 Image size of job updated: 2308496
	2255  -  MemoryUsage of job (MB)
	2308496  -  ResidentSetSize of job (KB)
...
006 (2582868.000.000) 2025-08-05 19:58:55 Image size of job updated: 2309140
	2256  -  MemoryUsage of job (MB)
	2309140  -  ResidentSetSize of job (KB)
...
006 (2582868.000.000) 2025-08-05 20:03:55 Image size of job updated: 2311588
	2258  -  MemoryUsage of job (MB)
	2311588  -  ResidentSetSize of job (KB)
...
006 (2582868.000.000) 2025-08-05 20:08:55 Image size of job updated: 2352824
	2277  -  MemoryUsage of job (MB)
	2331320  -  ResidentSetSize of job (KB)
...
006 (2582868.000.000) 2025-08-05 20:13:56 Image size of job updated: 2352824
	2279  -  MemoryUsage of job (MB)
	2332980  -  ResidentSetSize of job (KB)
...
006 (2582868.000.000) 2025-08-05 20:18:57 Image size of job updated: 2352824
	2280  -  MemoryUsage of job (MB)
	2333952  -  ResidentSetSize of job (KB)
...
006 (2582868.000.000) 2025-08-05 20:23:57 Image size of job updated: 2352824
	2281  -  MemoryUsage of job (MB)
	2335564  -  ResidentSetSize of job (KB)
...
006 (2582868.000.000) 2025-08-05 20:28:57 Image size of job updated: 2352824
	2282  -  MemoryUsage of job (MB)
	2336248  -  ResidentSetSize of job (KB)
...
006 (2582868.000.000) 2025-08-05 20:33:58 Image size of job updated: 2352824
	2283  -  MemoryUsage of job (MB)
	2336876  -  ResidentSetSize of job (KB)
...
006 (2582868.000.000) 2025-08-05 20:38:59 Image size of job updated: 2352824
	2283  -  MemoryUsage of job (MB)
	2337572  -  ResidentSetSize of job (KB)
...
006 (2582868.000.000) 2025-08-05 20:43:59 Image size of job updated: 2352824
	2285  -  MemoryUsage of job (MB)
	2339192  -  ResidentSetSize of job (KB)
...
006 (2582868.000.000) 2025-08-05 20:48:59 Image size of job updated: 2352824
	2286  -  MemoryUsage of job (MB)
	2340012  -  ResidentSetSize of job (KB)
...
006 (2582868.000.000) 2025-08-05 20:54:00 Image size of job updated: 2352824
	2286  -  MemoryUsage of job (MB)
	2340600  -  ResidentSetSize of job (KB)
...
006 (2582868.000.000) 2025-08-05 20:59:01 Image size of job updated: 2352824
	2287  -  MemoryUsage of job (MB)
	2341152  -  ResidentSetSize of job (KB)
...
006 (2582868.000.000) 2025-08-05 21:04:01 Image size of job updated: 2352824
	2287  -  MemoryUsage of job (MB)
	2341676  -  ResidentSetSize of job (KB)
...
006 (2582868.000.000) 2025-08-05 21:09:01 Image size of job updated: 2393116
	2308  -  MemoryUsage of job (MB)
	2363336  -  ResidentSetSize of job (KB)
...
006 (2582868.000.000) 2025-08-05 21:14:02 Image size of job updated: 2393116
	2309  -  MemoryUsage of job (MB)
	2363860  -  ResidentSetSize of job (KB)
...
006 (2582868.000.000) 2025-08-05 21:19:03 Image size of job updated: 2393116
	2309  -  MemoryUsage of job (MB)
	2364376  -  ResidentSetSize of job (KB)
...
006 (2582868.000.000) 2025-08-05 21:24:03 Image size of job updated: 2393116
	2310  -  MemoryUsage of job (MB)
	2365048  -  ResidentSetSize of job (KB)
...
006 (2582868.000.000) 2025-08-05 21:29:03 Image size of job updated: 2393116
	2312  -  MemoryUsage of job (MB)
	2366472  -  ResidentSetSize of job (KB)
...
006 (2582868.000.000) 2025-08-05 21:34:04 Image size of job updated: 2393116
	2312  -  MemoryUsage of job (MB)
	2366908  -  ResidentSetSize of job (KB)
...
006 (2582868.000.000) 2025-08-05 21:39:05 Image size of job updated: 2393116
	2312  -  MemoryUsage of job (MB)
	2367388  -  ResidentSetSize of job (KB)
...
006 (2582868.000.000) 2025-08-05 21:44:05 Image size of job updated: 2393116
	2313  -  MemoryUsage of job (MB)
	2367896  -  ResidentSetSize of job (KB)
...
006 (2582868.000.000) 2025-08-05 21:49:05 Image size of job updated: 2393116
	2313  -  MemoryUsage of job (MB)
	2368316  -  ResidentSetSize of job (KB)
...
006 (2582868.000.000) 2025-08-05 21:54:06 Image size of job updated: 2393116
	2314  -  MemoryUsage of job (MB)
	2368736  -  ResidentSetSize of job (KB)
...
006 (2582868.000.000) 2025-08-05 21:59:07 Image size of job updated: 2393116
	2315  -  MemoryUsage of job (MB)
	2370128  -  ResidentSetSize of job (KB)
...
006 (2582868.000.000) 2025-08-05 22:04:07 Image size of job updated: 2393116
	2316  -  MemoryUsage of job (MB)
	2370592  -  ResidentSetSize of job (KB)
...
006 (2582868.000.000) 2025-08-05 22:09:07 Image size of job updated: 2408008
	2332  -  MemoryUsage of job (MB)
	2387108  -  ResidentSetSize of job (KB)
...
006 (2582868.000.000) 2025-08-05 22:48:40 Image size of job updated: 2425716
	2332  -  MemoryUsage of job (MB)
	2387108  -  ResidentSetSize of job (KB)
...
005 (2582868.000.000) 2025-08-05 22:48:40 Job terminated.
	(1) Normal termination (return value 0)
		Usr 13 15:25:15, Sys 0 00:02:47  -  Run Remote Usage
		Usr 0 00:00:00, Sys 0 00:00:00  -  Run Local Usage
		Usr 13 15:25:15, Sys 0 00:02:47  -  Total Remote Usage
		Usr 0 00:00:00, Sys 0 00:00:00  -  Total Local Usage
	0  -  Run Bytes Sent By Job
	0  -  Run Bytes Received By Job
	0  -  Total Bytes Sent By Job
	0  -  Total Bytes Received By Job
	Partitionable Resources :    Usage  Request Allocated 
	   Cpus                 :     2.50       64        64 
	   Disk (KB)            : 17500    16777216  16779841 
	   GPUs                 :                           0 
	   Memory (MB)          :  2332       16384     16384 
	   TimeExecute (s)      : 24323                       
	   TimeSlotBusy (s)     : 24323                       

	Job terminated of its own accord at 2025-08-05T20:48:40Z with exit-code 0.
...
