NFDist has source_type = bns
self.parameters_ref
{'chirp_mass': 2.0272715949909377, 'mass_ratio': 0.3699999999999999, 'symmetric_mass_ratio': 0.19713357131440137, 'a_1': 0.0, 'a_2': 0.0, 'tilt_1': 0.0, 'tilt_2': 0.0, 'phi_jl': 0.0, 'phi_12': 0.0, 'luminosity_distance': 201.0, 'phase': 1.3576488959769972, 'theta_jn': 2.323517520938953, 'psi': 0.030083409062676092, 'ra': 1.121307208346961, 'dec': 0.22562961827621178, 'lambda_1': 0.0, 'lambda_2': 0.0, 'mass_1': 3.920441829732034, 'mass_2': 1.4505634770008522, 'geocent_time': 1369419318.7460938, 'duration': 128.0}
1it [0:00:00 bound:0 nc:  1 ncall:4.1e+03 eff:0.0% logz-ratio=-412.76+/-0.05 dlogz:inf>0.1]
12165it [0:01:00 bound:0 nc: 44 ncall:7.9e+04 eff:15.3% logz-ratio=-0.85+/-0.02 dlogz:8.288>0.1]
14771it [0:02:05 bound:2 nc:846 ncall:1.5e+05 eff:9.9% logz-ratio=-0.59+/-0.02 dlogz:8.953>0.1]
15025it [0:03:08 bound:6 nc:719 ncall:3.1e+05 eff:4.9% logz-ratio=-0.57+/-0.02 dlogz:8.868>0.1]
15279it [0:04:13 bound:10 nc:795 ncall:4.7e+05 eff:3.2% logz-ratio=-0.55+/-0.02 dlogz:8.784>0.1]
15533it [0:05:18 bound:14 nc:705 ncall:6.4e+05 eff:2.4% logz-ratio=-0.52+/-0.02 dlogz:8.700>0.1]
15788it [0:06:23 bound:18 nc:503 ncall:8.0e+05 eff:2.0% logz-ratio=-0.50+/-0.02 dlogz:8.617>0.1]
16041it [0:07:28 bound:22 nc:390 ncall:9.7e+05 eff:1.7% logz-ratio=-0.48+/-0.02 dlogz:8.534>0.1]
16296it [0:08:32 bound:26 nc:788 ncall:1.1e+06 eff:1.4% logz-ratio=-0.46+/-0.02 dlogz:8.452>0.1]
16549it [0:09:35 bound:30 nc:537 ncall:1.3e+06 eff:1.3% logz-ratio=-0.44+/-0.02 dlogz:8.370>0.1]
16802it [0:10:41 bound:34 nc:661 ncall:1.4e+06 eff:1.2% logz-ratio=-0.42+/-0.02 dlogz:8.289>0.1]
17056it [0:11:46 bound:38 nc:510 ncall:1.6e+06 eff:1.1% logz-ratio=-0.40+/-0.02 dlogz:10.175>0.1]
17312it [0:12:49 bound:42 nc:557 ncall:1.8e+06 eff:1.0% logz-ratio=-0.38+/-0.02 dlogz:10.094>0.1]
17567it [0:13:56 bound:46 nc:440 ncall:1.9e+06 eff:0.9% logz-ratio=-0.37+/-0.02 dlogz:10.013>0.1]
17823it [0:15:03 bound:50 nc:757 ncall:2.1e+06 eff:0.9% logz-ratio=-0.35+/-0.02 dlogz:9.932>0.1]
18079it [0:16:11 bound:54 nc:663 ncall:2.3e+06 eff:0.8% logz-ratio=-0.33+/-0.02 dlogz:9.851>0.1]
18333it [0:17:19 bound:58 nc:751 ncall:2.4e+06 eff:0.8% logz-ratio=-0.31+/-0.02 dlogz:9.772>0.1]
18587it [0:18:26 bound:62 nc:620 ncall:2.6e+06 eff:0.7% logz-ratio=-0.29+/-0.02 dlogz:9.693>0.1]
18835it [0:19:29 bound:66 nc:517 ncall:2.7e+06 eff:0.7% logz-ratio=-0.28+/-0.02 dlogz:9.615>0.1]
19086it [0:20:36 bound:70 nc:579 ncall:2.9e+06 eff:0.7% logz-ratio=-0.26+/-0.02 dlogz:9.538>0.1]
19338it [0:21:38 bound:74 nc:900 ncall:3.0e+06 eff:0.6% logz-ratio=-0.25+/-0.02 dlogz:9.460>0.1]
19590it [0:22:48 bound:78 nc:628 ncall:3.2e+06 eff:0.6% logz-ratio=-0.23+/-0.02 dlogz:9.382>0.1]
19841it [0:23:59 bound:82 nc:510 ncall:3.4e+06 eff:0.6% logz-ratio=-0.21+/-0.02 dlogz:9.305>0.1]
20090it [0:25:08 bound:86 nc:890 ncall:3.5e+06 eff:0.6% logz-ratio=-0.20+/-0.02 dlogz:9.229>0.1]
20343it [0:26:16 bound:90 nc:906 ncall:3.7e+06 eff:0.6% logz-ratio=-0.18+/-0.02 dlogz:9.151>0.1]
20595it [0:27:26 bound:94 nc:395 ncall:3.8e+06 eff:0.5% logz-ratio=-0.17+/-0.02 dlogz:9.074>0.1]
20842it [0:28:38 bound:98 nc:603 ncall:4.0e+06 eff:0.5% logz-ratio=-0.15+/-0.02 dlogz:8.999>0.1]
21093it [0:29:49 bound:102 nc:603 ncall:4.2e+06 eff:0.5% logz-ratio=-0.14+/-0.02 dlogz:8.923>0.1]
21341it [0:30:57 bound:106 nc:497 ncall:4.3e+06 eff:0.5% logz-ratio=-0.12+/-0.02 dlogz:8.847>0.1]
21587it [0:32:12 bound:110 nc:648 ncall:4.5e+06 eff:0.5% logz-ratio=-0.11+/-0.02 dlogz:11.576>0.1]
21834it [0:33:25 bound:114 nc:130 ncall:4.6e+06 eff:0.5% logz-ratio=-0.09+/-0.02 dlogz:11.502>0.1]
22078it [0:34:37 bound:118 nc:1242 ncall:4.8e+06 eff:0.5% logz-ratio=-0.08+/-0.02 dlogz:11.428>0.1]
22265it [0:35:40 bound:121 nc:575 ncall:4.9e+06 eff:0.5% logz-ratio=-0.07+/-0.02 dlogz:11.372>0.1]
22511it [0:36:56 bound:125 nc:429 ncall:5.1e+06 eff:0.4% logz-ratio=-0.05+/-0.02 dlogz:11.298>0.1]
22751it [0:38:09 bound:129 nc:636 ncall:5.2e+06 eff:0.4% logz-ratio=-0.04+/-0.02 dlogz:11.226>0.1]
22992it [0:39:25 bound:133 nc: 71 ncall:5.4e+06 eff:0.4% logz-ratio=-0.03+/-0.02 dlogz:11.154>0.1]
23238it [0:40:41 bound:137 nc:831 ncall:5.6e+06 eff:0.4% logz-ratio=-0.01+/-0.02 dlogz:11.081>0.1]
23480it [0:41:57 bound:141 nc:785 ncall:5.7e+06 eff:0.4% logz-ratio=-0.00+/-0.02 dlogz:11.009>0.1]
23730it [0:43:14 bound:145 nc:327 ncall:5.9e+06 eff:0.4% logz-ratio=0.01+/-0.02 dlogz:10.935>0.1]
23970it [0:44:30 bound:149 nc:304 ncall:6.1e+06 eff:0.4% logz-ratio=0.02+/-0.02 dlogz:10.864>0.1]
24202it [0:45:44 bound:153 nc:360 ncall:6.2e+06 eff:0.4% logz-ratio=0.04+/-0.02 dlogz:10.795>0.1]
24443it [0:47:02 bound:157 nc:830 ncall:6.4e+06 eff:0.4% logz-ratio=0.05+/-0.02 dlogz:13.489>0.1]
24680it [0:48:18 bound:161 nc:748 ncall:6.5e+06 eff:0.4% logz-ratio=0.06+/-0.02 dlogz:13.419>0.1]
24914it [0:49:33 bound:165 nc:274 ncall:6.7e+06 eff:0.4% logz-ratio=0.07+/-0.02 dlogz:14.942>0.1]
25094it [0:50:36 bound:168 nc:690 ncall:6.8e+06 eff:0.4% logz-ratio=0.08+/-0.02 dlogz:14.889>0.1]
25332it [0:51:57 bound:172 nc:576 ncall:7.0e+06 eff:0.4% logz-ratio=0.09+/-0.02 dlogz:14.819>0.1]
25562it [0:53:14 bound:176 nc:679 ncall:7.1e+06 eff:0.4% logz-ratio=0.10+/-0.02 dlogz:14.752>0.1]
25804it [0:54:32 bound:180 nc:341 ncall:7.3e+06 eff:0.4% logz-ratio=0.12+/-0.02 dlogz:14.681>0.1]
26040it [0:55:47 bound:184 nc:684 ncall:7.5e+06 eff:0.3% logz-ratio=0.13+/-0.02 dlogz:19.534>0.1]
26266it [0:57:05 bound:188 nc:356 ncall:7.6e+06 eff:0.3% logz-ratio=0.14+/-0.02 dlogz:22.520>0.1]
26490it [0:58:24 bound:192 nc:1010 ncall:7.8e+06 eff:0.3% logz-ratio=0.15+/-0.02 dlogz:22.455>0.1]
26712it [0:59:35 bound:196 nc:766 ncall:7.9e+06 eff:0.3% logz-ratio=0.16+/-0.02 dlogz:22.390>0.1]
26859it [1:00:44 bound:198 nc:613 ncall:8.0e+06 eff:0.3% logz-ratio=0.17+/-0.02 dlogz:22.348>0.1]
27052it [1:02:06 bound:202 nc:309 ncall:8.2e+06 eff:0.3% logz-ratio=0.18+/-0.02 dlogz:22.291>0.1]
27282it [1:03:24 bound:206 nc:642 ncall:8.3e+06 eff:0.3% logz-ratio=0.19+/-0.02 dlogz:22.225>0.1]
27498it [1:04:42 bound:210 nc:506 ncall:8.5e+06 eff:0.3% logz-ratio=0.20+/-0.02 dlogz:22.162>0.1]
27669it [1:05:43 bound:213 nc:554 ncall:8.6e+06 eff:0.3% logz-ratio=0.20+/-0.02 dlogz:22.112>0.1]
27844it [1:06:44 bound:216 nc:583 ncall:8.7e+06 eff:0.3% logz-ratio=0.21+/-0.02 dlogz:22.061>0.1]
28063it [1:08:03 bound:220 nc:298 ncall:8.9e+06 eff:0.3% logz-ratio=0.22+/-0.02 dlogz:21.998>0.1]
28287it [1:09:20 bound:224 nc:498 ncall:9.0e+06 eff:0.3% logz-ratio=0.23+/-0.02 dlogz:21.933>0.1]
28510it [1:10:35 bound:228 nc:922 ncall:9.2e+06 eff:0.3% logz-ratio=0.24+/-0.02 dlogz:21.868>0.1]
28733it [1:11:52 bound:232 nc:754 ncall:9.4e+06 eff:0.3% logz-ratio=0.25+/-0.02 dlogz:21.803>0.1]
28957it [1:13:07 bound:236 nc:936 ncall:9.5e+06 eff:0.3% logz-ratio=0.26+/-0.02 dlogz:21.738>0.1]
29126it [1:14:12 bound:239 nc:739 ncall:9.7e+06 eff:0.3% logz-ratio=0.27+/-0.02 dlogz:21.689>0.1]
29288it [1:15:12 bound:242 nc:1192 ncall:9.8e+06 eff:0.3% logz-ratio=0.28+/-0.02 dlogz:21.642>0.1]
29463it [1:16:22 bound:245 nc:417 ncall:9.9e+06 eff:0.3% logz-ratio=0.29+/-0.02 dlogz:21.592>0.1]
29685it [1:17:38 bound:249 nc:560 ncall:1.0e+07 eff:0.3% logz-ratio=0.30+/-0.02 dlogz:21.527>0.1]
29850it [1:18:39 bound:252 nc:488 ncall:1.0e+07 eff:0.3% logz-ratio=0.30+/-0.02 dlogz:26.124>0.1]
30009it [1:19:42 bound:255 nc:1986 ncall:1.0e+07 eff:0.3% logz-ratio=0.31+/-0.02 dlogz:26.078>0.1]
30173it [1:20:50 bound:258 nc:864 ncall:1.0e+07 eff:0.3% logz-ratio=0.32+/-0.02 dlogz:26.030>0.1]
30393it [1:22:08 bound:262 nc:1289 ncall:1.1e+07 eff:0.3% logz-ratio=0.33+/-0.02 dlogz:25.967>0.1]
30621it [1:23:28 bound:266 nc:1268 ncall:1.1e+07 eff:0.3% logz-ratio=0.34+/-0.02 dlogz:25.901>0.1]
30783it [1:24:34 bound:269 nc:242 ncall:1.1e+07 eff:0.3% logz-ratio=0.35+/-0.02 dlogz:25.854>0.1]
31005it [1:25:55 bound:273 nc:1085 ncall:1.1e+07 eff:0.3% logz-ratio=0.36+/-0.02 dlogz:25.789>0.1]
31171it [1:26:59 bound:276 nc:330 ncall:1.1e+07 eff:0.3% logz-ratio=0.36+/-0.02 dlogz:25.741>0.1]
31338it [1:28:06 bound:279 nc:320 ncall:1.1e+07 eff:0.3% logz-ratio=0.37+/-0.02 dlogz:25.692>0.1]
31510it [1:29:16 bound:282 nc:461 ncall:1.1e+07 eff:0.3% logz-ratio=0.38+/-0.02 dlogz:25.642>0.1]
31681it [1:30:20 bound:285 nc:582 ncall:1.2e+07 eff:0.3% logz-ratio=0.39+/-0.02 dlogz:25.593>0.1]
31849it [1:31:24 bound:288 nc:704 ncall:1.2e+07 eff:0.3% logz-ratio=0.40+/-0.02 dlogz:25.544>0.1]
32015it [1:32:25 bound:291 nc:451 ncall:1.2e+07 eff:0.3% logz-ratio=0.40+/-0.02 dlogz:25.496>0.1]
32182it [1:33:34 bound:294 nc:1314 ncall:1.2e+07 eff:0.3% logz-ratio=0.41+/-0.02 dlogz:25.447>0.1]
32420it [1:34:53 bound:298 nc:857 ncall:1.2e+07 eff:0.3% logz-ratio=0.42+/-0.03 dlogz:25.378>0.1]
32589it [1:36:01 bound:301 nc:670 ncall:1.2e+07 eff:0.3% logz-ratio=0.43+/-0.03 dlogz:25.328>0.1]
32757it [1:37:04 bound:304 nc:270 ncall:1.2e+07 eff:0.3% logz-ratio=0.44+/-0.03 dlogz:25.280>0.1]
32931it [1:38:07 bound:307 nc:410 ncall:1.3e+07 eff:0.3% logz-ratio=0.45+/-0.03 dlogz:25.229>0.1]
33101it [1:39:10 bound:310 nc:1374 ncall:1.3e+07 eff:0.3% logz-ratio=0.46+/-0.03 dlogz:25.179>0.1]
33331it [1:40:29 bound:314 nc:367 ncall:1.3e+07 eff:0.3% logz-ratio=0.47+/-0.03 dlogz:25.112>0.1]
33500it [1:41:34 bound:317 nc:777 ncall:1.3e+07 eff:0.3% logz-ratio=0.47+/-0.03 dlogz:25.063>0.1]
33734it [1:42:51 bound:321 nc:472 ncall:1.3e+07 eff:0.3% logz-ratio=0.49+/-0.03 dlogz:24.994>0.1]
33908it [1:43:58 bound:324 nc:1037 ncall:1.3e+07 eff:0.3% logz-ratio=0.49+/-0.03 dlogz:24.944>0.1]
34145it [1:45:14 bound:328 nc:376 ncall:1.3e+07 eff:0.3% logz-ratio=0.51+/-0.03 dlogz:26.203>0.1]
34320it [1:46:20 bound:331 nc:882 ncall:1.4e+07 eff:0.3% logz-ratio=0.51+/-0.03 dlogz:26.152>0.1]
34495it [1:47:26 bound:334 nc:411 ncall:1.4e+07 eff:0.3% logz-ratio=0.52+/-0.03 dlogz:26.101>0.1]
34678it [1:48:30 bound:337 nc:339 ncall:1.4e+07 eff:0.3% logz-ratio=0.53+/-0.03 dlogz:26.047>0.1]
34851it [1:49:39 bound:340 nc:493 ncall:1.4e+07 eff:0.3% logz-ratio=0.54+/-0.03 dlogz:25.996>0.1]
35023it [1:50:44 bound:343 nc:1737 ncall:1.4e+07 eff:0.2% logz-ratio=0.55+/-0.03 dlogz:25.945>0.1]
35258it [1:52:02 bound:347 nc:332 ncall:1.4e+07 eff:0.2% logz-ratio=0.56+/-0.03 dlogz:25.875>0.1]
35438it [1:53:08 bound:350 nc:663 ncall:1.4e+07 eff:0.2% logz-ratio=0.57+/-0.03 dlogz:25.822>0.1]
35679it [1:54:25 bound:354 nc:331 ncall:1.4e+07 eff:0.2% logz-ratio=0.58+/-0.03 dlogz:25.750>0.1]
35913it [1:55:43 bound:358 nc:1074 ncall:1.5e+07 eff:0.2% logz-ratio=0.60+/-0.03 dlogz:25.680>0.1]
36094it [1:56:44 bound:361 nc:477 ncall:1.5e+07 eff:0.2% logz-ratio=0.61+/-0.03 dlogz:25.626>0.1]
36272it [1:57:45 bound:364 nc:881 ncall:1.5e+07 eff:0.2% logz-ratio=0.62+/-0.03 dlogz:25.573>0.1]
36448it [1:58:48 bound:367 nc:843 ncall:1.5e+07 eff:0.2% logz-ratio=0.63+/-0.03 dlogz:25.520>0.1]
36625it [2:00:01 bound:370 nc:938 ncall:1.5e+07 eff:0.2% logz-ratio=0.64+/-0.03 dlogz:25.466>0.1]
36756it [2:01:18 bound:372 nc:541 ncall:1.5e+07 eff:0.2% logz-ratio=0.64+/-0.03 dlogz:25.427>0.1]
36987it [2:02:43 bound:376 nc:440 ncall:1.5e+07 eff:0.2% logz-ratio=0.66+/-0.03 dlogz:27.041>0.1]
37164it [2:03:49 bound:379 nc:431 ncall:1.6e+07 eff:0.2% logz-ratio=0.67+/-0.03 dlogz:26.987>0.1]
37349it [2:04:53 bound:382 nc:666 ncall:1.6e+07 eff:0.2% logz-ratio=0.68+/-0.03 dlogz:26.930>0.1]
37528it [2:05:57 bound:385 nc:598 ncall:1.6e+07 eff:0.2% logz-ratio=0.69+/-0.03 dlogz:26.876>0.1]
37712it [2:07:03 bound:388 nc:853 ncall:1.6e+07 eff:0.2% logz-ratio=0.70+/-0.03 dlogz:26.819>0.1]
37895it [2:08:07 bound:391 nc:195 ncall:1.6e+07 eff:0.2% logz-ratio=0.71+/-0.03 dlogz:26.763>0.1]
38080it [2:09:12 bound:394 nc:1092 ncall:1.6e+07 eff:0.2% logz-ratio=0.73+/-0.03 dlogz:26.706>0.1]
38262it [2:10:16 bound:397 nc:383 ncall:1.6e+07 eff:0.2% logz-ratio=0.74+/-0.03 dlogz:26.649>0.1]
38446it [2:11:17 bound:400 nc:364 ncall:1.7e+07 eff:0.2% logz-ratio=0.75+/-0.03 dlogz:26.592>0.1]
38627it [2:12:24 bound:403 nc:1280 ncall:1.7e+07 eff:0.2% logz-ratio=0.76+/-0.03 dlogz:26.535>0.1]
38807it [2:13:26 bound:406 nc:621 ncall:1.7e+07 eff:0.2% logz-ratio=0.78+/-0.03 dlogz:26.478>0.1]
38994it [2:14:26 bound:409 nc:1007 ncall:1.7e+07 eff:0.2% logz-ratio=0.79+/-0.03 dlogz:26.418>0.1]
39175it [2:15:40 bound:412 nc:753 ncall:1.7e+07 eff:0.2% logz-ratio=0.81+/-0.03 dlogz:26.359>0.1]
39422it [2:16:58 bound:416 nc:1189 ncall:1.7e+07 eff:0.2% logz-ratio=0.83+/-0.03 dlogz:26.389>0.1]
39666it [2:18:13 bound:420 nc:1025 ncall:1.7e+07 eff:0.2% logz-ratio=0.85+/-0.03 dlogz:26.308>0.1]
39843it [2:19:19 bound:423 nc:763 ncall:1.8e+07 eff:0.2% logz-ratio=0.86+/-0.03 dlogz:26.249>0.1]
40087it [2:20:38 bound:427 nc:989 ncall:1.8e+07 eff:0.2% logz-ratio=0.89+/-0.03 dlogz:26.166>0.1]
40269it [2:21:42 bound:430 nc:461 ncall:1.8e+07 eff:0.2% logz-ratio=0.91+/-0.03 dlogz:26.103>0.1]
40455it [2:22:44 bound:433 nc:637 ncall:1.8e+07 eff:0.2% logz-ratio=0.93+/-0.03 dlogz:26.038>0.1]
40629it [2:23:56 bound:436 nc:1181 ncall:1.8e+07 eff:0.2% logz-ratio=0.95+/-0.03 dlogz:49.756>0.1]
40812it [2:24:58 bound:439 nc:1123 ncall:1.8e+07 eff:0.2% logz-ratio=0.97+/-0.03 dlogz:49.690>0.1]
40994it [2:26:07 bound:442 nc:288 ncall:1.8e+07 eff:0.2% logz-ratio=0.99+/-0.03 dlogz:49.623>0.1]
41178it [2:27:22 bound:445 nc:923 ncall:1.9e+07 eff:0.2% logz-ratio=1.01+/-0.03 dlogz:49.554>0.1]
41359it [2:28:30 bound:448 nc:421 ncall:1.9e+07 eff:0.2% logz-ratio=1.04+/-0.03 dlogz:49.484>0.1]
41542it [2:29:37 bound:451 nc:713 ncall:1.9e+07 eff:0.2% logz-ratio=1.07+/-0.03 dlogz:49.413>0.1]
41729it [2:30:45 bound:454 nc:1220 ncall:1.9e+07 eff:0.2% logz-ratio=1.10+/-0.03 dlogz:49.338>0.1]
41913it [2:31:51 bound:457 nc:986 ncall:1.9e+07 eff:0.2% logz-ratio=1.13+/-0.03 dlogz:49.262>0.1]
42095it [2:33:01 bound:460 nc:430 ncall:1.9e+07 eff:0.2% logz-ratio=1.16+/-0.04 dlogz:49.185>0.1]
42281it [2:34:04 bound:463 nc:558 ncall:2.0e+07 eff:0.2% logz-ratio=1.19+/-0.04 dlogz:49.104>0.1]
42463it [2:35:13 bound:466 nc:645 ncall:2.0e+07 eff:0.2% logz-ratio=1.23+/-0.04 dlogz:49.024>0.1]
42651it [2:36:17 bound:469 nc:930 ncall:2.0e+07 eff:0.2% logz-ratio=1.27+/-0.04 dlogz:48.938>0.1]
42836it [2:37:27 bound:472 nc:685 ncall:2.0e+07 eff:0.2% logz-ratio=1.31+/-0.04 dlogz:48.853>0.1]
43019it [2:38:37 bound:475 nc:765 ncall:2.0e+07 eff:0.2% logz-ratio=1.35+/-0.04 dlogz:48.765>0.1]
43201it [2:39:47 bound:478 nc:600 ncall:2.0e+07 eff:0.2% logz-ratio=1.40+/-0.04 dlogz:48.675>0.1]
43385it [2:40:54 bound:481 nc:703 ncall:2.0e+07 eff:0.2% logz-ratio=1.45+/-0.04 dlogz:48.580>0.1]
43567it [2:42:01 bound:484 nc:713 ncall:2.1e+07 eff:0.2% logz-ratio=1.50+/-0.04 dlogz:48.485>0.1]
43748it [2:43:08 bound:487 nc:1002 ncall:2.1e+07 eff:0.2% logz-ratio=1.55+/-0.04 dlogz:48.387>0.1]
43930it [2:44:16 bound:490 nc:894 ncall:2.1e+07 eff:0.2% logz-ratio=1.61+/-0.04 dlogz:48.286>0.1]
44114it [2:45:25 bound:493 nc:543 ncall:2.1e+07 eff:0.2% logz-ratio=1.67+/-0.04 dlogz:48.181>0.1]
44292it [2:46:31 bound:496 nc:1392 ncall:2.1e+07 eff:0.2% logz-ratio=1.73+/-0.04 dlogz:48.076>0.1]
44471it [2:47:44 bound:499 nc:706 ncall:2.1e+07 eff:0.2% logz-ratio=1.80+/-0.04 dlogz:47.969>0.1]
44653it [2:48:47 bound:502 nc:1337 ncall:2.2e+07 eff:0.2% logz-ratio=1.86+/-0.04 dlogz:47.858>0.1]
44831it [2:49:57 bound:505 nc:1551 ncall:2.2e+07 eff:0.2% logz-ratio=1.93+/-0.04 dlogz:47.747>0.1]
45014it [2:51:01 bound:508 nc:1257 ncall:2.2e+07 eff:0.2% logz-ratio=2.00+/-0.04 dlogz:47.630>0.1]
45189it [2:52:12 bound:511 nc:1176 ncall:2.2e+07 eff:0.2% logz-ratio=2.07+/-0.04 dlogz:47.515>0.1]
45371it [2:53:21 bound:514 nc:1478 ncall:2.2e+07 eff:0.2% logz-ratio=2.15+/-0.04 dlogz:47.394>0.1]
45558it [2:54:31 bound:517 nc:1142 ncall:2.2e+07 eff:0.2% logz-ratio=2.23+/-0.05 dlogz:47.266>0.1]
45740it [2:55:41 bound:520 nc:821 ncall:2.3e+07 eff:0.2% logz-ratio=2.32+/-0.05 dlogz:47.139>0.1]
45923it [2:56:48 bound:523 nc:909 ncall:2.3e+07 eff:0.2% logz-ratio=2.40+/-0.05 dlogz:47.008>0.1]
46096it [2:57:57 bound:526 nc:434 ncall:2.3e+07 eff:0.2% logz-ratio=2.48+/-0.05 dlogz:46.883>0.1]
46276it [2:59:08 bound:529 nc:558 ncall:2.3e+07 eff:0.2% logz-ratio=2.57+/-0.05 dlogz:46.749>0.1]
46458it [3:00:14 bound:532 nc:640 ncall:2.3e+07 eff:0.2% logz-ratio=2.67+/-0.05 dlogz:46.611>0.1]
46602it [3:01:43 bound:534 nc:1111 ncall:2.3e+07 eff:0.2% logz-ratio=2.74+/-0.05 dlogz:46.500>0.1]
46754it [3:02:51 bound:537 nc:861 ncall:2.3e+07 eff:0.2% logz-ratio=2.83+/-0.05 dlogz:46.382>0.1]
46934it [3:03:59 bound:540 nc:1249 ncall:2.4e+07 eff:0.2% logz-ratio=2.92+/-0.05 dlogz:46.240>0.1]
47114it [3:05:12 bound:543 nc:1788 ncall:2.4e+07 eff:0.2% logz-ratio=3.02+/-0.05 dlogz:46.099>0.1]
47291it [3:06:23 bound:546 nc:1185 ncall:2.4e+07 eff:0.2% logz-ratio=3.12+/-0.05 dlogz:45.958>0.1]
47471it [3:07:28 bound:549 nc:985 ncall:2.4e+07 eff:0.2% logz-ratio=3.22+/-0.05 dlogz:45.813>0.1]
47645it [3:08:33 bound:552 nc:1878 ncall:2.4e+07 eff:0.2% logz-ratio=3.32+/-0.05 dlogz:45.671>0.1]
47826it [3:09:42 bound:555 nc:677 ncall:2.4e+07 eff:0.2% logz-ratio=3.42+/-0.05 dlogz:45.525>0.1]
48006it [3:10:51 bound:558 nc:962 ncall:2.4e+07 eff:0.2% logz-ratio=3.52+/-0.05 dlogz:45.377>0.1]
48186it [3:12:05 bound:561 nc:1136 ncall:2.5e+07 eff:0.2% logz-ratio=3.63+/-0.05 dlogz:45.228>0.1]
48361it [3:13:10 bound:564 nc:845 ncall:2.5e+07 eff:0.2% logz-ratio=3.73+/-0.05 dlogz:45.082>0.1]
48540it [3:14:21 bound:567 nc:733 ncall:2.5e+07 eff:0.2% logz-ratio=3.84+/-0.05 dlogz:44.932>0.1]
48716it [3:15:39 bound:570 nc:894 ncall:2.5e+07 eff:0.2% logz-ratio=3.95+/-0.05 dlogz:44.782>0.1]
48894it [3:16:57 bound:573 nc:912 ncall:2.5e+07 eff:0.2% logz-ratio=4.06+/-0.05 dlogz:44.629>0.1]
49066it [3:18:06 bound:576 nc:1025 ncall:2.5e+07 eff:0.2% logz-ratio=4.16+/-0.05 dlogz:44.480>0.1]
49244it [3:19:19 bound:579 nc:2345 ncall:2.6e+07 eff:0.2% logz-ratio=4.28+/-0.05 dlogz:44.324>0.1]
49419it [3:20:25 bound:582 nc:1275 ncall:2.6e+07 eff:0.2% logz-ratio=4.39+/-0.05 dlogz:44.169>0.1]
49600it [3:21:33 bound:585 nc:1318 ncall:2.6e+07 eff:0.2% logz-ratio=4.51+/-0.05 dlogz:44.006>0.1]
49776it [3:22:42 bound:588 nc:787 ncall:2.6e+07 eff:0.2% logz-ratio=4.62+/-0.05 dlogz:43.846>0.1]
49951it [3:23:56 bound:591 nc:725 ncall:2.6e+07 eff:0.2% logz-ratio=4.74+/-0.05 dlogz:43.686>0.1]
50128it [3:25:06 bound:594 nc:870 ncall:2.6e+07 eff:0.2% logz-ratio=4.86+/-0.05 dlogz:43.522>0.1]
50304it [3:26:17 bound:597 nc:720 ncall:2.7e+07 eff:0.2% logz-ratio=4.98+/-0.05 dlogz:43.363>0.1]
50471it [3:27:30 bound:600 nc:649 ncall:2.7e+07 eff:0.2% logz-ratio=5.09+/-0.05 dlogz:43.210>0.1]
50653it [3:28:41 bound:603 nc:772 ncall:2.7e+07 eff:0.2% logz-ratio=5.21+/-0.05 dlogz:43.042>0.1]
50828it [3:29:53 bound:606 nc:872 ncall:2.7e+07 eff:0.2% logz-ratio=5.33+/-0.05 dlogz:42.878>0.1]
51005it [3:31:06 bound:609 nc:1683 ncall:2.7e+07 eff:0.2% logz-ratio=5.46+/-0.05 dlogz:42.711>0.1]
51184it [3:32:13 bound:612 nc:998 ncall:2.7e+07 eff:0.2% logz-ratio=5.59+/-0.05 dlogz:42.538>0.1]
51358it [3:33:18 bound:615 nc:421 ncall:2.8e+07 eff:0.2% logz-ratio=5.71+/-0.05 dlogz:42.370>0.1]
51531it [3:34:22 bound:618 nc:549 ncall:2.8e+07 eff:0.2% logz-ratio=5.84+/-0.05 dlogz:42.202>0.1]
51708it [3:35:36 bound:621 nc:412 ncall:2.8e+07 eff:0.2% logz-ratio=5.97+/-0.05 dlogz:42.027>0.1]
51881it [3:36:47 bound:624 nc:2378 ncall:2.8e+07 eff:0.2% logz-ratio=6.10+/-0.05 dlogz:41.857>0.1]
52052it [3:38:01 bound:627 nc:1254 ncall:2.8e+07 eff:0.2% logz-ratio=6.23+/-0.05 dlogz:41.687>0.1]
52229it [3:39:14 bound:630 nc:1068 ncall:2.8e+07 eff:0.2% logz-ratio=6.36+/-0.06 dlogz:41.509>0.1]
52409it [3:40:24 bound:633 nc:1049 ncall:2.8e+07 eff:0.2% logz-ratio=6.50+/-0.06 dlogz:41.327>0.1]
52590it [3:41:36 bound:636 nc:1196 ncall:2.9e+07 eff:0.2% logz-ratio=6.64+/-0.06 dlogz:41.143>0.1]
52768it [3:42:47 bound:639 nc:788 ncall:2.9e+07 eff:0.2% logz-ratio=6.77+/-0.06 dlogz:40.966>0.1]
52937it [3:43:55 bound:642 nc:1160 ncall:2.9e+07 eff:0.2% logz-ratio=6.90+/-0.06 dlogz:40.796>0.1]
53116it [3:45:04 bound:645 nc:833 ncall:2.9e+07 eff:0.2% logz-ratio=7.04+/-0.06 dlogz:40.616>0.1]
53295it [3:46:16 bound:648 nc:1767 ncall:2.9e+07 eff:0.2% logz-ratio=7.18+/-0.06 dlogz:40.432>0.1]
53467it [3:47:31 bound:651 nc:1459 ncall:2.9e+07 eff:0.2% logz-ratio=7.32+/-0.06 dlogz:40.253>0.1]
53638it [3:48:39 bound:654 nc:598 ncall:3.0e+07 eff:0.2% logz-ratio=7.45+/-0.06 dlogz:40.078>0.1]
53815it [3:49:52 bound:657 nc:969 ncall:3.0e+07 eff:0.2% logz-ratio=7.59+/-0.06 dlogz:39.895>0.1]
53987it [3:51:04 bound:660 nc:2412 ncall:3.0e+07 eff:0.2% logz-ratio=7.73+/-0.06 dlogz:39.715>0.1]
54158it [3:52:14 bound:663 nc:861 ncall:3.0e+07 eff:0.2% logz-ratio=7.87+/-0.06 dlogz:39.533>0.1]
54335it [3:53:25 bound:666 nc:1608 ncall:3.0e+07 eff:0.2% logz-ratio=8.01+/-0.06 dlogz:39.349>0.1]
54508it [3:54:35 bound:669 nc:2821 ncall:3.0e+07 eff:0.2% logz-ratio=8.14+/-0.06 dlogz:39.173>0.1]
54674it [3:55:46 bound:672 nc:1257 ncall:3.1e+07 eff:0.2% logz-ratio=8.27+/-0.06 dlogz:39.005>0.1]
54844it [3:56:58 bound:675 nc:681 ncall:3.1e+07 eff:0.2% logz-ratio=8.40+/-0.06 dlogz:38.831>0.1]
55021it [3:58:07 bound:678 nc:1085 ncall:3.1e+07 eff:0.2% logz-ratio=8.54+/-0.06 dlogz:38.651>0.1]
55191it [3:59:13 bound:681 nc:1783 ncall:3.1e+07 eff:0.2% logz-ratio=8.67+/-0.06 dlogz:38.479>0.1]
55366it [4:00:23 bound:684 nc:986 ncall:3.1e+07 eff:0.2% logz-ratio=8.80+/-0.06 dlogz:38.301>0.1]
55541it [4:01:36 bound:687 nc:1195 ncall:3.1e+07 eff:0.2% logz-ratio=8.94+/-0.06 dlogz:38.123>0.1]
55595it [4:02:57 bound:688 nc:578 ncall:3.1e+07 eff:0.2% logz-ratio=8.98+/-0.06 dlogz:38.068>0.1]
55761it [4:04:10 bound:691 nc:465 ncall:3.2e+07 eff:0.2% logz-ratio=9.11+/-0.06 dlogz:37.897>0.1]
55931it [4:05:20 bound:694 nc:911 ncall:3.2e+07 eff:0.2% logz-ratio=9.24+/-0.06 dlogz:37.722>0.1]
56111it [4:06:31 bound:697 nc:1010 ncall:3.2e+07 eff:0.2% logz-ratio=9.38+/-0.06 dlogz:38.814>0.1]
56282it [4:07:39 bound:700 nc:1285 ncall:3.2e+07 eff:0.2% logz-ratio=9.52+/-0.06 dlogz:38.639>0.1]
56452it [4:08:51 bound:703 nc:1609 ncall:3.2e+07 eff:0.2% logz-ratio=9.65+/-0.06 dlogz:38.465>0.1]
56631it [4:10:03 bound:706 nc:729 ncall:3.2e+07 eff:0.2% logz-ratio=9.79+/-0.06 dlogz:38.282>0.1]
56816it [4:11:15 bound:709 nc:933 ncall:3.3e+07 eff:0.2% logz-ratio=9.94+/-0.06 dlogz:38.091>0.1]
56989it [4:12:30 bound:712 nc:934 ncall:3.3e+07 eff:0.2% logz-ratio=10.08+/-0.06 dlogz:37.909>0.1]
57160it [4:13:41 bound:715 nc:373 ncall:3.3e+07 eff:0.2% logz-ratio=10.22+/-0.06 dlogz:37.726>0.1]
57328it [4:14:52 bound:718 nc:624 ncall:3.3e+07 eff:0.2% logz-ratio=10.36+/-0.06 dlogz:37.543>0.1]
57509it [4:16:04 bound:721 nc:1368 ncall:3.3e+07 eff:0.2% logz-ratio=10.52+/-0.06 dlogz:37.342>0.1]
57687it [4:17:17 bound:724 nc:559 ncall:3.3e+07 eff:0.2% logz-ratio=10.68+/-0.06 dlogz:37.140>0.1]
57855it [4:18:29 bound:727 nc:2004 ncall:3.4e+07 eff:0.2% logz-ratio=10.83+/-0.06 dlogz:36.947>0.1]
58029it [4:19:36 bound:730 nc:473 ncall:3.4e+07 eff:0.2% logz-ratio=10.98+/-0.06 dlogz:36.749>0.1]
58204it [4:20:52 bound:733 nc:1557 ncall:3.4e+07 eff:0.2% logz-ratio=11.14+/-0.06 dlogz:36.549>0.1]
58381it [4:22:08 bound:736 nc:2253 ncall:3.4e+07 eff:0.2% logz-ratio=11.30+/-0.06 dlogz:36.348>0.1]
58554it [4:23:22 bound:739 nc:1891 ncall:3.4e+07 eff:0.2% logz-ratio=11.45+/-0.06 dlogz:36.154>0.1]
58726it [4:24:36 bound:742 nc:1178 ncall:3.4e+07 eff:0.2% logz-ratio=11.60+/-0.06 dlogz:35.962>0.1]
58897it [4:25:44 bound:745 nc:534 ncall:3.5e+07 eff:0.2% logz-ratio=11.75+/-0.06 dlogz:35.768>0.1]
59068it [4:26:58 bound:748 nc:1532 ncall:3.5e+07 eff:0.2% logz-ratio=11.90+/-0.06 dlogz:35.574>0.1]
59236it [4:28:10 bound:751 nc:520 ncall:3.5e+07 eff:0.2% logz-ratio=12.05+/-0.06 dlogz:35.384>0.1]
59412it [4:29:21 bound:754 nc:2037 ncall:3.5e+07 eff:0.2% logz-ratio=12.21+/-0.06 dlogz:35.184>0.1]
59579it [4:30:31 bound:757 nc:900 ncall:3.5e+07 eff:0.2% logz-ratio=12.36+/-0.06 dlogz:34.996>0.1]
59751it [4:31:41 bound:760 nc:446 ncall:3.5e+07 eff:0.2% logz-ratio=12.51+/-0.06 dlogz:34.805>0.1]
59922it [4:32:52 bound:763 nc:1324 ncall:3.6e+07 eff:0.2% logz-ratio=12.65+/-0.06 dlogz:34.616>0.1]
60095it [4:34:05 bound:766 nc:2242 ncall:3.6e+07 eff:0.2% logz-ratio=12.80+/-0.06 dlogz:34.426>0.1]
60270it [4:35:21 bound:769 nc:1229 ncall:3.6e+07 eff:0.2% logz-ratio=12.95+/-0.06 dlogz:34.232>0.1]
60441it [4:36:33 bound:772 nc:829 ncall:3.6e+07 eff:0.2% logz-ratio=13.10+/-0.06 dlogz:34.041>0.1]
60610it [4:37:44 bound:775 nc:776 ncall:3.6e+07 eff:0.2% logz-ratio=13.25+/-0.06 dlogz:33.852>0.1]
60781it [4:38:54 bound:778 nc:559 ncall:3.6e+07 eff:0.2% logz-ratio=13.40+/-0.06 dlogz:33.659>0.1]
60951it [4:40:05 bound:781 nc:1087 ncall:3.7e+07 eff:0.2% logz-ratio=13.55+/-0.06 dlogz:33.471>0.1]
61121it [4:41:14 bound:784 nc:1273 ncall:3.7e+07 eff:0.2% logz-ratio=13.70+/-0.06 dlogz:33.281>0.1]
61289it [4:42:33 bound:787 nc:599 ncall:3.7e+07 eff:0.2% logz-ratio=13.84+/-0.06 dlogz:33.091>0.1]
61462it [4:43:44 bound:790 nc:1052 ncall:3.7e+07 eff:0.2% logz-ratio=14.00+/-0.06 dlogz:32.894>0.1]
61632it [4:44:56 bound:793 nc:879 ncall:3.7e+07 eff:0.2% logz-ratio=14.15+/-0.06 dlogz:32.701>0.1]
61796it [4:46:12 bound:796 nc:728 ncall:3.8e+07 eff:0.2% logz-ratio=14.30+/-0.06 dlogz:32.515>0.1]
61966it [4:47:25 bound:799 nc:642 ncall:3.8e+07 eff:0.2% logz-ratio=14.45+/-0.06 dlogz:32.321>0.1]
62132it [4:48:35 bound:802 nc:381 ncall:3.8e+07 eff:0.2% logz-ratio=14.60+/-0.06 dlogz:32.131>0.1]
62308it [4:49:46 bound:805 nc:566 ncall:3.8e+07 eff:0.2% logz-ratio=14.76+/-0.06 dlogz:31.929>0.1]
62482it [4:50:58 bound:808 nc:1077 ncall:3.8e+07 eff:0.2% logz-ratio=14.92+/-0.06 dlogz:31.727>0.1]
62647it [4:52:09 bound:811 nc:1107 ncall:3.8e+07 eff:0.2% logz-ratio=15.07+/-0.06 dlogz:31.538>0.1]
62820it [4:53:21 bound:814 nc:1217 ncall:3.9e+07 eff:0.2% logz-ratio=15.22+/-0.06 dlogz:31.338>0.1]
62994it [4:54:34 bound:817 nc:561 ncall:3.9e+07 eff:0.2% logz-ratio=15.38+/-0.06 dlogz:31.135>0.1]
63162it [4:55:49 bound:820 nc:907 ncall:3.9e+07 eff:0.2% logz-ratio=15.54+/-0.06 dlogz:30.935>0.1]
63332it [4:57:03 bound:823 nc:646 ncall:3.9e+07 eff:0.2% logz-ratio=15.70+/-0.06 dlogz:30.733>0.1]
63498it [4:58:13 bound:826 nc:1760 ncall:3.9e+07 eff:0.2% logz-ratio=15.86+/-0.06 dlogz:32.355>0.1]
63670it [4:59:24 bound:829 nc:876 ncall:3.9e+07 eff:0.2% logz-ratio=16.03+/-0.06 dlogz:32.146>0.1]
63845it [5:00:37 bound:832 nc:2362 ncall:4.0e+07 eff:0.2% logz-ratio=16.20+/-0.06 dlogz:33.131>0.1]
64026it [5:01:53 bound:835 nc:446 ncall:4.0e+07 eff:0.2% logz-ratio=16.37+/-0.06 dlogz:32.916>0.1]
64108it [5:03:21 bound:836 nc:619 ncall:4.0e+07 eff:0.2% logz-ratio=16.45+/-0.06 dlogz:32.818>0.1]
64256it [5:04:34 bound:839 nc:519 ncall:4.0e+07 eff:0.2% logz-ratio=16.59+/-0.06 dlogz:32.641>0.1]
64433it [5:05:47 bound:842 nc:972 ncall:4.0e+07 eff:0.2% logz-ratio=16.76+/-0.06 dlogz:32.429>0.1]
64610it [5:06:59 bound:845 nc:1111 ncall:4.0e+07 eff:0.2% logz-ratio=16.93+/-0.06 dlogz:32.217>0.1]
64786it [5:08:17 bound:848 nc:504 ncall:4.1e+07 eff:0.2% logz-ratio=17.10+/-0.06 dlogz:32.004>0.1]
64958it [5:09:38 bound:851 nc:810 ncall:4.1e+07 eff:0.2% logz-ratio=17.26+/-0.06 dlogz:31.796>0.1]
65134it [5:10:53 bound:854 nc:872 ncall:4.1e+07 eff:0.2% logz-ratio=17.43+/-0.06 dlogz:31.583>0.1]
65311it [5:12:10 bound:857 nc:750 ncall:4.1e+07 eff:0.2% logz-ratio=17.61+/-0.06 dlogz:31.365>0.1]
65484it [5:13:21 bound:860 nc:412 ncall:4.1e+07 eff:0.2% logz-ratio=17.77+/-0.06 dlogz:31.155>0.1]
65662it [5:14:39 bound:863 nc:1341 ncall:4.1e+07 eff:0.2% logz-ratio=17.95+/-0.06 dlogz:30.937>0.1]
65842it [5:15:56 bound:866 nc:709 ncall:4.2e+07 eff:0.2% logz-ratio=18.12+/-0.06 dlogz:30.720>0.1]
66009it [5:17:11 bound:869 nc:1217 ncall:4.2e+07 eff:0.2% logz-ratio=18.28+/-0.06 dlogz:30.519>0.1]
66186it [5:18:25 bound:872 nc:835 ncall:4.2e+07 eff:0.2% logz-ratio=18.45+/-0.06 dlogz:30.305>0.1]
66363it [5:19:36 bound:875 nc:1276 ncall:4.2e+07 eff:0.2% logz-ratio=18.63+/-0.06 dlogz:30.087>0.1]
66535it [5:20:50 bound:878 nc:726 ncall:4.2e+07 eff:0.2% logz-ratio=18.80+/-0.06 dlogz:29.875>0.1]
66711it [5:22:06 bound:881 nc:540 ncall:4.3e+07 eff:0.2% logz-ratio=18.97+/-0.06 dlogz:29.659>0.1]
66882it [5:23:23 bound:884 nc:681 ncall:4.3e+07 eff:0.2% logz-ratio=19.15+/-0.06 dlogz:29.440>0.1]
67057it [5:24:40 bound:887 nc:978 ncall:4.3e+07 eff:0.2% logz-ratio=19.33+/-0.06 dlogz:29.214>0.1]
67237it [5:25:56 bound:890 nc:1059 ncall:4.3e+07 eff:0.2% logz-ratio=19.52+/-0.06 dlogz:28.981>0.1]
67417it [5:27:08 bound:893 nc:691 ncall:4.3e+07 eff:0.2% logz-ratio=19.71+/-0.06 dlogz:28.744>0.1]
67598it [5:28:22 bound:896 nc:765 ncall:4.4e+07 eff:0.2% logz-ratio=19.91+/-0.06 dlogz:28.507>0.1]
67767it [5:29:33 bound:899 nc:1258 ncall:4.4e+07 eff:0.2% logz-ratio=20.08+/-0.06 dlogz:28.291>0.1]
67939it [5:30:55 bound:902 nc:994 ncall:4.4e+07 eff:0.2% logz-ratio=20.26+/-0.06 dlogz:28.073>0.1]
68121it [5:32:15 bound:905 nc:1124 ncall:4.4e+07 eff:0.2% logz-ratio=20.44+/-0.06 dlogz:27.843>0.1]
68302it [5:33:32 bound:908 nc:1047 ncall:4.4e+07 eff:0.2% logz-ratio=20.63+/-0.06 dlogz:27.613>0.1]
68470it [5:34:45 bound:911 nc:1152 ncall:4.4e+07 eff:0.2% logz-ratio=20.80+/-0.06 dlogz:27.398>0.1]
68648it [5:36:02 bound:914 nc:1068 ncall:4.5e+07 eff:0.2% logz-ratio=20.99+/-0.06 dlogz:27.168>0.1]
68828it [5:37:18 bound:917 nc:810 ncall:4.5e+07 eff:0.2% logz-ratio=21.18+/-0.06 dlogz:26.935>0.1]
69000it [5:38:35 bound:920 nc:581 ncall:4.5e+07 eff:0.2% logz-ratio=21.36+/-0.06 dlogz:26.714>0.1]
69172it [5:39:54 bound:923 nc:1470 ncall:4.5e+07 eff:0.2% logz-ratio=21.53+/-0.06 dlogz:26.498>0.1]
69345it [5:41:09 bound:926 nc:1143 ncall:4.5e+07 eff:0.2% logz-ratio=21.70+/-0.06 dlogz:26.284>0.1]
69526it [5:42:24 bound:929 nc:1274 ncall:4.6e+07 eff:0.2% logz-ratio=21.89+/-0.06 dlogz:27.415>0.1]
69695it [5:43:45 bound:932 nc:2745 ncall:4.6e+07 eff:0.2% logz-ratio=22.06+/-0.06 dlogz:27.202>0.1]
69870it [5:45:07 bound:935 nc:523 ncall:4.6e+07 eff:0.2% logz-ratio=22.24+/-0.06 dlogz:26.979>0.1]
70049it [5:46:23 bound:938 nc:1244 ncall:4.6e+07 eff:0.2% logz-ratio=22.42+/-0.06 dlogz:26.749>0.1]
70224it [5:47:41 bound:941 nc:1365 ncall:4.6e+07 eff:0.2% logz-ratio=22.61+/-0.07 dlogz:26.518>0.1]
70404it [5:48:53 bound:944 nc:1043 ncall:4.7e+07 eff:0.2% logz-ratio=22.81+/-0.07 dlogz:26.280>0.1]
70582it [5:50:12 bound:947 nc:1297 ncall:4.7e+07 eff:0.2% logz-ratio=23.00+/-0.07 dlogz:26.040>0.1]
70757it [5:51:32 bound:950 nc:889 ncall:4.7e+07 eff:0.2% logz-ratio=23.20+/-0.07 dlogz:25.803>0.1]
70936it [5:52:52 bound:953 nc:1081 ncall:4.7e+07 eff:0.2% logz-ratio=23.39+/-0.07 dlogz:25.564>0.1]
71117it [5:54:10 bound:956 nc:940 ncall:4.7e+07 eff:0.2% logz-ratio=23.59+/-0.07 dlogz:25.321>0.1]
71301it [5:55:28 bound:959 nc:1617 ncall:4.8e+07 eff:0.2% logz-ratio=23.80+/-0.07 dlogz:25.072>0.1]
71478it [5:56:44 bound:962 nc:1077 ncall:4.8e+07 eff:0.1% logz-ratio=23.99+/-0.07 dlogz:24.832>0.1]
71654it [5:58:01 bound:965 nc:978 ncall:4.8e+07 eff:0.1% logz-ratio=24.18+/-0.07 dlogz:24.600>0.1]
71834it [5:59:19 bound:968 nc:2351 ncall:4.8e+07 eff:0.1% logz-ratio=24.37+/-0.07 dlogz:24.366>0.1]
72006it [6:00:32 bound:971 nc:1659 ncall:4.8e+07 eff:0.1% logz-ratio=24.55+/-0.07 dlogz:24.147>0.1]
72183it [6:01:50 bound:974 nc:3042 ncall:4.8e+07 eff:0.1% logz-ratio=24.72+/-0.07 dlogz:23.930>0.1]
72359it [6:03:09 bound:977 nc:701 ncall:4.9e+07 eff:0.1% logz-ratio=24.89+/-0.07 dlogz:23.715>0.1]
72387it [6:04:20 bound:977 nc:1176 ncall:4.9e+07 eff:0.1% logz-ratio=24.92+/-0.07 dlogz:23.682>0.1]
72534it [6:05:41 bound:980 nc:865 ncall:4.9e+07 eff:0.1% logz-ratio=25.06+/-0.07 dlogz:23.506>0.1]
72714it [6:07:03 bound:983 nc:1272 ncall:4.9e+07 eff:0.1% logz-ratio=25.23+/-0.07 dlogz:23.293>0.1]
72897it [6:08:21 bound:986 nc:1084 ncall:4.9e+07 eff:0.1% logz-ratio=25.41+/-0.07 dlogz:23.072>0.1]
73083it [6:09:43 bound:989 nc:842 ncall:4.9e+07 eff:0.1% logz-ratio=25.59+/-0.07 dlogz:22.845>0.1]
73268it [6:10:58 bound:992 nc:925 ncall:5.0e+07 eff:0.1% logz-ratio=25.77+/-0.07 dlogz:22.618>0.1]
73452it [6:12:21 bound:995 nc:2741 ncall:5.0e+07 eff:0.1% logz-ratio=25.95+/-0.07 dlogz:22.387>0.1]
73632it [6:13:39 bound:998 nc:2061 ncall:5.0e+07 eff:0.1% logz-ratio=26.13+/-0.07 dlogz:23.384>0.1]
73812it [6:14:57 bound:1001 nc:1464 ncall:5.0e+07 eff:0.1% logz-ratio=26.31+/-0.07 dlogz:23.160>0.1]
73995it [6:16:15 bound:1004 nc:1347 ncall:5.0e+07 eff:0.1% logz-ratio=26.49+/-0.07 dlogz:22.937>0.1]
74178it [6:17:35 bound:1007 nc:988 ncall:5.1e+07 eff:0.1% logz-ratio=26.67+/-0.07 dlogz:22.718>0.1]
74361it [6:18:53 bound:1010 nc:2599 ncall:5.1e+07 eff:0.1% logz-ratio=26.84+/-0.07 dlogz:22.498>0.1]
74543it [6:20:10 bound:1013 nc:1109 ncall:5.1e+07 eff:0.1% logz-ratio=27.02+/-0.07 dlogz:22.278>0.1]
74723it [6:21:29 bound:1016 nc:1365 ncall:5.1e+07 eff:0.1% logz-ratio=27.19+/-0.07 dlogz:22.062>0.1]
74909it [6:22:53 bound:1019 nc:1091 ncall:5.2e+07 eff:0.1% logz-ratio=27.36+/-0.07 dlogz:21.843>0.1]
75091it [6:24:14 bound:1022 nc:1089 ncall:5.2e+07 eff:0.1% logz-ratio=27.54+/-0.07 dlogz:21.626>0.1]
75276it [6:25:35 bound:1025 nc:1258 ncall:5.2e+07 eff:0.1% logz-ratio=27.71+/-0.07 dlogz:21.410>0.1]
75459it [6:26:53 bound:1028 nc:1132 ncall:5.2e+07 eff:0.1% logz-ratio=27.88+/-0.07 dlogz:21.195>0.1]
75648it [6:28:09 bound:1031 nc:797 ncall:5.2e+07 eff:0.1% logz-ratio=28.05+/-0.07 dlogz:20.976>0.1]
75833it [6:29:27 bound:1034 nc:1679 ncall:5.3e+07 eff:0.1% logz-ratio=28.22+/-0.07 dlogz:20.764>0.1]
76016it [6:30:46 bound:1037 nc:1325 ncall:5.3e+07 eff:0.1% logz-ratio=28.38+/-0.07 dlogz:20.551>0.1]
76203it [6:32:07 bound:1040 nc:939 ncall:5.3e+07 eff:0.1% logz-ratio=28.56+/-0.07 dlogz:20.330>0.1]
76388it [6:33:25 bound:1043 nc:1270 ncall:5.3e+07 eff:0.1% logz-ratio=28.74+/-0.07 dlogz:20.109>0.1]
76574it [6:34:47 bound:1046 nc:941 ncall:5.3e+07 eff:0.1% logz-ratio=28.91+/-0.07 dlogz:19.887>0.1]
76763it [6:36:05 bound:1049 nc:1321 ncall:5.4e+07 eff:0.1% logz-ratio=29.10+/-0.07 dlogz:19.658>0.1]
76949it [6:37:24 bound:1052 nc:1174 ncall:5.4e+07 eff:0.1% logz-ratio=29.28+/-0.07 dlogz:19.433>0.1]
77136it [6:38:46 bound:1055 nc:1163 ncall:5.4e+07 eff:0.1% logz-ratio=29.46+/-0.07 dlogz:19.206>0.1]
77320it [6:40:06 bound:1058 nc:1610 ncall:5.4e+07 eff:0.1% logz-ratio=29.63+/-0.07 dlogz:18.984>0.1]
77503it [6:41:27 bound:1061 nc:1011 ncall:5.4e+07 eff:0.1% logz-ratio=29.81+/-0.07 dlogz:18.767>0.1]
77688it [6:42:42 bound:1064 nc:756 ncall:5.5e+07 eff:0.1% logz-ratio=29.98+/-0.07 dlogz:18.552>0.1]
77876it [6:44:03 bound:1067 nc:1173 ncall:5.5e+07 eff:0.1% logz-ratio=30.14+/-0.07 dlogz:18.337>0.1]
78061it [6:45:25 bound:1070 nc:791 ncall:5.5e+07 eff:0.1% logz-ratio=30.31+/-0.07 dlogz:18.124>0.1]
78246it [6:46:46 bound:1073 nc:1650 ncall:5.5e+07 eff:0.1% logz-ratio=30.48+/-0.07 dlogz:17.910>0.1]
78430it [6:48:05 bound:1076 nc:1306 ncall:5.6e+07 eff:0.1% logz-ratio=30.65+/-0.07 dlogz:17.696>0.1]
78616it [6:49:23 bound:1079 nc:992 ncall:5.6e+07 eff:0.1% logz-ratio=30.82+/-0.07 dlogz:17.485>0.1]
78802it [6:50:44 bound:1082 nc:1087 ncall:5.6e+07 eff:0.1% logz-ratio=30.98+/-0.07 dlogz:17.277>0.1]
78985it [6:52:05 bound:1085 nc:1199 ncall:5.6e+07 eff:0.1% logz-ratio=31.14+/-0.07 dlogz:17.074>0.1]
79167it [6:53:29 bound:1088 nc:1570 ncall:5.6e+07 eff:0.1% logz-ratio=31.29+/-0.07 dlogz:16.873>0.1]
79357it [6:54:56 bound:1091 nc:1344 ncall:5.7e+07 eff:0.1% logz-ratio=31.45+/-0.07 dlogz:16.667>0.1]
79545it [6:56:19 bound:1094 nc:1290 ncall:5.7e+07 eff:0.1% logz-ratio=31.61+/-0.07 dlogz:16.466>0.1]
79725it [6:57:44 bound:1097 nc:1210 ncall:5.7e+07 eff:0.1% logz-ratio=31.76+/-0.07 dlogz:16.274>0.1]
79910it [6:59:12 bound:1100 nc:2349 ncall:5.7e+07 eff:0.1% logz-ratio=31.90+/-0.07 dlogz:16.083>0.1]
80096it [7:00:38 bound:1103 nc:2127 ncall:5.7e+07 eff:0.1% logz-ratio=32.05+/-0.07 dlogz:15.893>0.1]
80276it [7:02:06 bound:1106 nc:1360 ncall:5.8e+07 eff:0.1% logz-ratio=32.18+/-0.07 dlogz:15.712>0.1]
80464it [7:03:30 bound:1109 nc:1671 ncall:5.8e+07 eff:0.1% logz-ratio=32.32+/-0.07 dlogz:15.526>0.1]
80534it [7:05:15 bound:1110 nc:1308 ncall:5.8e+07 eff:0.1% logz-ratio=32.37+/-0.07 dlogz:15.458>0.1]
80717it [7:06:41 bound:1113 nc:1040 ncall:5.8e+07 eff:0.1% logz-ratio=32.51+/-0.07 dlogz:15.278>0.1]
80901it [7:08:04 bound:1116 nc:946 ncall:5.8e+07 eff:0.1% logz-ratio=32.65+/-0.07 dlogz:15.097>0.1]
81091it [7:09:25 bound:1119 nc:1170 ncall:5.9e+07 eff:0.1% logz-ratio=32.78+/-0.07 dlogz:14.913>0.1]
81272it [7:10:51 bound:1122 nc:1274 ncall:5.9e+07 eff:0.1% logz-ratio=32.92+/-0.07 dlogz:14.736>0.1]
81456it [7:12:17 bound:1125 nc:978 ncall:5.9e+07 eff:0.1% logz-ratio=33.05+/-0.07 dlogz:14.651>0.1]
81641it [7:13:43 bound:1128 nc:1239 ncall:5.9e+07 eff:0.1% logz-ratio=33.18+/-0.07 dlogz:14.476>0.1]
81824it [7:15:07 bound:1131 nc:1099 ncall:6.0e+07 eff:0.1% logz-ratio=33.31+/-0.07 dlogz:14.305>0.1]
82005it [7:16:32 bound:1134 nc:1003 ncall:6.0e+07 eff:0.1% logz-ratio=33.43+/-0.07 dlogz:14.138>0.1]
82192it [7:17:55 bound:1137 nc:1488 ncall:6.0e+07 eff:0.1% logz-ratio=33.56+/-0.07 dlogz:13.967>0.1]
82381it [7:19:23 bound:1140 nc:1471 ncall:6.0e+07 eff:0.1% logz-ratio=33.68+/-0.07 dlogz:13.795>0.1]
82568it [7:20:49 bound:1143 nc:1026 ncall:6.1e+07 eff:0.1% logz-ratio=33.81+/-0.07 dlogz:13.624>0.1]
82754it [7:22:14 bound:1146 nc:1600 ncall:6.1e+07 eff:0.1% logz-ratio=33.93+/-0.07 dlogz:13.456>0.1]
82940it [7:23:40 bound:1149 nc:1396 ncall:6.1e+07 eff:0.1% logz-ratio=34.05+/-0.07 dlogz:13.291>0.1]
83124it [7:25:09 bound:1152 nc:584 ncall:6.1e+07 eff:0.1% logz-ratio=34.17+/-0.07 dlogz:13.128>0.1]
83312it [7:26:36 bound:1155 nc:781 ncall:6.1e+07 eff:0.1% logz-ratio=34.29+/-0.07 dlogz:12.960>0.1]
83499it [7:28:02 bound:1158 nc:2648 ncall:6.2e+07 eff:0.1% logz-ratio=34.41+/-0.07 dlogz:12.793>0.1]
83683it [7:29:31 bound:1161 nc:1111 ncall:6.2e+07 eff:0.1% logz-ratio=34.53+/-0.07 dlogz:12.627>0.1]
83865it [7:30:59 bound:1164 nc:1088 ncall:6.2e+07 eff:0.1% logz-ratio=34.65+/-0.07 dlogz:12.465>0.1]
83998it [7:31:59 bound:1166 nc:617 ncall:6.2e+07 eff:0.1% logz-ratio=34.73+/-0.07 dlogz:12.347>0.1]
84164it [7:33:25 bound:1169 nc:721 ncall:6.3e+07 eff:0.1% logz-ratio=34.84+/-0.07 dlogz:12.199>0.1]
84350it [7:34:50 bound:1172 nc:1470 ncall:6.3e+07 eff:0.1% logz-ratio=34.96+/-0.07 dlogz:12.035>0.1]
84536it [7:36:15 bound:1175 nc:919 ncall:6.3e+07 eff:0.1% logz-ratio=35.08+/-0.07 dlogz:11.874>0.1]
84720it [7:37:43 bound:1178 nc:1591 ncall:6.3e+07 eff:0.1% logz-ratio=35.19+/-0.07 dlogz:11.717>0.1]
84901it [7:39:11 bound:1181 nc:833 ncall:6.4e+07 eff:0.1% logz-ratio=35.30+/-0.07 dlogz:11.564>0.1]
85087it [7:40:39 bound:1184 nc:1339 ncall:6.4e+07 eff:0.1% logz-ratio=35.41+/-0.07 dlogz:11.408>0.1]
85274it [7:42:04 bound:1187 nc:974 ncall:6.4e+07 eff:0.1% logz-ratio=35.52+/-0.07 dlogz:11.251>0.1]
85459it [7:43:30 bound:1190 nc:958 ncall:6.4e+07 eff:0.1% logz-ratio=35.63+/-0.07 dlogz:11.096>0.1]
85582it [7:44:34 bound:1192 nc:1281 ncall:6.4e+07 eff:0.1% logz-ratio=35.70+/-0.07 dlogz:10.992>0.1]
85769it [7:46:01 bound:1195 nc:1194 ncall:6.5e+07 eff:0.1% logz-ratio=35.82+/-0.07 dlogz:10.832>0.1]
85952it [7:47:27 bound:1198 nc:1221 ncall:6.5e+07 eff:0.1% logz-ratio=35.93+/-0.07 dlogz:10.679>0.1]
86070it [7:48:28 bound:1200 nc:1309 ncall:6.5e+07 eff:0.1% logz-ratio=35.99+/-0.07 dlogz:10.581>0.1]
86255it [7:49:53 bound:1203 nc:1181 ncall:6.5e+07 eff:0.1% logz-ratio=36.10+/-0.07 dlogz:10.429>0.1]
86440it [7:51:20 bound:1206 nc:1477 ncall:6.5e+07 eff:0.1% logz-ratio=36.21+/-0.07 dlogz:10.277>0.1]
86622it [7:52:48 bound:1209 nc:1114 ncall:6.6e+07 eff:0.1% logz-ratio=36.31+/-0.07 dlogz:10.129>0.1]
86801it [7:54:13 bound:1212 nc:1717 ncall:6.6e+07 eff:0.1% logz-ratio=36.41+/-0.07 dlogz:9.985>0.1]
86984it [7:55:39 bound:1215 nc:739 ncall:6.6e+07 eff:0.1% logz-ratio=36.51+/-0.07 dlogz:9.841>0.1]
87169it [7:57:06 bound:1218 nc:1402 ncall:6.6e+07 eff:0.1% logz-ratio=36.61+/-0.07 dlogz:9.698>0.1]
87288it [7:58:07 bound:1220 nc:1422 ncall:6.7e+07 eff:0.1% logz-ratio=36.67+/-0.07 dlogz:9.606>0.1]
87470it [7:59:34 bound:1223 nc:941 ncall:6.7e+07 eff:0.1% logz-ratio=36.77+/-0.07 dlogz:9.465>0.1]
87594it [8:00:35 bound:1225 nc:1470 ncall:6.7e+07 eff:0.1% logz-ratio=36.83+/-0.07 dlogz:9.369>0.1]
87779it [8:02:03 bound:1228 nc:936 ncall:6.7e+07 eff:0.1% logz-ratio=36.93+/-0.07 dlogz:9.229>0.1]
87906it [8:03:06 bound:1230 nc:1208 ncall:6.7e+07 eff:0.1% logz-ratio=36.99+/-0.07 dlogz:9.135>0.1]
88058it [8:04:06 bound:1232 nc:862 ncall:6.8e+07 eff:0.1% logz-ratio=37.07+/-0.07 dlogz:9.029>0.1]
88103it [8:05:59 bound:1233 nc:908 ncall:6.8e+07 eff:0.1% logz-ratio=37.09+/-0.07 dlogz:8.996>0.1]
88273it [8:07:29 bound:1236 nc:1363 ncall:6.8e+07 eff:0.1% logz-ratio=37.17+/-0.07 dlogz:8.872>0.1]
88457it [8:08:56 bound:1239 nc:1788 ncall:6.8e+07 eff:0.1% logz-ratio=37.26+/-0.07 dlogz:8.739>0.1]
88640it [8:10:25 bound:1242 nc:1167 ncall:6.8e+07 eff:0.1% logz-ratio=37.35+/-0.07 dlogz:8.609>0.1]
88821it [8:11:53 bound:1245 nc:1067 ncall:6.9e+07 eff:0.1% logz-ratio=37.43+/-0.07 dlogz:8.482>0.1]
89006it [8:13:22 bound:1248 nc:1386 ncall:6.9e+07 eff:0.1% logz-ratio=37.51+/-0.07 dlogz:8.352>0.1]
89130it [8:14:23 bound:1250 nc:1291 ncall:6.9e+07 eff:0.1% logz-ratio=37.57+/-0.07 dlogz:8.266>0.1]
89314it [8:15:52 bound:1253 nc:879 ncall:6.9e+07 eff:0.1% logz-ratio=37.65+/-0.07 dlogz:8.139>0.1]
89479it [8:16:52 bound:1255 nc:1245 ncall:7.0e+07 eff:0.1% logz-ratio=37.72+/-0.07 dlogz:8.025>0.1]
89558it [8:17:54 bound:1257 nc:1282 ncall:7.0e+07 eff:0.1% logz-ratio=37.76+/-0.07 dlogz:7.971>0.1]
89697it [8:18:54 bound:1259 nc:799 ncall:7.0e+07 eff:0.1% logz-ratio=37.82+/-0.07 dlogz:7.876>0.1]
89800it [8:19:56 bound:1261 nc:3621 ncall:7.0e+07 eff:0.1% logz-ratio=37.86+/-0.07 dlogz:7.807>0.1]
89926it [8:20:56 bound:1263 nc:994 ncall:7.0e+07 eff:0.1% logz-ratio=37.92+/-0.07 dlogz:7.722>0.1]
90049it [8:21:57 bound:1265 nc:1441 ncall:7.0e+07 eff:0.1% logz-ratio=37.97+/-0.07 dlogz:7.744>0.1]
90230it [8:23:28 bound:1268 nc:1716 ncall:7.1e+07 eff:0.1% logz-ratio=38.05+/-0.07 dlogz:7.623>0.1]
90352it [8:24:29 bound:1270 nc:1750 ncall:7.1e+07 eff:0.1% logz-ratio=38.10+/-0.07 dlogz:7.542>0.1]
90473it [8:25:31 bound:1272 nc:1147 ncall:7.1e+07 eff:0.1% logz-ratio=38.15+/-0.07 dlogz:7.482>0.1]
90592it [8:26:33 bound:1274 nc:1072 ncall:7.1e+07 eff:0.1% logz-ratio=38.20+/-0.07 dlogz:7.404>0.1]
90715it [8:27:35 bound:1276 nc:1545 ncall:7.1e+07 eff:0.1% logz-ratio=38.25+/-0.07 dlogz:7.324>0.1]
90830it [8:28:36 bound:1278 nc:1447 ncall:7.1e+07 eff:0.1% logz-ratio=38.30+/-0.07 dlogz:7.249>0.1]
90952it [8:29:37 bound:1280 nc:1163 ncall:7.2e+07 eff:0.1% logz-ratio=38.35+/-0.07 dlogz:7.170>0.1]
91083it [8:30:37 bound:1282 nc:1291 ncall:7.2e+07 eff:0.1% logz-ratio=38.40+/-0.07 dlogz:7.085>0.1]
91253it [8:32:06 bound:1285 nc:1501 ncall:7.2e+07 eff:0.1% logz-ratio=38.47+/-0.07 dlogz:6.976>0.1]
91373it [8:33:08 bound:1287 nc:1504 ncall:7.2e+07 eff:0.1% logz-ratio=38.51+/-0.07 dlogz:6.899>0.1]
91492it [8:34:10 bound:1289 nc:1813 ncall:7.2e+07 eff:0.1% logz-ratio=38.56+/-0.07 dlogz:6.823>0.1]
91613it [8:35:12 bound:1291 nc:2089 ncall:7.3e+07 eff:0.1% logz-ratio=38.61+/-0.07 dlogz:6.859>0.1]
91732it [8:36:14 bound:1293 nc:1280 ncall:7.3e+07 eff:0.1% logz-ratio=38.66+/-0.07 dlogz:6.784>0.1]
91858it [8:37:18 bound:1295 nc:1184 ncall:7.3e+07 eff:0.1% logz-ratio=38.70+/-0.07 dlogz:6.705>0.1]
91982it [8:38:20 bound:1297 nc:1839 ncall:7.3e+07 eff:0.1% logz-ratio=38.75+/-0.07 dlogz:6.627>0.1]
92107it [8:39:21 bound:1299 nc:1400 ncall:7.3e+07 eff:0.1% logz-ratio=38.80+/-0.07 dlogz:6.549>0.1]
92231it [8:40:23 bound:1301 nc:1099 ncall:7.3e+07 eff:0.1% logz-ratio=38.85+/-0.07 dlogz:6.473>0.1]
92351it [8:41:25 bound:1303 nc:1670 ncall:7.4e+07 eff:0.1% logz-ratio=38.89+/-0.07 dlogz:6.400>0.1]
92472it [8:42:25 bound:1305 nc:1306 ncall:7.4e+07 eff:0.1% logz-ratio=38.93+/-0.07 dlogz:6.326>0.1]
92591it [8:43:25 bound:1307 nc:1417 ncall:7.4e+07 eff:0.1% logz-ratio=38.98+/-0.07 dlogz:6.254>0.1]
92711it [8:44:25 bound:1309 nc:1599 ncall:7.4e+07 eff:0.1% logz-ratio=39.02+/-0.07 dlogz:6.182>0.1]
92834it [8:45:28 bound:1311 nc:1012 ncall:7.4e+07 eff:0.1% logz-ratio=39.06+/-0.07 dlogz:6.109>0.1]
92958it [8:46:29 bound:1313 nc:981 ncall:7.4e+07 eff:0.1% logz-ratio=39.11+/-0.07 dlogz:6.035>0.1]
93080it [8:47:31 bound:1315 nc:1341 ncall:7.5e+07 eff:0.1% logz-ratio=39.15+/-0.07 dlogz:5.962>0.1]
93201it [8:48:33 bound:1317 nc:1337 ncall:7.5e+07 eff:0.1% logz-ratio=39.19+/-0.07 dlogz:5.891>0.1]
93319it [8:49:36 bound:1319 nc:1720 ncall:7.5e+07 eff:0.1% logz-ratio=39.23+/-0.07 dlogz:5.822>0.1]
93441it [8:50:37 bound:1321 nc:699 ncall:7.5e+07 eff:0.1% logz-ratio=39.27+/-0.07 dlogz:5.752>0.1]
93560it [8:51:39 bound:1323 nc:1509 ncall:7.5e+07 eff:0.1% logz-ratio=39.31+/-0.07 dlogz:5.723>0.1]
93682it [8:52:43 bound:1325 nc:1495 ncall:7.6e+07 eff:0.1% logz-ratio=39.35+/-0.07 dlogz:5.653>0.1]
93802it [8:53:43 bound:1327 nc:680 ncall:7.6e+07 eff:0.1% logz-ratio=39.39+/-0.07 dlogz:5.585>0.1]
93920it [8:54:45 bound:1329 nc:1548 ncall:7.6e+07 eff:0.1% logz-ratio=39.43+/-0.07 dlogz:5.518>0.1]
94038it [8:55:49 bound:1331 nc:1263 ncall:7.6e+07 eff:0.1% logz-ratio=39.47+/-0.07 dlogz:5.453>0.1]
94162it [8:56:52 bound:1333 nc:1230 ncall:7.6e+07 eff:0.1% logz-ratio=39.51+/-0.07 dlogz:5.384>0.1]
94284it [8:57:52 bound:1335 nc:1357 ncall:7.6e+07 eff:0.1% logz-ratio=39.54+/-0.07 dlogz:5.317>0.1]
94402it [8:58:56 bound:1337 nc:1770 ncall:7.7e+07 eff:0.1% logz-ratio=39.58+/-0.07 dlogz:5.252>0.1]
94520it [9:00:00 bound:1339 nc:1628 ncall:7.7e+07 eff:0.1% logz-ratio=39.62+/-0.07 dlogz:5.188>0.1]
94641it [9:01:08 bound:1341 nc:1616 ncall:7.7e+07 eff:0.1% logz-ratio=39.65+/-0.07 dlogz:5.470>0.1]
94755it [9:02:12 bound:1343 nc:1050 ncall:7.7e+07 eff:0.1% logz-ratio=39.68+/-0.07 dlogz:5.409>0.1]
94874it [9:03:13 bound:1345 nc:1178 ncall:7.7e+07 eff:0.1% logz-ratio=39.72+/-0.07 dlogz:5.345>0.1]
94990it [9:04:15 bound:1347 nc:1155 ncall:7.7e+07 eff:0.1% logz-ratio=39.75+/-0.07 dlogz:5.284>0.1]
95111it [9:05:19 bound:1349 nc:1428 ncall:7.8e+07 eff:0.1% logz-ratio=39.79+/-0.07 dlogz:5.220>0.1]
95125it [9:06:49 bound:1349 nc:916 ncall:7.8e+07 eff:0.1% logz-ratio=39.79+/-0.07 dlogz:5.213>0.1]
95230it [9:07:56 bound:1351 nc:1174 ncall:7.8e+07 eff:0.1% logz-ratio=39.82+/-0.07 dlogz:5.640>0.1]
95350it [9:09:00 bound:1353 nc:1507 ncall:7.8e+07 eff:0.1% logz-ratio=39.85+/-0.07 dlogz:5.577>0.1]
95467it [9:10:02 bound:1355 nc:1486 ncall:7.8e+07 eff:0.1% logz-ratio=39.89+/-0.07 dlogz:5.517>0.1]
95587it [9:11:08 bound:1357 nc:1343 ncall:7.8e+07 eff:0.1% logz-ratio=39.92+/-0.07 dlogz:5.456>0.1]
95709it [9:12:13 bound:1359 nc:1452 ncall:7.9e+07 eff:0.1% logz-ratio=39.95+/-0.07 dlogz:5.394>0.1]
95825it [9:13:16 bound:1361 nc:1447 ncall:7.9e+07 eff:0.1% logz-ratio=39.98+/-0.07 dlogz:5.336>0.1]
95943it [9:14:20 bound:1363 nc:1215 ncall:7.9e+07 eff:0.1% logz-ratio=40.01+/-0.07 dlogz:5.277>0.1]
96061it [9:15:25 bound:1365 nc:1266 ncall:7.9e+07 eff:0.1% logz-ratio=40.04+/-0.07 dlogz:5.219>0.1]
96180it [9:16:27 bound:1367 nc:1179 ncall:7.9e+07 eff:0.1% logz-ratio=40.07+/-0.07 dlogz:5.160>0.1]
96299it [9:17:31 bound:1369 nc:1511 ncall:7.9e+07 eff:0.1% logz-ratio=40.10+/-0.07 dlogz:5.102>0.1]
96417it [9:18:35 bound:1371 nc:1471 ncall:8.0e+07 eff:0.1% logz-ratio=40.13+/-0.07 dlogz:5.044>0.1]
96538it [9:19:41 bound:1373 nc:1163 ncall:8.0e+07 eff:0.1% logz-ratio=40.16+/-0.07 dlogz:4.985>0.1]
96663it [9:20:45 bound:1375 nc:1743 ncall:8.0e+07 eff:0.1% logz-ratio=40.19+/-0.07 dlogz:4.925>0.1]
96785it [9:21:49 bound:1377 nc:1779 ncall:8.0e+07 eff:0.1% logz-ratio=40.22+/-0.07 dlogz:4.867>0.1]
96902it [9:22:54 bound:1379 nc:2227 ncall:8.0e+07 eff:0.1% logz-ratio=40.25+/-0.07 dlogz:4.811>0.1]
97018it [9:23:59 bound:1381 nc:1598 ncall:8.1e+07 eff:0.1% logz-ratio=40.27+/-0.07 dlogz:4.756>0.1]
97137it [9:25:06 bound:1383 nc:881 ncall:8.1e+07 eff:0.1% logz-ratio=40.30+/-0.07 dlogz:4.700>0.1]
97256it [9:26:11 bound:1385 nc:1176 ncall:8.1e+07 eff:0.1% logz-ratio=40.33+/-0.07 dlogz:4.644>0.1]
97370it [9:27:18 bound:1387 nc:1254 ncall:8.1e+07 eff:0.1% logz-ratio=40.35+/-0.07 dlogz:4.592>0.1]
97488it [9:28:24 bound:1389 nc:1280 ncall:8.1e+07 eff:0.1% logz-ratio=40.38+/-0.07 dlogz:4.538>0.1]
97604it [9:29:28 bound:1391 nc:2247 ncall:8.2e+07 eff:0.1% logz-ratio=40.40+/-0.07 dlogz:4.485>0.1]
97720it [9:30:37 bound:1393 nc:967 ncall:8.2e+07 eff:0.1% logz-ratio=40.43+/-0.07 dlogz:4.433>0.1]
97841it [9:31:43 bound:1395 nc:790 ncall:8.2e+07 eff:0.1% logz-ratio=40.45+/-0.07 dlogz:4.378>0.1]
97954it [9:32:50 bound:1397 nc:2581 ncall:8.2e+07 eff:0.1% logz-ratio=40.48+/-0.07 dlogz:4.328>0.1]
98072it [9:33:57 bound:1399 nc:1630 ncall:8.2e+07 eff:0.1% logz-ratio=40.50+/-0.07 dlogz:4.276>0.1]
98192it [9:35:05 bound:1401 nc:1620 ncall:8.2e+07 eff:0.1% logz-ratio=40.53+/-0.07 dlogz:4.223>0.1]
98307it [9:36:11 bound:1403 nc:1401 ncall:8.3e+07 eff:0.1% logz-ratio=40.55+/-0.07 dlogz:4.173>0.1]
98424it [9:37:15 bound:1405 nc:1839 ncall:8.3e+07 eff:0.1% logz-ratio=40.57+/-0.07 dlogz:4.123>0.1]
98544it [9:38:21 bound:1407 nc:1770 ncall:8.3e+07 eff:0.1% logz-ratio=40.59+/-0.07 dlogz:4.071>0.1]
98659it [9:39:25 bound:1409 nc:3173 ncall:8.3e+07 eff:0.1% logz-ratio=40.62+/-0.07 dlogz:4.022>0.1]
98776it [9:40:31 bound:1411 nc:3768 ncall:8.3e+07 eff:0.1% logz-ratio=40.64+/-0.07 dlogz:3.973>0.1]
98895it [9:41:37 bound:1413 nc:1792 ncall:8.4e+07 eff:0.1% logz-ratio=40.66+/-0.07 dlogz:3.923>0.1]
99010it [9:42:42 bound:1415 nc:1361 ncall:8.4e+07 eff:0.1% logz-ratio=40.68+/-0.07 dlogz:3.875>0.1]
99130it [9:43:48 bound:1417 nc:1359 ncall:8.4e+07 eff:0.1% logz-ratio=40.70+/-0.07 dlogz:3.826>0.1]
99246it [9:44:56 bound:1419 nc:1634 ncall:8.4e+07 eff:0.1% logz-ratio=40.72+/-0.07 dlogz:3.778>0.1]
99365it [9:46:02 bound:1421 nc:1563 ncall:8.4e+07 eff:0.1% logz-ratio=40.74+/-0.07 dlogz:3.730>0.1]
99481it [9:47:10 bound:1423 nc:1616 ncall:8.5e+07 eff:0.1% logz-ratio=40.76+/-0.07 dlogz:3.683>0.1]
99602it [9:48:15 bound:1425 nc:1287 ncall:8.5e+07 eff:0.1% logz-ratio=40.78+/-0.07 dlogz:3.852>0.1]
99723it [9:49:22 bound:1427 nc:1684 ncall:8.5e+07 eff:0.1% logz-ratio=40.80+/-0.07 dlogz:3.804>0.1]
99843it [9:50:32 bound:1429 nc:1941 ncall:8.5e+07 eff:0.1% logz-ratio=40.82+/-0.07 dlogz:3.756>0.1]
99959it [9:51:39 bound:1431 nc:2974 ncall:8.5e+07 eff:0.1% logz-ratio=40.84+/-0.07 dlogz:3.710>0.1]
100076it [9:52:45 bound:1433 nc:1565 ncall:8.6e+07 eff:0.1% logz-ratio=40.86+/-0.07 dlogz:3.665>0.1]
100193it [9:53:54 bound:1435 nc:793 ncall:8.6e+07 eff:0.1% logz-ratio=40.88+/-0.07 dlogz:3.619>0.1]
100310it [9:55:02 bound:1437 nc:3128 ncall:8.6e+07 eff:0.1% logz-ratio=40.89+/-0.07 dlogz:3.574>0.1]
100426it [9:56:10 bound:1439 nc:1171 ncall:8.6e+07 eff:0.1% logz-ratio=40.91+/-0.07 dlogz:3.529>0.1]
100543it [9:57:19 bound:1441 nc:1873 ncall:8.6e+07 eff:0.1% logz-ratio=40.93+/-0.07 dlogz:3.485>0.1]
100661it [9:58:26 bound:1443 nc:1551 ncall:8.6e+07 eff:0.1% logz-ratio=40.95+/-0.07 dlogz:3.440>0.1]
100775it [9:59:37 bound:1445 nc:1663 ncall:8.7e+07 eff:0.1% logz-ratio=40.96+/-0.07 dlogz:3.397>0.1]
100894it [10:00:44 bound:1447 nc:2871 ncall:8.7e+07 eff:0.1% logz-ratio=40.98+/-0.07 dlogz:3.353>0.1]
101011it [10:01:54 bound:1449 nc:3477 ncall:8.7e+07 eff:0.1% logz-ratio=41.00+/-0.07 dlogz:3.309>0.1]
101131it [10:02:59 bound:1451 nc:900 ncall:8.7e+07 eff:0.1% logz-ratio=41.01+/-0.07 dlogz:3.265>0.1]
101247it [10:04:10 bound:1453 nc:2159 ncall:8.7e+07 eff:0.1% logz-ratio=41.03+/-0.07 dlogz:3.223>0.1]
101365it [10:05:19 bound:1455 nc:1463 ncall:8.8e+07 eff:0.1% logz-ratio=41.04+/-0.07 dlogz:3.180>0.1]
101483it [10:06:30 bound:1457 nc:1978 ncall:8.8e+07 eff:0.1% logz-ratio=41.06+/-0.07 dlogz:3.137>0.1]
101500it [10:08:06 bound:1457 nc:1950 ncall:8.8e+07 eff:0.1% logz-ratio=41.06+/-0.07 dlogz:3.131>0.1]
101597it [10:09:15 bound:1459 nc:1476 ncall:8.8e+07 eff:0.1% logz-ratio=41.08+/-0.07 dlogz:3.096>0.1]
101715it [10:10:23 bound:1461 nc:3578 ncall:8.8e+07 eff:0.1% logz-ratio=41.09+/-0.07 dlogz:3.054>0.1]
101833it [10:11:30 bound:1463 nc:2824 ncall:8.8e+07 eff:0.1% logz-ratio=41.11+/-0.07 dlogz:3.013>0.1]
101948it [10:12:40 bound:1465 nc:3704 ncall:8.9e+07 eff:0.1% logz-ratio=41.12+/-0.07 dlogz:2.972>0.1]
102066it [10:13:50 bound:1467 nc:1380 ncall:8.9e+07 eff:0.1% logz-ratio=41.13+/-0.07 dlogz:2.931>0.1]
102179it [10:14:59 bound:1469 nc:1471 ncall:8.9e+07 eff:0.1% logz-ratio=41.15+/-0.07 dlogz:2.892>0.1]
102296it [10:16:10 bound:1471 nc:1497 ncall:8.9e+07 eff:0.1% logz-ratio=41.16+/-0.07 dlogz:2.852>0.1]
102409it [10:17:20 bound:1473 nc:3403 ncall:8.9e+07 eff:0.1% logz-ratio=41.18+/-0.07 dlogz:2.813>0.1]
102522it [10:18:28 bound:1475 nc:2203 ncall:9.0e+07 eff:0.1% logz-ratio=41.19+/-0.07 dlogz:2.775>0.1]
102635it [10:19:40 bound:1477 nc:1549 ncall:9.0e+07 eff:0.1% logz-ratio=41.20+/-0.07 dlogz:2.737>0.1]
102752it [10:20:52 bound:1479 nc:1639 ncall:9.0e+07 eff:0.1% logz-ratio=41.21+/-0.07 dlogz:2.698>0.1]
102871it [10:22:01 bound:1481 nc:1630 ncall:9.0e+07 eff:0.1% logz-ratio=41.23+/-0.07 dlogz:2.658>0.1]
102987it [10:23:12 bound:1483 nc:1703 ncall:9.0e+07 eff:0.1% logz-ratio=41.24+/-0.07 dlogz:2.620>0.1]
103102it [10:24:23 bound:1485 nc:1949 ncall:9.1e+07 eff:0.1% logz-ratio=41.25+/-0.07 dlogz:2.583>0.1]
103217it [10:25:35 bound:1487 nc:1435 ncall:9.1e+07 eff:0.1% logz-ratio=41.27+/-0.07 dlogz:2.545>0.1]
103334it [10:26:46 bound:1489 nc:1883 ncall:9.1e+07 eff:0.1% logz-ratio=41.28+/-0.07 dlogz:2.508>0.1]
103448it [10:27:56 bound:1491 nc:1753 ncall:9.1e+07 eff:0.1% logz-ratio=41.29+/-0.07 dlogz:2.471>0.1]
103565it [10:29:08 bound:1493 nc:1234 ncall:9.1e+07 eff:0.1% logz-ratio=41.30+/-0.07 dlogz:2.434>0.1]
103682it [10:30:20 bound:1495 nc:4468 ncall:9.2e+07 eff:0.1% logz-ratio=41.31+/-0.07 dlogz:2.397>0.1]
103796it [10:31:29 bound:1497 nc:4792 ncall:9.2e+07 eff:0.1% logz-ratio=41.33+/-0.07 dlogz:2.362>0.1]
103914it [10:32:40 bound:1499 nc:1800 ncall:9.2e+07 eff:0.1% logz-ratio=41.34+/-0.07 dlogz:2.325>0.1]
104035it [10:33:51 bound:1501 nc:2650 ncall:9.2e+07 eff:0.1% logz-ratio=41.35+/-0.07 dlogz:2.288>0.1]
104149it [10:35:02 bound:1503 nc:2631 ncall:9.3e+07 eff:0.1% logz-ratio=41.36+/-0.07 dlogz:2.253>0.1]
104269it [10:36:17 bound:1505 nc:1655 ncall:9.3e+07 eff:0.1% logz-ratio=41.37+/-0.07 dlogz:2.217>0.1]
104390it [10:37:30 bound:1507 nc:1568 ncall:9.3e+07 eff:0.1% logz-ratio=41.38+/-0.07 dlogz:2.181>0.1]
104503it [10:38:40 bound:1509 nc:3727 ncall:9.3e+07 eff:0.1% logz-ratio=41.39+/-0.07 dlogz:2.147>0.1]
104622it [10:39:54 bound:1511 nc:1905 ncall:9.3e+07 eff:0.1% logz-ratio=41.40+/-0.07 dlogz:2.112>0.1]
104743it [10:41:05 bound:1513 nc:1782 ncall:9.4e+07 eff:0.1% logz-ratio=41.41+/-0.07 dlogz:2.077>0.1]
104861it [10:42:16 bound:1515 nc:1313 ncall:9.4e+07 eff:0.1% logz-ratio=41.42+/-0.07 dlogz:2.043>0.1]
104977it [10:43:29 bound:1517 nc:1199 ncall:9.4e+07 eff:0.1% logz-ratio=41.43+/-0.07 dlogz:2.010>0.1]
105100it [10:44:42 bound:1519 nc:2424 ncall:9.4e+07 eff:0.1% logz-ratio=41.44+/-0.07 dlogz:1.975>0.1]
105215it [10:45:53 bound:1521 nc:1890 ncall:9.4e+07 eff:0.1% logz-ratio=41.45+/-0.07 dlogz:1.942>0.1]
105333it [10:47:04 bound:1523 nc:1929 ncall:9.5e+07 eff:0.1% logz-ratio=41.46+/-0.07 dlogz:1.909>0.1]
105447it [10:48:17 bound:1525 nc:829 ncall:9.5e+07 eff:0.1% logz-ratio=41.47+/-0.07 dlogz:1.878>0.1]
105568it [10:49:32 bound:1527 nc:2004 ncall:9.5e+07 eff:0.1% logz-ratio=41.48+/-0.07 dlogz:1.845>0.1]
105688it [10:50:43 bound:1529 nc:2932 ncall:9.5e+07 eff:0.1% logz-ratio=41.49+/-0.07 dlogz:1.812>0.1]
105799it [10:51:55 bound:1531 nc:1042 ncall:9.5e+07 eff:0.1% logz-ratio=41.50+/-0.07 dlogz:1.782>0.1]
105915it [10:53:06 bound:1533 nc:1752 ncall:9.6e+07 eff:0.1% logz-ratio=41.51+/-0.07 dlogz:1.752>0.1]
106030it [10:54:18 bound:1535 nc:1606 ncall:9.6e+07 eff:0.1% logz-ratio=41.52+/-0.07 dlogz:1.721>0.1]
106144it [10:55:31 bound:1537 nc:1895 ncall:9.6e+07 eff:0.1% logz-ratio=41.53+/-0.07 dlogz:1.692>0.1]
106256it [10:56:47 bound:1539 nc:1949 ncall:9.6e+07 eff:0.1% logz-ratio=41.54+/-0.07 dlogz:1.663>0.1]
106371it [10:58:00 bound:1541 nc:827 ncall:9.7e+07 eff:0.1% logz-ratio=41.54+/-0.07 dlogz:1.633>0.1]
106488it [10:59:12 bound:1543 nc:1069 ncall:9.7e+07 eff:0.1% logz-ratio=41.55+/-0.07 dlogz:1.604>0.1]
106603it [11:00:27 bound:1545 nc:3945 ncall:9.7e+07 eff:0.1% logz-ratio=41.56+/-0.07 dlogz:1.575>0.1]
106720it [11:01:40 bound:1547 nc:3401 ncall:9.7e+07 eff:0.1% logz-ratio=41.57+/-0.07 dlogz:1.546>0.1]
106838it [11:02:54 bound:1549 nc:1045 ncall:9.7e+07 eff:0.1% logz-ratio=41.58+/-0.07 dlogz:1.517>0.1]
106956it [11:04:07 bound:1551 nc:1987 ncall:9.8e+07 eff:0.1% logz-ratio=41.58+/-0.07 dlogz:1.489>0.1]
107072it [11:05:22 bound:1553 nc:1616 ncall:9.8e+07 eff:0.1% logz-ratio=41.59+/-0.07 dlogz:1.461>0.1]
107189it [11:06:36 bound:1555 nc:1754 ncall:9.8e+07 eff:0.1% logz-ratio=41.60+/-0.07 dlogz:1.434>0.1]
107307it [11:07:52 bound:1557 nc:1902 ncall:9.8e+07 eff:0.1% logz-ratio=41.61+/-0.07 dlogz:1.406>0.1]
107322it [11:09:34 bound:1557 nc:1940 ncall:9.8e+07 eff:0.1% logz-ratio=41.61+/-0.07 dlogz:1.403>0.1]
107421it [11:10:48 bound:1559 nc:1797 ncall:9.8e+07 eff:0.1% logz-ratio=41.61+/-0.07 dlogz:1.380>0.1]
107539it [11:12:05 bound:1561 nc:1798 ncall:9.9e+07 eff:0.1% logz-ratio=41.62+/-0.07 dlogz:1.353>0.1]
107656it [11:13:19 bound:1563 nc:1487 ncall:9.9e+07 eff:0.1% logz-ratio=41.63+/-0.07 dlogz:1.327>0.1]
107769it [11:14:35 bound:1565 nc:2147 ncall:9.9e+07 eff:0.1% logz-ratio=41.63+/-0.07 dlogz:1.301>0.1]
107884it [11:15:50 bound:1567 nc:1025 ncall:9.9e+07 eff:0.1% logz-ratio=41.64+/-0.07 dlogz:1.276>0.1]
107998it [11:17:05 bound:1569 nc:1888 ncall:1.0e+08 eff:0.1% logz-ratio=41.65+/-0.07 dlogz:1.251>0.1]
108118it [11:18:21 bound:1571 nc:2077 ncall:1.0e+08 eff:0.1% logz-ratio=41.65+/-0.07 dlogz:1.226>0.1]
108230it [11:19:37 bound:1573 nc:1780 ncall:1.0e+08 eff:0.1% logz-ratio=41.66+/-0.07 dlogz:1.202>0.1]
108346it [11:20:55 bound:1575 nc:1958 ncall:1.0e+08 eff:0.1% logz-ratio=41.67+/-0.07 dlogz:1.178>0.1]
108469it [11:22:12 bound:1577 nc:2282 ncall:1.0e+08 eff:0.1% logz-ratio=41.67+/-0.07 dlogz:1.153>0.1]
108587it [11:23:29 bound:1579 nc:1996 ncall:1.0e+08 eff:0.1% logz-ratio=41.68+/-0.07 dlogz:1.129>0.1]
108704it [11:24:45 bound:1581 nc:1896 ncall:1.0e+08 eff:0.1% logz-ratio=41.69+/-0.07 dlogz:1.105>0.1]
108821it [11:26:02 bound:1583 nc:1622 ncall:1.0e+08 eff:0.1% logz-ratio=41.69+/-0.07 dlogz:1.082>0.1]
108941it [11:27:22 bound:1585 nc:4325 ncall:1.0e+08 eff:0.1% logz-ratio=41.70+/-0.07 dlogz:1.059>0.1]
109057it [11:28:42 bound:1587 nc:1456 ncall:1.0e+08 eff:0.1% logz-ratio=41.70+/-0.08 dlogz:1.037>0.1]
109171it [11:30:00 bound:1589 nc:2030 ncall:1.0e+08 eff:0.1% logz-ratio=41.71+/-0.08 dlogz:1.016>0.1]
109291it [11:31:20 bound:1591 nc:1531 ncall:1.0e+08 eff:0.1% logz-ratio=41.72+/-0.08 dlogz:0.993>0.1]
109411it [11:32:37 bound:1593 nc:1412 ncall:1.0e+08 eff:0.1% logz-ratio=41.72+/-0.08 dlogz:0.971>0.1]
109523it [11:33:55 bound:1595 nc:1464 ncall:1.0e+08 eff:0.1% logz-ratio=41.73+/-0.08 dlogz:0.951>0.1]
109637it [11:35:15 bound:1597 nc:3706 ncall:1.0e+08 eff:0.1% logz-ratio=41.73+/-0.08 dlogz:0.931>0.1]
109755it [11:36:32 bound:1599 nc:3341 ncall:1.0e+08 eff:0.1% logz-ratio=41.74+/-0.08 dlogz:0.910>0.1]
109871it [11:37:52 bound:1601 nc:1702 ncall:1.0e+08 eff:0.1% logz-ratio=41.74+/-0.08 dlogz:0.891>0.1]
109988it [11:39:10 bound:1603 nc:3920 ncall:1.0e+08 eff:0.1% logz-ratio=41.75+/-0.08 dlogz:0.871>0.1]
110107it [11:40:31 bound:1605 nc:1711 ncall:1.0e+08 eff:0.1% logz-ratio=41.75+/-0.08 dlogz:0.851>0.1]
110221it [11:41:50 bound:1607 nc:2164 ncall:1.0e+08 eff:0.1% logz-ratio=41.76+/-0.08 dlogz:0.833>0.1]
110336it [11:43:09 bound:1609 nc:2227 ncall:1.0e+08 eff:0.1% logz-ratio=41.76+/-0.08 dlogz:0.814>0.1]
110448it [11:44:26 bound:1611 nc:1482 ncall:1.0e+08 eff:0.1% logz-ratio=41.77+/-0.08 dlogz:0.796>0.1]
110565it [11:45:46 bound:1613 nc:1826 ncall:1.0e+08 eff:0.1% logz-ratio=41.77+/-0.08 dlogz:0.778>0.1]
110687it [11:47:06 bound:1615 nc:2186 ncall:1.0e+08 eff:0.1% logz-ratio=41.78+/-0.08 dlogz:0.760>0.1]
110799it [11:48:25 bound:1617 nc:2344 ncall:1.1e+08 eff:0.1% logz-ratio=41.78+/-0.08 dlogz:0.743>0.1]
110914it [11:49:47 bound:1619 nc:1863 ncall:1.1e+08 eff:0.1% logz-ratio=41.79+/-0.08 dlogz:0.726>0.1]
111032it [11:51:06 bound:1621 nc:2354 ncall:1.1e+08 eff:0.1% logz-ratio=41.79+/-0.08 dlogz:0.709>0.1]
111151it [11:52:27 bound:1623 nc:1523 ncall:1.1e+08 eff:0.1% logz-ratio=41.79+/-0.08 dlogz:0.692>0.1]
111265it [11:53:46 bound:1625 nc:3685 ncall:1.1e+08 eff:0.1% logz-ratio=41.80+/-0.08 dlogz:0.676>0.1]
111385it [11:55:05 bound:1627 nc:1938 ncall:1.1e+08 eff:0.1% logz-ratio=41.80+/-0.08 dlogz:0.660>0.1]
111501it [11:56:27 bound:1629 nc:3122 ncall:1.1e+08 eff:0.1% logz-ratio=41.81+/-0.08 dlogz:0.645>0.1]
111620it [11:57:48 bound:1631 nc:2085 ncall:1.1e+08 eff:0.1% logz-ratio=41.81+/-0.08 dlogz:0.629>0.1]
111738it [11:59:09 bound:1633 nc:1263 ncall:1.1e+08 eff:0.1% logz-ratio=41.82+/-0.08 dlogz:0.614>0.1]
111852it [12:00:30 bound:1635 nc:2056 ncall:1.1e+08 eff:0.1% logz-ratio=41.82+/-0.08 dlogz:0.599>0.1]
111969it [12:01:51 bound:1637 nc:2406 ncall:1.1e+08 eff:0.1% logz-ratio=41.82+/-0.08 dlogz:0.585>0.1]
112084it [12:03:13 bound:1639 nc:2192 ncall:1.1e+08 eff:0.1% logz-ratio=41.83+/-0.08 dlogz:0.571>0.1]
112199it [12:04:35 bound:1641 nc:799 ncall:1.1e+08 eff:0.1% logz-ratio=41.83+/-0.08 dlogz:0.557>0.1]
112319it [12:05:59 bound:1643 nc:1855 ncall:1.1e+08 eff:0.1% logz-ratio=41.83+/-0.08 dlogz:0.543>0.1]
112434it [12:07:22 bound:1645 nc:2395 ncall:1.1e+08 eff:0.1% logz-ratio=41.84+/-0.08 dlogz:0.530>0.1]
112551it [12:08:45 bound:1647 nc:2278 ncall:1.1e+08 eff:0.1% logz-ratio=41.84+/-0.08 dlogz:0.517>0.1]
112560it [12:10:33 bound:1647 nc:2087 ncall:1.1e+08 eff:0.1% logz-ratio=41.84+/-0.08 dlogz:0.516>0.1]
112671it [12:11:55 bound:1649 nc:1921 ncall:1.1e+08 eff:0.1% logz-ratio=41.84+/-0.08 dlogz:0.504>0.1]
112787it [12:13:19 bound:1651 nc:3714 ncall:1.1e+08 eff:0.1% logz-ratio=41.85+/-0.08 dlogz:0.492>0.1]
112902it [12:14:42 bound:1653 nc:1914 ncall:1.1e+08 eff:0.1% logz-ratio=41.85+/-0.08 dlogz:0.479>0.1]
113014it [12:16:06 bound:1655 nc:2354 ncall:1.1e+08 eff:0.1% logz-ratio=41.85+/-0.08 dlogz:0.539>0.1]
113135it [12:17:30 bound:1657 nc:1392 ncall:1.1e+08 eff:0.1% logz-ratio=41.86+/-0.08 dlogz:0.525>0.1]
113251it [12:18:52 bound:1659 nc:4811 ncall:1.1e+08 eff:0.1% logz-ratio=41.86+/-0.08 dlogz:0.512>0.1]
113362it [12:20:18 bound:1661 nc:1543 ncall:1.1e+08 eff:0.1% logz-ratio=41.86+/-0.08 dlogz:0.531>0.1]
113485it [12:21:41 bound:1663 nc:1637 ncall:1.1e+08 eff:0.1% logz-ratio=41.87+/-0.08 dlogz:0.518>0.1]
113602it [12:23:06 bound:1665 nc:1794 ncall:1.1e+08 eff:0.1% logz-ratio=41.87+/-0.08 dlogz:0.564>0.1]
113720it [12:24:32 bound:1667 nc:2414 ncall:1.1e+08 eff:0.1% logz-ratio=41.87+/-0.08 dlogz:0.551>0.1]
113833it [12:25:57 bound:1669 nc:1660 ncall:1.1e+08 eff:0.1% logz-ratio=41.88+/-0.08 dlogz:0.538>0.1]
113949it [12:27:24 bound:1671 nc:2226 ncall:1.1e+08 eff:0.1% logz-ratio=41.88+/-0.08 dlogz:0.525>0.1]
114069it [12:28:50 bound:1673 nc:2558 ncall:1.1e+08 eff:0.1% logz-ratio=41.88+/-0.08 dlogz:0.512>0.1]
114183it [12:30:16 bound:1675 nc:3997 ncall:1.1e+08 eff:0.1% logz-ratio=41.88+/-0.08 dlogz:0.500>0.1]
114308it [12:31:42 bound:1677 nc:2479 ncall:1.1e+08 eff:0.1% logz-ratio=41.89+/-0.08 dlogz:0.487>0.1]
114426it [12:33:09 bound:1679 nc:2281 ncall:1.1e+08 eff:0.1% logz-ratio=41.89+/-0.08 dlogz:0.475>0.1]
114547it [12:34:35 bound:1681 nc:2313 ncall:1.1e+08 eff:0.1% logz-ratio=41.89+/-0.08 dlogz:0.463>0.1]
114662it [12:36:02 bound:1683 nc:3755 ncall:1.1e+08 eff:0.1% logz-ratio=41.89+/-0.08 dlogz:0.452>0.1]
114775it [12:37:27 bound:1685 nc:1947 ncall:1.1e+08 eff:0.1% logz-ratio=41.90+/-0.08 dlogz:0.441>0.1]
114895it [12:38:56 bound:1687 nc:1950 ncall:1.1e+08 eff:0.1% logz-ratio=41.90+/-0.08 dlogz:0.430>0.1]
115008it [12:40:24 bound:1689 nc:2527 ncall:1.1e+08 eff:0.1% logz-ratio=41.90+/-0.08 dlogz:0.419>0.1]
115124it [12:41:53 bound:1691 nc:2378 ncall:1.1e+08 eff:0.1% logz-ratio=41.90+/-0.08 dlogz:0.409>0.1]
115242it [12:43:25 bound:1693 nc:3840 ncall:1.1e+08 eff:0.1% logz-ratio=41.91+/-0.08 dlogz:0.399>0.1]
115362it [12:44:56 bound:1695 nc:1600 ncall:1.2e+08 eff:0.1% logz-ratio=41.91+/-0.08 dlogz:0.388>0.1]
115474it [12:46:25 bound:1697 nc:2574 ncall:1.2e+08 eff:0.1% logz-ratio=41.91+/-0.08 dlogz:0.379>0.1]
115597it [12:47:54 bound:1699 nc:2634 ncall:1.2e+08 eff:0.1% logz-ratio=41.91+/-0.08 dlogz:0.369>0.1]
115716it [12:49:23 bound:1701 nc:2497 ncall:1.2e+08 eff:0.1% logz-ratio=41.91+/-0.08 dlogz:0.359>0.1]
115829it [12:50:52 bound:1703 nc:2588 ncall:1.2e+08 eff:0.1% logz-ratio=41.92+/-0.08 dlogz:0.351>0.1]
115944it [12:52:25 bound:1705 nc:1716 ncall:1.2e+08 eff:0.1% logz-ratio=41.92+/-0.08 dlogz:0.342>0.1]
116056it [12:53:53 bound:1707 nc:1653 ncall:1.2e+08 eff:0.1% logz-ratio=41.92+/-0.08 dlogz:0.333>0.1]
116177it [12:55:26 bound:1709 nc:2594 ncall:1.2e+08 eff:0.1% logz-ratio=41.92+/-0.08 dlogz:0.325>0.1]
116298it [12:57:00 bound:1711 nc:6958 ncall:1.2e+08 eff:0.1% logz-ratio=41.92+/-0.08 dlogz:0.316>0.1]
116413it [12:58:33 bound:1713 nc:2209 ncall:1.2e+08 eff:0.1% logz-ratio=41.93+/-0.08 dlogz:0.308>0.1]
116530it [13:00:06 bound:1715 nc:2522 ncall:1.2e+08 eff:0.1% logz-ratio=41.93+/-0.08 dlogz:0.300>0.1]
116644it [13:01:40 bound:1717 nc:1441 ncall:1.2e+08 eff:0.1% logz-ratio=41.93+/-0.08 dlogz:0.292>0.1]
116761it [13:03:13 bound:1719 nc:2697 ncall:1.2e+08 eff:0.1% logz-ratio=41.93+/-0.08 dlogz:0.285>0.1]
116875it [13:04:47 bound:1721 nc:4907 ncall:1.2e+08 eff:0.1% logz-ratio=41.93+/-0.08 dlogz:0.278>0.1]
116986it [13:06:19 bound:1723 nc:1663 ncall:1.2e+08 eff:0.1% logz-ratio=41.94+/-0.08 dlogz:0.271>0.1]
117101it [13:07:52 bound:1725 nc:2518 ncall:1.2e+08 eff:0.1% logz-ratio=41.94+/-0.08 dlogz:0.264>0.1]
117221it [13:09:26 bound:1727 nc:1935 ncall:1.2e+08 eff:0.1% logz-ratio=41.94+/-0.08 dlogz:0.257>0.1]
117291it [13:12:05 bound:1728 nc:2559 ncall:1.2e+08 eff:0.1% logz-ratio=41.94+/-0.08 dlogz:0.253>0.1]
117401it [13:13:39 bound:1730 nc:2690 ncall:1.2e+08 eff:0.1% logz-ratio=41.94+/-0.08 dlogz:0.246>0.1]
117513it [13:15:15 bound:1732 nc:2512 ncall:1.2e+08 eff:0.1% logz-ratio=41.94+/-0.08 dlogz:0.240>0.1]
117632it [13:16:53 bound:1734 nc:2056 ncall:1.2e+08 eff:0.1% logz-ratio=41.94+/-0.08 dlogz:0.234>0.1]
117754it [13:18:32 bound:1736 nc:2501 ncall:1.2e+08 eff:0.1% logz-ratio=41.95+/-0.08 dlogz:0.227>0.1]
117872it [13:20:07 bound:1738 nc:2432 ncall:1.2e+08 eff:0.1% logz-ratio=41.95+/-0.08 dlogz:0.221>0.1]
117987it [13:21:44 bound:1740 nc:2382 ncall:1.2e+08 eff:0.1% logz-ratio=41.95+/-0.08 dlogz:0.215>0.1]
118106it [13:23:22 bound:1742 nc:2356 ncall:1.2e+08 eff:0.1% logz-ratio=41.95+/-0.08 dlogz:0.209>0.1]
118223it [13:24:59 bound:1744 nc:2510 ncall:1.2e+08 eff:0.1% logz-ratio=41.95+/-0.08 dlogz:0.204>0.1]
118334it [13:26:39 bound:1746 nc:2688 ncall:1.2e+08 eff:0.1% logz-ratio=41.95+/-0.08 dlogz:0.199>0.1]
118453it [13:28:19 bound:1748 nc:1604 ncall:1.2e+08 eff:0.1% logz-ratio=41.95+/-0.08 dlogz:0.193>0.1]
118570it [13:29:58 bound:1750 nc:2527 ncall:1.2e+08 eff:0.1% logz-ratio=41.96+/-0.08 dlogz:0.188>0.1]
118685it [13:31:38 bound:1752 nc:2804 ncall:1.2e+08 eff:0.1% logz-ratio=41.96+/-0.08 dlogz:0.187>0.1]
118801it [13:33:18 bound:1754 nc:2668 ncall:1.2e+08 eff:0.1% logz-ratio=41.96+/-0.08 dlogz:0.182>0.1]
118917it [13:34:59 bound:1756 nc:5416 ncall:1.2e+08 eff:0.1% logz-ratio=41.96+/-0.08 dlogz:0.177>0.1]
119035it [13:36:39 bound:1758 nc:8009 ncall:1.2e+08 eff:0.1% logz-ratio=41.96+/-0.08 dlogz:0.172>0.1]
119151it [13:38:19 bound:1760 nc:2752 ncall:1.2e+08 eff:0.1% logz-ratio=41.96+/-0.08 dlogz:0.168>0.1]
119269it [13:39:58 bound:1762 nc:2212 ncall:1.3e+08 eff:0.1% logz-ratio=41.96+/-0.08 dlogz:0.163>0.1]
119382it [13:41:40 bound:1764 nc:2507 ncall:1.3e+08 eff:0.1% logz-ratio=41.96+/-0.08 dlogz:0.159>0.1]
119499it [13:43:21 bound:1766 nc:2005 ncall:1.3e+08 eff:0.1% logz-ratio=41.96+/-0.08 dlogz:0.154>0.1]
119614it [13:45:02 bound:1768 nc:4169 ncall:1.3e+08 eff:0.1% logz-ratio=41.97+/-0.08 dlogz:0.150>0.1]
119732it [13:46:43 bound:1770 nc:1862 ncall:1.3e+08 eff:0.1% logz-ratio=41.97+/-0.08 dlogz:0.146>0.1]
119854it [13:48:23 bound:1772 nc:2503 ncall:1.3e+08 eff:0.1% logz-ratio=41.97+/-0.08 dlogz:0.170>0.1]
119973it [13:50:04 bound:1774 nc:2819 ncall:1.3e+08 eff:0.1% logz-ratio=41.97+/-0.08 dlogz:0.165>0.1]
120094it [13:51:45 bound:1776 nc:2560 ncall:1.3e+08 eff:0.1% logz-ratio=41.97+/-0.08 dlogz:0.161>0.1]
120215it [13:53:28 bound:1778 nc:4392 ncall:1.3e+08 eff:0.1% logz-ratio=41.97+/-0.08 dlogz:0.156>0.1]
120332it [13:55:13 bound:1780 nc:2060 ncall:1.3e+08 eff:0.1% logz-ratio=41.97+/-0.08 dlogz:0.152>0.1]
120448it [13:56:56 bound:1782 nc:1660 ncall:1.3e+08 eff:0.1% logz-ratio=41.97+/-0.08 dlogz:0.148>0.1]
120566it [13:58:39 bound:1784 nc:4624 ncall:1.3e+08 eff:0.1% logz-ratio=41.97+/-0.08 dlogz:0.144>0.1]
120685it [14:00:24 bound:1786 nc:2526 ncall:1.3e+08 eff:0.1% logz-ratio=41.98+/-0.08 dlogz:0.140>0.1]
120801it [14:02:08 bound:1788 nc:2792 ncall:1.3e+08 eff:0.1% logz-ratio=41.98+/-0.08 dlogz:0.136>0.1]
120920it [14:03:54 bound:1790 nc:2850 ncall:1.3e+08 eff:0.1% logz-ratio=41.98+/-0.08 dlogz:0.133>0.1]
121039it [14:05:39 bound:1792 nc:4394 ncall:1.3e+08 eff:0.1% logz-ratio=41.98+/-0.08 dlogz:0.129>0.1]
121156it [14:07:26 bound:1794 nc:2811 ncall:1.3e+08 eff:0.1% logz-ratio=41.98+/-0.08 dlogz:0.125>0.1]
121278it [14:09:12 bound:1796 nc:2820 ncall:1.3e+08 eff:0.1% logz-ratio=41.98+/-0.08 dlogz:0.122>0.1]
121390it [14:10:59 bound:1798 nc:2671 ncall:1.3e+08 eff:0.1% logz-ratio=41.98+/-0.08 dlogz:0.119>0.1]
121454it [14:13:47 bound:1799 nc:2937 ncall:1.3e+08 eff:0.1% logz-ratio=41.98+/-0.08 dlogz:0.117>0.1]
121569it [14:15:35 bound:1801 nc:2834 ncall:1.3e+08 eff:0.1% logz-ratio=41.98+/-0.08 dlogz:0.114>0.1]
121689it [14:17:22 bound:1803 nc:2387 ncall:1.3e+08 eff:0.1% logz-ratio=41.98+/-0.08 dlogz:0.111>0.1]
121810it [14:19:12 bound:1805 nc:2087 ncall:1.3e+08 eff:0.1% logz-ratio=41.98+/-0.08 dlogz:0.107>0.1]
121924it [14:20:59 bound:1807 nc:2751 ncall:1.3e+08 eff:0.1% logz-ratio=41.98+/-0.08 dlogz:0.105>0.1]
122044it [14:22:47 bound:1809 nc:2827 ncall:1.3e+08 eff:0.1% logz-ratio=41.98+/-0.08 dlogz:0.102>0.1]
At this point, we cannot create a float from 0        1.907214
1        1.881490
2        1.941567
3        1.880036
4        1.903091
           ...   
19553    1.914897
19554    1.918336
19555    1.909387
19556    1.929137
19557    1.922177
Name: chirp_mass_source, Length: 19558, dtype: float64, error: cannot convert the series to <class 'float'>
At this point, we cannot create a float from 0        0.896724
1        0.981817
2        0.903455
3        0.903997
4        0.902991
           ...   
19553    0.887122
19554    0.903765
19555    0.909847
19556    0.830895
19557    0.903855
Name: mass_ratio, Length: 19558, dtype: float64, error: cannot convert the series to <class 'float'>
At this point, we cannot create a float from 0        18.723431
1        12.994074
2         8.061939
3        12.034969
4        44.253056
           ...    
19553    10.004215
19554    11.503392
19555    10.775746
19556     7.169369
19557     9.745858
Name: lambda_1, Length: 19558, dtype: float64, error: cannot convert the series to <class 'float'>
At this point, we cannot create a float from 0         52.224293
1         20.681570
2         24.743666
3         39.500599
4        102.646065
            ...    
19553     39.953949
19554     36.483589
19555     33.710258
19556     43.662014
19557     32.388618
Name: lambda_2, Length: 19558, dtype: float64, error: cannot convert the series to <class 'float'>
Skipped taking the float value from [11.36739731 13.24525452 11.05491829 ... 12.22543716 10.70730782
 12.15076065], error: only length-1 arrays can be converted to Python scalars
At this point, we cannot create a float from [1.84704447 1.84745695 1.84786943 ... 1.96955094 1.96996342
 1.9703759 ], error: only length-1 arrays can be converted to Python scalars
At this point, we cannot create a float from [0.74010831 0.7409167  0.74172509 ... 0.98019999 0.98100838
 0.98181677], error: only length-1 arrays can be converted to Python scalars
At this point, we cannot create a float from [ 2.50479174  2.6557388   2.80668585 ... 47.33606822 47.48701528
 47.63796234], error: only length-1 arrays can be converted to Python scalars
At this point, we cannot create a float from [ 16.71167946  17.15579776  17.59991606 ... 148.61481515
 149.05893346 149.50305176], error: only length-1 arrays can be converted to Python scalars
Skipped taking the float value from [-3.73457623 -3.47014809 -3.23468304 ... -1.08363342 -3.77309799
 -9.30846405], error: only length-1 arrays can be converted to Python scalars
