NFDist has source_type = bns
NFDist has source_type = bns
NFDist has source_type = bns
NFDist has source_type = bns
NFDist has source_type = bns
NFDist has source_type = bns
At this point, we cannot create a float from 0       1.197479
1       1.197668
2       1.197538
3       1.197572
4       1.197569
          ...   
4632    1.197623
4633    1.197698
4634    1.197581
4635    1.197549
4636    1.197601
Name: chirp_mass, Length: 4637, dtype: float64, error: cannot convert the series to <class 'float'>
At this point, we cannot create a float from 0       0.638003
1       0.710183
2       0.768974
3       0.827707
4       0.824495
          ...   
4632    0.726737
4633    0.645783
4634    0.735517
4635    0.788600
4636    0.717450
Name: mass_ratio, Length: 4637, dtype: float64, error: cannot convert the series to <class 'float'>
At this point, we cannot create a float from 0       46.203362
1       23.954638
2       44.353168
3       40.195553
4       42.632423
          ...    
4632    22.442863
4633    19.747726
4634    33.575954
4635    26.112627
4636    31.143097
Name: luminosity_distance, Length: 4637, dtype: float64, error: cannot convert the series to <class 'float'>
At this point, we cannot create a float from 0        77.608604
1       172.443588
2       241.101166
3       266.273407
4       333.935974
           ...    
4632    170.373428
4633     95.989197
4634    127.193985
4635    150.057816
4636     93.009972
Name: lambda_1, Length: 4637, dtype: float64, error: cannot convert the series to <class 'float'>
At this point, we cannot create a float from 0       1462.811157
1       1514.095337
2       1246.108398
3        778.449036
4        976.758362
           ...     
4632    1169.691284
4633    1290.435425
4634     838.097717
4635     781.611450
4636     953.374634
Name: lambda_2, Length: 4637, dtype: float64, error: cannot convert the series to <class 'float'>
At this point, we cannot create a float from [1.19739699 1.19739821 1.19739942 ... 1.19775768 1.19775889
 1.19776011], error: only length-1 arrays can be converted to Python scalars
At this point, we cannot create a float from [0.60430622 0.60545905 0.60661187 ... 0.94669501 0.94784783
 0.94900066], error: only length-1 arrays can be converted to Python scalars
At this point, we cannot create a float from [16.49803352 16.60654284 16.71505215 ... 48.72529934 48.83380865
 48.94231796], error: only length-1 arrays can be converted to Python scalars
At this point, we cannot create a float from [ 53.16593933  55.31829763  57.47065592 ... 692.41635275
 694.56871104 696.72106934], error: only length-1 arrays can be converted to Python scalars
At this point, we cannot create a float from [ 580.28033447  586.15525996  592.03018546 ... 2325.13320566
 2331.00813115 2336.88305664], error: only length-1 arrays can be converted to Python scalars
