000 (2578612.000.000) 2025-08-04 14:55:56 Job submitted from host: <145.107.7.246:9618?addrs=145.107.7.246-9618+[2a07-8500-120-e070--3f6]-9618&alias=taai-007.nikhef.nl&noUDP&sock=schedd_2614_90a7>
    DAG Node: run_a
...
009 (2578612.000.000) 2025-08-04 14:56:20 Job was aborted.
	via condor_rm (by user twouters)
...
000 (2578627.000.000) 2025-08-04 14:58:13 Job submitted from host: <145.107.7.246:9618?addrs=145.107.7.246-9618+[2a07-8500-120-e070--3f6]-9618&alias=taai-007.nikhef.nl&noUDP&sock=schedd_2614_90a7>
    DAG Node: run_a
...
001 (2578627.000.000) 2025-08-04 14:58:45 Job executing on host: <145.107.5.62:9618?addrs=145.107.5.62-9618+[2a07-8500-120-e070--53e]-9618&alias=wn-lot-062.nikhef.nl&noUDP&sock=startd_1835_3c60>
	SlotName: slot1_1@wn-lot-062.nikhef.nl
	CondorScratchDir = "/scratch/condor_execute/dir_1350118"
	Cpus = 64
	Disk = 16780534
	GPUs = 0
	Memory = 16384
...
006 (2578627.000.000) 2025-08-04 14:58:59 Image size of job updated: 251464
	246  -  MemoryUsage of job (MB)
	251464  -  ResidentSetSize of job (KB)
...
006 (2578627.000.000) 2025-08-04 15:03:59 Image size of job updated: 1331840
	1297  -  MemoryUsage of job (MB)
	1327584  -  ResidentSetSize of job (KB)
...
006 (2578627.000.000) 2025-08-04 16:14:06 Image size of job updated: 1343736
	1313  -  MemoryUsage of job (MB)
	1343736  -  ResidentSetSize of job (KB)
...
000 (2578759.000.000) 2025-08-04 18:58:16 Job submitted from host: <145.107.7.246:9618?addrs=145.107.7.246-9618+[2a07-8500-120-e070--3f6]-9618&alias=taai-007.nikhef.nl&noUDP&sock=schedd_2614_90a7>
    DAG Node: run_a
...
001 (2578759.000.000) 2025-08-04 18:58:52 Job executing on host: <145.107.5.53:9618?addrs=145.107.5.53-9618+[2a07-8500-120-e070--535]-9618&alias=wn-lot-053.nikhef.nl&noUDP&sock=startd_1966_1748>
	SlotName: slot1_1@wn-lot-053.nikhef.nl
	CondorScratchDir = "/scratch/condor_execute/dir_3414729"
	Cpus = 64
	Disk = 16780531
	GPUs = 0
	Memory = 16384
...
006 (2578759.000.000) 2025-08-04 18:59:05 Image size of job updated: 257568
	252  -  MemoryUsage of job (MB)
	257568  -  ResidentSetSize of job (KB)
...
006 (2578627.000.000) 2025-08-04 18:59:23 Image size of job updated: 1469928
	1436  -  MemoryUsage of job (MB)
	1469928  -  ResidentSetSize of job (KB)
...
006 (2578759.000.000) 2025-08-04 19:04:05 Image size of job updated: 1382232
	1332  -  MemoryUsage of job (MB)
	1362992  -  ResidentSetSize of job (KB)
...
000 (2578773.000.000) 2025-08-04 19:06:41 Job submitted from host: <145.107.7.246:9618?addrs=145.107.7.246-9618+[2a07-8500-120-e070--3f6]-9618&alias=taai-007.nikhef.nl&noUDP&sock=schedd_2614_90a7>
    DAG Node: run_a
...
001 (2578773.000.000) 2025-08-04 19:06:52 Job executing on host: <145.107.5.47:9618?addrs=145.107.5.47-9618+[2a07-8500-120-e070--52f]-9618&alias=wn-lot-047.nikhef.nl&noUDP&sock=startd_1944_0033>
	SlotName: slot1_1@wn-lot-047.nikhef.nl
	CondorScratchDir = "/scratch/condor_execute/dir_1597155"
	Cpus = 64
	Disk = 16780556
	GPUs = 0
	Memory = 16384
...
006 (2578773.000.000) 2025-08-04 19:07:06 Image size of job updated: 288772
	283  -  MemoryUsage of job (MB)
	288772  -  ResidentSetSize of job (KB)
...
004 (2578627.000.000) 2025-08-04 19:07:56 Job was evicted.
	(0) CPU times
		Usr 0 00:07:23, Sys 0 00:00:25  -  Run Remote Usage
		Usr 0 00:00:00, Sys 0 00:00:00  -  Run Local Usage
	0  -  Run Bytes Sent By Job
	0  -  Run Bytes Received By Job
	Partitionable Resources :    Usage  Request Allocated 
	   Cpus                 :     0.00       64        64 
	   Disk (KB)            : 17500    16777216  16780534 
	   GPUs                 :                           0 
	   Memory (MB)          :  1436       16384     16384 
	   TimeExecute (s)      : 14951                       
	   TimeSlotBusy (s)     : 14951                       
...
009 (2578627.000.000) 2025-08-04 19:07:56 Job was aborted.
	removed because <OtherJobRemoveRequirements = DAGManJobId =?= 2578626> fired when job (2578626.0) was removed
...
006 (2578759.000.000) 2025-08-04 19:09:06 Image size of job updated: 1491732
	1457  -  MemoryUsage of job (MB)
	1491732  -  ResidentSetSize of job (KB)
...
006 (2578773.000.000) 2025-08-04 19:12:07 Image size of job updated: 1614968
	1578  -  MemoryUsage of job (MB)
	1614968  -  ResidentSetSize of job (KB)
...
004 (2578759.000.000) 2025-08-04 19:16:21 Job was evicted.
	(0) CPU times
		Usr 0 00:04:47, Sys 0 00:00:24  -  Run Remote Usage
		Usr 0 00:00:00, Sys 0 00:00:00  -  Run Local Usage
	0  -  Run Bytes Sent By Job
	0  -  Run Bytes Received By Job
	Partitionable Resources :    Usage  Request Allocated 
	   Cpus                 :        0       64        64 
	   Disk (KB)            :    17500 16777216  16780531 
	   GPUs                 :                           0 
	   Memory (MB)          :     1457    16384     16384 
	   TimeExecute (s)      :     1049                    
	   TimeSlotBusy (s)     :     1050                    
...
009 (2578759.000.000) 2025-08-04 19:16:21 Job was aborted.
	removed because <OtherJobRemoveRequirements = DAGManJobId =?= 2578758> fired when job (2578758.0) was removed
...
006 (2578773.000.000) 2025-08-04 19:17:08 Image size of job updated: 1650732
	1613  -  MemoryUsage of job (MB)
	1650732  -  ResidentSetSize of job (KB)
...
006 (2578773.000.000) 2025-08-04 19:22:08 Image size of job updated: 1668640
	1630  -  MemoryUsage of job (MB)
	1668640  -  ResidentSetSize of job (KB)
...
006 (2578773.000.000) 2025-08-04 19:27:08 Image size of job updated: 1684392
	1645  -  MemoryUsage of job (MB)
	1684392  -  ResidentSetSize of job (KB)
...
006 (2578773.000.000) 2025-08-04 19:32:09 Image size of job updated: 1695640
	1656  -  MemoryUsage of job (MB)
	1695640  -  ResidentSetSize of job (KB)
...
006 (2578773.000.000) 2025-08-04 19:37:10 Image size of job updated: 1703004
	1664  -  MemoryUsage of job (MB)
	1703004  -  ResidentSetSize of job (KB)
...
006 (2578773.000.000) 2025-08-04 19:42:10 Image size of job updated: 1712376
	1673  -  MemoryUsage of job (MB)
	1712376  -  ResidentSetSize of job (KB)
...
006 (2578773.000.000) 2025-08-04 19:47:10 Image size of job updated: 1719508
	1680  -  MemoryUsage of job (MB)
	1719508  -  ResidentSetSize of job (KB)
...
006 (2578773.000.000) 2025-08-04 19:52:11 Image size of job updated: 1724556
	1685  -  MemoryUsage of job (MB)
	1724556  -  ResidentSetSize of job (KB)
...
006 (2578773.000.000) 2025-08-04 19:57:12 Image size of job updated: 1730828
	1691  -  MemoryUsage of job (MB)
	1730828  -  ResidentSetSize of job (KB)
...
006 (2578773.000.000) 2025-08-04 20:02:12 Image size of job updated: 1735896
	1696  -  MemoryUsage of job (MB)
	1735896  -  ResidentSetSize of job (KB)
...
006 (2578773.000.000) 2025-08-04 20:07:12 Image size of job updated: 2238532
	2187  -  MemoryUsage of job (MB)
	2238532  -  ResidentSetSize of job (KB)
...
006 (2578773.000.000) 2025-08-04 20:12:13 Image size of job updated: 2255460
	2203  -  MemoryUsage of job (MB)
	2255460  -  ResidentSetSize of job (KB)
...
006 (2578773.000.000) 2025-08-04 20:17:13 Image size of job updated: 2273744
	2221  -  MemoryUsage of job (MB)
	2273744  -  ResidentSetSize of job (KB)
...
006 (2578773.000.000) 2025-08-04 20:22:13 Image size of job updated: 2276388
	2224  -  MemoryUsage of job (MB)
	2276388  -  ResidentSetSize of job (KB)
...
006 (2578773.000.000) 2025-08-04 20:27:14 Image size of job updated: 2278304
	2225  -  MemoryUsage of job (MB)
	2278304  -  ResidentSetSize of job (KB)
...
006 (2578773.000.000) 2025-08-04 20:32:15 Image size of job updated: 2280096
	2227  -  MemoryUsage of job (MB)
	2280096  -  ResidentSetSize of job (KB)
...
006 (2578773.000.000) 2025-08-04 20:37:15 Image size of job updated: 2281892
	2229  -  MemoryUsage of job (MB)
	2281892  -  ResidentSetSize of job (KB)
...
006 (2578773.000.000) 2025-08-04 20:42:15 Image size of job updated: 2283360
	2230  -  MemoryUsage of job (MB)
	2283360  -  ResidentSetSize of job (KB)
...
006 (2578773.000.000) 2025-08-04 20:47:16 Image size of job updated: 2284804
	2232  -  MemoryUsage of job (MB)
	2284804  -  ResidentSetSize of job (KB)
...
006 (2578773.000.000) 2025-08-04 20:52:17 Image size of job updated: 2286116
	2233  -  MemoryUsage of job (MB)
	2286116  -  ResidentSetSize of job (KB)
...
006 (2578773.000.000) 2025-08-04 20:57:17 Image size of job updated: 2287444
	2234  -  MemoryUsage of job (MB)
	2287444  -  ResidentSetSize of job (KB)
...
006 (2578773.000.000) 2025-08-04 20:58:55 Image size of job updated: 2349808
	2234  -  MemoryUsage of job (MB)
	2287444  -  ResidentSetSize of job (KB)
...
005 (2578773.000.000) 2025-08-04 20:58:55 Job terminated.
	(1) Normal termination (return value 0)
		Usr 3 07:52:41, Sys 0 00:01:12  -  Run Remote Usage
		Usr 0 00:00:00, Sys 0 00:00:00  -  Run Local Usage
		Usr 3 07:52:41, Sys 0 00:01:12  -  Total Remote Usage
		Usr 0 00:00:00, Sys 0 00:00:00  -  Total Local Usage
	0  -  Run Bytes Sent By Job
	0  -  Run Bytes Received By Job
	0  -  Total Bytes Sent By Job
	0  -  Total Bytes Received By Job
	Partitionable Resources :    Usage  Request Allocated 
	   Cpus                 :     2.04       64        64 
	   Disk (KB)            : 17500    16777216  16780556 
	   GPUs                 :                           0 
	   Memory (MB)          :  2234       16384     16384 
	   TimeExecute (s)      :  6723                       
	   TimeSlotBusy (s)     :  6723                       

	Job terminated of its own accord at 2025-08-04T18:58:55Z with exit-code 0.
...
