000 (2589172.000.000) 2025-08-10 12:49:11 Job submitted from host: <145.107.7.246:9618?addrs=145.107.7.246-9618+[2a07-8500-120-e070--3f6]-9618&alias=taai-007.nikhef.nl&noUDP&sock=schedd_2614_90a7>
    DAG Node: run_h
...
001 (2589172.000.000) 2025-08-11 09:59:20 Job executing on host: <145.107.4.159:9618?addrs=145.107.4.159-9618+[2a07-8500-120-e070--9f]-9618&alias=wn-knek-016.nikhef.nl&noUDP&sock=startd_1858_030e>
	SlotName: slot1_1@wn-knek-016.nikhef.nl
	CondorScratchDir = "/scratch/condor_execute/dir_4101520"
	Cpus = 64
	Disk = 16779831
	GPUs = 0
	Memory = 16384
...
006 (2589172.000.000) 2025-08-11 09:59:33 Image size of job updated: 661360
	646  -  MemoryUsage of job (MB)
	661360  -  ResidentSetSize of job (KB)
...
006 (2589172.000.000) 2025-08-11 10:04:33 Image size of job updated: 1744292
	1704  -  MemoryUsage of job (MB)
	1744292  -  ResidentSetSize of job (KB)
...
006 (2589172.000.000) 2025-08-11 10:09:34 Image size of job updated: 1776880
	1736  -  MemoryUsage of job (MB)
	1776880  -  ResidentSetSize of job (KB)
...
006 (2589172.000.000) 2025-08-11 10:14:35 Image size of job updated: 1788188
	1747  -  MemoryUsage of job (MB)
	1788188  -  ResidentSetSize of job (KB)
...
006 (2589172.000.000) 2025-08-11 10:19:35 Image size of job updated: 1796496
	1755  -  MemoryUsage of job (MB)
	1796496  -  ResidentSetSize of job (KB)
...
006 (2589172.000.000) 2025-08-11 10:24:35 Image size of job updated: 1801444
	1760  -  MemoryUsage of job (MB)
	1801444  -  ResidentSetSize of job (KB)
...
006 (2589172.000.000) 2025-08-11 10:29:36 Image size of job updated: 1805920
	1764  -  MemoryUsage of job (MB)
	1805920  -  ResidentSetSize of job (KB)
...
006 (2589172.000.000) 2025-08-11 10:34:37 Image size of job updated: 1809720
	1768  -  MemoryUsage of job (MB)
	1809720  -  ResidentSetSize of job (KB)
...
006 (2589172.000.000) 2025-08-11 10:39:37 Image size of job updated: 1813028
	1771  -  MemoryUsage of job (MB)
	1813028  -  ResidentSetSize of job (KB)
...
006 (2589172.000.000) 2025-08-11 10:44:37 Image size of job updated: 1817628
	1776  -  MemoryUsage of job (MB)
	1817628  -  ResidentSetSize of job (KB)
...
006 (2589172.000.000) 2025-08-11 10:49:38 Image size of job updated: 1820780
	1779  -  MemoryUsage of job (MB)
	1820780  -  ResidentSetSize of job (KB)
...
006 (2589172.000.000) 2025-08-11 10:54:39 Image size of job updated: 1822848
	1781  -  MemoryUsage of job (MB)
	1822848  -  ResidentSetSize of job (KB)
...
006 (2589172.000.000) 2025-08-11 10:59:39 Image size of job updated: 1824708
	1782  -  MemoryUsage of job (MB)
	1824708  -  ResidentSetSize of job (KB)
...
006 (2589172.000.000) 2025-08-11 11:04:40 Image size of job updated: 2283232
	2230  -  MemoryUsage of job (MB)
	2283232  -  ResidentSetSize of job (KB)
...
006 (2589172.000.000) 2025-08-11 11:09:41 Image size of job updated: 2285960
	2233  -  MemoryUsage of job (MB)
	2285960  -  ResidentSetSize of job (KB)
...
006 (2589172.000.000) 2025-08-11 11:14:41 Image size of job updated: 2287336
	2234  -  MemoryUsage of job (MB)
	2287336  -  ResidentSetSize of job (KB)
...
006 (2589172.000.000) 2025-08-11 11:19:41 Image size of job updated: 2311312
	2258  -  MemoryUsage of job (MB)
	2311312  -  ResidentSetSize of job (KB)
...
006 (2589172.000.000) 2025-08-11 11:24:42 Image size of job updated: 2336892
	2283  -  MemoryUsage of job (MB)
	2336892  -  ResidentSetSize of job (KB)
...
006 (2589172.000.000) 2025-08-11 11:29:43 Image size of job updated: 2338904
	2285  -  MemoryUsage of job (MB)
	2338904  -  ResidentSetSize of job (KB)
...
006 (2589172.000.000) 2025-08-11 11:34:43 Image size of job updated: 2341696
	2287  -  MemoryUsage of job (MB)
	2341696  -  ResidentSetSize of job (KB)
...
006 (2589172.000.000) 2025-08-11 11:39:43 Image size of job updated: 2343988
	2290  -  MemoryUsage of job (MB)
	2343988  -  ResidentSetSize of job (KB)
...
006 (2589172.000.000) 2025-08-11 11:44:44 Image size of job updated: 2345492
	2291  -  MemoryUsage of job (MB)
	2345492  -  ResidentSetSize of job (KB)
...
006 (2589172.000.000) 2025-08-11 11:49:45 Image size of job updated: 2346832
	2292  -  MemoryUsage of job (MB)
	2346832  -  ResidentSetSize of job (KB)
...
006 (2589172.000.000) 2025-08-11 11:54:45 Image size of job updated: 2349240
	2295  -  MemoryUsage of job (MB)
	2349240  -  ResidentSetSize of job (KB)
...
006 (2589172.000.000) 2025-08-11 11:59:46 Image size of job updated: 2350324
	2296  -  MemoryUsage of job (MB)
	2350324  -  ResidentSetSize of job (KB)
...
006 (2589172.000.000) 2025-08-11 12:04:47 Image size of job updated: 2494752
	2363  -  MemoryUsage of job (MB)
	2419236  -  ResidentSetSize of job (KB)
...
006 (2589172.000.000) 2025-08-11 12:09:47 Image size of job updated: 2494752
	2364  -  MemoryUsage of job (MB)
	2420220  -  ResidentSetSize of job (KB)
...
006 (2589172.000.000) 2025-08-11 12:14:47 Image size of job updated: 2494752
	2365  -  MemoryUsage of job (MB)
	2420872  -  ResidentSetSize of job (KB)
...
006 (2589172.000.000) 2025-08-11 12:19:48 Image size of job updated: 2494752
	2365  -  MemoryUsage of job (MB)
	2421588  -  ResidentSetSize of job (KB)
...
006 (2589172.000.000) 2025-08-11 12:24:49 Image size of job updated: 2494752
	2366  -  MemoryUsage of job (MB)
	2422128  -  ResidentSetSize of job (KB)
...
006 (2589172.000.000) 2025-08-11 12:29:49 Image size of job updated: 2494752
	2367  -  MemoryUsage of job (MB)
	2422844  -  ResidentSetSize of job (KB)
...
006 (2589172.000.000) 2025-08-11 12:34:49 Image size of job updated: 2494752
	2367  -  MemoryUsage of job (MB)
	2423524  -  ResidentSetSize of job (KB)
...
006 (2589172.000.000) 2025-08-11 12:39:50 Image size of job updated: 2494752
	2368  -  MemoryUsage of job (MB)
	2424224  -  ResidentSetSize of job (KB)
...
006 (2589172.000.000) 2025-08-11 12:44:51 Image size of job updated: 2494752
	2368  -  MemoryUsage of job (MB)
	2424748  -  ResidentSetSize of job (KB)
...
006 (2589172.000.000) 2025-08-11 12:49:51 Image size of job updated: 2494752
	2369  -  MemoryUsage of job (MB)
	2425272  -  ResidentSetSize of job (KB)
...
006 (2589172.000.000) 2025-08-11 12:54:52 Image size of job updated: 2494752
	2371  -  MemoryUsage of job (MB)
	2427676  -  ResidentSetSize of job (KB)
...
006 (2589172.000.000) 2025-08-11 12:59:53 Image size of job updated: 2494752
	2372  -  MemoryUsage of job (MB)
	2428336  -  ResidentSetSize of job (KB)
...
006 (2589172.000.000) 2025-08-11 13:04:53 Image size of job updated: 2500508
	2424  -  MemoryUsage of job (MB)
	2481976  -  ResidentSetSize of job (KB)
...
006 (2589172.000.000) 2025-08-11 13:09:53 Image size of job updated: 2500508
	2425  -  MemoryUsage of job (MB)
	2482472  -  ResidentSetSize of job (KB)
...
006 (2589172.000.000) 2025-08-11 13:14:54 Image size of job updated: 2500508
	2426  -  MemoryUsage of job (MB)
	2483696  -  ResidentSetSize of job (KB)
...
006 (2589172.000.000) 2025-08-11 13:19:55 Image size of job updated: 2500508
	2426  -  MemoryUsage of job (MB)
	2484176  -  ResidentSetSize of job (KB)
...
006 (2589172.000.000) 2025-08-11 13:24:55 Image size of job updated: 2500508
	2427  -  MemoryUsage of job (MB)
	2484644  -  ResidentSetSize of job (KB)
...
006 (2589172.000.000) 2025-08-11 13:29:55 Image size of job updated: 2500508
	2428  -  MemoryUsage of job (MB)
	2485920  -  ResidentSetSize of job (KB)
...
006 (2589172.000.000) 2025-08-11 13:34:57 Image size of job updated: 2500508
	2429  -  MemoryUsage of job (MB)
	2486300  -  ResidentSetSize of job (KB)
...
006 (2589172.000.000) 2025-08-11 13:39:57 Image size of job updated: 2500508
	2430  -  MemoryUsage of job (MB)
	2487464  -  ResidentSetSize of job (KB)
...
006 (2589172.000.000) 2025-08-11 13:44:57 Image size of job updated: 2500508
	2431  -  MemoryUsage of job (MB)
	2488788  -  ResidentSetSize of job (KB)
...
006 (2589172.000.000) 2025-08-11 13:49:58 Image size of job updated: 2500508
	2435  -  MemoryUsage of job (MB)
	2492604  -  ResidentSetSize of job (KB)
...
006 (2589172.000.000) 2025-08-11 13:54:59 Image size of job updated: 2500508
	2437  -  MemoryUsage of job (MB)
	2494608  -  ResidentSetSize of job (KB)
...
006 (2589172.000.000) 2025-08-11 13:59:59 Image size of job updated: 2500508
	2437  -  MemoryUsage of job (MB)
	2495356  -  ResidentSetSize of job (KB)
...
006 (2589172.000.000) 2025-08-11 14:04:59 Image size of job updated: 2645228
	2470  -  MemoryUsage of job (MB)
	2528604  -  ResidentSetSize of job (KB)
...
006 (2589172.000.000) 2025-08-11 14:10:00 Image size of job updated: 2645228
	2471  -  MemoryUsage of job (MB)
	2529740  -  ResidentSetSize of job (KB)
...
006 (2589172.000.000) 2025-08-11 14:15:01 Image size of job updated: 2645228
	2471  -  MemoryUsage of job (MB)
	2530124  -  ResidentSetSize of job (KB)
...
006 (2589172.000.000) 2025-08-11 14:20:01 Image size of job updated: 2645228
	2472  -  MemoryUsage of job (MB)
	2531200  -  ResidentSetSize of job (KB)
...
006 (2589172.000.000) 2025-08-11 14:25:01 Image size of job updated: 2645228
	2473  -  MemoryUsage of job (MB)
	2531536  -  ResidentSetSize of job (KB)
...
006 (2589172.000.000) 2025-08-11 14:30:02 Image size of job updated: 2645228
	2473  -  MemoryUsage of job (MB)
	2531840  -  ResidentSetSize of job (KB)
...
006 (2589172.000.000) 2025-08-11 14:35:02 Image size of job updated: 2645228
	2474  -  MemoryUsage of job (MB)
	2532944  -  ResidentSetSize of job (KB)
...
006 (2589172.000.000) 2025-08-11 14:40:02 Image size of job updated: 2645228
	2474  -  MemoryUsage of job (MB)
	2533240  -  ResidentSetSize of job (KB)
...
006 (2589172.000.000) 2025-08-11 14:45:03 Image size of job updated: 2645228
	2475  -  MemoryUsage of job (MB)
	2534344  -  ResidentSetSize of job (KB)
...
006 (2589172.000.000) 2025-08-11 14:50:04 Image size of job updated: 2645228
	2476  -  MemoryUsage of job (MB)
	2534652  -  ResidentSetSize of job (KB)
...
006 (2589172.000.000) 2025-08-11 14:55:04 Image size of job updated: 2645228
	2476  -  MemoryUsage of job (MB)
	2535016  -  ResidentSetSize of job (KB)
...
006 (2589172.000.000) 2025-08-11 15:00:04 Image size of job updated: 2645228
	2477  -  MemoryUsage of job (MB)
	2536104  -  ResidentSetSize of job (KB)
...
006 (2589172.000.000) 2025-08-11 15:05:05 Image size of job updated: 2699736
	2526  -  MemoryUsage of job (MB)
	2585644  -  ResidentSetSize of job (KB)
...
006 (2589172.000.000) 2025-08-11 16:05:12 Image size of job updated: 2710184
	2647  -  MemoryUsage of job (MB)
	2710184  -  ResidentSetSize of job (KB)
...
006 (2589172.000.000) 2025-08-11 16:10:12 Image size of job updated: 2804960
	2647  -  MemoryUsage of job (MB)
	2710216  -  ResidentSetSize of job (KB)
...
