NFDist has source_type = nsbh
self.parameters_ref
{'chirp_mass': 1.4867900781724532, 'mass_ratio': 0.9050172763783242, 'luminosity_distance': 170.12293668851825, 'a_1': 0.026740533729350032, 'a_2': 0.026531453845731346, 'tilt_1': 1.0778978878771508, 'tilt_2': 1.1280732548151633, 'phi_12': 3.1399614036707786, 'phi_jl': 3.098408796747226, 'dec': -0.13270250775319825, 'ra': 1.4405869049377487, 'theta_jn': 0.7142783555076156, 'psi': 1.556484993441145, 'phase': 2.9396355278156534, 'geocent_time': 1240215503.017147, 'mass_1': 1.7957063404539406, 'mass_2': 1.6251452614129132, 'mass_1_source': 1.7309992032614339, 'mass_2_source': 1.5665841843487123, 'lambda_1': 0.01, 'lambda_2': 136.8879103326964, 'lambda_tilde': 58.13440080933415, 'delta_lambda_tilde': 24.997782570182032}
1it [0:00:00 bound:0 nc:  1 ncall:1.0e+03 eff:0.1% logz-ratio=-587.41+/-0.09 dlogz:inf>0.1]
3769it [0:01:01 bound:1 nc: 64 ncall:3.8e+04 eff:10.0% logz-ratio=-0.26+/-0.06 dlogz:60.414>0.1]
3816it [0:02:23 bound:2 nc:954 ncall:4.0e+04 eff:9.6% logz-ratio=-0.12+/-0.06 dlogz:60.236>0.1]
3880it [0:03:36 bound:3 nc:933 ncall:9.2e+04 eff:4.2% logz-ratio=0.06+/-0.06 dlogz:59.992>0.1]
3940it [0:04:47 bound:4 nc:971 ncall:1.5e+05 eff:2.7% logz-ratio=0.24+/-0.06 dlogz:59.756>0.1]
4003it [0:06:05 bound:5 nc:649 ncall:2.0e+05 eff:2.0% logz-ratio=0.42+/-0.06 dlogz:59.507>0.1]
4064it [0:07:21 bound:6 nc:1025 ncall:2.5e+05 eff:1.6% logz-ratio=0.62+/-0.06 dlogz:59.255>0.1]
4127it [0:08:34 bound:7 nc:785 ncall:3.1e+05 eff:1.4% logz-ratio=0.83+/-0.06 dlogz:58.982>0.1]
4189it [0:09:52 bound:8 nc:767 ncall:3.6e+05 eff:1.2% logz-ratio=1.04+/-0.06 dlogz:58.707>0.1]
4250it [0:11:07 bound:9 nc:887 ncall:4.1e+05 eff:1.0% logz-ratio=1.25+/-0.06 dlogz:58.436>0.1]
4311it [0:12:18 bound:10 nc:853 ncall:4.6e+05 eff:0.9% logz-ratio=1.47+/-0.06 dlogz:58.165>0.1]
4371it [0:13:29 bound:11 nc:879 ncall:5.2e+05 eff:0.8% logz-ratio=1.67+/-0.06 dlogz:57.900>0.1]
4434it [0:14:29 bound:12 nc:676 ncall:5.7e+05 eff:0.8% logz-ratio=1.89+/-0.06 dlogz:57.621>0.1]
4497it [0:15:30 bound:13 nc:902 ncall:6.2e+05 eff:0.7% logz-ratio=2.11+/-0.06 dlogz:57.334>0.1]
4618it [0:17:45 bound:15 nc:545 ncall:7.1e+05 eff:0.6% logz-ratio=2.54+/-0.07 dlogz:59.744>0.1]
4680it [0:19:04 bound:16 nc:694 ncall:7.7e+05 eff:0.6% logz-ratio=2.78+/-0.07 dlogz:62.245>0.1]
4743it [0:20:09 bound:17 nc:829 ncall:8.2e+05 eff:0.6% logz-ratio=3.03+/-0.07 dlogz:61.933>0.1]
4803it [0:21:25 bound:18 nc:671 ncall:8.7e+05 eff:0.6% logz-ratio=3.27+/-0.07 dlogz:61.635>0.1]
4864it [0:22:31 bound:19 nc:751 ncall:9.3e+05 eff:0.5% logz-ratio=3.52+/-0.07 dlogz:61.322>0.1]
4925it [0:23:46 bound:20 nc:765 ncall:9.8e+05 eff:0.5% logz-ratio=3.78+/-0.07 dlogz:61.001>0.1]
4987it [0:24:59 bound:21 nc:1069 ncall:1.0e+06 eff:0.5% logz-ratio=4.06+/-0.07 dlogz:60.667>0.1]
5050it [0:26:15 bound:22 nc:1091 ncall:1.1e+06 eff:0.5% logz-ratio=4.31+/-0.07 dlogz:60.348>0.1]
5114it [0:27:17 bound:23 nc:722 ncall:1.1e+06 eff:0.5% logz-ratio=4.57+/-0.07 dlogz:60.028>0.1]
5178it [0:28:19 bound:24 nc:895 ncall:1.2e+06 eff:0.4% logz-ratio=4.84+/-0.07 dlogz:81.756>0.1]
5241it [0:29:27 bound:25 nc:765 ncall:1.2e+06 eff:0.4% logz-ratio=5.10+/-0.07 dlogz:81.428>0.1]
5305it [0:30:48 bound:26 nc:809 ncall:1.3e+06 eff:0.4% logz-ratio=5.38+/-0.07 dlogz:81.086>0.1]
5365it [0:32:02 bound:27 nc:817 ncall:1.3e+06 eff:0.4% logz-ratio=5.65+/-0.07 dlogz:80.765>0.1]
5429it [0:33:12 bound:28 nc:769 ncall:1.4e+06 eff:0.4% logz-ratio=5.93+/-0.07 dlogz:80.421>0.1]
5490it [0:34:23 bound:29 nc:901 ncall:1.4e+06 eff:0.4% logz-ratio=6.20+/-0.07 dlogz:80.087>0.1]
5551it [0:35:36 bound:30 nc:688 ncall:1.5e+06 eff:0.4% logz-ratio=6.48+/-0.07 dlogz:79.747>0.1]
5611it [0:36:45 bound:31 nc:587 ncall:1.5e+06 eff:0.4% logz-ratio=6.78+/-0.08 dlogz:79.392>0.1]
5674it [0:37:57 bound:32 nc:965 ncall:1.6e+06 eff:0.4% logz-ratio=7.10+/-0.08 dlogz:79.009>0.1]
5734it [0:39:08 bound:33 nc:813 ncall:1.6e+06 eff:0.3% logz-ratio=7.41+/-0.08 dlogz:78.640>0.1]
5796it [0:40:14 bound:34 nc:732 ncall:1.7e+06 eff:0.3% logz-ratio=7.72+/-0.08 dlogz:78.269>0.1]
5858it [0:41:18 bound:35 nc:868 ncall:1.7e+06 eff:0.3% logz-ratio=8.03+/-0.08 dlogz:77.904>0.1]
5919it [0:42:27 bound:36 nc:950 ncall:1.8e+06 eff:0.3% logz-ratio=8.32+/-0.08 dlogz:77.550>0.1]
5983it [0:43:46 bound:37 nc:994 ncall:1.8e+06 eff:0.3% logz-ratio=8.63+/-0.08 dlogz:77.176>0.1]
6047it [0:44:57 bound:38 nc:730 ncall:1.9e+06 eff:0.3% logz-ratio=8.96+/-0.08 dlogz:76.788>0.1]
6108it [0:46:18 bound:39 nc:698 ncall:1.9e+06 eff:0.3% logz-ratio=9.27+/-0.08 dlogz:76.419>0.1]
6172it [0:47:29 bound:40 nc:700 ncall:2.0e+06 eff:0.3% logz-ratio=9.61+/-0.08 dlogz:76.016>0.1]
6229it [0:48:45 bound:41 nc:704 ncall:2.1e+06 eff:0.3% logz-ratio=9.94+/-0.08 dlogz:75.633>0.1]
6293it [0:49:55 bound:42 nc:686 ncall:2.1e+06 eff:0.3% logz-ratio=10.31+/-0.08 dlogz:75.196>0.1]
6354it [0:51:04 bound:43 nc:798 ncall:2.2e+06 eff:0.3% logz-ratio=10.68+/-0.08 dlogz:74.763>0.1]
6417it [0:52:15 bound:44 nc:899 ncall:2.2e+06 eff:0.3% logz-ratio=11.08+/-0.08 dlogz:74.302>0.1]
6480it [0:53:22 bound:45 nc:950 ncall:2.3e+06 eff:0.3% logz-ratio=11.51+/-0.08 dlogz:73.813>0.1]
6541it [0:54:40 bound:46 nc:986 ncall:2.3e+06 eff:0.3% logz-ratio=11.92+/-0.08 dlogz:73.344>0.1]
6600it [0:55:47 bound:47 nc:900 ncall:2.4e+06 eff:0.3% logz-ratio=12.34+/-0.08 dlogz:72.864>0.1]
6662it [0:57:06 bound:48 nc:729 ncall:2.4e+06 eff:0.3% logz-ratio=12.79+/-0.08 dlogz:72.358>0.1]
6722it [0:58:23 bound:49 nc:801 ncall:2.5e+06 eff:0.3% logz-ratio=13.25+/-0.09 dlogz:71.842>0.1]
6781it [0:59:33 bound:50 nc:771 ncall:2.5e+06 eff:0.3% logz-ratio=13.71+/-0.09 dlogz:71.325>0.1]
6845it [1:00:48 bound:51 nc:923 ncall:2.6e+06 eff:0.3% logz-ratio=14.18+/-0.09 dlogz:70.787>0.1]
6907it [1:02:11 bound:52 nc:826 ncall:2.6e+06 eff:0.3% logz-ratio=14.64+/-0.09 dlogz:70.269>0.1]
6967it [1:03:28 bound:53 nc:591 ncall:2.7e+06 eff:0.3% logz-ratio=15.10+/-0.09 dlogz:69.750>0.1]
7031it [1:04:30 bound:54 nc:690 ncall:2.7e+06 eff:0.3% logz-ratio=15.58+/-0.09 dlogz:69.204>0.1]
7095it [1:05:44 bound:55 nc:698 ncall:2.8e+06 eff:0.3% logz-ratio=16.09+/-0.09 dlogz:68.632>0.1]
7159it [1:06:56 bound:56 nc:895 ncall:2.8e+06 eff:0.3% logz-ratio=16.61+/-0.09 dlogz:68.056>0.1]
7221it [1:08:09 bound:57 nc:842 ncall:2.9e+06 eff:0.3% logz-ratio=17.12+/-0.09 dlogz:67.479>0.1]
7280it [1:09:14 bound:58 nc:786 ncall:2.9e+06 eff:0.2% logz-ratio=17.61+/-0.09 dlogz:67.873>0.1]
7342it [1:10:22 bound:59 nc:876 ncall:3.0e+06 eff:0.2% logz-ratio=18.08+/-0.09 dlogz:67.337>0.1]
7403it [1:11:30 bound:60 nc:702 ncall:3.0e+06 eff:0.2% logz-ratio=18.56+/-0.09 dlogz:66.798>0.1]
7466it [1:12:37 bound:61 nc:934 ncall:3.1e+06 eff:0.2% logz-ratio=19.09+/-0.09 dlogz:66.212>0.1]
7528it [1:13:50 bound:62 nc:924 ncall:3.1e+06 eff:0.2% logz-ratio=19.61+/-0.09 dlogz:65.625>0.1]
7592it [1:14:59 bound:63 nc:706 ncall:3.2e+06 eff:0.2% logz-ratio=20.14+/-0.09 dlogz:65.040>0.1]
7652it [1:16:09 bound:64 nc:1118 ncall:3.2e+06 eff:0.2% logz-ratio=20.63+/-0.09 dlogz:64.483>0.1]
7714it [1:17:25 bound:65 nc:797 ncall:3.3e+06 eff:0.2% logz-ratio=21.19+/-0.09 dlogz:63.864>0.1]
7777it [1:18:29 bound:66 nc:913 ncall:3.3e+06 eff:0.2% logz-ratio=21.76+/-0.09 dlogz:63.235>0.1]
7836it [1:19:36 bound:67 nc:1450 ncall:3.4e+06 eff:0.2% logz-ratio=22.26+/-0.09 dlogz:62.675>0.1]
7900it [1:20:46 bound:68 nc:1185 ncall:3.4e+06 eff:0.2% logz-ratio=22.81+/-0.09 dlogz:62.068>0.1]
7963it [1:21:57 bound:69 nc:1137 ncall:3.5e+06 eff:0.2% logz-ratio=23.35+/-0.09 dlogz:61.467>0.1]
8025it [1:23:11 bound:70 nc:821 ncall:3.5e+06 eff:0.2% logz-ratio=23.90+/-0.09 dlogz:60.853>0.1]
8086it [1:24:22 bound:71 nc:1689 ncall:3.6e+06 eff:0.2% logz-ratio=24.44+/-0.09 dlogz:60.254>0.1]
8149it [1:25:42 bound:72 nc:778 ncall:3.6e+06 eff:0.2% logz-ratio=25.05+/-0.09 dlogz:59.585>0.1]
8213it [1:26:55 bound:73 nc:528 ncall:3.7e+06 eff:0.2% logz-ratio=25.64+/-0.09 dlogz:58.927>0.1]
8275it [1:28:05 bound:74 nc:856 ncall:3.7e+06 eff:0.2% logz-ratio=26.21+/-0.09 dlogz:58.298>0.1]
8334it [1:29:17 bound:75 nc:818 ncall:3.8e+06 eff:0.2% logz-ratio=26.76+/-0.10 dlogz:58.577>0.1]
8397it [1:30:29 bound:76 nc:797 ncall:3.8e+06 eff:0.2% logz-ratio=27.38+/-0.10 dlogz:57.901>0.1]
8461it [1:31:39 bound:77 nc:520 ncall:3.9e+06 eff:0.2% logz-ratio=28.03+/-0.10 dlogz:57.181>0.1]
8525it [1:32:49 bound:78 nc:1149 ncall:3.9e+06 eff:0.2% logz-ratio=28.69+/-0.10 dlogz:56.466>0.1]
8588it [1:33:55 bound:79 nc:816 ncall:4.0e+06 eff:0.2% logz-ratio=29.28+/-0.10 dlogz:55.809>0.1]
8650it [1:35:00 bound:80 nc:647 ncall:4.0e+06 eff:0.2% logz-ratio=29.82+/-0.10 dlogz:55.210>0.1]
8713it [1:36:10 bound:81 nc:808 ncall:4.1e+06 eff:0.2% logz-ratio=30.38+/-0.10 dlogz:54.592>0.1]
8775it [1:37:24 bound:82 nc:825 ncall:4.1e+06 eff:0.2% logz-ratio=30.97+/-0.10 dlogz:55.109>0.1]
8839it [1:38:36 bound:83 nc:663 ncall:4.2e+06 eff:0.2% logz-ratio=31.61+/-0.10 dlogz:54.407>0.1]
8899it [1:39:56 bound:84 nc:700 ncall:4.2e+06 eff:0.2% logz-ratio=32.21+/-0.10 dlogz:53.749>0.1]
8960it [1:41:03 bound:85 nc:661 ncall:4.3e+06 eff:0.2% logz-ratio=32.84+/-0.10 dlogz:53.055>0.1]
9023it [1:42:17 bound:86 nc:587 ncall:4.3e+06 eff:0.2% logz-ratio=33.43+/-0.10 dlogz:54.885>0.1]
9084it [1:43:20 bound:87 nc:581 ncall:4.4e+06 eff:0.2% logz-ratio=33.97+/-0.10 dlogz:54.293>0.1]
9147it [1:44:31 bound:88 nc:1862 ncall:4.4e+06 eff:0.2% logz-ratio=34.58+/-0.10 dlogz:63.647>0.1]
9209it [1:45:45 bound:89 nc:778 ncall:4.4e+06 eff:0.2% logz-ratio=35.20+/-0.10 dlogz:62.961>0.1]
9272it [1:46:51 bound:90 nc:615 ncall:4.5e+06 eff:0.2% logz-ratio=35.81+/-0.10 dlogz:62.295>0.1]
9335it [1:47:58 bound:91 nc:542 ncall:4.5e+06 eff:0.2% logz-ratio=36.39+/-0.10 dlogz:61.655>0.1]
9397it [1:49:04 bound:92 nc:1144 ncall:4.6e+06 eff:0.2% logz-ratio=36.97+/-0.10 dlogz:61.010>0.1]
9460it [1:50:13 bound:93 nc:518 ncall:4.6e+06 eff:0.2% logz-ratio=37.57+/-0.10 dlogz:60.345>0.1]
9523it [1:51:16 bound:94 nc:975 ncall:4.7e+06 eff:0.2% logz-ratio=38.16+/-0.10 dlogz:59.697>0.1]
9587it [1:52:28 bound:95 nc:762 ncall:4.7e+06 eff:0.2% logz-ratio=38.75+/-0.10 dlogz:59.048>0.1]
9649it [1:53:41 bound:96 nc:414 ncall:4.8e+06 eff:0.2% logz-ratio=39.33+/-0.10 dlogz:58.404>0.1]
9711it [1:54:52 bound:97 nc:855 ncall:4.8e+06 eff:0.2% logz-ratio=39.88+/-0.10 dlogz:57.794>0.1]
9772it [1:55:55 bound:98 nc:480 ncall:4.9e+06 eff:0.2% logz-ratio=40.43+/-0.10 dlogz:57.185>0.1]
9835it [1:57:03 bound:99 nc:749 ncall:4.9e+06 eff:0.2% logz-ratio=40.98+/-0.10 dlogz:56.573>0.1]
9895it [1:58:14 bound:100 nc:733 ncall:5.0e+06 eff:0.2% logz-ratio=41.48+/-0.10 dlogz:56.009>0.1]
9957it [1:59:22 bound:101 nc:662 ncall:5.0e+06 eff:0.2% logz-ratio=42.05+/-0.10 dlogz:55.385>0.1]
10020it [2:00:26 bound:102 nc:1121 ncall:5.1e+06 eff:0.2% logz-ratio=42.63+/-0.10 dlogz:54.739>0.1]
10083it [2:01:38 bound:103 nc:473 ncall:5.1e+06 eff:0.2% logz-ratio=43.17+/-0.10 dlogz:54.136>0.1]
10144it [2:03:00 bound:104 nc:947 ncall:5.2e+06 eff:0.2% logz-ratio=43.73+/-0.10 dlogz:53.523>0.1]
10206it [2:04:06 bound:105 nc:1039 ncall:5.2e+06 eff:0.2% logz-ratio=44.30+/-0.10 dlogz:52.886>0.1]
10268it [2:05:20 bound:106 nc:695 ncall:5.3e+06 eff:0.2% logz-ratio=44.90+/-0.10 dlogz:55.350>0.1]
10331it [2:06:33 bound:107 nc:364 ncall:5.3e+06 eff:0.2% logz-ratio=45.52+/-0.10 dlogz:54.665>0.1]
10394it [2:07:42 bound:108 nc:1139 ncall:5.4e+06 eff:0.2% logz-ratio=46.13+/-0.11 dlogz:54.002>0.1]
10458it [2:09:21 bound:109 nc:963 ncall:5.4e+06 eff:0.2% logz-ratio=46.77+/-0.11 dlogz:53.301>0.1]
10520it [2:10:30 bound:110 nc:545 ncall:5.5e+06 eff:0.2% logz-ratio=47.40+/-0.11 dlogz:52.605>0.1]
10582it [2:11:41 bound:111 nc:1351 ncall:5.5e+06 eff:0.2% logz-ratio=47.99+/-0.11 dlogz:51.954>0.1]
10645it [2:12:51 bound:112 nc:791 ncall:5.6e+06 eff:0.2% logz-ratio=48.56+/-0.11 dlogz:55.011>0.1]
10708it [2:13:59 bound:113 nc:746 ncall:5.6e+06 eff:0.2% logz-ratio=49.15+/-0.11 dlogz:54.356>0.1]
10768it [2:15:08 bound:114 nc:744 ncall:5.7e+06 eff:0.2% logz-ratio=49.69+/-0.11 dlogz:53.758>0.1]
10829it [2:16:29 bound:115 nc:820 ncall:5.7e+06 eff:0.2% logz-ratio=50.25+/-0.11 dlogz:53.140>0.1]
10891it [2:17:41 bound:116 nc:646 ncall:5.8e+06 eff:0.2% logz-ratio=50.79+/-0.11 dlogz:52.533>0.1]
10953it [2:18:54 bound:117 nc:536 ncall:5.8e+06 eff:0.2% logz-ratio=51.36+/-0.11 dlogz:51.907>0.1]
11016it [2:20:11 bound:118 nc:815 ncall:5.9e+06 eff:0.2% logz-ratio=51.89+/-0.11 dlogz:51.312>0.1]
11078it [2:21:29 bound:119 nc:1091 ncall:5.9e+06 eff:0.2% logz-ratio=52.37+/-0.11 dlogz:54.606>0.1]
11141it [2:22:49 bound:120 nc:1131 ncall:6.0e+06 eff:0.2% logz-ratio=52.87+/-0.11 dlogz:54.039>0.1]
11202it [2:24:20 bound:121 nc:505 ncall:6.0e+06 eff:0.2% logz-ratio=53.40+/-0.11 dlogz:53.457>0.1]
11266it [2:25:39 bound:122 nc:910 ncall:6.1e+06 eff:0.2% logz-ratio=53.96+/-0.11 dlogz:52.833>0.1]
11326it [2:26:52 bound:123 nc:870 ncall:6.1e+06 eff:0.2% logz-ratio=54.50+/-0.11 dlogz:52.231>0.1]
11390it [2:28:05 bound:124 nc:993 ncall:6.2e+06 eff:0.2% logz-ratio=55.09+/-0.11 dlogz:51.582>0.1]
11454it [2:29:28 bound:125 nc:1380 ncall:6.2e+06 eff:0.2% logz-ratio=55.66+/-0.11 dlogz:50.946>0.1]
11518it [2:30:50 bound:126 nc:810 ncall:6.3e+06 eff:0.2% logz-ratio=56.21+/-0.11 dlogz:50.339>0.1]
11577it [2:32:13 bound:127 nc:1491 ncall:6.3e+06 eff:0.2% logz-ratio=56.67+/-0.11 dlogz:49.814>0.1]
11639it [2:33:28 bound:128 nc:686 ncall:6.4e+06 eff:0.2% logz-ratio=57.16+/-0.11 dlogz:49.263>0.1]
11702it [2:34:46 bound:129 nc:484 ncall:6.4e+06 eff:0.2% logz-ratio=57.63+/-0.11 dlogz:48.731>0.1]
11764it [2:36:09 bound:130 nc:822 ncall:6.5e+06 eff:0.2% logz-ratio=58.09+/-0.11 dlogz:48.212>0.1]
11826it [2:37:22 bound:131 nc:1117 ncall:6.5e+06 eff:0.2% logz-ratio=58.54+/-0.11 dlogz:47.704>0.1]
11889it [2:38:31 bound:132 nc:1124 ncall:6.6e+06 eff:0.2% logz-ratio=59.01+/-0.11 dlogz:47.175>0.1]
11950it [2:39:43 bound:133 nc:1001 ncall:6.6e+06 eff:0.2% logz-ratio=59.56+/-0.11 dlogz:46.561>0.1]
12011it [2:40:59 bound:134 nc:724 ncall:6.7e+06 eff:0.2% logz-ratio=60.14+/-0.11 dlogz:45.927>0.1]
12074it [2:42:09 bound:135 nc:626 ncall:6.7e+06 eff:0.2% logz-ratio=60.70+/-0.11 dlogz:45.301>0.1]
12130it [2:43:16 bound:136 nc:652 ncall:6.8e+06 eff:0.2% logz-ratio=61.16+/-0.11 dlogz:44.787>0.1]
12190it [2:44:30 bound:137 nc:535 ncall:6.8e+06 eff:0.2% logz-ratio=61.65+/-0.11 dlogz:44.240>0.1]
12252it [2:45:54 bound:138 nc:626 ncall:6.9e+06 eff:0.2% logz-ratio=62.16+/-0.11 dlogz:43.664>0.1]
12315it [2:47:14 bound:139 nc:895 ncall:6.9e+06 eff:0.2% logz-ratio=62.64+/-0.11 dlogz:43.122>0.1]
12377it [2:48:37 bound:140 nc:880 ncall:7.0e+06 eff:0.2% logz-ratio=63.10+/-0.11 dlogz:42.603>0.1]
12440it [2:49:53 bound:141 nc:889 ncall:7.0e+06 eff:0.2% logz-ratio=63.56+/-0.11 dlogz:42.081>0.1]
12502it [2:51:19 bound:142 nc:2146 ncall:7.1e+06 eff:0.2% logz-ratio=64.01+/-0.11 dlogz:41.575>0.1]
12565it [2:52:30 bound:143 nc:766 ncall:7.1e+06 eff:0.2% logz-ratio=64.48+/-0.11 dlogz:41.039>0.1]
12627it [2:53:50 bound:144 nc:918 ncall:7.2e+06 eff:0.2% logz-ratio=64.94+/-0.11 dlogz:40.525>0.1]
12690it [2:55:13 bound:145 nc:729 ncall:7.3e+06 eff:0.2% logz-ratio=65.40+/-0.11 dlogz:40.003>0.1]
12751it [2:56:27 bound:146 nc:840 ncall:7.3e+06 eff:0.2% logz-ratio=65.85+/-0.11 dlogz:39.494>0.1]
12812it [2:57:51 bound:147 nc:762 ncall:7.4e+06 eff:0.2% logz-ratio=66.33+/-0.11 dlogz:44.156>0.1]
12875it [2:59:09 bound:148 nc:572 ncall:7.4e+06 eff:0.2% logz-ratio=66.82+/-0.11 dlogz:43.607>0.1]
12936it [3:00:32 bound:149 nc:708 ncall:7.5e+06 eff:0.2% logz-ratio=67.29+/-0.12 dlogz:43.074>0.1]
13000it [3:01:51 bound:150 nc:704 ncall:7.5e+06 eff:0.2% logz-ratio=67.77+/-0.12 dlogz:42.539>0.1]
13062it [3:03:20 bound:151 nc:701 ncall:7.6e+06 eff:0.2% logz-ratio=68.20+/-0.12 dlogz:42.044>0.1]
13125it [3:04:34 bound:152 nc:925 ncall:7.6e+06 eff:0.2% logz-ratio=68.65+/-0.12 dlogz:41.530>0.1]
13188it [3:05:55 bound:153 nc:885 ncall:7.7e+06 eff:0.2% logz-ratio=69.09+/-0.12 dlogz:41.034>0.1]
13249it [3:07:12 bound:154 nc:736 ncall:7.7e+06 eff:0.2% logz-ratio=69.50+/-0.12 dlogz:40.563>0.1]
13309it [3:08:28 bound:155 nc:913 ncall:7.8e+06 eff:0.2% logz-ratio=69.89+/-0.12 dlogz:40.110>0.1]
13372it [3:09:45 bound:156 nc:1689 ncall:7.8e+06 eff:0.2% logz-ratio=70.30+/-0.12 dlogz:39.646>0.1]
13433it [3:11:04 bound:157 nc:488 ncall:7.9e+06 eff:0.2% logz-ratio=70.69+/-0.12 dlogz:39.193>0.1]
13493it [3:12:22 bound:158 nc:576 ncall:7.9e+06 eff:0.2% logz-ratio=71.08+/-0.12 dlogz:38.740>0.1]
13553it [3:13:52 bound:159 nc:627 ncall:8.0e+06 eff:0.2% logz-ratio=71.51+/-0.12 dlogz:38.254>0.1]
13615it [3:15:10 bound:160 nc:1223 ncall:8.0e+06 eff:0.2% logz-ratio=71.94+/-0.12 dlogz:37.761>0.1]
13677it [3:16:28 bound:161 nc:832 ncall:8.1e+06 eff:0.2% logz-ratio=72.36+/-0.12 dlogz:37.280>0.1]
13738it [3:17:51 bound:162 nc:536 ncall:8.1e+06 eff:0.2% logz-ratio=72.76+/-0.12 dlogz:36.827>0.1]
13801it [3:19:11 bound:163 nc:622 ncall:8.2e+06 eff:0.2% logz-ratio=73.17+/-0.12 dlogz:36.349>0.1]
13863it [3:20:42 bound:164 nc:944 ncall:8.3e+06 eff:0.2% logz-ratio=73.60+/-0.12 dlogz:35.861>0.1]
13924it [3:22:12 bound:165 nc:655 ncall:8.3e+06 eff:0.2% logz-ratio=74.00+/-0.12 dlogz:35.401>0.1]
13988it [3:23:33 bound:166 nc:1040 ncall:8.4e+06 eff:0.2% logz-ratio=74.41+/-0.12 dlogz:34.935>0.1]
14051it [3:25:02 bound:167 nc:814 ncall:8.4e+06 eff:0.2% logz-ratio=74.80+/-0.12 dlogz:34.476>0.1]
14114it [3:26:26 bound:168 nc:914 ncall:8.5e+06 eff:0.2% logz-ratio=75.20+/-0.12 dlogz:34.019>0.1]
14177it [3:27:38 bound:169 nc:789 ncall:8.5e+06 eff:0.2% logz-ratio=75.62+/-0.12 dlogz:33.536>0.1]
14240it [3:29:10 bound:170 nc:942 ncall:8.6e+06 eff:0.2% logz-ratio=76.06+/-0.12 dlogz:34.143>0.1]
14300it [3:30:22 bound:171 nc:1207 ncall:8.7e+06 eff:0.2% logz-ratio=76.47+/-0.12 dlogz:33.673>0.1]
14360it [3:31:48 bound:172 nc:1666 ncall:8.7e+06 eff:0.2% logz-ratio=76.89+/-0.12 dlogz:33.198>0.1]
14422it [3:33:12 bound:173 nc:1353 ncall:8.8e+06 eff:0.2% logz-ratio=77.30+/-0.12 dlogz:32.722>0.1]
14486it [3:34:29 bound:174 nc:646 ncall:8.8e+06 eff:0.2% logz-ratio=77.70+/-0.12 dlogz:32.257>0.1]
14547it [3:35:45 bound:175 nc:660 ncall:8.9e+06 eff:0.2% logz-ratio=78.08+/-0.12 dlogz:31.817>0.1]
14610it [3:36:57 bound:176 nc:477 ncall:8.9e+06 eff:0.2% logz-ratio=78.45+/-0.12 dlogz:35.713>0.1]
14672it [3:38:14 bound:177 nc:1051 ncall:9.0e+06 eff:0.2% logz-ratio=78.79+/-0.12 dlogz:35.309>0.1]
14734it [3:39:36 bound:178 nc:1177 ncall:9.0e+06 eff:0.2% logz-ratio=79.14+/-0.12 dlogz:34.902>0.1]
14797it [3:41:03 bound:179 nc:965 ncall:9.1e+06 eff:0.2% logz-ratio=79.49+/-0.12 dlogz:37.604>0.1]
14857it [3:42:20 bound:180 nc:1149 ncall:9.2e+06 eff:0.2% logz-ratio=79.82+/-0.12 dlogz:37.212>0.1]
14919it [3:43:40 bound:181 nc:909 ncall:9.2e+06 eff:0.2% logz-ratio=80.17+/-0.12 dlogz:36.806>0.1]
14981it [3:44:54 bound:182 nc:1273 ncall:9.3e+06 eff:0.2% logz-ratio=80.51+/-0.12 dlogz:36.403>0.1]
15043it [3:46:28 bound:183 nc:1737 ncall:9.3e+06 eff:0.2% logz-ratio=80.86+/-0.12 dlogz:37.041>0.1]
15104it [3:47:47 bound:184 nc:854 ncall:9.4e+06 eff:0.2% logz-ratio=81.18+/-0.12 dlogz:36.656>0.1]
15166it [3:49:12 bound:185 nc:838 ncall:9.4e+06 eff:0.2% logz-ratio=81.53+/-0.12 dlogz:36.251>0.1]
15228it [3:50:34 bound:186 nc:1050 ncall:9.5e+06 eff:0.2% logz-ratio=81.89+/-0.12 dlogz:35.832>0.1]
15291it [3:51:57 bound:187 nc:880 ncall:9.5e+06 eff:0.2% logz-ratio=82.25+/-0.12 dlogz:35.411>0.1]
15354it [3:53:26 bound:188 nc:909 ncall:9.6e+06 eff:0.2% logz-ratio=82.60+/-0.12 dlogz:34.993>0.1]
15418it [3:54:54 bound:189 nc:875 ncall:9.7e+06 eff:0.2% logz-ratio=82.94+/-0.12 dlogz:34.590>0.1]
15480it [3:56:15 bound:190 nc:1058 ncall:9.7e+06 eff:0.2% logz-ratio=83.26+/-0.12 dlogz:34.215>0.1]
15543it [3:57:43 bound:191 nc:1152 ncall:9.8e+06 eff:0.2% logz-ratio=83.56+/-0.12 dlogz:33.846>0.1]
15607it [3:59:12 bound:192 nc:765 ncall:9.8e+06 eff:0.2% logz-ratio=83.87+/-0.12 dlogz:33.475>0.1]
15670it [4:00:36 bound:193 nc:1092 ncall:9.9e+06 eff:0.2% logz-ratio=84.18+/-0.12 dlogz:33.110>0.1]
15733it [4:01:51 bound:194 nc:1065 ncall:9.9e+06 eff:0.2% logz-ratio=84.47+/-0.12 dlogz:32.749>0.1]
15794it [4:03:15 bound:195 nc:1205 ncall:1.0e+07 eff:0.2% logz-ratio=84.80+/-0.12 dlogz:32.369>0.1]
15856it [4:04:51 bound:196 nc:742 ncall:1.0e+07 eff:0.2% logz-ratio=85.15+/-0.12 dlogz:31.955>0.1]
15919it [4:06:15 bound:197 nc:693 ncall:1.0e+07 eff:0.2% logz-ratio=85.51+/-0.13 dlogz:31.538>0.1]
15982it [4:07:41 bound:198 nc:1049 ncall:1.0e+07 eff:0.2% logz-ratio=85.87+/-0.13 dlogz:31.109>0.1]
16044it [4:09:03 bound:199 nc:850 ncall:1.0e+07 eff:0.2% logz-ratio=86.22+/-0.13 dlogz:30.702>0.1]
16107it [4:10:30 bound:200 nc:1033 ncall:1.0e+07 eff:0.2% logz-ratio=86.55+/-0.13 dlogz:31.925>0.1]
16169it [4:11:52 bound:201 nc:601 ncall:1.0e+07 eff:0.2% logz-ratio=86.89+/-0.13 dlogz:31.531>0.1]
16231it [4:13:16 bound:202 nc:675 ncall:1.0e+07 eff:0.2% logz-ratio=87.20+/-0.13 dlogz:31.152>0.1]
16293it [4:14:46 bound:203 nc:1078 ncall:1.0e+07 eff:0.2% logz-ratio=87.50+/-0.13 dlogz:30.792>0.1]
16357it [4:16:14 bound:204 nc:496 ncall:1.1e+07 eff:0.2% logz-ratio=87.81+/-0.13 dlogz:30.426>0.1]
16420it [4:17:44 bound:205 nc:958 ncall:1.1e+07 eff:0.2% logz-ratio=88.10+/-0.13 dlogz:30.075>0.1]
16483it [4:19:14 bound:206 nc:881 ncall:1.1e+07 eff:0.2% logz-ratio=88.38+/-0.13 dlogz:29.731>0.1]
16544it [4:20:36 bound:207 nc:778 ncall:1.1e+07 eff:0.2% logz-ratio=88.67+/-0.13 dlogz:29.385>0.1]
16604it [4:21:57 bound:208 nc:742 ncall:1.1e+07 eff:0.2% logz-ratio=88.95+/-0.13 dlogz:29.042>0.1]
16668it [4:23:21 bound:209 nc:954 ncall:1.1e+07 eff:0.2% logz-ratio=89.24+/-0.13 dlogz:28.686>0.1]
16732it [4:24:41 bound:210 nc:964 ncall:1.1e+07 eff:0.2% logz-ratio=89.55+/-0.13 dlogz:28.315>0.1]
16796it [4:26:06 bound:211 nc:542 ncall:1.1e+07 eff:0.2% logz-ratio=89.87+/-0.13 dlogz:31.719>0.1]
16857it [4:27:35 bound:212 nc:1128 ncall:1.1e+07 eff:0.2% logz-ratio=90.16+/-0.13 dlogz:31.372>0.1]
16919it [4:28:57 bound:213 nc:1095 ncall:1.1e+07 eff:0.2% logz-ratio=90.46+/-0.13 dlogz:31.009>0.1]
16980it [4:30:26 bound:214 nc:1010 ncall:1.1e+07 eff:0.2% logz-ratio=90.75+/-0.13 dlogz:30.659>0.1]
17041it [4:31:52 bound:215 nc:1121 ncall:1.1e+07 eff:0.2% logz-ratio=91.05+/-0.13 dlogz:30.299>0.1]
17103it [4:33:23 bound:216 nc:743 ncall:1.1e+07 eff:0.2% logz-ratio=91.36+/-0.13 dlogz:29.930>0.1]
17165it [4:34:43 bound:217 nc:1236 ncall:1.1e+07 eff:0.2% logz-ratio=91.65+/-0.13 dlogz:29.580>0.1]
17228it [4:36:10 bound:218 nc:948 ncall:1.1e+07 eff:0.2% logz-ratio=91.93+/-0.13 dlogz:29.239>0.1]
17289it [4:37:33 bound:219 nc:904 ncall:1.1e+07 eff:0.2% logz-ratio=92.20+/-0.13 dlogz:28.913>0.1]
17352it [4:38:46 bound:220 nc:871 ncall:1.1e+07 eff:0.2% logz-ratio=92.47+/-0.13 dlogz:28.578>0.1]
17411it [4:40:15 bound:221 nc:695 ncall:1.2e+07 eff:0.2% logz-ratio=92.73+/-0.13 dlogz:28.256>0.1]
17474it [4:41:37 bound:222 nc:1052 ncall:1.2e+07 eff:0.2% logz-ratio=93.02+/-0.13 dlogz:27.914>0.1]
17534it [4:43:00 bound:223 nc:1063 ncall:1.2e+07 eff:0.2% logz-ratio=93.27+/-0.13 dlogz:27.596>0.1]
17593it [4:44:30 bound:224 nc:652 ncall:1.2e+07 eff:0.2% logz-ratio=93.53+/-0.13 dlogz:27.285>0.1]
17655it [4:46:15 bound:225 nc:1446 ncall:1.2e+07 eff:0.2% logz-ratio=93.79+/-0.13 dlogz:26.960>0.1]
17716it [4:47:44 bound:226 nc:1026 ncall:1.2e+07 eff:0.1% logz-ratio=94.07+/-0.13 dlogz:26.623>0.1]
17777it [4:49:15 bound:227 nc:900 ncall:1.2e+07 eff:0.1% logz-ratio=94.33+/-0.13 dlogz:26.300>0.1]
17840it [4:50:37 bound:228 nc:1225 ncall:1.2e+07 eff:0.1% logz-ratio=94.61+/-0.13 dlogz:25.962>0.1]
17903it [4:51:57 bound:229 nc:947 ncall:1.2e+07 eff:0.1% logz-ratio=94.89+/-0.13 dlogz:26.368>0.1]
17966it [4:53:22 bound:230 nc:1059 ncall:1.2e+07 eff:0.1% logz-ratio=95.17+/-0.13 dlogz:26.033>0.1]
18029it [4:54:54 bound:231 nc:992 ncall:1.2e+07 eff:0.1% logz-ratio=95.44+/-0.13 dlogz:25.699>0.1]
18090it [4:56:16 bound:232 nc:840 ncall:1.2e+07 eff:0.1% logz-ratio=95.69+/-0.13 dlogz:25.388>0.1]
18153it [4:57:51 bound:233 nc:694 ncall:1.2e+07 eff:0.1% logz-ratio=95.94+/-0.13 dlogz:25.074>0.1]
18215it [4:59:21 bound:234 nc:1131 ncall:1.2e+07 eff:0.1% logz-ratio=96.20+/-0.13 dlogz:24.762>0.1]
18279it [5:00:56 bound:235 nc:1200 ncall:1.2e+07 eff:0.1% logz-ratio=96.46+/-0.13 dlogz:24.433>0.1]
18343it [5:02:24 bound:236 nc:1228 ncall:1.2e+07 eff:0.1% logz-ratio=96.73+/-0.13 dlogz:24.103>0.1]
18406it [5:04:03 bound:237 nc:766 ncall:1.3e+07 eff:0.1% logz-ratio=97.01+/-0.13 dlogz:23.765>0.1]
18467it [5:05:45 bound:238 nc:1065 ncall:1.3e+07 eff:0.1% logz-ratio=97.28+/-0.13 dlogz:23.436>0.1]
18528it [5:07:13 bound:239 nc:914 ncall:1.3e+07 eff:0.1% logz-ratio=97.55+/-0.13 dlogz:23.107>0.1]
18592it [5:08:43 bound:240 nc:974 ncall:1.3e+07 eff:0.1% logz-ratio=97.83+/-0.13 dlogz:22.763>0.1]
18653it [5:10:22 bound:241 nc:1106 ncall:1.3e+07 eff:0.1% logz-ratio=98.09+/-0.13 dlogz:22.438>0.1]
18713it [5:11:55 bound:242 nc:1145 ncall:1.3e+07 eff:0.1% logz-ratio=98.35+/-0.13 dlogz:24.174>0.1]
18776it [5:13:35 bound:243 nc:667 ncall:1.3e+07 eff:0.1% logz-ratio=98.62+/-0.13 dlogz:23.842>0.1]
18837it [5:15:01 bound:244 nc:889 ncall:1.3e+07 eff:0.1% logz-ratio=98.88+/-0.13 dlogz:23.527>0.1]
18899it [5:16:37 bound:245 nc:1295 ncall:1.3e+07 eff:0.1% logz-ratio=99.13+/-0.14 dlogz:23.211>0.1]
18963it [5:18:18 bound:246 nc:1533 ncall:1.3e+07 eff:0.1% logz-ratio=99.38+/-0.14 dlogz:22.899>0.1]
19024it [5:19:55 bound:247 nc:781 ncall:1.3e+07 eff:0.1% logz-ratio=99.62+/-0.14 dlogz:22.598>0.1]
19086it [5:21:38 bound:248 nc:2283 ncall:1.3e+07 eff:0.1% logz-ratio=99.87+/-0.14 dlogz:22.290>0.1]
19149it [5:23:22 bound:249 nc:1401 ncall:1.3e+07 eff:0.1% logz-ratio=100.13+/-0.14 dlogz:21.974>0.1]
19212it [5:24:57 bound:250 nc:920 ncall:1.3e+07 eff:0.1% logz-ratio=100.37+/-0.14 dlogz:21.664>0.1]
19274it [5:26:39 bound:251 nc:1445 ncall:1.3e+07 eff:0.1% logz-ratio=100.62+/-0.14 dlogz:21.356>0.1]
19335it [5:28:19 bound:252 nc:1163 ncall:1.4e+07 eff:0.1% logz-ratio=100.86+/-0.14 dlogz:21.055>0.1]
19399it [5:29:52 bound:253 nc:980 ncall:1.4e+07 eff:0.1% logz-ratio=101.12+/-0.14 dlogz:20.739>0.1]
19462it [5:31:30 bound:254 nc:1167 ncall:1.4e+07 eff:0.1% logz-ratio=101.37+/-0.14 dlogz:20.420>0.1]
19524it [5:33:03 bound:255 nc:1092 ncall:1.4e+07 eff:0.1% logz-ratio=101.63+/-0.14 dlogz:20.100>0.1]
19587it [5:34:51 bound:256 nc:1492 ncall:1.4e+07 eff:0.1% logz-ratio=101.89+/-0.14 dlogz:19.781>0.1]
19649it [5:36:32 bound:257 nc:979 ncall:1.4e+07 eff:0.1% logz-ratio=102.14+/-0.14 dlogz:19.467>0.1]
19709it [5:38:16 bound:258 nc:604 ncall:1.4e+07 eff:0.1% logz-ratio=102.39+/-0.14 dlogz:19.164>0.1]
19770it [5:40:00 bound:259 nc:853 ncall:1.4e+07 eff:0.1% logz-ratio=102.64+/-0.14 dlogz:18.853>0.1]
19834it [5:41:42 bound:260 nc:1228 ncall:1.4e+07 eff:0.1% logz-ratio=102.90+/-0.14 dlogz:18.530>0.1]
19893it [5:43:28 bound:261 nc:971 ncall:1.4e+07 eff:0.1% logz-ratio=103.15+/-0.14 dlogz:18.226>0.1]
19956it [5:45:17 bound:262 nc:1227 ncall:1.4e+07 eff:0.1% logz-ratio=103.40+/-0.14 dlogz:17.912>0.1]
20019it [5:47:03 bound:263 nc:940 ncall:1.4e+07 eff:0.1% logz-ratio=103.64+/-0.14 dlogz:17.611>0.1]
20083it [5:48:58 bound:264 nc:1200 ncall:1.4e+07 eff:0.1% logz-ratio=103.87+/-0.14 dlogz:17.317>0.1]
20146it [5:50:50 bound:265 nc:1446 ncall:1.4e+07 eff:0.1% logz-ratio=104.10+/-0.14 dlogz:17.027>0.1]
20206it [5:52:47 bound:266 nc:3105 ncall:1.5e+07 eff:0.1% logz-ratio=104.32+/-0.14 dlogz:16.748>0.1]
20268it [5:54:26 bound:267 nc:1075 ncall:1.5e+07 eff:0.1% logz-ratio=104.54+/-0.14 dlogz:16.466>0.1]
20329it [5:56:07 bound:268 nc:1062 ncall:1.5e+07 eff:0.1% logz-ratio=104.75+/-0.14 dlogz:16.196>0.1]
20391it [5:57:52 bound:269 nc:1229 ncall:1.5e+07 eff:0.1% logz-ratio=104.96+/-0.14 dlogz:15.925>0.1]
20454it [5:59:35 bound:270 nc:1104 ncall:1.5e+07 eff:0.1% logz-ratio=105.18+/-0.14 dlogz:15.645>0.1]
20516it [6:01:34 bound:271 nc:1253 ncall:1.5e+07 eff:0.1% logz-ratio=105.39+/-0.14 dlogz:15.371>0.1]
20576it [6:03:13 bound:272 nc:1307 ncall:1.5e+07 eff:0.1% logz-ratio=105.59+/-0.14 dlogz:15.112>0.1]
20637it [6:05:00 bound:273 nc:1108 ncall:1.5e+07 eff:0.1% logz-ratio=105.80+/-0.14 dlogz:14.851>0.1]
20700it [6:06:57 bound:274 nc:1055 ncall:1.5e+07 eff:0.1% logz-ratio=106.00+/-0.14 dlogz:14.584>0.1]
20762it [6:08:34 bound:275 nc:854 ncall:1.5e+07 eff:0.1% logz-ratio=106.19+/-0.14 dlogz:14.330>0.1]
20823it [6:10:24 bound:276 nc:966 ncall:1.5e+07 eff:0.1% logz-ratio=106.38+/-0.14 dlogz:14.086>0.1]
20887it [6:12:15 bound:277 nc:1090 ncall:1.5e+07 eff:0.1% logz-ratio=106.56+/-0.14 dlogz:13.838>0.1]
20949it [6:14:07 bound:278 nc:3524 ncall:1.5e+07 eff:0.1% logz-ratio=106.74+/-0.14 dlogz:13.598>0.1]
21012it [6:16:05 bound:279 nc:1341 ncall:1.6e+07 eff:0.1% logz-ratio=106.92+/-0.14 dlogz:13.363>0.1]
21075it [6:17:59 bound:280 nc:1122 ncall:1.6e+07 eff:0.1% logz-ratio=107.08+/-0.14 dlogz:13.139>0.1]
21137it [6:19:57 bound:281 nc:277 ncall:1.6e+07 eff:0.1% logz-ratio=107.24+/-0.14 dlogz:12.919>0.1]
21200it [6:21:43 bound:282 nc:1017 ncall:1.6e+07 eff:0.1% logz-ratio=107.40+/-0.14 dlogz:12.698>0.1]
21261it [6:23:28 bound:283 nc:1290 ncall:1.6e+07 eff:0.1% logz-ratio=107.55+/-0.14 dlogz:12.483>0.1]
21323it [6:25:10 bound:284 nc:1028 ncall:1.6e+07 eff:0.1% logz-ratio=107.71+/-0.14 dlogz:12.265>0.1]
21386it [6:26:53 bound:285 nc:909 ncall:1.6e+07 eff:0.1% logz-ratio=107.87+/-0.14 dlogz:12.046>0.1]
21447it [6:28:44 bound:286 nc:1207 ncall:1.6e+07 eff:0.1% logz-ratio=108.02+/-0.14 dlogz:11.835>0.1]
21509it [6:30:22 bound:287 nc:1609 ncall:1.6e+07 eff:0.1% logz-ratio=108.17+/-0.14 dlogz:11.620>0.1]
21572it [6:31:56 bound:288 nc:1036 ncall:1.6e+07 eff:0.1% logz-ratio=108.32+/-0.14 dlogz:11.409>0.1]
21636it [6:33:46 bound:289 nc:1357 ncall:1.6e+07 eff:0.1% logz-ratio=108.47+/-0.14 dlogz:11.202>0.1]
21698it [6:35:27 bound:290 nc:1223 ncall:1.6e+07 eff:0.1% logz-ratio=108.60+/-0.14 dlogz:11.006>0.1]
21760it [6:37:14 bound:291 nc:1777 ncall:1.6e+07 eff:0.1% logz-ratio=108.74+/-0.14 dlogz:10.812>0.1]
21823it [6:39:06 bound:292 nc:1184 ncall:1.7e+07 eff:0.1% logz-ratio=108.87+/-0.14 dlogz:10.620>0.1]
21885it [6:40:53 bound:293 nc:1036 ncall:1.7e+07 eff:0.1% logz-ratio=108.99+/-0.14 dlogz:10.435>0.1]
21947it [6:42:48 bound:294 nc:2828 ncall:1.7e+07 eff:0.1% logz-ratio=109.11+/-0.14 dlogz:10.253>0.1]
22010it [6:44:28 bound:295 nc:1046 ncall:1.7e+07 eff:0.1% logz-ratio=109.24+/-0.14 dlogz:10.066>0.1]
22072it [6:46:20 bound:296 nc:1435 ncall:1.7e+07 eff:0.1% logz-ratio=109.36+/-0.14 dlogz:9.880>0.1]
22135it [6:48:01 bound:297 nc:1452 ncall:1.7e+07 eff:0.1% logz-ratio=109.49+/-0.14 dlogz:9.696>0.1]
22199it [6:50:07 bound:298 nc:1513 ncall:1.7e+07 eff:0.1% logz-ratio=109.61+/-0.14 dlogz:9.511>0.1]
22261it [6:52:01 bound:299 nc:1018 ncall:1.7e+07 eff:0.1% logz-ratio=109.73+/-0.14 dlogz:9.330>0.1]
22324it [6:54:00 bound:300 nc:969 ncall:1.7e+07 eff:0.1% logz-ratio=109.85+/-0.14 dlogz:9.149>0.1]
22388it [6:56:02 bound:301 nc:1564 ncall:1.7e+07 eff:0.1% logz-ratio=109.97+/-0.14 dlogz:8.968>0.1]
22451it [6:58:03 bound:302 nc:990 ncall:1.7e+07 eff:0.1% logz-ratio=110.08+/-0.14 dlogz:8.795>0.1]
22514it [6:59:58 bound:303 nc:960 ncall:1.7e+07 eff:0.1% logz-ratio=110.19+/-0.14 dlogz:8.624>0.1]
22578it [7:01:53 bound:304 nc:1326 ncall:1.7e+07 eff:0.1% logz-ratio=110.30+/-0.14 dlogz:8.452>0.1]
22642it [7:03:53 bound:305 nc:1141 ncall:1.8e+07 eff:0.1% logz-ratio=110.41+/-0.14 dlogz:8.282>0.1]
22704it [7:05:40 bound:306 nc:992 ncall:1.8e+07 eff:0.1% logz-ratio=110.51+/-0.14 dlogz:8.119>0.1]
22766it [7:07:58 bound:307 nc:1820 ncall:1.8e+07 eff:0.1% logz-ratio=110.61+/-0.14 dlogz:7.957>0.1]
22828it [7:09:43 bound:308 nc:933 ncall:1.8e+07 eff:0.1% logz-ratio=110.71+/-0.14 dlogz:7.797>0.1]
22888it [7:11:29 bound:309 nc:458 ncall:1.8e+07 eff:0.1% logz-ratio=110.80+/-0.14 dlogz:7.647>0.1]
22950it [7:13:21 bound:310 nc:1194 ncall:1.8e+07 eff:0.1% logz-ratio=110.89+/-0.14 dlogz:7.493>0.1]
23014it [7:15:04 bound:311 nc:1116 ncall:1.8e+07 eff:0.1% logz-ratio=110.99+/-0.14 dlogz:7.338>0.1]
23077it [7:16:48 bound:312 nc:1655 ncall:1.8e+07 eff:0.1% logz-ratio=111.08+/-0.14 dlogz:7.188>0.1]
23139it [7:18:39 bound:313 nc:1773 ncall:1.8e+07 eff:0.1% logz-ratio=111.16+/-0.15 dlogz:7.215>0.1]
23200it [7:20:50 bound:314 nc:1581 ncall:1.8e+07 eff:0.1% logz-ratio=111.25+/-0.15 dlogz:7.072>0.1]
23261it [7:22:57 bound:315 nc:1385 ncall:1.8e+07 eff:0.1% logz-ratio=111.33+/-0.15 dlogz:6.932>0.1]
23323it [7:24:52 bound:316 nc:1643 ncall:1.8e+07 eff:0.1% logz-ratio=111.41+/-0.15 dlogz:6.793>0.1]
23383it [7:26:38 bound:317 nc:822 ncall:1.8e+07 eff:0.1% logz-ratio=111.48+/-0.15 dlogz:6.659>0.1]
23446it [7:28:31 bound:318 nc:1275 ncall:1.9e+07 eff:0.1% logz-ratio=111.56+/-0.15 dlogz:6.572>0.1]
23510it [7:30:35 bound:319 nc:1694 ncall:1.9e+07 eff:0.1% logz-ratio=111.64+/-0.15 dlogz:6.432>0.1]
23571it [7:32:31 bound:320 nc:800 ncall:1.9e+07 eff:0.1% logz-ratio=111.71+/-0.15 dlogz:6.300>0.1]
23634it [7:34:29 bound:321 nc:1877 ncall:1.9e+07 eff:0.1% logz-ratio=111.78+/-0.15 dlogz:6.165>0.1]
23695it [7:36:26 bound:322 nc:1288 ncall:1.9e+07 eff:0.1% logz-ratio=111.85+/-0.15 dlogz:6.037>0.1]
23758it [7:38:17 bound:323 nc:1330 ncall:1.9e+07 eff:0.1% logz-ratio=111.92+/-0.15 dlogz:5.907>0.1]
23821it [7:40:20 bound:324 nc:1430 ncall:1.9e+07 eff:0.1% logz-ratio=111.99+/-0.15 dlogz:5.780>0.1]
23884it [7:42:15 bound:325 nc:1173 ncall:1.9e+07 eff:0.1% logz-ratio=112.05+/-0.15 dlogz:5.654>0.1]
23946it [7:44:13 bound:326 nc:1120 ncall:1.9e+07 eff:0.1% logz-ratio=112.11+/-0.15 dlogz:5.531>0.1]
24010it [7:46:17 bound:327 nc:1483 ncall:1.9e+07 eff:0.1% logz-ratio=112.18+/-0.15 dlogz:5.406>0.1]
24073it [7:48:15 bound:328 nc:1326 ncall:1.9e+07 eff:0.1% logz-ratio=112.24+/-0.15 dlogz:5.284>0.1]
24134it [7:50:20 bound:329 nc:1777 ncall:1.9e+07 eff:0.1% logz-ratio=112.30+/-0.15 dlogz:5.166>0.1]
24197it [7:52:25 bound:330 nc:990 ncall:2.0e+07 eff:0.1% logz-ratio=112.36+/-0.15 dlogz:5.046>0.1]
24261it [7:54:25 bound:331 nc:749 ncall:2.0e+07 eff:0.1% logz-ratio=112.41+/-0.15 dlogz:4.926>0.1]
24322it [7:56:27 bound:332 nc:1010 ncall:2.0e+07 eff:0.1% logz-ratio=112.47+/-0.15 dlogz:4.814>0.1]
24381it [7:58:28 bound:333 nc:2027 ncall:2.0e+07 eff:0.1% logz-ratio=112.52+/-0.15 dlogz:4.707>0.1]
24443it [8:00:14 bound:334 nc:1082 ncall:2.0e+07 eff:0.1% logz-ratio=112.57+/-0.15 dlogz:4.595>0.1]
24505it [8:02:19 bound:335 nc:2074 ncall:2.0e+07 eff:0.1% logz-ratio=112.62+/-0.15 dlogz:4.485>0.1]
24569it [8:04:29 bound:336 nc:1716 ncall:2.0e+07 eff:0.1% logz-ratio=112.67+/-0.15 dlogz:4.371>0.1]
24630it [8:06:40 bound:337 nc:1095 ncall:2.0e+07 eff:0.1% logz-ratio=112.72+/-0.15 dlogz:4.265>0.1]
24693it [8:08:59 bound:338 nc:1529 ncall:2.0e+07 eff:0.1% logz-ratio=112.77+/-0.15 dlogz:4.157>0.1]
24754it [8:10:57 bound:339 nc:1518 ncall:2.0e+07 eff:0.1% logz-ratio=112.82+/-0.15 dlogz:4.053>0.1]
24818it [8:13:02 bound:340 nc:1500 ncall:2.0e+07 eff:0.1% logz-ratio=112.86+/-0.15 dlogz:3.946>0.1]
24880it [8:15:01 bound:341 nc:1716 ncall:2.1e+07 eff:0.1% logz-ratio=112.91+/-0.15 dlogz:3.844>0.1]
24942it [8:16:51 bound:342 nc:3685 ncall:2.1e+07 eff:0.1% logz-ratio=112.95+/-0.15 dlogz:3.848>0.1]
25005it [8:19:00 bound:343 nc:1840 ncall:2.1e+07 eff:0.1% logz-ratio=112.99+/-0.15 dlogz:3.746>0.1]
25068it [8:20:59 bound:344 nc:796 ncall:2.1e+07 eff:0.1% logz-ratio=113.03+/-0.15 dlogz:3.646>0.1]
25129it [8:22:58 bound:345 nc:1390 ncall:2.1e+07 eff:0.1% logz-ratio=113.07+/-0.15 dlogz:3.609>0.1]
25188it [8:25:17 bound:346 nc:1091 ncall:2.1e+07 eff:0.1% logz-ratio=113.11+/-0.15 dlogz:3.517>0.1]
25247it [8:27:20 bound:347 nc:1053 ncall:2.1e+07 eff:0.1% logz-ratio=113.15+/-0.15 dlogz:3.426>0.1]
25310it [8:29:23 bound:348 nc:1058 ncall:2.1e+07 eff:0.1% logz-ratio=113.18+/-0.15 dlogz:3.330>0.1]
25373it [8:31:35 bound:349 nc:1880 ncall:2.1e+07 eff:0.1% logz-ratio=113.22+/-0.15 dlogz:3.235>0.1]
25436it [8:33:36 bound:350 nc:1028 ncall:2.1e+07 eff:0.1% logz-ratio=113.26+/-0.15 dlogz:3.141>0.1]
25495it [8:35:34 bound:351 nc:1427 ncall:2.1e+07 eff:0.1% logz-ratio=113.29+/-0.15 dlogz:3.054>0.1]
25557it [8:37:39 bound:352 nc:1999 ncall:2.1e+07 eff:0.1% logz-ratio=113.33+/-0.15 dlogz:2.964>0.1]
25619it [8:39:50 bound:353 nc:1514 ncall:2.2e+07 eff:0.1% logz-ratio=113.36+/-0.15 dlogz:2.875>0.1]
25680it [8:41:49 bound:354 nc:744 ncall:2.2e+07 eff:0.1% logz-ratio=113.39+/-0.15 dlogz:2.788>0.1]
25740it [8:43:59 bound:355 nc:2504 ncall:2.2e+07 eff:0.1% logz-ratio=113.42+/-0.15 dlogz:2.704>0.1]
25803it [8:46:09 bound:356 nc:1395 ncall:2.2e+07 eff:0.1% logz-ratio=113.45+/-0.15 dlogz:2.618>0.1]
25867it [8:48:12 bound:357 nc:1466 ncall:2.2e+07 eff:0.1% logz-ratio=113.49+/-0.15 dlogz:2.531>0.1]
25930it [8:50:21 bound:358 nc:1543 ncall:2.2e+07 eff:0.1% logz-ratio=113.52+/-0.15 dlogz:2.447>0.1]
25991it [8:52:39 bound:359 nc:1418 ncall:2.2e+07 eff:0.1% logz-ratio=113.54+/-0.15 dlogz:2.368>0.1]
26055it [8:55:00 bound:360 nc:1173 ncall:2.2e+07 eff:0.1% logz-ratio=113.57+/-0.15 dlogz:2.285>0.1]
26119it [8:57:20 bound:361 nc:1673 ncall:2.2e+07 eff:0.1% logz-ratio=113.60+/-0.15 dlogz:2.657>0.1]
26181it [8:59:19 bound:362 nc:2001 ncall:2.2e+07 eff:0.1% logz-ratio=113.63+/-0.15 dlogz:3.132>0.1]
26245it [9:01:50 bound:363 nc:1532 ncall:2.2e+07 eff:0.1% logz-ratio=113.65+/-0.15 dlogz:3.047>0.1]
26307it [9:04:06 bound:364 nc:1705 ncall:2.3e+07 eff:0.1% logz-ratio=113.68+/-0.15 dlogz:2.966>0.1]
26369it [9:06:27 bound:365 nc:3171 ncall:2.3e+07 eff:0.1% logz-ratio=113.70+/-0.15 dlogz:2.885>0.1]
26432it [9:08:47 bound:366 nc:1473 ncall:2.3e+07 eff:0.1% logz-ratio=113.73+/-0.15 dlogz:2.805>0.1]
26496it [9:11:31 bound:367 nc:899 ncall:2.3e+07 eff:0.1% logz-ratio=113.75+/-0.15 dlogz:2.724>0.1]
26557it [9:13:32 bound:368 nc:1445 ncall:2.3e+07 eff:0.1% logz-ratio=113.77+/-0.15 dlogz:2.648>0.1]
26620it [9:15:32 bound:369 nc:1382 ncall:2.3e+07 eff:0.1% logz-ratio=113.79+/-0.15 dlogz:2.571>0.1]
26679it [9:17:36 bound:370 nc:1664 ncall:2.3e+07 eff:0.1% logz-ratio=113.81+/-0.15 dlogz:2.500>0.1]
26740it [9:19:33 bound:371 nc:1860 ncall:2.3e+07 eff:0.1% logz-ratio=113.83+/-0.15 dlogz:2.427>0.1]
26800it [9:21:35 bound:372 nc:1745 ncall:2.3e+07 eff:0.1% logz-ratio=113.85+/-0.15 dlogz:2.357>0.1]
26862it [9:23:45 bound:373 nc:1500 ncall:2.3e+07 eff:0.1% logz-ratio=113.87+/-0.15 dlogz:2.285>0.1]
26925it [9:26:05 bound:374 nc:1428 ncall:2.3e+07 eff:0.1% logz-ratio=113.89+/-0.15 dlogz:2.214>0.1]
26987it [9:28:08 bound:375 nc:832 ncall:2.4e+07 eff:0.1% logz-ratio=113.91+/-0.15 dlogz:2.144>0.1]
27050it [9:30:21 bound:376 nc:994 ncall:2.4e+07 eff:0.1% logz-ratio=113.92+/-0.15 dlogz:2.075>0.1]
27111it [9:32:26 bound:377 nc:2020 ncall:2.4e+07 eff:0.1% logz-ratio=113.94+/-0.15 dlogz:2.009>0.1]
27173it [9:34:24 bound:378 nc:858 ncall:2.4e+07 eff:0.1% logz-ratio=113.96+/-0.15 dlogz:1.943>0.1]
27233it [9:36:37 bound:379 nc:1081 ncall:2.4e+07 eff:0.1% logz-ratio=113.97+/-0.15 dlogz:1.880>0.1]
27295it [9:38:46 bound:380 nc:1209 ncall:2.4e+07 eff:0.1% logz-ratio=113.99+/-0.15 dlogz:1.817>0.1]
27358it [9:41:01 bound:381 nc:1506 ncall:2.4e+07 eff:0.1% logz-ratio=114.00+/-0.15 dlogz:1.753>0.1]
27422it [9:43:24 bound:382 nc:1945 ncall:2.4e+07 eff:0.1% logz-ratio=114.02+/-0.15 dlogz:1.690>0.1]
27486it [9:45:56 bound:383 nc:1232 ncall:2.4e+07 eff:0.1% logz-ratio=114.03+/-0.15 dlogz:1.629>0.1]
27548it [9:48:21 bound:384 nc:3173 ncall:2.4e+07 eff:0.1% logz-ratio=114.04+/-0.15 dlogz:1.570>0.1]
27612it [9:50:37 bound:385 nc:771 ncall:2.4e+07 eff:0.1% logz-ratio=114.05+/-0.15 dlogz:1.511>0.1]
27675it [9:52:47 bound:386 nc:1260 ncall:2.5e+07 eff:0.1% logz-ratio=114.07+/-0.15 dlogz:1.454>0.1]
27738it [9:55:07 bound:387 nc:1326 ncall:2.5e+07 eff:0.1% logz-ratio=114.08+/-0.15 dlogz:1.398>0.1]
27800it [9:57:22 bound:388 nc:1392 ncall:2.5e+07 eff:0.1% logz-ratio=114.09+/-0.15 dlogz:1.345>0.1]
27863it [9:59:32 bound:389 nc:1522 ncall:2.5e+07 eff:0.1% logz-ratio=114.10+/-0.15 dlogz:1.292>0.1]
27926it [10:01:52 bound:390 nc:966 ncall:2.5e+07 eff:0.1% logz-ratio=114.11+/-0.15 dlogz:1.240>0.1]
27986it [10:04:07 bound:391 nc:1567 ncall:2.5e+07 eff:0.1% logz-ratio=114.12+/-0.15 dlogz:1.192>0.1]
28050it [10:06:25 bound:392 nc:1549 ncall:2.5e+07 eff:0.1% logz-ratio=114.13+/-0.15 dlogz:1.143>0.1]
28113it [10:08:59 bound:393 nc:1476 ncall:2.5e+07 eff:0.1% logz-ratio=114.14+/-0.15 dlogz:1.095>0.1]
28177it [10:11:32 bound:394 nc:1059 ncall:2.5e+07 eff:0.1% logz-ratio=114.15+/-0.15 dlogz:1.048>0.1]
28238it [10:13:38 bound:395 nc:1501 ncall:2.5e+07 eff:0.1% logz-ratio=114.16+/-0.15 dlogz:1.004>0.1]
28300it [10:15:47 bound:396 nc:1901 ncall:2.6e+07 eff:0.1% logz-ratio=114.17+/-0.15 dlogz:0.961>0.1]
28364it [10:18:04 bound:397 nc:1598 ncall:2.6e+07 eff:0.1% logz-ratio=114.17+/-0.15 dlogz:0.918>0.1]
28427it [10:20:19 bound:398 nc:2081 ncall:2.6e+07 eff:0.1% logz-ratio=114.18+/-0.15 dlogz:0.877>0.1]
28489it [10:22:41 bound:399 nc:1391 ncall:2.6e+07 eff:0.1% logz-ratio=114.19+/-0.15 dlogz:0.838>0.1]
28553it [10:25:08 bound:400 nc:1178 ncall:2.6e+07 eff:0.1% logz-ratio=114.20+/-0.15 dlogz:0.808>0.1]
28617it [10:27:45 bound:401 nc:1663 ncall:2.6e+07 eff:0.1% logz-ratio=114.20+/-0.15 dlogz:0.770>0.1]
28680it [10:30:14 bound:402 nc:1543 ncall:2.6e+07 eff:0.1% logz-ratio=114.21+/-0.15 dlogz:0.734>0.1]
28744it [10:32:34 bound:403 nc:1486 ncall:2.6e+07 eff:0.1% logz-ratio=114.22+/-0.15 dlogz:0.699>0.1]
28806it [10:35:00 bound:404 nc:954 ncall:2.6e+07 eff:0.1% logz-ratio=114.22+/-0.15 dlogz:0.666>0.1]
28870it [10:37:14 bound:405 nc:1927 ncall:2.6e+07 eff:0.1% logz-ratio=114.23+/-0.15 dlogz:0.633>0.1]
28933it [10:39:45 bound:406 nc:1463 ncall:2.7e+07 eff:0.1% logz-ratio=114.23+/-0.15 dlogz:0.603>0.1]
28996it [10:41:55 bound:407 nc:1377 ncall:2.7e+07 eff:0.1% logz-ratio=114.24+/-0.15 dlogz:0.573>0.1]
29059it [10:44:10 bound:408 nc:1800 ncall:2.7e+07 eff:0.1% logz-ratio=114.24+/-0.15 dlogz:0.544>0.1]
29122it [10:46:23 bound:409 nc:696 ncall:2.7e+07 eff:0.1% logz-ratio=114.25+/-0.15 dlogz:0.517>0.1]
29184it [10:48:24 bound:410 nc:1687 ncall:2.7e+07 eff:0.1% logz-ratio=114.25+/-0.15 dlogz:0.491>0.1]
29247it [10:50:44 bound:411 nc:1269 ncall:2.7e+07 eff:0.1% logz-ratio=114.26+/-0.15 dlogz:0.466>0.1]
29308it [10:53:09 bound:412 nc:1994 ncall:2.7e+07 eff:0.1% logz-ratio=114.26+/-0.15 dlogz:0.443>0.1]
29369it [10:55:30 bound:413 nc:1645 ncall:2.7e+07 eff:0.1% logz-ratio=114.27+/-0.15 dlogz:0.472>0.1]
29430it [10:57:50 bound:414 nc:1236 ncall:2.7e+07 eff:0.1% logz-ratio=114.27+/-0.15 dlogz:0.449>0.1]
29493it [11:00:29 bound:415 nc:1277 ncall:2.7e+07 eff:0.1% logz-ratio=114.28+/-0.15 dlogz:0.425>0.1]
29552it [11:03:00 bound:416 nc:1297 ncall:2.8e+07 eff:0.1% logz-ratio=114.28+/-0.15 dlogz:0.405>0.1]
29613it [11:05:35 bound:417 nc:1577 ncall:2.8e+07 eff:0.1% logz-ratio=114.28+/-0.15 dlogz:0.384>0.1]
29675it [11:08:11 bound:418 nc:2556 ncall:2.8e+07 eff:0.1% logz-ratio=114.29+/-0.15 dlogz:0.364>0.1]
29736it [11:10:37 bound:419 nc:4179 ncall:2.8e+07 eff:0.1% logz-ratio=114.29+/-0.15 dlogz:0.345>0.1]
29798it [11:13:02 bound:420 nc:1817 ncall:2.8e+07 eff:0.1% logz-ratio=114.29+/-0.15 dlogz:0.327>0.1]
29860it [11:15:36 bound:421 nc:1618 ncall:2.8e+07 eff:0.1% logz-ratio=114.30+/-0.15 dlogz:0.310>0.1]
29922it [11:18:05 bound:422 nc:1222 ncall:2.8e+07 eff:0.1% logz-ratio=114.30+/-0.15 dlogz:0.293>0.1]
29985it [11:20:32 bound:423 nc:1174 ncall:2.8e+07 eff:0.1% logz-ratio=114.30+/-0.15 dlogz:0.277>0.1]
30047it [11:22:55 bound:424 nc:1188 ncall:2.8e+07 eff:0.1% logz-ratio=114.31+/-0.15 dlogz:0.262>0.1]
30107it [11:25:04 bound:425 nc:1520 ncall:2.8e+07 eff:0.1% logz-ratio=114.31+/-0.15 dlogz:0.248>0.1]
30171it [11:27:36 bound:426 nc:1724 ncall:2.9e+07 eff:0.1% logz-ratio=114.31+/-0.15 dlogz:0.234>0.1]
30233it [11:30:10 bound:427 nc:2207 ncall:2.9e+07 eff:0.1% logz-ratio=114.31+/-0.15 dlogz:0.232>0.1]
30295it [11:32:33 bound:428 nc:2369 ncall:2.9e+07 eff:0.1% logz-ratio=114.32+/-0.15 dlogz:0.219>0.1]
30358it [11:34:49 bound:429 nc:930 ncall:2.9e+07 eff:0.1% logz-ratio=114.32+/-0.15 dlogz:0.207>0.1]
30420it [11:37:05 bound:430 nc:1818 ncall:2.9e+07 eff:0.1% logz-ratio=114.32+/-0.15 dlogz:0.196>0.1]
30479it [11:39:33 bound:431 nc:3913 ncall:2.9e+07 eff:0.1% logz-ratio=114.32+/-0.15 dlogz:0.185>0.1]
30543it [11:41:55 bound:432 nc:1665 ncall:2.9e+07 eff:0.1% logz-ratio=114.33+/-0.15 dlogz:0.175>0.1]
30605it [11:44:14 bound:433 nc:1902 ncall:2.9e+07 eff:0.1% logz-ratio=114.33+/-0.15 dlogz:0.165>0.1]
30668it [11:46:38 bound:434 nc:1670 ncall:2.9e+07 eff:0.1% logz-ratio=114.33+/-0.15 dlogz:0.155>0.1]
30730it [11:49:15 bound:435 nc:890 ncall:3.0e+07 eff:0.1% logz-ratio=114.33+/-0.15 dlogz:0.147>0.1]
30792it [11:51:42 bound:436 nc:1342 ncall:3.0e+07 eff:0.1% logz-ratio=114.33+/-0.15 dlogz:0.138>0.1]
30853it [11:54:19 bound:437 nc:2567 ncall:3.0e+07 eff:0.1% logz-ratio=114.33+/-0.15 dlogz:0.131>0.1]
30913it [11:56:51 bound:438 nc:1648 ncall:3.0e+07 eff:0.1% logz-ratio=114.34+/-0.15 dlogz:0.124>0.1]
30974it [11:59:10 bound:439 nc:1292 ncall:3.0e+07 eff:0.1% logz-ratio=114.34+/-0.15 dlogz:0.117>0.1]
31037it [12:01:13 bound:440 nc:1824 ncall:3.0e+07 eff:0.1% logz-ratio=114.34+/-0.15 dlogz:0.110>0.1]
31101it [12:03:35 bound:441 nc:1675 ncall:3.0e+07 eff:0.1% logz-ratio=114.34+/-0.15 dlogz:0.103>0.1]
At this point, we cannot create a float from 0       1.486379
1       1.486554
2       1.486164
3       1.486453
4       1.486169
          ...   
4971    1.486693
4972    1.486704
4973    1.486666
4974    1.486671
4975    1.486727
Name: chirp_mass, Length: 4976, dtype: float64, error: cannot convert the series to <class 'float'>
At this point, we cannot create a float from 0       0.743521
1       0.949472
2       0.788343
3       0.788520
4       0.664830
          ...   
4971    0.954302
4972    0.908450
4973    0.873164
4974    0.929801
4975    0.838214
Name: mass_ratio, Length: 4976, dtype: float64, error: cannot convert the series to <class 'float'>
At this point, we cannot create a float from 0       204.129242
1       198.812302
2       214.175323
3       159.410675
4       232.290543
           ...    
4971    241.507248
4972    202.710159
4973    215.206131
4974    192.254059
4975    152.747086
Name: luminosity_distance, Length: 4976, dtype: float64, error: cannot convert the series to <class 'float'>
At this point, we cannot create a float from 0       325.191284
1       191.841919
2       442.921021
3       317.553497
4       831.444580
           ...    
4971     84.717819
4972     84.462898
4973    122.521950
4974    148.272949
4975    172.677338
Name: lambda_2, Length: 4976, dtype: float64, error: cannot convert the series to <class 'float'>
Skipped taking the float value from [1.29953909 2.35868597 1.78948784 ... 0.71471214 1.73686504 0.56430244], error: only length-1 arrays can be converted to Python scalars
At this point, we cannot create a float from [1.48598433 1.48598851 1.4859927  1.48599689 1.48600108 1.48600526
 1.48600945 1.48601364 1.48601783 1.48602202 1.4860262  1.48603039
 1.48603458 1.48603877 1.48604296 1.48604714 1.48605133 1.48605552
 1.48605971 1.4860639  1.48606808 1.48607227 1.48607646 1.48608065
 1.48608483 1.48608902 1.48609321 1.4860974  1.48610159 1.48610577
 1.48610996 1.48611415 1.48611834 1.48612253 1.48612671 1.4861309
 1.48613509 1.48613928 1.48614346 1.48614765 1.48615184 1.48615603
 1.48616022 1.4861644  1.48616859 1.48617278 1.48617697 1.48618116
 1.48618534 1.48618953 1.48619372 1.48619791 1.48620209 1.48620628
 1.48621047 1.48621466 1.48621885 1.48622303 1.48622722 1.48623141
 1.4862356  1.48623979 1.48624397 1.48624816 1.48625235 1.48625654
 1.48626073 1.48626491 1.4862691  1.48627329 1.48627748 1.48628166
 1.48628585 1.48629004 1.48629423 1.48629842 1.4863026  1.48630679
 1.48631098 1.48631517 1.48631936 1.48632354 1.48632773 1.48633192
 1.48633611 1.48634029 1.48634448 1.48634867 1.48635286 1.48635705
 1.48636123 1.48636542 1.48636961 1.4863738  1.48637799 1.48638217
 1.48638636 1.48639055 1.48639474 1.48639892 1.48640311 1.4864073
 1.48641149 1.48641568 1.48641986 1.48642405 1.48642824 1.48643243
 1.48643662 1.4864408  1.48644499 1.48644918 1.48645337 1.48645756
 1.48646174 1.48646593 1.48647012 1.48647431 1.48647849 1.48648268
 1.48648687 1.48649106 1.48649525 1.48649943 1.48650362 1.48650781
 1.486512   1.48651619 1.48652037 1.48652456 1.48652875 1.48653294
 1.48653712 1.48654131 1.4865455  1.48654969 1.48655388 1.48655806
 1.48656225 1.48656644 1.48657063 1.48657482 1.486579   1.48658319
 1.48658738 1.48659157 1.48659576 1.48659994 1.48660413 1.48660832
 1.48661251 1.48661669 1.48662088 1.48662507 1.48662926 1.48663345
 1.48663763 1.48664182 1.48664601 1.4866502  1.48665439 1.48665857
 1.48666276 1.48666695 1.48667114 1.48667532 1.48667951 1.4866837
 1.48668789 1.48669208 1.48669626 1.48670045 1.48670464 1.48670883
 1.48671302 1.4867172  1.48672139 1.48672558 1.48672977 1.48673395
 1.48673814 1.48674233 1.48674652 1.48675071 1.48675489 1.48675908
 1.48676327 1.48676746 1.48677165 1.48677583 1.48678002 1.48678421
 1.4867884  1.48679259 1.48679677 1.48680096 1.48680515 1.48680934
 1.48681352 1.48681771 1.4868219  1.48682609 1.48683028 1.48683446
 1.48683865 1.48684284 1.48684703 1.48685122 1.4868554  1.48685959
 1.48686378 1.48686797 1.48687215 1.48687634 1.48688053 1.48688472
 1.48688891 1.48689309 1.48689728 1.48690147 1.48690566 1.48690985
 1.48691403 1.48691822 1.48692241 1.4869266  1.48693078 1.48693497
 1.48693916 1.48694335 1.48694754 1.48695172 1.48695591 1.4869601
 1.48696429 1.48696848 1.48697266 1.48697685 1.48698104 1.48698523
 1.48698942 1.4869936  1.48699779 1.48700198 1.48700617 1.48701035
 1.48701454 1.48701873 1.48702292 1.48702711 1.48703129 1.48703548
 1.48703967 1.48704386 1.48704805 1.48705223 1.48705642 1.48706061
 1.4870648  1.48706898 1.48707317 1.48707736 1.48708155 1.48708574
 1.48708992 1.48709411 1.4870983  1.48710249 1.48710668 1.48711086
 1.48711505 1.48711924 1.48712343 1.48712762 1.4871318  1.48713599
 1.48714018 1.48714437 1.48714855 1.48715274 1.48715693 1.48716112
 1.48716531 1.48716949 1.48717368 1.48717787 1.48718206 1.48718625
 1.48719043 1.48719462 1.48719881 1.487203   1.48720718 1.48721137
 1.48721556 1.48721975 1.48722394 1.48722812 1.48723231 1.4872365 ], error: only length-1 arrays can be converted to Python scalars
At this point, we cannot create a float from [0.61743861 0.61875417 0.62006973 0.62138528 0.62270084 0.6240164
 0.62533195 0.62664751 0.62796307 0.62927862 0.63059418 0.63190974
 0.63322529 0.63454085 0.6358564  0.63717196 0.63848752 0.63980307
 0.64111863 0.64243419 0.64374974 0.6450653  0.64638086 0.64769641
 0.64901197 0.65032753 0.65164308 0.65295864 0.65427419 0.65558975
 0.65690531 0.65822086 0.65953642 0.66085198 0.66216753 0.66348309
 0.66479865 0.6661142  0.66742976 0.66874532 0.67006087 0.67137643
 0.67269198 0.67400754 0.6753231  0.67663865 0.67795421 0.67926977
 0.68058532 0.68190088 0.68321644 0.68453199 0.68584755 0.68716311
 0.68847866 0.68979422 0.69110978 0.69242533 0.69374089 0.69505644
 0.696372   0.69768756 0.69900311 0.70031867 0.70163423 0.70294978
 0.70426534 0.7055809  0.70689645 0.70821201 0.70952757 0.71084312
 0.71215868 0.71347423 0.71478979 0.71610535 0.7174209  0.71873646
 0.72005202 0.72136757 0.72268313 0.72399869 0.72531424 0.7266298
 0.72794536 0.72926091 0.73057647 0.73189202 0.73320758 0.73452314
 0.73583869 0.73715425 0.73846981 0.73978536 0.74110092 0.74241648
 0.74373203 0.74504759 0.74636315 0.7476787  0.74899426 0.75030981
 0.75162537 0.75294093 0.75425648 0.75557204 0.7568876  0.75820315
 0.75951871 0.76083427 0.76214982 0.76346538 0.76478094 0.76609649
 0.76741205 0.76872761 0.77004316 0.77135872 0.77267427 0.77398983
 0.77530539 0.77662094 0.7779365  0.77925206 0.78056761 0.78188317
 0.78319873 0.78451428 0.78582984 0.7871454  0.78846095 0.78977651
 0.79109206 0.79240762 0.79372318 0.79503873 0.79635429 0.79766985
 0.7989854  0.80030096 0.80161652 0.80293207 0.80424763 0.80556319
 0.80687874 0.8081943  0.80950985 0.81082541 0.81214097 0.81345652
 0.81477208 0.81608764 0.81740319 0.81871875 0.82003431 0.82134986
 0.82266542 0.82398098 0.82529653 0.82661209 0.82792765 0.8292432
 0.83055876 0.83187431 0.83318987 0.83450543 0.83582098 0.83713654
 0.8384521  0.83976765 0.84108321 0.84239877 0.84371432 0.84502988
 0.84634544 0.84766099 0.84897655 0.8502921  0.85160766 0.85292322
 0.85423877 0.85555433 0.85686989 0.85818544 0.859501   0.86081656
 0.86213211 0.86344767 0.86476323 0.86607878 0.86739434 0.86870989
 0.87002545 0.87134101 0.87265656 0.87397212 0.87528768 0.87660323
 0.87791879 0.87923435 0.8805499  0.88186546 0.88318102 0.88449657
 0.88581213 0.88712768 0.88844324 0.8897588  0.89107435 0.89238991
 0.89370547 0.89502102 0.89633658 0.89765214 0.89896769 0.90028325
 0.90159881 0.90291436 0.90422992 0.90554548 0.90686103 0.90817659
 0.90949214 0.9108077  0.91212326 0.91343881 0.91475437 0.91606993
 0.91738548 0.91870104 0.9200166  0.92133215 0.92264771 0.92396327
 0.92527882 0.92659438 0.92790993 0.92922549 0.93054105 0.9318566
 0.93317216 0.93448772 0.93580327 0.93711883 0.93843439 0.93974994
 0.9410655  0.94238106 0.94369661 0.94501217 0.94632772 0.94764328
 0.94895884 0.95027439 0.95158995 0.95290551 0.95422106 0.95553662
 0.95685218 0.95816773 0.95948329 0.96079885 0.9621144  0.96342996
 0.96474551 0.96606107 0.96737663 0.96869218 0.97000774 0.9713233
 0.97263885 0.97395441 0.97526997 0.97658552 0.97790108 0.97921664
 0.98053219 0.98184775 0.98316331 0.98447886 0.98579442 0.98710997
 0.98842553 0.98974109 0.99105664 0.9923722  0.99368776 0.99500331
 0.99631887 0.99763443 0.99894998 1.00026554 1.0015811  1.00289665
 1.00421221 1.00552776 1.00684332 1.00815888 1.00947443 1.01078999], error: only length-1 arrays can be converted to Python scalars
At this point, we cannot create a float from [ 62.29351425  63.11125522  63.9289962   64.74673717  65.56447814
  66.38221912  67.19996009  68.01770106  68.83544204  69.65318301
  70.47092398  71.28866495  72.10640593  72.9241469   73.74188787
  74.55962885  75.37736982  76.19511079  77.01285177  77.83059274
  78.64833371  79.46607469  80.28381566  81.10155663  81.9192976
  82.73703858  83.55477955  84.37252052  85.1902615   86.00800247
  86.82574344  87.64348442  88.46122539  89.27896636  90.09670733
  90.91444831  91.73218928  92.54993025  93.36767123  94.1854122
  95.00315317  95.82089415  96.63863512  97.45637609  98.27411706
  99.09185804  99.90959901 100.72733998 101.54508096 102.36282193
 103.1805629  103.99830388 104.81604485 105.63378582 106.45152679
 107.26926777 108.08700874 108.90474971 109.72249069 110.54023166
 111.35797263 112.17571361 112.99345458 113.81119555 114.62893653
 115.4466775  116.26441847 117.08215944 117.89990042 118.71764139
 119.53538236 120.35312334 121.17086431 121.98860528 122.80634626
 123.62408723 124.4418282  125.25956917 126.07731015 126.89505112
 127.71279209 128.53053307 129.34827404 130.16601501 130.98375599
 131.80149696 132.61923793 133.4369789  134.25471988 135.07246085
 135.89020182 136.7079428  137.52568377 138.34342474 139.16116572
 139.97890669 140.79664766 141.61438863 142.43212961 143.24987058
 144.06761155 144.88535253 145.7030935  146.52083447 147.33857545
 148.15631642 148.97405739 149.79179837 150.60953934 151.42728031
 152.24502128 153.06276226 153.88050323 154.6982442  155.51598518
 156.33372615 157.15146712 157.9692081  158.78694907 159.60469004
 160.42243101 161.24017199 162.05791296 162.87565393 163.69339491
 164.51113588 165.32887685 166.14661783 166.9643588  167.78209977
 168.59984074 169.41758172 170.23532269 171.05306366 171.87080464
 172.68854561 173.50628658 174.32402756 175.14176853 175.9595095
 176.77725047 177.59499145 178.41273242 179.23047339 180.04821437
 180.86595534 181.68369631 182.50143729 183.31917826 184.13691923
 184.95466021 185.77240118 186.59014215 187.40788312 188.2256241
 189.04336507 189.86110604 190.67884702 191.49658799 192.31432896
 193.13206994 193.94981091 194.76755188 195.58529285 196.40303383
 197.2207748  198.03851577 198.85625675 199.67399772 200.49173869
 201.30947967 202.12722064 202.94496161 203.76270258 204.58044356
 205.39818453 206.2159255  207.03366648 207.85140745 208.66914842
 209.4868894  210.30463037 211.12237134 211.94011231 212.75785329
 213.57559426 214.39333523 215.21107621 216.02881718 216.84655815
 217.66429913 218.4820401  219.29978107 220.11752205 220.93526302
 221.75300399 222.57074496 223.38848594 224.20622691 225.02396788
 225.84170886 226.65944983 227.4771908  228.29493178 229.11267275
 229.93041372 230.74815469 231.56589567 232.38363664 233.20137761
 234.01911859 234.83685956 235.65460053 236.47234151 237.29008248
 238.10782345 238.92556442 239.7433054  240.56104637 241.37878734
 242.19652832 243.01426929 243.83201026 244.64975124 245.46749221
 246.28523318 247.10297415 247.92071513 248.7384561  249.55619707
 250.37393805 251.19167902 252.00941999 252.82716097 253.64490194
 254.46264291 255.28038389 256.09812486 256.91586583 257.7336068
 258.55134778 259.36908875 260.18682972 261.0045707  261.82231167
 262.64005264 263.45779362 264.27553459 265.09327556 265.91101653
 266.72875751 267.54649848 268.36423945 269.18198043 269.9997214
 270.81746237 271.63520335 272.45294432 273.27068529 274.08842626
 274.90616724 275.72390821 276.54164918 277.35939016 278.17713113
 278.9948721  279.81261308 280.63035405 281.44809502 282.26583599
 283.08357697 283.90131794 284.71905891 285.53679989 286.35454086
 287.17228183 287.99002281 288.80776378 289.62550475 290.44324573
 291.2609867  292.07872767 292.89646864 293.71420962 294.53195059
 295.34969156 296.16743254 296.98517351 297.80291448 298.62065546
 299.43839643 300.2561374  301.07387837 301.89161935 302.70936032
 303.52710129 304.34484227 305.16258324 305.98032421 306.79806519], error: only length-1 arrays can be converted to Python scalars
At this point, we cannot create a float from [ 68.97283936  71.82134622  74.66985308  77.51835995  80.36686681
  83.21537367  86.06388054  88.9123874   91.76089427  94.60940113
  97.45790799 100.30641486 103.15492172 106.00342858 108.85193545
 111.70044231 114.54894917 117.39745604 120.2459629  123.09446977
 125.94297663 128.79148349 131.63999036 134.48849722 137.33700408
 140.18551095 143.03401781 145.88252468 148.73103154 151.5795384
 154.42804527 157.27655213 160.12505899 162.97356586 165.82207272
 168.67057958 171.51908645 174.36759331 177.21610018 180.06460704
 182.9131139  185.76162077 188.61012763 191.45863449 194.30714136
 197.15564822 200.00415509 202.85266195 205.70116881 208.54967568
 211.39818254 214.2466894  217.09519627 219.94370313 222.79221
 225.64071686 228.48922372 231.33773059 234.18623745 237.03474431
 239.88325118 242.73175804 245.5802649  248.42877177 251.27727863
 254.1257855  256.97429236 259.82279922 262.67130609 265.51981295
 268.36831981 271.21682668 274.06533354 276.91384041 279.76234727
 282.61085413 285.459361   288.30786786 291.15637472 294.00488159
 296.85338845 299.70189532 302.55040218 305.39890904 308.24741591
 311.09592277 313.94442963 316.7929365  319.64144336 322.48995022
 325.33845709 328.18696395 331.03547082 333.88397768 336.73248454
 339.58099141 342.42949827 345.27800513 348.126512   350.97501886
 353.82352573 356.67203259 359.52053945 362.36904632 365.21755318
 368.06606004 370.91456691 373.76307377 376.61158063 379.4600875
 382.30859436 385.15710123 388.00560809 390.85411495 393.70262182
 396.55112868 399.39963554 402.24814241 405.09664927 407.94515614
 410.793663   413.64216986 416.49067673 419.33918359 422.18769045
 425.03619732 427.88470418 430.73321105 433.58171791 436.43022477
 439.27873164 442.1272385  444.97574536 447.82425223 450.67275909
 453.52126595 456.36977282 459.21827968 462.06678655 464.91529341
 467.76380027 470.61230714 473.460814   476.30932086 479.15782773
 482.00633459 484.85484146 487.70334832 490.55185518 493.40036205
 496.24886891 499.09737577 501.94588264 504.7943895  507.64289637
 510.49140323 513.33991009 516.18841696 519.03692382 521.88543068
 524.73393755 527.58244441 530.43095127 533.27945814 536.127965
 538.97647187 541.82497873 544.67348559 547.52199246 550.37049932
 553.21900618 556.06751305 558.91601991 561.76452678 564.61303364
 567.4615405  570.31004737 573.15855423 576.00706109 578.85556796
 581.70407482 584.55258169 587.40108855 590.24959541 593.09810228
 595.94660914 598.795116   601.64362287 604.49212973 607.34063659
 610.18914346 613.03765032 615.88615719 618.73466405 621.58317091
 624.43167778 627.28018464 630.1286915  632.97719837 635.82570523
 638.6742121  641.52271896 644.37122582 647.21973269 650.06823955
 652.91674641 655.76525328 658.61376014 661.462267   664.31077387
 667.15928073 670.0077876  672.85629446 675.70480132 678.55330819
 681.40181505 684.25032191 687.09882878 689.94733564 692.79584251
 695.64434937 698.49285623 701.3413631  704.18986996 707.03837682
 709.88688369 712.73539055 715.58389742 718.43240428 721.28091114
 724.12941801 726.97792487 729.82643173 732.6749386  735.52344546
 738.37195232 741.22045919 744.06896605 746.91747292 749.76597978
 752.61448664 755.46299351 758.31150037 761.16000723 764.0085141
 766.85702096 769.70552783 772.55403469 775.40254155 778.25104842
 781.09955528 783.94806214 786.79656901 789.64507587 792.49358274
 795.3420896  798.19059646 801.03910333 803.88761019 806.73611705
 809.58462392 812.43313078 815.28163764 818.13014451 820.97865137
 823.82715824 826.6756651  829.52417196 832.37267883 835.22118569
 838.06969255 840.91819942 843.76670628 846.61521315 849.46372001
 852.31222687 855.16073374 858.0092406  860.85774746 863.70625433
 866.55476119 869.40326805 872.25177492 875.10028178 877.94878865
 880.79729551 883.64580237 886.49430924 889.3428161  892.19132296
 895.03982983 897.88833669 900.73684356 903.58535042 906.43385728
 909.28236415 912.13087101 914.97937787 917.82788474 920.6763916 ], error: only length-1 arrays can be converted to Python scalars
Skipped taking the float value from [-1.85039635e+01 -1.83647575e+01 -1.82220116e+01 -1.80756893e+01
 -1.79251347e+01 -1.77705078e+01 -1.76115074e+01 -1.74442673e+01
 -1.72649784e+01 -1.70727692e+01 -1.68658752e+01 -1.66501617e+01
 -1.64243507e+01 -1.61880455e+01 -1.59394531e+01 -1.56775503e+01
 -1.54033623e+01 -1.51173840e+01 -1.48132696e+01 -1.44846601e+01
 -1.41281204e+01 -1.37472658e+01 -1.33358326e+01 -1.28845406e+01
 -1.23841915e+01 -1.18128796e+01 -1.11954308e+01 -1.05460997e+01
 -9.81609440e+00 -8.99803448e+00 -8.09597683e+00 -7.45298767e+00
 -6.86139584e+00 -6.33850479e+00 -5.88862324e+00 -5.47151279e+00
 -5.08353806e+00 -4.72278786e+00 -4.38381386e+00 -4.06479740e+00
 -3.76319027e+00 -3.48074722e+00 -3.21758175e+00 -2.96869469e+00
 -2.73032761e+00 -2.47502899e+00 -2.23671722e+00 -2.02205467e+00
 -1.82428265e+00 -1.63384056e+00 -1.47265434e+00 -1.32948303e+00
 -1.19654560e+00 -1.07664490e+00 -9.72040176e-01 -8.77372742e-01
 -7.91158676e-01 -7.14027405e-01 -6.43894196e-01 -5.79940796e-01
 -5.21548271e-01 -4.68365669e-01 -4.19647217e-01 -3.76754761e-01
 -3.40578079e-01 -3.07016373e-01 -2.75601387e-01 -2.42985249e-01
 -2.11168289e-01 -1.79059982e-01 -1.45181179e-01 -1.10999584e-01
 -7.75160789e-02 -4.61459160e-02 -2.45237350e-03  4.39000130e-02
  8.85963440e-02  1.33044720e-01  1.75853729e-01  2.20976353e-01
  2.68478870e-01  3.17277431e-01  3.64554405e-01  4.10356045e-01
  4.54660892e-01  4.98012543e-01  5.40097713e-01  5.80893517e-01
  6.20049000e-01  6.57595634e-01  6.93925381e-01  7.29112148e-01
  7.62833118e-01  7.93726921e-01  8.23544979e-01  8.52335930e-01
  8.80171776e-01  9.07649040e-01  9.33397293e-01  9.57810879e-01
  9.81469154e-01  1.00380278e+00  1.02622414e+00  1.05051231e+00
  1.07388306e+00  1.09861088e+00  1.12231541e+00  1.14502764e+00
  1.16659212e+00  1.18713570e+00  1.20673323e+00  1.22540903e+00
  1.24314404e+00  1.25996208e+00  1.27710772e+00  1.29414558e+00
  1.31085682e+00  1.32606363e+00  1.34062386e+00  1.35603619e+00
  1.36924458e+00  1.38078022e+00  1.39037752e+00  1.39824581e+00
  1.40473747e+00  1.41156864e+00  1.41760969e+00  1.42252398e+00
  1.42661476e+00  1.42954636e+00  1.43137741e+00  1.43059063e+00
  1.42841721e+00  1.42313051e+00  1.41577244e+00  1.40865993e+00
  1.40026331e+00  1.39043951e+00  1.38067532e+00  1.37165546e+00
  1.36175871e+00  1.35048628e+00  1.33835459e+00  1.32392788e+00
  1.30753040e+00  1.28994608e+00  1.27112579e+00  1.25114346e+00
  1.22976208e+00  1.20696259e+00  1.18365622e+00  1.16400385e+00
  1.14555168e+00  1.12621498e+00  1.10600567e+00  1.08522224e+00
  1.06387615e+00  1.04301405e+00  1.02282000e+00  1.00190210e+00
  9.80174065e-01  9.57628727e-01  9.34282303e-01  9.10085678e-01
  8.85156631e-01  8.59510899e-01  8.33579063e-01  8.07024002e-01
  7.79693604e-01  7.51517296e-01  7.19206810e-01  6.76106930e-01
  6.32000923e-01  5.93100071e-01  5.60262203e-01  5.26851654e-01
  4.93207455e-01  4.60011005e-01  4.26276207e-01  3.92058372e-01
  3.57282639e-01  3.22027206e-01  2.86231041e-01  2.49985218e-01
  2.14154720e-01  1.78257465e-01  1.44583225e-01  1.11908436e-01
  7.92226791e-02  4.60233688e-02  1.24878883e-02 -2.13665962e-02
 -5.55353165e-02 -9.03697014e-02 -1.26117706e-01 -1.62158966e-01
 -1.98527336e-01 -2.34693050e-01 -2.71600723e-01 -3.15058708e-01
 -3.67233753e-01 -4.17171955e-01 -4.64853764e-01 -5.10499954e-01
 -5.53622246e-01 -5.92820168e-01 -6.30210400e-01 -6.65743828e-01
 -6.99672699e-01 -7.31915474e-01 -7.62526512e-01 -7.92330742e-01
 -8.20926666e-01 -8.48049164e-01 -8.73813629e-01 -8.98839951e-01
 -9.23041344e-01 -9.46231365e-01 -9.68511105e-01 -9.89991665e-01
 -1.01091719e+00 -1.02896595e+00 -1.04603100e+00 -1.06300783e+00
 -1.07988071e+00 -1.09684086e+00 -1.11384773e+00 -1.13102818e+00
 -1.14854479e+00 -1.16875172e+00 -1.18928289e+00 -1.21024942e+00
 -1.23032331e+00 -1.25046968e+00 -1.27132130e+00 -1.29306459e+00
 -1.31564283e+00 -1.33926392e+00 -1.36387920e+00 -1.38966608e+00
 -1.41680002e+00 -1.44556665e+00 -1.47553587e+00 -1.50679016e+00
 -1.53937912e+00 -1.57337093e+00 -1.60887527e+00 -1.64585400e+00
 -1.68443489e+00 -1.72470474e+00 -1.76661205e+00 -1.81035233e+00
 -1.85590172e+00 -1.90334940e+00 -1.95241594e+00 -2.00344038e+00
 -2.05652618e+00 -2.11171055e+00 -2.13010883e+00 -2.14190292e+00
 -2.16058826e+00 -2.18621159e+00 -2.21935463e+00 -2.25994110e+00
 -2.30859280e+00 -2.36683846e+00 -2.43291903e+00 -2.50573826e+00
 -2.58311939e+00 -2.66845703e+00 -2.76226234e+00 -2.86464310e+00
 -2.97597885e+00 -3.09635639e+00 -3.22622776e+00 -3.36577415e+00
 -3.51485825e+00 -3.67393494e+00 -3.84319592e+00 -4.01836395e+00
 -4.19242573e+00 -4.37441730e+00 -4.56483746e+00 -4.76477814e+00
 -4.97308159e+00 -5.18989563e+00 -5.41418457e+00 -5.64625168e+00
 -5.88553429e+00 -6.13251495e+00 -6.38831520e+00 -6.65113068e+00
 -6.92005062e+00 -7.19495583e+00 -7.47546959e+00 -7.76108170e+00
 -8.05148125e+00 -8.34640408e+00 -8.64503670e+00 -8.94715786e+00], error: only length-1 arrays can be converted to Python scalars
