000 (2611903.000.000) 2025-08-18 10:28:52 Job submitted from host: <145.107.7.246:9618?addrs=145.107.7.246-9618+[2a07-8500-120-e070--3f6]-9618&alias=taai-007.nikhef.nl&noUDP&sock=schedd_2614_90a7>
    DAG Node: run_c
...
001 (2611903.000.000) 2025-08-18 12:12:01 Job executing on host: <145.107.4.148:9618?addrs=145.107.4.148-9618+[2a07-8500-120-e070--94]-9618&alias=wn-knek-005.nikhef.nl&noUDP&sock=startd_1897_c33f>
	SlotName: slot1_1@wn-knek-005.nikhef.nl
	CondorScratchDir = "/scratch/condor_execute/dir_428977"
	Cpus = 64
	Disk = 16779836
	GPUs = 0
	Memory = 16384
...
006 (2611903.000.000) 2025-08-18 12:12:14 Image size of job updated: 369856
	362  -  MemoryUsage of job (MB)
	369856  -  ResidentSetSize of job (KB)
...
006 (2611903.000.000) 2025-08-18 12:17:14 Image size of job updated: 1662568
	1624  -  MemoryUsage of job (MB)
	1662568  -  ResidentSetSize of job (KB)
...
006 (2611903.000.000) 2025-08-18 12:22:15 Image size of job updated: 1690984
	1652  -  MemoryUsage of job (MB)
	1690984  -  ResidentSetSize of job (KB)
...
006 (2611903.000.000) 2025-08-18 12:27:16 Image size of job updated: 1703112
	1664  -  MemoryUsage of job (MB)
	1703112  -  ResidentSetSize of job (KB)
...
006 (2611903.000.000) 2025-08-18 12:32:16 Image size of job updated: 1709920
	1670  -  MemoryUsage of job (MB)
	1709920  -  ResidentSetSize of job (KB)
...
006 (2611903.000.000) 2025-08-18 12:37:16 Image size of job updated: 1716932
	1677  -  MemoryUsage of job (MB)
	1716932  -  ResidentSetSize of job (KB)
...
006 (2611903.000.000) 2025-08-18 12:42:17 Image size of job updated: 1726684
	1687  -  MemoryUsage of job (MB)
	1726684  -  ResidentSetSize of job (KB)
...
006 (2611903.000.000) 2025-08-18 12:47:17 Image size of job updated: 1732012
	1692  -  MemoryUsage of job (MB)
	1732012  -  ResidentSetSize of job (KB)
...
006 (2611903.000.000) 2025-08-18 12:52:17 Image size of job updated: 1736592
	1696  -  MemoryUsage of job (MB)
	1736592  -  ResidentSetSize of job (KB)
...
006 (2611903.000.000) 2025-08-18 12:57:18 Image size of job updated: 1755288
	1715  -  MemoryUsage of job (MB)
	1755288  -  ResidentSetSize of job (KB)
...
006 (2611903.000.000) 2025-08-18 13:02:19 Image size of job updated: 1759700
	1719  -  MemoryUsage of job (MB)
	1759700  -  ResidentSetSize of job (KB)
...
006 (2611903.000.000) 2025-08-18 13:07:19 Image size of job updated: 1763268
	1722  -  MemoryUsage of job (MB)
	1763268  -  ResidentSetSize of job (KB)
...
006 (2611903.000.000) 2025-08-18 13:12:19 Image size of job updated: 1771308
	1730  -  MemoryUsage of job (MB)
	1771308  -  ResidentSetSize of job (KB)
...
006 (2611903.000.000) 2025-08-18 13:17:20 Image size of job updated: 2381064
	2326  -  MemoryUsage of job (MB)
	2381064  -  ResidentSetSize of job (KB)
...
006 (2611903.000.000) 2025-08-18 13:22:21 Image size of job updated: 2381960
	2327  -  MemoryUsage of job (MB)
	2381960  -  ResidentSetSize of job (KB)
...
006 (2611903.000.000) 2025-08-18 13:27:21 Image size of job updated: 2385680
	2330  -  MemoryUsage of job (MB)
	2385680  -  ResidentSetSize of job (KB)
...
006 (2611903.000.000) 2025-08-18 13:32:22 Image size of job updated: 2389832
	2334  -  MemoryUsage of job (MB)
	2389832  -  ResidentSetSize of job (KB)
...
006 (2611903.000.000) 2025-08-18 13:37:23 Image size of job updated: 2392156
	2337  -  MemoryUsage of job (MB)
	2392156  -  ResidentSetSize of job (KB)
...
006 (2611903.000.000) 2025-08-18 13:42:23 Image size of job updated: 2393760
	2338  -  MemoryUsage of job (MB)
	2393760  -  ResidentSetSize of job (KB)
...
006 (2611903.000.000) 2025-08-18 13:47:23 Image size of job updated: 2395280
	2340  -  MemoryUsage of job (MB)
	2395280  -  ResidentSetSize of job (KB)
...
006 (2611903.000.000) 2025-08-18 13:52:24 Image size of job updated: 2397624
	2342  -  MemoryUsage of job (MB)
	2397624  -  ResidentSetSize of job (KB)
...
006 (2611903.000.000) 2025-08-18 13:57:25 Image size of job updated: 2402880
	2347  -  MemoryUsage of job (MB)
	2402880  -  ResidentSetSize of job (KB)
...
006 (2611903.000.000) 2025-08-18 14:02:25 Image size of job updated: 2405176
	2349  -  MemoryUsage of job (MB)
	2405176  -  ResidentSetSize of job (KB)
...
006 (2611903.000.000) 2025-08-18 14:07:26 Image size of job updated: 2405716
	2350  -  MemoryUsage of job (MB)
	2405716  -  ResidentSetSize of job (KB)
...
006 (2611903.000.000) 2025-08-18 14:12:27 Image size of job updated: 2406592
	2351  -  MemoryUsage of job (MB)
	2406592  -  ResidentSetSize of job (KB)
...
006 (2611903.000.000) 2025-08-18 14:17:27 Image size of job updated: 2450828
	2386  -  MemoryUsage of job (MB)
	2442404  -  ResidentSetSize of job (KB)
...
006 (2611903.000.000) 2025-08-18 14:27:28 Image size of job updated: 2450828
	2387  -  MemoryUsage of job (MB)
	2443464  -  ResidentSetSize of job (KB)
...
006 (2611903.000.000) 2025-08-18 14:32:29 Image size of job updated: 2450828
	2387  -  MemoryUsage of job (MB)
	2443892  -  ResidentSetSize of job (KB)
...
006 (2611903.000.000) 2025-08-18 14:37:29 Image size of job updated: 2450828
	2388  -  MemoryUsage of job (MB)
	2445072  -  ResidentSetSize of job (KB)
...
006 (2611903.000.000) 2025-08-18 14:42:30 Image size of job updated: 2450828
	2390  -  MemoryUsage of job (MB)
	2446452  -  ResidentSetSize of job (KB)
...
006 (2611903.000.000) 2025-08-18 14:47:31 Image size of job updated: 2450828
	2390  -  MemoryUsage of job (MB)
	2446912  -  ResidentSetSize of job (KB)
...
006 (2611903.000.000) 2025-08-18 14:52:31 Image size of job updated: 2450828
	2391  -  MemoryUsage of job (MB)
	2448040  -  ResidentSetSize of job (KB)
...
006 (2611903.000.000) 2025-08-18 14:57:31 Image size of job updated: 2450828
	2392  -  MemoryUsage of job (MB)
	2448404  -  ResidentSetSize of job (KB)
...
006 (2611903.000.000) 2025-08-18 15:02:32 Image size of job updated: 2450828
	2393  -  MemoryUsage of job (MB)
	2449500  -  ResidentSetSize of job (KB)
...
006 (2611903.000.000) 2025-08-18 15:07:33 Image size of job updated: 2450828
	2393  -  MemoryUsage of job (MB)
	2449952  -  ResidentSetSize of job (KB)
...
006 (2611903.000.000) 2025-08-18 15:12:33 Image size of job updated: 2450828
	2393  -  MemoryUsage of job (MB)
	2450276  -  ResidentSetSize of job (KB)
...
006 (2611903.000.000) 2025-08-18 15:17:33 Image size of job updated: 2587240
	2475  -  MemoryUsage of job (MB)
	2534228  -  ResidentSetSize of job (KB)
...
006 (2611903.000.000) 2025-08-18 15:22:34 Image size of job updated: 2587240
	2476  -  MemoryUsage of job (MB)
	2534592  -  ResidentSetSize of job (KB)
...
006 (2611903.000.000) 2025-08-18 15:27:34 Image size of job updated: 2587240
	2477  -  MemoryUsage of job (MB)
	2535696  -  ResidentSetSize of job (KB)
...
006 (2611903.000.000) 2025-08-18 15:32:34 Image size of job updated: 2587240
	2477  -  MemoryUsage of job (MB)
	2536100  -  ResidentSetSize of job (KB)
...
006 (2611903.000.000) 2025-08-18 15:37:35 Image size of job updated: 2587240
	2479  -  MemoryUsage of job (MB)
	2537908  -  ResidentSetSize of job (KB)
...
006 (2611903.000.000) 2025-08-18 15:42:36 Image size of job updated: 2587240
	2479  -  MemoryUsage of job (MB)
	2538320  -  ResidentSetSize of job (KB)
...
006 (2611903.000.000) 2025-08-18 15:47:36 Image size of job updated: 2587240
	2480  -  MemoryUsage of job (MB)
	2538780  -  ResidentSetSize of job (KB)
...
006 (2611903.000.000) 2025-08-18 15:52:36 Image size of job updated: 2587240
	2481  -  MemoryUsage of job (MB)
	2539864  -  ResidentSetSize of job (KB)
...
006 (2611903.000.000) 2025-08-18 15:57:38 Image size of job updated: 2587240
	2482  -  MemoryUsage of job (MB)
	2540972  -  ResidentSetSize of job (KB)
...
006 (2611903.000.000) 2025-08-18 16:02:38 Image size of job updated: 2587240
	2484  -  MemoryUsage of job (MB)
	2543012  -  ResidentSetSize of job (KB)
...
006 (2611903.000.000) 2025-08-18 16:07:38 Image size of job updated: 2587240
	2484  -  MemoryUsage of job (MB)
	2543344  -  ResidentSetSize of job (KB)
...
006 (2611903.000.000) 2025-08-18 16:12:39 Image size of job updated: 2587240
	2485  -  MemoryUsage of job (MB)
	2543664  -  ResidentSetSize of job (KB)
...
006 (2611903.000.000) 2025-08-18 16:17:40 Image size of job updated: 2638888
	2524  -  MemoryUsage of job (MB)
	2583792  -  ResidentSetSize of job (KB)
...
006 (2611903.000.000) 2025-08-18 16:22:40 Image size of job updated: 2638888
	2524  -  MemoryUsage of job (MB)
	2584140  -  ResidentSetSize of job (KB)
...
006 (2611903.000.000) 2025-08-18 16:27:40 Image size of job updated: 2638888
	2525  -  MemoryUsage of job (MB)
	2585148  -  ResidentSetSize of job (KB)
...
006 (2611903.000.000) 2025-08-18 16:32:41 Image size of job updated: 2638888
	2525  -  MemoryUsage of job (MB)
	2585452  -  ResidentSetSize of job (KB)
...
006 (2611903.000.000) 2025-08-18 16:37:42 Image size of job updated: 2638888
	2526  -  MemoryUsage of job (MB)
	2585756  -  ResidentSetSize of job (KB)
...
006 (2611903.000.000) 2025-08-18 16:42:42 Image size of job updated: 2638888
	2527  -  MemoryUsage of job (MB)
	2586744  -  ResidentSetSize of job (KB)
...
006 (2611903.000.000) 2025-08-18 16:47:43 Image size of job updated: 2638888
	2527  -  MemoryUsage of job (MB)
	2587020  -  ResidentSetSize of job (KB)
...
006 (2611903.000.000) 2025-08-18 16:52:44 Image size of job updated: 2638888
	2528  -  MemoryUsage of job (MB)
	2588044  -  ResidentSetSize of job (KB)
...
006 (2611903.000.000) 2025-08-18 16:57:44 Image size of job updated: 2638888
	2528  -  MemoryUsage of job (MB)
	2588356  -  ResidentSetSize of job (KB)
...
006 (2611903.000.000) 2025-08-18 17:02:44 Image size of job updated: 2638888
	2529  -  MemoryUsage of job (MB)
	2589328  -  ResidentSetSize of job (KB)
...
006 (2611903.000.000) 2025-08-18 17:07:45 Image size of job updated: 2638888
	2529  -  MemoryUsage of job (MB)
	2589656  -  ResidentSetSize of job (KB)
...
006 (2611903.000.000) 2025-08-18 17:12:46 Image size of job updated: 2638888
	2530  -  MemoryUsage of job (MB)
	2589872  -  ResidentSetSize of job (KB)
...
006 (2611903.000.000) 2025-08-18 17:17:46 Image size of job updated: 2713792
	2584  -  MemoryUsage of job (MB)
	2645108  -  ResidentSetSize of job (KB)
...
006 (2611903.000.000) 2025-08-18 17:22:46 Image size of job updated: 2713792
	2584  -  MemoryUsage of job (MB)
	2645384  -  ResidentSetSize of job (KB)
...
006 (2611903.000.000) 2025-08-18 17:27:47 Image size of job updated: 2713792
	2585  -  MemoryUsage of job (MB)
	2646368  -  ResidentSetSize of job (KB)
...
006 (2611903.000.000) 2025-08-18 17:32:48 Image size of job updated: 2713792
	2585  -  MemoryUsage of job (MB)
	2646600  -  ResidentSetSize of job (KB)
...
006 (2611903.000.000) 2025-08-18 17:37:48 Image size of job updated: 2713792
	2585  -  MemoryUsage of job (MB)
	2646900  -  ResidentSetSize of job (KB)
...
006 (2611903.000.000) 2025-08-18 17:42:49 Image size of job updated: 2713792
	2587  -  MemoryUsage of job (MB)
	2648148  -  ResidentSetSize of job (KB)
...
006 (2611903.000.000) 2025-08-18 17:47:50 Image size of job updated: 2713792
	2587  -  MemoryUsage of job (MB)
	2648408  -  ResidentSetSize of job (KB)
...
006 (2611903.000.000) 2025-08-18 17:52:50 Image size of job updated: 2713792
	2588  -  MemoryUsage of job (MB)
	2649356  -  ResidentSetSize of job (KB)
...
006 (2611903.000.000) 2025-08-18 17:57:50 Image size of job updated: 2713792
	2588  -  MemoryUsage of job (MB)
	2649624  -  ResidentSetSize of job (KB)
...
006 (2611903.000.000) 2025-08-18 18:02:51 Image size of job updated: 2713792
	2589  -  MemoryUsage of job (MB)
	2650140  -  ResidentSetSize of job (KB)
...
006 (2611903.000.000) 2025-08-18 18:07:52 Image size of job updated: 2713792
	2589  -  MemoryUsage of job (MB)
	2650776  -  ResidentSetSize of job (KB)
...
006 (2611903.000.000) 2025-08-18 18:12:52 Image size of job updated: 2713792
	2589  -  MemoryUsage of job (MB)
	2651020  -  ResidentSetSize of job (KB)
...
006 (2611903.000.000) 2025-08-18 18:17:52 Image size of job updated: 2802108
	2615  -  MemoryUsage of job (MB)
	2676820  -  ResidentSetSize of job (KB)
...
006 (2611903.000.000) 2025-08-18 19:07:57 Image size of job updated: 2802108
	2615  -  MemoryUsage of job (MB)
	2677148  -  ResidentSetSize of job (KB)
...
006 (2611903.000.000) 2025-08-18 19:12:57 Image size of job updated: 2802108
	2615  -  MemoryUsage of job (MB)
	2677368  -  ResidentSetSize of job (KB)
...
006 (2611903.000.000) 2025-08-18 19:17:58 Image size of job updated: 2802108
	2617  -  MemoryUsage of job (MB)
	2678848  -  ResidentSetSize of job (KB)
...
006 (2611903.000.000) 2025-08-18 19:22:58 Image size of job updated: 2815008
	2694  -  MemoryUsage of job (MB)
	2757668  -  ResidentSetSize of job (KB)
...
006 (2611903.000.000) 2025-08-18 19:27:58 Image size of job updated: 2815008
	2695  -  MemoryUsage of job (MB)
	2758680  -  ResidentSetSize of job (KB)
...
006 (2611903.000.000) 2025-08-18 19:32:59 Image size of job updated: 2815008
	2695  -  MemoryUsage of job (MB)
	2758940  -  ResidentSetSize of job (KB)
...
006 (2611903.000.000) 2025-08-18 19:38:00 Image size of job updated: 2815008
	2695  -  MemoryUsage of job (MB)
	2759180  -  ResidentSetSize of job (KB)
...
006 (2611903.000.000) 2025-08-18 19:43:00 Image size of job updated: 2815008
	2696  -  MemoryUsage of job (MB)
	2760136  -  ResidentSetSize of job (KB)
...
006 (2611903.000.000) 2025-08-18 19:48:00 Image size of job updated: 2815008
	2696  -  MemoryUsage of job (MB)
	2760368  -  ResidentSetSize of job (KB)
...
006 (2611903.000.000) 2025-08-18 19:53:01 Image size of job updated: 2815008
	2697  -  MemoryUsage of job (MB)
	2761352  -  ResidentSetSize of job (KB)
...
006 (2611903.000.000) 2025-08-18 19:58:02 Image size of job updated: 2815008
	2697  -  MemoryUsage of job (MB)
	2761584  -  ResidentSetSize of job (KB)
...
006 (2611903.000.000) 2025-08-18 20:03:02 Image size of job updated: 2815008
	2698  -  MemoryUsage of job (MB)
	2762364  -  ResidentSetSize of job (KB)
...
006 (2611903.000.000) 2025-08-18 20:08:02 Image size of job updated: 2815008
	2699  -  MemoryUsage of job (MB)
	2763296  -  ResidentSetSize of job (KB)
...
006 (2611903.000.000) 2025-08-18 20:13:03 Image size of job updated: 2815008
	2700  -  MemoryUsage of job (MB)
	2763796  -  ResidentSetSize of job (KB)
...
006 (2611903.000.000) 2025-08-18 20:18:04 Image size of job updated: 2815008
	2701  -  MemoryUsage of job (MB)
	2765084  -  ResidentSetSize of job (KB)
...
006 (2611903.000.000) 2025-08-18 20:23:04 Image size of job updated: 2969288
	2701  -  MemoryUsage of job (MB)
	2765084  -  ResidentSetSize of job (KB)
...
006 (2611903.000.000) 2025-08-18 21:08:09 Image size of job updated: 2969288
	2701  -  MemoryUsage of job (MB)
	2765760  -  ResidentSetSize of job (KB)
...
006 (2611903.000.000) 2025-08-18 21:13:10 Image size of job updated: 2969288
	2702  -  MemoryUsage of job (MB)
	2765996  -  ResidentSetSize of job (KB)
...
006 (2611903.000.000) 2025-08-18 21:18:10 Image size of job updated: 2969288
	2703  -  MemoryUsage of job (MB)
	2767012  -  ResidentSetSize of job (KB)
...
006 (2611903.000.000) 2025-08-18 21:23:11 Image size of job updated: 3001832
	2761  -  MemoryUsage of job (MB)
	2827108  -  ResidentSetSize of job (KB)
...
006 (2611903.000.000) 2025-08-18 21:28:12 Image size of job updated: 3001832
	2762  -  MemoryUsage of job (MB)
	2827372  -  ResidentSetSize of job (KB)
...
006 (2611903.000.000) 2025-08-18 21:33:12 Image size of job updated: 3001832
	2763  -  MemoryUsage of job (MB)
	2828328  -  ResidentSetSize of job (KB)
...
006 (2611903.000.000) 2025-08-18 21:38:12 Image size of job updated: 3001832
	2763  -  MemoryUsage of job (MB)
	2828608  -  ResidentSetSize of job (KB)
...
006 (2611903.000.000) 2025-08-18 21:43:13 Image size of job updated: 3001832
	2764  -  MemoryUsage of job (MB)
	2830004  -  ResidentSetSize of job (KB)
...
006 (2611903.000.000) 2025-08-18 21:48:14 Image size of job updated: 3001832
	2764  -  MemoryUsage of job (MB)
	2830244  -  ResidentSetSize of job (KB)
...
006 (2611903.000.000) 2025-08-18 21:53:14 Image size of job updated: 3001832
	2765  -  MemoryUsage of job (MB)
	2831180  -  ResidentSetSize of job (KB)
...
006 (2611903.000.000) 2025-08-18 21:58:14 Image size of job updated: 3001832
	2766  -  MemoryUsage of job (MB)
	2831472  -  ResidentSetSize of job (KB)
...
006 (2611903.000.000) 2025-08-18 22:03:15 Image size of job updated: 3001832
	2766  -  MemoryUsage of job (MB)
	2831700  -  ResidentSetSize of job (KB)
...
006 (2611903.000.000) 2025-08-18 22:08:16 Image size of job updated: 3001832
	2767  -  MemoryUsage of job (MB)
	2832592  -  ResidentSetSize of job (KB)
...
006 (2611903.000.000) 2025-08-18 22:13:16 Image size of job updated: 3001832
	2767  -  MemoryUsage of job (MB)
	2832832  -  ResidentSetSize of job (KB)
...
006 (2611903.000.000) 2025-08-18 22:18:16 Image size of job updated: 3001832
	2768  -  MemoryUsage of job (MB)
	2833784  -  ResidentSetSize of job (KB)
...
006 (2611903.000.000) 2025-08-18 22:23:18 Image size of job updated: 3002760
	2813  -  MemoryUsage of job (MB)
	2880072  -  ResidentSetSize of job (KB)
...
006 (2611903.000.000) 2025-08-18 22:28:17 Image size of job updated: 3002760
	2813  -  MemoryUsage of job (MB)
	2880296  -  ResidentSetSize of job (KB)
...
006 (2611903.000.000) 2025-08-18 22:33:17 Image size of job updated: 3002760
	2814  -  MemoryUsage of job (MB)
	2881196  -  ResidentSetSize of job (KB)
...
006 (2611903.000.000) 2025-08-18 22:38:18 Image size of job updated: 3002760
	2814  -  MemoryUsage of job (MB)
	2881400  -  ResidentSetSize of job (KB)
...
006 (2611903.000.000) 2025-08-18 22:43:19 Image size of job updated: 3002760
	2815  -  MemoryUsage of job (MB)
	2882272  -  ResidentSetSize of job (KB)
...
006 (2611903.000.000) 2025-08-18 22:48:19 Image size of job updated: 3002760
	2815  -  MemoryUsage of job (MB)
	2882504  -  ResidentSetSize of job (KB)
...
006 (2611903.000.000) 2025-08-18 22:53:19 Image size of job updated: 3002760
	2816  -  MemoryUsage of job (MB)
	2882668  -  ResidentSetSize of job (KB)
...
006 (2611903.000.000) 2025-08-18 22:58:20 Image size of job updated: 3002760
	2816  -  MemoryUsage of job (MB)
	2883540  -  ResidentSetSize of job (KB)
...
006 (2611903.000.000) 2025-08-18 23:03:21 Image size of job updated: 3002760
	2817  -  MemoryUsage of job (MB)
	2883732  -  ResidentSetSize of job (KB)
...
006 (2611903.000.000) 2025-08-18 23:08:21 Image size of job updated: 3002760
	2818  -  MemoryUsage of job (MB)
	2884648  -  ResidentSetSize of job (KB)
...
006 (2611903.000.000) 2025-08-18 23:13:21 Image size of job updated: 3002760
	2821  -  MemoryUsage of job (MB)
	2887732  -  ResidentSetSize of job (KB)
...
006 (2611903.000.000) 2025-08-18 23:18:22 Image size of job updated: 3002760
	2821  -  MemoryUsage of job (MB)
	2888640  -  ResidentSetSize of job (KB)
...
006 (2611903.000.000) 2025-08-18 23:23:23 Image size of job updated: 3154084
	2827  -  MemoryUsage of job (MB)
	2894804  -  ResidentSetSize of job (KB)
...
006 (2611903.000.000) 2025-08-18 23:28:23 Image size of job updated: 3154084
	2854  -  MemoryUsage of job (MB)
	2921908  -  ResidentSetSize of job (KB)
...
006 (2611903.000.000) 2025-08-18 23:33:23 Image size of job updated: 3154084
	2855  -  MemoryUsage of job (MB)
	2923076  -  ResidentSetSize of job (KB)
...
006 (2611903.000.000) 2025-08-18 23:38:25 Image size of job updated: 3154084
	2855  -  MemoryUsage of job (MB)
	2923260  -  ResidentSetSize of job (KB)
...
006 (2611903.000.000) 2025-08-18 23:43:24 Image size of job updated: 3154084
	2856  -  MemoryUsage of job (MB)
	2924152  -  ResidentSetSize of job (KB)
...
006 (2611903.000.000) 2025-08-18 23:48:24 Image size of job updated: 3154084
	2856  -  MemoryUsage of job (MB)
	2924336  -  ResidentSetSize of job (KB)
...
006 (2611903.000.000) 2025-08-18 23:53:25 Image size of job updated: 3154084
	2856  -  MemoryUsage of job (MB)
	2924468  -  ResidentSetSize of job (KB)
...
006 (2611903.000.000) 2025-08-18 23:58:26 Image size of job updated: 3154084
	2857  -  MemoryUsage of job (MB)
	2925324  -  ResidentSetSize of job (KB)
...
006 (2611903.000.000) 2025-08-19 00:03:26 Image size of job updated: 3154084
	2857  -  MemoryUsage of job (MB)
	2925512  -  ResidentSetSize of job (KB)
...
006 (2611903.000.000) 2025-08-19 00:08:26 Image size of job updated: 3154084
	2858  -  MemoryUsage of job (MB)
	2926400  -  ResidentSetSize of job (KB)
...
006 (2611903.000.000) 2025-08-19 00:13:27 Image size of job updated: 3154084
	2858  -  MemoryUsage of job (MB)
	2926588  -  ResidentSetSize of job (KB)
...
006 (2611903.000.000) 2025-08-19 00:18:28 Image size of job updated: 3154084
	2860  -  MemoryUsage of job (MB)
	2927776  -  ResidentSetSize of job (KB)
...
006 (2611903.000.000) 2025-08-19 00:23:28 Image size of job updated: 3192480
	3034  -  MemoryUsage of job (MB)
	3106276  -  ResidentSetSize of job (KB)
...
006 (2611903.000.000) 2025-08-19 00:28:28 Image size of job updated: 3197084
	3034  -  MemoryUsage of job (MB)
	3106296  -  ResidentSetSize of job (KB)
...
006 (2611903.000.000) 2025-08-19 01:28:35 Image size of job updated: 3257116
	3034  -  MemoryUsage of job (MB)
	3106296  -  ResidentSetSize of job (KB)
...
006 (2611903.000.000) 2025-08-19 02:28:41 Image size of job updated: 3277640
	3034  -  MemoryUsage of job (MB)
	3106296  -  ResidentSetSize of job (KB)
...
006 (2611903.000.000) 2025-08-19 03:28:47 Image size of job updated: 3352128
	3034  -  MemoryUsage of job (MB)
	3106296  -  ResidentSetSize of job (KB)
...
006 (2611903.000.000) 2025-08-19 04:26:10 Image size of job updated: 3508684
	3034  -  MemoryUsage of job (MB)
	3106296  -  ResidentSetSize of job (KB)
...
005 (2611903.000.000) 2025-08-19 04:26:10 Job terminated.
	(1) Normal termination (return value 0)
		Usr 28 13:50:37, Sys 0 00:07:32  -  Run Remote Usage
		Usr 0 00:00:00, Sys 0 00:00:00  -  Run Local Usage
		Usr 28 13:50:37, Sys 0 00:07:32  -  Total Remote Usage
		Usr 0 00:00:00, Sys 0 00:00:00  -  Total Local Usage
	0  -  Run Bytes Sent By Job
	0  -  Run Bytes Received By Job
	0  -  Total Bytes Sent By Job
	0  -  Total Bytes Received By Job
	Partitionable Resources :    Usage  Request Allocated 
	   Cpus                 :     1.77       64        64 
	   Disk (KB)            : 17500    16777216  16779836 
	   GPUs                 :                           0 
	   Memory (MB)          :  3034       16384     16384 
	   TimeExecute (s)      : 58449                       
	   TimeSlotBusy (s)     : 58450                       

	Job terminated of its own accord at 2025-08-19T02:26:10Z with exit-code 0.
...
