JAX: devices available: [CudaDevice(id=0)]
torch: CUDA is available. Number of devices: 1
torch: Current CUDA device: 0
Training data will be loaded from: /data/gravwav/twouters/projects/eos_source_classification/eos_source_classification/data/eos/radio/eos_samples.npz
Training a normalizing flow for population =  uniform and bns sources
Before training, we built the following NF kwargs: {'n_transforms': 3, 'n_neurons': 128, 'n_blocks_per_transform': 3, 'nn_depth': 1, 'flow_layers': 1, 'nn_block_dim': 8, 'glasflow_type': 'MaskedPiecewiseRationalQuadraticAutoregressiveFlow', 'names': ['chirp_mass_source', 'mass_ratio', 'lambda_1', 'lambda_2'], 'n_inputs': 4}
Everything for this model will be saved to ./models/uniform/bns/radio
Starting training with the following parameters:
Reading the EOS data from /data/gravwav/twouters/projects/eos_source_classification/eos_source_classification/data/eos/radio/eos_samples.npz
Number of good samples:  0.9601
0/50000
5000/50000
10000/50000
15000/50000
20000/50000
25000/50000
30000/50000
35000/50000
40000/50000
45000/50000
Create data will save the following data:
  m1: range = [1.0042664784391495, 3.6785904407205563]
  m2: range = [1.0000013645748125, 3.131537498563579]
  mass_ratio: range = [0.30430343449555614, 0.9999996739469891]
  lambda_1: range = [3.010522395919266, 5886.95697210924]
  lambda_2: range = [4.156708877407255, 7117.4243806400555]
  lambda_tilde: range = [3.878937286357127, 5886.961661871231]
  delta_lambda_tilde: range = [0.00015671676121587963, 519.0493595693343]
  chirp_mass_source: range = [0.8733235999205244, 2.8556779278088005]
Saving to ./models/uniform/bns/radio/training_data.npz:
Saving to ./models/uniform/bns/radio/training_data.npz DONE
Using source-frame chirp mass and mass ratio (Mc, q) for training
Using component parameterization for lambdas (lambda_1, lambda_2)
Training samples: 40000, Validation samples: 10000
Creating the training data arrays
4D training data model for bns
np.shape(self.x)
(40000, 4)
Using MinMaxScaler to scale the input data x
Saved sklearn scaler to ./models/uniform/bns/radio/scaler.gz
Going to start training for glasflow . . .
Early stopping triggered at epoch 481
Saving the training loss plot to ./models/uniform/bns/radio/training_loss.pdf
Training done. Took around 28.24 minutes
Saving the model weights to ./models/uniform/bns/radio/model.pt
Saving the model kwargs to ./models/uniform/bns/radio/model_kwargs.json
DONE training!
