000 (2582740.000.000) 2025-08-05 15:58:38 Job submitted from host: <145.107.7.246:9618?addrs=145.107.7.246-9618+[2a07-8500-120-e070--3f6]-9618&alias=taai-007.nikhef.nl&noUDP&sock=schedd_2614_90a7>
    DAG Node: run_t
...
001 (2582740.000.000) 2025-08-05 15:59:17 Job executing on host: <145.107.5.45:9618?addrs=145.107.5.45-9618+[2a07-8500-120-e070--52d]-9618&alias=wn-lot-045.nikhef.nl&noUDP&sock=startd_1950_1dc4>
	SlotName: slot1_1@wn-lot-045.nikhef.nl
	CondorScratchDir = "/scratch/condor_execute/dir_3414451"
	Cpus = 64
	Disk = 16780528
	GPUs = 0
	Memory = 16384
...
006 (2582740.000.000) 2025-08-05 15:59:31 Image size of job updated: 89732
	88  -  MemoryUsage of job (MB)
	89732  -  ResidentSetSize of job (KB)
...
006 (2582740.000.000) 2025-08-05 16:00:30 Image size of job updated: 1365280
	88  -  MemoryUsage of job (MB)
	89732  -  ResidentSetSize of job (KB)
...
005 (2582740.000.000) 2025-08-05 16:00:30 Job terminated.
	(1) Normal termination (return value 1)
		Usr 0 00:00:36, Sys 0 00:00:12  -  Run Remote Usage
		Usr 0 00:00:00, Sys 0 00:00:00  -  Run Local Usage
		Usr 0 00:00:36, Sys 0 00:00:12  -  Total Remote Usage
		Usr 0 00:00:00, Sys 0 00:00:00  -  Total Local Usage
	0  -  Run Bytes Sent By Job
	0  -  Run Bytes Received By Job
	0  -  Total Bytes Sent By Job
	0  -  Total Bytes Received By Job
	Partitionable Resources :    Usage  Request Allocated 
	   Cpus                 :     0.17       64        64 
	   Disk (KB)            : 17500    16777216  16780528 
	   GPUs                 :                           0 
	   Memory (MB)          :    88       16384     16384 
	   TimeExecute (s)      :    73                       
	   TimeSlotBusy (s)     :    73                       

	Job terminated of its own accord at 2025-08-05T14:00:30Z with exit-code 1.
...
000 (2582885.000.000) 2025-08-05 16:02:16 Job submitted from host: <145.107.7.246:9618?addrs=145.107.7.246-9618+[2a07-8500-120-e070--3f6]-9618&alias=taai-007.nikhef.nl&noUDP&sock=schedd_2614_90a7>
    DAG Node: run_t
...
001 (2582885.000.000) 2025-08-05 16:03:17 Job executing on host: <145.107.5.45:9618?addrs=145.107.5.45-9618+[2a07-8500-120-e070--52d]-9618&alias=wn-lot-045.nikhef.nl&noUDP&sock=startd_1950_1dc4>
	SlotName: slot1_1@wn-lot-045.nikhef.nl
	CondorScratchDir = "/scratch/condor_execute/dir_3417087"
	Cpus = 64
	Disk = 16780528
	GPUs = 0
	Memory = 16384
...
006 (2582885.000.000) 2025-08-05 16:03:31 Image size of job updated: 294636
	288  -  MemoryUsage of job (MB)
	294636  -  ResidentSetSize of job (KB)
...
006 (2582885.000.000) 2025-08-05 16:08:32 Image size of job updated: 1470732
	1437  -  MemoryUsage of job (MB)
	1470732  -  ResidentSetSize of job (KB)
...
006 (2582885.000.000) 2025-08-05 16:13:33 Image size of job updated: 1504616
	1470  -  MemoryUsage of job (MB)
	1504616  -  ResidentSetSize of job (KB)
...
006 (2582885.000.000) 2025-08-05 16:18:33 Image size of job updated: 1526676
	1491  -  MemoryUsage of job (MB)
	1526676  -  ResidentSetSize of job (KB)
...
006 (2582885.000.000) 2025-08-05 16:23:33 Image size of job updated: 1540960
	1505  -  MemoryUsage of job (MB)
	1540960  -  ResidentSetSize of job (KB)
...
006 (2582885.000.000) 2025-08-05 16:28:34 Image size of job updated: 1551480
	1516  -  MemoryUsage of job (MB)
	1551480  -  ResidentSetSize of job (KB)
...
006 (2582885.000.000) 2025-08-05 16:33:35 Image size of job updated: 1577400
	1541  -  MemoryUsage of job (MB)
	1577400  -  ResidentSetSize of job (KB)
...
006 (2582885.000.000) 2025-08-05 16:38:35 Image size of job updated: 1586684
	1550  -  MemoryUsage of job (MB)
	1586684  -  ResidentSetSize of job (KB)
...
006 (2582885.000.000) 2025-08-05 16:43:36 Image size of job updated: 1592872
	1556  -  MemoryUsage of job (MB)
	1592872  -  ResidentSetSize of job (KB)
...
006 (2582885.000.000) 2025-08-05 16:48:37 Image size of job updated: 1598360
	1561  -  MemoryUsage of job (MB)
	1598360  -  ResidentSetSize of job (KB)
...
006 (2582885.000.000) 2025-08-05 16:53:37 Image size of job updated: 1602880
	1566  -  MemoryUsage of job (MB)
	1602880  -  ResidentSetSize of job (KB)
...
006 (2582885.000.000) 2025-08-05 16:58:37 Image size of job updated: 1607332
	1570  -  MemoryUsage of job (MB)
	1607332  -  ResidentSetSize of job (KB)
...
006 (2582885.000.000) 2025-08-05 17:03:38 Image size of job updated: 1611036
	1574  -  MemoryUsage of job (MB)
	1611036  -  ResidentSetSize of job (KB)
...
006 (2582885.000.000) 2025-08-05 17:08:39 Image size of job updated: 2088832
	2040  -  MemoryUsage of job (MB)
	2088832  -  ResidentSetSize of job (KB)
...
006 (2582885.000.000) 2025-08-05 17:13:39 Image size of job updated: 2091488
	2043  -  MemoryUsage of job (MB)
	2091488  -  ResidentSetSize of job (KB)
...
006 (2582885.000.000) 2025-08-05 17:18:39 Image size of job updated: 2094616
	2046  -  MemoryUsage of job (MB)
	2094616  -  ResidentSetSize of job (KB)
...
006 (2582885.000.000) 2025-08-05 17:23:40 Image size of job updated: 2096892
	2048  -  MemoryUsage of job (MB)
	2096892  -  ResidentSetSize of job (KB)
...
006 (2582885.000.000) 2025-08-05 17:28:40 Image size of job updated: 2099924
	2051  -  MemoryUsage of job (MB)
	2099924  -  ResidentSetSize of job (KB)
...
006 (2582885.000.000) 2025-08-05 17:33:40 Image size of job updated: 2101868
	2053  -  MemoryUsage of job (MB)
	2101868  -  ResidentSetSize of job (KB)
...
006 (2582885.000.000) 2025-08-05 17:38:41 Image size of job updated: 2103624
	2055  -  MemoryUsage of job (MB)
	2103624  -  ResidentSetSize of job (KB)
...
006 (2582885.000.000) 2025-08-05 17:43:42 Image size of job updated: 2105784
	2057  -  MemoryUsage of job (MB)
	2105784  -  ResidentSetSize of job (KB)
...
006 (2582885.000.000) 2025-08-05 17:48:42 Image size of job updated: 2107572
	2059  -  MemoryUsage of job (MB)
	2107572  -  ResidentSetSize of job (KB)
...
006 (2582885.000.000) 2025-08-05 17:53:42 Image size of job updated: 2109708
	2061  -  MemoryUsage of job (MB)
	2109708  -  ResidentSetSize of job (KB)
...
006 (2582885.000.000) 2025-08-05 17:58:43 Image size of job updated: 2111156
	2062  -  MemoryUsage of job (MB)
	2111156  -  ResidentSetSize of job (KB)
...
006 (2582885.000.000) 2025-08-05 18:03:44 Image size of job updated: 2112968
	2064  -  MemoryUsage of job (MB)
	2112968  -  ResidentSetSize of job (KB)
...
006 (2582885.000.000) 2025-08-05 18:08:44 Image size of job updated: 2188384
	2138  -  MemoryUsage of job (MB)
	2188384  -  ResidentSetSize of job (KB)
...
006 (2582885.000.000) 2025-08-05 18:13:45 Image size of job updated: 2190124
	2139  -  MemoryUsage of job (MB)
	2190124  -  ResidentSetSize of job (KB)
...
006 (2582885.000.000) 2025-08-05 18:18:46 Image size of job updated: 2191512
	2141  -  MemoryUsage of job (MB)
	2191512  -  ResidentSetSize of job (KB)
...
006 (2582885.000.000) 2025-08-05 18:23:46 Image size of job updated: 2193508
	2143  -  MemoryUsage of job (MB)
	2193508  -  ResidentSetSize of job (KB)
...
006 (2582885.000.000) 2025-08-05 18:28:46 Image size of job updated: 2194672
	2144  -  MemoryUsage of job (MB)
	2194672  -  ResidentSetSize of job (KB)
...
006 (2582885.000.000) 2025-08-05 18:33:47 Image size of job updated: 2196492
	2146  -  MemoryUsage of job (MB)
	2196492  -  ResidentSetSize of job (KB)
...
006 (2582885.000.000) 2025-08-05 18:38:48 Image size of job updated: 2198844
	2148  -  MemoryUsage of job (MB)
	2198844  -  ResidentSetSize of job (KB)
...
006 (2582885.000.000) 2025-08-05 18:43:48 Image size of job updated: 2200560
	2149  -  MemoryUsage of job (MB)
	2200560  -  ResidentSetSize of job (KB)
...
006 (2582885.000.000) 2025-08-05 18:48:48 Image size of job updated: 2201624
	2151  -  MemoryUsage of job (MB)
	2201624  -  ResidentSetSize of job (KB)
...
006 (2582885.000.000) 2025-08-05 18:53:49 Image size of job updated: 2203132
	2152  -  MemoryUsage of job (MB)
	2203132  -  ResidentSetSize of job (KB)
...
006 (2582885.000.000) 2025-08-05 18:58:50 Image size of job updated: 2204260
	2153  -  MemoryUsage of job (MB)
	2204260  -  ResidentSetSize of job (KB)
...
006 (2582885.000.000) 2025-08-05 19:03:50 Image size of job updated: 2205100
	2154  -  MemoryUsage of job (MB)
	2205100  -  ResidentSetSize of job (KB)
...
006 (2582885.000.000) 2025-08-05 19:08:50 Image size of job updated: 2263368
	2200  -  MemoryUsage of job (MB)
	2252172  -  ResidentSetSize of job (KB)
...
006 (2582885.000.000) 2025-08-05 19:13:51 Image size of job updated: 2263368
	2201  -  MemoryUsage of job (MB)
	2253104  -  ResidentSetSize of job (KB)
...
006 (2582885.000.000) 2025-08-05 19:18:51 Image size of job updated: 2263368
	2202  -  MemoryUsage of job (MB)
	2254168  -  ResidentSetSize of job (KB)
...
006 (2582885.000.000) 2025-08-05 19:23:51 Image size of job updated: 2263368
	2202  -  MemoryUsage of job (MB)
	2254828  -  ResidentSetSize of job (KB)
...
006 (2582885.000.000) 2025-08-05 19:28:52 Image size of job updated: 2263368
	2204  -  MemoryUsage of job (MB)
	2255916  -  ResidentSetSize of job (KB)
...
006 (2582885.000.000) 2025-08-05 19:33:53 Image size of job updated: 2263368
	2204  -  MemoryUsage of job (MB)
	2256640  -  ResidentSetSize of job (KB)
...
006 (2582885.000.000) 2025-08-05 19:38:53 Image size of job updated: 2263368
	2205  -  MemoryUsage of job (MB)
	2257628  -  ResidentSetSize of job (KB)
...
006 (2582885.000.000) 2025-08-05 19:43:53 Image size of job updated: 2263368
	2206  -  MemoryUsage of job (MB)
	2258140  -  ResidentSetSize of job (KB)
...
006 (2582885.000.000) 2025-08-05 19:48:54 Image size of job updated: 2263368
	2207  -  MemoryUsage of job (MB)
	2259936  -  ResidentSetSize of job (KB)
...
006 (2582885.000.000) 2025-08-05 19:53:55 Image size of job updated: 2263368
	2208  -  MemoryUsage of job (MB)
	2260428  -  ResidentSetSize of job (KB)
...
006 (2582885.000.000) 2025-08-05 19:58:55 Image size of job updated: 2263368
	2210  -  MemoryUsage of job (MB)
	2262040  -  ResidentSetSize of job (KB)
...
006 (2582885.000.000) 2025-08-05 20:03:55 Image size of job updated: 2263368
	2210  -  MemoryUsage of job (MB)
	2262476  -  ResidentSetSize of job (KB)
...
006 (2582885.000.000) 2025-08-05 20:08:56 Image size of job updated: 2304960
	2228  -  MemoryUsage of job (MB)
	2280884  -  ResidentSetSize of job (KB)
...
006 (2582885.000.000) 2025-08-05 20:13:57 Image size of job updated: 2304960
	2228  -  MemoryUsage of job (MB)
	2281260  -  ResidentSetSize of job (KB)
...
006 (2582885.000.000) 2025-08-05 20:18:57 Image size of job updated: 2304960
	2229  -  MemoryUsage of job (MB)
	2282064  -  ResidentSetSize of job (KB)
...
006 (2582885.000.000) 2025-08-05 20:23:57 Image size of job updated: 2304960
	2229  -  MemoryUsage of job (MB)
	2282480  -  ResidentSetSize of job (KB)
...
006 (2582885.000.000) 2025-08-05 20:28:58 Image size of job updated: 2304960
	2230  -  MemoryUsage of job (MB)
	2282948  -  ResidentSetSize of job (KB)
...
006 (2582885.000.000) 2025-08-05 20:33:59 Image size of job updated: 2304960
	2231  -  MemoryUsage of job (MB)
	2283688  -  ResidentSetSize of job (KB)
...
006 (2582885.000.000) 2025-08-05 20:38:59 Image size of job updated: 2304960
	2231  -  MemoryUsage of job (MB)
	2284080  -  ResidentSetSize of job (KB)
...
006 (2582885.000.000) 2025-08-05 20:43:59 Image size of job updated: 2304960
	2233  -  MemoryUsage of job (MB)
	2285824  -  ResidentSetSize of job (KB)
...
006 (2582885.000.000) 2025-08-05 20:49:00 Image size of job updated: 2304960
	2233  -  MemoryUsage of job (MB)
	2286216  -  ResidentSetSize of job (KB)
...
006 (2582885.000.000) 2025-08-05 20:54:01 Image size of job updated: 2304960
	2235  -  MemoryUsage of job (MB)
	2287784  -  ResidentSetSize of job (KB)
...
006 (2582885.000.000) 2025-08-05 20:59:01 Image size of job updated: 2304960
	2235  -  MemoryUsage of job (MB)
	2288172  -  ResidentSetSize of job (KB)
...
006 (2582885.000.000) 2025-08-05 21:04:01 Image size of job updated: 2304960
	2236  -  MemoryUsage of job (MB)
	2288892  -  ResidentSetSize of job (KB)
...
006 (2582885.000.000) 2025-08-05 21:09:02 Image size of job updated: 2326516
	2255  -  MemoryUsage of job (MB)
	2308128  -  ResidentSetSize of job (KB)
...
006 (2582885.000.000) 2025-08-05 21:14:03 Image size of job updated: 2326516
	2255  -  MemoryUsage of job (MB)
	2309064  -  ResidentSetSize of job (KB)
...
006 (2582885.000.000) 2025-08-05 21:19:03 Image size of job updated: 2326516
	2256  -  MemoryUsage of job (MB)
	2309396  -  ResidentSetSize of job (KB)
...
006 (2582885.000.000) 2025-08-05 21:24:03 Image size of job updated: 2326516
	2257  -  MemoryUsage of job (MB)
	2310208  -  ResidentSetSize of job (KB)
...
006 (2582885.000.000) 2025-08-05 21:29:04 Image size of job updated: 2326516
	2257  -  MemoryUsage of job (MB)
	2310592  -  ResidentSetSize of job (KB)
...
006 (2582885.000.000) 2025-08-05 21:34:04 Image size of job updated: 2326516
	2258  -  MemoryUsage of job (MB)
	2311316  -  ResidentSetSize of job (KB)
...
006 (2582885.000.000) 2025-08-05 21:39:04 Image size of job updated: 2326516
	2258  -  MemoryUsage of job (MB)
	2311700  -  ResidentSetSize of job (KB)
...
006 (2582885.000.000) 2025-08-05 21:40:39 Image size of job updated: 2334080
	2258  -  MemoryUsage of job (MB)
	2311700  -  ResidentSetSize of job (KB)
...
005 (2582885.000.000) 2025-08-05 21:40:39 Job terminated.
	(1) Normal termination (return value 0)
		Usr 10 19:57:31, Sys 0 00:02:28  -  Run Remote Usage
		Usr 0 00:00:00, Sys 0 00:00:00  -  Run Local Usage
		Usr 10 19:57:31, Sys 0 00:02:28  -  Total Remote Usage
		Usr 0 00:00:00, Sys 0 00:00:00  -  Total Local Usage
	0  -  Run Bytes Sent By Job
	0  -  Run Bytes Received By Job
	0  -  Total Bytes Sent By Job
	0  -  Total Bytes Received By Job
	Partitionable Resources :    Usage  Request Allocated 
	   Cpus                 :     4.41       64        64 
	   Disk (KB)            : 17500    16777216  16780528 
	   GPUs                 :                           0 
	   Memory (MB)          :  2258       16384     16384 
	   TimeExecute (s)      : 20242                       
	   TimeSlotBusy (s)     : 20242                       

	Job terminated of its own accord at 2025-08-05T19:40:39Z with exit-code 0.
...
