torch: CUDA is available. Number of devices: 1
torch: Current CUDA device: 0
Training data will be loaded from: /data/gravwav/twouters/projects/eos_source_classification/eos_source_classification/data/eos/radio_chiEFT/eos_samples.npz
Training a normalizing flow for population =  GW190425 and nsbh sources
Before training, we built the following NF kwargs: {'n_transforms': 4, 'n_neurons': 64, 'n_blocks_per_transform': 1, 'nn_depth': 5, 'nn_block_dim': 8, 'names': ['chirp_mass', 'mass_ratio', 'lambda_2', 'luminosity_distance'], 'n_inputs': 4}
Everything for this model will be saved to ./models/GW190425/nsbh/radio_chiEFT
Starting training with the following parameters:
Reading the EOS data from /data/gravwav/twouters/projects/eos_source_classification/eos_source_classification/data/eos/radio_chiEFT/eos_samples.npz
Number of good samples:  0.954
create_data is following GW_event source type: GW190425
Parsed prior bounds:
  Chirp mass: 1.485 - 1.49
  Mass ratio: 0.5 - 1.0
  Luminosity distance: 1.0 - 500.0
Loaded priors: {'chirp_mass': Uniform(minimum=1.485, maximum=1.49, name='chirp_mass', latex_label='$\\mathcal{M}$', unit=None, boundary=None), 'mass_ratio': Uniform(minimum=0.5, maximum=1.0, name='mass_ratio', latex_label='$q$', unit=None, boundary=None), 'luminosity_distance': bilby.gw.prior.UniformComovingVolume(minimum=1.0, maximum=500.0, cosmology='Planck15', name='luminosity_distance', latex_label='$D_L$', unit='Mpc', boundary=None)}
0/200000
20000/200000
40000/200000
60000/200000
80000/200000
100000/200000
120000/200000
140000/200000
160000/200000
180000/200000
Create data will save the following data:
  m1: range = [1.5446001441684478, 2.436388750127487]
  m2: range = [1.1062073175653222, 1.700511118205955]
  q: range = [0.5000048790724181, 0.9999966634222782]
  lambda_1: range = [2.6880234384856263, 1139.5666470074473]
  lambda_2: range = [32.59827675551725, 5035.682479395874]
  lambda_tilde: range = [30.36060738858239, 1150.3511797122026]
  delta_lambda_tilde: range = [-0.7448633561821534, 285.3511773501011]
  chirp_mass_source: range = [1.3441451081233038, 1.4861353620772333]
  chirp_mass: range = [1.485000014528179, 1.4899999900668282]
  luminosity_distance: range = [8.406137808038054, 499.99939627462277]
Saving to ./models/GW190425/nsbh/radio_chiEFT/training_data.npz:
Saving to ./models/GW190425/nsbh/radio_chiEFT/training_data.npz DONE
Using detector-frame chirp mass from the GW event and mass ratio (Mc_det, q) for training
Using component parameterization for lambdas (lambda_1, lambda_2)
Training samples: 160000, Validation samples: 40000
Creating the training data arrays
NSBH and training on lambda_2 (3D)
Including luminosity distance in training data
np.shape(self.x)
(160000, 4)
Using MinMaxScaler to scale the input data x
Saved sklearn scaler to ./models/GW190425/nsbh/radio_chiEFT/scaler.gz
Going to start training for glasflow . . .
Early stopping triggered at epoch 523
Saving the training loss plot to ./models/GW190425/nsbh/radio_chiEFT/training_loss.pdf
Training done. Took around 53.80 minutes
Saving the model weights to ./models/GW190425/nsbh/radio_chiEFT/model.pt
Saving the model kwargs to ./models/GW190425/nsbh/radio_chiEFT/model_kwargs.json
DONE training!
