000 (2587871.000.000) 2025-08-06 10:20:36 Job submitted from host: <145.107.7.246:9618?addrs=145.107.7.246-9618+[2a07-8500-120-e070--3f6]-9618&alias=taai-007.nikhef.nl&noUDP&sock=schedd_2614_90a7>
...
001 (2587871.000.000) 2025-08-06 10:21:38 Job executing on host: <145.107.4.165:9618?addrs=145.107.4.165-9618+[2a07-8500-120-e070--a5]-9618&alias=wn-pijl-004.nikhef.nl&noUDP&sock=startd_4575_a5df>
	SlotName: slot1_4@wn-pijl-004.nikhef.nl
	AvailableGPUs = { GPUs_GPU_1f146b0b_a830_c84c_fd33_4949dcc59318 }
	CondorScratchDir = "/scratch/condor_execute/dir_1895068"
	Cpus = 1
	Disk = 16790397
	GPUs = 1
	GPUs_GPU_1f146b0b_a830_c84c_fd33_4949dcc59318 = [ Id = "GPU-1f146b0b-a830-c84c-fd33-4949dcc59318"; ClockMhz = 2520.0; Capability = 8.9; CoresPerCU = 128; DeviceName = "NVIDIA L40S"; DeviceUuid = "1f146b0b-a830-c84c-fd33-4949dcc59318"; ECCEnabled = true; ComputeUnits = 142; NvidiaDriver = "570.124.06"; DriverVersion = 12.8; DevicePciBusId = "0000:C2:00.0"; GlobalMemoryMb = 45468; MaxSupportedVersion = 12080 ]
	Memory = 16384
...
006 (2587871.000.000) 2025-08-06 10:21:52 Image size of job updated: 675732
	660  -  MemoryUsage of job (MB)
	675732  -  ResidentSetSize of job (KB)
...
006 (2587871.000.000) 2025-08-06 10:26:52 Image size of job updated: 684724
	668  -  MemoryUsage of job (MB)
	683616  -  ResidentSetSize of job (KB)
...
006 (2587871.000.000) 2025-08-06 10:30:30 Image size of job updated: 3310492
	668  -  MemoryUsage of job (MB)
	683616  -  ResidentSetSize of job (KB)
...
005 (2587871.000.000) 2025-08-06 10:30:30 Job terminated.
	(1) Normal termination (return value 0)
		Usr 0 00:08:58, Sys 0 00:00:32  -  Run Remote Usage
		Usr 0 00:00:00, Sys 0 00:00:00  -  Run Local Usage
		Usr 0 00:08:58, Sys 0 00:00:32  -  Total Remote Usage
		Usr 0 00:00:00, Sys 0 00:00:00  -  Total Local Usage
	0  -  Run Bytes Sent By Job
	0  -  Run Bytes Received By Job
	0  -  Total Bytes Sent By Job
	0  -  Total Bytes Received By Job
	Partitionable Resources :    Usage  Request Allocated Assigned
	   Cpus                 :     1.08        1         1 
	   Disk (KB)            : 17500    16777216  16790397 
	   GPUs                 :                 1         1 "GPU-1f146b0b-a830-c84c-fd33-4949dcc59318"
	   GpusMemory (MB)      : 35158                       
	   Memory (MB)          :   668       16384     16384 
	   TimeExecute (s)      :   532                       
	   TimeSlotBusy (s)     :   532                       

	Job terminated of its own accord at 2025-08-06T08:30:30Z with exit-code 0.
...
000 (2587960.000.000) 2025-08-06 13:57:40 Job submitted from host: <145.107.7.246:9618?addrs=145.107.7.246-9618+[2a07-8500-120-e070--3f6]-9618&alias=taai-007.nikhef.nl&noUDP&sock=schedd_2614_90a7>
...
001 (2587960.000.000) 2025-08-06 13:58:41 Job executing on host: <145.107.4.164:9618?addrs=145.107.4.164-9618+[2a07-8500-120-e070--a4]-9618&alias=wn-pijl-003.nikhef.nl&noUDP&sock=startd_4461_7413>
	SlotName: slot1_1@wn-pijl-003.nikhef.nl
	AvailableGPUs = { GPUs_GPU_569990fd_2b62_0adb_f587_bbb820db7247 }
	CondorScratchDir = "/scratch/condor_execute/dir_1462971"
	Cpus = 1
	Disk = 16790397
	GPUs = 1
	GPUs_GPU_569990fd_2b62_0adb_f587_bbb820db7247 = [ Id = "GPU-569990fd-2b62-0adb-f587-bbb820db7247"; ClockMhz = 2520.0; Capability = 8.9; CoresPerCU = 128; DeviceName = "NVIDIA L40S"; DeviceUuid = "569990fd-2b62-0adb-f587-bbb820db7247"; ECCEnabled = true; ComputeUnits = 142; NvidiaDriver = "570.124.06"; DriverVersion = 12.8; DevicePciBusId = "0000:01:00.0"; GlobalMemoryMb = 45468; MaxSupportedVersion = 12080 ]
	Memory = 16384
...
006 (2587960.000.000) 2025-08-06 13:58:55 Image size of job updated: 676972
	662  -  MemoryUsage of job (MB)
	676972  -  ResidentSetSize of job (KB)
...
006 (2587960.000.000) 2025-08-06 14:03:56 Image size of job updated: 685776
	669  -  MemoryUsage of job (MB)
	684620  -  ResidentSetSize of job (KB)
...
006 (2587960.000.000) 2025-08-06 14:08:56 Image size of job updated: 3560512
	3478  -  MemoryUsage of job (MB)
	3560512  -  ResidentSetSize of job (KB)
...
006 (2587960.000.000) 2025-08-06 14:10:31 Image size of job updated: 3793536
	3478  -  MemoryUsage of job (MB)
	3560512  -  ResidentSetSize of job (KB)
...
005 (2587960.000.000) 2025-08-06 14:10:31 Job terminated.
	(1) Normal termination (return value 0)
		Usr 0 00:12:11, Sys 0 00:00:42  -  Run Remote Usage
		Usr 0 00:00:00, Sys 0 00:00:00  -  Run Local Usage
		Usr 0 00:12:11, Sys 0 00:00:42  -  Total Remote Usage
		Usr 0 00:00:00, Sys 0 00:00:00  -  Total Local Usage
	0  -  Run Bytes Sent By Job
	0  -  Run Bytes Received By Job
	0  -  Total Bytes Sent By Job
	0  -  Total Bytes Received By Job
	Partitionable Resources :    Usage  Request Allocated Assigned
	   Cpus                 :     1.06        1         1 
	   Disk (KB)            : 17500    16777216  16790397 
	   GPUs                 :     0.16        1         1 "GPU-569990fd-2b62-0adb-f587-bbb820db7247"
	   GpusMemory (MB)      : 35158                       
	   Memory (MB)          :  3478       16384     16384 
	   TimeExecute (s)      :   710                       
	   TimeSlotBusy (s)     :   710                       

	Job terminated of its own accord at 2025-08-06T12:10:31Z with exit-code 0.
...
000 (2588070.000.000) 2025-08-06 18:17:40 Job submitted from host: <145.107.7.246:9618?addrs=145.107.7.246-9618+[2a07-8500-120-e070--3f6]-9618&alias=taai-007.nikhef.nl&noUDP&sock=schedd_2614_90a7>
...
001 (2588070.000.000) 2025-08-06 18:18:44 Job executing on host: <145.107.4.164:9618?addrs=145.107.4.164-9618+[2a07-8500-120-e070--a4]-9618&alias=wn-pijl-003.nikhef.nl&noUDP&sock=startd_4461_7413>
	SlotName: slot1_1@wn-pijl-003.nikhef.nl
	AvailableGPUs = { GPUs_GPU_569990fd_2b62_0adb_f587_bbb820db7247 }
	CondorScratchDir = "/scratch/condor_execute/dir_1754482"
	Cpus = 1
	Disk = 16790397
	GPUs = 1
	GPUs_GPU_569990fd_2b62_0adb_f587_bbb820db7247 = [ Id = "GPU-569990fd-2b62-0adb-f587-bbb820db7247"; ClockMhz = 2520.0; Capability = 8.9; CoresPerCU = 128; DeviceName = "NVIDIA L40S"; DeviceUuid = "569990fd-2b62-0adb-f587-bbb820db7247"; ECCEnabled = true; ComputeUnits = 142; NvidiaDriver = "570.124.06"; DriverVersion = 12.8; DevicePciBusId = "0000:01:00.0"; GlobalMemoryMb = 45468; MaxSupportedVersion = 12080 ]
	Memory = 16384
...
006 (2588070.000.000) 2025-08-06 18:18:58 Image size of job updated: 673840
	659  -  MemoryUsage of job (MB)
	673840  -  ResidentSetSize of job (KB)
...
006 (2588070.000.000) 2025-08-06 18:23:59 Image size of job updated: 682928
	666  -  MemoryUsage of job (MB)
	681804  -  ResidentSetSize of job (KB)
...
006 (2588070.000.000) 2025-08-06 18:28:59 Image size of job updated: 3957464
	3865  -  MemoryUsage of job (MB)
	3957464  -  ResidentSetSize of job (KB)
...
006 (2588070.000.000) 2025-08-06 18:29:14 Image size of job updated: 4026784
	3865  -  MemoryUsage of job (MB)
	3957472  -  ResidentSetSize of job (KB)
...
005 (2588070.000.000) 2025-08-06 18:29:14 Job terminated.
	(1) Normal termination (return value 0)
		Usr 0 00:10:31, Sys 0 00:00:58  -  Run Remote Usage
		Usr 0 00:00:00, Sys 0 00:00:00  -  Run Local Usage
		Usr 0 00:10:31, Sys 0 00:00:58  -  Total Remote Usage
		Usr 0 00:00:00, Sys 0 00:00:00  -  Total Local Usage
	0  -  Run Bytes Sent By Job
	0  -  Run Bytes Received By Job
	0  -  Total Bytes Sent By Job
	0  -  Total Bytes Received By Job
	Partitionable Resources :    Usage  Request Allocated Assigned
	   Cpus                 :     1.10        1         1 
	   Disk (KB)            : 17500    16777216  16790397 
	   GPUs                 :     0.02        1         1 "GPU-569990fd-2b62-0adb-f587-bbb820db7247"
	   GpusMemory (MB)      : 35158                       
	   Memory (MB)          :  3865       16384     16384 
	   TimeExecute (s)      :   630                       
	   TimeSlotBusy (s)     :   630                       

	Job terminated of its own accord at 2025-08-06T16:29:14Z with exit-code 0.
...
