000 (2588904.000.000) 2025-08-08 15:49:48 Job submitted from host: <145.107.7.246:9618?addrs=145.107.7.246-9618+[2a07-8500-120-e070--3f6]-9618&alias=taai-007.nikhef.nl&noUDP&sock=schedd_2614_90a7>
...
009 (2588904.000.000) 2025-08-08 15:49:59 Job was aborted.
	via condor_rm (by user twouters)
...
000 (2588905.000.000) 2025-08-08 15:50:55 Job submitted from host: <145.107.7.246:9618?addrs=145.107.7.246-9618+[2a07-8500-120-e070--3f6]-9618&alias=taai-007.nikhef.nl&noUDP&sock=schedd_2614_90a7>
...
001 (2588905.000.000) 2025-08-08 15:51:24 Job executing on host: <145.107.4.134:9618?addrs=145.107.4.134-9618+[2a07-8500-120-e070--86]-9618&alias=wn-lot-007.nikhef.nl&noUDP&sock=startd_1724_195d>
	SlotName: slot1_8@wn-lot-007.nikhef.nl
	CondorScratchDir = "/scratch/condor_execute/dir_2972091"
	Cpus = 1
	Disk = 2098660
	GPUs = 0
	Memory = 4096
...
006 (2588905.000.000) 2025-08-08 15:51:38 Image size of job updated: 237464
	232  -  MemoryUsage of job (MB)
	237464  -  ResidentSetSize of job (KB)
...
006 (2588905.000.000) 2025-08-08 15:52:29 Image size of job updated: 479120
	232  -  MemoryUsage of job (MB)
	237464  -  ResidentSetSize of job (KB)
...
005 (2588905.000.000) 2025-08-08 15:52:29 Job terminated.
	(1) Normal termination (return value 0)
		Usr 0 00:00:46, Sys 0 00:00:02  -  Run Remote Usage
		Usr 0 00:00:00, Sys 0 00:00:00  -  Run Local Usage
		Usr 0 00:00:46, Sys 0 00:00:02  -  Total Remote Usage
		Usr 0 00:00:00, Sys 0 00:00:00  -  Total Local Usage
	0  -  Run Bytes Sent By Job
	0  -  Run Bytes Received By Job
	0  -  Total Bytes Sent By Job
	0  -  Total Bytes Received By Job
	Partitionable Resources :    Usage  Request Allocated 
	   Cpus                 :     0.97        1         1 
	   Disk (KB)            : 17500     2097152   2098660 
	   GPUs                 :                           0 
	   Memory (MB)          :   232        4096      4096 
	   TimeExecute (s)      :    65                       
	   TimeSlotBusy (s)     :    65                       

	Job terminated of its own accord at 2025-08-08T13:52:29Z with exit-code 0.
...
