Generating ALL comparison corner plots for GW190425...
  Source comparison: population=uniform, eos=radio
Loaded 3 posterior datasets: ['nsbh', 'bns', 'default']

Saving corner plot to /data/gravwav/twouters/projects/eos_source_classification/eos_source_classification/GW_runs/GW190425/figures/population_uniform_eos_radio/corner_source_tilde.pdf

Loaded 3 posterior datasets: ['nsbh', 'bns', 'default']

Saving corner plot to /data/gravwav/twouters/projects/eos_source_classification/eos_source_classification/GW_runs/GW190425/figures/population_uniform_eos_radio/corner_source.pdf

  Source comparison: population=uniform, eos=radio_chiEFT
Loaded 2 posterior datasets: ['nsbh', 'bns']

Saving corner plot to /data/gravwav/twouters/projects/eos_source_classification/eos_source_classification/GW_runs/GW190425/figures/population_uniform_eos_radio_chiEFT/corner_source_tilde.pdf

Loaded 2 posterior datasets: ['nsbh', 'bns']

Saving corner plot to /data/gravwav/twouters/projects/eos_source_classification/eos_source_classification/GW_runs/GW190425/figures/population_uniform_eos_radio_chiEFT/corner_source.pdf

  Source comparison: population=uniform, eos=radio_chiEFT_NICER
Loaded 2 posterior datasets: ['nsbh', 'bns']

Saving corner plot to /data/gravwav/twouters/projects/eos_source_classification/eos_source_classification/GW_runs/GW190425/figures/population_uniform_eos_radio_chiEFT_NICER/corner_source_tilde.pdf

Loaded 2 posterior datasets: ['nsbh', 'bns']

Saving corner plot to /data/gravwav/twouters/projects/eos_source_classification/eos_source_classification/GW_runs/GW190425/figures/population_uniform_eos_radio_chiEFT_NICER/corner_source.pdf

  Source comparison: population=gaussian, eos=radio
Loaded 3 posterior datasets: ['nsbh', 'bns', 'default']

Saving corner plot to /data/gravwav/twouters/projects/eos_source_classification/eos_source_classification/GW_runs/GW190425/figures/population_gaussian_eos_radio/corner_source_tilde.pdf

Loaded 3 posterior datasets: ['nsbh', 'bns', 'default']

Saving corner plot to /data/gravwav/twouters/projects/eos_source_classification/eos_source_classification/GW_runs/GW190425/figures/population_gaussian_eos_radio/corner_source.pdf

  Source comparison: population=gaussian, eos=radio_chiEFT
Loaded 3 posterior datasets: ['nsbh', 'bns', 'default']

Saving corner plot to /data/gravwav/twouters/projects/eos_source_classification/eos_source_classification/GW_runs/GW190425/figures/population_gaussian_eos_radio_chiEFT/corner_source_tilde.pdf

Loaded 3 posterior datasets: ['nsbh', 'bns', 'default']

Saving corner plot to /data/gravwav/twouters/projects/eos_source_classification/eos_source_classification/GW_runs/GW190425/figures/population_gaussian_eos_radio_chiEFT/corner_source.pdf

  Source comparison: population=gaussian, eos=radio_chiEFT_NICER
Loaded 3 posterior datasets: ['nsbh', 'bns', 'default']

Saving corner plot to /data/gravwav/twouters/projects/eos_source_classification/eos_source_classification/GW_runs/GW190425/figures/population_gaussian_eos_radio_chiEFT_NICER/corner_source_tilde.pdf

Loaded 3 posterior datasets: ['nsbh', 'bns', 'default']

Saving corner plot to /data/gravwav/twouters/projects/eos_source_classification/eos_source_classification/GW_runs/GW190425/figures/population_gaussian_eos_radio_chiEFT_NICER/corner_source.pdf

  Source comparison: population=double_gaussian, eos=radio
Loaded 3 posterior datasets: ['nsbh', 'bns', 'default']

Saving corner plot to /data/gravwav/twouters/projects/eos_source_classification/eos_source_classification/GW_runs/GW190425/figures/population_double_gaussian_eos_radio/corner_source_tilde.pdf

Loaded 3 posterior datasets: ['nsbh', 'bns', 'default']

Saving corner plot to /data/gravwav/twouters/projects/eos_source_classification/eos_source_classification/GW_runs/GW190425/figures/population_double_gaussian_eos_radio/corner_source.pdf

  Source comparison: population=double_gaussian, eos=radio_chiEFT
Loaded 3 posterior datasets: ['nsbh', 'bns', 'default']

Saving corner plot to /data/gravwav/twouters/projects/eos_source_classification/eos_source_classification/GW_runs/GW190425/figures/population_double_gaussian_eos_radio_chiEFT/corner_source_tilde.pdf

Loaded 3 posterior datasets: ['nsbh', 'bns', 'default']

Saving corner plot to /data/gravwav/twouters/projects/eos_source_classification/eos_source_classification/GW_runs/GW190425/figures/population_double_gaussian_eos_radio_chiEFT/corner_source.pdf

  Source comparison: population=double_gaussian, eos=radio_chiEFT_NICER
Loaded 3 posterior datasets: ['nsbh', 'bns', 'default']

Saving corner plot to /data/gravwav/twouters/projects/eos_source_classification/eos_source_classification/GW_runs/GW190425/figures/population_double_gaussian_eos_radio_chiEFT_NICER/corner_source_tilde.pdf

Loaded 3 posterior datasets: ['nsbh', 'bns', 'default']

Saving corner plot to /data/gravwav/twouters/projects/eos_source_classification/eos_source_classification/GW_runs/GW190425/figures/population_double_gaussian_eos_radio_chiEFT_NICER/corner_source.pdf

  Source comparison: population=GW190425, eos=radio
Loaded 2 posterior datasets: ['nsbh', 'bns']

Saving corner plot to /data/gravwav/twouters/projects/eos_source_classification/eos_source_classification/GW_runs/GW190425/figures/population_GW190425_eos_radio/corner_source_tilde.pdf

Loaded 2 posterior datasets: ['nsbh', 'bns']

Saving corner plot to /data/gravwav/twouters/projects/eos_source_classification/eos_source_classification/GW_runs/GW190425/figures/population_GW190425_eos_radio/corner_source.pdf

  Source comparison: population=GW190425, eos=radio_chiEFT
Loaded 2 posterior datasets: ['nsbh', 'bns']

Saving corner plot to /data/gravwav/twouters/projects/eos_source_classification/eos_source_classification/GW_runs/GW190425/figures/population_GW190425_eos_radio_chiEFT/corner_source_tilde.pdf

Loaded 2 posterior datasets: ['nsbh', 'bns']

Saving corner plot to /data/gravwav/twouters/projects/eos_source_classification/eos_source_classification/GW_runs/GW190425/figures/population_GW190425_eos_radio_chiEFT/corner_source.pdf

  Source comparison: population=GW190425, eos=radio_chiEFT_NICER
Loaded 2 posterior datasets: ['nsbh', 'bns']

Saving corner plot to /data/gravwav/twouters/projects/eos_source_classification/eos_source_classification/GW_runs/GW190425/figures/population_GW190425_eos_radio_chiEFT_NICER/corner_source_tilde.pdf

Loaded 2 posterior datasets: ['nsbh', 'bns']

Saving corner plot to /data/gravwav/twouters/projects/eos_source_classification/eos_source_classification/GW_runs/GW190425/figures/population_GW190425_eos_radio_chiEFT_NICER/corner_source.pdf

  Population comparison: source=bns, eos=radio
Loaded 4 posterior datasets: ['uniform', 'gaussian', 'double_gaussian', 'GW190425']

Saving corner plot to /data/gravwav/twouters/projects/eos_source_classification/eos_source_classification/GW_runs/GW190425/figures/source_bns_eos_radio/corner_population_tilde.pdf

Loaded 4 posterior datasets: ['uniform', 'gaussian', 'double_gaussian', 'GW190425']

Saving corner plot to /data/gravwav/twouters/projects/eos_source_classification/eos_source_classification/GW_runs/GW190425/figures/source_bns_eos_radio/corner_population.pdf

  Population comparison: source=bns, eos=radio_chiEFT
Loaded 4 posterior datasets: ['uniform', 'gaussian', 'double_gaussian', 'GW190425']

Saving corner plot to /data/gravwav/twouters/projects/eos_source_classification/eos_source_classification/GW_runs/GW190425/figures/source_bns_eos_radio_chiEFT/corner_population_tilde.pdf

Loaded 4 posterior datasets: ['uniform', 'gaussian', 'double_gaussian', 'GW190425']

Saving corner plot to /data/gravwav/twouters/projects/eos_source_classification/eos_source_classification/GW_runs/GW190425/figures/source_bns_eos_radio_chiEFT/corner_population.pdf

  Population comparison: source=bns, eos=radio_chiEFT_NICER
Loaded 4 posterior datasets: ['uniform', 'gaussian', 'double_gaussian', 'GW190425']

Saving corner plot to /data/gravwav/twouters/projects/eos_source_classification/eos_source_classification/GW_runs/GW190425/figures/source_bns_eos_radio_chiEFT_NICER/corner_population_tilde.pdf

Loaded 4 posterior datasets: ['uniform', 'gaussian', 'double_gaussian', 'GW190425']

Saving corner plot to /data/gravwav/twouters/projects/eos_source_classification/eos_source_classification/GW_runs/GW190425/figures/source_bns_eos_radio_chiEFT_NICER/corner_population.pdf

  Population comparison: source=nsbh, eos=radio
Loaded 4 posterior datasets: ['uniform', 'gaussian', 'double_gaussian', 'GW190425']

Saving corner plot to /data/gravwav/twouters/projects/eos_source_classification/eos_source_classification/GW_runs/GW190425/figures/source_nsbh_eos_radio/corner_population_tilde.pdf

Loaded 4 posterior datasets: ['uniform', 'gaussian', 'double_gaussian', 'GW190425']
