000 (2582723.000.000) 2025-08-05 15:58:38 Job submitted from host: <145.107.7.246:9618?addrs=145.107.7.246-9618+[2a07-8500-120-e070--3f6]-9618&alias=taai-007.nikhef.nl&noUDP&sock=schedd_2614_90a7>
    DAG Node: run_b
...
001 (2582723.000.000) 2025-08-05 15:59:17 Job executing on host: <145.107.4.132:9618?addrs=145.107.4.132-9618+[2a07-8500-120-e070--84]-9618&alias=wn-lot-005.nikhef.nl&noUDP&sock=startd_1768_4788>
	SlotName: slot1_1@wn-lot-005.nikhef.nl
	CondorScratchDir = "/scratch/condor_execute/dir_705510"
	Cpus = 64
	Disk = 16778721
	GPUs = 0
	Memory = 16384
...
006 (2582723.000.000) 2025-08-05 15:59:31 Image size of job updated: 81832
	80  -  MemoryUsage of job (MB)
	81832  -  ResidentSetSize of job (KB)
...
006 (2582723.000.000) 2025-08-05 16:00:33 Image size of job updated: 1237604
	80  -  MemoryUsage of job (MB)
	81840  -  ResidentSetSize of job (KB)
...
005 (2582723.000.000) 2025-08-05 16:00:33 Job terminated.
	(1) Normal termination (return value 1)
		Usr 0 00:00:36, Sys 0 00:00:12  -  Run Remote Usage
		Usr 0 00:00:00, Sys 0 00:00:00  -  Run Local Usage
		Usr 0 00:00:36, Sys 0 00:00:12  -  Total Remote Usage
		Usr 0 00:00:00, Sys 0 00:00:00  -  Total Local Usage
	0  -  Run Bytes Sent By Job
	0  -  Run Bytes Received By Job
	0  -  Total Bytes Sent By Job
	0  -  Total Bytes Received By Job
	Partitionable Resources :    Usage  Request Allocated 
	   Cpus                 :     0.54       64        64 
	   Disk (KB)            : 17500    16777216  16778721 
	   GPUs                 :                           0 
	   Memory (MB)          :    80       16384     16384 
	   TimeExecute (s)      :    76                       
	   TimeSlotBusy (s)     :    76                       

	Job terminated of its own accord at 2025-08-05T14:00:33Z with exit-code 1.
...
000 (2582867.000.000) 2025-08-05 16:02:16 Job submitted from host: <145.107.7.246:9618?addrs=145.107.7.246-9618+[2a07-8500-120-e070--3f6]-9618&alias=taai-007.nikhef.nl&noUDP&sock=schedd_2614_90a7>
    DAG Node: run_b
...
001 (2582867.000.000) 2025-08-05 16:03:17 Job executing on host: <145.107.4.132:9618?addrs=145.107.4.132-9618+[2a07-8500-120-e070--84]-9618&alias=wn-lot-005.nikhef.nl&noUDP&sock=startd_1768_4788>
	SlotName: slot1_1@wn-lot-005.nikhef.nl
	CondorScratchDir = "/scratch/condor_execute/dir_708054"
	Cpus = 64
	Disk = 16778721
	GPUs = 0
	Memory = 16384
...
006 (2582867.000.000) 2025-08-05 16:03:31 Image size of job updated: 271748
	266  -  MemoryUsage of job (MB)
	271748  -  ResidentSetSize of job (KB)
...
006 (2582867.000.000) 2025-08-05 16:08:32 Image size of job updated: 1492800
	1458  -  MemoryUsage of job (MB)
	1492800  -  ResidentSetSize of job (KB)
...
006 (2582867.000.000) 2025-08-05 16:13:33 Image size of job updated: 1527276
	1492  -  MemoryUsage of job (MB)
	1527276  -  ResidentSetSize of job (KB)
...
006 (2582867.000.000) 2025-08-05 16:18:33 Image size of job updated: 1546704
	1511  -  MemoryUsage of job (MB)
	1546704  -  ResidentSetSize of job (KB)
...
006 (2582867.000.000) 2025-08-05 16:23:34 Image size of job updated: 1560784
	1525  -  MemoryUsage of job (MB)
	1560784  -  ResidentSetSize of job (KB)
...
006 (2582867.000.000) 2025-08-05 16:28:35 Image size of job updated: 1571520
	1535  -  MemoryUsage of job (MB)
	1571520  -  ResidentSetSize of job (KB)
...
006 (2582867.000.000) 2025-08-05 16:33:35 Image size of job updated: 1580420
	1544  -  MemoryUsage of job (MB)
	1580420  -  ResidentSetSize of job (KB)
...
006 (2582867.000.000) 2025-08-05 16:38:35 Image size of job updated: 1587556
	1551  -  MemoryUsage of job (MB)
	1587556  -  ResidentSetSize of job (KB)
...
006 (2582867.000.000) 2025-08-05 16:43:36 Image size of job updated: 1594204
	1557  -  MemoryUsage of job (MB)
	1594204  -  ResidentSetSize of job (KB)
...
006 (2582867.000.000) 2025-08-05 16:48:37 Image size of job updated: 1599896
	1563  -  MemoryUsage of job (MB)
	1599896  -  ResidentSetSize of job (KB)
...
006 (2582867.000.000) 2025-08-05 16:53:37 Image size of job updated: 1605476
	1568  -  MemoryUsage of job (MB)
	1605476  -  ResidentSetSize of job (KB)
...
006 (2582867.000.000) 2025-08-05 16:58:37 Image size of job updated: 1610088
	1573  -  MemoryUsage of job (MB)
	1610088  -  ResidentSetSize of job (KB)
...
006 (2582867.000.000) 2025-08-05 17:03:38 Image size of job updated: 1614084
	1577  -  MemoryUsage of job (MB)
	1614084  -  ResidentSetSize of job (KB)
...
006 (2582867.000.000) 2025-08-05 17:08:38 Image size of job updated: 2106212
	2020  -  MemoryUsage of job (MB)
	2067468  -  ResidentSetSize of job (KB)
...
006 (2582867.000.000) 2025-08-05 17:13:38 Image size of job updated: 2106212
	2022  -  MemoryUsage of job (MB)
	2070440  -  ResidentSetSize of job (KB)
...
006 (2582867.000.000) 2025-08-05 17:18:39 Image size of job updated: 2106212
	2045  -  MemoryUsage of job (MB)
	2093748  -  ResidentSetSize of job (KB)
...
006 (2582867.000.000) 2025-08-05 17:23:40 Image size of job updated: 2110392
	2061  -  MemoryUsage of job (MB)
	2110392  -  ResidentSetSize of job (KB)
...
006 (2582867.000.000) 2025-08-05 17:28:40 Image size of job updated: 2112900
	2064  -  MemoryUsage of job (MB)
	2112900  -  ResidentSetSize of job (KB)
...
006 (2582867.000.000) 2025-08-05 17:33:40 Image size of job updated: 2115424
	2066  -  MemoryUsage of job (MB)
	2115424  -  ResidentSetSize of job (KB)
...
006 (2582867.000.000) 2025-08-05 17:38:41 Image size of job updated: 2117740
	2069  -  MemoryUsage of job (MB)
	2117740  -  ResidentSetSize of job (KB)
...
006 (2582867.000.000) 2025-08-05 17:43:42 Image size of job updated: 2119848
	2071  -  MemoryUsage of job (MB)
	2119848  -  ResidentSetSize of job (KB)
...
006 (2582867.000.000) 2025-08-05 17:48:42 Image size of job updated: 2122024
	2073  -  MemoryUsage of job (MB)
	2122024  -  ResidentSetSize of job (KB)
...
006 (2582867.000.000) 2025-08-05 17:53:43 Image size of job updated: 2124340
	2075  -  MemoryUsage of job (MB)
	2124340  -  ResidentSetSize of job (KB)
...
006 (2582867.000.000) 2025-08-05 17:58:44 Image size of job updated: 2126444
	2077  -  MemoryUsage of job (MB)
	2126444  -  ResidentSetSize of job (KB)
...
006 (2582867.000.000) 2025-08-05 18:03:44 Image size of job updated: 2128144
	2079  -  MemoryUsage of job (MB)
	2128144  -  ResidentSetSize of job (KB)
...
006 (2582867.000.000) 2025-08-05 18:08:44 Image size of job updated: 2209644
	2158  -  MemoryUsage of job (MB)
	2209644  -  ResidentSetSize of job (KB)
...
006 (2582867.000.000) 2025-08-05 18:13:45 Image size of job updated: 2211336
	2160  -  MemoryUsage of job (MB)
	2211336  -  ResidentSetSize of job (KB)
...
006 (2582867.000.000) 2025-08-05 18:18:46 Image size of job updated: 2212916
	2162  -  MemoryUsage of job (MB)
	2212916  -  ResidentSetSize of job (KB)
...
006 (2582867.000.000) 2025-08-05 18:23:46 Image size of job updated: 2214504
	2163  -  MemoryUsage of job (MB)
	2214504  -  ResidentSetSize of job (KB)
...
006 (2582867.000.000) 2025-08-05 18:28:46 Image size of job updated: 2216120
	2165  -  MemoryUsage of job (MB)
	2216120  -  ResidentSetSize of job (KB)
...
006 (2582867.000.000) 2025-08-05 18:33:48 Image size of job updated: 2217728
	2166  -  MemoryUsage of job (MB)
	2217728  -  ResidentSetSize of job (KB)
...
006 (2582867.000.000) 2025-08-05 18:38:47 Image size of job updated: 2219124
	2168  -  MemoryUsage of job (MB)
	2219124  -  ResidentSetSize of job (KB)
...
006 (2582867.000.000) 2025-08-05 18:43:47 Image size of job updated: 2220572
	2169  -  MemoryUsage of job (MB)
	2220572  -  ResidentSetSize of job (KB)
...
006 (2582867.000.000) 2025-08-05 18:48:48 Image size of job updated: 2221848
	2170  -  MemoryUsage of job (MB)
	2221848  -  ResidentSetSize of job (KB)
...
006 (2582867.000.000) 2025-08-05 18:53:49 Image size of job updated: 2223204
	2172  -  MemoryUsage of job (MB)
	2223204  -  ResidentSetSize of job (KB)
...
006 (2582867.000.000) 2025-08-05 18:58:49 Image size of job updated: 2226864
	2175  -  MemoryUsage of job (MB)
	2226864  -  ResidentSetSize of job (KB)
...
006 (2582867.000.000) 2025-08-05 19:03:49 Image size of job updated: 2228176
	2176  -  MemoryUsage of job (MB)
	2228176  -  ResidentSetSize of job (KB)
...
006 (2582867.000.000) 2025-08-05 19:08:50 Image size of job updated: 2263820
	2204  -  MemoryUsage of job (MB)
	2256272  -  ResidentSetSize of job (KB)
...
006 (2582867.000.000) 2025-08-05 19:13:51 Image size of job updated: 2263820
	2205  -  MemoryUsage of job (MB)
	2257440  -  ResidentSetSize of job (KB)
...
006 (2582867.000.000) 2025-08-05 19:18:51 Image size of job updated: 2263820
	2208  -  MemoryUsage of job (MB)
	2260288  -  ResidentSetSize of job (KB)
...
006 (2582867.000.000) 2025-08-05 19:23:51 Image size of job updated: 2263820
	2209  -  MemoryUsage of job (MB)
	2261376  -  ResidentSetSize of job (KB)
...
006 (2582867.000.000) 2025-08-05 19:28:53 Image size of job updated: 2263820
	2210  -  MemoryUsage of job (MB)
	2262480  -  ResidentSetSize of job (KB)
...
006 (2582867.000.000) 2025-08-05 19:33:53 Image size of job updated: 2263820
	2211  -  MemoryUsage of job (MB)
	2263600  -  ResidentSetSize of job (KB)
...
006 (2582867.000.000) 2025-08-05 19:38:53 Image size of job updated: 2264548
	2212  -  MemoryUsage of job (MB)
	2264548  -  ResidentSetSize of job (KB)
...
006 (2582867.000.000) 2025-08-05 19:43:54 Image size of job updated: 2265536
	2213  -  MemoryUsage of job (MB)
	2265536  -  ResidentSetSize of job (KB)
...
006 (2582867.000.000) 2025-08-05 19:48:55 Image size of job updated: 2266516
	2214  -  MemoryUsage of job (MB)
	2266516  -  ResidentSetSize of job (KB)
...
006 (2582867.000.000) 2025-08-05 19:53:55 Image size of job updated: 2268612
	2216  -  MemoryUsage of job (MB)
	2268612  -  ResidentSetSize of job (KB)
...
006 (2582867.000.000) 2025-08-05 19:58:55 Image size of job updated: 2269504
	2217  -  MemoryUsage of job (MB)
	2269504  -  ResidentSetSize of job (KB)
...
006 (2582867.000.000) 2025-08-05 20:03:56 Image size of job updated: 2272008
	2219  -  MemoryUsage of job (MB)
	2272008  -  ResidentSetSize of job (KB)
...
006 (2582867.000.000) 2025-08-05 20:08:57 Image size of job updated: 2272852
	2220  -  MemoryUsage of job (MB)
	2272852  -  ResidentSetSize of job (KB)
...
006 (2582867.000.000) 2025-08-05 20:13:57 Image size of job updated: 2300344
	2241  -  MemoryUsage of job (MB)
	2294188  -  ResidentSetSize of job (KB)
...
006 (2582867.000.000) 2025-08-05 20:18:57 Image size of job updated: 2300344
	2242  -  MemoryUsage of job (MB)
	2295012  -  ResidentSetSize of job (KB)
...
006 (2582867.000.000) 2025-08-05 20:23:58 Image size of job updated: 2300344
	2243  -  MemoryUsage of job (MB)
	2296776  -  ResidentSetSize of job (KB)
...
006 (2582867.000.000) 2025-08-05 20:28:59 Image size of job updated: 2300344
	2244  -  MemoryUsage of job (MB)
	2297440  -  ResidentSetSize of job (KB)
...
006 (2582867.000.000) 2025-08-05 20:33:59 Image size of job updated: 2300344
	2245  -  MemoryUsage of job (MB)
	2298068  -  ResidentSetSize of job (KB)
...
006 (2582867.000.000) 2025-08-05 20:38:59 Image size of job updated: 2300344
	2245  -  MemoryUsage of job (MB)
	2298820  -  ResidentSetSize of job (KB)
...
006 (2582867.000.000) 2025-08-05 20:44:00 Image size of job updated: 2300344
	2246  -  MemoryUsage of job (MB)
	2299748  -  ResidentSetSize of job (KB)
...
006 (2582867.000.000) 2025-08-05 20:49:00 Image size of job updated: 2300432
	2247  -  MemoryUsage of job (MB)
	2300432  -  ResidentSetSize of job (KB)
...
006 (2582867.000.000) 2025-08-05 20:54:00 Image size of job updated: 2301108
	2248  -  MemoryUsage of job (MB)
	2301108  -  ResidentSetSize of job (KB)
...
006 (2582867.000.000) 2025-08-05 20:59:01 Image size of job updated: 2301836
	2248  -  MemoryUsage of job (MB)
	2301836  -  ResidentSetSize of job (KB)
...
006 (2582867.000.000) 2025-08-05 21:04:02 Image size of job updated: 2304400
	2251  -  MemoryUsage of job (MB)
	2304400  -  ResidentSetSize of job (KB)
...
006 (2582867.000.000) 2025-08-05 21:09:02 Image size of job updated: 2305076
	2252  -  MemoryUsage of job (MB)
	2305076  -  ResidentSetSize of job (KB)
...
006 (2582867.000.000) 2025-08-05 21:14:02 Image size of job updated: 2334884
	2281  -  MemoryUsage of job (MB)
	2334884  -  ResidentSetSize of job (KB)
...
006 (2582867.000.000) 2025-08-05 21:19:03 Image size of job updated: 2335732
	2281  -  MemoryUsage of job (MB)
	2335732  -  ResidentSetSize of job (KB)
...
006 (2582867.000.000) 2025-08-05 21:24:04 Image size of job updated: 2336260
	2282  -  MemoryUsage of job (MB)
	2336260  -  ResidentSetSize of job (KB)
...
006 (2582867.000.000) 2025-08-05 21:29:04 Image size of job updated: 2336912
	2283  -  MemoryUsage of job (MB)
	2336912  -  ResidentSetSize of job (KB)
...
006 (2582867.000.000) 2025-08-05 21:34:04 Image size of job updated: 2337604
	2283  -  MemoryUsage of job (MB)
	2337604  -  ResidentSetSize of job (KB)
...
006 (2582867.000.000) 2025-08-05 21:39:05 Image size of job updated: 2338164
	2284  -  MemoryUsage of job (MB)
	2338164  -  ResidentSetSize of job (KB)
...
006 (2582867.000.000) 2025-08-05 21:44:06 Image size of job updated: 2338728
	2284  -  MemoryUsage of job (MB)
	2338728  -  ResidentSetSize of job (KB)
...
006 (2582867.000.000) 2025-08-05 21:49:06 Image size of job updated: 2339276
	2285  -  MemoryUsage of job (MB)
	2339276  -  ResidentSetSize of job (KB)
...
006 (2582867.000.000) 2025-08-05 21:54:06 Image size of job updated: 2339848
	2286  -  MemoryUsage of job (MB)
	2339848  -  ResidentSetSize of job (KB)
...
006 (2582867.000.000) 2025-08-05 21:59:08 Image size of job updated: 2340388
	2286  -  MemoryUsage of job (MB)
	2340388  -  ResidentSetSize of job (KB)
...
006 (2582867.000.000) 2025-08-05 22:04:08 Image size of job updated: 2340864
	2286  -  MemoryUsage of job (MB)
	2340864  -  ResidentSetSize of job (KB)
...
006 (2582867.000.000) 2025-08-05 22:09:08 Image size of job updated: 2342968
	2289  -  MemoryUsage of job (MB)
	2342968  -  ResidentSetSize of job (KB)
...
006 (2582867.000.000) 2025-08-05 22:14:09 Image size of job updated: 2362668
	2297  -  MemoryUsage of job (MB)
	2351720  -  ResidentSetSize of job (KB)
...
006 (2582867.000.000) 2025-08-05 22:19:10 Image size of job updated: 2362668
	2298  -  MemoryUsage of job (MB)
	2353084  -  ResidentSetSize of job (KB)
...
006 (2582867.000.000) 2025-08-05 22:24:10 Image size of job updated: 2362668
	2299  -  MemoryUsage of job (MB)
	2353488  -  ResidentSetSize of job (KB)
...
006 (2582867.000.000) 2025-08-05 22:29:10 Image size of job updated: 2362668
	2299  -  MemoryUsage of job (MB)
	2353988  -  ResidentSetSize of job (KB)
...
006 (2582867.000.000) 2025-08-05 22:34:11 Image size of job updated: 2362668
	2300  -  MemoryUsage of job (MB)
	2354460  -  ResidentSetSize of job (KB)
...
006 (2582867.000.000) 2025-08-05 22:39:12 Image size of job updated: 2362668
	2301  -  MemoryUsage of job (MB)
	2355968  -  ResidentSetSize of job (KB)
...
006 (2582867.000.000) 2025-08-05 22:44:12 Image size of job updated: 2362668
	2302  -  MemoryUsage of job (MB)
	2356500  -  ResidentSetSize of job (KB)
...
006 (2582867.000.000) 2025-08-05 22:49:12 Image size of job updated: 2362668
	2304  -  MemoryUsage of job (MB)
	2358664  -  ResidentSetSize of job (KB)
...
006 (2582867.000.000) 2025-08-05 22:54:13 Image size of job updated: 2362668
	2304  -  MemoryUsage of job (MB)
	2359124  -  ResidentSetSize of job (KB)
...
006 (2582867.000.000) 2025-08-05 22:59:14 Image size of job updated: 2362668
	2306  -  MemoryUsage of job (MB)
	2360576  -  ResidentSetSize of job (KB)
...
006 (2582867.000.000) 2025-08-05 23:04:14 Image size of job updated: 2362668
	2306  -  MemoryUsage of job (MB)
	2361000  -  ResidentSetSize of job (KB)
...
006 (2582867.000.000) 2025-08-05 23:09:14 Image size of job updated: 2362668
	2307  -  MemoryUsage of job (MB)
	2361372  -  ResidentSetSize of job (KB)
...
006 (2582867.000.000) 2025-08-05 23:14:15 Image size of job updated: 2394224
	2339  -  MemoryUsage of job (MB)
	2394224  -  ResidentSetSize of job (KB)
...
006 (2582867.000.000) 2025-08-05 23:19:16 Image size of job updated: 2394820
	2339  -  MemoryUsage of job (MB)
	2394820  -  ResidentSetSize of job (KB)
...
006 (2582867.000.000) 2025-08-05 23:24:16 Image size of job updated: 2395312
	2340  -  MemoryUsage of job (MB)
	2395312  -  ResidentSetSize of job (KB)
...
006 (2582867.000.000) 2025-08-05 23:29:16 Image size of job updated: 2395712
	2340  -  MemoryUsage of job (MB)
	2395712  -  ResidentSetSize of job (KB)
...
006 (2582867.000.000) 2025-08-05 23:34:17 Image size of job updated: 2397708
	2342  -  MemoryUsage of job (MB)
	2397708  -  ResidentSetSize of job (KB)
...
006 (2582867.000.000) 2025-08-05 23:39:18 Image size of job updated: 2398120
	2342  -  MemoryUsage of job (MB)
	2398120  -  ResidentSetSize of job (KB)
...
006 (2582867.000.000) 2025-08-05 23:44:18 Image size of job updated: 2400008
	2344  -  MemoryUsage of job (MB)
	2400008  -  ResidentSetSize of job (KB)
...
006 (2582867.000.000) 2025-08-05 23:49:18 Image size of job updated: 2400360
	2345  -  MemoryUsage of job (MB)
	2400360  -  ResidentSetSize of job (KB)
...
006 (2582867.000.000) 2025-08-05 23:54:20 Image size of job updated: 2402148
	2346  -  MemoryUsage of job (MB)
	2402148  -  ResidentSetSize of job (KB)
...
006 (2582867.000.000) 2025-08-05 23:59:19 Image size of job updated: 2402488
	2347  -  MemoryUsage of job (MB)
	2402488  -  ResidentSetSize of job (KB)
...
006 (2582867.000.000) 2025-08-06 00:04:19 Image size of job updated: 2403828
	2348  -  MemoryUsage of job (MB)
	2403828  -  ResidentSetSize of job (KB)
...
006 (2582867.000.000) 2025-08-06 00:09:20 Image size of job updated: 2404108
	2348  -  MemoryUsage of job (MB)
	2404108  -  ResidentSetSize of job (KB)
...
006 (2582867.000.000) 2025-08-06 00:14:21 Image size of job updated: 2415832
	2358  -  MemoryUsage of job (MB)
	2414496  -  ResidentSetSize of job (KB)
...
006 (2582867.000.000) 2025-08-06 00:19:21 Image size of job updated: 2415832
	2359  -  MemoryUsage of job (MB)
	2414836  -  ResidentSetSize of job (KB)
...
006 (2582867.000.000) 2025-08-06 00:24:21 Image size of job updated: 2415832
	2359  -  MemoryUsage of job (MB)
	2415184  -  ResidentSetSize of job (KB)
...
006 (2582867.000.000) 2025-08-06 00:29:22 Image size of job updated: 2415832
	2359  -  MemoryUsage of job (MB)
	2415476  -  ResidentSetSize of job (KB)
...
006 (2582867.000.000) 2025-08-06 00:34:23 Image size of job updated: 2415832
	2360  -  MemoryUsage of job (MB)
	2415748  -  ResidentSetSize of job (KB)
...
006 (2582867.000.000) 2025-08-06 00:39:23 Image size of job updated: 2416104
	2360  -  MemoryUsage of job (MB)
	2416104  -  ResidentSetSize of job (KB)
...
006 (2582867.000.000) 2025-08-06 00:44:23 Image size of job updated: 2418212
	2362  -  MemoryUsage of job (MB)
	2418212  -  ResidentSetSize of job (KB)
...
006 (2582867.000.000) 2025-08-06 00:49:24 Image size of job updated: 2418552
	2362  -  MemoryUsage of job (MB)
	2418552  -  ResidentSetSize of job (KB)
...
006 (2582867.000.000) 2025-08-06 00:54:25 Image size of job updated: 2418896
	2363  -  MemoryUsage of job (MB)
	2418896  -  ResidentSetSize of job (KB)
...
006 (2582867.000.000) 2025-08-06 00:59:25 Image size of job updated: 2420208
	2364  -  MemoryUsage of job (MB)
	2420208  -  ResidentSetSize of job (KB)
...
006 (2582867.000.000) 2025-08-06 01:04:25 Image size of job updated: 2420544
	2364  -  MemoryUsage of job (MB)
	2420544  -  ResidentSetSize of job (KB)
...
006 (2582867.000.000) 2025-08-06 01:09:26 Image size of job updated: 2421760
	2365  -  MemoryUsage of job (MB)
	2421760  -  ResidentSetSize of job (KB)
...
006 (2582867.000.000) 2025-08-06 01:14:27 Image size of job updated: 2430980
	2373  -  MemoryUsage of job (MB)
	2429016  -  ResidentSetSize of job (KB)
...
006 (2582867.000.000) 2025-08-06 01:19:27 Image size of job updated: 2430980
	2374  -  MemoryUsage of job (MB)
	2430524  -  ResidentSetSize of job (KB)
...
006 (2582867.000.000) 2025-08-06 01:24:27 Image size of job updated: 2430980
	2374  -  MemoryUsage of job (MB)
	2430940  -  ResidentSetSize of job (KB)
...
006 (2582867.000.000) 2025-08-06 01:29:28 Image size of job updated: 2431264
	2375  -  MemoryUsage of job (MB)
	2431264  -  ResidentSetSize of job (KB)
...
006 (2582867.000.000) 2025-08-06 01:34:29 Image size of job updated: 2431552
	2375  -  MemoryUsage of job (MB)
	2431552  -  ResidentSetSize of job (KB)
...
006 (2582867.000.000) 2025-08-06 01:39:29 Image size of job updated: 2432824
	2376  -  MemoryUsage of job (MB)
	2432824  -  ResidentSetSize of job (KB)
...
006 (2582867.000.000) 2025-08-06 01:44:29 Image size of job updated: 2433100
	2377  -  MemoryUsage of job (MB)
	2433100  -  ResidentSetSize of job (KB)
...
006 (2582867.000.000) 2025-08-06 01:49:30 Image size of job updated: 2433392
	2377  -  MemoryUsage of job (MB)
	2433392  -  ResidentSetSize of job (KB)
...
006 (2582867.000.000) 2025-08-06 01:54:31 Image size of job updated: 2433632
	2377  -  MemoryUsage of job (MB)
	2433632  -  ResidentSetSize of job (KB)
...
006 (2582867.000.000) 2025-08-06 01:59:31 Image size of job updated: 2434712
	2378  -  MemoryUsage of job (MB)
	2434712  -  ResidentSetSize of job (KB)
...
006 (2582867.000.000) 2025-08-06 02:04:31 Image size of job updated: 2435004
	2378  -  MemoryUsage of job (MB)
	2435004  -  ResidentSetSize of job (KB)
...
006 (2582867.000.000) 2025-08-06 02:09:32 Image size of job updated: 2437008
	2380  -  MemoryUsage of job (MB)
	2437008  -  ResidentSetSize of job (KB)
...
006 (2582867.000.000) 2025-08-06 02:14:33 Image size of job updated: 2437304
	2381  -  MemoryUsage of job (MB)
	2437304  -  ResidentSetSize of job (KB)
...
006 (2582867.000.000) 2025-08-06 02:19:33 Image size of job updated: 2442632
	2385  -  MemoryUsage of job (MB)
	2441280  -  ResidentSetSize of job (KB)
...
006 (2582867.000.000) 2025-08-06 02:24:34 Image size of job updated: 2442632
	2385  -  MemoryUsage of job (MB)
	2441648  -  ResidentSetSize of job (KB)
...
006 (2582867.000.000) 2025-08-06 02:29:35 Image size of job updated: 2444320
	2388  -  MemoryUsage of job (MB)
	2444320  -  ResidentSetSize of job (KB)
...
006 (2582867.000.000) 2025-08-06 02:34:35 Image size of job updated: 2444792
	2388  -  MemoryUsage of job (MB)
	2444792  -  ResidentSetSize of job (KB)
...
006 (2582867.000.000) 2025-08-06 02:39:35 Image size of job updated: 2445092
	2388  -  MemoryUsage of job (MB)
	2445092  -  ResidentSetSize of job (KB)
...
006 (2582867.000.000) 2025-08-06 02:44:36 Image size of job updated: 2447736
	2391  -  MemoryUsage of job (MB)
	2447736  -  ResidentSetSize of job (KB)
...
006 (2582867.000.000) 2025-08-06 02:49:37 Image size of job updated: 2448300
	2391  -  MemoryUsage of job (MB)
	2448300  -  ResidentSetSize of job (KB)
...
006 (2582867.000.000) 2025-08-06 02:54:37 Image size of job updated: 2448600
	2392  -  MemoryUsage of job (MB)
	2448600  -  ResidentSetSize of job (KB)
...
006 (2582867.000.000) 2025-08-06 02:59:37 Image size of job updated: 2448936
	2392  -  MemoryUsage of job (MB)
	2448936  -  ResidentSetSize of job (KB)
...
006 (2582867.000.000) 2025-08-06 03:04:38 Image size of job updated: 2450032
	2393  -  MemoryUsage of job (MB)
	2450032  -  ResidentSetSize of job (KB)
...
006 (2582867.000.000) 2025-08-06 03:09:39 Image size of job updated: 2450304
	2393  -  MemoryUsage of job (MB)
	2450304  -  ResidentSetSize of job (KB)
...
006 (2582867.000.000) 2025-08-06 03:11:07 Image size of job updated: 2463708
	2393  -  MemoryUsage of job (MB)
	2450304  -  ResidentSetSize of job (KB)
...
005 (2582867.000.000) 2025-08-06 03:11:07 Job terminated.
	(1) Normal termination (return value 0)
		Usr 23 18:01:35, Sys 0 00:04:48  -  Run Remote Usage
		Usr 0 00:00:00, Sys 0 00:00:00  -  Run Local Usage
		Usr 23 18:01:35, Sys 0 00:04:48  -  Total Remote Usage
		Usr 0 00:00:00, Sys 0 00:00:00  -  Total Local Usage
	0  -  Run Bytes Sent By Job
	0  -  Run Bytes Received By Job
	0  -  Total Bytes Sent By Job
	0  -  Total Bytes Received By Job
	Partitionable Resources :    Usage  Request Allocated 
	   Cpus                 :     1.92       64        64 
	   Disk (KB)            : 17500    16777216  16778721 
	   GPUs                 :                           0 
	   Memory (MB)          :  2393       16384     16384 
	   TimeExecute (s)      : 40070                       
	   TimeSlotBusy (s)     : 40070                       

	Job terminated of its own accord at 2025-08-06T01:11:07Z with exit-code 0.
...
