000 (2568336.000.000) 2025-07-28 23:20:12 Job submitted from host: <145.107.7.246:9618?addrs=145.107.7.246-9618+[2a07-8500-120-e070--3f6]-9618&alias=taai-007.nikhef.nl&noUDP&sock=schedd_2614_90a7>
    DAG Node: run_d
...
001 (2568336.000.000) 2025-07-28 23:21:00 Job executing on host: <145.107.4.163:9618?addrs=145.107.4.163-9618+[2a07-8500-120-e070--a3]-9618&alias=wn-pijl-002.nikhef.nl&noUDP&sock=startd_4326_daca>
	SlotName: slot1_4@wn-pijl-002.nikhef.nl
	AvailableGPUs = {  }
	CondorScratchDir = "/scratch/condor_execute/dir_2616086"
	Cpus = 64
	Disk = 16790353
	GPUs = 0
	Memory = 16384
...
006 (2568336.000.000) 2025-07-28 23:21:13 Image size of job updated: 519196
	508  -  MemoryUsage of job (MB)
	519196  -  ResidentSetSize of job (KB)
...
006 (2568336.000.000) 2025-07-28 23:26:13 Image size of job updated: 2177624
	2126  -  MemoryUsage of job (MB)
	2176232  -  ResidentSetSize of job (KB)
...
006 (2568336.000.000) 2025-07-28 23:31:14 Image size of job updated: 2177624
	2127  -  MemoryUsage of job (MB)
	2177244  -  ResidentSetSize of job (KB)
...
006 (2568336.000.000) 2025-07-28 23:36:14 Image size of job updated: 2177968
	2127  -  MemoryUsage of job (MB)
	2177968  -  ResidentSetSize of job (KB)
...
006 (2568336.000.000) 2025-07-28 23:41:15 Image size of job updated: 2194212
	2143  -  MemoryUsage of job (MB)
	2194212  -  ResidentSetSize of job (KB)
...
006 (2568336.000.000) 2025-07-28 23:46:16 Image size of job updated: 2195436
	2144  -  MemoryUsage of job (MB)
	2195436  -  ResidentSetSize of job (KB)
...
006 (2568336.000.000) 2025-07-28 23:51:16 Image size of job updated: 2195920
	2145  -  MemoryUsage of job (MB)
	2195920  -  ResidentSetSize of job (KB)
...
006 (2568336.000.000) 2025-07-28 23:56:17 Image size of job updated: 2197328
	2146  -  MemoryUsage of job (MB)
	2197328  -  ResidentSetSize of job (KB)
...
006 (2568336.000.000) 2025-07-29 00:01:18 Image size of job updated: 2199556
	2149  -  MemoryUsage of job (MB)
	2199556  -  ResidentSetSize of job (KB)
...
006 (2568336.000.000) 2025-07-29 00:06:18 Image size of job updated: 2200860
	2150  -  MemoryUsage of job (MB)
	2200860  -  ResidentSetSize of job (KB)
...
006 (2568336.000.000) 2025-07-29 00:11:20 Image size of job updated: 2201392
	2150  -  MemoryUsage of job (MB)
	2201392  -  ResidentSetSize of job (KB)
...
006 (2568336.000.000) 2025-07-29 00:16:20 Image size of job updated: 2202660
	2152  -  MemoryUsage of job (MB)
	2202660  -  ResidentSetSize of job (KB)
...
006 (2568336.000.000) 2025-07-29 00:21:20 Image size of job updated: 2203108
	2152  -  MemoryUsage of job (MB)
	2203108  -  ResidentSetSize of job (KB)
...
006 (2568336.000.000) 2025-07-29 00:26:21 Image size of job updated: 2654000
	2587  -  MemoryUsage of job (MB)
	2648748  -  ResidentSetSize of job (KB)
...
006 (2568336.000.000) 2025-07-29 00:31:21 Image size of job updated: 2654000
	2588  -  MemoryUsage of job (MB)
	2650064  -  ResidentSetSize of job (KB)
...
006 (2568336.000.000) 2025-07-29 00:36:22 Image size of job updated: 2654000
	2589  -  MemoryUsage of job (MB)
	2650540  -  ResidentSetSize of job (KB)
...
006 (2568336.000.000) 2025-07-29 00:41:23 Image size of job updated: 2654000
	2590  -  MemoryUsage of job (MB)
	2651756  -  ResidentSetSize of job (KB)
...
006 (2568336.000.000) 2025-07-29 00:46:23 Image size of job updated: 2654000
	2591  -  MemoryUsage of job (MB)
	2653032  -  ResidentSetSize of job (KB)
...
006 (2568336.000.000) 2025-07-29 00:51:24 Image size of job updated: 2654000
	2592  -  MemoryUsage of job (MB)
	2653456  -  ResidentSetSize of job (KB)
...
006 (2568336.000.000) 2025-07-29 00:56:25 Image size of job updated: 2654744
	2593  -  MemoryUsage of job (MB)
	2654744  -  ResidentSetSize of job (KB)
...
006 (2568336.000.000) 2025-07-29 01:01:25 Image size of job updated: 2656048
	2594  -  MemoryUsage of job (MB)
	2656048  -  ResidentSetSize of job (KB)
...
006 (2568336.000.000) 2025-07-29 01:06:26 Image size of job updated: 2656416
	2595  -  MemoryUsage of job (MB)
	2656416  -  ResidentSetSize of job (KB)
...
006 (2568336.000.000) 2025-07-29 01:11:26 Image size of job updated: 2657652
	2596  -  MemoryUsage of job (MB)
	2657652  -  ResidentSetSize of job (KB)
...
006 (2568336.000.000) 2025-07-29 01:16:26 Image size of job updated: 2658108
	2596  -  MemoryUsage of job (MB)
	2658108  -  ResidentSetSize of job (KB)
...
006 (2568336.000.000) 2025-07-29 01:21:27 Image size of job updated: 2659344
	2598  -  MemoryUsage of job (MB)
	2659344  -  ResidentSetSize of job (KB)
...
006 (2568336.000.000) 2025-07-29 01:26:27 Image size of job updated: 2704112
	2640  -  MemoryUsage of job (MB)
	2702736  -  ResidentSetSize of job (KB)
...
006 (2568336.000.000) 2025-07-29 01:31:28 Image size of job updated: 2704112
	2640  -  MemoryUsage of job (MB)
	2703108  -  ResidentSetSize of job (KB)
...
006 (2568336.000.000) 2025-07-29 01:36:29 Image size of job updated: 2704272
	2641  -  MemoryUsage of job (MB)
	2704272  -  ResidentSetSize of job (KB)
...
006 (2568336.000.000) 2025-07-29 01:41:29 Image size of job updated: 2704684
	2642  -  MemoryUsage of job (MB)
	2704684  -  ResidentSetSize of job (KB)
...
006 (2568336.000.000) 2025-07-29 01:46:30 Image size of job updated: 2705880
	2643  -  MemoryUsage of job (MB)
	2705880  -  ResidentSetSize of job (KB)
...
006 (2568336.000.000) 2025-07-29 01:51:30 Image size of job updated: 2706148
	2643  -  MemoryUsage of job (MB)
	2706148  -  ResidentSetSize of job (KB)
...
006 (2568336.000.000) 2025-07-29 01:56:30 Image size of job updated: 2707448
	2644  -  MemoryUsage of job (MB)
	2707448  -  ResidentSetSize of job (KB)
...
006 (2568336.000.000) 2025-07-29 02:01:31 Image size of job updated: 2707704
	2645  -  MemoryUsage of job (MB)
	2707704  -  ResidentSetSize of job (KB)
...
006 (2568336.000.000) 2025-07-29 02:06:31 Image size of job updated: 2707944
	2645  -  MemoryUsage of job (MB)
	2707944  -  ResidentSetSize of job (KB)
...
006 (2568336.000.000) 2025-07-29 02:11:31 Image size of job updated: 2709100
	2646  -  MemoryUsage of job (MB)
	2709100  -  ResidentSetSize of job (KB)
...
006 (2568336.000.000) 2025-07-29 02:16:32 Image size of job updated: 2709444
	2646  -  MemoryUsage of job (MB)
	2709444  -  ResidentSetSize of job (KB)
...
006 (2568336.000.000) 2025-07-29 02:21:32 Image size of job updated: 2710600
	2648  -  MemoryUsage of job (MB)
	2710600  -  ResidentSetSize of job (KB)
...
006 (2568336.000.000) 2025-07-29 02:26:33 Image size of job updated: 2716692
	2653  -  MemoryUsage of job (MB)
	2716592  -  ResidentSetSize of job (KB)
...
006 (2568336.000.000) 2025-07-29 02:31:33 Image size of job updated: 2716968
	2654  -  MemoryUsage of job (MB)
	2716968  -  ResidentSetSize of job (KB)
...
006 (2568336.000.000) 2025-07-29 02:36:33 Image size of job updated: 2718092
	2655  -  MemoryUsage of job (MB)
	2718092  -  ResidentSetSize of job (KB)
...
006 (2568336.000.000) 2025-07-29 02:41:34 Image size of job updated: 2718332
	2655  -  MemoryUsage of job (MB)
	2718332  -  ResidentSetSize of job (KB)
...
006 (2568336.000.000) 2025-07-29 02:46:34 Image size of job updated: 2718612
	2655  -  MemoryUsage of job (MB)
	2718612  -  ResidentSetSize of job (KB)
...
006 (2568336.000.000) 2025-07-29 02:51:34 Image size of job updated: 2719656
	2656  -  MemoryUsage of job (MB)
	2719656  -  ResidentSetSize of job (KB)
...
006 (2568336.000.000) 2025-07-29 02:56:35 Image size of job updated: 2719728
	2656  -  MemoryUsage of job (MB)
	2719656  -  ResidentSetSize of job (KB)
...
006 (2568336.000.000) 2025-07-29 03:01:35 Image size of job updated: 2719960
	2657  -  MemoryUsage of job (MB)
	2719960  -  ResidentSetSize of job (KB)
...
006 (2568336.000.000) 2025-07-29 03:06:36 Image size of job updated: 2720224
	2657  -  MemoryUsage of job (MB)
	2720224  -  ResidentSetSize of job (KB)
...
006 (2568336.000.000) 2025-07-29 03:11:37 Image size of job updated: 2721276
	2658  -  MemoryUsage of job (MB)
	2721276  -  ResidentSetSize of job (KB)
...
006 (2568336.000.000) 2025-07-29 03:16:37 Image size of job updated: 2721468
	2658  -  MemoryUsage of job (MB)
	2721468  -  ResidentSetSize of job (KB)
...
006 (2568336.000.000) 2025-07-29 03:21:38 Image size of job updated: 2721692
	2658  -  MemoryUsage of job (MB)
	2721692  -  ResidentSetSize of job (KB)
...
006 (2568336.000.000) 2025-07-29 03:26:38 Image size of job updated: 2728712
	2658  -  MemoryUsage of job (MB)
	2721692  -  ResidentSetSize of job (KB)
...
006 (2568336.000.000) 2025-07-29 04:31:45 Image size of job updated: 2748320
	2684  -  MemoryUsage of job (MB)
	2748320  -  ResidentSetSize of job (KB)
...
006 (2568336.000.000) 2025-07-29 04:36:45 Image size of job updated: 2748424
	2685  -  MemoryUsage of job (MB)
	2748424  -  ResidentSetSize of job (KB)
...
006 (2568336.000.000) 2025-07-29 04:41:46 Image size of job updated: 2749428
	2685  -  MemoryUsage of job (MB)
	2749428  -  ResidentSetSize of job (KB)
...
006 (2568336.000.000) 2025-07-29 04:46:47 Image size of job updated: 2750428
	2686  -  MemoryUsage of job (MB)
	2750428  -  ResidentSetSize of job (KB)
...
006 (2568336.000.000) 2025-07-29 04:51:47 Image size of job updated: 2750588
	2687  -  MemoryUsage of job (MB)
	2750588  -  ResidentSetSize of job (KB)
...
006 (2568336.000.000) 2025-07-29 04:56:48 Image size of job updated: 2750684
	2687  -  MemoryUsage of job (MB)
	2750684  -  ResidentSetSize of job (KB)
...
006 (2568336.000.000) 2025-07-29 05:01:48 Image size of job updated: 2751048
	2687  -  MemoryUsage of job (MB)
	2751048  -  ResidentSetSize of job (KB)
...
006 (2568336.000.000) 2025-07-29 05:06:48 Image size of job updated: 2751760
	2688  -  MemoryUsage of job (MB)
	2751760  -  ResidentSetSize of job (KB)
...
006 (2568336.000.000) 2025-07-29 05:11:49 Image size of job updated: 2751900
	2688  -  MemoryUsage of job (MB)
	2751900  -  ResidentSetSize of job (KB)
...
006 (2568336.000.000) 2025-07-29 05:16:49 Image size of job updated: 2752896
	2689  -  MemoryUsage of job (MB)
	2752896  -  ResidentSetSize of job (KB)
...
006 (2568336.000.000) 2025-07-29 05:21:50 Image size of job updated: 2753004
	2689  -  MemoryUsage of job (MB)
	2753004  -  ResidentSetSize of job (KB)
...
006 (2568336.000.000) 2025-07-29 05:26:51 Image size of job updated: 2753988
	2690  -  MemoryUsage of job (MB)
	2753988  -  ResidentSetSize of job (KB)
...
006 (2568336.000.000) 2025-07-29 05:31:51 Image size of job updated: 2797052
	2731  -  MemoryUsage of job (MB)
	2796104  -  ResidentSetSize of job (KB)
...
006 (2568336.000.000) 2025-07-29 05:36:52 Image size of job updated: 2797052
	2731  -  MemoryUsage of job (MB)
	2796212  -  ResidentSetSize of job (KB)
...
006 (2568336.000.000) 2025-07-29 05:41:53 Image size of job updated: 2797184
	2732  -  MemoryUsage of job (MB)
	2797184  -  ResidentSetSize of job (KB)
...
006 (2568336.000.000) 2025-07-29 05:46:53 Image size of job updated: 2797264
	2732  -  MemoryUsage of job (MB)
	2797264  -  ResidentSetSize of job (KB)
...
006 (2568336.000.000) 2025-07-29 05:51:55 Image size of job updated: 2798280
	2733  -  MemoryUsage of job (MB)
	2798280  -  ResidentSetSize of job (KB)
...
006 (2568336.000.000) 2025-07-29 05:56:55 Image size of job updated: 2798348
	2733  -  MemoryUsage of job (MB)
	2798348  -  ResidentSetSize of job (KB)
...
006 (2568336.000.000) 2025-07-29 06:01:55 Image size of job updated: 2798456
	2733  -  MemoryUsage of job (MB)
	2798456  -  ResidentSetSize of job (KB)
...
006 (2568336.000.000) 2025-07-29 06:06:56 Image size of job updated: 2799444
	2734  -  MemoryUsage of job (MB)
	2799444  -  ResidentSetSize of job (KB)
...
006 (2568336.000.000) 2025-07-29 06:11:56 Image size of job updated: 2799556
	2734  -  MemoryUsage of job (MB)
	2799556  -  ResidentSetSize of job (KB)
...
006 (2568336.000.000) 2025-07-29 06:16:56 Image size of job updated: 2800532
	2735  -  MemoryUsage of job (MB)
	2800532  -  ResidentSetSize of job (KB)
...
006 (2568336.000.000) 2025-07-29 06:21:57 Image size of job updated: 2800596
	2735  -  MemoryUsage of job (MB)
	2800596  -  ResidentSetSize of job (KB)
...
006 (2568336.000.000) 2025-07-29 06:26:57 Image size of job updated: 2800648
	2736  -  MemoryUsage of job (MB)
	2800648  -  ResidentSetSize of job (KB)
...
006 (2568336.000.000) 2025-07-29 06:31:58 Image size of job updated: 2814704
	2743  -  MemoryUsage of job (MB)
	2808668  -  ResidentSetSize of job (KB)
...
006 (2568336.000.000) 2025-07-29 06:41:58 Image size of job updated: 2814704
	2743  -  MemoryUsage of job (MB)
	2808712  -  ResidentSetSize of job (KB)
...
006 (2568336.000.000) 2025-07-29 06:46:59 Image size of job updated: 2814704
	2743  -  MemoryUsage of job (MB)
	2808760  -  ResidentSetSize of job (KB)
...
006 (2568336.000.000) 2025-07-29 06:51:59 Image size of job updated: 2814704
	2743  -  MemoryUsage of job (MB)
	2808824  -  ResidentSetSize of job (KB)
...
006 (2568336.000.000) 2025-07-29 06:57:00 Image size of job updated: 2814704
	2744  -  MemoryUsage of job (MB)
	2809756  -  ResidentSetSize of job (KB)
...
006 (2568336.000.000) 2025-07-29 07:02:01 Image size of job updated: 2814704
	2745  -  MemoryUsage of job (MB)
	2810704  -  ResidentSetSize of job (KB)
...
006 (2568336.000.000) 2025-07-29 07:07:01 Image size of job updated: 2814704
	2745  -  MemoryUsage of job (MB)
	2810736  -  ResidentSetSize of job (KB)
...
006 (2568336.000.000) 2025-07-29 07:12:02 Image size of job updated: 2814704
	2745  -  MemoryUsage of job (MB)
	2810824  -  ResidentSetSize of job (KB)
...
006 (2568336.000.000) 2025-07-29 07:17:02 Image size of job updated: 2814704
	2746  -  MemoryUsage of job (MB)
	2811136  -  ResidentSetSize of job (KB)
...
006 (2568336.000.000) 2025-07-29 07:22:02 Image size of job updated: 2814704
	2746  -  MemoryUsage of job (MB)
	2811836  -  ResidentSetSize of job (KB)
...
006 (2568336.000.000) 2025-07-29 07:27:03 Image size of job updated: 2814704
	2746  -  MemoryUsage of job (MB)
	2811892  -  ResidentSetSize of job (KB)
...
006 (2568336.000.000) 2025-07-29 07:32:03 Image size of job updated: 2814704
	2747  -  MemoryUsage of job (MB)
	2811948  -  ResidentSetSize of job (KB)
...
006 (2568336.000.000) 2025-07-29 07:37:04 Image size of job updated: 2828836
	2760  -  MemoryUsage of job (MB)
	2826084  -  ResidentSetSize of job (KB)
...
006 (2568336.000.000) 2025-07-29 07:42:05 Image size of job updated: 2828836
	2760  -  MemoryUsage of job (MB)
	2826140  -  ResidentSetSize of job (KB)
...
006 (2568336.000.000) 2025-07-29 07:47:05 Image size of job updated: 2828836
	2761  -  MemoryUsage of job (MB)
	2827084  -  ResidentSetSize of job (KB)
...
006 (2568336.000.000) 2025-07-29 07:52:07 Image size of job updated: 2828836
	2761  -  MemoryUsage of job (MB)
	2827120  -  ResidentSetSize of job (KB)
...
006 (2568336.000.000) 2025-07-29 08:22:09 Image size of job updated: 2828836
	2762  -  MemoryUsage of job (MB)
	2828036  -  ResidentSetSize of job (KB)
...
006 (2568336.000.000) 2025-07-29 08:27:09 Image size of job updated: 2828836
	2762  -  MemoryUsage of job (MB)
	2828072  -  ResidentSetSize of job (KB)
...
006 (2568336.000.000) 2025-07-29 08:32:10 Image size of job updated: 2828836
	2762  -  MemoryUsage of job (MB)
	2828112  -  ResidentSetSize of job (KB)
...
006 (2568336.000.000) 2025-07-29 08:37:11 Image size of job updated: 2857320
	2791  -  MemoryUsage of job (MB)
	2857320  -  ResidentSetSize of job (KB)
...
006 (2568336.000.000) 2025-07-29 08:42:11 Image size of job updated: 2857344
	2791  -  MemoryUsage of job (MB)
	2857344  -  ResidentSetSize of job (KB)
...
006 (2568336.000.000) 2025-07-29 09:32:16 Image size of job updated: 2857500
	2791  -  MemoryUsage of job (MB)
	2857500  -  ResidentSetSize of job (KB)
...
006 (2568336.000.000) 2025-07-29 09:37:17 Image size of job updated: 2888540
	2795  -  MemoryUsage of job (MB)
	2861596  -  ResidentSetSize of job (KB)
...
006 (2568336.000.000) 2025-07-29 09:42:18 Image size of job updated: 2888540
	2795  -  MemoryUsage of job (MB)
	2861636  -  ResidentSetSize of job (KB)
...
006 (2568336.000.000) 2025-07-29 09:47:18 Image size of job updated: 2888540
	2795  -  MemoryUsage of job (MB)
	2861676  -  ResidentSetSize of job (KB)
...
006 (2568336.000.000) 2025-07-29 09:52:19 Image size of job updated: 2888540
	2796  -  MemoryUsage of job (MB)
	2862604  -  ResidentSetSize of job (KB)
...
006 (2568336.000.000) 2025-07-29 09:57:19 Image size of job updated: 2888540
	2796  -  MemoryUsage of job (MB)
	2862636  -  ResidentSetSize of job (KB)
...
006 (2568336.000.000) 2025-07-29 10:02:19 Image size of job updated: 2888540
	2797  -  MemoryUsage of job (MB)
	2863580  -  ResidentSetSize of job (KB)
...
006 (2568336.000.000) 2025-07-29 10:07:20 Image size of job updated: 2888540
	2797  -  MemoryUsage of job (MB)
	2863612  -  ResidentSetSize of job (KB)
...
006 (2568336.000.000) 2025-07-29 10:12:20 Image size of job updated: 2888540
	2798  -  MemoryUsage of job (MB)
	2864564  -  ResidentSetSize of job (KB)
...
006 (2568336.000.000) 2025-07-29 10:17:21 Image size of job updated: 2888540
	2798  -  MemoryUsage of job (MB)
	2864600  -  ResidentSetSize of job (KB)
...
006 (2568336.000.000) 2025-07-29 10:22:22 Image size of job updated: 2888540
	2799  -  MemoryUsage of job (MB)
	2865532  -  ResidentSetSize of job (KB)
...
006 (2568336.000.000) 2025-07-29 10:27:22 Image size of job updated: 2888540
	2799  -  MemoryUsage of job (MB)
	2865568  -  ResidentSetSize of job (KB)
...
006 (2568336.000.000) 2025-07-29 10:32:23 Image size of job updated: 2888540
	2799  -  MemoryUsage of job (MB)
	2865612  -  ResidentSetSize of job (KB)
...
006 (2568336.000.000) 2025-07-29 10:37:23 Image size of job updated: 2899852
	2810  -  MemoryUsage of job (MB)
	2877352  -  ResidentSetSize of job (KB)
...
006 (2568336.000.000) 2025-07-29 10:42:24 Image size of job updated: 2899852
	2811  -  MemoryUsage of job (MB)
	2878288  -  ResidentSetSize of job (KB)
...
006 (2568336.000.000) 2025-07-29 10:47:25 Image size of job updated: 2899852
	2811  -  MemoryUsage of job (MB)
	2878312  -  ResidentSetSize of job (KB)
...
006 (2568336.000.000) 2025-07-29 10:52:25 Image size of job updated: 2899852
	2812  -  MemoryUsage of job (MB)
	2879288  -  ResidentSetSize of job (KB)
...
006 (2568336.000.000) 2025-07-29 11:12:27 Image size of job updated: 2899852
	2813  -  MemoryUsage of job (MB)
	2880224  -  ResidentSetSize of job (KB)
...
006 (2568336.000.000) 2025-07-29 11:17:27 Image size of job updated: 2899852
	2813  -  MemoryUsage of job (MB)
	2880244  -  ResidentSetSize of job (KB)
...
006 (2568336.000.000) 2025-07-29 11:22:28 Image size of job updated: 2899852
	2813  -  MemoryUsage of job (MB)
	2880284  -  ResidentSetSize of job (KB)
...
006 (2568336.000.000) 2025-07-29 11:27:29 Image size of job updated: 2899852
	2814  -  MemoryUsage of job (MB)
	2881180  -  ResidentSetSize of job (KB)
...
006 (2568336.000.000) 2025-07-29 11:32:29 Image size of job updated: 2899852
	2814  -  MemoryUsage of job (MB)
	2881236  -  ResidentSetSize of job (KB)
...
006 (2568336.000.000) 2025-07-29 11:37:30 Image size of job updated: 2910056
	2842  -  MemoryUsage of job (MB)
	2910056  -  ResidentSetSize of job (KB)
...
006 (2568336.000.000) 2025-07-29 11:42:30 Image size of job updated: 2910976
	2843  -  MemoryUsage of job (MB)
	2910976  -  ResidentSetSize of job (KB)
...
006 (2568336.000.000) 2025-07-29 11:47:30 Image size of job updated: 2911000
	2843  -  MemoryUsage of job (MB)
	2911000  -  ResidentSetSize of job (KB)
...
006 (2568336.000.000) 2025-07-29 11:52:31 Image size of job updated: 2911012
	2843  -  MemoryUsage of job (MB)
	2911012  -  ResidentSetSize of job (KB)
...
006 (2568336.000.000) 2025-07-29 11:57:31 Image size of job updated: 2911036
	2843  -  MemoryUsage of job (MB)
	2911036  -  ResidentSetSize of job (KB)
...
006 (2568336.000.000) 2025-07-29 12:02:32 Image size of job updated: 2911076
	2843  -  MemoryUsage of job (MB)
	2911076  -  ResidentSetSize of job (KB)
...
006 (2568336.000.000) 2025-07-29 12:07:32 Image size of job updated: 2911104
	2843  -  MemoryUsage of job (MB)
	2911104  -  ResidentSetSize of job (KB)
...
006 (2568336.000.000) 2025-07-29 12:12:32 Image size of job updated: 2911132
	2843  -  MemoryUsage of job (MB)
	2911132  -  ResidentSetSize of job (KB)
...
006 (2568336.000.000) 2025-07-29 12:17:33 Image size of job updated: 2911164
	2843  -  MemoryUsage of job (MB)
	2911164  -  ResidentSetSize of job (KB)
...
006 (2568336.000.000) 2025-07-29 12:22:33 Image size of job updated: 2911196
	2843  -  MemoryUsage of job (MB)
	2911196  -  ResidentSetSize of job (KB)
...
006 (2568336.000.000) 2025-07-29 12:27:34 Image size of job updated: 2911224
	2843  -  MemoryUsage of job (MB)
	2911224  -  ResidentSetSize of job (KB)
...
006 (2568336.000.000) 2025-07-29 12:32:35 Image size of job updated: 2911236
	2844  -  MemoryUsage of job (MB)
	2911236  -  ResidentSetSize of job (KB)
...
006 (2568336.000.000) 2025-07-29 12:37:35 Image size of job updated: 2911272
	2844  -  MemoryUsage of job (MB)
	2911272  -  ResidentSetSize of job (KB)
...
006 (2568336.000.000) 2025-07-29 12:42:36 Image size of job updated: 2936852
	2854  -  MemoryUsage of job (MB)
	2922380  -  ResidentSetSize of job (KB)
...
006 (2568336.000.000) 2025-07-29 12:47:36 Image size of job updated: 2936852
	2854  -  MemoryUsage of job (MB)
	2922408  -  ResidentSetSize of job (KB)
...
006 (2568336.000.000) 2025-07-29 12:52:37 Image size of job updated: 2936852
	2854  -  MemoryUsage of job (MB)
	2922428  -  ResidentSetSize of job (KB)
...
006 (2568336.000.000) 2025-07-29 12:57:38 Image size of job updated: 2936852
	2854  -  MemoryUsage of job (MB)
	2922448  -  ResidentSetSize of job (KB)
...
006 (2568336.000.000) 2025-07-29 13:02:38 Image size of job updated: 2936852
	2854  -  MemoryUsage of job (MB)
	2922476  -  ResidentSetSize of job (KB)
...
006 (2568336.000.000) 2025-07-29 13:07:39 Image size of job updated: 2936852
	2855  -  MemoryUsage of job (MB)
	2922500  -  ResidentSetSize of job (KB)
...
006 (2568336.000.000) 2025-07-29 13:12:39 Image size of job updated: 2936852
	2855  -  MemoryUsage of job (MB)
	2922548  -  ResidentSetSize of job (KB)
...
006 (2568336.000.000) 2025-07-29 13:17:39 Image size of job updated: 2936852
	2855  -  MemoryUsage of job (MB)
	2922568  -  ResidentSetSize of job (KB)
...
006 (2568336.000.000) 2025-07-29 13:22:40 Image size of job updated: 2936852
	2855  -  MemoryUsage of job (MB)
	2922596  -  ResidentSetSize of job (KB)
...
006 (2568336.000.000) 2025-07-29 13:27:40 Image size of job updated: 2936852
	2855  -  MemoryUsage of job (MB)
	2922624  -  ResidentSetSize of job (KB)
...
006 (2568336.000.000) 2025-07-29 13:32:41 Image size of job updated: 2936852
	2855  -  MemoryUsage of job (MB)
	2922648  -  ResidentSetSize of job (KB)
...
006 (2568336.000.000) 2025-07-29 13:37:41 Image size of job updated: 2936852
	2855  -  MemoryUsage of job (MB)
	2922680  -  ResidentSetSize of job (KB)
...
006 (2568336.000.000) 2025-07-29 13:42:41 Image size of job updated: 2957228
	2880  -  MemoryUsage of job (MB)
	2948224  -  ResidentSetSize of job (KB)
...
006 (2568336.000.000) 2025-07-29 13:47:42 Image size of job updated: 2957228
	2880  -  MemoryUsage of job (MB)
	2948244  -  ResidentSetSize of job (KB)
...
006 (2568336.000.000) 2025-07-29 14:47:48 Image size of job updated: 3021080
	2903  -  MemoryUsage of job (MB)
	2971752  -  ResidentSetSize of job (KB)
...
006 (2568336.000.000) 2025-07-29 14:52:49 Image size of job updated: 3021080
	2910  -  MemoryUsage of job (MB)
	2979300  -  ResidentSetSize of job (KB)
...
006 (2568336.000.000) 2025-07-29 14:57:49 Image size of job updated: 3021080
	2910  -  MemoryUsage of job (MB)
	2979344  -  ResidentSetSize of job (KB)
...
006 (2568336.000.000) 2025-07-29 15:02:50 Image size of job updated: 3021080
	2910  -  MemoryUsage of job (MB)
	2979380  -  ResidentSetSize of job (KB)
...
006 (2568336.000.000) 2025-07-29 15:07:51 Image size of job updated: 3021080
	2910  -  MemoryUsage of job (MB)
	2979400  -  ResidentSetSize of job (KB)
...
006 (2568336.000.000) 2025-07-29 15:12:51 Image size of job updated: 3021080
	2910  -  MemoryUsage of job (MB)
	2979472  -  ResidentSetSize of job (KB)
...
006 (2568336.000.000) 2025-07-29 15:17:52 Image size of job updated: 3021080
	2910  -  MemoryUsage of job (MB)
	2979500  -  ResidentSetSize of job (KB)
...
006 (2568336.000.000) 2025-07-29 15:22:52 Image size of job updated: 3021080
	2910  -  MemoryUsage of job (MB)
	2979536  -  ResidentSetSize of job (KB)
...
006 (2568336.000.000) 2025-07-29 15:27:52 Image size of job updated: 3021080
	2910  -  MemoryUsage of job (MB)
	2979568  -  ResidentSetSize of job (KB)
...
006 (2568336.000.000) 2025-07-29 15:32:53 Image size of job updated: 3021080
	2910  -  MemoryUsage of job (MB)
	2979616  -  ResidentSetSize of job (KB)
...
006 (2568336.000.000) 2025-07-29 15:37:53 Image size of job updated: 3021080
	2910  -  MemoryUsage of job (MB)
	2979632  -  ResidentSetSize of job (KB)
...
006 (2568336.000.000) 2025-07-29 15:42:55 Image size of job updated: 3021080
	2910  -  MemoryUsage of job (MB)
	2979660  -  ResidentSetSize of job (KB)
...
006 (2568336.000.000) 2025-07-29 15:47:54 Image size of job updated: 3041636
	2913  -  MemoryUsage of job (MB)
	2982580  -  ResidentSetSize of job (KB)
...
006 (2568336.000.000) 2025-07-29 15:52:54 Image size of job updated: 3041636
	2913  -  MemoryUsage of job (MB)
	2982656  -  ResidentSetSize of job (KB)
...
006 (2568336.000.000) 2025-07-29 15:57:55 Image size of job updated: 3041636
	2913  -  MemoryUsage of job (MB)
	2982676  -  ResidentSetSize of job (KB)
...
006 (2568336.000.000) 2025-07-29 16:02:55 Image size of job updated: 3041636
	2913  -  MemoryUsage of job (MB)
	2982716  -  ResidentSetSize of job (KB)
...
006 (2568336.000.000) 2025-07-29 16:07:56 Image size of job updated: 3041636
	2913  -  MemoryUsage of job (MB)
	2982760  -  ResidentSetSize of job (KB)
...
004 (2568336.000.000) 2025-07-29 16:12:52 Job was evicted.
	(0) CPU times
		Usr 29 19:12:39, Sys 0 00:05:57  -  Run Remote Usage
		Usr 0 00:00:00, Sys 0 00:00:00  -  Run Local Usage
	0  -  Run Bytes Sent By Job
	0  -  Run Bytes Received By Job
	Partitionable Resources :    Usage  Request Allocated 
	   Cpus                 :     9.90       64        64 
	   Disk (KB)            : 17500    16777216  16790353 
	   GPUs                 :                           0 
	   Memory (MB)          :  2913       16384     16384 
	   TimeExecute (s)      : 60711                       
	   TimeSlotBusy (s)     : 60713                       
...
009 (2568336.000.000) 2025-07-29 16:12:52 Job was aborted.
	removed because <OtherJobRemoveRequirements = DAGManJobId =?= 2568332> fired when job (2568332.0) was removed
...
