000 (2578615.000.000) 2025-08-04 14:55:56 Job submitted from host: <145.107.7.246:9618?addrs=145.107.7.246-9618+[2a07-8500-120-e070--3f6]-9618&alias=taai-007.nikhef.nl&noUDP&sock=schedd_2614_90a7>
    DAG Node: run_d
...
009 (2578615.000.000) 2025-08-04 14:56:20 Job was aborted.
	via condor_rm (by user twouters)
...
000 (2578630.000.000) 2025-08-04 14:58:13 Job submitted from host: <145.107.7.246:9618?addrs=145.107.7.246-9618+[2a07-8500-120-e070--3f6]-9618&alias=taai-007.nikhef.nl&noUDP&sock=schedd_2614_90a7>
    DAG Node: run_d
...
001 (2578630.000.000) 2025-08-04 14:58:45 Job executing on host: <145.107.5.42:9618?addrs=145.107.5.42-9618+[2a07-8500-120-e070--52a]-9618&alias=wn-lot-042.nikhef.nl&noUDP&sock=startd_1828_6f36>
	SlotName: slot1_1@wn-lot-042.nikhef.nl
	CondorScratchDir = "/scratch/condor_execute/dir_2871131"
	Cpus = 64
	Disk = 16780531
	GPUs = 0
	Memory = 16384
...
006 (2578630.000.000) 2025-08-04 14:58:59 Image size of job updated: 251544
	246  -  MemoryUsage of job (MB)
	251544  -  ResidentSetSize of job (KB)
...
006 (2578630.000.000) 2025-08-04 15:03:59 Image size of job updated: 1507644
	1473  -  MemoryUsage of job (MB)
	1507644  -  ResidentSetSize of job (KB)
...
006 (2578630.000.000) 2025-08-04 15:08:59 Image size of job updated: 1541532
	1506  -  MemoryUsage of job (MB)
	1541532  -  ResidentSetSize of job (KB)
...
006 (2578630.000.000) 2025-08-04 15:14:00 Image size of job updated: 1560408
	1524  -  MemoryUsage of job (MB)
	1560408  -  ResidentSetSize of job (KB)
...
006 (2578630.000.000) 2025-08-04 15:19:01 Image size of job updated: 1572692
	1536  -  MemoryUsage of job (MB)
	1572692  -  ResidentSetSize of job (KB)
...
006 (2578630.000.000) 2025-08-04 15:24:01 Image size of job updated: 1582224
	1546  -  MemoryUsage of job (MB)
	1582224  -  ResidentSetSize of job (KB)
...
006 (2578630.000.000) 2025-08-04 15:29:01 Image size of job updated: 1590088
	1553  -  MemoryUsage of job (MB)
	1590088  -  ResidentSetSize of job (KB)
...
006 (2578630.000.000) 2025-08-04 15:34:02 Image size of job updated: 1595784
	1559  -  MemoryUsage of job (MB)
	1595784  -  ResidentSetSize of job (KB)
...
006 (2578630.000.000) 2025-08-04 15:39:03 Image size of job updated: 1600636
	1564  -  MemoryUsage of job (MB)
	1600636  -  ResidentSetSize of job (KB)
...
006 (2578630.000.000) 2025-08-04 15:44:03 Image size of job updated: 1605068
	1568  -  MemoryUsage of job (MB)
	1605068  -  ResidentSetSize of job (KB)
...
006 (2578630.000.000) 2025-08-04 15:49:03 Image size of job updated: 1609160
	1572  -  MemoryUsage of job (MB)
	1609160  -  ResidentSetSize of job (KB)
...
006 (2578630.000.000) 2025-08-04 15:54:04 Image size of job updated: 1613040
	1576  -  MemoryUsage of job (MB)
	1613040  -  ResidentSetSize of job (KB)
...
006 (2578630.000.000) 2025-08-04 15:59:05 Image size of job updated: 1616828
	1579  -  MemoryUsage of job (MB)
	1616828  -  ResidentSetSize of job (KB)
...
006 (2578630.000.000) 2025-08-04 16:04:05 Image size of job updated: 2152072
	2102  -  MemoryUsage of job (MB)
	2152072  -  ResidentSetSize of job (KB)
...
006 (2578630.000.000) 2025-08-04 16:09:05 Image size of job updated: 2154536
	2105  -  MemoryUsage of job (MB)
	2154536  -  ResidentSetSize of job (KB)
...
006 (2578630.000.000) 2025-08-04 16:14:06 Image size of job updated: 2157092
	2107  -  MemoryUsage of job (MB)
	2157092  -  ResidentSetSize of job (KB)
...
006 (2578630.000.000) 2025-08-04 16:19:07 Image size of job updated: 2178444
	2128  -  MemoryUsage of job (MB)
	2178444  -  ResidentSetSize of job (KB)
...
006 (2578630.000.000) 2025-08-04 16:24:07 Image size of job updated: 2197244
	2146  -  MemoryUsage of job (MB)
	2197244  -  ResidentSetSize of job (KB)
...
006 (2578630.000.000) 2025-08-04 16:29:08 Image size of job updated: 2199848
	2149  -  MemoryUsage of job (MB)
	2199848  -  ResidentSetSize of job (KB)
...
006 (2578630.000.000) 2025-08-04 16:34:09 Image size of job updated: 2202260
	2151  -  MemoryUsage of job (MB)
	2202260  -  ResidentSetSize of job (KB)
...
006 (2578630.000.000) 2025-08-04 16:39:09 Image size of job updated: 2204284
	2153  -  MemoryUsage of job (MB)
	2204284  -  ResidentSetSize of job (KB)
...
006 (2578630.000.000) 2025-08-04 16:44:09 Image size of job updated: 2205568
	2154  -  MemoryUsage of job (MB)
	2205568  -  ResidentSetSize of job (KB)
...
006 (2578630.000.000) 2025-08-04 16:49:10 Image size of job updated: 2207504
	2156  -  MemoryUsage of job (MB)
	2207504  -  ResidentSetSize of job (KB)
...
006 (2578630.000.000) 2025-08-04 16:54:11 Image size of job updated: 2209448
	2158  -  MemoryUsage of job (MB)
	2209448  -  ResidentSetSize of job (KB)
...
006 (2578630.000.000) 2025-08-04 16:59:11 Image size of job updated: 2210780
	2159  -  MemoryUsage of job (MB)
	2210780  -  ResidentSetSize of job (KB)
...
006 (2578630.000.000) 2025-08-04 17:04:11 Image size of job updated: 2289704
	2237  -  MemoryUsage of job (MB)
	2289704  -  ResidentSetSize of job (KB)
...
006 (2578630.000.000) 2025-08-04 17:07:42 Image size of job updated: 2309540
	2237  -  MemoryUsage of job (MB)
	2289704  -  ResidentSetSize of job (KB)
...
005 (2578630.000.000) 2025-08-04 17:07:42 Job terminated.
	(1) Normal termination (return value 0)
		Usr 3 19:30:43, Sys 0 00:01:29  -  Run Remote Usage
		Usr 0 00:00:00, Sys 0 00:00:00  -  Run Local Usage
		Usr 3 19:30:43, Sys 0 00:01:29  -  Total Remote Usage
		Usr 0 00:00:00, Sys 0 00:00:00  -  Total Local Usage
	0  -  Run Bytes Sent By Job
	0  -  Run Bytes Received By Job
	0  -  Total Bytes Sent By Job
	0  -  Total Bytes Received By Job
	Partitionable Resources :    Usage  Request Allocated 
	   Cpus                 :     1.18       64        64 
	   Disk (KB)            : 17500    16777216  16780531 
	   GPUs                 :                           0 
	   Memory (MB)          :  2237       16384     16384 
	   TimeExecute (s)      :  7737                       
	   TimeSlotBusy (s)     :  7737                       

	Job terminated of its own accord at 2025-08-04T15:07:42Z with exit-code 0.
...
000 (2578762.000.000) 2025-08-04 18:58:16 Job submitted from host: <145.107.7.246:9618?addrs=145.107.7.246-9618+[2a07-8500-120-e070--3f6]-9618&alias=taai-007.nikhef.nl&noUDP&sock=schedd_2614_90a7>
    DAG Node: run_d
...
001 (2578762.000.000) 2025-08-04 18:58:52 Job executing on host: <145.107.5.38:9618?addrs=145.107.5.38-9618+[2a07-8500-120-e070--526]-9618&alias=wn-lot-038.nikhef.nl&noUDP&sock=startd_1952_7cf5>
	SlotName: slot1_1@wn-lot-038.nikhef.nl
	CondorScratchDir = "/scratch/condor_execute/dir_4094693"
	Cpus = 64
	Disk = 16780552
	GPUs = 0
	Memory = 16384
...
006 (2578762.000.000) 2025-08-04 18:59:05 Image size of job updated: 272856
	267  -  MemoryUsage of job (MB)
	272856  -  ResidentSetSize of job (KB)
...
006 (2578762.000.000) 2025-08-04 19:00:29 Image size of job updated: 1574884
	267  -  MemoryUsage of job (MB)
	272856  -  ResidentSetSize of job (KB)
...
005 (2578762.000.000) 2025-08-04 19:00:29 Job terminated.
	(1) Normal termination (return value 0)
		Usr 0 00:01:25, Sys 0 00:00:19  -  Run Remote Usage
		Usr 0 00:00:00, Sys 0 00:00:00  -  Run Local Usage
		Usr 0 00:01:25, Sys 0 00:00:19  -  Total Remote Usage
		Usr 0 00:00:00, Sys 0 00:00:00  -  Total Local Usage
	0  -  Run Bytes Sent By Job
	0  -  Run Bytes Received By Job
	0  -  Total Bytes Sent By Job
	0  -  Total Bytes Received By Job
	Partitionable Resources :    Usage  Request Allocated 
	   Cpus                 :     1.00       64        64 
	   Disk (KB)            : 17500    16777216  16780552 
	   GPUs                 :                           0 
	   Memory (MB)          :   267       16384     16384 
	   TimeExecute (s)      :    97                       
	   TimeSlotBusy (s)     :    98                       

	Job terminated of its own accord at 2025-08-04T17:00:29Z with exit-code 0.
...
000 (2578776.000.000) 2025-08-04 19:06:41 Job submitted from host: <145.107.7.246:9618?addrs=145.107.7.246-9618+[2a07-8500-120-e070--3f6]-9618&alias=taai-007.nikhef.nl&noUDP&sock=schedd_2614_90a7>
    DAG Node: run_d
...
001 (2578776.000.000) 2025-08-04 19:06:52 Job executing on host: <145.107.5.48:9618?addrs=145.107.5.48-9618+[2a07-8500-120-e070--530]-9618&alias=wn-lot-048.nikhef.nl&noUDP&sock=startd_1954_dc25>
	SlotName: slot1_1@wn-lot-048.nikhef.nl
	CondorScratchDir = "/scratch/condor_execute/dir_3461203"
	Cpus = 64
	Disk = 16780525
	GPUs = 0
	Memory = 16384
...
006 (2578776.000.000) 2025-08-04 19:07:06 Image size of job updated: 294100
	288  -  MemoryUsage of job (MB)
	294100  -  ResidentSetSize of job (KB)
...
006 (2578776.000.000) 2025-08-04 19:08:28 Image size of job updated: 1574828
	288  -  MemoryUsage of job (MB)
	294104  -  ResidentSetSize of job (KB)
...
005 (2578776.000.000) 2025-08-04 19:08:28 Job terminated.
	(1) Normal termination (return value 0)
		Usr 0 00:01:25, Sys 0 00:00:19  -  Run Remote Usage
		Usr 0 00:00:00, Sys 0 00:00:00  -  Run Local Usage
		Usr 0 00:01:25, Sys 0 00:00:19  -  Total Remote Usage
		Usr 0 00:00:00, Sys 0 00:00:00  -  Total Local Usage
	0  -  Run Bytes Sent By Job
	0  -  Run Bytes Received By Job
	0  -  Total Bytes Sent By Job
	0  -  Total Bytes Received By Job
	Partitionable Resources :    Usage  Request Allocated 
	   Cpus                 :     1.28       64        64 
	   Disk (KB)            : 17500    16777216  16780525 
	   GPUs                 :                           0 
	   Memory (MB)          :   288       16384     16384 
	   TimeExecute (s)      :    96                       
	   TimeSlotBusy (s)     :    96                       

	Job terminated of its own accord at 2025-08-04T17:08:28Z with exit-code 0.
...
