000 (2578617.000.000) 2025-08-04 14:55:56 Job submitted from host: <145.107.7.246:9618?addrs=145.107.7.246-9618+[2a07-8500-120-e070--3f6]-9618&alias=taai-007.nikhef.nl&noUDP&sock=schedd_2614_90a7>
    DAG Node: run_f
...
009 (2578617.000.000) 2025-08-04 14:56:20 Job was aborted.
	via condor_rm (by user twouters)
...
000 (2578632.000.000) 2025-08-04 14:58:13 Job submitted from host: <145.107.7.246:9618?addrs=145.107.7.246-9618+[2a07-8500-120-e070--3f6]-9618&alias=taai-007.nikhef.nl&noUDP&sock=schedd_2614_90a7>
    DAG Node: run_f
...
001 (2578632.000.000) 2025-08-04 14:58:45 Job executing on host: <145.107.5.59:9618?addrs=145.107.5.59-9618+[2a07-8500-120-e070--53b]-9618&alias=wn-lot-059.nikhef.nl&noUDP&sock=startd_1972_34da>
	SlotName: slot1_1@wn-lot-059.nikhef.nl
	CondorScratchDir = "/scratch/condor_execute/dir_860141"
	Cpus = 64
	Disk = 16780555
	GPUs = 0
	Memory = 16384
...
006 (2578632.000.000) 2025-08-04 14:58:59 Image size of job updated: 243400
	238  -  MemoryUsage of job (MB)
	243400  -  ResidentSetSize of job (KB)
...
006 (2578632.000.000) 2025-08-04 15:03:59 Image size of job updated: 1510684
	1476  -  MemoryUsage of job (MB)
	1510684  -  ResidentSetSize of job (KB)
...
006 (2578632.000.000) 2025-08-04 15:08:59 Image size of job updated: 1543000
	1507  -  MemoryUsage of job (MB)
	1543000  -  ResidentSetSize of job (KB)
...
006 (2578632.000.000) 2025-08-04 15:14:00 Image size of job updated: 1559508
	1523  -  MemoryUsage of job (MB)
	1559508  -  ResidentSetSize of job (KB)
...
006 (2578632.000.000) 2025-08-04 15:19:01 Image size of job updated: 1569960
	1534  -  MemoryUsage of job (MB)
	1569960  -  ResidentSetSize of job (KB)
...
006 (2578632.000.000) 2025-08-04 15:24:01 Image size of job updated: 1578940
	1542  -  MemoryUsage of job (MB)
	1578940  -  ResidentSetSize of job (KB)
...
006 (2578632.000.000) 2025-08-04 15:29:01 Image size of job updated: 1602584
	1566  -  MemoryUsage of job (MB)
	1602584  -  ResidentSetSize of job (KB)
...
006 (2578632.000.000) 2025-08-04 15:34:02 Image size of job updated: 1609780
	1573  -  MemoryUsage of job (MB)
	1609780  -  ResidentSetSize of job (KB)
...
006 (2578632.000.000) 2025-08-04 15:39:03 Image size of job updated: 1614640
	1577  -  MemoryUsage of job (MB)
	1614640  -  ResidentSetSize of job (KB)
...
006 (2578632.000.000) 2025-08-04 15:44:03 Image size of job updated: 1619064
	1582  -  MemoryUsage of job (MB)
	1619064  -  ResidentSetSize of job (KB)
...
006 (2578632.000.000) 2025-08-04 15:49:03 Image size of job updated: 1623160
	1586  -  MemoryUsage of job (MB)
	1623160  -  ResidentSetSize of job (KB)
...
006 (2578632.000.000) 2025-08-04 15:54:04 Image size of job updated: 1627244
	1590  -  MemoryUsage of job (MB)
	1627244  -  ResidentSetSize of job (KB)
...
006 (2578632.000.000) 2025-08-04 15:59:05 Image size of job updated: 1630880
	1593  -  MemoryUsage of job (MB)
	1630880  -  ResidentSetSize of job (KB)
...
006 (2578632.000.000) 2025-08-04 16:04:05 Image size of job updated: 2152472
	2079  -  MemoryUsage of job (MB)
	2128288  -  ResidentSetSize of job (KB)
...
006 (2578632.000.000) 2025-08-04 16:09:05 Image size of job updated: 2152472
	2082  -  MemoryUsage of job (MB)
	2131860  -  ResidentSetSize of job (KB)
...
006 (2578632.000.000) 2025-08-04 16:14:06 Image size of job updated: 2152472
	2084  -  MemoryUsage of job (MB)
	2133832  -  ResidentSetSize of job (KB)
...
006 (2578632.000.000) 2025-08-04 16:19:06 Image size of job updated: 2152472
	2087  -  MemoryUsage of job (MB)
	2136128  -  ResidentSetSize of job (KB)
...
006 (2578632.000.000) 2025-08-04 16:24:06 Image size of job updated: 2152472
	2089  -  MemoryUsage of job (MB)
	2138436  -  ResidentSetSize of job (KB)
...
006 (2578632.000.000) 2025-08-04 16:29:07 Image size of job updated: 2152472
	2091  -  MemoryUsage of job (MB)
	2140892  -  ResidentSetSize of job (KB)
...
006 (2578632.000.000) 2025-08-04 16:34:08 Image size of job updated: 2152472
	2093  -  MemoryUsage of job (MB)
	2142616  -  ResidentSetSize of job (KB)
...
006 (2578632.000.000) 2025-08-04 16:39:08 Image size of job updated: 2152472
	2094  -  MemoryUsage of job (MB)
	2144180  -  ResidentSetSize of job (KB)
...
006 (2578632.000.000) 2025-08-04 16:44:08 Image size of job updated: 2152472
	2096  -  MemoryUsage of job (MB)
	2145864  -  ResidentSetSize of job (KB)
...
006 (2578632.000.000) 2025-08-04 16:49:09 Image size of job updated: 2152472
	2097  -  MemoryUsage of job (MB)
	2146996  -  ResidentSetSize of job (KB)
...
006 (2578632.000.000) 2025-08-04 16:54:10 Image size of job updated: 2152472
	2099  -  MemoryUsage of job (MB)
	2149112  -  ResidentSetSize of job (KB)
...
006 (2578632.000.000) 2025-08-04 16:59:10 Image size of job updated: 2152472
	2100  -  MemoryUsage of job (MB)
	2150096  -  ResidentSetSize of job (KB)
...
006 (2578632.000.000) 2025-08-04 17:04:10 Image size of job updated: 2250812
	2199  -  MemoryUsage of job (MB)
	2250812  -  ResidentSetSize of job (KB)
...
006 (2578632.000.000) 2025-08-04 17:07:13 Image size of job updated: 2273160
	2199  -  MemoryUsage of job (MB)
	2250812  -  ResidentSetSize of job (KB)
...
005 (2578632.000.000) 2025-08-04 17:07:13 Job terminated.
	(1) Normal termination (return value 0)
		Usr 3 18:31:23, Sys 0 00:01:26  -  Run Remote Usage
		Usr 0 00:00:00, Sys 0 00:00:00  -  Run Local Usage
		Usr 3 18:31:23, Sys 0 00:01:26  -  Total Remote Usage
		Usr 0 00:00:00, Sys 0 00:00:00  -  Total Local Usage
	0  -  Run Bytes Sent By Job
	0  -  Run Bytes Received By Job
	0  -  Total Bytes Sent By Job
	0  -  Total Bytes Received By Job
	Partitionable Resources :    Usage  Request Allocated 
	   Cpus                 :     2.54       64        64 
	   Disk (KB)            : 17500    16777216  16780555 
	   GPUs                 :                           0 
	   Memory (MB)          :  2199       16384     16384 
	   TimeExecute (s)      :  7708                       
	   TimeSlotBusy (s)     :  7708                       

	Job terminated of its own accord at 2025-08-04T15:07:13Z with exit-code 0.
...
000 (2578764.000.000) 2025-08-04 18:58:16 Job submitted from host: <145.107.7.246:9618?addrs=145.107.7.246-9618+[2a07-8500-120-e070--3f6]-9618&alias=taai-007.nikhef.nl&noUDP&sock=schedd_2614_90a7>
    DAG Node: run_f
...
001 (2578764.000.000) 2025-08-04 18:58:52 Job executing on host: <145.107.5.52:9618?addrs=145.107.5.52-9618+[2a07-8500-120-e070--534]-9618&alias=wn-lot-052.nikhef.nl&noUDP&sock=startd_1965_67b0>
	SlotName: slot1_1@wn-lot-052.nikhef.nl
	CondorScratchDir = "/scratch/condor_execute/dir_806674"
	Cpus = 64
	Disk = 16780525
	GPUs = 0
	Memory = 16384
...
006 (2578764.000.000) 2025-08-04 18:59:05 Image size of job updated: 270480
	265  -  MemoryUsage of job (MB)
	270480  -  ResidentSetSize of job (KB)
...
006 (2578764.000.000) 2025-08-04 19:00:31 Image size of job updated: 1577544
	265  -  MemoryUsage of job (MB)
	270480  -  ResidentSetSize of job (KB)
...
005 (2578764.000.000) 2025-08-04 19:00:31 Job terminated.
	(1) Normal termination (return value 0)
		Usr 0 00:01:26, Sys 0 00:00:18  -  Run Remote Usage
		Usr 0 00:00:00, Sys 0 00:00:00  -  Run Local Usage
		Usr 0 00:01:26, Sys 0 00:00:18  -  Total Remote Usage
		Usr 0 00:00:00, Sys 0 00:00:00  -  Total Local Usage
	0  -  Run Bytes Sent By Job
	0  -  Run Bytes Received By Job
	0  -  Total Bytes Sent By Job
	0  -  Total Bytes Received By Job
	Partitionable Resources :    Usage  Request Allocated 
	   Cpus                 :     1.27       64        64 
	   Disk (KB)            : 17500    16777216  16780525 
	   GPUs                 :                           0 
	   Memory (MB)          :   265       16384     16384 
	   TimeExecute (s)      :    99                       
	   TimeSlotBusy (s)     :   100                       

	Job terminated of its own accord at 2025-08-04T17:00:31Z with exit-code 0.
...
000 (2578778.000.000) 2025-08-04 19:06:41 Job submitted from host: <145.107.7.246:9618?addrs=145.107.7.246-9618+[2a07-8500-120-e070--3f6]-9618&alias=taai-007.nikhef.nl&noUDP&sock=schedd_2614_90a7>
    DAG Node: run_f
...
001 (2578778.000.000) 2025-08-04 19:06:52 Job executing on host: <145.107.5.40:9618?addrs=145.107.5.40-9618+[2a07-8500-120-e070--528]-9618&alias=wn-lot-040.nikhef.nl&noUDP&sock=startd_1714_3d6a>
	SlotName: slot1_1@wn-lot-040.nikhef.nl
	CondorScratchDir = "/scratch/condor_execute/dir_839340"
	Cpus = 64
	Disk = 16780533
	GPUs = 0
	Memory = 16384
...
006 (2578778.000.000) 2025-08-04 19:07:06 Image size of job updated: 268520
	263  -  MemoryUsage of job (MB)
	268520  -  ResidentSetSize of job (KB)
...
006 (2578778.000.000) 2025-08-04 19:08:36 Image size of job updated: 1569456
	263  -  MemoryUsage of job (MB)
	268520  -  ResidentSetSize of job (KB)
...
005 (2578778.000.000) 2025-08-04 19:08:36 Job terminated.
	(1) Normal termination (return value 0)
		Usr 0 00:01:34, Sys 0 00:00:20  -  Run Remote Usage
		Usr 0 00:00:00, Sys 0 00:00:00  -  Run Local Usage
		Usr 0 00:01:34, Sys 0 00:00:20  -  Total Remote Usage
		Usr 0 00:00:00, Sys 0 00:00:00  -  Total Local Usage
	0  -  Run Bytes Sent By Job
	0  -  Run Bytes Received By Job
	0  -  Total Bytes Sent By Job
	0  -  Total Bytes Received By Job
	Partitionable Resources :    Usage  Request Allocated 
	   Cpus                 :     1.28       64        64 
	   Disk (KB)            : 17500    16777216  16780533 
	   GPUs                 :                           0 
	   Memory (MB)          :   263       16384     16384 
	   TimeExecute (s)      :   104                       
	   TimeSlotBusy (s)     :   104                       

	Job terminated of its own accord at 2025-08-04T17:08:36Z with exit-code 0.
...
