000 (2587858.000.000) 2025-08-06 10:19:27 Job submitted from host: <145.107.7.246:9618?addrs=145.107.7.246-9618+[2a07-8500-120-e070--3f6]-9618&alias=taai-007.nikhef.nl&noUDP&sock=schedd_2614_90a7>
...
001 (2587858.000.000) 2025-08-06 10:19:39 Job executing on host: <145.107.4.165:9618?addrs=145.107.4.165-9618+[2a07-8500-120-e070--a5]-9618&alias=wn-pijl-004.nikhef.nl&noUDP&sock=startd_4575_a5df>
	SlotName: slot1_4@wn-pijl-004.nikhef.nl
	AvailableGPUs = { GPUs_GPU_1f146b0b_a830_c84c_fd33_4949dcc59318 }
	CondorScratchDir = "/scratch/condor_execute/dir_1886555"
	Cpus = 1
	Disk = 16790397
	GPUs = 1
	GPUs_GPU_1f146b0b_a830_c84c_fd33_4949dcc59318 = [ Id = "GPU-1f146b0b-a830-c84c-fd33-4949dcc59318"; ClockMhz = 2520.0; Capability = 8.9; CoresPerCU = 128; DeviceName = "NVIDIA L40S"; DeviceUuid = "1f146b0b-a830-c84c-fd33-4949dcc59318"; ECCEnabled = true; ComputeUnits = 142; NvidiaDriver = "570.124.06"; DriverVersion = 12.8; DevicePciBusId = "0000:C2:00.0"; GlobalMemoryMb = 45468; MaxSupportedVersion = 12080 ]
	Memory = 16384
...
006 (2587858.000.000) 2025-08-06 10:19:53 Image size of job updated: 643928
	629  -  MemoryUsage of job (MB)
	643928  -  ResidentSetSize of job (KB)
...
005 (2587858.000.000) 2025-08-06 10:19:54 Job terminated.
	(1) Normal termination (return value 1)
		Usr 0 00:00:03, Sys 0 00:00:02  -  Run Remote Usage
		Usr 0 00:00:00, Sys 0 00:00:00  -  Run Local Usage
		Usr 0 00:00:03, Sys 0 00:00:02  -  Total Remote Usage
		Usr 0 00:00:00, Sys 0 00:00:00  -  Total Local Usage
	0  -  Run Bytes Sent By Job
	0  -  Run Bytes Received By Job
	0  -  Total Bytes Sent By Job
	0  -  Total Bytes Received By Job
	Partitionable Resources :    Usage  Request Allocated Assigned
	   Cpus                 :                 1         1 
	   Disk (KB)            :    17500 16777216  16790397 
	   GPUs                 :                 1         1 "GPU-1f146b0b-a830-c84c-fd33-4949dcc59318"
	   Memory (MB)          :      629    16384     16384 
	   TimeExecute (s)      :       15                    
	   TimeSlotBusy (s)     :       15                    

	Job terminated of its own accord at 2025-08-06T08:19:54Z with exit-code 1.
...
000 (2587947.000.000) 2025-08-06 13:56:33 Job submitted from host: <145.107.7.246:9618?addrs=145.107.7.246-9618+[2a07-8500-120-e070--3f6]-9618&alias=taai-007.nikhef.nl&noUDP&sock=schedd_2614_90a7>
...
001 (2587947.000.000) 2025-08-06 13:56:41 Job executing on host: <145.107.4.164:9618?addrs=145.107.4.164-9618+[2a07-8500-120-e070--a4]-9618&alias=wn-pijl-003.nikhef.nl&noUDP&sock=startd_4461_7413>
	SlotName: slot1_1@wn-pijl-003.nikhef.nl
	AvailableGPUs = { GPUs_GPU_569990fd_2b62_0adb_f587_bbb820db7247 }
	CondorScratchDir = "/scratch/condor_execute/dir_1457904"
	Cpus = 1
	Disk = 16790397
	GPUs = 1
	GPUs_GPU_569990fd_2b62_0adb_f587_bbb820db7247 = [ Id = "GPU-569990fd-2b62-0adb-f587-bbb820db7247"; ClockMhz = 2520.0; Capability = 8.9; CoresPerCU = 128; DeviceName = "NVIDIA L40S"; DeviceUuid = "569990fd-2b62-0adb-f587-bbb820db7247"; ECCEnabled = true; ComputeUnits = 142; NvidiaDriver = "570.124.06"; DriverVersion = 12.8; DevicePciBusId = "0000:01:00.0"; GlobalMemoryMb = 45468; MaxSupportedVersion = 12080 ]
	Memory = 16384
...
006 (2587947.000.000) 2025-08-06 13:56:55 Image size of job updated: 604420
	591  -  MemoryUsage of job (MB)
	604420  -  ResidentSetSize of job (KB)
...
006 (2587947.000.000) 2025-08-06 13:56:57 Image size of job updated: 604440
	591  -  MemoryUsage of job (MB)
	604440  -  ResidentSetSize of job (KB)
...
005 (2587947.000.000) 2025-08-06 13:56:57 Job terminated.
	(1) Normal termination (return value 1)
		Usr 0 00:00:03, Sys 0 00:00:02  -  Run Remote Usage
		Usr 0 00:00:00, Sys 0 00:00:00  -  Run Local Usage
		Usr 0 00:00:03, Sys 0 00:00:02  -  Total Remote Usage
		Usr 0 00:00:00, Sys 0 00:00:00  -  Total Local Usage
	0  -  Run Bytes Sent By Job
	0  -  Run Bytes Received By Job
	0  -  Total Bytes Sent By Job
	0  -  Total Bytes Received By Job
	Partitionable Resources :    Usage  Request Allocated Assigned
	   Cpus                 :        0        1         1 
	   Disk (KB)            :    17500 16777216  16790397 
	   GPUs                 :                 1         1 "GPU-569990fd-2b62-0adb-f587-bbb820db7247"
	   Memory (MB)          :      591    16384     16384 
	   TimeExecute (s)      :       16                    
	   TimeSlotBusy (s)     :       16                    

	Job terminated of its own accord at 2025-08-06T11:56:57Z with exit-code 1.
...
000 (2588043.000.000) 2025-08-06 18:14:22 Job submitted from host: <145.107.7.246:9618?addrs=145.107.7.246-9618+[2a07-8500-120-e070--3f6]-9618&alias=taai-007.nikhef.nl&noUDP&sock=schedd_2614_90a7>
...
009 (2588043.000.000) 2025-08-06 18:14:43 Job was aborted.
	via condor_rm (by user twouters)
...
000 (2588057.000.000) 2025-08-06 18:16:32 Job submitted from host: <145.107.7.246:9618?addrs=145.107.7.246-9618+[2a07-8500-120-e070--3f6]-9618&alias=taai-007.nikhef.nl&noUDP&sock=schedd_2614_90a7>
...
001 (2588057.000.000) 2025-08-06 18:16:45 Job executing on host: <145.107.4.165:9618?addrs=145.107.4.165-9618+[2a07-8500-120-e070--a5]-9618&alias=wn-pijl-004.nikhef.nl&noUDP&sock=startd_4575_a5df>
	SlotName: slot1_2@wn-pijl-004.nikhef.nl
	AvailableGPUs = { GPUs_GPU_3a90a09e_2f89_5005_c0d7_0fb69e88c7a6 }
	CondorScratchDir = "/scratch/condor_execute/dir_2339291"
	Cpus = 1
	Disk = 16790397
	GPUs = 1
	GPUs_GPU_3a90a09e_2f89_5005_c0d7_0fb69e88c7a6 = [ Id = "GPU-3a90a09e-2f89-5005-c0d7-0fb69e88c7a6"; ClockMhz = 2520.0; Capability = 8.9; CoresPerCU = 128; DeviceName = "NVIDIA L40S"; DeviceUuid = "3a90a09e-2f89-5005-c0d7-0fb69e88c7a6"; ECCEnabled = true; ComputeUnits = 142; NvidiaDriver = "570.124.06"; DriverVersion = 12.8; DevicePciBusId = "0000:02:00.0"; GlobalMemoryMb = 45468; MaxSupportedVersion = 12080 ]
	Memory = 16384
...
006 (2588057.000.000) 2025-08-06 18:16:58 Image size of job updated: 593844
	580  -  MemoryUsage of job (MB)
	593844  -  ResidentSetSize of job (KB)
...
006 (2588057.000.000) 2025-08-06 18:17:00 Image size of job updated: 593904
	580  -  MemoryUsage of job (MB)
	593904  -  ResidentSetSize of job (KB)
...
005 (2588057.000.000) 2025-08-06 18:17:00 Job terminated.
	(1) Normal termination (return value 1)
		Usr 0 00:00:03, Sys 0 00:00:02  -  Run Remote Usage
		Usr 0 00:00:00, Sys 0 00:00:00  -  Run Local Usage
		Usr 0 00:00:03, Sys 0 00:00:02  -  Total Remote Usage
		Usr 0 00:00:00, Sys 0 00:00:00  -  Total Local Usage
	0  -  Run Bytes Sent By Job
	0  -  Run Bytes Received By Job
	0  -  Total Bytes Sent By Job
	0  -  Total Bytes Received By Job
	Partitionable Resources :    Usage  Request Allocated Assigned
	   Cpus                 :        0        1         1 
	   Disk (KB)            :    17500 16777216  16790397 
	   GPUs                 :                 1         1 "GPU-3a90a09e-2f89-5005-c0d7-0fb69e88c7a6"
	   Memory (MB)          :      580    16384     16384 
	   TimeExecute (s)      :       15                    
	   TimeSlotBusy (s)     :       16                    

	Job terminated of its own accord at 2025-08-06T16:17:00Z with exit-code 1.
...
