JAX: devices available: [CudaDevice(id=0)]
torch: CUDA is available. Number of devices: 1
torch: Current CUDA device: 0
Training data will be loaded from: /data/gravwav/twouters/projects/eos_source_classification/eos_source_classification/data/eos/radio/eos_samples.npz
Training a normalizing flow for population =  uniform and bns sources
Using a smaller learning rate 0.0005 for flowJAX training, as it is more stable with this value.
Before training, we built the following NF kwargs: {'n_transforms': 4, 'n_neurons': 64, 'n_blocks_per_transform': 1, 'nn_depth': 1, 'flow_layers': 1, 'nn_block_dim': 8, 'names': ['chirp_mass_source', 'mass_ratio', 'lambda_1', 'lambda_2'], 'n_inputs': 4}
Everything for this model will be saved to ./models/uniform/bns/radio_flowjax
Using flowJAX, so setting validation_split_fraction to 0.01 (no validation split)
Starting training with the following parameters:
Reading the EOS data from /data/gravwav/twouters/projects/eos_source_classification/eos_source_classification/data/eos/radio/eos_samples.npz
Number of good samples:  0.9601
0/200000
20000/200000
40000/200000
60000/200000
80000/200000
100000/200000
120000/200000
140000/200000
160000/200000
180000/200000
Create data will save the following data:
  m1: range = [1.0007685139458866, 3.6818031840050525]
  m2: range = [1.0000033023394568, 3.1135499295306968]
  mass_ratio: range = [0.30529808684062043, 0.9999981881011276]
  lambda_1: range = [2.4684303535602785, 6059.811996677294]
  lambda_2: range = [3.928974780545865, 8285.181958704112]
  lambda_tilde: range = [3.7010700492213, 6422.0961368244525]
  delta_lambda_tilde: range = [7.984846977362684e-05, 514.8121927077008]
  chirp_mass_source: range = [0.8710721334595757, 2.829722421183461]
Saving to ./models/uniform/bns/radio_flowjax/training_data.npz:
Saving to ./models/uniform/bns/radio_flowjax/training_data.npz DONE
Using source-frame chirp mass and mass ratio (Mc, q) for training
Using component parameterization for lambdas (lambda_1, lambda_2)
Training samples: 198000, Validation samples: 2000
Creating the training data arrays
4D training data model for bns
Parameter bounds validation completed
np.shape(self.x)
(198000, 4)
WARNING: Disabling MinMaxScaler when using constrained flowjax distributions
The bijections handle parameter scaling internally to respect bounds
Going to start training for flowJAX . . .
Using block_neural_autoregressive_flow for flowJAX unconditional distribution
Using constrained training approach (Option 2): transform data to unbounded space
Applied identity (unbounded) to parameter 0: chirp_mass_source
Applied mass_ratio constraint [0.1, 1.0] to parameter 1: mass_ratio
Applied lambda constraint > 0 to parameter 2: lambda_1
Applied lambda constraint > 0 to parameter 3: lambda_2
Created constrained flow with bijection: Stack(
  shape=(4,),
  cond_shape=None,
  bijections=[
    Identity(),
    Chain(
      shape=(),
      cond_shape=None,
      bijections=(
        Sigmoid(),
        Affine(
          shape=(),
          loc=f32[],
          scale=Parameterize(
            fn=<PjitFunction of <function softplus at 0x1475eb29d120>>,
            args=(f32[],),
            kwargs={}
          )
        )
      )
    ),
    SoftPlus(),
    SoftPlus()
  ],
  axis=0
)
Transforming training data to unbounded space
Training flowJAX model on data shape: (198000, 4)
Saving the training loss plot to ./models/uniform/bns/radio_flowjax/training_loss.pdf
Training done. Took around 22.14 minutes
Saving the flowJAX model to ./models/uniform/bns/radio_flowjax/model.eqx
Saving the model kwargs to ./models/uniform/bns/radio_flowjax/model_kwargs.json
DONE training!
