000 (2568360.000.000) 2025-07-28 23:23:33 Job submitted from host: <145.107.7.246:9618?addrs=145.107.7.246-9618+[2a07-8500-120-e070--3f6]-9618&alias=taai-007.nikhef.nl&noUDP&sock=schedd_2614_90a7>
    DAG Node: run_e
...
001 (2568360.000.000) 2025-07-28 23:24:59 Job executing on host: <145.107.4.168:9618?addrs=145.107.4.168-9618+[2a07-8500-120-e070--a8]-9618&alias=wn-pijl-007.nikhef.nl&noUDP&sock=startd_4419_a519>
	SlotName: slot1_25@wn-pijl-007.nikhef.nl
	AvailableGPUs = {  }
	CondorScratchDir = "/scratch/condor_execute/dir_663706"
	Cpus = 64
	Disk = 16790397
	GPUs = 0
	Memory = 16384
...
006 (2568360.000.000) 2025-07-28 23:25:09 Image size of job updated: 17500
	0  -  MemoryUsage of job (MB)
	0  -  ResidentSetSize of job (KB)
...
005 (2568360.000.000) 2025-07-28 23:25:09 Job terminated.
	(1) Normal termination (return value 1)
		Usr 0 00:00:11, Sys 0 00:00:07  -  Run Remote Usage
		Usr 0 00:00:00, Sys 0 00:00:00  -  Run Local Usage
		Usr 0 00:00:11, Sys 0 00:00:07  -  Total Remote Usage
		Usr 0 00:00:00, Sys 0 00:00:00  -  Total Local Usage
	0  -  Run Bytes Sent By Job
	0  -  Run Bytes Received By Job
	0  -  Total Bytes Sent By Job
	0  -  Total Bytes Received By Job
	Partitionable Resources :    Usage  Request Allocated 
	   Cpus                 :        0       64        64 
	   Disk (KB)            :    17500 16777216  16790397 
	   GPUs                 :                           0 
	   Memory (MB)          :        0    16384     16384 
	   TimeExecute (s)      :       10                    
	   TimeSlotBusy (s)     :       10                    

	Job terminated of its own accord at 2025-07-28T21:25:09Z with exit-code 1.
...
000 (2568368.000.000) 2025-07-28 23:27:10 Job submitted from host: <145.107.7.246:9618?addrs=145.107.7.246-9618+[2a07-8500-120-e070--3f6]-9618&alias=taai-007.nikhef.nl&noUDP&sock=schedd_2614_90a7>
    DAG Node: run_e
...
001 (2568368.000.000) 2025-07-28 23:27:59 Job executing on host: <145.107.4.166:9618?addrs=145.107.4.166-9618+[2a07-8500-120-e070--a6]-9618&alias=wn-pijl-005.nikhef.nl&noUDP&sock=startd_4117_7f7f>
	SlotName: slot1_8@wn-pijl-005.nikhef.nl
	AvailableGPUs = {  }
	CondorScratchDir = "/scratch/condor_execute/dir_1666897"
	Cpus = 64
	Disk = 16790366
	GPUs = 0
	Memory = 16384
...
006 (2568368.000.000) 2025-07-28 23:28:13 Image size of job updated: 493708
	483  -  MemoryUsage of job (MB)
	493708  -  ResidentSetSize of job (KB)
...
006 (2568368.000.000) 2025-07-28 23:33:14 Image size of job updated: 3391440
	3311  -  MemoryUsage of job (MB)
	3389788  -  ResidentSetSize of job (KB)
...
006 (2568368.000.000) 2025-07-28 23:38:15 Image size of job updated: 3391440
	3312  -  MemoryUsage of job (MB)
	3391140  -  ResidentSetSize of job (KB)
...
006 (2568368.000.000) 2025-07-28 23:43:15 Image size of job updated: 3408432
	3329  -  MemoryUsage of job (MB)
	3408432  -  ResidentSetSize of job (KB)
...
006 (2568368.000.000) 2025-07-28 23:48:16 Image size of job updated: 3409164
	3330  -  MemoryUsage of job (MB)
	3409164  -  ResidentSetSize of job (KB)
...
006 (2568368.000.000) 2025-07-28 23:53:16 Image size of job updated: 3410476
	3331  -  MemoryUsage of job (MB)
	3410476  -  ResidentSetSize of job (KB)
...
006 (2568368.000.000) 2025-07-28 23:58:16 Image size of job updated: 3410924
	3331  -  MemoryUsage of job (MB)
	3410924  -  ResidentSetSize of job (KB)
...
006 (2568368.000.000) 2025-07-29 00:03:17 Image size of job updated: 3411424
	3332  -  MemoryUsage of job (MB)
	3411424  -  ResidentSetSize of job (KB)
...
006 (2568368.000.000) 2025-07-29 00:08:17 Image size of job updated: 3411960
	3332  -  MemoryUsage of job (MB)
	3411960  -  ResidentSetSize of job (KB)
...
006 (2568368.000.000) 2025-07-29 00:13:17 Image size of job updated: 3412588
	3333  -  MemoryUsage of job (MB)
	3412588  -  ResidentSetSize of job (KB)
...
006 (2568368.000.000) 2025-07-29 00:18:18 Image size of job updated: 3413184
	3334  -  MemoryUsage of job (MB)
	3413184  -  ResidentSetSize of job (KB)
...
006 (2568368.000.000) 2025-07-29 00:23:18 Image size of job updated: 3414148
	3335  -  MemoryUsage of job (MB)
	3414148  -  ResidentSetSize of job (KB)
...
006 (2568368.000.000) 2025-07-29 00:28:18 Image size of job updated: 3415040
	3335  -  MemoryUsage of job (MB)
	3415040  -  ResidentSetSize of job (KB)
...
006 (2568368.000.000) 2025-07-29 00:33:19 Image size of job updated: 3788836
	3701  -  MemoryUsage of job (MB)
	3788836  -  ResidentSetSize of job (KB)
...
006 (2568368.000.000) 2025-07-29 00:38:19 Image size of job updated: 3789592
	3701  -  MemoryUsage of job (MB)
	3789592  -  ResidentSetSize of job (KB)
...
006 (2568368.000.000) 2025-07-29 00:43:19 Image size of job updated: 3790316
	3702  -  MemoryUsage of job (MB)
	3790316  -  ResidentSetSize of job (KB)
...
006 (2568368.000.000) 2025-07-29 00:48:20 Image size of job updated: 3790548
	3702  -  MemoryUsage of job (MB)
	3790548  -  ResidentSetSize of job (KB)
...
006 (2568368.000.000) 2025-07-29 00:53:20 Image size of job updated: 3791224
	3703  -  MemoryUsage of job (MB)
	3791224  -  ResidentSetSize of job (KB)
...
006 (2568368.000.000) 2025-07-29 00:58:20 Image size of job updated: 3791876
	3704  -  MemoryUsage of job (MB)
	3791876  -  ResidentSetSize of job (KB)
...
006 (2568368.000.000) 2025-07-29 01:03:21 Image size of job updated: 3792144
	3704  -  MemoryUsage of job (MB)
	3792144  -  ResidentSetSize of job (KB)
...
006 (2568368.000.000) 2025-07-29 01:08:21 Image size of job updated: 3792788
	3704  -  MemoryUsage of job (MB)
	3792788  -  ResidentSetSize of job (KB)
...
006 (2568368.000.000) 2025-07-29 01:13:21 Image size of job updated: 3793404
	3705  -  MemoryUsage of job (MB)
	3793404  -  ResidentSetSize of job (KB)
...
006 (2568368.000.000) 2025-07-29 01:18:22 Image size of job updated: 3795016
	3707  -  MemoryUsage of job (MB)
	3795016  -  ResidentSetSize of job (KB)
...
006 (2568368.000.000) 2025-07-29 01:23:22 Image size of job updated: 3806964
	3718  -  MemoryUsage of job (MB)
	3806964  -  ResidentSetSize of job (KB)
...
006 (2568368.000.000) 2025-07-29 01:28:22 Image size of job updated: 3820172
	3731  -  MemoryUsage of job (MB)
	3820172  -  ResidentSetSize of job (KB)
...
006 (2568368.000.000) 2025-07-29 01:33:23 Image size of job updated: 3898680
	3808  -  MemoryUsage of job (MB)
	3898680  -  ResidentSetSize of job (KB)
...
006 (2568368.000.000) 2025-07-29 01:38:23 Image size of job updated: 3905728
	3815  -  MemoryUsage of job (MB)
	3905728  -  ResidentSetSize of job (KB)
...
006 (2568368.000.000) 2025-07-29 01:43:24 Image size of job updated: 3905864
	3815  -  MemoryUsage of job (MB)
	3905864  -  ResidentSetSize of job (KB)
...
006 (2568368.000.000) 2025-07-29 01:48:25 Image size of job updated: 3919108
	3828  -  MemoryUsage of job (MB)
	3919108  -  ResidentSetSize of job (KB)
...
006 (2568368.000.000) 2025-07-29 01:53:25 Image size of job updated: 3919236
	3828  -  MemoryUsage of job (MB)
	3919236  -  ResidentSetSize of job (KB)
...
006 (2568368.000.000) 2025-07-29 01:58:26 Image size of job updated: 3932456
	3841  -  MemoryUsage of job (MB)
	3932456  -  ResidentSetSize of job (KB)
...
006 (2568368.000.000) 2025-07-29 02:03:27 Image size of job updated: 3932564
	3841  -  MemoryUsage of job (MB)
	3932564  -  ResidentSetSize of job (KB)
...
006 (2568368.000.000) 2025-07-29 02:08:27 Image size of job updated: 3945732
	3854  -  MemoryUsage of job (MB)
	3945732  -  ResidentSetSize of job (KB)
...
006 (2568368.000.000) 2025-07-29 02:13:28 Image size of job updated: 3945876
	3854  -  MemoryUsage of job (MB)
	3945876  -  ResidentSetSize of job (KB)
...
006 (2568368.000.000) 2025-07-29 02:18:29 Image size of job updated: 3947864
	3856  -  MemoryUsage of job (MB)
	3947864  -  ResidentSetSize of job (KB)
...
006 (2568368.000.000) 2025-07-29 02:23:29 Image size of job updated: 3959232
	3867  -  MemoryUsage of job (MB)
	3959232  -  ResidentSetSize of job (KB)
...
006 (2568368.000.000) 2025-07-29 02:28:30 Image size of job updated: 3959380
	3867  -  MemoryUsage of job (MB)
	3959380  -  ResidentSetSize of job (KB)
...
006 (2568368.000.000) 2025-07-29 02:33:31 Image size of job updated: 4010204
	3913  -  MemoryUsage of job (MB)
	4006212  -  ResidentSetSize of job (KB)
...
006 (2568368.000.000) 2025-07-29 02:38:31 Image size of job updated: 4010204
	3913  -  MemoryUsage of job (MB)
	4006288  -  ResidentSetSize of job (KB)
...
006 (2568368.000.000) 2025-07-29 02:43:32 Image size of job updated: 4019468
	3926  -  MemoryUsage of job (MB)
	4019468  -  ResidentSetSize of job (KB)
...
006 (2568368.000.000) 2025-07-29 02:48:32 Image size of job updated: 4019556
	3926  -  MemoryUsage of job (MB)
	4019556  -  ResidentSetSize of job (KB)
...
006 (2568368.000.000) 2025-07-29 02:53:32 Image size of job updated: 4032772
	3939  -  MemoryUsage of job (MB)
	4032772  -  ResidentSetSize of job (KB)
...
006 (2568368.000.000) 2025-07-29 02:58:33 Image size of job updated: 4032864
	3939  -  MemoryUsage of job (MB)
	4032864  -  ResidentSetSize of job (KB)
...
006 (2568368.000.000) 2025-07-29 03:03:33 Image size of job updated: 4034292
	3940  -  MemoryUsage of job (MB)
	4034292  -  ResidentSetSize of job (KB)
...
006 (2568368.000.000) 2025-07-29 03:08:33 Image size of job updated: 4046144
	3952  -  MemoryUsage of job (MB)
	4046144  -  ResidentSetSize of job (KB)
...
006 (2568368.000.000) 2025-07-29 03:13:34 Image size of job updated: 4046292
	3952  -  MemoryUsage of job (MB)
	4046292  -  ResidentSetSize of job (KB)
...
006 (2568368.000.000) 2025-07-29 03:18:34 Image size of job updated: 4059524
	3965  -  MemoryUsage of job (MB)
	4059524  -  ResidentSetSize of job (KB)
...
006 (2568368.000.000) 2025-07-29 03:23:34 Image size of job updated: 4059640
	3965  -  MemoryUsage of job (MB)
	4059640  -  ResidentSetSize of job (KB)
...
006 (2568368.000.000) 2025-07-29 03:28:35 Image size of job updated: 4072820
	3978  -  MemoryUsage of job (MB)
	4072820  -  ResidentSetSize of job (KB)
...
006 (2568368.000.000) 2025-07-29 03:33:35 Image size of job updated: 4090124
	3995  -  MemoryUsage of job (MB)
	4090124  -  ResidentSetSize of job (KB)
...
006 (2568368.000.000) 2025-07-29 03:38:35 Image size of job updated: 4103264
	4008  -  MemoryUsage of job (MB)
	4103264  -  ResidentSetSize of job (KB)
...
006 (2568368.000.000) 2025-07-29 03:43:36 Image size of job updated: 4103328
	4008  -  MemoryUsage of job (MB)
	4103328  -  ResidentSetSize of job (KB)
...
006 (2568368.000.000) 2025-07-29 03:48:36 Image size of job updated: 4104712
	4009  -  MemoryUsage of job (MB)
	4104712  -  ResidentSetSize of job (KB)
...
006 (2568368.000.000) 2025-07-29 03:53:37 Image size of job updated: 4116564
	4021  -  MemoryUsage of job (MB)
	4116564  -  ResidentSetSize of job (KB)
...
006 (2568368.000.000) 2025-07-29 03:58:38 Image size of job updated: 4116684
	4021  -  MemoryUsage of job (MB)
	4116684  -  ResidentSetSize of job (KB)
...
006 (2568368.000.000) 2025-07-29 04:03:38 Image size of job updated: 4129840
	4034  -  MemoryUsage of job (MB)
	4129840  -  ResidentSetSize of job (KB)
...
006 (2568368.000.000) 2025-07-29 04:08:39 Image size of job updated: 4129948
	4034  -  MemoryUsage of job (MB)
	4129948  -  ResidentSetSize of job (KB)
...
006 (2568368.000.000) 2025-07-29 04:13:40 Image size of job updated: 4143080
	4046  -  MemoryUsage of job (MB)
	4143080  -  ResidentSetSize of job (KB)
...
006 (2568368.000.000) 2025-07-29 04:18:40 Image size of job updated: 4143180
	4047  -  MemoryUsage of job (MB)
	4143180  -  ResidentSetSize of job (KB)
...
006 (2568368.000.000) 2025-07-29 04:23:41 Image size of job updated: 4156336
	4059  -  MemoryUsage of job (MB)
	4156336  -  ResidentSetSize of job (KB)
...
006 (2568368.000.000) 2025-07-29 04:28:42 Image size of job updated: 4156388
	4059  -  MemoryUsage of job (MB)
	4156388  -  ResidentSetSize of job (KB)
...
006 (2568368.000.000) 2025-07-29 04:33:42 Image size of job updated: 4186732
	4072  -  MemoryUsage of job (MB)
	4169136  -  ResidentSetSize of job (KB)
...
006 (2568368.000.000) 2025-07-29 04:38:43 Image size of job updated: 4186732
	4084  -  MemoryUsage of job (MB)
	4181316  -  ResidentSetSize of job (KB)
...
006 (2568368.000.000) 2025-07-29 04:43:43 Image size of job updated: 4186732
	4084  -  MemoryUsage of job (MB)
	4181368  -  ResidentSetSize of job (KB)
...
006 (2568368.000.000) 2025-07-29 04:48:43 Image size of job updated: 4194508
	4097  -  MemoryUsage of job (MB)
	4194508  -  ResidentSetSize of job (KB)
...
006 (2568368.000.000) 2025-07-29 04:53:44 Image size of job updated: 4194580
	4097  -  MemoryUsage of job (MB)
	4194580  -  ResidentSetSize of job (KB)
...
006 (2568368.000.000) 2025-07-29 04:58:44 Image size of job updated: 4207736
	4110  -  MemoryUsage of job (MB)
	4207736  -  ResidentSetSize of job (KB)
...
006 (2568368.000.000) 2025-07-29 05:03:44 Image size of job updated: 4207808
	4110  -  MemoryUsage of job (MB)
	4207808  -  ResidentSetSize of job (KB)
...
006 (2568368.000.000) 2025-07-29 05:08:45 Image size of job updated: 4220948
	4123  -  MemoryUsage of job (MB)
	4220948  -  ResidentSetSize of job (KB)
...
006 (2568368.000.000) 2025-07-29 05:13:45 Image size of job updated: 4220996
	4123  -  MemoryUsage of job (MB)
	4220996  -  ResidentSetSize of job (KB)
...
006 (2568368.000.000) 2025-07-29 05:18:46 Image size of job updated: 4222020
	4124  -  MemoryUsage of job (MB)
	4222020  -  ResidentSetSize of job (KB)
...
006 (2568368.000.000) 2025-07-29 05:23:47 Image size of job updated: 4234172
	4135  -  MemoryUsage of job (MB)
	4234172  -  ResidentSetSize of job (KB)
...
006 (2568368.000.000) 2025-07-29 05:28:47 Image size of job updated: 4234224
	4135  -  MemoryUsage of job (MB)
	4234224  -  ResidentSetSize of job (KB)
...
006 (2568368.000.000) 2025-07-29 05:33:48 Image size of job updated: 4260948
	4152  -  MemoryUsage of job (MB)
	4251428  -  ResidentSetSize of job (KB)
...
006 (2568368.000.000) 2025-07-29 05:38:49 Image size of job updated: 4260948
	4154  -  MemoryUsage of job (MB)
	4253508  -  ResidentSetSize of job (KB)
...
006 (2568368.000.000) 2025-07-29 05:43:49 Image size of job updated: 4260948
	4154  -  MemoryUsage of job (MB)
	4253544  -  ResidentSetSize of job (KB)
...
006 (2568368.000.000) 2025-07-29 06:38:54 Image size of job updated: 4289356
	4179  -  MemoryUsage of job (MB)
	4278984  -  ResidentSetSize of job (KB)
...
006 (2568368.000.000) 2025-07-29 06:43:55 Image size of job updated: 4289356
	4179  -  MemoryUsage of job (MB)
	4279024  -  ResidentSetSize of job (KB)
...
006 (2568368.000.000) 2025-07-29 06:48:56 Image size of job updated: 4289356
	4179  -  MemoryUsage of job (MB)
	4279072  -  ResidentSetSize of job (KB)
...
006 (2568368.000.000) 2025-07-29 06:53:56 Image size of job updated: 4289356
	4179  -  MemoryUsage of job (MB)
	4279104  -  ResidentSetSize of job (KB)
...
006 (2568368.000.000) 2025-07-29 06:58:57 Image size of job updated: 4289356
	4179  -  MemoryUsage of job (MB)
	4279128  -  ResidentSetSize of job (KB)
...
006 (2568368.000.000) 2025-07-29 07:03:58 Image size of job updated: 4289356
	4179  -  MemoryUsage of job (MB)
	4279168  -  ResidentSetSize of job (KB)
...
006 (2568368.000.000) 2025-07-29 07:08:58 Image size of job updated: 4289356
	4179  -  MemoryUsage of job (MB)
	4279200  -  ResidentSetSize of job (KB)
...
006 (2568368.000.000) 2025-07-29 07:13:59 Image size of job updated: 4289356
	4179  -  MemoryUsage of job (MB)
	4279256  -  ResidentSetSize of job (KB)
...
006 (2568368.000.000) 2025-07-29 07:18:59 Image size of job updated: 4289356
	4179  -  MemoryUsage of job (MB)
	4279280  -  ResidentSetSize of job (KB)
...
006 (2568368.000.000) 2025-07-29 07:23:59 Image size of job updated: 4289356
	4180  -  MemoryUsage of job (MB)
	4279704  -  ResidentSetSize of job (KB)
...
006 (2568368.000.000) 2025-07-29 07:29:00 Image size of job updated: 4289356
	4180  -  MemoryUsage of job (MB)
	4279736  -  ResidentSetSize of job (KB)
...
006 (2568368.000.000) 2025-07-29 07:34:00 Image size of job updated: 4289356
	4180  -  MemoryUsage of job (MB)
	4279760  -  ResidentSetSize of job (KB)
...
006 (2568368.000.000) 2025-07-29 07:39:00 Image size of job updated: 4312012
	4203  -  MemoryUsage of job (MB)
	4303380  -  ResidentSetSize of job (KB)
...
006 (2568368.000.000) 2025-07-29 07:59:02 Image size of job updated: 4312012
	4203  -  MemoryUsage of job (MB)
	4303624  -  ResidentSetSize of job (KB)
...
006 (2568368.000.000) 2025-07-29 08:04:02 Image size of job updated: 4312012
	4203  -  MemoryUsage of job (MB)
	4303652  -  ResidentSetSize of job (KB)
...
006 (2568368.000.000) 2025-07-29 08:09:03 Image size of job updated: 4312012
	4203  -  MemoryUsage of job (MB)
	4303688  -  ResidentSetSize of job (KB)
...
006 (2568368.000.000) 2025-07-29 08:14:04 Image size of job updated: 4312012
	4204  -  MemoryUsage of job (MB)
	4304088  -  ResidentSetSize of job (KB)
...
006 (2568368.000.000) 2025-07-29 08:19:04 Image size of job updated: 4312012
	4204  -  MemoryUsage of job (MB)
	4304120  -  ResidentSetSize of job (KB)
...
006 (2568368.000.000) 2025-07-29 08:24:05 Image size of job updated: 4312012
	4204  -  MemoryUsage of job (MB)
	4304532  -  ResidentSetSize of job (KB)
...
006 (2568368.000.000) 2025-07-29 08:29:06 Image size of job updated: 4312012
	4204  -  MemoryUsage of job (MB)
	4304568  -  ResidentSetSize of job (KB)
...
006 (2568368.000.000) 2025-07-29 08:34:06 Image size of job updated: 4312012
	4204  -  MemoryUsage of job (MB)
	4304600  -  ResidentSetSize of job (KB)
...
006 (2568368.000.000) 2025-07-29 08:39:08 Image size of job updated: 4326860
	4221  -  MemoryUsage of job (MB)
	4321836  -  ResidentSetSize of job (KB)
...
006 (2568368.000.000) 2025-07-29 09:09:10 Image size of job updated: 4326860
	4221  -  MemoryUsage of job (MB)
	4322192  -  ResidentSetSize of job (KB)
...
006 (2568368.000.000) 2025-07-29 09:14:10 Image size of job updated: 4326860
	4221  -  MemoryUsage of job (MB)
	4322224  -  ResidentSetSize of job (KB)
...
006 (2568368.000.000) 2025-07-29 09:19:10 Image size of job updated: 4326860
	4221  -  MemoryUsage of job (MB)
	4322268  -  ResidentSetSize of job (KB)
...
006 (2568368.000.000) 2025-07-29 09:24:11 Image size of job updated: 4326860
	4222  -  MemoryUsage of job (MB)
	4322676  -  ResidentSetSize of job (KB)
...
006 (2568368.000.000) 2025-07-29 09:29:11 Image size of job updated: 4326860
	4222  -  MemoryUsage of job (MB)
	4323072  -  ResidentSetSize of job (KB)
...
006 (2568368.000.000) 2025-07-29 09:34:12 Image size of job updated: 4326860
	4222  -  MemoryUsage of job (MB)
	4323096  -  ResidentSetSize of job (KB)
...
006 (2568368.000.000) 2025-07-29 09:39:13 Image size of job updated: 4337300
	4236  -  MemoryUsage of job (MB)
	4337300  -  ResidentSetSize of job (KB)
...
006 (2568368.000.000) 2025-07-29 09:44:13 Image size of job updated: 4337680
	4237  -  MemoryUsage of job (MB)
	4337680  -  ResidentSetSize of job (KB)
...
006 (2568368.000.000) 2025-07-29 09:49:14 Image size of job updated: 4337716
	4237  -  MemoryUsage of job (MB)
	4337716  -  ResidentSetSize of job (KB)
...
006 (2568368.000.000) 2025-07-29 09:54:15 Image size of job updated: 4338112
	4237  -  MemoryUsage of job (MB)
	4338112  -  ResidentSetSize of job (KB)
...
006 (2568368.000.000) 2025-07-29 09:59:15 Image size of job updated: 4338152
	4237  -  MemoryUsage of job (MB)
	4338152  -  ResidentSetSize of job (KB)
...
006 (2568368.000.000) 2025-07-29 10:04:17 Image size of job updated: 4338540
	4237  -  MemoryUsage of job (MB)
	4338152  -  ResidentSetSize of job (KB)
...
006 (2568368.000.000) 2025-07-29 10:19:17 Image size of job updated: 4338540
	4237  -  MemoryUsage of job (MB)
	4338380  -  ResidentSetSize of job (KB)
...
006 (2568368.000.000) 2025-07-29 10:24:17 Image size of job updated: 4338780
	4238  -  MemoryUsage of job (MB)
	4338780  -  ResidentSetSize of job (KB)
...
006 (2568368.000.000) 2025-07-29 10:29:17 Image size of job updated: 4338820
	4238  -  MemoryUsage of job (MB)
	4338820  -  ResidentSetSize of job (KB)
...
006 (2568368.000.000) 2025-07-29 10:34:18 Image size of job updated: 4339232
	4238  -  MemoryUsage of job (MB)
	4339232  -  ResidentSetSize of job (KB)
...
006 (2568368.000.000) 2025-07-29 10:39:18 Image size of job updated: 4355380
	4240  -  MemoryUsage of job (MB)
	4341448  -  ResidentSetSize of job (KB)
...
006 (2568368.000.000) 2025-07-29 10:44:18 Image size of job updated: 4355380
	4240  -  MemoryUsage of job (MB)
	4341688  -  ResidentSetSize of job (KB)
...
006 (2568368.000.000) 2025-07-29 11:14:22 Image size of job updated: 4355380
	4240  -  MemoryUsage of job (MB)
	4341720  -  ResidentSetSize of job (KB)
...
006 (2568368.000.000) 2025-07-29 11:19:23 Image size of job updated: 4355380
	4241  -  MemoryUsage of job (MB)
	4342304  -  ResidentSetSize of job (KB)
...
006 (2568368.000.000) 2025-07-29 11:24:23 Image size of job updated: 4355380
	4242  -  MemoryUsage of job (MB)
	4343088  -  ResidentSetSize of job (KB)
...
006 (2568368.000.000) 2025-07-29 11:29:24 Image size of job updated: 4355380
	4242  -  MemoryUsage of job (MB)
	4343504  -  ResidentSetSize of job (KB)
...
006 (2568368.000.000) 2025-07-29 11:34:25 Image size of job updated: 4355380
	4243  -  MemoryUsage of job (MB)
	4343916  -  ResidentSetSize of job (KB)
...
006 (2568368.000.000) 2025-07-29 11:39:25 Image size of job updated: 4355380
	4243  -  MemoryUsage of job (MB)
	4344324  -  ResidentSetSize of job (KB)
...
006 (2568368.000.000) 2025-07-29 11:44:26 Image size of job updated: 4379612
	4247  -  MemoryUsage of job (MB)
	4348396  -  ResidentSetSize of job (KB)
...
006 (2568368.000.000) 2025-07-29 11:49:27 Image size of job updated: 4379612
	4247  -  MemoryUsage of job (MB)
	4348452  -  ResidentSetSize of job (KB)
...
006 (2568368.000.000) 2025-07-29 11:54:19 Image size of job updated: 4418336
	4247  -  MemoryUsage of job (MB)
	4348452  -  ResidentSetSize of job (KB)
...
005 (2568368.000.000) 2025-07-29 11:54:19 Job terminated.
	(1) Normal termination (return value 0)
		Usr 21 06:17:12, Sys 0 00:05:15  -  Run Remote Usage
		Usr 0 00:00:00, Sys 0 00:00:00  -  Run Local Usage
		Usr 21 06:17:12, Sys 0 00:05:15  -  Total Remote Usage
		Usr 0 00:00:00, Sys 0 00:00:00  -  Total Local Usage
	0  -  Run Bytes Sent By Job
	0  -  Run Bytes Received By Job
	0  -  Total Bytes Sent By Job
	0  -  Total Bytes Received By Job
	Partitionable Resources :    Usage  Request Allocated 
	   Cpus                 :     2.05       64        64 
	   Disk (KB)            : 17500    16777216  16790366 
	   GPUs                 :                           0 
	   Memory (MB)          :  4247       16384     16384 
	   TimeExecute (s)      : 44780                       
	   TimeSlotBusy (s)     : 44780                       

	Job terminated of its own accord at 2025-07-29T09:54:19Z with exit-code 0.
...
