self.parameters_ref
{'chirp_mass': 1.4867900781724532, 'mass_ratio': 0.9050172763783242, 'luminosity_distance': 170.12293668851825, 'a_1': 0.026740533729350032, 'a_2': 0.026531453845731346, 'tilt_1': 1.0778978878771508, 'tilt_2': 1.1280732548151633, 'phi_12': 3.1399614036707786, 'phi_jl': 3.098408796747226, 'dec': -0.13270250775319825, 'ra': 1.4405869049377487, 'theta_jn': 0.7142783555076156, 'psi': 1.556484993441145, 'phase': 2.9396355278156534, 'geocent_time': 1240215503.017147, 'mass_1': 1.7957063404539406, 'mass_2': 1.6251452614129132, 'mass_1_source': 1.7309992032614339, 'mass_2_source': 1.5665841843487123, 'lambda_1': 70.21265537755474, 'lambda_2': 136.8879103326964, 'lambda_tilde': 98.98418024073037, 'delta_lambda_tilde': 8.36852937066909}
363it [0:00:01 bound:0 nc:  2 ncall:1.5e+03 eff:24.6% logz-ratio=-25.17+/-0.06 dlogz:56.109>0.1]
3625it [0:02:04 bound:2 nc:491 ncall:3.7e+04 eff:9.7% logz-ratio=-0.25+/-0.06 dlogz:65.342>0.1]
3688it [0:03:11 bound:3 nc:757 ncall:9.1e+04 eff:4.1% logz-ratio=-0.06+/-0.06 dlogz:65.092>0.1]
3750it [0:04:19 bound:4 nc:742 ncall:1.4e+05 eff:2.6% logz-ratio=0.12+/-0.06 dlogz:64.846>0.1]
3812it [0:05:24 bound:5 nc:838 ncall:1.9e+05 eff:2.0% logz-ratio=0.30+/-0.06 dlogz:64.604>0.1]
3873it [0:06:33 bound:6 nc:679 ncall:2.5e+05 eff:1.6% logz-ratio=0.49+/-0.06 dlogz:64.359>0.1]
3936it [0:07:37 bound:7 nc:839 ncall:3.0e+05 eff:1.3% logz-ratio=0.68+/-0.06 dlogz:64.107>0.1]
4000it [0:08:39 bound:8 nc:856 ncall:3.5e+05 eff:1.1% logz-ratio=0.87+/-0.06 dlogz:63.853>0.1]
4063it [0:09:41 bound:9 nc:619 ncall:4.1e+05 eff:1.0% logz-ratio=1.07+/-0.06 dlogz:63.590>0.1]
4188it [0:11:39 bound:11 nc:722 ncall:5.0e+05 eff:0.8% logz-ratio=1.51+/-0.06 dlogz:63.033>0.1]
4252it [0:12:43 bound:12 nc:711 ncall:5.5e+05 eff:0.8% logz-ratio=1.74+/-0.06 dlogz:62.739>0.1]
4373it [0:14:41 bound:14 nc:704 ncall:6.4e+05 eff:0.7% logz-ratio=2.20+/-0.06 dlogz:62.162>0.1]
4498it [0:16:32 bound:16 nc:806 ncall:7.3e+05 eff:0.6% logz-ratio=2.70+/-0.07 dlogz:61.543>0.1]
4623it [0:18:25 bound:18 nc:886 ncall:8.2e+05 eff:0.6% logz-ratio=3.23+/-0.07 dlogz:60.890>0.1]
4746it [0:20:27 bound:20 nc:816 ncall:9.2e+05 eff:0.5% logz-ratio=3.73+/-0.07 dlogz:60.266>0.1]
4809it [0:21:29 bound:21 nc:679 ncall:9.7e+05 eff:0.5% logz-ratio=3.97+/-0.07 dlogz:59.964>0.1]
4870it [0:22:32 bound:22 nc:727 ncall:1.0e+06 eff:0.5% logz-ratio=4.21+/-0.07 dlogz:59.662>0.1]
4995it [0:24:34 bound:24 nc:908 ncall:1.1e+06 eff:0.5% logz-ratio=4.71+/-0.07 dlogz:59.042>0.1]
5054it [0:25:34 bound:25 nc:850 ncall:1.2e+06 eff:0.4% logz-ratio=4.96+/-0.07 dlogz:58.737>0.1]
5117it [0:26:38 bound:26 nc:695 ncall:1.2e+06 eff:0.4% logz-ratio=5.23+/-0.07 dlogz:58.401>0.1]
5180it [0:27:41 bound:27 nc:761 ncall:1.3e+06 eff:0.4% logz-ratio=5.51+/-0.07 dlogz:58.064>0.1]
5243it [0:28:50 bound:28 nc:905 ncall:1.3e+06 eff:0.4% logz-ratio=5.79+/-0.07 dlogz:57.722>0.1]
5366it [0:30:53 bound:30 nc:997 ncall:1.4e+06 eff:0.4% logz-ratio=6.36+/-0.07 dlogz:57.033>0.1]
5425it [0:31:56 bound:31 nc:871 ncall:1.5e+06 eff:0.4% logz-ratio=6.64+/-0.07 dlogz:56.698>0.1]
5487it [0:33:05 bound:32 nc:628 ncall:1.5e+06 eff:0.4% logz-ratio=6.94+/-0.07 dlogz:56.334>0.1]
5550it [0:34:13 bound:33 nc:1083 ncall:1.6e+06 eff:0.4% logz-ratio=7.24+/-0.07 dlogz:55.972>0.1]
5613it [0:35:22 bound:34 nc:924 ncall:1.6e+06 eff:0.3% logz-ratio=7.53+/-0.08 dlogz:76.260>0.1]
5736it [0:37:18 bound:36 nc:918 ncall:1.7e+06 eff:0.3% logz-ratio=8.15+/-0.08 dlogz:75.527>0.1]
5798it [0:38:25 bound:37 nc:836 ncall:1.8e+06 eff:0.3% logz-ratio=8.47+/-0.08 dlogz:75.145>0.1]
5862it [0:39:27 bound:38 nc:911 ncall:1.8e+06 eff:0.3% logz-ratio=8.79+/-0.08 dlogz:74.758>0.1]
5984it [0:41:37 bound:40 nc:821 ncall:1.9e+06 eff:0.3% logz-ratio=9.49+/-0.08 dlogz:73.940>0.1]
6048it [0:42:37 bound:41 nc:919 ncall:2.0e+06 eff:0.3% logz-ratio=9.86+/-0.08 dlogz:73.510>0.1]
6109it [0:43:38 bound:42 nc:506 ncall:2.0e+06 eff:0.3% logz-ratio=10.22+/-0.08 dlogz:73.085>0.1]
6173it [0:44:40 bound:43 nc:630 ncall:2.1e+06 eff:0.3% logz-ratio=10.62+/-0.08 dlogz:72.631>0.1]
6236it [0:45:42 bound:44 nc:831 ncall:2.1e+06 eff:0.3% logz-ratio=11.01+/-0.08 dlogz:72.176>0.1]
6300it [0:46:47 bound:45 nc:1059 ncall:2.2e+06 eff:0.3% logz-ratio=11.40+/-0.08 dlogz:71.719>0.1]
6363it [0:47:55 bound:46 nc:1118 ncall:2.2e+06 eff:0.3% logz-ratio=11.80+/-0.08 dlogz:71.266>0.1]
6426it [0:48:59 bound:47 nc:932 ncall:2.3e+06 eff:0.3% logz-ratio=12.20+/-0.08 dlogz:70.800>0.1]
6549it [0:50:59 bound:49 nc:990 ncall:2.4e+06 eff:0.3% logz-ratio=13.04+/-0.08 dlogz:69.842>0.1]
6609it [0:52:05 bound:50 nc:1474 ncall:2.5e+06 eff:0.3% logz-ratio=13.48+/-0.08 dlogz:69.347>0.1]
6670it [0:53:14 bound:51 nc:884 ncall:2.5e+06 eff:0.3% logz-ratio=13.91+/-0.08 dlogz:68.855>0.1]
6732it [0:54:16 bound:52 nc:972 ncall:2.6e+06 eff:0.3% logz-ratio=14.37+/-0.09 dlogz:68.337>0.1]
6794it [0:55:21 bound:53 nc:920 ncall:2.6e+06 eff:0.3% logz-ratio=14.84+/-0.09 dlogz:67.807>0.1]
6855it [0:56:23 bound:54 nc:595 ncall:2.7e+06 eff:0.3% logz-ratio=15.31+/-0.09 dlogz:67.273>0.1]
6918it [0:57:28 bound:55 nc:1197 ncall:2.7e+06 eff:0.3% logz-ratio=15.81+/-0.09 dlogz:66.716>0.1]
6981it [0:58:28 bound:56 nc:798 ncall:2.8e+06 eff:0.3% logz-ratio=16.32+/-0.09 dlogz:66.139>0.1]
7042it [0:59:32 bound:57 nc:781 ncall:2.8e+06 eff:0.2% logz-ratio=16.84+/-0.09 dlogz:65.563>0.1]
7103it [1:00:42 bound:58 nc:1128 ncall:2.9e+06 eff:0.2% logz-ratio=17.37+/-0.09 dlogz:64.972>0.1]
7164it [1:01:51 bound:59 nc:1054 ncall:2.9e+06 eff:0.2% logz-ratio=17.93+/-0.09 dlogz:64.358>0.1]
7226it [1:03:13 bound:60 nc:1012 ncall:3.0e+06 eff:0.2% logz-ratio=18.51+/-0.09 dlogz:70.340>0.1]
7288it [1:04:19 bound:61 nc:527 ncall:3.0e+06 eff:0.2% logz-ratio=19.13+/-0.09 dlogz:69.662>0.1]
7349it [1:05:23 bound:62 nc:1128 ncall:3.1e+06 eff:0.2% logz-ratio=19.71+/-0.09 dlogz:69.022>0.1]
7474it [1:07:24 bound:64 nc:927 ncall:3.2e+06 eff:0.2% logz-ratio=20.84+/-0.09 dlogz:67.767>0.1]
7536it [1:08:29 bound:65 nc:1712 ncall:3.2e+06 eff:0.2% logz-ratio=21.38+/-0.09 dlogz:67.161>0.1]
7599it [1:09:30 bound:66 nc:792 ncall:3.3e+06 eff:0.2% logz-ratio=21.91+/-0.09 dlogz:66.571>0.1]
7662it [1:10:36 bound:67 nc:909 ncall:3.4e+06 eff:0.2% logz-ratio=22.43+/-0.09 dlogz:65.996>0.1]
7726it [1:11:42 bound:68 nc:727 ncall:3.4e+06 eff:0.2% logz-ratio=22.94+/-0.09 dlogz:65.422>0.1]
7789it [1:12:45 bound:69 nc:816 ncall:3.5e+06 eff:0.2% logz-ratio=23.46+/-0.09 dlogz:64.839>0.1]
7853it [1:13:55 bound:70 nc:903 ncall:3.5e+06 eff:0.2% logz-ratio=24.00+/-0.09 dlogz:64.233>0.1]
7915it [1:15:04 bound:71 nc:650 ncall:3.6e+06 eff:0.2% logz-ratio=24.54+/-0.09 dlogz:63.637>0.1]
7979it [1:16:07 bound:72 nc:748 ncall:3.6e+06 eff:0.2% logz-ratio=25.09+/-0.09 dlogz:63.019>0.1]
8040it [1:17:14 bound:73 nc:770 ncall:3.7e+06 eff:0.2% logz-ratio=25.62+/-0.09 dlogz:62.434>0.1]
8104it [1:18:19 bound:74 nc:674 ncall:3.7e+06 eff:0.2% logz-ratio=26.16+/-0.09 dlogz:61.829>0.1]
8167it [1:19:24 bound:75 nc:709 ncall:3.8e+06 eff:0.2% logz-ratio=26.71+/-0.09 dlogz:61.223>0.1]
8231it [1:20:27 bound:76 nc:833 ncall:3.8e+06 eff:0.2% logz-ratio=27.25+/-0.09 dlogz:60.617>0.1]
8295it [1:21:32 bound:77 nc:673 ncall:3.9e+06 eff:0.2% logz-ratio=27.80+/-0.09 dlogz:60.004>0.1]
8359it [1:22:32 bound:78 nc:1010 ncall:3.9e+06 eff:0.2% logz-ratio=28.33+/-0.09 dlogz:59.415>0.1]
8421it [1:23:40 bound:79 nc:926 ncall:4.0e+06 eff:0.2% logz-ratio=28.86+/-0.10 dlogz:58.824>0.1]
8481it [1:24:49 bound:80 nc:1030 ncall:4.0e+06 eff:0.2% logz-ratio=29.42+/-0.10 dlogz:58.202>0.1]
8542it [1:26:02 bound:81 nc:763 ncall:4.1e+06 eff:0.2% logz-ratio=29.98+/-0.10 dlogz:57.584>0.1]
8604it [1:27:09 bound:82 nc:1045 ncall:4.1e+06 eff:0.2% logz-ratio=30.54+/-0.10 dlogz:56.966>0.1]
8665it [1:28:11 bound:83 nc:654 ncall:4.2e+06 eff:0.2% logz-ratio=31.14+/-0.10 dlogz:56.301>0.1]
8729it [1:29:15 bound:84 nc:900 ncall:4.2e+06 eff:0.2% logz-ratio=31.75+/-0.10 dlogz:55.634>0.1]
8792it [1:30:20 bound:85 nc:939 ncall:4.3e+06 eff:0.2% logz-ratio=32.31+/-0.10 dlogz:55.011>0.1]
8854it [1:31:27 bound:86 nc:875 ncall:4.4e+06 eff:0.2% logz-ratio=32.89+/-0.10 dlogz:54.374>0.1]
8916it [1:32:33 bound:87 nc:655 ncall:4.4e+06 eff:0.2% logz-ratio=33.49+/-0.10 dlogz:53.705>0.1]
8977it [1:33:40 bound:88 nc:1582 ncall:4.5e+06 eff:0.2% logz-ratio=34.05+/-0.10 dlogz:53.083>0.1]
9039it [1:34:46 bound:89 nc:696 ncall:4.5e+06 eff:0.2% logz-ratio=34.61+/-0.10 dlogz:52.469>0.1]
9103it [1:35:49 bound:90 nc:593 ncall:4.6e+06 eff:0.2% logz-ratio=35.20+/-0.10 dlogz:51.813>0.1]
9166it [1:36:54 bound:91 nc:627 ncall:4.6e+06 eff:0.2% logz-ratio=35.78+/-0.10 dlogz:51.177>0.1]
9292it [1:38:57 bound:93 nc:658 ncall:4.7e+06 eff:0.2% logz-ratio=36.92+/-0.10 dlogz:49.909>0.1]
9417it [1:41:04 bound:95 nc:920 ncall:4.8e+06 eff:0.2% logz-ratio=38.03+/-0.10 dlogz:53.701>0.1]
9476it [1:42:06 bound:96 nc:485 ncall:4.9e+06 eff:0.2% logz-ratio=38.55+/-0.10 dlogz:53.127>0.1]
9540it [1:43:09 bound:97 nc:777 ncall:4.9e+06 eff:0.2% logz-ratio=39.07+/-0.10 dlogz:52.547>0.1]
9603it [1:44:12 bound:98 nc:625 ncall:5.0e+06 eff:0.2% logz-ratio=39.57+/-0.10 dlogz:54.821>0.1]
9665it [1:45:22 bound:99 nc:1013 ncall:5.0e+06 eff:0.2% logz-ratio=40.09+/-0.10 dlogz:54.244>0.1]
9728it [1:46:34 bound:100 nc:1254 ncall:5.1e+06 eff:0.2% logz-ratio=40.60+/-0.10 dlogz:53.670>0.1]
9790it [1:47:48 bound:101 nc:1186 ncall:5.1e+06 eff:0.2% logz-ratio=41.10+/-0.10 dlogz:53.107>0.1]
9854it [1:48:59 bound:102 nc:819 ncall:5.2e+06 eff:0.2% logz-ratio=41.64+/-0.10 dlogz:52.503>0.1]
9917it [1:50:12 bound:103 nc:678 ncall:5.2e+06 eff:0.2% logz-ratio=42.17+/-0.10 dlogz:51.913>0.1]
9978it [1:51:24 bound:104 nc:515 ncall:5.3e+06 eff:0.2% logz-ratio=42.67+/-0.10 dlogz:51.359>0.1]
10040it [1:52:41 bound:105 nc:1086 ncall:5.4e+06 eff:0.2% logz-ratio=43.14+/-0.10 dlogz:50.821>0.1]
10101it [1:53:47 bound:106 nc:2153 ncall:5.4e+06 eff:0.2% logz-ratio=43.64+/-0.10 dlogz:50.266>0.1]
10164it [1:54:55 bound:107 nc:666 ncall:5.5e+06 eff:0.2% logz-ratio=44.17+/-0.10 dlogz:49.674>0.1]
10227it [1:56:07 bound:108 nc:676 ncall:5.5e+06 eff:0.2% logz-ratio=44.69+/-0.10 dlogz:49.098>0.1]
10289it [1:57:16 bound:109 nc:1191 ncall:5.6e+06 eff:0.2% logz-ratio=45.19+/-0.10 dlogz:48.534>0.1]
10349it [1:58:22 bound:110 nc:1693 ncall:5.6e+06 eff:0.2% logz-ratio=45.71+/-0.10 dlogz:47.953>0.1]
10409it [1:59:27 bound:111 nc:1109 ncall:5.7e+06 eff:0.2% logz-ratio=46.25+/-0.10 dlogz:47.361>0.1]
10471it [2:00:32 bound:112 nc:747 ncall:5.7e+06 eff:0.2% logz-ratio=46.82+/-0.11 dlogz:46.727>0.1]
10534it [2:01:41 bound:113 nc:856 ncall:5.8e+06 eff:0.2% logz-ratio=47.38+/-0.11 dlogz:46.107>0.1]
10596it [2:02:56 bound:114 nc:868 ncall:5.8e+06 eff:0.2% logz-ratio=47.89+/-0.11 dlogz:45.533>0.1]
10657it [2:04:14 bound:115 nc:747 ncall:5.9e+06 eff:0.2% logz-ratio=48.37+/-0.11 dlogz:44.996>0.1]
10720it [2:05:23 bound:116 nc:1059 ncall:5.9e+06 eff:0.2% logz-ratio=48.88+/-0.11 dlogz:44.425>0.1]
10781it [2:06:33 bound:117 nc:982 ncall:6.0e+06 eff:0.2% logz-ratio=49.42+/-0.11 dlogz:43.827>0.1]
10841it [2:07:46 bound:118 nc:734 ncall:6.0e+06 eff:0.2% logz-ratio=49.94+/-0.11 dlogz:43.239>0.1]
10904it [2:08:59 bound:119 nc:822 ncall:6.1e+06 eff:0.2% logz-ratio=50.45+/-0.11 dlogz:42.668>0.1]
10966it [2:10:14 bound:120 nc:825 ncall:6.1e+06 eff:0.2% logz-ratio=50.94+/-0.11 dlogz:42.125>0.1]
11028it [2:11:29 bound:121 nc:915 ncall:6.2e+06 eff:0.2% logz-ratio=51.40+/-0.11 dlogz:41.604>0.1]
11090it [2:12:33 bound:122 nc:1138 ncall:6.3e+06 eff:0.2% logz-ratio=51.85+/-0.11 dlogz:41.090>0.1]
11153it [2:13:39 bound:123 nc:907 ncall:6.3e+06 eff:0.2% logz-ratio=52.32+/-0.11 dlogz:40.561>0.1]
11214it [2:14:55 bound:124 nc:942 ncall:6.4e+06 eff:0.2% logz-ratio=52.77+/-0.11 dlogz:42.343>0.1]
11277it [2:16:15 bound:125 nc:804 ncall:6.4e+06 eff:0.2% logz-ratio=53.26+/-0.11 dlogz:41.794>0.1]
11337it [2:17:29 bound:126 nc:1197 ncall:6.5e+06 eff:0.2% logz-ratio=53.74+/-0.11 dlogz:41.257>0.1]
11399it [2:18:38 bound:127 nc:1175 ncall:6.5e+06 eff:0.2% logz-ratio=54.28+/-0.11 dlogz:42.499>0.1]
11462it [2:19:40 bound:128 nc:1072 ncall:6.6e+06 eff:0.2% logz-ratio=54.77+/-0.11 dlogz:49.536>0.1]
11525it [2:20:53 bound:129 nc:802 ncall:6.6e+06 eff:0.2% logz-ratio=55.29+/-0.11 dlogz:48.952>0.1]
11588it [2:22:07 bound:130 nc:881 ncall:6.7e+06 eff:0.2% logz-ratio=55.82+/-0.11 dlogz:48.362>0.1]
11651it [2:23:19 bound:131 nc:1282 ncall:6.8e+06 eff:0.2% logz-ratio=56.31+/-0.11 dlogz:47.814>0.1]
11713it [2:24:35 bound:132 nc:542 ncall:6.8e+06 eff:0.2% logz-ratio=56.77+/-0.11 dlogz:47.290>0.1]
11775it [2:25:52 bound:133 nc:1105 ncall:6.9e+06 eff:0.2% logz-ratio=57.22+/-0.11 dlogz:46.784>0.1]
11839it [2:27:09 bound:134 nc:698 ncall:6.9e+06 eff:0.2% logz-ratio=57.69+/-0.11 dlogz:46.244>0.1]
11902it [2:28:31 bound:135 nc:1053 ncall:7.0e+06 eff:0.2% logz-ratio=58.17+/-0.11 dlogz:45.703>0.1]
11965it [2:29:51 bound:136 nc:738 ncall:7.0e+06 eff:0.2% logz-ratio=58.60+/-0.11 dlogz:45.212>0.1]
12028it [2:31:14 bound:137 nc:875 ncall:7.1e+06 eff:0.2% logz-ratio=59.02+/-0.11 dlogz:44.733>0.1]
12091it [2:32:35 bound:138 nc:1102 ncall:7.1e+06 eff:0.2% logz-ratio=59.44+/-0.11 dlogz:44.252>0.1]
12152it [2:33:57 bound:139 nc:1393 ncall:7.2e+06 eff:0.2% logz-ratio=59.86+/-0.11 dlogz:43.775>0.1]
12210it [2:35:20 bound:140 nc:1552 ncall:7.2e+06 eff:0.2% logz-ratio=60.26+/-0.11 dlogz:43.314>0.1]
12272it [2:36:41 bound:141 nc:1141 ncall:7.3e+06 eff:0.2% logz-ratio=60.69+/-0.11 dlogz:42.827>0.1]
12334it [2:38:05 bound:142 nc:770 ncall:7.4e+06 eff:0.2% logz-ratio=61.13+/-0.11 dlogz:42.326>0.1]
12398it [2:39:18 bound:143 nc:787 ncall:7.4e+06 eff:0.2% logz-ratio=61.60+/-0.11 dlogz:41.791>0.1]
12460it [2:40:35 bound:144 nc:1373 ncall:7.5e+06 eff:0.2% logz-ratio=62.05+/-0.11 dlogz:41.279>0.1]
12524it [2:41:49 bound:145 nc:910 ncall:7.5e+06 eff:0.2% logz-ratio=62.53+/-0.11 dlogz:40.742>0.1]
12585it [2:42:59 bound:146 nc:1323 ncall:7.6e+06 eff:0.2% logz-ratio=62.97+/-0.11 dlogz:40.243>0.1]
12649it [2:44:22 bound:147 nc:787 ncall:7.6e+06 eff:0.2% logz-ratio=63.42+/-0.11 dlogz:39.729>0.1]
12711it [2:45:33 bound:148 nc:981 ncall:7.7e+06 eff:0.2% logz-ratio=63.84+/-0.11 dlogz:39.248>0.1]
12775it [2:46:49 bound:149 nc:846 ncall:7.8e+06 eff:0.2% logz-ratio=64.24+/-0.11 dlogz:38.788>0.1]
12837it [2:48:05 bound:150 nc:1046 ncall:7.8e+06 eff:0.2% logz-ratio=64.61+/-0.11 dlogz:38.357>0.1]
12900it [2:49:27 bound:151 nc:795 ncall:7.9e+06 eff:0.2% logz-ratio=64.98+/-0.11 dlogz:37.925>0.1]
12961it [2:50:41 bound:152 nc:1307 ncall:7.9e+06 eff:0.2% logz-ratio=65.34+/-0.11 dlogz:37.502>0.1]
13024it [2:52:01 bound:153 nc:1482 ncall:8.0e+06 eff:0.2% logz-ratio=65.72+/-0.11 dlogz:42.450>0.1]
13087it [2:53:10 bound:154 nc:890 ncall:8.0e+06 eff:0.2% logz-ratio=66.08+/-0.11 dlogz:42.030>0.1]
13150it [2:54:27 bound:155 nc:841 ncall:8.1e+06 eff:0.2% logz-ratio=66.46+/-0.11 dlogz:41.589>0.1]
13210it [2:55:45 bound:156 nc:879 ncall:8.2e+06 eff:0.2% logz-ratio=66.83+/-0.12 dlogz:41.157>0.1]
13268it [2:57:11 bound:157 nc:813 ncall:8.2e+06 eff:0.2% logz-ratio=67.20+/-0.12 dlogz:40.735>0.1]
13329it [2:58:22 bound:158 nc:1529 ncall:8.3e+06 eff:0.2% logz-ratio=67.55+/-0.12 dlogz:40.322>0.1]
13389it [2:59:43 bound:159 nc:1992 ncall:8.3e+06 eff:0.2% logz-ratio=67.91+/-0.12 dlogz:39.908>0.1]
13448it [3:01:03 bound:160 nc:1085 ncall:8.4e+06 eff:0.2% logz-ratio=68.25+/-0.12 dlogz:41.523>0.1]
13509it [3:02:12 bound:161 nc:548 ncall:8.5e+06 eff:0.2% logz-ratio=68.60+/-0.12 dlogz:41.116>0.1]
13568it [3:03:44 bound:162 nc:560 ncall:8.5e+06 eff:0.2% logz-ratio=68.94+/-0.12 dlogz:40.717>0.1]
13629it [3:04:54 bound:163 nc:909 ncall:8.6e+06 eff:0.2% logz-ratio=69.28+/-0.12 dlogz:40.318>0.1]
13692it [3:06:13 bound:164 nc:1255 ncall:8.6e+06 eff:0.2% logz-ratio=69.62+/-0.12 dlogz:39.918>0.1]
13756it [3:07:30 bound:165 nc:862 ncall:8.7e+06 eff:0.2% logz-ratio=69.95+/-0.12 dlogz:39.523>0.1]
13819it [3:08:50 bound:166 nc:1015 ncall:8.7e+06 eff:0.2% logz-ratio=70.27+/-0.12 dlogz:39.139>0.1]
13882it [3:10:14 bound:167 nc:391 ncall:8.8e+06 eff:0.2% logz-ratio=70.60+/-0.12 dlogz:38.752>0.1]
13943it [3:11:36 bound:168 nc:1787 ncall:8.9e+06 eff:0.2% logz-ratio=70.92+/-0.12 dlogz:38.365>0.1]
14005it [3:12:59 bound:169 nc:552 ncall:8.9e+06 eff:0.2% logz-ratio=71.24+/-0.12 dlogz:37.994>0.1]
14067it [3:14:19 bound:170 nc:740 ncall:9.0e+06 eff:0.2% logz-ratio=71.55+/-0.12 dlogz:37.614>0.1]
14128it [3:15:33 bound:171 nc:1248 ncall:9.0e+06 eff:0.2% logz-ratio=71.86+/-0.12 dlogz:37.249>0.1]
14191it [3:16:44 bound:172 nc:801 ncall:9.1e+06 eff:0.2% logz-ratio=72.18+/-0.12 dlogz:36.868>0.1]
14253it [3:17:59 bound:173 nc:1116 ncall:9.2e+06 eff:0.2% logz-ratio=72.50+/-0.12 dlogz:36.488>0.1]
14316it [3:19:16 bound:174 nc:559 ncall:9.2e+06 eff:0.2% logz-ratio=72.83+/-0.12 dlogz:36.100>0.1]
14377it [3:20:19 bound:175 nc:775 ncall:9.3e+06 eff:0.2% logz-ratio=73.15+/-0.12 dlogz:35.716>0.1]
14440it [3:21:33 bound:176 nc:668 ncall:9.3e+06 eff:0.2% logz-ratio=73.48+/-0.12 dlogz:35.321>0.1]
14503it [3:22:53 bound:177 nc:1272 ncall:9.4e+06 eff:0.2% logz-ratio=73.82+/-0.12 dlogz:34.922>0.1]
14566it [3:24:13 bound:178 nc:937 ncall:9.5e+06 eff:0.2% logz-ratio=74.16+/-0.12 dlogz:34.527>0.1]
14629it [3:25:33 bound:179 nc:673 ncall:9.5e+06 eff:0.2% logz-ratio=74.49+/-0.12 dlogz:34.135>0.1]
14691it [3:26:54 bound:180 nc:1387 ncall:9.6e+06 eff:0.2% logz-ratio=74.81+/-0.12 dlogz:33.748>0.1]
14753it [3:28:12 bound:181 nc:1020 ncall:9.6e+06 eff:0.2% logz-ratio=75.16+/-0.12 dlogz:33.337>0.1]
14816it [3:29:31 bound:182 nc:1375 ncall:9.7e+06 eff:0.2% logz-ratio=75.50+/-0.12 dlogz:32.939>0.1]
14880it [3:30:50 bound:183 nc:841 ncall:9.8e+06 eff:0.2% logz-ratio=75.84+/-0.12 dlogz:32.540>0.1]
14942it [3:32:02 bound:184 nc:1426 ncall:9.8e+06 eff:0.2% logz-ratio=76.14+/-0.12 dlogz:32.175>0.1]
15005it [3:33:18 bound:185 nc:913 ncall:9.9e+06 eff:0.2% logz-ratio=76.43+/-0.12 dlogz:31.821>0.1]
15069it [3:34:46 bound:186 nc:1545 ncall:9.9e+06 eff:0.2% logz-ratio=76.72+/-0.12 dlogz:31.468>0.1]
15129it [3:36:15 bound:187 nc:734 ncall:1.0e+07 eff:0.2% logz-ratio=77.00+/-0.12 dlogz:32.662>0.1]
15193it [3:37:35 bound:188 nc:877 ncall:1.0e+07 eff:0.2% logz-ratio=77.29+/-0.12 dlogz:32.307>0.1]
15253it [3:38:57 bound:189 nc:1065 ncall:1.0e+07 eff:0.2% logz-ratio=77.55+/-0.12 dlogz:31.987>0.1]
15315it [3:40:13 bound:190 nc:922 ncall:1.0e+07 eff:0.2% logz-ratio=77.81+/-0.12 dlogz:31.874>0.1]
15375it [3:41:27 bound:191 nc:1000 ncall:1.0e+07 eff:0.2% logz-ratio=78.07+/-0.12 dlogz:31.564>0.1]
15439it [3:42:44 bound:192 nc:1450 ncall:1.0e+07 eff:0.1% logz-ratio=78.34+/-0.12 dlogz:31.227>0.1]
15500it [3:43:57 bound:193 nc:903 ncall:1.0e+07 eff:0.1% logz-ratio=78.61+/-0.12 dlogz:30.902>0.1]
15562it [3:45:17 bound:194 nc:924 ncall:1.0e+07 eff:0.1% logz-ratio=78.87+/-0.12 dlogz:30.574>0.1]
15620it [3:46:39 bound:195 nc:902 ncall:1.0e+07 eff:0.1% logz-ratio=79.15+/-0.12 dlogz:30.246>0.1]
15683it [3:47:57 bound:196 nc:2172 ncall:1.1e+07 eff:0.1% logz-ratio=79.45+/-0.12 dlogz:29.882>0.1]
15745it [3:49:12 bound:197 nc:432 ncall:1.1e+07 eff:0.1% logz-ratio=79.74+/-0.12 dlogz:29.527>0.1]
15808it [3:50:32 bound:198 nc:1270 ncall:1.1e+07 eff:0.1% logz-ratio=80.04+/-0.12 dlogz:29.165>0.1]
15871it [3:51:59 bound:199 nc:1997 ncall:1.1e+07 eff:0.1% logz-ratio=80.35+/-0.12 dlogz:28.801>0.1]
15933it [3:53:22 bound:200 nc:1098 ncall:1.1e+07 eff:0.1% logz-ratio=80.64+/-0.12 dlogz:28.447>0.1]
15997it [3:55:00 bound:201 nc:792 ncall:1.1e+07 eff:0.1% logz-ratio=80.93+/-0.12 dlogz:28.090>0.1]
16058it [3:56:28 bound:202 nc:807 ncall:1.1e+07 eff:0.1% logz-ratio=81.22+/-0.13 dlogz:27.744>0.1]
16121it [3:57:59 bound:203 nc:1066 ncall:1.1e+07 eff:0.1% logz-ratio=81.53+/-0.13 dlogz:27.371>0.1]
16183it [3:59:25 bound:204 nc:1481 ncall:1.1e+07 eff:0.1% logz-ratio=81.83+/-0.13 dlogz:31.782>0.1]
16240it [4:00:55 bound:205 nc:1076 ncall:1.1e+07 eff:0.1% logz-ratio=82.10+/-0.13 dlogz:31.456>0.1]
16302it [4:02:23 bound:206 nc:1304 ncall:1.1e+07 eff:0.1% logz-ratio=82.39+/-0.13 dlogz:31.103>0.1]
16366it [4:04:04 bound:207 nc:1256 ncall:1.1e+07 eff:0.1% logz-ratio=82.69+/-0.13 dlogz:30.742>0.1]
16429it [4:05:36 bound:208 nc:513 ncall:1.1e+07 eff:0.1% logz-ratio=82.97+/-0.13 dlogz:30.395>0.1]
16492it [4:07:06 bound:209 nc:788 ncall:1.1e+07 eff:0.1% logz-ratio=83.25+/-0.13 dlogz:30.059>0.1]
16555it [4:08:42 bound:210 nc:831 ncall:1.1e+07 eff:0.1% logz-ratio=83.51+/-0.13 dlogz:29.739>0.1]
16618it [4:10:16 bound:211 nc:1032 ncall:1.1e+07 eff:0.1% logz-ratio=83.76+/-0.13 dlogz:29.425>0.1]
16682it [4:11:56 bound:212 nc:1436 ncall:1.2e+07 eff:0.1% logz-ratio=84.00+/-0.13 dlogz:29.116>0.1]
16744it [4:13:25 bound:213 nc:908 ncall:1.2e+07 eff:0.1% logz-ratio=84.24+/-0.13 dlogz:28.822>0.1]
16806it [4:15:01 bound:214 nc:1087 ncall:1.2e+07 eff:0.1% logz-ratio=84.47+/-0.13 dlogz:28.530>0.1]
16867it [4:16:35 bound:215 nc:1223 ncall:1.2e+07 eff:0.1% logz-ratio=84.70+/-0.13 dlogz:28.243>0.1]
16929it [4:18:22 bound:216 nc:1177 ncall:1.2e+07 eff:0.1% logz-ratio=84.94+/-0.13 dlogz:27.944>0.1]
16991it [4:19:44 bound:217 nc:903 ncall:1.2e+07 eff:0.1% logz-ratio=85.18+/-0.13 dlogz:27.644>0.1]
17053it [4:21:03 bound:218 nc:1010 ncall:1.2e+07 eff:0.1% logz-ratio=85.41+/-0.13 dlogz:27.346>0.1]
17117it [4:22:25 bound:219 nc:1368 ncall:1.2e+07 eff:0.1% logz-ratio=85.65+/-0.13 dlogz:27.046>0.1]
17180it [4:23:56 bound:220 nc:1178 ncall:1.2e+07 eff:0.1% logz-ratio=85.89+/-0.13 dlogz:26.747>0.1]
17243it [4:25:22 bound:221 nc:1363 ncall:1.2e+07 eff:0.1% logz-ratio=86.12+/-0.13 dlogz:28.352>0.1]
17303it [4:26:42 bound:222 nc:1132 ncall:1.2e+07 eff:0.1% logz-ratio=86.33+/-0.13 dlogz:28.077>0.1]
17364it [4:28:03 bound:223 nc:2408 ncall:1.2e+07 eff:0.1% logz-ratio=86.55+/-0.13 dlogz:27.803>0.1]
17428it [4:29:34 bound:224 nc:847 ncall:1.2e+07 eff:0.1% logz-ratio=86.78+/-0.13 dlogz:27.508>0.1]
17488it [4:31:01 bound:225 nc:1008 ncall:1.2e+07 eff:0.1% logz-ratio=86.99+/-0.13 dlogz:27.238>0.1]
17550it [4:32:25 bound:226 nc:2132 ncall:1.2e+07 eff:0.1% logz-ratio=87.21+/-0.13 dlogz:26.954>0.1]
17614it [4:33:54 bound:227 nc:839 ncall:1.3e+07 eff:0.1% logz-ratio=87.44+/-0.13 dlogz:26.669>0.1]
17676it [4:35:31 bound:228 nc:969 ncall:1.3e+07 eff:0.1% logz-ratio=87.64+/-0.13 dlogz:26.400>0.1]
17736it [4:37:01 bound:229 nc:798 ncall:1.3e+07 eff:0.1% logz-ratio=87.85+/-0.13 dlogz:26.141>0.1]
17800it [4:38:31 bound:230 nc:1185 ncall:1.3e+07 eff:0.1% logz-ratio=88.07+/-0.13 dlogz:25.859>0.1]
17862it [4:40:06 bound:231 nc:1071 ncall:1.3e+07 eff:0.1% logz-ratio=88.29+/-0.13 dlogz:25.570>0.1]
17924it [4:41:28 bound:232 nc:1529 ncall:1.3e+07 eff:0.1% logz-ratio=88.52+/-0.13 dlogz:25.281>0.1]
17986it [4:42:58 bound:233 nc:1038 ncall:1.3e+07 eff:0.1% logz-ratio=88.75+/-0.13 dlogz:24.998>0.1]
18049it [4:44:31 bound:234 nc:791 ncall:1.3e+07 eff:0.1% logz-ratio=88.98+/-0.13 dlogz:24.704>0.1]
18112it [4:46:04 bound:235 nc:1084 ncall:1.3e+07 eff:0.1% logz-ratio=89.20+/-0.13 dlogz:24.416>0.1]
18172it [4:47:48 bound:236 nc:887 ncall:1.3e+07 eff:0.1% logz-ratio=89.43+/-0.13 dlogz:24.128>0.1]
18233it [4:49:14 bound:237 nc:1337 ncall:1.3e+07 eff:0.1% logz-ratio=89.67+/-0.13 dlogz:23.834>0.1]
18296it [4:50:57 bound:238 nc:687 ncall:1.3e+07 eff:0.1% logz-ratio=89.91+/-0.13 dlogz:23.532>0.1]
18358it [4:52:27 bound:239 nc:1372 ncall:1.3e+07 eff:0.1% logz-ratio=90.15+/-0.13 dlogz:23.233>0.1]
18421it [4:53:49 bound:240 nc:1027 ncall:1.3e+07 eff:0.1% logz-ratio=90.39+/-0.13 dlogz:22.930>0.1]
18483it [4:55:27 bound:241 nc:995 ncall:1.3e+07 eff:0.1% logz-ratio=90.63+/-0.13 dlogz:22.628>0.1]
18545it [4:57:02 bound:242 nc:881 ncall:1.4e+07 eff:0.1% logz-ratio=90.87+/-0.13 dlogz:22.328>0.1]
18607it [4:58:33 bound:243 nc:1148 ncall:1.4e+07 eff:0.1% logz-ratio=91.10+/-0.13 dlogz:22.033>0.1]
18670it [5:00:20 bound:244 nc:2537 ncall:1.4e+07 eff:0.1% logz-ratio=91.33+/-0.13 dlogz:21.746>0.1]
18731it [5:01:46 bound:245 nc:2492 ncall:1.4e+07 eff:0.1% logz-ratio=91.56+/-0.13 dlogz:21.461>0.1]
18794it [5:03:23 bound:246 nc:532 ncall:1.4e+07 eff:0.1% logz-ratio=91.79+/-0.13 dlogz:21.166>0.1]
18856it [5:05:13 bound:247 nc:871 ncall:1.4e+07 eff:0.1% logz-ratio=92.01+/-0.13 dlogz:20.881>0.1]
18918it [5:06:46 bound:248 nc:1174 ncall:1.4e+07 eff:0.1% logz-ratio=92.24+/-0.13 dlogz:20.591>0.1]
18981it [5:08:26 bound:249 nc:1407 ncall:1.4e+07 eff:0.1% logz-ratio=92.47+/-0.13 dlogz:20.300>0.1]
19043it [5:10:07 bound:250 nc:1160 ncall:1.4e+07 eff:0.1% logz-ratio=92.69+/-0.13 dlogz:20.017>0.1]
19106it [5:11:46 bound:251 nc:1627 ncall:1.4e+07 eff:0.1% logz-ratio=92.91+/-0.14 dlogz:19.737>0.1]
19168it [5:13:27 bound:252 nc:434 ncall:1.4e+07 eff:0.1% logz-ratio=93.12+/-0.14 dlogz:19.469>0.1]
19229it [5:15:00 bound:253 nc:1363 ncall:1.4e+07 eff:0.1% logz-ratio=93.32+/-0.14 dlogz:19.211>0.1]
19290it [5:16:33 bound:254 nc:2503 ncall:1.4e+07 eff:0.1% logz-ratio=93.52+/-0.14 dlogz:18.954>0.1]
19352it [5:18:11 bound:255 nc:1261 ncall:1.4e+07 eff:0.1% logz-ratio=93.71+/-0.14 dlogz:18.699>0.1]
19415it [5:19:48 bound:256 nc:979 ncall:1.5e+07 eff:0.1% logz-ratio=93.91+/-0.14 dlogz:18.438>0.1]
19478it [5:21:26 bound:257 nc:1741 ncall:1.5e+07 eff:0.1% logz-ratio=94.12+/-0.14 dlogz:18.170>0.1]
19541it [5:22:57 bound:258 nc:546 ncall:1.5e+07 eff:0.1% logz-ratio=94.33+/-0.14 dlogz:17.898>0.1]
19604it [5:24:42 bound:259 nc:1026 ncall:1.5e+07 eff:0.1% logz-ratio=94.54+/-0.14 dlogz:17.625>0.1]
19665it [5:26:19 bound:260 nc:1239 ncall:1.5e+07 eff:0.1% logz-ratio=94.74+/-0.14 dlogz:17.366>0.1]
19726it [5:27:59 bound:261 nc:1344 ncall:1.5e+07 eff:0.1% logz-ratio=94.93+/-0.14 dlogz:17.111>0.1]
19788it [5:29:27 bound:262 nc:1192 ncall:1.5e+07 eff:0.1% logz-ratio=95.13+/-0.14 dlogz:16.857>0.1]
19850it [5:31:10 bound:263 nc:1003 ncall:1.5e+07 eff:0.1% logz-ratio=95.32+/-0.14 dlogz:16.603>0.1]
19913it [5:33:00 bound:264 nc:3031 ncall:1.5e+07 eff:0.1% logz-ratio=95.51+/-0.14 dlogz:16.348>0.1]
19977it [5:34:44 bound:265 nc:1344 ncall:1.5e+07 eff:0.1% logz-ratio=95.71+/-0.14 dlogz:16.094>0.1]
20039it [5:36:32 bound:266 nc:1358 ncall:1.5e+07 eff:0.1% logz-ratio=95.89+/-0.14 dlogz:15.847>0.1]
20103it [5:38:12 bound:267 nc:1225 ncall:1.5e+07 eff:0.1% logz-ratio=96.08+/-0.14 dlogz:15.594>0.1]
20163it [5:39:53 bound:268 nc:946 ncall:1.5e+07 eff:0.1% logz-ratio=96.26+/-0.14 dlogz:15.357>0.1]
20225it [5:41:31 bound:269 nc:1054 ncall:1.6e+07 eff:0.1% logz-ratio=96.44+/-0.14 dlogz:15.115>0.1]
20284it [5:43:26 bound:270 nc:1442 ncall:1.6e+07 eff:0.1% logz-ratio=96.61+/-0.14 dlogz:14.885>0.1]
20348it [5:44:59 bound:271 nc:1462 ncall:1.6e+07 eff:0.1% logz-ratio=96.80+/-0.14 dlogz:14.636>0.1]
20411it [5:46:38 bound:272 nc:1204 ncall:1.6e+07 eff:0.1% logz-ratio=96.98+/-0.14 dlogz:14.395>0.1]
20475it [5:48:37 bound:273 nc:1381 ncall:1.6e+07 eff:0.1% logz-ratio=97.16+/-0.14 dlogz:14.152>0.1]
20534it [5:50:21 bound:274 nc:1378 ncall:1.6e+07 eff:0.1% logz-ratio=97.33+/-0.14 dlogz:13.929>0.1]
20597it [5:52:06 bound:275 nc:812 ncall:1.6e+07 eff:0.1% logz-ratio=97.50+/-0.14 dlogz:13.931>0.1]
20657it [5:53:55 bound:276 nc:4022 ncall:1.6e+07 eff:0.1% logz-ratio=97.66+/-0.14 dlogz:13.709>0.1]
20716it [5:55:35 bound:277 nc:1597 ncall:1.6e+07 eff:0.1% logz-ratio=97.82+/-0.14 dlogz:13.494>0.1]
20779it [5:57:23 bound:278 nc:1323 ncall:1.6e+07 eff:0.1% logz-ratio=97.99+/-0.14 dlogz:14.368>0.1]
20840it [5:59:03 bound:279 nc:2188 ncall:1.6e+07 eff:0.1% logz-ratio=98.15+/-0.14 dlogz:14.148>0.1]
20904it [6:01:00 bound:280 nc:1133 ncall:1.6e+07 eff:0.1% logz-ratio=98.32+/-0.14 dlogz:13.920>0.1]
20966it [6:02:44 bound:281 nc:1295 ncall:1.6e+07 eff:0.1% logz-ratio=98.47+/-0.14 dlogz:13.704>0.1]
21029it [6:04:21 bound:282 nc:1394 ncall:1.7e+07 eff:0.1% logz-ratio=98.63+/-0.14 dlogz:13.487>0.1]
21092it [6:06:26 bound:283 nc:1858 ncall:1.7e+07 eff:0.1% logz-ratio=98.78+/-0.14 dlogz:13.272>0.1]
21151it [6:08:09 bound:284 nc:941 ncall:1.7e+07 eff:0.1% logz-ratio=98.92+/-0.14 dlogz:13.075>0.1]
21212it [6:10:02 bound:285 nc:923 ncall:1.7e+07 eff:0.1% logz-ratio=99.06+/-0.14 dlogz:14.645>0.1]
21275it [6:12:04 bound:286 nc:849 ncall:1.7e+07 eff:0.1% logz-ratio=99.20+/-0.14 dlogz:14.445>0.1]
21337it [6:13:45 bound:287 nc:738 ncall:1.7e+07 eff:0.1% logz-ratio=99.33+/-0.14 dlogz:14.251>0.1]
21398it [6:15:24 bound:288 nc:745 ncall:1.7e+07 eff:0.1% logz-ratio=99.46+/-0.14 dlogz:14.060>0.1]
21462it [6:17:04 bound:289 nc:1414 ncall:1.7e+07 eff:0.1% logz-ratio=99.59+/-0.14 dlogz:13.866>0.1]
21526it [6:18:48 bound:290 nc:1463 ncall:1.7e+07 eff:0.1% logz-ratio=99.72+/-0.14 dlogz:13.676>0.1]
21588it [6:20:28 bound:291 nc:754 ncall:1.7e+07 eff:0.1% logz-ratio=99.84+/-0.14 dlogz:13.493>0.1]
21647it [6:22:13 bound:292 nc:1794 ncall:1.7e+07 eff:0.1% logz-ratio=99.96+/-0.14 dlogz:13.315>0.1]
21710it [6:23:57 bound:293 nc:888 ncall:1.7e+07 eff:0.1% logz-ratio=100.09+/-0.14 dlogz:13.126>0.1]
21771it [6:26:09 bound:294 nc:1541 ncall:1.7e+07 eff:0.1% logz-ratio=100.21+/-0.14 dlogz:12.944>0.1]
21834it [6:28:13 bound:295 nc:2354 ncall:1.8e+07 eff:0.1% logz-ratio=100.34+/-0.14 dlogz:12.760>0.1]
21896it [6:30:13 bound:296 nc:864 ncall:1.8e+07 eff:0.1% logz-ratio=100.46+/-0.14 dlogz:12.580>0.1]
21956it [6:31:59 bound:297 nc:847 ncall:1.8e+07 eff:0.1% logz-ratio=100.57+/-0.14 dlogz:12.406>0.1]
22016it [6:33:41 bound:298 nc:1824 ncall:1.8e+07 eff:0.1% logz-ratio=100.69+/-0.14 dlogz:12.232>0.1]
22078it [6:35:44 bound:299 nc:1587 ncall:1.8e+07 eff:0.1% logz-ratio=100.80+/-0.14 dlogz:12.226>0.1]
22139it [6:37:29 bound:300 nc:1679 ncall:1.8e+07 eff:0.1% logz-ratio=100.92+/-0.14 dlogz:12.053>0.1]
22200it [6:39:25 bound:301 nc:1341 ncall:1.8e+07 eff:0.1% logz-ratio=101.03+/-0.14 dlogz:11.881>0.1]
22262it [6:41:30 bound:302 nc:2141 ncall:1.8e+07 eff:0.1% logz-ratio=101.14+/-0.14 dlogz:11.709>0.1]
22325it [6:43:23 bound:303 nc:1015 ncall:1.8e+07 eff:0.1% logz-ratio=101.25+/-0.14 dlogz:11.539>0.1]
22388it [6:45:04 bound:304 nc:905 ncall:1.8e+07 eff:0.1% logz-ratio=101.36+/-0.14 dlogz:11.371>0.1]
22449it [6:46:50 bound:305 nc:2579 ncall:1.8e+07 eff:0.1% logz-ratio=101.46+/-0.14 dlogz:11.211>0.1]
22511it [6:48:38 bound:306 nc:1600 ncall:1.8e+07 eff:0.1% logz-ratio=101.55+/-0.14 dlogz:11.053>0.1]
22573it [6:50:38 bound:307 nc:1049 ncall:1.9e+07 eff:0.1% logz-ratio=101.65+/-0.14 dlogz:10.895>0.1]
22636it [6:52:19 bound:308 nc:1362 ncall:1.9e+07 eff:0.1% logz-ratio=101.75+/-0.14 dlogz:10.738>0.1]
22699it [6:54:08 bound:309 nc:1488 ncall:1.9e+07 eff:0.1% logz-ratio=101.84+/-0.14 dlogz:10.582>0.1]
22762it [6:55:41 bound:310 nc:1692 ncall:1.9e+07 eff:0.1% logz-ratio=101.93+/-0.14 dlogz:10.428>0.1]
22826it [6:57:20 bound:311 nc:1292 ncall:1.9e+07 eff:0.1% logz-ratio=102.03+/-0.14 dlogz:10.272>0.1]
22886it [6:59:09 bound:312 nc:1118 ncall:1.9e+07 eff:0.1% logz-ratio=102.11+/-0.14 dlogz:10.127>0.1]
22948it [7:01:03 bound:313 nc:1033 ncall:1.9e+07 eff:0.1% logz-ratio=102.20+/-0.14 dlogz:9.977>0.1]
23011it [7:02:58 bound:314 nc:1080 ncall:1.9e+07 eff:0.1% logz-ratio=102.29+/-0.14 dlogz:9.826>0.1]
23070it [7:04:53 bound:315 nc:1154 ncall:1.9e+07 eff:0.1% logz-ratio=102.38+/-0.14 dlogz:9.686>0.1]
23130it [7:06:55 bound:316 nc:1260 ncall:1.9e+07 eff:0.1% logz-ratio=102.46+/-0.14 dlogz:9.547>0.1]
23192it [7:08:51 bound:317 nc:1178 ncall:1.9e+07 eff:0.1% logz-ratio=102.54+/-0.14 dlogz:9.406>0.1]
23252it [7:10:38 bound:318 nc:1383 ncall:1.9e+07 eff:0.1% logz-ratio=102.61+/-0.14 dlogz:9.270>0.1]
23314it [7:12:31 bound:319 nc:1222 ncall:1.9e+07 eff:0.1% logz-ratio=102.69+/-0.15 dlogz:9.130>0.1]
23377it [7:14:07 bound:320 nc:1433 ncall:2.0e+07 eff:0.1% logz-ratio=102.77+/-0.15 dlogz:8.990>0.1]
23439it [7:15:46 bound:321 nc:1162 ncall:2.0e+07 eff:0.1% logz-ratio=102.85+/-0.15 dlogz:8.855>0.1]
23502it [7:17:49 bound:322 nc:1153 ncall:2.0e+07 eff:0.1% logz-ratio=102.92+/-0.15 dlogz:8.718>0.1]
23564it [7:19:23 bound:323 nc:1743 ncall:2.0e+07 eff:0.1% logz-ratio=103.00+/-0.15 dlogz:8.581>0.1]
23626it [7:20:59 bound:324 nc:784 ncall:2.0e+07 eff:0.1% logz-ratio=103.08+/-0.15 dlogz:9.135>0.1]
23687it [7:22:49 bound:325 nc:1202 ncall:2.0e+07 eff:0.1% logz-ratio=103.15+/-0.15 dlogz:9.000>0.1]
23751it [7:24:26 bound:326 nc:907 ncall:2.0e+07 eff:0.1% logz-ratio=103.23+/-0.15 dlogz:8.860>0.1]
23812it [7:26:17 bound:327 nc:1490 ncall:2.0e+07 eff:0.1% logz-ratio=103.30+/-0.15 dlogz:8.729>0.1]
23874it [7:28:14 bound:328 nc:1661 ncall:2.0e+07 eff:0.1% logz-ratio=103.37+/-0.15 dlogz:8.596>0.1]
23933it [7:30:00 bound:329 nc:1025 ncall:2.0e+07 eff:0.1% logz-ratio=103.44+/-0.15 dlogz:8.470>0.1]
23994it [7:31:46 bound:330 nc:899 ncall:2.0e+07 eff:0.1% logz-ratio=103.51+/-0.15 dlogz:8.343>0.1]
24055it [7:33:47 bound:331 nc:1623 ncall:2.0e+07 eff:0.1% logz-ratio=103.58+/-0.15 dlogz:8.217>0.1]
24118it [7:35:47 bound:332 nc:518 ncall:2.1e+07 eff:0.1% logz-ratio=103.64+/-0.15 dlogz:8.089>0.1]
24180it [7:38:10 bound:333 nc:1140 ncall:2.1e+07 eff:0.1% logz-ratio=103.71+/-0.15 dlogz:7.964>0.1]
24241it [7:40:11 bound:334 nc:3945 ncall:2.1e+07 eff:0.1% logz-ratio=103.77+/-0.15 dlogz:7.840>0.1]
24302it [7:41:57 bound:335 nc:1390 ncall:2.1e+07 eff:0.1% logz-ratio=103.83+/-0.15 dlogz:7.718>0.1]
24360it [7:44:06 bound:336 nc:1501 ncall:2.1e+07 eff:0.1% logz-ratio=103.89+/-0.15 dlogz:7.601>0.1]
24420it [7:46:15 bound:337 nc:1457 ncall:2.1e+07 eff:0.1% logz-ratio=103.96+/-0.15 dlogz:7.480>0.1]
24483it [7:48:08 bound:338 nc:973 ncall:2.1e+07 eff:0.1% logz-ratio=104.02+/-0.15 dlogz:7.356>0.1]
24547it [7:50:10 bound:339 nc:1616 ncall:2.1e+07 eff:0.1% logz-ratio=104.08+/-0.15 dlogz:7.232>0.1]
24610it [7:51:55 bound:340 nc:1170 ncall:2.1e+07 eff:0.1% logz-ratio=104.14+/-0.15 dlogz:7.111>0.1]
24673it [7:53:57 bound:341 nc:757 ncall:2.1e+07 eff:0.1% logz-ratio=104.20+/-0.15 dlogz:6.992>0.1]
24736it [7:56:04 bound:342 nc:2012 ncall:2.1e+07 eff:0.1% logz-ratio=104.26+/-0.15 dlogz:6.873>0.1]
24798it [7:57:57 bound:343 nc:1312 ncall:2.1e+07 eff:0.1% logz-ratio=104.31+/-0.15 dlogz:6.757>0.1]
24860it [7:59:35 bound:344 nc:1751 ncall:2.1e+07 eff:0.1% logz-ratio=104.37+/-0.15 dlogz:6.642>0.1]
24921it [8:01:25 bound:345 nc:804 ncall:2.2e+07 eff:0.1% logz-ratio=104.42+/-0.15 dlogz:6.529>0.1]
24982it [8:03:19 bound:346 nc:1406 ncall:2.2e+07 eff:0.1% logz-ratio=104.47+/-0.15 dlogz:6.418>0.1]
25044it [8:05:06 bound:347 nc:1390 ncall:2.2e+07 eff:0.1% logz-ratio=104.52+/-0.15 dlogz:6.306>0.1]
25107it [8:07:12 bound:348 nc:1653 ncall:2.2e+07 eff:0.1% logz-ratio=104.57+/-0.15 dlogz:6.807>0.1]
25171it [8:08:58 bound:349 nc:1160 ncall:2.2e+07 eff:0.1% logz-ratio=104.63+/-0.15 dlogz:6.693>0.1]
25233it [8:10:49 bound:350 nc:1205 ncall:2.2e+07 eff:0.1% logz-ratio=104.68+/-0.15 dlogz:6.701>0.1]
25294it [8:12:29 bound:351 nc:3084 ncall:2.2e+07 eff:0.1% logz-ratio=104.72+/-0.15 dlogz:6.595>0.1]
25354it [8:14:19 bound:352 nc:1717 ncall:2.2e+07 eff:0.1% logz-ratio=104.77+/-0.15 dlogz:6.490>0.1]
25416it [8:16:19 bound:353 nc:1548 ncall:2.2e+07 eff:0.1% logz-ratio=104.82+/-0.15 dlogz:6.383>0.1]
25476it [8:18:34 bound:354 nc:964 ncall:2.2e+07 eff:0.1% logz-ratio=104.86+/-0.15 dlogz:6.279>0.1]
25539it [8:20:22 bound:355 nc:1282 ncall:2.2e+07 eff:0.1% logz-ratio=104.91+/-0.15 dlogz:6.172>0.1]
25600it [8:22:19 bound:356 nc:1017 ncall:2.2e+07 eff:0.1% logz-ratio=104.95+/-0.15 dlogz:6.069>0.1]
25663it [8:24:09 bound:357 nc:1205 ncall:2.3e+07 eff:0.1% logz-ratio=104.99+/-0.15 dlogz:5.964>0.1]
25725it [8:26:10 bound:358 nc:1066 ncall:2.3e+07 eff:0.1% logz-ratio=105.04+/-0.15 dlogz:5.861>0.1]
25789it [8:28:41 bound:359 nc:1442 ncall:2.3e+07 eff:0.1% logz-ratio=105.08+/-0.15 dlogz:5.756>0.1]
25852it [8:30:34 bound:360 nc:1570 ncall:2.3e+07 eff:0.1% logz-ratio=105.12+/-0.15 dlogz:5.917>0.1]
25914it [8:32:59 bound:361 nc:1553 ncall:2.3e+07 eff:0.1% logz-ratio=105.16+/-0.15 dlogz:5.816>0.1]
25977it [8:35:16 bound:362 nc:722 ncall:2.3e+07 eff:0.1% logz-ratio=105.20+/-0.15 dlogz:5.715>0.1]
26040it [8:37:02 bound:363 nc:897 ncall:2.3e+07 eff:0.1% logz-ratio=105.24+/-0.15 dlogz:5.614>0.1]
26102it [8:39:25 bound:364 nc:1280 ncall:2.3e+07 eff:0.1% logz-ratio=105.28+/-0.15 dlogz:5.516>0.1]
26164it [8:41:19 bound:365 nc:1165 ncall:2.3e+07 eff:0.1% logz-ratio=105.32+/-0.15 dlogz:5.418>0.1]
26226it [8:43:04 bound:366 nc:769 ncall:2.3e+07 eff:0.1% logz-ratio=105.35+/-0.15 dlogz:5.321>0.1]
26289it [8:44:57 bound:367 nc:786 ncall:2.3e+07 eff:0.1% logz-ratio=105.39+/-0.15 dlogz:5.224>0.1]
26351it [8:46:43 bound:368 nc:1077 ncall:2.3e+07 eff:0.1% logz-ratio=105.43+/-0.15 dlogz:5.128>0.1]
26413it [8:48:32 bound:369 nc:1518 ncall:2.4e+07 eff:0.1% logz-ratio=105.46+/-0.15 dlogz:5.033>0.1]
26472it [8:50:27 bound:370 nc:2008 ncall:2.4e+07 eff:0.1% logz-ratio=105.49+/-0.15 dlogz:4.943>0.1]
26535it [8:52:26 bound:371 nc:1839 ncall:2.4e+07 eff:0.1% logz-ratio=105.53+/-0.15 dlogz:4.847>0.1]
26597it [8:54:19 bound:372 nc:1713 ncall:2.4e+07 eff:0.1% logz-ratio=105.56+/-0.15 dlogz:4.753>0.1]
26660it [8:55:58 bound:373 nc:1220 ncall:2.4e+07 eff:0.1% logz-ratio=105.60+/-0.15 dlogz:4.657>0.1]
26722it [8:57:40 bound:374 nc:1402 ncall:2.4e+07 eff:0.1% logz-ratio=105.63+/-0.15 dlogz:4.564>0.1]
26784it [8:59:19 bound:375 nc:2264 ncall:2.4e+07 eff:0.1% logz-ratio=105.67+/-0.15 dlogz:4.471>0.1]
26845it [9:01:07 bound:376 nc:1551 ncall:2.4e+07 eff:0.1% logz-ratio=105.70+/-0.15 dlogz:4.380>0.1]
26907it [9:02:59 bound:377 nc:1260 ncall:2.4e+07 eff:0.1% logz-ratio=105.73+/-0.15 dlogz:4.289>0.1]
26970it [9:04:46 bound:378 nc:1266 ncall:2.4e+07 eff:0.1% logz-ratio=105.76+/-0.15 dlogz:4.196>0.1]
27033it [9:06:39 bound:379 nc:1324 ncall:2.4e+07 eff:0.1% logz-ratio=105.80+/-0.15 dlogz:4.104>0.1]
27096it [9:08:45 bound:380 nc:1296 ncall:2.4e+07 eff:0.1% logz-ratio=105.83+/-0.15 dlogz:4.012>0.1]
27157it [9:10:36 bound:381 nc:1549 ncall:2.5e+07 eff:0.1% logz-ratio=105.86+/-0.15 dlogz:3.924>0.1]
27218it [9:12:39 bound:382 nc:1200 ncall:2.5e+07 eff:0.1% logz-ratio=105.89+/-0.15 dlogz:3.836>0.1]
27278it [9:14:15 bound:383 nc:1350 ncall:2.5e+07 eff:0.1% logz-ratio=105.92+/-0.15 dlogz:3.751>0.1]
27340it [9:15:50 bound:384 nc:1303 ncall:2.5e+07 eff:0.1% logz-ratio=105.95+/-0.15 dlogz:3.663>0.1]
27402it [9:17:52 bound:385 nc:1361 ncall:2.5e+07 eff:0.1% logz-ratio=105.97+/-0.15 dlogz:3.576>0.1]
27461it [9:19:35 bound:386 nc:1319 ncall:2.5e+07 eff:0.1% logz-ratio=106.00+/-0.15 dlogz:3.494>0.1]
27524it [9:21:35 bound:387 nc:1835 ncall:2.5e+07 eff:0.1% logz-ratio=106.03+/-0.15 dlogz:3.407>0.1]
27587it [9:23:40 bound:388 nc:1686 ncall:2.5e+07 eff:0.1% logz-ratio=106.06+/-0.15 dlogz:3.320>0.1]
27650it [9:25:21 bound:389 nc:1459 ncall:2.5e+07 eff:0.1% logz-ratio=106.09+/-0.15 dlogz:3.234>0.1]
27711it [9:27:05 bound:390 nc:1359 ncall:2.5e+07 eff:0.1% logz-ratio=106.11+/-0.15 dlogz:3.151>0.1]
27773it [9:28:59 bound:391 nc:1285 ncall:2.5e+07 eff:0.1% logz-ratio=106.14+/-0.15 dlogz:3.068>0.1]
27832it [9:30:49 bound:392 nc:1892 ncall:2.5e+07 eff:0.1% logz-ratio=106.17+/-0.15 dlogz:2.988>0.1]
27896it [9:32:39 bound:393 nc:1645 ncall:2.6e+07 eff:0.1% logz-ratio=106.19+/-0.15 dlogz:2.903>0.1]
27959it [9:34:27 bound:394 nc:1740 ncall:2.6e+07 eff:0.1% logz-ratio=106.22+/-0.15 dlogz:2.820>0.1]
28023it [9:36:09 bound:395 nc:1621 ncall:2.6e+07 eff:0.1% logz-ratio=106.25+/-0.15 dlogz:2.737>0.1]
28087it [9:37:53 bound:396 nc:1187 ncall:2.6e+07 eff:0.1% logz-ratio=106.27+/-0.15 dlogz:2.655>0.1]
28151it [9:39:54 bound:397 nc:1778 ncall:2.6e+07 eff:0.1% logz-ratio=106.30+/-0.15 dlogz:2.573>0.1]
28215it [9:41:27 bound:398 nc:1218 ncall:2.6e+07 eff:0.1% logz-ratio=106.32+/-0.15 dlogz:2.808>0.1]
28277it [9:43:26 bound:399 nc:817 ncall:2.6e+07 eff:0.1% logz-ratio=106.35+/-0.15 dlogz:2.729>0.1]
28340it [9:45:17 bound:400 nc:1623 ncall:2.6e+07 eff:0.1% logz-ratio=106.37+/-0.15 dlogz:2.650>0.1]
28403it [9:47:09 bound:401 nc:1338 ncall:2.6e+07 eff:0.1% logz-ratio=106.39+/-0.15 dlogz:2.571>0.1]
28465it [9:48:58 bound:402 nc:1744 ncall:2.6e+07 eff:0.1% logz-ratio=106.42+/-0.15 dlogz:2.495>0.1]
28529it [9:50:57 bound:403 nc:1427 ncall:2.6e+07 eff:0.1% logz-ratio=106.44+/-0.15 dlogz:2.417>0.1]
28592it [9:52:56 bound:404 nc:1598 ncall:2.7e+07 eff:0.1% logz-ratio=106.46+/-0.15 dlogz:2.342>0.1]
28655it [9:54:47 bound:405 nc:1382 ncall:2.7e+07 eff:0.1% logz-ratio=106.48+/-0.15 dlogz:2.267>0.1]
28716it [9:56:32 bound:406 nc:2371 ncall:2.7e+07 eff:0.1% logz-ratio=106.50+/-0.15 dlogz:2.196>0.1]
28776it [9:58:28 bound:407 nc:1347 ncall:2.7e+07 eff:0.1% logz-ratio=106.52+/-0.15 dlogz:2.127>0.1]
28837it [10:00:42 bound:408 nc:1298 ncall:2.7e+07 eff:0.1% logz-ratio=106.54+/-0.15 dlogz:2.218>0.1]
28901it [10:03:08 bound:409 nc:1522 ncall:2.7e+07 eff:0.1% logz-ratio=106.56+/-0.16 dlogz:2.145>0.1]
28964it [10:05:04 bound:410 nc:1112 ncall:2.7e+07 eff:0.1% logz-ratio=106.58+/-0.16 dlogz:2.150>0.1]
29026it [10:07:08 bound:411 nc:1382 ncall:2.7e+07 eff:0.1% logz-ratio=106.60+/-0.16 dlogz:2.081>0.1]
29088it [10:09:10 bound:412 nc:930 ncall:2.7e+07 eff:0.1% logz-ratio=106.61+/-0.16 dlogz:2.013>0.1]
29151it [10:11:06 bound:413 nc:1515 ncall:2.7e+07 eff:0.1% logz-ratio=106.63+/-0.16 dlogz:1.946>0.1]
29213it [10:12:58 bound:414 nc:1445 ncall:2.7e+07 eff:0.1% logz-ratio=106.65+/-0.16 dlogz:1.880>0.1]
29274it [10:15:09 bound:415 nc:1096 ncall:2.7e+07 eff:0.1% logz-ratio=106.66+/-0.16 dlogz:1.816>0.1]
29336it [10:17:11 bound:416 nc:1013 ncall:2.8e+07 eff:0.1% logz-ratio=106.68+/-0.16 dlogz:1.753>0.1]
29398it [10:19:07 bound:417 nc:1510 ncall:2.8e+07 eff:0.1% logz-ratio=106.69+/-0.16 dlogz:1.691>0.1]
29459it [10:21:13 bound:418 nc:1337 ncall:2.8e+07 eff:0.1% logz-ratio=106.71+/-0.16 dlogz:1.630>0.1]
29521it [10:23:32 bound:419 nc:956 ncall:2.8e+07 eff:0.1% logz-ratio=106.72+/-0.16 dlogz:1.570>0.1]
29584it [10:25:30 bound:420 nc:1057 ncall:2.8e+07 eff:0.1% logz-ratio=106.74+/-0.16 dlogz:1.510>0.1]
29648it [10:27:27 bound:421 nc:1492 ncall:2.8e+07 eff:0.1% logz-ratio=106.75+/-0.16 dlogz:1.450>0.1]
29710it [10:29:25 bound:422 nc:1435 ncall:2.8e+07 eff:0.1% logz-ratio=106.77+/-0.16 dlogz:1.394>0.1]
29772it [10:31:31 bound:423 nc:1628 ncall:2.8e+07 eff:0.1% logz-ratio=106.78+/-0.16 dlogz:1.339>0.1]
29834it [10:33:33 bound:424 nc:1470 ncall:2.8e+07 eff:0.1% logz-ratio=106.79+/-0.16 dlogz:1.285>0.1]
29896it [10:35:29 bound:425 nc:1644 ncall:2.8e+07 eff:0.1% logz-ratio=106.81+/-0.16 dlogz:1.445>0.1]
29958it [10:37:43 bound:426 nc:1172 ncall:2.8e+07 eff:0.1% logz-ratio=106.82+/-0.16 dlogz:1.390>0.1]
30018it [10:39:48 bound:427 nc:4377 ncall:2.9e+07 eff:0.1% logz-ratio=106.83+/-0.16 dlogz:1.337>0.1]
30081it [10:41:47 bound:428 nc:1238 ncall:2.9e+07 eff:0.1% logz-ratio=106.84+/-0.16 dlogz:1.284>0.1]
30142it [10:43:37 bound:429 nc:2556 ncall:2.9e+07 eff:0.1% logz-ratio=106.85+/-0.16 dlogz:1.233>0.1]
30203it [10:45:41 bound:430 nc:2269 ncall:2.9e+07 eff:0.1% logz-ratio=106.87+/-0.16 dlogz:1.184>0.1]
30265it [10:47:34 bound:431 nc:1676 ncall:2.9e+07 eff:0.1% logz-ratio=106.88+/-0.16 dlogz:1.135>0.1]
30326it [10:49:25 bound:432 nc:1307 ncall:2.9e+07 eff:0.1% logz-ratio=106.89+/-0.16 dlogz:1.088>0.1]
30388it [10:51:35 bound:433 nc:2343 ncall:2.9e+07 eff:0.1% logz-ratio=106.90+/-0.16 dlogz:1.042>0.1]
30451it [10:53:15 bound:434 nc:1376 ncall:2.9e+07 eff:0.1% logz-ratio=106.91+/-0.16 dlogz:0.996>0.1]
30511it [10:55:10 bound:435 nc:1979 ncall:2.9e+07 eff:0.1% logz-ratio=106.92+/-0.16 dlogz:0.954>0.1]
30572it [10:57:07 bound:436 nc:1426 ncall:2.9e+07 eff:0.1% logz-ratio=106.92+/-0.16 dlogz:0.912>0.1]
30634it [10:59:08 bound:437 nc:1268 ncall:2.9e+07 eff:0.1% logz-ratio=106.93+/-0.16 dlogz:0.871>0.1]
30696it [11:01:00 bound:438 nc:1293 ncall:3.0e+07 eff:0.1% logz-ratio=106.94+/-0.16 dlogz:0.832>0.1]
30759it [11:03:01 bound:439 nc:1447 ncall:3.0e+07 eff:0.1% logz-ratio=106.95+/-0.16 dlogz:0.793>0.1]
30821it [11:04:53 bound:440 nc:1346 ncall:3.0e+07 eff:0.1% logz-ratio=106.96+/-0.16 dlogz:0.756>0.1]
30884it [11:06:56 bound:441 nc:1534 ncall:3.0e+07 eff:0.1% logz-ratio=106.97+/-0.16 dlogz:0.719>0.1]
30944it [11:08:39 bound:442 nc:1332 ncall:3.0e+07 eff:0.1% logz-ratio=106.97+/-0.16 dlogz:0.686>0.1]
31005it [11:10:57 bound:443 nc:1688 ncall:3.0e+07 eff:0.1% logz-ratio=106.98+/-0.16 dlogz:0.653>0.1]
31068it [11:12:47 bound:444 nc:1455 ncall:3.0e+07 eff:0.1% logz-ratio=106.99+/-0.16 dlogz:0.621>0.1]
31129it [11:14:42 bound:445 nc:1125 ncall:3.0e+07 eff:0.1% logz-ratio=107.00+/-0.16 dlogz:0.591>0.1]
31192it [11:16:46 bound:446 nc:1497 ncall:3.0e+07 eff:0.1% logz-ratio=107.00+/-0.16 dlogz:0.561>0.1]
31255it [11:18:33 bound:447 nc:1585 ncall:3.0e+07 eff:0.1% logz-ratio=107.01+/-0.16 dlogz:0.532>0.1]
31317it [11:20:22 bound:448 nc:1548 ncall:3.0e+07 eff:0.1% logz-ratio=107.02+/-0.16 dlogz:0.505>0.1]
31379it [11:22:17 bound:449 nc:1707 ncall:3.1e+07 eff:0.1% logz-ratio=107.02+/-0.16 dlogz:0.479>0.1]
31440it [11:24:14 bound:450 nc:1416 ncall:3.1e+07 eff:0.1% logz-ratio=107.03+/-0.16 dlogz:0.455>0.1]
31502it [11:26:22 bound:451 nc:1533 ncall:3.1e+07 eff:0.1% logz-ratio=107.03+/-0.16 dlogz:0.431>0.1]
31565it [11:28:43 bound:452 nc:1180 ncall:3.1e+07 eff:0.1% logz-ratio=107.04+/-0.16 dlogz:0.408>0.1]
31622it [11:30:43 bound:453 nc:3892 ncall:3.1e+07 eff:0.1% logz-ratio=107.04+/-0.16 dlogz:0.389>0.1]
31683it [11:32:41 bound:454 nc:1327 ncall:3.1e+07 eff:0.1% logz-ratio=107.05+/-0.16 dlogz:0.368>0.1]
31745it [11:34:33 bound:455 nc:1801 ncall:3.1e+07 eff:0.1% logz-ratio=107.05+/-0.16 dlogz:0.349>0.1]
31806it [11:36:31 bound:456 nc:996 ncall:3.1e+07 eff:0.1% logz-ratio=107.06+/-0.16 dlogz:0.330>0.1]
31868it [11:38:08 bound:457 nc:2529 ncall:3.1e+07 eff:0.1% logz-ratio=107.06+/-0.16 dlogz:0.312>0.1]
31930it [11:39:45 bound:458 nc:1284 ncall:3.1e+07 eff:0.1% logz-ratio=107.07+/-0.16 dlogz:0.295>0.1]
31994it [11:41:31 bound:459 nc:1567 ncall:3.1e+07 eff:0.1% logz-ratio=107.07+/-0.16 dlogz:0.279>0.1]
32054it [11:43:31 bound:460 nc:1339 ncall:3.2e+07 eff:0.1% logz-ratio=107.07+/-0.16 dlogz:0.264>0.1]
32117it [11:45:21 bound:461 nc:1505 ncall:3.2e+07 eff:0.1% logz-ratio=107.08+/-0.16 dlogz:0.249>0.1]
32180it [11:46:58 bound:462 nc:1260 ncall:3.2e+07 eff:0.1% logz-ratio=107.08+/-0.16 dlogz:0.235>0.1]
32241it [11:48:34 bound:463 nc:1367 ncall:3.2e+07 eff:0.1% logz-ratio=107.09+/-0.16 dlogz:0.222>0.1]
32301it [11:50:16 bound:464 nc:1437 ncall:3.2e+07 eff:0.1% logz-ratio=107.09+/-0.16 dlogz:0.210>0.1]
32363it [11:52:02 bound:465 nc:1556 ncall:3.2e+07 eff:0.1% logz-ratio=107.09+/-0.16 dlogz:0.198>0.1]
32424it [11:53:53 bound:466 nc:2449 ncall:3.2e+07 eff:0.1% logz-ratio=107.10+/-0.16 dlogz:0.187>0.1]
32488it [11:55:48 bound:467 nc:1727 ncall:3.2e+07 eff:0.1% logz-ratio=107.10+/-0.16 dlogz:0.176>0.1]
32551it [11:57:36 bound:468 nc:1215 ncall:3.2e+07 eff:0.1% logz-ratio=107.10+/-0.16 dlogz:0.166>0.1]
32613it [11:59:26 bound:469 nc:1475 ncall:3.2e+07 eff:0.1% logz-ratio=107.11+/-0.16 dlogz:0.157>0.1]
32672it [12:01:07 bound:470 nc:1166 ncall:3.2e+07 eff:0.1% logz-ratio=107.11+/-0.16 dlogz:0.149>0.1]
32735it [12:03:06 bound:471 nc:1600 ncall:3.3e+07 eff:0.1% logz-ratio=107.11+/-0.16 dlogz:0.141>0.1]
32799it [12:04:43 bound:472 nc:1239 ncall:3.3e+07 eff:0.1% logz-ratio=107.11+/-0.16 dlogz:0.132>0.1]
32862it [12:06:27 bound:473 nc:1188 ncall:3.3e+07 eff:0.1% logz-ratio=107.12+/-0.16 dlogz:0.131>0.1]
32925it [12:08:13 bound:474 nc:2059 ncall:3.3e+07 eff:0.1% logz-ratio=107.12+/-0.16 dlogz:0.124>0.1]
32987it [12:10:13 bound:475 nc:1232 ncall:3.3e+07 eff:0.1% logz-ratio=107.12+/-0.16 dlogz:0.117>0.1]
33049it [12:12:33 bound:476 nc:1299 ncall:3.3e+07 eff:0.1% logz-ratio=107.12+/-0.16 dlogz:0.110>0.1]
33111it [12:14:07 bound:477 nc:1567 ncall:3.3e+07 eff:0.1% logz-ratio=107.12+/-0.16 dlogz:0.148>0.1]
33174it [12:15:53 bound:478 nc:1154 ncall:3.3e+07 eff:0.1% logz-ratio=107.13+/-0.16 dlogz:0.139>0.1]
33235it [12:17:30 bound:479 nc:1329 ncall:3.3e+07 eff:0.1% logz-ratio=107.13+/-0.16 dlogz:0.131>0.1]
33295it [12:19:10 bound:480 nc:1525 ncall:3.3e+07 eff:0.1% logz-ratio=107.13+/-0.16 dlogz:0.124>0.1]
33357it [12:20:46 bound:481 nc:1877 ncall:3.3e+07 eff:0.1% logz-ratio=107.13+/-0.16 dlogz:0.117>0.1]
33419it [12:22:40 bound:482 nc:1169 ncall:3.4e+07 eff:0.1% logz-ratio=107.13+/-0.16 dlogz:0.110>0.1]
33482it [12:24:19 bound:483 nc:570 ncall:3.4e+07 eff:0.1% logz-ratio=107.13+/-0.16 dlogz:0.104>0.1]
