JAX: devices available: [CudaDevice(id=0)]
torch: CUDA is available. Number of devices: 1
torch: Current CUDA device: 0
Training data will be loaded from: /data/gravwav/twouters/projects/eos_source_classification/eos_source_classification/data/eos/radio_GW170817/eos_samples.npz
Training a normalizing flow for population =  gaussian and nsbh sources
Before training, we built the following NF kwargs: {'n_transforms': 4, 'n_neurons': 256, 'n_blocks_per_transform': 3, 'nn_depth': 1, 'flow_layers': 1, 'nn_block_dim': 8, 'glasflow_type': 'CouplingNSF', 'batch_norm_within_blocks': False, 'batch_norm_between_transforms': False, 'activation': 'relu', 'dropout_probability': 0.0, 'linear_transform': None, 'tail_bound': 5.0, 'names': ['chirp_mass_source', 'mass_ratio', 'lambda_2'], 'n_inputs': 3}
Everything for this model will be saved to ./models/gaussian/nsbh/radio_GW170817
Starting training with the following parameters:
Reading the EOS data from /data/gravwav/twouters/projects/eos_source_classification/eos_source_classification/data/eos/radio_GW170817/eos_samples.npz
Number of good samples:  0.9206
0/200000
20000/200000
40000/200000
60000/200000
80000/200000
100000/200000
120000/200000
140000/200000
160000/200000
180000/200000
Create data will save the following data:
  m1: range = [2.005157718654092, 4.999996390447025]
  m2: range = [0.9256406387540778, 1.8356743599565206]
  mass_ratio: range = [0.19867016414762473, 0.7829021029577244]
  lambda_1: range = [0.0001, 0.0001]
  lambda_2: range = [43.62965150521401, 5330.228190555436]
  lambda_tilde: range = [2.761666347965922, 495.9708081494842]
  delta_lambda_tilde: range = [1.4091452239014348, 237.69054334979285]
  chirp_mass_source: range = [1.230017727002978, 2.5743833014675657]
Saving to ./models/gaussian/nsbh/radio_GW170817/training_data.npz:
Saving to ./models/gaussian/nsbh/radio_GW170817/training_data.npz DONE
Using source-frame chirp mass and mass ratio (Mc, q) for training
Using component parameterization for lambdas (lambda_1, lambda_2)
Training samples: 160000, Validation samples: 40000
Creating the training data arrays
NSBH and training on lambda_2 (3D)
np.shape(self.x)
(160000, 3)
Using MinMaxScaler to scale the input data x
Saved sklearn scaler to ./models/gaussian/nsbh/radio_GW170817/scaler.gz
Going to start training for glasflow . . .
Only RELU supported for now
Early stopping triggered at epoch 638
Saving the training loss plot to ./models/gaussian/nsbh/radio_GW170817/training_loss.pdf
Training done. Took around 118.81 minutes
Saving the model weights to ./models/gaussian/nsbh/radio_GW170817/model.pt
Saving the model kwargs to ./models/gaussian/nsbh/radio_GW170817/model_kwargs.json
DONE training!
