000 (2575894.000.000) 2025-07-30 22:17:05 Job submitted from host: <145.107.7.246:9618?addrs=145.107.7.246-9618+[2a07-8500-120-e070--3f6]-9618&alias=taai-007.nikhef.nl&noUDP&sock=schedd_2614_90a7>
    DAG Node: run_p
...
001 (2575894.000.000) 2025-07-30 22:17:14 Job executing on host: <145.107.4.144:9618?addrs=145.107.4.144-9618+[2a07-8500-120-e070--90]-9618&alias=wn-knek-001.nikhef.nl&noUDP&sock=startd_1946_5f63>
	SlotName: slot1_1@wn-knek-001.nikhef.nl
	CondorScratchDir = "/scratch/condor_execute/dir_3408757"
	Cpus = 64
	Disk = 16779851
	GPUs = 0
	Memory = 16384
...
006 (2575894.000.000) 2025-07-30 22:17:28 Image size of job updated: 97708
	96  -  MemoryUsage of job (MB)
	97708  -  ResidentSetSize of job (KB)
...
006 (2575894.000.000) 2025-07-30 22:22:28 Image size of job updated: 1583948
	1547  -  MemoryUsage of job (MB)
	1583948  -  ResidentSetSize of job (KB)
...
006 (2575894.000.000) 2025-07-30 22:27:29 Image size of job updated: 1621728
	1584  -  MemoryUsage of job (MB)
	1621728  -  ResidentSetSize of job (KB)
...
006 (2575894.000.000) 2025-07-30 22:32:30 Image size of job updated: 1640268
	1602  -  MemoryUsage of job (MB)
	1640268  -  ResidentSetSize of job (KB)
...
006 (2575894.000.000) 2025-07-30 22:37:30 Image size of job updated: 1655128
	1617  -  MemoryUsage of job (MB)
	1655128  -  ResidentSetSize of job (KB)
...
006 (2575894.000.000) 2025-07-30 22:42:30 Image size of job updated: 1682024
	1643  -  MemoryUsage of job (MB)
	1682024  -  ResidentSetSize of job (KB)
...
006 (2575894.000.000) 2025-07-30 22:47:31 Image size of job updated: 1691428
	1652  -  MemoryUsage of job (MB)
	1691428  -  ResidentSetSize of job (KB)
...
006 (2575894.000.000) 2025-07-30 22:52:32 Image size of job updated: 1699276
	1660  -  MemoryUsage of job (MB)
	1699276  -  ResidentSetSize of job (KB)
...
006 (2575894.000.000) 2025-07-30 22:57:32 Image size of job updated: 1706668
	1667  -  MemoryUsage of job (MB)
	1706668  -  ResidentSetSize of job (KB)
...
006 (2575894.000.000) 2025-07-30 23:02:32 Image size of job updated: 1712816
	1673  -  MemoryUsage of job (MB)
	1712816  -  ResidentSetSize of job (KB)
...
006 (2575894.000.000) 2025-07-30 23:07:33 Image size of job updated: 1718088
	1678  -  MemoryUsage of job (MB)
	1718088  -  ResidentSetSize of job (KB)
...
006 (2575894.000.000) 2025-07-30 23:12:33 Image size of job updated: 1723512
	1684  -  MemoryUsage of job (MB)
	1723512  -  ResidentSetSize of job (KB)
...
006 (2575894.000.000) 2025-07-30 23:17:33 Image size of job updated: 1728340
	1688  -  MemoryUsage of job (MB)
	1728340  -  ResidentSetSize of job (KB)
...
006 (2575894.000.000) 2025-07-30 23:22:34 Image size of job updated: 2028816
	1982  -  MemoryUsage of job (MB)
	2028816  -  ResidentSetSize of job (KB)
...
006 (2575894.000.000) 2025-07-30 23:27:35 Image size of job updated: 2032368
	1985  -  MemoryUsage of job (MB)
	2032368  -  ResidentSetSize of job (KB)
...
006 (2575894.000.000) 2025-07-30 23:32:35 Image size of job updated: 2036756
	1990  -  MemoryUsage of job (MB)
	2036756  -  ResidentSetSize of job (KB)
...
006 (2575894.000.000) 2025-07-30 23:37:35 Image size of job updated: 2039540
	1992  -  MemoryUsage of job (MB)
	2039540  -  ResidentSetSize of job (KB)
...
006 (2575894.000.000) 2025-07-30 23:42:36 Image size of job updated: 2043208
	1996  -  MemoryUsage of job (MB)
	2043208  -  ResidentSetSize of job (KB)
...
006 (2575894.000.000) 2025-07-30 23:47:37 Image size of job updated: 2046100
	1999  -  MemoryUsage of job (MB)
	2046100  -  ResidentSetSize of job (KB)
...
006 (2575894.000.000) 2025-07-30 23:52:37 Image size of job updated: 2048504
	2001  -  MemoryUsage of job (MB)
	2048504  -  ResidentSetSize of job (KB)
...
006 (2575894.000.000) 2025-07-30 23:57:37 Image size of job updated: 2051436
	2004  -  MemoryUsage of job (MB)
	2051436  -  ResidentSetSize of job (KB)
...
006 (2575894.000.000) 2025-07-31 00:02:39 Image size of job updated: 2053956
	2006  -  MemoryUsage of job (MB)
	2053956  -  ResidentSetSize of job (KB)
...
006 (2575894.000.000) 2025-07-31 00:07:39 Image size of job updated: 2057628
	2010  -  MemoryUsage of job (MB)
	2057628  -  ResidentSetSize of job (KB)
...
006 (2575894.000.000) 2025-07-31 00:12:39 Image size of job updated: 2059924
	2012  -  MemoryUsage of job (MB)
	2059924  -  ResidentSetSize of job (KB)
...
006 (2575894.000.000) 2025-07-31 00:17:40 Image size of job updated: 2064284
	2016  -  MemoryUsage of job (MB)
	2064284  -  ResidentSetSize of job (KB)
...
006 (2575894.000.000) 2025-07-31 00:22:41 Image size of job updated: 2129728
	2080  -  MemoryUsage of job (MB)
	2129728  -  ResidentSetSize of job (KB)
...
006 (2575894.000.000) 2025-07-31 00:27:41 Image size of job updated: 2132852
	2083  -  MemoryUsage of job (MB)
	2132852  -  ResidentSetSize of job (KB)
...
006 (2575894.000.000) 2025-07-31 00:32:41 Image size of job updated: 2134924
	2085  -  MemoryUsage of job (MB)
	2134924  -  ResidentSetSize of job (KB)
...
006 (2575894.000.000) 2025-07-31 00:37:42 Image size of job updated: 2136432
	2087  -  MemoryUsage of job (MB)
	2136432  -  ResidentSetSize of job (KB)
...
006 (2575894.000.000) 2025-07-31 00:42:43 Image size of job updated: 2138516
	2089  -  MemoryUsage of job (MB)
	2138516  -  ResidentSetSize of job (KB)
...
006 (2575894.000.000) 2025-07-31 00:47:43 Image size of job updated: 2139900
	2090  -  MemoryUsage of job (MB)
	2139900  -  ResidentSetSize of job (KB)
...
006 (2575894.000.000) 2025-07-31 00:52:43 Image size of job updated: 2141984
	2092  -  MemoryUsage of job (MB)
	2141984  -  ResidentSetSize of job (KB)
...
006 (2575894.000.000) 2025-07-31 00:57:44 Image size of job updated: 2143312
	2094  -  MemoryUsage of job (MB)
	2143312  -  ResidentSetSize of job (KB)
...
006 (2575894.000.000) 2025-07-31 01:02:44 Image size of job updated: 2144360
	2095  -  MemoryUsage of job (MB)
	2144360  -  ResidentSetSize of job (KB)
...
006 (2575894.000.000) 2025-07-31 01:07:44 Image size of job updated: 2145852
	2096  -  MemoryUsage of job (MB)
	2145852  -  ResidentSetSize of job (KB)
...
006 (2575894.000.000) 2025-07-31 01:12:45 Image size of job updated: 2146760
	2097  -  MemoryUsage of job (MB)
	2146760  -  ResidentSetSize of job (KB)
...
006 (2575894.000.000) 2025-07-31 01:17:46 Image size of job updated: 2148444
	2099  -  MemoryUsage of job (MB)
	2148444  -  ResidentSetSize of job (KB)
...
006 (2575894.000.000) 2025-07-31 01:22:46 Image size of job updated: 2171536
	2099  -  MemoryUsage of job (MB)
	2148740  -  ResidentSetSize of job (KB)
...
006 (2575894.000.000) 2025-07-31 01:27:46 Image size of job updated: 2171536
	2101  -  MemoryUsage of job (MB)
	2151112  -  ResidentSetSize of job (KB)
...
006 (2575894.000.000) 2025-07-31 01:32:47 Image size of job updated: 2171536
	2102  -  MemoryUsage of job (MB)
	2151896  -  ResidentSetSize of job (KB)
...
006 (2575894.000.000) 2025-07-31 01:37:48 Image size of job updated: 2171536
	2103  -  MemoryUsage of job (MB)
	2153208  -  ResidentSetSize of job (KB)
...
006 (2575894.000.000) 2025-07-31 01:42:48 Image size of job updated: 2171536
	2104  -  MemoryUsage of job (MB)
	2154048  -  ResidentSetSize of job (KB)
...
006 (2575894.000.000) 2025-07-31 01:47:48 Image size of job updated: 2171536
	2106  -  MemoryUsage of job (MB)
	2155840  -  ResidentSetSize of job (KB)
...
006 (2575894.000.000) 2025-07-31 01:52:49 Image size of job updated: 2171536
	2107  -  MemoryUsage of job (MB)
	2157388  -  ResidentSetSize of job (KB)
...
006 (2575894.000.000) 2025-07-31 01:57:49 Image size of job updated: 2171536
	2108  -  MemoryUsage of job (MB)
	2158108  -  ResidentSetSize of job (KB)
...
006 (2575894.000.000) 2025-07-31 02:02:49 Image size of job updated: 2171536
	2110  -  MemoryUsage of job (MB)
	2160412  -  ResidentSetSize of job (KB)
...
006 (2575894.000.000) 2025-07-31 02:07:50 Image size of job updated: 2171536
	2111  -  MemoryUsage of job (MB)
	2161408  -  ResidentSetSize of job (KB)
...
006 (2575894.000.000) 2025-07-31 02:12:51 Image size of job updated: 2171536
	2113  -  MemoryUsage of job (MB)
	2163568  -  ResidentSetSize of job (KB)
...
006 (2575894.000.000) 2025-07-31 02:17:51 Image size of job updated: 2171536
	2114  -  MemoryUsage of job (MB)
	2164504  -  ResidentSetSize of job (KB)
...
006 (2575894.000.000) 2025-07-31 02:22:51 Image size of job updated: 2291116
	2152  -  MemoryUsage of job (MB)
	2203504  -  ResidentSetSize of job (KB)
...
006 (2575894.000.000) 2025-07-31 02:27:52 Image size of job updated: 2291116
	2154  -  MemoryUsage of job (MB)
	2205160  -  ResidentSetSize of job (KB)
...
006 (2575894.000.000) 2025-07-31 02:32:53 Image size of job updated: 2291116
	2155  -  MemoryUsage of job (MB)
	2205924  -  ResidentSetSize of job (KB)
...
006 (2575894.000.000) 2025-07-31 02:37:53 Image size of job updated: 2291116
	2158  -  MemoryUsage of job (MB)
	2208912  -  ResidentSetSize of job (KB)
...
006 (2575894.000.000) 2025-07-31 02:42:53 Image size of job updated: 2291116
	2158  -  MemoryUsage of job (MB)
	2209520  -  ResidentSetSize of job (KB)
...
006 (2575894.000.000) 2025-07-31 02:47:55 Image size of job updated: 2291116
	2161  -  MemoryUsage of job (MB)
	2212168  -  ResidentSetSize of job (KB)
...
006 (2575894.000.000) 2025-07-31 02:52:54 Image size of job updated: 2291116
	2161  -  MemoryUsage of job (MB)
	2212808  -  ResidentSetSize of job (KB)
...
006 (2575894.000.000) 2025-07-31 02:57:54 Image size of job updated: 2291116
	2164  -  MemoryUsage of job (MB)
	2215164  -  ResidentSetSize of job (KB)
...
006 (2575894.000.000) 2025-07-31 03:02:55 Image size of job updated: 2291116
	2165  -  MemoryUsage of job (MB)
	2216752  -  ResidentSetSize of job (KB)
...
006 (2575894.000.000) 2025-07-31 03:07:56 Image size of job updated: 2291116
	2168  -  MemoryUsage of job (MB)
	2219576  -  ResidentSetSize of job (KB)
...
006 (2575894.000.000) 2025-07-31 03:11:28 Image size of job updated: 2344804
	2168  -  MemoryUsage of job (MB)
	2219576  -  ResidentSetSize of job (KB)
...
005 (2575894.000.000) 2025-07-31 03:11:28 Job terminated.
	(1) Normal termination (return value 0)
		Usr 8 12:55:41, Sys 0 00:02:18  -  Run Remote Usage
		Usr 0 00:00:00, Sys 0 00:00:00  -  Run Local Usage
		Usr 8 12:55:41, Sys 0 00:02:18  -  Total Remote Usage
		Usr 0 00:00:00, Sys 0 00:00:00  -  Total Local Usage
	0  -  Run Bytes Sent By Job
	0  -  Run Bytes Received By Job
	0  -  Total Bytes Sent By Job
	0  -  Total Bytes Received By Job
	Partitionable Resources :    Usage  Request Allocated 
	   Cpus                 :     1.70       64        64 
	   Disk (KB)            : 17500    16777216  16779851 
	   GPUs                 :                           0 
	   Memory (MB)          :  2168       16384     16384 
	   TimeExecute (s)      : 17654                       
	   TimeSlotBusy (s)     : 17654                       

	Job terminated of its own accord at 2025-07-31T01:11:28Z with exit-code 0.
...
