000 (2611906.000.000) 2025-08-18 10:28:52 Job submitted from host: <145.107.7.246:9618?addrs=145.107.7.246-9618+[2a07-8500-120-e070--3f6]-9618&alias=taai-007.nikhef.nl&noUDP&sock=schedd_2614_90a7>
    DAG Node: run_f
...
001 (2611906.000.000) 2025-08-19 04:41:12 Job executing on host: <145.107.4.158:9618?addrs=145.107.4.158-9618+[2a07-8500-120-e070--9e]-9618&alias=wn-knek-015.nikhef.nl&noUDP&sock=startd_1918_2abc>
	SlotName: slot1_1@wn-knek-015.nikhef.nl
	CondorScratchDir = "/scratch/condor_execute/dir_156286"
	Cpus = 64
	Disk = 16779833
	GPUs = 0
	Memory = 16384
...
006 (2611906.000.000) 2025-08-19 04:41:26 Image size of job updated: 945092
	923  -  MemoryUsage of job (MB)
	945092  -  ResidentSetSize of job (KB)
...
006 (2611906.000.000) 2025-08-19 04:46:27 Image size of job updated: 1676836
	1638  -  MemoryUsage of job (MB)
	1676836  -  ResidentSetSize of job (KB)
...
006 (2611906.000.000) 2025-08-19 04:51:27 Image size of job updated: 1705756
	1666  -  MemoryUsage of job (MB)
	1705756  -  ResidentSetSize of job (KB)
...
006 (2611906.000.000) 2025-08-19 04:56:27 Image size of job updated: 1723960
	1684  -  MemoryUsage of job (MB)
	1723960  -  ResidentSetSize of job (KB)
...
006 (2611906.000.000) 2025-08-19 05:01:28 Image size of job updated: 1731496
	1691  -  MemoryUsage of job (MB)
	1731496  -  ResidentSetSize of job (KB)
...
006 (2611906.000.000) 2025-08-19 05:06:28 Image size of job updated: 1736752
	1697  -  MemoryUsage of job (MB)
	1736752  -  ResidentSetSize of job (KB)
...
006 (2611906.000.000) 2025-08-19 05:11:28 Image size of job updated: 1769524
	1729  -  MemoryUsage of job (MB)
	1769524  -  ResidentSetSize of job (KB)
...
006 (2611906.000.000) 2025-08-19 05:16:29 Image size of job updated: 1773012
	1732  -  MemoryUsage of job (MB)
	1773012  -  ResidentSetSize of job (KB)
...
006 (2611906.000.000) 2025-08-19 05:21:30 Image size of job updated: 1776200
	1735  -  MemoryUsage of job (MB)
	1776200  -  ResidentSetSize of job (KB)
...
006 (2611906.000.000) 2025-08-19 05:26:30 Image size of job updated: 1781684
	1740  -  MemoryUsage of job (MB)
	1781684  -  ResidentSetSize of job (KB)
...
006 (2611906.000.000) 2025-08-19 05:31:30 Image size of job updated: 1784688
	1743  -  MemoryUsage of job (MB)
	1784688  -  ResidentSetSize of job (KB)
...
006 (2611906.000.000) 2025-08-19 05:36:31 Image size of job updated: 1790568
	1749  -  MemoryUsage of job (MB)
	1790568  -  ResidentSetSize of job (KB)
...
006 (2611906.000.000) 2025-08-19 05:41:32 Image size of job updated: 1792680
	1751  -  MemoryUsage of job (MB)
	1792680  -  ResidentSetSize of job (KB)
...
006 (2611906.000.000) 2025-08-19 05:46:32 Image size of job updated: 2020980
	1968  -  MemoryUsage of job (MB)
	2014288  -  ResidentSetSize of job (KB)
...
006 (2611906.000.000) 2025-08-19 05:51:32 Image size of job updated: 2020980
	1969  -  MemoryUsage of job (MB)
	2015676  -  ResidentSetSize of job (KB)
...
006 (2611906.000.000) 2025-08-19 05:56:33 Image size of job updated: 2020980
	1970  -  MemoryUsage of job (MB)
	2017112  -  ResidentSetSize of job (KB)
...
006 (2611906.000.000) 2025-08-19 06:01:33 Image size of job updated: 2021252
	1974  -  MemoryUsage of job (MB)
	2021252  -  ResidentSetSize of job (KB)
...
006 (2611906.000.000) 2025-08-19 06:06:33 Image size of job updated: 2026348
	1979  -  MemoryUsage of job (MB)
	2026348  -  ResidentSetSize of job (KB)
...
006 (2611906.000.000) 2025-08-19 06:11:34 Image size of job updated: 2029728
	1983  -  MemoryUsage of job (MB)
	2029728  -  ResidentSetSize of job (KB)
...
006 (2611906.000.000) 2025-08-19 06:16:35 Image size of job updated: 2031360
	1984  -  MemoryUsage of job (MB)
	2031360  -  ResidentSetSize of job (KB)
...
006 (2611906.000.000) 2025-08-19 06:21:35 Image size of job updated: 2033136
	1986  -  MemoryUsage of job (MB)
	2033136  -  ResidentSetSize of job (KB)
...
006 (2611906.000.000) 2025-08-19 06:26:35 Image size of job updated: 2034176
	1987  -  MemoryUsage of job (MB)
	2034176  -  ResidentSetSize of job (KB)
...
006 (2611906.000.000) 2025-08-19 06:31:36 Image size of job updated: 2036300
	1989  -  MemoryUsage of job (MB)
	2036300  -  ResidentSetSize of job (KB)
...
006 (2611906.000.000) 2025-08-19 06:36:36 Image size of job updated: 2037836
	1991  -  MemoryUsage of job (MB)
	2037836  -  ResidentSetSize of job (KB)
...
006 (2611906.000.000) 2025-08-19 06:41:36 Image size of job updated: 2038688
	1991  -  MemoryUsage of job (MB)
	2038688  -  ResidentSetSize of job (KB)
...
006 (2611906.000.000) 2025-08-19 06:46:37 Image size of job updated: 2408704
	2353  -  MemoryUsage of job (MB)
	2408704  -  ResidentSetSize of job (KB)
...
006 (2611906.000.000) 2025-08-19 06:51:38 Image size of job updated: 2410428
	2354  -  MemoryUsage of job (MB)
	2410428  -  ResidentSetSize of job (KB)
...
006 (2611906.000.000) 2025-08-19 06:56:38 Image size of job updated: 2411240
	2355  -  MemoryUsage of job (MB)
	2411240  -  ResidentSetSize of job (KB)
...
006 (2611906.000.000) 2025-08-19 07:01:38 Image size of job updated: 2413340
	2357  -  MemoryUsage of job (MB)
	2413340  -  ResidentSetSize of job (KB)
...
006 (2611906.000.000) 2025-08-19 07:06:40 Image size of job updated: 2414028
	2358  -  MemoryUsage of job (MB)
	2414028  -  ResidentSetSize of job (KB)
...
006 (2611906.000.000) 2025-08-19 07:11:40 Image size of job updated: 2415380
	2359  -  MemoryUsage of job (MB)
	2415380  -  ResidentSetSize of job (KB)
...
006 (2611906.000.000) 2025-08-19 07:16:40 Image size of job updated: 2416056
	2360  -  MemoryUsage of job (MB)
	2416056  -  ResidentSetSize of job (KB)
...
006 (2611906.000.000) 2025-08-19 07:21:41 Image size of job updated: 2417488
	2361  -  MemoryUsage of job (MB)
	2417488  -  ResidentSetSize of job (KB)
...
006 (2611906.000.000) 2025-08-19 07:26:42 Image size of job updated: 2418380
	2362  -  MemoryUsage of job (MB)
	2418380  -  ResidentSetSize of job (KB)
...
006 (2611906.000.000) 2025-08-19 07:31:42 Image size of job updated: 2419812
	2364  -  MemoryUsage of job (MB)
	2419812  -  ResidentSetSize of job (KB)
...
006 (2611906.000.000) 2025-08-19 07:36:42 Image size of job updated: 2424188
	2368  -  MemoryUsage of job (MB)
	2424188  -  ResidentSetSize of job (KB)
...
006 (2611906.000.000) 2025-08-19 07:41:43 Image size of job updated: 2424796
	2368  -  MemoryUsage of job (MB)
	2424796  -  ResidentSetSize of job (KB)
...
006 (2611906.000.000) 2025-08-19 07:46:44 Image size of job updated: 2523564
	2444  -  MemoryUsage of job (MB)
	2502472  -  ResidentSetSize of job (KB)
...
006 (2611906.000.000) 2025-08-19 07:56:45 Image size of job updated: 2523564
	2446  -  MemoryUsage of job (MB)
	2503876  -  ResidentSetSize of job (KB)
...
006 (2611906.000.000) 2025-08-19 08:01:46 Image size of job updated: 2523564
	2446  -  MemoryUsage of job (MB)
	2504388  -  ResidentSetSize of job (KB)
...
006 (2611906.000.000) 2025-08-19 08:06:46 Image size of job updated: 2523564
	2447  -  MemoryUsage of job (MB)
	2504888  -  ResidentSetSize of job (KB)
...
006 (2611906.000.000) 2025-08-19 08:11:46 Image size of job updated: 2523564
	2448  -  MemoryUsage of job (MB)
	2506720  -  ResidentSetSize of job (KB)
...
006 (2611906.000.000) 2025-08-19 08:16:47 Image size of job updated: 2523564
	2449  -  MemoryUsage of job (MB)
	2507168  -  ResidentSetSize of job (KB)
...
006 (2611906.000.000) 2025-08-19 08:21:48 Image size of job updated: 2523564
	2450  -  MemoryUsage of job (MB)
	2508352  -  ResidentSetSize of job (KB)
...
006 (2611906.000.000) 2025-08-19 08:26:48 Image size of job updated: 2523564
	2451  -  MemoryUsage of job (MB)
	2508908  -  ResidentSetSize of job (KB)
...
006 (2611906.000.000) 2025-08-19 08:31:49 Image size of job updated: 2523564
	2452  -  MemoryUsage of job (MB)
	2510148  -  ResidentSetSize of job (KB)
...
006 (2611906.000.000) 2025-08-19 08:36:50 Image size of job updated: 2523564
	2453  -  MemoryUsage of job (MB)
	2511464  -  ResidentSetSize of job (KB)
...
006 (2611906.000.000) 2025-08-19 08:41:50 Image size of job updated: 2523564
	2454  -  MemoryUsage of job (MB)
	2512168  -  ResidentSetSize of job (KB)
...
006 (2611906.000.000) 2025-08-19 08:46:50 Image size of job updated: 2666500
	2469  -  MemoryUsage of job (MB)
	2527284  -  ResidentSetSize of job (KB)
...
006 (2611906.000.000) 2025-08-19 08:51:51 Image size of job updated: 2666500
	2469  -  MemoryUsage of job (MB)
	2527684  -  ResidentSetSize of job (KB)
...
006 (2611906.000.000) 2025-08-19 08:56:52 Image size of job updated: 2666500
	2470  -  MemoryUsage of job (MB)
	2528860  -  ResidentSetSize of job (KB)
...
006 (2611906.000.000) 2025-08-19 09:01:52 Image size of job updated: 2666500
	2470  -  MemoryUsage of job (MB)
	2529276  -  ResidentSetSize of job (KB)
...
006 (2611906.000.000) 2025-08-19 09:06:53 Image size of job updated: 2666500
	2471  -  MemoryUsage of job (MB)
	2529880  -  ResidentSetSize of job (KB)
...
006 (2611906.000.000) 2025-08-19 09:11:54 Image size of job updated: 2666500
	2472  -  MemoryUsage of job (MB)
	2531012  -  ResidentSetSize of job (KB)
...
006 (2611906.000.000) 2025-08-19 09:16:54 Image size of job updated: 2666500
	2473  -  MemoryUsage of job (MB)
	2531464  -  ResidentSetSize of job (KB)
...
006 (2611906.000.000) 2025-08-19 09:21:54 Image size of job updated: 2666500
	2474  -  MemoryUsage of job (MB)
	2532612  -  ResidentSetSize of job (KB)
...
006 (2611906.000.000) 2025-08-19 09:26:55 Image size of job updated: 2666500
	2474  -  MemoryUsage of job (MB)
	2532996  -  ResidentSetSize of job (KB)
...
006 (2611906.000.000) 2025-08-19 09:31:56 Image size of job updated: 2666500
	2475  -  MemoryUsage of job (MB)
	2534136  -  ResidentSetSize of job (KB)
...
006 (2611906.000.000) 2025-08-19 09:36:56 Image size of job updated: 2666500
	2476  -  MemoryUsage of job (MB)
	2534476  -  ResidentSetSize of job (KB)
...
006 (2611906.000.000) 2025-08-19 09:41:56 Image size of job updated: 2666500
	2476  -  MemoryUsage of job (MB)
	2534856  -  ResidentSetSize of job (KB)
...
006 (2611906.000.000) 2025-08-19 09:46:57 Image size of job updated: 2778148
	2600  -  MemoryUsage of job (MB)
	2661616  -  ResidentSetSize of job (KB)
...
006 (2611906.000.000) 2025-08-19 09:51:57 Image size of job updated: 2778148
	2601  -  MemoryUsage of job (MB)
	2662940  -  ResidentSetSize of job (KB)
...
006 (2611906.000.000) 2025-08-19 09:56:57 Image size of job updated: 2778148
	2602  -  MemoryUsage of job (MB)
	2664096  -  ResidentSetSize of job (KB)
...
006 (2611906.000.000) 2025-08-19 10:01:58 Image size of job updated: 2778148
	2603  -  MemoryUsage of job (MB)
	2664588  -  ResidentSetSize of job (KB)
...
006 (2611906.000.000) 2025-08-19 10:06:59 Image size of job updated: 2778148
	2604  -  MemoryUsage of job (MB)
	2666352  -  ResidentSetSize of job (KB)
...
006 (2611906.000.000) 2025-08-19 10:11:59 Image size of job updated: 2778148
	2605  -  MemoryUsage of job (MB)
	2666736  -  ResidentSetSize of job (KB)
...
006 (2611906.000.000) 2025-08-19 10:16:59 Image size of job updated: 2778148
	2605  -  MemoryUsage of job (MB)
	2667076  -  ResidentSetSize of job (KB)
...
006 (2611906.000.000) 2025-08-19 10:22:00 Image size of job updated: 2778148
	2606  -  MemoryUsage of job (MB)
	2668072  -  ResidentSetSize of job (KB)
...
006 (2611906.000.000) 2025-08-19 10:27:01 Image size of job updated: 2778148
	2607  -  MemoryUsage of job (MB)
	2668604  -  ResidentSetSize of job (KB)
...
006 (2611906.000.000) 2025-08-19 10:32:01 Image size of job updated: 2778148
	2609  -  MemoryUsage of job (MB)
	2671244  -  ResidentSetSize of job (KB)
...
006 (2611906.000.000) 2025-08-19 10:37:02 Image size of job updated: 2778148
	2609  -  MemoryUsage of job (MB)
	2671560  -  ResidentSetSize of job (KB)
...
006 (2611906.000.000) 2025-08-19 10:42:03 Image size of job updated: 2778148
	2610  -  MemoryUsage of job (MB)
	2672576  -  ResidentSetSize of job (KB)
...
006 (2611906.000.000) 2025-08-19 10:47:03 Image size of job updated: 2931012
	2688  -  MemoryUsage of job (MB)
	2752052  -  ResidentSetSize of job (KB)
...
006 (2611906.000.000) 2025-08-19 11:52:09 Image size of job updated: 2978088
	2726  -  MemoryUsage of job (MB)
	2791056  -  ResidentSetSize of job (KB)
...
006 (2611906.000.000) 2025-08-19 11:57:10 Image size of job updated: 2978088
	2728  -  MemoryUsage of job (MB)
	2792660  -  ResidentSetSize of job (KB)
...
006 (2611906.000.000) 2025-08-19 12:02:10 Image size of job updated: 2978088
	2728  -  MemoryUsage of job (MB)
	2792884  -  ResidentSetSize of job (KB)
...
006 (2611906.000.000) 2025-08-19 12:07:11 Image size of job updated: 2978088
	2729  -  MemoryUsage of job (MB)
	2793808  -  ResidentSetSize of job (KB)
...
006 (2611906.000.000) 2025-08-19 12:12:12 Image size of job updated: 2978088
	2729  -  MemoryUsage of job (MB)
	2794072  -  ResidentSetSize of job (KB)
...
006 (2611906.000.000) 2025-08-19 12:17:12 Image size of job updated: 2978088
	2731  -  MemoryUsage of job (MB)
	2795696  -  ResidentSetSize of job (KB)
...
006 (2611906.000.000) 2025-08-19 12:22:12 Image size of job updated: 2978088
	2731  -  MemoryUsage of job (MB)
	2796120  -  ResidentSetSize of job (KB)
...
006 (2611906.000.000) 2025-08-19 12:27:13 Image size of job updated: 2978088
	2731  -  MemoryUsage of job (MB)
	2796352  -  ResidentSetSize of job (KB)
...
006 (2611906.000.000) 2025-08-19 12:32:14 Image size of job updated: 2978088
	2732  -  MemoryUsage of job (MB)
	2797536  -  ResidentSetSize of job (KB)
...
006 (2611906.000.000) 2025-08-19 12:37:14 Image size of job updated: 2978088
	2733  -  MemoryUsage of job (MB)
	2798076  -  ResidentSetSize of job (KB)
...
006 (2611906.000.000) 2025-08-19 12:42:14 Image size of job updated: 2978088
	2735  -  MemoryUsage of job (MB)
	2799944  -  ResidentSetSize of job (KB)
...
006 (2611906.000.000) 2025-08-19 12:47:16 Image size of job updated: 2978088
	2735  -  MemoryUsage of job (MB)
	2800416  -  ResidentSetSize of job (KB)
...
006 (2611906.000.000) 2025-08-19 12:52:16 Image size of job updated: 3091988
	2754  -  MemoryUsage of job (MB)
	2819908  -  ResidentSetSize of job (KB)
...
006 (2611906.000.000) 2025-08-19 12:57:16 Image size of job updated: 3091988
	2755  -  MemoryUsage of job (MB)
	2820356  -  ResidentSetSize of job (KB)
...
006 (2611906.000.000) 2025-08-19 13:02:17 Image size of job updated: 3091988
	2755  -  MemoryUsage of job (MB)
	2820784  -  ResidentSetSize of job (KB)
...
006 (2611906.000.000) 2025-08-19 13:07:18 Image size of job updated: 3091988
	2756  -  MemoryUsage of job (MB)
	2821924  -  ResidentSetSize of job (KB)
...
006 (2611906.000.000) 2025-08-19 13:12:18 Image size of job updated: 3091988
	2757  -  MemoryUsage of job (MB)
	2822364  -  ResidentSetSize of job (KB)
...
006 (2611906.000.000) 2025-08-19 13:17:18 Image size of job updated: 3091988
	2758  -  MemoryUsage of job (MB)
	2823472  -  ResidentSetSize of job (KB)
...
006 (2611906.000.000) 2025-08-19 13:22:19 Image size of job updated: 3091988
	2758  -  MemoryUsage of job (MB)
	2823812  -  ResidentSetSize of job (KB)
...
006 (2611906.000.000) 2025-08-19 13:27:20 Image size of job updated: 3091988
	2758  -  MemoryUsage of job (MB)
	2824180  -  ResidentSetSize of job (KB)
...
006 (2611906.000.000) 2025-08-19 13:32:20 Image size of job updated: 3091988
	2760  -  MemoryUsage of job (MB)
	2825864  -  ResidentSetSize of job (KB)
...
006 (2611906.000.000) 2025-08-19 13:37:20 Image size of job updated: 3091988
	2760  -  MemoryUsage of job (MB)
	2826208  -  ResidentSetSize of job (KB)
...
006 (2611906.000.000) 2025-08-19 13:42:21 Image size of job updated: 3091988
	2762  -  MemoryUsage of job (MB)
	2827872  -  ResidentSetSize of job (KB)
...
006 (2611906.000.000) 2025-08-19 13:47:21 Image size of job updated: 3091988
	2762  -  MemoryUsage of job (MB)
	2828224  -  ResidentSetSize of job (KB)
...
006 (2611906.000.000) 2025-08-19 13:52:21 Image size of job updated: 3093772
	2823  -  MemoryUsage of job (MB)
	2890000  -  ResidentSetSize of job (KB)
...
006 (2611906.000.000) 2025-08-19 13:57:22 Image size of job updated: 3093772
	2823  -  MemoryUsage of job (MB)
	2890316  -  ResidentSetSize of job (KB)
...
006 (2611906.000.000) 2025-08-19 14:02:23 Image size of job updated: 3093772
	2823  -  MemoryUsage of job (MB)
	2890708  -  ResidentSetSize of job (KB)
...
006 (2611906.000.000) 2025-08-19 14:07:23 Image size of job updated: 3093772
	2825  -  MemoryUsage of job (MB)
	2892580  -  ResidentSetSize of job (KB)
...
006 (2611906.000.000) 2025-08-19 14:12:23 Image size of job updated: 3093772
	2826  -  MemoryUsage of job (MB)
	2892928  -  ResidentSetSize of job (KB)
...
006 (2611906.000.000) 2025-08-19 14:17:24 Image size of job updated: 3093772
	2827  -  MemoryUsage of job (MB)
	2894388  -  ResidentSetSize of job (KB)
...
006 (2611906.000.000) 2025-08-19 14:22:25 Image size of job updated: 3093772
	2827  -  MemoryUsage of job (MB)
	2894680  -  ResidentSetSize of job (KB)
...
006 (2611906.000.000) 2025-08-19 14:27:25 Image size of job updated: 3093772
	2828  -  MemoryUsage of job (MB)
	2895668  -  ResidentSetSize of job (KB)
...
006 (2611906.000.000) 2025-08-19 14:32:25 Image size of job updated: 3093772
	2831  -  MemoryUsage of job (MB)
	2897984  -  ResidentSetSize of job (KB)
...
006 (2611906.000.000) 2025-08-19 14:37:26 Image size of job updated: 3093772
	2831  -  MemoryUsage of job (MB)
	2898320  -  ResidentSetSize of job (KB)
...
006 (2611906.000.000) 2025-08-19 14:42:27 Image size of job updated: 3093772
	2840  -  MemoryUsage of job (MB)
	2907152  -  ResidentSetSize of job (KB)
...
006 (2611906.000.000) 2025-08-19 14:47:27 Image size of job updated: 3093772
	2840  -  MemoryUsage of job (MB)
	2907452  -  ResidentSetSize of job (KB)
...
006 (2611906.000.000) 2025-08-19 14:52:28 Image size of job updated: 3164132
	2889  -  MemoryUsage of job (MB)
	2957584  -  ResidentSetSize of job (KB)
...
006 (2611906.000.000) 2025-08-19 14:57:29 Image size of job updated: 3164132
	2889  -  MemoryUsage of job (MB)
	2957892  -  ResidentSetSize of job (KB)
...
006 (2611906.000.000) 2025-08-19 15:02:29 Image size of job updated: 3164132
	2890  -  MemoryUsage of job (MB)
	2959316  -  ResidentSetSize of job (KB)
...
006 (2611906.000.000) 2025-08-19 15:07:29 Image size of job updated: 3164132
	2891  -  MemoryUsage of job (MB)
	2959572  -  ResidentSetSize of job (KB)
...
006 (2611906.000.000) 2025-08-19 15:12:30 Image size of job updated: 3164132
	2891  -  MemoryUsage of job (MB)
	2959876  -  ResidentSetSize of job (KB)
...
006 (2611906.000.000) 2025-08-19 15:17:31 Image size of job updated: 3164132
	2892  -  MemoryUsage of job (MB)
	2961336  -  ResidentSetSize of job (KB)
...
006 (2611906.000.000) 2025-08-19 15:22:31 Image size of job updated: 3164132
	2893  -  MemoryUsage of job (MB)
	2961600  -  ResidentSetSize of job (KB)
...
006 (2611906.000.000) 2025-08-19 15:27:31 Image size of job updated: 3164132
	2894  -  MemoryUsage of job (MB)
	2962568  -  ResidentSetSize of job (KB)
...
006 (2611906.000.000) 2025-08-19 15:32:32 Image size of job updated: 3164132
	2894  -  MemoryUsage of job (MB)
	2962816  -  ResidentSetSize of job (KB)
...
006 (2611906.000.000) 2025-08-19 15:37:33 Image size of job updated: 3164132
	2894  -  MemoryUsage of job (MB)
	2963036  -  ResidentSetSize of job (KB)
...
006 (2611906.000.000) 2025-08-19 15:42:33 Image size of job updated: 3164132
	2895  -  MemoryUsage of job (MB)
	2964004  -  ResidentSetSize of job (KB)
...
006 (2611906.000.000) 2025-08-19 15:47:33 Image size of job updated: 3164132
	2895  -  MemoryUsage of job (MB)
	2964232  -  ResidentSetSize of job (KB)
...
006 (2611906.000.000) 2025-08-19 15:52:34 Image size of job updated: 3230080
	2910  -  MemoryUsage of job (MB)
	2979468  -  ResidentSetSize of job (KB)
...
006 (2611906.000.000) 2025-08-19 16:02:34 Image size of job updated: 3230080
	2910  -  MemoryUsage of job (MB)
	2979624  -  ResidentSetSize of job (KB)
...
006 (2611906.000.000) 2025-08-19 16:07:35 Image size of job updated: 3230080
	2910  -  MemoryUsage of job (MB)
	2979836  -  ResidentSetSize of job (KB)
...
006 (2611906.000.000) 2025-08-19 16:12:36 Image size of job updated: 3230080
	2911  -  MemoryUsage of job (MB)
	2980052  -  ResidentSetSize of job (KB)
...
006 (2611906.000.000) 2025-08-19 16:17:36 Image size of job updated: 3230080
	2912  -  MemoryUsage of job (MB)
	2981644  -  ResidentSetSize of job (KB)
...
006 (2611906.000.000) 2025-08-19 16:22:36 Image size of job updated: 3230080
	2912  -  MemoryUsage of job (MB)
	2981884  -  ResidentSetSize of job (KB)
...
006 (2611906.000.000) 2025-08-19 16:27:37 Image size of job updated: 3230080
	2914  -  MemoryUsage of job (MB)
	2983296  -  ResidentSetSize of job (KB)
...
006 (2611906.000.000) 2025-08-19 16:32:38 Image size of job updated: 3230080
	2914  -  MemoryUsage of job (MB)
	2983528  -  ResidentSetSize of job (KB)
...
006 (2611906.000.000) 2025-08-19 16:37:38 Image size of job updated: 3230080
	2915  -  MemoryUsage of job (MB)
	2984472  -  ResidentSetSize of job (KB)
...
006 (2611906.000.000) 2025-08-19 16:42:38 Image size of job updated: 3230080
	2915  -  MemoryUsage of job (MB)
	2984668  -  ResidentSetSize of job (KB)
...
006 (2611906.000.000) 2025-08-19 16:47:39 Image size of job updated: 3230080
	2915  -  MemoryUsage of job (MB)
	2984876  -  ResidentSetSize of job (KB)
...
006 (2611906.000.000) 2025-08-19 16:52:40 Image size of job updated: 3305840
	2965  -  MemoryUsage of job (MB)
	3035636  -  ResidentSetSize of job (KB)
...
006 (2611906.000.000) 2025-08-19 16:57:40 Image size of job updated: 3305840
	2968  -  MemoryUsage of job (MB)
	3039068  -  ResidentSetSize of job (KB)
...
006 (2611906.000.000) 2025-08-19 17:02:41 Image size of job updated: 3305840
	2969  -  MemoryUsage of job (MB)
	3040016  -  ResidentSetSize of job (KB)
...
006 (2611906.000.000) 2025-08-19 17:07:42 Image size of job updated: 3305840
	2970  -  MemoryUsage of job (MB)
	3040268  -  ResidentSetSize of job (KB)
...
006 (2611906.000.000) 2025-08-19 17:12:42 Image size of job updated: 3305840
	2970  -  MemoryUsage of job (MB)
	3041152  -  ResidentSetSize of job (KB)
...
006 (2611906.000.000) 2025-08-19 17:17:42 Image size of job updated: 3305840
	2971  -  MemoryUsage of job (MB)
	3041400  -  ResidentSetSize of job (KB)
...
006 (2611906.000.000) 2025-08-19 17:22:43 Image size of job updated: 3305840
	2971  -  MemoryUsage of job (MB)
	3041632  -  ResidentSetSize of job (KB)
...
006 (2611906.000.000) 2025-08-19 17:27:44 Image size of job updated: 3305840
	2972  -  MemoryUsage of job (MB)
	3042528  -  ResidentSetSize of job (KB)
...
006 (2611906.000.000) 2025-08-19 17:32:44 Image size of job updated: 3305840
	2972  -  MemoryUsage of job (MB)
	3042720  -  ResidentSetSize of job (KB)
...
006 (2611906.000.000) 2025-08-19 17:37:44 Image size of job updated: 3305840
	2973  -  MemoryUsage of job (MB)
	3043632  -  ResidentSetSize of job (KB)
...
006 (2611906.000.000) 2025-08-19 17:42:45 Image size of job updated: 3305840
	2973  -  MemoryUsage of job (MB)
	3043856  -  ResidentSetSize of job (KB)
...
006 (2611906.000.000) 2025-08-19 17:47:46 Image size of job updated: 3305840
	2973  -  MemoryUsage of job (MB)
	3044024  -  ResidentSetSize of job (KB)
...
006 (2611906.000.000) 2025-08-19 17:52:46 Image size of job updated: 3367752
	3289  -  MemoryUsage of job (MB)
	3367752  -  ResidentSetSize of job (KB)
...
006 (2611906.000.000) 2025-08-19 17:57:46 Image size of job updated: 3367780
	3289  -  MemoryUsage of job (MB)
	3367780  -  ResidentSetSize of job (KB)
...
006 (2611906.000.000) 2025-08-19 19:57:58 Image size of job updated: 3503444
	3289  -  MemoryUsage of job (MB)
	3367780  -  ResidentSetSize of job (KB)
...
006 (2611906.000.000) 2025-08-19 20:58:03 Image size of job updated: 3576632
	3289  -  MemoryUsage of job (MB)
	3367780  -  ResidentSetSize of job (KB)
...
006 (2611906.000.000) 2025-08-19 21:58:09 Image size of job updated: 3627700
	3289  -  MemoryUsage of job (MB)
	3367780  -  ResidentSetSize of job (KB)
...
006 (2611906.000.000) 2025-08-19 23:03:16 Image size of job updated: 3651108
	3289  -  MemoryUsage of job (MB)
	3367780  -  ResidentSetSize of job (KB)
...
006 (2611906.000.000) 2025-08-20 00:03:22 Image size of job updated: 3654324
	3289  -  MemoryUsage of job (MB)
	3367780  -  ResidentSetSize of job (KB)
...
006 (2611906.000.000) 2025-08-20 02:03:34 Image size of job updated: 3654324
	3563  -  MemoryUsage of job (MB)
	3648036  -  ResidentSetSize of job (KB)
...
006 (2611906.000.000) 2025-08-20 03:08:41 Image size of job updated: 3672596
	3563  -  MemoryUsage of job (MB)
	3648036  -  ResidentSetSize of job (KB)
...
006 (2611906.000.000) 2025-08-20 03:48:07 Image size of job updated: 3695076
	3563  -  MemoryUsage of job (MB)
	3648036  -  ResidentSetSize of job (KB)
...
005 (2611906.000.000) 2025-08-20 03:48:07 Job terminated.
	(1) Normal termination (return value 0)
		Usr 41 06:48:22, Sys 0 00:10:09  -  Run Remote Usage
		Usr 0 00:00:00, Sys 0 00:00:00  -  Run Local Usage
		Usr 41 06:48:22, Sys 0 00:10:09  -  Total Remote Usage
		Usr 0 00:00:00, Sys 0 00:00:00  -  Total Local Usage
	0  -  Run Bytes Sent By Job
	0  -  Run Bytes Received By Job
	0  -  Total Bytes Sent By Job
	0  -  Total Bytes Received By Job
	Partitionable Resources :    Usage  Request Allocated 
	   Cpus                 :     1.76       64        64 
	   Disk (KB)            : 17500    16777216  16779833 
	   GPUs                 :                           0 
	   Memory (MB)          :  3563       16384     16384 
	   TimeExecute (s)      : 83215                       
	   TimeSlotBusy (s)     : 83215                       

	Job terminated of its own accord at 2025-08-20T01:48:07Z with exit-code 0.
...
