000 (2559272.000.000) 2025-07-27 11:08:38 Job submitted from host: <145.107.7.246:9618?addrs=145.107.7.246-9618+[2a07-8500-120-e070--3f6]-9618&alias=taai-007.nikhef.nl&noUDP&sock=schedd_2614_90a7>
    DAG Node: run_c
...
001 (2559272.000.000) 2025-07-27 11:09:25 Job executing on host: <145.107.4.165:9618?addrs=145.107.4.165-9618+[2a07-8500-120-e070--a5]-9618&alias=wn-pijl-004.nikhef.nl&noUDP&sock=startd_4575_a5df>
	SlotName: slot1_7@wn-pijl-004.nikhef.nl
	AvailableGPUs = {  }
	CondorScratchDir = "/scratch/condor_execute/dir_2574960"
	Cpus = 64
	Disk = 16790397
	GPUs = 0
	Memory = 16384
...
006 (2559272.000.000) 2025-07-27 11:09:37 Image size of job updated: 292388
	0  -  MemoryUsage of job (MB)
	0  -  ResidentSetSize of job (KB)
...
005 (2559272.000.000) 2025-07-27 11:09:37 Job terminated.
	(1) Normal termination (return value 2)
		Usr 0 00:00:10, Sys 0 00:00:07  -  Run Remote Usage
		Usr 0 00:00:00, Sys 0 00:00:00  -  Run Local Usage
		Usr 0 00:00:10, Sys 0 00:00:07  -  Total Remote Usage
		Usr 0 00:00:00, Sys 0 00:00:00  -  Total Local Usage
	0  -  Run Bytes Sent By Job
	0  -  Run Bytes Received By Job
	0  -  Total Bytes Sent By Job
	0  -  Total Bytes Received By Job
	Partitionable Resources :    Usage  Request Allocated 
	   Cpus                 :    12.32       64        64 
	   Disk (KB)            : 17500    16777216  16790397 
	   GPUs                 :                           0 
	   Memory (MB)          :     0       16384     16384 
	   TimeExecute (s)      :    12                       
	   TimeSlotBusy (s)     :    12                       

	Job terminated of its own accord at 2025-07-27T09:09:37Z with exit-code 2.
...
000 (2559276.000.000) 2025-07-27 11:12:38 Job submitted from host: <145.107.7.246:9618?addrs=145.107.7.246-9618+[2a07-8500-120-e070--3f6]-9618&alias=taai-007.nikhef.nl&noUDP&sock=schedd_2614_90a7>
    DAG Node: run_c
...
001 (2559276.000.000) 2025-07-27 11:13:25 Job executing on host: <145.107.4.165:9618?addrs=145.107.4.165-9618+[2a07-8500-120-e070--a5]-9618&alias=wn-pijl-004.nikhef.nl&noUDP&sock=startd_4575_a5df>
	SlotName: slot1_7@wn-pijl-004.nikhef.nl
	AvailableGPUs = {  }
	CondorScratchDir = "/scratch/condor_execute/dir_2578036"
	Cpus = 64
	Disk = 16790397
	GPUs = 0
	Memory = 16384
...
006 (2559276.000.000) 2025-07-27 11:13:35 Image size of job updated: 17500
	0  -  MemoryUsage of job (MB)
	0  -  ResidentSetSize of job (KB)
...
005 (2559276.000.000) 2025-07-27 11:13:35 Job terminated.
	(1) Normal termination (return value 2)
		Usr 0 00:00:11, Sys 0 00:00:07  -  Run Remote Usage
		Usr 0 00:00:00, Sys 0 00:00:00  -  Run Local Usage
		Usr 0 00:00:11, Sys 0 00:00:07  -  Total Remote Usage
		Usr 0 00:00:00, Sys 0 00:00:00  -  Total Local Usage
	0  -  Run Bytes Sent By Job
	0  -  Run Bytes Received By Job
	0  -  Total Bytes Sent By Job
	0  -  Total Bytes Received By Job
	Partitionable Resources :    Usage  Request Allocated 
	   Cpus                 :     7.68       64        64 
	   Disk (KB)            : 17500    16777216  16790397 
	   GPUs                 :                           0 
	   Memory (MB)          :     0       16384     16384 
	   TimeExecute (s)      :    10                       
	   TimeSlotBusy (s)     :    10                       

	Job terminated of its own accord at 2025-07-27T09:13:35Z with exit-code 2.
...
000 (2559280.000.000) 2025-07-27 11:17:28 Job submitted from host: <145.107.7.246:9618?addrs=145.107.7.246-9618+[2a07-8500-120-e070--3f6]-9618&alias=taai-007.nikhef.nl&noUDP&sock=schedd_2614_90a7>
    DAG Node: run_c
...
009 (2559280.000.000) 2025-07-27 11:19:03 Job was aborted.
	DAG Removed: User removed scheduler job from queue. (by user twouters)
...
000 (2559284.000.000) 2025-07-27 11:19:18 Job submitted from host: <145.107.7.246:9618?addrs=145.107.7.246-9618+[2a07-8500-120-e070--3f6]-9618&alias=taai-007.nikhef.nl&noUDP&sock=schedd_2614_90a7>
    DAG Node: run_c
...
001 (2559284.000.000) 2025-07-27 11:20:26 Job executing on host: <145.107.4.166:9618?addrs=145.107.4.166-9618+[2a07-8500-120-e070--a6]-9618&alias=wn-pijl-005.nikhef.nl&noUDP&sock=startd_4117_7f7f>
	SlotName: slot1_5@wn-pijl-005.nikhef.nl
	AvailableGPUs = {  }
	CondorScratchDir = "/scratch/condor_execute/dir_1808935"
	Cpus = 128
	Disk = 16790366
	GPUs = 0
	Memory = 16384
...
006 (2559284.000.000) 2025-07-27 11:20:39 Image size of job updated: 330624
	323  -  MemoryUsage of job (MB)
	330624  -  ResidentSetSize of job (KB)
...
005 (2559284.000.000) 2025-07-27 11:20:39 Job terminated.
	(1) Normal termination (return value 2)
		Usr 0 00:00:19, Sys 0 00:00:07  -  Run Remote Usage
		Usr 0 00:00:00, Sys 0 00:00:00  -  Run Local Usage
		Usr 0 00:00:19, Sys 0 00:00:07  -  Total Remote Usage
		Usr 0 00:00:00, Sys 0 00:00:00  -  Total Local Usage
	0  -  Run Bytes Sent By Job
	0  -  Run Bytes Received By Job
	0  -  Total Bytes Sent By Job
	0  -  Total Bytes Received By Job
	Partitionable Resources :    Usage  Request Allocated 
	   Cpus                 :     7.89      128       128 
	   Disk (KB)            : 17500    16777216  16790366 
	   GPUs                 :                           0 
	   Memory (MB)          :   323       16384     16384 
	   TimeExecute (s)      :    13                       
	   TimeSlotBusy (s)     :    14                       

	Job terminated of its own accord at 2025-07-27T09:20:39Z with exit-code 2.
...
000 (2559288.000.000) 2025-07-27 11:21:06 Job submitted from host: <145.107.7.246:9618?addrs=145.107.7.246-9618+[2a07-8500-120-e070--3f6]-9618&alias=taai-007.nikhef.nl&noUDP&sock=schedd_2614_90a7>
    DAG Node: run_c
...
001 (2559288.000.000) 2025-07-27 11:21:26 Job executing on host: <145.107.4.166:9618?addrs=145.107.4.166-9618+[2a07-8500-120-e070--a6]-9618&alias=wn-pijl-005.nikhef.nl&noUDP&sock=startd_4117_7f7f>
	SlotName: slot1_5@wn-pijl-005.nikhef.nl
	AvailableGPUs = {  }
	CondorScratchDir = "/scratch/condor_execute/dir_1809797"
	Cpus = 128
	Disk = 16790366
	GPUs = 0
	Memory = 16384
...
006 (2559288.000.000) 2025-07-27 11:21:40 Image size of job updated: 675688
	660  -  MemoryUsage of job (MB)
	675688  -  ResidentSetSize of job (KB)
...
006 (2559288.000.000) 2025-07-27 11:24:15 Image size of job updated: 1015744
	660  -  MemoryUsage of job (MB)
	675688  -  ResidentSetSize of job (KB)
...
004 (2559288.000.000) 2025-07-27 11:24:15 Job was evicted.
	(0) CPU times
		Usr 0 00:02:51, Sys 0 00:00:31  -  Run Remote Usage
		Usr 0 00:00:00, Sys 0 00:00:00  -  Run Local Usage
	0  -  Run Bytes Sent By Job
	0  -  Run Bytes Received By Job
	Partitionable Resources :    Usage  Request Allocated 
	   Cpus                 :     1.00      128       128 
	   Disk (KB)            : 17500    16777216  16790366 
	   GPUs                 :                           0 
	   Memory (MB)          :   660       16384     16384 
	   TimeExecute (s)      :   169                       
	   TimeSlotBusy (s)     :   169                       
...
009 (2559288.000.000) 2025-07-27 11:24:15 Job was aborted.
	removed because <OtherJobRemoveRequirements = DAGManJobId =?= 2559285> fired when job (2559285.0) was removed
...
000 (2559292.000.000) 2025-07-27 11:28:02 Job submitted from host: <145.107.7.246:9618?addrs=145.107.7.246-9618+[2a07-8500-120-e070--3f6]-9618&alias=taai-007.nikhef.nl&noUDP&sock=schedd_2614_90a7>
    DAG Node: run_c
...
001 (2559292.000.000) 2025-07-27 11:28:25 Job executing on host: <145.107.4.168:9618?addrs=145.107.4.168-9618+[2a07-8500-120-e070--a8]-9618&alias=wn-pijl-007.nikhef.nl&noUDP&sock=startd_4419_a519>
	SlotName: slot1_2@wn-pijl-007.nikhef.nl
	AvailableGPUs = {  }
	CondorScratchDir = "/scratch/condor_execute/dir_3124652"
	Cpus = 128
	Disk = 16790397
	GPUs = 0
	Memory = 16384
...
006 (2559292.000.000) 2025-07-27 11:28:37 Image size of job updated: 288380
	0  -  MemoryUsage of job (MB)
	0  -  ResidentSetSize of job (KB)
...
005 (2559292.000.000) 2025-07-27 11:28:37 Job terminated.
	(1) Normal termination (return value 1)
		Usr 0 00:00:18, Sys 0 00:00:07  -  Run Remote Usage
		Usr 0 00:00:00, Sys 0 00:00:00  -  Run Local Usage
		Usr 0 00:00:18, Sys 0 00:00:07  -  Total Remote Usage
		Usr 0 00:00:00, Sys 0 00:00:00  -  Total Local Usage
	0  -  Run Bytes Sent By Job
	0  -  Run Bytes Received By Job
	0  -  Total Bytes Sent By Job
	0  -  Total Bytes Received By Job
	Partitionable Resources :    Usage  Request Allocated 
	   Cpus                 :        0      128       128 
	   Disk (KB)            :    17500 16777216  16790397 
	   GPUs                 :                           0 
	   Memory (MB)          :        0    16384     16384 
	   TimeExecute (s)      :       12                    
	   TimeSlotBusy (s)     :       12                    

	Job terminated of its own accord at 2025-07-27T09:28:37Z with exit-code 1.
...
000 (2559296.000.000) 2025-07-27 11:31:02 Job submitted from host: <145.107.7.246:9618?addrs=145.107.7.246-9618+[2a07-8500-120-e070--3f6]-9618&alias=taai-007.nikhef.nl&noUDP&sock=schedd_2614_90a7>
    DAG Node: run_c
...
001 (2559296.000.000) 2025-07-27 11:31:25 Job executing on host: <145.107.4.162:9618?addrs=145.107.4.162-9618+[2a07-8500-120-e070--a2]-9618&alias=wn-pijl-001.nikhef.nl&noUDP&sock=startd_5234_aac9>
	SlotName: slot1_1@wn-pijl-001.nikhef.nl
	CondorScratchDir = "/scratch/condor_execute/dir_2628684"
	Cpus = 128
	Disk = 16790530
	GPUs = 0
	Memory = 16384
...
006 (2559296.000.000) 2025-07-27 11:31:39 Image size of job updated: 325316
	318  -  MemoryUsage of job (MB)
	325316  -  ResidentSetSize of job (KB)
...
005 (2559296.000.000) 2025-07-27 11:31:40 Job terminated.
	(1) Normal termination (return value 1)
		Usr 0 00:00:19, Sys 0 00:00:07  -  Run Remote Usage
		Usr 0 00:00:00, Sys 0 00:00:00  -  Run Local Usage
		Usr 0 00:00:19, Sys 0 00:00:07  -  Total Remote Usage
		Usr 0 00:00:00, Sys 0 00:00:00  -  Total Local Usage
	0  -  Run Bytes Sent By Job
	0  -  Run Bytes Received By Job
	0  -  Total Bytes Sent By Job
	0  -  Total Bytes Received By Job
	Partitionable Resources :    Usage  Request Allocated 
	   Cpus                 :        0      128       128 
	   Disk (KB)            :    17500 16777216  16790530 
	   GPUs                 :                           0 
	   Memory (MB)          :      318    16384     16384 
	   TimeExecute (s)      :       15                    
	   TimeSlotBusy (s)     :       15                    

	Job terminated of its own accord at 2025-07-27T09:31:40Z with exit-code 1.
...
000 (2559300.000.000) 2025-07-27 11:36:20 Job submitted from host: <145.107.7.246:9618?addrs=145.107.7.246-9618+[2a07-8500-120-e070--3f6]-9618&alias=taai-007.nikhef.nl&noUDP&sock=schedd_2614_90a7>
    DAG Node: run_c
...
001 (2559300.000.000) 2025-07-27 11:37:26 Job executing on host: <145.107.4.162:9618?addrs=145.107.4.162-9618+[2a07-8500-120-e070--a2]-9618&alias=wn-pijl-001.nikhef.nl&noUDP&sock=startd_5234_aac9>
	SlotName: slot1_1@wn-pijl-001.nikhef.nl
	CondorScratchDir = "/scratch/condor_execute/dir_2631982"
	Cpus = 128
	Disk = 16790530
	GPUs = 0
	Memory = 16384
...
006 (2559300.000.000) 2025-07-27 11:37:39 Image size of job updated: 332564
	0  -  MemoryUsage of job (MB)
	0  -  ResidentSetSize of job (KB)
...
005 (2559300.000.000) 2025-07-27 11:37:39 Job terminated.
	(1) Normal termination (return value 1)
		Usr 0 00:00:20, Sys 0 00:00:07  -  Run Remote Usage
		Usr 0 00:00:00, Sys 0 00:00:00  -  Run Local Usage
		Usr 0 00:00:20, Sys 0 00:00:07  -  Total Remote Usage
		Usr 0 00:00:00, Sys 0 00:00:00  -  Total Local Usage
	0  -  Run Bytes Sent By Job
	0  -  Run Bytes Received By Job
	0  -  Total Bytes Sent By Job
	0  -  Total Bytes Received By Job
	Partitionable Resources :    Usage  Request Allocated 
	   Cpus                 :        0      128       128 
	   Disk (KB)            :    17500 16777216  16790530 
	   GPUs                 :                           0 
	   Memory (MB)          :        0    16384     16384 
	   TimeExecute (s)      :       13                    
	   TimeSlotBusy (s)     :       13                    

	Job terminated of its own accord at 2025-07-27T09:37:39Z with exit-code 1.
...
000 (2559308.000.000) 2025-07-27 11:40:11 Job submitted from host: <145.107.7.246:9618?addrs=145.107.7.246-9618+[2a07-8500-120-e070--3f6]-9618&alias=taai-007.nikhef.nl&noUDP&sock=schedd_2614_90a7>
    DAG Node: run_c
...
001 (2559308.000.000) 2025-07-27 11:40:26 Job executing on host: <145.107.4.162:9618?addrs=145.107.4.162-9618+[2a07-8500-120-e070--a2]-9618&alias=wn-pijl-001.nikhef.nl&noUDP&sock=startd_5234_aac9>
	SlotName: slot1_1@wn-pijl-001.nikhef.nl
	CondorScratchDir = "/scratch/condor_execute/dir_2635069"
	Cpus = 128
	Disk = 16790530
	GPUs = 0
	Memory = 16384
...
006 (2559308.000.000) 2025-07-27 11:40:38 Image size of job updated: 345212
	0  -  MemoryUsage of job (MB)
	0  -  ResidentSetSize of job (KB)
...
005 (2559308.000.000) 2025-07-27 11:40:38 Job terminated.
	(1) Normal termination (return value 1)
		Usr 0 00:00:19, Sys 0 00:00:07  -  Run Remote Usage
		Usr 0 00:00:00, Sys 0 00:00:00  -  Run Local Usage
		Usr 0 00:00:19, Sys 0 00:00:07  -  Total Remote Usage
		Usr 0 00:00:00, Sys 0 00:00:00  -  Total Local Usage
	0  -  Run Bytes Sent By Job
	0  -  Run Bytes Received By Job
	0  -  Total Bytes Sent By Job
	0  -  Total Bytes Received By Job
	Partitionable Resources :    Usage  Request Allocated 
	   Cpus                 :        0      128       128 
	   Disk (KB)            :    17500 16777216  16790530 
	   GPUs                 :                           0 
	   Memory (MB)          :        0    16384     16384 
	   TimeExecute (s)      :       12                    
	   TimeSlotBusy (s)     :       12                    

	Job terminated of its own accord at 2025-07-27T09:40:38Z with exit-code 1.
...
000 (2559312.000.000) 2025-07-27 11:44:41 Job submitted from host: <145.107.7.246:9618?addrs=145.107.7.246-9618+[2a07-8500-120-e070--3f6]-9618&alias=taai-007.nikhef.nl&noUDP&sock=schedd_2614_90a7>
    DAG Node: run_c
...
001 (2559312.000.000) 2025-07-27 11:45:25 Job executing on host: <145.107.4.162:9618?addrs=145.107.4.162-9618+[2a07-8500-120-e070--a2]-9618&alias=wn-pijl-001.nikhef.nl&noUDP&sock=startd_5234_aac9>
	SlotName: slot1_1@wn-pijl-001.nikhef.nl
	CondorScratchDir = "/scratch/condor_execute/dir_2637966"
	Cpus = 128
	Disk = 16790530
	GPUs = 0
	Memory = 16384
...
006 (2559312.000.000) 2025-07-27 11:45:39 Image size of job updated: 367512
	359  -  MemoryUsage of job (MB)
	367512  -  ResidentSetSize of job (KB)
...
006 (2559312.000.000) 2025-07-27 11:50:39 Image size of job updated: 7896056
	7711  -  MemoryUsage of job (MB)
	7896056  -  ResidentSetSize of job (KB)
...
006 (2559312.000.000) 2025-07-27 11:55:40 Image size of job updated: 7947656
	7762  -  MemoryUsage of job (MB)
	7947656  -  ResidentSetSize of job (KB)
...
006 (2559312.000.000) 2025-07-27 12:00:40 Image size of job updated: 7994368
	7807  -  MemoryUsage of job (MB)
	7994368  -  ResidentSetSize of job (KB)
...
006 (2559312.000.000) 2025-07-27 12:05:40 Image size of job updated: 8030340
	7843  -  MemoryUsage of job (MB)
	8030340  -  ResidentSetSize of job (KB)
...
006 (2559312.000.000) 2025-07-27 12:10:41 Image size of job updated: 8041220
	7853  -  MemoryUsage of job (MB)
	8041220  -  ResidentSetSize of job (KB)
...
006 (2559312.000.000) 2025-07-27 12:15:41 Image size of job updated: 8050740
	7863  -  MemoryUsage of job (MB)
	8050740  -  ResidentSetSize of job (KB)
...
006 (2559312.000.000) 2025-07-27 12:20:41 Image size of job updated: 8063988
	7875  -  MemoryUsage of job (MB)
	8063988  -  ResidentSetSize of job (KB)
...
006 (2559312.000.000) 2025-07-27 12:25:42 Image size of job updated: 8072548
	7884  -  MemoryUsage of job (MB)
	8072548  -  ResidentSetSize of job (KB)
...
006 (2559312.000.000) 2025-07-27 12:30:42 Image size of job updated: 8077036
	7888  -  MemoryUsage of job (MB)
	8077036  -  ResidentSetSize of job (KB)
...
006 (2559312.000.000) 2025-07-27 12:35:43 Image size of job updated: 8087352
	7898  -  MemoryUsage of job (MB)
	8087352  -  ResidentSetSize of job (KB)
...
006 (2559312.000.000) 2025-07-27 12:40:44 Image size of job updated: 8091532
	7902  -  MemoryUsage of job (MB)
	8091532  -  ResidentSetSize of job (KB)
...
006 (2559312.000.000) 2025-07-27 12:45:44 Image size of job updated: 8093416
	7904  -  MemoryUsage of job (MB)
	8093416  -  ResidentSetSize of job (KB)
...
006 (2559312.000.000) 2025-07-27 12:50:44 Image size of job updated: 8102704
	7913  -  MemoryUsage of job (MB)
	8102704  -  ResidentSetSize of job (KB)
...
006 (2559312.000.000) 2025-07-27 12:55:45 Image size of job updated: 8473912
	8276  -  MemoryUsage of job (MB)
	8473912  -  ResidentSetSize of job (KB)
...
006 (2559312.000.000) 2025-07-27 13:00:46 Image size of job updated: 8475476
	8277  -  MemoryUsage of job (MB)
	8475476  -  ResidentSetSize of job (KB)
...
006 (2559312.000.000) 2025-07-27 13:05:46 Image size of job updated: 8482028
	8284  -  MemoryUsage of job (MB)
	8482028  -  ResidentSetSize of job (KB)
...
006 (2559312.000.000) 2025-07-27 13:10:47 Image size of job updated: 8487884
	8289  -  MemoryUsage of job (MB)
	8487884  -  ResidentSetSize of job (KB)
...
006 (2559312.000.000) 2025-07-27 13:15:48 Image size of job updated: 8489168
	8291  -  MemoryUsage of job (MB)
	8489168  -  ResidentSetSize of job (KB)
...
006 (2559312.000.000) 2025-07-27 13:20:48 Image size of job updated: 8493392
	8295  -  MemoryUsage of job (MB)
	8493392  -  ResidentSetSize of job (KB)
...
006 (2559312.000.000) 2025-07-27 13:25:48 Image size of job updated: 8497948
	8299  -  MemoryUsage of job (MB)
	8497948  -  ResidentSetSize of job (KB)
...
006 (2559312.000.000) 2025-07-27 13:30:49 Image size of job updated: 8499196
	8300  -  MemoryUsage of job (MB)
	8499196  -  ResidentSetSize of job (KB)
...
006 (2559312.000.000) 2025-07-27 13:35:50 Image size of job updated: 8506188
	8307  -  MemoryUsage of job (MB)
	8506188  -  ResidentSetSize of job (KB)
...
006 (2559312.000.000) 2025-07-27 13:40:51 Image size of job updated: 8512432
	8313  -  MemoryUsage of job (MB)
	8512432  -  ResidentSetSize of job (KB)
...
006 (2559312.000.000) 2025-07-27 13:45:51 Image size of job updated: 8516756
	8318  -  MemoryUsage of job (MB)
	8516756  -  ResidentSetSize of job (KB)
...
006 (2559312.000.000) 2025-07-27 13:50:52 Image size of job updated: 8524412
	8325  -  MemoryUsage of job (MB)
	8524412  -  ResidentSetSize of job (KB)
...
006 (2559312.000.000) 2025-07-27 13:55:52 Image size of job updated: 8525132
	8326  -  MemoryUsage of job (MB)
	8525132  -  ResidentSetSize of job (KB)
...
006 (2559312.000.000) 2025-07-27 14:00:52 Image size of job updated: 8527784
	8326  -  MemoryUsage of job (MB)
	8525132  -  ResidentSetSize of job (KB)
...
006 (2559312.000.000) 2025-07-27 14:05:53 Image size of job updated: 8551692
	8352  -  MemoryUsage of job (MB)
	8551692  -  ResidentSetSize of job (KB)
...
006 (2559312.000.000) 2025-07-27 14:10:53 Image size of job updated: 8552548
	8353  -  MemoryUsage of job (MB)
	8552548  -  ResidentSetSize of job (KB)
...
006 (2559312.000.000) 2025-07-27 14:15:53 Image size of job updated: 8559664
	8360  -  MemoryUsage of job (MB)
	8559664  -  ResidentSetSize of job (KB)
...
006 (2559312.000.000) 2025-07-27 14:20:54 Image size of job updated: 8559936
	8360  -  MemoryUsage of job (MB)
	8559936  -  ResidentSetSize of job (KB)
...
006 (2559312.000.000) 2025-07-27 14:25:55 Image size of job updated: 8560388
	8360  -  MemoryUsage of job (MB)
	8560388  -  ResidentSetSize of job (KB)
...
006 (2559312.000.000) 2025-07-27 14:30:55 Image size of job updated: 8567484
	8367  -  MemoryUsage of job (MB)
	8567484  -  ResidentSetSize of job (KB)
...
006 (2559312.000.000) 2025-07-27 14:35:55 Image size of job updated: 8567640
	8367  -  MemoryUsage of job (MB)
	8567640  -  ResidentSetSize of job (KB)
...
006 (2559312.000.000) 2025-07-27 14:40:56 Image size of job updated: 8568036
	8368  -  MemoryUsage of job (MB)
	8568036  -  ResidentSetSize of job (KB)
...
006 (2559312.000.000) 2025-07-27 14:45:56 Image size of job updated: 8572884
	8372  -  MemoryUsage of job (MB)
	8572884  -  ResidentSetSize of job (KB)
...
006 (2559312.000.000) 2025-07-27 14:50:56 Image size of job updated: 8578044
	8377  -  MemoryUsage of job (MB)
	8578044  -  ResidentSetSize of job (KB)
...
006 (2559312.000.000) 2025-07-27 14:55:57 Image size of job updated: 8578380
	8378  -  MemoryUsage of job (MB)
	8578380  -  ResidentSetSize of job (KB)
...
006 (2559312.000.000) 2025-07-27 15:00:57 Image size of job updated: 8581040
	8380  -  MemoryUsage of job (MB)
	8581040  -  ResidentSetSize of job (KB)
...
006 (2559312.000.000) 2025-07-27 15:05:57 Image size of job updated: 8585412
	8385  -  MemoryUsage of job (MB)
	8585412  -  ResidentSetSize of job (KB)
...
006 (2559312.000.000) 2025-07-27 15:10:58 Image size of job updated: 8605976
	8405  -  MemoryUsage of job (MB)
	8605976  -  ResidentSetSize of job (KB)
...
006 (2559312.000.000) 2025-07-27 15:15:58 Image size of job updated: 8609272
	8408  -  MemoryUsage of job (MB)
	8609272  -  ResidentSetSize of job (KB)
...
006 (2559312.000.000) 2025-07-27 15:20:58 Image size of job updated: 8614808
	8413  -  MemoryUsage of job (MB)
	8614808  -  ResidentSetSize of job (KB)
...
006 (2559312.000.000) 2025-07-27 15:25:59 Image size of job updated: 8619276
	8418  -  MemoryUsage of job (MB)
	8619276  -  ResidentSetSize of job (KB)
...
006 (2559312.000.000) 2025-07-27 15:31:00 Image size of job updated: 8619588
	8418  -  MemoryUsage of job (MB)
	8619588  -  ResidentSetSize of job (KB)
...
006 (2559312.000.000) 2025-07-27 15:36:00 Image size of job updated: 8626048
	8424  -  MemoryUsage of job (MB)
	8626048  -  ResidentSetSize of job (KB)
...
006 (2559312.000.000) 2025-07-27 15:41:00 Image size of job updated: 8626292
	8425  -  MemoryUsage of job (MB)
	8626292  -  ResidentSetSize of job (KB)
...
006 (2559312.000.000) 2025-07-27 15:46:00 Image size of job updated: 8626304
	8425  -  MemoryUsage of job (MB)
	8626304  -  ResidentSetSize of job (KB)
...
006 (2559312.000.000) 2025-07-27 15:51:01 Image size of job updated: 8629356
	8428  -  MemoryUsage of job (MB)
	8629356  -  ResidentSetSize of job (KB)
...
006 (2559312.000.000) 2025-07-27 15:56:02 Image size of job updated: 8636068
	8434  -  MemoryUsage of job (MB)
	8636068  -  ResidentSetSize of job (KB)
...
006 (2559312.000.000) 2025-07-27 16:01:03 Image size of job updated: 8636080
	8434  -  MemoryUsage of job (MB)
	8636080  -  ResidentSetSize of job (KB)
...
006 (2559312.000.000) 2025-07-27 16:06:04 Image size of job updated: 8638384
	8436  -  MemoryUsage of job (MB)
	8638384  -  ResidentSetSize of job (KB)
...
006 (2559312.000.000) 2025-07-27 16:11:05 Image size of job updated: 8649792
	8436  -  MemoryUsage of job (MB)
	8638384  -  ResidentSetSize of job (KB)
...
006 (2559312.000.000) 2025-07-27 16:21:06 Image size of job updated: 8649792
	8437  -  MemoryUsage of job (MB)
	8639288  -  ResidentSetSize of job (KB)
...
006 (2559312.000.000) 2025-07-27 16:26:06 Image size of job updated: 8649792
	8444  -  MemoryUsage of job (MB)
	8646064  -  ResidentSetSize of job (KB)
...
006 (2559312.000.000) 2025-07-27 16:31:06 Image size of job updated: 8649792
	8444  -  MemoryUsage of job (MB)
	8646076  -  ResidentSetSize of job (KB)
...
006 (2559312.000.000) 2025-07-27 16:36:07 Image size of job updated: 8649792
	8444  -  MemoryUsage of job (MB)
	8646172  -  ResidentSetSize of job (KB)
...
006 (2559312.000.000) 2025-07-27 16:41:07 Image size of job updated: 8653044
	8451  -  MemoryUsage of job (MB)
	8653044  -  ResidentSetSize of job (KB)
...
006 (2559312.000.000) 2025-07-27 16:46:07 Image size of job updated: 8653068
	8451  -  MemoryUsage of job (MB)
	8653068  -  ResidentSetSize of job (KB)
...
006 (2559312.000.000) 2025-07-27 16:51:08 Image size of job updated: 8653088
	8451  -  MemoryUsage of job (MB)
	8653088  -  ResidentSetSize of job (KB)
...
006 (2559312.000.000) 2025-07-27 16:56:08 Image size of job updated: 8662888
	8460  -  MemoryUsage of job (MB)
	8662888  -  ResidentSetSize of job (KB)
...
006 (2559312.000.000) 2025-07-27 17:01:08 Image size of job updated: 8662904
	8460  -  MemoryUsage of job (MB)
	8662904  -  ResidentSetSize of job (KB)
...
006 (2559312.000.000) 2025-07-27 17:06:09 Image size of job updated: 8663060
	8461  -  MemoryUsage of job (MB)
	8663060  -  ResidentSetSize of job (KB)
...
006 (2559312.000.000) 2025-07-27 17:11:10 Image size of job updated: 8672212
	8469  -  MemoryUsage of job (MB)
	8672212  -  ResidentSetSize of job (KB)
...
006 (2559312.000.000) 2025-07-27 17:16:11 Image size of job updated: 8672228
	8469  -  MemoryUsage of job (MB)
	8672228  -  ResidentSetSize of job (KB)
...
006 (2559312.000.000) 2025-07-27 17:21:12 Image size of job updated: 8672288
	8470  -  MemoryUsage of job (MB)
	8672288  -  ResidentSetSize of job (KB)
...
006 (2559312.000.000) 2025-07-27 17:26:12 Image size of job updated: 8677820
	8475  -  MemoryUsage of job (MB)
	8677820  -  ResidentSetSize of job (KB)
...
006 (2559312.000.000) 2025-07-27 17:31:13 Image size of job updated: 8684200
	8481  -  MemoryUsage of job (MB)
	8684200  -  ResidentSetSize of job (KB)
...
006 (2559312.000.000) 2025-07-27 17:36:14 Image size of job updated: 8694660
	8491  -  MemoryUsage of job (MB)
	8694660  -  ResidentSetSize of job (KB)
...
006 (2559312.000.000) 2025-07-27 17:41:15 Image size of job updated: 8700148
	8497  -  MemoryUsage of job (MB)
	8700148  -  ResidentSetSize of job (KB)
...
006 (2559312.000.000) 2025-07-27 17:46:15 Image size of job updated: 8710196
	8507  -  MemoryUsage of job (MB)
	8710196  -  ResidentSetSize of job (KB)
...
006 (2559312.000.000) 2025-07-27 17:51:15 Image size of job updated: 8710204
	8507  -  MemoryUsage of job (MB)
	8710204  -  ResidentSetSize of job (KB)
...
006 (2559312.000.000) 2025-07-27 17:56:15 Image size of job updated: 8710528
	8507  -  MemoryUsage of job (MB)
	8710528  -  ResidentSetSize of job (KB)
...
006 (2559312.000.000) 2025-07-27 18:01:16 Image size of job updated: 8717032
	8513  -  MemoryUsage of job (MB)
	8717032  -  ResidentSetSize of job (KB)
...
006 (2559312.000.000) 2025-07-27 18:06:17 Image size of job updated: 8717124
	8513  -  MemoryUsage of job (MB)
	8717124  -  ResidentSetSize of job (KB)
...
006 (2559312.000.000) 2025-07-27 18:11:18 Image size of job updated: 8717336
	8514  -  MemoryUsage of job (MB)
	8717336  -  ResidentSetSize of job (KB)
...
006 (2559312.000.000) 2025-07-27 18:16:19 Image size of job updated: 8723840
	8520  -  MemoryUsage of job (MB)
	8723840  -  ResidentSetSize of job (KB)
...
006 (2559312.000.000) 2025-07-27 18:21:19 Image size of job updated: 8723876
	8520  -  MemoryUsage of job (MB)
	8723876  -  ResidentSetSize of job (KB)
...
006 (2559312.000.000) 2025-07-27 18:26:19 Image size of job updated: 8744888
	8540  -  MemoryUsage of job (MB)
	8744888  -  ResidentSetSize of job (KB)
...
006 (2559312.000.000) 2025-07-27 18:31:19 Image size of job updated: 8751432
	8547  -  MemoryUsage of job (MB)
	8751432  -  ResidentSetSize of job (KB)
...
006 (2559312.000.000) 2025-07-27 18:36:19 Image size of job updated: 8751452
	8547  -  MemoryUsage of job (MB)
	8751452  -  ResidentSetSize of job (KB)
...
006 (2559312.000.000) 2025-07-27 18:41:19 Image size of job updated: 8753956
	8549  -  MemoryUsage of job (MB)
	8753956  -  ResidentSetSize of job (KB)
...
006 (2559312.000.000) 2025-07-27 18:46:19 Image size of job updated: 8758232
	8553  -  MemoryUsage of job (MB)
	8758232  -  ResidentSetSize of job (KB)
...
006 (2559312.000.000) 2025-07-27 18:51:19 Image size of job updated: 8758256
	8553  -  MemoryUsage of job (MB)
	8758256  -  ResidentSetSize of job (KB)
...
006 (2559312.000.000) 2025-07-27 18:56:19 Image size of job updated: 8761480
	8557  -  MemoryUsage of job (MB)
	8761480  -  ResidentSetSize of job (KB)
...
006 (2559312.000.000) 2025-07-27 19:01:19 Image size of job updated: 8770604
	8566  -  MemoryUsage of job (MB)
	8770604  -  ResidentSetSize of job (KB)
...
006 (2559312.000.000) 2025-07-27 19:06:20 Image size of job updated: 8770704
	8566  -  MemoryUsage of job (MB)
	8770704  -  ResidentSetSize of job (KB)
...
006 (2559312.000.000) 2025-07-27 19:11:20 Image size of job updated: 8770904
	8566  -  MemoryUsage of job (MB)
	8770904  -  ResidentSetSize of job (KB)
...
006 (2559312.000.000) 2025-07-27 19:16:20 Image size of job updated: 8779608
	8574  -  MemoryUsage of job (MB)
	8779608  -  ResidentSetSize of job (KB)
...
006 (2559312.000.000) 2025-07-27 19:21:21 Image size of job updated: 8783896
	8579  -  MemoryUsage of job (MB)
	8783896  -  ResidentSetSize of job (KB)
...
006 (2559312.000.000) 2025-07-27 19:26:22 Image size of job updated: 8784084
	8579  -  MemoryUsage of job (MB)
	8784084  -  ResidentSetSize of job (KB)
...
006 (2559312.000.000) 2025-07-27 19:31:22 Image size of job updated: 8787080
	8582  -  MemoryUsage of job (MB)
	8787080  -  ResidentSetSize of job (KB)
...
006 (2559312.000.000) 2025-07-27 19:36:22 Image size of job updated: 8798360
	8593  -  MemoryUsage of job (MB)
	8798360  -  ResidentSetSize of job (KB)
...
006 (2559312.000.000) 2025-07-27 20:16:28 Image size of job updated: 8802820
	8597  -  MemoryUsage of job (MB)
	8802820  -  ResidentSetSize of job (KB)
...
006 (2559312.000.000) 2025-07-27 20:21:28 Image size of job updated: 8802988
	8597  -  MemoryUsage of job (MB)
	8802988  -  ResidentSetSize of job (KB)
...
006 (2559312.000.000) 2025-07-27 20:26:29 Image size of job updated: 8802992
	8597  -  MemoryUsage of job (MB)
	8802992  -  ResidentSetSize of job (KB)
...
006 (2559312.000.000) 2025-07-27 20:31:30 Image size of job updated: 8809540
	8604  -  MemoryUsage of job (MB)
	8809540  -  ResidentSetSize of job (KB)
...
006 (2559312.000.000) 2025-07-27 20:36:30 Image size of job updated: 8809688
	8604  -  MemoryUsage of job (MB)
	8809688  -  ResidentSetSize of job (KB)
...
006 (2559312.000.000) 2025-07-27 20:46:30 Image size of job updated: 8820480
	8614  -  MemoryUsage of job (MB)
	8820480  -  ResidentSetSize of job (KB)
...
006 (2559312.000.000) 2025-07-27 20:51:30 Image size of job updated: 8826240
	8614  -  MemoryUsage of job (MB)
	8820480  -  ResidentSetSize of job (KB)
...
006 (2559312.000.000) 2025-07-27 22:01:37 Image size of job updated: 8826240
	8620  -  MemoryUsage of job (MB)
	8826064  -  ResidentSetSize of job (KB)
...
006 (2559312.000.000) 2025-07-27 22:06:38 Image size of job updated: 8830312
	8624  -  MemoryUsage of job (MB)
	8830312  -  ResidentSetSize of job (KB)
...
006 (2559312.000.000) 2025-07-27 22:11:39 Image size of job updated: 8830324
	8624  -  MemoryUsage of job (MB)
	8830324  -  ResidentSetSize of job (KB)
...
006 (2559312.000.000) 2025-07-27 22:16:39 Image size of job updated: 8836184
	8630  -  MemoryUsage of job (MB)
	8836184  -  ResidentSetSize of job (KB)
...
006 (2559312.000.000) 2025-07-27 22:21:40 Image size of job updated: 8837080
	8630  -  MemoryUsage of job (MB)
	8837080  -  ResidentSetSize of job (KB)
...
006 (2559312.000.000) 2025-07-27 22:26:41 Image size of job updated: 8837108
	8630  -  MemoryUsage of job (MB)
	8837108  -  ResidentSetSize of job (KB)
...
006 (2559312.000.000) 2025-07-27 22:31:42 Image size of job updated: 8843788
	8637  -  MemoryUsage of job (MB)
	8843788  -  ResidentSetSize of job (KB)
...
006 (2559312.000.000) 2025-07-27 22:36:43 Image size of job updated: 8843796
	8637  -  MemoryUsage of job (MB)
	8843796  -  ResidentSetSize of job (KB)
...
006 (2559312.000.000) 2025-07-27 22:41:44 Image size of job updated: 8844000
	8637  -  MemoryUsage of job (MB)
	8844000  -  ResidentSetSize of job (KB)
...
006 (2559312.000.000) 2025-07-27 22:46:45 Image size of job updated: 8850592
	8644  -  MemoryUsage of job (MB)
	8850592  -  ResidentSetSize of job (KB)
...
006 (2559312.000.000) 2025-07-27 22:51:46 Image size of job updated: 8850608
	8644  -  MemoryUsage of job (MB)
	8850608  -  ResidentSetSize of job (KB)
...
006 (2559312.000.000) 2025-07-27 22:56:47 Image size of job updated: 8850748
	8644  -  MemoryUsage of job (MB)
	8850748  -  ResidentSetSize of job (KB)
...
006 (2559312.000.000) 2025-07-27 23:01:48 Image size of job updated: 8858684
	8652  -  MemoryUsage of job (MB)
	8858684  -  ResidentSetSize of job (KB)
...
006 (2559312.000.000) 2025-07-27 23:06:48 Image size of job updated: 8858704
	8652  -  MemoryUsage of job (MB)
	8858704  -  ResidentSetSize of job (KB)
...
006 (2559312.000.000) 2025-07-27 23:11:49 Image size of job updated: 8903616
	8695  -  MemoryUsage of job (MB)
	8903616  -  ResidentSetSize of job (KB)
...
006 (2559312.000.000) 2025-07-27 23:16:50 Image size of job updated: 8910028
	8702  -  MemoryUsage of job (MB)
	8910028  -  ResidentSetSize of job (KB)
...
006 (2559312.000.000) 2025-07-27 23:21:50 Image size of job updated: 8910204
	8702  -  MemoryUsage of job (MB)
	8910204  -  ResidentSetSize of job (KB)
...
006 (2559312.000.000) 2025-07-27 23:26:50 Image size of job updated: 8910208
	8702  -  MemoryUsage of job (MB)
	8910208  -  ResidentSetSize of job (KB)
...
006 (2559312.000.000) 2025-07-27 23:31:50 Image size of job updated: 8915476
	8707  -  MemoryUsage of job (MB)
	8915476  -  ResidentSetSize of job (KB)
...
006 (2559312.000.000) 2025-07-27 23:36:50 Image size of job updated: 8924564
	8716  -  MemoryUsage of job (MB)
	8924564  -  ResidentSetSize of job (KB)
...
006 (2559312.000.000) 2025-07-27 23:41:51 Image size of job updated: 8924576
	8716  -  MemoryUsage of job (MB)
	8924576  -  ResidentSetSize of job (KB)
...
006 (2559312.000.000) 2025-07-27 23:46:52 Image size of job updated: 8924600
	8716  -  MemoryUsage of job (MB)
	8924600  -  ResidentSetSize of job (KB)
...
006 (2559312.000.000) 2025-07-27 23:51:53 Image size of job updated: 8928484
	8720  -  MemoryUsage of job (MB)
	8928484  -  ResidentSetSize of job (KB)
...
006 (2559312.000.000) 2025-07-27 23:56:53 Image size of job updated: 8934268
	8725  -  MemoryUsage of job (MB)
	8934268  -  ResidentSetSize of job (KB)
...
006 (2559312.000.000) 2025-07-28 00:01:54 Image size of job updated: 8934452
	8726  -  MemoryUsage of job (MB)
	8934452  -  ResidentSetSize of job (KB)
...
006 (2559312.000.000) 2025-07-28 00:06:55 Image size of job updated: 8936704
	8728  -  MemoryUsage of job (MB)
	8936704  -  ResidentSetSize of job (KB)
...
006 (2559312.000.000) 2025-07-28 00:11:55 Image size of job updated: 8940464
	8731  -  MemoryUsage of job (MB)
	8940464  -  ResidentSetSize of job (KB)
...
006 (2559312.000.000) 2025-07-28 00:16:55 Image size of job updated: 8947040
	8731  -  MemoryUsage of job (MB)
	8940464  -  ResidentSetSize of job (KB)
...
006 (2559312.000.000) 2025-07-28 01:16:57 Image size of job updated: 8947040
	8735  -  MemoryUsage of job (MB)
	8943940  -  ResidentSetSize of job (KB)
...
006 (2559312.000.000) 2025-07-28 01:21:57 Image size of job updated: 8950064
	8741  -  MemoryUsage of job (MB)
	8950064  -  ResidentSetSize of job (KB)
...
006 (2559312.000.000) 2025-07-28 01:31:59 Image size of job updated: 8956788
	8747  -  MemoryUsage of job (MB)
	8956788  -  ResidentSetSize of job (KB)
...
006 (2559312.000.000) 2025-07-28 01:41:59 Image size of job updated: 8956796
	8747  -  MemoryUsage of job (MB)
	8956796  -  ResidentSetSize of job (KB)
...
006 (2559312.000.000) 2025-07-28 01:46:59 Image size of job updated: 8963472
	8754  -  MemoryUsage of job (MB)
	8963472  -  ResidentSetSize of job (KB)
...
006 (2559312.000.000) 2025-07-28 01:52:00 Image size of job updated: 8963480
	8754  -  MemoryUsage of job (MB)
	8963480  -  ResidentSetSize of job (KB)
...
006 (2559312.000.000) 2025-07-28 01:57:00 Image size of job updated: 8963500
	8754  -  MemoryUsage of job (MB)
	8963500  -  ResidentSetSize of job (KB)
...
006 (2559312.000.000) 2025-07-28 02:02:00 Image size of job updated: 8970032
	8760  -  MemoryUsage of job (MB)
	8970032  -  ResidentSetSize of job (KB)
...
006 (2559312.000.000) 2025-07-28 02:07:01 Image size of job updated: 8970036
	8760  -  MemoryUsage of job (MB)
	8970036  -  ResidentSetSize of job (KB)
...
006 (2559312.000.000) 2025-07-28 02:12:01 Image size of job updated: 8970072
	8760  -  MemoryUsage of job (MB)
	8970072  -  ResidentSetSize of job (KB)
...
006 (2559312.000.000) 2025-07-28 02:17:01 Image size of job updated: 8976708
	8767  -  MemoryUsage of job (MB)
	8976708  -  ResidentSetSize of job (KB)
...
006 (2559312.000.000) 2025-07-28 02:22:02 Image size of job updated: 8976716
	8767  -  MemoryUsage of job (MB)
	8976716  -  ResidentSetSize of job (KB)
...
006 (2559312.000.000) 2025-07-28 02:27:03 Image size of job updated: 8978980
	8769  -  MemoryUsage of job (MB)
	8978980  -  ResidentSetSize of job (KB)
...
006 (2559312.000.000) 2025-07-28 02:32:03 Image size of job updated: 9011300
	8801  -  MemoryUsage of job (MB)
	9011300  -  ResidentSetSize of job (KB)
...
006 (2559312.000.000) 2025-07-28 02:37:04 Image size of job updated: 9011316
	8801  -  MemoryUsage of job (MB)
	9011316  -  ResidentSetSize of job (KB)
...
006 (2559312.000.000) 2025-07-28 02:42:05 Image size of job updated: 9014488
	8804  -  MemoryUsage of job (MB)
	9014488  -  ResidentSetSize of job (KB)
...
006 (2559312.000.000) 2025-07-28 02:47:05 Image size of job updated: 9021048
	8810  -  MemoryUsage of job (MB)
	9021048  -  ResidentSetSize of job (KB)
...
006 (2559312.000.000) 2025-07-28 02:52:05 Image size of job updated: 9021064
	8810  -  MemoryUsage of job (MB)
	9021064  -  ResidentSetSize of job (KB)
...
006 (2559312.000.000) 2025-07-28 02:57:05 Image size of job updated: 9021244
	8810  -  MemoryUsage of job (MB)
	9021244  -  ResidentSetSize of job (KB)
...
006 (2559312.000.000) 2025-07-28 03:02:06 Image size of job updated: 9027716
	8817  -  MemoryUsage of job (MB)
	9027716  -  ResidentSetSize of job (KB)
...
006 (2559312.000.000) 2025-07-28 03:07:06 Image size of job updated: 9027936
	8817  -  MemoryUsage of job (MB)
	9027936  -  ResidentSetSize of job (KB)
...
006 (2559312.000.000) 2025-07-28 03:17:07 Image size of job updated: 9034400
	8823  -  MemoryUsage of job (MB)
	9034400  -  ResidentSetSize of job (KB)
...
006 (2559312.000.000) 2025-07-28 03:22:07 Image size of job updated: 9034552
	8823  -  MemoryUsage of job (MB)
	9034552  -  ResidentSetSize of job (KB)
...
006 (2559312.000.000) 2025-07-28 03:27:07 Image size of job updated: 9036804
	8826  -  MemoryUsage of job (MB)
	9036804  -  ResidentSetSize of job (KB)
...
006 (2559312.000.000) 2025-07-28 03:32:07 Image size of job updated: 9043172
	8832  -  MemoryUsage of job (MB)
	9043172  -  ResidentSetSize of job (KB)
...
006 (2559312.000.000) 2025-07-28 03:37:08 Image size of job updated: 9065104
	8832  -  MemoryUsage of job (MB)
	9043172  -  ResidentSetSize of job (KB)
...
006 (2559312.000.000) 2025-07-28 04:42:17 Image size of job updated: 9102168
	8889  -  MemoryUsage of job (MB)
	9102168  -  ResidentSetSize of job (KB)
...
006 (2559312.000.000) 2025-07-28 04:52:18 Image size of job updated: 9102304
	8889  -  MemoryUsage of job (MB)
	9102304  -  ResidentSetSize of job (KB)
...
006 (2559312.000.000) 2025-07-28 04:57:18 Image size of job updated: 9108852
	8896  -  MemoryUsage of job (MB)
	9108852  -  ResidentSetSize of job (KB)
...
006 (2559312.000.000) 2025-07-28 05:02:19 Image size of job updated: 9108864
	8896  -  MemoryUsage of job (MB)
	9108864  -  ResidentSetSize of job (KB)
...
006 (2559312.000.000) 2025-07-28 05:07:19 Image size of job updated: 9108884
	8896  -  MemoryUsage of job (MB)
	9108884  -  ResidentSetSize of job (KB)
...
006 (2559312.000.000) 2025-07-28 05:12:19 Image size of job updated: 9114264
	8901  -  MemoryUsage of job (MB)
	9114264  -  ResidentSetSize of job (KB)
...
006 (2559312.000.000) 2025-07-28 05:17:19 Image size of job updated: 9122816
	8909  -  MemoryUsage of job (MB)
	9122816  -  ResidentSetSize of job (KB)
...
006 (2559312.000.000) 2025-07-28 05:22:19 Image size of job updated: 9123004
	8910  -  MemoryUsage of job (MB)
	9123004  -  ResidentSetSize of job (KB)
...
006 (2559312.000.000) 2025-07-28 05:32:21 Image size of job updated: 9130248
	8917  -  MemoryUsage of job (MB)
	9130248  -  ResidentSetSize of job (KB)
...
006 (2559312.000.000) 2025-07-28 05:37:22 Image size of job updated: 9136088
	8922  -  MemoryUsage of job (MB)
	9136088  -  ResidentSetSize of job (KB)
...
006 (2559312.000.000) 2025-07-28 05:42:23 Image size of job updated: 9136096
	8922  -  MemoryUsage of job (MB)
	9136096  -  ResidentSetSize of job (KB)
...
006 (2559312.000.000) 2025-07-28 05:47:24 Image size of job updated: 9138428
	8925  -  MemoryUsage of job (MB)
	9138428  -  ResidentSetSize of job (KB)
...
006 (2559312.000.000) 2025-07-28 05:52:25 Image size of job updated: 9147764
	8934  -  MemoryUsage of job (MB)
	9147764  -  ResidentSetSize of job (KB)
...
006 (2559312.000.000) 2025-07-28 05:57:25 Image size of job updated: 9147772
	8934  -  MemoryUsage of job (MB)
	9147772  -  ResidentSetSize of job (KB)
...
006 (2559312.000.000) 2025-07-28 06:02:25 Image size of job updated: 9150964
	8937  -  MemoryUsage of job (MB)
	9150964  -  ResidentSetSize of job (KB)
...
006 (2559312.000.000) 2025-07-28 06:07:25 Image size of job updated: 9157560
	8943  -  MemoryUsage of job (MB)
	9157560  -  ResidentSetSize of job (KB)
...
006 (2559312.000.000) 2025-07-28 06:12:25 Image size of job updated: 9161764
	8948  -  MemoryUsage of job (MB)
	9161764  -  ResidentSetSize of job (KB)
...
006 (2559312.000.000) 2025-07-28 06:17:25 Image size of job updated: 9161936
	8948  -  MemoryUsage of job (MB)
	9161936  -  ResidentSetSize of job (KB)
...
006 (2559312.000.000) 2025-07-28 06:22:25 Image size of job updated: 9164924
	8951  -  MemoryUsage of job (MB)
	9164924  -  ResidentSetSize of job (KB)
...
006 (2559312.000.000) 2025-07-28 06:27:25 Image size of job updated: 9171492
	8957  -  MemoryUsage of job (MB)
	9171492  -  ResidentSetSize of job (KB)
...
006 (2559312.000.000) 2025-07-28 06:32:25 Image size of job updated: 9171624
	8957  -  MemoryUsage of job (MB)
	9171624  -  ResidentSetSize of job (KB)
...
006 (2559312.000.000) 2025-07-28 06:37:26 Image size of job updated: 9171632
	8957  -  MemoryUsage of job (MB)
	9171632  -  ResidentSetSize of job (KB)
...
006 (2559312.000.000) 2025-07-28 06:42:27 Image size of job updated: 9176896
	8962  -  MemoryUsage of job (MB)
	9176896  -  ResidentSetSize of job (KB)
...
006 (2559312.000.000) 2025-07-28 06:47:28 Image size of job updated: 9186556
	8972  -  MemoryUsage of job (MB)
	9186556  -  ResidentSetSize of job (KB)
...
006 (2559312.000.000) 2025-07-28 06:57:29 Image size of job updated: 9205808
	8991  -  MemoryUsage of job (MB)
	9205808  -  ResidentSetSize of job (KB)
...
006 (2559312.000.000) 2025-07-28 07:02:29 Image size of job updated: 9212328
	8997  -  MemoryUsage of job (MB)
	9212328  -  ResidentSetSize of job (KB)
...
006 (2559312.000.000) 2025-07-28 07:07:30 Image size of job updated: 9212344
	8997  -  MemoryUsage of job (MB)
	9212344  -  ResidentSetSize of job (KB)
...
006 (2559312.000.000) 2025-07-28 07:12:30 Image size of job updated: 9212516
	8997  -  MemoryUsage of job (MB)
	9212516  -  ResidentSetSize of job (KB)
...
006 (2559312.000.000) 2025-07-28 07:17:31 Image size of job updated: 9218900
	9003  -  MemoryUsage of job (MB)
	9218900  -  ResidentSetSize of job (KB)
...
006 (2559312.000.000) 2025-07-28 07:22:32 Image size of job updated: 9218920
	9003  -  MemoryUsage of job (MB)
	9218920  -  ResidentSetSize of job (KB)
...
006 (2559312.000.000) 2025-07-28 07:27:32 Image size of job updated: 9219080
	9004  -  MemoryUsage of job (MB)
	9219080  -  ResidentSetSize of job (KB)
...
006 (2559312.000.000) 2025-07-28 07:32:32 Image size of job updated: 9225620
	9010  -  MemoryUsage of job (MB)
	9225620  -  ResidentSetSize of job (KB)
...
006 (2559312.000.000) 2025-07-28 07:37:32 Image size of job updated: 9225640
	9010  -  MemoryUsage of job (MB)
	9225640  -  ResidentSetSize of job (KB)
...
006 (2559312.000.000) 2025-07-28 07:42:32 Image size of job updated: 9225752
	9010  -  MemoryUsage of job (MB)
	9225752  -  ResidentSetSize of job (KB)
...
006 (2559312.000.000) 2025-07-28 07:47:32 Image size of job updated: 9236128
	9020  -  MemoryUsage of job (MB)
	9236128  -  ResidentSetSize of job (KB)
...
006 (2559312.000.000) 2025-07-28 07:52:32 Image size of job updated: 9237104
	9021  -  MemoryUsage of job (MB)
	9237104  -  ResidentSetSize of job (KB)
...
006 (2559312.000.000) 2025-07-28 08:02:33 Image size of job updated: 9239368
	9021  -  MemoryUsage of job (MB)
	9237104  -  ResidentSetSize of job (KB)
...
004 (2559312.000.000) 2025-07-28 08:04:45 Job was evicted.
	(0) CPU times
		Usr 82 02:05:03, Sys 0 00:41:30  -  Run Remote Usage
		Usr 0 00:00:00, Sys 0 00:00:00  -  Run Local Usage
	0  -  Run Bytes Sent By Job
	0  -  Run Bytes Received By Job
	Partitionable Resources :    Usage  Request Allocated 
	   Cpus                 :     1.75      128       128 
	   Disk (KB)            : 17500    16777216  16790530 
	   GPUs                 :                           0 
	   Memory (MB)          :  9021       16384     16384 
	   TimeExecute (s)      : 73160                       
	   TimeSlotBusy (s)     : 73160                       
...
009 (2559312.000.000) 2025-07-28 08:04:45 Job was aborted.
	removed because <OtherJobRemoveRequirements = DAGManJobId =?= 2559309> fired when job (2559309.0) was removed
...
