000 (2587856.000.000) 2025-08-06 10:19:15 Job submitted from host: <145.107.7.246:9618?addrs=145.107.7.246-9618+[2a07-8500-120-e070--3f6]-9618&alias=taai-007.nikhef.nl&noUDP&sock=schedd_2614_90a7>
...
001 (2587856.000.000) 2025-08-06 10:19:39 Job executing on host: <145.107.4.165:9618?addrs=145.107.4.165-9618+[2a07-8500-120-e070--a5]-9618&alias=wn-pijl-004.nikhef.nl&noUDP&sock=startd_4575_a5df>
	SlotName: slot1_2@wn-pijl-004.nikhef.nl
	AvailableGPUs = { GPUs_GPU_3a90a09e_2f89_5005_c0d7_0fb69e88c7a6 }
	CondorScratchDir = "/scratch/condor_execute/dir_1886553"
	Cpus = 1
	Disk = 16790397
	GPUs = 1
	GPUs_GPU_3a90a09e_2f89_5005_c0d7_0fb69e88c7a6 = [ Id = "GPU-3a90a09e-2f89-5005-c0d7-0fb69e88c7a6"; ClockMhz = 2520.0; Capability = 8.9; CoresPerCU = 128; DeviceName = "NVIDIA L40S"; DeviceUuid = "3a90a09e-2f89-5005-c0d7-0fb69e88c7a6"; ECCEnabled = true; ComputeUnits = 142; NvidiaDriver = "570.124.06"; DriverVersion = 12.8; DevicePciBusId = "0000:02:00.0"; GlobalMemoryMb = 45468; MaxSupportedVersion = 12080 ]
	Memory = 16384
...
006 (2587856.000.000) 2025-08-06 10:19:53 Image size of job updated: 649668
	635  -  MemoryUsage of job (MB)
	649668  -  ResidentSetSize of job (KB)
...
006 (2587856.000.000) 2025-08-06 10:24:21 Image size of job updated: 3700940
	635  -  MemoryUsage of job (MB)
	649672  -  ResidentSetSize of job (KB)
...
005 (2587856.000.000) 2025-08-06 10:24:21 Job terminated.
	(1) Normal termination (return value 0)
		Usr 0 00:04:44, Sys 0 00:00:44  -  Run Remote Usage
		Usr 0 00:00:00, Sys 0 00:00:00  -  Run Local Usage
		Usr 0 00:04:44, Sys 0 00:00:44  -  Total Remote Usage
		Usr 0 00:00:00, Sys 0 00:00:00  -  Total Local Usage
	0  -  Run Bytes Sent By Job
	0  -  Run Bytes Received By Job
	0  -  Total Bytes Sent By Job
	0  -  Total Bytes Received By Job
	Partitionable Resources :    Usage  Request Allocated Assigned
	   Cpus                 :     1.07        1         1 
	   Disk (KB)            : 17500    16777216  16790397 
	   GPUs                 :                 1         1 "GPU-3a90a09e-2f89-5005-c0d7-0fb69e88c7a6"
	   GpusMemory (MB)      : 35158                       
	   Memory (MB)          :   635       16384     16384 
	   TimeExecute (s)      :   282                       
	   TimeSlotBusy (s)     :   283                       

	Job terminated of its own accord at 2025-08-06T08:24:21Z with exit-code 0.
...
000 (2587945.000.000) 2025-08-06 13:56:22 Job submitted from host: <145.107.7.246:9618?addrs=145.107.7.246-9618+[2a07-8500-120-e070--3f6]-9618&alias=taai-007.nikhef.nl&noUDP&sock=schedd_2614_90a7>
...
001 (2587945.000.000) 2025-08-06 13:56:42 Job executing on host: <145.107.4.165:9618?addrs=145.107.4.165-9618+[2a07-8500-120-e070--a5]-9618&alias=wn-pijl-004.nikhef.nl&noUDP&sock=startd_4575_a5df>
	SlotName: slot1_3@wn-pijl-004.nikhef.nl
	AvailableGPUs = { GPUs_GPU_b4269f1d_d802_4078_008d_64d0748b54c7 }
	CondorScratchDir = "/scratch/condor_execute/dir_2026777"
	Cpus = 1
	Disk = 16790397
	GPUs = 1
	GPUs_GPU_b4269f1d_d802_4078_008d_64d0748b54c7 = [ Id = "GPU-b4269f1d-d802-4078-008d-64d0748b54c7"; ClockMhz = 2520.0; Capability = 8.9; CoresPerCU = 128; DeviceName = "NVIDIA L40S"; DeviceUuid = "b4269f1d-d802-4078-008d-64d0748b54c7"; ECCEnabled = true; ComputeUnits = 142; NvidiaDriver = "570.124.06"; DriverVersion = 12.8; DevicePciBusId = "0000:C1:00.0"; GlobalMemoryMb = 45468; MaxSupportedVersion = 12080 ]
	Memory = 16384
...
006 (2587945.000.000) 2025-08-06 13:56:55 Image size of job updated: 562332
	550  -  MemoryUsage of job (MB)
	562332  -  ResidentSetSize of job (KB)
...
006 (2587945.000.000) 2025-08-06 14:01:55 Image size of job updated: 3623184
	3539  -  MemoryUsage of job (MB)
	3623184  -  ResidentSetSize of job (KB)
...
006 (2587945.000.000) 2025-08-06 14:02:29 Image size of job updated: 3712808
	3539  -  MemoryUsage of job (MB)
	3623184  -  ResidentSetSize of job (KB)
...
005 (2587945.000.000) 2025-08-06 14:02:29 Job terminated.
	(1) Normal termination (return value 0)
		Usr 0 00:06:05, Sys 0 00:00:38  -  Run Remote Usage
		Usr 0 00:00:00, Sys 0 00:00:00  -  Run Local Usage
		Usr 0 00:06:05, Sys 0 00:00:38  -  Total Remote Usage
		Usr 0 00:00:00, Sys 0 00:00:00  -  Total Local Usage
	0  -  Run Bytes Sent By Job
	0  -  Run Bytes Received By Job
	0  -  Total Bytes Sent By Job
	0  -  Total Bytes Received By Job
	Partitionable Resources :    Usage  Request Allocated Assigned
	   Cpus                 :     1.06        1         1 
	   Disk (KB)            : 17500    16777216  16790397 
	   GPUs                 :                 1         1 "GPU-b4269f1d-d802-4078-008d-64d0748b54c7"
	   GpusMemory (MB)      : 35158                       
	   Memory (MB)          :  3539       16384     16384 
	   TimeExecute (s)      :   347                       
	   TimeSlotBusy (s)     :   348                       

	Job terminated of its own accord at 2025-08-06T12:02:29Z with exit-code 0.
...
000 (2588041.000.000) 2025-08-06 18:14:12 Job submitted from host: <145.107.7.246:9618?addrs=145.107.7.246-9618+[2a07-8500-120-e070--3f6]-9618&alias=taai-007.nikhef.nl&noUDP&sock=schedd_2614_90a7>
...
009 (2588041.000.000) 2025-08-06 18:14:43 Job was aborted.
	via condor_rm (by user twouters)
...
000 (2588055.000.000) 2025-08-06 18:16:22 Job submitted from host: <145.107.7.246:9618?addrs=145.107.7.246-9618+[2a07-8500-120-e070--3f6]-9618&alias=taai-007.nikhef.nl&noUDP&sock=schedd_2614_90a7>
...
001 (2588055.000.000) 2025-08-06 18:16:45 Job executing on host: <145.107.4.168:9618?addrs=145.107.4.168-9618+[2a07-8500-120-e070--a8]-9618&alias=wn-pijl-007.nikhef.nl&noUDP&sock=startd_4419_a519>
	SlotName: slot1_4@wn-pijl-007.nikhef.nl
	AvailableGPUs = { GPUs_GPU_17c4be5e_b3fe_fa20_a680_01cb012c066e }
	CondorScratchDir = "/scratch/condor_execute/dir_4183625"
	Cpus = 1
	Disk = 16790397
	GPUs = 1
	GPUs_GPU_17c4be5e_b3fe_fa20_a680_01cb012c066e = [ Id = "GPU-17c4be5e-b3fe-fa20-a680-01cb012c066e"; ClockMhz = 2520.0; Capability = 8.9; CoresPerCU = 128; DeviceName = "NVIDIA L40S"; DeviceUuid = "17c4be5e-b3fe-fa20-a680-01cb012c066e"; ECCEnabled = true; ComputeUnits = 142; NvidiaDriver = "570.124.06"; DriverVersion = 12.8; DevicePciBusId = "0000:C2:00.0"; GlobalMemoryMb = 45468; MaxSupportedVersion = 12080 ]
	Memory = 16384
...
006 (2588055.000.000) 2025-08-06 18:16:58 Image size of job updated: 598928
	585  -  MemoryUsage of job (MB)
	598928  -  ResidentSetSize of job (KB)
...
006 (2588055.000.000) 2025-08-06 18:19:30 Image size of job updated: 3175376
	585  -  MemoryUsage of job (MB)
	599032  -  ResidentSetSize of job (KB)
...
005 (2588055.000.000) 2025-08-06 18:19:30 Job terminated.
	(1) Normal termination (return value 0)
		Usr 0 00:02:43, Sys 0 00:00:32  -  Run Remote Usage
		Usr 0 00:00:00, Sys 0 00:00:00  -  Run Local Usage
		Usr 0 00:02:43, Sys 0 00:00:32  -  Total Remote Usage
		Usr 0 00:00:00, Sys 0 00:00:00  -  Total Local Usage
	0  -  Run Bytes Sent By Job
	0  -  Run Bytes Received By Job
	0  -  Total Bytes Sent By Job
	0  -  Total Bytes Received By Job
	Partitionable Resources :    Usage  Request Allocated Assigned
	   Cpus                 :     1.12        1         1 
	   Disk (KB)            : 17500    16777216  16790397 
	   GPUs                 :     0.03        1         1 "GPU-17c4be5e-b3fe-fa20-a680-01cb012c066e"
	   GpusMemory (MB)      : 35156                       
	   Memory (MB)          :   585       16384     16384 
	   TimeExecute (s)      :   165                       
	   TimeSlotBusy (s)     :   166                       

	Job terminated of its own accord at 2025-08-06T16:19:30Z with exit-code 0.
...
000 (2588091.000.000) 2025-08-06 18:58:22 Job submitted from host: <145.107.7.246:9618?addrs=145.107.7.246-9618+[2a07-8500-120-e070--3f6]-9618&alias=taai-007.nikhef.nl&noUDP&sock=schedd_2614_90a7>
...
001 (2588091.000.000) 2025-08-06 18:58:45 Job executing on host: <145.107.4.168:9618?addrs=145.107.4.168-9618+[2a07-8500-120-e070--a8]-9618&alias=wn-pijl-007.nikhef.nl&noUDP&sock=startd_4419_a519>
	SlotName: slot1_4@wn-pijl-007.nikhef.nl
	AvailableGPUs = { GPUs_GPU_17c4be5e_b3fe_fa20_a680_01cb012c066e }
	CondorScratchDir = "/scratch/condor_execute/dir_44785"
	Cpus = 1
	Disk = 16790397
	GPUs = 1
	GPUs_GPU_17c4be5e_b3fe_fa20_a680_01cb012c066e = [ Id = "GPU-17c4be5e-b3fe-fa20-a680-01cb012c066e"; ClockMhz = 2520.0; Capability = 8.9; CoresPerCU = 128; DeviceName = "NVIDIA L40S"; DeviceUuid = "17c4be5e-b3fe-fa20-a680-01cb012c066e"; ECCEnabled = true; ComputeUnits = 142; NvidiaDriver = "570.124.06"; DriverVersion = 12.8; DevicePciBusId = "0000:C2:00.0"; GlobalMemoryMb = 45468; MaxSupportedVersion = 12080 ]
	Memory = 16384
...
006 (2588091.000.000) 2025-08-06 18:58:59 Image size of job updated: 651972
	637  -  MemoryUsage of job (MB)
	651972  -  ResidentSetSize of job (KB)
...
006 (2588091.000.000) 2025-08-06 19:04:00 Image size of job updated: 3355612
	3277  -  MemoryUsage of job (MB)
	3355612  -  ResidentSetSize of job (KB)
...
006 (2588091.000.000) 2025-08-06 19:06:53 Image size of job updated: 3731276
	3277  -  MemoryUsage of job (MB)
	3355612  -  ResidentSetSize of job (KB)
...
004 (2588091.000.000) 2025-08-06 19:06:53 Job was evicted.
	(0) CPU times
		Usr 0 00:06:36, Sys 0 00:00:44  -  Run Remote Usage
		Usr 0 00:00:00, Sys 0 00:00:00  -  Run Local Usage
	0  -  Run Bytes Sent By Job
	0  -  Run Bytes Received By Job
	Partitionable Resources :    Usage  Request Allocated Assigned
	   Cpus                 :     0.81        1         1 
	   Disk (KB)            : 17500    16777216  16790397 
	   GPUs                 :     0.45        1         1 "GPU-17c4be5e-b3fe-fa20-a680-01cb012c066e"
	   GpusMemory (MB)      : 35158                       
	   Memory (MB)          :  3277       16384     16384 
	   TimeExecute (s)      :   488                       
	   TimeSlotBusy (s)     :   488                       
...
009 (2588091.000.000) 2025-08-06 19:06:53 Job was aborted.
	via condor_rm (by user twouters)
...
000 (2588109.000.000) 2025-08-06 19:07:50 Job submitted from host: <145.107.7.246:9618?addrs=145.107.7.246-9618+[2a07-8500-120-e070--3f6]-9618&alias=taai-007.nikhef.nl&noUDP&sock=schedd_2614_90a7>
...
001 (2588109.000.000) 2025-08-06 19:08:44 Job executing on host: <145.107.4.168:9618?addrs=145.107.4.168-9618+[2a07-8500-120-e070--a8]-9618&alias=wn-pijl-007.nikhef.nl&noUDP&sock=startd_4419_a519>
	SlotName: slot1_4@wn-pijl-007.nikhef.nl
	AvailableGPUs = { GPUs_GPU_17c4be5e_b3fe_fa20_a680_01cb012c066e }
	CondorScratchDir = "/scratch/condor_execute/dir_69637"
	Cpus = 1
	Disk = 16790397
	GPUs = 1
	GPUs_GPU_17c4be5e_b3fe_fa20_a680_01cb012c066e = [ Id = "GPU-17c4be5e-b3fe-fa20-a680-01cb012c066e"; ClockMhz = 2520.0; Capability = 8.9; CoresPerCU = 128; DeviceName = "NVIDIA L40S"; DeviceUuid = "17c4be5e-b3fe-fa20-a680-01cb012c066e"; ECCEnabled = true; ComputeUnits = 142; NvidiaDriver = "570.124.06"; DriverVersion = 12.8; DevicePciBusId = "0000:C2:00.0"; GlobalMemoryMb = 45468; MaxSupportedVersion = 12080 ]
	Memory = 16384
...
006 (2588109.000.000) 2025-08-06 19:08:58 Image size of job updated: 660568
	646  -  MemoryUsage of job (MB)
	660568  -  ResidentSetSize of job (KB)
...
006 (2588109.000.000) 2025-08-06 19:13:58 Image size of job updated: 3389932
	3311  -  MemoryUsage of job (MB)
	3389932  -  ResidentSetSize of job (KB)
...
006 (2588109.000.000) 2025-08-06 19:18:59 Image size of job updated: 4051836
	3957  -  MemoryUsage of job (MB)
	4051836  -  ResidentSetSize of job (KB)
...
006 (2588109.000.000) 2025-08-06 19:22:19 Image size of job updated: 4484784
	3957  -  MemoryUsage of job (MB)
	4051836  -  ResidentSetSize of job (KB)
...
005 (2588109.000.000) 2025-08-06 19:22:19 Job terminated.
	(1) Normal termination (return value 0)
		Usr 0 00:10:54, Sys 0 00:01:12  -  Run Remote Usage
		Usr 0 00:00:00, Sys 0 00:00:00  -  Run Local Usage
		Usr 0 00:10:54, Sys 0 00:01:12  -  Total Remote Usage
		Usr 0 00:00:00, Sys 0 00:00:00  -  Total Local Usage
	0  -  Run Bytes Sent By Job
	0  -  Run Bytes Received By Job
	0  -  Total Bytes Sent By Job
	0  -  Total Bytes Received By Job
	Partitionable Resources :    Usage  Request Allocated Assigned
	   Cpus                 :     0.81        1         1 
	   Disk (KB)            : 17500    16777216  16790397 
	   GPUs                 :     0.46        1         1 "GPU-17c4be5e-b3fe-fa20-a680-01cb012c066e"
	   GpusMemory (MB)      : 35160                       
	   Memory (MB)          :  3957       16384     16384 
	   TimeExecute (s)      :   815                       
	   TimeSlotBusy (s)     :   815                       

	Job terminated of its own accord at 2025-08-06T17:22:19Z with exit-code 0.
...
000 (2588133.000.000) 2025-08-06 22:03:32 Job submitted from host: <145.107.7.246:9618?addrs=145.107.7.246-9618+[2a07-8500-120-e070--3f6]-9618&alias=taai-007.nikhef.nl&noUDP&sock=schedd_2614_90a7>
...
001 (2588133.000.000) 2025-08-06 22:03:46 Job executing on host: <145.107.4.168:9618?addrs=145.107.4.168-9618+[2a07-8500-120-e070--a8]-9618&alias=wn-pijl-007.nikhef.nl&noUDP&sock=startd_4419_a519>
	SlotName: slot1_4@wn-pijl-007.nikhef.nl
	AvailableGPUs = { GPUs_GPU_17c4be5e_b3fe_fa20_a680_01cb012c066e }
	CondorScratchDir = "/scratch/condor_execute/dir_187550"
	Cpus = 1
	Disk = 16790397
	GPUs = 1
	GPUs_GPU_17c4be5e_b3fe_fa20_a680_01cb012c066e = [ Id = "GPU-17c4be5e-b3fe-fa20-a680-01cb012c066e"; ClockMhz = 2520.0; Capability = 8.9; CoresPerCU = 128; DeviceName = "NVIDIA L40S"; DeviceUuid = "17c4be5e-b3fe-fa20-a680-01cb012c066e"; ECCEnabled = true; ComputeUnits = 142; NvidiaDriver = "570.124.06"; DriverVersion = 12.8; DevicePciBusId = "0000:C2:00.0"; GlobalMemoryMb = 45468; MaxSupportedVersion = 12080 ]
	Memory = 16384
...
006 (2588133.000.000) 2025-08-06 22:04:00 Image size of job updated: 347612
	340  -  MemoryUsage of job (MB)
	347612  -  ResidentSetSize of job (KB)
...
006 (2588133.000.000) 2025-08-06 22:09:00 Image size of job updated: 2863556
	2797  -  MemoryUsage of job (MB)
	2863556  -  ResidentSetSize of job (KB)
...
006 (2588133.000.000) 2025-08-06 22:14:01 Image size of job updated: 3426000
	3346  -  MemoryUsage of job (MB)
	3426000  -  ResidentSetSize of job (KB)
...
006 (2588133.000.000) 2025-08-06 22:19:01 Image size of job updated: 3996716
	3904  -  MemoryUsage of job (MB)
	3996716  -  ResidentSetSize of job (KB)
...
006 (2588133.000.000) 2025-08-06 22:24:01 Image size of job updated: 4572516
	4466  -  MemoryUsage of job (MB)
	4572516  -  ResidentSetSize of job (KB)
...
006 (2588133.000.000) 2025-08-06 22:29:02 Image size of job updated: 4703696
	4594  -  MemoryUsage of job (MB)
	4703696  -  ResidentSetSize of job (KB)
...
006 (2588133.000.000) 2025-08-06 22:29:44 Image size of job updated: 4731580
	4594  -  MemoryUsage of job (MB)
	4703696  -  ResidentSetSize of job (KB)
...
005 (2588133.000.000) 2025-08-06 22:29:44 Job terminated.
	(1) Normal termination (return value 0)
		Usr 0 00:26:58, Sys 0 00:04:48  -  Run Remote Usage
		Usr 0 00:00:00, Sys 0 00:00:00  -  Run Local Usage
		Usr 0 00:26:58, Sys 0 00:04:48  -  Total Remote Usage
		Usr 0 00:00:00, Sys 0 00:00:00  -  Total Local Usage
	0  -  Run Bytes Sent By Job
	0  -  Run Bytes Received By Job
	0  -  Total Bytes Sent By Job
	0  -  Total Bytes Received By Job
	Partitionable Resources :    Usage  Request Allocated Assigned
	   Cpus                 :     1.20        1         1 
	   Disk (KB)            : 17500    16777216  16790397 
	   GPUs                 :     0.04        1         1 "GPU-17c4be5e-b3fe-fa20-a680-01cb012c066e"
	   GpusMemory (MB)      : 35160                       
	   Memory (MB)          :  4594       16384     16384 
	   TimeExecute (s)      :  1558                       
	   TimeSlotBusy (s)     :  1558                       

	Job terminated of its own accord at 2025-08-06T20:29:44Z with exit-code 0.
...
