000 (2611467.000.000) 2025-08-14 21:15:18 Job submitted from host: <145.107.7.246:9618?addrs=145.107.7.246-9618+[2a07-8500-120-e070--3f6]-9618&alias=taai-007.nikhef.nl&noUDP&sock=schedd_2614_90a7>
...
001 (2611467.000.000) 2025-08-14 21:50:48 Job executing on host: <145.107.4.168:9618?addrs=145.107.4.168-9618+[2a07-8500-120-e070--a8]-9618&alias=wn-pijl-007.nikhef.nl&noUDP&sock=startd_4419_a519>
	SlotName: slot1_10@wn-pijl-007.nikhef.nl
	AvailableGPUs = { GPUs_GPU_0908d160_54f1_7a49_0ce0_d6a6c1e03f24 }
	CondorScratchDir = "/scratch/condor_execute/dir_4116978"
	Cpus = 1
	Disk = 16790397
	GPUs = 1
	GPUs_GPU_0908d160_54f1_7a49_0ce0_d6a6c1e03f24 = [ Id = "GPU-0908d160-54f1-7a49-0ce0-d6a6c1e03f24"; ClockMhz = 2520.0; Capability = 8.9; CoresPerCU = 128; DeviceName = "NVIDIA L40S"; DeviceUuid = "0908d160-54f1-7a49-0ce0-d6a6c1e03f24"; ECCEnabled = true; ComputeUnits = 142; NvidiaDriver = "570.124.06"; DriverVersion = 12.8; DevicePciBusId = "0000:02:00.0"; GlobalMemoryMb = 45468; MaxSupportedVersion = 12080 ]
	Memory = 16384
...
006 (2611467.000.000) 2025-08-14 21:51:01 Image size of job updated: 654924
	640  -  MemoryUsage of job (MB)
	654924  -  ResidentSetSize of job (KB)
...
006 (2611467.000.000) 2025-08-14 21:56:01 Image size of job updated: 1339044
	1306  -  MemoryUsage of job (MB)
	1337316  -  ResidentSetSize of job (KB)
...
006 (2611467.000.000) 2025-08-14 22:01:02 Image size of job updated: 1339044
	1307  -  MemoryUsage of job (MB)
	1337540  -  ResidentSetSize of job (KB)
...
006 (2611467.000.000) 2025-08-15 00:41:16 Image size of job updated: 1394644
	1362  -  MemoryUsage of job (MB)
	1394644  -  ResidentSetSize of job (KB)
...
006 (2611467.000.000) 2025-08-15 00:46:16 Image size of job updated: 1578204
	1542  -  MemoryUsage of job (MB)
	1578204  -  ResidentSetSize of job (KB)
...
006 (2611467.000.000) 2025-08-15 00:51:17 Image size of job updated: 1587780
	1551  -  MemoryUsage of job (MB)
	1587780  -  ResidentSetSize of job (KB)
...
005 (2611467.000.000) 2025-08-15 00:56:41 Job terminated.
	(1) Normal termination (return value 0)
		Usr 0 03:05:16, Sys 0 00:00:27  -  Run Remote Usage
		Usr 0 00:00:00, Sys 0 00:00:00  -  Run Local Usage
		Usr 0 03:05:16, Sys 0 00:00:27  -  Total Remote Usage
		Usr 0 00:00:00, Sys 0 00:00:00  -  Total Local Usage
	0  -  Run Bytes Sent By Job
	0  -  Run Bytes Received By Job
	0  -  Total Bytes Sent By Job
	0  -  Total Bytes Received By Job
	Partitionable Resources :    Usage  Request Allocated Assigned
	   Cpus                 :     1.00        1         1 
	   Disk (KB)            : 17500    16777216  16790397 
	   GPUs                 :     0.10        1         1 "GPU-0908d160-54f1-7a49-0ce0-d6a6c1e03f24"
	   GpusMemory (MB)      :  1316                       
	   Memory (MB)          :  1551       16384     16384 
	   TimeExecute (s)      : 11153                       
	   TimeSlotBusy (s)     : 11154                       

	Job terminated of its own accord at 2025-08-14T22:56:41Z with exit-code 0.
...
