self.parameters_ref
{'chirp_mass': 2.0272715949909377, 'mass_ratio': 0.3699999999999999, 'symmetric_mass_ratio': 0.19713357131440137, 'a_1': 0.0, 'a_2': 0.0, 'tilt_1': 0.0, 'tilt_2': 0.0, 'phi_jl': 0.0, 'phi_12': 0.0, 'luminosity_distance': 201.0, 'phase': 1.3576488959769972, 'theta_jn': 2.323517520938953, 'psi': 0.030083409062676092, 'ra': 1.121307208346961, 'dec': 0.22562961827621178, 'lambda_1': 0.0, 'lambda_2': 0.0, 'mass_1': 3.920441829732034, 'mass_2': 1.4505634770008522, 'geocent_time': 1369419318.7460938, 'duration': 128.0}
1it [0:00:00 bound:0 nc:  1 ncall:4.1e+03 eff:0.0% logz-ratio=-372.73+/-0.05 dlogz:inf>0.1]
12079it [0:01:00 bound:0 nc: 11 ncall:8.2e+04 eff:14.7% logz-ratio=-0.66+/-0.01 dlogz:9.840>0.1]
14425it [0:02:11 bound:3 nc:477 ncall:1.8e+05 eff:7.9% logz-ratio=-0.43+/-0.02 dlogz:9.040>0.1]
14680it [0:03:12 bound:7 nc:666 ncall:3.4e+05 eff:4.3% logz-ratio=-0.41+/-0.02 dlogz:8.955>0.1]
14934it [0:04:13 bound:11 nc:790 ncall:5.0e+05 eff:3.0% logz-ratio=-0.39+/-0.02 dlogz:8.872>0.1]
15187it [0:05:15 bound:15 nc:680 ncall:6.6e+05 eff:2.3% logz-ratio=-0.37+/-0.02 dlogz:8.789>0.1]
15437it [0:06:18 bound:19 nc:570 ncall:8.1e+05 eff:1.9% logz-ratio=-0.35+/-0.02 dlogz:8.707>0.1]
15693it [0:07:22 bound:23 nc:1049 ncall:9.7e+05 eff:1.6% logz-ratio=-0.33+/-0.02 dlogz:8.624>0.1]
15944it [0:08:26 bound:27 nc:597 ncall:1.1e+06 eff:1.4% logz-ratio=-0.31+/-0.02 dlogz:8.543>0.1]
16199it [0:09:27 bound:31 nc:930 ncall:1.3e+06 eff:1.3% logz-ratio=-0.29+/-0.02 dlogz:9.483>0.1]
16453it [0:10:31 bound:35 nc:792 ncall:1.4e+06 eff:1.1% logz-ratio=-0.27+/-0.02 dlogz:9.402>0.1]
16707it [0:11:34 bound:39 nc:367 ncall:1.6e+06 eff:1.0% logz-ratio=-0.25+/-0.02 dlogz:9.321>0.1]
16960it [0:12:36 bound:43 nc:612 ncall:1.8e+06 eff:1.0% logz-ratio=-0.23+/-0.02 dlogz:9.240>0.1]
17211it [0:13:40 bound:47 nc:318 ncall:1.9e+06 eff:0.9% logz-ratio=-0.21+/-0.02 dlogz:9.161>0.1]
17462it [0:14:47 bound:51 nc:817 ncall:2.1e+06 eff:0.8% logz-ratio=-0.19+/-0.02 dlogz:9.082>0.1]
17717it [0:16:00 bound:55 nc:710 ncall:2.2e+06 eff:0.8% logz-ratio=-0.17+/-0.02 dlogz:9.001>0.1]
17972it [0:17:04 bound:59 nc:485 ncall:2.4e+06 eff:0.8% logz-ratio=-0.16+/-0.02 dlogz:8.921>0.1]
18225it [0:18:15 bound:63 nc:440 ncall:2.5e+06 eff:0.7% logz-ratio=-0.14+/-0.02 dlogz:8.842>0.1]
18473it [0:19:30 bound:67 nc:709 ncall:2.7e+06 eff:0.7% logz-ratio=-0.12+/-0.02 dlogz:8.765>0.1]
18724it [0:20:35 bound:71 nc:521 ncall:2.9e+06 eff:0.7% logz-ratio=-0.11+/-0.02 dlogz:8.687>0.1]
18978it [0:21:46 bound:75 nc:510 ncall:3.0e+06 eff:0.6% logz-ratio=-0.09+/-0.02 dlogz:8.609>0.1]
19228it [0:22:52 bound:79 nc:452 ncall:3.2e+06 eff:0.6% logz-ratio=-0.07+/-0.02 dlogz:8.532>0.1]
19476it [0:24:03 bound:83 nc:616 ncall:3.3e+06 eff:0.6% logz-ratio=-0.06+/-0.02 dlogz:8.455>0.1]
19726it [0:25:09 bound:87 nc:1175 ncall:3.5e+06 eff:0.6% logz-ratio=-0.04+/-0.02 dlogz:8.379>0.1]
19974it [0:26:18 bound:91 nc:444 ncall:3.6e+06 eff:0.6% logz-ratio=-0.03+/-0.02 dlogz:8.303>0.1]
20223it [0:27:28 bound:95 nc:678 ncall:3.8e+06 eff:0.5% logz-ratio=-0.01+/-0.02 dlogz:8.227>0.1]
20470it [0:28:40 bound:99 nc:518 ncall:3.9e+06 eff:0.5% logz-ratio=0.00+/-0.02 dlogz:8.151>0.1]
20721it [0:29:56 bound:103 nc:618 ncall:4.1e+06 eff:0.5% logz-ratio=0.02+/-0.02 dlogz:8.075>0.1]
20968it [0:31:05 bound:107 nc:263 ncall:4.2e+06 eff:0.5% logz-ratio=0.03+/-0.02 dlogz:8.000>0.1]
21213it [0:32:14 bound:111 nc:191 ncall:4.4e+06 eff:0.5% logz-ratio=0.05+/-0.02 dlogz:7.926>0.1]
21455it [0:33:32 bound:115 nc:760 ncall:4.6e+06 eff:0.5% logz-ratio=0.06+/-0.02 dlogz:7.853>0.1]
21698it [0:34:44 bound:119 nc:816 ncall:4.7e+06 eff:0.5% logz-ratio=0.08+/-0.02 dlogz:7.779>0.1]
21936it [0:36:02 bound:123 nc:596 ncall:4.9e+06 eff:0.5% logz-ratio=0.09+/-0.02 dlogz:7.708>0.1]
22182it [0:37:09 bound:127 nc:502 ncall:5.0e+06 eff:0.4% logz-ratio=0.10+/-0.02 dlogz:7.634>0.1]
22423it [0:38:21 bound:131 nc:784 ncall:5.2e+06 eff:0.4% logz-ratio=0.12+/-0.02 dlogz:7.561>0.1]
22674it [0:39:33 bound:135 nc:804 ncall:5.3e+06 eff:0.4% logz-ratio=0.13+/-0.02 dlogz:7.486>0.1]
22916it [0:40:49 bound:139 nc:640 ncall:5.5e+06 eff:0.4% logz-ratio=0.14+/-0.02 dlogz:7.414>0.1]
23157it [0:42:04 bound:143 nc:1385 ncall:5.7e+06 eff:0.4% logz-ratio=0.16+/-0.02 dlogz:7.342>0.1]
23397it [0:43:16 bound:147 nc:391 ncall:5.8e+06 eff:0.4% logz-ratio=0.17+/-0.02 dlogz:7.270>0.1]
23635it [0:44:28 bound:151 nc:891 ncall:6.0e+06 eff:0.4% logz-ratio=0.18+/-0.02 dlogz:7.200>0.1]
23811it [0:45:29 bound:154 nc:638 ncall:6.1e+06 eff:0.4% logz-ratio=0.19+/-0.02 dlogz:7.147>0.1]
24051it [0:46:40 bound:158 nc:362 ncall:6.3e+06 eff:0.4% logz-ratio=0.20+/-0.02 dlogz:7.076>0.1]
24284it [0:47:52 bound:162 nc:800 ncall:6.4e+06 eff:0.4% logz-ratio=0.22+/-0.02 dlogz:7.007>0.1]
24521it [0:49:02 bound:166 nc:586 ncall:6.6e+06 eff:0.4% logz-ratio=0.23+/-0.02 dlogz:6.938>0.1]
24751it [0:50:17 bound:170 nc:640 ncall:6.7e+06 eff:0.4% logz-ratio=0.24+/-0.02 dlogz:6.870>0.1]
24984it [0:51:32 bound:174 nc:1103 ncall:6.9e+06 eff:0.4% logz-ratio=0.25+/-0.02 dlogz:7.318>0.1]
25160it [0:52:34 bound:177 nc:386 ncall:7.0e+06 eff:0.4% logz-ratio=0.26+/-0.02 dlogz:8.569>0.1]
25396it [0:53:44 bound:181 nc:608 ncall:7.2e+06 eff:0.4% logz-ratio=0.27+/-0.02 dlogz:8.500>0.1]
25626it [0:55:01 bound:185 nc:1021 ncall:7.3e+06 eff:0.3% logz-ratio=0.28+/-0.02 dlogz:8.432>0.1]
25799it [0:56:03 bound:188 nc:888 ncall:7.4e+06 eff:0.3% logz-ratio=0.29+/-0.02 dlogz:8.382>0.1]
26020it [0:57:13 bound:192 nc:1012 ncall:7.6e+06 eff:0.3% logz-ratio=0.30+/-0.02 dlogz:8.317>0.1]
26190it [0:58:13 bound:195 nc:771 ncall:7.7e+06 eff:0.3% logz-ratio=0.31+/-0.02 dlogz:8.267>0.1]
26362it [0:59:15 bound:198 nc:610 ncall:7.8e+06 eff:0.3% logz-ratio=0.32+/-0.02 dlogz:8.217>0.1]
26565it [1:00:34 bound:201 nc:301 ncall:8.0e+06 eff:0.3% logz-ratio=0.33+/-0.02 dlogz:8.158>0.1]
26770it [1:01:45 bound:205 nc:992 ncall:8.1e+06 eff:0.3% logz-ratio=0.34+/-0.02 dlogz:8.098>0.1]
26994it [1:03:00 bound:209 nc:947 ncall:8.3e+06 eff:0.3% logz-ratio=0.35+/-0.02 dlogz:8.033>0.1]
27217it [1:04:18 bound:213 nc:231 ncall:8.4e+06 eff:0.3% logz-ratio=0.36+/-0.02 dlogz:7.969>0.1]
27439it [1:05:34 bound:217 nc:1486 ncall:8.6e+06 eff:0.3% logz-ratio=0.37+/-0.02 dlogz:7.904>0.1]
27602it [1:06:35 bound:220 nc:419 ncall:8.7e+06 eff:0.3% logz-ratio=0.38+/-0.02 dlogz:8.930>0.1]
27768it [1:07:35 bound:223 nc:874 ncall:8.8e+06 eff:0.3% logz-ratio=0.38+/-0.02 dlogz:8.882>0.1]
27935it [1:08:35 bound:226 nc:798 ncall:8.9e+06 eff:0.3% logz-ratio=0.39+/-0.02 dlogz:8.834>0.1]
28097it [1:09:36 bound:229 nc:1112 ncall:9.1e+06 eff:0.3% logz-ratio=0.40+/-0.02 dlogz:8.787>0.1]
28317it [1:10:55 bound:233 nc:604 ncall:9.2e+06 eff:0.3% logz-ratio=0.41+/-0.02 dlogz:8.723>0.1]
28536it [1:12:11 bound:237 nc:640 ncall:9.4e+06 eff:0.3% logz-ratio=0.42+/-0.02 dlogz:8.660>0.1]
28753it [1:13:28 bound:241 nc:335 ncall:9.5e+06 eff:0.3% logz-ratio=0.43+/-0.02 dlogz:8.598>0.1]
28925it [1:14:31 bound:244 nc:1474 ncall:9.7e+06 eff:0.3% logz-ratio=0.44+/-0.02 dlogz:8.548>0.1]
29083it [1:15:31 bound:247 nc:1623 ncall:9.8e+06 eff:0.3% logz-ratio=0.44+/-0.02 dlogz:8.502>0.1]
29248it [1:16:33 bound:250 nc:995 ncall:9.9e+06 eff:0.3% logz-ratio=0.45+/-0.02 dlogz:8.455>0.1]
29417it [1:17:36 bound:253 nc:749 ncall:1.0e+07 eff:0.3% logz-ratio=0.46+/-0.02 dlogz:8.406>0.1]
29574it [1:18:37 bound:256 nc:345 ncall:1.0e+07 eff:0.3% logz-ratio=0.47+/-0.02 dlogz:12.235>0.1]
29732it [1:19:38 bound:259 nc:167 ncall:1.0e+07 eff:0.3% logz-ratio=0.47+/-0.02 dlogz:12.189>0.1]
29899it [1:20:41 bound:262 nc:792 ncall:1.0e+07 eff:0.3% logz-ratio=0.48+/-0.02 dlogz:12.141>0.1]
30127it [1:21:58 bound:266 nc:841 ncall:1.1e+07 eff:0.3% logz-ratio=0.49+/-0.02 dlogz:12.076>0.1]
30291it [1:23:08 bound:269 nc:623 ncall:1.1e+07 eff:0.3% logz-ratio=0.50+/-0.02 dlogz:12.028>0.1]
30512it [1:24:25 bound:273 nc:349 ncall:1.1e+07 eff:0.3% logz-ratio=0.51+/-0.02 dlogz:11.965>0.1]
30684it [1:25:30 bound:276 nc:888 ncall:1.1e+07 eff:0.3% logz-ratio=0.51+/-0.02 dlogz:11.916>0.1]
30850it [1:26:32 bound:279 nc:588 ncall:1.1e+07 eff:0.3% logz-ratio=0.52+/-0.02 dlogz:11.868>0.1]
31080it [1:27:45 bound:283 nc:1208 ncall:1.1e+07 eff:0.3% logz-ratio=0.53+/-0.02 dlogz:11.802>0.1]
31296it [1:29:05 bound:287 nc:818 ncall:1.1e+07 eff:0.3% logz-ratio=0.54+/-0.02 dlogz:11.741>0.1]
31524it [1:30:23 bound:291 nc:325 ncall:1.2e+07 eff:0.3% logz-ratio=0.55+/-0.02 dlogz:11.676>0.1]
31685it [1:31:24 bound:294 nc:2022 ncall:1.2e+07 eff:0.3% logz-ratio=0.55+/-0.02 dlogz:11.630>0.1]
31912it [1:32:45 bound:298 nc:630 ncall:1.2e+07 eff:0.3% logz-ratio=0.56+/-0.02 dlogz:11.565>0.1]
32148it [1:34:03 bound:302 nc:1969 ncall:1.2e+07 eff:0.3% logz-ratio=0.57+/-0.02 dlogz:11.497>0.1]
32368it [1:35:21 bound:306 nc:248 ncall:1.2e+07 eff:0.3% logz-ratio=0.58+/-0.02 dlogz:11.435>0.1]
32536it [1:36:25 bound:309 nc:283 ncall:1.2e+07 eff:0.3% logz-ratio=0.59+/-0.02 dlogz:11.387>0.1]
32699it [1:37:26 bound:312 nc:487 ncall:1.2e+07 eff:0.3% logz-ratio=0.60+/-0.02 dlogz:11.340>0.1]
32874it [1:38:27 bound:315 nc:605 ncall:1.3e+07 eff:0.3% logz-ratio=0.60+/-0.02 dlogz:11.290>0.1]
33039it [1:39:29 bound:318 nc:960 ncall:1.3e+07 eff:0.3% logz-ratio=0.61+/-0.02 dlogz:11.243>0.1]
33272it [1:40:45 bound:322 nc:787 ncall:1.3e+07 eff:0.3% logz-ratio=0.62+/-0.03 dlogz:11.177>0.1]
33501it [1:42:03 bound:326 nc:742 ncall:1.3e+07 eff:0.3% logz-ratio=0.63+/-0.03 dlogz:11.111>0.1]
33737it [1:43:25 bound:330 nc:1525 ncall:1.3e+07 eff:0.3% logz-ratio=0.64+/-0.03 dlogz:11.044>0.1]
33978it [1:44:46 bound:334 nc:915 ncall:1.3e+07 eff:0.3% logz-ratio=0.65+/-0.03 dlogz:10.976>0.1]
34206it [1:46:05 bound:338 nc:781 ncall:1.4e+07 eff:0.3% logz-ratio=0.66+/-0.03 dlogz:10.911>0.1]
34445it [1:47:22 bound:342 nc:882 ncall:1.4e+07 eff:0.3% logz-ratio=0.67+/-0.03 dlogz:10.843>0.1]
34686it [1:48:41 bound:346 nc:997 ncall:1.4e+07 eff:0.2% logz-ratio=0.68+/-0.03 dlogz:10.774>0.1]
34929it [1:49:57 bound:350 nc:473 ncall:1.4e+07 eff:0.2% logz-ratio=0.69+/-0.03 dlogz:10.705>0.1]
35112it [1:50:58 bound:353 nc:1978 ncall:1.4e+07 eff:0.2% logz-ratio=0.69+/-0.03 dlogz:10.653>0.1]
35356it [1:52:19 bound:357 nc:501 ncall:1.4e+07 eff:0.2% logz-ratio=0.70+/-0.03 dlogz:10.583>0.1]
35603it [1:53:37 bound:361 nc:645 ncall:1.5e+07 eff:0.2% logz-ratio=0.71+/-0.03 dlogz:10.513>0.1]
35785it [1:54:38 bound:364 nc:891 ncall:1.5e+07 eff:0.2% logz-ratio=0.72+/-0.03 dlogz:10.462>0.1]
36026it [1:56:00 bound:368 nc:1530 ncall:1.5e+07 eff:0.2% logz-ratio=0.73+/-0.03 dlogz:10.393>0.1]
36278it [1:57:14 bound:372 nc:977 ncall:1.5e+07 eff:0.2% logz-ratio=0.74+/-0.03 dlogz:10.321>0.1]
36460it [1:58:15 bound:375 nc:669 ncall:1.5e+07 eff:0.2% logz-ratio=0.75+/-0.03 dlogz:10.270>0.1]
36648it [1:59:16 bound:378 nc:681 ncall:1.5e+07 eff:0.2% logz-ratio=0.76+/-0.03 dlogz:10.216>0.1]
36837it [2:00:19 bound:381 nc:886 ncall:1.5e+07 eff:0.2% logz-ratio=0.76+/-0.03 dlogz:10.163>0.1]
36959it [2:01:40 bound:383 nc:652 ncall:1.5e+07 eff:0.2% logz-ratio=0.77+/-0.03 dlogz:10.128>0.1]
37142it [2:02:46 bound:386 nc:447 ncall:1.6e+07 eff:0.2% logz-ratio=0.78+/-0.03 dlogz:10.076>0.1]
37327it [2:03:49 bound:389 nc:898 ncall:1.6e+07 eff:0.2% logz-ratio=0.78+/-0.03 dlogz:10.024>0.1]
37581it [2:05:08 bound:393 nc:639 ncall:1.6e+07 eff:0.2% logz-ratio=0.79+/-0.03 dlogz:9.952>0.1]
37833it [2:06:26 bound:397 nc:485 ncall:1.6e+07 eff:0.2% logz-ratio=0.80+/-0.03 dlogz:9.880>0.1]
38084it [2:07:47 bound:401 nc:512 ncall:1.6e+07 eff:0.2% logz-ratio=0.81+/-0.03 dlogz:9.809>0.1]
38275it [2:08:49 bound:404 nc:699 ncall:1.6e+07 eff:0.2% logz-ratio=0.82+/-0.03 dlogz:9.755>0.1]
38466it [2:09:57 bound:407 nc:1338 ncall:1.7e+07 eff:0.2% logz-ratio=0.83+/-0.03 dlogz:9.701>0.1]
38654it [2:11:05 bound:410 nc:890 ncall:1.7e+07 eff:0.2% logz-ratio=0.84+/-0.03 dlogz:9.648>0.1]
38844it [2:12:10 bound:413 nc:835 ncall:1.7e+07 eff:0.2% logz-ratio=0.84+/-0.03 dlogz:9.594>0.1]
39034it [2:13:11 bound:416 nc:973 ncall:1.7e+07 eff:0.2% logz-ratio=0.85+/-0.03 dlogz:9.540>0.1]
39285it [2:14:30 bound:420 nc:569 ncall:1.7e+07 eff:0.2% logz-ratio=0.86+/-0.03 dlogz:9.469>0.1]
39475it [2:15:33 bound:423 nc:816 ncall:1.7e+07 eff:0.2% logz-ratio=0.87+/-0.03 dlogz:9.415>0.1]
39727it [2:16:47 bound:427 nc:490 ncall:1.7e+07 eff:0.2% logz-ratio=0.88+/-0.03 dlogz:9.344>0.1]
39918it [2:17:49 bound:430 nc:587 ncall:1.8e+07 eff:0.2% logz-ratio=0.88+/-0.03 dlogz:9.290>0.1]
40173it [2:19:08 bound:434 nc:693 ncall:1.8e+07 eff:0.2% logz-ratio=0.89+/-0.03 dlogz:9.218>0.1]
40427it [2:20:29 bound:438 nc:787 ncall:1.8e+07 eff:0.2% logz-ratio=0.90+/-0.03 dlogz:9.146>0.1]
40619it [2:21:33 bound:441 nc:598 ncall:1.8e+07 eff:0.2% logz-ratio=0.91+/-0.03 dlogz:9.092>0.1]
40807it [2:22:37 bound:444 nc:820 ncall:1.8e+07 eff:0.2% logz-ratio=0.92+/-0.03 dlogz:9.039>0.1]
40997it [2:23:45 bound:447 nc:749 ncall:1.8e+07 eff:0.2% logz-ratio=0.93+/-0.03 dlogz:8.985>0.1]
41188it [2:24:50 bound:450 nc:274 ncall:1.9e+07 eff:0.2% logz-ratio=0.93+/-0.03 dlogz:8.931>0.1]
41380it [2:25:58 bound:453 nc:886 ncall:1.9e+07 eff:0.2% logz-ratio=0.94+/-0.03 dlogz:8.876>0.1]
41570it [2:27:01 bound:456 nc:498 ncall:1.9e+07 eff:0.2% logz-ratio=0.95+/-0.03 dlogz:8.823>0.1]
41825it [2:28:18 bound:460 nc:381 ncall:1.9e+07 eff:0.2% logz-ratio=0.96+/-0.03 dlogz:8.750>0.1]
42015it [2:29:22 bound:463 nc:876 ncall:1.9e+07 eff:0.2% logz-ratio=0.97+/-0.03 dlogz:8.697>0.1]
42206it [2:30:25 bound:466 nc:523 ncall:1.9e+07 eff:0.2% logz-ratio=0.97+/-0.03 dlogz:8.643>0.1]
42398it [2:31:33 bound:469 nc:651 ncall:1.9e+07 eff:0.2% logz-ratio=0.98+/-0.03 dlogz:8.588>0.1]
42587it [2:32:36 bound:472 nc:910 ncall:2.0e+07 eff:0.2% logz-ratio=0.99+/-0.03 dlogz:8.535>0.1]
42778it [2:33:46 bound:475 nc:623 ncall:2.0e+07 eff:0.2% logz-ratio=1.00+/-0.03 dlogz:8.481>0.1]
42967it [2:34:51 bound:478 nc:1337 ncall:2.0e+07 eff:0.2% logz-ratio=1.00+/-0.03 dlogz:8.427>0.1]
43157it [2:35:53 bound:481 nc:1089 ncall:2.0e+07 eff:0.2% logz-ratio=1.01+/-0.03 dlogz:8.373>0.1]
43349it [2:36:59 bound:484 nc:823 ncall:2.0e+07 eff:0.2% logz-ratio=1.02+/-0.03 dlogz:8.319>0.1]
43539it [2:38:01 bound:487 nc:748 ncall:2.0e+07 eff:0.2% logz-ratio=1.03+/-0.03 dlogz:8.265>0.1]
43730it [2:39:04 bound:490 nc:701 ncall:2.0e+07 eff:0.2% logz-ratio=1.03+/-0.03 dlogz:8.211>0.1]
43920it [2:40:07 bound:493 nc:921 ncall:2.1e+07 eff:0.2% logz-ratio=1.04+/-0.03 dlogz:8.157>0.1]
44111it [2:41:12 bound:496 nc:787 ncall:2.1e+07 eff:0.2% logz-ratio=1.05+/-0.03 dlogz:8.103>0.1]
44362it [2:42:37 bound:500 nc:991 ncall:2.1e+07 eff:0.2% logz-ratio=1.06+/-0.03 dlogz:8.032>0.1]
44552it [2:43:40 bound:503 nc:983 ncall:2.1e+07 eff:0.2% logz-ratio=1.07+/-0.03 dlogz:7.978>0.1]
44742it [2:44:44 bound:506 nc:763 ncall:2.1e+07 eff:0.2% logz-ratio=1.07+/-0.03 dlogz:7.924>0.1]
44931it [2:45:51 bound:509 nc:926 ncall:2.1e+07 eff:0.2% logz-ratio=1.08+/-0.03 dlogz:7.870>0.1]
45120it [2:46:59 bound:512 nc:749 ncall:2.2e+07 eff:0.2% logz-ratio=1.09+/-0.03 dlogz:7.816>0.1]
45312it [2:48:06 bound:515 nc:456 ncall:2.2e+07 eff:0.2% logz-ratio=1.10+/-0.03 dlogz:7.761>0.1]
45503it [2:49:14 bound:518 nc:846 ncall:2.2e+07 eff:0.2% logz-ratio=1.10+/-0.03 dlogz:7.707>0.1]
45693it [2:50:22 bound:521 nc:804 ncall:2.2e+07 eff:0.2% logz-ratio=1.11+/-0.03 dlogz:7.653>0.1]
45883it [2:51:30 bound:524 nc:1092 ncall:2.2e+07 eff:0.2% logz-ratio=1.12+/-0.03 dlogz:7.598>0.1]
46074it [2:52:37 bound:527 nc:507 ncall:2.2e+07 eff:0.2% logz-ratio=1.13+/-0.03 dlogz:7.544>0.1]
46265it [2:53:46 bound:530 nc:1334 ncall:2.3e+07 eff:0.2% logz-ratio=1.14+/-0.03 dlogz:7.489>0.1]
46453it [2:54:57 bound:533 nc:430 ncall:2.3e+07 eff:0.2% logz-ratio=1.14+/-0.03 dlogz:7.436>0.1]
46645it [2:56:08 bound:536 nc:505 ncall:2.3e+07 eff:0.2% logz-ratio=1.15+/-0.03 dlogz:7.381>0.1]
46833it [2:57:21 bound:539 nc:1020 ncall:2.3e+07 eff:0.2% logz-ratio=1.16+/-0.03 dlogz:7.327>0.1]
47025it [2:58:33 bound:542 nc:636 ncall:2.3e+07 eff:0.2% logz-ratio=1.17+/-0.03 dlogz:7.272>0.1]
47214it [2:59:43 bound:545 nc:740 ncall:2.3e+07 eff:0.2% logz-ratio=1.18+/-0.03 dlogz:11.452>0.1]
47404it [3:00:55 bound:548 nc:726 ncall:2.4e+07 eff:0.2% logz-ratio=1.18+/-0.03 dlogz:11.398>0.1]
47468it [3:02:04 bound:549 nc:634 ncall:2.4e+07 eff:0.2% logz-ratio=1.19+/-0.03 dlogz:11.379>0.1]
47656it [3:03:15 bound:552 nc:665 ncall:2.4e+07 eff:0.2% logz-ratio=1.20+/-0.03 dlogz:11.325>0.1]
47847it [3:04:25 bound:555 nc:1093 ncall:2.4e+07 eff:0.2% logz-ratio=1.20+/-0.03 dlogz:11.270>0.1]
48037it [3:05:35 bound:558 nc:429 ncall:2.4e+07 eff:0.2% logz-ratio=1.21+/-0.03 dlogz:11.215>0.1]
48226it [3:06:49 bound:561 nc:1163 ncall:2.4e+07 eff:0.2% logz-ratio=1.22+/-0.03 dlogz:11.161>0.1]
48414it [3:08:02 bound:564 nc:861 ncall:2.4e+07 eff:0.2% logz-ratio=1.23+/-0.03 dlogz:11.106>0.1]
48603it [3:09:13 bound:567 nc:2015 ncall:2.5e+07 eff:0.2% logz-ratio=1.24+/-0.03 dlogz:11.052>0.1]
48792it [3:10:26 bound:570 nc:852 ncall:2.5e+07 eff:0.2% logz-ratio=1.25+/-0.03 dlogz:10.997>0.1]
48983it [3:11:37 bound:573 nc:836 ncall:2.5e+07 eff:0.2% logz-ratio=1.26+/-0.03 dlogz:10.941>0.1]
49173it [3:12:54 bound:576 nc:996 ncall:2.5e+07 eff:0.2% logz-ratio=1.26+/-0.03 dlogz:10.886>0.1]
49360it [3:14:09 bound:579 nc:1442 ncall:2.5e+07 eff:0.2% logz-ratio=1.27+/-0.03 dlogz:10.831>0.1]
49550it [3:15:20 bound:582 nc:1429 ncall:2.6e+07 eff:0.2% logz-ratio=1.28+/-0.03 dlogz:10.775>0.1]
49740it [3:16:31 bound:585 nc:1348 ncall:2.6e+07 eff:0.2% logz-ratio=1.29+/-0.04 dlogz:10.719>0.1]
49928it [3:17:45 bound:588 nc:1025 ncall:2.6e+07 eff:0.2% logz-ratio=1.30+/-0.04 dlogz:10.664>0.1]
50117it [3:19:01 bound:591 nc:1133 ncall:2.6e+07 eff:0.2% logz-ratio=1.31+/-0.04 dlogz:10.608>0.1]
50306it [3:20:14 bound:594 nc:589 ncall:2.6e+07 eff:0.2% logz-ratio=1.32+/-0.04 dlogz:10.552>0.1]
50496it [3:21:27 bound:597 nc:1897 ncall:2.6e+07 eff:0.2% logz-ratio=1.33+/-0.04 dlogz:10.496>0.1]
50687it [3:22:44 bound:600 nc:1061 ncall:2.7e+07 eff:0.2% logz-ratio=1.34+/-0.04 dlogz:10.440>0.1]
50877it [3:23:52 bound:603 nc:973 ncall:2.7e+07 eff:0.2% logz-ratio=1.35+/-0.04 dlogz:10.384>0.1]
51063it [3:25:03 bound:606 nc:1139 ncall:2.7e+07 eff:0.2% logz-ratio=1.36+/-0.04 dlogz:10.328>0.1]
51254it [3:26:14 bound:609 nc:1022 ncall:2.7e+07 eff:0.2% logz-ratio=1.37+/-0.04 dlogz:10.271>0.1]
51443it [3:27:28 bound:612 nc:1029 ncall:2.7e+07 eff:0.2% logz-ratio=1.38+/-0.04 dlogz:10.215>0.1]
51631it [3:28:41 bound:615 nc:1496 ncall:2.8e+07 eff:0.2% logz-ratio=1.39+/-0.04 dlogz:10.159>0.1]
51818it [3:29:56 bound:618 nc:1572 ncall:2.8e+07 eff:0.2% logz-ratio=1.40+/-0.04 dlogz:10.103>0.1]
52004it [3:31:10 bound:621 nc:537 ncall:2.8e+07 eff:0.2% logz-ratio=1.41+/-0.04 dlogz:10.047>0.1]
52188it [3:32:28 bound:624 nc:750 ncall:2.8e+07 eff:0.2% logz-ratio=1.42+/-0.04 dlogz:9.992>0.1]
52379it [3:33:42 bound:627 nc:1084 ncall:2.8e+07 eff:0.2% logz-ratio=1.43+/-0.04 dlogz:9.934>0.1]
52565it [3:35:01 bound:630 nc:835 ncall:2.8e+07 eff:0.2% logz-ratio=1.44+/-0.04 dlogz:9.878>0.1]
52753it [3:36:19 bound:633 nc:653 ncall:2.9e+07 eff:0.2% logz-ratio=1.46+/-0.04 dlogz:9.821>0.1]
52936it [3:37:37 bound:636 nc:1000 ncall:2.9e+07 eff:0.2% logz-ratio=1.47+/-0.04 dlogz:9.765>0.1]
53121it [3:38:52 bound:639 nc:727 ncall:2.9e+07 eff:0.2% logz-ratio=1.48+/-0.04 dlogz:9.709>0.1]
53306it [3:40:08 bound:642 nc:832 ncall:2.9e+07 eff:0.2% logz-ratio=1.49+/-0.04 dlogz:9.652>0.1]
53496it [3:41:31 bound:645 nc:971 ncall:2.9e+07 eff:0.2% logz-ratio=1.50+/-0.04 dlogz:9.594>0.1]
53685it [3:42:47 bound:648 nc:686 ncall:3.0e+07 eff:0.2% logz-ratio=1.51+/-0.04 dlogz:9.537>0.1]
53871it [3:44:02 bound:651 nc:764 ncall:3.0e+07 eff:0.2% logz-ratio=1.52+/-0.04 dlogz:9.480>0.1]
54051it [3:45:15 bound:654 nc:755 ncall:3.0e+07 eff:0.2% logz-ratio=1.53+/-0.04 dlogz:9.425>0.1]
54230it [3:46:31 bound:657 nc:1194 ncall:3.0e+07 eff:0.2% logz-ratio=1.55+/-0.04 dlogz:9.370>0.1]
54415it [3:47:55 bound:660 nc:1050 ncall:3.0e+07 eff:0.2% logz-ratio=1.56+/-0.04 dlogz:9.314>0.1]
54592it [3:49:14 bound:663 nc:928 ncall:3.1e+07 eff:0.2% logz-ratio=1.57+/-0.04 dlogz:9.259>0.1]
54776it [3:50:31 bound:666 nc:1553 ncall:3.1e+07 eff:0.2% logz-ratio=1.58+/-0.04 dlogz:9.203>0.1]
54960it [3:51:55 bound:669 nc:1289 ncall:3.1e+07 eff:0.2% logz-ratio=1.59+/-0.04 dlogz:9.147>0.1]
55140it [3:53:19 bound:672 nc:849 ncall:3.1e+07 eff:0.2% logz-ratio=1.60+/-0.04 dlogz:9.091>0.1]
55320it [3:54:38 bound:675 nc:848 ncall:3.1e+07 eff:0.2% logz-ratio=1.61+/-0.04 dlogz:9.036>0.1]
55503it [3:55:54 bound:678 nc:951 ncall:3.2e+07 eff:0.2% logz-ratio=1.63+/-0.04 dlogz:8.980>0.1]
55688it [3:57:11 bound:681 nc:1561 ncall:3.2e+07 eff:0.2% logz-ratio=1.64+/-0.04 dlogz:8.923>0.1]
55866it [3:58:30 bound:684 nc:1098 ncall:3.2e+07 eff:0.2% logz-ratio=1.65+/-0.04 dlogz:8.868>0.1]
56051it [3:59:46 bound:687 nc:1008 ncall:3.2e+07 eff:0.2% logz-ratio=1.66+/-0.04 dlogz:8.810>0.1]
56238it [4:01:03 bound:690 nc:1060 ncall:3.2e+07 eff:0.2% logz-ratio=1.67+/-0.04 dlogz:8.753>0.1]
56313it [4:02:24 bound:691 nc:843 ncall:3.2e+07 eff:0.2% logz-ratio=1.68+/-0.04 dlogz:8.729>0.1]
56476it [4:03:41 bound:694 nc:1433 ncall:3.3e+07 eff:0.2% logz-ratio=1.69+/-0.04 dlogz:8.679>0.1]
56656it [4:04:56 bound:697 nc:651 ncall:3.3e+07 eff:0.2% logz-ratio=1.70+/-0.04 dlogz:8.623>0.1]
56837it [4:06:15 bound:700 nc:739 ncall:3.3e+07 eff:0.2% logz-ratio=1.71+/-0.04 dlogz:8.567>0.1]
57014it [4:07:37 bound:703 nc:1437 ncall:3.3e+07 eff:0.2% logz-ratio=1.72+/-0.04 dlogz:8.513>0.1]
57191it [4:08:59 bound:706 nc:741 ncall:3.3e+07 eff:0.2% logz-ratio=1.74+/-0.04 dlogz:8.458>0.1]
57373it [4:10:22 bound:709 nc:721 ncall:3.4e+07 eff:0.2% logz-ratio=1.75+/-0.04 dlogz:8.401>0.1]
57487it [4:11:22 bound:711 nc:1408 ncall:3.4e+07 eff:0.2% logz-ratio=1.75+/-0.04 dlogz:8.366>0.1]
57668it [4:12:45 bound:714 nc:1884 ncall:3.4e+07 eff:0.2% logz-ratio=1.77+/-0.04 dlogz:8.310>0.1]
57849it [4:14:05 bound:717 nc:813 ncall:3.4e+07 eff:0.2% logz-ratio=1.78+/-0.04 dlogz:8.253>0.1]
58035it [4:15:26 bound:720 nc:749 ncall:3.4e+07 eff:0.2% logz-ratio=1.79+/-0.04 dlogz:8.195>0.1]
58217it [4:16:49 bound:723 nc:1516 ncall:3.5e+07 eff:0.2% logz-ratio=1.80+/-0.04 dlogz:8.139>0.1]
58401it [4:18:14 bound:726 nc:1276 ncall:3.5e+07 eff:0.2% logz-ratio=1.82+/-0.04 dlogz:8.081>0.1]
58583it [4:19:34 bound:729 nc:1085 ncall:3.5e+07 eff:0.2% logz-ratio=1.83+/-0.04 dlogz:8.024>0.1]
58703it [4:20:35 bound:731 nc:1281 ncall:3.5e+07 eff:0.2% logz-ratio=1.84+/-0.04 dlogz:7.987>0.1]
58886it [4:21:56 bound:734 nc:912 ncall:3.5e+07 eff:0.2% logz-ratio=1.85+/-0.04 dlogz:7.930>0.1]
59065it [4:23:21 bound:737 nc:2286 ncall:3.6e+07 eff:0.2% logz-ratio=1.86+/-0.04 dlogz:7.874>0.1]
59243it [4:24:43 bound:740 nc:3712 ncall:3.6e+07 eff:0.2% logz-ratio=1.87+/-0.04 dlogz:7.819>0.1]
59422it [4:26:05 bound:743 nc:1002 ncall:3.6e+07 eff:0.2% logz-ratio=1.89+/-0.04 dlogz:7.763>0.1]
59607it [4:27:31 bound:746 nc:473 ncall:3.6e+07 eff:0.2% logz-ratio=1.90+/-0.04 dlogz:7.705>0.1]
59789it [4:28:54 bound:749 nc:1002 ncall:3.6e+07 eff:0.2% logz-ratio=1.91+/-0.04 dlogz:7.649>0.1]
59967it [4:30:16 bound:752 nc:1815 ncall:3.7e+07 eff:0.2% logz-ratio=1.92+/-0.04 dlogz:7.593>0.1]
60141it [4:31:42 bound:755 nc:1308 ncall:3.7e+07 eff:0.2% logz-ratio=1.93+/-0.04 dlogz:7.539>0.1]
60318it [4:33:08 bound:758 nc:1781 ncall:3.7e+07 eff:0.2% logz-ratio=1.95+/-0.04 dlogz:7.484>0.1]
60502it [4:34:35 bound:761 nc:2331 ncall:3.7e+07 eff:0.2% logz-ratio=1.96+/-0.04 dlogz:7.427>0.1]
60674it [4:35:58 bound:764 nc:1130 ncall:3.7e+07 eff:0.2% logz-ratio=1.97+/-0.04 dlogz:7.373>0.1]
60851it [4:37:20 bound:767 nc:1243 ncall:3.8e+07 eff:0.2% logz-ratio=1.98+/-0.04 dlogz:7.319>0.1]
61028it [4:38:43 bound:770 nc:1269 ncall:3.8e+07 eff:0.2% logz-ratio=1.99+/-0.04 dlogz:7.264>0.1]
61214it [4:40:09 bound:773 nc:1319 ncall:3.8e+07 eff:0.2% logz-ratio=2.01+/-0.04 dlogz:7.206>0.1]
61396it [4:41:34 bound:776 nc:888 ncall:3.8e+07 eff:0.2% logz-ratio=2.02+/-0.05 dlogz:7.150>0.1]
61517it [4:42:34 bound:778 nc:1032 ncall:3.8e+07 eff:0.2% logz-ratio=2.03+/-0.05 dlogz:7.112>0.1]
61693it [4:43:56 bound:781 nc:864 ncall:3.9e+07 eff:0.2% logz-ratio=2.04+/-0.05 dlogz:7.058>0.1]
61869it [4:45:23 bound:784 nc:1030 ncall:3.9e+07 eff:0.2% logz-ratio=2.05+/-0.05 dlogz:7.004>0.1]
62051it [4:46:49 bound:787 nc:863 ncall:3.9e+07 eff:0.2% logz-ratio=2.06+/-0.05 dlogz:6.948>0.1]
62226it [4:48:13 bound:790 nc:947 ncall:3.9e+07 eff:0.2% logz-ratio=2.07+/-0.05 dlogz:6.894>0.1]
62407it [4:49:40 bound:793 nc:1500 ncall:4.0e+07 eff:0.2% logz-ratio=2.08+/-0.05 dlogz:6.838>0.1]
62587it [4:51:07 bound:796 nc:1030 ncall:4.0e+07 eff:0.2% logz-ratio=2.09+/-0.05 dlogz:6.783>0.1]
62766it [4:52:32 bound:799 nc:1059 ncall:4.0e+07 eff:0.2% logz-ratio=2.11+/-0.05 dlogz:6.728>0.1]
62941it [4:53:59 bound:802 nc:1443 ncall:4.0e+07 eff:0.2% logz-ratio=2.12+/-0.05 dlogz:6.674>0.1]
63060it [4:55:01 bound:804 nc:1442 ncall:4.0e+07 eff:0.2% logz-ratio=2.12+/-0.05 dlogz:6.638>0.1]
63180it [4:56:03 bound:806 nc:1406 ncall:4.0e+07 eff:0.2% logz-ratio=2.13+/-0.05 dlogz:6.601>0.1]
63353it [4:57:29 bound:809 nc:555 ncall:4.1e+07 eff:0.2% logz-ratio=2.14+/-0.05 dlogz:6.548>0.1]
63531it [4:58:56 bound:812 nc:903 ncall:4.1e+07 eff:0.2% logz-ratio=2.15+/-0.05 dlogz:6.494>0.1]
63713it [5:00:24 bound:815 nc:1120 ncall:4.1e+07 eff:0.2% logz-ratio=2.16+/-0.05 dlogz:6.438>0.1]
63886it [5:01:52 bound:818 nc:1505 ncall:4.1e+07 eff:0.2% logz-ratio=2.17+/-0.05 dlogz:6.386>0.1]
63954it [5:03:23 bound:819 nc:1096 ncall:4.1e+07 eff:0.2% logz-ratio=2.18+/-0.05 dlogz:6.365>0.1]
64125it [5:04:47 bound:822 nc:624 ncall:4.2e+07 eff:0.2% logz-ratio=2.19+/-0.05 dlogz:6.313>0.1]
64302it [5:06:15 bound:825 nc:1394 ncall:4.2e+07 eff:0.2% logz-ratio=2.20+/-0.05 dlogz:6.259>0.1]
64486it [5:07:44 bound:828 nc:1307 ncall:4.2e+07 eff:0.2% logz-ratio=2.21+/-0.05 dlogz:6.203>0.1]
64668it [5:09:09 bound:831 nc:624 ncall:4.2e+07 eff:0.2% logz-ratio=2.22+/-0.05 dlogz:6.148>0.1]
64846it [5:10:34 bound:834 nc:761 ncall:4.3e+07 eff:0.2% logz-ratio=2.23+/-0.05 dlogz:6.094>0.1]
65025it [5:12:01 bound:837 nc:1235 ncall:4.3e+07 eff:0.2% logz-ratio=2.24+/-0.05 dlogz:6.040>0.1]
65198it [5:13:31 bound:840 nc:807 ncall:4.3e+07 eff:0.2% logz-ratio=2.25+/-0.05 dlogz:5.988>0.1]
65374it [5:14:58 bound:843 nc:1107 ncall:4.3e+07 eff:0.2% logz-ratio=2.26+/-0.05 dlogz:5.935>0.1]
65488it [5:15:58 bound:845 nc:965 ncall:4.3e+07 eff:0.2% logz-ratio=2.27+/-0.05 dlogz:5.900>0.1]
65660it [5:17:22 bound:848 nc:3159 ncall:4.4e+07 eff:0.2% logz-ratio=2.28+/-0.05 dlogz:5.849>0.1]
65838it [5:18:47 bound:851 nc:1540 ncall:4.4e+07 eff:0.2% logz-ratio=2.29+/-0.05 dlogz:5.796>0.1]
66015it [5:20:12 bound:854 nc:1306 ncall:4.4e+07 eff:0.2% logz-ratio=2.30+/-0.05 dlogz:5.743>0.1]
66187it [5:21:40 bound:857 nc:1150 ncall:4.4e+07 eff:0.1% logz-ratio=2.31+/-0.05 dlogz:5.692>0.1]
66306it [5:22:42 bound:859 nc:2673 ncall:4.4e+07 eff:0.1% logz-ratio=2.31+/-0.05 dlogz:5.657>0.1]
66415it [5:23:44 bound:861 nc:922 ncall:4.5e+07 eff:0.1% logz-ratio=2.32+/-0.05 dlogz:5.624>0.1]
66598it [5:25:10 bound:864 nc:2809 ncall:4.5e+07 eff:0.1% logz-ratio=2.33+/-0.05 dlogz:5.570>0.1]
66773it [5:26:37 bound:867 nc:856 ncall:4.5e+07 eff:0.1% logz-ratio=2.34+/-0.05 dlogz:5.519>0.1]
66955it [5:28:05 bound:870 nc:841 ncall:4.5e+07 eff:0.1% logz-ratio=2.35+/-0.05 dlogz:5.465>0.1]
67136it [5:29:29 bound:873 nc:1089 ncall:4.5e+07 eff:0.1% logz-ratio=2.36+/-0.05 dlogz:5.412>0.1]
67315it [5:30:55 bound:876 nc:1279 ncall:4.6e+07 eff:0.1% logz-ratio=2.37+/-0.05 dlogz:5.360>0.1]
67497it [5:32:24 bound:879 nc:683 ncall:4.6e+07 eff:0.1% logz-ratio=2.38+/-0.05 dlogz:5.307>0.1]
67680it [5:33:53 bound:882 nc:1154 ncall:4.6e+07 eff:0.1% logz-ratio=2.38+/-0.05 dlogz:5.254>0.1]
67858it [5:35:18 bound:885 nc:798 ncall:4.6e+07 eff:0.1% logz-ratio=2.39+/-0.05 dlogz:5.202>0.1]
68038it [5:36:46 bound:888 nc:1394 ncall:4.7e+07 eff:0.1% logz-ratio=2.40+/-0.05 dlogz:5.150>0.1]
68218it [5:38:15 bound:891 nc:848 ncall:4.7e+07 eff:0.1% logz-ratio=2.41+/-0.05 dlogz:5.098>0.1]
68403it [5:39:43 bound:894 nc:864 ncall:4.7e+07 eff:0.1% logz-ratio=2.42+/-0.05 dlogz:5.045>0.1]
68588it [5:41:11 bound:897 nc:1006 ncall:4.7e+07 eff:0.1% logz-ratio=2.43+/-0.05 dlogz:4.992>0.1]
68711it [5:42:12 bound:899 nc:708 ncall:4.7e+07 eff:0.1% logz-ratio=2.43+/-0.05 dlogz:4.956>0.1]
68828it [5:43:12 bound:901 nc:719 ncall:4.8e+07 eff:0.1% logz-ratio=2.44+/-0.05 dlogz:4.923>0.1]
69006it [5:44:40 bound:904 nc:1009 ncall:4.8e+07 eff:0.1% logz-ratio=2.44+/-0.05 dlogz:4.872>0.1]
69186it [5:46:02 bound:907 nc:2544 ncall:4.8e+07 eff:0.1% logz-ratio=2.45+/-0.05 dlogz:4.821>0.1]
69345it [5:47:02 bound:909 nc:2166 ncall:4.8e+07 eff:0.1% logz-ratio=2.46+/-0.05 dlogz:4.776>0.1]
69486it [5:48:29 bound:912 nc:1109 ncall:4.8e+07 eff:0.1% logz-ratio=2.46+/-0.05 dlogz:4.736>0.1]
69656it [5:49:57 bound:915 nc:1447 ncall:4.9e+07 eff:0.1% logz-ratio=2.47+/-0.05 dlogz:4.688>0.1]
69838it [5:51:24 bound:918 nc:1033 ncall:4.9e+07 eff:0.1% logz-ratio=2.48+/-0.05 dlogz:4.637>0.1]
70016it [5:52:53 bound:921 nc:1321 ncall:4.9e+07 eff:0.1% logz-ratio=2.49+/-0.05 dlogz:4.587>0.1]
70192it [5:54:19 bound:924 nc:1179 ncall:4.9e+07 eff:0.1% logz-ratio=2.49+/-0.05 dlogz:4.538>0.1]
70372it [5:55:45 bound:927 nc:1408 ncall:5.0e+07 eff:0.1% logz-ratio=2.50+/-0.05 dlogz:4.488>0.1]
70488it [5:56:46 bound:929 nc:1098 ncall:5.0e+07 eff:0.1% logz-ratio=2.50+/-0.05 dlogz:4.456>0.1]
70665it [5:58:10 bound:932 nc:4853 ncall:5.0e+07 eff:0.1% logz-ratio=2.51+/-0.05 dlogz:4.407>0.1]
70842it [5:59:38 bound:935 nc:1705 ncall:5.0e+07 eff:0.1% logz-ratio=2.52+/-0.05 dlogz:4.358>0.1]
71022it [6:01:05 bound:938 nc:1939 ncall:5.0e+07 eff:0.1% logz-ratio=2.52+/-0.05 dlogz:4.309>0.1]
71197it [6:02:35 bound:941 nc:1186 ncall:5.1e+07 eff:0.1% logz-ratio=2.53+/-0.05 dlogz:4.261>0.1]
71273it [6:04:11 bound:942 nc:1442 ncall:5.1e+07 eff:0.1% logz-ratio=2.53+/-0.05 dlogz:4.240>0.1]
71432it [6:05:39 bound:945 nc:975 ncall:5.1e+07 eff:0.1% logz-ratio=2.54+/-0.05 dlogz:4.196>0.1]
71616it [6:07:03 bound:948 nc:1273 ncall:5.1e+07 eff:0.1% logz-ratio=2.54+/-0.05 dlogz:4.146>0.1]
71800it [6:08:30 bound:951 nc:1110 ncall:5.1e+07 eff:0.1% logz-ratio=2.55+/-0.05 dlogz:4.096>0.1]
71982it [6:09:54 bound:954 nc:1005 ncall:5.2e+07 eff:0.1% logz-ratio=2.55+/-0.05 dlogz:4.047>0.1]
72166it [6:11:20 bound:957 nc:1143 ncall:5.2e+07 eff:0.1% logz-ratio=2.56+/-0.05 dlogz:3.998>0.1]
72349it [6:12:48 bound:960 nc:1262 ncall:5.2e+07 eff:0.1% logz-ratio=2.56+/-0.05 dlogz:3.948>0.1]
72526it [6:14:17 bound:963 nc:2309 ncall:5.2e+07 eff:0.1% logz-ratio=2.57+/-0.05 dlogz:3.901>0.1]
72702it [6:15:42 bound:966 nc:1489 ncall:5.2e+07 eff:0.1% logz-ratio=2.57+/-0.05 dlogz:3.854>0.1]
72879it [6:17:09 bound:969 nc:1026 ncall:5.3e+07 eff:0.1% logz-ratio=2.58+/-0.05 dlogz:3.807>0.1]
73055it [6:18:33 bound:972 nc:4239 ncall:5.3e+07 eff:0.1% logz-ratio=2.58+/-0.05 dlogz:3.760>0.1]
73232it [6:19:56 bound:975 nc:1253 ncall:5.3e+07 eff:0.1% logz-ratio=2.59+/-0.05 dlogz:3.713>0.1]
73410it [6:21:19 bound:978 nc:794 ncall:5.3e+07 eff:0.1% logz-ratio=2.59+/-0.05 dlogz:3.666>0.1]
73593it [6:22:46 bound:981 nc:1186 ncall:5.4e+07 eff:0.1% logz-ratio=2.60+/-0.05 dlogz:3.618>0.1]
73714it [6:23:47 bound:983 nc:939 ncall:5.4e+07 eff:0.1% logz-ratio=2.60+/-0.05 dlogz:3.586>0.1]
73830it [6:24:48 bound:985 nc:1097 ncall:5.4e+07 eff:0.1% logz-ratio=2.60+/-0.05 dlogz:3.556>0.1]
74005it [6:26:14 bound:988 nc:1114 ncall:5.4e+07 eff:0.1% logz-ratio=2.61+/-0.05 dlogz:3.510>0.1]
74177it [6:27:43 bound:991 nc:1436 ncall:5.4e+07 eff:0.1% logz-ratio=2.61+/-0.05 dlogz:3.465>0.1]
74355it [6:29:10 bound:994 nc:1388 ncall:5.5e+07 eff:0.1% logz-ratio=2.62+/-0.05 dlogz:3.419>0.1]
74531it [6:30:31 bound:997 nc:3073 ncall:5.5e+07 eff:0.1% logz-ratio=2.62+/-0.05 dlogz:3.373>0.1]
74712it [6:31:58 bound:1000 nc:1162 ncall:5.5e+07 eff:0.1% logz-ratio=2.63+/-0.05 dlogz:3.327>0.1]
74893it [6:33:21 bound:1003 nc:1175 ncall:5.5e+07 eff:0.1% logz-ratio=2.63+/-0.05 dlogz:3.280>0.1]
75070it [6:34:47 bound:1006 nc:1260 ncall:5.5e+07 eff:0.1% logz-ratio=2.63+/-0.05 dlogz:3.235>0.1]
75248it [6:36:16 bound:1009 nc:1414 ncall:5.6e+07 eff:0.1% logz-ratio=2.64+/-0.05 dlogz:3.190>0.1]
75369it [6:37:19 bound:1011 nc:2149 ncall:5.6e+07 eff:0.1% logz-ratio=2.64+/-0.05 dlogz:3.159>0.1]
75546it [6:38:45 bound:1014 nc:2213 ncall:5.6e+07 eff:0.1% logz-ratio=2.64+/-0.05 dlogz:3.114>0.1]
75662it [6:39:46 bound:1016 nc:1410 ncall:5.6e+07 eff:0.1% logz-ratio=2.65+/-0.05 dlogz:3.085>0.1]
75835it [6:41:16 bound:1019 nc:517 ncall:5.6e+07 eff:0.1% logz-ratio=2.65+/-0.05 dlogz:3.041>0.1]
76022it [6:42:40 bound:1022 nc:1466 ncall:5.7e+07 eff:0.1% logz-ratio=2.65+/-0.05 dlogz:2.994>0.1]
76194it [6:44:11 bound:1025 nc:1310 ncall:5.7e+07 eff:0.1% logz-ratio=2.66+/-0.05 dlogz:2.951>0.1]
76313it [6:45:11 bound:1027 nc:1198 ncall:5.7e+07 eff:0.1% logz-ratio=2.66+/-0.05 dlogz:2.922>0.1]
76487it [6:46:37 bound:1030 nc:2336 ncall:5.7e+07 eff:0.1% logz-ratio=2.66+/-0.05 dlogz:2.878>0.1]
76658it [6:48:05 bound:1033 nc:1147 ncall:5.7e+07 eff:0.1% logz-ratio=2.67+/-0.05 dlogz:2.836>0.1]
76779it [6:49:07 bound:1035 nc:1082 ncall:5.8e+07 eff:0.1% logz-ratio=2.67+/-0.05 dlogz:2.806>0.1]
76958it [6:50:32 bound:1038 nc:1292 ncall:5.8e+07 eff:0.1% logz-ratio=2.67+/-0.05 dlogz:2.762>0.1]
77133it [6:51:58 bound:1041 nc:1116 ncall:5.8e+07 eff:0.1% logz-ratio=2.67+/-0.05 dlogz:2.720>0.1]
77253it [6:52:59 bound:1043 nc:764 ncall:5.8e+07 eff:0.1% logz-ratio=2.68+/-0.05 dlogz:2.690>0.1]
77420it [6:54:27 bound:1046 nc:1186 ncall:5.8e+07 eff:0.1% logz-ratio=2.68+/-0.05 dlogz:2.650>0.1]
77596it [6:55:53 bound:1049 nc:1160 ncall:5.9e+07 eff:0.1% logz-ratio=2.68+/-0.05 dlogz:2.608>0.1]
77769it [6:57:20 bound:1052 nc:1741 ncall:5.9e+07 eff:0.1% logz-ratio=2.68+/-0.05 dlogz:2.566>0.1]
77951it [6:58:45 bound:1055 nc:1185 ncall:5.9e+07 eff:0.1% logz-ratio=2.69+/-0.05 dlogz:2.523>0.1]
78073it [6:59:45 bound:1057 nc:1158 ncall:5.9e+07 eff:0.1% logz-ratio=2.69+/-0.05 dlogz:2.494>0.1]
78247it [7:01:11 bound:1060 nc:1420 ncall:6.0e+07 eff:0.1% logz-ratio=2.69+/-0.05 dlogz:2.452>0.1]
78426it [7:02:38 bound:1063 nc:1824 ncall:6.0e+07 eff:0.1% logz-ratio=2.69+/-0.05 dlogz:2.410>0.1]
78547it [7:03:39 bound:1065 nc:991 ncall:6.0e+07 eff:0.1% logz-ratio=2.69+/-0.05 dlogz:2.382>0.1]
78552it [7:04:53 bound:1065 nc:922 ncall:6.0e+07 eff:0.1% logz-ratio=2.69+/-0.05 dlogz:2.381>0.1]
78724it [7:06:24 bound:1068 nc:1256 ncall:6.0e+07 eff:0.1% logz-ratio=2.70+/-0.05 dlogz:2.340>0.1]
78838it [7:07:26 bound:1070 nc:1840 ncall:6.0e+07 eff:0.1% logz-ratio=2.70+/-0.05 dlogz:2.314>0.1]
78954it [7:08:27 bound:1072 nc:1183 ncall:6.0e+07 eff:0.1% logz-ratio=2.70+/-0.05 dlogz:2.287>0.1]
79118it [7:09:54 bound:1075 nc:1366 ncall:6.1e+07 eff:0.1% logz-ratio=2.70+/-0.05 dlogz:2.249>0.1]
79238it [7:10:56 bound:1077 nc:1722 ncall:6.1e+07 eff:0.1% logz-ratio=2.70+/-0.05 dlogz:2.222>0.1]
79414it [7:12:25 bound:1080 nc:1527 ncall:6.1e+07 eff:0.1% logz-ratio=2.71+/-0.05 dlogz:2.182>0.1]
79586it [7:13:25 bound:1082 nc:1327 ncall:6.1e+07 eff:0.1% logz-ratio=2.71+/-0.05 dlogz:2.143>0.1]
79650it [7:14:27 bound:1084 nc:1268 ncall:6.1e+07 eff:0.1% logz-ratio=2.71+/-0.05 dlogz:2.128>0.1]
79828it [7:15:54 bound:1087 nc:1553 ncall:6.2e+07 eff:0.1% logz-ratio=2.71+/-0.05 dlogz:2.088>0.1]
79949it [7:16:55 bound:1089 nc:1429 ncall:6.2e+07 eff:0.1% logz-ratio=2.71+/-0.05 dlogz:2.061>0.1]
80074it [7:17:59 bound:1091 nc:1070 ncall:6.2e+07 eff:0.1% logz-ratio=2.71+/-0.05 dlogz:2.034>0.1]
80196it [7:18:59 bound:1093 nc:1508 ncall:6.2e+07 eff:0.1% logz-ratio=2.71+/-0.05 dlogz:2.007>0.1]
80313it [7:20:00 bound:1095 nc:1255 ncall:6.2e+07 eff:0.1% logz-ratio=2.72+/-0.05 dlogz:1.981>0.1]
80489it [7:21:29 bound:1098 nc:1470 ncall:6.3e+07 eff:0.1% logz-ratio=2.72+/-0.05 dlogz:1.942>0.1]
80670it [7:23:00 bound:1101 nc:718 ncall:6.3e+07 eff:0.1% logz-ratio=2.72+/-0.05 dlogz:1.903>0.1]
80786it [7:24:00 bound:1103 nc:748 ncall:6.3e+07 eff:0.1% logz-ratio=2.72+/-0.05 dlogz:1.878>0.1]
80901it [7:25:02 bound:1105 nc:1823 ncall:6.3e+07 eff:0.1% logz-ratio=2.72+/-0.05 dlogz:1.853>0.1]
81018it [7:26:03 bound:1107 nc:1527 ncall:6.3e+07 eff:0.1% logz-ratio=2.72+/-0.05 dlogz:1.828>0.1]
81141it [7:27:07 bound:1109 nc:1012 ncall:6.3e+07 eff:0.1% logz-ratio=2.72+/-0.05 dlogz:1.802>0.1]
81262it [7:28:08 bound:1111 nc:1126 ncall:6.4e+07 eff:0.1% logz-ratio=2.73+/-0.05 dlogz:1.777>0.1]
81376it [7:29:08 bound:1113 nc:1233 ncall:6.4e+07 eff:0.1% logz-ratio=2.73+/-0.05 dlogz:1.753>0.1]
81494it [7:30:11 bound:1115 nc:1325 ncall:6.4e+07 eff:0.1% logz-ratio=2.73+/-0.05 dlogz:1.728>0.1]
81616it [7:31:15 bound:1117 nc:1490 ncall:6.4e+07 eff:0.1% logz-ratio=2.73+/-0.05 dlogz:1.703>0.1]
81730it [7:32:20 bound:1119 nc:2508 ncall:6.4e+07 eff:0.1% logz-ratio=2.73+/-0.05 dlogz:1.679>0.1]
81850it [7:33:24 bound:1121 nc:1871 ncall:6.4e+07 eff:0.1% logz-ratio=2.73+/-0.05 dlogz:1.655>0.1]
81971it [7:34:28 bound:1123 nc:1681 ncall:6.5e+07 eff:0.1% logz-ratio=2.73+/-0.05 dlogz:1.630>0.1]
82089it [7:35:31 bound:1125 nc:1729 ncall:6.5e+07 eff:0.1% logz-ratio=2.73+/-0.05 dlogz:1.606>0.1]
82211it [7:36:37 bound:1127 nc:1796 ncall:6.5e+07 eff:0.1% logz-ratio=2.73+/-0.05 dlogz:1.582>0.1]
82331it [7:37:41 bound:1129 nc:1910 ncall:6.5e+07 eff:0.1% logz-ratio=2.73+/-0.05 dlogz:1.558>0.1]
82447it [7:38:47 bound:1131 nc:1160 ncall:6.5e+07 eff:0.1% logz-ratio=2.74+/-0.05 dlogz:1.535>0.1]
82570it [7:39:53 bound:1133 nc:2072 ncall:6.5e+07 eff:0.1% logz-ratio=2.74+/-0.05 dlogz:1.511>0.1]
82695it [7:40:59 bound:1135 nc:1867 ncall:6.6e+07 eff:0.1% logz-ratio=2.74+/-0.05 dlogz:1.486>0.1]
82815it [7:42:07 bound:1137 nc:1990 ncall:6.6e+07 eff:0.1% logz-ratio=2.74+/-0.05 dlogz:1.463>0.1]
82935it [7:43:12 bound:1139 nc:1263 ncall:6.6e+07 eff:0.1% logz-ratio=2.74+/-0.05 dlogz:1.440>0.1]
83055it [7:44:17 bound:1141 nc:984 ncall:6.6e+07 eff:0.1% logz-ratio=2.74+/-0.05 dlogz:1.417>0.1]
83178it [7:45:25 bound:1143 nc:1927 ncall:6.6e+07 eff:0.1% logz-ratio=2.74+/-0.05 dlogz:1.394>0.1]
83302it [7:46:32 bound:1145 nc:1010 ncall:6.7e+07 eff:0.1% logz-ratio=2.74+/-0.05 dlogz:1.370>0.1]
83421it [7:47:37 bound:1147 nc:1357 ncall:6.7e+07 eff:0.1% logz-ratio=2.74+/-0.05 dlogz:1.348>0.1]
83540it [7:48:45 bound:1149 nc:1234 ncall:6.7e+07 eff:0.1% logz-ratio=2.74+/-0.05 dlogz:1.326>0.1]
83662it [7:49:54 bound:1151 nc:1267 ncall:6.7e+07 eff:0.1% logz-ratio=2.74+/-0.05 dlogz:1.304>0.1]
83779it [7:51:05 bound:1153 nc:1769 ncall:6.7e+07 eff:0.1% logz-ratio=2.74+/-0.05 dlogz:1.283>0.1]
83902it [7:52:13 bound:1155 nc:1618 ncall:6.7e+07 eff:0.1% logz-ratio=2.75+/-0.05 dlogz:1.261>0.1]
84024it [7:53:20 bound:1157 nc:1591 ncall:6.8e+07 eff:0.1% logz-ratio=2.75+/-0.05 dlogz:1.239>0.1]
84146it [7:54:31 bound:1159 nc:927 ncall:6.8e+07 eff:0.1% logz-ratio=2.75+/-0.05 dlogz:1.217>0.1]
84264it [7:55:40 bound:1161 nc:2024 ncall:6.8e+07 eff:0.1% logz-ratio=2.75+/-0.05 dlogz:1.197>0.1]
84385it [7:56:49 bound:1163 nc:1411 ncall:6.8e+07 eff:0.1% logz-ratio=2.75+/-0.05 dlogz:1.176>0.1]
84504it [7:57:56 bound:1165 nc:1938 ncall:6.8e+07 eff:0.1% logz-ratio=2.75+/-0.05 dlogz:1.155>0.1]
84621it [7:59:07 bound:1167 nc:1516 ncall:6.9e+07 eff:0.1% logz-ratio=2.75+/-0.05 dlogz:1.135>0.1]
84738it [8:00:22 bound:1169 nc:2065 ncall:6.9e+07 eff:0.1% logz-ratio=2.75+/-0.05 dlogz:1.115>0.1]
84857it [8:01:34 bound:1171 nc:1588 ncall:6.9e+07 eff:0.1% logz-ratio=2.75+/-0.05 dlogz:1.096>0.1]
84976it [8:02:45 bound:1173 nc:1525 ncall:6.9e+07 eff:0.1% logz-ratio=2.75+/-0.05 dlogz:1.076>0.1]
85096it [8:03:56 bound:1175 nc:3558 ncall:6.9e+07 eff:0.1% logz-ratio=2.75+/-0.05 dlogz:1.056>0.1]
85159it [8:05:51 bound:1176 nc:1139 ncall:6.9e+07 eff:0.1% logz-ratio=2.75+/-0.05 dlogz:1.046>0.1]
85274it [8:07:06 bound:1178 nc:1324 ncall:7.0e+07 eff:0.1% logz-ratio=2.75+/-0.05 dlogz:1.028>0.1]
85396it [8:08:17 bound:1180 nc:2155 ncall:7.0e+07 eff:0.1% logz-ratio=2.75+/-0.05 dlogz:1.008>0.1]
85516it [8:09:29 bound:1182 nc:1738 ncall:7.0e+07 eff:0.1% logz-ratio=2.75+/-0.05 dlogz:0.989>0.1]
85632it [8:10:42 bound:1184 nc:1824 ncall:7.0e+07 eff:0.1% logz-ratio=2.75+/-0.05 dlogz:0.971>0.1]
85749it [8:11:55 bound:1186 nc:3149 ncall:7.0e+07 eff:0.1% logz-ratio=2.76+/-0.05 dlogz:0.953>0.1]
85865it [8:13:09 bound:1188 nc:1723 ncall:7.1e+07 eff:0.1% logz-ratio=2.76+/-0.05 dlogz:0.936>0.1]
85981it [8:14:22 bound:1190 nc:1862 ncall:7.1e+07 eff:0.1% logz-ratio=2.76+/-0.05 dlogz:0.918>0.1]
86090it [8:15:35 bound:1192 nc:2800 ncall:7.1e+07 eff:0.1% logz-ratio=2.76+/-0.05 dlogz:0.902>0.1]
86205it [8:16:52 bound:1194 nc:1358 ncall:7.1e+07 eff:0.1% logz-ratio=2.76+/-0.05 dlogz:0.885>0.1]
86322it [8:18:07 bound:1196 nc:849 ncall:7.1e+07 eff:0.1% logz-ratio=2.76+/-0.05 dlogz:0.868>0.1]
86443it [8:19:19 bound:1198 nc:1785 ncall:7.2e+07 eff:0.1% logz-ratio=2.76+/-0.05 dlogz:0.851>0.1]
86556it [8:20:34 bound:1200 nc:1954 ncall:7.2e+07 eff:0.1% logz-ratio=2.76+/-0.05 dlogz:0.835>0.1]
86678it [8:21:51 bound:1202 nc:2044 ncall:7.2e+07 eff:0.1% logz-ratio=2.76+/-0.05 dlogz:0.818>0.1]
86796it [8:23:06 bound:1204 nc:1567 ncall:7.2e+07 eff:0.1% logz-ratio=2.76+/-0.05 dlogz:0.802>0.1]
86918it [8:24:21 bound:1206 nc:1487 ncall:7.2e+07 eff:0.1% logz-ratio=2.76+/-0.05 dlogz:0.785>0.1]
87036it [8:25:34 bound:1208 nc:1359 ncall:7.3e+07 eff:0.1% logz-ratio=2.76+/-0.05 dlogz:0.769>0.1]
87154it [8:26:48 bound:1210 nc:1580 ncall:7.3e+07 eff:0.1% logz-ratio=2.76+/-0.05 dlogz:0.754>0.1]
87274it [8:28:04 bound:1212 nc:1460 ncall:7.3e+07 eff:0.1% logz-ratio=2.76+/-0.05 dlogz:0.738>0.1]
87391it [8:29:21 bound:1214 nc:3495 ncall:7.3e+07 eff:0.1% logz-ratio=2.76+/-0.05 dlogz:0.723>0.1]
87498it [8:30:40 bound:1216 nc:1820 ncall:7.3e+07 eff:0.1% logz-ratio=2.76+/-0.05 dlogz:0.709>0.1]
87615it [8:32:00 bound:1218 nc:1761 ncall:7.4e+07 eff:0.1% logz-ratio=2.76+/-0.05 dlogz:0.695>0.1]
87732it [8:33:16 bound:1220 nc:2673 ncall:7.4e+07 eff:0.1% logz-ratio=2.76+/-0.05 dlogz:0.680>0.1]
87845it [8:34:31 bound:1222 nc:1926 ncall:7.4e+07 eff:0.1% logz-ratio=2.76+/-0.05 dlogz:0.667>0.1]
87959it [8:35:46 bound:1224 nc:1138 ncall:7.4e+07 eff:0.1% logz-ratio=2.76+/-0.05 dlogz:0.653>0.1]
88082it [8:37:00 bound:1226 nc:1737 ncall:7.4e+07 eff:0.1% logz-ratio=2.76+/-0.05 dlogz:0.639>0.1]
88201it [8:38:19 bound:1228 nc:1419 ncall:7.5e+07 eff:0.1% logz-ratio=2.76+/-0.05 dlogz:0.625>0.1]
88316it [8:39:39 bound:1230 nc:1926 ncall:7.5e+07 eff:0.1% logz-ratio=2.76+/-0.05 dlogz:0.612>0.1]
88431it [8:40:55 bound:1232 nc:1275 ncall:7.5e+07 eff:0.1% logz-ratio=2.77+/-0.05 dlogz:0.599>0.1]
88550it [8:42:11 bound:1234 nc:2223 ncall:7.5e+07 eff:0.1% logz-ratio=2.77+/-0.05 dlogz:0.586>0.1]
88664it [8:43:27 bound:1236 nc:3018 ncall:7.5e+07 eff:0.1% logz-ratio=2.77+/-0.05 dlogz:0.573>0.1]
88783it [8:44:43 bound:1238 nc:1537 ncall:7.6e+07 eff:0.1% logz-ratio=2.77+/-0.05 dlogz:0.561>0.1]
88894it [8:45:58 bound:1240 nc:2110 ncall:7.6e+07 eff:0.1% logz-ratio=2.77+/-0.05 dlogz:0.549>0.1]
89008it [8:47:13 bound:1242 nc:1744 ncall:7.6e+07 eff:0.1% logz-ratio=2.77+/-0.05 dlogz:0.537>0.1]
89121it [8:48:32 bound:1244 nc:1447 ncall:7.6e+07 eff:0.1% logz-ratio=2.77+/-0.05 dlogz:0.526>0.1]
89242it [8:49:51 bound:1246 nc:1573 ncall:7.6e+07 eff:0.1% logz-ratio=2.77+/-0.05 dlogz:0.513>0.1]
89357it [8:51:11 bound:1248 nc:3545 ncall:7.7e+07 eff:0.1% logz-ratio=2.77+/-0.05 dlogz:0.502>0.1]
89473it [8:52:27 bound:1250 nc:1136 ncall:7.7e+07 eff:0.1% logz-ratio=2.77+/-0.05 dlogz:0.491>0.1]
89591it [8:53:49 bound:1252 nc:1840 ncall:7.7e+07 eff:0.1% logz-ratio=2.77+/-0.05 dlogz:0.480>0.1]
89707it [8:55:10 bound:1254 nc:962 ncall:7.7e+07 eff:0.1% logz-ratio=2.77+/-0.05 dlogz:0.469>0.1]
89824it [8:56:34 bound:1256 nc:1529 ncall:7.8e+07 eff:0.1% logz-ratio=2.77+/-0.05 dlogz:0.458>0.1]
89945it [8:57:55 bound:1258 nc:1925 ncall:7.8e+07 eff:0.1% logz-ratio=2.77+/-0.05 dlogz:0.447>0.1]
90055it [8:59:21 bound:1260 nc:3123 ncall:7.8e+07 eff:0.1% logz-ratio=2.77+/-0.05 dlogz:0.438>0.1]
90173it [9:00:43 bound:1262 nc:1829 ncall:7.8e+07 eff:0.1% logz-ratio=2.77+/-0.05 dlogz:0.427>0.1]
90290it [9:02:03 bound:1264 nc:1348 ncall:7.8e+07 eff:0.1% logz-ratio=2.77+/-0.05 dlogz:0.418>0.1]
90406it [9:03:28 bound:1266 nc:3295 ncall:7.9e+07 eff:0.1% logz-ratio=2.77+/-0.05 dlogz:0.408>0.1]
90519it [9:04:48 bound:1268 nc:1769 ncall:7.9e+07 eff:0.1% logz-ratio=2.77+/-0.05 dlogz:0.399>0.1]
90587it [9:06:53 bound:1269 nc:1804 ncall:7.9e+07 eff:0.1% logz-ratio=2.77+/-0.05 dlogz:0.393>0.1]
90696it [9:08:17 bound:1271 nc:1488 ncall:7.9e+07 eff:0.1% logz-ratio=2.77+/-0.05 dlogz:0.385>0.1]
90811it [9:09:41 bound:1273 nc:1982 ncall:7.9e+07 eff:0.1% logz-ratio=2.77+/-0.05 dlogz:0.376>0.1]
90927it [9:11:03 bound:1275 nc:3111 ncall:8.0e+07 eff:0.1% logz-ratio=2.77+/-0.05 dlogz:0.367>0.1]
91044it [9:12:27 bound:1277 nc:1761 ncall:8.0e+07 eff:0.1% logz-ratio=2.77+/-0.05 dlogz:0.358>0.1]
91163it [9:13:51 bound:1279 nc:2076 ncall:8.0e+07 eff:0.1% logz-ratio=2.77+/-0.05 dlogz:0.349>0.1]
91281it [9:15:12 bound:1281 nc:1644 ncall:8.0e+07 eff:0.1% logz-ratio=2.77+/-0.05 dlogz:0.341>0.1]
91399it [9:16:42 bound:1283 nc:1504 ncall:8.1e+07 eff:0.1% logz-ratio=2.77+/-0.05 dlogz:0.332>0.1]
91516it [9:18:05 bound:1285 nc:2131 ncall:8.1e+07 eff:0.1% logz-ratio=2.77+/-0.05 dlogz:0.324>0.1]
91636it [9:19:33 bound:1287 nc:3344 ncall:8.1e+07 eff:0.1% logz-ratio=2.77+/-0.05 dlogz:0.316>0.1]
91752it [9:20:55 bound:1289 nc:2342 ncall:8.1e+07 eff:0.1% logz-ratio=2.77+/-0.05 dlogz:0.309>0.1]
91869it [9:22:24 bound:1291 nc:1498 ncall:8.1e+07 eff:0.1% logz-ratio=2.77+/-0.05 dlogz:0.301>0.1]
91986it [9:23:47 bound:1293 nc:1751 ncall:8.2e+07 eff:0.1% logz-ratio=2.77+/-0.05 dlogz:0.294>0.1]
92103it [9:25:13 bound:1295 nc:1305 ncall:8.2e+07 eff:0.1% logz-ratio=2.77+/-0.05 dlogz:0.286>0.1]
92223it [9:26:43 bound:1297 nc:1781 ncall:8.2e+07 eff:0.1% logz-ratio=2.77+/-0.05 dlogz:0.279>0.1]
92337it [9:28:14 bound:1299 nc:1177 ncall:8.2e+07 eff:0.1% logz-ratio=2.77+/-0.05 dlogz:0.272>0.1]
92451it [9:29:48 bound:1301 nc:3903 ncall:8.3e+07 eff:0.1% logz-ratio=2.77+/-0.05 dlogz:0.266>0.1]
92571it [9:31:14 bound:1303 nc:1193 ncall:8.3e+07 eff:0.1% logz-ratio=2.77+/-0.05 dlogz:0.259>0.1]
92691it [9:32:48 bound:1305 nc:2320 ncall:8.3e+07 eff:0.1% logz-ratio=2.77+/-0.05 dlogz:0.252>0.1]
92808it [9:34:30 bound:1307 nc:1631 ncall:8.3e+07 eff:0.1% logz-ratio=2.78+/-0.05 dlogz:0.246>0.1]
92932it [9:36:06 bound:1309 nc:1657 ncall:8.3e+07 eff:0.1% logz-ratio=2.78+/-0.05 dlogz:0.239>0.1]
93049it [9:37:42 bound:1311 nc:3142 ncall:8.4e+07 eff:0.1% logz-ratio=2.78+/-0.05 dlogz:0.233>0.1]
93166it [9:39:17 bound:1313 nc:7087 ncall:8.4e+07 eff:0.1% logz-ratio=2.78+/-0.05 dlogz:0.227>0.1]
93286it [9:40:47 bound:1315 nc:1671 ncall:8.4e+07 eff:0.1% logz-ratio=2.78+/-0.05 dlogz:0.222>0.1]
93403it [9:42:24 bound:1317 nc:2741 ncall:8.4e+07 eff:0.1% logz-ratio=2.78+/-0.05 dlogz:0.216>0.1]
93524it [9:43:59 bound:1319 nc:1795 ncall:8.5e+07 eff:0.1% logz-ratio=2.78+/-0.05 dlogz:0.210>0.1]
93645it [9:45:35 bound:1321 nc:2376 ncall:8.5e+07 eff:0.1% logz-ratio=2.78+/-0.05 dlogz:0.205>0.1]
93765it [9:47:14 bound:1323 nc:2061 ncall:8.5e+07 eff:0.1% logz-ratio=2.78+/-0.05 dlogz:0.199>0.1]
93884it [9:48:46 bound:1325 nc:1323 ncall:8.5e+07 eff:0.1% logz-ratio=2.78+/-0.05 dlogz:0.194>0.1]
94003it [9:50:24 bound:1327 nc:1503 ncall:8.6e+07 eff:0.1% logz-ratio=2.78+/-0.05 dlogz:0.189>0.1]
94122it [9:52:07 bound:1329 nc:2914 ncall:8.6e+07 eff:0.1% logz-ratio=2.78+/-0.05 dlogz:0.184>0.1]
94238it [9:53:50 bound:1331 nc:1361 ncall:8.6e+07 eff:0.1% logz-ratio=2.78+/-0.05 dlogz:0.179>0.1]
94361it [9:55:30 bound:1333 nc:1982 ncall:8.6e+07 eff:0.1% logz-ratio=2.78+/-0.05 dlogz:0.174>0.1]
94479it [9:57:15 bound:1335 nc:1186 ncall:8.7e+07 eff:0.1% logz-ratio=2.78+/-0.05 dlogz:0.170>0.1]
94601it [9:58:54 bound:1337 nc:2393 ncall:8.7e+07 eff:0.1% logz-ratio=2.78+/-0.05 dlogz:0.165>0.1]
94719it [10:00:38 bound:1339 nc:3083 ncall:8.7e+07 eff:0.1% logz-ratio=2.78+/-0.05 dlogz:0.161>0.1]
94840it [10:02:25 bound:1341 nc:1745 ncall:8.7e+07 eff:0.1% logz-ratio=2.78+/-0.05 dlogz:0.156>0.1]
94954it [10:04:07 bound:1343 nc:2483 ncall:8.8e+07 eff:0.1% logz-ratio=2.78+/-0.05 dlogz:0.152>0.1]
95076it [10:05:58 bound:1345 nc:2153 ncall:8.8e+07 eff:0.1% logz-ratio=2.78+/-0.05 dlogz:0.148>0.1]
95144it [10:08:18 bound:1346 nc:2637 ncall:8.8e+07 eff:0.1% logz-ratio=2.78+/-0.05 dlogz:0.146>0.1]
95259it [10:10:08 bound:1348 nc:3197 ncall:8.8e+07 eff:0.1% logz-ratio=2.78+/-0.05 dlogz:0.142>0.1]
95377it [10:11:53 bound:1350 nc:1742 ncall:8.9e+07 eff:0.1% logz-ratio=2.78+/-0.05 dlogz:0.138>0.1]
95498it [10:13:37 bound:1352 nc:1884 ncall:8.9e+07 eff:0.1% logz-ratio=2.78+/-0.05 dlogz:0.135>0.1]
95614it [10:15:27 bound:1354 nc:5294 ncall:8.9e+07 eff:0.1% logz-ratio=2.78+/-0.05 dlogz:0.131>0.1]
95729it [10:17:20 bound:1356 nc:2401 ncall:8.9e+07 eff:0.1% logz-ratio=2.78+/-0.05 dlogz:0.128>0.1]
95843it [10:19:08 bound:1358 nc:2248 ncall:9.0e+07 eff:0.1% logz-ratio=2.78+/-0.05 dlogz:0.124>0.1]
95962it [10:20:54 bound:1360 nc:1908 ncall:9.0e+07 eff:0.1% logz-ratio=2.78+/-0.05 dlogz:0.121>0.1]
96023it [10:21:54 bound:1361 nc:5060 ncall:9.0e+07 eff:0.1% logz-ratio=2.78+/-0.05 dlogz:0.119>0.1]
96139it [10:23:48 bound:1363 nc:2664 ncall:9.0e+07 eff:0.1% logz-ratio=2.78+/-0.05 dlogz:0.116>0.1]
96260it [10:25:41 bound:1365 nc:2743 ncall:9.0e+07 eff:0.1% logz-ratio=2.78+/-0.05 dlogz:0.113>0.1]
96381it [10:27:30 bound:1367 nc:1663 ncall:9.1e+07 eff:0.1% logz-ratio=2.78+/-0.05 dlogz:0.110>0.1]
96499it [10:29:17 bound:1369 nc:2773 ncall:9.1e+07 eff:0.1% logz-ratio=2.78+/-0.05 dlogz:0.107>0.1]
96619it [10:31:15 bound:1371 nc:1801 ncall:9.1e+07 eff:0.1% logz-ratio=2.78+/-0.05 dlogz:0.104>0.1]
96741it [10:32:59 bound:1373 nc:2967 ncall:9.2e+07 eff:0.1% logz-ratio=2.78+/-0.05 dlogz:0.101>0.1]
At this point, we cannot create a float from 0        1.111123
1        1.206086
2        1.410354
3        1.137810
4        1.503514
           ...   
29000    1.889974
29001    1.889974
29002    1.889974
29003    1.889974
29004    1.889974
Name: chirp_mass_source, Length: 29005, dtype: float64, error: cannot convert the series to <class 'float'>
At this point, we cannot create a float from 0        0.855973
1        0.980703
2        0.677022
3        0.983598
4        0.971394
           ...   
29000    0.919689
29001    0.919689
29002    0.919689
29003    0.919689
29004    0.919689
Name: mass_ratio, Length: 29005, dtype: float64, error: cannot convert the series to <class 'float'>
At this point, we cannot create a float from 0        473.014832
1        730.629700
2         77.570251
3        659.084167
4         87.939705
            ...    
29000     16.235188
29001     16.235188
29002     16.235188
29003     16.235188
29004     16.235188
Name: lambda_1, Length: 29005, dtype: float64, error: cannot convert the series to <class 'float'>
At this point, we cannot create a float from 0        1250.640869
1         817.993164
2         781.345581
3         726.795288
4         110.581200
            ...     
29000      38.328331
29001      38.328331
29002      38.328331
29003      38.328331
29004      38.328331
Name: lambda_2, Length: 29005, dtype: float64, error: cannot convert the series to <class 'float'>
Skipped taking the float value from [-11.38097858  -6.27946281  -9.06049919 ...  -8.87363052
  -8.87363052  -8.87363052], error: only length-1 arrays can be converted to Python scalars
At this point, we cannot create a float from [0.98773527 0.99090173 0.99406819 ... 1.92817314 1.9313396
 1.93450606], error: only length-1 arrays can be converted to Python scalars
At this point, we cannot create a float from [0.48153898 0.48327296 0.48500695 ... 0.99653191 0.9982659
 0.99999988], error: only length-1 arrays can be converted to Python scalars
At this point, we cannot create a float from [2.76575136e+00 1.31274832e+01 2.34892151e+01 ... 3.08020012e+03
 3.09056185e+03 3.10092358e+03], error: only length-1 arrays can be converted to Python scalars
At this point, we cannot create a float from [3.99782729e+00 1.94771847e+01 3.49565420e+01 ... 4.60136697e+03
 4.61684633e+03 4.63232568e+03], error: only length-1 arrays can be converted to Python scalars
Skipped taking the float value from [ -46.38793945  -39.70880127  -38.61092377 ... -102.06396484
 -102.19155884 -102.31074524], error: only length-1 arrays can be converted to Python scalars
