000 (2589206.000.000) 2025-08-10 12:49:21 Job submitted from host: <145.107.7.246:9618?addrs=145.107.7.246-9618+[2a07-8500-120-e070--3f6]-9618&alias=taai-007.nikhef.nl&noUDP&sock=schedd_2614_90a7>
    DAG Node: run_k
...
001 (2589206.000.000) 2025-08-12 14:36:50 Job executing on host: <145.107.4.132:9618?addrs=145.107.4.132-9618+[2a07-8500-120-e070--84]-9618&alias=wn-lot-005.nikhef.nl&noUDP&sock=startd_1768_4788>
	SlotName: slot1_1@wn-lot-005.nikhef.nl
	CondorScratchDir = "/scratch/condor_execute/dir_1640032"
	Cpus = 64
	Disk = 16778721
	GPUs = 0
	Memory = 16384
...
006 (2589206.000.000) 2025-08-12 14:37:04 Image size of job updated: 94592
	93  -  MemoryUsage of job (MB)
	94592  -  ResidentSetSize of job (KB)
...
006 (2589206.000.000) 2025-08-12 14:42:05 Image size of job updated: 1529028
	1494  -  MemoryUsage of job (MB)
	1529028  -  ResidentSetSize of job (KB)
...
006 (2589206.000.000) 2025-08-12 14:47:05 Image size of job updated: 1680336
	1641  -  MemoryUsage of job (MB)
	1680336  -  ResidentSetSize of job (KB)
...
006 (2589206.000.000) 2025-08-12 14:52:05 Image size of job updated: 1706024
	1667  -  MemoryUsage of job (MB)
	1706024  -  ResidentSetSize of job (KB)
...
006 (2589206.000.000) 2025-08-12 14:57:06 Image size of job updated: 1717084
	1677  -  MemoryUsage of job (MB)
	1717084  -  ResidentSetSize of job (KB)
...
006 (2589206.000.000) 2025-08-12 15:02:07 Image size of job updated: 1722068
	1682  -  MemoryUsage of job (MB)
	1722068  -  ResidentSetSize of job (KB)
...
006 (2589206.000.000) 2025-08-12 15:07:07 Image size of job updated: 1729676
	1690  -  MemoryUsage of job (MB)
	1729676  -  ResidentSetSize of job (KB)
...
006 (2589206.000.000) 2025-08-12 15:12:07 Image size of job updated: 1734780
	1695  -  MemoryUsage of job (MB)
	1734780  -  ResidentSetSize of job (KB)
...
006 (2589206.000.000) 2025-08-12 15:17:08 Image size of job updated: 1741708
	1701  -  MemoryUsage of job (MB)
	1741708  -  ResidentSetSize of job (KB)
...
006 (2589206.000.000) 2025-08-12 15:22:08 Image size of job updated: 1747500
	1707  -  MemoryUsage of job (MB)
	1747500  -  ResidentSetSize of job (KB)
...
006 (2589206.000.000) 2025-08-12 15:27:08 Image size of job updated: 1752492
	1712  -  MemoryUsage of job (MB)
	1752492  -  ResidentSetSize of job (KB)
...
006 (2589206.000.000) 2025-08-12 15:32:09 Image size of job updated: 1757212
	1717  -  MemoryUsage of job (MB)
	1757212  -  ResidentSetSize of job (KB)
...
006 (2589206.000.000) 2025-08-12 15:37:10 Image size of job updated: 1758904
	1718  -  MemoryUsage of job (MB)
	1758904  -  ResidentSetSize of job (KB)
...
006 (2589206.000.000) 2025-08-12 15:42:10 Image size of job updated: 2346384
	2292  -  MemoryUsage of job (MB)
	2346384  -  ResidentSetSize of job (KB)
...
006 (2589206.000.000) 2025-08-12 15:47:10 Image size of job updated: 2347332
	2293  -  MemoryUsage of job (MB)
	2347332  -  ResidentSetSize of job (KB)
...
006 (2589206.000.000) 2025-08-12 15:52:11 Image size of job updated: 2350984
	2296  -  MemoryUsage of job (MB)
	2350984  -  ResidentSetSize of job (KB)
...
006 (2589206.000.000) 2025-08-12 15:57:12 Image size of job updated: 2352984
	2298  -  MemoryUsage of job (MB)
	2352984  -  ResidentSetSize of job (KB)
...
006 (2589206.000.000) 2025-08-12 16:02:12 Image size of job updated: 2353836
	2299  -  MemoryUsage of job (MB)
	2353836  -  ResidentSetSize of job (KB)
...
006 (2589206.000.000) 2025-08-12 16:07:13 Image size of job updated: 2356432
	2302  -  MemoryUsage of job (MB)
	2356432  -  ResidentSetSize of job (KB)
...
006 (2589206.000.000) 2025-08-12 16:12:14 Image size of job updated: 2357396
	2303  -  MemoryUsage of job (MB)
	2357396  -  ResidentSetSize of job (KB)
...
006 (2589206.000.000) 2025-08-12 16:17:14 Image size of job updated: 2361564
	2307  -  MemoryUsage of job (MB)
	2361564  -  ResidentSetSize of job (KB)
...
006 (2589206.000.000) 2025-08-12 16:22:14 Image size of job updated: 2362648
	2308  -  MemoryUsage of job (MB)
	2362648  -  ResidentSetSize of job (KB)
...
006 (2589206.000.000) 2025-08-12 16:27:15 Image size of job updated: 2366068
	2311  -  MemoryUsage of job (MB)
	2366068  -  ResidentSetSize of job (KB)
...
006 (2589206.000.000) 2025-08-12 16:32:16 Image size of job updated: 2366888
	2312  -  MemoryUsage of job (MB)
	2366888  -  ResidentSetSize of job (KB)
...
006 (2589206.000.000) 2025-08-12 16:37:16 Image size of job updated: 2368552
	2314  -  MemoryUsage of job (MB)
	2368552  -  ResidentSetSize of job (KB)
...
006 (2589206.000.000) 2025-08-12 16:42:17 Image size of job updated: 2497804
	2385  -  MemoryUsage of job (MB)
	2441272  -  ResidentSetSize of job (KB)
...
006 (2589206.000.000) 2025-08-12 16:47:18 Image size of job updated: 2497804
	2387  -  MemoryUsage of job (MB)
	2444240  -  ResidentSetSize of job (KB)
...
006 (2589206.000.000) 2025-08-12 16:52:18 Image size of job updated: 2497804
	2391  -  MemoryUsage of job (MB)
	2447828  -  ResidentSetSize of job (KB)
...
006 (2589206.000.000) 2025-08-12 16:57:18 Image size of job updated: 2497804
	2392  -  MemoryUsage of job (MB)
	2449148  -  ResidentSetSize of job (KB)
...
006 (2589206.000.000) 2025-08-12 17:02:19 Image size of job updated: 2497804
	2398  -  MemoryUsage of job (MB)
	2455324  -  ResidentSetSize of job (KB)
...
006 (2589206.000.000) 2025-08-12 17:07:19 Image size of job updated: 2497804
	2402  -  MemoryUsage of job (MB)
	2459520  -  ResidentSetSize of job (KB)
...
006 (2589206.000.000) 2025-08-12 17:12:19 Image size of job updated: 2497804
	2404  -  MemoryUsage of job (MB)
	2461484  -  ResidentSetSize of job (KB)
...
006 (2589206.000.000) 2025-08-12 17:17:20 Image size of job updated: 2497804
	2407  -  MemoryUsage of job (MB)
	2464192  -  ResidentSetSize of job (KB)
...
006 (2589206.000.000) 2025-08-12 17:22:21 Image size of job updated: 2497804
	2408  -  MemoryUsage of job (MB)
	2465360  -  ResidentSetSize of job (KB)
...
006 (2589206.000.000) 2025-08-12 17:27:21 Image size of job updated: 2497804
	2411  -  MemoryUsage of job (MB)
	2468616  -  ResidentSetSize of job (KB)
...
006 (2589206.000.000) 2025-08-12 17:32:21 Image size of job updated: 2497804
	2412  -  MemoryUsage of job (MB)
	2469300  -  ResidentSetSize of job (KB)
...
006 (2589206.000.000) 2025-08-12 17:37:23 Image size of job updated: 2497804
	2414  -  MemoryUsage of job (MB)
	2471356  -  ResidentSetSize of job (KB)
...
006 (2589206.000.000) 2025-08-12 17:42:23 Image size of job updated: 2613936
	2467  -  MemoryUsage of job (MB)
	2525444  -  ResidentSetSize of job (KB)
...
006 (2589206.000.000) 2025-08-12 17:47:23 Image size of job updated: 2613936
	2467  -  MemoryUsage of job (MB)
	2525816  -  ResidentSetSize of job (KB)
...
006 (2589206.000.000) 2025-08-12 17:52:24 Image size of job updated: 2613936
	2469  -  MemoryUsage of job (MB)
	2527880  -  ResidentSetSize of job (KB)
...
006 (2589206.000.000) 2025-08-12 17:57:25 Image size of job updated: 2613936
	2470  -  MemoryUsage of job (MB)
	2528440  -  ResidentSetSize of job (KB)
...
006 (2589206.000.000) 2025-08-12 18:02:25 Image size of job updated: 2613936
	2472  -  MemoryUsage of job (MB)
	2530472  -  ResidentSetSize of job (KB)
...
006 (2589206.000.000) 2025-08-12 18:07:25 Image size of job updated: 2613936
	2472  -  MemoryUsage of job (MB)
	2530880  -  ResidentSetSize of job (KB)
...
006 (2589206.000.000) 2025-08-12 18:12:26 Image size of job updated: 2613936
	2473  -  MemoryUsage of job (MB)
	2532184  -  ResidentSetSize of job (KB)
...
006 (2589206.000.000) 2025-08-12 18:17:27 Image size of job updated: 2613936
	2476  -  MemoryUsage of job (MB)
	2535184  -  ResidentSetSize of job (KB)
...
006 (2589206.000.000) 2025-08-12 18:22:27 Image size of job updated: 2613936
	2477  -  MemoryUsage of job (MB)
	2535680  -  ResidentSetSize of job (KB)
...
006 (2589206.000.000) 2025-08-12 18:27:28 Image size of job updated: 2613936
	2479  -  MemoryUsage of job (MB)
	2537908  -  ResidentSetSize of job (KB)
...
006 (2589206.000.000) 2025-08-12 18:32:29 Image size of job updated: 2613936
	2480  -  MemoryUsage of job (MB)
	2538752  -  ResidentSetSize of job (KB)
...
006 (2589206.000.000) 2025-08-12 18:37:29 Image size of job updated: 2613936
	2482  -  MemoryUsage of job (MB)
	2540620  -  ResidentSetSize of job (KB)
...
006 (2589206.000.000) 2025-08-12 18:42:29 Image size of job updated: 2683564
	2533  -  MemoryUsage of job (MB)
	2593324  -  ResidentSetSize of job (KB)
...
006 (2589206.000.000) 2025-08-12 19:47:36 Image size of job updated: 2734080
	2563  -  MemoryUsage of job (MB)
	2623792  -  ResidentSetSize of job (KB)
...
006 (2589206.000.000) 2025-08-12 19:52:36 Image size of job updated: 2734080
	2563  -  MemoryUsage of job (MB)
	2623992  -  ResidentSetSize of job (KB)
...
006 (2589206.000.000) 2025-08-12 20:07:38 Image size of job updated: 2734080
	2563  -  MemoryUsage of job (MB)
	2624260  -  ResidentSetSize of job (KB)
...
006 (2589206.000.000) 2025-08-12 20:12:38 Image size of job updated: 2734080
	2565  -  MemoryUsage of job (MB)
	2626048  -  ResidentSetSize of job (KB)
...
006 (2589206.000.000) 2025-08-12 20:17:38 Image size of job updated: 2734080
	2565  -  MemoryUsage of job (MB)
	2626304  -  ResidentSetSize of job (KB)
...
006 (2589206.000.000) 2025-08-12 20:22:39 Image size of job updated: 2734080
	2567  -  MemoryUsage of job (MB)
	2628016  -  ResidentSetSize of job (KB)
...
006 (2589206.000.000) 2025-08-12 20:27:39 Image size of job updated: 2734080
	2567  -  MemoryUsage of job (MB)
	2628304  -  ResidentSetSize of job (KB)
...
006 (2589206.000.000) 2025-08-12 20:32:39 Image size of job updated: 2734080
	2567  -  MemoryUsage of job (MB)
	2628540  -  ResidentSetSize of job (KB)
...
006 (2589206.000.000) 2025-08-12 20:37:40 Image size of job updated: 2734080
	2569  -  MemoryUsage of job (MB)
	2630240  -  ResidentSetSize of job (KB)
...
006 (2589206.000.000) 2025-08-12 20:42:41 Image size of job updated: 2734080
	2569  -  MemoryUsage of job (MB)
	2630440  -  ResidentSetSize of job (KB)
...
006 (2589206.000.000) 2025-08-12 20:47:41 Image size of job updated: 2787292
	2630  -  MemoryUsage of job (MB)
	2692924  -  ResidentSetSize of job (KB)
...
006 (2589206.000.000) 2025-08-12 20:52:41 Image size of job updated: 2787292
	2631  -  MemoryUsage of job (MB)
	2693176  -  ResidentSetSize of job (KB)
...
006 (2589206.000.000) 2025-08-12 20:57:42 Image size of job updated: 2787292
	2632  -  MemoryUsage of job (MB)
	2695024  -  ResidentSetSize of job (KB)
...
006 (2589206.000.000) 2025-08-12 21:02:43 Image size of job updated: 2787292
	2633  -  MemoryUsage of job (MB)
	2695208  -  ResidentSetSize of job (KB)
...
006 (2589206.000.000) 2025-08-12 21:07:43 Image size of job updated: 2787292
	2633  -  MemoryUsage of job (MB)
	2695400  -  ResidentSetSize of job (KB)
...
006 (2589206.000.000) 2025-08-12 21:12:43 Image size of job updated: 2787292
	2634  -  MemoryUsage of job (MB)
	2697092  -  ResidentSetSize of job (KB)
...
006 (2589206.000.000) 2025-08-12 21:17:44 Image size of job updated: 2787292
	2635  -  MemoryUsage of job (MB)
	2697328  -  ResidentSetSize of job (KB)
...
006 (2589206.000.000) 2025-08-12 21:22:45 Image size of job updated: 2787292
	2636  -  MemoryUsage of job (MB)
	2699156  -  ResidentSetSize of job (KB)
...
006 (2589206.000.000) 2025-08-12 21:27:45 Image size of job updated: 2787292
	2637  -  MemoryUsage of job (MB)
	2699364  -  ResidentSetSize of job (KB)
...
006 (2589206.000.000) 2025-08-12 21:32:46 Image size of job updated: 2787292
	2638  -  MemoryUsage of job (MB)
	2701044  -  ResidentSetSize of job (KB)
...
006 (2589206.000.000) 2025-08-12 21:37:47 Image size of job updated: 2787292
	2638  -  MemoryUsage of job (MB)
	2701224  -  ResidentSetSize of job (KB)
...
006 (2589206.000.000) 2025-08-12 21:42:47 Image size of job updated: 2787292
	2639  -  MemoryUsage of job (MB)
	2701388  -  ResidentSetSize of job (KB)
...
006 (2589206.000.000) 2025-08-12 21:47:47 Image size of job updated: 2926828
	2695  -  MemoryUsage of job (MB)
	2759260  -  ResidentSetSize of job (KB)
...
006 (2589206.000.000) 2025-08-12 21:52:48 Image size of job updated: 2926828
	2695  -  MemoryUsage of job (MB)
	2759444  -  ResidentSetSize of job (KB)
...
006 (2589206.000.000) 2025-08-12 21:57:49 Image size of job updated: 2926828
	2697  -  MemoryUsage of job (MB)
	2761200  -  ResidentSetSize of job (KB)
...
006 (2589206.000.000) 2025-08-12 22:02:49 Image size of job updated: 2926828
	2697  -  MemoryUsage of job (MB)
	2761392  -  ResidentSetSize of job (KB)
...
006 (2589206.000.000) 2025-08-12 22:07:49 Image size of job updated: 2926828
	2697  -  MemoryUsage of job (MB)
	2761600  -  ResidentSetSize of job (KB)
...
006 (2589206.000.000) 2025-08-12 22:12:50 Image size of job updated: 2926828
	2699  -  MemoryUsage of job (MB)
	2763228  -  ResidentSetSize of job (KB)
...
006 (2589206.000.000) 2025-08-12 22:17:51 Image size of job updated: 2926828
	2699  -  MemoryUsage of job (MB)
	2763384  -  ResidentSetSize of job (KB)
...
006 (2589206.000.000) 2025-08-12 22:22:51 Image size of job updated: 2926828
	2701  -  MemoryUsage of job (MB)
	2765048  -  ResidentSetSize of job (KB)
...
006 (2589206.000.000) 2025-08-12 22:27:52 Image size of job updated: 2926828
	2701  -  MemoryUsage of job (MB)
	2765212  -  ResidentSetSize of job (KB)
...
006 (2589206.000.000) 2025-08-12 22:32:53 Image size of job updated: 2926828
	2703  -  MemoryUsage of job (MB)
	2766860  -  ResidentSetSize of job (KB)
...
006 (2589206.000.000) 2025-08-12 22:37:53 Image size of job updated: 2926828
	2703  -  MemoryUsage of job (MB)
	2767036  -  ResidentSetSize of job (KB)
...
006 (2589206.000.000) 2025-08-12 22:42:53 Image size of job updated: 2926828
	2703  -  MemoryUsage of job (MB)
	2767240  -  ResidentSetSize of job (KB)
...
006 (2589206.000.000) 2025-08-12 22:47:54 Image size of job updated: 2977972
	2703  -  MemoryUsage of job (MB)
	2767240  -  ResidentSetSize of job (KB)
...
006 (2589206.000.000) 2025-08-12 23:48:01 Image size of job updated: 2977972
	2760  -  MemoryUsage of job (MB)
	2825492  -  ResidentSetSize of job (KB)
...
006 (2589206.000.000) 2025-08-12 23:53:01 Image size of job updated: 2989076
	2760  -  MemoryUsage of job (MB)
	2825492  -  ResidentSetSize of job (KB)
...
006 (2589206.000.000) 2025-08-13 00:53:07 Image size of job updated: 3023192
	2777  -  MemoryUsage of job (MB)
	2843456  -  ResidentSetSize of job (KB)
...
006 (2589206.000.000) 2025-08-13 00:58:08 Image size of job updated: 3023192
	2777  -  MemoryUsage of job (MB)
	2843580  -  ResidentSetSize of job (KB)
...
006 (2589206.000.000) 2025-08-13 01:03:09 Image size of job updated: 3023192
	2778  -  MemoryUsage of job (MB)
	2843740  -  ResidentSetSize of job (KB)
...
006 (2589206.000.000) 2025-08-13 01:08:09 Image size of job updated: 3023192
	2779  -  MemoryUsage of job (MB)
	2845340  -  ResidentSetSize of job (KB)
...
006 (2589206.000.000) 2025-08-13 01:13:10 Image size of job updated: 3023192
	2779  -  MemoryUsage of job (MB)
	2845468  -  ResidentSetSize of job (KB)
...
006 (2589206.000.000) 2025-08-13 01:18:11 Image size of job updated: 3023192
	2781  -  MemoryUsage of job (MB)
	2847088  -  ResidentSetSize of job (KB)
...
006 (2589206.000.000) 2025-08-13 01:23:11 Image size of job updated: 3023192
	2781  -  MemoryUsage of job (MB)
	2847204  -  ResidentSetSize of job (KB)
...
006 (2589206.000.000) 2025-08-13 01:28:11 Image size of job updated: 3023192
	2782  -  MemoryUsage of job (MB)
	2848148  -  ResidentSetSize of job (KB)
...
006 (2589206.000.000) 2025-08-13 01:33:12 Image size of job updated: 3023192
	2783  -  MemoryUsage of job (MB)
	2849252  -  ResidentSetSize of job (KB)
...
006 (2589206.000.000) 2025-08-13 01:38:13 Image size of job updated: 3023192
	2783  -  MemoryUsage of job (MB)
	2849624  -  ResidentSetSize of job (KB)
...
006 (2589206.000.000) 2025-08-13 01:43:13 Image size of job updated: 3023192
	2785  -  MemoryUsage of job (MB)
	2851416  -  ResidentSetSize of job (KB)
...
006 (2589206.000.000) 2025-08-13 01:48:13 Image size of job updated: 3023192
	2785  -  MemoryUsage of job (MB)
	2851672  -  ResidentSetSize of job (KB)
...
006 (2589206.000.000) 2025-08-13 01:53:14 Image size of job updated: 3025696
	2811  -  MemoryUsage of job (MB)
	2877952  -  ResidentSetSize of job (KB)
...
006 (2589206.000.000) 2025-08-13 01:58:14 Image size of job updated: 3025696
	2811  -  MemoryUsage of job (MB)
	2878264  -  ResidentSetSize of job (KB)
...
006 (2589206.000.000) 2025-08-13 02:03:14 Image size of job updated: 3025696
	2812  -  MemoryUsage of job (MB)
	2878596  -  ResidentSetSize of job (KB)
...
006 (2589206.000.000) 2025-08-13 02:08:15 Image size of job updated: 3025696
	2813  -  MemoryUsage of job (MB)
	2880360  -  ResidentSetSize of job (KB)
...
006 (2589206.000.000) 2025-08-13 02:13:16 Image size of job updated: 3025696
	2814  -  MemoryUsage of job (MB)
	2880596  -  ResidentSetSize of job (KB)
...
006 (2589206.000.000) 2025-08-13 02:18:16 Image size of job updated: 3025696
	2815  -  MemoryUsage of job (MB)
	2882372  -  ResidentSetSize of job (KB)
...
006 (2589206.000.000) 2025-08-13 02:23:16 Image size of job updated: 3025696
	2816  -  MemoryUsage of job (MB)
	2882680  -  ResidentSetSize of job (KB)
...
006 (2589206.000.000) 2025-08-13 02:28:17 Image size of job updated: 3025696
	2817  -  MemoryUsage of job (MB)
	2884420  -  ResidentSetSize of job (KB)
...
006 (2589206.000.000) 2025-08-13 02:33:18 Image size of job updated: 3025696
	2818  -  MemoryUsage of job (MB)
	2884724  -  ResidentSetSize of job (KB)
...
006 (2589206.000.000) 2025-08-13 02:38:18 Image size of job updated: 3025696
	2818  -  MemoryUsage of job (MB)
	2884928  -  ResidentSetSize of job (KB)
...
006 (2589206.000.000) 2025-08-13 02:43:18 Image size of job updated: 3025696
	2819  -  MemoryUsage of job (MB)
	2886652  -  ResidentSetSize of job (KB)
...
006 (2589206.000.000) 2025-08-13 02:48:19 Image size of job updated: 3025696
	2820  -  MemoryUsage of job (MB)
	2886904  -  ResidentSetSize of job (KB)
...
006 (2589206.000.000) 2025-08-13 02:53:19 Image size of job updated: 3103576
	2840  -  MemoryUsage of job (MB)
	2907452  -  ResidentSetSize of job (KB)
...
006 (2589206.000.000) 2025-08-13 02:58:19 Image size of job updated: 3103576
	2840  -  MemoryUsage of job (MB)
	2907756  -  ResidentSetSize of job (KB)
...
006 (2589206.000.000) 2025-08-13 03:03:20 Image size of job updated: 3103576
	2842  -  MemoryUsage of job (MB)
	2909472  -  ResidentSetSize of job (KB)
...
006 (2589206.000.000) 2025-08-13 03:08:21 Image size of job updated: 3103576
	2842  -  MemoryUsage of job (MB)
	2909700  -  ResidentSetSize of job (KB)
...
006 (2589206.000.000) 2025-08-13 03:13:21 Image size of job updated: 3103576
	2842  -  MemoryUsage of job (MB)
	2909956  -  ResidentSetSize of job (KB)
...
006 (2589206.000.000) 2025-08-13 03:18:21 Image size of job updated: 3103576
	2844  -  MemoryUsage of job (MB)
	2911656  -  ResidentSetSize of job (KB)
...
006 (2589206.000.000) 2025-08-13 03:23:22 Image size of job updated: 3103576
	2844  -  MemoryUsage of job (MB)
	2911868  -  ResidentSetSize of job (KB)
...
006 (2589206.000.000) 2025-08-13 03:28:23 Image size of job updated: 3103576
	2844  -  MemoryUsage of job (MB)
	2912056  -  ResidentSetSize of job (KB)
...
006 (2589206.000.000) 2025-08-13 03:33:23 Image size of job updated: 3103576
	2845  -  MemoryUsage of job (MB)
	2912284  -  ResidentSetSize of job (KB)
...
006 (2589206.000.000) 2025-08-13 03:38:24 Image size of job updated: 3103576
	2845  -  MemoryUsage of job (MB)
	2912504  -  ResidentSetSize of job (KB)
...
006 (2589206.000.000) 2025-08-13 03:43:25 Image size of job updated: 3103576
	2845  -  MemoryUsage of job (MB)
	2912688  -  ResidentSetSize of job (KB)
...
006 (2589206.000.000) 2025-08-13 03:48:25 Image size of job updated: 3103576
	2845  -  MemoryUsage of job (MB)
	2912940  -  ResidentSetSize of job (KB)
...
006 (2589206.000.000) 2025-08-13 03:53:25 Image size of job updated: 3155360
	2862  -  MemoryUsage of job (MB)
	2930196  -  ResidentSetSize of job (KB)
...
006 (2589206.000.000) 2025-08-13 03:58:26 Image size of job updated: 3155360
	2862  -  MemoryUsage of job (MB)
	2930344  -  ResidentSetSize of job (KB)
...
006 (2589206.000.000) 2025-08-13 04:03:27 Image size of job updated: 3155360
	2862  -  MemoryUsage of job (MB)
	2930576  -  ResidentSetSize of job (KB)
...
006 (2589206.000.000) 2025-08-13 04:08:27 Image size of job updated: 3155360
	2863  -  MemoryUsage of job (MB)
	2930748  -  ResidentSetSize of job (KB)
...
006 (2589206.000.000) 2025-08-13 04:13:27 Image size of job updated: 3155360
	2863  -  MemoryUsage of job (MB)
	2930928  -  ResidentSetSize of job (KB)
...
006 (2589206.000.000) 2025-08-13 04:18:28 Image size of job updated: 3155360
	2863  -  MemoryUsage of job (MB)
	2931068  -  ResidentSetSize of job (KB)
...
006 (2589206.000.000) 2025-08-13 04:23:29 Image size of job updated: 3155360
	2863  -  MemoryUsage of job (MB)
	2931248  -  ResidentSetSize of job (KB)
...
006 (2589206.000.000) 2025-08-13 04:28:29 Image size of job updated: 3155360
	2863  -  MemoryUsage of job (MB)
	2931416  -  ResidentSetSize of job (KB)
...
006 (2589206.000.000) 2025-08-13 04:33:30 Image size of job updated: 3155360
	2863  -  MemoryUsage of job (MB)
	2931640  -  ResidentSetSize of job (KB)
...
006 (2589206.000.000) 2025-08-13 04:38:31 Image size of job updated: 3155360
	2864  -  MemoryUsage of job (MB)
	2932524  -  ResidentSetSize of job (KB)
...
006 (2589206.000.000) 2025-08-13 04:43:31 Image size of job updated: 3155360
	2865  -  MemoryUsage of job (MB)
	2932776  -  ResidentSetSize of job (KB)
...
006 (2589206.000.000) 2025-08-13 04:48:31 Image size of job updated: 3155360
	2865  -  MemoryUsage of job (MB)
	2932920  -  ResidentSetSize of job (KB)
...
006 (2589206.000.000) 2025-08-13 04:53:32 Image size of job updated: 3175224
	2883  -  MemoryUsage of job (MB)
	2952172  -  ResidentSetSize of job (KB)
...
006 (2589206.000.000) 2025-08-13 04:58:33 Image size of job updated: 3175224
	2907  -  MemoryUsage of job (MB)
	2975992  -  ResidentSetSize of job (KB)
...
006 (2589206.000.000) 2025-08-13 05:03:33 Image size of job updated: 3175224
	2916  -  MemoryUsage of job (MB)
	2985848  -  ResidentSetSize of job (KB)
...
006 (2589206.000.000) 2025-08-13 05:08:33 Image size of job updated: 3175224
	2931  -  MemoryUsage of job (MB)
	3000596  -  ResidentSetSize of job (KB)
...
006 (2589206.000.000) 2025-08-13 05:13:34 Image size of job updated: 3175224
	2931  -  MemoryUsage of job (MB)
	3000744  -  ResidentSetSize of job (KB)
...
006 (2589206.000.000) 2025-08-13 05:18:34 Image size of job updated: 3175224
	2931  -  MemoryUsage of job (MB)
	3000876  -  ResidentSetSize of job (KB)
...
006 (2589206.000.000) 2025-08-13 05:23:34 Image size of job updated: 3175224
	2931  -  MemoryUsage of job (MB)
	3001044  -  ResidentSetSize of job (KB)
...
006 (2589206.000.000) 2025-08-13 05:28:35 Image size of job updated: 3175224
	2931  -  MemoryUsage of job (MB)
	3001184  -  ResidentSetSize of job (KB)
...
006 (2589206.000.000) 2025-08-13 05:33:36 Image size of job updated: 3175224
	2931  -  MemoryUsage of job (MB)
	3001344  -  ResidentSetSize of job (KB)
...
006 (2589206.000.000) 2025-08-13 05:38:36 Image size of job updated: 3175224
	2932  -  MemoryUsage of job (MB)
	3001488  -  ResidentSetSize of job (KB)
...
006 (2589206.000.000) 2025-08-13 05:43:36 Image size of job updated: 3175224
	2932  -  MemoryUsage of job (MB)
	3001624  -  ResidentSetSize of job (KB)
...
006 (2589206.000.000) 2025-08-13 05:48:37 Image size of job updated: 3175224
	2932  -  MemoryUsage of job (MB)
	3001764  -  ResidentSetSize of job (KB)
...
006 (2589206.000.000) 2025-08-13 05:53:38 Image size of job updated: 3248044
	3082  -  MemoryUsage of job (MB)
	3155496  -  ResidentSetSize of job (KB)
...
006 (2589206.000.000) 2025-08-13 05:58:38 Image size of job updated: 3248044
	3082  -  MemoryUsage of job (MB)
	3155524  -  ResidentSetSize of job (KB)
...
006 (2589206.000.000) 2025-08-13 06:58:43 Image size of job updated: 3261032
	3082  -  MemoryUsage of job (MB)
	3155524  -  ResidentSetSize of job (KB)
...
006 (2589206.000.000) 2025-08-13 08:58:54 Image size of job updated: 3374976
	3082  -  MemoryUsage of job (MB)
	3155524  -  ResidentSetSize of job (KB)
...
006 (2589206.000.000) 2025-08-13 09:59:00 Image size of job updated: 3419784
	3250  -  MemoryUsage of job (MB)
	3327728  -  ResidentSetSize of job (KB)
...
006 (2589206.000.000) 2025-08-13 13:04:18 Image size of job updated: 3525020
	3250  -  MemoryUsage of job (MB)
	3327728  -  ResidentSetSize of job (KB)
...
006 (2589206.000.000) 2025-08-13 14:04:23 Image size of job updated: 3581692
	3250  -  MemoryUsage of job (MB)
	3327728  -  ResidentSetSize of job (KB)
...
006 (2589206.000.000) 2025-08-13 16:09:35 Image size of job updated: 3599352
	3250  -  MemoryUsage of job (MB)
	3327728  -  ResidentSetSize of job (KB)
...
006 (2589206.000.000) 2025-08-13 17:09:40 Image size of job updated: 3741576
	3572  -  MemoryUsage of job (MB)
	3656764  -  ResidentSetSize of job (KB)
...
006 (2589206.000.000) 2025-08-13 17:14:41 Image size of job updated: 3741576
	3572  -  MemoryUsage of job (MB)
	3656796  -  ResidentSetSize of job (KB)
...
006 (2589206.000.000) 2025-08-13 17:34:43 Image size of job updated: 3747744
	3572  -  MemoryUsage of job (MB)
	3656796  -  ResidentSetSize of job (KB)
...
005 (2589206.000.000) 2025-08-13 17:35:35 Job terminated.
	(1) Normal termination (return value 0)
		Usr 48 23:37:51, Sys 0 00:13:39  -  Run Remote Usage
		Usr 0 00:00:00, Sys 0 00:00:00  -  Run Local Usage
		Usr 48 23:37:51, Sys 0 00:13:39  -  Total Remote Usage
		Usr 0 00:00:00, Sys 0 00:00:00  -  Total Local Usage
	0  -  Run Bytes Sent By Job
	0  -  Run Bytes Received By Job
	0  -  Total Bytes Sent By Job
	0  -  Total Bytes Received By Job
	Partitionable Resources :    Usage  Request Allocated 
	   Cpus                 :     1.19       64        64 
	   Disk (KB)            : 17500    16777216  16778721 
	   GPUs                 :                           0 
	   Memory (MB)          :  3572       16384     16384 
	   TimeExecute (s)      : 97125                       
	   TimeSlotBusy (s)     : 97125                       

	Job terminated of its own accord at 2025-08-13T15:35:35Z with exit-code 0.
...
