000 (2575635.000.000) 2025-07-30 11:26:19 Job submitted from host: <145.107.7.246:9618?addrs=145.107.7.246-9618+[2a07-8500-120-e070--3f6]-9618&alias=taai-007.nikhef.nl&noUDP&sock=schedd_2614_90a7>
...
001 (2575635.000.000) 2025-07-30 11:27:06 Job executing on host: <145.107.4.167:9618?addrs=145.107.4.167-9618+[2a07-8500-120-e070--a7]-9618&alias=wn-pijl-006.nikhef.nl&noUDP&sock=startd_4304_c3b5>
	SlotName: slot1_5@wn-pijl-006.nikhef.nl
	AvailableGPUs = { GPUs_GPU_f0aae384_9666_11e5_b85f_558ab6a9e936 }
	CondorScratchDir = "/scratch/condor_execute/dir_3068176"
	Cpus = 1
	Disk = 16790397
	GPUs = 1
	GPUs_GPU_f0aae384_9666_11e5_b85f_558ab6a9e936 = [ Id = "GPU-f0aae384-9666-11e5-b85f-558ab6a9e936"; ClockMhz = 2520.0; Capability = 8.9; CoresPerCU = 128; DeviceName = "NVIDIA L40S"; DeviceUuid = "f0aae384-9666-11e5-b85f-558ab6a9e936"; ECCEnabled = true; ComputeUnits = 142; NvidiaDriver = "570.124.06"; DriverVersion = 12.8; DevicePciBusId = "0000:C1:00.0"; GlobalMemoryMb = 45468; MaxSupportedVersion = 12080 ]
	Memory = 16384
...
006 (2575635.000.000) 2025-07-30 11:27:19 Image size of job updated: 672116
	657  -  MemoryUsage of job (MB)
	672116  -  ResidentSetSize of job (KB)
...
006 (2575635.000.000) 2025-07-30 11:32:19 Image size of job updated: 1049464
	1024  -  MemoryUsage of job (MB)
	1047800  -  ResidentSetSize of job (KB)
...
006 (2575635.000.000) 2025-07-30 11:35:33 Image size of job updated: 1056932
	1024  -  MemoryUsage of job (MB)
	1047800  -  ResidentSetSize of job (KB)
...
005 (2575635.000.000) 2025-07-30 11:35:33 Job terminated.
	(1) Normal termination (return value 0)
		Usr 0 00:08:16, Sys 0 00:00:02  -  Run Remote Usage
		Usr 0 00:00:00, Sys 0 00:00:00  -  Run Local Usage
		Usr 0 00:08:16, Sys 0 00:00:02  -  Total Remote Usage
		Usr 0 00:00:00, Sys 0 00:00:00  -  Total Local Usage
	0  -  Run Bytes Sent By Job
	0  -  Run Bytes Received By Job
	0  -  Total Bytes Sent By Job
	0  -  Total Bytes Received By Job
	Partitionable Resources :    Usage  Request Allocated Assigned
	   Cpus                 :     1.00        1         1 
	   Disk (KB)            : 17500    16777216  16790397 
	   GPUs                 :     0.09        1         1 "GPU-f0aae384-9666-11e5-b85f-558ab6a9e936"
	   GpusMemory (MB)      :  1172                       
	   Memory (MB)          :  1024       16384     16384 
	   TimeExecute (s)      :   507                       
	   TimeSlotBusy (s)     :   508                       

	Job terminated of its own accord at 2025-07-30T09:35:33Z with exit-code 0.
...
000 (2575644.000.000) 2025-07-30 11:50:44 Job submitted from host: <145.107.7.246:9618?addrs=145.107.7.246-9618+[2a07-8500-120-e070--3f6]-9618&alias=taai-007.nikhef.nl&noUDP&sock=schedd_2614_90a7>
...
001 (2575644.000.000) 2025-07-30 11:51:06 Job executing on host: <145.107.4.167:9618?addrs=145.107.4.167-9618+[2a07-8500-120-e070--a7]-9618&alias=wn-pijl-006.nikhef.nl&noUDP&sock=startd_4304_c3b5>
	SlotName: slot1_2@wn-pijl-006.nikhef.nl
	AvailableGPUs = { GPUs_GPU_feb79665_637f_7d00_0944_9b688d6e2aa4 }
	CondorScratchDir = "/scratch/condor_execute/dir_3083512"
	Cpus = 1
	Disk = 16790397
	GPUs = 1
	GPUs_GPU_feb79665_637f_7d00_0944_9b688d6e2aa4 = [ Id = "GPU-feb79665-637f-7d00-0944-9b688d6e2aa4"; ClockMhz = 2520.0; Capability = 8.9; CoresPerCU = 128; DeviceName = "NVIDIA L40S"; DeviceUuid = "feb79665-637f-7d00-0944-9b688d6e2aa4"; ECCEnabled = true; ComputeUnits = 142; NvidiaDriver = "570.124.06"; DriverVersion = 12.8; DevicePciBusId = "0000:02:00.0"; GlobalMemoryMb = 45468; MaxSupportedVersion = 12080 ]
	Memory = 16384
...
006 (2575644.000.000) 2025-07-30 11:51:20 Image size of job updated: 1053644
	1029  -  MemoryUsage of job (MB)
	1053644  -  ResidentSetSize of job (KB)
...
006 (2575644.000.000) 2025-07-30 11:51:33 Image size of job updated: 1054756
	1029  -  MemoryUsage of job (MB)
	1053644  -  ResidentSetSize of job (KB)
...
004 (2575644.000.000) 2025-07-30 11:51:33 Job was evicted.
	(0) CPU times
		Usr 0 00:00:17, Sys 0 00:00:01  -  Run Remote Usage
		Usr 0 00:00:00, Sys 0 00:00:00  -  Run Local Usage
	0  -  Run Bytes Sent By Job
	0  -  Run Bytes Received By Job
	Partitionable Resources :    Usage  Request Allocated Assigned
	   Cpus                 :     0.56        1         1 
	   Disk (KB)            : 17500    16777216  16790397 
	   GPUs                 :     0.03        1         1 "GPU-feb79665-637f-7d00-0944-9b688d6e2aa4"
	   GpusMemory (MB)      :  1172                       
	   Memory (MB)          :  1029       16384     16384 
	   TimeExecute (s)      :    27                       
	   TimeSlotBusy (s)     :    28                       
...
009 (2575644.000.000) 2025-07-30 11:51:33 Job was aborted.
	via condor_rm (by user twouters)
...
000 (2575650.000.000) 2025-07-30 11:52:22 Job submitted from host: <145.107.7.246:9618?addrs=145.107.7.246-9618+[2a07-8500-120-e070--3f6]-9618&alias=taai-007.nikhef.nl&noUDP&sock=schedd_2614_90a7>
...
001 (2575650.000.000) 2025-07-30 11:53:06 Job executing on host: <145.107.4.167:9618?addrs=145.107.4.167-9618+[2a07-8500-120-e070--a7]-9618&alias=wn-pijl-006.nikhef.nl&noUDP&sock=startd_4304_c3b5>
	SlotName: slot1_2@wn-pijl-006.nikhef.nl
	AvailableGPUs = { GPUs_GPU_feb79665_637f_7d00_0944_9b688d6e2aa4 }
	CondorScratchDir = "/scratch/condor_execute/dir_3084541"
	Cpus = 1
	Disk = 16790397
	GPUs = 1
	GPUs_GPU_feb79665_637f_7d00_0944_9b688d6e2aa4 = [ Id = "GPU-feb79665-637f-7d00-0944-9b688d6e2aa4"; ClockMhz = 2520.0; Capability = 8.9; CoresPerCU = 128; DeviceName = "NVIDIA L40S"; DeviceUuid = "feb79665-637f-7d00-0944-9b688d6e2aa4"; ECCEnabled = true; ComputeUnits = 142; NvidiaDriver = "570.124.06"; DriverVersion = 12.8; DevicePciBusId = "0000:02:00.0"; GlobalMemoryMb = 45468; MaxSupportedVersion = 12080 ]
	Memory = 16384
...
006 (2575650.000.000) 2025-07-30 11:53:19 Image size of job updated: 543152
	531  -  MemoryUsage of job (MB)
	543152  -  ResidentSetSize of job (KB)
...
006 (2575650.000.000) 2025-07-30 11:58:19 Image size of job updated: 1061492
	1035  -  MemoryUsage of job (MB)
	1059764  -  ResidentSetSize of job (KB)
...
