NFDist has source_type = bns
3740it [0:00:57 bound:3 nc:790 ncall:8.8e+04 eff:4.3% logz-ratio=-3.38+/-0.07 dlogz:241.880>0.1]
3987it [0:02:01 bound:7 nc:852 ncall:2.9e+05 eff:1.4% logz-ratio=-1.50+/-0.07 dlogz:239.754>0.1]
4237it [0:03:05 bound:11 nc:867 ncall:5.0e+05 eff:0.8% logz-ratio=0.28+/-0.07 dlogz:237.727>0.1]
4483it [0:04:11 bound:15 nc:695 ncall:7.1e+05 eff:0.6% logz-ratio=2.26+/-0.07 dlogz:235.510>0.1]
4730it [0:05:18 bound:19 nc:903 ncall:9.3e+05 eff:0.5% logz-ratio=4.28+/-0.07 dlogz:233.252>0.1]
4979it [0:06:30 bound:23 nc:1944 ncall:1.2e+06 eff:0.4% logz-ratio=6.37+/-0.08 dlogz:230.916>0.1]
5228it [0:07:38 bound:27 nc:1108 ncall:1.4e+06 eff:0.4% logz-ratio=8.45+/-0.08 dlogz:228.593>0.1]
5475it [0:08:48 bound:31 nc:268 ncall:1.6e+06 eff:0.3% logz-ratio=10.70+/-0.08 dlogz:226.099>0.1]
5721it [0:09:59 bound:35 nc:946 ncall:1.8e+06 eff:0.3% logz-ratio=13.24+/-0.08 dlogz:223.323>0.1]
5974it [0:11:10 bound:39 nc:899 ncall:2.1e+06 eff:0.3% logz-ratio=15.83+/-0.08 dlogz:221.264>0.1]
6224it [0:12:22 bound:43 nc:760 ncall:2.3e+06 eff:0.3% logz-ratio=19.05+/-0.09 dlogz:217.811>0.1]
6474it [0:13:35 bound:47 nc:1168 ncall:2.5e+06 eff:0.3% logz-ratio=22.71+/-0.09 dlogz:252.712>0.1]
6723it [0:14:41 bound:51 nc:799 ncall:2.8e+06 eff:0.2% logz-ratio=27.25+/-0.09 dlogz:290.067>0.1]
6974it [0:15:51 bound:55 nc:652 ncall:3.0e+06 eff:0.2% logz-ratio=32.04+/-0.09 dlogz:285.029>0.1]
7226it [0:16:59 bound:59 nc:917 ncall:3.2e+06 eff:0.2% logz-ratio=37.37+/-0.09 dlogz:279.451>0.1]
7472it [0:18:09 bound:63 nc:1017 ncall:3.4e+06 eff:0.2% logz-ratio=43.24+/-0.10 dlogz:273.347>0.1]
7724it [0:19:18 bound:67 nc:919 ncall:3.7e+06 eff:0.2% logz-ratio=49.37+/-0.10 dlogz:299.108>0.1]
7971it [0:20:23 bound:71 nc:806 ncall:3.9e+06 eff:0.2% logz-ratio=56.03+/-0.10 dlogz:325.265>0.1]
8220it [0:21:30 bound:75 nc:205 ncall:4.1e+06 eff:0.2% logz-ratio=63.64+/-0.10 dlogz:317.433>0.1]
8469it [0:22:38 bound:79 nc:998 ncall:4.3e+06 eff:0.2% logz-ratio=70.82+/-0.10 dlogz:347.128>0.1]
8713it [0:23:49 bound:83 nc:1227 ncall:4.5e+06 eff:0.2% logz-ratio=77.93+/-0.10 dlogz:339.786>0.1]
8966it [0:25:00 bound:87 nc:563 ncall:4.8e+06 eff:0.2% logz-ratio=85.89+/-0.10 dlogz:331.576>0.1]
9214it [0:26:08 bound:91 nc:709 ncall:5.0e+06 eff:0.2% logz-ratio=93.82+/-0.11 dlogz:323.413>0.1]
9462it [0:27:19 bound:95 nc:1291 ncall:5.2e+06 eff:0.2% logz-ratio=102.33+/-0.11 dlogz:314.663>0.1]
9702it [0:28:27 bound:99 nc:664 ncall:5.4e+06 eff:0.2% logz-ratio=112.38+/-0.11 dlogz:304.382>0.1]
9949it [0:29:40 bound:103 nc:595 ncall:5.6e+06 eff:0.2% logz-ratio=121.75+/-0.11 dlogz:294.770>0.1]
10201it [0:30:47 bound:107 nc:964 ncall:5.8e+06 eff:0.2% logz-ratio=132.10+/-0.11 dlogz:284.182>0.1]
10447it [0:31:55 bound:111 nc:821 ncall:6.1e+06 eff:0.2% logz-ratio=142.30+/-0.11 dlogz:273.722>0.1]
10696it [0:32:59 bound:115 nc:685 ncall:6.3e+06 eff:0.2% logz-ratio=152.29+/-0.11 dlogz:263.508>0.1]
10945it [0:34:08 bound:119 nc:348 ncall:6.5e+06 eff:0.2% logz-ratio=163.38+/-0.11 dlogz:252.168>0.1]
11192it [0:35:16 bound:123 nc:853 ncall:6.7e+06 eff:0.2% logz-ratio=174.00+/-0.12 dlogz:241.304>0.1]
11441it [0:36:25 bound:127 nc:764 ncall:6.9e+06 eff:0.2% logz-ratio=184.50+/-0.12 dlogz:230.566>0.1]
11691it [0:37:39 bound:131 nc:658 ncall:7.1e+06 eff:0.2% logz-ratio=196.42+/-0.12 dlogz:218.401>0.1]
11940it [0:38:50 bound:135 nc:1269 ncall:7.3e+06 eff:0.2% logz-ratio=208.17+/-0.12 dlogz:235.759>0.1]
12187it [0:40:01 bound:139 nc:906 ncall:7.6e+06 eff:0.2% logz-ratio=219.91+/-0.12 dlogz:224.594>0.1]
12436it [0:41:17 bound:143 nc:961 ncall:7.8e+06 eff:0.2% logz-ratio=231.12+/-0.12 dlogz:213.141>0.1]
12685it [0:42:24 bound:147 nc:1384 ncall:8.0e+06 eff:0.2% logz-ratio=243.73+/-0.12 dlogz:200.293>0.1]
12931it [0:43:38 bound:151 nc:1240 ncall:8.2e+06 eff:0.2% logz-ratio=254.73+/-0.12 dlogz:201.267>0.1]
13175it [0:44:49 bound:155 nc:978 ncall:8.5e+06 eff:0.2% logz-ratio=264.82+/-0.12 dlogz:190.937>0.1]
13424it [0:46:00 bound:159 nc:800 ncall:8.7e+06 eff:0.2% logz-ratio=275.09+/-0.12 dlogz:180.420>0.1]
13669it [0:47:14 bound:163 nc:884 ncall:8.9e+06 eff:0.2% logz-ratio=285.06+/-0.13 dlogz:170.225>0.1]
13919it [0:48:29 bound:167 nc:1524 ncall:9.1e+06 eff:0.2% logz-ratio=294.30+/-0.13 dlogz:160.729>0.1]
14166it [0:49:41 bound:171 nc:743 ncall:9.4e+06 eff:0.2% logz-ratio=303.92+/-0.13 dlogz:171.119>0.1]
14413it [0:50:55 bound:175 nc:850 ncall:9.6e+06 eff:0.2% logz-ratio=313.10+/-0.13 dlogz:161.688>0.1]
14662it [0:52:07 bound:179 nc:928 ncall:9.8e+06 eff:0.1% logz-ratio=321.97+/-0.13 dlogz:152.572>0.1]
14908it [0:53:22 bound:183 nc:896 ncall:1.0e+07 eff:0.1% logz-ratio=330.65+/-0.13 dlogz:143.652>0.1]
15158it [0:54:37 bound:187 nc:712 ncall:1.0e+07 eff:0.1% logz-ratio=338.48+/-0.13 dlogz:146.538>0.1]
15413it [0:55:52 bound:191 nc:623 ncall:1.1e+07 eff:0.1% logz-ratio=346.44+/-0.13 dlogz:138.329>0.1]
15658it [0:57:11 bound:195 nc:1227 ncall:1.1e+07 eff:0.1% logz-ratio=354.42+/-0.13 dlogz:130.105>0.1]
15841it [0:58:17 bound:198 nc:1066 ncall:1.1e+07 eff:0.1% logz-ratio=359.76+/-0.13 dlogz:124.593>0.1]
16090it [0:59:32 bound:202 nc:737 ncall:1.1e+07 eff:0.1% logz-ratio=366.22+/-0.13 dlogz:119.813>0.1]
16279it [1:00:49 bound:205 nc:937 ncall:1.1e+07 eff:0.1% logz-ratio=371.42+/-0.13 dlogz:114.429>0.1]
16530it [1:02:10 bound:209 nc:614 ncall:1.2e+07 eff:0.1% logz-ratio=377.78+/-0.13 dlogz:107.837>0.1]
16716it [1:03:13 bound:212 nc:1010 ncall:1.2e+07 eff:0.1% logz-ratio=382.29+/-0.13 dlogz:103.131>0.1]
16967it [1:04:30 bound:216 nc:632 ncall:1.2e+07 eff:0.1% logz-ratio=388.52+/-0.14 dlogz:96.664>0.1]
17150it [1:05:33 bound:219 nc:799 ncall:1.2e+07 eff:0.1% logz-ratio=392.78+/-0.14 dlogz:92.225>0.1]
17397it [1:06:50 bound:223 nc:1747 ncall:1.2e+07 eff:0.1% logz-ratio=398.80+/-0.14 dlogz:85.959>0.1]
17580it [1:07:53 bound:226 nc:849 ncall:1.3e+07 eff:0.1% logz-ratio=403.17+/-0.14 dlogz:90.335>0.1]
17824it [1:09:11 bound:230 nc:1475 ncall:1.3e+07 eff:0.1% logz-ratio=408.27+/-0.14 dlogz:85.003>0.1]
18072it [1:10:30 bound:234 nc:626 ncall:1.3e+07 eff:0.1% logz-ratio=413.53+/-0.14 dlogz:79.490>0.1]
18260it [1:11:32 bound:237 nc:935 ncall:1.3e+07 eff:0.1% logz-ratio=417.04+/-0.14 dlogz:75.802>0.1]
18510it [1:12:51 bound:241 nc:1347 ncall:1.4e+07 eff:0.1% logz-ratio=421.66+/-0.14 dlogz:70.933>0.1]
18694it [1:13:53 bound:244 nc:1189 ncall:1.4e+07 eff:0.1% logz-ratio=424.67+/-0.14 dlogz:67.741>0.1]
18940it [1:15:12 bound:248 nc:1383 ncall:1.4e+07 eff:0.1% logz-ratio=429.06+/-0.14 dlogz:63.114>0.1]
19126it [1:16:18 bound:251 nc:737 ncall:1.4e+07 eff:0.1% logz-ratio=431.95+/-0.14 dlogz:60.710>0.1]
19311it [1:17:19 bound:254 nc:871 ncall:1.4e+07 eff:0.1% logz-ratio=434.82+/-0.14 dlogz:57.805>0.1]
19495it [1:18:23 bound:257 nc:614 ncall:1.5e+07 eff:0.1% logz-ratio=437.60+/-0.14 dlogz:54.842>0.1]
19683it [1:19:28 bound:260 nc:1095 ncall:1.5e+07 eff:0.1% logz-ratio=440.32+/-0.14 dlogz:51.939>0.1]
19868it [1:20:33 bound:263 nc:451 ncall:1.5e+07 eff:0.1% logz-ratio=442.79+/-0.14 dlogz:49.281>0.1]
20052it [1:21:39 bound:266 nc:2816 ncall:1.5e+07 eff:0.1% logz-ratio=445.12+/-0.14 dlogz:46.774>0.1]
20237it [1:22:45 bound:269 nc:968 ncall:1.5e+07 eff:0.1% logz-ratio=447.14+/-0.14 dlogz:48.667>0.1]
20425it [1:23:52 bound:272 nc:1170 ncall:1.6e+07 eff:0.1% logz-ratio=449.27+/-0.14 dlogz:46.351>0.1]
20613it [1:24:59 bound:275 nc:1014 ncall:1.6e+07 eff:0.1% logz-ratio=451.52+/-0.15 dlogz:46.950>0.1]
20796it [1:26:06 bound:278 nc:1174 ncall:1.6e+07 eff:0.1% logz-ratio=453.81+/-0.15 dlogz:44.641>0.1]
20979it [1:27:13 bound:281 nc:1112 ncall:1.6e+07 eff:0.1% logz-ratio=455.73+/-0.15 dlogz:43.262>0.1]
21168it [1:28:22 bound:284 nc:1107 ncall:1.6e+07 eff:0.1% logz-ratio=457.65+/-0.15 dlogz:41.299>0.1]
21352it [1:29:30 bound:287 nc:908 ncall:1.7e+07 eff:0.1% logz-ratio=459.54+/-0.15 dlogz:39.230>0.1]
21540it [1:30:38 bound:290 nc:946 ncall:1.7e+07 eff:0.1% logz-ratio=461.34+/-0.15 dlogz:37.247>0.1]
21730it [1:31:47 bound:293 nc:711 ncall:1.7e+07 eff:0.1% logz-ratio=463.03+/-0.15 dlogz:35.367>0.1]
21921it [1:32:51 bound:296 nc:1126 ncall:1.7e+07 eff:0.1% logz-ratio=464.86+/-0.15 dlogz:33.350>0.1]
22103it [1:33:56 bound:299 nc:1247 ncall:1.7e+07 eff:0.1% logz-ratio=466.58+/-0.15 dlogz:31.458>0.1]
22293it [1:35:04 bound:302 nc:1512 ncall:1.8e+07 eff:0.1% logz-ratio=468.19+/-0.15 dlogz:29.658>0.1]
22482it [1:36:15 bound:305 nc:946 ncall:1.8e+07 eff:0.1% logz-ratio=469.68+/-0.15 dlogz:30.755>0.1]
22667it [1:37:24 bound:308 nc:905 ncall:1.8e+07 eff:0.1% logz-ratio=471.01+/-0.15 dlogz:33.649>0.1]
22853it [1:38:31 bound:311 nc:1266 ncall:1.8e+07 eff:0.1% logz-ratio=472.23+/-0.15 dlogz:32.250>0.1]
23039it [1:39:41 bound:314 nc:1335 ncall:1.9e+07 eff:0.1% logz-ratio=473.36+/-0.15 dlogz:30.936>0.1]
23225it [1:40:54 bound:317 nc:1705 ncall:1.9e+07 eff:0.1% logz-ratio=474.46+/-0.15 dlogz:29.651>0.1]
23408it [1:42:04 bound:320 nc:1376 ncall:1.9e+07 eff:0.1% logz-ratio=475.58+/-0.15 dlogz:28.360>0.1]
23588it [1:43:11 bound:323 nc:1025 ncall:1.9e+07 eff:0.1% logz-ratio=476.71+/-0.15 dlogz:27.047>0.1]
23776it [1:44:23 bound:326 nc:1541 ncall:2.0e+07 eff:0.1% logz-ratio=477.88+/-0.15 dlogz:25.692>0.1]
23964it [1:45:38 bound:329 nc:1089 ncall:2.0e+07 eff:0.1% logz-ratio=478.95+/-0.15 dlogz:24.444>0.1]
24151it [1:46:58 bound:332 nc:1612 ncall:2.0e+07 eff:0.1% logz-ratio=479.84+/-0.15 dlogz:23.365>0.1]
24338it [1:48:15 bound:335 nc:1025 ncall:2.0e+07 eff:0.1% logz-ratio=480.72+/-0.15 dlogz:22.308>0.1]
24521it [1:49:36 bound:338 nc:1851 ncall:2.1e+07 eff:0.1% logz-ratio=481.61+/-0.15 dlogz:21.238>0.1]
24711it [1:50:48 bound:341 nc:1349 ncall:2.1e+07 eff:0.1% logz-ratio=482.49+/-0.15 dlogz:20.167>0.1]
24896it [1:52:05 bound:344 nc:1201 ncall:2.1e+07 eff:0.1% logz-ratio=483.26+/-0.15 dlogz:19.221>0.1]
25081it [1:53:17 bound:347 nc:1563 ncall:2.1e+07 eff:0.1% logz-ratio=483.98+/-0.16 dlogz:18.317>0.1]
25267it [1:54:36 bound:350 nc:1883 ncall:2.2e+07 eff:0.1% logz-ratio=484.66+/-0.16 dlogz:17.461>0.1]
25457it [1:55:50 bound:353 nc:1098 ncall:2.2e+07 eff:0.1% logz-ratio=485.30+/-0.16 dlogz:16.632>0.1]
25642it [1:57:10 bound:356 nc:1362 ncall:2.2e+07 eff:0.1% logz-ratio=485.90+/-0.16 dlogz:15.849>0.1]
25827it [1:58:28 bound:359 nc:1046 ncall:2.2e+07 eff:0.1% logz-ratio=486.47+/-0.16 dlogz:15.102>0.1]
26017it [1:59:52 bound:362 nc:1811 ncall:2.3e+07 eff:0.1% logz-ratio=487.01+/-0.16 dlogz:14.379>0.1]
26141it [2:01:06 bound:364 nc:1084 ncall:2.3e+07 eff:0.1% logz-ratio=487.37+/-0.16 dlogz:14.128>0.1]
26326it [2:02:30 bound:367 nc:1574 ncall:2.3e+07 eff:0.1% logz-ratio=487.92+/-0.16 dlogz:16.700>0.1]
26514it [2:03:56 bound:370 nc:1810 ncall:2.3e+07 eff:0.1% logz-ratio=488.47+/-0.16 dlogz:15.967>0.1]
26697it [2:05:20 bound:373 nc:1717 ncall:2.4e+07 eff:0.1% logz-ratio=488.98+/-0.16 dlogz:15.274>0.1]
26881it [2:06:46 bound:376 nc:928 ncall:2.4e+07 eff:0.1% logz-ratio=489.45+/-0.16 dlogz:14.620>0.1]
27064it [2:08:16 bound:379 nc:1172 ncall:2.4e+07 eff:0.1% logz-ratio=489.89+/-0.16 dlogz:14.009>0.1]
27246it [2:09:43 bound:382 nc:1740 ncall:2.4e+07 eff:0.1% logz-ratio=490.31+/-0.16 dlogz:13.406>0.1]
27433it [2:11:08 bound:385 nc:1143 ncall:2.5e+07 eff:0.1% logz-ratio=490.73+/-0.16 dlogz:12.809>0.1]
27619it [2:12:29 bound:388 nc:1532 ncall:2.5e+07 eff:0.1% logz-ratio=491.12+/-0.16 dlogz:12.231>0.1]
27745it [2:13:32 bound:390 nc:908 ncall:2.5e+07 eff:0.1% logz-ratio=491.39+/-0.16 dlogz:11.841>0.1]
27869it [2:14:33 bound:392 nc:1075 ncall:2.5e+07 eff:0.1% logz-ratio=491.65+/-0.16 dlogz:11.456>0.1]
28052it [2:15:59 bound:395 nc:1188 ncall:2.6e+07 eff:0.1% logz-ratio=492.04+/-0.16 dlogz:10.888>0.1]
28239it [2:17:27 bound:398 nc:2367 ncall:2.6e+07 eff:0.1% logz-ratio=492.40+/-0.16 dlogz:10.347>0.1]
28424it [2:18:48 bound:401 nc:949 ncall:2.6e+07 eff:0.1% logz-ratio=492.72+/-0.16 dlogz:9.845>0.1]
28547it [2:19:49 bound:403 nc:1630 ncall:2.6e+07 eff:0.1% logz-ratio=492.92+/-0.16 dlogz:9.529>0.1]
28667it [2:20:49 bound:405 nc:1415 ncall:2.7e+07 eff:0.1% logz-ratio=493.10+/-0.16 dlogz:9.230>0.1]
28855it [2:22:18 bound:408 nc:1153 ncall:2.7e+07 eff:0.1% logz-ratio=493.37+/-0.16 dlogz:8.771>0.1]
28979it [2:23:18 bound:410 nc:2111 ncall:2.7e+07 eff:0.1% logz-ratio=493.54+/-0.16 dlogz:8.483>0.1]
29165it [2:24:40 bound:413 nc:1328 ncall:2.7e+07 eff:0.1% logz-ratio=493.78+/-0.16 dlogz:8.066>0.1]
29349it [2:25:59 bound:416 nc:1447 ncall:2.8e+07 eff:0.1% logz-ratio=494.00+/-0.16 dlogz:7.668>0.1]
29535it [2:27:21 bound:419 nc:1690 ncall:2.8e+07 eff:0.1% logz-ratio=494.20+/-0.16 dlogz:7.281>0.1]
29723it [2:28:41 bound:422 nc:2209 ncall:2.8e+07 eff:0.1% logz-ratio=494.40+/-0.16 dlogz:6.902>0.1]
29907it [2:29:57 bound:425 nc:1748 ncall:2.9e+07 eff:0.1% logz-ratio=494.57+/-0.16 dlogz:6.546>0.1]
30093it [2:31:18 bound:428 nc:1590 ncall:2.9e+07 eff:0.1% logz-ratio=494.75+/-0.16 dlogz:6.193>0.1]
30277it [2:32:38 bound:431 nc:1469 ncall:2.9e+07 eff:0.1% logz-ratio=494.90+/-0.16 dlogz:5.857>0.1]
30465it [2:33:56 bound:434 nc:1852 ncall:3.0e+07 eff:0.1% logz-ratio=495.05+/-0.17 dlogz:5.527>0.1]
30650it [2:35:14 bound:437 nc:1674 ncall:3.0e+07 eff:0.1% logz-ratio=495.19+/-0.17 dlogz:5.211>0.1]
30840it [2:36:32 bound:440 nc:1472 ncall:3.0e+07 eff:0.1% logz-ratio=495.32+/-0.17 dlogz:4.896>0.1]
31027it [2:37:53 bound:443 nc:1891 ncall:3.1e+07 eff:0.1% logz-ratio=495.44+/-0.17 dlogz:4.632>0.1]
31215it [2:39:13 bound:446 nc:1329 ncall:3.1e+07 eff:0.1% logz-ratio=495.55+/-0.17 dlogz:4.620>0.1]
31401it [2:40:34 bound:449 nc:1224 ncall:3.1e+07 eff:0.1% logz-ratio=495.66+/-0.17 dlogz:4.502>0.1]
31586it [2:41:50 bound:452 nc:1594 ncall:3.1e+07 eff:0.1% logz-ratio=495.76+/-0.17 dlogz:4.223>0.1]
31774it [2:43:11 bound:455 nc:1966 ncall:3.2e+07 eff:0.1% logz-ratio=495.86+/-0.17 dlogz:3.947>0.1]
31953it [2:44:34 bound:458 nc:5376 ncall:3.2e+07 eff:0.1% logz-ratio=495.95+/-0.17 dlogz:3.691>0.1]
32135it [2:45:50 bound:461 nc:1939 ncall:3.2e+07 eff:0.1% logz-ratio=496.03+/-0.17 dlogz:3.439>0.1]
32320it [2:47:11 bound:464 nc:2112 ncall:3.3e+07 eff:0.1% logz-ratio=496.11+/-0.17 dlogz:3.188>0.1]
32506it [2:48:34 bound:467 nc:1275 ncall:3.3e+07 eff:0.1% logz-ratio=496.18+/-0.17 dlogz:2.942>0.1]
32690it [2:49:56 bound:470 nc:1589 ncall:3.3e+07 eff:0.1% logz-ratio=496.25+/-0.17 dlogz:2.708>0.1]
32878it [2:51:22 bound:473 nc:2652 ncall:3.4e+07 eff:0.1% logz-ratio=496.32+/-0.17 dlogz:2.476>0.1]
32999it [2:52:25 bound:475 nc:1677 ncall:3.4e+07 eff:0.1% logz-ratio=496.36+/-0.17 dlogz:2.332>0.1]
33184it [2:53:52 bound:478 nc:1473 ncall:3.4e+07 eff:0.1% logz-ratio=496.42+/-0.17 dlogz:2.175>0.1]
33307it [2:54:53 bound:480 nc:1325 ncall:3.5e+07 eff:0.1% logz-ratio=496.46+/-0.17 dlogz:2.036>0.1]
33430it [2:55:53 bound:482 nc:1767 ncall:3.5e+07 eff:0.1% logz-ratio=496.49+/-0.17 dlogz:1.902>0.1]
33616it [2:57:21 bound:485 nc:1948 ncall:3.5e+07 eff:0.1% logz-ratio=496.54+/-0.17 dlogz:1.707>0.1]
33801it [2:58:50 bound:488 nc:1505 ncall:3.5e+07 eff:0.1% logz-ratio=496.59+/-0.17 dlogz:1.524>0.1]
33925it [2:59:51 bound:490 nc:1574 ncall:3.6e+07 eff:0.1% logz-ratio=496.62+/-0.17 dlogz:1.428>0.1]
34060it [3:01:19 bound:492 nc:1904 ncall:3.6e+07 eff:0.1% logz-ratio=496.65+/-0.17 dlogz:1.307>0.1]
34175it [3:02:20 bound:494 nc:1403 ncall:3.6e+07 eff:0.1% logz-ratio=496.68+/-0.17 dlogz:1.209>0.1]
34364it [3:03:50 bound:497 nc:2529 ncall:3.7e+07 eff:0.1% logz-ratio=496.72+/-0.17 dlogz:1.057>0.1]
34488it [3:04:53 bound:499 nc:1924 ncall:3.7e+07 eff:0.1% logz-ratio=496.74+/-0.17 dlogz:0.965>0.1]
34609it [3:05:58 bound:501 nc:2261 ncall:3.7e+07 eff:0.1% logz-ratio=496.76+/-0.17 dlogz:0.881>0.1]
34731it [3:06:59 bound:503 nc:1836 ncall:3.7e+07 eff:0.1% logz-ratio=496.78+/-0.17 dlogz:0.802>0.1]
34855it [3:08:03 bound:505 nc:1456 ncall:3.8e+07 eff:0.1% logz-ratio=496.80+/-0.17 dlogz:0.727>0.1]
34977it [3:09:07 bound:507 nc:2556 ncall:3.8e+07 eff:0.1% logz-ratio=496.82+/-0.17 dlogz:0.676>0.1]
35099it [3:10:12 bound:509 nc:2725 ncall:3.8e+07 eff:0.1% logz-ratio=496.84+/-0.17 dlogz:0.611>0.1]
35221it [3:11:18 bound:511 nc:2126 ncall:3.8e+07 eff:0.1% logz-ratio=496.85+/-0.17 dlogz:0.552>0.1]
35344it [3:12:25 bound:513 nc:1934 ncall:3.9e+07 eff:0.1% logz-ratio=496.87+/-0.17 dlogz:0.497>0.1]
35466it [3:13:29 bound:515 nc:2089 ncall:3.9e+07 eff:0.1% logz-ratio=496.88+/-0.17 dlogz:0.447>0.1]
35592it [3:14:31 bound:517 nc:1430 ncall:3.9e+07 eff:0.1% logz-ratio=496.90+/-0.17 dlogz:0.439>0.1]
35716it [3:15:35 bound:519 nc:2331 ncall:3.9e+07 eff:0.1% logz-ratio=496.91+/-0.17 dlogz:0.394>0.1]
35838it [3:16:38 bound:521 nc:1678 ncall:4.0e+07 eff:0.1% logz-ratio=496.92+/-0.17 dlogz:0.353>0.1]
35960it [3:17:40 bound:523 nc:3927 ncall:4.0e+07 eff:0.1% logz-ratio=496.93+/-0.17 dlogz:0.317>0.1]
36084it [3:18:43 bound:525 nc:1705 ncall:4.0e+07 eff:0.1% logz-ratio=496.94+/-0.17 dlogz:0.283>0.1]
36210it [3:19:44 bound:527 nc:2247 ncall:4.1e+07 eff:0.1% logz-ratio=496.95+/-0.17 dlogz:0.268>0.1]
36333it [3:20:46 bound:529 nc:1964 ncall:4.1e+07 eff:0.1% logz-ratio=496.96+/-0.17 dlogz:0.277>0.1]
36453it [3:21:48 bound:531 nc:2839 ncall:4.1e+07 eff:0.1% logz-ratio=496.97+/-0.17 dlogz:0.248>0.1]
36578it [3:22:52 bound:533 nc:2754 ncall:4.1e+07 eff:0.1% logz-ratio=496.97+/-0.17 dlogz:0.221>0.1]
36700it [3:23:55 bound:535 nc:1741 ncall:4.2e+07 eff:0.1% logz-ratio=496.98+/-0.17 dlogz:0.197>0.1]
36819it [3:25:00 bound:537 nc:1780 ncall:4.2e+07 eff:0.1% logz-ratio=496.99+/-0.17 dlogz:0.220>0.1]
36941it [3:26:05 bound:539 nc:3080 ncall:4.2e+07 eff:0.1% logz-ratio=496.99+/-0.17 dlogz:0.197>0.1]
37060it [3:27:11 bound:541 nc:2090 ncall:4.2e+07 eff:0.1% logz-ratio=497.00+/-0.17 dlogz:0.176>0.1]
37186it [3:28:15 bound:543 nc:1924 ncall:4.3e+07 eff:0.1% logz-ratio=497.00+/-0.17 dlogz:0.157>0.1]
37312it [3:29:25 bound:545 nc:2226 ncall:4.3e+07 eff:0.1% logz-ratio=497.01+/-0.17 dlogz:0.139>0.1]
37437it [3:30:30 bound:547 nc:2439 ncall:4.3e+07 eff:0.1% logz-ratio=497.01+/-0.17 dlogz:0.124>0.1]
37560it [3:31:34 bound:549 nc:1816 ncall:4.4e+07 eff:0.1% logz-ratio=497.02+/-0.17 dlogz:0.110>0.1]
At this point, we cannot create a float from 0       1.197835
1       1.197547
2       1.197670
3       1.197701
4       1.197526
          ...   
5931    1.197666
5932    1.197657
5933    1.197683
5934    1.197641
5935    1.197668
Name: chirp_mass, Length: 5936, dtype: float64, error: cannot convert the series to <class 'float'>
At this point, we cannot create a float from 0       0.843038
1       0.875282
2       0.724940
3       0.754185
4       0.826357
          ...   
5931    0.949011
5932    0.939835
5933    0.898856
5934    0.921179
5935    0.974413
Name: mass_ratio, Length: 5936, dtype: float64, error: cannot convert the series to <class 'float'>
At this point, we cannot create a float from 0       47.103256
1       31.485723
2       34.180695
3       44.820747
4       40.348423
          ...    
5931    23.584471
5932    42.359665
5933    26.945993
5934    26.590862
5935    35.711082
Name: luminosity_distance, Length: 5936, dtype: float64, error: cannot convert the series to <class 'float'>
At this point, we cannot create a float from 0       501.116211
1       586.998413
2       199.450470
3       322.913116
4       389.419830
           ...    
5931    365.107330
5932    312.022583
5933    263.451813
5934    282.950439
5935    345.288361
Name: lambda_1, Length: 5936, dtype: float64, error: cannot convert the series to <class 'float'>
At this point, we cannot create a float from 0       1317.268066
1       1194.590942
2       1555.632446
3       1606.538818
4       1225.249878
           ...     
5931     478.919891
5932     438.247955
5933     469.728851
5934     443.384338
5935     382.406982
Name: lambda_2, Length: 5936, dtype: float64, error: cannot convert the series to <class 'float'>
Skipped taking the float value from [5.00331402 4.18800926 3.97028923 ... 4.86519241 5.11852837 5.69112492], error: only length-1 arrays can be converted to Python scalars
At this point, we cannot create a float from [1.19744205 1.19744367 1.19744529 1.19744691 1.19744853 1.19745015
 1.19745177 1.19745339 1.19745501 1.19745663 1.19745825 1.19745986
 1.19746148 1.1974631  1.19746472 1.19746634 1.19746796 1.19746958
 1.1974712  1.19747282 1.19747444 1.19747606 1.19747767 1.19747929
 1.19748091 1.19748253 1.19748415 1.19748577 1.19748739 1.19748901
 1.19749063 1.19749225 1.19749387 1.19749548 1.1974971  1.19749872
 1.19750034 1.19750196 1.19750358 1.1975052  1.19750682 1.19750844
 1.19751006 1.19751168 1.19751329 1.19751491 1.19751653 1.19751815
 1.19751977 1.19752139 1.19752301 1.19752463 1.19752625 1.19752787
 1.19752949 1.1975311  1.19753272 1.19753434 1.19753596 1.19753758
 1.1975392  1.19754082 1.19754244 1.19754406 1.19754568 1.1975473
 1.19754891 1.19755053 1.19755215 1.19755377 1.19755539 1.19755701
 1.19755863 1.19756025 1.19756187 1.19756349 1.19756511 1.19756672
 1.19756834 1.19756996 1.19757158 1.1975732  1.19757482 1.19757644
 1.19757806 1.19757968 1.1975813  1.19758292 1.19758453 1.19758615
 1.19758777 1.19758939 1.19759101 1.19759263 1.19759425 1.19759587
 1.19759749 1.19759911 1.19760073 1.19760234 1.19760396 1.19760558
 1.1976072  1.19760882 1.19761044 1.19761206 1.19761368 1.1976153
 1.19761692 1.19761854 1.19762016 1.19762177 1.19762339 1.19762501
 1.19762663 1.19762825 1.19762987 1.19763149 1.19763311 1.19763473
 1.19763635 1.19763797 1.19763958 1.1976412  1.19764282 1.19764444
 1.19764606 1.19764768 1.1976493  1.19765092 1.19765254 1.19765416
 1.19765578 1.19765739 1.19765901 1.19766063 1.19766225 1.19766387
 1.19766549 1.19766711 1.19766873 1.19767035 1.19767197 1.19767359
 1.1976752  1.19767682 1.19767844 1.19768006 1.19768168 1.1976833
 1.19768492 1.19768654 1.19768816 1.19768978 1.1976914  1.19769301
 1.19769463 1.19769625 1.19769787 1.19769949 1.19770111 1.19770273
 1.19770435 1.19770597 1.19770759 1.19770921 1.19771082 1.19771244
 1.19771406 1.19771568 1.1977173  1.19771892 1.19772054 1.19772216
 1.19772378 1.1977254  1.19772702 1.19772863 1.19773025 1.19773187
 1.19773349 1.19773511 1.19773673 1.19773835 1.19773997 1.19774159
 1.19774321 1.19774483 1.19774644 1.19774806 1.19774968 1.1977513
 1.19775292 1.19775454 1.19775616 1.19775778 1.1977594  1.19776102
 1.19776264 1.19776425 1.19776587 1.19776749 1.19776911 1.19777073
 1.19777235 1.19777397 1.19777559 1.19777721 1.19777883 1.19778045
 1.19778206 1.19778368 1.1977853  1.19778692 1.19778854 1.19779016
 1.19779178 1.1977934  1.19779502 1.19779664 1.19779826 1.19779987
 1.19780149 1.19780311 1.19780473 1.19780635 1.19780797 1.19780959
 1.19781121 1.19781283 1.19781445 1.19781607 1.19781768 1.1978193
 1.19782092 1.19782254 1.19782416 1.19782578 1.1978274  1.19782902
 1.19783064 1.19783226 1.19783388 1.19783549 1.19783711 1.19783873
 1.19784035 1.19784197 1.19784359 1.19784521 1.19784683 1.19784845
 1.19785007 1.19785169 1.1978533  1.19785492 1.19785654 1.19785816
 1.19785978 1.1978614  1.19786302 1.19786464 1.19786626 1.19786788
 1.1978695  1.19787111 1.19787273 1.19787435 1.19787597 1.19787759
 1.19787921 1.19788083 1.19788245 1.19788407 1.19788569 1.19788731
 1.19788892 1.19789054 1.19789216 1.19789378 1.1978954  1.19789702
 1.19789864 1.19790026 1.19790188 1.1979035  1.19790512 1.19790673
 1.19790835 1.19790997 1.19791159 1.19791321 1.19791483 1.19791645
 1.19791807 1.19791969 1.19792131 1.19792293 1.19792454 1.19792616], error: only length-1 arrays can be converted to Python scalars
At this point, we cannot create a float from [0.68795109 0.68900802 0.69006495 0.69112188 0.69217882 0.69323575
 0.69429268 0.69534961 0.69640654 0.69746347 0.69852041 0.69957734
 0.70063427 0.7016912  0.70274813 0.70380507 0.704862   0.70591893
 0.70697586 0.70803279 0.70908973 0.71014666 0.71120359 0.71226052
 0.71331745 0.71437439 0.71543132 0.71648825 0.71754518 0.71860211
 0.71965904 0.72071598 0.72177291 0.72282984 0.72388677 0.7249437
 0.72600064 0.72705757 0.7281145  0.72917143 0.73022836 0.7312853
 0.73234223 0.73339916 0.73445609 0.73551302 0.73656995 0.73762689
 0.73868382 0.73974075 0.74079768 0.74185461 0.74291155 0.74396848
 0.74502541 0.74608234 0.74713927 0.74819621 0.74925314 0.75031007
 0.751367   0.75242393 0.75348087 0.7545378  0.75559473 0.75665166
 0.75770859 0.75876552 0.75982246 0.76087939 0.76193632 0.76299325
 0.76405018 0.76510712 0.76616405 0.76722098 0.76827791 0.76933484
 0.77039178 0.77144871 0.77250564 0.77356257 0.7746195  0.77567643
 0.77673337 0.7777903  0.77884723 0.77990416 0.78096109 0.78201803
 0.78307496 0.78413189 0.78518882 0.78624575 0.78730269 0.78835962
 0.78941655 0.79047348 0.79153041 0.79258734 0.79364428 0.79470121
 0.79575814 0.79681507 0.797872   0.79892894 0.79998587 0.8010428
 0.80209973 0.80315666 0.8042136  0.80527053 0.80632746 0.80738439
 0.80844132 0.80949826 0.81055519 0.81161212 0.81266905 0.81372598
 0.81478291 0.81583985 0.81689678 0.81795371 0.81901064 0.82006757
 0.82112451 0.82218144 0.82323837 0.8242953  0.82535223 0.82640917
 0.8274661  0.82852303 0.82957996 0.83063689 0.83169382 0.83275076
 0.83380769 0.83486462 0.83592155 0.83697848 0.83803542 0.83909235
 0.84014928 0.84120621 0.84226314 0.84332008 0.84437701 0.84543394
 0.84649087 0.8475478  0.84860473 0.84966167 0.8507186  0.85177553
 0.85283246 0.85388939 0.85494633 0.85600326 0.85706019 0.85811712
 0.85917405 0.86023099 0.86128792 0.86234485 0.86340178 0.86445871
 0.86551565 0.86657258 0.86762951 0.86868644 0.86974337 0.8708003
 0.87185724 0.87291417 0.8739711  0.87502803 0.87608496 0.8771419
 0.87819883 0.87925576 0.88031269 0.88136962 0.88242656 0.88348349
 0.88454042 0.88559735 0.88665428 0.88771121 0.88876815 0.88982508
 0.89088201 0.89193894 0.89299587 0.89405281 0.89510974 0.89616667
 0.8972236  0.89828053 0.89933747 0.9003944  0.90145133 0.90250826
 0.90356519 0.90462212 0.90567906 0.90673599 0.90779292 0.90884985
 0.90990678 0.91096372 0.91202065 0.91307758 0.91413451 0.91519144
 0.91624838 0.91730531 0.91836224 0.91941917 0.9204761  0.92153304
 0.92258997 0.9236469  0.92470383 0.92576076 0.92681769 0.92787463
 0.92893156 0.92998849 0.93104542 0.93210235 0.93315929 0.93421622
 0.93527315 0.93633008 0.93738701 0.93844395 0.93950088 0.94055781
 0.94161474 0.94267167 0.9437286  0.94478554 0.94584247 0.9468994
 0.94795633 0.94901326 0.9500702  0.95112713 0.95218406 0.95324099
 0.95429792 0.95535486 0.95641179 0.95746872 0.95852565 0.95958258
 0.96063952 0.96169645 0.96275338 0.96381031 0.96486724 0.96592417
 0.96698111 0.96803804 0.96909497 0.9701519  0.97120883 0.97226577
 0.9733227  0.97437963 0.97543656 0.97649349 0.97755043 0.97860736
 0.97966429 0.98072122 0.98177815 0.98283508 0.98389202 0.98494895
 0.98600588 0.98706281 0.98811974 0.98917668 0.99023361 0.99129054
 0.99234747 0.9934044  0.99446134 0.99551827 0.9965752  0.99763213
 0.99868906 0.99974599 1.00080293 1.00185986 1.00291679 1.00397372], error: only length-1 arrays can be converted to Python scalars
At this point, we cannot create a float from [18.40622711 18.51877621 18.6313253  18.7438744  18.8564235  18.96897259
 19.08152169 19.19407078 19.30661988 19.41916898 19.53171807 19.64426717
 19.75681626 19.86936536 19.98191446 20.09446355 20.20701265 20.31956174
 20.43211084 20.54465994 20.65720903 20.76975813 20.88230722 20.99485632
 21.10740542 21.21995451 21.33250361 21.44505271 21.5576018  21.6701509
 21.78269999 21.89524909 22.00779819 22.12034728 22.23289638 22.34544547
 22.45799457 22.57054367 22.68309276 22.79564186 22.90819095 23.02074005
 23.13328915 23.24583824 23.35838734 23.47093643 23.58348553 23.69603463
 23.80858372 23.92113282 24.03368191 24.14623101 24.25878011 24.3713292
 24.4838783  24.59642739 24.70897649 24.82152559 24.93407468 25.04662378
 25.15917287 25.27172197 25.38427107 25.49682016 25.60936926 25.72191835
 25.83446745 25.94701655 26.05956564 26.17211474 26.28466384 26.39721293
 26.50976203 26.62231112 26.73486022 26.84740932 26.95995841 27.07250751
 27.1850566  27.2976057  27.4101548  27.52270389 27.63525299 27.74780208
 27.86035118 27.97290028 28.08544937 28.19799847 28.31054756 28.42309666
 28.53564576 28.64819485 28.76074395 28.87329304 28.98584214 29.09839124
 29.21094033 29.32348943 29.43603852 29.54858762 29.66113672 29.77368581
 29.88623491 29.998784   30.1113331  30.2238822  30.33643129 30.44898039
 30.56152948 30.67407858 30.78662768 30.89917677 31.01172587 31.12427497
 31.23682406 31.34937316 31.46192225 31.57447135 31.68702045 31.79956954
 31.91211864 32.02466773 32.13721683 32.24976593 32.36231502 32.47486412
 32.58741321 32.69996231 32.81251141 32.9250605  33.0376096  33.15015869
 33.26270779 33.37525689 33.48780598 33.60035508 33.71290417 33.82545327
 33.93800237 34.05055146 34.16310056 34.27564965 34.38819875 34.50074785
 34.61329694 34.72584604 34.83839513 34.95094423 35.06349333 35.17604242
 35.28859152 35.40114061 35.51368971 35.62623881 35.7387879  35.851337
 35.9638861  36.07643519 36.18898429 36.30153338 36.41408248 36.52663158
 36.63918067 36.75172977 36.86427886 36.97682796 37.08937706 37.20192615
 37.31447525 37.42702434 37.53957344 37.65212254 37.76467163 37.87722073
 37.98976982 38.10231892 38.21486802 38.32741711 38.43996621 38.5525153
 38.6650644  38.7776135  38.89016259 39.00271169 39.11526078 39.22780988
 39.34035898 39.45290807 39.56545717 39.67800626 39.79055536 39.90310446
 40.01565355 40.12820265 40.24075174 40.35330084 40.46584994 40.57839903
 40.69094813 40.80349723 40.91604632 41.02859542 41.14114451 41.25369361
 41.36624271 41.4787918  41.5913409  41.70388999 41.81643909 41.92898819
 42.04153728 42.15408638 42.26663547 42.37918457 42.49173367 42.60428276
 42.71683186 42.82938095 42.94193005 43.05447915 43.16702824 43.27957734
 43.39212643 43.50467553 43.61722463 43.72977372 43.84232282 43.95487191
 44.06742101 44.17997011 44.2925192  44.4050683  44.51761739 44.63016649
 44.74271559 44.85526468 44.96781378 45.08036287 45.19291197 45.30546107
 45.41801016 45.53055926 45.64310836 45.75565745 45.86820655 45.98075564
 46.09330474 46.20585384 46.31840293 46.43095203 46.54350112 46.65605022
 46.76859932 46.88114841 46.99369751 47.1062466  47.2187957  47.3313448
 47.44389389 47.55644299 47.66899208 47.78154118 47.89409028 48.00663937
 48.11918847 48.23173756 48.34428666 48.45683576 48.56938485 48.68193395
 48.79448304 48.90703214 49.01958124 49.13213033 49.24467943 49.35722852
 49.46977762 49.58232672 49.69487581 49.80742491 49.919974   50.0325231
 50.1450722  50.25762129 50.37017039 50.48271949 50.59526858 50.70781768
 50.82036677 50.93291587 51.04546497 51.15801406 51.27056316 51.38311225
 51.49566135 51.60821045 51.72075954 51.83330864 51.94585773 52.05840683], error: only length-1 arrays can be converted to Python scalars
At this point, we cannot create a float from [115.69443512 118.30010828 120.90578144 123.5114546  126.11712777
 128.72280093 131.32847409 133.93414725 136.53982041 139.14549357
 141.75116674 144.3568399  146.96251306 149.56818622 152.17385938
 154.77953254 157.38520571 159.99087887 162.59655203 165.20222519
 167.80789835 170.41357151 173.01924468 175.62491784 178.230591
 180.83626416 183.44193732 186.04761048 188.65328365 191.25895681
 193.86462997 196.47030313 199.07597629 201.68164945 204.28732262
 206.89299578 209.49866894 212.1043421  214.71001526 217.31568842
 219.92136159 222.52703475 225.13270791 227.73838107 230.34405423
 232.94972739 235.55540055 238.16107372 240.76674688 243.37242004
 245.9780932  248.58376636 251.18943952 253.79511269 256.40078585
 259.00645901 261.61213217 264.21780533 266.82347849 269.42915166
 272.03482482 274.64049798 277.24617114 279.8518443  282.45751746
 285.06319063 287.66886379 290.27453695 292.88021011 295.48588327
 298.09155643 300.6972296  303.30290276 305.90857592 308.51424908
 311.11992224 313.7255954  316.33126857 318.93694173 321.54261489
 324.14828805 326.75396121 329.35963437 331.96530754 334.5709807
 337.17665386 339.78232702 342.38800018 344.99367334 347.59934651
 350.20501967 352.81069283 355.41636599 358.02203915 360.62771231
 363.23338548 365.83905864 368.4447318  371.05040496 373.65607812
 376.26175128 378.86742445 381.47309761 384.07877077 386.68444393
 389.29011709 391.89579025 394.50146341 397.10713658 399.71280974
 402.3184829  404.92415606 407.52982922 410.13550238 412.74117555
 415.34684871 417.95252187 420.55819503 423.16386819 425.76954135
 428.37521452 430.98088768 433.58656084 436.192234   438.79790716
 441.40358032 444.00925349 446.61492665 449.22059981 451.82627297
 454.43194613 457.03761929 459.64329246 462.24896562 464.85463878
 467.46031194 470.0659851  472.67165826 475.27733143 477.88300459
 480.48867775 483.09435091 485.70002407 488.30569723 490.9113704
 493.51704356 496.12271672 498.72838988 501.33406304 503.9397362
 506.54540937 509.15108253 511.75675569 514.36242885 516.96810201
 519.57377517 522.17944834 524.7851215  527.39079466 529.99646782
 532.60214098 535.20781414 537.8134873  540.41916047 543.02483363
 545.63050679 548.23617995 550.84185311 553.44752627 556.05319944
 558.6588726  561.26454576 563.87021892 566.47589208 569.08156524
 571.68723841 574.29291157 576.89858473 579.50425789 582.10993105
 584.71560421 587.32127738 589.92695054 592.5326237  595.13829686
 597.74397002 600.34964318 602.95531635 605.56098951 608.16666267
 610.77233583 613.37800899 615.98368215 618.58935532 621.19502848
 623.80070164 626.4063748  629.01204796 631.61772112 634.22339429
 636.82906745 639.43474061 642.04041377 644.64608693 647.25176009
 649.85743326 652.46310642 655.06877958 657.67445274 660.2801259
 662.88579906 665.49147223 668.09714539 670.70281855 673.30849171
 675.91416487 678.51983803 681.12551119 683.73118436 686.33685752
 688.94253068 691.54820384 694.153877   696.75955016 699.36522333
 701.97089649 704.57656965 707.18224281 709.78791597 712.39358913
 714.9992623  717.60493546 720.21060862 722.81628178 725.42195494
 728.0276281  730.63330127 733.23897443 735.84464759 738.45032075
 741.05599391 743.66166707 746.26734024 748.8730134  751.47868656
 754.08435972 756.69003288 759.29570604 761.90137921 764.50705237
 767.11272553 769.71839869 772.32407185 774.92974501 777.53541818
 780.14109134 782.7467645  785.35243766 787.95811082 790.56378398
 793.16945715 795.77513031 798.38080347 800.98647663 803.59214979
 806.19782295 808.80349612 811.40916928 814.01484244 816.6205156
 819.22618876 821.83186192 824.43753509 827.04320825 829.64888141
 832.25455457 834.86022773 837.46590089 840.07157405 842.67724722
 845.28292038 847.88859354 850.4942667  853.09993986 855.70561302
 858.31128619 860.91695935 863.52263251 866.12830567 868.73397883
 871.33965199 873.94532516 876.55099832 879.15667148 881.76234464
 884.3680178  886.97369096 889.57936413 892.18503729 894.79071045], error: only length-1 arrays can be converted to Python scalars
At this point, we cannot create a float from [ 189.22683716  196.16423581  203.10163446  210.03903311  216.97643175
  223.9138304   230.85122905  237.7886277   244.72602635  251.663425
  258.60082365  265.5382223   272.47562095  279.41301959  286.35041824
  293.28781689  300.22521554  307.16261419  314.10001284  321.03741149
  327.97481014  334.91220879  341.84960744  348.78700608  355.72440473
  362.66180338  369.59920203  376.53660068  383.47399933  390.41139798
  397.34879663  404.28619528  411.22359393  418.16099257  425.09839122
  432.03578987  438.97318852  445.91058717  452.84798582  459.78538447
  466.72278312  473.66018177  480.59758042  487.53497906  494.47237771
  501.40977636  508.34717501  515.28457366  522.22197231  529.15937096
  536.09676961  543.03416826  549.97156691  556.90896555  563.8463642
  570.78376285  577.7211615   584.65856015  591.5959588   598.53335745
  605.4707561   612.40815475  619.34555339  626.28295204  633.22035069
  640.15774934  647.09514799  654.03254664  660.96994529  667.90734394
  674.84474259  681.78214124  688.71953988  695.65693853  702.59433718
  709.53173583  716.46913448  723.40653313  730.34393178  737.28133043
  744.21872908  751.15612773  758.09352637  765.03092502  771.96832367
  778.90572232  785.84312097  792.78051962  799.71791827  806.65531692
  813.59271557  820.53011422  827.46751286  834.40491151  841.34231016
  848.27970881  855.21710746  862.15450611  869.09190476  876.02930341
  882.96670206  889.90410071  896.84149935  903.778898    910.71629665
  917.6536953   924.59109395  931.5284926   938.46589125  945.4032899
  952.34068855  959.27808719  966.21548584  973.15288449  980.09028314
  987.02768179  993.96508044 1000.90247909 1007.83987774 1014.77727639
 1021.71467504 1028.65207368 1035.58947233 1042.52687098 1049.46426963
 1056.40166828 1063.33906693 1070.27646558 1077.21386423 1084.15126288
 1091.08866153 1098.02606017 1104.96345882 1111.90085747 1118.83825612
 1125.77565477 1132.71305342 1139.65045207 1146.58785072 1153.52524937
 1160.46264802 1167.40004666 1174.33744531 1181.27484396 1188.21224261
 1195.14964126 1202.08703991 1209.02443856 1215.96183721 1222.89923586
 1229.83663451 1236.77403315 1243.7114318  1250.64883045 1257.5862291
 1264.52362775 1271.4610264  1278.39842505 1285.3358237  1292.27322235
 1299.21062099 1306.14801964 1313.08541829 1320.02281694 1326.96021559
 1333.89761424 1340.83501289 1347.77241154 1354.70981019 1361.64720884
 1368.58460748 1375.52200613 1382.45940478 1389.39680343 1396.33420208
 1403.27160073 1410.20899938 1417.14639803 1424.08379668 1431.02119533
 1437.95859397 1444.89599262 1451.83339127 1458.77078992 1465.70818857
 1472.64558722 1479.58298587 1486.52038452 1493.45778317 1500.39518182
 1507.33258046 1514.26997911 1521.20737776 1528.14477641 1535.08217506
 1542.01957371 1548.95697236 1555.89437101 1562.83176966 1569.76916831
 1576.70656695 1583.6439656  1590.58136425 1597.5187629  1604.45616155
 1611.3935602  1618.33095885 1625.2683575  1632.20575615 1639.14315479
 1646.08055344 1653.01795209 1659.95535074 1666.89274939 1673.83014804
 1680.76754669 1687.70494534 1694.64234399 1701.57974264 1708.51714128
 1715.45453993 1722.39193858 1729.32933723 1736.26673588 1743.20413453
 1750.14153318 1757.07893183 1764.01633048 1770.95372913 1777.89112777
 1784.82852642 1791.76592507 1798.70332372 1805.64072237 1812.57812102
 1819.51551967 1826.45291832 1833.39031697 1840.32771562 1847.26511426
 1854.20251291 1861.13991156 1868.07731021 1875.01470886 1881.95210751
 1888.88950616 1895.82690481 1902.76430346 1909.70170211 1916.63910075
 1923.5764994  1930.51389805 1937.4512967  1944.38869535 1951.326094
 1958.26349265 1965.2008913  1972.13828995 1979.07568859 1986.01308724
 1992.95048589 1999.88788454 2006.82528319 2013.76268184 2020.70008049
 2027.63747914 2034.57487779 2041.51227644 2048.44967508 2055.38707373
 2062.32447238 2069.26187103 2076.19926968 2083.13666833 2090.07406698
 2097.01146563 2103.94886428 2110.88626293 2117.82366157 2124.76106022
 2131.69845887 2138.63585752 2145.57325617 2152.51065482 2159.44805347
 2166.38545212 2173.32285077 2180.26024942 2187.19764806 2194.13504671
 2201.07244536 2208.00984401 2214.94724266 2221.88464131 2228.82203996
 2235.75943861 2242.69683726 2249.63423591 2256.57163455 2263.5090332 ], error: only length-1 arrays can be converted to Python scalars
Skipped taking the float value from [-3.55697975e+01 -3.55505562e+01 -3.55318756e+01 -3.55136490e+01
 -3.54957542e+01 -3.54784126e+01 -3.54612808e+01 -3.54448853e+01
 -3.54294891e+01 -3.54172134e+01 -3.54050407e+01 -3.53929405e+01
 -3.53811646e+01 -3.53743896e+01 -3.53679276e+01 -3.53615112e+01
 -3.53571396e+01 -3.53364105e+01 -3.53115730e+01 -3.52880402e+01
 -3.52598763e+01 -3.51886978e+01 -3.51182747e+01 -3.50536537e+01
 -3.49885559e+01 -3.49228477e+01 -3.48468781e+01 -3.47674026e+01
 -3.46876717e+01 -3.46068726e+01 -3.45254059e+01 -3.44433212e+01
 -3.43606033e+01 -3.42850456e+01 -3.42179489e+01 -3.41635742e+01
 -3.41087799e+01 -3.40531960e+01 -3.39977760e+01 -3.39416542e+01
 -3.38849792e+01 -3.38286209e+01 -3.37699928e+01 -3.37103043e+01
 -3.36542206e+01 -3.36051941e+01 -3.35557899e+01 -3.35055389e+01
 -3.34549561e+01 -3.34039154e+01 -3.33216019e+01 -3.32368126e+01
 -3.31508942e+01 -3.30592575e+01 -3.29700317e+01 -3.28795128e+01
 -3.27868271e+01 -3.26924248e+01 -3.25952263e+01 -3.24954643e+01
 -3.23933525e+01 -3.22887955e+01 -3.21816559e+01 -3.20719604e+01
 -3.19588470e+01 -3.18435650e+01 -3.17251625e+01 -3.16034641e+01
 -3.14788284e+01 -3.13505516e+01 -3.12192116e+01 -3.10841045e+01
 -3.09455318e+01 -3.08030930e+01 -3.06592464e+01 -3.05228252e+01
 -3.03838844e+01 -3.02408714e+01 -3.00933762e+01 -2.99397068e+01
 -2.97784081e+01 -2.96126633e+01 -2.94411640e+01 -2.92644615e+01
 -2.90863686e+01 -2.89156551e+01 -2.87353516e+01 -2.85524101e+01
 -2.83667889e+01 -2.81764450e+01 -2.79806156e+01 -2.77794819e+01
 -2.75727692e+01 -2.73609200e+01 -2.71346359e+01 -2.68894958e+01
 -2.66284485e+01 -2.63568058e+01 -2.60773296e+01 -2.57863617e+01
 -2.54836349e+01 -2.51759243e+01 -2.48600006e+01 -2.45132275e+01
 -2.41474667e+01 -2.37654877e+01 -2.33587990e+01 -2.28593826e+01
 -2.22846069e+01 -2.16052971e+01 -2.08733826e+01 -2.00851173e+01
 -1.92112083e+01 -1.83493595e+01 -1.73518677e+01 -1.62145901e+01
 -1.48735838e+01 -1.37477856e+01 -1.27627153e+01 -1.17778244e+01
 -1.08515739e+01 -9.95063877e+00 -9.03744125e+00 -8.08220768e+00
 -7.10426235e+00 -6.09132290e+00 -4.94037151e+00 -3.56751919e+00
 -2.41658497e+00 -1.71911144e+00 -1.09008026e+00 -5.08904457e-01
  2.00395584e-02  4.93716240e-01  9.30297852e-01  1.31866837e+00
  1.65527248e+00  1.92993259e+00  2.19400883e+00  2.44698524e+00
  2.69600868e+00  2.93000984e+00  3.15088606e+00  3.35839844e+00
  3.54588032e+00  3.72300386e+00  3.87579298e+00  4.01482868e+00
  4.11704063e+00  4.21045876e+00  4.29927492e+00  4.37911272e+00
  4.44659042e+00  4.50038242e+00  4.54051781e+00  4.56884241e+00
  4.58970547e+00  4.59760666e+00  4.59214401e+00  4.57885361e+00
  4.55068111e+00  4.50634289e+00  4.44704056e+00  4.37399864e+00
  4.28301334e+00  4.17144966e+00  4.04010630e+00  3.88572121e+00
  3.72077894e+00  3.54147005e+00  3.34562540e+00  3.13492107e+00
  2.91606045e+00  2.67543411e+00  2.42581367e+00  2.16657066e+00
  1.89640617e+00  1.61599922e+00  1.32604504e+00  1.02696800e+00
  7.21718788e-01  4.15950775e-01  1.04563713e-01 -2.11559296e-01
 -5.23498535e-01 -8.38493347e-01 -1.15929985e+00 -1.48375893e+00
 -1.81319714e+00 -2.14672470e+00 -2.48592472e+00 -2.83130741e+00
 -3.17703629e+00 -3.52270222e+00 -3.86499786e+00 -4.20178127e+00
 -4.52822685e+00 -4.85172462e+00 -5.17249870e+00 -5.48965263e+00
 -5.80994034e+00 -6.12628174e+00 -6.43955612e+00 -6.74777031e+00
 -7.05201626e+00 -7.35201073e+00 -7.64742899e+00 -7.93529797e+00
 -8.21810722e+00 -8.49584961e+00 -8.76909733e+00 -9.03754807e+00
 -9.30091953e+00 -9.55976868e+00 -9.81439018e+00 -1.00653095e+01
 -1.03114567e+01 -1.05531931e+01 -1.07905645e+01 -1.10228539e+01
 -1.12509079e+01 -1.14763098e+01 -1.16976643e+01 -1.19148998e+01
 -1.21279764e+01 -1.23439732e+01 -1.25593929e+01 -1.27721996e+01
 -1.29830065e+01 -1.31909361e+01 -1.33968639e+01 -1.35991354e+01
 -1.37979174e+01 -1.39961281e+01 -1.41906414e+01 -1.43834457e+01
 -1.45749340e+01 -1.47621450e+01 -1.49409752e+01 -1.51161213e+01
 -1.52888174e+01 -1.54592590e+01 -1.56275883e+01 -1.57938442e+01
 -1.59580936e+01 -1.61203346e+01 -1.62808685e+01 -1.64395084e+01
 -1.65962372e+01 -1.67507420e+01 -1.69034824e+01 -1.70550041e+01
 -1.72049522e+01 -1.73529110e+01 -1.75031242e+01 -1.76726818e+01
 -1.78436279e+01 -1.80164642e+01 -1.81914425e+01 -1.83696709e+01
 -1.85515804e+01 -1.87381954e+01 -1.89338112e+01 -1.91397114e+01
 -1.93566170e+01 -1.95890198e+01 -1.98413639e+01 -2.01224957e+01
 -2.04464340e+01 -2.06535759e+01 -2.07396355e+01 -2.08242798e+01
 -2.09074898e+01 -2.09893627e+01 -2.10696545e+01 -2.11462078e+01
 -2.12215519e+01 -2.12955456e+01 -2.13673439e+01 -2.14378242e+01
 -2.15070877e+01 -2.15751877e+01 -2.16421413e+01 -2.17079239e+01
 -2.17726059e+01 -2.18383999e+01 -2.19040756e+01 -2.19686203e+01
 -2.20321026e+01 -2.20935879e+01 -2.21532764e+01 -2.22120857e+01
 -2.22707195e+01 -2.23284168e+01 -2.23852692e+01 -2.24412575e+01
 -2.24963417e+01 -2.25506058e+01 -2.26040897e+01 -2.26567726e+01], error: only length-1 arrays can be converted to Python scalars
