000 (2587875.000.000) 2025-08-06 10:20:56 Job submitted from host: <145.107.7.246:9618?addrs=145.107.7.246-9618+[2a07-8500-120-e070--3f6]-9618&alias=taai-007.nikhef.nl&noUDP&sock=schedd_2614_90a7>
...
001 (2587875.000.000) 2025-08-06 10:22:39 Job executing on host: <145.107.4.168:9618?addrs=145.107.4.168-9618+[2a07-8500-120-e070--a8]-9618&alias=wn-pijl-007.nikhef.nl&noUDP&sock=startd_4419_a519>
	SlotName: slot1_3@wn-pijl-007.nikhef.nl
	AvailableGPUs = { GPUs_GPU_28701473_2bc0_ba00_3737_13d19e1cede7 }
	CondorScratchDir = "/scratch/condor_execute/dir_3747014"
	Cpus = 1
	Disk = 16790397
	GPUs = 1
	GPUs_GPU_28701473_2bc0_ba00_3737_13d19e1cede7 = [ Id = "GPU-28701473-2bc0-ba00-3737-13d19e1cede7"; ClockMhz = 2520.0; Capability = 8.9; CoresPerCU = 128; DeviceName = "NVIDIA L40S"; DeviceUuid = "28701473-2bc0-ba00-3737-13d19e1cede7"; ECCEnabled = true; ComputeUnits = 142; NvidiaDriver = "570.124.06"; DriverVersion = 12.8; DevicePciBusId = "0000:C1:00.0"; GlobalMemoryMb = 45468; MaxSupportedVersion = 12080 ]
	Memory = 16384
...
006 (2587875.000.000) 2025-08-06 10:22:53 Image size of job updated: 677488
	662  -  MemoryUsage of job (MB)
	677488  -  ResidentSetSize of job (KB)
...
006 (2587875.000.000) 2025-08-06 10:27:54 Image size of job updated: 686900
	670  -  MemoryUsage of job (MB)
	685796  -  ResidentSetSize of job (KB)
...
006 (2587875.000.000) 2025-08-06 10:29:52 Image size of job updated: 3027120
	670  -  MemoryUsage of job (MB)
	685796  -  ResidentSetSize of job (KB)
...
005 (2587875.000.000) 2025-08-06 10:29:52 Job terminated.
	(1) Normal termination (return value 0)
		Usr 0 00:07:19, Sys 0 00:00:23  -  Run Remote Usage
		Usr 0 00:00:00, Sys 0 00:00:00  -  Run Local Usage
		Usr 0 00:07:19, Sys 0 00:00:23  -  Total Remote Usage
		Usr 0 00:00:00, Sys 0 00:00:00  -  Total Local Usage
	0  -  Run Bytes Sent By Job
	0  -  Run Bytes Received By Job
	0  -  Total Bytes Sent By Job
	0  -  Total Bytes Received By Job
	Partitionable Resources :    Usage  Request Allocated Assigned
	   Cpus                 :     1.09        1         1 
	   Disk (KB)            : 17500    16777216  16790397 
	   GPUs                 :     0.05        1         1 "GPU-28701473-2bc0-ba00-3737-13d19e1cede7"
	   GpusMemory (MB)      : 35158                       
	   Memory (MB)          :   670       16384     16384 
	   TimeExecute (s)      :   433                       
	   TimeSlotBusy (s)     :   433                       

	Job terminated of its own accord at 2025-08-06T08:29:52Z with exit-code 0.
...
000 (2587964.000.000) 2025-08-06 13:58:01 Job submitted from host: <145.107.7.246:9618?addrs=145.107.7.246-9618+[2a07-8500-120-e070--3f6]-9618&alias=taai-007.nikhef.nl&noUDP&sock=schedd_2614_90a7>
...
001 (2587964.000.000) 2025-08-06 14:03:41 Job executing on host: <145.107.4.168:9618?addrs=145.107.4.168-9618+[2a07-8500-120-e070--a8]-9618&alias=wn-pijl-007.nikhef.nl&noUDP&sock=startd_4419_a519>
	SlotName: slot1_2@wn-pijl-007.nikhef.nl
	AvailableGPUs = { GPUs_GPU_0908d160_54f1_7a49_0ce0_d6a6c1e03f24 }
	CondorScratchDir = "/scratch/condor_execute/dir_3886132"
	Cpus = 1
	Disk = 16790397
	GPUs = 1
	GPUs_GPU_0908d160_54f1_7a49_0ce0_d6a6c1e03f24 = [ Id = "GPU-0908d160-54f1-7a49-0ce0-d6a6c1e03f24"; ClockMhz = 2520.0; Capability = 8.9; CoresPerCU = 128; DeviceName = "NVIDIA L40S"; DeviceUuid = "0908d160-54f1-7a49-0ce0-d6a6c1e03f24"; ECCEnabled = true; ComputeUnits = 142; NvidiaDriver = "570.124.06"; DriverVersion = 12.8; DevicePciBusId = "0000:02:00.0"; GlobalMemoryMb = 45468; MaxSupportedVersion = 12080 ]
	Memory = 16384
...
006 (2587964.000.000) 2025-08-06 14:03:55 Image size of job updated: 674784
	659  -  MemoryUsage of job (MB)
	674784  -  ResidentSetSize of job (KB)
...
006 (2587964.000.000) 2025-08-06 14:08:55 Image size of job updated: 684320
	668  -  MemoryUsage of job (MB)
	683028  -  ResidentSetSize of job (KB)
...
006 (2587964.000.000) 2025-08-06 14:13:56 Image size of job updated: 3621180
	3537  -  MemoryUsage of job (MB)
	3621180  -  ResidentSetSize of job (KB)
...
006 (2587964.000.000) 2025-08-06 14:14:41 Image size of job updated: 3725280
	3537  -  MemoryUsage of job (MB)
	3621180  -  ResidentSetSize of job (KB)
...
005 (2587964.000.000) 2025-08-06 14:14:41 Job terminated.
	(1) Normal termination (return value 0)
		Usr 0 00:11:22, Sys 0 00:00:39  -  Run Remote Usage
		Usr 0 00:00:00, Sys 0 00:00:00  -  Run Local Usage
		Usr 0 00:11:22, Sys 0 00:00:39  -  Total Remote Usage
		Usr 0 00:00:00, Sys 0 00:00:00  -  Total Local Usage
	0  -  Run Bytes Sent By Job
	0  -  Run Bytes Received By Job
	0  -  Total Bytes Sent By Job
	0  -  Total Bytes Received By Job
	Partitionable Resources :    Usage  Request Allocated Assigned
	   Cpus                 :     1.06        1         1 
	   Disk (KB)            : 17500    16777216  16790397 
	   GPUs                 :                 1         1 "GPU-0908d160-54f1-7a49-0ce0-d6a6c1e03f24"
	   GpusMemory (MB)      : 35158                       
	   Memory (MB)          :  3537       16384     16384 
	   TimeExecute (s)      :   660                       
	   TimeSlotBusy (s)     :   660                       

	Job terminated of its own accord at 2025-08-06T12:14:41Z with exit-code 0.
...
000 (2588074.000.000) 2025-08-06 18:18:01 Job submitted from host: <145.107.7.246:9618?addrs=145.107.7.246-9618+[2a07-8500-120-e070--3f6]-9618&alias=taai-007.nikhef.nl&noUDP&sock=schedd_2614_90a7>
...
001 (2588074.000.000) 2025-08-06 18:18:44 Job executing on host: <145.107.4.165:9618?addrs=145.107.4.165-9618+[2a07-8500-120-e070--a5]-9618&alias=wn-pijl-004.nikhef.nl&noUDP&sock=startd_4575_a5df>
	SlotName: slot1_3@wn-pijl-004.nikhef.nl
	AvailableGPUs = { GPUs_GPU_b4269f1d_d802_4078_008d_64d0748b54c7 }
	CondorScratchDir = "/scratch/condor_execute/dir_2347594"
	Cpus = 1
	Disk = 16790397
	GPUs = 1
	GPUs_GPU_b4269f1d_d802_4078_008d_64d0748b54c7 = [ Id = "GPU-b4269f1d-d802-4078-008d-64d0748b54c7"; ClockMhz = 2520.0; Capability = 8.9; CoresPerCU = 128; DeviceName = "NVIDIA L40S"; DeviceUuid = "b4269f1d-d802-4078-008d-64d0748b54c7"; ECCEnabled = true; ComputeUnits = 142; NvidiaDriver = "570.124.06"; DriverVersion = 12.8; DevicePciBusId = "0000:C1:00.0"; GlobalMemoryMb = 45468; MaxSupportedVersion = 12080 ]
	Memory = 16384
...
006 (2588074.000.000) 2025-08-06 18:18:58 Image size of job updated: 678476
	663  -  MemoryUsage of job (MB)
	678476  -  ResidentSetSize of job (KB)
...
006 (2588074.000.000) 2025-08-06 18:23:58 Image size of job updated: 687944
	671  -  MemoryUsage of job (MB)
	686084  -  ResidentSetSize of job (KB)
...
006 (2588074.000.000) 2025-08-06 18:26:56 Image size of job updated: 3306216
	671  -  MemoryUsage of job (MB)
	686084  -  ResidentSetSize of job (KB)
...
005 (2588074.000.000) 2025-08-06 18:26:56 Job terminated.
	(1) Normal termination (return value 0)
		Usr 0 00:08:10, Sys 0 00:00:36  -  Run Remote Usage
		Usr 0 00:00:00, Sys 0 00:00:00  -  Run Local Usage
		Usr 0 00:08:10, Sys 0 00:00:36  -  Total Remote Usage
		Usr 0 00:00:00, Sys 0 00:00:00  -  Total Local Usage
	0  -  Run Bytes Sent By Job
	0  -  Run Bytes Received By Job
	0  -  Total Bytes Sent By Job
	0  -  Total Bytes Received By Job
	Partitionable Resources :    Usage  Request Allocated Assigned
	   Cpus                 :     1.12        1         1 
	   Disk (KB)            : 17500    16777216  16790397 
	   GPUs                 :                 1         1 "GPU-b4269f1d-d802-4078-008d-64d0748b54c7"
	   GpusMemory (MB)      : 35156                       
	   Memory (MB)          :   671       16384     16384 
	   TimeExecute (s)      :   492                       
	   TimeSlotBusy (s)     :   492                       

	Job terminated of its own accord at 2025-08-06T16:26:56Z with exit-code 0.
...
