000 (2589207.000.000) 2025-08-10 12:49:21 Job submitted from host: <145.107.7.246:9618?addrs=145.107.7.246-9618+[2a07-8500-120-e070--3f6]-9618&alias=taai-007.nikhef.nl&noUDP&sock=schedd_2614_90a7>
    DAG Node: run_k
...
001 (2589207.000.000) 2025-08-12 14:36:50 Job executing on host: <145.107.4.168:9618?addrs=145.107.4.168-9618+[2a07-8500-120-e070--a8]-9618&alias=wn-pijl-007.nikhef.nl&noUDP&sock=startd_4419_a519>
	SlotName: slot1_4@wn-pijl-007.nikhef.nl
	AvailableGPUs = {  }
	CondorScratchDir = "/scratch/condor_execute/dir_1309685"
	Cpus = 64
	Disk = 16790397
	GPUs = 0
	Memory = 16384
...
006 (2589207.000.000) 2025-08-12 14:37:04 Image size of job updated: 324912
	318  -  MemoryUsage of job (MB)
	324912  -  ResidentSetSize of job (KB)
...
006 (2589207.000.000) 2025-08-12 14:42:05 Image size of job updated: 1571924
	1536  -  MemoryUsage of job (MB)
	1571924  -  ResidentSetSize of job (KB)
...
006 (2589207.000.000) 2025-08-12 14:47:05 Image size of job updated: 1598264
	1561  -  MemoryUsage of job (MB)
	1598264  -  ResidentSetSize of job (KB)
...
006 (2589207.000.000) 2025-08-12 14:52:05 Image size of job updated: 1609804
	1573  -  MemoryUsage of job (MB)
	1609804  -  ResidentSetSize of job (KB)
...
006 (2589207.000.000) 2025-08-12 14:57:06 Image size of job updated: 1618112
	1581  -  MemoryUsage of job (MB)
	1618112  -  ResidentSetSize of job (KB)
...
006 (2589207.000.000) 2025-08-12 15:02:06 Image size of job updated: 1626772
	1589  -  MemoryUsage of job (MB)
	1626772  -  ResidentSetSize of job (KB)
...
006 (2589207.000.000) 2025-08-12 15:07:06 Image size of job updated: 1632084
	1594  -  MemoryUsage of job (MB)
	1632084  -  ResidentSetSize of job (KB)
...
006 (2589207.000.000) 2025-08-12 15:12:07 Image size of job updated: 1638672
	1601  -  MemoryUsage of job (MB)
	1638672  -  ResidentSetSize of job (KB)
...
006 (2589207.000.000) 2025-08-12 15:17:07 Image size of job updated: 1646972
	1609  -  MemoryUsage of job (MB)
	1646972  -  ResidentSetSize of job (KB)
...
006 (2589207.000.000) 2025-08-12 15:22:07 Image size of job updated: 1651240
	1613  -  MemoryUsage of job (MB)
	1651240  -  ResidentSetSize of job (KB)
...
006 (2589207.000.000) 2025-08-12 15:27:09 Image size of job updated: 1653952
	1616  -  MemoryUsage of job (MB)
	1653952  -  ResidentSetSize of job (KB)
...
006 (2589207.000.000) 2025-08-12 15:32:09 Image size of job updated: 1661600
	1623  -  MemoryUsage of job (MB)
	1661600  -  ResidentSetSize of job (KB)
...
006 (2589207.000.000) 2025-08-12 15:37:09 Image size of job updated: 1663488
	1625  -  MemoryUsage of job (MB)
	1663488  -  ResidentSetSize of job (KB)
...
006 (2589207.000.000) 2025-08-12 15:42:10 Image size of job updated: 2224748
	2171  -  MemoryUsage of job (MB)
	2222724  -  ResidentSetSize of job (KB)
...
006 (2589207.000.000) 2025-08-12 15:47:11 Image size of job updated: 2224748
	2172  -  MemoryUsage of job (MB)
	2224016  -  ResidentSetSize of job (KB)
...
006 (2589207.000.000) 2025-08-12 15:52:11 Image size of job updated: 2225016
	2173  -  MemoryUsage of job (MB)
	2225016  -  ResidentSetSize of job (KB)
...
006 (2589207.000.000) 2025-08-12 15:57:12 Image size of job updated: 2226188
	2175  -  MemoryUsage of job (MB)
	2226188  -  ResidentSetSize of job (KB)
...
006 (2589207.000.000) 2025-08-12 16:02:13 Image size of job updated: 2229240
	2177  -  MemoryUsage of job (MB)
	2229240  -  ResidentSetSize of job (KB)
...
006 (2589207.000.000) 2025-08-12 16:07:13 Image size of job updated: 2230120
	2178  -  MemoryUsage of job (MB)
	2230120  -  ResidentSetSize of job (KB)
...
006 (2589207.000.000) 2025-08-12 16:12:14 Image size of job updated: 2231024
	2179  -  MemoryUsage of job (MB)
	2231024  -  ResidentSetSize of job (KB)
...
006 (2589207.000.000) 2025-08-12 16:17:15 Image size of job updated: 2231924
	2180  -  MemoryUsage of job (MB)
	2231924  -  ResidentSetSize of job (KB)
...
006 (2589207.000.000) 2025-08-12 16:22:15 Image size of job updated: 2233356
	2182  -  MemoryUsage of job (MB)
	2233356  -  ResidentSetSize of job (KB)
...
006 (2589207.000.000) 2025-08-12 16:27:16 Image size of job updated: 2236704
	2185  -  MemoryUsage of job (MB)
	2236704  -  ResidentSetSize of job (KB)
...
006 (2589207.000.000) 2025-08-12 16:32:17 Image size of job updated: 2238552
	2187  -  MemoryUsage of job (MB)
	2238552  -  ResidentSetSize of job (KB)
...
006 (2589207.000.000) 2025-08-12 16:37:17 Image size of job updated: 2242264
	2190  -  MemoryUsage of job (MB)
	2242264  -  ResidentSetSize of job (KB)
...
006 (2589207.000.000) 2025-08-12 16:42:17 Image size of job updated: 2392780
	2326  -  MemoryUsage of job (MB)
	2380884  -  ResidentSetSize of job (KB)
...
006 (2589207.000.000) 2025-08-12 16:47:18 Image size of job updated: 2392780
	2326  -  MemoryUsage of job (MB)
	2381512  -  ResidentSetSize of job (KB)
...
006 (2589207.000.000) 2025-08-12 16:52:18 Image size of job updated: 2392780
	2327  -  MemoryUsage of job (MB)
	2382088  -  ResidentSetSize of job (KB)
...
006 (2589207.000.000) 2025-08-12 16:57:18 Image size of job updated: 2392780
	2329  -  MemoryUsage of job (MB)
	2384200  -  ResidentSetSize of job (KB)
...
006 (2589207.000.000) 2025-08-12 17:02:19 Image size of job updated: 2392780
	2329  -  MemoryUsage of job (MB)
	2384836  -  ResidentSetSize of job (KB)
...
006 (2589207.000.000) 2025-08-12 17:07:19 Image size of job updated: 2392780
	2331  -  MemoryUsage of job (MB)
	2386892  -  ResidentSetSize of job (KB)
...
006 (2589207.000.000) 2025-08-12 17:12:19 Image size of job updated: 2392780
	2332  -  MemoryUsage of job (MB)
	2387620  -  ResidentSetSize of job (KB)
...
006 (2589207.000.000) 2025-08-12 17:17:21 Image size of job updated: 2392780
	2335  -  MemoryUsage of job (MB)
	2390220  -  ResidentSetSize of job (KB)
...
006 (2589207.000.000) 2025-08-12 17:22:21 Image size of job updated: 2392780
	2335  -  MemoryUsage of job (MB)
	2390800  -  ResidentSetSize of job (KB)
...
006 (2589207.000.000) 2025-08-12 17:27:21 Image size of job updated: 2392780
	2336  -  MemoryUsage of job (MB)
	2391620  -  ResidentSetSize of job (KB)
...
006 (2589207.000.000) 2025-08-12 17:32:22 Image size of job updated: 2392780
	2337  -  MemoryUsage of job (MB)
	2392524  -  ResidentSetSize of job (KB)
...
006 (2589207.000.000) 2025-08-12 17:37:23 Image size of job updated: 2392940
	2337  -  MemoryUsage of job (MB)
	2392940  -  ResidentSetSize of job (KB)
...
006 (2589207.000.000) 2025-08-12 17:42:23 Image size of job updated: 2535020
	2380  -  MemoryUsage of job (MB)
	2437016  -  ResidentSetSize of job (KB)
...
006 (2589207.000.000) 2025-08-12 17:47:24 Image size of job updated: 2535020
	2382  -  MemoryUsage of job (MB)
	2438228  -  ResidentSetSize of job (KB)
...
006 (2589207.000.000) 2025-08-12 17:52:25 Image size of job updated: 2535020
	2383  -  MemoryUsage of job (MB)
	2439480  -  ResidentSetSize of job (KB)
...
006 (2589207.000.000) 2025-08-12 17:57:25 Image size of job updated: 2535020
	2383  -  MemoryUsage of job (MB)
	2439920  -  ResidentSetSize of job (KB)
...
006 (2589207.000.000) 2025-08-12 18:02:26 Image size of job updated: 2535020
	2384  -  MemoryUsage of job (MB)
	2440336  -  ResidentSetSize of job (KB)
...
006 (2589207.000.000) 2025-08-12 18:07:27 Image size of job updated: 2535020
	2384  -  MemoryUsage of job (MB)
	2440728  -  ResidentSetSize of job (KB)
...
006 (2589207.000.000) 2025-08-12 18:12:27 Image size of job updated: 2535020
	2385  -  MemoryUsage of job (MB)
	2441680  -  ResidentSetSize of job (KB)
...
006 (2589207.000.000) 2025-08-12 18:17:27 Image size of job updated: 2535020
	2385  -  MemoryUsage of job (MB)
	2442080  -  ResidentSetSize of job (KB)
...
006 (2589207.000.000) 2025-08-12 18:22:28 Image size of job updated: 2535020
	2387  -  MemoryUsage of job (MB)
	2443360  -  ResidentSetSize of job (KB)
...
006 (2589207.000.000) 2025-08-12 18:27:28 Image size of job updated: 2535020
	2388  -  MemoryUsage of job (MB)
	2444992  -  ResidentSetSize of job (KB)
...
006 (2589207.000.000) 2025-08-12 18:32:28 Image size of job updated: 2535020
	2389  -  MemoryUsage of job (MB)
	2445316  -  ResidentSetSize of job (KB)
...
006 (2589207.000.000) 2025-08-12 18:37:29 Image size of job updated: 2535020
	2389  -  MemoryUsage of job (MB)
	2445724  -  ResidentSetSize of job (KB)
...
006 (2589207.000.000) 2025-08-12 18:42:30 Image size of job updated: 2623892
	2454  -  MemoryUsage of job (MB)
	2512160  -  ResidentSetSize of job (KB)
...
006 (2589207.000.000) 2025-08-12 18:47:30 Image size of job updated: 2623892
	2454  -  MemoryUsage of job (MB)
	2512480  -  ResidentSetSize of job (KB)
...
006 (2589207.000.000) 2025-08-12 18:52:31 Image size of job updated: 2623892
	2454  -  MemoryUsage of job (MB)
	2512796  -  ResidentSetSize of job (KB)
...
006 (2589207.000.000) 2025-08-12 18:57:32 Image size of job updated: 2623892
	2455  -  MemoryUsage of job (MB)
	2513104  -  ResidentSetSize of job (KB)
...
006 (2589207.000.000) 2025-08-12 19:02:32 Image size of job updated: 2623892
	2455  -  MemoryUsage of job (MB)
	2513448  -  ResidentSetSize of job (KB)
...
006 (2589207.000.000) 2025-08-12 19:07:33 Image size of job updated: 2623892
	2455  -  MemoryUsage of job (MB)
	2513784  -  ResidentSetSize of job (KB)
...
006 (2589207.000.000) 2025-08-12 19:12:34 Image size of job updated: 2623892
	2456  -  MemoryUsage of job (MB)
	2514080  -  ResidentSetSize of job (KB)
...
006 (2589207.000.000) 2025-08-12 19:17:34 Image size of job updated: 2623892
	2456  -  MemoryUsage of job (MB)
	2514408  -  ResidentSetSize of job (KB)
...
006 (2589207.000.000) 2025-08-12 19:22:35 Image size of job updated: 2623892
	2456  -  MemoryUsage of job (MB)
	2514708  -  ResidentSetSize of job (KB)
...
006 (2589207.000.000) 2025-08-12 19:27:36 Image size of job updated: 2623892
	2457  -  MemoryUsage of job (MB)
	2515012  -  ResidentSetSize of job (KB)
...
006 (2589207.000.000) 2025-08-12 19:32:36 Image size of job updated: 2623892
	2458  -  MemoryUsage of job (MB)
	2516416  -  ResidentSetSize of job (KB)
...
006 (2589207.000.000) 2025-08-12 19:37:37 Image size of job updated: 2623892
	2458  -  MemoryUsage of job (MB)
	2516852  -  ResidentSetSize of job (KB)
...
006 (2589207.000.000) 2025-08-12 19:42:38 Image size of job updated: 2683424
	2508  -  MemoryUsage of job (MB)
	2568140  -  ResidentSetSize of job (KB)
...
006 (2589207.000.000) 2025-08-12 19:47:38 Image size of job updated: 2683424
	2509  -  MemoryUsage of job (MB)
	2568460  -  ResidentSetSize of job (KB)
...
006 (2589207.000.000) 2025-08-12 19:52:38 Image size of job updated: 2683424
	2509  -  MemoryUsage of job (MB)
	2568744  -  ResidentSetSize of job (KB)
...
006 (2589207.000.000) 2025-08-12 19:57:39 Image size of job updated: 2683424
	2509  -  MemoryUsage of job (MB)
	2569060  -  ResidentSetSize of job (KB)
...
006 (2589207.000.000) 2025-08-12 20:02:39 Image size of job updated: 2683424
	2510  -  MemoryUsage of job (MB)
	2569344  -  ResidentSetSize of job (KB)
...
006 (2589207.000.000) 2025-08-12 20:07:39 Image size of job updated: 2683424
	2510  -  MemoryUsage of job (MB)
	2569612  -  ResidentSetSize of job (KB)
...
006 (2589207.000.000) 2025-08-12 20:12:40 Image size of job updated: 2683424
	2510  -  MemoryUsage of job (MB)
	2569868  -  ResidentSetSize of job (KB)
...
006 (2589207.000.000) 2025-08-12 20:17:40 Image size of job updated: 2683424
	2510  -  MemoryUsage of job (MB)
	2570100  -  ResidentSetSize of job (KB)
...
006 (2589207.000.000) 2025-08-12 20:22:40 Image size of job updated: 2683424
	2511  -  MemoryUsage of job (MB)
	2570380  -  ResidentSetSize of job (KB)
...
006 (2589207.000.000) 2025-08-12 20:27:41 Image size of job updated: 2683424
	2511  -  MemoryUsage of job (MB)
	2570660  -  ResidentSetSize of job (KB)
...
006 (2589207.000.000) 2025-08-12 20:32:41 Image size of job updated: 2683424
	2511  -  MemoryUsage of job (MB)
	2570952  -  ResidentSetSize of job (KB)
...
006 (2589207.000.000) 2025-08-12 20:37:41 Image size of job updated: 2683424
	2511  -  MemoryUsage of job (MB)
	2571192  -  ResidentSetSize of job (KB)
...
006 (2589207.000.000) 2025-08-12 20:42:42 Image size of job updated: 2775652
	2711  -  MemoryUsage of job (MB)
	2775652  -  ResidentSetSize of job (KB)
...
006 (2589207.000.000) 2025-08-12 20:47:43 Image size of job updated: 2775740
	2711  -  MemoryUsage of job (MB)
	2775704  -  ResidentSetSize of job (KB)
...
006 (2589207.000.000) 2025-08-12 21:47:49 Image size of job updated: 2804300
	2711  -  MemoryUsage of job (MB)
	2775704  -  ResidentSetSize of job (KB)
...
006 (2589207.000.000) 2025-08-12 22:47:54 Image size of job updated: 2811620
	2711  -  MemoryUsage of job (MB)
	2775704  -  ResidentSetSize of job (KB)
...
006 (2589207.000.000) 2025-08-12 23:48:01 Image size of job updated: 2942860
	2711  -  MemoryUsage of job (MB)
	2775704  -  ResidentSetSize of job (KB)
...
006 (2589207.000.000) 2025-08-13 01:01:50 Image size of job updated: 2976424
	2711  -  MemoryUsage of job (MB)
	2775704  -  ResidentSetSize of job (KB)
...
005 (2589207.000.000) 2025-08-13 01:01:50 Job terminated.
	(1) Normal termination (return value 0)
		Usr 17 22:23:14, Sys 0 00:06:27  -  Run Remote Usage
		Usr 0 00:00:00, Sys 0 00:00:00  -  Run Local Usage
		Usr 17 22:23:14, Sys 0 00:06:27  -  Total Remote Usage
		Usr 0 00:00:00, Sys 0 00:00:00  -  Total Local Usage
	0  -  Run Bytes Sent By Job
	0  -  Run Bytes Received By Job
	0  -  Total Bytes Sent By Job
	0  -  Total Bytes Received By Job
	Partitionable Resources :    Usage  Request Allocated 
	   Cpus                 :     2.02       64        64 
	   Disk (KB)            : 17500    16777216  16790397 
	   GPUs                 :                           0 
	   Memory (MB)          :  2711       16384     16384 
	   TimeExecute (s)      : 37500                       
	   TimeSlotBusy (s)     : 37500                       

	Job terminated of its own accord at 2025-08-12T23:01:50Z with exit-code 0.
...
