000 (2568354.000.000) 2025-07-28 23:23:33 Job submitted from host: <145.107.7.246:9618?addrs=145.107.7.246-9618+[2a07-8500-120-e070--3f6]-9618&alias=taai-007.nikhef.nl&noUDP&sock=schedd_2614_90a7>
    DAG Node: run_e
...
001 (2568354.000.000) 2025-07-28 23:24:00 Job executing on host: <145.107.4.164:9618?addrs=145.107.4.164-9618+[2a07-8500-120-e070--a4]-9618&alias=wn-pijl-003.nikhef.nl&noUDP&sock=startd_4461_7413>
	SlotName: slot1_11@wn-pijl-003.nikhef.nl
	AvailableGPUs = {  }
	CondorScratchDir = "/scratch/condor_execute/dir_2725999"
	Cpus = 64
	Disk = 16790397
	GPUs = 0
	Memory = 16384
...
006 (2568354.000.000) 2025-07-28 23:24:13 Image size of job updated: 483188
	472  -  MemoryUsage of job (MB)
	483188  -  ResidentSetSize of job (KB)
...
006 (2568354.000.000) 2025-07-28 23:29:13 Image size of job updated: 3418968
	3338  -  MemoryUsage of job (MB)
	3417140  -  ResidentSetSize of job (KB)
...
006 (2568354.000.000) 2025-07-28 23:34:14 Image size of job updated: 3418968
	3339  -  MemoryUsage of job (MB)
	3418212  -  ResidentSetSize of job (KB)
...
006 (2568354.000.000) 2025-07-28 23:39:15 Image size of job updated: 3419124
	3339  -  MemoryUsage of job (MB)
	3419124  -  ResidentSetSize of job (KB)
...
006 (2568354.000.000) 2025-07-28 23:44:15 Image size of job updated: 3435056
	3355  -  MemoryUsage of job (MB)
	3435056  -  ResidentSetSize of job (KB)
...
006 (2568354.000.000) 2025-07-28 23:49:16 Image size of job updated: 3435732
	3356  -  MemoryUsage of job (MB)
	3435732  -  ResidentSetSize of job (KB)
...
006 (2568354.000.000) 2025-07-28 23:54:17 Image size of job updated: 3436480
	3356  -  MemoryUsage of job (MB)
	3436480  -  ResidentSetSize of job (KB)
...
006 (2568354.000.000) 2025-07-28 23:59:17 Image size of job updated: 3438168
	3358  -  MemoryUsage of job (MB)
	3438168  -  ResidentSetSize of job (KB)
...
006 (2568354.000.000) 2025-07-29 00:04:18 Image size of job updated: 3438916
	3359  -  MemoryUsage of job (MB)
	3438916  -  ResidentSetSize of job (KB)
...
006 (2568354.000.000) 2025-07-29 00:09:19 Image size of job updated: 3439732
	3360  -  MemoryUsage of job (MB)
	3439732  -  ResidentSetSize of job (KB)
...
006 (2568354.000.000) 2025-07-29 00:14:19 Image size of job updated: 3440320
	3360  -  MemoryUsage of job (MB)
	3440320  -  ResidentSetSize of job (KB)
...
006 (2568354.000.000) 2025-07-29 00:19:20 Image size of job updated: 3440972
	3361  -  MemoryUsage of job (MB)
	3440972  -  ResidentSetSize of job (KB)
...
006 (2568354.000.000) 2025-07-29 00:24:21 Image size of job updated: 3441500
	3361  -  MemoryUsage of job (MB)
	3441500  -  ResidentSetSize of job (KB)
...
006 (2568354.000.000) 2025-07-29 00:29:21 Image size of job updated: 3811620
	3723  -  MemoryUsage of job (MB)
	3811620  -  ResidentSetSize of job (KB)
...
006 (2568354.000.000) 2025-07-29 00:34:22 Image size of job updated: 3812116
	3723  -  MemoryUsage of job (MB)
	3812116  -  ResidentSetSize of job (KB)
...
006 (2568354.000.000) 2025-07-29 00:39:23 Image size of job updated: 3812552
	3724  -  MemoryUsage of job (MB)
	3812552  -  ResidentSetSize of job (KB)
...
006 (2568354.000.000) 2025-07-29 00:44:23 Image size of job updated: 3812972
	3724  -  MemoryUsage of job (MB)
	3812972  -  ResidentSetSize of job (KB)
...
006 (2568354.000.000) 2025-07-29 00:49:24 Image size of job updated: 3813472
	3725  -  MemoryUsage of job (MB)
	3813472  -  ResidentSetSize of job (KB)
...
006 (2568354.000.000) 2025-07-29 00:54:24 Image size of job updated: 3813852
	3725  -  MemoryUsage of job (MB)
	3813852  -  ResidentSetSize of job (KB)
...
006 (2568354.000.000) 2025-07-29 00:59:24 Image size of job updated: 3814132
	3725  -  MemoryUsage of job (MB)
	3814132  -  ResidentSetSize of job (KB)
...
006 (2568354.000.000) 2025-07-29 01:04:25 Image size of job updated: 3814516
	3726  -  MemoryUsage of job (MB)
	3814516  -  ResidentSetSize of job (KB)
...
006 (2568354.000.000) 2025-07-29 01:09:25 Image size of job updated: 3814832
	3726  -  MemoryUsage of job (MB)
	3814832  -  ResidentSetSize of job (KB)
...
006 (2568354.000.000) 2025-07-29 01:14:25 Image size of job updated: 3815092
	3726  -  MemoryUsage of job (MB)
	3815092  -  ResidentSetSize of job (KB)
...
006 (2568354.000.000) 2025-07-29 01:19:26 Image size of job updated: 3815376
	3726  -  MemoryUsage of job (MB)
	3815376  -  ResidentSetSize of job (KB)
...
006 (2568354.000.000) 2025-07-29 01:24:26 Image size of job updated: 3815644
	3727  -  MemoryUsage of job (MB)
	3815644  -  ResidentSetSize of job (KB)
...
006 (2568354.000.000) 2025-07-29 01:29:26 Image size of job updated: 3892580
	3802  -  MemoryUsage of job (MB)
	3892580  -  ResidentSetSize of job (KB)
...
006 (2568354.000.000) 2025-07-29 01:34:27 Image size of job updated: 3892808
	3802  -  MemoryUsage of job (MB)
	3892808  -  ResidentSetSize of job (KB)
...
006 (2568354.000.000) 2025-07-29 01:39:27 Image size of job updated: 3892976
	3802  -  MemoryUsage of job (MB)
	3892976  -  ResidentSetSize of job (KB)
...
006 (2568354.000.000) 2025-07-29 01:44:27 Image size of job updated: 3893192
	3802  -  MemoryUsage of job (MB)
	3893192  -  ResidentSetSize of job (KB)
...
006 (2568354.000.000) 2025-07-29 01:49:28 Image size of job updated: 3893404
	3803  -  MemoryUsage of job (MB)
	3893404  -  ResidentSetSize of job (KB)
...
006 (2568354.000.000) 2025-07-29 01:54:28 Image size of job updated: 3893540
	3803  -  MemoryUsage of job (MB)
	3893540  -  ResidentSetSize of job (KB)
...
006 (2568354.000.000) 2025-07-29 01:59:28 Image size of job updated: 3893728
	3803  -  MemoryUsage of job (MB)
	3893728  -  ResidentSetSize of job (KB)
...
006 (2568354.000.000) 2025-07-29 02:04:29 Image size of job updated: 3893960
	3803  -  MemoryUsage of job (MB)
	3893960  -  ResidentSetSize of job (KB)
...
006 (2568354.000.000) 2025-07-29 02:09:29 Image size of job updated: 3894148
	3803  -  MemoryUsage of job (MB)
	3894148  -  ResidentSetSize of job (KB)
...
006 (2568354.000.000) 2025-07-29 02:14:30 Image size of job updated: 3894292
	3804  -  MemoryUsage of job (MB)
	3894292  -  ResidentSetSize of job (KB)
...
006 (2568354.000.000) 2025-07-29 02:19:31 Image size of job updated: 3894432
	3804  -  MemoryUsage of job (MB)
	3894432  -  ResidentSetSize of job (KB)
...
006 (2568354.000.000) 2025-07-29 02:24:31 Image size of job updated: 3894616
	3804  -  MemoryUsage of job (MB)
	3894616  -  ResidentSetSize of job (KB)
...
006 (2568354.000.000) 2025-07-29 02:29:32 Image size of job updated: 3926224
	3832  -  MemoryUsage of job (MB)
	3923324  -  ResidentSetSize of job (KB)
...
006 (2568354.000.000) 2025-07-29 02:34:33 Image size of job updated: 3926224
	3832  -  MemoryUsage of job (MB)
	3923496  -  ResidentSetSize of job (KB)
...
006 (2568354.000.000) 2025-07-29 02:39:33 Image size of job updated: 3926224
	3832  -  MemoryUsage of job (MB)
	3923676  -  ResidentSetSize of job (KB)
...
006 (2568354.000.000) 2025-07-29 02:44:34 Image size of job updated: 3926224
	3832  -  MemoryUsage of job (MB)
	3923880  -  ResidentSetSize of job (KB)
...
006 (2568354.000.000) 2025-07-29 02:49:35 Image size of job updated: 3926224
	3833  -  MemoryUsage of job (MB)
	3923984  -  ResidentSetSize of job (KB)
...
006 (2568354.000.000) 2025-07-29 02:54:35 Image size of job updated: 3926224
	3833  -  MemoryUsage of job (MB)
	3924140  -  ResidentSetSize of job (KB)
...
006 (2568354.000.000) 2025-07-29 02:59:36 Image size of job updated: 3926224
	3833  -  MemoryUsage of job (MB)
	3924296  -  ResidentSetSize of job (KB)
...
006 (2568354.000.000) 2025-07-29 03:04:37 Image size of job updated: 3926224
	3833  -  MemoryUsage of job (MB)
	3924464  -  ResidentSetSize of job (KB)
...
006 (2568354.000.000) 2025-07-29 03:09:37 Image size of job updated: 3926224
	3833  -  MemoryUsage of job (MB)
	3924564  -  ResidentSetSize of job (KB)
...
006 (2568354.000.000) 2025-07-29 03:14:38 Image size of job updated: 3926224
	3833  -  MemoryUsage of job (MB)
	3924656  -  ResidentSetSize of job (KB)
...
006 (2568354.000.000) 2025-07-29 03:19:39 Image size of job updated: 3926224
	3833  -  MemoryUsage of job (MB)
	3924776  -  ResidentSetSize of job (KB)
...
006 (2568354.000.000) 2025-07-29 03:24:39 Image size of job updated: 3926224
	3833  -  MemoryUsage of job (MB)
	3924892  -  ResidentSetSize of job (KB)
...
006 (2568354.000.000) 2025-07-29 03:29:40 Image size of job updated: 3947100
	3844  -  MemoryUsage of job (MB)
	3935504  -  ResidentSetSize of job (KB)
...
006 (2568354.000.000) 2025-07-29 03:34:40 Image size of job updated: 3947100
	3844  -  MemoryUsage of job (MB)
	3935576  -  ResidentSetSize of job (KB)
...
006 (2568354.000.000) 2025-07-29 04:29:44 Image size of job updated: 3968684
	3876  -  MemoryUsage of job (MB)
	3968684  -  ResidentSetSize of job (KB)
...
006 (2568354.000.000) 2025-07-29 04:34:44 Image size of job updated: 3968788
	3876  -  MemoryUsage of job (MB)
	3968684  -  ResidentSetSize of job (KB)
...
006 (2568354.000.000) 2025-07-29 05:19:49 Image size of job updated: 3979560
	3887  -  MemoryUsage of job (MB)
	3979560  -  ResidentSetSize of job (KB)
...
006 (2568354.000.000) 2025-07-29 05:24:50 Image size of job updated: 3979596
	3887  -  MemoryUsage of job (MB)
	3979596  -  ResidentSetSize of job (KB)
...
006 (2568354.000.000) 2025-07-29 05:29:51 Image size of job updated: 4001080
	3903  -  MemoryUsage of job (MB)
	3995964  -  ResidentSetSize of job (KB)
...
006 (2568354.000.000) 2025-07-29 05:39:52 Image size of job updated: 4008308
	3915  -  MemoryUsage of job (MB)
	4008308  -  ResidentSetSize of job (KB)
...
006 (2568354.000.000) 2025-07-29 05:44:52 Image size of job updated: 4008352
	3915  -  MemoryUsage of job (MB)
	4008352  -  ResidentSetSize of job (KB)
...
006 (2568354.000.000) 2025-07-29 05:49:52 Image size of job updated: 4021648
	3928  -  MemoryUsage of job (MB)
	4021648  -  ResidentSetSize of job (KB)
...
006 (2568354.000.000) 2025-07-29 05:54:53 Image size of job updated: 4021692
	3928  -  MemoryUsage of job (MB)
	4021692  -  ResidentSetSize of job (KB)
...
006 (2568354.000.000) 2025-07-29 05:59:53 Image size of job updated: 4022740
	3929  -  MemoryUsage of job (MB)
	4022740  -  ResidentSetSize of job (KB)
...
006 (2568354.000.000) 2025-07-29 06:04:53 Image size of job updated: 4035028
	3941  -  MemoryUsage of job (MB)
	4035028  -  ResidentSetSize of job (KB)
...
006 (2568354.000.000) 2025-07-29 06:09:54 Image size of job updated: 4035104
	3941  -  MemoryUsage of job (MB)
	4035104  -  ResidentSetSize of job (KB)
...
006 (2568354.000.000) 2025-07-29 06:14:54 Image size of job updated: 4048412
	3954  -  MemoryUsage of job (MB)
	4048412  -  ResidentSetSize of job (KB)
...
006 (2568354.000.000) 2025-07-29 06:19:55 Image size of job updated: 4061688
	3967  -  MemoryUsage of job (MB)
	4061688  -  ResidentSetSize of job (KB)
...
006 (2568354.000.000) 2025-07-29 06:24:56 Image size of job updated: 4061744
	3967  -  MemoryUsage of job (MB)
	4061744  -  ResidentSetSize of job (KB)
...
006 (2568354.000.000) 2025-07-29 06:29:56 Image size of job updated: 4102064
	3993  -  MemoryUsage of job (MB)
	4088504  -  ResidentSetSize of job (KB)
...
006 (2568354.000.000) 2025-07-29 06:39:58 Image size of job updated: 4102064
	3993  -  MemoryUsage of job (MB)
	4088532  -  ResidentSetSize of job (KB)
...
006 (2568354.000.000) 2025-07-29 06:44:58 Image size of job updated: 4102064
	4005  -  MemoryUsage of job (MB)
	4100828  -  ResidentSetSize of job (KB)
...
006 (2568354.000.000) 2025-07-29 06:49:59 Image size of job updated: 4102064
	4005  -  MemoryUsage of job (MB)
	4100896  -  ResidentSetSize of job (KB)
...
006 (2568354.000.000) 2025-07-29 06:55:00 Image size of job updated: 4114176
	4018  -  MemoryUsage of job (MB)
	4114176  -  ResidentSetSize of job (KB)
...
006 (2568354.000.000) 2025-07-29 07:00:00 Image size of job updated: 4114236
	4018  -  MemoryUsage of job (MB)
	4114236  -  ResidentSetSize of job (KB)
...
006 (2568354.000.000) 2025-07-29 07:05:01 Image size of job updated: 4127528
	4031  -  MemoryUsage of job (MB)
	4127528  -  ResidentSetSize of job (KB)
...
006 (2568354.000.000) 2025-07-29 07:10:01 Image size of job updated: 4127556
	4031  -  MemoryUsage of job (MB)
	4127556  -  ResidentSetSize of job (KB)
...
006 (2568354.000.000) 2025-07-29 07:15:01 Image size of job updated: 4140852
	4044  -  MemoryUsage of job (MB)
	4140852  -  ResidentSetSize of job (KB)
...
006 (2568354.000.000) 2025-07-29 07:20:02 Image size of job updated: 4140900
	4044  -  MemoryUsage of job (MB)
	4140900  -  ResidentSetSize of job (KB)
...
006 (2568354.000.000) 2025-07-29 07:25:02 Image size of job updated: 4154164
	4057  -  MemoryUsage of job (MB)
	4154164  -  ResidentSetSize of job (KB)
...
006 (2568354.000.000) 2025-07-29 07:30:02 Image size of job updated: 4154220
	4057  -  MemoryUsage of job (MB)
	4154220  -  ResidentSetSize of job (KB)
...
006 (2568354.000.000) 2025-07-29 07:35:03 Image size of job updated: 4184308
	4069  -  MemoryUsage of job (MB)
	4166284  -  ResidentSetSize of job (KB)
...
006 (2568354.000.000) 2025-07-29 07:40:03 Image size of job updated: 4184308
	4081  -  MemoryUsage of job (MB)
	4178580  -  ResidentSetSize of job (KB)
...
006 (2568354.000.000) 2025-07-29 07:45:04 Image size of job updated: 4184308
	4081  -  MemoryUsage of job (MB)
	4178616  -  ResidentSetSize of job (KB)
...
006 (2568354.000.000) 2025-07-29 07:50:05 Image size of job updated: 4191888
	4094  -  MemoryUsage of job (MB)
	4191888  -  ResidentSetSize of job (KB)
...
006 (2568354.000.000) 2025-07-29 07:55:05 Image size of job updated: 4191920
	4094  -  MemoryUsage of job (MB)
	4191920  -  ResidentSetSize of job (KB)
...
006 (2568354.000.000) 2025-07-29 08:00:06 Image size of job updated: 4205200
	4107  -  MemoryUsage of job (MB)
	4205200  -  ResidentSetSize of job (KB)
...
006 (2568354.000.000) 2025-07-29 08:05:07 Image size of job updated: 4205232
	4107  -  MemoryUsage of job (MB)
	4205232  -  ResidentSetSize of job (KB)
...
006 (2568354.000.000) 2025-07-29 08:10:07 Image size of job updated: 4218512
	4120  -  MemoryUsage of job (MB)
	4218512  -  ResidentSetSize of job (KB)
...
006 (2568354.000.000) 2025-07-29 08:15:08 Image size of job updated: 4218568
	4120  -  MemoryUsage of job (MB)
	4218568  -  ResidentSetSize of job (KB)
...
006 (2568354.000.000) 2025-07-29 08:20:09 Image size of job updated: 4231872
	4133  -  MemoryUsage of job (MB)
	4231872  -  ResidentSetSize of job (KB)
...
006 (2568354.000.000) 2025-07-29 08:25:09 Image size of job updated: 4231932
	4133  -  MemoryUsage of job (MB)
	4231932  -  ResidentSetSize of job (KB)
...
006 (2568354.000.000) 2025-07-29 08:30:11 Image size of job updated: 4232960
	4134  -  MemoryUsage of job (MB)
	4232960  -  ResidentSetSize of job (KB)
...
006 (2568354.000.000) 2025-07-29 08:35:10 Image size of job updated: 4245232
	4134  -  MemoryUsage of job (MB)
	4232960  -  ResidentSetSize of job (KB)
...
006 (2568354.000.000) 2025-07-29 08:40:10 Image size of job updated: 4245232
	4144  -  MemoryUsage of job (MB)
	4243176  -  ResidentSetSize of job (KB)
...
006 (2568354.000.000) 2025-07-29 08:45:11 Image size of job updated: 4245232
	4145  -  MemoryUsage of job (MB)
	4244216  -  ResidentSetSize of job (KB)
...
006 (2568354.000.000) 2025-07-29 08:50:11 Image size of job updated: 4256496
	4157  -  MemoryUsage of job (MB)
	4256496  -  ResidentSetSize of job (KB)
...
006 (2568354.000.000) 2025-07-29 08:55:11 Image size of job updated: 4269800
	4170  -  MemoryUsage of job (MB)
	4269800  -  ResidentSetSize of job (KB)
...
006 (2568354.000.000) 2025-07-29 09:00:12 Image size of job updated: 4279432
	4180  -  MemoryUsage of job (MB)
	4279432  -  ResidentSetSize of job (KB)
...
006 (2568354.000.000) 2025-07-29 09:05:12 Image size of job updated: 4283108
	4183  -  MemoryUsage of job (MB)
	4283108  -  ResidentSetSize of job (KB)
...
006 (2568354.000.000) 2025-07-29 09:10:12 Image size of job updated: 4283140
	4183  -  MemoryUsage of job (MB)
	4283140  -  ResidentSetSize of job (KB)
...
006 (2568354.000.000) 2025-07-29 09:15:13 Image size of job updated: 4283192
	4183  -  MemoryUsage of job (MB)
	4283192  -  ResidentSetSize of job (KB)
...
006 (2568354.000.000) 2025-07-29 09:20:13 Image size of job updated: 4283228
	4183  -  MemoryUsage of job (MB)
	4283228  -  ResidentSetSize of job (KB)
...
006 (2568354.000.000) 2025-07-29 09:25:13 Image size of job updated: 4283276
	4183  -  MemoryUsage of job (MB)
	4283276  -  ResidentSetSize of job (KB)
...
006 (2568354.000.000) 2025-07-29 09:30:14 Image size of job updated: 4283296
	4183  -  MemoryUsage of job (MB)
	4283296  -  ResidentSetSize of job (KB)
...
006 (2568354.000.000) 2025-07-29 09:35:14 Image size of job updated: 4379608
	4230  -  MemoryUsage of job (MB)
	4331216  -  ResidentSetSize of job (KB)
...
006 (2568354.000.000) 2025-07-29 09:40:15 Image size of job updated: 4379608
	4230  -  MemoryUsage of job (MB)
	4331256  -  ResidentSetSize of job (KB)
...
006 (2568354.000.000) 2025-07-29 10:40:21 Image size of job updated: 4417340
	4254  -  MemoryUsage of job (MB)
	4355304  -  ResidentSetSize of job (KB)
...
006 (2568354.000.000) 2025-07-29 10:45:21 Image size of job updated: 4417340
	4254  -  MemoryUsage of job (MB)
	4355344  -  ResidentSetSize of job (KB)
...
006 (2568354.000.000) 2025-07-29 11:40:28 Image size of job updated: 4417340
	4269  -  MemoryUsage of job (MB)
	4371140  -  ResidentSetSize of job (KB)
...
006 (2568354.000.000) 2025-07-29 11:45:28 Image size of job updated: 4417340
	4269  -  MemoryUsage of job (MB)
	4371184  -  ResidentSetSize of job (KB)
...
006 (2568354.000.000) 2025-07-29 11:50:29 Image size of job updated: 4417340
	4269  -  MemoryUsage of job (MB)
	4371220  -  ResidentSetSize of job (KB)
...
006 (2568354.000.000) 2025-07-29 11:55:29 Image size of job updated: 4417340
	4269  -  MemoryUsage of job (MB)
	4371252  -  ResidentSetSize of job (KB)
...
006 (2568354.000.000) 2025-07-29 12:00:29 Image size of job updated: 4417340
	4269  -  MemoryUsage of job (MB)
	4371292  -  ResidentSetSize of job (KB)
...
006 (2568354.000.000) 2025-07-29 12:05:30 Image size of job updated: 4417340
	4269  -  MemoryUsage of job (MB)
	4371324  -  ResidentSetSize of job (KB)
...
006 (2568354.000.000) 2025-07-29 12:10:10 Image size of job updated: 4473380
	4269  -  MemoryUsage of job (MB)
	4371324  -  ResidentSetSize of job (KB)
...
005 (2568354.000.000) 2025-07-29 12:10:10 Job terminated.
	(1) Normal termination (return value 0)
		Usr 21 20:56:05, Sys 0 00:05:15  -  Run Remote Usage
		Usr 0 00:00:00, Sys 0 00:00:00  -  Run Local Usage
		Usr 21 20:56:05, Sys 0 00:05:15  -  Total Remote Usage
		Usr 0 00:00:00, Sys 0 00:00:00  -  Total Local Usage
	0  -  Run Bytes Sent By Job
	0  -  Run Bytes Received By Job
	0  -  Total Bytes Sent By Job
	0  -  Total Bytes Received By Job
	Partitionable Resources :    Usage  Request Allocated 
	   Cpus                 :     2.04       64        64 
	   Disk (KB)            : 17500    16777216  16790397 
	   GPUs                 :                           0 
	   Memory (MB)          :  4269       16384     16384 
	   TimeExecute (s)      : 45970                       
	   TimeSlotBusy (s)     : 45971                       

	Job terminated of its own accord at 2025-07-29T10:10:10Z with exit-code 0.
...
