self.parameters_ref
{'chirp_mass': 1.4867900781724532, 'mass_ratio': 0.9050172763783242, 'luminosity_distance': 170.12293668851825, 'a_1': 0.026740533729350032, 'a_2': 0.026531453845731346, 'tilt_1': 1.0778978878771508, 'tilt_2': 1.1280732548151633, 'phi_12': 3.1399614036707786, 'phi_jl': 3.098408796747226, 'dec': -0.13270250775319825, 'ra': 1.4405869049377487, 'theta_jn': 0.7142783555076156, 'psi': 1.556484993441145, 'phase': 2.9396355278156534, 'geocent_time': 1240215503.017147, 'mass_1': 1.7957063404539406, 'mass_2': 1.6251452614129132, 'mass_1_source': 1.7309992032614339, 'mass_2_source': 1.5665841843487123, 'lambda_1': 0.01, 'lambda_2': 136.8879103326964, 'lambda_tilde': 58.13440080933415, 'delta_lambda_tilde': 24.997782570182032}
223it [0:00:01 bound:0 nc:  1 ncall:1.3e+03 eff:17.4% logz-ratio=-36.17+/-0.06 dlogz:81.621>0.1]
3600it [0:02:11 bound:2 nc:748 ncall:3.7e+04 eff:9.6% logz-ratio=-0.33+/-0.05 dlogz:53.535>0.1]
3662it [0:03:24 bound:3 nc:980 ncall:9.0e+04 eff:4.0% logz-ratio=-0.17+/-0.06 dlogz:53.313>0.1]
3724it [0:04:35 bound:4 nc:715 ncall:1.4e+05 eff:2.6% logz-ratio=-0.01+/-0.06 dlogz:53.090>0.1]
3782it [0:05:48 bound:5 nc:760 ncall:1.9e+05 eff:2.0% logz-ratio=0.15+/-0.06 dlogz:52.878>0.1]
3846it [0:06:58 bound:6 nc:705 ncall:2.5e+05 eff:1.6% logz-ratio=0.33+/-0.06 dlogz:52.631>0.1]
3909it [0:08:09 bound:7 nc:770 ncall:3.0e+05 eff:1.3% logz-ratio=0.52+/-0.06 dlogz:52.379>0.1]
3972it [0:09:16 bound:8 nc:863 ncall:3.5e+05 eff:1.1% logz-ratio=0.71+/-0.06 dlogz:52.124>0.1]
4035it [0:10:28 bound:9 nc:786 ncall:4.0e+05 eff:1.0% logz-ratio=0.92+/-0.06 dlogz:51.860>0.1]
4099it [0:11:34 bound:10 nc:468 ncall:4.5e+05 eff:0.9% logz-ratio=1.13+/-0.06 dlogz:51.586>0.1]
4161it [0:12:34 bound:11 nc:754 ncall:5.0e+05 eff:0.8% logz-ratio=1.34+/-0.06 dlogz:51.313>0.1]
4223it [0:13:41 bound:12 nc:768 ncall:5.5e+05 eff:0.8% logz-ratio=1.56+/-0.06 dlogz:51.030>0.1]
4345it [0:15:41 bound:14 nc:606 ncall:6.4e+05 eff:0.7% logz-ratio=2.01+/-0.06 dlogz:50.460>0.1]
4406it [0:16:42 bound:15 nc:1479 ncall:6.9e+05 eff:0.6% logz-ratio=2.24+/-0.06 dlogz:50.176>0.1]
4526it [0:18:33 bound:17 nc:696 ncall:7.8e+05 eff:0.6% logz-ratio=2.73+/-0.07 dlogz:49.566>0.1]
4589it [0:19:38 bound:18 nc:707 ncall:8.3e+05 eff:0.6% logz-ratio=3.00+/-0.07 dlogz:54.762>0.1]
4651it [0:20:52 bound:19 nc:693 ncall:8.8e+05 eff:0.5% logz-ratio=3.27+/-0.07 dlogz:54.432>0.1]
4714it [0:21:54 bound:20 nc:805 ncall:9.3e+05 eff:0.5% logz-ratio=3.53+/-0.07 dlogz:54.107>0.1]
4838it [0:24:00 bound:22 nc:722 ncall:1.0e+06 eff:0.5% logz-ratio=4.06+/-0.07 dlogz:53.456>0.1]
4902it [0:25:00 bound:23 nc:600 ncall:1.1e+06 eff:0.5% logz-ratio=4.36+/-0.07 dlogz:56.174>0.1]
5025it [0:27:07 bound:25 nc:946 ncall:1.2e+06 eff:0.4% logz-ratio=4.94+/-0.07 dlogz:55.471>0.1]
5085it [0:28:11 bound:26 nc:935 ncall:1.2e+06 eff:0.4% logz-ratio=5.22+/-0.07 dlogz:55.135>0.1]
5149it [0:29:23 bound:27 nc:1040 ncall:1.3e+06 eff:0.4% logz-ratio=5.53+/-0.07 dlogz:54.764>0.1]
5212it [0:30:29 bound:28 nc:758 ncall:1.3e+06 eff:0.4% logz-ratio=5.83+/-0.07 dlogz:54.405>0.1]
5273it [0:31:39 bound:29 nc:864 ncall:1.4e+06 eff:0.4% logz-ratio=6.10+/-0.07 dlogz:54.069>0.1]
5335it [0:32:48 bound:30 nc:919 ncall:1.4e+06 eff:0.4% logz-ratio=6.38+/-0.07 dlogz:53.731>0.1]
5398it [0:33:54 bound:31 nc:631 ncall:1.5e+06 eff:0.4% logz-ratio=6.66+/-0.07 dlogz:57.378>0.1]
5459it [0:34:58 bound:32 nc:857 ncall:1.5e+06 eff:0.4% logz-ratio=6.92+/-0.07 dlogz:57.052>0.1]
5520it [0:36:04 bound:33 nc:1049 ncall:1.6e+06 eff:0.4% logz-ratio=7.19+/-0.07 dlogz:56.723>0.1]
5582it [0:37:09 bound:34 nc:1519 ncall:1.6e+06 eff:0.3% logz-ratio=7.47+/-0.07 dlogz:56.386>0.1]
5706it [0:39:15 bound:36 nc:714 ncall:1.7e+06 eff:0.3% logz-ratio=8.05+/-0.08 dlogz:60.570>0.1]
5769it [0:40:25 bound:37 nc:638 ncall:1.8e+06 eff:0.3% logz-ratio=8.39+/-0.08 dlogz:60.172>0.1]
5830it [0:41:30 bound:38 nc:835 ncall:1.8e+06 eff:0.3% logz-ratio=8.70+/-0.08 dlogz:59.796>0.1]
5892it [0:42:34 bound:39 nc:912 ncall:1.9e+06 eff:0.3% logz-ratio=9.04+/-0.08 dlogz:68.154>0.1]
5956it [0:43:39 bound:40 nc:296 ncall:1.9e+06 eff:0.3% logz-ratio=9.40+/-0.08 dlogz:67.734>0.1]
6018it [0:44:43 bound:41 nc:870 ncall:2.0e+06 eff:0.3% logz-ratio=9.75+/-0.08 dlogz:67.329>0.1]
6079it [0:45:49 bound:42 nc:755 ncall:2.0e+06 eff:0.3% logz-ratio=10.13+/-0.08 dlogz:66.888>0.1]
6143it [0:46:56 bound:43 nc:781 ncall:2.1e+06 eff:0.3% logz-ratio=10.50+/-0.08 dlogz:66.452>0.1]
6205it [0:48:02 bound:44 nc:1655 ncall:2.1e+06 eff:0.3% logz-ratio=10.86+/-0.08 dlogz:66.034>0.1]
6267it [0:49:08 bound:45 nc:1067 ncall:2.2e+06 eff:0.3% logz-ratio=11.27+/-0.08 dlogz:65.564>0.1]
6329it [0:50:18 bound:46 nc:788 ncall:2.2e+06 eff:0.3% logz-ratio=11.69+/-0.08 dlogz:65.084>0.1]
6391it [0:51:25 bound:47 nc:836 ncall:2.3e+06 eff:0.3% logz-ratio=12.14+/-0.08 dlogz:64.577>0.1]
6453it [0:52:27 bound:48 nc:753 ncall:2.4e+06 eff:0.3% logz-ratio=12.60+/-0.08 dlogz:64.057>0.1]
6513it [0:53:38 bound:49 nc:895 ncall:2.4e+06 eff:0.3% logz-ratio=13.02+/-0.08 dlogz:63.571>0.1]
6574it [0:54:43 bound:50 nc:856 ncall:2.5e+06 eff:0.3% logz-ratio=13.50+/-0.08 dlogz:64.649>0.1]
6635it [0:55:58 bound:51 nc:738 ncall:2.5e+06 eff:0.3% logz-ratio=14.00+/-0.09 dlogz:64.087>0.1]
6696it [0:57:00 bound:52 nc:780 ncall:2.6e+06 eff:0.3% logz-ratio=14.53+/-0.09 dlogz:63.501>0.1]
6757it [0:58:04 bound:53 nc:798 ncall:2.6e+06 eff:0.3% logz-ratio=15.04+/-0.09 dlogz:62.930>0.1]
6820it [0:59:09 bound:54 nc:974 ncall:2.7e+06 eff:0.3% logz-ratio=15.55+/-0.09 dlogz:62.353>0.1]
6883it [1:00:11 bound:55 nc:529 ncall:2.7e+06 eff:0.3% logz-ratio=16.07+/-0.09 dlogz:61.771>0.1]
6945it [1:01:22 bound:56 nc:1046 ncall:2.8e+06 eff:0.3% logz-ratio=16.56+/-0.09 dlogz:83.719>0.1]
7007it [1:02:26 bound:57 nc:861 ncall:2.8e+06 eff:0.2% logz-ratio=17.10+/-0.09 dlogz:83.124>0.1]
7069it [1:03:32 bound:58 nc:638 ncall:2.9e+06 eff:0.2% logz-ratio=17.63+/-0.09 dlogz:82.532>0.1]
7131it [1:04:41 bound:59 nc:656 ncall:2.9e+06 eff:0.2% logz-ratio=18.16+/-0.09 dlogz:81.942>0.1]
7192it [1:05:49 bound:60 nc:852 ncall:3.0e+06 eff:0.2% logz-ratio=18.69+/-0.09 dlogz:81.355>0.1]
7252it [1:06:55 bound:61 nc:1716 ncall:3.0e+06 eff:0.2% logz-ratio=19.22+/-0.09 dlogz:80.762>0.1]
7316it [1:08:03 bound:62 nc:962 ncall:3.1e+06 eff:0.2% logz-ratio=19.80+/-0.09 dlogz:80.120>0.1]
7378it [1:09:10 bound:63 nc:955 ncall:3.1e+06 eff:0.2% logz-ratio=20.37+/-0.09 dlogz:79.493>0.1]
7440it [1:10:19 bound:64 nc:805 ncall:3.2e+06 eff:0.2% logz-ratio=20.93+/-0.09 dlogz:78.865>0.1]
7499it [1:11:23 bound:65 nc:1104 ncall:3.2e+06 eff:0.2% logz-ratio=21.58+/-0.09 dlogz:78.162>0.1]
7559it [1:12:28 bound:66 nc:1917 ncall:3.3e+06 eff:0.2% logz-ratio=22.24+/-0.09 dlogz:77.439>0.1]
7623it [1:13:35 bound:67 nc:953 ncall:3.3e+06 eff:0.2% logz-ratio=22.82+/-0.09 dlogz:76.798>0.1]
7684it [1:14:41 bound:68 nc:788 ncall:3.4e+06 eff:0.2% logz-ratio=23.34+/-0.09 dlogz:76.220>0.1]
7747it [1:15:56 bound:69 nc:647 ncall:3.4e+06 eff:0.2% logz-ratio=23.90+/-0.09 dlogz:75.599>0.1]
7811it [1:17:06 bound:70 nc:763 ncall:3.5e+06 eff:0.2% logz-ratio=24.45+/-0.09 dlogz:74.982>0.1]
7872it [1:18:13 bound:71 nc:849 ncall:3.6e+06 eff:0.2% logz-ratio=24.98+/-0.09 dlogz:74.394>0.1]
7933it [1:19:21 bound:72 nc:790 ncall:3.6e+06 eff:0.2% logz-ratio=25.52+/-0.09 dlogz:73.796>0.1]
7996it [1:20:25 bound:73 nc:845 ncall:3.7e+06 eff:0.2% logz-ratio=26.05+/-0.09 dlogz:73.203>0.1]
8059it [1:21:33 bound:74 nc:639 ncall:3.7e+06 eff:0.2% logz-ratio=26.58+/-0.09 dlogz:72.610>0.1]
8183it [1:23:44 bound:76 nc:927 ncall:3.8e+06 eff:0.2% logz-ratio=27.66+/-0.09 dlogz:71.417>0.1]
8247it [1:25:01 bound:77 nc:915 ncall:3.9e+06 eff:0.2% logz-ratio=28.18+/-0.09 dlogz:70.833>0.1]
8306it [1:26:14 bound:78 nc:869 ncall:3.9e+06 eff:0.2% logz-ratio=28.68+/-0.09 dlogz:70.278>0.1]
8369it [1:27:26 bound:79 nc:893 ncall:4.0e+06 eff:0.2% logz-ratio=29.18+/-0.09 dlogz:69.716>0.1]
8431it [1:28:43 bound:80 nc:752 ncall:4.0e+06 eff:0.2% logz-ratio=29.68+/-0.09 dlogz:69.147>0.1]
8494it [1:29:58 bound:81 nc:831 ncall:4.1e+06 eff:0.2% logz-ratio=30.21+/-0.10 dlogz:68.561>0.1]
8556it [1:31:21 bound:82 nc:824 ncall:4.1e+06 eff:0.2% logz-ratio=30.70+/-0.10 dlogz:68.005>0.1]
8619it [1:32:28 bound:83 nc:855 ncall:4.2e+06 eff:0.2% logz-ratio=31.25+/-0.10 dlogz:67.401>0.1]
8682it [1:33:34 bound:84 nc:426 ncall:4.2e+06 eff:0.2% logz-ratio=31.76+/-0.10 dlogz:66.821>0.1]
8744it [1:34:48 bound:85 nc:987 ncall:4.3e+06 eff:0.2% logz-ratio=32.26+/-0.10 dlogz:66.269>0.1]
8806it [1:35:57 bound:86 nc:684 ncall:4.3e+06 eff:0.2% logz-ratio=32.78+/-0.10 dlogz:65.690>0.1]
8868it [1:37:01 bound:87 nc:756 ncall:4.4e+06 eff:0.2% logz-ratio=33.37+/-0.10 dlogz:65.033>0.1]
8931it [1:38:05 bound:88 nc:860 ncall:4.4e+06 eff:0.2% logz-ratio=33.93+/-0.10 dlogz:64.412>0.1]
8994it [1:39:15 bound:89 nc:640 ncall:4.5e+06 eff:0.2% logz-ratio=34.49+/-0.10 dlogz:63.793>0.1]
9054it [1:40:19 bound:90 nc:933 ncall:4.6e+06 eff:0.2% logz-ratio=35.03+/-0.10 dlogz:63.193>0.1]
9117it [1:41:26 bound:91 nc:836 ncall:4.6e+06 eff:0.2% logz-ratio=35.60+/-0.10 dlogz:62.566>0.1]
9181it [1:42:42 bound:92 nc:947 ncall:4.7e+06 eff:0.2% logz-ratio=36.14+/-0.10 dlogz:61.959>0.1]
9243it [1:43:49 bound:93 nc:542 ncall:4.7e+06 eff:0.2% logz-ratio=36.63+/-0.10 dlogz:61.413>0.1]
9306it [1:45:04 bound:94 nc:711 ncall:4.8e+06 eff:0.2% logz-ratio=37.14+/-0.10 dlogz:60.835>0.1]
9367it [1:46:13 bound:95 nc:653 ncall:4.8e+06 eff:0.2% logz-ratio=37.60+/-0.10 dlogz:60.315>0.1]
9429it [1:47:20 bound:96 nc:625 ncall:4.9e+06 eff:0.2% logz-ratio=38.08+/-0.10 dlogz:59.781>0.1]
9491it [1:48:33 bound:97 nc:903 ncall:4.9e+06 eff:0.2% logz-ratio=38.59+/-0.10 dlogz:59.209>0.1]
9555it [1:49:44 bound:98 nc:803 ncall:5.0e+06 eff:0.2% logz-ratio=39.09+/-0.10 dlogz:58.641>0.1]
9618it [1:50:58 bound:99 nc:1001 ncall:5.0e+06 eff:0.2% logz-ratio=39.60+/-0.10 dlogz:58.069>0.1]
9677it [1:52:06 bound:100 nc:1829 ncall:5.1e+06 eff:0.2% logz-ratio=40.12+/-0.10 dlogz:57.499>0.1]
9739it [1:53:15 bound:101 nc:1191 ncall:5.1e+06 eff:0.2% logz-ratio=40.68+/-0.10 dlogz:56.871>0.1]
9799it [1:54:23 bound:102 nc:874 ncall:5.2e+06 eff:0.2% logz-ratio=41.21+/-0.10 dlogz:56.282>0.1]
9861it [1:55:37 bound:103 nc:841 ncall:5.2e+06 eff:0.2% logz-ratio=41.76+/-0.10 dlogz:55.674>0.1]
9924it [1:56:51 bound:104 nc:1123 ncall:5.3e+06 eff:0.2% logz-ratio=42.26+/-0.10 dlogz:55.112>0.1]
9987it [1:58:01 bound:105 nc:624 ncall:5.4e+06 eff:0.2% logz-ratio=42.78+/-0.10 dlogz:54.535>0.1]
10050it [1:59:13 bound:106 nc:814 ncall:5.4e+06 eff:0.2% logz-ratio=43.30+/-0.10 dlogz:53.950>0.1]
10113it [2:00:23 bound:107 nc:968 ncall:5.5e+06 eff:0.2% logz-ratio=43.82+/-0.10 dlogz:53.370>0.1]
10175it [2:01:38 bound:108 nc:638 ncall:5.5e+06 eff:0.2% logz-ratio=44.30+/-0.10 dlogz:52.825>0.1]
10238it [2:02:52 bound:109 nc:721 ncall:5.6e+06 eff:0.2% logz-ratio=44.81+/-0.10 dlogz:52.254>0.1]
10300it [2:03:55 bound:110 nc:827 ncall:5.6e+06 eff:0.2% logz-ratio=45.31+/-0.10 dlogz:51.697>0.1]
10364it [2:05:03 bound:111 nc:785 ncall:5.7e+06 eff:0.2% logz-ratio=45.82+/-0.10 dlogz:51.125>0.1]
10427it [2:06:16 bound:112 nc:756 ncall:5.7e+06 eff:0.2% logz-ratio=46.31+/-0.10 dlogz:50.577>0.1]
10490it [2:07:37 bound:113 nc:398 ncall:5.8e+06 eff:0.2% logz-ratio=46.79+/-0.10 dlogz:50.033>0.1]
10553it [2:08:43 bound:114 nc:513 ncall:5.8e+06 eff:0.2% logz-ratio=47.27+/-0.10 dlogz:49.487>0.1]
10612it [2:09:56 bound:115 nc:923 ncall:5.9e+06 eff:0.2% logz-ratio=47.75+/-0.11 dlogz:48.956>0.1]
10674it [2:11:03 bound:116 nc:484 ncall:5.9e+06 eff:0.2% logz-ratio=48.24+/-0.11 dlogz:48.406>0.1]
10738it [2:12:19 bound:117 nc:904 ncall:6.0e+06 eff:0.2% logz-ratio=48.72+/-0.11 dlogz:47.858>0.1]
10800it [2:13:31 bound:118 nc:692 ncall:6.0e+06 eff:0.2% logz-ratio=49.19+/-0.11 dlogz:47.327>0.1]
10863it [2:14:37 bound:119 nc:722 ncall:6.1e+06 eff:0.2% logz-ratio=49.67+/-0.11 dlogz:46.789>0.1]
10926it [2:15:51 bound:120 nc:728 ncall:6.1e+06 eff:0.2% logz-ratio=50.17+/-0.11 dlogz:46.230>0.1]
10990it [2:17:02 bound:121 nc:860 ncall:6.2e+06 eff:0.2% logz-ratio=50.66+/-0.11 dlogz:45.677>0.1]
11052it [2:18:09 bound:122 nc:582 ncall:6.3e+06 eff:0.2% logz-ratio=51.16+/-0.11 dlogz:45.115>0.1]
11115it [2:19:22 bound:123 nc:603 ncall:6.3e+06 eff:0.2% logz-ratio=51.66+/-0.11 dlogz:44.550>0.1]
11178it [2:20:32 bound:124 nc:736 ncall:6.4e+06 eff:0.2% logz-ratio=52.13+/-0.11 dlogz:44.017>0.1]
11241it [2:21:46 bound:125 nc:728 ncall:6.4e+06 eff:0.2% logz-ratio=52.60+/-0.11 dlogz:45.073>0.1]
11304it [2:22:59 bound:126 nc:983 ncall:6.5e+06 eff:0.2% logz-ratio=53.08+/-0.11 dlogz:44.535>0.1]
11366it [2:24:08 bound:127 nc:912 ncall:6.5e+06 eff:0.2% logz-ratio=53.57+/-0.11 dlogz:43.983>0.1]
11429it [2:25:28 bound:128 nc:1295 ncall:6.6e+06 eff:0.2% logz-ratio=54.04+/-0.11 dlogz:46.693>0.1]
11491it [2:26:41 bound:129 nc:958 ncall:6.6e+06 eff:0.2% logz-ratio=54.45+/-0.11 dlogz:46.220>0.1]
11554it [2:27:57 bound:130 nc:825 ncall:6.7e+06 eff:0.2% logz-ratio=54.86+/-0.11 dlogz:45.751>0.1]
11616it [2:29:20 bound:131 nc:484 ncall:6.7e+06 eff:0.2% logz-ratio=55.27+/-0.11 dlogz:45.285>0.1]
11676it [2:30:35 bound:132 nc:889 ncall:6.8e+06 eff:0.2% logz-ratio=55.69+/-0.11 dlogz:44.810>0.1]
11737it [2:31:53 bound:133 nc:821 ncall:6.8e+06 eff:0.2% logz-ratio=56.12+/-0.11 dlogz:44.320>0.1]
11797it [2:33:09 bound:134 nc:1007 ncall:6.9e+06 eff:0.2% logz-ratio=56.56+/-0.11 dlogz:43.819>0.1]
11857it [2:34:23 bound:135 nc:872 ncall:6.9e+06 eff:0.2% logz-ratio=57.01+/-0.11 dlogz:43.314>0.1]
11919it [2:35:28 bound:136 nc:509 ncall:7.0e+06 eff:0.2% logz-ratio=57.50+/-0.11 dlogz:42.757>0.1]
11977it [2:36:44 bound:137 nc:736 ncall:7.0e+06 eff:0.2% logz-ratio=57.98+/-0.11 dlogz:42.227>0.1]
12040it [2:37:49 bound:138 nc:632 ncall:7.1e+06 eff:0.2% logz-ratio=58.46+/-0.11 dlogz:41.681>0.1]
12099it [2:39:02 bound:139 nc:502 ncall:7.1e+06 eff:0.2% logz-ratio=58.92+/-0.11 dlogz:48.811>0.1]
12159it [2:40:15 bound:140 nc:764 ncall:7.2e+06 eff:0.2% logz-ratio=59.37+/-0.11 dlogz:48.302>0.1]
12221it [2:41:31 bound:141 nc:972 ncall:7.3e+06 eff:0.2% logz-ratio=59.81+/-0.11 dlogz:47.798>0.1]
12284it [2:42:50 bound:142 nc:1010 ncall:7.3e+06 eff:0.2% logz-ratio=60.27+/-0.11 dlogz:47.279>0.1]
12348it [2:44:01 bound:143 nc:836 ncall:7.4e+06 eff:0.2% logz-ratio=60.75+/-0.11 dlogz:46.742>0.1]
12411it [2:45:13 bound:144 nc:816 ncall:7.4e+06 eff:0.2% logz-ratio=61.17+/-0.11 dlogz:46.258>0.1]
12470it [2:46:29 bound:145 nc:887 ncall:7.5e+06 eff:0.2% logz-ratio=61.55+/-0.11 dlogz:45.815>0.1]
12532it [2:47:36 bound:146 nc:756 ncall:7.5e+06 eff:0.2% logz-ratio=61.94+/-0.11 dlogz:45.367>0.1]
12594it [2:48:46 bound:147 nc:1196 ncall:7.6e+06 eff:0.2% logz-ratio=62.34+/-0.11 dlogz:44.906>0.1]
12656it [2:49:55 bound:148 nc:690 ncall:7.6e+06 eff:0.2% logz-ratio=62.76+/-0.11 dlogz:44.423>0.1]
12716it [2:51:03 bound:149 nc:1184 ncall:7.7e+06 eff:0.2% logz-ratio=63.18+/-0.11 dlogz:43.952>0.1]
12777it [2:52:26 bound:150 nc:619 ncall:7.7e+06 eff:0.2% logz-ratio=63.58+/-0.11 dlogz:43.486>0.1]
12839it [2:53:41 bound:151 nc:636 ncall:7.8e+06 eff:0.2% logz-ratio=64.02+/-0.11 dlogz:42.990>0.1]
12902it [2:54:55 bound:152 nc:653 ncall:7.9e+06 eff:0.2% logz-ratio=64.47+/-0.11 dlogz:42.473>0.1]
12964it [2:56:05 bound:153 nc:1047 ncall:7.9e+06 eff:0.2% logz-ratio=64.93+/-0.11 dlogz:41.952>0.1]
13026it [2:57:19 bound:154 nc:1534 ncall:8.0e+06 eff:0.2% logz-ratio=65.39+/-0.12 dlogz:41.433>0.1]
13089it [2:58:31 bound:155 nc:617 ncall:8.0e+06 eff:0.2% logz-ratio=65.85+/-0.12 dlogz:40.910>0.1]
13150it [2:59:41 bound:156 nc:970 ncall:8.1e+06 eff:0.2% logz-ratio=66.31+/-0.12 dlogz:40.396>0.1]
13212it [3:00:58 bound:157 nc:974 ncall:8.1e+06 eff:0.2% logz-ratio=66.73+/-0.12 dlogz:39.912>0.1]
13275it [3:02:20 bound:158 nc:1604 ncall:8.2e+06 eff:0.2% logz-ratio=67.14+/-0.12 dlogz:39.437>0.1]
13335it [3:03:47 bound:159 nc:608 ncall:8.2e+06 eff:0.2% logz-ratio=67.53+/-0.12 dlogz:38.997>0.1]
13398it [3:05:07 bound:160 nc:691 ncall:8.3e+06 eff:0.2% logz-ratio=67.93+/-0.12 dlogz:38.531>0.1]
13459it [3:06:24 bound:161 nc:891 ncall:8.3e+06 eff:0.2% logz-ratio=68.33+/-0.12 dlogz:38.077>0.1]
13522it [3:07:41 bound:162 nc:576 ncall:8.4e+06 eff:0.2% logz-ratio=68.71+/-0.12 dlogz:37.632>0.1]
13585it [3:08:57 bound:163 nc:1107 ncall:8.4e+06 eff:0.2% logz-ratio=69.09+/-0.12 dlogz:37.190>0.1]
13647it [3:10:19 bound:164 nc:685 ncall:8.5e+06 eff:0.2% logz-ratio=69.48+/-0.12 dlogz:36.737>0.1]
13708it [3:11:42 bound:165 nc:892 ncall:8.6e+06 eff:0.2% logz-ratio=69.86+/-0.12 dlogz:36.299>0.1]
13770it [3:12:58 bound:166 nc:626 ncall:8.6e+06 eff:0.2% logz-ratio=70.23+/-0.12 dlogz:35.866>0.1]
13831it [3:14:17 bound:167 nc:1362 ncall:8.7e+06 eff:0.2% logz-ratio=70.59+/-0.12 dlogz:35.445>0.1]
13893it [3:15:32 bound:168 nc:940 ncall:8.7e+06 eff:0.2% logz-ratio=70.96+/-0.12 dlogz:35.017>0.1]
13954it [3:16:49 bound:169 nc:981 ncall:8.8e+06 eff:0.2% logz-ratio=71.32+/-0.12 dlogz:34.603>0.1]
14017it [3:18:01 bound:170 nc:591 ncall:8.8e+06 eff:0.2% logz-ratio=71.66+/-0.12 dlogz:34.195>0.1]
14080it [3:19:13 bound:171 nc:817 ncall:8.9e+06 eff:0.2% logz-ratio=72.01+/-0.12 dlogz:33.789>0.1]
14143it [3:20:38 bound:172 nc:840 ncall:9.0e+06 eff:0.2% logz-ratio=72.34+/-0.12 dlogz:33.389>0.1]
14207it [3:22:05 bound:173 nc:601 ncall:9.0e+06 eff:0.2% logz-ratio=72.68+/-0.12 dlogz:32.994>0.1]
14268it [3:23:31 bound:174 nc:1033 ncall:9.1e+06 eff:0.2% logz-ratio=73.00+/-0.12 dlogz:33.179>0.1]
14328it [3:24:58 bound:175 nc:513 ncall:9.1e+06 eff:0.2% logz-ratio=73.32+/-0.12 dlogz:32.794>0.1]
14390it [3:26:26 bound:176 nc:882 ncall:9.2e+06 eff:0.2% logz-ratio=73.67+/-0.12 dlogz:32.383>0.1]
14453it [3:27:46 bound:177 nc:773 ncall:9.2e+06 eff:0.2% logz-ratio=74.02+/-0.12 dlogz:34.652>0.1]
14515it [3:29:19 bound:178 nc:997 ncall:9.3e+06 eff:0.2% logz-ratio=74.36+/-0.12 dlogz:34.252>0.1]
14576it [3:30:42 bound:179 nc:1020 ncall:9.3e+06 eff:0.2% logz-ratio=74.70+/-0.12 dlogz:33.852>0.1]
14639it [3:32:08 bound:180 nc:686 ncall:9.4e+06 eff:0.2% logz-ratio=75.04+/-0.12 dlogz:33.453>0.1]
14702it [3:33:31 bound:181 nc:1040 ncall:9.5e+06 eff:0.2% logz-ratio=75.38+/-0.12 dlogz:33.054>0.1]
14764it [3:34:55 bound:182 nc:698 ncall:9.5e+06 eff:0.2% logz-ratio=75.73+/-0.12 dlogz:32.639>0.1]
14825it [3:36:19 bound:183 nc:1055 ncall:9.6e+06 eff:0.2% logz-ratio=76.08+/-0.12 dlogz:32.230>0.1]
14888it [3:37:42 bound:184 nc:914 ncall:9.6e+06 eff:0.2% logz-ratio=76.43+/-0.12 dlogz:31.823>0.1]
14950it [3:39:03 bound:185 nc:660 ncall:9.7e+06 eff:0.2% logz-ratio=76.75+/-0.12 dlogz:31.437>0.1]
15010it [3:40:18 bound:186 nc:893 ncall:9.8e+06 eff:0.2% logz-ratio=77.07+/-0.12 dlogz:31.059>0.1]
15074it [3:41:29 bound:187 nc:614 ncall:9.8e+06 eff:0.2% logz-ratio=77.41+/-0.12 dlogz:35.183>0.1]
15136it [3:43:01 bound:188 nc:709 ncall:9.9e+06 eff:0.2% logz-ratio=77.73+/-0.12 dlogz:34.806>0.1]
15197it [3:44:35 bound:189 nc:1300 ncall:9.9e+06 eff:0.2% logz-ratio=78.04+/-0.12 dlogz:34.435>0.1]
15258it [3:45:50 bound:190 nc:1252 ncall:1.0e+07 eff:0.2% logz-ratio=78.34+/-0.12 dlogz:34.071>0.1]
15322it [3:47:10 bound:191 nc:632 ncall:1.0e+07 eff:0.2% logz-ratio=78.66+/-0.12 dlogz:33.694>0.1]
15383it [3:48:41 bound:192 nc:866 ncall:1.0e+07 eff:0.2% logz-ratio=78.95+/-0.12 dlogz:33.339>0.1]
15444it [3:50:01 bound:193 nc:2101 ncall:1.0e+07 eff:0.2% logz-ratio=79.26+/-0.12 dlogz:32.975>0.1]
15506it [3:51:18 bound:194 nc:1307 ncall:1.0e+07 eff:0.2% logz-ratio=79.60+/-0.12 dlogz:32.574>0.1]
15570it [3:52:47 bound:195 nc:677 ncall:1.0e+07 eff:0.2% logz-ratio=79.95+/-0.12 dlogz:32.157>0.1]
15633it [3:54:13 bound:196 nc:931 ncall:1.0e+07 eff:0.2% logz-ratio=80.29+/-0.12 dlogz:31.762>0.1]
15695it [3:55:41 bound:197 nc:1200 ncall:1.0e+07 eff:0.2% logz-ratio=80.61+/-0.12 dlogz:31.379>0.1]
15757it [3:57:10 bound:198 nc:1134 ncall:1.0e+07 eff:0.2% logz-ratio=80.94+/-0.12 dlogz:30.992>0.1]
15819it [3:58:32 bound:199 nc:825 ncall:1.1e+07 eff:0.2% logz-ratio=81.25+/-0.12 dlogz:30.614>0.1]
15881it [3:59:59 bound:200 nc:989 ncall:1.1e+07 eff:0.2% logz-ratio=81.54+/-0.12 dlogz:30.261>0.1]
15945it [4:01:23 bound:201 nc:913 ncall:1.1e+07 eff:0.1% logz-ratio=81.83+/-0.12 dlogz:29.913>0.1]
16009it [4:03:00 bound:202 nc:548 ncall:1.1e+07 eff:0.1% logz-ratio=82.12+/-0.13 dlogz:29.562>0.1]
16073it [4:04:20 bound:203 nc:900 ncall:1.1e+07 eff:0.1% logz-ratio=82.40+/-0.13 dlogz:30.018>0.1]
16136it [4:05:39 bound:204 nc:960 ncall:1.1e+07 eff:0.1% logz-ratio=82.69+/-0.13 dlogz:29.671>0.1]
16196it [4:07:13 bound:205 nc:1877 ncall:1.1e+07 eff:0.1% logz-ratio=82.97+/-0.13 dlogz:29.334>0.1]
16259it [4:08:35 bound:206 nc:823 ncall:1.1e+07 eff:0.1% logz-ratio=83.25+/-0.13 dlogz:35.955>0.1]
16322it [4:10:05 bound:207 nc:884 ncall:1.1e+07 eff:0.1% logz-ratio=83.54+/-0.13 dlogz:35.605>0.1]
16383it [4:11:24 bound:208 nc:1554 ncall:1.1e+07 eff:0.1% logz-ratio=83.83+/-0.13 dlogz:35.253>0.1]
16446it [4:12:47 bound:209 nc:698 ncall:1.1e+07 eff:0.1% logz-ratio=84.12+/-0.13 dlogz:34.895>0.1]
16509it [4:14:01 bound:210 nc:867 ncall:1.1e+07 eff:0.1% logz-ratio=84.42+/-0.13 dlogz:34.540>0.1]
16570it [4:15:36 bound:211 nc:483 ncall:1.1e+07 eff:0.1% logz-ratio=84.72+/-0.13 dlogz:34.175>0.1]
16632it [4:17:07 bound:212 nc:680 ncall:1.1e+07 eff:0.1% logz-ratio=85.04+/-0.13 dlogz:33.799>0.1]
16695it [4:18:32 bound:213 nc:878 ncall:1.1e+07 eff:0.1% logz-ratio=85.33+/-0.13 dlogz:33.444>0.1]
16757it [4:19:47 bound:214 nc:992 ncall:1.1e+07 eff:0.1% logz-ratio=85.60+/-0.13 dlogz:33.110>0.1]
16821it [4:21:14 bound:215 nc:1375 ncall:1.1e+07 eff:0.1% logz-ratio=85.89+/-0.13 dlogz:32.759>0.1]
16882it [4:22:29 bound:216 nc:1255 ncall:1.2e+07 eff:0.1% logz-ratio=86.17+/-0.13 dlogz:32.422>0.1]
16944it [4:23:44 bound:217 nc:1005 ncall:1.2e+07 eff:0.1% logz-ratio=86.43+/-0.13 dlogz:32.099>0.1]
17008it [4:25:13 bound:218 nc:746 ncall:1.2e+07 eff:0.1% logz-ratio=86.68+/-0.13 dlogz:31.794>0.1]
17070it [4:26:37 bound:219 nc:1030 ncall:1.2e+07 eff:0.1% logz-ratio=86.91+/-0.13 dlogz:31.503>0.1]
17132it [4:28:03 bound:220 nc:1064 ncall:1.2e+07 eff:0.1% logz-ratio=87.13+/-0.13 dlogz:31.214>0.1]
17195it [4:29:26 bound:221 nc:1318 ncall:1.2e+07 eff:0.1% logz-ratio=87.37+/-0.13 dlogz:30.920>0.1]
17258it [4:30:50 bound:222 nc:787 ncall:1.2e+07 eff:0.1% logz-ratio=87.60+/-0.13 dlogz:30.628>0.1]
17320it [4:32:20 bound:223 nc:656 ncall:1.2e+07 eff:0.1% logz-ratio=87.83+/-0.13 dlogz:30.331>0.1]
17383it [4:33:52 bound:224 nc:1351 ncall:1.2e+07 eff:0.1% logz-ratio=88.07+/-0.13 dlogz:30.032>0.1]
17446it [4:35:44 bound:225 nc:1052 ncall:1.2e+07 eff:0.1% logz-ratio=88.31+/-0.13 dlogz:29.733>0.1]
17506it [4:37:13 bound:226 nc:1069 ncall:1.2e+07 eff:0.1% logz-ratio=88.54+/-0.13 dlogz:29.439>0.1]
17565it [4:38:45 bound:227 nc:623 ncall:1.2e+07 eff:0.1% logz-ratio=88.77+/-0.13 dlogz:29.154>0.1]
17628it [4:40:27 bound:228 nc:941 ncall:1.2e+07 eff:0.1% logz-ratio=89.02+/-0.13 dlogz:28.843>0.1]
17687it [4:41:54 bound:229 nc:1231 ncall:1.2e+07 eff:0.1% logz-ratio=89.26+/-0.13 dlogz:28.549>0.1]
17748it [4:43:16 bound:230 nc:1587 ncall:1.2e+07 eff:0.1% logz-ratio=89.50+/-0.13 dlogz:28.248>0.1]
17809it [4:44:47 bound:231 nc:1191 ncall:1.2e+07 eff:0.1% logz-ratio=89.74+/-0.13 dlogz:27.949>0.1]
17872it [4:46:03 bound:232 nc:1039 ncall:1.3e+07 eff:0.1% logz-ratio=89.98+/-0.13 dlogz:27.650>0.1]
17935it [4:47:46 bound:233 nc:888 ncall:1.3e+07 eff:0.1% logz-ratio=90.22+/-0.13 dlogz:27.349>0.1]
17996it [4:49:12 bound:234 nc:822 ncall:1.3e+07 eff:0.1% logz-ratio=90.44+/-0.13 dlogz:27.064>0.1]
18059it [4:50:37 bound:235 nc:1063 ncall:1.3e+07 eff:0.1% logz-ratio=90.67+/-0.13 dlogz:26.775>0.1]
18119it [4:52:01 bound:236 nc:1331 ncall:1.3e+07 eff:0.1% logz-ratio=90.88+/-0.13 dlogz:26.504>0.1]
18182it [4:53:23 bound:237 nc:1850 ncall:1.3e+07 eff:0.1% logz-ratio=91.12+/-0.13 dlogz:26.208>0.1]
18243it [4:54:47 bound:238 nc:780 ncall:1.3e+07 eff:0.1% logz-ratio=91.35+/-0.13 dlogz:25.918>0.1]
18305it [4:56:10 bound:239 nc:1236 ncall:1.3e+07 eff:0.1% logz-ratio=91.60+/-0.13 dlogz:25.608>0.1]
18367it [4:57:37 bound:240 nc:1045 ncall:1.3e+07 eff:0.1% logz-ratio=91.84+/-0.13 dlogz:25.299>0.1]
18430it [4:59:12 bound:241 nc:1207 ncall:1.3e+07 eff:0.1% logz-ratio=92.09+/-0.13 dlogz:24.994>0.1]
18494it [5:00:37 bound:242 nc:774 ncall:1.3e+07 eff:0.1% logz-ratio=92.33+/-0.13 dlogz:24.689>0.1]
18556it [5:02:10 bound:243 nc:1105 ncall:1.3e+07 eff:0.1% logz-ratio=92.56+/-0.13 dlogz:24.398>0.1]
18616it [5:03:43 bound:244 nc:866 ncall:1.3e+07 eff:0.1% logz-ratio=92.78+/-0.13 dlogz:24.121>0.1]
18678it [5:05:15 bound:245 nc:1555 ncall:1.3e+07 eff:0.1% logz-ratio=93.02+/-0.13 dlogz:23.823>0.1]
18741it [5:06:48 bound:246 nc:701 ncall:1.3e+07 eff:0.1% logz-ratio=93.25+/-0.13 dlogz:23.527>0.1]
18805it [5:08:36 bound:247 nc:774 ncall:1.3e+07 eff:0.1% logz-ratio=93.48+/-0.13 dlogz:23.231>0.1]
18869it [5:10:14 bound:248 nc:1421 ncall:1.4e+07 eff:0.1% logz-ratio=93.71+/-0.13 dlogz:22.945>0.1]
18932it [5:11:34 bound:249 nc:678 ncall:1.4e+07 eff:0.1% logz-ratio=93.93+/-0.13 dlogz:22.660>0.1]
18995it [5:13:00 bound:250 nc:1015 ncall:1.4e+07 eff:0.1% logz-ratio=94.15+/-0.13 dlogz:22.377>0.1]
19058it [5:14:25 bound:251 nc:1081 ncall:1.4e+07 eff:0.1% logz-ratio=94.38+/-0.13 dlogz:22.091>0.1]
19122it [5:15:55 bound:252 nc:1079 ncall:1.4e+07 eff:0.1% logz-ratio=94.60+/-0.14 dlogz:21.807>0.1]
19184it [5:17:30 bound:253 nc:1890 ncall:1.4e+07 eff:0.1% logz-ratio=94.81+/-0.14 dlogz:21.533>0.1]
19248it [5:19:08 bound:254 nc:1215 ncall:1.4e+07 eff:0.1% logz-ratio=95.03+/-0.14 dlogz:21.446>0.1]
19310it [5:20:43 bound:255 nc:829 ncall:1.4e+07 eff:0.1% logz-ratio=95.26+/-0.14 dlogz:21.162>0.1]
19374it [5:22:14 bound:256 nc:870 ncall:1.4e+07 eff:0.1% logz-ratio=95.49+/-0.14 dlogz:20.871>0.1]
19436it [5:23:47 bound:257 nc:1399 ncall:1.4e+07 eff:0.1% logz-ratio=95.70+/-0.14 dlogz:20.593>0.1]
19499it [5:25:25 bound:258 nc:1283 ncall:1.4e+07 eff:0.1% logz-ratio=95.94+/-0.14 dlogz:20.298>0.1]
19562it [5:27:01 bound:259 nc:1003 ncall:1.4e+07 eff:0.1% logz-ratio=96.17+/-0.14 dlogz:20.002>0.1]
19620it [5:28:37 bound:260 nc:1336 ncall:1.4e+07 eff:0.1% logz-ratio=96.40+/-0.14 dlogz:19.721>0.1]
19683it [5:30:27 bound:261 nc:1467 ncall:1.4e+07 eff:0.1% logz-ratio=96.62+/-0.14 dlogz:19.433>0.1]
19745it [5:32:02 bound:262 nc:1390 ncall:1.4e+07 eff:0.1% logz-ratio=96.84+/-0.14 dlogz:19.159>0.1]
19809it [5:33:44 bound:263 nc:1001 ncall:1.5e+07 eff:0.1% logz-ratio=97.06+/-0.14 dlogz:18.870>0.1]
19872it [5:35:15 bound:264 nc:821 ncall:1.5e+07 eff:0.1% logz-ratio=97.29+/-0.14 dlogz:18.584>0.1]
19933it [5:36:58 bound:265 nc:549 ncall:1.5e+07 eff:0.1% logz-ratio=97.50+/-0.14 dlogz:18.310>0.1]
19996it [5:38:36 bound:266 nc:776 ncall:1.5e+07 eff:0.1% logz-ratio=97.72+/-0.14 dlogz:18.026>0.1]
20059it [5:40:18 bound:267 nc:1483 ncall:1.5e+07 eff:0.1% logz-ratio=97.95+/-0.14 dlogz:17.744>0.1]
20122it [5:42:11 bound:268 nc:1927 ncall:1.5e+07 eff:0.1% logz-ratio=98.16+/-0.14 dlogz:19.109>0.1]
20186it [5:44:00 bound:269 nc:1843 ncall:1.5e+07 eff:0.1% logz-ratio=98.37+/-0.14 dlogz:18.833>0.1]
20246it [5:45:45 bound:270 nc:1066 ncall:1.5e+07 eff:0.1% logz-ratio=98.58+/-0.14 dlogz:18.570>0.1]
20309it [5:47:41 bound:271 nc:937 ncall:1.5e+07 eff:0.1% logz-ratio=98.79+/-0.14 dlogz:18.294>0.1]
20371it [5:49:37 bound:272 nc:4483 ncall:1.5e+07 eff:0.1% logz-ratio=99.00+/-0.14 dlogz:18.024>0.1]
20433it [5:51:19 bound:273 nc:1327 ncall:1.5e+07 eff:0.1% logz-ratio=99.21+/-0.14 dlogz:17.754>0.1]
20494it [5:53:02 bound:274 nc:759 ncall:1.5e+07 eff:0.1% logz-ratio=99.41+/-0.14 dlogz:17.491>0.1]
20557it [5:55:01 bound:275 nc:1192 ncall:1.5e+07 eff:0.1% logz-ratio=99.62+/-0.14 dlogz:17.222>0.1]
20618it [5:56:52 bound:276 nc:1642 ncall:1.6e+07 eff:0.1% logz-ratio=99.83+/-0.14 dlogz:19.478>0.1]
20681it [5:58:47 bound:277 nc:869 ncall:1.6e+07 eff:0.1% logz-ratio=100.03+/-0.14 dlogz:19.208>0.1]
20744it [6:00:40 bound:278 nc:1181 ncall:1.6e+07 eff:0.1% logz-ratio=100.23+/-0.14 dlogz:18.948>0.1]
20808it [6:02:24 bound:279 nc:1292 ncall:1.6e+07 eff:0.1% logz-ratio=100.44+/-0.14 dlogz:18.683>0.1]
20867it [6:04:31 bound:280 nc:1027 ncall:1.6e+07 eff:0.1% logz-ratio=100.62+/-0.14 dlogz:18.438>0.1]
20928it [6:06:17 bound:281 nc:867 ncall:1.6e+07 eff:0.1% logz-ratio=100.81+/-0.14 dlogz:18.192>0.1]
20990it [6:08:03 bound:282 nc:1112 ncall:1.6e+07 eff:0.1% logz-ratio=100.99+/-0.14 dlogz:17.947>0.1]
21051it [6:10:10 bound:283 nc:1434 ncall:1.6e+07 eff:0.1% logz-ratio=101.18+/-0.14 dlogz:17.706>0.1]
21113it [6:12:05 bound:284 nc:1456 ncall:1.6e+07 eff:0.1% logz-ratio=101.36+/-0.14 dlogz:17.465>0.1]
21173it [6:13:53 bound:285 nc:1319 ncall:1.6e+07 eff:0.1% logz-ratio=101.53+/-0.14 dlogz:17.229>0.1]
21235it [6:15:31 bound:286 nc:954 ncall:1.6e+07 eff:0.1% logz-ratio=101.72+/-0.14 dlogz:16.986>0.1]
21299it [6:17:11 bound:287 nc:980 ncall:1.6e+07 eff:0.1% logz-ratio=101.90+/-0.14 dlogz:16.739>0.1]
21362it [6:19:01 bound:288 nc:614 ncall:1.6e+07 eff:0.1% logz-ratio=102.08+/-0.14 dlogz:16.498>0.1]
21423it [6:20:44 bound:289 nc:1512 ncall:1.6e+07 eff:0.1% logz-ratio=102.26+/-0.14 dlogz:16.262>0.1]
21484it [6:22:32 bound:290 nc:453 ncall:1.7e+07 eff:0.1% logz-ratio=102.43+/-0.14 dlogz:16.029>0.1]
21546it [6:24:18 bound:291 nc:1209 ncall:1.7e+07 eff:0.1% logz-ratio=102.61+/-0.14 dlogz:15.792>0.1]
21609it [6:26:11 bound:292 nc:1398 ncall:1.7e+07 eff:0.1% logz-ratio=102.78+/-0.14 dlogz:15.558>0.1]
21672it [6:28:08 bound:293 nc:1392 ncall:1.7e+07 eff:0.1% logz-ratio=102.96+/-0.14 dlogz:15.314>0.1]
21734it [6:29:56 bound:294 nc:1339 ncall:1.7e+07 eff:0.1% logz-ratio=103.14+/-0.14 dlogz:15.077>0.1]
21797it [6:31:53 bound:295 nc:1355 ncall:1.7e+07 eff:0.1% logz-ratio=103.31+/-0.14 dlogz:14.841>0.1]
21861it [6:33:37 bound:296 nc:1482 ncall:1.7e+07 eff:0.1% logz-ratio=103.49+/-0.14 dlogz:14.604>0.1]
21922it [6:35:15 bound:297 nc:3102 ncall:1.7e+07 eff:0.1% logz-ratio=103.65+/-0.14 dlogz:14.376>0.1]
21983it [6:37:05 bound:298 nc:1231 ncall:1.7e+07 eff:0.1% logz-ratio=103.82+/-0.14 dlogz:14.154>0.1]
22045it [6:38:40 bound:299 nc:1080 ncall:1.7e+07 eff:0.1% logz-ratio=103.98+/-0.14 dlogz:13.931>0.1]
22106it [6:40:15 bound:300 nc:465 ncall:1.7e+07 eff:0.1% logz-ratio=104.13+/-0.14 dlogz:13.727>0.1]
22170it [6:42:02 bound:301 nc:1619 ncall:1.7e+07 eff:0.1% logz-ratio=104.29+/-0.14 dlogz:13.506>0.1]
22233it [6:44:00 bound:302 nc:1107 ncall:1.7e+07 eff:0.1% logz-ratio=104.45+/-0.14 dlogz:13.288>0.1]
22296it [6:45:49 bound:303 nc:1418 ncall:1.8e+07 eff:0.1% logz-ratio=104.61+/-0.14 dlogz:13.068>0.1]
22359it [6:47:27 bound:304 nc:1391 ncall:1.8e+07 eff:0.1% logz-ratio=104.76+/-0.14 dlogz:12.850>0.1]
22423it [6:49:20 bound:305 nc:839 ncall:1.8e+07 eff:0.1% logz-ratio=104.92+/-0.14 dlogz:12.633>0.1]
22484it [6:51:19 bound:306 nc:1144 ncall:1.8e+07 eff:0.1% logz-ratio=105.07+/-0.14 dlogz:12.424>0.1]
22548it [6:53:05 bound:307 nc:1606 ncall:1.8e+07 eff:0.1% logz-ratio=105.23+/-0.15 dlogz:12.205>0.1]
22610it [6:55:01 bound:308 nc:1018 ncall:1.8e+07 eff:0.1% logz-ratio=105.38+/-0.15 dlogz:12.518>0.1]
22670it [6:56:46 bound:309 nc:1132 ncall:1.8e+07 eff:0.1% logz-ratio=105.52+/-0.15 dlogz:12.317>0.1]
22734it [6:58:32 bound:310 nc:1194 ncall:1.8e+07 eff:0.1% logz-ratio=105.66+/-0.15 dlogz:12.108>0.1]
22793it [7:00:16 bound:311 nc:1105 ncall:1.8e+07 eff:0.1% logz-ratio=105.79+/-0.15 dlogz:11.920>0.1]
22857it [7:02:10 bound:312 nc:1069 ncall:1.8e+07 eff:0.1% logz-ratio=105.93+/-0.15 dlogz:11.720>0.1]
22920it [7:04:03 bound:313 nc:787 ncall:1.8e+07 eff:0.1% logz-ratio=106.06+/-0.15 dlogz:11.527>0.1]
22981it [7:06:10 bound:314 nc:2860 ncall:1.8e+07 eff:0.1% logz-ratio=106.19+/-0.15 dlogz:11.342>0.1]
23043it [7:07:51 bound:315 nc:1505 ncall:1.9e+07 eff:0.1% logz-ratio=106.32+/-0.15 dlogz:11.153>0.1]
23105it [7:09:43 bound:316 nc:1601 ncall:1.9e+07 eff:0.1% logz-ratio=106.44+/-0.15 dlogz:10.968>0.1]
23168it [7:11:29 bound:317 nc:1018 ncall:1.9e+07 eff:0.1% logz-ratio=106.57+/-0.15 dlogz:10.781>0.1]
23231it [7:13:26 bound:318 nc:1491 ncall:1.9e+07 eff:0.1% logz-ratio=106.69+/-0.15 dlogz:10.598>0.1]
23293it [7:15:07 bound:319 nc:1725 ncall:1.9e+07 eff:0.1% logz-ratio=106.81+/-0.15 dlogz:10.419>0.1]
23354it [7:16:54 bound:320 nc:1689 ncall:1.9e+07 eff:0.1% logz-ratio=106.92+/-0.15 dlogz:10.243>0.1]
23416it [7:18:51 bound:321 nc:1210 ncall:1.9e+07 eff:0.1% logz-ratio=107.04+/-0.15 dlogz:10.062>0.1]
23478it [7:20:57 bound:322 nc:2053 ncall:1.9e+07 eff:0.1% logz-ratio=107.17+/-0.15 dlogz:9.879>0.1]
23541it [7:22:42 bound:323 nc:1693 ncall:1.9e+07 eff:0.1% logz-ratio=107.29+/-0.15 dlogz:9.698>0.1]
23604it [7:24:36 bound:324 nc:961 ncall:1.9e+07 eff:0.1% logz-ratio=107.40+/-0.15 dlogz:10.276>0.1]
23666it [7:26:27 bound:325 nc:1604 ncall:1.9e+07 eff:0.1% logz-ratio=107.51+/-0.15 dlogz:10.104>0.1]
23728it [7:28:11 bound:326 nc:1468 ncall:1.9e+07 eff:0.1% logz-ratio=107.62+/-0.15 dlogz:9.933>0.1]
23791it [7:30:09 bound:327 nc:996 ncall:1.9e+07 eff:0.1% logz-ratio=107.73+/-0.15 dlogz:9.761>0.1]
23853it [7:31:48 bound:328 nc:1181 ncall:2.0e+07 eff:0.1% logz-ratio=107.84+/-0.15 dlogz:9.597>0.1]
23916it [7:33:40 bound:329 nc:1423 ncall:2.0e+07 eff:0.1% logz-ratio=107.94+/-0.15 dlogz:9.434>0.1]
23979it [7:35:49 bound:330 nc:1659 ncall:2.0e+07 eff:0.1% logz-ratio=108.04+/-0.15 dlogz:9.271>0.1]
24039it [7:37:25 bound:331 nc:2510 ncall:2.0e+07 eff:0.1% logz-ratio=108.14+/-0.15 dlogz:9.116>0.1]
24101it [7:39:10 bound:332 nc:1375 ncall:2.0e+07 eff:0.1% logz-ratio=108.24+/-0.15 dlogz:8.957>0.1]
24163it [7:40:56 bound:333 nc:1253 ncall:2.0e+07 eff:0.1% logz-ratio=108.33+/-0.15 dlogz:8.800>0.1]
24226it [7:42:51 bound:334 nc:1111 ncall:2.0e+07 eff:0.1% logz-ratio=108.43+/-0.15 dlogz:8.644>0.1]
24287it [7:44:54 bound:335 nc:2016 ncall:2.0e+07 eff:0.1% logz-ratio=108.52+/-0.15 dlogz:8.494>0.1]
24346it [7:46:47 bound:336 nc:1776 ncall:2.0e+07 eff:0.1% logz-ratio=108.60+/-0.15 dlogz:8.351>0.1]
24409it [7:48:42 bound:337 nc:2967 ncall:2.0e+07 eff:0.1% logz-ratio=108.69+/-0.15 dlogz:8.202>0.1]
24470it [7:50:35 bound:338 nc:728 ncall:2.0e+07 eff:0.1% logz-ratio=108.77+/-0.15 dlogz:8.061>0.1]
24532it [7:52:36 bound:339 nc:3475 ncall:2.0e+07 eff:0.1% logz-ratio=108.85+/-0.15 dlogz:7.918>0.1]
24594it [7:54:11 bound:340 nc:1697 ncall:2.0e+07 eff:0.1% logz-ratio=108.93+/-0.15 dlogz:7.778>0.1]
24657it [7:56:14 bound:341 nc:855 ncall:2.1e+07 eff:0.1% logz-ratio=109.01+/-0.15 dlogz:7.637>0.1]
24721it [7:58:18 bound:342 nc:1448 ncall:2.1e+07 eff:0.1% logz-ratio=109.09+/-0.15 dlogz:7.495>0.1]
24781it [8:00:19 bound:343 nc:1964 ncall:2.1e+07 eff:0.1% logz-ratio=109.17+/-0.15 dlogz:7.363>0.1]
24844it [8:02:17 bound:344 nc:996 ncall:2.1e+07 eff:0.1% logz-ratio=109.24+/-0.15 dlogz:7.226>0.1]
24906it [8:04:04 bound:345 nc:1069 ncall:2.1e+07 eff:0.1% logz-ratio=109.31+/-0.15 dlogz:7.093>0.1]
24970it [8:06:14 bound:346 nc:1809 ncall:2.1e+07 eff:0.1% logz-ratio=109.39+/-0.15 dlogz:6.959>0.1]
25032it [8:08:19 bound:347 nc:1434 ncall:2.1e+07 eff:0.1% logz-ratio=109.45+/-0.15 dlogz:6.830>0.1]
25095it [8:10:15 bound:348 nc:1522 ncall:2.1e+07 eff:0.1% logz-ratio=109.52+/-0.15 dlogz:6.701>0.1]
25159it [8:12:27 bound:349 nc:891 ncall:2.1e+07 eff:0.1% logz-ratio=109.59+/-0.15 dlogz:6.572>0.1]
25220it [8:14:26 bound:350 nc:1156 ncall:2.1e+07 eff:0.1% logz-ratio=109.65+/-0.15 dlogz:6.670>0.1]
25282it [8:16:24 bound:351 nc:1796 ncall:2.1e+07 eff:0.1% logz-ratio=109.71+/-0.15 dlogz:6.547>0.1]
25345it [8:18:23 bound:352 nc:1055 ncall:2.1e+07 eff:0.1% logz-ratio=109.78+/-0.15 dlogz:6.423>0.1]
25406it [8:20:20 bound:353 nc:1848 ncall:2.2e+07 eff:0.1% logz-ratio=109.83+/-0.15 dlogz:6.305>0.1]
25468it [8:22:12 bound:354 nc:875 ncall:2.2e+07 eff:0.1% logz-ratio=109.89+/-0.15 dlogz:6.186>0.1]
25532it [8:24:17 bound:355 nc:851 ncall:2.2e+07 eff:0.1% logz-ratio=109.95+/-0.15 dlogz:6.065>0.1]
25594it [8:26:14 bound:356 nc:1413 ncall:2.2e+07 eff:0.1% logz-ratio=110.01+/-0.15 dlogz:5.950>0.1]
25655it [8:28:05 bound:357 nc:1177 ncall:2.2e+07 eff:0.1% logz-ratio=110.06+/-0.15 dlogz:5.838>0.1]
25716it [8:29:58 bound:358 nc:724 ncall:2.2e+07 eff:0.1% logz-ratio=110.11+/-0.15 dlogz:5.728>0.1]
25780it [8:32:05 bound:359 nc:994 ncall:2.2e+07 eff:0.1% logz-ratio=110.16+/-0.15 dlogz:5.613>0.1]
25842it [8:34:04 bound:360 nc:940 ncall:2.2e+07 eff:0.1% logz-ratio=110.21+/-0.15 dlogz:5.503>0.1]
25905it [8:36:00 bound:361 nc:1060 ncall:2.2e+07 eff:0.1% logz-ratio=110.26+/-0.15 dlogz:5.391>0.1]
25968it [8:37:55 bound:362 nc:1559 ncall:2.2e+07 eff:0.1% logz-ratio=110.31+/-0.15 dlogz:5.282>0.1]
26031it [8:40:04 bound:363 nc:1078 ncall:2.2e+07 eff:0.1% logz-ratio=110.36+/-0.15 dlogz:5.173>0.1]
26092it [8:41:53 bound:364 nc:1155 ncall:2.2e+07 eff:0.1% logz-ratio=110.41+/-0.15 dlogz:5.068>0.1]
26156it [8:43:52 bound:365 nc:1081 ncall:2.3e+07 eff:0.1% logz-ratio=110.45+/-0.15 dlogz:5.687>0.1]
26216it [8:45:44 bound:366 nc:1454 ncall:2.3e+07 eff:0.1% logz-ratio=110.50+/-0.15 dlogz:5.585>0.1]
26278it [8:47:47 bound:367 nc:896 ncall:2.3e+07 eff:0.1% logz-ratio=110.54+/-0.15 dlogz:5.481>0.1]
26342it [8:49:37 bound:368 nc:1623 ncall:2.3e+07 eff:0.1% logz-ratio=110.59+/-0.15 dlogz:5.374>0.1]
26404it [8:51:30 bound:369 nc:1164 ncall:2.3e+07 eff:0.1% logz-ratio=110.63+/-0.15 dlogz:5.270>0.1]
26466it [8:53:21 bound:370 nc:1039 ncall:2.3e+07 eff:0.1% logz-ratio=110.67+/-0.15 dlogz:5.168>0.1]
26529it [8:55:20 bound:371 nc:938 ncall:2.3e+07 eff:0.1% logz-ratio=110.71+/-0.15 dlogz:5.064>0.1]
26592it [8:57:32 bound:372 nc:1729 ncall:2.3e+07 eff:0.1% logz-ratio=110.76+/-0.15 dlogz:4.962>0.1]
26653it [8:59:38 bound:373 nc:1668 ncall:2.3e+07 eff:0.1% logz-ratio=110.80+/-0.15 dlogz:4.863>0.1]
26715it [9:01:41 bound:374 nc:1080 ncall:2.3e+07 eff:0.1% logz-ratio=110.83+/-0.15 dlogz:4.765>0.1]
26778it [9:03:54 bound:375 nc:972 ncall:2.3e+07 eff:0.1% logz-ratio=110.87+/-0.15 dlogz:4.665>0.1]
26840it [9:05:53 bound:376 nc:1404 ncall:2.3e+07 eff:0.1% logz-ratio=110.91+/-0.15 dlogz:4.568>0.1]
26902it [9:07:39 bound:377 nc:1367 ncall:2.4e+07 eff:0.1% logz-ratio=110.95+/-0.15 dlogz:4.472>0.1]
26962it [9:09:47 bound:378 nc:1605 ncall:2.4e+07 eff:0.1% logz-ratio=110.98+/-0.15 dlogz:4.380>0.1]
27024it [9:11:40 bound:379 nc:1105 ncall:2.4e+07 eff:0.1% logz-ratio=111.02+/-0.15 dlogz:4.286>0.1]
27088it [9:13:30 bound:380 nc:1711 ncall:2.4e+07 eff:0.1% logz-ratio=111.05+/-0.15 dlogz:4.190>0.1]
27150it [9:15:23 bound:381 nc:1020 ncall:2.4e+07 eff:0.1% logz-ratio=111.08+/-0.15 dlogz:4.097>0.1]
27212it [9:17:22 bound:382 nc:1717 ncall:2.4e+07 eff:0.1% logz-ratio=111.12+/-0.15 dlogz:4.657>0.1]
27271it [9:19:07 bound:383 nc:2256 ncall:2.4e+07 eff:0.1% logz-ratio=111.15+/-0.15 dlogz:4.569>0.1]
27333it [9:21:05 bound:384 nc:1241 ncall:2.4e+07 eff:0.1% logz-ratio=111.18+/-0.15 dlogz:4.478>0.1]
27395it [9:23:20 bound:385 nc:1214 ncall:2.4e+07 eff:0.1% logz-ratio=111.21+/-0.15 dlogz:4.388>0.1]
27458it [9:25:21 bound:386 nc:867 ncall:2.4e+07 eff:0.1% logz-ratio=111.24+/-0.15 dlogz:4.297>0.1]
27522it [9:27:21 bound:387 nc:1463 ncall:2.4e+07 eff:0.1% logz-ratio=111.27+/-0.15 dlogz:4.206>0.1]
27584it [9:29:18 bound:388 nc:1276 ncall:2.4e+07 eff:0.1% logz-ratio=111.30+/-0.15 dlogz:4.118>0.1]
27645it [9:31:12 bound:389 nc:1341 ncall:2.5e+07 eff:0.1% logz-ratio=111.33+/-0.15 dlogz:4.033>0.1]
27706it [9:33:14 bound:390 nc:1766 ncall:2.5e+07 eff:0.1% logz-ratio=111.35+/-0.15 dlogz:3.948>0.1]
27766it [9:35:16 bound:391 nc:1207 ncall:2.5e+07 eff:0.1% logz-ratio=111.38+/-0.15 dlogz:3.865>0.1]
27828it [9:37:09 bound:392 nc:1552 ncall:2.5e+07 eff:0.1% logz-ratio=111.41+/-0.15 dlogz:3.780>0.1]
27891it [9:39:02 bound:393 nc:888 ncall:2.5e+07 eff:0.1% logz-ratio=111.43+/-0.15 dlogz:3.695>0.1]
27954it [9:40:54 bound:394 nc:1431 ncall:2.5e+07 eff:0.1% logz-ratio=111.46+/-0.15 dlogz:3.610>0.1]
28018it [9:42:57 bound:395 nc:1143 ncall:2.5e+07 eff:0.1% logz-ratio=111.48+/-0.15 dlogz:3.525>0.1]
28081it [9:45:14 bound:396 nc:1535 ncall:2.5e+07 eff:0.1% logz-ratio=111.51+/-0.15 dlogz:3.442>0.1]
28143it [9:47:08 bound:397 nc:588 ncall:2.5e+07 eff:0.1% logz-ratio=111.53+/-0.15 dlogz:3.361>0.1]
28205it [9:49:10 bound:398 nc:1488 ncall:2.5e+07 eff:0.1% logz-ratio=111.55+/-0.15 dlogz:3.281>0.1]
28268it [9:51:19 bound:399 nc:1900 ncall:2.5e+07 eff:0.1% logz-ratio=111.58+/-0.15 dlogz:3.480>0.1]
28329it [9:53:18 bound:400 nc:1924 ncall:2.6e+07 eff:0.1% logz-ratio=111.60+/-0.15 dlogz:3.401>0.1]
28391it [9:55:34 bound:401 nc:1902 ncall:2.6e+07 eff:0.1% logz-ratio=111.62+/-0.15 dlogz:3.322>0.1]
28453it [9:57:35 bound:402 nc:1402 ncall:2.6e+07 eff:0.1% logz-ratio=111.64+/-0.15 dlogz:3.243>0.1]
28515it [9:59:46 bound:403 nc:1216 ncall:2.6e+07 eff:0.1% logz-ratio=111.66+/-0.16 dlogz:3.166>0.1]
28579it [10:01:45 bound:404 nc:1225 ncall:2.6e+07 eff:0.1% logz-ratio=111.68+/-0.16 dlogz:3.086>0.1]
28641it [10:03:56 bound:405 nc:1884 ncall:2.6e+07 eff:0.1% logz-ratio=111.70+/-0.16 dlogz:3.010>0.1]
28703it [10:06:10 bound:406 nc:2536 ncall:2.6e+07 eff:0.1% logz-ratio=111.72+/-0.16 dlogz:2.934>0.1]
28766it [10:08:23 bound:407 nc:1275 ncall:2.6e+07 eff:0.1% logz-ratio=111.74+/-0.16 dlogz:2.859>0.1]
28830it [10:11:10 bound:408 nc:1576 ncall:2.6e+07 eff:0.1% logz-ratio=111.76+/-0.16 dlogz:2.782>0.1]
28892it [10:12:57 bound:409 nc:1836 ncall:2.6e+07 eff:0.1% logz-ratio=111.77+/-0.16 dlogz:2.709>0.1]
28954it [10:15:11 bound:410 nc:903 ncall:2.6e+07 eff:0.1% logz-ratio=111.79+/-0.16 dlogz:2.637>0.1]
29017it [10:17:22 bound:411 nc:1195 ncall:2.7e+07 eff:0.1% logz-ratio=111.81+/-0.16 dlogz:2.565>0.1]
29079it [10:19:10 bound:412 nc:1067 ncall:2.7e+07 eff:0.1% logz-ratio=111.82+/-0.16 dlogz:2.494>0.1]
29141it [10:20:59 bound:413 nc:1533 ncall:2.7e+07 eff:0.1% logz-ratio=111.84+/-0.16 dlogz:2.425>0.1]
29205it [10:22:55 bound:414 nc:933 ncall:2.7e+07 eff:0.1% logz-ratio=111.86+/-0.16 dlogz:2.353>0.1]
29269it [10:24:51 bound:415 nc:1519 ncall:2.7e+07 eff:0.1% logz-ratio=111.87+/-0.16 dlogz:2.283>0.1]
29333it [10:27:07 bound:416 nc:1552 ncall:2.7e+07 eff:0.1% logz-ratio=111.89+/-0.16 dlogz:2.213>0.1]
29392it [10:29:16 bound:417 nc:1432 ncall:2.7e+07 eff:0.1% logz-ratio=111.90+/-0.16 dlogz:2.150>0.1]
29451it [10:31:38 bound:418 nc:4940 ncall:2.7e+07 eff:0.1% logz-ratio=111.91+/-0.16 dlogz:2.087>0.1]
29515it [10:33:43 bound:419 nc:1748 ncall:2.7e+07 eff:0.1% logz-ratio=111.93+/-0.16 dlogz:2.020>0.1]
29576it [10:35:51 bound:420 nc:1547 ncall:2.7e+07 eff:0.1% logz-ratio=111.94+/-0.16 dlogz:1.957>0.1]
29639it [10:37:42 bound:421 nc:1578 ncall:2.7e+07 eff:0.1% logz-ratio=111.96+/-0.16 dlogz:1.893>0.1]
29700it [10:39:46 bound:422 nc:1392 ncall:2.7e+07 eff:0.1% logz-ratio=111.97+/-0.16 dlogz:1.832>0.1]
29762it [10:41:59 bound:423 nc:1720 ncall:2.8e+07 eff:0.1% logz-ratio=111.98+/-0.16 dlogz:1.771>0.1]
29825it [10:44:08 bound:424 nc:1020 ncall:2.8e+07 eff:0.1% logz-ratio=111.99+/-0.16 dlogz:1.710>0.1]
29887it [10:46:06 bound:425 nc:1619 ncall:2.8e+07 eff:0.1% logz-ratio=112.01+/-0.16 dlogz:1.651>0.1]
29948it [10:48:06 bound:426 nc:1154 ncall:2.8e+07 eff:0.1% logz-ratio=112.02+/-0.16 dlogz:1.594>0.1]
30010it [10:50:24 bound:427 nc:1298 ncall:2.8e+07 eff:0.1% logz-ratio=112.03+/-0.16 dlogz:1.537>0.1]
30072it [10:52:29 bound:428 nc:1055 ncall:2.8e+07 eff:0.1% logz-ratio=112.04+/-0.16 dlogz:1.481>0.1]
30134it [10:54:22 bound:429 nc:1263 ncall:2.8e+07 eff:0.1% logz-ratio=112.05+/-0.16 dlogz:1.426>0.1]
30198it [10:56:13 bound:430 nc:1285 ncall:2.8e+07 eff:0.1% logz-ratio=112.06+/-0.16 dlogz:1.371>0.1]
30260it [10:58:15 bound:431 nc:1480 ncall:2.8e+07 eff:0.1% logz-ratio=112.07+/-0.16 dlogz:1.318>0.1]
30323it [11:00:29 bound:432 nc:1297 ncall:2.8e+07 eff:0.1% logz-ratio=112.08+/-0.16 dlogz:1.266>0.1]
30386it [11:02:19 bound:433 nc:1122 ncall:2.8e+07 eff:0.1% logz-ratio=112.09+/-0.16 dlogz:1.215>0.1]
30450it [11:04:23 bound:434 nc:1884 ncall:2.9e+07 eff:0.1% logz-ratio=112.10+/-0.16 dlogz:1.165>0.1]
30510it [11:06:16 bound:435 nc:1628 ncall:2.9e+07 eff:0.1% logz-ratio=112.11+/-0.16 dlogz:1.119>0.1]
30571it [11:08:14 bound:436 nc:1167 ncall:2.9e+07 eff:0.1% logz-ratio=112.12+/-0.16 dlogz:1.074>0.1]
30634it [11:10:17 bound:437 nc:1202 ncall:2.9e+07 eff:0.1% logz-ratio=112.13+/-0.16 dlogz:1.047>0.1]
30697it [11:13:05 bound:438 nc:1708 ncall:2.9e+07 eff:0.1% logz-ratio=112.14+/-0.16 dlogz:1.002>0.1]
30761it [11:15:14 bound:439 nc:1162 ncall:2.9e+07 eff:0.1% logz-ratio=112.15+/-0.16 dlogz:0.958>0.1]
30822it [11:17:06 bound:440 nc:877 ncall:2.9e+07 eff:0.1% logz-ratio=112.15+/-0.16 dlogz:0.917>0.1]
30884it [11:19:21 bound:441 nc:1447 ncall:2.9e+07 eff:0.1% logz-ratio=112.16+/-0.16 dlogz:0.877>0.1]
30945it [11:21:20 bound:442 nc:1541 ncall:2.9e+07 eff:0.1% logz-ratio=112.17+/-0.16 dlogz:0.838>0.1]
31008it [11:23:25 bound:443 nc:1389 ncall:2.9e+07 eff:0.1% logz-ratio=112.18+/-0.16 dlogz:0.800>0.1]
31070it [11:25:17 bound:444 nc:3255 ncall:2.9e+07 eff:0.1% logz-ratio=112.18+/-0.16 dlogz:0.767>0.1]
31133it [11:27:31 bound:445 nc:1481 ncall:3.0e+07 eff:0.1% logz-ratio=112.19+/-0.16 dlogz:0.789>0.1]
31193it [11:29:36 bound:446 nc:764 ncall:3.0e+07 eff:0.1% logz-ratio=112.20+/-0.16 dlogz:0.754>0.1]
31256it [11:31:44 bound:447 nc:1279 ncall:3.0e+07 eff:0.1% logz-ratio=112.20+/-0.16 dlogz:0.718>0.1]
31316it [11:34:06 bound:448 nc:1054 ncall:3.0e+07 eff:0.1% logz-ratio=112.21+/-0.16 dlogz:0.686>0.1]
31379it [11:36:30 bound:449 nc:859 ncall:3.0e+07 eff:0.1% logz-ratio=112.22+/-0.16 dlogz:0.653>0.1]
31442it [11:38:57 bound:450 nc:993 ncall:3.0e+07 eff:0.1% logz-ratio=112.22+/-0.16 dlogz:0.621>0.1]
31504it [11:41:02 bound:451 nc:1653 ncall:3.0e+07 eff:0.1% logz-ratio=112.23+/-0.16 dlogz:0.607>0.1]
31566it [11:43:04 bound:452 nc:1488 ncall:3.0e+07 eff:0.1% logz-ratio=112.23+/-0.16 dlogz:0.577>0.1]
31629it [11:45:03 bound:453 nc:1574 ncall:3.0e+07 eff:0.1% logz-ratio=112.24+/-0.16 dlogz:0.548>0.1]
31693it [11:47:03 bound:454 nc:1634 ncall:3.0e+07 eff:0.1% logz-ratio=112.24+/-0.16 dlogz:0.520>0.1]
31755it [11:49:01 bound:455 nc:1236 ncall:3.0e+07 eff:0.1% logz-ratio=112.25+/-0.16 dlogz:0.494>0.1]
31818it [11:51:05 bound:456 nc:1296 ncall:3.1e+07 eff:0.1% logz-ratio=112.25+/-0.16 dlogz:0.469>0.1]
31882it [11:53:15 bound:457 nc:1555 ncall:3.1e+07 eff:0.1% logz-ratio=112.26+/-0.16 dlogz:0.444>0.1]
31946it [11:55:11 bound:458 nc:1298 ncall:3.1e+07 eff:0.1% logz-ratio=112.26+/-0.16 dlogz:0.420>0.1]
32009it [11:57:16 bound:459 nc:3494 ncall:3.1e+07 eff:0.1% logz-ratio=112.27+/-0.16 dlogz:0.421>0.1]
32073it [11:59:13 bound:460 nc:1810 ncall:3.1e+07 eff:0.1% logz-ratio=112.27+/-0.16 dlogz:0.399>0.1]
32135it [12:01:12 bound:461 nc:1513 ncall:3.1e+07 eff:0.1% logz-ratio=112.28+/-0.16 dlogz:0.378>0.1]
32197it [12:03:03 bound:462 nc:1773 ncall:3.1e+07 eff:0.1% logz-ratio=112.28+/-0.16 dlogz:0.358>0.1]
32261it [12:04:36 bound:463 nc:507 ncall:3.1e+07 eff:0.1% logz-ratio=112.29+/-0.16 dlogz:0.338>0.1]
32322it [12:06:27 bound:464 nc:777 ncall:3.1e+07 eff:0.1% logz-ratio=112.29+/-0.16 dlogz:0.321>0.1]
32384it [12:08:13 bound:465 nc:1424 ncall:3.1e+07 eff:0.1% logz-ratio=112.29+/-0.16 dlogz:0.303>0.1]
32447it [12:10:06 bound:466 nc:1217 ncall:3.1e+07 eff:0.1% logz-ratio=112.30+/-0.16 dlogz:0.287>0.1]
32509it [12:12:03 bound:467 nc:1745 ncall:3.2e+07 eff:0.1% logz-ratio=112.30+/-0.16 dlogz:0.271>0.1]
32572it [12:14:23 bound:468 nc:1673 ncall:3.2e+07 eff:0.1% logz-ratio=112.30+/-0.16 dlogz:0.256>0.1]
32635it [12:16:13 bound:469 nc:1538 ncall:3.2e+07 eff:0.1% logz-ratio=112.31+/-0.16 dlogz:0.242>0.1]
32697it [12:18:00 bound:470 nc:1377 ncall:3.2e+07 eff:0.1% logz-ratio=112.31+/-0.16 dlogz:0.228>0.1]
32760it [12:19:49 bound:471 nc:1742 ncall:3.2e+07 eff:0.1% logz-ratio=112.31+/-0.16 dlogz:0.216>0.1]
32823it [12:21:33 bound:472 nc:1669 ncall:3.2e+07 eff:0.1% logz-ratio=112.32+/-0.16 dlogz:0.203>0.1]
32886it [12:23:17 bound:473 nc:1975 ncall:3.2e+07 eff:0.1% logz-ratio=112.32+/-0.16 dlogz:0.192>0.1]
32950it [12:25:05 bound:474 nc:1693 ncall:3.2e+07 eff:0.1% logz-ratio=112.32+/-0.16 dlogz:0.181>0.1]
33012it [12:26:59 bound:475 nc:4153 ncall:3.2e+07 eff:0.1% logz-ratio=112.33+/-0.16 dlogz:0.171>0.1]
33073it [12:28:55 bound:476 nc:1032 ncall:3.2e+07 eff:0.1% logz-ratio=112.33+/-0.16 dlogz:0.161>0.1]
33133it [12:30:47 bound:477 nc:1362 ncall:3.3e+07 eff:0.1% logz-ratio=112.33+/-0.16 dlogz:0.152>0.1]
33195it [12:32:48 bound:478 nc:1703 ncall:3.3e+07 eff:0.1% logz-ratio=112.33+/-0.16 dlogz:0.144>0.1]
33257it [12:34:38 bound:479 nc:1439 ncall:3.3e+07 eff:0.1% logz-ratio=112.33+/-0.16 dlogz:0.135>0.1]
33321it [12:36:27 bound:480 nc:1076 ncall:3.3e+07 eff:0.1% logz-ratio=112.34+/-0.16 dlogz:0.127>0.1]
33382it [12:38:22 bound:481 nc:1026 ncall:3.3e+07 eff:0.1% logz-ratio=112.34+/-0.16 dlogz:0.120>0.1]
33446it [12:40:13 bound:482 nc:1909 ncall:3.3e+07 eff:0.1% logz-ratio=112.34+/-0.16 dlogz:0.113>0.1]
33508it [12:42:15 bound:483 nc:1792 ncall:3.3e+07 eff:0.1% logz-ratio=112.34+/-0.16 dlogz:0.107>0.1]
33569it [12:44:08 bound:484 nc:832 ncall:3.3e+07 eff:0.1% logz-ratio=112.34+/-0.16 dlogz:0.101>0.1]
