000 (2575895.000.000) 2025-07-30 22:17:05 Job submitted from host: <145.107.7.246:9618?addrs=145.107.7.246-9618+[2a07-8500-120-e070--3f6]-9618&alias=taai-007.nikhef.nl&noUDP&sock=schedd_2614_90a7>
    DAG Node: run_q
...
001 (2575895.000.000) 2025-07-30 22:17:14 Job executing on host: <145.107.4.156:9618?addrs=145.107.4.156-9618+[2a07-8500-120-e070--9c]-9618&alias=wn-knek-013.nikhef.nl&noUDP&sock=startd_1928_06af>
	SlotName: slot1_1@wn-knek-013.nikhef.nl
	CondorScratchDir = "/scratch/condor_execute/dir_1423822"
	Cpus = 64
	Disk = 16779836
	GPUs = 0
	Memory = 16384
...
006 (2575895.000.000) 2025-07-30 22:17:28 Image size of job updated: 100716
	99  -  MemoryUsage of job (MB)
	100716  -  ResidentSetSize of job (KB)
...
006 (2575895.000.000) 2025-07-30 22:22:28 Image size of job updated: 1519448
	1484  -  MemoryUsage of job (MB)
	1519448  -  ResidentSetSize of job (KB)
...
006 (2575895.000.000) 2025-07-30 22:27:29 Image size of job updated: 1548052
	1512  -  MemoryUsage of job (MB)
	1548052  -  ResidentSetSize of job (KB)
...
006 (2575895.000.000) 2025-07-30 22:32:30 Image size of job updated: 1563324
	1527  -  MemoryUsage of job (MB)
	1563324  -  ResidentSetSize of job (KB)
...
006 (2575895.000.000) 2025-07-30 22:37:30 Image size of job updated: 1576512
	1540  -  MemoryUsage of job (MB)
	1576512  -  ResidentSetSize of job (KB)
...
006 (2575895.000.000) 2025-07-30 22:42:30 Image size of job updated: 1586392
	1550  -  MemoryUsage of job (MB)
	1586392  -  ResidentSetSize of job (KB)
...
006 (2575895.000.000) 2025-07-30 22:47:31 Image size of job updated: 1594068
	1557  -  MemoryUsage of job (MB)
	1594068  -  ResidentSetSize of job (KB)
...
006 (2575895.000.000) 2025-07-30 22:52:32 Image size of job updated: 1600376
	1563  -  MemoryUsage of job (MB)
	1600376  -  ResidentSetSize of job (KB)
...
006 (2575895.000.000) 2025-07-30 22:57:32 Image size of job updated: 1606608
	1569  -  MemoryUsage of job (MB)
	1606608  -  ResidentSetSize of job (KB)
...
006 (2575895.000.000) 2025-07-30 23:02:32 Image size of job updated: 1611724
	1574  -  MemoryUsage of job (MB)
	1611724  -  ResidentSetSize of job (KB)
...
006 (2575895.000.000) 2025-07-30 23:07:33 Image size of job updated: 1622400
	1585  -  MemoryUsage of job (MB)
	1622400  -  ResidentSetSize of job (KB)
...
006 (2575895.000.000) 2025-07-30 23:12:33 Image size of job updated: 1639852
	1602  -  MemoryUsage of job (MB)
	1639852  -  ResidentSetSize of job (KB)
...
006 (2575895.000.000) 2025-07-30 23:17:33 Image size of job updated: 1643436
	1605  -  MemoryUsage of job (MB)
	1643436  -  ResidentSetSize of job (KB)
...
006 (2575895.000.000) 2025-07-30 23:22:34 Image size of job updated: 1931160
	1886  -  MemoryUsage of job (MB)
	1931160  -  ResidentSetSize of job (KB)
...
006 (2575895.000.000) 2025-07-30 23:27:35 Image size of job updated: 1934016
	1889  -  MemoryUsage of job (MB)
	1934016  -  ResidentSetSize of job (KB)
...
006 (2575895.000.000) 2025-07-30 23:32:35 Image size of job updated: 1936496
	1892  -  MemoryUsage of job (MB)
	1936496  -  ResidentSetSize of job (KB)
...
006 (2575895.000.000) 2025-07-30 23:37:35 Image size of job updated: 1939448
	1894  -  MemoryUsage of job (MB)
	1939448  -  ResidentSetSize of job (KB)
...
006 (2575895.000.000) 2025-07-30 23:42:36 Image size of job updated: 1942716
	1898  -  MemoryUsage of job (MB)
	1942716  -  ResidentSetSize of job (KB)
...
006 (2575895.000.000) 2025-07-30 23:47:37 Image size of job updated: 1945488
	1900  -  MemoryUsage of job (MB)
	1945488  -  ResidentSetSize of job (KB)
...
006 (2575895.000.000) 2025-07-30 23:52:37 Image size of job updated: 1948076
	1903  -  MemoryUsage of job (MB)
	1948076  -  ResidentSetSize of job (KB)
...
006 (2575895.000.000) 2025-07-30 23:57:38 Image size of job updated: 1950228
	1905  -  MemoryUsage of job (MB)
	1950228  -  ResidentSetSize of job (KB)
...
006 (2575895.000.000) 2025-07-31 00:02:39 Image size of job updated: 1951992
	1907  -  MemoryUsage of job (MB)
	1951992  -  ResidentSetSize of job (KB)
...
006 (2575895.000.000) 2025-07-31 00:07:39 Image size of job updated: 1954308
	1909  -  MemoryUsage of job (MB)
	1954308  -  ResidentSetSize of job (KB)
...
006 (2575895.000.000) 2025-07-31 00:12:39 Image size of job updated: 1956660
	1911  -  MemoryUsage of job (MB)
	1956660  -  ResidentSetSize of job (KB)
...
006 (2575895.000.000) 2025-07-31 00:17:40 Image size of job updated: 1958328
	1913  -  MemoryUsage of job (MB)
	1958328  -  ResidentSetSize of job (KB)
...
006 (2575895.000.000) 2025-07-31 00:22:41 Image size of job updated: 2016076
	1913  -  MemoryUsage of job (MB)
	1958328  -  ResidentSetSize of job (KB)
...
006 (2575895.000.000) 2025-07-31 00:42:43 Image size of job updated: 2016076
	1914  -  MemoryUsage of job (MB)
	1959008  -  ResidentSetSize of job (KB)
...
006 (2575895.000.000) 2025-07-31 00:47:43 Image size of job updated: 2016076
	1915  -  MemoryUsage of job (MB)
	1960220  -  ResidentSetSize of job (KB)
...
006 (2575895.000.000) 2025-07-31 00:52:43 Image size of job updated: 2016076
	1916  -  MemoryUsage of job (MB)
	1961408  -  ResidentSetSize of job (KB)
...
006 (2575895.000.000) 2025-07-31 00:57:44 Image size of job updated: 2016076
	1917  -  MemoryUsage of job (MB)
	1962880  -  ResidentSetSize of job (KB)
...
006 (2575895.000.000) 2025-07-31 01:02:45 Image size of job updated: 2016076
	1919  -  MemoryUsage of job (MB)
	1964096  -  ResidentSetSize of job (KB)
...
006 (2575895.000.000) 2025-07-31 01:07:45 Image size of job updated: 2016076
	1920  -  MemoryUsage of job (MB)
	1965808  -  ResidentSetSize of job (KB)
...
006 (2575895.000.000) 2025-07-31 01:12:45 Image size of job updated: 2016076
	1921  -  MemoryUsage of job (MB)
	1966776  -  ResidentSetSize of job (KB)
...
006 (2575895.000.000) 2025-07-31 01:17:46 Image size of job updated: 2016076
	1923  -  MemoryUsage of job (MB)
	1968248  -  ResidentSetSize of job (KB)
...
006 (2575895.000.000) 2025-07-31 01:22:47 Image size of job updated: 2057180
	2009  -  MemoryUsage of job (MB)
	2056368  -  ResidentSetSize of job (KB)
...
006 (2575895.000.000) 2025-07-31 01:27:47 Image size of job updated: 2057184
	2009  -  MemoryUsage of job (MB)
	2057184  -  ResidentSetSize of job (KB)
...
006 (2575895.000.000) 2025-07-31 01:32:48 Image size of job updated: 2057924
	2010  -  MemoryUsage of job (MB)
	2057924  -  ResidentSetSize of job (KB)
...
006 (2575895.000.000) 2025-07-31 01:37:49 Image size of job updated: 2058676
	2010  -  MemoryUsage of job (MB)
	2057924  -  ResidentSetSize of job (KB)
...
006 (2575895.000.000) 2025-07-31 01:42:49 Image size of job updated: 2058676
	2011  -  MemoryUsage of job (MB)
	2058512  -  ResidentSetSize of job (KB)
...
006 (2575895.000.000) 2025-07-31 01:47:49 Image size of job updated: 2059540
	2012  -  MemoryUsage of job (MB)
	2059540  -  ResidentSetSize of job (KB)
...
006 (2575895.000.000) 2025-07-31 01:52:50 Image size of job updated: 2060180
	2012  -  MemoryUsage of job (MB)
	2060180  -  ResidentSetSize of job (KB)
...
006 (2575895.000.000) 2025-07-31 01:57:51 Image size of job updated: 2060832
	2013  -  MemoryUsage of job (MB)
	2060832  -  ResidentSetSize of job (KB)
...
006 (2575895.000.000) 2025-07-31 02:02:51 Image size of job updated: 2061480
	2014  -  MemoryUsage of job (MB)
	2061480  -  ResidentSetSize of job (KB)
...
006 (2575895.000.000) 2025-07-31 02:07:51 Image size of job updated: 2062164
	2014  -  MemoryUsage of job (MB)
	2062164  -  ResidentSetSize of job (KB)
...
006 (2575895.000.000) 2025-07-31 02:12:52 Image size of job updated: 2062932
	2015  -  MemoryUsage of job (MB)
	2062932  -  ResidentSetSize of job (KB)
...
006 (2575895.000.000) 2025-07-31 02:17:53 Image size of job updated: 2063496
	2016  -  MemoryUsage of job (MB)
	2063496  -  ResidentSetSize of job (KB)
...
006 (2575895.000.000) 2025-07-31 02:21:09 Image size of job updated: 2134216
	2016  -  MemoryUsage of job (MB)
	2063496  -  ResidentSetSize of job (KB)
...
005 (2575895.000.000) 2025-07-31 02:21:09 Job terminated.
	(1) Normal termination (return value 0)
		Usr 7 06:40:42, Sys 0 00:02:00  -  Run Remote Usage
		Usr 0 00:00:00, Sys 0 00:00:00  -  Run Local Usage
		Usr 7 06:40:42, Sys 0 00:02:00  -  Total Remote Usage
		Usr 0 00:00:00, Sys 0 00:00:00  -  Total Local Usage
	0  -  Run Bytes Sent By Job
	0  -  Run Bytes Received By Job
	0  -  Total Bytes Sent By Job
	0  -  Total Bytes Received By Job
	Partitionable Resources :    Usage  Request Allocated 
	   Cpus                 :     1.66       64        64 
	   Disk (KB)            : 17500    16777216  16779836 
	   GPUs                 :                           0 
	   Memory (MB)          :  2016       16384     16384 
	   TimeExecute (s)      : 14635                       
	   TimeSlotBusy (s)     : 14635                       

	Job terminated of its own accord at 2025-07-31T00:21:09Z with exit-code 0.
...
