self.parameters_ref
{'chirp_mass': 2.0272715949909377, 'mass_ratio': 0.3699999999999999, 'symmetric_mass_ratio': 0.19713357131440137, 'a_1': 0.0, 'a_2': 0.0, 'tilt_1': 0.0, 'tilt_2': 0.0, 'phi_jl': 0.0, 'phi_12': 0.0, 'luminosity_distance': 201.0, 'phase': 1.3576488959769972, 'theta_jn': 2.323517520938953, 'psi': 0.030083409062676092, 'ra': 1.121307208346961, 'dec': 0.22562961827621178, 'lambda_1': 0.0, 'lambda_2': 0.0, 'mass_1': 3.920441829732034, 'mass_2': 1.4505634770008522, 'geocent_time': 1369419318.7460938, 'duration': 128.0}
10903it [0:00:28 bound:0 nc:  7 ncall:5.9e+04 eff:18.5% logz-ratio=-1.64+/-0.02 dlogz:41.637>0.1]
14717it [0:01:35 bound:4 nc:640 ncall:2.4e+05 eff:6.1% logz-ratio=-0.72+/-0.02 dlogz:39.781>0.1]
15224it [0:02:41 bound:12 nc:917 ncall:6.1e+05 eff:2.5% logz-ratio=-0.60+/-0.02 dlogz:39.538>0.1]
15732it [0:03:47 bound:20 nc:619 ncall:9.9e+05 eff:1.6% logz-ratio=-0.48+/-0.02 dlogz:39.293>0.1]
16241it [0:04:55 bound:28 nc:607 ncall:1.4e+06 eff:1.2% logz-ratio=-0.36+/-0.02 dlogz:45.290>0.1]
16745it [0:06:04 bound:36 nc:800 ncall:1.8e+06 eff:1.0% logz-ratio=-0.24+/-0.02 dlogz:45.047>0.1]
17252it [0:07:12 bound:44 nc:810 ncall:2.1e+06 eff:0.8% logz-ratio=-0.11+/-0.02 dlogz:44.800>0.1]
17697it [0:08:14 bound:51 nc:848 ncall:2.5e+06 eff:0.7% logz-ratio=-0.00+/-0.02 dlogz:44.582>0.1]
18143it [0:09:17 bound:58 nc:712 ncall:2.8e+06 eff:0.6% logz-ratio=0.11+/-0.03 dlogz:44.360>0.1]
18586it [0:10:21 bound:65 nc:660 ncall:3.2e+06 eff:0.6% logz-ratio=0.23+/-0.03 dlogz:44.135>0.1]
19032it [0:11:24 bound:72 nc:1220 ncall:3.5e+06 eff:0.5% logz-ratio=0.35+/-0.03 dlogz:43.906>0.1]
19476it [0:12:26 bound:79 nc:1820 ncall:3.8e+06 eff:0.5% logz-ratio=0.47+/-0.03 dlogz:43.673>0.1]
19915it [0:13:30 bound:86 nc:955 ncall:4.2e+06 eff:0.5% logz-ratio=0.60+/-0.03 dlogz:43.439>0.1]
20355it [0:14:36 bound:93 nc:661 ncall:4.5e+06 eff:0.4% logz-ratio=0.73+/-0.03 dlogz:43.197>0.1]
20800it [0:15:37 bound:100 nc:846 ncall:4.9e+06 eff:0.4% logz-ratio=0.88+/-0.03 dlogz:42.945>0.1]
21248it [0:16:40 bound:107 nc:919 ncall:5.2e+06 eff:0.4% logz-ratio=1.03+/-0.03 dlogz:42.684>0.1]
21692it [0:17:42 bound:114 nc:1050 ncall:5.6e+06 eff:0.4% logz-ratio=1.19+/-0.03 dlogz:42.852>0.1]
22139it [0:18:46 bound:121 nc:808 ncall:5.9e+06 eff:0.4% logz-ratio=1.36+/-0.03 dlogz:42.573>0.1]
22584it [0:19:50 bound:128 nc:788 ncall:6.2e+06 eff:0.4% logz-ratio=1.54+/-0.03 dlogz:42.283>0.1]
23025it [0:20:56 bound:135 nc:806 ncall:6.6e+06 eff:0.3% logz-ratio=1.73+/-0.03 dlogz:41.985>0.1]
23469it [0:22:01 bound:142 nc:869 ncall:6.9e+06 eff:0.3% logz-ratio=1.94+/-0.03 dlogz:41.669>0.1]
23912it [0:23:08 bound:149 nc:691 ncall:7.3e+06 eff:0.3% logz-ratio=2.15+/-0.03 dlogz:47.602>0.1]
24355it [0:24:17 bound:156 nc:814 ncall:7.6e+06 eff:0.3% logz-ratio=2.38+/-0.03 dlogz:47.266>0.1]
24798it [0:25:23 bound:163 nc:820 ncall:8.0e+06 eff:0.3% logz-ratio=2.62+/-0.04 dlogz:46.919>0.1]
25244it [0:26:29 bound:170 nc:874 ncall:8.3e+06 eff:0.3% logz-ratio=2.87+/-0.04 dlogz:46.560>0.1]
25687it [0:27:38 bound:177 nc:722 ncall:8.7e+06 eff:0.3% logz-ratio=3.13+/-0.04 dlogz:46.186>0.1]
26133it [0:28:45 bound:184 nc:925 ncall:9.0e+06 eff:0.3% logz-ratio=3.41+/-0.04 dlogz:45.803>0.1]
26577it [0:29:52 bound:191 nc:901 ncall:9.3e+06 eff:0.3% logz-ratio=3.69+/-0.04 dlogz:45.408>0.1]
27020it [0:30:58 bound:198 nc:797 ncall:9.7e+06 eff:0.3% logz-ratio=4.00+/-0.04 dlogz:44.997>0.1]
27463it [0:32:06 bound:205 nc:731 ncall:1.0e+07 eff:0.3% logz-ratio=4.31+/-0.04 dlogz:44.571>0.1]
27907it [0:33:15 bound:212 nc:296 ncall:1.0e+07 eff:0.3% logz-ratio=4.63+/-0.04 dlogz:44.143>0.1]
28349it [0:34:22 bound:219 nc:808 ncall:1.1e+07 eff:0.3% logz-ratio=4.96+/-0.04 dlogz:43.712>0.1]
28789it [0:35:29 bound:226 nc:871 ncall:1.1e+07 eff:0.3% logz-ratio=5.28+/-0.04 dlogz:43.281>0.1]
29230it [0:36:39 bound:233 nc:836 ncall:1.1e+07 eff:0.3% logz-ratio=5.61+/-0.04 dlogz:42.843>0.1]
29612it [0:37:41 bound:239 nc:999 ncall:1.2e+07 eff:0.3% logz-ratio=5.90+/-0.04 dlogz:42.456>0.1]
30053it [0:38:50 bound:246 nc:710 ncall:1.2e+07 eff:0.2% logz-ratio=6.26+/-0.04 dlogz:41.995>0.1]
30497it [0:39:59 bound:253 nc:697 ncall:1.2e+07 eff:0.2% logz-ratio=6.63+/-0.04 dlogz:41.518>0.1]
30873it [0:41:00 bound:259 nc:345 ncall:1.3e+07 eff:0.2% logz-ratio=6.95+/-0.04 dlogz:41.104>0.1]
31315it [0:42:08 bound:266 nc:817 ncall:1.3e+07 eff:0.2% logz-ratio=7.33+/-0.04 dlogz:40.616>0.1]
31694it [0:43:11 bound:272 nc:885 ncall:1.3e+07 eff:0.2% logz-ratio=7.66+/-0.04 dlogz:40.194>0.1]
32071it [0:44:12 bound:278 nc:1422 ncall:1.4e+07 eff:0.2% logz-ratio=8.00+/-0.04 dlogz:39.765>0.1]
32452it [0:45:16 bound:284 nc:1270 ncall:1.4e+07 eff:0.2% logz-ratio=8.35+/-0.04 dlogz:39.317>0.1]
32891it [0:46:25 bound:291 nc:1000 ncall:1.4e+07 eff:0.2% logz-ratio=8.77+/-0.04 dlogz:38.790>0.1]
33282it [0:47:25 bound:297 nc:387 ncall:1.4e+07 eff:0.2% logz-ratio=9.14+/-0.04 dlogz:39.202>0.1]
33648it [0:48:26 bound:303 nc:682 ncall:1.5e+07 eff:0.2% logz-ratio=9.48+/-0.04 dlogz:38.770>0.1]
34087it [0:49:36 bound:310 nc:830 ncall:1.5e+07 eff:0.2% logz-ratio=9.90+/-0.05 dlogz:38.243>0.1]
34467it [0:50:40 bound:316 nc:530 ncall:1.5e+07 eff:0.2% logz-ratio=10.27+/-0.05 dlogz:37.787>0.1]
34846it [0:51:45 bound:322 nc:440 ncall:1.6e+07 eff:0.2% logz-ratio=10.63+/-0.05 dlogz:37.335>0.1]
35225it [0:52:48 bound:328 nc:788 ncall:1.6e+07 eff:0.2% logz-ratio=10.99+/-0.05 dlogz:36.874>0.1]
35603it [0:53:50 bound:334 nc:957 ncall:1.6e+07 eff:0.2% logz-ratio=11.36+/-0.05 dlogz:36.411>0.1]
35977it [0:54:51 bound:340 nc:552 ncall:1.7e+07 eff:0.2% logz-ratio=11.73+/-0.05 dlogz:35.956>0.1]
36414it [0:55:59 bound:347 nc:990 ncall:1.7e+07 eff:0.2% logz-ratio=12.15+/-0.05 dlogz:35.425>0.1]
36789it [0:57:05 bound:353 nc:383 ncall:1.7e+07 eff:0.2% logz-ratio=12.53+/-0.05 dlogz:34.959>0.1]
37165it [0:58:10 bound:359 nc:871 ncall:1.7e+07 eff:0.2% logz-ratio=12.90+/-0.05 dlogz:34.491>0.1]
37535it [0:59:17 bound:365 nc:1084 ncall:1.8e+07 eff:0.2% logz-ratio=13.27+/-0.05 dlogz:34.037>0.1]
37866it [1:00:55 bound:370 nc:961 ncall:1.8e+07 eff:0.2% logz-ratio=13.60+/-0.05 dlogz:33.619>0.1]
38228it [1:02:01 bound:376 nc:522 ncall:1.8e+07 eff:0.2% logz-ratio=13.99+/-0.05 dlogz:33.146>0.1]
38600it [1:03:11 bound:382 nc:986 ncall:1.9e+07 eff:0.2% logz-ratio=14.39+/-0.05 dlogz:32.653>0.1]
38971it [1:04:15 bound:388 nc:535 ncall:1.9e+07 eff:0.2% logz-ratio=14.80+/-0.05 dlogz:32.154>0.1]
39349it [1:05:21 bound:394 nc:438 ncall:1.9e+07 eff:0.2% logz-ratio=15.20+/-0.05 dlogz:31.658>0.1]
39720it [1:06:30 bound:400 nc:954 ncall:2.0e+07 eff:0.2% logz-ratio=15.60+/-0.05 dlogz:31.312>0.1]
40092it [1:07:33 bound:406 nc:1263 ncall:2.0e+07 eff:0.2% logz-ratio=16.00+/-0.05 dlogz:30.821>0.1]
40465it [1:08:40 bound:412 nc:844 ncall:2.0e+07 eff:0.2% logz-ratio=16.40+/-0.05 dlogz:35.036>0.1]
40839it [1:09:47 bound:418 nc:868 ncall:2.0e+07 eff:0.2% logz-ratio=16.81+/-0.05 dlogz:34.540>0.1]
41214it [1:10:50 bound:424 nc:587 ncall:2.1e+07 eff:0.2% logz-ratio=17.21+/-0.05 dlogz:34.047>0.1]
41580it [1:11:56 bound:430 nc:732 ncall:2.1e+07 eff:0.2% logz-ratio=17.60+/-0.05 dlogz:33.566>0.1]
41951it [1:13:06 bound:436 nc:721 ncall:2.1e+07 eff:0.2% logz-ratio=17.99+/-0.05 dlogz:33.084>0.1]
42320it [1:14:11 bound:442 nc:232 ncall:2.2e+07 eff:0.2% logz-ratio=18.38+/-0.05 dlogz:32.606>0.1]
42692it [1:15:18 bound:448 nc:507 ncall:2.2e+07 eff:0.2% logz-ratio=18.76+/-0.05 dlogz:32.131>0.1]
43060it [1:16:27 bound:454 nc:1708 ncall:2.2e+07 eff:0.2% logz-ratio=19.15+/-0.05 dlogz:31.653>0.1]
43433it [1:17:32 bound:460 nc:509 ncall:2.3e+07 eff:0.2% logz-ratio=19.55+/-0.05 dlogz:31.166>0.1]
43808it [1:18:42 bound:466 nc:879 ncall:2.3e+07 eff:0.2% logz-ratio=19.93+/-0.05 dlogz:30.692>0.1]
44180it [1:19:50 bound:472 nc:814 ncall:2.3e+07 eff:0.2% logz-ratio=20.31+/-0.05 dlogz:30.226>0.1]
44550it [1:20:59 bound:478 nc:968 ncall:2.4e+07 eff:0.2% logz-ratio=20.68+/-0.05 dlogz:29.757>0.1]
44914it [1:22:10 bound:484 nc:369 ncall:2.4e+07 eff:0.2% logz-ratio=21.05+/-0.05 dlogz:29.299>0.1]
45285it [1:23:20 bound:490 nc:725 ncall:2.4e+07 eff:0.2% logz-ratio=21.44+/-0.05 dlogz:28.823>0.1]
45655it [1:24:28 bound:496 nc:734 ncall:2.5e+07 eff:0.2% logz-ratio=21.81+/-0.05 dlogz:28.358>0.1]
46025it [1:25:37 bound:502 nc:887 ncall:2.5e+07 eff:0.2% logz-ratio=22.19+/-0.05 dlogz:27.896>0.1]
46392it [1:26:48 bound:508 nc:754 ncall:2.5e+07 eff:0.2% logz-ratio=22.55+/-0.05 dlogz:27.445>0.1]
46757it [1:27:54 bound:514 nc:781 ncall:2.6e+07 eff:0.2% logz-ratio=22.91+/-0.05 dlogz:26.990>0.1]
47128it [1:29:04 bound:520 nc:947 ncall:2.6e+07 eff:0.2% logz-ratio=23.29+/-0.05 dlogz:26.524>0.1]
47424it [1:30:07 bound:525 nc:1112 ncall:2.6e+07 eff:0.2% logz-ratio=23.58+/-0.05 dlogz:26.155>0.1]
47785it [1:31:15 bound:531 nc:676 ncall:2.7e+07 eff:0.2% logz-ratio=23.94+/-0.05 dlogz:25.716>0.1]
48150it [1:32:24 bound:537 nc:698 ncall:2.7e+07 eff:0.2% logz-ratio=24.29+/-0.05 dlogz:25.270>0.1]
48512it [1:33:33 bound:543 nc:863 ncall:2.7e+07 eff:0.2% logz-ratio=24.64+/-0.05 dlogz:24.836>0.1]
48818it [1:34:34 bound:548 nc:519 ncall:2.7e+07 eff:0.2% logz-ratio=24.93+/-0.05 dlogz:24.466>0.1]
49179it [1:35:43 bound:554 nc:809 ncall:2.8e+07 eff:0.2% logz-ratio=25.28+/-0.05 dlogz:24.032>0.1]
49549it [1:36:54 bound:560 nc:880 ncall:2.8e+07 eff:0.2% logz-ratio=25.63+/-0.05 dlogz:23.593>0.1]
49912it [1:38:06 bound:566 nc:930 ncall:2.8e+07 eff:0.2% logz-ratio=25.95+/-0.05 dlogz:23.178>0.1]
50282it [1:39:15 bound:572 nc:1461 ncall:2.9e+07 eff:0.2% logz-ratio=26.28+/-0.05 dlogz:22.761>0.1]
50653it [1:40:26 bound:578 nc:741 ncall:2.9e+07 eff:0.2% logz-ratio=26.61+/-0.06 dlogz:22.339>0.1]
51026it [1:41:37 bound:584 nc:1307 ncall:2.9e+07 eff:0.2% logz-ratio=26.94+/-0.06 dlogz:22.154>0.1]
51333it [1:42:37 bound:589 nc:868 ncall:3.0e+07 eff:0.2% logz-ratio=27.21+/-0.06 dlogz:21.811>0.1]
51639it [1:43:38 bound:594 nc:533 ncall:3.0e+07 eff:0.2% logz-ratio=27.47+/-0.06 dlogz:22.266>0.1]
51942it [1:44:40 bound:599 nc:798 ncall:3.0e+07 eff:0.2% logz-ratio=27.73+/-0.06 dlogz:21.934>0.1]
52300it [1:45:48 bound:605 nc:734 ncall:3.1e+07 eff:0.2% logz-ratio=28.04+/-0.06 dlogz:21.538>0.1]
52652it [1:46:58 bound:611 nc:848 ncall:3.1e+07 eff:0.2% logz-ratio=28.35+/-0.06 dlogz:21.148>0.1]
53015it [1:48:10 bound:617 nc:826 ncall:3.1e+07 eff:0.2% logz-ratio=28.65+/-0.06 dlogz:23.362>0.1]
53373it [1:49:20 bound:623 nc:416 ncall:3.2e+07 eff:0.2% logz-ratio=28.95+/-0.06 dlogz:22.975>0.1]
53679it [1:50:24 bound:628 nc:580 ncall:3.2e+07 eff:0.2% logz-ratio=29.22+/-0.06 dlogz:22.637>0.1]
54039it [1:51:35 bound:634 nc:683 ncall:3.2e+07 eff:0.2% logz-ratio=29.52+/-0.06 dlogz:22.242>0.1]
54338it [1:52:37 bound:639 nc:1030 ncall:3.3e+07 eff:0.2% logz-ratio=29.78+/-0.06 dlogz:21.917>0.1]
54634it [1:53:38 bound:644 nc:997 ncall:3.3e+07 eff:0.2% logz-ratio=30.02+/-0.06 dlogz:21.597>0.1]
54928it [1:54:38 bound:649 nc:355 ncall:3.3e+07 eff:0.2% logz-ratio=30.27+/-0.06 dlogz:21.283>0.1]
55287it [1:55:48 bound:655 nc:1229 ncall:3.4e+07 eff:0.2% logz-ratio=30.56+/-0.06 dlogz:20.897>0.1]
55582it [1:56:50 bound:660 nc:1116 ncall:3.4e+07 eff:0.2% logz-ratio=30.80+/-0.06 dlogz:20.585>0.1]
55881it [1:57:55 bound:665 nc:1722 ncall:3.4e+07 eff:0.2% logz-ratio=31.04+/-0.06 dlogz:20.276>0.1]
56241it [1:59:06 bound:671 nc:1287 ncall:3.5e+07 eff:0.2% logz-ratio=31.32+/-0.06 dlogz:19.913>0.1]
56606it [2:00:15 bound:677 nc:2279 ncall:3.5e+07 eff:0.2% logz-ratio=31.60+/-0.06 dlogz:19.544>0.1]
56731it [2:01:39 bound:679 nc:1245 ncall:3.5e+07 eff:0.2% logz-ratio=31.69+/-0.06 dlogz:19.417>0.1]
57030it [2:02:41 bound:684 nc:1117 ncall:3.5e+07 eff:0.2% logz-ratio=31.92+/-0.06 dlogz:19.114>0.1]
57333it [2:03:42 bound:689 nc:827 ncall:3.6e+07 eff:0.2% logz-ratio=32.16+/-0.06 dlogz:18.801>0.1]
57691it [2:04:51 bound:695 nc:826 ncall:3.6e+07 eff:0.2% logz-ratio=32.45+/-0.06 dlogz:18.428>0.1]
58055it [2:06:02 bound:701 nc:1202 ncall:3.6e+07 eff:0.2% logz-ratio=32.73+/-0.06 dlogz:18.056>0.1]
58350it [2:07:02 bound:706 nc:588 ncall:3.7e+07 eff:0.2% logz-ratio=32.96+/-0.06 dlogz:17.755>0.1]
58650it [2:08:05 bound:711 nc:618 ncall:3.7e+07 eff:0.2% logz-ratio=33.19+/-0.06 dlogz:17.450>0.1]
59000it [2:09:16 bound:717 nc:1058 ncall:3.7e+07 eff:0.2% logz-ratio=33.46+/-0.06 dlogz:17.097>0.1]
59282it [2:10:17 bound:722 nc:663 ncall:3.8e+07 eff:0.2% logz-ratio=33.67+/-0.06 dlogz:16.814>0.1]
59572it [2:11:19 bound:727 nc:832 ncall:3.8e+07 eff:0.2% logz-ratio=33.89+/-0.06 dlogz:16.528>0.1]
59868it [2:12:19 bound:732 nc:1544 ncall:3.8e+07 eff:0.2% logz-ratio=34.10+/-0.06 dlogz:16.245>0.1]
60162it [2:13:20 bound:737 nc:836 ncall:3.8e+07 eff:0.2% logz-ratio=34.30+/-0.06 dlogz:16.350>0.1]
60466it [2:14:23 bound:742 nc:1424 ncall:3.9e+07 eff:0.2% logz-ratio=34.51+/-0.06 dlogz:16.065>0.1]
60816it [2:15:33 bound:748 nc:835 ncall:3.9e+07 eff:0.2% logz-ratio=34.75+/-0.06 dlogz:15.741>0.1]
61107it [2:16:34 bound:753 nc:1529 ncall:3.9e+07 eff:0.2% logz-ratio=34.95+/-0.06 dlogz:15.924>0.1]
61395it [2:17:34 bound:758 nc:1078 ncall:4.0e+07 eff:0.2% logz-ratio=35.15+/-0.06 dlogz:15.657>0.1]
61689it [2:18:36 bound:763 nc:1781 ncall:4.0e+07 eff:0.2% logz-ratio=35.35+/-0.06 dlogz:15.837>0.1]
62043it [2:19:49 bound:769 nc:958 ncall:4.0e+07 eff:0.2% logz-ratio=35.59+/-0.06 dlogz:15.515>0.1]
62336it [2:20:51 bound:774 nc:762 ncall:4.1e+07 eff:0.2% logz-ratio=35.78+/-0.06 dlogz:15.926>0.1]
62624it [2:21:54 bound:779 nc:1865 ncall:4.1e+07 eff:0.2% logz-ratio=35.96+/-0.06 dlogz:16.176>0.1]
62913it [2:22:55 bound:784 nc:404 ncall:4.1e+07 eff:0.2% logz-ratio=36.15+/-0.06 dlogz:15.919>0.1]
63205it [2:23:58 bound:789 nc:1219 ncall:4.2e+07 eff:0.2% logz-ratio=36.33+/-0.06 dlogz:15.665>0.1]
63504it [2:25:01 bound:794 nc:1046 ncall:4.2e+07 eff:0.2% logz-ratio=36.51+/-0.06 dlogz:15.409>0.1]
63795it [2:26:02 bound:799 nc:539 ncall:4.2e+07 eff:0.2% logz-ratio=36.69+/-0.06 dlogz:15.161>0.1]
64084it [2:27:05 bound:804 nc:1871 ncall:4.3e+07 eff:0.2% logz-ratio=36.86+/-0.06 dlogz:14.917>0.1]
64372it [2:28:07 bound:809 nc:1299 ncall:4.3e+07 eff:0.1% logz-ratio=37.04+/-0.06 dlogz:14.674>0.1]
64667it [2:29:11 bound:814 nc:1060 ncall:4.3e+07 eff:0.1% logz-ratio=37.21+/-0.06 dlogz:14.428>0.1]
64948it [2:30:12 bound:819 nc:556 ncall:4.4e+07 eff:0.1% logz-ratio=37.37+/-0.06 dlogz:14.199>0.1]
65236it [2:31:15 bound:824 nc:1573 ncall:4.4e+07 eff:0.1% logz-ratio=37.53+/-0.06 dlogz:13.966>0.1]
65518it [2:32:16 bound:829 nc:997 ncall:4.4e+07 eff:0.1% logz-ratio=37.69+/-0.06 dlogz:13.741>0.1]
65800it [2:33:19 bound:834 nc:630 ncall:4.4e+07 eff:0.1% logz-ratio=37.84+/-0.06 dlogz:13.518>0.1]
66082it [2:34:21 bound:839 nc:1114 ncall:4.5e+07 eff:0.1% logz-ratio=38.00+/-0.06 dlogz:13.295>0.1]
66373it [2:35:25 bound:844 nc:2313 ncall:4.5e+07 eff:0.1% logz-ratio=38.15+/-0.06 dlogz:13.068>0.1]
66656it [2:36:31 bound:849 nc:1386 ncall:4.5e+07 eff:0.1% logz-ratio=38.30+/-0.06 dlogz:12.849>0.1]
66937it [2:37:35 bound:854 nc:1402 ncall:4.6e+07 eff:0.1% logz-ratio=38.45+/-0.06 dlogz:12.635>0.1]
67215it [2:38:40 bound:859 nc:1685 ncall:4.6e+07 eff:0.1% logz-ratio=38.59+/-0.06 dlogz:12.426>0.1]
67509it [2:39:43 bound:864 nc:1222 ncall:4.6e+07 eff:0.1% logz-ratio=38.74+/-0.06 dlogz:12.207>0.1]
67788it [2:40:49 bound:869 nc:2221 ncall:4.7e+07 eff:0.1% logz-ratio=38.87+/-0.06 dlogz:12.003>0.1]
68076it [2:41:54 bound:874 nc:1027 ncall:4.7e+07 eff:0.1% logz-ratio=39.01+/-0.06 dlogz:11.794>0.1]
68358it [2:43:00 bound:879 nc:1069 ncall:4.7e+07 eff:0.1% logz-ratio=39.14+/-0.06 dlogz:11.594>0.1]
68639it [2:44:04 bound:884 nc:539 ncall:4.8e+07 eff:0.1% logz-ratio=39.27+/-0.06 dlogz:11.395>0.1]
68927it [2:45:11 bound:889 nc:776 ncall:4.8e+07 eff:0.1% logz-ratio=39.41+/-0.06 dlogz:11.192>0.1]
69216it [2:46:16 bound:894 nc:985 ncall:4.8e+07 eff:0.1% logz-ratio=39.54+/-0.06 dlogz:10.988>0.1]
69503it [2:47:21 bound:899 nc:797 ncall:4.9e+07 eff:0.1% logz-ratio=39.67+/-0.06 dlogz:10.790>0.1]
69793it [2:48:25 bound:904 nc:1019 ncall:4.9e+07 eff:0.1% logz-ratio=39.80+/-0.06 dlogz:10.591>0.1]
70069it [2:49:29 bound:909 nc:1148 ncall:4.9e+07 eff:0.1% logz-ratio=39.91+/-0.06 dlogz:11.598>0.1]
70344it [2:50:34 bound:914 nc:691 ncall:5.0e+07 eff:0.1% logz-ratio=40.03+/-0.06 dlogz:11.416>0.1]
70632it [2:51:38 bound:919 nc:901 ncall:5.0e+07 eff:0.1% logz-ratio=40.15+/-0.06 dlogz:11.227>0.1]
70915it [2:52:45 bound:924 nc:2027 ncall:5.0e+07 eff:0.1% logz-ratio=40.26+/-0.06 dlogz:11.041>0.1]
71197it [2:53:51 bound:929 nc:985 ncall:5.1e+07 eff:0.1% logz-ratio=40.38+/-0.06 dlogz:10.859>0.1]
71473it [2:54:54 bound:934 nc:1157 ncall:5.1e+07 eff:0.1% logz-ratio=40.49+/-0.06 dlogz:10.683>0.1]
71755it [2:56:01 bound:939 nc:1226 ncall:5.1e+07 eff:0.1% logz-ratio=40.60+/-0.06 dlogz:10.505>0.1]
72037it [2:57:08 bound:944 nc:982 ncall:5.2e+07 eff:0.1% logz-ratio=40.70+/-0.06 dlogz:10.331>0.1]
72324it [2:58:14 bound:949 nc:447 ncall:5.2e+07 eff:0.1% logz-ratio=40.80+/-0.06 dlogz:10.157>0.1]
72606it [2:59:19 bound:954 nc:2308 ncall:5.2e+07 eff:0.1% logz-ratio=40.91+/-0.06 dlogz:9.987>0.1]
72894it [3:00:25 bound:959 nc:1422 ncall:5.3e+07 eff:0.1% logz-ratio=41.01+/-0.06 dlogz:9.816>0.1]
73126it [3:02:31 bound:963 nc:759 ncall:5.3e+07 eff:0.1% logz-ratio=41.09+/-0.06 dlogz:9.679>0.1]
73407it [3:03:40 bound:968 nc:1506 ncall:5.3e+07 eff:0.1% logz-ratio=41.18+/-0.06 dlogz:9.515>0.1]
73699it [3:04:45 bound:973 nc:1121 ncall:5.4e+07 eff:0.1% logz-ratio=41.28+/-0.06 dlogz:9.348>0.1]
73997it [3:05:53 bound:978 nc:1603 ncall:5.4e+07 eff:0.1% logz-ratio=41.37+/-0.06 dlogz:9.180>0.1]
74283it [3:07:03 bound:983 nc:1589 ncall:5.4e+07 eff:0.1% logz-ratio=41.46+/-0.06 dlogz:9.391>0.1]
74576it [3:08:10 bound:988 nc:3001 ncall:5.5e+07 eff:0.1% logz-ratio=41.55+/-0.06 dlogz:9.229>0.1]
74860it [3:09:15 bound:993 nc:1199 ncall:5.5e+07 eff:0.1% logz-ratio=41.64+/-0.06 dlogz:9.073>0.1]
75142it [3:10:24 bound:998 nc:1859 ncall:5.5e+07 eff:0.1% logz-ratio=41.72+/-0.06 dlogz:8.920>0.1]
75425it [3:11:30 bound:1003 nc:2131 ncall:5.6e+07 eff:0.1% logz-ratio=41.81+/-0.06 dlogz:8.768>0.1]
75708it [3:12:39 bound:1008 nc:2083 ncall:5.6e+07 eff:0.1% logz-ratio=41.89+/-0.06 dlogz:8.617>0.1]
75996it [3:13:47 bound:1013 nc:1022 ncall:5.6e+07 eff:0.1% logz-ratio=41.97+/-0.06 dlogz:8.466>0.1]
76281it [3:14:54 bound:1018 nc:745 ncall:5.7e+07 eff:0.1% logz-ratio=42.05+/-0.06 dlogz:8.319>0.1]
76567it [3:16:05 bound:1023 nc:1078 ncall:5.7e+07 eff:0.1% logz-ratio=42.12+/-0.06 dlogz:8.173>0.1]
76861it [3:17:09 bound:1028 nc:1036 ncall:5.8e+07 eff:0.1% logz-ratio=42.20+/-0.06 dlogz:8.026>0.1]
77149it [3:18:19 bound:1033 nc:2603 ncall:5.8e+07 eff:0.1% logz-ratio=42.27+/-0.07 dlogz:7.883>0.1]
77439it [3:19:30 bound:1038 nc:1698 ncall:5.8e+07 eff:0.1% logz-ratio=42.34+/-0.07 dlogz:7.741>0.1]
77726it [3:20:43 bound:1043 nc:1085 ncall:5.9e+07 eff:0.1% logz-ratio=42.41+/-0.07 dlogz:7.602>0.1]
78014it [3:21:53 bound:1048 nc:1194 ncall:5.9e+07 eff:0.1% logz-ratio=42.48+/-0.07 dlogz:7.464>0.1]
78304it [3:23:05 bound:1053 nc:1132 ncall:5.9e+07 eff:0.1% logz-ratio=42.55+/-0.07 dlogz:7.326>0.1]
78600it [3:24:15 bound:1058 nc:396 ncall:6.0e+07 eff:0.1% logz-ratio=42.61+/-0.07 dlogz:7.187>0.1]
78892it [3:25:27 bound:1063 nc:1040 ncall:6.0e+07 eff:0.1% logz-ratio=42.68+/-0.07 dlogz:7.051>0.1]
79183it [3:26:38 bound:1068 nc:2148 ncall:6.1e+07 eff:0.1% logz-ratio=42.74+/-0.07 dlogz:6.916>0.1]
79475it [3:27:51 bound:1073 nc:737 ncall:6.1e+07 eff:0.1% logz-ratio=42.80+/-0.07 dlogz:6.783>0.1]
79706it [3:28:51 bound:1077 nc:1816 ncall:6.1e+07 eff:0.1% logz-ratio=42.85+/-0.07 dlogz:6.678>0.1]
79999it [3:30:05 bound:1082 nc:580 ncall:6.2e+07 eff:0.1% logz-ratio=42.91+/-0.07 dlogz:6.546>0.1]
80236it [3:31:06 bound:1086 nc:2342 ncall:6.2e+07 eff:0.1% logz-ratio=42.96+/-0.07 dlogz:6.440>0.1]
80490it [3:32:06 bound:1090 nc:2656 ncall:6.2e+07 eff:0.1% logz-ratio=43.01+/-0.07 dlogz:6.327>0.1]
80757it [3:33:19 bound:1095 nc:1058 ncall:6.3e+07 eff:0.1% logz-ratio=43.06+/-0.07 dlogz:6.210>0.1]
