000 (2587882.000.000) 2025-08-06 10:21:33 Job submitted from host: <145.107.7.246:9618?addrs=145.107.7.246-9618+[2a07-8500-120-e070--3f6]-9618&alias=taai-007.nikhef.nl&noUDP&sock=schedd_2614_90a7>
...
001 (2587882.000.000) 2025-08-06 10:29:38 Job executing on host: <145.107.4.166:9618?addrs=145.107.4.166-9618+[2a07-8500-120-e070--a6]-9618&alias=wn-pijl-005.nikhef.nl&noUDP&sock=startd_4117_7f7f>
	SlotName: slot1_1@wn-pijl-005.nikhef.nl
	AvailableGPUs = { GPUs_GPU_3e642e18_5efd_af40_3ee1_f1553d6fb7f8 }
	CondorScratchDir = "/scratch/condor_execute/dir_212925"
	Cpus = 1
	Disk = 16790366
	GPUs = 1
	GPUs_GPU_3e642e18_5efd_af40_3ee1_f1553d6fb7f8 = [ Id = "GPU-3e642e18-5efd-af40-3ee1-f1553d6fb7f8"; ClockMhz = 2520.0; Capability = 8.9; CoresPerCU = 128; DeviceName = "NVIDIA L40S"; DeviceUuid = "3e642e18-5efd-af40-3ee1-f1553d6fb7f8"; ECCEnabled = true; ComputeUnits = 142; NvidiaDriver = "570.124.06"; DriverVersion = 12.8; DevicePciBusId = "0000:01:00.0"; GlobalMemoryMb = 45468; MaxSupportedVersion = 12080 ]
	Memory = 16384
...
006 (2587882.000.000) 2025-08-06 10:29:52 Image size of job updated: 677292
	662  -  MemoryUsage of job (MB)
	677292  -  ResidentSetSize of job (KB)
...
006 (2587882.000.000) 2025-08-06 10:34:52 Image size of job updated: 715104
	697  -  MemoryUsage of job (MB)
	713184  -  ResidentSetSize of job (KB)
...
006 (2587882.000.000) 2025-08-06 10:38:41 Image size of job updated: 3548036
	697  -  MemoryUsage of job (MB)
	713184  -  ResidentSetSize of job (KB)
...
005 (2587882.000.000) 2025-08-06 10:38:41 Job terminated.
	(1) Normal termination (return value 0)
		Usr 0 00:09:09, Sys 0 00:00:37  -  Run Remote Usage
		Usr 0 00:00:00, Sys 0 00:00:00  -  Run Local Usage
		Usr 0 00:09:09, Sys 0 00:00:37  -  Total Remote Usage
		Usr 0 00:00:00, Sys 0 00:00:00  -  Total Local Usage
	0  -  Run Bytes Sent By Job
	0  -  Run Bytes Received By Job
	0  -  Total Bytes Sent By Job
	0  -  Total Bytes Received By Job
	Partitionable Resources :    Usage  Request Allocated Assigned
	   Cpus                 :     1.08        1         1 
	   Disk (KB)            : 17500    16777216  16790366 
	   GPUs                 :     0.10        1         1 "GPU-3e642e18-5efd-af40-3ee1-f1553d6fb7f8"
	   GpusMemory (MB)      : 35158                       
	   Memory (MB)          :   697       16384     16384 
	   TimeExecute (s)      :   543                       
	   TimeSlotBusy (s)     :   543                       

	Job terminated of its own accord at 2025-08-06T08:38:41Z with exit-code 0.
...
000 (2587972.000.000) 2025-08-06 13:58:37 Job submitted from host: <145.107.7.246:9618?addrs=145.107.7.246-9618+[2a07-8500-120-e070--3f6]-9618&alias=taai-007.nikhef.nl&noUDP&sock=schedd_2614_90a7>
...
001 (2587972.000.000) 2025-08-06 14:10:42 Job executing on host: <145.107.4.168:9618?addrs=145.107.4.168-9618+[2a07-8500-120-e070--a8]-9618&alias=wn-pijl-007.nikhef.nl&noUDP&sock=startd_4419_a519>
	SlotName: slot1_1@wn-pijl-007.nikhef.nl
	AvailableGPUs = { GPUs_GPU_8c0d809c_ed79_0f52_3d17_0196dc9a25a7 }
	CondorScratchDir = "/scratch/condor_execute/dir_3897771"
	Cpus = 1
	Disk = 16790397
	GPUs = 1
	GPUs_GPU_8c0d809c_ed79_0f52_3d17_0196dc9a25a7 = [ Id = "GPU-8c0d809c-ed79-0f52-3d17-0196dc9a25a7"; ClockMhz = 2520.0; Capability = 8.9; CoresPerCU = 128; DeviceName = "NVIDIA L40S"; DeviceUuid = "8c0d809c-ed79-0f52-3d17-0196dc9a25a7"; ECCEnabled = true; ComputeUnits = 142; NvidiaDriver = "570.124.06"; DriverVersion = 12.8; DevicePciBusId = "0000:01:00.0"; GlobalMemoryMb = 45468; MaxSupportedVersion = 12080 ]
	Memory = 16384
...
006 (2587972.000.000) 2025-08-06 14:10:56 Image size of job updated: 677540
	662  -  MemoryUsage of job (MB)
	677540  -  ResidentSetSize of job (KB)
...
006 (2587972.000.000) 2025-08-06 14:15:57 Image size of job updated: 687120
	670  -  MemoryUsage of job (MB)
	685876  -  ResidentSetSize of job (KB)
...
006 (2587972.000.000) 2025-08-06 14:20:57 Image size of job updated: 3648868
	3564  -  MemoryUsage of job (MB)
	3648868  -  ResidentSetSize of job (KB)
...
006 (2587972.000.000) 2025-08-06 14:25:57 Image size of job updated: 4398032
	4295  -  MemoryUsage of job (MB)
	4398032  -  ResidentSetSize of job (KB)
...
006 (2587972.000.000) 2025-08-06 14:26:25 Image size of job updated: 4471044
	4295  -  MemoryUsage of job (MB)
	4398032  -  ResidentSetSize of job (KB)
...
005 (2587972.000.000) 2025-08-06 14:26:25 Job terminated.
	(1) Normal termination (return value 0)
		Usr 0 00:16:05, Sys 0 00:01:04  -  Run Remote Usage
		Usr 0 00:00:00, Sys 0 00:00:00  -  Run Local Usage
		Usr 0 00:16:05, Sys 0 00:01:04  -  Total Remote Usage
		Usr 0 00:00:00, Sys 0 00:00:00  -  Total Local Usage
	0  -  Run Bytes Sent By Job
	0  -  Run Bytes Received By Job
	0  -  Total Bytes Sent By Job
	0  -  Total Bytes Received By Job
	Partitionable Resources :    Usage  Request Allocated Assigned
	   Cpus                 :     1.05        1         1 
	   Disk (KB)            : 17500    16777216  16790397 
	   GPUs                 :     0.22        1         1 "GPU-8c0d809c-ed79-0f52-3d17-0196dc9a25a7"
	   GpusMemory (MB)      : 35160                       
	   Memory (MB)          :  4295       16384     16384 
	   TimeExecute (s)      :   943                       
	   TimeSlotBusy (s)     :   943                       

	Job terminated of its own accord at 2025-08-06T12:26:25Z with exit-code 0.
...
