000 (2587852.000.000) 2025-08-06 10:18:53 Job submitted from host: <145.107.7.246:9618?addrs=145.107.7.246-9618+[2a07-8500-120-e070--3f6]-9618&alias=taai-007.nikhef.nl&noUDP&sock=schedd_2614_90a7>
...
001 (2587852.000.000) 2025-08-06 10:19:39 Job executing on host: <145.107.4.167:9618?addrs=145.107.4.167-9618+[2a07-8500-120-e070--a7]-9618&alias=wn-pijl-006.nikhef.nl&noUDP&sock=startd_4304_c3b5>
	SlotName: slot1_1@wn-pijl-006.nikhef.nl
	AvailableGPUs = { GPUs_GPU_b5d11d97_8330_6520_8847_fcfe487ecbb7 }
	CondorScratchDir = "/scratch/condor_execute/dir_741133"
	Cpus = 1
	Disk = 16790397
	GPUs = 1
	GPUs_GPU_b5d11d97_8330_6520_8847_fcfe487ecbb7 = [ Id = "GPU-b5d11d97-8330-6520-8847-fcfe487ecbb7"; ClockMhz = 2520.0; Capability = 8.9; CoresPerCU = 128; DeviceName = "NVIDIA L40S"; DeviceUuid = "b5d11d97-8330-6520-8847-fcfe487ecbb7"; ECCEnabled = true; ComputeUnits = 142; NvidiaDriver = "570.124.06"; DriverVersion = 12.8; DevicePciBusId = "0000:01:00.0"; GlobalMemoryMb = 45468; MaxSupportedVersion = 12080 ]
	Memory = 16384
...
006 (2587852.000.000) 2025-08-06 10:19:52 Image size of job updated: 562152
	549  -  MemoryUsage of job (MB)
	562152  -  ResidentSetSize of job (KB)
...
006 (2587852.000.000) 2025-08-06 10:22:23 Image size of job updated: 3214512
	552  -  MemoryUsage of job (MB)
	564364  -  ResidentSetSize of job (KB)
...
005 (2587852.000.000) 2025-08-06 10:22:23 Job terminated.
	(1) Normal termination (return value 0)
		Usr 0 00:02:49, Sys 0 00:00:28  -  Run Remote Usage
		Usr 0 00:00:00, Sys 0 00:00:00  -  Run Local Usage
		Usr 0 00:02:49, Sys 0 00:00:28  -  Total Remote Usage
		Usr 0 00:00:00, Sys 0 00:00:00  -  Total Local Usage
	0  -  Run Bytes Sent By Job
	0  -  Run Bytes Received By Job
	0  -  Total Bytes Sent By Job
	0  -  Total Bytes Received By Job
	Partitionable Resources :    Usage  Request Allocated Assigned
	   Cpus                 :     1.08        1         1 
	   Disk (KB)            : 17500    16777216  16790397 
	   GPUs                 :     0.22        1         1 "GPU-b5d11d97-8330-6520-8847-fcfe487ecbb7"
	   GpusMemory (MB)      : 35158                       
	   Memory (MB)          :   552       16384     16384 
	   TimeExecute (s)      :   164                       
	   TimeSlotBusy (s)     :   165                       

	Job terminated of its own accord at 2025-08-06T08:22:23Z with exit-code 0.
...
