self.parameters_ref
{'chirp_mass': 2.0272715949909377, 'mass_ratio': 0.3699999999999999, 'symmetric_mass_ratio': 0.19713357131440137, 'a_1': 0.0, 'a_2': 0.0, 'tilt_1': 0.0, 'tilt_2': 0.0, 'phi_jl': 0.0, 'phi_12': 0.0, 'luminosity_distance': 201.0, 'phase': 1.3576488959769972, 'theta_jn': 2.323517520938953, 'psi': 0.030083409062676092, 'ra': 1.121307208346961, 'dec': 0.22562961827621178, 'lambda_1': 0.0, 'lambda_2': 0.0, 'mass_1': 3.920441829732034, 'mass_2': 1.4505634770008522, 'geocent_time': 1369419318.7460938, 'duration': 128.0}
1it [0:00:00 bound:0 nc:  1 ncall:4.1e+03 eff:0.0% logz-ratio=-251.53+/-0.05 dlogz:inf>0.1]
13564it [0:01:00 bound:0 nc: 43 ncall:1.1e+05 eff:12.0% logz-ratio=-0.59+/-0.02 dlogz:8.003>0.1]
14846it [0:02:08 bound:4 nc:680 ncall:2.3e+05 eff:6.6% logz-ratio=-0.48+/-0.02 dlogz:10.289>0.1]
15102it [0:03:12 bound:8 nc:436 ncall:3.8e+05 eff:3.9% logz-ratio=-0.46+/-0.02 dlogz:10.206>0.1]
15356it [0:04:13 bound:12 nc:563 ncall:5.4e+05 eff:2.8% logz-ratio=-0.44+/-0.02 dlogz:10.123>0.1]
15611it [0:05:16 bound:16 nc:639 ncall:7.0e+05 eff:2.2% logz-ratio=-0.42+/-0.02 dlogz:15.192>0.1]
15866it [0:06:25 bound:20 nc:595 ncall:8.5e+05 eff:1.9% logz-ratio=-0.40+/-0.02 dlogz:15.110>0.1]
16119it [0:07:42 bound:24 nc:888 ncall:1.0e+06 eff:1.6% logz-ratio=-0.38+/-0.02 dlogz:15.029>0.1]
16370it [0:08:59 bound:28 nc:779 ncall:1.2e+06 eff:1.4% logz-ratio=-0.36+/-0.02 dlogz:14.949>0.1]
16624it [0:10:14 bound:32 nc:452 ncall:1.3e+06 eff:1.3% logz-ratio=-0.34+/-0.02 dlogz:14.869>0.1]
16878it [0:11:30 bound:36 nc:571 ncall:1.5e+06 eff:1.1% logz-ratio=-0.32+/-0.02 dlogz:14.789>0.1]
17131it [0:12:47 bound:40 nc:654 ncall:1.6e+06 eff:1.1% logz-ratio=-0.31+/-0.02 dlogz:14.709>0.1]
17385it [0:14:04 bound:44 nc:734 ncall:1.8e+06 eff:1.0% logz-ratio=-0.29+/-0.02 dlogz:14.630>0.1]
17639it [0:15:24 bound:48 nc:538 ncall:1.9e+06 eff:0.9% logz-ratio=-0.27+/-0.02 dlogz:14.551>0.1]
17829it [0:16:24 bound:51 nc:272 ncall:2.0e+06 eff:0.9% logz-ratio=-0.26+/-0.02 dlogz:14.492>0.1]
18082it [0:17:41 bound:55 nc:498 ncall:2.2e+06 eff:0.8% logz-ratio=-0.24+/-0.02 dlogz:14.413>0.1]
18330it [0:19:00 bound:59 nc:433 ncall:2.4e+06 eff:0.8% logz-ratio=-0.23+/-0.02 dlogz:14.337>0.1]
18521it [0:20:01 bound:62 nc:667 ncall:2.5e+06 eff:0.7% logz-ratio=-0.21+/-0.02 dlogz:14.278>0.1]
18774it [0:21:20 bound:66 nc:425 ncall:2.6e+06 eff:0.7% logz-ratio=-0.20+/-0.02 dlogz:14.200>0.1]
18965it [0:22:23 bound:69 nc:659 ncall:2.7e+06 eff:0.7% logz-ratio=-0.18+/-0.02 dlogz:14.141>0.1]
19155it [0:23:25 bound:72 nc:671 ncall:2.9e+06 eff:0.7% logz-ratio=-0.17+/-0.02 dlogz:14.083>0.1]
19344it [0:24:25 bound:75 nc:593 ncall:3.0e+06 eff:0.6% logz-ratio=-0.16+/-0.02 dlogz:14.025>0.1]
19533it [0:25:27 bound:78 nc:337 ncall:3.1e+06 eff:0.6% logz-ratio=-0.15+/-0.02 dlogz:13.967>0.1]
19723it [0:26:30 bound:81 nc:562 ncall:3.2e+06 eff:0.6% logz-ratio=-0.14+/-0.02 dlogz:13.909>0.1]
19909it [0:27:34 bound:84 nc:265 ncall:3.3e+06 eff:0.6% logz-ratio=-0.13+/-0.02 dlogz:13.853>0.1]
20096it [0:28:42 bound:87 nc:1208 ncall:3.5e+06 eff:0.6% logz-ratio=-0.12+/-0.02 dlogz:13.796>0.1]
20285it [0:29:44 bound:90 nc:717 ncall:3.6e+06 eff:0.6% logz-ratio=-0.10+/-0.02 dlogz:13.739>0.1]
20534it [0:30:57 bound:94 nc:861 ncall:3.7e+06 eff:0.6% logz-ratio=-0.09+/-0.02 dlogz:13.663>0.1]
20718it [0:31:58 bound:97 nc:791 ncall:3.8e+06 eff:0.5% logz-ratio=-0.08+/-0.02 dlogz:13.608>0.1]
20971it [0:33:11 bound:101 nc:645 ncall:4.0e+06 eff:0.5% logz-ratio=-0.06+/-0.02 dlogz:13.532>0.1]
21156it [0:34:12 bound:104 nc:524 ncall:4.1e+06 eff:0.5% logz-ratio=-0.05+/-0.02 dlogz:13.476>0.1]
21342it [0:35:20 bound:107 nc:483 ncall:4.2e+06 eff:0.5% logz-ratio=-0.04+/-0.02 dlogz:13.420>0.1]
21528it [0:36:22 bound:110 nc:668 ncall:4.3e+06 eff:0.5% logz-ratio=-0.03+/-0.02 dlogz:13.365>0.1]
21707it [0:37:29 bound:113 nc:651 ncall:4.5e+06 eff:0.5% logz-ratio=-0.02+/-0.02 dlogz:13.311>0.1]
21895it [0:38:35 bound:116 nc:724 ncall:4.6e+06 eff:0.5% logz-ratio=-0.01+/-0.02 dlogz:13.255>0.1]
22077it [0:39:43 bound:119 nc:482 ncall:4.7e+06 eff:0.5% logz-ratio=-0.00+/-0.02 dlogz:13.201>0.1]
22258it [0:40:45 bound:122 nc:754 ncall:4.8e+06 eff:0.5% logz-ratio=0.01+/-0.02 dlogz:13.147>0.1]
22442it [0:41:49 bound:125 nc:1215 ncall:4.9e+06 eff:0.5% logz-ratio=0.01+/-0.02 dlogz:13.093>0.1]
22621it [0:42:54 bound:128 nc:1372 ncall:5.0e+06 eff:0.4% logz-ratio=0.02+/-0.02 dlogz:13.040>0.1]
22866it [0:44:15 bound:132 nc:340 ncall:5.2e+06 eff:0.4% logz-ratio=0.04+/-0.02 dlogz:12.967>0.1]
23109it [0:45:32 bound:136 nc:543 ncall:5.4e+06 eff:0.4% logz-ratio=0.05+/-0.02 dlogz:12.896>0.1]
23359it [0:46:51 bound:140 nc:464 ncall:5.5e+06 eff:0.4% logz-ratio=0.06+/-0.02 dlogz:12.822>0.1]
23542it [0:47:52 bound:143 nc:827 ncall:5.6e+06 eff:0.4% logz-ratio=0.07+/-0.02 dlogz:12.768>0.1]
23780it [0:49:06 bound:147 nc:431 ncall:5.8e+06 eff:0.4% logz-ratio=0.08+/-0.02 dlogz:12.698>0.1]
24024it [0:50:30 bound:151 nc:1198 ncall:5.9e+06 eff:0.4% logz-ratio=0.09+/-0.02 dlogz:12.627>0.1]
24207it [0:51:33 bound:154 nc:684 ncall:6.1e+06 eff:0.4% logz-ratio=0.10+/-0.02 dlogz:12.573>0.1]
24382it [0:52:34 bound:157 nc:690 ncall:6.2e+06 eff:0.4% logz-ratio=0.11+/-0.02 dlogz:12.521>0.1]
24621it [0:53:51 bound:161 nc:799 ncall:6.3e+06 eff:0.4% logz-ratio=0.12+/-0.02 dlogz:12.452>0.1]
24795it [0:54:51 bound:164 nc:236 ncall:6.5e+06 eff:0.4% logz-ratio=0.13+/-0.02 dlogz:12.401>0.1]
24977it [0:55:54 bound:167 nc:727 ncall:6.6e+06 eff:0.4% logz-ratio=0.14+/-0.02 dlogz:12.348>0.1]
25153it [0:56:58 bound:170 nc:840 ncall:6.7e+06 eff:0.4% logz-ratio=0.15+/-0.02 dlogz:12.296>0.1]
25385it [0:58:15 bound:174 nc:497 ncall:6.9e+06 eff:0.4% logz-ratio=0.16+/-0.02 dlogz:12.229>0.1]
25561it [0:59:20 bound:177 nc:323 ncall:7.0e+06 eff:0.4% logz-ratio=0.17+/-0.02 dlogz:12.178>0.1]
25751it [1:00:42 bound:180 nc:457 ncall:7.1e+06 eff:0.4% logz-ratio=0.18+/-0.02 dlogz:12.122>0.1]
25970it [1:02:01 bound:184 nc:694 ncall:7.3e+06 eff:0.4% logz-ratio=0.19+/-0.02 dlogz:12.059>0.1]
26148it [1:03:02 bound:187 nc:547 ncall:7.4e+06 eff:0.4% logz-ratio=0.20+/-0.02 dlogz:12.007>0.1]
26386it [1:04:13 bound:191 nc:1147 ncall:7.5e+06 eff:0.3% logz-ratio=0.21+/-0.02 dlogz:11.939>0.1]
26618it [1:05:29 bound:195 nc:764 ncall:7.7e+06 eff:0.3% logz-ratio=0.22+/-0.02 dlogz:11.872>0.1]
26850it [1:06:39 bound:199 nc:619 ncall:7.9e+06 eff:0.3% logz-ratio=0.23+/-0.02 dlogz:11.805>0.1]
27089it [1:07:50 bound:203 nc:617 ncall:8.0e+06 eff:0.3% logz-ratio=0.24+/-0.02 dlogz:11.736>0.1]
27320it [1:09:07 bound:207 nc:1233 ncall:8.2e+06 eff:0.3% logz-ratio=0.25+/-0.02 dlogz:11.669>0.1]
27539it [1:10:23 bound:211 nc:657 ncall:8.4e+06 eff:0.3% logz-ratio=0.26+/-0.02 dlogz:11.606>0.1]
27759it [1:11:45 bound:215 nc:1540 ncall:8.5e+06 eff:0.3% logz-ratio=0.27+/-0.02 dlogz:11.543>0.1]
27928it [1:13:01 bound:218 nc:1054 ncall:8.6e+06 eff:0.3% logz-ratio=0.27+/-0.02 dlogz:11.494>0.1]
28103it [1:14:10 bound:221 nc:668 ncall:8.8e+06 eff:0.3% logz-ratio=0.28+/-0.02 dlogz:11.444>0.1]
28274it [1:15:11 bound:224 nc:550 ncall:8.9e+06 eff:0.3% logz-ratio=0.29+/-0.02 dlogz:11.395>0.1]
28440it [1:16:17 bound:227 nc:672 ncall:9.0e+06 eff:0.3% logz-ratio=0.30+/-0.02 dlogz:11.348>0.1]
28608it [1:17:24 bound:230 nc:739 ncall:9.1e+06 eff:0.3% logz-ratio=0.30+/-0.02 dlogz:11.300>0.1]
28778it [1:18:25 bound:233 nc:1129 ncall:9.2e+06 eff:0.3% logz-ratio=0.31+/-0.02 dlogz:11.251>0.1]
28948it [1:19:30 bound:236 nc:1490 ncall:9.4e+06 eff:0.3% logz-ratio=0.32+/-0.02 dlogz:11.202>0.1]
29112it [1:20:36 bound:239 nc:1048 ncall:9.5e+06 eff:0.3% logz-ratio=0.32+/-0.02 dlogz:11.155>0.1]
29276it [1:21:40 bound:242 nc:938 ncall:9.6e+06 eff:0.3% logz-ratio=0.33+/-0.02 dlogz:11.108>0.1]
29443it [1:22:45 bound:245 nc:708 ncall:9.7e+06 eff:0.3% logz-ratio=0.34+/-0.02 dlogz:11.061>0.1]
29607it [1:23:49 bound:248 nc:813 ncall:9.9e+06 eff:0.3% logz-ratio=0.34+/-0.02 dlogz:11.014>0.1]
29829it [1:25:11 bound:252 nc:1462 ncall:1.0e+07 eff:0.3% logz-ratio=0.35+/-0.02 dlogz:10.951>0.1]
29999it [1:26:14 bound:255 nc:886 ncall:1.0e+07 eff:0.3% logz-ratio=0.36+/-0.02 dlogz:10.902>0.1]
30173it [1:27:32 bound:258 nc:514 ncall:1.0e+07 eff:0.3% logz-ratio=0.37+/-0.02 dlogz:10.852>0.1]
30342it [1:28:44 bound:261 nc:553 ncall:1.0e+07 eff:0.3% logz-ratio=0.37+/-0.02 dlogz:10.804>0.1]
30510it [1:29:57 bound:264 nc:391 ncall:1.1e+07 eff:0.3% logz-ratio=0.38+/-0.02 dlogz:10.756>0.1]
30672it [1:31:09 bound:267 nc:918 ncall:1.1e+07 eff:0.3% logz-ratio=0.39+/-0.02 dlogz:12.053>0.1]
30846it [1:32:30 bound:270 nc:283 ncall:1.1e+07 eff:0.3% logz-ratio=0.40+/-0.02 dlogz:12.004>0.1]
31010it [1:33:46 bound:273 nc:1254 ncall:1.1e+07 eff:0.3% logz-ratio=0.40+/-0.02 dlogz:11.957>0.1]
31185it [1:35:00 bound:276 nc:922 ncall:1.1e+07 eff:0.3% logz-ratio=0.41+/-0.02 dlogz:11.907>0.1]
31354it [1:36:18 bound:279 nc:1392 ncall:1.1e+07 eff:0.3% logz-ratio=0.42+/-0.02 dlogz:11.859>0.1]
31532it [1:37:37 bound:282 nc:689 ncall:1.1e+07 eff:0.3% logz-ratio=0.42+/-0.02 dlogz:11.809>0.1]
31693it [1:39:01 bound:285 nc:577 ncall:1.1e+07 eff:0.3% logz-ratio=0.43+/-0.02 dlogz:11.763>0.1]
31859it [1:40:09 bound:288 nc:459 ncall:1.2e+07 eff:0.3% logz-ratio=0.44+/-0.02 dlogz:11.716>0.1]
32030it [1:41:21 bound:291 nc:805 ncall:1.2e+07 eff:0.3% logz-ratio=0.44+/-0.02 dlogz:11.667>0.1]
32201it [1:42:35 bound:294 nc:636 ncall:1.2e+07 eff:0.3% logz-ratio=0.45+/-0.02 dlogz:11.619>0.1]
32366it [1:43:43 bound:297 nc:1314 ncall:1.2e+07 eff:0.3% logz-ratio=0.46+/-0.02 dlogz:11.572>0.1]
32541it [1:44:58 bound:300 nc:470 ncall:1.2e+07 eff:0.3% logz-ratio=0.46+/-0.02 dlogz:11.522>0.1]
32709it [1:46:15 bound:303 nc:626 ncall:1.2e+07 eff:0.3% logz-ratio=0.47+/-0.02 dlogz:11.475>0.1]
32885it [1:47:23 bound:306 nc:653 ncall:1.2e+07 eff:0.3% logz-ratio=0.48+/-0.02 dlogz:11.425>0.1]
33063it [1:48:34 bound:309 nc:977 ncall:1.2e+07 eff:0.3% logz-ratio=0.48+/-0.02 dlogz:11.375>0.1]
33236it [1:49:42 bound:312 nc:432 ncall:1.3e+07 eff:0.3% logz-ratio=0.49+/-0.02 dlogz:11.326>0.1]
33411it [1:50:50 bound:315 nc:899 ncall:1.3e+07 eff:0.3% logz-ratio=0.50+/-0.02 dlogz:11.277>0.1]
33642it [1:52:08 bound:319 nc:596 ncall:1.3e+07 eff:0.3% logz-ratio=0.50+/-0.02 dlogz:11.211>0.1]
33809it [1:53:10 bound:322 nc:419 ncall:1.3e+07 eff:0.3% logz-ratio=0.51+/-0.02 dlogz:11.164>0.1]
33986it [1:54:13 bound:325 nc:403 ncall:1.3e+07 eff:0.3% logz-ratio=0.52+/-0.03 dlogz:11.115>0.1]
34218it [1:55:26 bound:329 nc:1167 ncall:1.3e+07 eff:0.3% logz-ratio=0.53+/-0.03 dlogz:11.049>0.1]
34444it [1:56:41 bound:333 nc:678 ncall:1.3e+07 eff:0.3% logz-ratio=0.54+/-0.03 dlogz:10.985>0.1]
34681it [1:57:56 bound:337 nc:773 ncall:1.4e+07 eff:0.3% logz-ratio=0.54+/-0.03 dlogz:10.919>0.1]
34917it [1:59:16 bound:341 nc:1067 ncall:1.4e+07 eff:0.3% logz-ratio=0.55+/-0.03 dlogz:10.852>0.1]
35092it [2:00:17 bound:344 nc:933 ncall:1.4e+07 eff:0.3% logz-ratio=0.56+/-0.03 dlogz:10.803>0.1]
35212it [2:01:26 bound:346 nc:1031 ncall:1.4e+07 eff:0.3% logz-ratio=0.56+/-0.03 dlogz:10.769>0.1]
35399it [2:02:30 bound:349 nc:984 ncall:1.4e+07 eff:0.2% logz-ratio=0.57+/-0.03 dlogz:10.717>0.1]
35636it [2:03:45 bound:353 nc:1044 ncall:1.4e+07 eff:0.2% logz-ratio=0.58+/-0.03 dlogz:10.650>0.1]
35874it [2:05:02 bound:357 nc:964 ncall:1.5e+07 eff:0.2% logz-ratio=0.59+/-0.03 dlogz:10.583>0.1]
36106it [2:06:16 bound:361 nc:480 ncall:1.5e+07 eff:0.2% logz-ratio=0.60+/-0.03 dlogz:10.518>0.1]
36344it [2:07:28 bound:365 nc:1069 ncall:1.5e+07 eff:0.2% logz-ratio=0.61+/-0.03 dlogz:10.451>0.1]
36594it [2:08:37 bound:369 nc:484 ncall:1.5e+07 eff:0.2% logz-ratio=0.62+/-0.03 dlogz:10.381>0.1]
36838it [2:09:49 bound:373 nc:612 ncall:1.5e+07 eff:0.2% logz-ratio=0.62+/-0.03 dlogz:10.312>0.1]
37076it [2:10:55 bound:377 nc:616 ncall:1.5e+07 eff:0.2% logz-ratio=0.63+/-0.03 dlogz:10.245>0.1]
37318it [2:12:05 bound:381 nc:588 ncall:1.6e+07 eff:0.2% logz-ratio=0.64+/-0.03 dlogz:10.177>0.1]
37569it [2:13:22 bound:385 nc:1076 ncall:1.6e+07 eff:0.2% logz-ratio=0.65+/-0.03 dlogz:10.106>0.1]
37819it [2:14:29 bound:389 nc:248 ncall:1.6e+07 eff:0.2% logz-ratio=0.66+/-0.03 dlogz:10.036>0.1]
38062it [2:15:38 bound:393 nc:1237 ncall:1.6e+07 eff:0.2% logz-ratio=0.67+/-0.03 dlogz:9.968>0.1]
38313it [2:16:49 bound:397 nc:890 ncall:1.6e+07 eff:0.2% logz-ratio=0.68+/-0.03 dlogz:9.897>0.1]
38563it [2:18:07 bound:401 nc:1085 ncall:1.6e+07 eff:0.2% logz-ratio=0.69+/-0.03 dlogz:9.827>0.1]
38813it [2:19:19 bound:405 nc:606 ncall:1.7e+07 eff:0.2% logz-ratio=0.70+/-0.03 dlogz:9.757>0.1]
39064it [2:20:30 bound:409 nc:821 ncall:1.7e+07 eff:0.2% logz-ratio=0.71+/-0.03 dlogz:9.687>0.1]
39310it [2:21:35 bound:413 nc:783 ncall:1.7e+07 eff:0.2% logz-ratio=0.71+/-0.03 dlogz:9.618>0.1]
39562it [2:22:49 bound:417 nc:791 ncall:1.7e+07 eff:0.2% logz-ratio=0.72+/-0.03 dlogz:9.548>0.1]
39811it [2:23:56 bound:421 nc:577 ncall:1.7e+07 eff:0.2% logz-ratio=0.73+/-0.03 dlogz:9.478>0.1]
40064it [2:25:10 bound:425 nc:282 ncall:1.8e+07 eff:0.2% logz-ratio=0.74+/-0.03 dlogz:9.407>0.1]
40316it [2:26:20 bound:429 nc:614 ncall:1.8e+07 eff:0.2% logz-ratio=0.75+/-0.03 dlogz:9.337>0.1]
40568it [2:27:28 bound:433 nc:843 ncall:1.8e+07 eff:0.2% logz-ratio=0.76+/-0.03 dlogz:9.266>0.1]
40817it [2:28:35 bound:437 nc:540 ncall:1.8e+07 eff:0.2% logz-ratio=0.77+/-0.03 dlogz:9.197>0.1]
41072it [2:29:36 bound:441 nc:266 ncall:1.8e+07 eff:0.2% logz-ratio=0.78+/-0.03 dlogz:9.125>0.1]
41324it [2:30:38 bound:445 nc:576 ncall:1.8e+07 eff:0.2% logz-ratio=0.79+/-0.03 dlogz:9.055>0.1]
41578it [2:31:43 bound:449 nc:405 ncall:1.9e+07 eff:0.2% logz-ratio=0.80+/-0.03 dlogz:8.984>0.1]
41834it [2:32:52 bound:453 nc:487 ncall:1.9e+07 eff:0.2% logz-ratio=0.80+/-0.03 dlogz:10.100>0.1]
42087it [2:33:53 bound:457 nc:598 ncall:1.9e+07 eff:0.2% logz-ratio=0.81+/-0.03 dlogz:10.029>0.1]
42340it [2:34:57 bound:461 nc:634 ncall:1.9e+07 eff:0.2% logz-ratio=0.82+/-0.03 dlogz:9.959>0.1]
42657it [2:36:13 bound:466 nc:594 ncall:1.9e+07 eff:0.2% logz-ratio=0.83+/-0.03 dlogz:9.870>0.1]
42910it [2:37:21 bound:470 nc:952 ncall:2.0e+07 eff:0.2% logz-ratio=0.84+/-0.03 dlogz:9.799>0.1]
43163it [2:38:24 bound:474 nc:426 ncall:2.0e+07 eff:0.2% logz-ratio=0.85+/-0.03 dlogz:9.728>0.1]
43417it [2:39:31 bound:478 nc:778 ncall:2.0e+07 eff:0.2% logz-ratio=0.86+/-0.03 dlogz:9.657>0.1]
43670it [2:40:37 bound:482 nc:410 ncall:2.0e+07 eff:0.2% logz-ratio=0.87+/-0.03 dlogz:9.586>0.1]
43926it [2:41:47 bound:486 nc:456 ncall:2.0e+07 eff:0.2% logz-ratio=0.88+/-0.03 dlogz:9.514>0.1]
44179it [2:42:55 bound:490 nc:615 ncall:2.1e+07 eff:0.2% logz-ratio=0.89+/-0.03 dlogz:9.443>0.1]
44435it [2:44:05 bound:494 nc:574 ncall:2.1e+07 eff:0.2% logz-ratio=0.90+/-0.03 dlogz:9.370>0.1]
44690it [2:45:19 bound:498 nc:787 ncall:2.1e+07 eff:0.2% logz-ratio=0.91+/-0.03 dlogz:9.298>0.1]
44944it [2:46:24 bound:502 nc:628 ncall:2.1e+07 eff:0.2% logz-ratio=0.92+/-0.03 dlogz:9.226>0.1]
45198it [2:47:33 bound:506 nc:680 ncall:2.1e+07 eff:0.2% logz-ratio=0.93+/-0.03 dlogz:9.154>0.1]
45450it [2:48:35 bound:510 nc:953 ncall:2.2e+07 eff:0.2% logz-ratio=0.94+/-0.03 dlogz:9.083>0.1]
45704it [2:49:46 bound:514 nc:1128 ncall:2.2e+07 eff:0.2% logz-ratio=0.95+/-0.03 dlogz:9.010>0.1]
45896it [2:50:50 bound:517 nc:980 ncall:2.2e+07 eff:0.2% logz-ratio=0.96+/-0.03 dlogz:8.956>0.1]
46088it [2:51:59 bound:520 nc:406 ncall:2.2e+07 eff:0.2% logz-ratio=0.97+/-0.03 dlogz:8.901>0.1]
46280it [2:53:02 bound:523 nc:623 ncall:2.2e+07 eff:0.2% logz-ratio=0.97+/-0.03 dlogz:11.679>0.1]
46469it [2:54:07 bound:526 nc:925 ncall:2.2e+07 eff:0.2% logz-ratio=0.98+/-0.03 dlogz:11.625>0.1]
46660it [2:55:20 bound:529 nc:449 ncall:2.2e+07 eff:0.2% logz-ratio=0.99+/-0.03 dlogz:11.570>0.1]
46847it [2:56:31 bound:532 nc:705 ncall:2.3e+07 eff:0.2% logz-ratio=1.00+/-0.03 dlogz:11.517>0.1]
47038it [2:57:32 bound:535 nc:618 ncall:2.3e+07 eff:0.2% logz-ratio=1.01+/-0.03 dlogz:11.461>0.1]
47228it [2:58:43 bound:538 nc:296 ncall:2.3e+07 eff:0.2% logz-ratio=1.02+/-0.03 dlogz:11.406>0.1]
47419it [2:59:51 bound:541 nc:1132 ncall:2.3e+07 eff:0.2% logz-ratio=1.02+/-0.03 dlogz:11.351>0.1]
47608it [3:00:58 bound:544 nc:672 ncall:2.3e+07 eff:0.2% logz-ratio=1.03+/-0.03 dlogz:11.296>0.1]
47672it [3:02:05 bound:545 nc:1491 ncall:2.3e+07 eff:0.2% logz-ratio=1.04+/-0.03 dlogz:11.278>0.1]
47863it [3:03:12 bound:548 nc:790 ncall:2.3e+07 eff:0.2% logz-ratio=1.04+/-0.03 dlogz:11.222>0.1]
48055it [3:04:14 bound:551 nc:870 ncall:2.3e+07 eff:0.2% logz-ratio=1.05+/-0.03 dlogz:11.166>0.1]
48244it [3:05:19 bound:554 nc:889 ncall:2.4e+07 eff:0.2% logz-ratio=1.06+/-0.03 dlogz:11.111>0.1]
48436it [3:06:30 bound:557 nc:788 ncall:2.4e+07 eff:0.2% logz-ratio=1.07+/-0.03 dlogz:11.055>0.1]
48628it [3:07:38 bound:560 nc:590 ncall:2.4e+07 eff:0.2% logz-ratio=1.08+/-0.03 dlogz:10.999>0.1]
48883it [3:08:53 bound:564 nc:937 ncall:2.4e+07 eff:0.2% logz-ratio=1.09+/-0.03 dlogz:10.924>0.1]
49072it [3:09:54 bound:567 nc:271 ncall:2.4e+07 eff:0.2% logz-ratio=1.10+/-0.03 dlogz:10.869>0.1]
49327it [3:11:09 bound:571 nc:1379 ncall:2.4e+07 eff:0.2% logz-ratio=1.12+/-0.03 dlogz:12.029>0.1]
49582it [3:12:24 bound:575 nc:927 ncall:2.5e+07 eff:0.2% logz-ratio=1.13+/-0.03 dlogz:12.860>0.1]
49836it [3:13:40 bound:579 nc:851 ncall:2.5e+07 eff:0.2% logz-ratio=1.14+/-0.03 dlogz:12.785>0.1]
50026it [3:14:40 bound:582 nc:1099 ncall:2.5e+07 eff:0.2% logz-ratio=1.15+/-0.04 dlogz:12.728>0.1]
50280it [3:15:58 bound:586 nc:1475 ncall:2.5e+07 eff:0.2% logz-ratio=1.17+/-0.04 dlogz:12.652>0.1]
50470it [3:17:09 bound:589 nc:756 ncall:2.5e+07 eff:0.2% logz-ratio=1.18+/-0.04 dlogz:12.594>0.1]
50662it [3:18:27 bound:592 nc:428 ncall:2.6e+07 eff:0.2% logz-ratio=1.19+/-0.04 dlogz:12.536>0.1]
50854it [3:19:52 bound:595 nc:1441 ncall:2.6e+07 eff:0.2% logz-ratio=1.20+/-0.04 dlogz:12.477>0.1]
51045it [3:21:13 bound:598 nc:1287 ncall:2.6e+07 eff:0.2% logz-ratio=1.21+/-0.04 dlogz:12.419>0.1]
51233it [3:22:39 bound:601 nc:1157 ncall:2.6e+07 eff:0.2% logz-ratio=1.23+/-0.04 dlogz:12.361>0.1]
51424it [3:24:07 bound:604 nc:1091 ncall:2.6e+07 eff:0.2% logz-ratio=1.24+/-0.04 dlogz:12.302>0.1]
51552it [3:25:09 bound:606 nc:686 ncall:2.6e+07 eff:0.2% logz-ratio=1.25+/-0.04 dlogz:12.262>0.1]
51678it [3:26:16 bound:608 nc:1114 ncall:2.6e+07 eff:0.2% logz-ratio=1.26+/-0.04 dlogz:12.223>0.1]
51806it [3:27:24 bound:610 nc:525 ncall:2.7e+07 eff:0.2% logz-ratio=1.26+/-0.04 dlogz:12.183>0.1]
51934it [3:28:26 bound:612 nc:957 ncall:2.7e+07 eff:0.2% logz-ratio=1.27+/-0.04 dlogz:12.143>0.1]
52061it [3:29:31 bound:614 nc:929 ncall:2.7e+07 eff:0.2% logz-ratio=1.28+/-0.04 dlogz:12.102>0.1]
52189it [3:30:37 bound:616 nc:648 ncall:2.7e+07 eff:0.2% logz-ratio=1.29+/-0.04 dlogz:12.062>0.1]
52315it [3:31:49 bound:618 nc:1452 ncall:2.7e+07 eff:0.2% logz-ratio=1.30+/-0.04 dlogz:12.022>0.1]
52441it [3:32:56 bound:620 nc:732 ncall:2.7e+07 eff:0.2% logz-ratio=1.31+/-0.04 dlogz:11.982>0.1]
52567it [3:33:58 bound:622 nc:649 ncall:2.7e+07 eff:0.2% logz-ratio=1.32+/-0.04 dlogz:11.941>0.1]
52693it [3:35:05 bound:624 nc:481 ncall:2.7e+07 eff:0.2% logz-ratio=1.33+/-0.04 dlogz:11.901>0.1]
52820it [3:36:12 bound:626 nc:463 ncall:2.7e+07 eff:0.2% logz-ratio=1.34+/-0.04 dlogz:11.860>0.1]
52947it [3:37:17 bound:628 nc:632 ncall:2.7e+07 eff:0.2% logz-ratio=1.35+/-0.04 dlogz:11.818>0.1]
53073it [3:38:22 bound:630 nc:880 ncall:2.8e+07 eff:0.2% logz-ratio=1.36+/-0.04 dlogz:11.777>0.1]
53201it [3:39:32 bound:632 nc:677 ncall:2.8e+07 eff:0.2% logz-ratio=1.37+/-0.04 dlogz:11.736>0.1]
53328it [3:40:36 bound:634 nc:1241 ncall:2.8e+07 eff:0.2% logz-ratio=1.38+/-0.04 dlogz:11.694>0.1]
53454it [3:41:42 bound:636 nc:1018 ncall:2.8e+07 eff:0.2% logz-ratio=1.39+/-0.04 dlogz:11.653>0.1]
53581it [3:42:45 bound:638 nc:830 ncall:2.8e+07 eff:0.2% logz-ratio=1.40+/-0.04 dlogz:11.611>0.1]
53709it [3:43:53 bound:640 nc:891 ncall:2.8e+07 eff:0.2% logz-ratio=1.41+/-0.04 dlogz:11.568>0.1]
53897it [3:45:24 bound:643 nc:1285 ncall:2.8e+07 eff:0.2% logz-ratio=1.43+/-0.04 dlogz:11.505>0.1]
54023it [3:46:30 bound:645 nc:1084 ncall:2.8e+07 eff:0.2% logz-ratio=1.44+/-0.04 dlogz:11.463>0.1]
54149it [3:47:31 bound:647 nc:509 ncall:2.8e+07 eff:0.2% logz-ratio=1.45+/-0.04 dlogz:11.421>0.1]
54337it [3:49:00 bound:650 nc:1241 ncall:2.9e+07 eff:0.2% logz-ratio=1.47+/-0.04 dlogz:11.357>0.1]
54458it [3:50:06 bound:652 nc:1267 ncall:2.9e+07 eff:0.2% logz-ratio=1.48+/-0.04 dlogz:11.316>0.1]
54649it [3:51:41 bound:655 nc:694 ncall:2.9e+07 eff:0.2% logz-ratio=1.50+/-0.04 dlogz:11.250>0.1]
54773it [3:52:44 bound:657 nc:629 ncall:2.9e+07 eff:0.2% logz-ratio=1.52+/-0.04 dlogz:11.208>0.1]
54894it [3:53:48 bound:659 nc:1082 ncall:2.9e+07 eff:0.2% logz-ratio=1.53+/-0.04 dlogz:11.166>0.1]
55019it [3:54:55 bound:661 nc:601 ncall:2.9e+07 eff:0.2% logz-ratio=1.54+/-0.04 dlogz:15.248>0.1]
55204it [3:56:27 bound:664 nc:830 ncall:2.9e+07 eff:0.2% logz-ratio=1.56+/-0.04 dlogz:15.183>0.1]
55389it [3:57:50 bound:667 nc:542 ncall:2.9e+07 eff:0.2% logz-ratio=1.58+/-0.04 dlogz:15.117>0.1]
55578it [3:59:19 bound:670 nc:660 ncall:3.0e+07 eff:0.2% logz-ratio=1.60+/-0.04 dlogz:15.049>0.1]
55767it [4:00:43 bound:673 nc:840 ncall:3.0e+07 eff:0.2% logz-ratio=1.63+/-0.04 dlogz:14.981>0.1]
55909it [4:02:39 bound:675 nc:864 ncall:3.0e+07 eff:0.2% logz-ratio=1.64+/-0.04 dlogz:14.929>0.1]
56077it [4:03:56 bound:678 nc:620 ncall:3.0e+07 eff:0.2% logz-ratio=1.66+/-0.04 dlogz:14.868>0.1]
56257it [4:05:05 bound:681 nc:1030 ncall:3.0e+07 eff:0.2% logz-ratio=1.68+/-0.04 dlogz:14.802>0.1]
56444it [4:06:17 bound:684 nc:1039 ncall:3.0e+07 eff:0.2% logz-ratio=1.71+/-0.04 dlogz:14.732>0.1]
56627it [4:07:28 bound:687 nc:1038 ncall:3.1e+07 eff:0.2% logz-ratio=1.73+/-0.04 dlogz:14.664>0.1]
56812it [4:08:30 bound:690 nc:890 ncall:3.1e+07 eff:0.2% logz-ratio=1.76+/-0.04 dlogz:14.594>0.1]
56996it [4:09:48 bound:693 nc:754 ncall:3.1e+07 eff:0.2% logz-ratio=1.78+/-0.04 dlogz:14.524>0.1]
57179it [4:11:06 bound:696 nc:1193 ncall:3.1e+07 eff:0.2% logz-ratio=1.81+/-0.04 dlogz:14.454>0.1]
57365it [4:12:20 bound:699 nc:582 ncall:3.1e+07 eff:0.2% logz-ratio=1.83+/-0.04 dlogz:14.383>0.1]
57549it [4:13:44 bound:702 nc:853 ncall:3.1e+07 eff:0.2% logz-ratio=1.86+/-0.05 dlogz:14.311>0.1]
57738it [4:15:08 bound:705 nc:980 ncall:3.2e+07 eff:0.2% logz-ratio=1.89+/-0.05 dlogz:14.237>0.1]
57920it [4:16:35 bound:708 nc:1264 ncall:3.2e+07 eff:0.2% logz-ratio=1.92+/-0.05 dlogz:14.165>0.1]
58102it [4:18:07 bound:711 nc:674 ncall:3.2e+07 eff:0.2% logz-ratio=1.94+/-0.05 dlogz:14.092>0.1]
58287it [4:19:35 bound:714 nc:852 ncall:3.2e+07 eff:0.2% logz-ratio=1.97+/-0.05 dlogz:14.017>0.1]
58472it [4:21:00 bound:717 nc:680 ncall:3.2e+07 eff:0.2% logz-ratio=2.00+/-0.05 dlogz:13.942>0.1]
58654it [4:22:24 bound:720 nc:968 ncall:3.2e+07 eff:0.2% logz-ratio=2.03+/-0.05 dlogz:13.867>0.1]
58779it [4:23:24 bound:722 nc:879 ncall:3.3e+07 eff:0.2% logz-ratio=2.06+/-0.05 dlogz:13.815>0.1]
58957it [4:24:43 bound:725 nc:418 ncall:3.3e+07 eff:0.2% logz-ratio=2.09+/-0.05 dlogz:13.741>0.1]
59080it [4:25:44 bound:727 nc:672 ncall:3.3e+07 eff:0.2% logz-ratio=2.11+/-0.05 dlogz:13.689>0.1]
59268it [4:27:16 bound:730 nc:981 ncall:3.3e+07 eff:0.2% logz-ratio=2.14+/-0.05 dlogz:13.609>0.1]
59455it [4:28:44 bound:733 nc:932 ncall:3.3e+07 eff:0.2% logz-ratio=2.18+/-0.05 dlogz:13.529>0.1]
59640it [4:30:10 bound:736 nc:1039 ncall:3.3e+07 eff:0.2% logz-ratio=2.21+/-0.05 dlogz:13.450>0.1]
59762it [4:31:11 bound:738 nc:1457 ncall:3.3e+07 eff:0.2% logz-ratio=2.23+/-0.05 dlogz:13.397>0.1]
59935it [4:32:31 bound:741 nc:1154 ncall:3.4e+07 eff:0.2% logz-ratio=2.27+/-0.05 dlogz:13.659>0.1]
60116it [4:33:55 bound:744 nc:979 ncall:3.4e+07 eff:0.2% logz-ratio=2.30+/-0.05 dlogz:13.629>0.1]
60296it [4:35:21 bound:747 nc:2502 ncall:3.4e+07 eff:0.2% logz-ratio=2.34+/-0.05 dlogz:13.548>0.1]
60479it [4:36:45 bound:750 nc:722 ncall:3.4e+07 eff:0.2% logz-ratio=2.38+/-0.05 dlogz:13.466>0.1]
60664it [4:38:09 bound:753 nc:1228 ncall:3.4e+07 eff:0.2% logz-ratio=2.42+/-0.05 dlogz:13.580>0.1]
60852it [4:39:27 bound:756 nc:1100 ncall:3.4e+07 eff:0.2% logz-ratio=2.46+/-0.05 dlogz:13.494>0.1]
61033it [4:40:53 bound:759 nc:1603 ncall:3.5e+07 eff:0.2% logz-ratio=2.50+/-0.05 dlogz:13.410>0.1]
61158it [4:41:54 bound:761 nc:727 ncall:3.5e+07 eff:0.2% logz-ratio=2.53+/-0.05 dlogz:13.351>0.1]
61339it [4:43:10 bound:764 nc:1058 ncall:3.5e+07 eff:0.2% logz-ratio=2.57+/-0.05 dlogz:13.434>0.1]
61521it [4:44:36 bound:767 nc:894 ncall:3.5e+07 eff:0.2% logz-ratio=2.61+/-0.05 dlogz:13.347>0.1]
61705it [4:45:57 bound:770 nc:1779 ncall:3.5e+07 eff:0.2% logz-ratio=2.65+/-0.05 dlogz:13.258>0.1]
61883it [4:47:12 bound:773 nc:1134 ncall:3.6e+07 eff:0.2% logz-ratio=2.70+/-0.05 dlogz:13.171>0.1]
62066it [4:48:30 bound:776 nc:884 ncall:3.6e+07 eff:0.2% logz-ratio=2.74+/-0.05 dlogz:13.081>0.1]
62248it [4:49:45 bound:779 nc:1287 ncall:3.6e+07 eff:0.2% logz-ratio=2.79+/-0.05 dlogz:12.991>0.1]
62425it [4:50:57 bound:782 nc:735 ncall:3.6e+07 eff:0.2% logz-ratio=2.83+/-0.05 dlogz:12.902>0.1]
62606it [4:52:13 bound:785 nc:855 ncall:3.6e+07 eff:0.2% logz-ratio=2.88+/-0.05 dlogz:12.810>0.1]
62786it [4:53:23 bound:788 nc:577 ncall:3.6e+07 eff:0.2% logz-ratio=2.93+/-0.05 dlogz:12.717>0.1]
62967it [4:54:32 bound:791 nc:849 ncall:3.7e+07 eff:0.2% logz-ratio=2.98+/-0.05 dlogz:12.623>0.1]
63150it [4:55:32 bound:794 nc:735 ncall:3.7e+07 eff:0.2% logz-ratio=3.03+/-0.05 dlogz:12.526>0.1]
63326it [4:56:35 bound:797 nc:1422 ncall:3.7e+07 eff:0.2% logz-ratio=3.08+/-0.05 dlogz:12.431>0.1]
63571it [4:57:53 bound:801 nc:592 ncall:3.7e+07 eff:0.2% logz-ratio=3.16+/-0.06 dlogz:12.297>0.1]
63756it [4:58:53 bound:804 nc:590 ncall:3.7e+07 eff:0.2% logz-ratio=3.22+/-0.06 dlogz:12.195>0.1]
63946it [4:59:55 bound:807 nc:951 ncall:3.8e+07 eff:0.2% logz-ratio=3.28+/-0.06 dlogz:12.089>0.1]
64185it [5:01:11 bound:811 nc:473 ncall:3.8e+07 eff:0.2% logz-ratio=3.35+/-0.06 dlogz:11.954>0.1]
64373it [5:03:00 bound:814 nc:773 ncall:3.8e+07 eff:0.2% logz-ratio=3.41+/-0.06 dlogz:11.846>0.1]
64599it [5:04:17 bound:818 nc:785 ncall:3.8e+07 eff:0.2% logz-ratio=3.49+/-0.06 dlogz:11.714>0.1]
64836it [5:05:31 bound:822 nc:849 ncall:3.8e+07 eff:0.2% logz-ratio=3.57+/-0.06 dlogz:13.224>0.1]
65070it [5:06:47 bound:826 nc:1005 ncall:3.9e+07 eff:0.2% logz-ratio=3.66+/-0.06 dlogz:13.084>0.1]
65310it [5:08:04 bound:830 nc:1032 ncall:3.9e+07 eff:0.2% logz-ratio=3.74+/-0.06 dlogz:12.940>0.1]
65544it [5:09:22 bound:834 nc:817 ncall:3.9e+07 eff:0.2% logz-ratio=3.83+/-0.06 dlogz:12.886>0.1]
65720it [5:10:23 bound:837 nc:683 ncall:3.9e+07 eff:0.2% logz-ratio=3.89+/-0.06 dlogz:12.779>0.1]
65892it [5:11:36 bound:840 nc:716 ncall:3.9e+07 eff:0.2% logz-ratio=3.96+/-0.06 dlogz:12.674>0.1]
66068it [5:12:49 bound:843 nc:822 ncall:4.0e+07 eff:0.2% logz-ratio=4.02+/-0.06 dlogz:12.566>0.1]
66238it [5:14:01 bound:846 nc:731 ncall:4.0e+07 eff:0.2% logz-ratio=4.08+/-0.06 dlogz:12.460>0.1]
66414it [5:15:17 bound:849 nc:1726 ncall:4.0e+07 eff:0.2% logz-ratio=4.15+/-0.06 dlogz:12.351>0.1]
66587it [5:16:29 bound:852 nc:2104 ncall:4.0e+07 eff:0.2% logz-ratio=4.22+/-0.06 dlogz:12.244>0.1]
66755it [5:17:45 bound:855 nc:547 ncall:4.0e+07 eff:0.2% logz-ratio=4.28+/-0.06 dlogz:12.140>0.1]
66924it [5:19:10 bound:858 nc:1041 ncall:4.0e+07 eff:0.2% logz-ratio=4.34+/-0.06 dlogz:12.036>0.1]
67092it [5:20:31 bound:861 nc:943 ncall:4.1e+07 eff:0.2% logz-ratio=4.40+/-0.06 dlogz:11.932>0.1]
67266it [5:21:59 bound:864 nc:1161 ncall:4.1e+07 eff:0.2% logz-ratio=4.47+/-0.06 dlogz:11.825>0.1]
67439it [5:23:22 bound:867 nc:777 ncall:4.1e+07 eff:0.2% logz-ratio=4.53+/-0.06 dlogz:11.717>0.1]
67612it [5:24:44 bound:870 nc:620 ncall:4.1e+07 eff:0.2% logz-ratio=4.60+/-0.06 dlogz:11.610>0.1]
67728it [5:25:47 bound:872 nc:1035 ncall:4.1e+07 eff:0.2% logz-ratio=4.64+/-0.06 dlogz:11.538>0.1]
67902it [5:27:17 bound:875 nc:551 ncall:4.1e+07 eff:0.2% logz-ratio=4.71+/-0.06 dlogz:11.429>0.1]
68066it [5:28:41 bound:878 nc:963 ncall:4.1e+07 eff:0.2% logz-ratio=4.77+/-0.06 dlogz:11.327>0.1]
68241it [5:30:06 bound:881 nc:778 ncall:4.2e+07 eff:0.2% logz-ratio=4.84+/-0.06 dlogz:11.219>0.1]
68410it [5:31:27 bound:884 nc:404 ncall:4.2e+07 eff:0.2% logz-ratio=4.90+/-0.06 dlogz:11.114>0.1]
68581it [5:32:46 bound:887 nc:994 ncall:4.2e+07 eff:0.2% logz-ratio=4.96+/-0.06 dlogz:11.009>0.1]
68752it [5:34:12 bound:890 nc:755 ncall:4.2e+07 eff:0.2% logz-ratio=5.03+/-0.06 dlogz:10.903>0.1]
68923it [5:35:35 bound:893 nc:1003 ncall:4.2e+07 eff:0.2% logz-ratio=5.09+/-0.06 dlogz:10.798>0.1]
69037it [5:36:37 bound:895 nc:720 ncall:4.2e+07 eff:0.2% logz-ratio=5.13+/-0.06 dlogz:10.728>0.1]
69215it [5:37:57 bound:898 nc:1206 ncall:4.3e+07 eff:0.2% logz-ratio=5.20+/-0.06 dlogz:10.621>0.1]
69321it [5:38:57 bound:900 nc:2068 ncall:4.3e+07 eff:0.2% logz-ratio=5.24+/-0.06 dlogz:10.556>0.1]
69439it [5:40:01 bound:902 nc:580 ncall:4.3e+07 eff:0.2% logz-ratio=5.28+/-0.06 dlogz:10.485>0.1]
69555it [5:41:02 bound:904 nc:859 ncall:4.3e+07 eff:0.2% logz-ratio=5.32+/-0.06 dlogz:10.414>0.1]
69663it [5:42:02 bound:906 nc:988 ncall:4.3e+07 eff:0.2% logz-ratio=5.36+/-0.06 dlogz:10.349>0.1]
69781it [5:43:02 bound:908 nc:919 ncall:4.3e+07 eff:0.2% logz-ratio=5.40+/-0.06 dlogz:10.278>0.1]
69888it [5:44:04 bound:910 nc:476 ncall:4.3e+07 eff:0.2% logz-ratio=5.44+/-0.06 dlogz:10.215>0.1]
70064it [5:45:26 bound:913 nc:642 ncall:4.3e+07 eff:0.2% logz-ratio=5.50+/-0.06 dlogz:10.111>0.1]
70236it [5:46:49 bound:916 nc:865 ncall:4.3e+07 eff:0.2% logz-ratio=5.56+/-0.06 dlogz:10.009>0.1]
70398it [5:48:08 bound:919 nc:792 ncall:4.4e+07 eff:0.2% logz-ratio=5.62+/-0.06 dlogz:9.913>0.1]
70567it [5:49:35 bound:922 nc:660 ncall:4.4e+07 eff:0.2% logz-ratio=5.67+/-0.06 dlogz:9.813>0.1]
70731it [5:50:56 bound:925 nc:1809 ncall:4.4e+07 eff:0.2% logz-ratio=5.73+/-0.06 dlogz:9.717>0.1]
70901it [5:52:17 bound:928 nc:619 ncall:4.4e+07 eff:0.2% logz-ratio=5.79+/-0.06 dlogz:9.618>0.1]
71071it [5:53:34 bound:931 nc:1103 ncall:4.4e+07 eff:0.2% logz-ratio=5.85+/-0.06 dlogz:9.519>0.1]
71236it [5:54:57 bound:934 nc:1032 ncall:4.4e+07 eff:0.2% logz-ratio=5.90+/-0.06 dlogz:9.424>0.1]
71406it [5:56:17 bound:937 nc:1136 ncall:4.5e+07 eff:0.2% logz-ratio=5.96+/-0.06 dlogz:9.326>0.1]
71577it [5:57:45 bound:940 nc:795 ncall:4.5e+07 eff:0.2% logz-ratio=6.01+/-0.06 dlogz:9.229>0.1]
71748it [5:58:58 bound:943 nc:1148 ncall:4.5e+07 eff:0.2% logz-ratio=6.07+/-0.06 dlogz:9.131>0.1]
71913it [6:00:11 bound:946 nc:940 ncall:4.5e+07 eff:0.2% logz-ratio=6.12+/-0.06 dlogz:9.038>0.1]
72086it [6:01:27 bound:949 nc:647 ncall:4.5e+07 eff:0.2% logz-ratio=6.18+/-0.06 dlogz:8.940>0.1]
72255it [6:02:38 bound:952 nc:2489 ncall:4.5e+07 eff:0.2% logz-ratio=6.23+/-0.06 dlogz:8.844>0.1]
72275it [6:03:48 bound:952 nc:873 ncall:4.5e+07 eff:0.2% logz-ratio=6.24+/-0.06 dlogz:8.832>0.1]
72418it [6:05:07 bound:955 nc:686 ncall:4.6e+07 eff:0.2% logz-ratio=6.28+/-0.06 dlogz:8.752>0.1]
72597it [6:06:23 bound:958 nc:1606 ncall:4.6e+07 eff:0.2% logz-ratio=6.34+/-0.06 dlogz:8.651>0.1]
72775it [6:07:39 bound:961 nc:968 ncall:4.6e+07 eff:0.2% logz-ratio=6.40+/-0.06 dlogz:8.552>0.1]
72950it [6:09:00 bound:964 nc:660 ncall:4.6e+07 eff:0.2% logz-ratio=6.45+/-0.06 dlogz:8.456>0.1]
73125it [6:10:18 bound:967 nc:744 ncall:4.6e+07 eff:0.2% logz-ratio=6.50+/-0.06 dlogz:8.359>0.1]
73298it [6:11:45 bound:970 nc:391 ncall:4.6e+07 eff:0.2% logz-ratio=6.56+/-0.06 dlogz:8.265>0.1]
73477it [6:13:06 bound:973 nc:959 ncall:4.7e+07 eff:0.2% logz-ratio=6.61+/-0.06 dlogz:8.168>0.1]
73645it [6:14:27 bound:976 nc:2071 ncall:4.7e+07 eff:0.2% logz-ratio=6.66+/-0.06 dlogz:8.078>0.1]
73825it [6:15:48 bound:979 nc:1005 ncall:4.7e+07 eff:0.2% logz-ratio=6.71+/-0.06 dlogz:7.983>0.1]
73999it [6:17:11 bound:982 nc:658 ncall:4.7e+07 eff:0.2% logz-ratio=6.76+/-0.06 dlogz:7.891>0.1]
74171it [6:18:43 bound:985 nc:730 ncall:4.7e+07 eff:0.2% logz-ratio=6.81+/-0.06 dlogz:7.800>0.1]
74284it [6:19:46 bound:987 nc:1904 ncall:4.7e+07 eff:0.2% logz-ratio=6.84+/-0.06 dlogz:7.741>0.1]
74403it [6:20:49 bound:989 nc:601 ncall:4.7e+07 eff:0.2% logz-ratio=6.87+/-0.06 dlogz:7.679>0.1]
74516it [6:21:51 bound:991 nc:620 ncall:4.8e+07 eff:0.2% logz-ratio=6.90+/-0.06 dlogz:7.620>0.1]
74689it [6:23:15 bound:994 nc:1869 ncall:4.8e+07 eff:0.2% logz-ratio=6.95+/-0.06 dlogz:7.530>0.1]
74809it [6:24:21 bound:996 nc:1266 ncall:4.8e+07 eff:0.2% logz-ratio=6.99+/-0.06 dlogz:7.468>0.1]
74983it [6:25:50 bound:999 nc:903 ncall:4.8e+07 eff:0.2% logz-ratio=7.03+/-0.06 dlogz:7.377>0.1]
75165it [6:27:17 bound:1002 nc:661 ncall:4.8e+07 eff:0.2% logz-ratio=7.08+/-0.06 dlogz:7.283>0.1]
75282it [6:28:18 bound:1004 nc:1039 ncall:4.8e+07 eff:0.2% logz-ratio=7.12+/-0.06 dlogz:7.222>0.1]
75457it [6:29:40 bound:1007 nc:752 ncall:4.8e+07 eff:0.2% logz-ratio=7.16+/-0.06 dlogz:7.132>0.1]
75637it [6:31:03 bound:1010 nc:1186 ncall:4.9e+07 eff:0.2% logz-ratio=7.21+/-0.06 dlogz:7.039>0.1]
75820it [6:32:31 bound:1013 nc:1566 ncall:4.9e+07 eff:0.2% logz-ratio=7.26+/-0.06 dlogz:6.946>0.1]
75940it [6:33:33 bound:1015 nc:1540 ncall:4.9e+07 eff:0.2% logz-ratio=7.29+/-0.06 dlogz:6.884>0.1]
76118it [6:34:57 bound:1018 nc:898 ncall:4.9e+07 eff:0.2% logz-ratio=7.34+/-0.06 dlogz:6.794>0.1]
76301it [6:36:20 bound:1021 nc:792 ncall:4.9e+07 eff:0.2% logz-ratio=7.39+/-0.06 dlogz:6.701>0.1]
76481it [6:37:38 bound:1024 nc:1045 ncall:4.9e+07 eff:0.2% logz-ratio=7.43+/-0.06 dlogz:6.611>0.1]
76662it [6:38:57 bound:1027 nc:694 ncall:5.0e+07 eff:0.2% logz-ratio=7.48+/-0.06 dlogz:6.520>0.1]
76841it [6:40:15 bound:1030 nc:1025 ncall:5.0e+07 eff:0.2% logz-ratio=7.53+/-0.06 dlogz:6.430>0.1]
77024it [6:41:30 bound:1033 nc:878 ncall:5.0e+07 eff:0.2% logz-ratio=7.57+/-0.06 dlogz:6.339>0.1]
77207it [6:42:44 bound:1036 nc:1146 ncall:5.0e+07 eff:0.2% logz-ratio=7.62+/-0.06 dlogz:6.264>0.1]
77394it [6:43:52 bound:1039 nc:544 ncall:5.0e+07 eff:0.2% logz-ratio=7.67+/-0.06 dlogz:6.172>0.1]
77581it [6:44:58 bound:1042 nc:861 ncall:5.0e+07 eff:0.2% logz-ratio=7.71+/-0.06 dlogz:6.079>0.1]
77769it [6:46:09 bound:1045 nc:1045 ncall:5.1e+07 eff:0.2% logz-ratio=7.76+/-0.06 dlogz:5.986>0.1]
77953it [6:47:18 bound:1048 nc:1994 ncall:5.1e+07 eff:0.2% logz-ratio=7.81+/-0.06 dlogz:5.895>0.1]
78136it [6:48:23 bound:1051 nc:861 ncall:5.1e+07 eff:0.2% logz-ratio=7.85+/-0.07 dlogz:5.806>0.1]
78314it [6:49:31 bound:1054 nc:825 ncall:5.1e+07 eff:0.2% logz-ratio=7.90+/-0.07 dlogz:5.720>0.1]
78499it [6:50:40 bound:1057 nc:758 ncall:5.1e+07 eff:0.2% logz-ratio=7.94+/-0.07 dlogz:6.040>0.1]
78684it [6:51:44 bound:1060 nc:738 ncall:5.1e+07 eff:0.2% logz-ratio=7.98+/-0.07 dlogz:5.952>0.1]
78866it [6:52:48 bound:1063 nc:954 ncall:5.2e+07 eff:0.2% logz-ratio=8.02+/-0.07 dlogz:5.866>0.1]
79055it [6:53:54 bound:1066 nc:954 ncall:5.2e+07 eff:0.2% logz-ratio=8.07+/-0.07 dlogz:5.777>0.1]
79240it [6:54:59 bound:1069 nc:615 ncall:5.2e+07 eff:0.2% logz-ratio=8.11+/-0.07 dlogz:5.691>0.1]
79426it [6:56:03 bound:1072 nc:770 ncall:5.2e+07 eff:0.2% logz-ratio=8.15+/-0.07 dlogz:5.605>0.1]
79614it [6:57:10 bound:1075 nc:341 ncall:5.2e+07 eff:0.2% logz-ratio=8.19+/-0.07 dlogz:5.519>0.1]
79797it [6:58:11 bound:1078 nc:756 ncall:5.2e+07 eff:0.2% logz-ratio=8.23+/-0.07 dlogz:5.435>0.1]
79985it [6:59:14 bound:1081 nc:1002 ncall:5.3e+07 eff:0.2% logz-ratio=8.27+/-0.07 dlogz:5.350>0.1]
80230it [7:00:34 bound:1085 nc:890 ncall:5.3e+07 eff:0.2% logz-ratio=8.32+/-0.07 dlogz:5.240>0.1]
80413it [7:01:34 bound:1088 nc:362 ncall:5.3e+07 eff:0.2% logz-ratio=8.36+/-0.07 dlogz:5.159>0.1]
80661it [7:02:49 bound:1092 nc:941 ncall:5.3e+07 eff:0.2% logz-ratio=8.41+/-0.07 dlogz:5.048>0.1]
80802it [7:04:28 bound:1094 nc:787 ncall:5.3e+07 eff:0.2% logz-ratio=8.44+/-0.07 dlogz:4.986>0.1]
80972it [7:05:28 bound:1097 nc:548 ncall:5.4e+07 eff:0.2% logz-ratio=8.47+/-0.07 dlogz:4.912>0.1]
81160it [7:06:33 bound:1100 nc:798 ncall:5.4e+07 eff:0.2% logz-ratio=8.51+/-0.07 dlogz:4.830>0.1]
81343it [7:07:35 bound:1103 nc:1983 ncall:5.4e+07 eff:0.2% logz-ratio=8.54+/-0.07 dlogz:4.750>0.1]
81529it [7:08:38 bound:1106 nc:1423 ncall:5.4e+07 eff:0.2% logz-ratio=8.58+/-0.07 dlogz:4.670>0.1]
81712it [7:09:38 bound:1109 nc:930 ncall:5.4e+07 eff:0.2% logz-ratio=8.61+/-0.07 dlogz:4.591>0.1]
81897it [7:10:39 bound:1112 nc:664 ncall:5.4e+07 eff:0.2% logz-ratio=8.65+/-0.07 dlogz:4.512>0.1]
82142it [7:11:57 bound:1116 nc:1036 ncall:5.5e+07 eff:0.2% logz-ratio=8.69+/-0.07 dlogz:4.408>0.1]
82329it [7:12:58 bound:1119 nc:1306 ncall:5.5e+07 eff:0.2% logz-ratio=8.73+/-0.07 dlogz:4.330>0.1]
82576it [7:14:18 bound:1123 nc:1082 ncall:5.5e+07 eff:0.1% logz-ratio=8.77+/-0.07 dlogz:4.228>0.1]
82765it [7:15:18 bound:1126 nc:1141 ncall:5.5e+07 eff:0.1% logz-ratio=8.80+/-0.07 dlogz:4.150>0.1]
82951it [7:16:19 bound:1129 nc:1153 ncall:5.5e+07 eff:0.1% logz-ratio=8.83+/-0.07 dlogz:4.075>0.1]
83138it [7:17:20 bound:1132 nc:1209 ncall:5.6e+07 eff:0.1% logz-ratio=8.86+/-0.07 dlogz:3.999>0.1]
83325it [7:18:22 bound:1135 nc:839 ncall:5.6e+07 eff:0.1% logz-ratio=8.89+/-0.07 dlogz:3.924>0.1]
83513it [7:19:25 bound:1138 nc:1059 ncall:5.6e+07 eff:0.1% logz-ratio=8.93+/-0.07 dlogz:3.868>0.1]
83701it [7:20:28 bound:1141 nc:799 ncall:5.6e+07 eff:0.1% logz-ratio=8.96+/-0.07 dlogz:3.826>0.1]
83885it [7:21:29 bound:1144 nc:1064 ncall:5.6e+07 eff:0.1% logz-ratio=8.98+/-0.07 dlogz:4.454>0.1]
84067it [7:22:32 bound:1147 nc:1218 ncall:5.7e+07 eff:0.1% logz-ratio=9.01+/-0.07 dlogz:4.381>0.1]
84256it [7:23:33 bound:1150 nc:1501 ncall:5.7e+07 eff:0.1% logz-ratio=9.04+/-0.07 dlogz:4.306>0.1]
84442it [7:24:35 bound:1153 nc:972 ncall:5.7e+07 eff:0.1% logz-ratio=9.07+/-0.07 dlogz:4.233>0.1]
84623it [7:25:38 bound:1156 nc:1646 ncall:5.7e+07 eff:0.1% logz-ratio=9.10+/-0.07 dlogz:4.162>0.1]
84811it [7:26:40 bound:1159 nc:968 ncall:5.7e+07 eff:0.1% logz-ratio=9.13+/-0.07 dlogz:4.089>0.1]
84991it [7:27:42 bound:1162 nc:1919 ncall:5.8e+07 eff:0.1% logz-ratio=9.16+/-0.07 dlogz:4.019>0.1]
85177it [7:28:43 bound:1165 nc:942 ncall:5.8e+07 eff:0.1% logz-ratio=9.18+/-0.07 dlogz:3.947>0.1]
85358it [7:29:47 bound:1168 nc:980 ncall:5.8e+07 eff:0.1% logz-ratio=9.21+/-0.07 dlogz:3.878>0.1]
85550it [7:30:55 bound:1171 nc:636 ncall:5.8e+07 eff:0.1% logz-ratio=9.24+/-0.07 dlogz:3.805>0.1]
85738it [7:32:11 bound:1174 nc:1238 ncall:5.8e+07 eff:0.1% logz-ratio=9.26+/-0.07 dlogz:3.734>0.1]
85923it [7:33:29 bound:1177 nc:1301 ncall:5.9e+07 eff:0.1% logz-ratio=9.29+/-0.07 dlogz:3.664>0.1]
86106it [7:34:45 bound:1180 nc:2095 ncall:5.9e+07 eff:0.1% logz-ratio=9.32+/-0.07 dlogz:3.596>0.1]
86292it [7:35:59 bound:1183 nc:1017 ncall:5.9e+07 eff:0.1% logz-ratio=9.34+/-0.07 dlogz:3.527>0.1]
86483it [7:37:14 bound:1186 nc:587 ncall:5.9e+07 eff:0.1% logz-ratio=9.37+/-0.07 dlogz:3.457>0.1]
86667it [7:38:30 bound:1189 nc:821 ncall:5.9e+07 eff:0.1% logz-ratio=9.39+/-0.07 dlogz:3.390>0.1]
86854it [7:39:40 bound:1192 nc:1190 ncall:6.0e+07 eff:0.1% logz-ratio=9.42+/-0.07 dlogz:3.322>0.1]
87040it [7:40:47 bound:1195 nc:1252 ncall:6.0e+07 eff:0.1% logz-ratio=9.44+/-0.07 dlogz:3.255>0.1]
87228it [7:41:54 bound:1198 nc:1124 ncall:6.0e+07 eff:0.1% logz-ratio=9.46+/-0.07 dlogz:3.188>0.1]
87412it [7:42:57 bound:1201 nc:1060 ncall:6.0e+07 eff:0.1% logz-ratio=9.49+/-0.07 dlogz:3.124>0.1]
87596it [7:44:02 bound:1204 nc:1441 ncall:6.0e+07 eff:0.1% logz-ratio=9.51+/-0.07 dlogz:3.059>0.1]
87778it [7:45:07 bound:1207 nc:607 ncall:6.1e+07 eff:0.1% logz-ratio=9.53+/-0.07 dlogz:2.996>0.1]
87963it [7:46:12 bound:1210 nc:878 ncall:6.1e+07 eff:0.1% logz-ratio=9.55+/-0.07 dlogz:2.933>0.1]
88152it [7:47:17 bound:1213 nc:1234 ncall:6.1e+07 eff:0.1% logz-ratio=9.57+/-0.07 dlogz:2.869>0.1]
88339it [7:48:22 bound:1216 nc:1239 ncall:6.1e+07 eff:0.1% logz-ratio=9.60+/-0.07 dlogz:2.806>0.1]
88523it [7:49:27 bound:1219 nc:954 ncall:6.1e+07 eff:0.1% logz-ratio=9.62+/-0.07 dlogz:2.744>0.1]
88706it [7:50:31 bound:1222 nc:824 ncall:6.2e+07 eff:0.1% logz-ratio=9.64+/-0.07 dlogz:2.684>0.1]
88893it [7:51:36 bound:1225 nc:1532 ncall:6.2e+07 eff:0.1% logz-ratio=9.66+/-0.07 dlogz:2.622>0.1]
89080it [7:52:38 bound:1228 nc:1177 ncall:6.2e+07 eff:0.1% logz-ratio=9.68+/-0.07 dlogz:2.561>0.1]
89327it [7:53:59 bound:1232 nc:1557 ncall:6.2e+07 eff:0.1% logz-ratio=9.70+/-0.07 dlogz:2.481>0.1]
89509it [7:55:01 bound:1235 nc:1303 ncall:6.3e+07 eff:0.1% logz-ratio=9.72+/-0.07 dlogz:2.423>0.1]
89697it [7:56:05 bound:1238 nc:785 ncall:6.3e+07 eff:0.1% logz-ratio=9.74+/-0.07 dlogz:2.364>0.1]
89940it [7:57:24 bound:1242 nc:1912 ncall:6.3e+07 eff:0.1% logz-ratio=9.77+/-0.07 dlogz:2.288>0.1]
90123it [7:58:26 bound:1245 nc:928 ncall:6.3e+07 eff:0.1% logz-ratio=9.79+/-0.07 dlogz:2.232>0.1]
90308it [7:59:27 bound:1248 nc:1124 ncall:6.4e+07 eff:0.1% logz-ratio=9.80+/-0.07 dlogz:2.176>0.1]
90489it [8:00:29 bound:1251 nc:1063 ncall:6.4e+07 eff:0.1% logz-ratio=9.82+/-0.07 dlogz:2.121>0.1]
90732it [8:01:46 bound:1255 nc:1188 ncall:6.4e+07 eff:0.1% logz-ratio=9.84+/-0.07 dlogz:2.050>0.1]
90971it [8:03:06 bound:1259 nc:1056 ncall:6.4e+07 eff:0.1% logz-ratio=9.87+/-0.07 dlogz:1.980>0.1]
91162it [8:05:16 bound:1262 nc:1282 ncall:6.5e+07 eff:0.1% logz-ratio=9.88+/-0.07 dlogz:1.926>0.1]
91338it [8:06:22 bound:1265 nc:1272 ncall:6.5e+07 eff:0.1% logz-ratio=9.90+/-0.07 dlogz:1.876>0.1]
91519it [8:07:31 bound:1268 nc:1301 ncall:6.5e+07 eff:0.1% logz-ratio=9.91+/-0.07 dlogz:1.826>0.1]
91704it [8:08:40 bound:1271 nc:1475 ncall:6.5e+07 eff:0.1% logz-ratio=9.93+/-0.07 dlogz:1.775>0.1]
91885it [8:10:01 bound:1274 nc:1155 ncall:6.5e+07 eff:0.1% logz-ratio=9.94+/-0.07 dlogz:1.726>0.1]
92065it [8:11:24 bound:1277 nc:1218 ncall:6.6e+07 eff:0.1% logz-ratio=9.96+/-0.07 dlogz:1.678>0.1]
92245it [8:12:46 bound:1280 nc:2314 ncall:6.6e+07 eff:0.1% logz-ratio=9.97+/-0.07 dlogz:1.631>0.1]
92426it [8:14:04 bound:1283 nc:1444 ncall:6.6e+07 eff:0.1% logz-ratio=9.99+/-0.07 dlogz:1.585>0.1]
92607it [8:15:25 bound:1286 nc:1068 ncall:6.6e+07 eff:0.1% logz-ratio=10.00+/-0.07 dlogz:1.539>0.1]
92792it [8:16:42 bound:1289 nc:898 ncall:6.7e+07 eff:0.1% logz-ratio=10.01+/-0.07 dlogz:1.493>0.1]
92976it [8:17:58 bound:1292 nc:1387 ncall:6.7e+07 eff:0.1% logz-ratio=10.03+/-0.07 dlogz:1.448>0.1]
93152it [8:19:18 bound:1295 nc:445 ncall:6.7e+07 eff:0.1% logz-ratio=10.04+/-0.07 dlogz:1.406>0.1]
93329it [8:20:36 bound:1298 nc:1314 ncall:6.7e+07 eff:0.1% logz-ratio=10.05+/-0.07 dlogz:1.364>0.1]
93511it [8:21:52 bound:1301 nc:1316 ncall:6.8e+07 eff:0.1% logz-ratio=10.06+/-0.07 dlogz:1.322>0.1]
93692it [8:23:21 bound:1304 nc:1533 ncall:6.8e+07 eff:0.1% logz-ratio=10.08+/-0.07 dlogz:1.281>0.1]
93817it [8:24:25 bound:1306 nc:1091 ncall:6.8e+07 eff:0.1% logz-ratio=10.08+/-0.07 dlogz:1.254>0.1]
93934it [8:25:26 bound:1308 nc:1522 ncall:6.8e+07 eff:0.1% logz-ratio=10.09+/-0.07 dlogz:1.228>0.1]
94043it [8:26:27 bound:1310 nc:1289 ncall:6.8e+07 eff:0.1% logz-ratio=10.10+/-0.07 dlogz:1.204>0.1]
94164it [8:27:34 bound:1312 nc:2362 ncall:6.8e+07 eff:0.1% logz-ratio=10.11+/-0.07 dlogz:1.178>0.1]
94284it [8:28:37 bound:1314 nc:1162 ncall:6.9e+07 eff:0.1% logz-ratio=10.11+/-0.07 dlogz:1.153>0.1]
94409it [8:29:42 bound:1316 nc:1016 ncall:6.9e+07 eff:0.1% logz-ratio=10.12+/-0.07 dlogz:1.127>0.1]
94528it [8:30:44 bound:1318 nc:1512 ncall:6.9e+07 eff:0.1% logz-ratio=10.13+/-0.07 dlogz:1.103>0.1]
94644it [8:31:45 bound:1320 nc:1491 ncall:6.9e+07 eff:0.1% logz-ratio=10.14+/-0.07 dlogz:1.080>0.1]
94761it [8:32:50 bound:1322 nc:1300 ncall:6.9e+07 eff:0.1% logz-ratio=10.14+/-0.07 dlogz:1.056>0.1]
94881it [8:33:51 bound:1324 nc:1140 ncall:6.9e+07 eff:0.1% logz-ratio=10.15+/-0.07 dlogz:1.033>0.1]
95001it [8:34:52 bound:1326 nc:1272 ncall:6.9e+07 eff:0.1% logz-ratio=10.16+/-0.07 dlogz:1.010>0.1]
95176it [8:36:24 bound:1329 nc:1387 ncall:7.0e+07 eff:0.1% logz-ratio=10.17+/-0.07 dlogz:0.977>0.1]
95355it [8:37:51 bound:1332 nc:1591 ncall:7.0e+07 eff:0.1% logz-ratio=10.18+/-0.07 dlogz:0.944>0.1]
95474it [8:38:53 bound:1334 nc:1385 ncall:7.0e+07 eff:0.1% logz-ratio=10.18+/-0.07 dlogz:0.923>0.1]
95654it [8:40:22 bound:1337 nc:1695 ncall:7.0e+07 eff:0.1% logz-ratio=10.19+/-0.07 dlogz:0.891>0.1]
95839it [8:41:47 bound:1340 nc:859 ncall:7.1e+07 eff:0.1% logz-ratio=10.20+/-0.07 dlogz:0.859>0.1]
96019it [8:43:10 bound:1343 nc:1227 ncall:7.1e+07 eff:0.1% logz-ratio=10.21+/-0.07 dlogz:0.829>0.1]
96198it [8:44:33 bound:1346 nc:2547 ncall:7.1e+07 eff:0.1% logz-ratio=10.22+/-0.07 dlogz:0.800>0.1]
96378it [8:45:59 bound:1349 nc:1391 ncall:7.1e+07 eff:0.1% logz-ratio=10.23+/-0.07 dlogz:0.772>0.1]
96560it [8:47:19 bound:1352 nc:1079 ncall:7.2e+07 eff:0.1% logz-ratio=10.23+/-0.07 dlogz:0.744>0.1]
96743it [8:48:43 bound:1355 nc:1168 ncall:7.2e+07 eff:0.1% logz-ratio=10.24+/-0.07 dlogz:0.716>0.1]
96927it [8:50:07 bound:1358 nc:1289 ncall:7.2e+07 eff:0.1% logz-ratio=10.25+/-0.07 dlogz:0.690>0.1]
97102it [8:51:26 bound:1361 nc:1442 ncall:7.2e+07 eff:0.1% logz-ratio=10.26+/-0.07 dlogz:0.666>0.1]
97224it [8:52:37 bound:1363 nc:1597 ncall:7.2e+07 eff:0.1% logz-ratio=10.26+/-0.07 dlogz:0.649>0.1]
97341it [8:53:42 bound:1365 nc:1232 ncall:7.3e+07 eff:0.1% logz-ratio=10.27+/-0.07 dlogz:0.633>0.1]
97458it [8:54:49 bound:1367 nc:1353 ncall:7.3e+07 eff:0.1% logz-ratio=10.27+/-0.07 dlogz:0.618>0.1]
97578it [8:55:56 bound:1369 nc:1359 ncall:7.3e+07 eff:0.1% logz-ratio=10.28+/-0.07 dlogz:0.602>0.1]
97700it [8:57:03 bound:1371 nc:1080 ncall:7.3e+07 eff:0.1% logz-ratio=10.28+/-0.07 dlogz:0.587>0.1]
97823it [8:58:12 bound:1373 nc:1694 ncall:7.3e+07 eff:0.1% logz-ratio=10.28+/-0.07 dlogz:0.572>0.1]
97945it [8:59:23 bound:1375 nc:1024 ncall:7.3e+07 eff:0.1% logz-ratio=10.29+/-0.07 dlogz:0.557>0.1]
98066it [9:00:27 bound:1377 nc:1090 ncall:7.4e+07 eff:0.1% logz-ratio=10.29+/-0.07 dlogz:0.543>0.1]
98185it [9:01:34 bound:1379 nc:1146 ncall:7.4e+07 eff:0.1% logz-ratio=10.30+/-0.07 dlogz:0.529>0.1]
98306it [9:02:39 bound:1381 nc:909 ncall:7.4e+07 eff:0.1% logz-ratio=10.30+/-0.07 dlogz:0.515>0.1]
98422it [9:03:44 bound:1383 nc:720 ncall:7.4e+07 eff:0.1% logz-ratio=10.31+/-0.07 dlogz:0.502>0.1]
98546it [9:04:46 bound:1385 nc:1867 ncall:7.4e+07 eff:0.1% logz-ratio=10.31+/-0.07 dlogz:0.489>0.1]
98564it [9:06:11 bound:1385 nc:1350 ncall:7.4e+07 eff:0.1% logz-ratio=10.31+/-0.07 dlogz:0.487>0.1]
98724it [9:07:33 bound:1388 nc:1432 ncall:7.5e+07 eff:0.1% logz-ratio=10.31+/-0.07 dlogz:0.470>0.1]
98905it [9:09:00 bound:1391 nc:3079 ncall:7.5e+07 eff:0.1% logz-ratio=10.32+/-0.07 dlogz:0.540>0.1]
99086it [9:10:24 bound:1394 nc:1534 ncall:7.5e+07 eff:0.1% logz-ratio=10.33+/-0.07 dlogz:0.520>0.1]
99265it [9:11:49 bound:1397 nc:2805 ncall:7.5e+07 eff:0.1% logz-ratio=10.33+/-0.07 dlogz:0.500>0.1]
99442it [9:13:11 bound:1400 nc:932 ncall:7.6e+07 eff:0.1% logz-ratio=10.34+/-0.07 dlogz:0.481>0.1]
99624it [9:14:35 bound:1403 nc:1262 ncall:7.6e+07 eff:0.1% logz-ratio=10.34+/-0.07 dlogz:0.463>0.1]
99802it [9:15:56 bound:1406 nc:1370 ncall:7.6e+07 eff:0.1% logz-ratio=10.35+/-0.07 dlogz:0.445>0.1]
99983it [9:17:12 bound:1409 nc:694 ncall:7.6e+07 eff:0.1% logz-ratio=10.35+/-0.07 dlogz:0.428>0.1]
100158it [9:18:32 bound:1412 nc:1334 ncall:7.7e+07 eff:0.1% logz-ratio=10.36+/-0.07 dlogz:0.412>0.1]
100335it [9:19:49 bound:1415 nc:1071 ncall:7.7e+07 eff:0.1% logz-ratio=10.36+/-0.07 dlogz:0.396>0.1]
100510it [9:21:01 bound:1418 nc:1160 ncall:7.7e+07 eff:0.1% logz-ratio=10.36+/-0.07 dlogz:0.381>0.1]
100688it [9:22:16 bound:1421 nc:1236 ncall:7.7e+07 eff:0.1% logz-ratio=10.37+/-0.07 dlogz:0.366>0.1]
100865it [9:23:27 bound:1424 nc:1506 ncall:7.8e+07 eff:0.1% logz-ratio=10.37+/-0.07 dlogz:0.352>0.1]
101039it [9:24:39 bound:1427 nc:908 ncall:7.8e+07 eff:0.1% logz-ratio=10.38+/-0.07 dlogz:0.338>0.1]
101216it [9:25:53 bound:1430 nc:940 ncall:7.8e+07 eff:0.1% logz-ratio=10.38+/-0.07 dlogz:0.325>0.1]
101387it [9:27:08 bound:1433 nc:2629 ncall:7.8e+07 eff:0.1% logz-ratio=10.38+/-0.07 dlogz:0.313>0.1]
101569it [9:28:22 bound:1436 nc:1312 ncall:7.9e+07 eff:0.1% logz-ratio=10.39+/-0.07 dlogz:0.311>0.1]
101748it [9:29:33 bound:1439 nc:963 ncall:7.9e+07 eff:0.1% logz-ratio=10.39+/-0.07 dlogz:0.299>0.1]
101927it [9:30:44 bound:1442 nc:1119 ncall:7.9e+07 eff:0.1% logz-ratio=10.39+/-0.07 dlogz:0.287>0.1]
102105it [9:31:55 bound:1445 nc:1578 ncall:7.9e+07 eff:0.1% logz-ratio=10.40+/-0.07 dlogz:0.275>0.1]
102285it [9:33:25 bound:1448 nc:1410 ncall:8.0e+07 eff:0.1% logz-ratio=10.40+/-0.07 dlogz:0.264>0.1]
102461it [9:34:56 bound:1451 nc:1658 ncall:8.0e+07 eff:0.1% logz-ratio=10.40+/-0.07 dlogz:0.254>0.1]
102646it [9:36:22 bound:1454 nc:1698 ncall:8.0e+07 eff:0.1% logz-ratio=10.40+/-0.07 dlogz:0.243>0.1]
102764it [9:37:23 bound:1456 nc:1602 ncall:8.0e+07 eff:0.1% logz-ratio=10.41+/-0.07 dlogz:0.237>0.1]
102940it [9:38:51 bound:1459 nc:813 ncall:8.1e+07 eff:0.1% logz-ratio=10.41+/-0.07 dlogz:0.227>0.1]
103118it [9:40:15 bound:1462 nc:2614 ncall:8.1e+07 eff:0.1% logz-ratio=10.41+/-0.07 dlogz:0.218>0.1]
103290it [9:41:43 bound:1465 nc:686 ncall:8.1e+07 eff:0.1% logz-ratio=10.41+/-0.07 dlogz:0.209>0.1]
103470it [9:43:08 bound:1468 nc:1803 ncall:8.1e+07 eff:0.1% logz-ratio=10.42+/-0.07 dlogz:0.201>0.1]
103585it [9:44:10 bound:1470 nc:1184 ncall:8.2e+07 eff:0.1% logz-ratio=10.42+/-0.07 dlogz:0.195>0.1]
103703it [9:45:26 bound:1472 nc:1654 ncall:8.2e+07 eff:0.1% logz-ratio=10.42+/-0.07 dlogz:0.190>0.1]
103820it [9:46:34 bound:1474 nc:1169 ncall:8.2e+07 eff:0.1% logz-ratio=10.42+/-0.07 dlogz:0.185>0.1]
103941it [9:47:44 bound:1476 nc:2888 ncall:8.2e+07 eff:0.1% logz-ratio=10.42+/-0.07 dlogz:0.180>0.1]
104063it [9:48:55 bound:1478 nc:380 ncall:8.2e+07 eff:0.1% logz-ratio=10.42+/-0.07 dlogz:0.175>0.1]
104185it [9:50:05 bound:1480 nc:1638 ncall:8.2e+07 eff:0.1% logz-ratio=10.43+/-0.07 dlogz:0.170>0.1]
104308it [9:51:18 bound:1482 nc:1111 ncall:8.3e+07 eff:0.1% logz-ratio=10.43+/-0.07 dlogz:0.165>0.1]
104421it [9:52:29 bound:1484 nc:1563 ncall:8.3e+07 eff:0.1% logz-ratio=10.43+/-0.07 dlogz:0.161>0.1]
104538it [9:53:39 bound:1486 nc:1451 ncall:8.3e+07 eff:0.1% logz-ratio=10.43+/-0.07 dlogz:0.156>0.1]
104656it [9:54:48 bound:1488 nc:1503 ncall:8.3e+07 eff:0.1% logz-ratio=10.43+/-0.07 dlogz:0.152>0.1]
104771it [9:56:00 bound:1490 nc:1975 ncall:8.3e+07 eff:0.1% logz-ratio=10.43+/-0.07 dlogz:0.148>0.1]
104889it [9:57:07 bound:1492 nc:1558 ncall:8.3e+07 eff:0.1% logz-ratio=10.43+/-0.07 dlogz:0.144>0.1]
105013it [9:58:11 bound:1494 nc:4177 ncall:8.4e+07 eff:0.1% logz-ratio=10.43+/-0.07 dlogz:0.140>0.1]
105131it [9:59:15 bound:1496 nc:1713 ncall:8.4e+07 eff:0.1% logz-ratio=10.44+/-0.07 dlogz:0.136>0.1]
105254it [10:00:19 bound:1498 nc:1643 ncall:8.4e+07 eff:0.1% logz-ratio=10.44+/-0.07 dlogz:0.132>0.1]
105377it [10:01:23 bound:1500 nc:2888 ncall:8.4e+07 eff:0.1% logz-ratio=10.44+/-0.07 dlogz:0.128>0.1]
105497it [10:02:29 bound:1502 nc:1470 ncall:8.4e+07 eff:0.1% logz-ratio=10.44+/-0.07 dlogz:0.124>0.1]
105617it [10:03:38 bound:1504 nc:2421 ncall:8.5e+07 eff:0.1% logz-ratio=10.44+/-0.07 dlogz:0.121>0.1]
105735it [10:04:54 bound:1506 nc:579 ncall:8.5e+07 eff:0.1% logz-ratio=10.44+/-0.07 dlogz:0.118>0.1]
105811it [10:07:06 bound:1507 nc:1434 ncall:8.5e+07 eff:0.1% logz-ratio=10.44+/-0.07 dlogz:0.116>0.1]
105915it [10:08:15 bound:1509 nc:1237 ncall:8.5e+07 eff:0.1% logz-ratio=10.44+/-0.07 dlogz:0.113>0.1]
106033it [10:09:18 bound:1511 nc:1157 ncall:8.5e+07 eff:0.1% logz-ratio=10.44+/-0.07 dlogz:0.110>0.1]
106152it [10:10:24 bound:1513 nc:1435 ncall:8.5e+07 eff:0.1% logz-ratio=10.44+/-0.07 dlogz:0.106>0.1]
106272it [10:11:32 bound:1515 nc:1248 ncall:8.5e+07 eff:0.1% logz-ratio=10.45+/-0.07 dlogz:0.104>0.1]
106390it [10:12:34 bound:1517 nc:717 ncall:8.6e+07 eff:0.1% logz-ratio=10.45+/-0.07 dlogz:0.101>0.1]
At this point, we cannot create a float from 0        1.322847
1        1.335131
2        1.311223
3        1.313662
4        1.284748
           ...   
20235    1.855833
20236    1.856328
20237    1.855298
20238    1.855298
20239    1.854009
Name: chirp_mass_source, Length: 20240, dtype: float64, error: cannot convert the series to <class 'float'>
At this point, we cannot create a float from 0        0.798957
1        0.812392
2        0.682344
3        0.644441
4        0.807577
           ...   
20235    0.889855
20236    0.890664
20237    0.887358
20238    0.887358
20239    0.897266
Name: mass_ratio, Length: 20240, dtype: float64, error: cannot convert the series to <class 'float'>
At this point, we cannot create a float from 0        221.857819
1        239.221756
2        238.820618
3         85.963791
4        235.266113
            ...    
20235      9.335708
20236      9.186847
20237      7.883188
20238      7.883188
20239     12.670638
Name: lambda_1, Length: 20240, dtype: float64, error: cannot convert the series to <class 'float'>
At this point, we cannot create a float from 0         890.006714
1         836.062927
2        1786.440430
3        1327.153564
4         947.916504
            ...     
20235      43.808247
20236      43.114861
20237      42.085205
20238      42.085205
20239      48.547840
Name: lambda_2, Length: 20240, dtype: float64, error: cannot convert the series to <class 'float'>
Skipped taking the float value from [ -9.11616802  -9.25714588 -11.88889885 ...  -9.15848541
  -9.15848541  -8.80353546], error: only length-1 arrays can be converted to Python scalars
At this point, we cannot create a float from [1.2847482  1.28702015 1.28929211 ... 1.95951902 1.96179097
 1.96406293], error: only length-1 arrays can be converted to Python scalars
At this point, we cannot create a float from [0.64444101 0.64553819 0.64663536 ... 0.97030275 0.97139993
 0.97249711], error: only length-1 arrays can be converted to Python scalars
At this point, we cannot create a float from [  2.47773981   3.32301823   4.16829666 ... 253.52543131
 254.37070974 255.21598816], error: only length-1 arrays can be converted to Python scalars
At this point, we cannot create a float from [   3.62785745    9.5904413    15.55302515 ... 1774.51526198
 1780.47784583 1786.44042969], error: only length-1 arrays can be converted to Python scalars
Skipped taking the float value from [-26.3228569  -26.09257889 -25.83577538 ... -66.20150757
 -67.14740753 -67.98493195], error: only length-1 arrays can be converted to Python scalars
