000 (2587853.000.000) 2025-08-06 10:18:59 Job submitted from host: <145.107.7.246:9618?addrs=145.107.7.246-9618+[2a07-8500-120-e070--3f6]-9618&alias=taai-007.nikhef.nl&noUDP&sock=schedd_2614_90a7>
...
001 (2587853.000.000) 2025-08-06 10:19:39 Job executing on host: <145.107.4.167:9618?addrs=145.107.4.167-9618+[2a07-8500-120-e070--a7]-9618&alias=wn-pijl-006.nikhef.nl&noUDP&sock=startd_4304_c3b5>
	SlotName: slot1_2@wn-pijl-006.nikhef.nl
	AvailableGPUs = { GPUs_GPU_feb79665_637f_7d00_0944_9b688d6e2aa4 }
	CondorScratchDir = "/scratch/condor_execute/dir_741134"
	Cpus = 1
	Disk = 16790397
	GPUs = 1
	GPUs_GPU_feb79665_637f_7d00_0944_9b688d6e2aa4 = [ Id = "GPU-feb79665-637f-7d00-0944-9b688d6e2aa4"; ClockMhz = 2520.0; Capability = 8.9; CoresPerCU = 128; DeviceName = "NVIDIA L40S"; DeviceUuid = "feb79665-637f-7d00-0944-9b688d6e2aa4"; ECCEnabled = true; ComputeUnits = 142; NvidiaDriver = "570.124.06"; DriverVersion = 12.8; DevicePciBusId = "0000:02:00.0"; GlobalMemoryMb = 45468; MaxSupportedVersion = 12080 ]
	Memory = 16384
...
006 (2587853.000.000) 2025-08-06 10:19:52 Image size of job updated: 570324
	557  -  MemoryUsage of job (MB)
	570324  -  ResidentSetSize of job (KB)
...
006 (2587853.000.000) 2025-08-06 10:22:12 Image size of job updated: 3164516
	565  -  MemoryUsage of job (MB)
	578516  -  ResidentSetSize of job (KB)
...
005 (2587853.000.000) 2025-08-06 10:22:12 Job terminated.
	(1) Normal termination (return value 0)
		Usr 0 00:02:36, Sys 0 00:00:27  -  Run Remote Usage
		Usr 0 00:00:00, Sys 0 00:00:00  -  Run Local Usage
		Usr 0 00:02:36, Sys 0 00:00:27  -  Total Remote Usage
		Usr 0 00:00:00, Sys 0 00:00:00  -  Total Local Usage
	0  -  Run Bytes Sent By Job
	0  -  Run Bytes Received By Job
	0  -  Total Bytes Sent By Job
	0  -  Total Bytes Received By Job
	Partitionable Resources :    Usage  Request Allocated Assigned
	   Cpus                 :     1.08        1         1 
	   Disk (KB)            : 17500    16777216  16790397 
	   GPUs                 :     0.22        1         1 "GPU-feb79665-637f-7d00-0944-9b688d6e2aa4"
	   GpusMemory (MB)      : 35158                       
	   Memory (MB)          :   565       16384     16384 
	   TimeExecute (s)      :   153                       
	   TimeSlotBusy (s)     :   154                       

	Job terminated of its own accord at 2025-08-06T08:22:12Z with exit-code 0.
...
000 (2587942.000.000) 2025-08-06 13:56:07 Job submitted from host: <145.107.7.246:9618?addrs=145.107.7.246-9618+[2a07-8500-120-e070--3f6]-9618&alias=taai-007.nikhef.nl&noUDP&sock=schedd_2614_90a7>
...
001 (2587942.000.000) 2025-08-06 13:56:41 Job executing on host: <145.107.4.168:9618?addrs=145.107.4.168-9618+[2a07-8500-120-e070--a8]-9618&alias=wn-pijl-007.nikhef.nl&noUDP&sock=startd_4419_a519>
	SlotName: slot1_4@wn-pijl-007.nikhef.nl
	AvailableGPUs = { GPUs_GPU_17c4be5e_b3fe_fa20_a680_01cb012c066e }
	CondorScratchDir = "/scratch/condor_execute/dir_3868215"
	Cpus = 1
	Disk = 16790397
	GPUs = 1
	GPUs_GPU_17c4be5e_b3fe_fa20_a680_01cb012c066e = [ Id = "GPU-17c4be5e-b3fe-fa20-a680-01cb012c066e"; ClockMhz = 2520.0; Capability = 8.9; CoresPerCU = 128; DeviceName = "NVIDIA L40S"; DeviceUuid = "17c4be5e-b3fe-fa20-a680-01cb012c066e"; ECCEnabled = true; ComputeUnits = 142; NvidiaDriver = "570.124.06"; DriverVersion = 12.8; DevicePciBusId = "0000:C2:00.0"; GlobalMemoryMb = 45468; MaxSupportedVersion = 12080 ]
	Memory = 16384
...
006 (2587942.000.000) 2025-08-06 13:56:55 Image size of job updated: 559596
	547  -  MemoryUsage of job (MB)
	559596  -  ResidentSetSize of job (KB)
...
006 (2587942.000.000) 2025-08-06 14:01:55 Image size of job updated: 3661924
	3577  -  MemoryUsage of job (MB)
	3661924  -  ResidentSetSize of job (KB)
...
006 (2587942.000.000) 2025-08-06 14:03:19 Image size of job updated: 3878072
	3577  -  MemoryUsage of job (MB)
	3661924  -  ResidentSetSize of job (KB)
...
005 (2587942.000.000) 2025-08-06 14:03:19 Job terminated.
	(1) Normal termination (return value 0)
		Usr 0 00:06:58, Sys 0 00:00:43  -  Run Remote Usage
		Usr 0 00:00:00, Sys 0 00:00:00  -  Run Local Usage
		Usr 0 00:06:58, Sys 0 00:00:43  -  Total Remote Usage
		Usr 0 00:00:00, Sys 0 00:00:00  -  Total Local Usage
	0  -  Run Bytes Sent By Job
	0  -  Run Bytes Received By Job
	0  -  Total Bytes Sent By Job
	0  -  Total Bytes Received By Job
	Partitionable Resources :    Usage  Request Allocated Assigned
	   Cpus                 :     1.05        1         1 
	   Disk (KB)            : 17500    16777216  16790397 
	   GPUs                 :     0.31        1         1 "GPU-17c4be5e-b3fe-fa20-a680-01cb012c066e"
	   GpusMemory (MB)      : 35158                       
	   Memory (MB)          :  3577       16384     16384 
	   TimeExecute (s)      :   398                       
	   TimeSlotBusy (s)     :   398                       

	Job terminated of its own accord at 2025-08-06T12:03:19Z with exit-code 0.
...
000 (2588038.000.000) 2025-08-06 18:13:56 Job submitted from host: <145.107.7.246:9618?addrs=145.107.7.246-9618+[2a07-8500-120-e070--3f6]-9618&alias=taai-007.nikhef.nl&noUDP&sock=schedd_2614_90a7>
...
009 (2588038.000.000) 2025-08-06 18:14:43 Job was aborted.
	via condor_rm (by user twouters)
...
000 (2588052.000.000) 2025-08-06 18:16:06 Job submitted from host: <145.107.7.246:9618?addrs=145.107.7.246-9618+[2a07-8500-120-e070--3f6]-9618&alias=taai-007.nikhef.nl&noUDP&sock=schedd_2614_90a7>
...
001 (2588052.000.000) 2025-08-06 18:16:45 Job executing on host: <145.107.4.168:9618?addrs=145.107.4.168-9618+[2a07-8500-120-e070--a8]-9618&alias=wn-pijl-007.nikhef.nl&noUDP&sock=startd_4419_a519>
	SlotName: slot1_1@wn-pijl-007.nikhef.nl
	AvailableGPUs = { GPUs_GPU_8c0d809c_ed79_0f52_3d17_0196dc9a25a7 }
	CondorScratchDir = "/scratch/condor_execute/dir_4183622"
	Cpus = 1
	Disk = 16790397
	GPUs = 1
	GPUs_GPU_8c0d809c_ed79_0f52_3d17_0196dc9a25a7 = [ Id = "GPU-8c0d809c-ed79-0f52-3d17-0196dc9a25a7"; ClockMhz = 2520.0; Capability = 8.9; CoresPerCU = 128; DeviceName = "NVIDIA L40S"; DeviceUuid = "8c0d809c-ed79-0f52-3d17-0196dc9a25a7"; ECCEnabled = true; ComputeUnits = 142; NvidiaDriver = "570.124.06"; DriverVersion = 12.8; DevicePciBusId = "0000:01:00.0"; GlobalMemoryMb = 45468; MaxSupportedVersion = 12080 ]
	Memory = 16384
...
006 (2588052.000.000) 2025-08-06 18:16:58 Image size of job updated: 603860
	590  -  MemoryUsage of job (MB)
	603860  -  ResidentSetSize of job (KB)
...
006 (2588052.000.000) 2025-08-06 18:20:48 Image size of job updated: 3699200
	590  -  MemoryUsage of job (MB)
	603932  -  ResidentSetSize of job (KB)
...
005 (2588052.000.000) 2025-08-06 18:20:48 Job terminated.
	(1) Normal termination (return value 0)
		Usr 0 00:04:01, Sys 0 00:00:48  -  Run Remote Usage
		Usr 0 00:00:00, Sys 0 00:00:00  -  Run Local Usage
		Usr 0 00:04:01, Sys 0 00:00:48  -  Total Remote Usage
		Usr 0 00:00:00, Sys 0 00:00:00  -  Total Local Usage
	0  -  Run Bytes Sent By Job
	0  -  Run Bytes Received By Job
	0  -  Total Bytes Sent By Job
	0  -  Total Bytes Received By Job
	Partitionable Resources :    Usage  Request Allocated Assigned
	   Cpus                 :     1.11        1         1 
	   Disk (KB)            : 17500    16777216  16790397 
	   GPUs                 :                 1         1 "GPU-8c0d809c-ed79-0f52-3d17-0196dc9a25a7"
	   GpusMemory (MB)      : 35156                       
	   Memory (MB)          :   590       16384     16384 
	   TimeExecute (s)      :   243                       
	   TimeSlotBusy (s)     :   244                       

	Job terminated of its own accord at 2025-08-06T16:20:48Z with exit-code 0.
...
000 (2588088.000.000) 2025-08-06 18:58:06 Job submitted from host: <145.107.7.246:9618?addrs=145.107.7.246-9618+[2a07-8500-120-e070--3f6]-9618&alias=taai-007.nikhef.nl&noUDP&sock=schedd_2614_90a7>
...
001 (2588088.000.000) 2025-08-06 18:58:45 Job executing on host: <145.107.4.168:9618?addrs=145.107.4.168-9618+[2a07-8500-120-e070--a8]-9618&alias=wn-pijl-007.nikhef.nl&noUDP&sock=startd_4419_a519>
	SlotName: slot1_1@wn-pijl-007.nikhef.nl
	AvailableGPUs = { GPUs_GPU_8c0d809c_ed79_0f52_3d17_0196dc9a25a7 }
	CondorScratchDir = "/scratch/condor_execute/dir_44782"
	Cpus = 1
	Disk = 16790397
	GPUs = 1
	GPUs_GPU_8c0d809c_ed79_0f52_3d17_0196dc9a25a7 = [ Id = "GPU-8c0d809c-ed79-0f52-3d17-0196dc9a25a7"; ClockMhz = 2520.0; Capability = 8.9; CoresPerCU = 128; DeviceName = "NVIDIA L40S"; DeviceUuid = "8c0d809c-ed79-0f52-3d17-0196dc9a25a7"; ECCEnabled = true; ComputeUnits = 142; NvidiaDriver = "570.124.06"; DriverVersion = 12.8; DevicePciBusId = "0000:01:00.0"; GlobalMemoryMb = 45468; MaxSupportedVersion = 12080 ]
	Memory = 16384
...
006 (2588088.000.000) 2025-08-06 18:58:59 Image size of job updated: 653956
	639  -  MemoryUsage of job (MB)
	653956  -  ResidentSetSize of job (KB)
...
006 (2588088.000.000) 2025-08-06 19:04:00 Image size of job updated: 3428964
	3349  -  MemoryUsage of job (MB)
	3428964  -  ResidentSetSize of job (KB)
...
006 (2588088.000.000) 2025-08-06 19:06:54 Image size of job updated: 3790880
	3349  -  MemoryUsage of job (MB)
	3428964  -  ResidentSetSize of job (KB)
...
004 (2588088.000.000) 2025-08-06 19:06:54 Job was evicted.
	(0) CPU times
		Usr 0 00:06:40, Sys 0 00:00:45  -  Run Remote Usage
		Usr 0 00:00:00, Sys 0 00:00:00  -  Run Local Usage
	0  -  Run Bytes Sent By Job
	0  -  Run Bytes Received By Job
	Partitionable Resources :    Usage  Request Allocated Assigned
	   Cpus                 :     0.83        1         1 
	   Disk (KB)            : 17500    16777216  16790397 
	   GPUs                 :                 1         1 "GPU-8c0d809c-ed79-0f52-3d17-0196dc9a25a7"
	   GpusMemory (MB)      : 35158                       
	   Memory (MB)          :  3349       16384     16384 
	   TimeExecute (s)      :   489                       
	   TimeSlotBusy (s)     :   489                       
...
009 (2588088.000.000) 2025-08-06 19:06:54 Job was aborted.
	via condor_rm (by user twouters)
...
000 (2588106.000.000) 2025-08-06 19:07:34 Job submitted from host: <145.107.7.246:9618?addrs=145.107.7.246-9618+[2a07-8500-120-e070--3f6]-9618&alias=taai-007.nikhef.nl&noUDP&sock=schedd_2614_90a7>
...
001 (2588106.000.000) 2025-08-06 19:07:45 Job executing on host: <145.107.4.168:9618?addrs=145.107.4.168-9618+[2a07-8500-120-e070--a8]-9618&alias=wn-pijl-007.nikhef.nl&noUDP&sock=startd_4419_a519>
	SlotName: slot1_3@wn-pijl-007.nikhef.nl
	AvailableGPUs = { GPUs_GPU_28701473_2bc0_ba00_3737_13d19e1cede7 }
	CondorScratchDir = "/scratch/condor_execute/dir_64245"
	Cpus = 1
	Disk = 16790397
	GPUs = 1
	GPUs_GPU_28701473_2bc0_ba00_3737_13d19e1cede7 = [ Id = "GPU-28701473-2bc0-ba00-3737-13d19e1cede7"; ClockMhz = 2520.0; Capability = 8.9; CoresPerCU = 128; DeviceName = "NVIDIA L40S"; DeviceUuid = "28701473-2bc0-ba00-3737-13d19e1cede7"; ECCEnabled = true; ComputeUnits = 142; NvidiaDriver = "570.124.06"; DriverVersion = 12.8; DevicePciBusId = "0000:C1:00.0"; GlobalMemoryMb = 45468; MaxSupportedVersion = 12080 ]
	Memory = 16384
...
006 (2588106.000.000) 2025-08-06 19:07:59 Image size of job updated: 662028
	647  -  MemoryUsage of job (MB)
	662028  -  ResidentSetSize of job (KB)
...
006 (2588106.000.000) 2025-08-06 19:13:00 Image size of job updated: 3416584
	3337  -  MemoryUsage of job (MB)
	3416584  -  ResidentSetSize of job (KB)
...
006 (2588106.000.000) 2025-08-06 19:18:00 Image size of job updated: 4071520
	3977  -  MemoryUsage of job (MB)
	4071520  -  ResidentSetSize of job (KB)
...
006 (2588106.000.000) 2025-08-06 19:23:01 Image size of job updated: 4710604
	4601  -  MemoryUsage of job (MB)
	4710604  -  ResidentSetSize of job (KB)
...
006 (2588106.000.000) 2025-08-06 19:28:02 Image size of job updated: 5089892
	4971  -  MemoryUsage of job (MB)
	5089892  -  ResidentSetSize of job (KB)
...
006 (2588106.000.000) 2025-08-06 19:30:26 Image size of job updated: 5157496
	4971  -  MemoryUsage of job (MB)
	5089892  -  ResidentSetSize of job (KB)
...
005 (2588106.000.000) 2025-08-06 19:30:26 Job terminated.
	(1) Normal termination (return value 0)
		Usr 0 00:18:01, Sys 0 00:01:52  -  Run Remote Usage
		Usr 0 00:00:00, Sys 0 00:00:00  -  Run Local Usage
		Usr 0 00:18:01, Sys 0 00:01:52  -  Total Remote Usage
		Usr 0 00:00:00, Sys 0 00:00:00  -  Total Local Usage
	0  -  Run Bytes Sent By Job
	0  -  Run Bytes Received By Job
	0  -  Total Bytes Sent By Job
	0  -  Total Bytes Received By Job
	Partitionable Resources :    Usage  Request Allocated Assigned
	   Cpus                 :     0.84        1         1 
	   Disk (KB)            : 17500    16777216  16790397 
	   GPUs                 :     0           1         1 "GPU-28701473-2bc0-ba00-3737-13d19e1cede7"
	   GpusMemory (MB)      : 35164                       
	   Memory (MB)          :  4971       16384     16384 
	   TimeExecute (s)      :  1361                       
	   TimeSlotBusy (s)     :  1361                       

	Job terminated of its own accord at 2025-08-06T17:30:26Z with exit-code 0.
...
000 (2588130.000.000) 2025-08-06 22:03:16 Job submitted from host: <145.107.7.246:9618?addrs=145.107.7.246-9618+[2a07-8500-120-e070--3f6]-9618&alias=taai-007.nikhef.nl&noUDP&sock=schedd_2614_90a7>
...
001 (2588130.000.000) 2025-08-06 22:03:47 Job executing on host: <145.107.4.168:9618?addrs=145.107.4.168-9618+[2a07-8500-120-e070--a8]-9618&alias=wn-pijl-007.nikhef.nl&noUDP&sock=startd_4419_a519>
	SlotName: slot1_1@wn-pijl-007.nikhef.nl
	AvailableGPUs = { GPUs_GPU_8c0d809c_ed79_0f52_3d17_0196dc9a25a7 }
	CondorScratchDir = "/scratch/condor_execute/dir_187547"
	Cpus = 1
	Disk = 16790397
	GPUs = 1
	GPUs_GPU_8c0d809c_ed79_0f52_3d17_0196dc9a25a7 = [ Id = "GPU-8c0d809c-ed79-0f52-3d17-0196dc9a25a7"; ClockMhz = 2520.0; Capability = 8.9; CoresPerCU = 128; DeviceName = "NVIDIA L40S"; DeviceUuid = "8c0d809c-ed79-0f52-3d17-0196dc9a25a7"; ECCEnabled = true; ComputeUnits = 142; NvidiaDriver = "570.124.06"; DriverVersion = 12.8; DevicePciBusId = "0000:01:00.0"; GlobalMemoryMb = 45468; MaxSupportedVersion = 12080 ]
	Memory = 16384
...
006 (2588130.000.000) 2025-08-06 22:04:00 Image size of job updated: 344284
	337  -  MemoryUsage of job (MB)
	344284  -  ResidentSetSize of job (KB)
...
006 (2588130.000.000) 2025-08-06 22:09:00 Image size of job updated: 2887536
	2820  -  MemoryUsage of job (MB)
	2887536  -  ResidentSetSize of job (KB)
...
006 (2588130.000.000) 2025-08-06 22:14:01 Image size of job updated: 3470640
	3390  -  MemoryUsage of job (MB)
	3470640  -  ResidentSetSize of job (KB)
...
006 (2588130.000.000) 2025-08-06 22:19:01 Image size of job updated: 4041604
	3947  -  MemoryUsage of job (MB)
	4041604  -  ResidentSetSize of job (KB)
...
006 (2588130.000.000) 2025-08-06 22:24:01 Image size of job updated: 4609516
	4502  -  MemoryUsage of job (MB)
	4609516  -  ResidentSetSize of job (KB)
...
006 (2588130.000.000) 2025-08-06 22:25:26 Image size of job updated: 4651252
	4502  -  MemoryUsage of job (MB)
	4609516  -  ResidentSetSize of job (KB)
...
005 (2588130.000.000) 2025-08-06 22:25:26 Job terminated.
	(1) Normal termination (return value 0)
		Usr 0 00:22:36, Sys 0 00:04:01  -  Run Remote Usage
		Usr 0 00:00:00, Sys 0 00:00:00  -  Run Local Usage
		Usr 0 00:22:36, Sys 0 00:04:01  -  Total Remote Usage
		Usr 0 00:00:00, Sys 0 00:00:00  -  Total Local Usage
	0  -  Run Bytes Sent By Job
	0  -  Run Bytes Received By Job
	0  -  Total Bytes Sent By Job
	0  -  Total Bytes Received By Job
	Partitionable Resources :    Usage  Request Allocated Assigned
	   Cpus                 :     1.19        1         1 
	   Disk (KB)            : 17500    16777216  16790397 
	   GPUs                 :     0.04        1         1 "GPU-8c0d809c-ed79-0f52-3d17-0196dc9a25a7"
	   GpusMemory (MB)      : 35160                       
	   Memory (MB)          :  4502       16384     16384 
	   TimeExecute (s)      :  1300                       
	   TimeSlotBusy (s)     :  1300                       

	Job terminated of its own accord at 2025-08-06T20:25:26Z with exit-code 0.
...
000 (2588157.000.000) 2025-08-07 13:53:11 Job submitted from host: <145.107.7.246:9618?addrs=145.107.7.246-9618+[2a07-8500-120-e070--3f6]-9618&alias=taai-007.nikhef.nl&noUDP&sock=schedd_2614_90a7>
...
001 (2588157.000.000) 2025-08-07 13:53:59 Job executing on host: <145.107.4.168:9618?addrs=145.107.4.168-9618+[2a07-8500-120-e070--a8]-9618&alias=wn-pijl-007.nikhef.nl&noUDP&sock=startd_4419_a519>
	SlotName: slot1_1@wn-pijl-007.nikhef.nl
	AvailableGPUs = { GPUs_GPU_8c0d809c_ed79_0f52_3d17_0196dc9a25a7 }
	CondorScratchDir = "/scratch/condor_execute/dir_740343"
	Cpus = 1
	Disk = 16790397
	GPUs = 1
	GPUs_GPU_8c0d809c_ed79_0f52_3d17_0196dc9a25a7 = [ Id = "GPU-8c0d809c-ed79-0f52-3d17-0196dc9a25a7"; ClockMhz = 2520.0; Capability = 8.9; CoresPerCU = 128; DeviceName = "NVIDIA L40S"; DeviceUuid = "8c0d809c-ed79-0f52-3d17-0196dc9a25a7"; ECCEnabled = true; ComputeUnits = 142; NvidiaDriver = "570.124.06"; DriverVersion = 12.8; DevicePciBusId = "0000:01:00.0"; GlobalMemoryMb = 45468; MaxSupportedVersion = 12080 ]
	Memory = 16384
...
006 (2588157.000.000) 2025-08-07 13:54:12 Image size of job updated: 601180
	588  -  MemoryUsage of job (MB)
	601180  -  ResidentSetSize of job (KB)
...
006 (2588157.000.000) 2025-08-07 13:59:12 Image size of job updated: 2697876
	2635  -  MemoryUsage of job (MB)
	2697876  -  ResidentSetSize of job (KB)
...
006 (2588157.000.000) 2025-08-07 14:04:13 Image size of job updated: 3105892
	3034  -  MemoryUsage of job (MB)
	3105892  -  ResidentSetSize of job (KB)
...
006 (2588157.000.000) 2025-08-07 14:09:13 Image size of job updated: 3502200
	3421  -  MemoryUsage of job (MB)
	3502200  -  ResidentSetSize of job (KB)
...
006 (2588157.000.000) 2025-08-07 14:14:13 Image size of job updated: 3909816
	3819  -  MemoryUsage of job (MB)
	3909816  -  ResidentSetSize of job (KB)
...
006 (2588157.000.000) 2025-08-07 14:15:13 Image size of job updated: 3999456
	3819  -  MemoryUsage of job (MB)
	3909816  -  ResidentSetSize of job (KB)
...
005 (2588157.000.000) 2025-08-07 14:15:13 Job terminated.
	(1) Normal termination (return value 0)
		Usr 0 00:21:38, Sys 0 00:02:58  -  Run Remote Usage
		Usr 0 00:00:00, Sys 0 00:00:00  -  Run Local Usage
		Usr 0 00:21:38, Sys 0 00:02:58  -  Total Remote Usage
		Usr 0 00:00:00, Sys 0 00:00:00  -  Total Local Usage
	0  -  Run Bytes Sent By Job
	0  -  Run Bytes Received By Job
	0  -  Total Bytes Sent By Job
	0  -  Total Bytes Received By Job
	Partitionable Resources :    Usage  Request Allocated Assigned
	   Cpus                 :     1.14        1         1 
	   Disk (KB)            : 17500    16777216  16790397 
	   GPUs                 :     0.03        1         1 "GPU-8c0d809c-ed79-0f52-3d17-0196dc9a25a7"
	   GpusMemory (MB)      : 35158                       
	   Memory (MB)          :  3819       16384     16384 
	   TimeExecute (s)      :  1274                       
	   TimeSlotBusy (s)     :  1275                       

	Job terminated of its own accord at 2025-08-07T12:15:13Z with exit-code 0.
...
