JAX: devices available: [CudaDevice(id=0)]
torch: CUDA is available. Number of devices: 1
torch: Current CUDA device: 0
Training data will be loaded from: /data/gravwav/twouters/projects/eos_source_classification/eos_source_classification/data/eos/radio_chiEFT_NICER/eos_samples.npz
Training a normalizing flow for population =  gaussian and bns sources
Using a smaller learning rate 0.0005 for flowJAX training, as it is more stable with this value.
Before training, we built the following NF kwargs: {'n_transforms': 4, 'n_neurons': 64, 'n_blocks_per_transform': 1, 'nn_depth': 5, 'nn_block_dim': 8, 'names': ['chirp_mass_source', 'mass_ratio', 'lambda_1', 'lambda_2'], 'n_inputs': 4}
Everything for this model will be saved to ./models/gaussian/bns/radio_chiEFT_NICER_flowjax
Using flowJAX, so setting validation_split_fraction to 0.01 (no validation split)
Starting training with the following parameters:
Reading the EOS data from /data/gravwav/twouters/projects/eos_source_classification/eos_source_classification/data/eos/radio_chiEFT_NICER/eos_samples.npz
Number of good samples:  0.9882
0/200000
20000/200000
40000/200000
60000/200000
80000/200000
100000/200000
120000/200000
140000/200000
160000/200000
180000/200000
Create data will save the following data:
  m1: range = [1.0733285226051013, 1.7572356490088206]
  m2: range = [0.9441484959094654, 1.5860315502676205]
  mass_ratio: range = [0.6427852754851582, 0.9999993974092933]
  lambda_1: range = [57.590088203975384, 3763.757977588312]
  lambda_2: range = [116.79907485217753, 6084.93396904243]
  lambda_tilde: range = [88.96237731056722, 4140.140981920414]
  delta_lambda_tilde: range = [-6.578596711645384, 414.30882288331475]
  chirp_mass_source: range = [0.894636542866584, 1.4011429583067432]
Saving to ./models/gaussian/bns/radio_chiEFT_NICER_flowjax/training_data.npz:
Saving to ./models/gaussian/bns/radio_chiEFT_NICER_flowjax/training_data.npz DONE
Using source-frame chirp mass and mass ratio (Mc, q) for training
Using component parameterization for lambdas (lambda_1, lambda_2)
Training samples: 198000, Validation samples: 2000
Creating the training data arrays
4D training data model for bns
np.shape(self.x)
(198000, 4)
Using MinMaxScaler to scale the input data x
Saved sklearn scaler to ./models/gaussian/bns/radio_chiEFT_NICER_flowjax/scaler.gz
Going to start training for flowJAX . . .
Using block_neural_autoregressive_flow for flowJAX unconditional distribution
Training flowJAX unconditional model on data shape: (198000, 4)
Validation data shape: (2000, 4)
Saving the training loss plot to ./models/gaussian/bns/radio_chiEFT_NICER_flowjax/training_loss.pdf
Training done. Took around 6.29 minutes
Saving the flowJAX model to ./models/gaussian/bns/radio_chiEFT_NICER_flowjax/model.eqx
Saving the model kwargs to ./models/gaussian/bns/radio_chiEFT_NICER_flowjax/model_kwargs.json
DONE training!
