000 (3427295.000.000) 2025-11-23 17:58:27 Job submitted from host: <145.107.7.246:9618?addrs=145.107.7.246-9618+[2a07-8500-120-e070--3f6]-9618&alias=taai-007.nikhef.nl&noUDP&sock=schedd_2307_fd14>
...
001 (3427295.000.000) 2025-11-23 18:17:28 Job executing on host: <145.107.4.165:9618?addrs=145.107.4.165-9618+[2a07-8500-120-e070--a5]-9618&alias=wn-pijl-004.nikhef.nl&noUDP&sock=startd_4370_08f5>
	SlotName: slot1_3@wn-pijl-004.nikhef.nl
	AvailableGPUs = { GPUs_GPU_773f6dad_3fd6_4b6b_da2f_6b5ade271836 }
	CondorScratchDir = "/scratch/condor_execute/dir_1741194"
	Cpus = 1
	Disk = 16790359
	GPUs = 1
	GPUs_GPU_773f6dad_3fd6_4b6b_da2f_6b5ade271836 = [ Id = "GPU-773f6dad-3fd6-4b6b-da2f-6b5ade271836"; ClockMhz = 2520.0; Capability = 8.9; CoresPerCU = 128; DeviceName = "NVIDIA L40S"; DeviceUuid = "773f6dad-3fd6-4b6b-da2f-6b5ade271836"; ECCEnabled = true; ComputeUnits = 142; NvidiaDriver = "580.95.05"; DriverVersion = 13.0; DevicePciBusId = "0000:01:00.0"; GlobalMemoryMb = 45458; MaxSupportedVersion = 13000 ]
	Memory = 16384
...
006 (3427295.000.000) 2025-11-23 18:17:37 Image size of job updated: 308636
	302  -  MemoryUsage of job (MB)
	308636  -  ResidentSetSize of job (KB)
...
006 (3427295.000.000) 2025-11-23 18:22:38 Image size of job updated: 1331280
	1299  -  MemoryUsage of job (MB)
	1329648  -  ResidentSetSize of job (KB)
...
006 (3427295.000.000) 2025-11-23 18:27:38 Image size of job updated: 1331280
	1299  -  MemoryUsage of job (MB)
	1329748  -  ResidentSetSize of job (KB)
...
006 (3427295.000.000) 2025-11-23 18:32:39 Image size of job updated: 1331280
	1299  -  MemoryUsage of job (MB)
	1329752  -  ResidentSetSize of job (KB)
...
006 (3427295.000.000) 2025-11-23 18:42:40 Image size of job updated: 1331280
	1299  -  MemoryUsage of job (MB)
	1329756  -  ResidentSetSize of job (KB)
...
006 (3427295.000.000) 2025-11-23 18:52:41 Image size of job updated: 1331280
	1299  -  MemoryUsage of job (MB)
	1329760  -  ResidentSetSize of job (KB)
...
006 (3427295.000.000) 2025-11-23 19:02:43 Image size of job updated: 1331280
	1299  -  MemoryUsage of job (MB)
	1329764  -  ResidentSetSize of job (KB)
...
006 (3427295.000.000) 2025-11-23 19:07:43 Image size of job updated: 1331280
	1299  -  MemoryUsage of job (MB)
	1329768  -  ResidentSetSize of job (KB)
...
006 (3427295.000.000) 2025-11-23 19:17:44 Image size of job updated: 1331280
	1299  -  MemoryUsage of job (MB)
	1329772  -  ResidentSetSize of job (KB)
...
006 (3427295.000.000) 2025-11-23 19:27:45 Image size of job updated: 1331280
	1299  -  MemoryUsage of job (MB)
	1329776  -  ResidentSetSize of job (KB)
...
006 (3427295.000.000) 2025-11-23 19:37:46 Image size of job updated: 1331280
	1299  -  MemoryUsage of job (MB)
	1329780  -  ResidentSetSize of job (KB)
...
006 (3427295.000.000) 2025-11-23 19:47:47 Image size of job updated: 1331280
	1299  -  MemoryUsage of job (MB)
	1329784  -  ResidentSetSize of job (KB)
...
006 (3427295.000.000) 2025-11-23 19:57:48 Image size of job updated: 1331280
	1299  -  MemoryUsage of job (MB)
	1329788  -  ResidentSetSize of job (KB)
...
006 (3427295.000.000) 2025-11-23 20:07:49 Image size of job updated: 1331280
	1299  -  MemoryUsage of job (MB)
	1329792  -  ResidentSetSize of job (KB)
...
006 (3427295.000.000) 2025-11-23 20:22:50 Image size of job updated: 1331280
	1299  -  MemoryUsage of job (MB)
	1329824  -  ResidentSetSize of job (KB)
...
005 (3427295.000.000) 2025-11-23 21:26:31 Job terminated.
	(1) Normal termination (return value 0)
		Usr 0 03:07:58, Sys 0 00:00:27  -  Run Remote Usage
		Usr 0 00:00:00, Sys 0 00:00:00  -  Run Local Usage
		Usr 0 03:07:58, Sys 0 00:00:27  -  Total Remote Usage
		Usr 0 00:00:00, Sys 0 00:00:00  -  Total Local Usage
	0  -  Run Bytes Sent By Job
	0  -  Run Bytes Received By Job
	0  -  Total Bytes Sent By Job
	0  -  Total Bytes Received By Job
	Partitionable Resources :    Usage  Request Allocated Assigned
	   Cpus                 :     1.00        1         1 
	   Disk (KB)            : 17500    16777216  16790359 
	   GPUs                 :     0.09        1         1 "GPU-773f6dad-3fd6-4b6b-da2f-6b5ade271836"
	   GpusMemory (MB)      :  1329                       
	   Memory (MB)          :  1299       16384     16384 
	   TimeExecute (s)      : 11342                       
	   TimeSlotBusy (s)     : 11343                       
...
