JAX: devices available: [CudaDevice(id=0)]
torch: CUDA is available. Number of devices: 1
torch: Current CUDA device: 0
Training data will be loaded from: /data/gravwav/twouters/projects/eos_source_classification/eos_source_classification/data/eos/radio_chiEFT/eos_samples.npz
Training a normalizing flow for population =  double_gaussian_niu and bns sources
Before training, we built the following NF kwargs: {'n_transforms': 4, 'n_neurons': 256, 'n_blocks_per_transform': 3, 'nn_depth': 1, 'flow_layers': 1, 'nn_block_dim': 8, 'glasflow_type': 'CouplingNSF', 'batch_norm_within_blocks': False, 'batch_norm_between_transforms': False, 'activation': 'relu', 'dropout_probability': 0.0, 'linear_transform': None, 'tail_bound': 5.0, 'names': ['chirp_mass_source', 'mass_ratio', 'lambda_1', 'lambda_2'], 'n_inputs': 4}
Everything for this model will be saved to ./models/double_gaussian_niu/bns/radio_chiEFT
Starting training with the following parameters:
Reading the EOS data from /data/gravwav/twouters/projects/eos_source_classification/eos_source_classification/data/eos/radio_chiEFT/eos_samples.npz
Number of good samples:  0.9311
0/200000
20000/200000
40000/200000
60000/200000
80000/200000
100000/200000
120000/200000
140000/200000
160000/200000
180000/200000
Create data will save the following data:
  m1: range = [1.2168938358006256, 1.9340606605639121]
  m2: range = [1.1057901298410622, 1.7662020537363115]
  mass_ratio: range = [0.6615405706933848, 0.9999997203498958]
  lambda_1: range = [19.454393680506545, 1669.8551582529674]
  lambda_2: range = [42.08928534417055, 2848.1714248393823]
  lambda_tilde: range = [32.864155123476, 1812.891573702325]
  delta_lambda_tilde: range = [0.00010493279060700311, 181.88061715732692]
  chirp_mass_source: range = [1.040053222665276, 1.5604752870252325]
Saving to ./models/double_gaussian_niu/bns/radio_chiEFT/training_data.npz:
Saving to ./models/double_gaussian_niu/bns/radio_chiEFT/training_data.npz DONE
Using source-frame chirp mass and mass ratio (Mc, q) for training
Using component parameterization for lambdas (lambda_1, lambda_2)
Training samples: 160000, Validation samples: 40000
Creating the training data arrays
4D training data model for bns
np.shape(self.x)
(160000, 4)
Using MinMaxScaler to scale the input data x
Saved sklearn scaler to ./models/double_gaussian_niu/bns/radio_chiEFT/scaler.gz
Going to start training for glasflow . . .
Only RELU supported for now
Early stopping triggered at epoch 1472
Saving the training loss plot to ./models/double_gaussian_niu/bns/radio_chiEFT/training_loss.pdf
Training done. Took around 188.64 minutes
Saving the model weights to ./models/double_gaussian_niu/bns/radio_chiEFT/model.pt
Saving the model kwargs to ./models/double_gaussian_niu/bns/radio_chiEFT/model_kwargs.json
DONE training!
