self.parameters_ref
{'chirp_mass': 2.0272715949909377, 'mass_ratio': 0.3699999999999999, 'symmetric_mass_ratio': 0.19713357131440137, 'a_1': 0.0, 'a_2': 0.0, 'tilt_1': 0.0, 'tilt_2': 0.0, 'phi_jl': 0.0, 'phi_12': 0.0, 'luminosity_distance': 201.0, 'phase': 1.3576488959769972, 'theta_jn': 2.323517520938953, 'psi': 0.030083409062676092, 'ra': 1.121307208346961, 'dec': 0.22562961827621178, 'lambda_1': 0.0, 'lambda_2': 0.0, 'mass_1': 3.920441829732034, 'mass_2': 1.4505634770008522, 'geocent_time': 1369419318.7460938, 'duration': 128.0}
1it [0:00:00 bound:0 nc:  1 ncall:4.1e+03 eff:0.0% logz-ratio=-1235.38+/-0.05 dlogz:inf>0.1]
12049it [0:01:00 bound:0 nc: 59 ncall:8.0e+04 eff:15.2% logz-ratio=-1.64+/-0.02 dlogz:16.582>0.1]
14396it [0:02:06 bound:2 nc:522 ncall:1.5e+05 eff:9.9% logz-ratio=-1.32+/-0.02 dlogz:19.570>0.1]
14649it [0:03:16 bound:6 nc:848 ncall:3.3e+05 eff:4.4% logz-ratio=-1.29+/-0.02 dlogz:19.477>0.1]
14904it [0:04:25 bound:10 nc:899 ncall:5.1e+05 eff:2.9% logz-ratio=-1.25+/-0.02 dlogz:19.385>0.1]
15157it [0:05:41 bound:14 nc:807 ncall:7.0e+05 eff:2.2% logz-ratio=-1.23+/-0.02 dlogz:19.293>0.1]
15412it [0:06:52 bound:18 nc:882 ncall:8.9e+05 eff:1.7% logz-ratio=-1.20+/-0.02 dlogz:19.201>0.1]
15667it [0:08:01 bound:22 nc:749 ncall:1.1e+06 eff:1.5% logz-ratio=-1.17+/-0.02 dlogz:19.110>0.1]
15920it [0:09:13 bound:26 nc:1050 ncall:1.3e+06 eff:1.3% logz-ratio=-1.14+/-0.02 dlogz:19.020>0.1]
16172it [0:10:23 bound:30 nc:473 ncall:1.5e+06 eff:1.1% logz-ratio=-1.11+/-0.02 dlogz:18.931>0.1]
16427it [0:11:36 bound:34 nc:822 ncall:1.6e+06 eff:1.0% logz-ratio=-1.08+/-0.02 dlogz:18.841>0.1]
16679it [0:12:50 bound:38 nc:447 ncall:1.8e+06 eff:0.9% logz-ratio=-1.06+/-0.02 dlogz:19.152>0.1]
16934it [0:14:01 bound:42 nc:724 ncall:2.0e+06 eff:0.8% logz-ratio=-1.03+/-0.02 dlogz:19.064>0.1]
17189it [0:15:13 bound:46 nc:590 ncall:2.2e+06 eff:0.8% logz-ratio=-1.00+/-0.02 dlogz:18.976>0.1]
17443it [0:16:29 bound:50 nc:478 ncall:2.4e+06 eff:0.7% logz-ratio=-0.98+/-0.02 dlogz:28.822>0.1]
17697it [0:17:43 bound:54 nc:196 ncall:2.6e+06 eff:0.7% logz-ratio=-0.96+/-0.02 dlogz:28.736>0.1]
17951it [0:19:01 bound:58 nc:820 ncall:2.8e+06 eff:0.6% logz-ratio=-0.93+/-0.02 dlogz:28.649>0.1]
18202it [0:20:17 bound:62 nc:1801 ncall:3.0e+06 eff:0.6% logz-ratio=-0.91+/-0.02 dlogz:28.564>0.1]
18393it [0:21:19 bound:65 nc:819 ncall:3.1e+06 eff:0.6% logz-ratio=-0.89+/-0.02 dlogz:28.500>0.1]
18644it [0:22:34 bound:69 nc:536 ncall:3.3e+06 eff:0.6% logz-ratio=-0.87+/-0.02 dlogz:28.415>0.1]
18898it [0:23:48 bound:73 nc:968 ncall:3.5e+06 eff:0.5% logz-ratio=-0.84+/-0.02 dlogz:28.330>0.1]
19149it [0:25:08 bound:77 nc:558 ncall:3.7e+06 eff:0.5% logz-ratio=-0.82+/-0.02 dlogz:28.246>0.1]
19402it [0:26:25 bound:81 nc:460 ncall:3.9e+06 eff:0.5% logz-ratio=-0.80+/-0.02 dlogz:28.162>0.1]
19591it [0:27:25 bound:84 nc:431 ncall:4.0e+06 eff:0.5% logz-ratio=-0.78+/-0.02 dlogz:28.099>0.1]
19846it [0:28:40 bound:88 nc:1075 ncall:4.2e+06 eff:0.5% logz-ratio=-0.76+/-0.02 dlogz:28.014>0.1]
20095it [0:29:55 bound:92 nc:725 ncall:4.4e+06 eff:0.5% logz-ratio=-0.74+/-0.02 dlogz:27.932>0.1]
20284it [0:31:00 bound:95 nc:493 ncall:4.5e+06 eff:0.4% logz-ratio=-0.72+/-0.02 dlogz:30.510>0.1]
20535it [0:32:17 bound:99 nc:865 ncall:4.7e+06 eff:0.4% logz-ratio=-0.70+/-0.02 dlogz:30.427>0.1]
20784it [0:33:38 bound:103 nc:1028 ncall:4.9e+06 eff:0.4% logz-ratio=-0.68+/-0.02 dlogz:30.345>0.1]
21034it [0:34:56 bound:107 nc:890 ncall:5.1e+06 eff:0.4% logz-ratio=-0.66+/-0.02 dlogz:30.263>0.1]
21285it [0:36:13 bound:111 nc:782 ncall:5.3e+06 eff:0.4% logz-ratio=-0.64+/-0.02 dlogz:30.181>0.1]
21468it [0:37:17 bound:114 nc:655 ncall:5.4e+06 eff:0.4% logz-ratio=-0.62+/-0.02 dlogz:30.121>0.1]
21656it [0:38:20 bound:117 nc:806 ncall:5.6e+06 eff:0.4% logz-ratio=-0.61+/-0.02 dlogz:30.060>0.1]
21908it [0:39:38 bound:121 nc:912 ncall:5.8e+06 eff:0.4% logz-ratio=-0.59+/-0.02 dlogz:29.978>0.1]
22097it [0:40:39 bound:124 nc:459 ncall:5.9e+06 eff:0.4% logz-ratio=-0.57+/-0.02 dlogz:29.917>0.1]
22281it [0:41:44 bound:127 nc:711 ncall:6.1e+06 eff:0.4% logz-ratio=-0.56+/-0.02 dlogz:29.857>0.1]
22525it [0:43:06 bound:131 nc:360 ncall:6.3e+06 eff:0.4% logz-ratio=-0.54+/-0.02 dlogz:29.778>0.1]
22709it [0:44:07 bound:134 nc:362 ncall:6.4e+06 eff:0.4% logz-ratio=-0.52+/-0.02 dlogz:29.719>0.1]
22891it [0:45:13 bound:137 nc:624 ncall:6.6e+06 eff:0.3% logz-ratio=-0.51+/-0.02 dlogz:29.660>0.1]
23075it [0:46:22 bound:140 nc:583 ncall:6.7e+06 eff:0.3% logz-ratio=-0.49+/-0.02 dlogz:29.601>0.1]
23264it [0:47:23 bound:143 nc:453 ncall:6.9e+06 eff:0.3% logz-ratio=-0.48+/-0.02 dlogz:38.850>0.1]
23452it [0:48:30 bound:146 nc:1075 ncall:7.0e+06 eff:0.3% logz-ratio=-0.46+/-0.02 dlogz:38.789>0.1]
23640it [0:49:37 bound:149 nc:1101 ncall:7.2e+06 eff:0.3% logz-ratio=-0.45+/-0.02 dlogz:38.729>0.1]
23823it [0:50:41 bound:152 nc:915 ncall:7.3e+06 eff:0.3% logz-ratio=-0.43+/-0.02 dlogz:38.670>0.1]
24004it [0:51:48 bound:155 nc:366 ncall:7.5e+06 eff:0.3% logz-ratio=-0.42+/-0.02 dlogz:50.084>0.1]
24190it [0:52:56 bound:158 nc:1116 ncall:7.6e+06 eff:0.3% logz-ratio=-0.40+/-0.02 dlogz:50.024>0.1]
24371it [0:54:00 bound:161 nc:894 ncall:7.8e+06 eff:0.3% logz-ratio=-0.39+/-0.02 dlogz:49.965>0.1]
24554it [0:55:02 bound:164 nc:475 ncall:7.9e+06 eff:0.3% logz-ratio=-0.38+/-0.02 dlogz:49.906>0.1]
24740it [0:56:04 bound:167 nc:1377 ncall:8.1e+06 eff:0.3% logz-ratio=-0.36+/-0.02 dlogz:49.845>0.1]
24920it [0:57:11 bound:170 nc:941 ncall:8.2e+06 eff:0.3% logz-ratio=-0.35+/-0.02 dlogz:49.787>0.1]
25106it [0:58:21 bound:173 nc:1245 ncall:8.4e+06 eff:0.3% logz-ratio=-0.33+/-0.02 dlogz:49.726>0.1]
25292it [0:59:26 bound:176 nc:1031 ncall:8.6e+06 eff:0.3% logz-ratio=-0.32+/-0.02 dlogz:49.666>0.1]
25475it [1:00:44 bound:179 nc:723 ncall:8.7e+06 eff:0.3% logz-ratio=-0.30+/-0.02 dlogz:49.606>0.1]
25663it [1:01:55 bound:182 nc:594 ncall:8.9e+06 eff:0.3% logz-ratio=-0.28+/-0.02 dlogz:49.545>0.1]
25845it [1:03:07 bound:185 nc:631 ncall:9.0e+06 eff:0.3% logz-ratio=-0.27+/-0.02 dlogz:49.485>0.1]
26029it [1:04:15 bound:188 nc:1087 ncall:9.2e+06 eff:0.3% logz-ratio=-0.25+/-0.02 dlogz:49.425>0.1]
26214it [1:05:23 bound:191 nc:490 ncall:9.3e+06 eff:0.3% logz-ratio=-0.24+/-0.02 dlogz:49.365>0.1]
26396it [1:06:32 bound:194 nc:854 ncall:9.5e+06 eff:0.3% logz-ratio=-0.22+/-0.03 dlogz:49.305>0.1]
26578it [1:07:43 bound:197 nc:788 ncall:9.6e+06 eff:0.3% logz-ratio=-0.21+/-0.03 dlogz:49.245>0.1]
26759it [1:08:52 bound:200 nc:308 ncall:9.8e+06 eff:0.3% logz-ratio=-0.19+/-0.03 dlogz:49.185>0.1]
26936it [1:10:03 bound:203 nc:1646 ncall:1.0e+07 eff:0.3% logz-ratio=-0.18+/-0.03 dlogz:49.127>0.1]
27117it [1:11:13 bound:206 nc:431 ncall:1.0e+07 eff:0.3% logz-ratio=-0.16+/-0.03 dlogz:49.067>0.1]
27295it [1:12:23 bound:209 nc:1172 ncall:1.0e+07 eff:0.3% logz-ratio=-0.15+/-0.03 dlogz:49.008>0.1]
27477it [1:13:29 bound:212 nc:847 ncall:1.0e+07 eff:0.3% logz-ratio=-0.13+/-0.03 dlogz:48.947>0.1]
27655it [1:14:38 bound:215 nc:1047 ncall:1.1e+07 eff:0.3% logz-ratio=-0.11+/-0.03 dlogz:48.888>0.1]
27840it [1:15:45 bound:218 nc:1249 ncall:1.1e+07 eff:0.3% logz-ratio=-0.10+/-0.03 dlogz:48.826>0.1]
28025it [1:16:53 bound:221 nc:860 ncall:1.1e+07 eff:0.3% logz-ratio=-0.08+/-0.03 dlogz:48.763>0.1]
28209it [1:18:04 bound:224 nc:540 ncall:1.1e+07 eff:0.3% logz-ratio=-0.06+/-0.03 dlogz:48.701>0.1]
28387it [1:19:17 bound:227 nc:1114 ncall:1.1e+07 eff:0.3% logz-ratio=-0.05+/-0.03 dlogz:48.641>0.1]
28566it [1:20:27 bound:230 nc:2691 ncall:1.1e+07 eff:0.3% logz-ratio=-0.03+/-0.03 dlogz:48.580>0.1]
28742it [1:21:36 bound:233 nc:838 ncall:1.2e+07 eff:0.2% logz-ratio=-0.01+/-0.03 dlogz:48.519>0.1]
28921it [1:22:55 bound:236 nc:977 ncall:1.2e+07 eff:0.2% logz-ratio=0.01+/-0.03 dlogz:48.458>0.1]
29104it [1:24:11 bound:239 nc:934 ncall:1.2e+07 eff:0.2% logz-ratio=0.03+/-0.03 dlogz:48.394>0.1]
29284it [1:25:20 bound:242 nc:1246 ncall:1.2e+07 eff:0.2% logz-ratio=0.04+/-0.03 dlogz:48.331>0.1]
29462it [1:26:27 bound:245 nc:1024 ncall:1.2e+07 eff:0.2% logz-ratio=0.06+/-0.03 dlogz:48.269>0.1]
29639it [1:27:35 bound:248 nc:1420 ncall:1.2e+07 eff:0.2% logz-ratio=0.08+/-0.03 dlogz:48.206>0.1]
29822it [1:28:41 bound:251 nc:388 ncall:1.3e+07 eff:0.2% logz-ratio=0.10+/-0.03 dlogz:48.141>0.1]
29998it [1:29:50 bound:254 nc:635 ncall:1.3e+07 eff:0.2% logz-ratio=0.12+/-0.03 dlogz:48.078>0.1]
30180it [1:31:05 bound:257 nc:570 ncall:1.3e+07 eff:0.2% logz-ratio=0.15+/-0.03 dlogz:48.012>0.1]
30357it [1:32:17 bound:260 nc:767 ncall:1.3e+07 eff:0.2% logz-ratio=0.17+/-0.03 dlogz:47.947>0.1]
30537it [1:33:30 bound:263 nc:649 ncall:1.3e+07 eff:0.2% logz-ratio=0.19+/-0.03 dlogz:47.881>0.1]
30718it [1:34:39 bound:266 nc:728 ncall:1.3e+07 eff:0.2% logz-ratio=0.21+/-0.03 dlogz:47.814>0.1]
30896it [1:35:48 bound:269 nc:883 ncall:1.3e+07 eff:0.2% logz-ratio=0.24+/-0.03 dlogz:47.747>0.1]
31074it [1:36:57 bound:272 nc:877 ncall:1.4e+07 eff:0.2% logz-ratio=0.26+/-0.03 dlogz:47.679>0.1]
31260it [1:38:05 bound:275 nc:411 ncall:1.4e+07 eff:0.2% logz-ratio=0.29+/-0.03 dlogz:47.608>0.1]
31439it [1:39:13 bound:278 nc:475 ncall:1.4e+07 eff:0.2% logz-ratio=0.31+/-0.03 dlogz:47.538>0.1]
31623it [1:40:19 bound:281 nc:878 ncall:1.4e+07 eff:0.2% logz-ratio=0.34+/-0.03 dlogz:47.465>0.1]
31804it [1:41:37 bound:284 nc:1150 ncall:1.4e+07 eff:0.2% logz-ratio=0.37+/-0.03 dlogz:47.392>0.1]
31980it [1:42:47 bound:287 nc:881 ncall:1.4e+07 eff:0.2% logz-ratio=0.40+/-0.03 dlogz:47.320>0.1]
32162it [1:43:59 bound:290 nc:1266 ncall:1.5e+07 eff:0.2% logz-ratio=0.43+/-0.03 dlogz:47.245>0.1]
32344it [1:45:06 bound:293 nc:790 ncall:1.5e+07 eff:0.2% logz-ratio=0.46+/-0.03 dlogz:47.168>0.1]
32530it [1:46:16 bound:296 nc:780 ncall:1.5e+07 eff:0.2% logz-ratio=0.49+/-0.03 dlogz:47.089>0.1]
32715it [1:47:23 bound:299 nc:751 ncall:1.5e+07 eff:0.2% logz-ratio=0.53+/-0.03 dlogz:47.008>0.1]
32901it [1:48:26 bound:302 nc:841 ncall:1.5e+07 eff:0.2% logz-ratio=0.57+/-0.03 dlogz:46.925>0.1]
33081it [1:49:35 bound:305 nc:512 ncall:1.5e+07 eff:0.2% logz-ratio=0.61+/-0.03 dlogz:46.843>0.1]
33266it [1:50:42 bound:308 nc:736 ncall:1.6e+07 eff:0.2% logz-ratio=0.65+/-0.03 dlogz:46.756>0.1]
33451it [1:51:53 bound:311 nc:853 ncall:1.6e+07 eff:0.2% logz-ratio=0.69+/-0.03 dlogz:46.667>0.1]
33632it [1:53:06 bound:314 nc:803 ncall:1.6e+07 eff:0.2% logz-ratio=0.74+/-0.03 dlogz:46.577>0.1]
33813it [1:54:19 bound:317 nc:1026 ncall:1.6e+07 eff:0.2% logz-ratio=0.79+/-0.03 dlogz:46.485>0.1]
33996it [1:55:27 bound:320 nc:305 ncall:1.6e+07 eff:0.2% logz-ratio=0.84+/-0.04 dlogz:46.390>0.1]
34177it [1:56:39 bound:323 nc:669 ncall:1.6e+07 eff:0.2% logz-ratio=0.89+/-0.04 dlogz:46.294>0.1]
34360it [1:57:44 bound:326 nc:944 ncall:1.7e+07 eff:0.2% logz-ratio=0.94+/-0.04 dlogz:46.195>0.1]
34542it [1:58:51 bound:329 nc:742 ncall:1.7e+07 eff:0.2% logz-ratio=1.00+/-0.04 dlogz:46.092>0.1]
34729it [1:59:57 bound:332 nc:566 ncall:1.7e+07 eff:0.2% logz-ratio=1.06+/-0.04 dlogz:45.984>0.1]
34883it [2:01:22 bound:334 nc:1468 ncall:1.7e+07 eff:0.2% logz-ratio=1.12+/-0.04 dlogz:45.893>0.1]
35039it [2:02:35 bound:337 nc:524 ncall:1.7e+07 eff:0.2% logz-ratio=1.17+/-0.04 dlogz:45.798>0.1]
35223it [2:03:42 bound:340 nc:1020 ncall:1.7e+07 eff:0.2% logz-ratio=1.24+/-0.04 dlogz:45.683>0.1]
35408it [2:04:50 bound:343 nc:1029 ncall:1.8e+07 eff:0.2% logz-ratio=1.32+/-0.04 dlogz:45.563>0.1]
35594it [2:05:56 bound:346 nc:851 ncall:1.8e+07 eff:0.2% logz-ratio=1.40+/-0.04 dlogz:45.438>0.1]
35782it [2:07:13 bound:349 nc:460 ncall:1.8e+07 eff:0.2% logz-ratio=1.48+/-0.04 dlogz:45.307>0.1]
35965it [2:08:26 bound:352 nc:334 ncall:1.8e+07 eff:0.2% logz-ratio=1.57+/-0.04 dlogz:45.177>0.1]
36153it [2:09:37 bound:355 nc:867 ncall:1.8e+07 eff:0.2% logz-ratio=1.66+/-0.04 dlogz:45.037>0.1]
36341it [2:10:49 bound:358 nc:799 ncall:1.8e+07 eff:0.2% logz-ratio=1.76+/-0.04 dlogz:44.894>0.1]
36526it [2:12:00 bound:361 nc:841 ncall:1.9e+07 eff:0.2% logz-ratio=1.86+/-0.04 dlogz:44.750>0.1]
36708it [2:13:15 bound:364 nc:1024 ncall:1.9e+07 eff:0.2% logz-ratio=1.96+/-0.04 dlogz:44.604>0.1]
36896it [2:14:26 bound:367 nc:502 ncall:1.9e+07 eff:0.2% logz-ratio=2.07+/-0.04 dlogz:44.450>0.1]
37082it [2:15:38 bound:370 nc:959 ncall:1.9e+07 eff:0.2% logz-ratio=2.18+/-0.04 dlogz:44.294>0.1]
37265it [2:16:45 bound:373 nc:735 ncall:1.9e+07 eff:0.2% logz-ratio=2.29+/-0.04 dlogz:44.135>0.1]
37451it [2:18:01 bound:376 nc:530 ncall:1.9e+07 eff:0.2% logz-ratio=2.41+/-0.04 dlogz:43.970>0.1]
37634it [2:19:15 bound:379 nc:1062 ncall:2.0e+07 eff:0.2% logz-ratio=2.53+/-0.04 dlogz:43.803>0.1]
37823it [2:20:21 bound:382 nc:1455 ncall:2.0e+07 eff:0.2% logz-ratio=2.66+/-0.04 dlogz:43.630>0.1]
38002it [2:21:34 bound:385 nc:1028 ncall:2.0e+07 eff:0.2% logz-ratio=2.79+/-0.05 dlogz:43.461>0.1]
38182it [2:22:47 bound:388 nc:1000 ncall:2.0e+07 eff:0.2% logz-ratio=2.92+/-0.05 dlogz:45.928>0.1]
38366it [2:23:56 bound:391 nc:934 ncall:2.0e+07 eff:0.2% logz-ratio=3.05+/-0.05 dlogz:45.748>0.1]
38549it [2:25:07 bound:394 nc:665 ncall:2.0e+07 eff:0.2% logz-ratio=3.19+/-0.05 dlogz:45.569>0.1]
38734it [2:26:25 bound:397 nc:895 ncall:2.0e+07 eff:0.2% logz-ratio=3.33+/-0.05 dlogz:45.383>0.1]
38917it [2:27:36 bound:400 nc:645 ncall:2.1e+07 eff:0.2% logz-ratio=3.47+/-0.05 dlogz:45.199>0.1]
39103it [2:28:46 bound:403 nc:647 ncall:2.1e+07 eff:0.2% logz-ratio=3.61+/-0.05 dlogz:45.007>0.1]
39287it [2:30:02 bound:406 nc:743 ncall:2.1e+07 eff:0.2% logz-ratio=3.76+/-0.05 dlogz:44.815>0.1]
39476it [2:31:21 bound:409 nc:1031 ncall:2.1e+07 eff:0.2% logz-ratio=3.92+/-0.05 dlogz:44.613>0.1]
39658it [2:32:33 bound:412 nc:1038 ncall:2.1e+07 eff:0.2% logz-ratio=4.07+/-0.05 dlogz:44.419>0.1]
39839it [2:33:41 bound:415 nc:967 ncall:2.1e+07 eff:0.2% logz-ratio=4.21+/-0.05 dlogz:44.228>0.1]
40020it [2:34:55 bound:418 nc:682 ncall:2.2e+07 eff:0.2% logz-ratio=4.36+/-0.05 dlogz:44.036>0.1]
40202it [2:36:12 bound:421 nc:875 ncall:2.2e+07 eff:0.2% logz-ratio=4.51+/-0.05 dlogz:43.840>0.1]
40376it [2:37:21 bound:424 nc:954 ncall:2.2e+07 eff:0.2% logz-ratio=4.66+/-0.05 dlogz:43.649>0.1]
40555it [2:38:32 bound:427 nc:1174 ncall:2.2e+07 eff:0.2% logz-ratio=4.81+/-0.05 dlogz:43.453>0.1]
40738it [2:39:40 bound:430 nc:1783 ncall:2.2e+07 eff:0.2% logz-ratio=4.97+/-0.05 dlogz:43.251>0.1]
40921it [2:40:57 bound:433 nc:938 ncall:2.3e+07 eff:0.2% logz-ratio=5.13+/-0.05 dlogz:43.046>0.1]
41102it [2:42:10 bound:436 nc:917 ncall:2.3e+07 eff:0.2% logz-ratio=5.29+/-0.05 dlogz:42.839>0.1]
41282it [2:43:27 bound:439 nc:785 ncall:2.3e+07 eff:0.2% logz-ratio=5.45+/-0.05 dlogz:42.635>0.1]
41464it [2:44:44 bound:442 nc:946 ncall:2.3e+07 eff:0.2% logz-ratio=5.62+/-0.05 dlogz:42.429>0.1]
41649it [2:45:58 bound:445 nc:898 ncall:2.3e+07 eff:0.2% logz-ratio=5.78+/-0.05 dlogz:42.218>0.1]
41836it [2:47:12 bound:448 nc:981 ncall:2.3e+07 eff:0.2% logz-ratio=5.95+/-0.05 dlogz:42.002>0.1]
42021it [2:48:23 bound:451 nc:965 ncall:2.4e+07 eff:0.2% logz-ratio=6.12+/-0.05 dlogz:41.786>0.1]
42199it [2:49:42 bound:454 nc:1168 ncall:2.4e+07 eff:0.2% logz-ratio=6.29+/-0.05 dlogz:41.578>0.1]
42382it [2:50:56 bound:457 nc:865 ncall:2.4e+07 eff:0.2% logz-ratio=6.46+/-0.05 dlogz:41.364>0.1]
42565it [2:52:16 bound:460 nc:468 ncall:2.4e+07 eff:0.2% logz-ratio=6.63+/-0.05 dlogz:41.149>0.1]
42746it [2:53:26 bound:463 nc:1030 ncall:2.4e+07 eff:0.2% logz-ratio=6.79+/-0.05 dlogz:40.938>0.1]
42931it [2:54:41 bound:466 nc:764 ncall:2.4e+07 eff:0.2% logz-ratio=6.96+/-0.05 dlogz:40.723>0.1]
43118it [2:55:56 bound:469 nc:1022 ncall:2.5e+07 eff:0.2% logz-ratio=7.14+/-0.05 dlogz:41.210>0.1]
43288it [2:57:06 bound:472 nc:1498 ncall:2.5e+07 eff:0.2% logz-ratio=7.29+/-0.05 dlogz:41.010>0.1]
43466it [2:58:20 bound:475 nc:1060 ncall:2.5e+07 eff:0.2% logz-ratio=7.46+/-0.05 dlogz:40.800>0.1]
43648it [2:59:33 bound:478 nc:871 ncall:2.5e+07 eff:0.2% logz-ratio=7.63+/-0.05 dlogz:40.583>0.1]
43826it [3:00:42 bound:481 nc:1144 ncall:2.5e+07 eff:0.2% logz-ratio=7.80+/-0.05 dlogz:40.372>0.1]
43900it [3:01:56 bound:482 nc:438 ncall:2.5e+07 eff:0.2% logz-ratio=7.87+/-0.05 dlogz:40.283>0.1]
44064it [3:03:12 bound:485 nc:1265 ncall:2.5e+07 eff:0.2% logz-ratio=8.03+/-0.05 dlogz:40.084>0.1]
44247it [3:04:28 bound:488 nc:974 ncall:2.6e+07 eff:0.2% logz-ratio=8.21+/-0.05 dlogz:39.860>0.1]
44428it [3:05:46 bound:491 nc:682 ncall:2.6e+07 eff:0.2% logz-ratio=8.39+/-0.05 dlogz:39.639>0.1]
44608it [3:07:10 bound:494 nc:632 ncall:2.6e+07 eff:0.2% logz-ratio=8.56+/-0.05 dlogz:39.418>0.1]
44789it [3:08:29 bound:497 nc:407 ncall:2.6e+07 eff:0.2% logz-ratio=8.74+/-0.05 dlogz:39.196>0.1]
44970it [3:09:48 bound:500 nc:2335 ncall:2.6e+07 eff:0.2% logz-ratio=8.92+/-0.05 dlogz:38.976>0.1]
45152it [3:11:04 bound:503 nc:1043 ncall:2.7e+07 eff:0.2% logz-ratio=9.09+/-0.05 dlogz:38.759>0.1]
45323it [3:12:20 bound:506 nc:1230 ncall:2.7e+07 eff:0.2% logz-ratio=9.25+/-0.05 dlogz:38.558>0.1]
45501it [3:13:36 bound:509 nc:765 ncall:2.7e+07 eff:0.2% logz-ratio=9.42+/-0.05 dlogz:38.348>0.1]
45685it [3:14:53 bound:512 nc:1098 ncall:2.7e+07 eff:0.2% logz-ratio=9.59+/-0.05 dlogz:38.125>0.1]
45867it [3:16:10 bound:515 nc:632 ncall:2.7e+07 eff:0.2% logz-ratio=9.77+/-0.05 dlogz:37.901>0.1]
46048it [3:17:32 bound:518 nc:719 ncall:2.7e+07 eff:0.2% logz-ratio=9.95+/-0.05 dlogz:37.681>0.1]
46226it [3:18:51 bound:521 nc:1243 ncall:2.8e+07 eff:0.2% logz-ratio=10.12+/-0.05 dlogz:37.466>0.1]
46401it [3:20:07 bound:524 nc:1035 ncall:2.8e+07 eff:0.2% logz-ratio=10.29+/-0.05 dlogz:37.254>0.1]
46578it [3:21:23 bound:527 nc:853 ncall:2.8e+07 eff:0.2% logz-ratio=10.46+/-0.05 dlogz:37.038>0.1]
46761it [3:22:42 bound:530 nc:1151 ncall:2.8e+07 eff:0.2% logz-ratio=10.65+/-0.05 dlogz:36.812>0.1]
46938it [3:23:59 bound:533 nc:983 ncall:2.8e+07 eff:0.2% logz-ratio=10.82+/-0.05 dlogz:36.591>0.1]
47115it [3:25:22 bound:536 nc:860 ncall:2.8e+07 eff:0.2% logz-ratio=11.00+/-0.05 dlogz:36.370>0.1]
47292it [3:26:45 bound:539 nc:835 ncall:2.9e+07 eff:0.2% logz-ratio=11.18+/-0.05 dlogz:36.147>0.1]
47466it [3:28:02 bound:542 nc:2322 ncall:2.9e+07 eff:0.2% logz-ratio=11.36+/-0.05 dlogz:35.928>0.1]
47644it [3:29:18 bound:545 nc:1260 ncall:2.9e+07 eff:0.2% logz-ratio=11.54+/-0.05 dlogz:35.704>0.1]
47821it [3:30:35 bound:548 nc:736 ncall:2.9e+07 eff:0.2% logz-ratio=11.72+/-0.05 dlogz:35.482>0.1]
47990it [3:31:57 bound:551 nc:2118 ncall:2.9e+07 eff:0.2% logz-ratio=11.89+/-0.05 dlogz:35.266>0.1]
48166it [3:33:15 bound:554 nc:673 ncall:3.0e+07 eff:0.2% logz-ratio=12.07+/-0.05 dlogz:35.044>0.1]
48338it [3:34:32 bound:557 nc:1141 ncall:3.0e+07 eff:0.2% logz-ratio=12.25+/-0.05 dlogz:34.825>0.1]
48513it [3:35:54 bound:560 nc:704 ncall:3.0e+07 eff:0.2% logz-ratio=12.43+/-0.05 dlogz:34.604>0.1]
48690it [3:37:15 bound:563 nc:992 ncall:3.0e+07 eff:0.2% logz-ratio=12.61+/-0.05 dlogz:34.376>0.1]
48807it [3:38:15 bound:565 nc:915 ncall:3.0e+07 eff:0.2% logz-ratio=12.73+/-0.05 dlogz:34.227>0.1]
48991it [3:39:37 bound:568 nc:1019 ncall:3.0e+07 eff:0.2% logz-ratio=12.92+/-0.05 dlogz:33.989>0.1]
49165it [3:40:59 bound:571 nc:1478 ncall:3.1e+07 eff:0.2% logz-ratio=13.11+/-0.05 dlogz:33.763>0.1]
49339it [3:42:16 bound:574 nc:590 ncall:3.1e+07 eff:0.2% logz-ratio=13.29+/-0.05 dlogz:33.537>0.1]
49450it [3:43:17 bound:576 nc:949 ncall:3.1e+07 eff:0.2% logz-ratio=13.41+/-0.05 dlogz:33.392>0.1]
49626it [3:44:41 bound:579 nc:914 ncall:3.1e+07 eff:0.2% logz-ratio=13.60+/-0.05 dlogz:33.160>0.1]
49800it [3:46:06 bound:582 nc:1419 ncall:3.1e+07 eff:0.2% logz-ratio=13.79+/-0.05 dlogz:32.929>0.1]
49979it [3:47:30 bound:585 nc:888 ncall:3.1e+07 eff:0.2% logz-ratio=13.98+/-0.06 dlogz:32.692>0.1]
50157it [3:48:48 bound:588 nc:1482 ncall:3.2e+07 eff:0.2% logz-ratio=14.17+/-0.06 dlogz:32.458>0.1]
50330it [3:50:10 bound:591 nc:895 ncall:3.2e+07 eff:0.2% logz-ratio=14.35+/-0.06 dlogz:32.232>0.1]
50444it [3:51:10 bound:593 nc:842 ncall:3.2e+07 eff:0.2% logz-ratio=14.47+/-0.06 dlogz:32.083>0.1]
50621it [3:52:25 bound:596 nc:471 ncall:3.2e+07 eff:0.2% logz-ratio=14.66+/-0.06 dlogz:32.308>0.1]
50795it [3:53:45 bound:599 nc:790 ncall:3.2e+07 eff:0.2% logz-ratio=14.84+/-0.06 dlogz:33.289>0.1]
50960it [3:55:03 bound:602 nc:1430 ncall:3.2e+07 eff:0.2% logz-ratio=15.01+/-0.06 dlogz:33.079>0.1]
51141it [3:56:26 bound:605 nc:973 ncall:3.3e+07 eff:0.2% logz-ratio=15.20+/-0.06 dlogz:32.847>0.1]
51309it [3:57:45 bound:608 nc:952 ncall:3.3e+07 eff:0.2% logz-ratio=15.37+/-0.06 dlogz:32.631>0.1]
51485it [3:59:03 bound:611 nc:1851 ncall:3.3e+07 eff:0.2% logz-ratio=15.56+/-0.06 dlogz:32.404>0.1]
51656it [4:00:20 bound:614 nc:1378 ncall:3.3e+07 eff:0.2% logz-ratio=15.73+/-0.06 dlogz:32.184>0.1]
51836it [4:01:38 bound:617 nc:1591 ncall:3.3e+07 eff:0.2% logz-ratio=15.92+/-0.06 dlogz:31.952>0.1]
51894it [4:02:57 bound:618 nc:965 ncall:3.3e+07 eff:0.2% logz-ratio=15.98+/-0.06 dlogz:31.878>0.1]
52066it [4:04:21 bound:621 nc:842 ncall:3.4e+07 eff:0.2% logz-ratio=16.16+/-0.06 dlogz:33.876>0.1]
52243it [4:05:44 bound:624 nc:883 ncall:3.4e+07 eff:0.2% logz-ratio=16.35+/-0.06 dlogz:33.645>0.1]
52426it [4:07:07 bound:627 nc:944 ncall:3.4e+07 eff:0.2% logz-ratio=16.55+/-0.06 dlogz:33.403>0.1]
52603it [4:08:27 bound:630 nc:1081 ncall:3.4e+07 eff:0.2% logz-ratio=16.74+/-0.06 dlogz:33.170>0.1]
52774it [4:09:50 bound:633 nc:1147 ncall:3.4e+07 eff:0.2% logz-ratio=16.92+/-0.06 dlogz:34.867>0.1]
52952it [4:11:14 bound:636 nc:1204 ncall:3.5e+07 eff:0.2% logz-ratio=17.11+/-0.06 dlogz:34.630>0.1]
53128it [4:12:42 bound:639 nc:478 ncall:3.5e+07 eff:0.2% logz-ratio=17.31+/-0.06 dlogz:34.392>0.1]
53299it [4:14:07 bound:642 nc:1143 ncall:3.5e+07 eff:0.2% logz-ratio=17.50+/-0.06 dlogz:34.159>0.1]
53473it [4:15:26 bound:645 nc:1433 ncall:3.5e+07 eff:0.2% logz-ratio=17.69+/-0.06 dlogz:33.923>0.1]
53647it [4:16:47 bound:648 nc:1581 ncall:3.5e+07 eff:0.2% logz-ratio=17.88+/-0.06 dlogz:33.692>0.1]
53820it [4:18:12 bound:651 nc:774 ncall:3.6e+07 eff:0.2% logz-ratio=18.07+/-0.06 dlogz:33.462>0.1]
53991it [4:19:34 bound:654 nc:1057 ncall:3.6e+07 eff:0.2% logz-ratio=18.25+/-0.06 dlogz:33.236>0.1]
54164it [4:20:59 bound:657 nc:1429 ncall:3.6e+07 eff:0.2% logz-ratio=18.44+/-0.06 dlogz:33.998>0.1]
54336it [4:22:21 bound:660 nc:619 ncall:3.6e+07 eff:0.2% logz-ratio=18.63+/-0.06 dlogz:33.770>0.1]
54509it [4:23:40 bound:663 nc:914 ncall:3.6e+07 eff:0.1% logz-ratio=18.81+/-0.06 dlogz:33.543>0.1]
54677it [4:25:07 bound:666 nc:1994 ncall:3.7e+07 eff:0.1% logz-ratio=18.99+/-0.06 dlogz:33.321>0.1]
54854it [4:26:31 bound:669 nc:1627 ncall:3.7e+07 eff:0.1% logz-ratio=19.19+/-0.06 dlogz:33.085>0.1]
55023it [4:27:54 bound:672 nc:824 ncall:3.7e+07 eff:0.1% logz-ratio=19.37+/-0.06 dlogz:32.859>0.1]
55196it [4:29:21 bound:675 nc:714 ncall:3.7e+07 eff:0.1% logz-ratio=19.56+/-0.06 dlogz:32.628>0.1]
55375it [4:30:38 bound:678 nc:1100 ncall:3.7e+07 eff:0.1% logz-ratio=19.76+/-0.06 dlogz:32.385>0.1]
55542it [4:32:02 bound:681 nc:1607 ncall:3.8e+07 eff:0.1% logz-ratio=19.95+/-0.06 dlogz:32.154>0.1]
55656it [4:33:03 bound:683 nc:1077 ncall:3.8e+07 eff:0.1% logz-ratio=20.08+/-0.06 dlogz:31.995>0.1]
55827it [4:34:27 bound:686 nc:707 ncall:3.8e+07 eff:0.1% logz-ratio=20.28+/-0.06 dlogz:31.755>0.1]
55988it [4:35:54 bound:689 nc:3245 ncall:3.8e+07 eff:0.1% logz-ratio=20.46+/-0.06 dlogz:31.530>0.1]
56157it [4:37:21 bound:692 nc:2225 ncall:3.8e+07 eff:0.1% logz-ratio=20.66+/-0.06 dlogz:31.296>0.1]
56326it [4:38:46 bound:695 nc:1149 ncall:3.9e+07 eff:0.1% logz-ratio=20.85+/-0.06 dlogz:31.063>0.1]
56501it [4:40:11 bound:698 nc:1461 ncall:3.9e+07 eff:0.1% logz-ratio=21.05+/-0.06 dlogz:30.819>0.1]
56671it [4:41:38 bound:701 nc:1354 ncall:3.9e+07 eff:0.1% logz-ratio=21.24+/-0.06 dlogz:30.582>0.1]
56835it [4:43:04 bound:704 nc:1240 ncall:3.9e+07 eff:0.1% logz-ratio=21.44+/-0.06 dlogz:30.349>0.1]
56947it [4:44:06 bound:706 nc:1713 ncall:3.9e+07 eff:0.1% logz-ratio=21.57+/-0.06 dlogz:30.188>0.1]
57060it [4:45:08 bound:708 nc:2253 ncall:3.9e+07 eff:0.1% logz-ratio=21.71+/-0.06 dlogz:30.026>0.1]
57236it [4:46:36 bound:711 nc:3005 ncall:4.0e+07 eff:0.1% logz-ratio=21.91+/-0.06 dlogz:29.774>0.1]
57407it [4:47:57 bound:714 nc:768 ncall:4.0e+07 eff:0.1% logz-ratio=22.12+/-0.06 dlogz:29.532>0.1]
57515it [4:48:58 bound:716 nc:984 ncall:4.0e+07 eff:0.1% logz-ratio=22.24+/-0.06 dlogz:29.381>0.1]
57694it [4:50:23 bound:719 nc:350 ncall:4.0e+07 eff:0.1% logz-ratio=22.45+/-0.06 dlogz:29.127>0.1]
57863it [4:51:47 bound:722 nc:1051 ncall:4.0e+07 eff:0.1% logz-ratio=22.65+/-0.06 dlogz:28.886>0.1]
58025it [4:53:14 bound:725 nc:1021 ncall:4.1e+07 eff:0.1% logz-ratio=22.84+/-0.06 dlogz:28.657>0.1]
58194it [4:54:41 bound:728 nc:2149 ncall:4.1e+07 eff:0.1% logz-ratio=23.03+/-0.06 dlogz:28.420>0.1]
58305it [4:55:42 bound:730 nc:1606 ncall:4.1e+07 eff:0.1% logz-ratio=23.16+/-0.06 dlogz:28.267>0.1]
58478it [4:57:02 bound:733 nc:1094 ncall:4.1e+07 eff:0.1% logz-ratio=23.35+/-0.06 dlogz:28.033>0.1]
58648it [4:58:33 bound:736 nc:1084 ncall:4.1e+07 eff:0.1% logz-ratio=23.55+/-0.06 dlogz:27.799>0.1]
58817it [5:00:00 bound:739 nc:2329 ncall:4.2e+07 eff:0.1% logz-ratio=23.74+/-0.06 dlogz:27.564>0.1]
58984it [5:01:32 bound:742 nc:889 ncall:4.2e+07 eff:0.1% logz-ratio=23.93+/-0.06 dlogz:27.333>0.1]
59119it [5:03:25 bound:744 nc:1145 ncall:4.2e+07 eff:0.1% logz-ratio=24.08+/-0.06 dlogz:27.147>0.1]
59274it [5:04:51 bound:747 nc:700 ncall:4.2e+07 eff:0.1% logz-ratio=24.26+/-0.06 dlogz:26.936>0.1]
59445it [5:06:18 bound:750 nc:1933 ncall:4.2e+07 eff:0.1% logz-ratio=24.44+/-0.06 dlogz:26.706>0.1]
59619it [5:07:42 bound:753 nc:1393 ncall:4.3e+07 eff:0.1% logz-ratio=24.63+/-0.06 dlogz:26.473>0.1]
59736it [5:08:43 bound:755 nc:971 ncall:4.3e+07 eff:0.1% logz-ratio=24.76+/-0.06 dlogz:26.316>0.1]
59910it [5:10:05 bound:758 nc:788 ncall:4.3e+07 eff:0.1% logz-ratio=24.96+/-0.06 dlogz:26.081>0.1]
60082it [5:11:32 bound:761 nc:942 ncall:4.3e+07 eff:0.1% logz-ratio=25.15+/-0.06 dlogz:25.848>0.1]
60252it [5:12:56 bound:764 nc:1361 ncall:4.3e+07 eff:0.1% logz-ratio=25.33+/-0.06 dlogz:25.621>0.1]
60423it [5:14:25 bound:767 nc:1437 ncall:4.4e+07 eff:0.1% logz-ratio=25.52+/-0.06 dlogz:25.394>0.1]
60598it [5:15:49 bound:770 nc:2472 ncall:4.4e+07 eff:0.1% logz-ratio=25.70+/-0.06 dlogz:25.164>0.1]
60715it [5:16:50 bound:772 nc:2023 ncall:4.4e+07 eff:0.1% logz-ratio=25.83+/-0.06 dlogz:25.010>0.1]
60884it [5:18:18 bound:775 nc:1276 ncall:4.4e+07 eff:0.1% logz-ratio=26.01+/-0.06 dlogz:24.784>0.1]
61060it [5:19:44 bound:778 nc:1062 ncall:4.4e+07 eff:0.1% logz-ratio=26.21+/-0.06 dlogz:24.545>0.1]
61236it [5:21:12 bound:781 nc:2037 ncall:4.5e+07 eff:0.1% logz-ratio=26.41+/-0.06 dlogz:24.305>0.1]
61405it [5:22:36 bound:784 nc:1551 ncall:4.5e+07 eff:0.1% logz-ratio=26.60+/-0.06 dlogz:24.075>0.1]
61579it [5:24:02 bound:787 nc:1463 ncall:4.5e+07 eff:0.1% logz-ratio=26.79+/-0.06 dlogz:23.839>0.1]
61756it [5:25:26 bound:790 nc:1170 ncall:4.5e+07 eff:0.1% logz-ratio=26.99+/-0.06 dlogz:23.599>0.1]
61923it [5:26:54 bound:793 nc:1589 ncall:4.5e+07 eff:0.1% logz-ratio=27.17+/-0.06 dlogz:23.373>0.1]
62092it [5:28:23 bound:796 nc:1106 ncall:4.6e+07 eff:0.1% logz-ratio=27.36+/-0.06 dlogz:23.146>0.1]
62259it [5:29:47 bound:799 nc:701 ncall:4.6e+07 eff:0.1% logz-ratio=27.54+/-0.06 dlogz:22.926>0.1]
62429it [5:31:19 bound:802 nc:664 ncall:4.6e+07 eff:0.1% logz-ratio=27.72+/-0.06 dlogz:22.712>0.1]
62546it [5:32:21 bound:804 nc:1091 ncall:4.6e+07 eff:0.1% logz-ratio=27.84+/-0.06 dlogz:22.561>0.1]
62661it [5:33:22 bound:806 nc:625 ncall:4.6e+07 eff:0.1% logz-ratio=27.96+/-0.06 dlogz:22.415>0.1]
62839it [5:34:48 bound:809 nc:2908 ncall:4.7e+07 eff:0.1% logz-ratio=28.14+/-0.06 dlogz:23.884>0.1]
63013it [5:36:11 bound:812 nc:836 ncall:4.7e+07 eff:0.1% logz-ratio=28.32+/-0.06 dlogz:23.663>0.1]
63131it [5:37:12 bound:814 nc:1444 ncall:4.7e+07 eff:0.1% logz-ratio=28.44+/-0.06 dlogz:23.511>0.1]
63308it [5:38:37 bound:817 nc:1801 ncall:4.7e+07 eff:0.1% logz-ratio=28.63+/-0.06 dlogz:23.284>0.1]
63427it [5:39:40 bound:819 nc:1107 ncall:4.7e+07 eff:0.1% logz-ratio=28.75+/-0.06 dlogz:23.132>0.1]
63598it [5:41:08 bound:822 nc:1409 ncall:4.8e+07 eff:0.1% logz-ratio=28.93+/-0.06 dlogz:22.914>0.1]
63769it [5:42:37 bound:825 nc:965 ncall:4.8e+07 eff:0.1% logz-ratio=29.10+/-0.06 dlogz:22.695>0.1]
63948it [5:44:07 bound:828 nc:2443 ncall:4.8e+07 eff:0.1% logz-ratio=29.28+/-0.06 dlogz:22.471>0.1]
64118it [5:45:38 bound:831 nc:1073 ncall:4.8e+07 eff:0.1% logz-ratio=29.46+/-0.06 dlogz:22.258>0.1]
64235it [5:46:40 bound:833 nc:962 ncall:4.8e+07 eff:0.1% logz-ratio=29.57+/-0.06 dlogz:22.112>0.1]
64351it [5:47:41 bound:835 nc:2092 ncall:4.9e+07 eff:0.1% logz-ratio=29.69+/-0.06 dlogz:21.966>0.1]
64528it [5:49:06 bound:838 nc:1604 ncall:4.9e+07 eff:0.1% logz-ratio=29.87+/-0.06 dlogz:21.742>0.1]
64702it [5:50:34 bound:841 nc:2008 ncall:4.9e+07 eff:0.1% logz-ratio=30.05+/-0.06 dlogz:21.521>0.1]
64812it [5:51:35 bound:843 nc:1240 ncall:4.9e+07 eff:0.1% logz-ratio=30.16+/-0.06 dlogz:21.380>0.1]
64929it [5:52:38 bound:845 nc:3241 ncall:4.9e+07 eff:0.1% logz-ratio=30.28+/-0.06 dlogz:21.232>0.1]
65042it [5:53:39 bound:847 nc:1853 ncall:4.9e+07 eff:0.1% logz-ratio=30.39+/-0.06 dlogz:21.094>0.1]
65157it [5:54:42 bound:849 nc:3147 ncall:5.0e+07 eff:0.1% logz-ratio=30.51+/-0.06 dlogz:20.952>0.1]
65276it [5:55:44 bound:851 nc:2679 ncall:5.0e+07 eff:0.1% logz-ratio=30.62+/-0.06 dlogz:20.806>0.1]
65393it [5:56:44 bound:853 nc:925 ncall:5.0e+07 eff:0.1% logz-ratio=30.74+/-0.06 dlogz:20.663>0.1]
65566it [5:58:09 bound:856 nc:818 ncall:5.0e+07 eff:0.1% logz-ratio=30.91+/-0.06 dlogz:20.454>0.1]
65745it [5:59:40 bound:859 nc:2239 ncall:5.0e+07 eff:0.1% logz-ratio=31.08+/-0.06 dlogz:20.239>0.1]
65920it [6:01:09 bound:862 nc:1571 ncall:5.1e+07 eff:0.1% logz-ratio=31.24+/-0.06 dlogz:20.030>0.1]
66096it [6:02:38 bound:865 nc:2234 ncall:5.1e+07 eff:0.1% logz-ratio=31.42+/-0.06 dlogz:19.815>0.1]
66171it [6:04:13 bound:866 nc:1455 ncall:5.1e+07 eff:0.1% logz-ratio=31.49+/-0.06 dlogz:20.594>0.1]
66271it [6:05:15 bound:868 nc:1834 ncall:5.1e+07 eff:0.1% logz-ratio=31.58+/-0.06 dlogz:20.474>0.1]
66390it [6:06:17 bound:870 nc:1193 ncall:5.1e+07 eff:0.1% logz-ratio=31.70+/-0.06 dlogz:20.333>0.1]
66510it [6:07:22 bound:872 nc:1873 ncall:5.1e+07 eff:0.1% logz-ratio=31.81+/-0.06 dlogz:20.191>0.1]
66626it [6:08:24 bound:874 nc:1383 ncall:5.2e+07 eff:0.1% logz-ratio=31.92+/-0.06 dlogz:20.055>0.1]
66796it [6:09:51 bound:877 nc:1535 ncall:5.2e+07 eff:0.1% logz-ratio=32.08+/-0.06 dlogz:19.853>0.1]
66915it [6:10:51 bound:879 nc:1257 ncall:5.2e+07 eff:0.1% logz-ratio=32.19+/-0.06 dlogz:19.709>0.1]
67034it [6:11:53 bound:881 nc:1042 ncall:5.2e+07 eff:0.1% logz-ratio=32.31+/-0.06 dlogz:19.565>0.1]
67207it [6:13:20 bound:884 nc:1053 ncall:5.2e+07 eff:0.1% logz-ratio=32.47+/-0.06 dlogz:19.354>0.1]
67326it [6:14:28 bound:886 nc:1506 ncall:5.2e+07 eff:0.1% logz-ratio=32.59+/-0.06 dlogz:19.208>0.1]
67501it [6:15:54 bound:889 nc:2457 ncall:5.3e+07 eff:0.1% logz-ratio=32.76+/-0.06 dlogz:18.995>0.1]
67621it [6:16:55 bound:891 nc:674 ncall:5.3e+07 eff:0.1% logz-ratio=32.88+/-0.06 dlogz:18.852>0.1]
67742it [6:17:55 bound:893 nc:2039 ncall:5.3e+07 eff:0.1% logz-ratio=32.99+/-0.06 dlogz:18.708>0.1]
67862it [6:18:56 bound:895 nc:691 ncall:5.3e+07 eff:0.1% logz-ratio=33.10+/-0.06 dlogz:18.566>0.1]
67975it [6:19:59 bound:897 nc:1398 ncall:5.3e+07 eff:0.1% logz-ratio=33.21+/-0.06 dlogz:18.432>0.1]
68092it [6:21:01 bound:899 nc:1061 ncall:5.3e+07 eff:0.1% logz-ratio=33.32+/-0.06 dlogz:18.291>0.1]
68205it [6:22:06 bound:901 nc:1205 ncall:5.4e+07 eff:0.1% logz-ratio=33.43+/-0.06 dlogz:18.157>0.1]
68328it [6:23:10 bound:903 nc:1641 ncall:5.4e+07 eff:0.1% logz-ratio=33.54+/-0.06 dlogz:18.012>0.1]
68449it [6:24:10 bound:905 nc:1126 ncall:5.4e+07 eff:0.1% logz-ratio=33.66+/-0.06 dlogz:17.869>0.1]
68562it [6:25:11 bound:907 nc:1283 ncall:5.4e+07 eff:0.1% logz-ratio=33.76+/-0.06 dlogz:17.738>0.1]
68679it [6:26:15 bound:909 nc:1274 ncall:5.4e+07 eff:0.1% logz-ratio=33.87+/-0.06 dlogz:17.602>0.1]
68801it [6:27:16 bound:911 nc:1181 ncall:5.4e+07 eff:0.1% logz-ratio=33.98+/-0.06 dlogz:17.463>0.1]
68920it [6:28:16 bound:913 nc:701 ncall:5.5e+07 eff:0.1% logz-ratio=34.08+/-0.06 dlogz:17.329>0.1]
69101it [6:29:45 bound:916 nc:516 ncall:5.5e+07 eff:0.1% logz-ratio=34.24+/-0.06 dlogz:17.127>0.1]
69277it [6:31:13 bound:919 nc:2764 ncall:5.5e+07 eff:0.1% logz-ratio=34.39+/-0.06 dlogz:16.930>0.1]
69388it [6:32:16 bound:921 nc:1151 ncall:5.5e+07 eff:0.1% logz-ratio=34.49+/-0.06 dlogz:16.805>0.1]
69564it [6:33:43 bound:924 nc:1011 ncall:5.5e+07 eff:0.1% logz-ratio=34.65+/-0.06 dlogz:16.608>0.1]
69744it [6:35:11 bound:927 nc:1285 ncall:5.6e+07 eff:0.1% logz-ratio=34.80+/-0.06 dlogz:16.411>0.1]
69862it [6:36:15 bound:929 nc:1759 ncall:5.6e+07 eff:0.1% logz-ratio=34.90+/-0.06 dlogz:16.285>0.1]
69982it [6:37:18 bound:931 nc:1511 ncall:5.6e+07 eff:0.1% logz-ratio=35.00+/-0.06 dlogz:16.156>0.1]
70103it [6:38:20 bound:933 nc:2016 ncall:5.6e+07 eff:0.1% logz-ratio=35.09+/-0.06 dlogz:16.027>0.1]
70228it [6:39:20 bound:935 nc:2817 ncall:5.6e+07 eff:0.1% logz-ratio=35.20+/-0.06 dlogz:15.894>0.1]
70345it [6:40:23 bound:937 nc:1306 ncall:5.6e+07 eff:0.1% logz-ratio=35.29+/-0.06 dlogz:15.770>0.1]
70466it [6:41:23 bound:939 nc:1123 ncall:5.7e+07 eff:0.1% logz-ratio=35.39+/-0.06 dlogz:15.641>0.1]
70584it [6:42:24 bound:941 nc:1216 ncall:5.7e+07 eff:0.1% logz-ratio=35.49+/-0.06 dlogz:15.514>0.1]
70762it [6:43:55 bound:944 nc:2004 ncall:5.7e+07 eff:0.1% logz-ratio=35.64+/-0.06 dlogz:15.323>0.1]
70879it [6:44:59 bound:946 nc:907 ncall:5.7e+07 eff:0.1% logz-ratio=35.74+/-0.06 dlogz:15.196>0.1]
70989it [6:46:00 bound:948 nc:915 ncall:5.7e+07 eff:0.1% logz-ratio=35.83+/-0.06 dlogz:15.076>0.1]
71164it [6:47:31 bound:951 nc:2076 ncall:5.8e+07 eff:0.1% logz-ratio=35.97+/-0.07 dlogz:14.889>0.1]
71280it [6:48:36 bound:953 nc:756 ncall:5.8e+07 eff:0.1% logz-ratio=36.07+/-0.07 dlogz:14.764>0.1]
71397it [6:49:40 bound:955 nc:1224 ncall:5.8e+07 eff:0.1% logz-ratio=36.17+/-0.07 dlogz:14.641>0.1]
71517it [6:50:41 bound:957 nc:564 ncall:5.8e+07 eff:0.1% logz-ratio=36.26+/-0.07 dlogz:14.515>0.1]
71634it [6:51:42 bound:959 nc:1537 ncall:5.8e+07 eff:0.1% logz-ratio=36.36+/-0.07 dlogz:14.391>0.1]
71754it [6:52:45 bound:961 nc:1530 ncall:5.8e+07 eff:0.1% logz-ratio=36.45+/-0.07 dlogz:14.267>0.1]
71873it [6:53:48 bound:963 nc:1157 ncall:5.8e+07 eff:0.1% logz-ratio=36.55+/-0.07 dlogz:14.142>0.1]
71994it [6:54:49 bound:965 nc:1253 ncall:5.9e+07 eff:0.1% logz-ratio=36.65+/-0.07 dlogz:14.014>0.1]
72113it [6:55:52 bound:967 nc:1367 ncall:5.9e+07 eff:0.1% logz-ratio=36.74+/-0.07 dlogz:13.890>0.1]
72229it [6:56:55 bound:969 nc:1003 ncall:5.9e+07 eff:0.1% logz-ratio=36.83+/-0.07 dlogz:13.773>0.1]
72349it [6:57:56 bound:971 nc:1548 ncall:5.9e+07 eff:0.1% logz-ratio=36.92+/-0.07 dlogz:13.653>0.1]
72469it [6:59:00 bound:973 nc:687 ncall:5.9e+07 eff:0.1% logz-ratio=37.01+/-0.07 dlogz:13.534>0.1]
72589it [7:00:05 bound:975 nc:1156 ncall:5.9e+07 eff:0.1% logz-ratio=37.10+/-0.07 dlogz:13.416>0.1]
72708it [7:01:05 bound:977 nc:1225 ncall:6.0e+07 eff:0.1% logz-ratio=37.19+/-0.07 dlogz:13.298>0.1]
72828it [7:02:09 bound:979 nc:1708 ncall:6.0e+07 eff:0.1% logz-ratio=37.28+/-0.07 dlogz:13.179>0.1]
73007it [7:03:37 bound:982 nc:1733 ncall:6.0e+07 eff:0.1% logz-ratio=37.41+/-0.07 dlogz:13.001>0.1]
73079it [7:05:20 bound:983 nc:1898 ncall:6.0e+07 eff:0.1% logz-ratio=37.47+/-0.07 dlogz:12.930>0.1]
73179it [7:06:24 bound:985 nc:2718 ncall:6.0e+07 eff:0.1% logz-ratio=37.54+/-0.07 dlogz:12.832>0.1]
73301it [7:07:24 bound:987 nc:1034 ncall:6.0e+07 eff:0.1% logz-ratio=37.63+/-0.07 dlogz:12.713>0.1]
73415it [7:08:27 bound:989 nc:2314 ncall:6.1e+07 eff:0.1% logz-ratio=37.71+/-0.07 dlogz:12.603>0.1]
73535it [7:09:29 bound:991 nc:2087 ncall:6.1e+07 eff:0.1% logz-ratio=37.80+/-0.07 dlogz:12.489>0.1]
73660it [7:10:35 bound:993 nc:1013 ncall:6.1e+07 eff:0.1% logz-ratio=37.88+/-0.07 dlogz:12.370>0.1]
73781it [7:11:36 bound:995 nc:1595 ncall:6.1e+07 eff:0.1% logz-ratio=37.97+/-0.07 dlogz:12.256>0.1]
73902it [7:12:36 bound:997 nc:1348 ncall:6.1e+07 eff:0.1% logz-ratio=38.05+/-0.07 dlogz:12.144>0.1]
74025it [7:13:41 bound:999 nc:1458 ncall:6.1e+07 eff:0.1% logz-ratio=38.13+/-0.07 dlogz:12.031>0.1]
74147it [7:14:44 bound:1001 nc:1193 ncall:6.2e+07 eff:0.1% logz-ratio=38.22+/-0.07 dlogz:11.919>0.1]
74263it [7:15:47 bound:1003 nc:983 ncall:6.2e+07 eff:0.1% logz-ratio=38.29+/-0.07 dlogz:11.815>0.1]
74385it [7:16:49 bound:1005 nc:1229 ncall:6.2e+07 eff:0.1% logz-ratio=38.37+/-0.07 dlogz:11.707>0.1]
74507it [7:17:51 bound:1007 nc:763 ncall:6.2e+07 eff:0.1% logz-ratio=38.45+/-0.07 dlogz:11.599>0.1]
74623it [7:18:55 bound:1009 nc:2881 ncall:6.2e+07 eff:0.1% logz-ratio=38.52+/-0.07 dlogz:11.498>0.1]
74740it [7:20:01 bound:1011 nc:1680 ncall:6.2e+07 eff:0.1% logz-ratio=38.59+/-0.07 dlogz:11.396>0.1]
74858it [7:21:06 bound:1013 nc:1334 ncall:6.3e+07 eff:0.1% logz-ratio=38.67+/-0.07 dlogz:11.293>0.1]
74974it [7:22:07 bound:1015 nc:1979 ncall:6.3e+07 eff:0.1% logz-ratio=38.74+/-0.07 dlogz:11.190>0.1]
75098it [7:23:10 bound:1017 nc:970 ncall:6.3e+07 eff:0.1% logz-ratio=38.82+/-0.07 dlogz:11.079>0.1]
75220it [7:24:11 bound:1019 nc:1987 ncall:6.3e+07 eff:0.1% logz-ratio=38.90+/-0.07 dlogz:10.970>0.1]
75337it [7:25:16 bound:1021 nc:877 ncall:6.3e+07 eff:0.1% logz-ratio=38.98+/-0.07 dlogz:10.867>0.1]
75458it [7:26:18 bound:1023 nc:1148 ncall:6.3e+07 eff:0.1% logz-ratio=39.05+/-0.07 dlogz:10.761>0.1]
75581it [7:27:22 bound:1025 nc:1142 ncall:6.4e+07 eff:0.1% logz-ratio=39.13+/-0.07 dlogz:10.654>0.1]
75701it [7:28:23 bound:1027 nc:1228 ncall:6.4e+07 eff:0.1% logz-ratio=39.20+/-0.07 dlogz:10.551>0.1]
75824it [7:29:28 bound:1029 nc:1617 ncall:6.4e+07 eff:0.1% logz-ratio=39.28+/-0.07 dlogz:10.448>0.1]
75944it [7:30:34 bound:1031 nc:2022 ncall:6.4e+07 eff:0.1% logz-ratio=39.35+/-0.07 dlogz:11.118>0.1]
76066it [7:31:36 bound:1033 nc:1690 ncall:6.4e+07 eff:0.1% logz-ratio=39.42+/-0.07 dlogz:11.018>0.1]
76187it [7:32:41 bound:1035 nc:3142 ncall:6.4e+07 eff:0.1% logz-ratio=39.49+/-0.07 dlogz:10.920>0.1]
76304it [7:33:44 bound:1037 nc:2663 ncall:6.5e+07 eff:0.1% logz-ratio=39.55+/-0.07 dlogz:10.825>0.1]
76428it [7:34:45 bound:1039 nc:1402 ncall:6.5e+07 eff:0.1% logz-ratio=39.62+/-0.07 dlogz:10.725>0.1]
76548it [7:35:50 bound:1041 nc:1008 ncall:6.5e+07 eff:0.1% logz-ratio=39.69+/-0.07 dlogz:10.628>0.1]
76671it [7:36:54 bound:1043 nc:1511 ncall:6.5e+07 eff:0.1% logz-ratio=39.76+/-0.07 dlogz:10.530>0.1]
76790it [7:38:02 bound:1045 nc:1027 ncall:6.5e+07 eff:0.1% logz-ratio=39.82+/-0.07 dlogz:10.436>0.1]
76910it [7:39:04 bound:1047 nc:1451 ncall:6.5e+07 eff:0.1% logz-ratio=39.89+/-0.07 dlogz:10.342>0.1]
77034it [7:40:06 bound:1049 nc:1549 ncall:6.6e+07 eff:0.1% logz-ratio=39.96+/-0.07 dlogz:10.245>0.1]
77151it [7:41:09 bound:1051 nc:1343 ncall:6.6e+07 eff:0.1% logz-ratio=40.02+/-0.07 dlogz:10.154>0.1]
77271it [7:42:12 bound:1053 nc:1120 ncall:6.6e+07 eff:0.1% logz-ratio=40.08+/-0.07 dlogz:10.061>0.1]
77393it [7:43:16 bound:1055 nc:1254 ncall:6.6e+07 eff:0.1% logz-ratio=40.15+/-0.07 dlogz:9.967>0.1]
77515it [7:44:20 bound:1057 nc:1344 ncall:6.6e+07 eff:0.1% logz-ratio=40.21+/-0.07 dlogz:9.872>0.1]
77636it [7:45:26 bound:1059 nc:1311 ncall:6.6e+07 eff:0.1% logz-ratio=40.27+/-0.07 dlogz:9.779>0.1]
77756it [7:46:26 bound:1061 nc:1800 ncall:6.7e+07 eff:0.1% logz-ratio=40.34+/-0.07 dlogz:9.686>0.1]
77879it [7:47:28 bound:1063 nc:1200 ncall:6.7e+07 eff:0.1% logz-ratio=40.40+/-0.07 dlogz:9.593>0.1]
77998it [7:48:33 bound:1065 nc:1444 ncall:6.7e+07 eff:0.1% logz-ratio=40.46+/-0.07 dlogz:9.503>0.1]
78117it [7:49:37 bound:1067 nc:1042 ncall:6.7e+07 eff:0.1% logz-ratio=40.52+/-0.07 dlogz:9.413>0.1]
78236it [7:50:40 bound:1069 nc:903 ncall:6.7e+07 eff:0.1% logz-ratio=40.58+/-0.07 dlogz:9.324>0.1]
78355it [7:51:44 bound:1071 nc:2382 ncall:6.7e+07 eff:0.1% logz-ratio=40.64+/-0.07 dlogz:9.235>0.1]
78475it [7:52:48 bound:1073 nc:1725 ncall:6.7e+07 eff:0.1% logz-ratio=40.70+/-0.07 dlogz:9.146>0.1]
78596it [7:53:53 bound:1075 nc:1077 ncall:6.8e+07 eff:0.1% logz-ratio=40.76+/-0.07 dlogz:9.057>0.1]
78720it [7:54:57 bound:1077 nc:1642 ncall:6.8e+07 eff:0.1% logz-ratio=40.82+/-0.07 dlogz:8.967>0.1]
78839it [7:56:01 bound:1079 nc:1261 ncall:6.8e+07 eff:0.1% logz-ratio=40.88+/-0.07 dlogz:8.881>0.1]
78958it [7:57:07 bound:1081 nc:620 ncall:6.8e+07 eff:0.1% logz-ratio=40.94+/-0.07 dlogz:8.796>0.1]
79079it [7:58:11 bound:1083 nc:1501 ncall:6.8e+07 eff:0.1% logz-ratio=40.99+/-0.07 dlogz:8.710>0.1]
79202it [7:59:19 bound:1085 nc:2257 ncall:6.9e+07 eff:0.1% logz-ratio=41.05+/-0.07 dlogz:8.623>0.1]
79321it [8:00:24 bound:1087 nc:2021 ncall:6.9e+07 eff:0.1% logz-ratio=41.10+/-0.07 dlogz:8.541>0.1]
79439it [8:01:30 bound:1089 nc:1135 ncall:6.9e+07 eff:0.1% logz-ratio=41.15+/-0.07 dlogz:8.460>0.1]
79560it [8:02:35 bound:1091 nc:2947 ncall:6.9e+07 eff:0.1% logz-ratio=41.21+/-0.07 dlogz:8.377>0.1]
79680it [8:03:41 bound:1093 nc:1332 ncall:6.9e+07 eff:0.1% logz-ratio=41.26+/-0.07 dlogz:8.296>0.1]
79802it [8:04:48 bound:1095 nc:1001 ncall:6.9e+07 eff:0.1% logz-ratio=41.31+/-0.07 dlogz:8.213>0.1]
79809it [8:06:04 bound:1095 nc:1781 ncall:6.9e+07 eff:0.1% logz-ratio=41.31+/-0.07 dlogz:8.209>0.1]
79926it [8:07:09 bound:1097 nc:1890 ncall:7.0e+07 eff:0.1% logz-ratio=41.36+/-0.07 dlogz:8.130>0.1]
80042it [8:08:15 bound:1099 nc:1481 ncall:7.0e+07 eff:0.1% logz-ratio=41.41+/-0.07 dlogz:8.053>0.1]
80163it [8:09:21 bound:1101 nc:1015 ncall:7.0e+07 eff:0.1% logz-ratio=41.47+/-0.07 dlogz:7.972>0.1]
80286it [8:10:26 bound:1103 nc:1152 ncall:7.0e+07 eff:0.1% logz-ratio=41.52+/-0.07 dlogz:7.890>0.1]
80409it [8:11:28 bound:1105 nc:1040 ncall:7.0e+07 eff:0.1% logz-ratio=41.57+/-0.07 dlogz:7.809>0.1]
80533it [8:12:31 bound:1107 nc:1489 ncall:7.0e+07 eff:0.1% logz-ratio=41.62+/-0.07 dlogz:7.729>0.1]
80653it [8:13:34 bound:1109 nc:2325 ncall:7.1e+07 eff:0.1% logz-ratio=41.67+/-0.07 dlogz:7.651>0.1]
80778it [8:14:40 bound:1111 nc:1323 ncall:7.1e+07 eff:0.1% logz-ratio=41.72+/-0.07 dlogz:7.571>0.1]
80900it [8:15:46 bound:1113 nc:1482 ncall:7.1e+07 eff:0.1% logz-ratio=41.76+/-0.07 dlogz:7.493>0.1]
81022it [8:16:51 bound:1115 nc:1187 ncall:7.1e+07 eff:0.1% logz-ratio=41.81+/-0.07 dlogz:7.415>0.1]
81143it [8:17:55 bound:1117 nc:992 ncall:7.1e+07 eff:0.1% logz-ratio=41.86+/-0.07 dlogz:7.338>0.1]
81259it [8:19:00 bound:1119 nc:1427 ncall:7.1e+07 eff:0.1% logz-ratio=41.90+/-0.07 dlogz:7.265>0.1]
81382it [8:20:04 bound:1121 nc:1246 ncall:7.2e+07 eff:0.1% logz-ratio=41.95+/-0.07 dlogz:7.188>0.1]
81501it [8:21:09 bound:1123 nc:1821 ncall:7.2e+07 eff:0.1% logz-ratio=42.00+/-0.07 dlogz:7.114>0.1]
81624it [8:22:11 bound:1125 nc:1579 ncall:7.2e+07 eff:0.1% logz-ratio=42.04+/-0.07 dlogz:7.037>0.1]
81747it [8:23:18 bound:1127 nc:2491 ncall:7.2e+07 eff:0.1% logz-ratio=42.09+/-0.07 dlogz:6.962>0.1]
81867it [8:24:22 bound:1129 nc:1401 ncall:7.2e+07 eff:0.1% logz-ratio=42.13+/-0.07 dlogz:6.889>0.1]
81988it [8:25:29 bound:1131 nc:1304 ncall:7.2e+07 eff:0.1% logz-ratio=42.18+/-0.07 dlogz:6.817>0.1]
82111it [8:26:32 bound:1133 nc:1056 ncall:7.3e+07 eff:0.1% logz-ratio=42.22+/-0.07 dlogz:6.743>0.1]
82229it [8:27:35 bound:1135 nc:2221 ncall:7.3e+07 eff:0.1% logz-ratio=42.26+/-0.07 dlogz:6.673>0.1]
82353it [8:28:40 bound:1137 nc:1006 ncall:7.3e+07 eff:0.1% logz-ratio=42.30+/-0.07 dlogz:6.601>0.1]
82472it [8:29:46 bound:1139 nc:1220 ncall:7.3e+07 eff:0.1% logz-ratio=42.34+/-0.07 dlogz:6.532>0.1]
82591it [8:30:48 bound:1141 nc:1620 ncall:7.3e+07 eff:0.1% logz-ratio=42.38+/-0.07 dlogz:6.463>0.1]
82714it [8:31:55 bound:1143 nc:1618 ncall:7.3e+07 eff:0.1% logz-ratio=42.42+/-0.07 dlogz:6.393>0.1]
82838it [8:33:00 bound:1145 nc:1009 ncall:7.4e+07 eff:0.1% logz-ratio=42.46+/-0.07 dlogz:6.322>0.1]
82960it [8:34:05 bound:1147 nc:1208 ncall:7.4e+07 eff:0.1% logz-ratio=42.50+/-0.07 dlogz:6.253>0.1]
83085it [8:35:11 bound:1149 nc:1289 ncall:7.4e+07 eff:0.1% logz-ratio=42.54+/-0.07 dlogz:6.183>0.1]
83209it [8:36:18 bound:1151 nc:1051 ncall:7.4e+07 eff:0.1% logz-ratio=42.58+/-0.07 dlogz:6.114>0.1]
83331it [8:37:23 bound:1153 nc:1449 ncall:7.4e+07 eff:0.1% logz-ratio=42.62+/-0.07 dlogz:6.046>0.1]
83455it [8:38:29 bound:1155 nc:1975 ncall:7.4e+07 eff:0.1% logz-ratio=42.66+/-0.07 dlogz:5.978>0.1]
83582it [8:39:35 bound:1157 nc:892 ncall:7.5e+07 eff:0.1% logz-ratio=42.70+/-0.07 dlogz:5.908>0.1]
83706it [8:40:41 bound:1159 nc:2941 ncall:7.5e+07 eff:0.1% logz-ratio=42.73+/-0.07 dlogz:5.840>0.1]
83830it [8:41:46 bound:1161 nc:1286 ncall:7.5e+07 eff:0.1% logz-ratio=42.77+/-0.07 dlogz:5.773>0.1]
83952it [8:42:51 bound:1163 nc:1149 ncall:7.5e+07 eff:0.1% logz-ratio=42.81+/-0.07 dlogz:5.708>0.1]
84070it [8:43:57 bound:1165 nc:1447 ncall:7.5e+07 eff:0.1% logz-ratio=42.84+/-0.07 dlogz:5.645>0.1]
84195it [8:45:04 bound:1167 nc:1674 ncall:7.6e+07 eff:0.1% logz-ratio=42.88+/-0.07 dlogz:5.579>0.1]
84318it [8:46:11 bound:1169 nc:1277 ncall:7.6e+07 eff:0.1% logz-ratio=42.91+/-0.07 dlogz:5.514>0.1]
84439it [8:47:18 bound:1171 nc:1080 ncall:7.6e+07 eff:0.1% logz-ratio=42.95+/-0.07 dlogz:5.451>0.1]
84558it [8:48:24 bound:1173 nc:4507 ncall:7.6e+07 eff:0.1% logz-ratio=42.98+/-0.07 dlogz:5.390>0.1]
84677it [8:49:29 bound:1175 nc:1448 ncall:7.6e+07 eff:0.1% logz-ratio=43.01+/-0.07 dlogz:5.329>0.1]
84799it [8:50:37 bound:1177 nc:891 ncall:7.6e+07 eff:0.1% logz-ratio=43.04+/-0.07 dlogz:5.266>0.1]
84922it [8:51:45 bound:1179 nc:1532 ncall:7.7e+07 eff:0.1% logz-ratio=43.08+/-0.07 dlogz:5.204>0.1]
85045it [8:52:51 bound:1181 nc:1892 ncall:7.7e+07 eff:0.1% logz-ratio=43.11+/-0.07 dlogz:5.142>0.1]
85169it [8:53:58 bound:1183 nc:3332 ncall:7.7e+07 eff:0.1% logz-ratio=43.14+/-0.07 dlogz:5.079>0.1]
85287it [8:55:08 bound:1185 nc:1591 ncall:7.7e+07 eff:0.1% logz-ratio=43.17+/-0.07 dlogz:5.021>0.1]
85410it [8:56:15 bound:1187 nc:1584 ncall:7.7e+07 eff:0.1% logz-ratio=43.20+/-0.07 dlogz:4.961>0.1]
85531it [8:57:23 bound:1189 nc:1984 ncall:7.7e+07 eff:0.1% logz-ratio=43.23+/-0.07 dlogz:4.902>0.1]
85652it [8:58:32 bound:1191 nc:2274 ncall:7.8e+07 eff:0.1% logz-ratio=43.26+/-0.07 dlogz:4.843>0.1]
85776it [8:59:40 bound:1193 nc:1550 ncall:7.8e+07 eff:0.1% logz-ratio=43.29+/-0.07 dlogz:4.783>0.1]
85897it [9:00:47 bound:1195 nc:1200 ncall:7.8e+07 eff:0.1% logz-ratio=43.32+/-0.07 dlogz:4.725>0.1]
86015it [9:01:54 bound:1197 nc:1585 ncall:7.8e+07 eff:0.1% logz-ratio=43.35+/-0.07 dlogz:4.670>0.1]
86139it [9:03:03 bound:1199 nc:1096 ncall:7.8e+07 eff:0.1% logz-ratio=43.38+/-0.07 dlogz:4.611>0.1]
86260it [9:04:10 bound:1201 nc:3002 ncall:7.9e+07 eff:0.1% logz-ratio=43.40+/-0.07 dlogz:4.555>0.1]
86384it [9:05:21 bound:1203 nc:1228 ncall:7.9e+07 eff:0.1% logz-ratio=43.43+/-0.07 dlogz:4.498>0.1]
86457it [9:07:16 bound:1204 nc:1077 ncall:7.9e+07 eff:0.1% logz-ratio=43.45+/-0.07 dlogz:4.464>0.1]
86566it [9:08:26 bound:1206 nc:919 ncall:7.9e+07 eff:0.1% logz-ratio=43.47+/-0.07 dlogz:4.414>0.1]
86692it [9:09:35 bound:1208 nc:1543 ncall:7.9e+07 eff:0.1% logz-ratio=43.50+/-0.07 dlogz:4.358>0.1]
86814it [9:10:45 bound:1210 nc:1589 ncall:7.9e+07 eff:0.1% logz-ratio=43.52+/-0.07 dlogz:4.303>0.1]
86936it [9:11:56 bound:1212 nc:1177 ncall:8.0e+07 eff:0.1% logz-ratio=43.55+/-0.07 dlogz:4.591>0.1]
87062it [9:13:03 bound:1214 nc:1501 ncall:8.0e+07 eff:0.1% logz-ratio=43.57+/-0.07 dlogz:4.535>0.1]
87185it [9:14:09 bound:1216 nc:1159 ncall:8.0e+07 eff:0.1% logz-ratio=43.60+/-0.07 dlogz:4.480>0.1]
87308it [9:15:22 bound:1218 nc:906 ncall:8.0e+07 eff:0.1% logz-ratio=43.62+/-0.07 dlogz:4.427>0.1]
87427it [9:16:32 bound:1220 nc:1557 ncall:8.0e+07 eff:0.1% logz-ratio=43.65+/-0.07 dlogz:4.375>0.1]
87549it [9:17:44 bound:1222 nc:1295 ncall:8.1e+07 eff:0.1% logz-ratio=43.67+/-0.07 dlogz:4.322>0.1]
87675it [9:18:58 bound:1224 nc:1106 ncall:8.1e+07 eff:0.1% logz-ratio=43.69+/-0.07 dlogz:4.268>0.1]
87801it [9:20:09 bound:1226 nc:1896 ncall:8.1e+07 eff:0.1% logz-ratio=43.72+/-0.07 dlogz:4.215>0.1]
87919it [9:21:21 bound:1228 nc:600 ncall:8.1e+07 eff:0.1% logz-ratio=43.74+/-0.07 dlogz:4.165>0.1]
88045it [9:22:32 bound:1230 nc:1194 ncall:8.1e+07 eff:0.1% logz-ratio=43.76+/-0.07 dlogz:4.112>0.1]
88165it [9:23:41 bound:1232 nc:1857 ncall:8.2e+07 eff:0.1% logz-ratio=43.78+/-0.07 dlogz:4.062>0.1]
88287it [9:24:53 bound:1234 nc:935 ncall:8.2e+07 eff:0.1% logz-ratio=43.81+/-0.07 dlogz:4.012>0.1]
88411it [9:26:02 bound:1236 nc:1128 ncall:8.2e+07 eff:0.1% logz-ratio=43.83+/-0.07 dlogz:3.961>0.1]
88533it [9:27:13 bound:1238 nc:1473 ncall:8.2e+07 eff:0.1% logz-ratio=43.85+/-0.07 dlogz:3.911>0.1]
88656it [9:28:25 bound:1240 nc:1485 ncall:8.2e+07 eff:0.1% logz-ratio=43.87+/-0.07 dlogz:3.957>0.1]
88779it [9:29:38 bound:1242 nc:1222 ncall:8.2e+07 eff:0.1% logz-ratio=43.89+/-0.07 dlogz:3.907>0.1]
88901it [9:30:50 bound:1244 nc:1936 ncall:8.3e+07 eff:0.1% logz-ratio=43.91+/-0.07 dlogz:3.858>0.1]
89024it [9:32:00 bound:1246 nc:1616 ncall:8.3e+07 eff:0.1% logz-ratio=43.93+/-0.07 dlogz:3.809>0.1]
89144it [9:33:11 bound:1248 nc:1343 ncall:8.3e+07 eff:0.1% logz-ratio=43.95+/-0.07 dlogz:3.762>0.1]
89264it [9:34:23 bound:1250 nc:1365 ncall:8.3e+07 eff:0.1% logz-ratio=43.97+/-0.07 dlogz:3.715>0.1]
89381it [9:35:34 bound:1252 nc:1740 ncall:8.3e+07 eff:0.1% logz-ratio=43.99+/-0.07 dlogz:3.669>0.1]
89504it [9:36:47 bound:1254 nc:1057 ncall:8.4e+07 eff:0.1% logz-ratio=44.01+/-0.07 dlogz:3.622>0.1]
89629it [9:38:00 bound:1256 nc:1420 ncall:8.4e+07 eff:0.1% logz-ratio=44.03+/-0.07 dlogz:3.574>0.1]
89752it [9:39:12 bound:1258 nc:1199 ncall:8.4e+07 eff:0.1% logz-ratio=44.04+/-0.07 dlogz:3.527>0.1]
89871it [9:40:26 bound:1260 nc:962 ncall:8.4e+07 eff:0.1% logz-ratio=44.06+/-0.07 dlogz:3.482>0.1]
89992it [9:41:40 bound:1262 nc:2706 ncall:8.4e+07 eff:0.1% logz-ratio=44.08+/-0.07 dlogz:3.436>0.1]
90115it [9:42:54 bound:1264 nc:1671 ncall:8.5e+07 eff:0.1% logz-ratio=44.10+/-0.07 dlogz:3.390>0.1]
90237it [9:44:06 bound:1266 nc:1779 ncall:8.5e+07 eff:0.1% logz-ratio=44.11+/-0.07 dlogz:3.345>0.1]
90357it [9:45:20 bound:1268 nc:1237 ncall:8.5e+07 eff:0.1% logz-ratio=44.13+/-0.07 dlogz:3.301>0.1]
90475it [9:46:34 bound:1270 nc:1230 ncall:8.5e+07 eff:0.1% logz-ratio=44.15+/-0.07 dlogz:3.258>0.1]
90595it [9:47:49 bound:1272 nc:1197 ncall:8.5e+07 eff:0.1% logz-ratio=44.16+/-0.07 dlogz:3.214>0.1]
90718it [9:49:03 bound:1274 nc:2097 ncall:8.6e+07 eff:0.1% logz-ratio=44.18+/-0.07 dlogz:3.170>0.1]
90838it [9:50:15 bound:1276 nc:1065 ncall:8.6e+07 eff:0.1% logz-ratio=44.19+/-0.07 dlogz:3.127>0.1]
90955it [9:51:28 bound:1278 nc:1560 ncall:8.6e+07 eff:0.1% logz-ratio=44.21+/-0.07 dlogz:3.444>0.1]
91073it [9:52:41 bound:1280 nc:1993 ncall:8.6e+07 eff:0.1% logz-ratio=44.22+/-0.07 dlogz:3.401>0.1]
91199it [9:53:57 bound:1282 nc:1447 ncall:8.6e+07 eff:0.1% logz-ratio=44.24+/-0.07 dlogz:3.356>0.1]
91318it [9:55:13 bound:1284 nc:1926 ncall:8.7e+07 eff:0.1% logz-ratio=44.25+/-0.07 dlogz:3.314>0.1]
91444it [9:56:26 bound:1286 nc:1844 ncall:8.7e+07 eff:0.1% logz-ratio=44.27+/-0.07 dlogz:3.270>0.1]
91564it [9:57:41 bound:1288 nc:1022 ncall:8.7e+07 eff:0.1% logz-ratio=44.28+/-0.07 dlogz:3.228>0.1]
91682it [9:58:58 bound:1290 nc:4214 ncall:8.7e+07 eff:0.1% logz-ratio=44.30+/-0.07 dlogz:3.188>0.1]
91802it [10:00:15 bound:1292 nc:2256 ncall:8.7e+07 eff:0.1% logz-ratio=44.31+/-0.07 dlogz:3.146>0.1]
91920it [10:01:30 bound:1294 nc:1047 ncall:8.8e+07 eff:0.1% logz-ratio=44.32+/-0.07 dlogz:3.106>0.1]
92042it [10:02:45 bound:1296 nc:1644 ncall:8.8e+07 eff:0.1% logz-ratio=44.34+/-0.07 dlogz:3.065>0.1]
92156it [10:03:59 bound:1298 nc:908 ncall:8.8e+07 eff:0.1% logz-ratio=44.35+/-0.07 dlogz:3.027>0.1]
92280it [10:05:15 bound:1300 nc:1058 ncall:8.8e+07 eff:0.1% logz-ratio=44.36+/-0.07 dlogz:2.985>0.1]
92396it [10:06:32 bound:1302 nc:2037 ncall:8.8e+07 eff:0.1% logz-ratio=44.37+/-0.07 dlogz:2.947>0.1]
92470it [10:08:36 bound:1303 nc:2040 ncall:8.9e+07 eff:0.1% logz-ratio=44.38+/-0.07 dlogz:2.922>0.1]
92573it [10:09:53 bound:1305 nc:1964 ncall:8.9e+07 eff:0.1% logz-ratio=44.39+/-0.07 dlogz:2.888>0.1]
92696it [10:11:09 bound:1307 nc:1724 ncall:8.9e+07 eff:0.1% logz-ratio=44.41+/-0.07 dlogz:2.848>0.1]
92815it [10:12:28 bound:1309 nc:1604 ncall:8.9e+07 eff:0.1% logz-ratio=44.42+/-0.07 dlogz:2.810>0.1]
92933it [10:13:43 bound:1311 nc:1452 ncall:8.9e+07 eff:0.1% logz-ratio=44.43+/-0.07 dlogz:2.772>0.1]
93047it [10:15:02 bound:1313 nc:2096 ncall:9.0e+07 eff:0.1% logz-ratio=44.44+/-0.07 dlogz:2.736>0.1]
93168it [10:16:17 bound:1315 nc:1615 ncall:9.0e+07 eff:0.1% logz-ratio=44.45+/-0.07 dlogz:2.697>0.1]
93291it [10:17:32 bound:1317 nc:1038 ncall:9.0e+07 eff:0.1% logz-ratio=44.46+/-0.07 dlogz:2.659>0.1]
93411it [10:18:53 bound:1319 nc:1570 ncall:9.0e+07 eff:0.1% logz-ratio=44.47+/-0.07 dlogz:2.621>0.1]
93529it [10:20:09 bound:1321 nc:1547 ncall:9.0e+07 eff:0.1% logz-ratio=44.48+/-0.07 dlogz:2.585>0.1]
93650it [10:21:27 bound:1323 nc:1304 ncall:9.1e+07 eff:0.1% logz-ratio=44.50+/-0.07 dlogz:2.547>0.1]
93771it [10:22:45 bound:1325 nc:2169 ncall:9.1e+07 eff:0.1% logz-ratio=44.51+/-0.07 dlogz:2.510>0.1]
93888it [10:24:01 bound:1327 nc:1545 ncall:9.1e+07 eff:0.1% logz-ratio=44.52+/-0.07 dlogz:2.475>0.1]
94013it [10:25:19 bound:1329 nc:1221 ncall:9.1e+07 eff:0.1% logz-ratio=44.53+/-0.07 dlogz:2.437>0.1]
94133it [10:26:37 bound:1331 nc:1399 ncall:9.2e+07 eff:0.1% logz-ratio=44.54+/-0.07 dlogz:2.402>0.1]
94249it [10:27:56 bound:1333 nc:1880 ncall:9.2e+07 eff:0.1% logz-ratio=44.55+/-0.07 dlogz:2.367>0.1]
94361it [10:29:17 bound:1335 nc:1244 ncall:9.2e+07 eff:0.1% logz-ratio=44.56+/-0.07 dlogz:2.334>0.1]
94478it [10:30:36 bound:1337 nc:2288 ncall:9.2e+07 eff:0.1% logz-ratio=44.56+/-0.07 dlogz:2.300>0.1]
94598it [10:31:57 bound:1339 nc:728 ncall:9.2e+07 eff:0.1% logz-ratio=44.57+/-0.07 dlogz:2.265>0.1]
94712it [10:33:16 bound:1341 nc:1287 ncall:9.3e+07 eff:0.1% logz-ratio=44.58+/-0.07 dlogz:2.233>0.1]
94830it [10:34:34 bound:1343 nc:3432 ncall:9.3e+07 eff:0.1% logz-ratio=44.59+/-0.07 dlogz:2.199>0.1]
94946it [10:35:53 bound:1345 nc:2030 ncall:9.3e+07 eff:0.1% logz-ratio=44.60+/-0.07 dlogz:2.166>0.1]
95068it [10:37:12 bound:1347 nc:1135 ncall:9.3e+07 eff:0.1% logz-ratio=44.61+/-0.07 dlogz:2.132>0.1]
95189it [10:38:34 bound:1349 nc:1714 ncall:9.4e+07 eff:0.1% logz-ratio=44.62+/-0.07 dlogz:2.099>0.1]
95308it [10:39:54 bound:1351 nc:1862 ncall:9.4e+07 eff:0.1% logz-ratio=44.63+/-0.07 dlogz:2.066>0.1]
95427it [10:41:14 bound:1353 nc:3359 ncall:9.4e+07 eff:0.1% logz-ratio=44.63+/-0.07 dlogz:2.033>0.1]
95547it [10:42:34 bound:1355 nc:1495 ncall:9.4e+07 eff:0.1% logz-ratio=44.64+/-0.07 dlogz:2.001>0.1]
95666it [10:43:56 bound:1357 nc:1919 ncall:9.4e+07 eff:0.1% logz-ratio=44.65+/-0.07 dlogz:1.969>0.1]
95787it [10:45:19 bound:1359 nc:1565 ncall:9.5e+07 eff:0.1% logz-ratio=44.66+/-0.07 dlogz:1.936>0.1]
95908it [10:46:40 bound:1361 nc:2178 ncall:9.5e+07 eff:0.1% logz-ratio=44.67+/-0.07 dlogz:1.905>0.1]
96028it [10:48:01 bound:1363 nc:2020 ncall:9.5e+07 eff:0.1% logz-ratio=44.67+/-0.07 dlogz:1.873>0.1]
96149it [10:49:24 bound:1365 nc:1721 ncall:9.5e+07 eff:0.1% logz-ratio=44.68+/-0.07 dlogz:1.842>0.1]
96271it [10:50:45 bound:1367 nc:4304 ncall:9.6e+07 eff:0.1% logz-ratio=44.69+/-0.07 dlogz:1.811>0.1]
96389it [10:52:07 bound:1369 nc:2205 ncall:9.6e+07 eff:0.1% logz-ratio=44.70+/-0.07 dlogz:1.781>0.1]
96510it [10:53:29 bound:1371 nc:1931 ncall:9.6e+07 eff:0.1% logz-ratio=44.70+/-0.07 dlogz:1.994>0.1]
96632it [10:54:51 bound:1373 nc:2771 ncall:9.6e+07 eff:0.1% logz-ratio=44.71+/-0.07 dlogz:1.962>0.1]
96745it [10:56:17 bound:1375 nc:1879 ncall:9.7e+07 eff:0.1% logz-ratio=44.72+/-0.07 dlogz:1.933>0.1]
96867it [10:57:40 bound:1377 nc:1636 ncall:9.7e+07 eff:0.1% logz-ratio=44.72+/-0.07 dlogz:1.901>0.1]
96991it [10:59:05 bound:1379 nc:3124 ncall:9.7e+07 eff:0.1% logz-ratio=44.73+/-0.07 dlogz:1.870>0.1]
97107it [11:00:29 bound:1381 nc:3896 ncall:9.7e+07 eff:0.1% logz-ratio=44.74+/-0.07 dlogz:1.840>0.1]
97224it [11:01:54 bound:1383 nc:1905 ncall:9.7e+07 eff:0.1% logz-ratio=44.74+/-0.07 dlogz:1.811>0.1]
97343it [11:03:19 bound:1385 nc:2348 ncall:9.8e+07 eff:0.1% logz-ratio=44.75+/-0.07 dlogz:1.782>0.1]
97461it [11:04:46 bound:1387 nc:2258 ncall:9.8e+07 eff:0.1% logz-ratio=44.76+/-0.07 dlogz:1.753>0.1]
97580it [11:06:12 bound:1389 nc:2100 ncall:9.8e+07 eff:0.1% logz-ratio=44.76+/-0.07 dlogz:1.724>0.1]
97701it [11:07:39 bound:1391 nc:1865 ncall:9.8e+07 eff:0.1% logz-ratio=44.77+/-0.07 dlogz:1.694>0.1]
97767it [11:09:54 bound:1392 nc:2035 ncall:9.9e+07 eff:0.1% logz-ratio=44.77+/-0.07 dlogz:1.879>0.1]
97885it [11:11:23 bound:1394 nc:3750 ncall:9.9e+07 eff:0.1% logz-ratio=44.78+/-0.07 dlogz:1.850>0.1]
98004it [11:12:51 bound:1396 nc:2256 ncall:9.9e+07 eff:0.1% logz-ratio=44.78+/-0.07 dlogz:1.821>0.1]
98127it [11:14:21 bound:1398 nc:1700 ncall:9.9e+07 eff:0.1% logz-ratio=44.79+/-0.07 dlogz:1.791>0.1]
98248it [11:15:52 bound:1400 nc:2147 ncall:1.0e+08 eff:0.1% logz-ratio=44.80+/-0.07 dlogz:1.762>0.1]
98363it [11:17:25 bound:1402 nc:2149 ncall:1.0e+08 eff:0.1% logz-ratio=44.80+/-0.07 dlogz:1.734>0.1]
98483it [11:18:58 bound:1404 nc:4163 ncall:1.0e+08 eff:0.1% logz-ratio=44.81+/-0.07 dlogz:1.706>0.1]
98605it [11:20:29 bound:1406 nc:1591 ncall:1.0e+08 eff:0.1% logz-ratio=44.81+/-0.07 dlogz:1.677>0.1]
98725it [11:22:02 bound:1408 nc:2394 ncall:1.0e+08 eff:0.1% logz-ratio=44.82+/-0.07 dlogz:1.649>0.1]
98845it [11:23:36 bound:1410 nc:2274 ncall:1.0e+08 eff:0.1% logz-ratio=44.82+/-0.07 dlogz:1.621>0.1]
98963it [11:25:09 bound:1412 nc:3628 ncall:1.0e+08 eff:0.1% logz-ratio=44.83+/-0.07 dlogz:1.594>0.1]
99083it [11:26:41 bound:1414 nc:4265 ncall:1.0e+08 eff:0.1% logz-ratio=44.83+/-0.07 dlogz:1.567>0.1]
99204it [11:28:14 bound:1416 nc:2407 ncall:1.0e+08 eff:0.1% logz-ratio=44.84+/-0.07 dlogz:1.540>0.1]
99319it [11:29:48 bound:1418 nc:2106 ncall:1.0e+08 eff:0.1% logz-ratio=44.84+/-0.07 dlogz:1.514>0.1]
99431it [11:31:24 bound:1420 nc:1786 ncall:1.0e+08 eff:0.1% logz-ratio=44.85+/-0.07 dlogz:1.489>0.1]
99552it [11:32:58 bound:1422 nc:2621 ncall:1.0e+08 eff:0.1% logz-ratio=44.85+/-0.07 dlogz:1.463>0.1]
99671it [11:34:32 bound:1424 nc:1532 ncall:1.0e+08 eff:0.1% logz-ratio=44.86+/-0.07 dlogz:1.437>0.1]
99791it [11:36:07 bound:1426 nc:2186 ncall:1.0e+08 eff:0.1% logz-ratio=44.86+/-0.07 dlogz:1.411>0.1]
99909it [11:37:42 bound:1428 nc:2424 ncall:1.0e+08 eff:0.1% logz-ratio=44.86+/-0.07 dlogz:1.386>0.1]
100029it [11:39:18 bound:1430 nc:2521 ncall:1.0e+08 eff:0.1% logz-ratio=44.87+/-0.07 dlogz:1.361>0.1]
100144it [11:40:56 bound:1432 nc:1435 ncall:1.0e+08 eff:0.1% logz-ratio=44.87+/-0.07 dlogz:1.337>0.1]
100264it [11:42:32 bound:1434 nc:2824 ncall:1.0e+08 eff:0.1% logz-ratio=44.88+/-0.07 dlogz:1.312>0.1]
100384it [11:44:11 bound:1436 nc:2567 ncall:1.0e+08 eff:0.1% logz-ratio=44.88+/-0.07 dlogz:1.351>0.1]
100503it [11:45:49 bound:1438 nc:5248 ncall:1.0e+08 eff:0.1% logz-ratio=44.89+/-0.07 dlogz:1.326>0.1]
100623it [11:47:28 bound:1440 nc:2270 ncall:1.1e+08 eff:0.1% logz-ratio=44.89+/-0.07 dlogz:1.302>0.1]
100744it [11:49:04 bound:1442 nc:2299 ncall:1.1e+08 eff:0.1% logz-ratio=44.89+/-0.07 dlogz:1.277>0.1]
100856it [11:50:41 bound:1444 nc:2503 ncall:1.1e+08 eff:0.1% logz-ratio=44.90+/-0.07 dlogz:1.255>0.1]
100974it [11:52:19 bound:1446 nc:2100 ncall:1.1e+08 eff:0.1% logz-ratio=44.90+/-0.07 dlogz:1.232>0.1]
101086it [11:53:58 bound:1448 nc:1999 ncall:1.1e+08 eff:0.1% logz-ratio=44.91+/-0.07 dlogz:1.210>0.1]
101210it [11:55:36 bound:1450 nc:2587 ncall:1.1e+08 eff:0.1% logz-ratio=44.91+/-0.07 dlogz:1.186>0.1]
101327it [11:57:14 bound:1452 nc:1575 ncall:1.1e+08 eff:0.1% logz-ratio=44.91+/-0.07 dlogz:1.164>0.1]
101441it [11:58:54 bound:1454 nc:2764 ncall:1.1e+08 eff:0.1% logz-ratio=44.92+/-0.07 dlogz:1.142>0.1]
101558it [12:00:32 bound:1456 nc:4062 ncall:1.1e+08 eff:0.1% logz-ratio=44.92+/-0.07 dlogz:1.120>0.1]
101674it [12:02:12 bound:1458 nc:1848 ncall:1.1e+08 eff:0.1% logz-ratio=44.92+/-0.07 dlogz:1.099>0.1]
101794it [12:03:53 bound:1460 nc:1819 ncall:1.1e+08 eff:0.1% logz-ratio=44.93+/-0.07 dlogz:1.213>0.1]
101913it [12:05:35 bound:1462 nc:3047 ncall:1.1e+08 eff:0.1% logz-ratio=44.93+/-0.07 dlogz:1.190>0.1]
102025it [12:07:13 bound:1464 nc:2743 ncall:1.1e+08 eff:0.1% logz-ratio=44.93+/-0.07 dlogz:1.169>0.1]
102147it [12:08:52 bound:1466 nc:2802 ncall:1.1e+08 eff:0.1% logz-ratio=44.94+/-0.07 dlogz:1.146>0.1]
102211it [12:11:16 bound:1467 nc:1720 ncall:1.1e+08 eff:0.1% logz-ratio=44.94+/-0.07 dlogz:1.134>0.1]
102330it [12:12:55 bound:1469 nc:2231 ncall:1.1e+08 eff:0.1% logz-ratio=44.94+/-0.07 dlogz:1.113>0.1]
102448it [12:14:33 bound:1471 nc:2289 ncall:1.1e+08 eff:0.1% logz-ratio=44.95+/-0.07 dlogz:1.091>0.1]
102559it [12:16:15 bound:1473 nc:1608 ncall:1.1e+08 eff:0.1% logz-ratio=44.95+/-0.07 dlogz:1.071>0.1]
102677it [12:17:54 bound:1475 nc:2563 ncall:1.1e+08 eff:0.1% logz-ratio=44.95+/-0.07 dlogz:1.050>0.1]
102794it [12:19:35 bound:1477 nc:2282 ncall:1.1e+08 eff:0.1% logz-ratio=44.96+/-0.07 dlogz:1.030>0.1]
102912it [12:21:16 bound:1479 nc:4985 ncall:1.1e+08 eff:0.1% logz-ratio=44.96+/-0.07 dlogz:1.010>0.1]
103031it [12:22:58 bound:1481 nc:1564 ncall:1.1e+08 eff:0.1% logz-ratio=44.96+/-0.07 dlogz:0.989>0.1]
103145it [12:24:41 bound:1483 nc:2837 ncall:1.1e+08 eff:0.1% logz-ratio=44.96+/-0.07 dlogz:0.970>0.1]
103264it [12:26:22 bound:1485 nc:1444 ncall:1.1e+08 eff:0.1% logz-ratio=44.97+/-0.07 dlogz:0.972>0.1]
103379it [12:28:05 bound:1487 nc:2254 ncall:1.1e+08 eff:0.1% logz-ratio=44.97+/-0.07 dlogz:0.953>0.1]
103492it [12:29:48 bound:1489 nc:8047 ncall:1.1e+08 eff:0.1% logz-ratio=44.97+/-0.07 dlogz:0.934>0.1]
103605it [12:31:30 bound:1491 nc:2100 ncall:1.1e+08 eff:0.1% logz-ratio=44.98+/-0.07 dlogz:0.916>0.1]
103724it [12:33:14 bound:1493 nc:2886 ncall:1.1e+08 eff:0.1% logz-ratio=44.98+/-0.07 dlogz:0.897>0.1]
103841it [12:34:54 bound:1495 nc:2638 ncall:1.1e+08 eff:0.1% logz-ratio=44.98+/-0.07 dlogz:0.879>0.1]
103960it [12:36:38 bound:1497 nc:2391 ncall:1.1e+08 eff:0.1% logz-ratio=44.98+/-0.07 dlogz:0.860>0.1]
104073it [12:38:23 bound:1499 nc:1692 ncall:1.1e+08 eff:0.1% logz-ratio=44.99+/-0.07 dlogz:0.843>0.1]
104193it [12:40:08 bound:1501 nc:2432 ncall:1.1e+08 eff:0.1% logz-ratio=44.99+/-0.07 dlogz:0.825>0.1]
104313it [12:41:53 bound:1503 nc:2196 ncall:1.1e+08 eff:0.1% logz-ratio=44.99+/-0.07 dlogz:0.807>0.1]
104421it [12:43:36 bound:1505 nc:2598 ncall:1.1e+08 eff:0.1% logz-ratio=44.99+/-0.07 dlogz:0.791>0.1]
104540it [12:45:20 bound:1507 nc:2769 ncall:1.2e+08 eff:0.1% logz-ratio=45.00+/-0.07 dlogz:0.774>0.1]
104656it [12:47:03 bound:1509 nc:2718 ncall:1.2e+08 eff:0.1% logz-ratio=45.00+/-0.07 dlogz:0.758>0.1]
104769it [12:48:47 bound:1511 nc:2018 ncall:1.2e+08 eff:0.1% logz-ratio=45.00+/-0.07 dlogz:0.742>0.1]
104888it [12:50:30 bound:1513 nc:1851 ncall:1.2e+08 eff:0.1% logz-ratio=45.00+/-0.07 dlogz:0.726>0.1]
105006it [12:52:16 bound:1515 nc:3550 ncall:1.2e+08 eff:0.1% logz-ratio=45.01+/-0.07 dlogz:0.710>0.1]
105124it [12:54:00 bound:1517 nc:1855 ncall:1.2e+08 eff:0.1% logz-ratio=45.01+/-0.07 dlogz:0.694>0.1]
105238it [12:55:43 bound:1519 nc:5536 ncall:1.2e+08 eff:0.1% logz-ratio=45.01+/-0.07 dlogz:0.679>0.1]
105350it [12:57:28 bound:1521 nc:2749 ncall:1.2e+08 eff:0.1% logz-ratio=45.01+/-0.07 dlogz:0.665>0.1]
105468it [12:59:13 bound:1523 nc:2448 ncall:1.2e+08 eff:0.1% logz-ratio=45.01+/-0.07 dlogz:0.650>0.1]
105583it [13:00:55 bound:1525 nc:3680 ncall:1.2e+08 eff:0.1% logz-ratio=45.02+/-0.07 dlogz:0.635>0.1]
105698it [13:02:42 bound:1527 nc:3330 ncall:1.2e+08 eff:0.1% logz-ratio=45.02+/-0.07 dlogz:0.621>0.1]
105804it [13:04:26 bound:1529 nc:2625 ncall:1.2e+08 eff:0.1% logz-ratio=45.02+/-0.07 dlogz:0.609>0.1]
105923it [13:06:10 bound:1531 nc:2706 ncall:1.2e+08 eff:0.1% logz-ratio=45.02+/-0.07 dlogz:0.594>0.1]
106043it [13:07:57 bound:1533 nc:4659 ncall:1.2e+08 eff:0.1% logz-ratio=45.03+/-0.07 dlogz:0.580>0.1]
106157it [13:09:46 bound:1535 nc:2899 ncall:1.2e+08 eff:0.1% logz-ratio=45.03+/-0.07 dlogz:0.567>0.1]
106224it [13:12:17 bound:1536 nc:1421 ncall:1.2e+08 eff:0.1% logz-ratio=45.03+/-0.07 dlogz:0.560>0.1]
106336it [13:14:03 bound:1538 nc:2768 ncall:1.2e+08 eff:0.1% logz-ratio=45.03+/-0.07 dlogz:0.548>0.1]
106456it [13:15:48 bound:1540 nc:2502 ncall:1.2e+08 eff:0.1% logz-ratio=45.03+/-0.07 dlogz:0.534>0.1]
106570it [13:17:37 bound:1542 nc:2491 ncall:1.2e+08 eff:0.1% logz-ratio=45.03+/-0.07 dlogz:0.522>0.1]
106686it [13:19:23 bound:1544 nc:2256 ncall:1.2e+08 eff:0.1% logz-ratio=45.04+/-0.07 dlogz:0.510>0.1]
106805it [13:21:09 bound:1546 nc:2322 ncall:1.2e+08 eff:0.1% logz-ratio=45.04+/-0.07 dlogz:0.498>0.1]
106922it [13:22:55 bound:1548 nc:2115 ncall:1.2e+08 eff:0.1% logz-ratio=45.04+/-0.07 dlogz:0.486>0.1]
107036it [13:24:40 bound:1550 nc:1819 ncall:1.2e+08 eff:0.1% logz-ratio=45.04+/-0.07 dlogz:0.475>0.1]
107153it [13:26:28 bound:1552 nc:1990 ncall:1.2e+08 eff:0.1% logz-ratio=45.04+/-0.07 dlogz:0.463>0.1]
107270it [13:28:12 bound:1554 nc:1974 ncall:1.2e+08 eff:0.1% logz-ratio=45.04+/-0.07 dlogz:0.452>0.1]
107386it [13:29:57 bound:1556 nc:2301 ncall:1.2e+08 eff:0.1% logz-ratio=45.05+/-0.07 dlogz:0.441>0.1]
107498it [13:31:44 bound:1558 nc:2474 ncall:1.2e+08 eff:0.1% logz-ratio=45.05+/-0.07 dlogz:0.431>0.1]
107607it [13:33:32 bound:1560 nc:2506 ncall:1.2e+08 eff:0.1% logz-ratio=45.05+/-0.07 dlogz:0.421>0.1]
107721it [13:35:19 bound:1562 nc:1856 ncall:1.2e+08 eff:0.1% logz-ratio=45.05+/-0.07 dlogz:0.411>0.1]
107836it [13:37:02 bound:1564 nc:2149 ncall:1.2e+08 eff:0.1% logz-ratio=45.05+/-0.07 dlogz:0.402>0.1]
107941it [13:38:49 bound:1566 nc:4663 ncall:1.2e+08 eff:0.1% logz-ratio=45.05+/-0.07 dlogz:0.393>0.1]
108054it [13:40:34 bound:1568 nc:2768 ncall:1.2e+08 eff:0.1% logz-ratio=45.06+/-0.07 dlogz:0.383>0.1]
108167it [13:42:23 bound:1570 nc:2450 ncall:1.2e+08 eff:0.1% logz-ratio=45.06+/-0.07 dlogz:0.374>0.1]
108280it [13:44:10 bound:1572 nc:2798 ncall:1.3e+08 eff:0.1% logz-ratio=45.06+/-0.07 dlogz:0.365>0.1]
108396it [13:45:59 bound:1574 nc:2377 ncall:1.3e+08 eff:0.1% logz-ratio=45.06+/-0.07 dlogz:0.356>0.1]
108514it [13:47:47 bound:1576 nc:2562 ncall:1.3e+08 eff:0.1% logz-ratio=45.06+/-0.07 dlogz:0.347>0.1]
108626it [13:49:34 bound:1578 nc:3015 ncall:1.3e+08 eff:0.1% logz-ratio=45.06+/-0.07 dlogz:0.339>0.1]
108747it [13:51:23 bound:1580 nc:2989 ncall:1.3e+08 eff:0.1% logz-ratio=45.06+/-0.07 dlogz:0.330>0.1]
108862it [13:53:13 bound:1582 nc:2936 ncall:1.3e+08 eff:0.1% logz-ratio=45.07+/-0.07 dlogz:0.322>0.1]
108973it [13:54:59 bound:1584 nc:4802 ncall:1.3e+08 eff:0.1% logz-ratio=45.07+/-0.07 dlogz:0.314>0.1]
109091it [13:56:47 bound:1586 nc:2748 ncall:1.3e+08 eff:0.1% logz-ratio=45.07+/-0.07 dlogz:0.306>0.1]
109207it [13:58:35 bound:1588 nc:2002 ncall:1.3e+08 eff:0.1% logz-ratio=45.07+/-0.07 dlogz:0.298>0.1]
109320it [14:00:23 bound:1590 nc:4610 ncall:1.3e+08 eff:0.1% logz-ratio=45.07+/-0.07 dlogz:0.291>0.1]
109430it [14:02:11 bound:1592 nc:3413 ncall:1.3e+08 eff:0.1% logz-ratio=45.07+/-0.07 dlogz:0.284>0.1]
109544it [14:04:01 bound:1594 nc:2610 ncall:1.3e+08 eff:0.1% logz-ratio=45.07+/-0.07 dlogz:0.277>0.1]
109658it [14:05:48 bound:1596 nc:2736 ncall:1.3e+08 eff:0.1% logz-ratio=45.07+/-0.07 dlogz:0.271>0.1]
109773it [14:07:37 bound:1598 nc:3892 ncall:1.3e+08 eff:0.1% logz-ratio=45.08+/-0.07 dlogz:0.264>0.1]
109890it [14:09:29 bound:1600 nc:2687 ncall:1.3e+08 eff:0.1% logz-ratio=45.08+/-0.07 dlogz:0.257>0.1]
110007it [14:11:17 bound:1602 nc:2186 ncall:1.3e+08 eff:0.1% logz-ratio=45.08+/-0.07 dlogz:0.251>0.1]
110065it [14:13:53 bound:1603 nc:3124 ncall:1.3e+08 eff:0.1% logz-ratio=45.08+/-0.07 dlogz:0.247>0.1]
110180it [14:15:39 bound:1605 nc:9130 ncall:1.3e+08 eff:0.1% logz-ratio=45.08+/-0.07 dlogz:0.241>0.1]
110292it [14:17:27 bound:1607 nc:4809 ncall:1.3e+08 eff:0.1% logz-ratio=45.08+/-0.07 dlogz:0.235>0.1]
110410it [14:19:16 bound:1609 nc:2761 ncall:1.3e+08 eff:0.1% logz-ratio=45.08+/-0.07 dlogz:0.236>0.1]
110529it [14:21:05 bound:1611 nc:7291 ncall:1.3e+08 eff:0.1% logz-ratio=45.08+/-0.07 dlogz:0.229>0.1]
110649it [14:22:57 bound:1613 nc:6501 ncall:1.3e+08 eff:0.1% logz-ratio=45.08+/-0.07 dlogz:0.223>0.1]
110763it [14:24:47 bound:1615 nc:3214 ncall:1.3e+08 eff:0.1% logz-ratio=45.09+/-0.07 dlogz:0.217>0.1]
110874it [14:26:37 bound:1617 nc:3045 ncall:1.3e+08 eff:0.1% logz-ratio=45.09+/-0.07 dlogz:0.212>0.1]
110988it [14:28:27 bound:1619 nc:2685 ncall:1.3e+08 eff:0.1% logz-ratio=45.09+/-0.07 dlogz:0.207>0.1]
111106it [14:30:16 bound:1621 nc:2372 ncall:1.3e+08 eff:0.1% logz-ratio=45.09+/-0.07 dlogz:0.201>0.1]
111220it [14:32:04 bound:1623 nc:2661 ncall:1.3e+08 eff:0.1% logz-ratio=45.09+/-0.07 dlogz:0.196>0.1]
111340it [14:33:54 bound:1625 nc:2649 ncall:1.3e+08 eff:0.1% logz-ratio=45.09+/-0.07 dlogz:0.191>0.1]
111458it [14:35:42 bound:1627 nc:2728 ncall:1.3e+08 eff:0.1% logz-ratio=45.09+/-0.07 dlogz:0.185>0.1]
111573it [14:37:27 bound:1629 nc:3268 ncall:1.3e+08 eff:0.1% logz-ratio=45.09+/-0.07 dlogz:0.181>0.1]
111689it [14:39:18 bound:1631 nc:2226 ncall:1.3e+08 eff:0.1% logz-ratio=45.09+/-0.07 dlogz:0.247>0.1]
111803it [14:41:11 bound:1633 nc:2609 ncall:1.3e+08 eff:0.1% logz-ratio=45.09+/-0.07 dlogz:0.240>0.1]
111916it [14:43:00 bound:1635 nc:2536 ncall:1.4e+08 eff:0.1% logz-ratio=45.10+/-0.07 dlogz:0.234>0.1]
112028it [14:44:49 bound:1637 nc:1628 ncall:1.4e+08 eff:0.1% logz-ratio=45.10+/-0.07 dlogz:0.229>0.1]
112146it [14:46:39 bound:1639 nc:3152 ncall:1.4e+08 eff:0.1% logz-ratio=45.10+/-0.07 dlogz:0.223>0.1]
112260it [14:48:31 bound:1641 nc:2765 ncall:1.4e+08 eff:0.1% logz-ratio=45.10+/-0.07 dlogz:0.217>0.1]
112378it [14:50:20 bound:1643 nc:2331 ncall:1.4e+08 eff:0.1% logz-ratio=45.10+/-0.07 dlogz:0.211>0.1]
112500it [14:52:11 bound:1645 nc:2756 ncall:1.4e+08 eff:0.1% logz-ratio=45.10+/-0.07 dlogz:0.205>0.1]
112609it [14:54:00 bound:1647 nc:1917 ncall:1.4e+08 eff:0.1% logz-ratio=45.10+/-0.07 dlogz:0.200>0.1]
112721it [14:55:52 bound:1649 nc:1627 ncall:1.4e+08 eff:0.1% logz-ratio=45.10+/-0.07 dlogz:0.195>0.1]
112838it [14:57:42 bound:1651 nc:2591 ncall:1.4e+08 eff:0.1% logz-ratio=45.10+/-0.07 dlogz:0.190>0.1]
112949it [14:59:28 bound:1653 nc:2242 ncall:1.4e+08 eff:0.1% logz-ratio=45.10+/-0.07 dlogz:0.185>0.1]
113069it [15:01:18 bound:1655 nc:3366 ncall:1.4e+08 eff:0.1% logz-ratio=45.10+/-0.07 dlogz:0.180>0.1]
113184it [15:03:06 bound:1657 nc:4535 ncall:1.4e+08 eff:0.1% logz-ratio=45.10+/-0.07 dlogz:0.176>0.1]
113298it [15:04:56 bound:1659 nc:3035 ncall:1.4e+08 eff:0.1% logz-ratio=45.11+/-0.07 dlogz:0.171>0.1]
113416it [15:06:47 bound:1661 nc:2669 ncall:1.4e+08 eff:0.1% logz-ratio=45.11+/-0.07 dlogz:0.167>0.1]
113535it [15:08:38 bound:1663 nc:2395 ncall:1.4e+08 eff:0.1% logz-ratio=45.11+/-0.07 dlogz:0.162>0.1]
113649it [15:10:26 bound:1665 nc:1825 ncall:1.4e+08 eff:0.1% logz-ratio=45.11+/-0.07 dlogz:0.158>0.1]
113767it [15:12:14 bound:1667 nc:1891 ncall:1.4e+08 eff:0.1% logz-ratio=45.11+/-0.07 dlogz:0.154>0.1]
113834it [15:14:53 bound:1668 nc:1826 ncall:1.4e+08 eff:0.1% logz-ratio=45.11+/-0.07 dlogz:0.151>0.1]
113939it [15:16:39 bound:1670 nc:2036 ncall:1.4e+08 eff:0.1% logz-ratio=45.11+/-0.07 dlogz:0.148>0.1]
114055it [15:18:27 bound:1672 nc:2733 ncall:1.4e+08 eff:0.1% logz-ratio=45.11+/-0.07 dlogz:0.144>0.1]
114171it [15:20:15 bound:1674 nc:2423 ncall:1.4e+08 eff:0.1% logz-ratio=45.11+/-0.07 dlogz:0.140>0.1]
114289it [15:22:02 bound:1676 nc:2169 ncall:1.4e+08 eff:0.1% logz-ratio=45.11+/-0.07 dlogz:0.136>0.1]
114403it [15:23:50 bound:1678 nc:2283 ncall:1.4e+08 eff:0.1% logz-ratio=45.11+/-0.07 dlogz:0.132>0.1]
114512it [15:25:38 bound:1680 nc:2701 ncall:1.4e+08 eff:0.1% logz-ratio=45.11+/-0.07 dlogz:0.129>0.1]
114625it [15:27:27 bound:1682 nc:2209 ncall:1.4e+08 eff:0.1% logz-ratio=45.11+/-0.07 dlogz:0.126>0.1]
114735it [15:29:15 bound:1684 nc:3347 ncall:1.4e+08 eff:0.1% logz-ratio=45.11+/-0.07 dlogz:0.123>0.1]
114851it [15:31:05 bound:1686 nc:3259 ncall:1.4e+08 eff:0.1% logz-ratio=45.11+/-0.07 dlogz:0.119>0.1]
114967it [15:32:55 bound:1688 nc:5145 ncall:1.4e+08 eff:0.1% logz-ratio=45.11+/-0.07 dlogz:0.116>0.1]
115082it [15:34:44 bound:1690 nc:1513 ncall:1.4e+08 eff:0.1% logz-ratio=45.12+/-0.07 dlogz:0.113>0.1]
115198it [15:36:33 bound:1692 nc:2313 ncall:1.4e+08 eff:0.1% logz-ratio=45.12+/-0.07 dlogz:0.110>0.1]
115307it [15:38:20 bound:1694 nc:2549 ncall:1.4e+08 eff:0.1% logz-ratio=45.12+/-0.07 dlogz:0.107>0.1]
115429it [15:40:10 bound:1696 nc:4570 ncall:1.4e+08 eff:0.1% logz-ratio=45.12+/-0.07 dlogz:0.104>0.1]
115547it [15:41:59 bound:1698 nc:2286 ncall:1.5e+08 eff:0.1% logz-ratio=45.12+/-0.07 dlogz:0.101>0.1]
At this point, we cannot create a float from 0        1.939172
1        1.891234
2        1.938747
3        1.896219
4        1.896437
           ...   
19911    1.916976
19912    1.925560
19913    1.932680
19914    1.925630
19915    1.927568
Name: chirp_mass_source, Length: 19916, dtype: float64, error: cannot convert the series to <class 'float'>
At this point, we cannot create a float from 0        0.333283
1        0.306182
2        0.319280
3        0.335648
4        0.319450
           ...   
19911    0.340212
19912    0.326050
19913    0.338540
19914    0.357228
19915    0.345523
Name: mass_ratio, Length: 19916, dtype: float64, error: cannot convert the series to <class 'float'>
At this point, we cannot create a float from 0         616.198853
1        1013.825806
2         808.616699
3        1344.480713
4        1342.172729
            ...     
19911    1050.875977
19912    1267.588013
19913     864.976196
19914     897.880188
19915     838.297485
Name: lambda_2, Length: 19916, dtype: float64, error: cannot convert the series to <class 'float'>
Skipped taking the float value from [-4.33920479 -4.86047173 -4.23471355 ... -3.98097229 -4.10004568
 -3.97041368], error: only length-1 arrays can be converted to Python scalars
At this point, we cannot create a float from [1.85859704 1.85902129 1.85944555 ... 1.98460009 1.98502435
 1.9854486 ], error: only length-1 arrays can be converted to Python scalars
At this point, we cannot create a float from [0.2851215  0.28560188 0.28608227 ... 0.42779517 0.42827556
 0.42875594], error: only length-1 arrays can be converted to Python scalars
At this point, we cannot create a float from [ 381.05297852  386.23640202  391.41982553 ... 1920.52975944
 1925.71318294 1930.89660645], error: only length-1 arrays can be converted to Python scalars
Skipped taking the float value from [-13.25740051 -13.07418823 -12.8845377  ... -18.8515358
 -18.9769516  -19.09735489], error: only length-1 arrays can be converted to Python scalars
