000 (2588981.000.000) 2025-08-08 17:10:05 Job submitted from host: <145.107.7.246:9618?addrs=145.107.7.246-9618+[2a07-8500-120-e070--3f6]-9618&alias=taai-007.nikhef.nl&noUDP&sock=schedd_2614_90a7>
    DAG Node: run_m
...
001 (2588981.000.000) 2025-08-10 01:07:56 Job executing on host: <145.107.4.153:9618?addrs=145.107.4.153-9618+[2a07-8500-120-e070--99]-9618&alias=wn-knek-010.nikhef.nl&noUDP&sock=startd_1907_9f32>
	SlotName: slot1_1@wn-knek-010.nikhef.nl
	CondorScratchDir = "/scratch/condor_execute/dir_1782926"
	Cpus = 64
	Disk = 16779845
	GPUs = 0
	Memory = 16384
...
006 (2588981.000.000) 2025-08-10 01:08:10 Image size of job updated: 835248
	816  -  MemoryUsage of job (MB)
	835248  -  ResidentSetSize of job (KB)
...
006 (2588981.000.000) 2025-08-10 01:13:11 Image size of job updated: 2668384
	2606  -  MemoryUsage of job (MB)
	2668384  -  ResidentSetSize of job (KB)
...
006 (2588981.000.000) 2025-08-10 01:18:12 Image size of job updated: 2691832
	2629  -  MemoryUsage of job (MB)
	2691832  -  ResidentSetSize of job (KB)
...
006 (2588981.000.000) 2025-08-10 01:23:12 Image size of job updated: 2700808
	2638  -  MemoryUsage of job (MB)
	2700808  -  ResidentSetSize of job (KB)
...
006 (2588981.000.000) 2025-08-10 01:28:12 Image size of job updated: 2707600
	2645  -  MemoryUsage of job (MB)
	2707600  -  ResidentSetSize of job (KB)
...
006 (2588981.000.000) 2025-08-10 01:33:13 Image size of job updated: 2712284
	2649  -  MemoryUsage of job (MB)
	2712284  -  ResidentSetSize of job (KB)
...
006 (2588981.000.000) 2025-08-10 01:38:14 Image size of job updated: 2716104
	2653  -  MemoryUsage of job (MB)
	2716104  -  ResidentSetSize of job (KB)
...
006 (2588981.000.000) 2025-08-10 01:43:14 Image size of job updated: 2719228
	2656  -  MemoryUsage of job (MB)
	2719228  -  ResidentSetSize of job (KB)
...
006 (2588981.000.000) 2025-08-10 01:48:14 Image size of job updated: 2722148
	2659  -  MemoryUsage of job (MB)
	2722148  -  ResidentSetSize of job (KB)
...
006 (2588981.000.000) 2025-08-10 01:53:15 Image size of job updated: 2724472
	2661  -  MemoryUsage of job (MB)
	2724472  -  ResidentSetSize of job (KB)
...
006 (2588981.000.000) 2025-08-10 01:58:16 Image size of job updated: 2726412
	2663  -  MemoryUsage of job (MB)
	2726412  -  ResidentSetSize of job (KB)
...
006 (2588981.000.000) 2025-08-10 02:03:16 Image size of job updated: 2728244
	2665  -  MemoryUsage of job (MB)
	2728244  -  ResidentSetSize of job (KB)
...
006 (2588981.000.000) 2025-08-10 02:08:17 Image size of job updated: 2730068
	2667  -  MemoryUsage of job (MB)
	2730068  -  ResidentSetSize of job (KB)
...
006 (2588981.000.000) 2025-08-10 02:13:18 Image size of job updated: 3179108
	3105  -  MemoryUsage of job (MB)
	3179108  -  ResidentSetSize of job (KB)
...
006 (2588981.000.000) 2025-08-10 02:18:18 Image size of job updated: 3180356
	3106  -  MemoryUsage of job (MB)
	3180356  -  ResidentSetSize of job (KB)
...
006 (2588981.000.000) 2025-08-10 02:23:18 Image size of job updated: 3181528
	3107  -  MemoryUsage of job (MB)
	3181528  -  ResidentSetSize of job (KB)
...
006 (2588981.000.000) 2025-08-10 02:28:19 Image size of job updated: 3200480
	3126  -  MemoryUsage of job (MB)
	3200480  -  ResidentSetSize of job (KB)
...
006 (2588981.000.000) 2025-08-10 02:33:20 Image size of job updated: 3227416
	3152  -  MemoryUsage of job (MB)
	3227416  -  ResidentSetSize of job (KB)
...
006 (2588981.000.000) 2025-08-10 02:38:20 Image size of job updated: 3228284
	3153  -  MemoryUsage of job (MB)
	3228284  -  ResidentSetSize of job (KB)
...
006 (2588981.000.000) 2025-08-10 02:43:20 Image size of job updated: 3229228
	3154  -  MemoryUsage of job (MB)
	3229228  -  ResidentSetSize of job (KB)
...
006 (2588981.000.000) 2025-08-10 02:48:21 Image size of job updated: 3229916
	3155  -  MemoryUsage of job (MB)
	3229916  -  ResidentSetSize of job (KB)
...
006 (2588981.000.000) 2025-08-10 02:53:22 Image size of job updated: 3230644
	3155  -  MemoryUsage of job (MB)
	3230644  -  ResidentSetSize of job (KB)
...
006 (2588981.000.000) 2025-08-10 02:58:22 Image size of job updated: 3231432
	3156  -  MemoryUsage of job (MB)
	3231432  -  ResidentSetSize of job (KB)
...
006 (2588981.000.000) 2025-08-10 03:03:23 Image size of job updated: 3231984
	3157  -  MemoryUsage of job (MB)
	3231984  -  ResidentSetSize of job (KB)
...
006 (2588981.000.000) 2025-08-10 03:08:24 Image size of job updated: 3232660
	3157  -  MemoryUsage of job (MB)
	3232660  -  ResidentSetSize of job (KB)
...
006 (2588981.000.000) 2025-08-10 03:13:24 Image size of job updated: 3306692
	3230  -  MemoryUsage of job (MB)
	3306692  -  ResidentSetSize of job (KB)
...
006 (2588981.000.000) 2025-08-10 03:18:24 Image size of job updated: 3307180
	3230  -  MemoryUsage of job (MB)
	3307180  -  ResidentSetSize of job (KB)
...
006 (2588981.000.000) 2025-08-10 03:23:25 Image size of job updated: 3307768
	3231  -  MemoryUsage of job (MB)
	3307768  -  ResidentSetSize of job (KB)
...
006 (2588981.000.000) 2025-08-10 03:28:26 Image size of job updated: 3308308
	3231  -  MemoryUsage of job (MB)
	3308308  -  ResidentSetSize of job (KB)
...
006 (2588981.000.000) 2025-08-10 03:33:26 Image size of job updated: 3308716
	3232  -  MemoryUsage of job (MB)
	3308716  -  ResidentSetSize of job (KB)
...
006 (2588981.000.000) 2025-08-10 03:38:26 Image size of job updated: 3309288
	3232  -  MemoryUsage of job (MB)
	3309288  -  ResidentSetSize of job (KB)
...
006 (2588981.000.000) 2025-08-10 03:43:27 Image size of job updated: 3309808
	3233  -  MemoryUsage of job (MB)
	3309808  -  ResidentSetSize of job (KB)
...
006 (2588981.000.000) 2025-08-10 03:48:27 Image size of job updated: 3310288
	3233  -  MemoryUsage of job (MB)
	3310288  -  ResidentSetSize of job (KB)
...
006 (2588981.000.000) 2025-08-10 03:53:27 Image size of job updated: 3310680
	3234  -  MemoryUsage of job (MB)
	3310680  -  ResidentSetSize of job (KB)
...
006 (2588981.000.000) 2025-08-10 03:58:28 Image size of job updated: 3311112
	3234  -  MemoryUsage of job (MB)
	3311112  -  ResidentSetSize of job (KB)
...
006 (2588981.000.000) 2025-08-10 04:03:29 Image size of job updated: 3311484
	3234  -  MemoryUsage of job (MB)
	3311484  -  ResidentSetSize of job (KB)
...
006 (2588981.000.000) 2025-08-10 04:08:29 Image size of job updated: 3313960
	3237  -  MemoryUsage of job (MB)
	3313960  -  ResidentSetSize of job (KB)
...
006 (2588981.000.000) 2025-08-10 04:13:29 Image size of job updated: 3348632
	3271  -  MemoryUsage of job (MB)
	3348632  -  ResidentSetSize of job (KB)
...
006 (2588981.000.000) 2025-08-10 04:18:30 Image size of job updated: 3348972
	3271  -  MemoryUsage of job (MB)
	3348972  -  ResidentSetSize of job (KB)
...
006 (2588981.000.000) 2025-08-10 04:23:31 Image size of job updated: 3351348
	3273  -  MemoryUsage of job (MB)
	3351348  -  ResidentSetSize of job (KB)
...
006 (2588981.000.000) 2025-08-10 04:28:31 Image size of job updated: 3353692
	3276  -  MemoryUsage of job (MB)
	3353692  -  ResidentSetSize of job (KB)
...
006 (2588981.000.000) 2025-08-10 04:33:32 Image size of job updated: 3354020
	3276  -  MemoryUsage of job (MB)
	3354020  -  ResidentSetSize of job (KB)
...
006 (2588981.000.000) 2025-08-10 04:38:33 Image size of job updated: 3358392
	3280  -  MemoryUsage of job (MB)
	3358392  -  ResidentSetSize of job (KB)
...
006 (2588981.000.000) 2025-08-10 04:43:33 Image size of job updated: 3358680
	3280  -  MemoryUsage of job (MB)
	3358680  -  ResidentSetSize of job (KB)
...
006 (2588981.000.000) 2025-08-10 04:48:33 Image size of job updated: 3358936
	3281  -  MemoryUsage of job (MB)
	3358936  -  ResidentSetSize of job (KB)
...
006 (2588981.000.000) 2025-08-10 04:53:34 Image size of job updated: 3363240
	3285  -  MemoryUsage of job (MB)
	3363240  -  ResidentSetSize of job (KB)
...
006 (2588981.000.000) 2025-08-10 04:58:35 Image size of job updated: 3363452
	3285  -  MemoryUsage of job (MB)
	3363452  -  ResidentSetSize of job (KB)
...
006 (2588981.000.000) 2025-08-10 05:03:35 Image size of job updated: 3367816
	3289  -  MemoryUsage of job (MB)
	3367816  -  ResidentSetSize of job (KB)
...
006 (2588981.000.000) 2025-08-10 05:08:35 Image size of job updated: 3368072
	3290  -  MemoryUsage of job (MB)
	3368072  -  ResidentSetSize of job (KB)
...
006 (2588981.000.000) 2025-08-10 05:13:36 Image size of job updated: 3368304
	3290  -  MemoryUsage of job (MB)
	3368304  -  ResidentSetSize of job (KB)
...
006 (2588981.000.000) 2025-08-10 06:18:41 Image size of job updated: 3395516
	3316  -  MemoryUsage of job (MB)
	3395516  -  ResidentSetSize of job (KB)
...
006 (2588981.000.000) 2025-08-10 06:23:42 Image size of job updated: 3395828
	3317  -  MemoryUsage of job (MB)
	3395828  -  ResidentSetSize of job (KB)
...
006 (2588981.000.000) 2025-08-10 06:28:43 Image size of job updated: 3396124
	3317  -  MemoryUsage of job (MB)
	3396124  -  ResidentSetSize of job (KB)
...
006 (2588981.000.000) 2025-08-10 06:33:43 Image size of job updated: 3400376
	3321  -  MemoryUsage of job (MB)
	3400376  -  ResidentSetSize of job (KB)
...
006 (2588981.000.000) 2025-08-10 06:38:44 Image size of job updated: 3400624
	3321  -  MemoryUsage of job (MB)
	3400624  -  ResidentSetSize of job (KB)
...
006 (2588981.000.000) 2025-08-10 06:43:45 Image size of job updated: 3403940
	3325  -  MemoryUsage of job (MB)
	3403940  -  ResidentSetSize of job (KB)
...
006 (2588981.000.000) 2025-08-10 06:48:45 Image size of job updated: 3405160
	3326  -  MemoryUsage of job (MB)
	3405160  -  ResidentSetSize of job (KB)
...
006 (2588981.000.000) 2025-08-10 06:53:45 Image size of job updated: 3405416
	3326  -  MemoryUsage of job (MB)
	3405416  -  ResidentSetSize of job (KB)
...
006 (2588981.000.000) 2025-08-10 06:58:46 Image size of job updated: 3409620
	3330  -  MemoryUsage of job (MB)
	3409620  -  ResidentSetSize of job (KB)
...
006 (2588981.000.000) 2025-08-10 07:03:47 Image size of job updated: 3409804
	3330  -  MemoryUsage of job (MB)
	3409804  -  ResidentSetSize of job (KB)
...
006 (2588981.000.000) 2025-08-10 07:08:47 Image size of job updated: 3412060
	3333  -  MemoryUsage of job (MB)
	3412060  -  ResidentSetSize of job (KB)
...
006 (2588981.000.000) 2025-08-10 07:13:48 Image size of job updated: 3414252
	3335  -  MemoryUsage of job (MB)
	3414252  -  ResidentSetSize of job (KB)
...
006 (2588981.000.000) 2025-08-10 07:18:49 Image size of job updated: 3429972
	3347  -  MemoryUsage of job (MB)
	3426444  -  ResidentSetSize of job (KB)
...
006 (2588981.000.000) 2025-08-10 07:23:49 Image size of job updated: 3430612
	3351  -  MemoryUsage of job (MB)
	3430612  -  ResidentSetSize of job (KB)
...
006 (2588981.000.000) 2025-08-10 07:28:49 Image size of job updated: 3430788
	3351  -  MemoryUsage of job (MB)
	3430788  -  ResidentSetSize of job (KB)
...
006 (2588981.000.000) 2025-08-10 07:33:50 Image size of job updated: 3430952
	3351  -  MemoryUsage of job (MB)
	3430952  -  ResidentSetSize of job (KB)
...
006 (2588981.000.000) 2025-08-10 07:38:51 Image size of job updated: 3435188
	3355  -  MemoryUsage of job (MB)
	3435188  -  ResidentSetSize of job (KB)
...
006 (2588981.000.000) 2025-08-10 07:43:51 Image size of job updated: 3435348
	3355  -  MemoryUsage of job (MB)
	3435348  -  ResidentSetSize of job (KB)
...
006 (2588981.000.000) 2025-08-10 07:48:52 Image size of job updated: 3439532
	3359  -  MemoryUsage of job (MB)
	3439532  -  ResidentSetSize of job (KB)
...
006 (2588981.000.000) 2025-08-10 07:53:53 Image size of job updated: 3439752
	3360  -  MemoryUsage of job (MB)
	3439752  -  ResidentSetSize of job (KB)
...
006 (2588981.000.000) 2025-08-10 07:58:53 Image size of job updated: 3439976
	3360  -  MemoryUsage of job (MB)
	3439976  -  ResidentSetSize of job (KB)
...
006 (2588981.000.000) 2025-08-10 08:03:53 Image size of job updated: 3444116
	3364  -  MemoryUsage of job (MB)
	3444116  -  ResidentSetSize of job (KB)
...
006 (2588981.000.000) 2025-08-10 08:08:54 Image size of job updated: 3444296
	3364  -  MemoryUsage of job (MB)
	3444296  -  ResidentSetSize of job (KB)
...
006 (2588981.000.000) 2025-08-10 08:13:55 Image size of job updated: 3448516
	3368  -  MemoryUsage of job (MB)
	3448516  -  ResidentSetSize of job (KB)
...
006 (2588981.000.000) 2025-08-10 08:18:55 Image size of job updated: 3453320
	3372  -  MemoryUsage of job (MB)
	3452720  -  ResidentSetSize of job (KB)
...
006 (2588981.000.000) 2025-08-10 08:28:56 Image size of job updated: 3456128
	3376  -  MemoryUsage of job (MB)
	3456128  -  ResidentSetSize of job (KB)
...
006 (2588981.000.000) 2025-08-10 08:33:56 Image size of job updated: 3456252
	3376  -  MemoryUsage of job (MB)
	3456252  -  ResidentSetSize of job (KB)
...
006 (2588981.000.000) 2025-08-10 08:38:56 Image size of job updated: 3460432
	3380  -  MemoryUsage of job (MB)
	3460432  -  ResidentSetSize of job (KB)
...
006 (2588981.000.000) 2025-08-10 08:43:57 Image size of job updated: 3460540
	3380  -  MemoryUsage of job (MB)
	3460540  -  ResidentSetSize of job (KB)
...
006 (2588981.000.000) 2025-08-10 08:48:58 Image size of job updated: 3460660
	3380  -  MemoryUsage of job (MB)
	3460660  -  ResidentSetSize of job (KB)
...
006 (2588981.000.000) 2025-08-10 08:53:58 Image size of job updated: 3464824
	3384  -  MemoryUsage of job (MB)
	3464824  -  ResidentSetSize of job (KB)
...
006 (2588981.000.000) 2025-08-10 08:58:58 Image size of job updated: 3464968
	3384  -  MemoryUsage of job (MB)
	3464968  -  ResidentSetSize of job (KB)
...
006 (2588981.000.000) 2025-08-10 09:03:59 Image size of job updated: 3469100
	3388  -  MemoryUsage of job (MB)
	3469100  -  ResidentSetSize of job (KB)
...
006 (2588981.000.000) 2025-08-10 09:08:59 Image size of job updated: 3469228
	3388  -  MemoryUsage of job (MB)
	3469228  -  ResidentSetSize of job (KB)
...
006 (2588981.000.000) 2025-08-10 09:13:59 Image size of job updated: 3469340
	3389  -  MemoryUsage of job (MB)
	3469340  -  ResidentSetSize of job (KB)
...
006 (2588981.000.000) 2025-08-10 09:19:00 Image size of job updated: 3473452
	3389  -  MemoryUsage of job (MB)
	3469340  -  ResidentSetSize of job (KB)
...
006 (2588981.000.000) 2025-08-10 10:09:05 Image size of job updated: 3473452
	3392  -  MemoryUsage of job (MB)
	3472536  -  ResidentSetSize of job (KB)
...
006 (2588981.000.000) 2025-08-10 10:14:06 Image size of job updated: 3473452
	3392  -  MemoryUsage of job (MB)
	3472652  -  ResidentSetSize of job (KB)
...
006 (2588981.000.000) 2025-08-10 10:19:07 Image size of job updated: 3473452
	3392  -  MemoryUsage of job (MB)
	3473056  -  ResidentSetSize of job (KB)
...
006 (2588981.000.000) 2025-08-10 10:24:07 Image size of job updated: 3522512
	3440  -  MemoryUsage of job (MB)
	3522512  -  ResidentSetSize of job (KB)
...
006 (2588981.000.000) 2025-08-10 10:29:07 Image size of job updated: 3522644
	3441  -  MemoryUsage of job (MB)
	3522644  -  ResidentSetSize of job (KB)
...
006 (2588981.000.000) 2025-08-10 10:34:08 Image size of job updated: 3526764
	3445  -  MemoryUsage of job (MB)
	3526764  -  ResidentSetSize of job (KB)
...
006 (2588981.000.000) 2025-08-10 10:39:09 Image size of job updated: 3526876
	3445  -  MemoryUsage of job (MB)
	3526876  -  ResidentSetSize of job (KB)
...
006 (2588981.000.000) 2025-08-10 10:44:09 Image size of job updated: 3526984
	3445  -  MemoryUsage of job (MB)
	3526984  -  ResidentSetSize of job (KB)
...
006 (2588981.000.000) 2025-08-10 10:49:10 Image size of job updated: 3531128
	3449  -  MemoryUsage of job (MB)
	3531128  -  ResidentSetSize of job (KB)
...
006 (2588981.000.000) 2025-08-10 10:54:11 Image size of job updated: 3531204
	3449  -  MemoryUsage of job (MB)
	3531204  -  ResidentSetSize of job (KB)
...
