000 (2568355.000.000) 2025-07-28 23:23:33 Job submitted from host: <145.107.7.246:9618?addrs=145.107.7.246-9618+[2a07-8500-120-e070--3f6]-9618&alias=taai-007.nikhef.nl&noUDP&sock=schedd_2614_90a7>
    DAG Node: run_f
...
001 (2568355.000.000) 2025-07-28 23:24:00 Job executing on host: <145.107.4.164:9618?addrs=145.107.4.164-9618+[2a07-8500-120-e070--a4]-9618&alias=wn-pijl-003.nikhef.nl&noUDP&sock=startd_4461_7413>
	SlotName: slot1_12@wn-pijl-003.nikhef.nl
	AvailableGPUs = {  }
	CondorScratchDir = "/scratch/condor_execute/dir_2726000"
	Cpus = 64
	Disk = 16790397
	GPUs = 0
	Memory = 16384
...
006 (2568355.000.000) 2025-07-28 23:24:13 Image size of job updated: 489368
	478  -  MemoryUsage of job (MB)
	489368  -  ResidentSetSize of job (KB)
...
006 (2568355.000.000) 2025-07-28 23:29:13 Image size of job updated: 1813960
	1771  -  MemoryUsage of job (MB)
	1812740  -  ResidentSetSize of job (KB)
...
006 (2568355.000.000) 2025-07-28 23:34:14 Image size of job updated: 1813960
	1771  -  MemoryUsage of job (MB)
	1813416  -  ResidentSetSize of job (KB)
...
006 (2568355.000.000) 2025-07-28 23:39:15 Image size of job updated: 1814320
	1772  -  MemoryUsage of job (MB)
	1814320  -  ResidentSetSize of job (KB)
...
006 (2568355.000.000) 2025-07-28 23:44:15 Image size of job updated: 1824684
	1782  -  MemoryUsage of job (MB)
	1824684  -  ResidentSetSize of job (KB)
...
006 (2568355.000.000) 2025-07-28 23:49:16 Image size of job updated: 1835076
	1793  -  MemoryUsage of job (MB)
	1835076  -  ResidentSetSize of job (KB)
...
006 (2568355.000.000) 2025-07-28 23:54:16 Image size of job updated: 1847460
	1805  -  MemoryUsage of job (MB)
	1847460  -  ResidentSetSize of job (KB)
...
006 (2568355.000.000) 2025-07-28 23:59:16 Image size of job updated: 1848036
	1805  -  MemoryUsage of job (MB)
	1848036  -  ResidentSetSize of job (KB)
...
006 (2568355.000.000) 2025-07-29 00:04:17 Image size of job updated: 1848576
	1806  -  MemoryUsage of job (MB)
	1848576  -  ResidentSetSize of job (KB)
...
006 (2568355.000.000) 2025-07-29 00:09:17 Image size of job updated: 1851016
	1808  -  MemoryUsage of job (MB)
	1851016  -  ResidentSetSize of job (KB)
...
006 (2568355.000.000) 2025-07-29 00:14:17 Image size of job updated: 1852580
	1810  -  MemoryUsage of job (MB)
	1852580  -  ResidentSetSize of job (KB)
...
006 (2568355.000.000) 2025-07-29 00:19:18 Image size of job updated: 1853120
	1810  -  MemoryUsage of job (MB)
	1853120  -  ResidentSetSize of job (KB)
...
006 (2568355.000.000) 2025-07-29 00:24:18 Image size of job updated: 1854544
	1812  -  MemoryUsage of job (MB)
	1854544  -  ResidentSetSize of job (KB)
...
006 (2568355.000.000) 2025-07-29 00:29:19 Image size of job updated: 2120028
	2071  -  MemoryUsage of job (MB)
	2120028  -  ResidentSetSize of job (KB)
...
006 (2568355.000.000) 2025-07-29 00:34:20 Image size of job updated: 2122296
	2073  -  MemoryUsage of job (MB)
	2122296  -  ResidentSetSize of job (KB)
...
006 (2568355.000.000) 2025-07-29 00:39:20 Image size of job updated: 2122696
	2073  -  MemoryUsage of job (MB)
	2122696  -  ResidentSetSize of job (KB)
...
006 (2568355.000.000) 2025-07-29 00:44:21 Image size of job updated: 2123192
	2074  -  MemoryUsage of job (MB)
	2123192  -  ResidentSetSize of job (KB)
...
006 (2568355.000.000) 2025-07-29 00:49:22 Image size of job updated: 2123608
	2074  -  MemoryUsage of job (MB)
	2123608  -  ResidentSetSize of job (KB)
...
006 (2568355.000.000) 2025-07-29 00:54:22 Image size of job updated: 2124404
	2075  -  MemoryUsage of job (MB)
	2124404  -  ResidentSetSize of job (KB)
...
006 (2568355.000.000) 2025-07-29 00:59:24 Image size of job updated: 2124988
	2076  -  MemoryUsage of job (MB)
	2124988  -  ResidentSetSize of job (KB)
...
006 (2568355.000.000) 2025-07-29 01:04:23 Image size of job updated: 2125324
	2076  -  MemoryUsage of job (MB)
	2125324  -  ResidentSetSize of job (KB)
...
006 (2568355.000.000) 2025-07-29 01:09:23 Image size of job updated: 2125748
	2076  -  MemoryUsage of job (MB)
	2125748  -  ResidentSetSize of job (KB)
...
006 (2568355.000.000) 2025-07-29 01:14:24 Image size of job updated: 2126064
	2077  -  MemoryUsage of job (MB)
	2126064  -  ResidentSetSize of job (KB)
...
006 (2568355.000.000) 2025-07-29 01:19:24 Image size of job updated: 2127404
	2078  -  MemoryUsage of job (MB)
	2127404  -  ResidentSetSize of job (KB)
...
006 (2568355.000.000) 2025-07-29 01:24:24 Image size of job updated: 2127760
	2078  -  MemoryUsage of job (MB)
	2127760  -  ResidentSetSize of job (KB)
...
006 (2568355.000.000) 2025-07-29 01:29:25 Image size of job updated: 2153492
	2104  -  MemoryUsage of job (MB)
	2153492  -  ResidentSetSize of job (KB)
...
006 (2568355.000.000) 2025-07-29 01:34:25 Image size of job updated: 2153732
	2104  -  MemoryUsage of job (MB)
	2153732  -  ResidentSetSize of job (KB)
...
006 (2568355.000.000) 2025-07-29 01:39:25 Image size of job updated: 2153940
	2104  -  MemoryUsage of job (MB)
	2153940  -  ResidentSetSize of job (KB)
...
006 (2568355.000.000) 2025-07-29 01:44:26 Image size of job updated: 2154152
	2104  -  MemoryUsage of job (MB)
	2154152  -  ResidentSetSize of job (KB)
...
006 (2568355.000.000) 2025-07-29 01:49:26 Image size of job updated: 2154344
	2104  -  MemoryUsage of job (MB)
	2154344  -  ResidentSetSize of job (KB)
...
006 (2568355.000.000) 2025-07-29 01:54:26 Image size of job updated: 2154488
	2104  -  MemoryUsage of job (MB)
	2154488  -  ResidentSetSize of job (KB)
...
006 (2568355.000.000) 2025-07-29 01:59:27 Image size of job updated: 2154660
	2105  -  MemoryUsage of job (MB)
	2154660  -  ResidentSetSize of job (KB)
...
006 (2568355.000.000) 2025-07-29 02:04:27 Image size of job updated: 2154848
	2105  -  MemoryUsage of job (MB)
	2154848  -  ResidentSetSize of job (KB)
...
006 (2568355.000.000) 2025-07-29 02:09:27 Image size of job updated: 2155292
	2105  -  MemoryUsage of job (MB)
	2155292  -  ResidentSetSize of job (KB)
...
006 (2568355.000.000) 2025-07-29 02:14:28 Image size of job updated: 2155812
	2106  -  MemoryUsage of job (MB)
	2155812  -  ResidentSetSize of job (KB)
...
006 (2568355.000.000) 2025-07-29 02:19:28 Image size of job updated: 2155988
	2106  -  MemoryUsage of job (MB)
	2155988  -  ResidentSetSize of job (KB)
...
006 (2568355.000.000) 2025-07-29 02:24:29 Image size of job updated: 2156264
	2106  -  MemoryUsage of job (MB)
	2156264  -  ResidentSetSize of job (KB)
...
006 (2568355.000.000) 2025-07-29 02:29:30 Image size of job updated: 2182864
	2132  -  MemoryUsage of job (MB)
	2182864  -  ResidentSetSize of job (KB)
...
006 (2568355.000.000) 2025-07-29 02:34:30 Image size of job updated: 2182980
	2132  -  MemoryUsage of job (MB)
	2182980  -  ResidentSetSize of job (KB)
...
006 (2568355.000.000) 2025-07-29 02:39:31 Image size of job updated: 2183116
	2132  -  MemoryUsage of job (MB)
	2183116  -  ResidentSetSize of job (KB)
...
006 (2568355.000.000) 2025-07-29 02:44:32 Image size of job updated: 2183272
	2133  -  MemoryUsage of job (MB)
	2183272  -  ResidentSetSize of job (KB)
...
006 (2568355.000.000) 2025-07-29 02:49:32 Image size of job updated: 2183412
	2133  -  MemoryUsage of job (MB)
	2183412  -  ResidentSetSize of job (KB)
...
006 (2568355.000.000) 2025-07-29 02:54:33 Image size of job updated: 2183540
	2133  -  MemoryUsage of job (MB)
	2183540  -  ResidentSetSize of job (KB)
...
006 (2568355.000.000) 2025-07-29 02:59:33 Image size of job updated: 2183756
	2133  -  MemoryUsage of job (MB)
	2183756  -  ResidentSetSize of job (KB)
...
006 (2568355.000.000) 2025-07-29 03:04:33 Image size of job updated: 2183868
	2133  -  MemoryUsage of job (MB)
	2183868  -  ResidentSetSize of job (KB)
...
006 (2568355.000.000) 2025-07-29 03:09:34 Image size of job updated: 2184236
	2134  -  MemoryUsage of job (MB)
	2184236  -  ResidentSetSize of job (KB)
...
006 (2568355.000.000) 2025-07-29 03:14:34 Image size of job updated: 2184352
	2134  -  MemoryUsage of job (MB)
	2184352  -  ResidentSetSize of job (KB)
...
006 (2568355.000.000) 2025-07-29 03:19:34 Image size of job updated: 2184476
	2134  -  MemoryUsage of job (MB)
	2184476  -  ResidentSetSize of job (KB)
...
006 (2568355.000.000) 2025-07-29 03:24:35 Image size of job updated: 2185616
	2135  -  MemoryUsage of job (MB)
	2185616  -  ResidentSetSize of job (KB)
...
006 (2568355.000.000) 2025-07-29 03:29:35 Image size of job updated: 2223052
	2170  -  MemoryUsage of job (MB)
	2222056  -  ResidentSetSize of job (KB)
...
006 (2568355.000.000) 2025-07-29 03:34:35 Image size of job updated: 2223052
	2171  -  MemoryUsage of job (MB)
	2222504  -  ResidentSetSize of job (KB)
...
006 (2568355.000.000) 2025-07-29 04:14:40 Image size of job updated: 2223052
	2171  -  MemoryUsage of job (MB)
	2222576  -  ResidentSetSize of job (KB)
...
006 (2568355.000.000) 2025-07-29 04:19:41 Image size of job updated: 2223052
	2171  -  MemoryUsage of job (MB)
	2222664  -  ResidentSetSize of job (KB)
...
006 (2568355.000.000) 2025-07-29 04:24:42 Image size of job updated: 2223052
	2171  -  MemoryUsage of job (MB)
	2222760  -  ResidentSetSize of job (KB)
...
006 (2568355.000.000) 2025-07-29 04:29:42 Image size of job updated: 2236052
	2178  -  MemoryUsage of job (MB)
	2230032  -  ResidentSetSize of job (KB)
...
006 (2568355.000.000) 2025-07-29 04:34:43 Image size of job updated: 2236052
	2178  -  MemoryUsage of job (MB)
	2230124  -  ResidentSetSize of job (KB)
...
006 (2568355.000.000) 2025-07-29 04:39:43 Image size of job updated: 2236052
	2179  -  MemoryUsage of job (MB)
	2230288  -  ResidentSetSize of job (KB)
...
006 (2568355.000.000) 2025-07-29 04:44:43 Image size of job updated: 2236052
	2179  -  MemoryUsage of job (MB)
	2230356  -  ResidentSetSize of job (KB)
...
006 (2568355.000.000) 2025-07-29 04:49:44 Image size of job updated: 2236052
	2179  -  MemoryUsage of job (MB)
	2230436  -  ResidentSetSize of job (KB)
...
006 (2568355.000.000) 2025-07-29 04:54:44 Image size of job updated: 2236052
	2179  -  MemoryUsage of job (MB)
	2230548  -  ResidentSetSize of job (KB)
...
006 (2568355.000.000) 2025-07-29 04:59:44 Image size of job updated: 2236052
	2179  -  MemoryUsage of job (MB)
	2230656  -  ResidentSetSize of job (KB)
...
006 (2568355.000.000) 2025-07-29 05:04:45 Image size of job updated: 2236052
	2179  -  MemoryUsage of job (MB)
	2231088  -  ResidentSetSize of job (KB)
...
006 (2568355.000.000) 2025-07-29 05:09:45 Image size of job updated: 2236052
	2179  -  MemoryUsage of job (MB)
	2231196  -  ResidentSetSize of job (KB)
...
006 (2568355.000.000) 2025-07-29 05:14:45 Image size of job updated: 2236052
	2180  -  MemoryUsage of job (MB)
	2231388  -  ResidentSetSize of job (KB)
...
006 (2568355.000.000) 2025-07-29 05:19:46 Image size of job updated: 2236052
	2180  -  MemoryUsage of job (MB)
	2231452  -  ResidentSetSize of job (KB)
...
006 (2568355.000.000) 2025-07-29 05:24:46 Image size of job updated: 2236052
	2180  -  MemoryUsage of job (MB)
	2231540  -  ResidentSetSize of job (KB)
...
006 (2568355.000.000) 2025-07-29 05:29:46 Image size of job updated: 2236052
	2180  -  MemoryUsage of job (MB)
	2231596  -  ResidentSetSize of job (KB)
...
006 (2568355.000.000) 2025-07-29 05:34:47 Image size of job updated: 2252036
	2191  -  MemoryUsage of job (MB)
	2242692  -  ResidentSetSize of job (KB)
...
006 (2568355.000.000) 2025-07-29 05:39:47 Image size of job updated: 2252036
	2191  -  MemoryUsage of job (MB)
	2242760  -  ResidentSetSize of job (KB)
...
006 (2568355.000.000) 2025-07-29 05:44:48 Image size of job updated: 2252036
	2191  -  MemoryUsage of job (MB)
	2242800  -  ResidentSetSize of job (KB)
...
006 (2568355.000.000) 2025-07-29 05:49:49 Image size of job updated: 2252036
	2191  -  MemoryUsage of job (MB)
	2242856  -  ResidentSetSize of job (KB)
...
006 (2568355.000.000) 2025-07-29 05:54:49 Image size of job updated: 2252036
	2191  -  MemoryUsage of job (MB)
	2242928  -  ResidentSetSize of job (KB)
...
006 (2568355.000.000) 2025-07-29 05:59:50 Image size of job updated: 2252036
	2191  -  MemoryUsage of job (MB)
	2242996  -  ResidentSetSize of job (KB)
...
006 (2568355.000.000) 2025-07-29 06:04:51 Image size of job updated: 2252036
	2191  -  MemoryUsage of job (MB)
	2243048  -  ResidentSetSize of job (KB)
...
006 (2568355.000.000) 2025-07-29 06:09:51 Image size of job updated: 2252036
	2191  -  MemoryUsage of job (MB)
	2243104  -  ResidentSetSize of job (KB)
...
006 (2568355.000.000) 2025-07-29 06:14:52 Image size of job updated: 2252036
	2191  -  MemoryUsage of job (MB)
	2243180  -  ResidentSetSize of job (KB)
...
006 (2568355.000.000) 2025-07-29 06:19:53 Image size of job updated: 2252036
	2191  -  MemoryUsage of job (MB)
	2243264  -  ResidentSetSize of job (KB)
...
006 (2568355.000.000) 2025-07-29 06:24:53 Image size of job updated: 2252036
	2191  -  MemoryUsage of job (MB)
	2243328  -  ResidentSetSize of job (KB)
...
006 (2568355.000.000) 2025-07-29 06:29:54 Image size of job updated: 2252036
	2191  -  MemoryUsage of job (MB)
	2243368  -  ResidentSetSize of job (KB)
...
006 (2568355.000.000) 2025-07-29 06:34:55 Image size of job updated: 2257672
	2202  -  MemoryUsage of job (MB)
	2254344  -  ResidentSetSize of job (KB)
...
006 (2568355.000.000) 2025-07-29 06:39:55 Image size of job updated: 2257672
	2202  -  MemoryUsage of job (MB)
	2254752  -  ResidentSetSize of job (KB)
...
006 (2568355.000.000) 2025-07-29 06:44:56 Image size of job updated: 2257672
	2202  -  MemoryUsage of job (MB)
	2254780  -  ResidentSetSize of job (KB)
...
006 (2568355.000.000) 2025-07-29 06:49:57 Image size of job updated: 2257672
	2202  -  MemoryUsage of job (MB)
	2254840  -  ResidentSetSize of job (KB)
...
006 (2568355.000.000) 2025-07-29 06:54:57 Image size of job updated: 2257672
	2203  -  MemoryUsage of job (MB)
	2254884  -  ResidentSetSize of job (KB)
...
006 (2568355.000.000) 2025-07-29 06:59:58 Image size of job updated: 2257672
	2203  -  MemoryUsage of job (MB)
	2254924  -  ResidentSetSize of job (KB)
...
006 (2568355.000.000) 2025-07-29 07:04:58 Image size of job updated: 2257672
	2203  -  MemoryUsage of job (MB)
	2254980  -  ResidentSetSize of job (KB)
...
006 (2568355.000.000) 2025-07-29 07:09:58 Image size of job updated: 2257672
	2203  -  MemoryUsage of job (MB)
	2255012  -  ResidentSetSize of job (KB)
...
006 (2568355.000.000) 2025-07-29 07:14:59 Image size of job updated: 2257672
	2203  -  MemoryUsage of job (MB)
	2255060  -  ResidentSetSize of job (KB)
...
006 (2568355.000.000) 2025-07-29 07:19:59 Image size of job updated: 2257672
	2203  -  MemoryUsage of job (MB)
	2255108  -  ResidentSetSize of job (KB)
...
006 (2568355.000.000) 2025-07-29 07:24:59 Image size of job updated: 2257672
	2203  -  MemoryUsage of job (MB)
	2255172  -  ResidentSetSize of job (KB)
...
006 (2568355.000.000) 2025-07-29 07:30:00 Image size of job updated: 2257672
	2203  -  MemoryUsage of job (MB)
	2255208  -  ResidentSetSize of job (KB)
...
006 (2568355.000.000) 2025-07-29 07:35:00 Image size of job updated: 2285916
	2220  -  MemoryUsage of job (MB)
	2273048  -  ResidentSetSize of job (KB)
...
006 (2568355.000.000) 2025-07-29 08:35:06 Image size of job updated: 2292644
	2237  -  MemoryUsage of job (MB)
	2290084  -  ResidentSetSize of job (KB)
...
006 (2568355.000.000) 2025-07-29 08:40:07 Image size of job updated: 2292644
	2237  -  MemoryUsage of job (MB)
	2290156  -  ResidentSetSize of job (KB)
...
006 (2568355.000.000) 2025-07-29 09:35:13 Image size of job updated: 2304388
	2237  -  MemoryUsage of job (MB)
	2290156  -  ResidentSetSize of job (KB)
...
006 (2568355.000.000) 2025-07-29 10:35:20 Image size of job updated: 2315180
	2255  -  MemoryUsage of job (MB)
	2308504  -  ResidentSetSize of job (KB)
...
006 (2568355.000.000) 2025-07-29 11:24:20 Image size of job updated: 2393160
	2255  -  MemoryUsage of job (MB)
	2308504  -  ResidentSetSize of job (KB)
...
005 (2568355.000.000) 2025-07-29 11:24:20 Job terminated.
	(1) Normal termination (return value 0)
		Usr 21 21:18:20, Sys 0 00:04:47  -  Run Remote Usage
		Usr 0 00:00:00, Sys 0 00:00:00  -  Run Local Usage
		Usr 21 21:18:20, Sys 0 00:04:47  -  Total Remote Usage
		Usr 0 00:00:00, Sys 0 00:00:00  -  Total Local Usage
	0  -  Run Bytes Sent By Job
	0  -  Run Bytes Received By Job
	0  -  Total Bytes Sent By Job
	0  -  Total Bytes Received By Job
	Partitionable Resources :    Usage  Request Allocated 
	   Cpus                 :     3.14       64        64 
	   Disk (KB)            : 17500    16777216  16790397 
	   GPUs                 :                           0 
	   Memory (MB)          :  2255       16384     16384 
	   TimeExecute (s)      : 43220                       
	   TimeSlotBusy (s)     : 43221                       

	Job terminated of its own accord at 2025-07-29T09:24:20Z with exit-code 0.
...
