self.parameters_ref
{'chirp_mass': 1.4867900781724532, 'mass_ratio': 0.9050172763783242, 'luminosity_distance': 170.12293668851825, 'a_1': 0.026740533729350032, 'a_2': 0.026531453845731346, 'tilt_1': 1.0778978878771508, 'tilt_2': 1.1280732548151633, 'phi_12': 3.1399614036707786, 'phi_jl': 3.098408796747226, 'dec': -0.13270250775319825, 'ra': 1.4405869049377487, 'theta_jn': 0.7142783555076156, 'psi': 1.556484993441145, 'phase': 2.9396355278156534, 'geocent_time': 1240215503.017147, 'mass_1': 1.7957063404539406, 'mass_2': 1.6251452614129132, 'mass_1_source': 1.7309992032614339, 'mass_2_source': 1.5665841843487123, 'lambda_1': 0.01, 'lambda_2': 136.8879103326964, 'lambda_tilde': 58.13440080933415, 'delta_lambda_tilde': 24.997782570182032}
470it [0:00:01 bound:0 nc:  1 ncall:1.6e+03 eff:29.4% logz-ratio=-21.19+/-0.06 dlogz:40.201>0.1]
3704it [0:02:14 bound:2 nc:833 ncall:3.9e+04 eff:9.6% logz-ratio=-0.35+/-0.06 dlogz:69.053>0.1]
3767it [0:03:44 bound:3 nc:947 ncall:9.6e+04 eff:3.9% logz-ratio=-0.17+/-0.06 dlogz:68.812>0.1]
3828it [0:05:03 bound:4 nc:980 ncall:1.5e+05 eff:2.5% logz-ratio=0.01+/-0.06 dlogz:68.567>0.1]
3890it [0:06:28 bound:5 nc:790 ncall:2.1e+05 eff:1.8% logz-ratio=0.21+/-0.06 dlogz:68.310>0.1]
3952it [0:07:42 bound:6 nc:956 ncall:2.7e+05 eff:1.4% logz-ratio=0.40+/-0.06 dlogz:68.054>0.1]
4011it [0:09:02 bound:7 nc:1075 ncall:3.3e+05 eff:1.2% logz-ratio=0.59+/-0.06 dlogz:67.805>0.1]
4074it [0:10:20 bound:8 nc:746 ncall:3.9e+05 eff:1.0% logz-ratio=0.80+/-0.06 dlogz:67.540>0.1]
4134it [0:11:29 bound:9 nc:725 ncall:4.5e+05 eff:0.9% logz-ratio=1.00+/-0.06 dlogz:67.283>0.1]
4197it [0:12:32 bound:10 nc:657 ncall:5.0e+05 eff:0.8% logz-ratio=1.20+/-0.06 dlogz:67.016>0.1]
4258it [0:13:33 bound:11 nc:745 ncall:5.5e+05 eff:0.8% logz-ratio=1.40+/-0.06 dlogz:66.755>0.1]
4321it [0:14:37 bound:12 nc:578 ncall:6.0e+05 eff:0.7% logz-ratio=1.62+/-0.06 dlogz:66.480>0.1]
4442it [0:16:26 bound:14 nc:489 ncall:6.8e+05 eff:0.7% logz-ratio=2.03+/-0.06 dlogz:65.948>0.1]
4505it [0:17:26 bound:15 nc:840 ncall:7.2e+05 eff:0.6% logz-ratio=2.26+/-0.07 dlogz:65.654>0.1]
4569it [0:18:27 bound:16 nc:732 ncall:7.7e+05 eff:0.6% logz-ratio=2.51+/-0.07 dlogz:65.346>0.1]
4693it [0:20:28 bound:18 nc:735 ncall:8.6e+05 eff:0.5% logz-ratio=2.99+/-0.07 dlogz:64.748>0.1]
4819it [0:22:29 bound:20 nc:663 ncall:9.5e+05 eff:0.5% logz-ratio=3.52+/-0.07 dlogz:64.097>0.1]
4880it [0:23:29 bound:21 nc:767 ncall:1.0e+06 eff:0.5% logz-ratio=3.79+/-0.07 dlogz:63.763>0.1]
4943it [0:24:33 bound:22 nc:1695 ncall:1.0e+06 eff:0.5% logz-ratio=4.06+/-0.07 dlogz:63.427>0.1]
5005it [0:25:45 bound:23 nc:751 ncall:1.1e+06 eff:0.5% logz-ratio=4.33+/-0.07 dlogz:63.102>0.1]
5067it [0:26:45 bound:24 nc:2844 ncall:1.2e+06 eff:0.4% logz-ratio=4.60+/-0.07 dlogz:62.766>0.1]
5190it [0:28:50 bound:26 nc:1508 ncall:1.3e+06 eff:0.4% logz-ratio=5.17+/-0.07 dlogz:62.078>0.1]
5254it [0:30:07 bound:27 nc:701 ncall:1.3e+06 eff:0.4% logz-ratio=5.48+/-0.07 dlogz:61.711>0.1]
5316it [0:31:19 bound:28 nc:1010 ncall:1.4e+06 eff:0.4% logz-ratio=5.77+/-0.07 dlogz:61.355>0.1]
5380it [0:32:24 bound:29 nc:756 ncall:1.4e+06 eff:0.4% logz-ratio=6.08+/-0.07 dlogz:60.983>0.1]
5441it [0:33:37 bound:30 nc:1944 ncall:1.5e+06 eff:0.4% logz-ratio=6.38+/-0.07 dlogz:60.628>0.1]
5501it [0:34:42 bound:31 nc:1633 ncall:1.5e+06 eff:0.4% logz-ratio=6.67+/-0.07 dlogz:67.101>0.1]
5564it [0:35:52 bound:32 nc:1067 ncall:1.6e+06 eff:0.4% logz-ratio=6.99+/-0.08 dlogz:66.725>0.1]
5627it [0:36:55 bound:33 nc:744 ncall:1.6e+06 eff:0.3% logz-ratio=7.30+/-0.08 dlogz:66.347>0.1]
5690it [0:38:04 bound:34 nc:1559 ncall:1.7e+06 eff:0.3% logz-ratio=7.62+/-0.08 dlogz:65.966>0.1]
5751it [0:39:21 bound:35 nc:731 ncall:1.7e+06 eff:0.3% logz-ratio=7.94+/-0.08 dlogz:65.589>0.1]
5811it [0:40:30 bound:36 nc:1874 ncall:1.8e+06 eff:0.3% logz-ratio=8.25+/-0.08 dlogz:65.216>0.1]
5875it [0:41:38 bound:37 nc:706 ncall:1.9e+06 eff:0.3% logz-ratio=8.59+/-0.08 dlogz:64.818>0.1]
5935it [0:42:51 bound:38 nc:1053 ncall:1.9e+06 eff:0.3% logz-ratio=8.89+/-0.08 dlogz:64.457>0.1]
5998it [0:44:07 bound:39 nc:906 ncall:2.0e+06 eff:0.3% logz-ratio=9.20+/-0.08 dlogz:64.083>0.1]
6061it [0:45:21 bound:40 nc:726 ncall:2.0e+06 eff:0.3% logz-ratio=9.56+/-0.08 dlogz:76.800>0.1]
6121it [0:46:28 bound:41 nc:923 ncall:2.1e+06 eff:0.3% logz-ratio=9.92+/-0.08 dlogz:76.385>0.1]
6183it [0:47:44 bound:42 nc:1785 ncall:2.1e+06 eff:0.3% logz-ratio=10.32+/-0.08 dlogz:75.923>0.1]
6246it [0:49:01 bound:43 nc:1072 ncall:2.2e+06 eff:0.3% logz-ratio=10.73+/-0.08 dlogz:75.451>0.1]
6310it [0:50:04 bound:44 nc:793 ncall:2.3e+06 eff:0.3% logz-ratio=11.16+/-0.08 dlogz:74.962>0.1]
6373it [0:51:10 bound:45 nc:789 ncall:2.3e+06 eff:0.3% logz-ratio=11.58+/-0.08 dlogz:74.474>0.1]
6436it [0:52:21 bound:46 nc:1011 ncall:2.4e+06 eff:0.3% logz-ratio=12.04+/-0.08 dlogz:73.954>0.1]
6497it [0:53:29 bound:47 nc:910 ncall:2.4e+06 eff:0.3% logz-ratio=12.52+/-0.08 dlogz:73.416>0.1]
6559it [0:54:41 bound:48 nc:850 ncall:2.5e+06 eff:0.3% logz-ratio=13.01+/-0.08 dlogz:72.870>0.1]
6620it [0:55:53 bound:49 nc:916 ncall:2.5e+06 eff:0.3% logz-ratio=13.49+/-0.08 dlogz:72.327>0.1]
6681it [0:57:04 bound:50 nc:772 ncall:2.6e+06 eff:0.3% logz-ratio=13.99+/-0.09 dlogz:71.766>0.1]
6745it [0:58:21 bound:51 nc:640 ncall:2.7e+06 eff:0.3% logz-ratio=14.52+/-0.09 dlogz:71.182>0.1]
6807it [0:59:31 bound:52 nc:906 ncall:2.7e+06 eff:0.2% logz-ratio=15.04+/-0.09 dlogz:70.595>0.1]
6871it [1:00:46 bound:53 nc:900 ncall:2.8e+06 eff:0.2% logz-ratio=15.58+/-0.09 dlogz:69.995>0.1]
6935it [1:02:07 bound:54 nc:977 ncall:2.8e+06 eff:0.2% logz-ratio=16.09+/-0.09 dlogz:69.418>0.1]
6998it [1:03:22 bound:55 nc:878 ncall:2.9e+06 eff:0.2% logz-ratio=16.61+/-0.09 dlogz:68.843>0.1]
7060it [1:04:40 bound:56 nc:741 ncall:3.0e+06 eff:0.2% logz-ratio=17.15+/-0.09 dlogz:68.242>0.1]
7120it [1:06:04 bound:57 nc:873 ncall:3.0e+06 eff:0.2% logz-ratio=17.67+/-0.09 dlogz:67.660>0.1]
7181it [1:07:13 bound:58 nc:918 ncall:3.1e+06 eff:0.2% logz-ratio=18.18+/-0.09 dlogz:67.089>0.1]
7242it [1:08:29 bound:59 nc:995 ncall:3.1e+06 eff:0.2% logz-ratio=18.71+/-0.09 dlogz:66.505>0.1]
7305it [1:09:44 bound:60 nc:619 ncall:3.2e+06 eff:0.2% logz-ratio=19.24+/-0.09 dlogz:65.911>0.1]
7368it [1:10:50 bound:61 nc:769 ncall:3.2e+06 eff:0.2% logz-ratio=19.78+/-0.09 dlogz:65.310>0.1]
7432it [1:12:02 bound:62 nc:807 ncall:3.3e+06 eff:0.2% logz-ratio=20.30+/-0.09 dlogz:64.724>0.1]
7493it [1:13:13 bound:63 nc:783 ncall:3.4e+06 eff:0.2% logz-ratio=20.81+/-0.09 dlogz:64.153>0.1]
7554it [1:14:37 bound:64 nc:859 ncall:3.4e+06 eff:0.2% logz-ratio=21.36+/-0.09 dlogz:63.546>0.1]
7616it [1:16:10 bound:65 nc:1018 ncall:3.5e+06 eff:0.2% logz-ratio=21.93+/-0.09 dlogz:62.920>0.1]
7679it [1:17:22 bound:66 nc:747 ncall:3.5e+06 eff:0.2% logz-ratio=22.46+/-0.09 dlogz:62.325>0.1]
7742it [1:18:33 bound:67 nc:998 ncall:3.6e+06 eff:0.2% logz-ratio=22.98+/-0.09 dlogz:61.745>0.1]
7805it [1:19:47 bound:68 nc:1119 ncall:3.7e+06 eff:0.2% logz-ratio=23.53+/-0.09 dlogz:61.131>0.1]
7868it [1:20:53 bound:69 nc:681 ncall:3.7e+06 eff:0.2% logz-ratio=24.06+/-0.09 dlogz:60.538>0.1]
7931it [1:22:11 bound:70 nc:945 ncall:3.8e+06 eff:0.2% logz-ratio=24.58+/-0.09 dlogz:70.272>0.1]
7993it [1:23:32 bound:71 nc:1132 ncall:3.8e+06 eff:0.2% logz-ratio=25.16+/-0.09 dlogz:69.633>0.1]
8056it [1:24:50 bound:72 nc:690 ncall:3.9e+06 eff:0.2% logz-ratio=25.77+/-0.09 dlogz:82.258>0.1]
8117it [1:26:06 bound:73 nc:925 ncall:3.9e+06 eff:0.2% logz-ratio=26.39+/-0.09 dlogz:81.578>0.1]
8181it [1:27:25 bound:74 nc:1027 ncall:4.0e+06 eff:0.2% logz-ratio=27.05+/-0.09 dlogz:80.855>0.1]
8243it [1:28:43 bound:75 nc:799 ncall:4.1e+06 eff:0.2% logz-ratio=27.64+/-0.10 dlogz:80.202>0.1]
8305it [1:29:58 bound:76 nc:946 ncall:4.1e+06 eff:0.2% logz-ratio=28.25+/-0.10 dlogz:79.530>0.1]
8366it [1:31:18 bound:77 nc:757 ncall:4.2e+06 eff:0.2% logz-ratio=28.85+/-0.10 dlogz:78.873>0.1]
8430it [1:32:38 bound:78 nc:921 ncall:4.2e+06 eff:0.2% logz-ratio=29.46+/-0.10 dlogz:78.196>0.1]
8489it [1:33:54 bound:79 nc:952 ncall:4.3e+06 eff:0.2% logz-ratio=29.99+/-0.10 dlogz:77.613>0.1]
8552it [1:35:10 bound:80 nc:1222 ncall:4.3e+06 eff:0.2% logz-ratio=30.51+/-0.10 dlogz:77.029>0.1]
8612it [1:36:29 bound:81 nc:966 ncall:4.4e+06 eff:0.2% logz-ratio=31.00+/-0.10 dlogz:76.481>0.1]
8676it [1:37:48 bound:82 nc:790 ncall:4.5e+06 eff:0.2% logz-ratio=31.58+/-0.10 dlogz:75.839>0.1]
8735it [1:39:01 bound:83 nc:1145 ncall:4.5e+06 eff:0.2% logz-ratio=32.15+/-0.10 dlogz:75.207>0.1]
8798it [1:40:14 bound:84 nc:1006 ncall:4.6e+06 eff:0.2% logz-ratio=32.77+/-0.10 dlogz:74.530>0.1]
8860it [1:41:28 bound:85 nc:999 ncall:4.6e+06 eff:0.2% logz-ratio=33.37+/-0.10 dlogz:73.868>0.1]
8924it [1:42:38 bound:86 nc:864 ncall:4.7e+06 eff:0.2% logz-ratio=33.95+/-0.10 dlogz:73.223>0.1]
8985it [1:43:49 bound:87 nc:1171 ncall:4.7e+06 eff:0.2% logz-ratio=34.55+/-0.10 dlogz:72.572>0.1]
9049it [1:44:54 bound:88 nc:965 ncall:4.8e+06 eff:0.2% logz-ratio=35.20+/-0.10 dlogz:71.855>0.1]
9111it [1:46:05 bound:89 nc:1109 ncall:4.9e+06 eff:0.2% logz-ratio=35.81+/-0.10 dlogz:71.184>0.1]
9174it [1:47:17 bound:90 nc:414 ncall:4.9e+06 eff:0.2% logz-ratio=36.42+/-0.10 dlogz:70.512>0.1]
9237it [1:48:32 bound:91 nc:802 ncall:5.0e+06 eff:0.2% logz-ratio=36.97+/-0.10 dlogz:69.901>0.1]
9300it [1:49:51 bound:92 nc:1090 ncall:5.0e+06 eff:0.2% logz-ratio=37.53+/-0.10 dlogz:69.282>0.1]
9362it [1:51:02 bound:93 nc:1644 ncall:5.1e+06 eff:0.2% logz-ratio=38.08+/-0.10 dlogz:68.664>0.1]
9424it [1:52:19 bound:94 nc:725 ncall:5.1e+06 eff:0.2% logz-ratio=38.66+/-0.10 dlogz:68.025>0.1]
9486it [1:53:39 bound:95 nc:1103 ncall:5.2e+06 eff:0.2% logz-ratio=39.20+/-0.10 dlogz:67.426>0.1]
9548it [1:54:48 bound:96 nc:988 ncall:5.3e+06 eff:0.2% logz-ratio=39.73+/-0.10 dlogz:66.832>0.1]
9611it [1:56:02 bound:97 nc:1030 ncall:5.3e+06 eff:0.2% logz-ratio=40.28+/-0.10 dlogz:66.225>0.1]
9673it [1:57:23 bound:98 nc:1021 ncall:5.4e+06 eff:0.2% logz-ratio=40.85+/-0.10 dlogz:65.597>0.1]
9735it [1:58:33 bound:99 nc:676 ncall:5.4e+06 eff:0.2% logz-ratio=41.45+/-0.10 dlogz:64.939>0.1]
9797it [1:59:44 bound:100 nc:766 ncall:5.5e+06 eff:0.2% logz-ratio=42.08+/-0.10 dlogz:64.248>0.1]
9859it [2:00:51 bound:101 nc:779 ncall:5.6e+06 eff:0.2% logz-ratio=42.71+/-0.10 dlogz:63.559>0.1]
9922it [2:02:24 bound:102 nc:1173 ncall:5.6e+06 eff:0.2% logz-ratio=43.31+/-0.10 dlogz:62.890>0.1]
9984it [2:03:37 bound:103 nc:1857 ncall:5.7e+06 eff:0.2% logz-ratio=43.88+/-0.10 dlogz:62.264>0.1]
10045it [2:04:49 bound:104 nc:1111 ncall:5.7e+06 eff:0.2% logz-ratio=44.44+/-0.10 dlogz:61.637>0.1]
10105it [2:06:04 bound:105 nc:707 ncall:5.8e+06 eff:0.2% logz-ratio=45.01+/-0.10 dlogz:61.013>0.1]
10167it [2:07:18 bound:106 nc:829 ncall:5.8e+06 eff:0.2% logz-ratio=45.59+/-0.10 dlogz:60.375>0.1]
10227it [2:08:26 bound:107 nc:1049 ncall:5.9e+06 eff:0.2% logz-ratio=46.20+/-0.10 dlogz:59.701>0.1]
10290it [2:09:51 bound:108 nc:966 ncall:6.0e+06 eff:0.2% logz-ratio=46.78+/-0.10 dlogz:64.657>0.1]
10352it [2:11:07 bound:109 nc:1021 ncall:6.0e+06 eff:0.2% logz-ratio=47.31+/-0.10 dlogz:64.066>0.1]
10415it [2:12:27 bound:110 nc:1078 ncall:6.1e+06 eff:0.2% logz-ratio=47.85+/-0.10 dlogz:63.470>0.1]
10478it [2:13:36 bound:111 nc:870 ncall:6.1e+06 eff:0.2% logz-ratio=48.42+/-0.11 dlogz:62.834>0.1]
10542it [2:14:50 bound:112 nc:600 ncall:6.2e+06 eff:0.2% logz-ratio=48.96+/-0.11 dlogz:62.230>0.1]
10601it [2:16:07 bound:113 nc:1148 ncall:6.3e+06 eff:0.2% logz-ratio=49.47+/-0.11 dlogz:61.662>0.1]
10662it [2:17:30 bound:114 nc:1202 ncall:6.3e+06 eff:0.2% logz-ratio=49.99+/-0.11 dlogz:61.086>0.1]
10724it [2:18:45 bound:115 nc:928 ncall:6.4e+06 eff:0.2% logz-ratio=50.51+/-0.11 dlogz:60.509>0.1]
10786it [2:20:04 bound:116 nc:783 ncall:6.4e+06 eff:0.2% logz-ratio=51.01+/-0.11 dlogz:59.942>0.1]
10848it [2:21:20 bound:117 nc:1072 ncall:6.5e+06 eff:0.2% logz-ratio=51.59+/-0.11 dlogz:59.300>0.1]
10911it [2:22:39 bound:118 nc:1031 ncall:6.6e+06 eff:0.2% logz-ratio=52.17+/-0.11 dlogz:58.666>0.1]
10974it [2:23:58 bound:119 nc:1258 ncall:6.6e+06 eff:0.2% logz-ratio=52.70+/-0.11 dlogz:58.069>0.1]
11036it [2:25:15 bound:120 nc:980 ncall:6.7e+06 eff:0.2% logz-ratio=53.25+/-0.11 dlogz:57.457>0.1]
11099it [2:26:37 bound:121 nc:1157 ncall:6.7e+06 eff:0.2% logz-ratio=53.81+/-0.11 dlogz:56.836>0.1]
11159it [2:27:56 bound:122 nc:562 ncall:6.8e+06 eff:0.2% logz-ratio=54.39+/-0.11 dlogz:56.202>0.1]
11221it [2:29:20 bound:123 nc:859 ncall:6.9e+06 eff:0.2% logz-ratio=55.03+/-0.11 dlogz:55.501>0.1]
11284it [2:30:42 bound:124 nc:1007 ncall:6.9e+06 eff:0.2% logz-ratio=55.68+/-0.11 dlogz:54.792>0.1]
11345it [2:32:02 bound:125 nc:1038 ncall:7.0e+06 eff:0.2% logz-ratio=56.25+/-0.11 dlogz:54.162>0.1]
11403it [2:33:23 bound:126 nc:1249 ncall:7.0e+06 eff:0.2% logz-ratio=56.76+/-0.11 dlogz:53.593>0.1]
11464it [2:34:39 bound:127 nc:1270 ncall:7.1e+06 eff:0.2% logz-ratio=57.29+/-0.11 dlogz:52.999>0.1]
11527it [2:36:04 bound:128 nc:913 ncall:7.2e+06 eff:0.2% logz-ratio=57.84+/-0.11 dlogz:52.387>0.1]
11589it [2:37:26 bound:129 nc:1013 ncall:7.2e+06 eff:0.2% logz-ratio=58.37+/-0.11 dlogz:51.803>0.1]
11651it [2:38:42 bound:130 nc:883 ncall:7.3e+06 eff:0.2% logz-ratio=58.88+/-0.11 dlogz:51.227>0.1]
11711it [2:40:10 bound:131 nc:635 ncall:7.3e+06 eff:0.2% logz-ratio=59.40+/-0.11 dlogz:50.654>0.1]
11772it [2:41:45 bound:132 nc:831 ncall:7.4e+06 eff:0.2% logz-ratio=59.93+/-0.11 dlogz:50.064>0.1]
11829it [2:43:14 bound:133 nc:936 ncall:7.5e+06 eff:0.2% logz-ratio=60.44+/-0.11 dlogz:49.498>0.1]
11892it [2:44:35 bound:134 nc:1049 ncall:7.5e+06 eff:0.2% logz-ratio=60.99+/-0.11 dlogz:48.886>0.1]
11955it [2:45:52 bound:135 nc:679 ncall:7.6e+06 eff:0.2% logz-ratio=61.55+/-0.11 dlogz:48.265>0.1]
12016it [2:47:17 bound:136 nc:1144 ncall:7.6e+06 eff:0.2% logz-ratio=62.10+/-0.11 dlogz:47.651>0.1]
12077it [2:48:41 bound:137 nc:673 ncall:7.7e+06 eff:0.2% logz-ratio=62.67+/-0.11 dlogz:47.022>0.1]
12140it [2:49:55 bound:138 nc:817 ncall:7.8e+06 eff:0.2% logz-ratio=63.21+/-0.11 dlogz:46.426>0.1]
12203it [2:51:14 bound:139 nc:1002 ncall:7.8e+06 eff:0.2% logz-ratio=63.70+/-0.11 dlogz:46.205>0.1]
12264it [2:52:49 bound:140 nc:771 ncall:7.9e+06 eff:0.2% logz-ratio=64.16+/-0.11 dlogz:45.684>0.1]
12326it [2:54:10 bound:141 nc:893 ncall:7.9e+06 eff:0.2% logz-ratio=64.65+/-0.11 dlogz:45.131>0.1]
12385it [2:55:32 bound:142 nc:811 ncall:8.0e+06 eff:0.2% logz-ratio=65.13+/-0.11 dlogz:44.600>0.1]
12447it [2:56:52 bound:143 nc:1765 ncall:8.1e+06 eff:0.2% logz-ratio=65.61+/-0.11 dlogz:44.061>0.1]
12509it [2:58:10 bound:144 nc:1424 ncall:8.1e+06 eff:0.2% logz-ratio=66.07+/-0.11 dlogz:43.536>0.1]
12572it [2:59:34 bound:145 nc:982 ncall:8.2e+06 eff:0.2% logz-ratio=66.53+/-0.11 dlogz:43.013>0.1]
12635it [3:00:57 bound:146 nc:780 ncall:8.3e+06 eff:0.2% logz-ratio=67.01+/-0.11 dlogz:42.472>0.1]
12699it [3:02:28 bound:147 nc:903 ncall:8.3e+06 eff:0.2% logz-ratio=67.52+/-0.11 dlogz:41.899>0.1]
12761it [3:03:45 bound:148 nc:944 ncall:8.4e+06 eff:0.2% logz-ratio=68.02+/-0.11 dlogz:41.343>0.1]
12824it [3:05:14 bound:149 nc:1527 ncall:8.4e+06 eff:0.2% logz-ratio=68.51+/-0.11 dlogz:40.789>0.1]
12887it [3:06:37 bound:150 nc:1135 ncall:8.5e+06 eff:0.2% logz-ratio=68.99+/-0.11 dlogz:40.252>0.1]
12951it [3:07:51 bound:151 nc:981 ncall:8.6e+06 eff:0.2% logz-ratio=69.47+/-0.12 dlogz:39.705>0.1]
13010it [3:09:10 bound:152 nc:928 ncall:8.6e+06 eff:0.2% logz-ratio=69.91+/-0.12 dlogz:39.208>0.1]
13067it [3:10:29 bound:153 nc:1526 ncall:8.7e+06 eff:0.2% logz-ratio=70.36+/-0.12 dlogz:38.704>0.1]
13130it [3:11:55 bound:154 nc:760 ncall:8.8e+06 eff:0.1% logz-ratio=70.87+/-0.12 dlogz:38.134>0.1]
13192it [3:13:28 bound:155 nc:886 ncall:8.8e+06 eff:0.1% logz-ratio=71.33+/-0.12 dlogz:37.610>0.1]
13254it [3:14:53 bound:156 nc:1092 ncall:8.9e+06 eff:0.1% logz-ratio=71.78+/-0.12 dlogz:37.101>0.1]
13316it [3:16:08 bound:157 nc:995 ncall:8.9e+06 eff:0.1% logz-ratio=72.24+/-0.12 dlogz:36.583>0.1]
13378it [3:17:31 bound:158 nc:807 ncall:9.0e+06 eff:0.1% logz-ratio=72.70+/-0.12 dlogz:36.055>0.1]
13436it [3:19:03 bound:159 nc:888 ncall:9.1e+06 eff:0.1% logz-ratio=73.12+/-0.12 dlogz:35.579>0.1]
13499it [3:20:29 bound:160 nc:990 ncall:9.1e+06 eff:0.1% logz-ratio=73.55+/-0.12 dlogz:35.087>0.1]
13562it [3:22:04 bound:161 nc:872 ncall:9.2e+06 eff:0.1% logz-ratio=73.98+/-0.12 dlogz:43.331>0.1]
13624it [3:23:32 bound:162 nc:942 ncall:9.3e+06 eff:0.1% logz-ratio=74.40+/-0.12 dlogz:42.859>0.1]
13683it [3:24:51 bound:163 nc:1002 ncall:9.3e+06 eff:0.1% logz-ratio=74.80+/-0.12 dlogz:42.394>0.1]
13747it [3:26:19 bound:164 nc:1129 ncall:9.4e+06 eff:0.1% logz-ratio=75.24+/-0.12 dlogz:41.891>0.1]
13810it [3:27:48 bound:165 nc:1145 ncall:9.4e+06 eff:0.1% logz-ratio=75.65+/-0.12 dlogz:41.426>0.1]
13874it [3:29:15 bound:166 nc:816 ncall:9.5e+06 eff:0.1% logz-ratio=76.07+/-0.12 dlogz:40.940>0.1]
13936it [3:30:58 bound:167 nc:739 ncall:9.6e+06 eff:0.1% logz-ratio=76.48+/-0.12 dlogz:40.473>0.1]
13998it [3:32:32 bound:168 nc:1026 ncall:9.6e+06 eff:0.1% logz-ratio=76.88+/-0.12 dlogz:40.008>0.1]
14060it [3:34:03 bound:169 nc:556 ncall:9.7e+06 eff:0.1% logz-ratio=77.28+/-0.12 dlogz:39.553>0.1]
14122it [3:35:24 bound:170 nc:1527 ncall:9.8e+06 eff:0.1% logz-ratio=77.67+/-0.12 dlogz:39.095>0.1]
14184it [3:36:58 bound:171 nc:2062 ncall:9.8e+06 eff:0.1% logz-ratio=78.04+/-0.12 dlogz:38.665>0.1]
14246it [3:38:16 bound:172 nc:759 ncall:9.9e+06 eff:0.1% logz-ratio=78.40+/-0.12 dlogz:38.247>0.1]
14308it [3:39:52 bound:173 nc:901 ncall:9.9e+06 eff:0.1% logz-ratio=78.78+/-0.12 dlogz:37.807>0.1]
14371it [3:41:20 bound:174 nc:1078 ncall:1.0e+07 eff:0.1% logz-ratio=79.16+/-0.12 dlogz:37.366>0.1]
14432it [3:42:49 bound:175 nc:2505 ncall:1.0e+07 eff:0.1% logz-ratio=79.54+/-0.12 dlogz:36.926>0.1]
14492it [3:44:10 bound:176 nc:818 ncall:1.0e+07 eff:0.1% logz-ratio=79.91+/-0.12 dlogz:36.494>0.1]
14553it [3:45:33 bound:177 nc:926 ncall:1.0e+07 eff:0.1% logz-ratio=80.26+/-0.12 dlogz:36.084>0.1]
14615it [3:46:57 bound:178 nc:1037 ncall:1.0e+07 eff:0.1% logz-ratio=80.60+/-0.12 dlogz:35.687>0.1]
14677it [3:48:23 bound:179 nc:1105 ncall:1.0e+07 eff:0.1% logz-ratio=80.94+/-0.12 dlogz:35.289>0.1]
14741it [3:49:52 bound:180 nc:782 ncall:1.0e+07 eff:0.1% logz-ratio=81.29+/-0.12 dlogz:34.869>0.1]
14800it [3:51:17 bound:181 nc:925 ncall:1.0e+07 eff:0.1% logz-ratio=81.64+/-0.12 dlogz:34.466>0.1]
14862it [3:52:45 bound:182 nc:1125 ncall:1.1e+07 eff:0.1% logz-ratio=81.99+/-0.12 dlogz:34.056>0.1]
14924it [3:54:14 bound:183 nc:776 ncall:1.1e+07 eff:0.1% logz-ratio=82.33+/-0.12 dlogz:33.652>0.1]
14984it [3:55:47 bound:184 nc:1005 ncall:1.1e+07 eff:0.1% logz-ratio=82.67+/-0.12 dlogz:33.254>0.1]
15047it [3:57:17 bound:185 nc:773 ncall:1.1e+07 eff:0.1% logz-ratio=83.01+/-0.12 dlogz:32.851>0.1]
15111it [3:58:38 bound:186 nc:903 ncall:1.1e+07 eff:0.1% logz-ratio=83.35+/-0.12 dlogz:32.455>0.1]
15171it [4:00:13 bound:187 nc:1789 ncall:1.1e+07 eff:0.1% logz-ratio=83.66+/-0.12 dlogz:32.087>0.1]
15232it [4:01:47 bound:188 nc:384 ncall:1.1e+07 eff:0.1% logz-ratio=83.99+/-0.12 dlogz:31.692>0.1]
15291it [4:03:40 bound:189 nc:747 ncall:1.1e+07 eff:0.1% logz-ratio=84.32+/-0.12 dlogz:31.308>0.1]
15354it [4:05:06 bound:190 nc:2325 ncall:1.1e+07 eff:0.1% logz-ratio=84.66+/-0.12 dlogz:30.907>0.1]
15416it [4:06:40 bound:191 nc:976 ncall:1.1e+07 eff:0.1% logz-ratio=84.98+/-0.12 dlogz:30.522>0.1]
15477it [4:08:04 bound:192 nc:526 ncall:1.1e+07 eff:0.1% logz-ratio=85.30+/-0.12 dlogz:30.148>0.1]
15539it [4:09:23 bound:193 nc:1868 ncall:1.1e+07 eff:0.1% logz-ratio=85.61+/-0.12 dlogz:36.135>0.1]
15602it [4:10:41 bound:194 nc:946 ncall:1.1e+07 eff:0.1% logz-ratio=85.92+/-0.12 dlogz:35.762>0.1]
15662it [4:12:22 bound:195 nc:925 ncall:1.1e+07 eff:0.1% logz-ratio=86.21+/-0.12 dlogz:35.410>0.1]
15725it [4:13:50 bound:196 nc:800 ncall:1.1e+07 eff:0.1% logz-ratio=86.52+/-0.12 dlogz:35.048>0.1]
15788it [4:15:06 bound:197 nc:1119 ncall:1.2e+07 eff:0.1% logz-ratio=86.82+/-0.12 dlogz:34.682>0.1]
15852it [4:16:30 bound:198 nc:1232 ncall:1.2e+07 eff:0.1% logz-ratio=87.11+/-0.12 dlogz:34.325>0.1]
15916it [4:17:45 bound:199 nc:1185 ncall:1.2e+07 eff:0.1% logz-ratio=87.38+/-0.12 dlogz:33.992>0.1]
15978it [4:19:19 bound:200 nc:965 ncall:1.2e+07 eff:0.1% logz-ratio=87.65+/-0.12 dlogz:33.666>0.1]
16041it [4:20:46 bound:201 nc:1263 ncall:1.2e+07 eff:0.1% logz-ratio=87.92+/-0.12 dlogz:33.336>0.1]
16102it [4:22:06 bound:202 nc:1275 ncall:1.2e+07 eff:0.1% logz-ratio=88.19+/-0.13 dlogz:33.008>0.1]
16164it [4:23:31 bound:203 nc:1110 ncall:1.2e+07 eff:0.1% logz-ratio=88.47+/-0.13 dlogz:32.667>0.1]
16226it [4:24:58 bound:204 nc:778 ncall:1.2e+07 eff:0.1% logz-ratio=88.76+/-0.13 dlogz:32.313>0.1]
16288it [4:26:14 bound:205 nc:1020 ncall:1.2e+07 eff:0.1% logz-ratio=89.07+/-0.13 dlogz:31.948>0.1]
16349it [4:27:38 bound:206 nc:934 ncall:1.2e+07 eff:0.1% logz-ratio=89.36+/-0.13 dlogz:31.599>0.1]
16411it [4:29:10 bound:207 nc:1517 ncall:1.2e+07 eff:0.1% logz-ratio=89.66+/-0.13 dlogz:31.232>0.1]
16474it [4:30:41 bound:208 nc:1150 ncall:1.2e+07 eff:0.1% logz-ratio=89.97+/-0.13 dlogz:30.863>0.1]
16537it [4:32:14 bound:209 nc:1360 ncall:1.2e+07 eff:0.1% logz-ratio=90.26+/-0.13 dlogz:30.511>0.1]
16599it [4:33:48 bound:210 nc:870 ncall:1.2e+07 eff:0.1% logz-ratio=90.54+/-0.13 dlogz:30.167>0.1]
16660it [4:35:17 bound:211 nc:867 ncall:1.2e+07 eff:0.1% logz-ratio=90.81+/-0.13 dlogz:29.837>0.1]
16722it [4:36:47 bound:212 nc:1045 ncall:1.2e+07 eff:0.1% logz-ratio=91.09+/-0.13 dlogz:29.499>0.1]
16785it [4:38:19 bound:213 nc:796 ncall:1.3e+07 eff:0.1% logz-ratio=91.37+/-0.13 dlogz:29.158>0.1]
16847it [4:39:40 bound:214 nc:749 ncall:1.3e+07 eff:0.1% logz-ratio=91.63+/-0.13 dlogz:28.834>0.1]
16910it [4:41:10 bound:215 nc:1110 ncall:1.3e+07 eff:0.1% logz-ratio=91.90+/-0.13 dlogz:28.507>0.1]
16973it [4:42:43 bound:216 nc:1340 ncall:1.3e+07 eff:0.1% logz-ratio=92.16+/-0.13 dlogz:28.190>0.1]
17037it [4:44:09 bound:217 nc:1301 ncall:1.3e+07 eff:0.1% logz-ratio=92.42+/-0.13 dlogz:27.858>0.1]
17099it [4:45:48 bound:218 nc:1325 ncall:1.3e+07 eff:0.1% logz-ratio=92.67+/-0.13 dlogz:27.550>0.1]
17158it [4:47:22 bound:219 nc:898 ncall:1.3e+07 eff:0.1% logz-ratio=92.91+/-0.13 dlogz:27.257>0.1]
17220it [4:48:51 bound:220 nc:1363 ncall:1.3e+07 eff:0.1% logz-ratio=93.17+/-0.13 dlogz:26.933>0.1]
17280it [4:50:15 bound:221 nc:1107 ncall:1.3e+07 eff:0.1% logz-ratio=93.44+/-0.13 dlogz:26.608>0.1]
17344it [4:51:43 bound:222 nc:1457 ncall:1.3e+07 eff:0.1% logz-ratio=93.74+/-0.13 dlogz:26.242>0.1]
17407it [4:53:02 bound:223 nc:1014 ncall:1.3e+07 eff:0.1% logz-ratio=94.03+/-0.13 dlogz:25.889>0.1]
17470it [4:54:26 bound:224 nc:963 ncall:1.3e+07 eff:0.1% logz-ratio=94.32+/-0.13 dlogz:25.538>0.1]
17534it [4:55:56 bound:225 nc:1091 ncall:1.3e+07 eff:0.1% logz-ratio=94.63+/-0.13 dlogz:27.744>0.1]
17596it [4:57:21 bound:226 nc:840 ncall:1.3e+07 eff:0.1% logz-ratio=94.90+/-0.13 dlogz:27.405>0.1]
17660it [4:58:38 bound:227 nc:1339 ncall:1.3e+07 eff:0.1% logz-ratio=95.18+/-0.13 dlogz:27.062>0.1]
17722it [5:00:11 bound:228 nc:890 ncall:1.4e+07 eff:0.1% logz-ratio=95.44+/-0.13 dlogz:26.745>0.1]
17784it [5:01:49 bound:229 nc:1868 ncall:1.4e+07 eff:0.1% logz-ratio=95.68+/-0.13 dlogz:26.442>0.1]
17846it [5:03:14 bound:230 nc:919 ncall:1.4e+07 eff:0.1% logz-ratio=95.92+/-0.13 dlogz:26.146>0.1]
17908it [5:05:05 bound:231 nc:1179 ncall:1.4e+07 eff:0.1% logz-ratio=96.16+/-0.13 dlogz:25.846>0.1]
17971it [5:06:34 bound:232 nc:1647 ncall:1.4e+07 eff:0.1% logz-ratio=96.40+/-0.13 dlogz:25.543>0.1]
18033it [5:08:00 bound:233 nc:846 ncall:1.4e+07 eff:0.1% logz-ratio=96.63+/-0.13 dlogz:25.255>0.1]
18093it [5:09:23 bound:234 nc:2220 ncall:1.4e+07 eff:0.1% logz-ratio=96.83+/-0.13 dlogz:24.991>0.1]
18156it [5:10:53 bound:235 nc:768 ncall:1.4e+07 eff:0.1% logz-ratio=97.05+/-0.13 dlogz:24.709>0.1]
18218it [5:12:25 bound:236 nc:1494 ncall:1.4e+07 eff:0.1% logz-ratio=97.26+/-0.13 dlogz:24.437>0.1]
18281it [5:14:03 bound:237 nc:1158 ncall:1.4e+07 eff:0.1% logz-ratio=97.48+/-0.13 dlogz:24.161>0.1]
18345it [5:15:45 bound:238 nc:943 ncall:1.4e+07 eff:0.1% logz-ratio=97.71+/-0.13 dlogz:23.866>0.1]
18408it [5:17:19 bound:239 nc:1503 ncall:1.4e+07 eff:0.1% logz-ratio=97.94+/-0.13 dlogz:23.580>0.1]
18470it [5:18:50 bound:240 nc:2494 ncall:1.4e+07 eff:0.1% logz-ratio=98.15+/-0.13 dlogz:23.302>0.1]
18532it [5:20:19 bound:241 nc:1296 ncall:1.4e+07 eff:0.1% logz-ratio=98.37+/-0.13 dlogz:23.022>0.1]
18595it [5:21:51 bound:242 nc:1106 ncall:1.5e+07 eff:0.1% logz-ratio=98.60+/-0.13 dlogz:22.728>0.1]
18657it [5:23:34 bound:243 nc:1281 ncall:1.5e+07 eff:0.1% logz-ratio=98.84+/-0.13 dlogz:22.432>0.1]
18720it [5:25:19 bound:244 nc:1433 ncall:1.5e+07 eff:0.1% logz-ratio=99.07+/-0.13 dlogz:22.993>0.1]
18782it [5:26:51 bound:245 nc:1103 ncall:1.5e+07 eff:0.1% logz-ratio=99.31+/-0.13 dlogz:22.694>0.1]
18843it [5:28:29 bound:246 nc:1282 ncall:1.5e+07 eff:0.1% logz-ratio=99.57+/-0.13 dlogz:22.373>0.1]
18906it [5:30:00 bound:247 nc:1410 ncall:1.5e+07 eff:0.1% logz-ratio=99.85+/-0.13 dlogz:22.037>0.1]
18969it [5:31:39 bound:248 nc:1884 ncall:1.5e+07 eff:0.1% logz-ratio=100.11+/-0.14 dlogz:21.712>0.1]
19032it [5:33:18 bound:249 nc:1505 ncall:1.5e+07 eff:0.1% logz-ratio=100.38+/-0.14 dlogz:21.382>0.1]
19093it [5:35:07 bound:250 nc:2360 ncall:1.5e+07 eff:0.1% logz-ratio=100.64+/-0.14 dlogz:21.063>0.1]
19153it [5:36:47 bound:251 nc:1182 ncall:1.5e+07 eff:0.1% logz-ratio=100.90+/-0.14 dlogz:20.742>0.1]
19215it [5:38:34 bound:252 nc:885 ncall:1.5e+07 eff:0.1% logz-ratio=101.16+/-0.14 dlogz:20.423>0.1]
19277it [5:40:17 bound:253 nc:1352 ncall:1.5e+07 eff:0.1% logz-ratio=101.41+/-0.14 dlogz:20.604>0.1]
19337it [5:42:05 bound:254 nc:1128 ncall:1.6e+07 eff:0.1% logz-ratio=101.65+/-0.14 dlogz:20.297>0.1]
19399it [5:43:52 bound:255 nc:862 ncall:1.6e+07 eff:0.1% logz-ratio=101.90+/-0.14 dlogz:19.987>0.1]
19459it [5:45:32 bound:256 nc:1251 ncall:1.6e+07 eff:0.1% logz-ratio=102.14+/-0.14 dlogz:19.690>0.1]
19521it [5:47:16 bound:257 nc:1471 ncall:1.6e+07 eff:0.1% logz-ratio=102.38+/-0.14 dlogz:19.391>0.1]
19585it [5:48:59 bound:258 nc:1095 ncall:1.6e+07 eff:0.1% logz-ratio=102.63+/-0.14 dlogz:19.075>0.1]
19647it [5:50:49 bound:259 nc:1562 ncall:1.6e+07 eff:0.1% logz-ratio=102.87+/-0.14 dlogz:18.777>0.1]
19708it [5:52:48 bound:260 nc:1718 ncall:1.6e+07 eff:0.1% logz-ratio=103.11+/-0.14 dlogz:18.479>0.1]
19769it [5:54:47 bound:261 nc:2434 ncall:1.6e+07 eff:0.1% logz-ratio=103.35+/-0.14 dlogz:18.176>0.1]
19831it [5:56:53 bound:262 nc:1232 ncall:1.6e+07 eff:0.1% logz-ratio=103.60+/-0.14 dlogz:17.872>0.1]
19893it [5:58:43 bound:263 nc:3195 ncall:1.6e+07 eff:0.1% logz-ratio=103.82+/-0.14 dlogz:17.586>0.1]
19953it [6:00:34 bound:264 nc:1376 ncall:1.6e+07 eff:0.1% logz-ratio=104.04+/-0.14 dlogz:17.307>0.1]
20015it [6:02:32 bound:265 nc:2936 ncall:1.6e+07 eff:0.1% logz-ratio=104.27+/-0.14 dlogz:17.016>0.1]
20076it [6:04:25 bound:266 nc:1600 ncall:1.7e+07 eff:0.1% logz-ratio=104.50+/-0.14 dlogz:16.727>0.1]
20137it [6:06:40 bound:267 nc:718 ncall:1.7e+07 eff:0.1% logz-ratio=104.72+/-0.14 dlogz:16.446>0.1]
20199it [6:08:26 bound:268 nc:1085 ncall:1.7e+07 eff:0.1% logz-ratio=104.96+/-0.14 dlogz:16.147>0.1]
20263it [6:10:13 bound:269 nc:961 ncall:1.7e+07 eff:0.1% logz-ratio=105.20+/-0.14 dlogz:15.846>0.1]
20327it [6:12:10 bound:270 nc:1371 ncall:1.7e+07 eff:0.1% logz-ratio=105.42+/-0.14 dlogz:15.565>0.1]
20389it [6:14:11 bound:271 nc:1733 ncall:1.7e+07 eff:0.1% logz-ratio=105.62+/-0.14 dlogz:15.302>0.1]
20452it [6:16:01 bound:272 nc:961 ncall:1.7e+07 eff:0.1% logz-ratio=105.83+/-0.14 dlogz:15.036>0.1]
20513it [6:17:44 bound:273 nc:1331 ncall:1.7e+07 eff:0.1% logz-ratio=106.03+/-0.14 dlogz:14.770>0.1]
20574it [6:19:28 bound:274 nc:2298 ncall:1.7e+07 eff:0.1% logz-ratio=106.24+/-0.14 dlogz:14.506>0.1]
20637it [6:21:15 bound:275 nc:1474 ncall:1.7e+07 eff:0.1% logz-ratio=106.44+/-0.14 dlogz:14.243>0.1]
20698it [6:23:14 bound:276 nc:1348 ncall:1.7e+07 eff:0.1% logz-ratio=106.63+/-0.14 dlogz:13.994>0.1]
20759it [6:25:06 bound:277 nc:1558 ncall:1.7e+07 eff:0.1% logz-ratio=106.82+/-0.14 dlogz:13.743>0.1]
20822it [6:26:58 bound:278 nc:1053 ncall:1.8e+07 eff:0.1% logz-ratio=107.02+/-0.14 dlogz:13.480>0.1]
20884it [6:28:48 bound:279 nc:2748 ncall:1.8e+07 eff:0.1% logz-ratio=107.21+/-0.14 dlogz:13.234>0.1]
20945it [6:30:44 bound:280 nc:1829 ncall:1.8e+07 eff:0.1% logz-ratio=107.38+/-0.14 dlogz:13.001>0.1]
21008it [6:32:21 bound:281 nc:1598 ncall:1.8e+07 eff:0.1% logz-ratio=107.56+/-0.14 dlogz:12.760>0.1]
21070it [6:34:04 bound:282 nc:1157 ncall:1.8e+07 eff:0.1% logz-ratio=107.74+/-0.14 dlogz:12.520>0.1]
21132it [6:35:46 bound:283 nc:2481 ncall:1.8e+07 eff:0.1% logz-ratio=107.91+/-0.14 dlogz:12.284>0.1]
21194it [6:37:36 bound:284 nc:1021 ncall:1.8e+07 eff:0.1% logz-ratio=108.09+/-0.14 dlogz:12.051>0.1]
21256it [6:39:18 bound:285 nc:1073 ncall:1.8e+07 eff:0.1% logz-ratio=108.25+/-0.14 dlogz:11.823>0.1]
21317it [6:41:12 bound:286 nc:1407 ncall:1.8e+07 eff:0.1% logz-ratio=108.41+/-0.14 dlogz:11.606>0.1]
21380it [6:42:54 bound:287 nc:1671 ncall:1.8e+07 eff:0.1% logz-ratio=108.57+/-0.14 dlogz:11.386>0.1]
21443it [6:44:36 bound:288 nc:2985 ncall:1.8e+07 eff:0.1% logz-ratio=108.73+/-0.14 dlogz:11.863>0.1]
21507it [6:46:26 bound:289 nc:1403 ncall:1.9e+07 eff:0.1% logz-ratio=108.89+/-0.14 dlogz:11.642>0.1]
21568it [6:48:20 bound:290 nc:2478 ncall:1.9e+07 eff:0.1% logz-ratio=109.04+/-0.14 dlogz:11.432>0.1]
21631it [6:50:05 bound:291 nc:1438 ncall:1.9e+07 eff:0.1% logz-ratio=109.19+/-0.14 dlogz:11.219>0.1]
21695it [6:51:50 bound:292 nc:1394 ncall:1.9e+07 eff:0.1% logz-ratio=109.34+/-0.14 dlogz:11.008>0.1]
21757it [6:53:31 bound:293 nc:1484 ncall:1.9e+07 eff:0.1% logz-ratio=109.48+/-0.14 dlogz:10.804>0.1]
21821it [6:55:16 bound:294 nc:1588 ncall:1.9e+07 eff:0.1% logz-ratio=109.63+/-0.14 dlogz:10.596>0.1]
21883it [6:57:07 bound:295 nc:1749 ncall:1.9e+07 eff:0.1% logz-ratio=109.77+/-0.14 dlogz:10.396>0.1]
21943it [6:58:57 bound:296 nc:1544 ncall:1.9e+07 eff:0.1% logz-ratio=109.90+/-0.14 dlogz:10.205>0.1]
22006it [7:00:41 bound:297 nc:1972 ncall:1.9e+07 eff:0.1% logz-ratio=110.03+/-0.14 dlogz:10.010>0.1]
22067it [7:02:42 bound:298 nc:1559 ncall:1.9e+07 eff:0.1% logz-ratio=110.16+/-0.14 dlogz:9.826>0.1]
22127it [7:04:24 bound:299 nc:2133 ncall:1.9e+07 eff:0.1% logz-ratio=110.28+/-0.14 dlogz:9.647>0.1]
22190it [7:06:14 bound:300 nc:992 ncall:1.9e+07 eff:0.1% logz-ratio=110.40+/-0.14 dlogz:9.459>0.1]
22250it [7:08:35 bound:301 nc:1269 ncall:2.0e+07 eff:0.1% logz-ratio=110.52+/-0.14 dlogz:9.280>0.1]
22309it [7:10:26 bound:302 nc:1271 ncall:2.0e+07 eff:0.1% logz-ratio=110.64+/-0.14 dlogz:9.104>0.1]
22372it [7:12:29 bound:303 nc:1445 ncall:2.0e+07 eff:0.1% logz-ratio=110.77+/-0.14 dlogz:8.915>0.1]
22435it [7:14:30 bound:304 nc:729 ncall:2.0e+07 eff:0.1% logz-ratio=110.89+/-0.14 dlogz:8.728>0.1]
22499it [7:16:25 bound:305 nc:1619 ncall:2.0e+07 eff:0.1% logz-ratio=111.02+/-0.14 dlogz:8.539>0.1]
22563it [7:18:16 bound:306 nc:1679 ncall:2.0e+07 eff:0.1% logz-ratio=111.14+/-0.14 dlogz:9.217>0.1]
22626it [7:20:14 bound:307 nc:1387 ncall:2.0e+07 eff:0.1% logz-ratio=111.26+/-0.14 dlogz:9.036>0.1]
22687it [7:22:04 bound:308 nc:1677 ncall:2.0e+07 eff:0.1% logz-ratio=111.38+/-0.14 dlogz:8.863>0.1]
22750it [7:24:01 bound:309 nc:1406 ncall:2.0e+07 eff:0.1% logz-ratio=111.49+/-0.14 dlogz:8.686>0.1]
22813it [7:26:02 bound:310 nc:970 ncall:2.0e+07 eff:0.1% logz-ratio=111.60+/-0.14 dlogz:8.514>0.1]
22872it [7:27:56 bound:311 nc:1659 ncall:2.0e+07 eff:0.1% logz-ratio=111.71+/-0.14 dlogz:8.354>0.1]
22933it [7:29:52 bound:312 nc:1033 ncall:2.1e+07 eff:0.1% logz-ratio=111.81+/-0.15 dlogz:8.192>0.1]
22996it [7:31:46 bound:313 nc:1335 ncall:2.1e+07 eff:0.1% logz-ratio=111.91+/-0.15 dlogz:8.030>0.1]
23059it [7:33:40 bound:314 nc:1371 ncall:2.1e+07 eff:0.1% logz-ratio=112.00+/-0.15 dlogz:7.873>0.1]
23121it [7:35:36 bound:315 nc:1679 ncall:2.1e+07 eff:0.1% logz-ratio=112.10+/-0.15 dlogz:7.750>0.1]
23185it [7:37:27 bound:316 nc:1587 ncall:2.1e+07 eff:0.1% logz-ratio=112.19+/-0.15 dlogz:7.597>0.1]
23248it [7:39:15 bound:317 nc:2074 ncall:2.1e+07 eff:0.1% logz-ratio=112.27+/-0.15 dlogz:7.450>0.1]
23306it [7:41:16 bound:318 nc:1585 ncall:2.1e+07 eff:0.1% logz-ratio=112.35+/-0.15 dlogz:7.315>0.1]
23370it [7:43:20 bound:319 nc:1477 ncall:2.1e+07 eff:0.1% logz-ratio=112.43+/-0.15 dlogz:7.168>0.1]
23433it [7:45:14 bound:320 nc:1375 ncall:2.1e+07 eff:0.1% logz-ratio=112.51+/-0.15 dlogz:7.027>0.1]
23493it [7:47:07 bound:321 nc:1669 ncall:2.1e+07 eff:0.1% logz-ratio=112.59+/-0.15 dlogz:6.894>0.1]
23555it [7:49:11 bound:322 nc:1818 ncall:2.2e+07 eff:0.1% logz-ratio=112.67+/-0.15 dlogz:6.757>0.1]
23615it [7:51:11 bound:323 nc:1365 ncall:2.2e+07 eff:0.1% logz-ratio=112.74+/-0.15 dlogz:6.625>0.1]
23677it [7:53:14 bound:324 nc:1510 ncall:2.2e+07 eff:0.1% logz-ratio=112.81+/-0.15 dlogz:6.489>0.1]
23740it [7:55:28 bound:325 nc:1683 ncall:2.2e+07 eff:0.1% logz-ratio=112.89+/-0.15 dlogz:6.353>0.1]
23801it [7:57:32 bound:326 nc:1887 ncall:2.2e+07 eff:0.1% logz-ratio=112.96+/-0.15 dlogz:6.223>0.1]
23862it [7:59:26 bound:327 nc:1256 ncall:2.2e+07 eff:0.1% logz-ratio=113.03+/-0.15 dlogz:6.096>0.1]
23925it [8:01:24 bound:328 nc:780 ncall:2.2e+07 eff:0.1% logz-ratio=113.10+/-0.15 dlogz:6.388>0.1]
23988it [8:03:26 bound:329 nc:1343 ncall:2.2e+07 eff:0.1% logz-ratio=113.17+/-0.15 dlogz:6.257>0.1]
24050it [8:05:23 bound:330 nc:1993 ncall:2.2e+07 eff:0.1% logz-ratio=113.23+/-0.15 dlogz:6.129>0.1]
24111it [8:07:19 bound:331 nc:1422 ncall:2.2e+07 eff:0.1% logz-ratio=113.30+/-0.15 dlogz:6.005>0.1]
24173it [8:09:55 bound:332 nc:470 ncall:2.2e+07 eff:0.1% logz-ratio=113.36+/-0.15 dlogz:5.881>0.1]
24233it [8:12:19 bound:333 nc:2020 ncall:2.3e+07 eff:0.1% logz-ratio=113.43+/-0.15 dlogz:5.759>0.1]
24295it [8:14:28 bound:334 nc:2037 ncall:2.3e+07 eff:0.1% logz-ratio=113.49+/-0.15 dlogz:5.635>0.1]
24357it [8:16:41 bound:335 nc:1369 ncall:2.3e+07 eff:0.1% logz-ratio=113.55+/-0.15 dlogz:5.511>0.1]
24419it [8:18:45 bound:336 nc:1132 ncall:2.3e+07 eff:0.1% logz-ratio=113.62+/-0.15 dlogz:5.389>0.1]
24480it [8:20:45 bound:337 nc:1996 ncall:2.3e+07 eff:0.1% logz-ratio=113.67+/-0.15 dlogz:5.272>0.1]
24541it [8:22:37 bound:338 nc:1520 ncall:2.3e+07 eff:0.1% logz-ratio=113.73+/-0.15 dlogz:5.156>0.1]
24601it [8:24:31 bound:339 nc:1092 ncall:2.3e+07 eff:0.1% logz-ratio=113.79+/-0.15 dlogz:5.044>0.1]
24664it [8:26:29 bound:340 nc:1312 ncall:2.3e+07 eff:0.1% logz-ratio=113.84+/-0.15 dlogz:4.929>0.1]
24727it [8:28:42 bound:341 nc:1433 ncall:2.3e+07 eff:0.1% logz-ratio=113.89+/-0.15 dlogz:4.815>0.1]
24788it [8:30:44 bound:342 nc:1354 ncall:2.3e+07 eff:0.1% logz-ratio=113.94+/-0.15 dlogz:4.706>0.1]
24846it [8:32:38 bound:343 nc:1289 ncall:2.4e+07 eff:0.1% logz-ratio=113.99+/-0.15 dlogz:4.604>0.1]
24908it [8:34:37 bound:344 nc:1711 ncall:2.4e+07 eff:0.1% logz-ratio=114.04+/-0.15 dlogz:4.497>0.1]
24970it [8:36:30 bound:345 nc:1663 ncall:2.4e+07 eff:0.1% logz-ratio=114.09+/-0.15 dlogz:4.390>0.1]
25031it [8:38:35 bound:346 nc:1728 ncall:2.4e+07 eff:0.1% logz-ratio=114.13+/-0.15 dlogz:4.286>0.1]
25095it [8:40:40 bound:347 nc:1118 ncall:2.4e+07 eff:0.1% logz-ratio=114.18+/-0.15 dlogz:4.178>0.1]
25155it [8:42:44 bound:348 nc:1803 ncall:2.4e+07 eff:0.1% logz-ratio=114.22+/-0.15 dlogz:4.078>0.1]
25216it [8:45:00 bound:349 nc:1475 ncall:2.4e+07 eff:0.1% logz-ratio=114.26+/-0.15 dlogz:3.978>0.1]
25277it [8:47:05 bound:350 nc:1339 ncall:2.4e+07 eff:0.1% logz-ratio=114.31+/-0.15 dlogz:3.878>0.1]
25339it [8:49:04 bound:351 nc:1775 ncall:2.4e+07 eff:0.1% logz-ratio=114.35+/-0.15 dlogz:3.779>0.1]
25400it [8:51:01 bound:352 nc:802 ncall:2.4e+07 eff:0.1% logz-ratio=114.39+/-0.15 dlogz:3.683>0.1]
25461it [8:53:04 bound:353 nc:1849 ncall:2.4e+07 eff:0.1% logz-ratio=114.42+/-0.15 dlogz:3.587>0.1]
25523it [8:55:21 bound:354 nc:1357 ncall:2.5e+07 eff:0.1% logz-ratio=114.46+/-0.15 dlogz:3.491>0.1]
25587it [8:57:25 bound:355 nc:1066 ncall:2.5e+07 eff:0.1% logz-ratio=114.50+/-0.15 dlogz:3.394>0.1]
25648it [8:59:28 bound:356 nc:1758 ncall:2.5e+07 eff:0.1% logz-ratio=114.54+/-0.15 dlogz:3.302>0.1]
25706it [9:01:40 bound:357 nc:1695 ncall:2.5e+07 eff:0.1% logz-ratio=114.57+/-0.15 dlogz:3.215>0.1]
25768it [9:03:43 bound:358 nc:1726 ncall:2.5e+07 eff:0.1% logz-ratio=114.60+/-0.15 dlogz:3.124>0.1]
25831it [9:05:57 bound:359 nc:2245 ncall:2.5e+07 eff:0.1% logz-ratio=114.64+/-0.15 dlogz:3.032>0.1]
25893it [9:07:55 bound:360 nc:1362 ncall:2.5e+07 eff:0.1% logz-ratio=114.67+/-0.15 dlogz:2.943>0.1]
25954it [9:10:39 bound:361 nc:4011 ncall:2.5e+07 eff:0.1% logz-ratio=114.70+/-0.15 dlogz:2.857>0.1]
26016it [9:12:48 bound:362 nc:2399 ncall:2.5e+07 eff:0.1% logz-ratio=114.74+/-0.15 dlogz:2.770>0.1]
26078it [9:14:57 bound:363 nc:1250 ncall:2.5e+07 eff:0.1% logz-ratio=114.77+/-0.15 dlogz:2.685>0.1]
26140it [9:17:01 bound:364 nc:1349 ncall:2.6e+07 eff:0.1% logz-ratio=114.80+/-0.15 dlogz:2.602>0.1]
26202it [9:19:02 bound:365 nc:1331 ncall:2.6e+07 eff:0.1% logz-ratio=114.82+/-0.15 dlogz:2.519>0.1]
26264it [9:21:12 bound:366 nc:1601 ncall:2.6e+07 eff:0.1% logz-ratio=114.85+/-0.15 dlogz:2.438>0.1]
26326it [9:23:14 bound:367 nc:1598 ncall:2.6e+07 eff:0.1% logz-ratio=114.88+/-0.15 dlogz:2.359>0.1]
26389it [9:25:24 bound:368 nc:1418 ncall:2.6e+07 eff:0.1% logz-ratio=114.91+/-0.15 dlogz:2.280>0.1]
26452it [9:27:35 bound:369 nc:1175 ncall:2.6e+07 eff:0.1% logz-ratio=114.93+/-0.15 dlogz:2.202>0.1]
26514it [9:29:43 bound:370 nc:1472 ncall:2.6e+07 eff:0.1% logz-ratio=114.96+/-0.15 dlogz:2.127>0.1]
26576it [9:31:49 bound:371 nc:2123 ncall:2.6e+07 eff:0.1% logz-ratio=114.98+/-0.15 dlogz:2.053>0.1]
26637it [9:34:00 bound:372 nc:1021 ncall:2.6e+07 eff:0.1% logz-ratio=115.00+/-0.15 dlogz:1.982>0.1]
26701it [9:36:22 bound:373 nc:1671 ncall:2.6e+07 eff:0.1% logz-ratio=115.02+/-0.15 dlogz:1.909>0.1]
26763it [9:38:21 bound:374 nc:879 ncall:2.7e+07 eff:0.1% logz-ratio=115.05+/-0.15 dlogz:1.840>0.1]
26823it [9:40:27 bound:375 nc:1344 ncall:2.7e+07 eff:0.1% logz-ratio=115.07+/-0.15 dlogz:1.774>0.1]
26886it [9:42:36 bound:376 nc:1566 ncall:2.7e+07 eff:0.1% logz-ratio=115.09+/-0.15 dlogz:1.706>0.1]
26949it [9:44:58 bound:377 nc:1462 ncall:2.7e+07 eff:0.1% logz-ratio=115.11+/-0.15 dlogz:1.640>0.1]
27012it [9:47:27 bound:378 nc:1967 ncall:2.7e+07 eff:0.1% logz-ratio=115.13+/-0.15 dlogz:1.575>0.1]
27075it [9:49:51 bound:379 nc:1226 ncall:2.7e+07 eff:0.1% logz-ratio=115.14+/-0.15 dlogz:1.512>0.1]
27136it [9:52:09 bound:380 nc:1841 ncall:2.7e+07 eff:0.1% logz-ratio=115.16+/-0.15 dlogz:1.452>0.1]
27198it [9:54:15 bound:381 nc:1779 ncall:2.7e+07 eff:0.1% logz-ratio=115.18+/-0.15 dlogz:1.393>0.1]
27262it [9:56:35 bound:382 nc:1331 ncall:2.7e+07 eff:0.1% logz-ratio=115.20+/-0.15 dlogz:1.334>0.1]
27326it [9:58:51 bound:383 nc:1955 ncall:2.8e+07 eff:0.1% logz-ratio=115.21+/-0.15 dlogz:1.276>0.1]
27389it [10:00:59 bound:384 nc:1423 ncall:2.8e+07 eff:0.1% logz-ratio=115.23+/-0.15 dlogz:1.221>0.1]
27449it [10:03:27 bound:385 nc:1382 ncall:2.8e+07 eff:0.1% logz-ratio=115.24+/-0.15 dlogz:1.170>0.1]
27508it [10:05:50 bound:386 nc:1727 ncall:2.8e+07 eff:0.1% logz-ratio=115.26+/-0.15 dlogz:1.121>0.1]
27572it [10:08:11 bound:387 nc:2411 ncall:2.8e+07 eff:0.1% logz-ratio=115.27+/-0.15 dlogz:1.070>0.1]
27634it [10:10:42 bound:388 nc:2232 ncall:2.8e+07 eff:0.1% logz-ratio=115.29+/-0.15 dlogz:1.021>0.1]
27696it [10:13:07 bound:389 nc:1176 ncall:2.8e+07 eff:0.1% logz-ratio=115.30+/-0.15 dlogz:0.975>0.1]
27759it [10:15:21 bound:390 nc:1973 ncall:2.8e+07 eff:0.1% logz-ratio=115.31+/-0.15 dlogz:0.929>0.1]
27819it [10:17:28 bound:391 nc:1263 ncall:2.8e+07 eff:0.1% logz-ratio=115.33+/-0.15 dlogz:0.887>0.1]
27883it [10:19:44 bound:392 nc:1413 ncall:2.8e+07 eff:0.1% logz-ratio=115.34+/-0.15 dlogz:0.855>0.1]
27945it [10:21:55 bound:393 nc:1386 ncall:2.9e+07 eff:0.1% logz-ratio=115.35+/-0.15 dlogz:0.818>0.1]
28006it [10:24:14 bound:394 nc:1667 ncall:2.9e+07 eff:0.1% logz-ratio=115.36+/-0.15 dlogz:0.779>0.1]
28067it [10:26:37 bound:395 nc:1537 ncall:2.9e+07 eff:0.1% logz-ratio=115.37+/-0.15 dlogz:0.742>0.1]
28130it [10:28:54 bound:396 nc:2267 ncall:2.9e+07 eff:0.1% logz-ratio=115.38+/-0.15 dlogz:0.704>0.1]
28194it [10:31:10 bound:397 nc:2051 ncall:2.9e+07 eff:0.1% logz-ratio=115.39+/-0.15 dlogz:0.668>0.1]
28255it [10:33:35 bound:398 nc:1635 ncall:2.9e+07 eff:0.1% logz-ratio=115.40+/-0.15 dlogz:0.635>0.1]
28316it [10:35:38 bound:399 nc:1625 ncall:2.9e+07 eff:0.1% logz-ratio=115.41+/-0.15 dlogz:0.603>0.1]
28378it [10:37:49 bound:400 nc:1334 ncall:2.9e+07 eff:0.1% logz-ratio=115.42+/-0.15 dlogz:0.572>0.1]
28440it [10:39:56 bound:401 nc:1817 ncall:2.9e+07 eff:0.1% logz-ratio=115.43+/-0.15 dlogz:0.585>0.1]
28502it [10:42:04 bound:402 nc:1682 ncall:3.0e+07 eff:0.1% logz-ratio=115.44+/-0.15 dlogz:0.630>0.1]
28565it [10:44:19 bound:403 nc:1315 ncall:3.0e+07 eff:0.1% logz-ratio=115.45+/-0.15 dlogz:0.598>0.1]
28626it [10:46:31 bound:404 nc:498 ncall:3.0e+07 eff:0.1% logz-ratio=115.45+/-0.15 dlogz:0.569>0.1]
28689it [10:48:40 bound:405 nc:1540 ncall:3.0e+07 eff:0.1% logz-ratio=115.46+/-0.15 dlogz:0.539>0.1]
28749it [10:51:02 bound:406 nc:1365 ncall:3.0e+07 eff:0.1% logz-ratio=115.47+/-0.15 dlogz:0.512>0.1]
28812it [10:53:27 bound:407 nc:2070 ncall:3.0e+07 eff:0.1% logz-ratio=115.48+/-0.15 dlogz:0.494>0.1]
28875it [10:55:40 bound:408 nc:1357 ncall:3.0e+07 eff:0.1% logz-ratio=115.48+/-0.15 dlogz:0.468>0.1]
28937it [10:57:43 bound:409 nc:1432 ncall:3.0e+07 eff:0.1% logz-ratio=115.49+/-0.15 dlogz:0.444>0.1]
28998it [10:59:54 bound:410 nc:1688 ncall:3.0e+07 eff:0.1% logz-ratio=115.49+/-0.15 dlogz:0.421>0.1]
29059it [11:02:08 bound:411 nc:1544 ncall:3.0e+07 eff:0.1% logz-ratio=115.50+/-0.15 dlogz:0.399>0.1]
29121it [11:04:24 bound:412 nc:1559 ncall:3.1e+07 eff:0.1% logz-ratio=115.51+/-0.15 dlogz:0.377>0.1]
29184it [11:06:31 bound:413 nc:1955 ncall:3.1e+07 eff:0.1% logz-ratio=115.51+/-0.15 dlogz:0.357>0.1]
29244it [11:08:49 bound:414 nc:1390 ncall:3.1e+07 eff:0.1% logz-ratio=115.52+/-0.15 dlogz:0.338>0.1]
29307it [11:11:28 bound:415 nc:1623 ncall:3.1e+07 eff:0.1% logz-ratio=115.52+/-0.15 dlogz:0.319>0.1]
29369it [11:13:41 bound:416 nc:1526 ncall:3.1e+07 eff:0.1% logz-ratio=115.53+/-0.15 dlogz:0.302>0.1]
29431it [11:15:53 bound:417 nc:1328 ncall:3.1e+07 eff:0.1% logz-ratio=115.53+/-0.15 dlogz:0.285>0.1]
29493it [11:18:19 bound:418 nc:2959 ncall:3.1e+07 eff:0.1% logz-ratio=115.54+/-0.15 dlogz:0.269>0.1]
29555it [11:20:45 bound:419 nc:1626 ncall:3.1e+07 eff:0.1% logz-ratio=115.54+/-0.15 dlogz:0.257>0.1]
29618it [11:23:06 bound:420 nc:1722 ncall:3.1e+07 eff:0.1% logz-ratio=115.55+/-0.15 dlogz:0.243>0.1]
29680it [11:25:28 bound:421 nc:1835 ncall:3.2e+07 eff:0.1% logz-ratio=115.55+/-0.15 dlogz:0.229>0.1]
29743it [11:27:46 bound:422 nc:1709 ncall:3.2e+07 eff:0.1% logz-ratio=115.55+/-0.15 dlogz:0.216>0.1]
29805it [11:30:06 bound:423 nc:2551 ncall:3.2e+07 eff:0.1% logz-ratio=115.56+/-0.15 dlogz:0.204>0.1]
29865it [11:32:27 bound:424 nc:3302 ncall:3.2e+07 eff:0.1% logz-ratio=115.56+/-0.15 dlogz:0.193>0.1]
29926it [11:34:39 bound:425 nc:854 ncall:3.2e+07 eff:0.1% logz-ratio=115.56+/-0.15 dlogz:0.182>0.1]
29990it [11:36:57 bound:426 nc:1582 ncall:3.2e+07 eff:0.1% logz-ratio=115.57+/-0.15 dlogz:0.171>0.1]
30051it [11:39:26 bound:427 nc:1936 ncall:3.2e+07 eff:0.1% logz-ratio=115.57+/-0.15 dlogz:0.162>0.1]
30114it [11:41:47 bound:428 nc:2074 ncall:3.2e+07 eff:0.1% logz-ratio=115.57+/-0.15 dlogz:0.152>0.1]
30177it [11:43:59 bound:429 nc:1981 ncall:3.2e+07 eff:0.1% logz-ratio=115.58+/-0.15 dlogz:0.143>0.1]
30238it [11:46:29 bound:430 nc:1271 ncall:3.3e+07 eff:0.1% logz-ratio=115.58+/-0.15 dlogz:0.135>0.1]
30301it [11:48:43 bound:431 nc:1376 ncall:3.3e+07 eff:0.1% logz-ratio=115.58+/-0.15 dlogz:0.127>0.1]
30363it [11:51:07 bound:432 nc:1619 ncall:3.3e+07 eff:0.1% logz-ratio=115.58+/-0.15 dlogz:0.120>0.1]
30426it [11:53:39 bound:433 nc:1856 ncall:3.3e+07 eff:0.1% logz-ratio=115.59+/-0.15 dlogz:0.113>0.1]
30487it [11:56:02 bound:434 nc:3359 ncall:3.3e+07 eff:0.1% logz-ratio=115.59+/-0.15 dlogz:0.107>0.1]
30551it [11:58:20 bound:435 nc:1279 ncall:3.3e+07 eff:0.1% logz-ratio=115.59+/-0.15 dlogz:0.100>0.1]
