000 (2575713.000.000) 2025-07-30 15:20:07 Job submitted from host: <145.107.7.246:9618?addrs=145.107.7.246-9618+[2a07-8500-120-e070--3f6]-9618&alias=taai-007.nikhef.nl&noUDP&sock=schedd_2614_90a7>
...
001 (2575713.000.000) 2025-07-30 15:20:12 Job executing on host: <145.107.4.166:9618?addrs=145.107.4.166-9618+[2a07-8500-120-e070--a6]-9618&alias=wn-pijl-005.nikhef.nl&noUDP&sock=startd_4117_7f7f>
	SlotName: slot1_6@wn-pijl-005.nikhef.nl
	AvailableGPUs = { GPUs_GPU_ed2f47cb_2566_6255_92c5_17dc30b69ad7 }
	CondorScratchDir = "/scratch/condor_execute/dir_3081276"
	Cpus = 1
	Disk = 16790366
	GPUs = 1
	GPUs_GPU_ed2f47cb_2566_6255_92c5_17dc30b69ad7 = [ Id = "GPU-ed2f47cb-2566-6255-92c5-17dc30b69ad7"; ClockMhz = 2520.0; Capability = 8.9; CoresPerCU = 128; DeviceName = "NVIDIA L40S"; DeviceUuid = "ed2f47cb-2566-6255-92c5-17dc30b69ad7"; ECCEnabled = true; ComputeUnits = 142; NvidiaDriver = "570.124.06"; DriverVersion = 12.8; DevicePciBusId = "0000:02:00.0"; GlobalMemoryMb = 45468; MaxSupportedVersion = 12080 ]
	Memory = 16384
...
006 (2575713.000.000) 2025-07-30 15:20:26 Image size of job updated: 366608
	359  -  MemoryUsage of job (MB)
	366608  -  ResidentSetSize of job (KB)
...
005 (2575713.000.000) 2025-07-30 15:20:27 Job terminated.
	(1) Normal termination (return value 1)
		Usr 0 00:00:03, Sys 0 00:00:01  -  Run Remote Usage
		Usr 0 00:00:00, Sys 0 00:00:00  -  Run Local Usage
		Usr 0 00:00:03, Sys 0 00:00:01  -  Total Remote Usage
		Usr 0 00:00:00, Sys 0 00:00:00  -  Total Local Usage
	0  -  Run Bytes Sent By Job
	0  -  Run Bytes Received By Job
	0  -  Total Bytes Sent By Job
	0  -  Total Bytes Received By Job
	Partitionable Resources :    Usage  Request Allocated Assigned
	   Cpus                 :        0        1         1 
	   Disk (KB)            :    17500 16777216  16790366 
	   GPUs                 :                 1         1 "GPU-ed2f47cb-2566-6255-92c5-17dc30b69ad7"
	   Memory (MB)          :      359    16384     16384 
	   TimeExecute (s)      :       15                    
	   TimeSlotBusy (s)     :       15                    

	Job terminated of its own accord at 2025-07-30T13:20:27Z with exit-code 1.
...
000 (2575750.000.000) 2025-07-30 15:55:56 Job submitted from host: <145.107.7.246:9618?addrs=145.107.7.246-9618+[2a07-8500-120-e070--3f6]-9618&alias=taai-007.nikhef.nl&noUDP&sock=schedd_2614_90a7>
...
001 (2575750.000.000) 2025-07-30 15:56:11 Job executing on host: <145.107.4.166:9618?addrs=145.107.4.166-9618+[2a07-8500-120-e070--a6]-9618&alias=wn-pijl-005.nikhef.nl&noUDP&sock=startd_4117_7f7f>
	SlotName: slot1_4@wn-pijl-005.nikhef.nl
	AvailableGPUs = { GPUs_GPU_3e642e18_5efd_af40_3ee1_f1553d6fb7f8 }
	CondorScratchDir = "/scratch/condor_execute/dir_3102160"
	Cpus = 1
	Disk = 16790366
	GPUs = 1
	GPUs_GPU_3e642e18_5efd_af40_3ee1_f1553d6fb7f8 = [ Id = "GPU-3e642e18-5efd-af40-3ee1-f1553d6fb7f8"; ClockMhz = 2520.0; Capability = 8.9; CoresPerCU = 128; DeviceName = "NVIDIA L40S"; DeviceUuid = "3e642e18-5efd-af40-3ee1-f1553d6fb7f8"; ECCEnabled = true; ComputeUnits = 142; NvidiaDriver = "570.124.06"; DriverVersion = 12.8; DevicePciBusId = "0000:01:00.0"; GlobalMemoryMb = 45468; MaxSupportedVersion = 12080 ]
	Memory = 16384
...
006 (2575750.000.000) 2025-07-30 15:56:25 Image size of job updated: 462224
	452  -  MemoryUsage of job (MB)
	462224  -  ResidentSetSize of job (KB)
...
006 (2575750.000.000) 2025-07-30 16:00:20 Image size of job updated: 1063392
	452  -  MemoryUsage of job (MB)
	462264  -  ResidentSetSize of job (KB)
...
005 (2575750.000.000) 2025-07-30 16:00:20 Job terminated.
	(1) Normal termination (return value 0)
		Usr 0 00:03:58, Sys 0 00:00:02  -  Run Remote Usage
		Usr 0 00:00:00, Sys 0 00:00:00  -  Run Local Usage
		Usr 0 00:03:58, Sys 0 00:00:02  -  Total Remote Usage
		Usr 0 00:00:00, Sys 0 00:00:00  -  Total Local Usage
	0  -  Run Bytes Sent By Job
	0  -  Run Bytes Received By Job
	0  -  Total Bytes Sent By Job
	0  -  Total Bytes Received By Job
	Partitionable Resources :    Usage  Request Allocated Assigned
	   Cpus                 :     1.00        1         1 
	   Disk (KB)            : 17500    16777216  16790366 
	   GPUs                 :                 1         1 "GPU-3e642e18-5efd-af40-3ee1-f1553d6fb7f8"
	   GpusMemory (MB)      :  1172                       
	   Memory (MB)          :   452       16384     16384 
	   TimeExecute (s)      :   249                       
	   TimeSlotBusy (s)     :   249                       

	Job terminated of its own accord at 2025-07-30T14:00:20Z with exit-code 0.
...
000 (2575810.000.000) 2025-07-30 16:25:10 Job submitted from host: <145.107.7.246:9618?addrs=145.107.7.246-9618+[2a07-8500-120-e070--3f6]-9618&alias=taai-007.nikhef.nl&noUDP&sock=schedd_2614_90a7>
...
001 (2575810.000.000) 2025-07-30 16:25:12 Job executing on host: <145.107.4.164:9618?addrs=145.107.4.164-9618+[2a07-8500-120-e070--a4]-9618&alias=wn-pijl-003.nikhef.nl&noUDP&sock=startd_4461_7413>
	SlotName: slot1_1@wn-pijl-003.nikhef.nl
	AvailableGPUs = { GPUs_GPU_569990fd_2b62_0adb_f587_bbb820db7247 }
	CondorScratchDir = "/scratch/condor_execute/dir_4168442"
	Cpus = 1
	Disk = 16790397
	GPUs = 1
	GPUs_GPU_569990fd_2b62_0adb_f587_bbb820db7247 = [ Id = "GPU-569990fd-2b62-0adb-f587-bbb820db7247"; ClockMhz = 2520.0; Capability = 8.9; CoresPerCU = 128; DeviceName = "NVIDIA L40S"; DeviceUuid = "569990fd-2b62-0adb-f587-bbb820db7247"; ECCEnabled = true; ComputeUnits = 142; NvidiaDriver = "570.124.06"; DriverVersion = 12.8; DevicePciBusId = "0000:01:00.0"; GlobalMemoryMb = 45468; MaxSupportedVersion = 12080 ]
	Memory = 16384
...
006 (2575810.000.000) 2025-07-30 16:25:25 Image size of job updated: 418132
	409  -  MemoryUsage of job (MB)
	418132  -  ResidentSetSize of job (KB)
...
006 (2575810.000.000) 2025-07-30 16:30:25 Image size of job updated: 1105124
	1078  -  MemoryUsage of job (MB)
	1103600  -  ResidentSetSize of job (KB)
...
006 (2575810.000.000) 2025-07-30 16:35:26 Image size of job updated: 1105124
	1078  -  MemoryUsage of job (MB)
	1103840  -  ResidentSetSize of job (KB)
...
006 (2575810.000.000) 2025-07-30 16:55:27 Image size of job updated: 1105124
	1078  -  MemoryUsage of job (MB)
	1103848  -  ResidentSetSize of job (KB)
...
005 (2575810.000.000) 2025-07-30 16:56:31 Job terminated.
	(1) Normal termination (return value 0)
		Usr 0 00:31:04, Sys 0 00:00:06  -  Run Remote Usage
		Usr 0 00:00:00, Sys 0 00:00:00  -  Run Local Usage
		Usr 0 00:31:04, Sys 0 00:00:06  -  Total Remote Usage
		Usr 0 00:00:00, Sys 0 00:00:00  -  Total Local Usage
	0  -  Run Bytes Sent By Job
	0  -  Run Bytes Received By Job
	0  -  Total Bytes Sent By Job
	0  -  Total Bytes Received By Job
	Partitionable Resources :    Usage  Request Allocated Assigned
	   Cpus                 :     1.00        1         1 
	   Disk (KB)            : 17500    16777216  16790397 
	   GPUs                 :     0           1         1 "GPU-569990fd-2b62-0adb-f587-bbb820db7247"
	   GpusMemory (MB)      :  1210                       
	   Memory (MB)          :  1078       16384     16384 
	   TimeExecute (s)      :  1879                       
	   TimeSlotBusy (s)     :  1880                       

	Job terminated of its own accord at 2025-07-30T14:56:31Z with exit-code 0.
...
