000 (2575849.000.000) 2025-07-30 18:09:40 Job submitted from host: <145.107.7.246:9618?addrs=145.107.7.246-9618+[2a07-8500-120-e070--3f6]-9618&alias=taai-007.nikhef.nl&noUDP&sock=schedd_2614_90a7>
    DAG Node: run_r
...
000 (2575869.000.000) 2025-07-30 18:09:51 Job submitted from host: <145.107.7.246:9618?addrs=145.107.7.246-9618+[2a07-8500-120-e070--3f6]-9618&alias=taai-007.nikhef.nl&noUDP&sock=schedd_2614_90a7>
    DAG Node: run_r
...
001 (2575849.000.000) 2025-07-30 18:10:14 Job executing on host: <145.107.5.56:9618?addrs=145.107.5.56-9618+[2a07-8500-120-e070--538]-9618&alias=wn-lot-056.nikhef.nl&noUDP&sock=startd_1863_7107>
	SlotName: slot1_1@wn-lot-056.nikhef.nl
	CondorScratchDir = "/scratch/condor_execute/dir_4046283"
	Cpus = 64
	Disk = 16780557
	GPUs = 0
	Memory = 16384
...
006 (2575849.000.000) 2025-07-30 18:10:27 Image size of job updated: 66232
	65  -  MemoryUsage of job (MB)
	66232  -  ResidentSetSize of job (KB)
...
006 (2575849.000.000) 2025-07-30 18:15:27 Image size of job updated: 1568840
	1533  -  MemoryUsage of job (MB)
	1568840  -  ResidentSetSize of job (KB)
...
006 (2575849.000.000) 2025-07-30 18:20:28 Image size of job updated: 1612800
	1575  -  MemoryUsage of job (MB)
	1612800  -  ResidentSetSize of job (KB)
...
006 (2575849.000.000) 2025-07-30 18:25:29 Image size of job updated: 1634832
	1597  -  MemoryUsage of job (MB)
	1634832  -  ResidentSetSize of job (KB)
...
006 (2575849.000.000) 2025-07-30 18:30:29 Image size of job updated: 1651004
	1613  -  MemoryUsage of job (MB)
	1651004  -  ResidentSetSize of job (KB)
...
006 (2575849.000.000) 2025-07-30 18:35:29 Image size of job updated: 1662120
	1624  -  MemoryUsage of job (MB)
	1662120  -  ResidentSetSize of job (KB)
...
006 (2575849.000.000) 2025-07-30 18:40:30 Image size of job updated: 1672580
	1634  -  MemoryUsage of job (MB)
	1672580  -  ResidentSetSize of job (KB)
...
006 (2575849.000.000) 2025-07-30 18:45:31 Image size of job updated: 1680828
	1642  -  MemoryUsage of job (MB)
	1680828  -  ResidentSetSize of job (KB)
...
006 (2575849.000.000) 2025-07-30 18:50:31 Image size of job updated: 1688628
	1650  -  MemoryUsage of job (MB)
	1688628  -  ResidentSetSize of job (KB)
...
006 (2575849.000.000) 2025-07-30 18:55:32 Image size of job updated: 1694720
	1655  -  MemoryUsage of job (MB)
	1694720  -  ResidentSetSize of job (KB)
...
006 (2575849.000.000) 2025-07-30 19:00:33 Image size of job updated: 1708684
	1669  -  MemoryUsage of job (MB)
	1708684  -  ResidentSetSize of job (KB)
...
006 (2575849.000.000) 2025-07-30 19:05:33 Image size of job updated: 1723184
	1683  -  MemoryUsage of job (MB)
	1723184  -  ResidentSetSize of job (KB)
...
006 (2575849.000.000) 2025-07-30 19:10:33 Image size of job updated: 1727980
	1688  -  MemoryUsage of job (MB)
	1727980  -  ResidentSetSize of job (KB)
...
001 (2575869.000.000) 2025-07-30 19:13:14 Job executing on host: <145.107.4.155:9618?addrs=145.107.4.155-9618+[2a07-8500-120-e070--9b]-9618&alias=wn-knek-012.nikhef.nl&noUDP&sock=startd_1958_9a86>
	SlotName: slot1_1@wn-knek-012.nikhef.nl
	CondorScratchDir = "/scratch/condor_execute/dir_2325910"
	Cpus = 64
	Disk = 16779836
	GPUs = 0
	Memory = 16384
...
006 (2575869.000.000) 2025-07-30 19:13:27 Image size of job updated: 750196
	733  -  MemoryUsage of job (MB)
	750196  -  ResidentSetSize of job (KB)
...
006 (2575849.000.000) 2025-07-30 19:15:34 Image size of job updated: 2094464
	2046  -  MemoryUsage of job (MB)
	2094464  -  ResidentSetSize of job (KB)
...
006 (2575869.000.000) 2025-07-30 19:18:27 Image size of job updated: 1690404
	1651  -  MemoryUsage of job (MB)
	1690404  -  ResidentSetSize of job (KB)
...
006 (2575849.000.000) 2025-07-30 19:20:35 Image size of job updated: 2097440
	2049  -  MemoryUsage of job (MB)
	2097440  -  ResidentSetSize of job (KB)
...
006 (2575869.000.000) 2025-07-30 19:23:28 Image size of job updated: 1725028
	1685  -  MemoryUsage of job (MB)
	1725028  -  ResidentSetSize of job (KB)
...
006 (2575849.000.000) 2025-07-30 19:25:35 Image size of job updated: 2101368
	2053  -  MemoryUsage of job (MB)
	2101368  -  ResidentSetSize of job (KB)
...
006 (2575869.000.000) 2025-07-30 19:28:29 Image size of job updated: 1747188
	1707  -  MemoryUsage of job (MB)
	1747188  -  ResidentSetSize of job (KB)
...
006 (2575849.000.000) 2025-07-30 19:30:35 Image size of job updated: 2105324
	2056  -  MemoryUsage of job (MB)
	2105324  -  ResidentSetSize of job (KB)
...
006 (2575869.000.000) 2025-07-30 19:33:29 Image size of job updated: 1763752
	1723  -  MemoryUsage of job (MB)
	1763752  -  ResidentSetSize of job (KB)
...
006 (2575849.000.000) 2025-07-30 19:35:36 Image size of job updated: 2107648
	2059  -  MemoryUsage of job (MB)
	2107648  -  ResidentSetSize of job (KB)
...
006 (2575869.000.000) 2025-07-30 19:38:29 Image size of job updated: 1775940
	1735  -  MemoryUsage of job (MB)
	1775940  -  ResidentSetSize of job (KB)
...
006 (2575849.000.000) 2025-07-30 19:40:36 Image size of job updated: 2113296
	2064  -  MemoryUsage of job (MB)
	2113296  -  ResidentSetSize of job (KB)
...
006 (2575869.000.000) 2025-07-30 19:43:30 Image size of job updated: 1787224
	1746  -  MemoryUsage of job (MB)
	1787224  -  ResidentSetSize of job (KB)
...
006 (2575849.000.000) 2025-07-30 19:45:36 Image size of job updated: 2115364
	2066  -  MemoryUsage of job (MB)
	2115364  -  ResidentSetSize of job (KB)
...
006 (2575869.000.000) 2025-07-30 19:48:30 Image size of job updated: 1796564
	1755  -  MemoryUsage of job (MB)
	1796564  -  ResidentSetSize of job (KB)
...
006 (2575849.000.000) 2025-07-30 19:50:37 Image size of job updated: 2119644
	2070  -  MemoryUsage of job (MB)
	2119644  -  ResidentSetSize of job (KB)
...
006 (2575869.000.000) 2025-07-30 19:53:30 Image size of job updated: 1805724
	1764  -  MemoryUsage of job (MB)
	1805724  -  ResidentSetSize of job (KB)
...
006 (2575849.000.000) 2025-07-30 19:55:38 Image size of job updated: 2122068
	2073  -  MemoryUsage of job (MB)
	2122068  -  ResidentSetSize of job (KB)
...
006 (2575869.000.000) 2025-07-30 19:58:31 Image size of job updated: 1812972
	1771  -  MemoryUsage of job (MB)
	1812972  -  ResidentSetSize of job (KB)
...
006 (2575849.000.000) 2025-07-30 20:00:38 Image size of job updated: 2124012
	2075  -  MemoryUsage of job (MB)
	2124012  -  ResidentSetSize of job (KB)
...
006 (2575869.000.000) 2025-07-30 20:03:32 Image size of job updated: 1820100
	1778  -  MemoryUsage of job (MB)
	1820100  -  ResidentSetSize of job (KB)
...
006 (2575849.000.000) 2025-07-30 20:05:38 Image size of job updated: 2126096
	2077  -  MemoryUsage of job (MB)
	2126096  -  ResidentSetSize of job (KB)
...
006 (2575869.000.000) 2025-07-30 20:08:32 Image size of job updated: 1825700
	1783  -  MemoryUsage of job (MB)
	1825700  -  ResidentSetSize of job (KB)
...
006 (2575849.000.000) 2025-07-30 20:10:39 Image size of job updated: 2127856
	2078  -  MemoryUsage of job (MB)
	2127856  -  ResidentSetSize of job (KB)
...
006 (2575869.000.000) 2025-07-30 20:13:06 Image size of job updated: 1906868
	1783  -  MemoryUsage of job (MB)
	1825700  -  ResidentSetSize of job (KB)
...
005 (2575869.000.000) 2025-07-30 20:13:06 Job terminated.
	(1) Normal termination (return value 1)
		Usr 1 17:49:45, Sys 0 00:00:35  -  Run Remote Usage
		Usr 0 00:00:00, Sys 0 00:00:00  -  Run Local Usage
		Usr 1 17:49:45, Sys 0 00:00:35  -  Total Remote Usage
		Usr 0 00:00:00, Sys 0 00:00:00  -  Total Local Usage
	0  -  Run Bytes Sent By Job
	0  -  Run Bytes Received By Job
	0  -  Total Bytes Sent By Job
	0  -  Total Bytes Received By Job
	Partitionable Resources :    Usage  Request Allocated 
	   Cpus                 :    61.22       64        64 
	   Disk (KB)            : 17500    16777216  16779836 
	   GPUs                 :                           0 
	   Memory (MB)          :  1783       16384     16384 
	   TimeExecute (s)      :  3592                       
	   TimeSlotBusy (s)     :  3592                       

	Job terminated of its own accord at 2025-07-30T18:13:06Z with exit-code 1.
...
006 (2575849.000.000) 2025-07-30 20:15:40 Image size of job updated: 2179812
	2100  -  MemoryUsage of job (MB)
	2150332  -  ResidentSetSize of job (KB)
...
006 (2575849.000.000) 2025-07-30 20:20:40 Image size of job updated: 2179812
	2102  -  MemoryUsage of job (MB)
	2151884  -  ResidentSetSize of job (KB)
...
006 (2575849.000.000) 2025-07-30 20:25:40 Image size of job updated: 2179812
	2105  -  MemoryUsage of job (MB)
	2155148  -  ResidentSetSize of job (KB)
...
006 (2575849.000.000) 2025-07-30 20:30:41 Image size of job updated: 2179812
	2107  -  MemoryUsage of job (MB)
	2156564  -  ResidentSetSize of job (KB)
...
006 (2575849.000.000) 2025-07-30 20:35:41 Image size of job updated: 2179812
	2110  -  MemoryUsage of job (MB)
	2159948  -  ResidentSetSize of job (KB)
...
006 (2575849.000.000) 2025-07-30 20:40:41 Image size of job updated: 2179812
	2112  -  MemoryUsage of job (MB)
	2162388  -  ResidentSetSize of job (KB)
...
006 (2575849.000.000) 2025-07-30 20:45:42 Image size of job updated: 2179812
	2114  -  MemoryUsage of job (MB)
	2163932  -  ResidentSetSize of job (KB)
...
006 (2575849.000.000) 2025-07-30 20:50:43 Image size of job updated: 2179812
	2116  -  MemoryUsage of job (MB)
	2166200  -  ResidentSetSize of job (KB)
...
006 (2575849.000.000) 2025-07-30 20:55:43 Image size of job updated: 2179812
	2117  -  MemoryUsage of job (MB)
	2167408  -  ResidentSetSize of job (KB)
...
006 (2575849.000.000) 2025-07-30 21:00:43 Image size of job updated: 2179812
	2119  -  MemoryUsage of job (MB)
	2169612  -  ResidentSetSize of job (KB)
...
006 (2575849.000.000) 2025-07-30 21:05:44 Image size of job updated: 2179812
	2120  -  MemoryUsage of job (MB)
	2170800  -  ResidentSetSize of job (KB)
...
006 (2575849.000.000) 2025-07-30 21:10:45 Image size of job updated: 2179812
	2122  -  MemoryUsage of job (MB)
	2172900  -  ResidentSetSize of job (KB)
...
006 (2575849.000.000) 2025-07-30 21:15:45 Image size of job updated: 2228580
	2177  -  MemoryUsage of job (MB)
	2228580  -  ResidentSetSize of job (KB)
...
006 (2575849.000.000) 2025-07-30 21:20:46 Image size of job updated: 2229560
	2178  -  MemoryUsage of job (MB)
	2229560  -  ResidentSetSize of job (KB)
...
006 (2575849.000.000) 2025-07-30 21:25:47 Image size of job updated: 2232600
	2181  -  MemoryUsage of job (MB)
	2232600  -  ResidentSetSize of job (KB)
...
006 (2575849.000.000) 2025-07-30 21:30:47 Image size of job updated: 2233800
	2182  -  MemoryUsage of job (MB)
	2233800  -  ResidentSetSize of job (KB)
...
006 (2575849.000.000) 2025-07-30 21:35:47 Image size of job updated: 2236604
	2185  -  MemoryUsage of job (MB)
	2236604  -  ResidentSetSize of job (KB)
...
006 (2575849.000.000) 2025-07-30 21:40:48 Image size of job updated: 2237440
	2185  -  MemoryUsage of job (MB)
	2237440  -  ResidentSetSize of job (KB)
...
006 (2575849.000.000) 2025-07-30 21:45:49 Image size of job updated: 2239272
	2187  -  MemoryUsage of job (MB)
	2239272  -  ResidentSetSize of job (KB)
...
006 (2575849.000.000) 2025-07-30 21:50:49 Image size of job updated: 2241124
	2189  -  MemoryUsage of job (MB)
	2241124  -  ResidentSetSize of job (KB)
...
006 (2575849.000.000) 2025-07-30 21:55:49 Image size of job updated: 2242100
	2190  -  MemoryUsage of job (MB)
	2242100  -  ResidentSetSize of job (KB)
...
006 (2575849.000.000) 2025-07-30 22:00:51 Image size of job updated: 2244880
	2193  -  MemoryUsage of job (MB)
	2244880  -  ResidentSetSize of job (KB)
...
006 (2575849.000.000) 2025-07-30 22:05:51 Image size of job updated: 2245548
	2193  -  MemoryUsage of job (MB)
	2245548  -  ResidentSetSize of job (KB)
...
006 (2575849.000.000) 2025-07-30 22:10:51 Image size of job updated: 2248992
	2197  -  MemoryUsage of job (MB)
	2248992  -  ResidentSetSize of job (KB)
...
006 (2575849.000.000) 2025-07-30 22:15:52 Image size of job updated: 2293172
	2224  -  MemoryUsage of job (MB)
	2277032  -  ResidentSetSize of job (KB)
...
000 (2575915.000.000) 2025-07-30 22:17:15 Job submitted from host: <145.107.7.246:9618?addrs=145.107.7.246-9618+[2a07-8500-120-e070--3f6]-9618&alias=taai-007.nikhef.nl&noUDP&sock=schedd_2614_90a7>
    DAG Node: run_r
...
006 (2575849.000.000) 2025-07-30 22:20:53 Image size of job updated: 2293172
	2226  -  MemoryUsage of job (MB)
	2278560  -  ResidentSetSize of job (KB)
...
006 (2575849.000.000) 2025-07-30 22:25:53 Image size of job updated: 2293172
	2227  -  MemoryUsage of job (MB)
	2280408  -  ResidentSetSize of job (KB)
...
006 (2575849.000.000) 2025-07-30 22:30:53 Image size of job updated: 2293172
	2228  -  MemoryUsage of job (MB)
	2281020  -  ResidentSetSize of job (KB)
...
006 (2575849.000.000) 2025-07-30 22:32:02 Image size of job updated: 2325424
	2228  -  MemoryUsage of job (MB)
	2281020  -  ResidentSetSize of job (KB)
...
005 (2575849.000.000) 2025-07-30 22:32:02 Job terminated.
	(1) Normal termination (return value 0)
		Usr 7 15:55:46, Sys 0 00:02:36  -  Run Remote Usage
		Usr 0 00:00:00, Sys 0 00:00:00  -  Run Local Usage
		Usr 7 15:55:46, Sys 0 00:02:36  -  Total Remote Usage
		Usr 0 00:00:00, Sys 0 00:00:00  -  Total Local Usage
	0  -  Run Bytes Sent By Job
	0  -  Run Bytes Received By Job
	0  -  Total Bytes Sent By Job
	0  -  Total Bytes Received By Job
	Partitionable Resources :    Usage  Request Allocated 
	   Cpus                 :     2.61       64        64 
	   Disk (KB)            : 17500    16777216  16780557 
	   GPUs                 :                           0 
	   Memory (MB)          :  2228       16384     16384 
	   TimeExecute (s)      : 15708                       
	   TimeSlotBusy (s)     : 15709                       

	Job terminated of its own accord at 2025-07-30T20:32:02Z with exit-code 0.
...
007 (2575849.000.000) 2025-07-30 22:32:02 Shadow exception!
	UserLog Unable to log ULOG_JOB_TERMINATED event
	0  -  Run Bytes Sent By Job
	0  -  Run Bytes Received By Job
...
005 (2575849.000.000) 2025-07-30 22:32:15 Job terminated.
	(1) Normal termination (return value 0)
		Usr 7 15:55:46, Sys 0 00:02:36  -  Run Remote Usage
		Usr 0 00:00:00, Sys 0 00:00:00  -  Run Local Usage
		Usr 7 15:55:46, Sys 0 00:02:36  -  Total Remote Usage
		Usr 0 00:00:00, Sys 0 00:00:00  -  Total Local Usage
	0  -  Run Bytes Sent By Job
	0  -  Run Bytes Received By Job
	0  -  Total Bytes Sent By Job
	0  -  Total Bytes Received By Job

	Job terminated of its own accord at 2025-07-30T20:32:02Z with exit-code 0.
...
001 (2575915.000.000) 2025-07-30 23:36:15 Job executing on host: <145.107.5.64:9618?addrs=145.107.5.64-9618+[2a07-8500-120-e070--540]-9618&alias=wn-lot-064.nikhef.nl&noUDP&sock=startd_2040_d94a>
	SlotName: slot1_1@wn-lot-064.nikhef.nl
	CondorScratchDir = "/scratch/condor_execute/dir_970486"
	Cpus = 64
	Disk = 16780546
	GPUs = 0
	Memory = 16384
...
006 (2575915.000.000) 2025-07-30 23:36:29 Image size of job updated: 817196
	799  -  MemoryUsage of job (MB)
	817196  -  ResidentSetSize of job (KB)
...
006 (2575915.000.000) 2025-07-30 23:37:35 Image size of job updated: 1592768
	799  -  MemoryUsage of job (MB)
	817196  -  ResidentSetSize of job (KB)
...
005 (2575915.000.000) 2025-07-30 23:37:35 Job terminated.
	(1) Normal termination (return value 0)
		Usr 0 00:01:22, Sys 0 00:00:21  -  Run Remote Usage
		Usr 0 00:00:00, Sys 0 00:00:00  -  Run Local Usage
		Usr 0 00:01:22, Sys 0 00:00:21  -  Total Remote Usage
		Usr 0 00:00:00, Sys 0 00:00:00  -  Total Local Usage
	0  -  Run Bytes Sent By Job
	0  -  Run Bytes Received By Job
	0  -  Total Bytes Sent By Job
	0  -  Total Bytes Received By Job
	Partitionable Resources :    Usage  Request Allocated 
	   Cpus                 :     1.24       64        64 
	   Disk (KB)            : 17500    16777216  16780546 
	   GPUs                 :                           0 
	   Memory (MB)          :   799       16384     16384 
	   TimeExecute (s)      :    80                       
	   TimeSlotBusy (s)     :    80                       

	Job terminated of its own accord at 2025-07-30T21:37:35Z with exit-code 0.
...
