000 (2575710.000.000) 2025-07-30 15:19:52 Job submitted from host: <145.107.7.246:9618?addrs=145.107.7.246-9618+[2a07-8500-120-e070--3f6]-9618&alias=taai-007.nikhef.nl&noUDP&sock=schedd_2614_90a7>
...
001 (2575710.000.000) 2025-07-30 15:20:12 Job executing on host: <145.107.4.166:9618?addrs=145.107.4.166-9618+[2a07-8500-120-e070--a6]-9618&alias=wn-pijl-005.nikhef.nl&noUDP&sock=startd_4117_7f7f>
	SlotName: slot1_5@wn-pijl-005.nikhef.nl
	AvailableGPUs = { GPUs_GPU_3e642e18_5efd_af40_3ee1_f1553d6fb7f8 }
	CondorScratchDir = "/scratch/condor_execute/dir_3081275"
	Cpus = 1
	Disk = 16790366
	GPUs = 1
	GPUs_GPU_3e642e18_5efd_af40_3ee1_f1553d6fb7f8 = [ Id = "GPU-3e642e18-5efd-af40-3ee1-f1553d6fb7f8"; ClockMhz = 2520.0; Capability = 8.9; CoresPerCU = 128; DeviceName = "NVIDIA L40S"; DeviceUuid = "3e642e18-5efd-af40-3ee1-f1553d6fb7f8"; ECCEnabled = true; ComputeUnits = 142; NvidiaDriver = "570.124.06"; DriverVersion = 12.8; DevicePciBusId = "0000:01:00.0"; GlobalMemoryMb = 45468; MaxSupportedVersion = 12080 ]
	Memory = 16384
...
006 (2575710.000.000) 2025-07-30 15:20:26 Image size of job updated: 412260
	403  -  MemoryUsage of job (MB)
	412260  -  ResidentSetSize of job (KB)
...
006 (2575710.000.000) 2025-07-30 15:25:27 Image size of job updated: 1050724
	1025  -  MemoryUsage of job (MB)
	1049060  -  ResidentSetSize of job (KB)
...
005 (2575710.000.000) 2025-07-30 15:27:06 Job terminated.
	(1) Normal termination (return value 0)
		Usr 0 00:06:40, Sys 0 00:00:02  -  Run Remote Usage
		Usr 0 00:00:00, Sys 0 00:00:00  -  Run Local Usage
		Usr 0 00:06:40, Sys 0 00:00:02  -  Total Remote Usage
		Usr 0 00:00:00, Sys 0 00:00:00  -  Total Local Usage
	0  -  Run Bytes Sent By Job
	0  -  Run Bytes Received By Job
	0  -  Total Bytes Sent By Job
	0  -  Total Bytes Received By Job
	Partitionable Resources :    Usage  Request Allocated Assigned
	   Cpus                 :     1.00        1         1 
	   Disk (KB)            : 17500    16777216  16790366 
	   GPUs                 :                 1         1 "GPU-3e642e18-5efd-af40-3ee1-f1553d6fb7f8"
	   GpusMemory (MB)      :  1172                       
	   Memory (MB)          :  1025       16384     16384 
	   TimeExecute (s)      :   414                       
	   TimeSlotBusy (s)     :   414                       

	Job terminated of its own accord at 2025-07-30T13:27:06Z with exit-code 0.
...
000 (2575801.000.000) 2025-07-30 16:24:26 Job submitted from host: <145.107.7.246:9618?addrs=145.107.7.246-9618+[2a07-8500-120-e070--3f6]-9618&alias=taai-007.nikhef.nl&noUDP&sock=schedd_2614_90a7>
...
001 (2575801.000.000) 2025-07-30 16:25:12 Job executing on host: <145.107.4.166:9618?addrs=145.107.4.166-9618+[2a07-8500-120-e070--a6]-9618&alias=wn-pijl-005.nikhef.nl&noUDP&sock=startd_4117_7f7f>
	SlotName: slot1_6@wn-pijl-005.nikhef.nl
	AvailableGPUs = { GPUs_GPU_b013bbeb_10d8_c36c_d6b5_87c5360a10d5 }
	CondorScratchDir = "/scratch/condor_execute/dir_3118538"
	Cpus = 1
	Disk = 16790366
	GPUs = 1
	GPUs_GPU_b013bbeb_10d8_c36c_d6b5_87c5360a10d5 = [ Id = "GPU-b013bbeb-10d8-c36c-d6b5-87c5360a10d5"; ClockMhz = 2520.0; Capability = 8.9; CoresPerCU = 128; DeviceName = "NVIDIA L40S"; DeviceUuid = "b013bbeb-10d8-c36c-d6b5-87c5360a10d5"; ECCEnabled = true; ComputeUnits = 142; NvidiaDriver = "570.124.06"; DriverVersion = 12.8; DevicePciBusId = "0000:C2:00.0"; GlobalMemoryMb = 45468; MaxSupportedVersion = 12080 ]
	Memory = 16384
...
006 (2575801.000.000) 2025-07-30 16:25:25 Image size of job updated: 401908
	393  -  MemoryUsage of job (MB)
	401908  -  ResidentSetSize of job (KB)
...
006 (2575801.000.000) 2025-07-30 16:30:25 Image size of job updated: 1105288
	1078  -  MemoryUsage of job (MB)
	1103632  -  ResidentSetSize of job (KB)
...
006 (2575801.000.000) 2025-07-30 16:35:26 Image size of job updated: 1105288
	1078  -  MemoryUsage of job (MB)
	1103784  -  ResidentSetSize of job (KB)
...
006 (2575801.000.000) 2025-07-30 17:40:33 Image size of job updated: 1124204
	1098  -  MemoryUsage of job (MB)
	1124204  -  ResidentSetSize of job (KB)
...
006 (2575801.000.000) 2025-07-30 17:45:33 Image size of job updated: 1286016
	1256  -  MemoryUsage of job (MB)
	1286016  -  ResidentSetSize of job (KB)
...
006 (2575801.000.000) 2025-07-30 17:50:34 Image size of job updated: 1343716
	1313  -  MemoryUsage of job (MB)
	1343716  -  ResidentSetSize of job (KB)
...
005 (2575801.000.000) 2025-07-30 18:05:29 Job terminated.
	(1) Normal termination (return value 0)
		Usr 0 01:39:55, Sys 0 00:00:15  -  Run Remote Usage
		Usr 0 00:00:00, Sys 0 00:00:00  -  Run Local Usage
		Usr 0 01:39:55, Sys 0 00:00:15  -  Total Remote Usage
		Usr 0 00:00:00, Sys 0 00:00:00  -  Total Local Usage
	0  -  Run Bytes Sent By Job
	0  -  Run Bytes Received By Job
	0  -  Total Bytes Sent By Job
	0  -  Total Bytes Received By Job
	Partitionable Resources :    Usage  Request Allocated Assigned
	   Cpus                 :     1.00        1         1 
	   Disk (KB)            : 17500    16777216  16790366 
	   GPUs                 :     0.10        1         1 "GPU-b013bbeb-10d8-c36c-d6b5-87c5360a10d5"
	   GpusMemory (MB)      :  1210                       
	   Memory (MB)          :  1313       16384     16384 
	   TimeExecute (s)      :  6017                       
	   TimeSlotBusy (s)     :  6017                       

	Job terminated of its own accord at 2025-07-30T16:05:29Z with exit-code 0.
...
000 (2588215.000.000) 2025-08-07 16:35:05 Job submitted from host: <145.107.7.246:9618?addrs=145.107.7.246-9618+[2a07-8500-120-e070--3f6]-9618&alias=taai-007.nikhef.nl&noUDP&sock=schedd_2614_90a7>
...
001 (2588215.000.000) 2025-08-07 16:36:00 Job executing on host: <145.107.4.163:9618?addrs=145.107.4.163-9618+[2a07-8500-120-e070--a3]-9618&alias=wn-pijl-002.nikhef.nl&noUDP&sock=startd_4326_daca>
	SlotName: slot1_2@wn-pijl-002.nikhef.nl
	AvailableGPUs = { GPUs_GPU_9ac85904_bd86_56e5_9296_f45f0116f69c }
	CondorScratchDir = "/scratch/condor_execute/dir_3104731"
	Cpus = 1
	Disk = 16790353
	GPUs = 1
	GPUs_GPU_9ac85904_bd86_56e5_9296_f45f0116f69c = [ Id = "GPU-9ac85904-bd86-56e5-9296-f45f0116f69c"; ClockMhz = 2520.0; Capability = 8.9; CoresPerCU = 128; DeviceName = "NVIDIA L40S"; DeviceUuid = "9ac85904-bd86-56e5-9296-f45f0116f69c"; ECCEnabled = true; ComputeUnits = 142; NvidiaDriver = "570.124.06"; DriverVersion = 12.8; DevicePciBusId = "0000:02:00.0"; GlobalMemoryMb = 45468; MaxSupportedVersion = 12080 ]
	Memory = 16384
...
006 (2588215.000.000) 2025-08-07 16:36:14 Image size of job updated: 657676
	643  -  MemoryUsage of job (MB)
	657676  -  ResidentSetSize of job (KB)
...
006 (2588215.000.000) 2025-08-07 16:41:15 Image size of job updated: 1312448
	1280  -  MemoryUsage of job (MB)
	1310720  -  ResidentSetSize of job (KB)
...
006 (2588215.000.000) 2025-08-07 16:46:16 Image size of job updated: 1312448
	1281  -  MemoryUsage of job (MB)
	1310940  -  ResidentSetSize of job (KB)
...
006 (2588215.000.000) 2025-08-07 16:51:16 Image size of job updated: 1320552
	1290  -  MemoryUsage of job (MB)
	1320552  -  ResidentSetSize of job (KB)
...
006 (2588215.000.000) 2025-08-07 16:56:17 Image size of job updated: 1369876
	1338  -  MemoryUsage of job (MB)
	1369876  -  ResidentSetSize of job (KB)
...
006 (2588215.000.000) 2025-08-07 17:01:18 Image size of job updated: 1545300
	1510  -  MemoryUsage of job (MB)
	1545300  -  ResidentSetSize of job (KB)
...
006 (2588215.000.000) 2025-08-07 17:06:18 Image size of job updated: 1554080
	1518  -  MemoryUsage of job (MB)
	1554080  -  ResidentSetSize of job (KB)
...
006 (2588215.000.000) 2025-08-07 17:21:20 Image size of job updated: 1556012
	1520  -  MemoryUsage of job (MB)
	1556012  -  ResidentSetSize of job (KB)
...
006 (2588215.000.000) 2025-08-07 17:41:22 Image size of job updated: 1558624
	1523  -  MemoryUsage of job (MB)
	1558624  -  ResidentSetSize of job (KB)
...
005 (2588215.000.000) 2025-08-07 18:25:52 Job terminated.
	(1) Normal termination (return value 0)
		Usr 0 01:49:30, Sys 0 00:00:15  -  Run Remote Usage
		Usr 0 00:00:00, Sys 0 00:00:00  -  Run Local Usage
		Usr 0 01:49:30, Sys 0 00:00:15  -  Total Remote Usage
		Usr 0 00:00:00, Sys 0 00:00:00  -  Total Local Usage
	0  -  Run Bytes Sent By Job
	0  -  Run Bytes Received By Job
	0  -  Total Bytes Sent By Job
	0  -  Total Bytes Received By Job
	Partitionable Resources :    Usage  Request Allocated Assigned
	   Cpus                 :     1.00        1         1 
	   Disk (KB)            : 17500    16777216  16790353 
	   GPUs                 :     0.13        1         1 "GPU-9ac85904-bd86-56e5-9296-f45f0116f69c"
	   GpusMemory (MB)      :  1362                       
	   Memory (MB)          :  1523       16384     16384 
	   TimeExecute (s)      :  6592                       
	   TimeSlotBusy (s)     :  6593                       

	Job terminated of its own accord at 2025-08-07T16:25:52Z with exit-code 0.
...
