NFDist has source_type = bns
self.parameters_ref
{'chirp_mass': 1.1975896, 'symmetric_mass_ratio': 0.2461001, 'a_1': 0.01890608, 'a_2': 0.04888488, 'tilt_1': 0.0, 'tilt_2': 0.0, 'phi_jl': 0.0, 'phi_12': 0.0, 'lambda_1': 100.0, 'lambda_2': 200.0, 'luminosity_distance': 40.06331818, 'phase': 5.88649652, 'theta_jn': 1.93095421, 'psi': 1.59687217, 'ra': 3.39736826, 'dec': -0.34000186, 'mass_ratio': 0.7779384106788951, 'mass_1': 1.5621553813557303, 'mass_2': 1.2152606746053602, 'geocent_time': 1187008882.43, 'duration': 128.0}
1it [0:00:00 bound:0 nc:  1 ncall:1.0e+03 eff:0.1% logz-ratio=-8601.12+/-0.09 dlogz:inf>0.1]
3483it [0:01:00 bound:0 nc: 28 ncall:3.0e+04 eff:11.7% logz-ratio=-9.69+/-0.06 dlogz:104.754>0.1]
3757it [0:02:45 bound:2 nc:722 ncall:3.9e+04 eff:9.7% logz-ratio=-8.51+/-0.06 dlogz:103.306>0.1]
3819it [0:04:16 bound:3 nc:813 ncall:8.6e+04 eff:4.4% logz-ratio=-8.27+/-0.06 dlogz:103.005>0.1]
3881it [0:05:50 bound:4 nc:799 ncall:1.4e+05 eff:2.9% logz-ratio=-8.04+/-0.06 dlogz:102.713>0.1]
3942it [0:07:17 bound:5 nc:892 ncall:1.8e+05 eff:2.2% logz-ratio=-7.82+/-0.06 dlogz:102.430>0.1]
4005it [0:08:46 bound:6 nc:856 ncall:2.3e+05 eff:1.7% logz-ratio=-7.60+/-0.06 dlogz:104.058>0.1]
4065it [0:10:09 bound:7 nc:1399 ncall:2.8e+05 eff:1.5% logz-ratio=-7.40+/-0.06 dlogz:103.799>0.1]
4125it [0:11:41 bound:8 nc:478 ncall:3.3e+05 eff:1.3% logz-ratio=-7.21+/-0.06 dlogz:105.412>0.1]
4187it [0:13:12 bound:9 nc:702 ncall:3.8e+05 eff:1.1% logz-ratio=-7.02+/-0.06 dlogz:155.886>0.1]
4249it [0:14:36 bound:10 nc:815 ncall:4.3e+05 eff:1.0% logz-ratio=-6.85+/-0.06 dlogz:155.647>0.1]
4311it [0:16:02 bound:11 nc:616 ncall:4.7e+05 eff:0.9% logz-ratio=-6.67+/-0.06 dlogz:155.409>0.1]
4374it [0:17:31 bound:12 nc:653 ncall:5.2e+05 eff:0.8% logz-ratio=-6.49+/-0.06 dlogz:155.170>0.1]
4435it [0:19:03 bound:13 nc:904 ncall:5.7e+05 eff:0.8% logz-ratio=-6.32+/-0.06 dlogz:154.936>0.1]
4498it [0:20:32 bound:14 nc:925 ncall:6.2e+05 eff:0.7% logz-ratio=-6.13+/-0.06 dlogz:154.692>0.1]
4558it [0:22:03 bound:15 nc:787 ncall:6.7e+05 eff:0.7% logz-ratio=-5.96+/-0.06 dlogz:154.463>0.1]
4621it [0:23:41 bound:16 nc:1071 ncall:7.2e+05 eff:0.6% logz-ratio=-5.79+/-0.06 dlogz:154.227>0.1]
4683it [0:25:07 bound:17 nc:746 ncall:7.7e+05 eff:0.6% logz-ratio=-5.62+/-0.07 dlogz:154.000>0.1]
4746it [0:26:37 bound:18 nc:1032 ncall:8.2e+05 eff:0.6% logz-ratio=-5.46+/-0.07 dlogz:153.773>0.1]
4808it [0:28:25 bound:19 nc:1121 ncall:8.7e+05 eff:0.6% logz-ratio=-5.29+/-0.07 dlogz:153.551>0.1]
4870it [0:30:10 bound:20 nc:977 ncall:9.2e+05 eff:0.5% logz-ratio=-5.13+/-0.07 dlogz:153.327>0.1]
4931it [0:32:03 bound:21 nc:893 ncall:9.7e+05 eff:0.5% logz-ratio=-4.97+/-0.07 dlogz:153.110>0.1]
4993it [0:33:40 bound:22 nc:876 ncall:1.0e+06 eff:0.5% logz-ratio=-4.81+/-0.07 dlogz:152.890>0.1]
5054it [0:35:19 bound:23 nc:983 ncall:1.1e+06 eff:0.5% logz-ratio=-4.65+/-0.07 dlogz:152.668>0.1]
5116it [0:37:02 bound:24 nc:794 ncall:1.1e+06 eff:0.5% logz-ratio=-4.48+/-0.07 dlogz:152.440>0.1]
5178it [0:38:49 bound:25 nc:966 ncall:1.2e+06 eff:0.4% logz-ratio=-4.32+/-0.07 dlogz:203.059>0.1]
5238it [0:40:41 bound:26 nc:667 ncall:1.2e+06 eff:0.4% logz-ratio=-4.16+/-0.07 dlogz:202.838>0.1]
5300it [0:42:34 bound:27 nc:955 ncall:1.3e+06 eff:0.4% logz-ratio=-3.99+/-0.07 dlogz:202.607>0.1]
5360it [0:44:14 bound:28 nc:862 ncall:1.3e+06 eff:0.4% logz-ratio=-3.82+/-0.07 dlogz:202.385>0.1]
5421it [0:45:57 bound:29 nc:1901 ncall:1.4e+06 eff:0.4% logz-ratio=-3.65+/-0.07 dlogz:202.152>0.1]
5483it [0:47:35 bound:30 nc:933 ncall:1.5e+06 eff:0.4% logz-ratio=-3.47+/-0.07 dlogz:201.912>0.1]
5544it [0:49:30 bound:31 nc:1079 ncall:1.5e+06 eff:0.4% logz-ratio=-3.28+/-0.07 dlogz:201.665>0.1]
5608it [0:51:13 bound:32 nc:1138 ncall:1.6e+06 eff:0.4% logz-ratio=-3.08+/-0.07 dlogz:201.403>0.1]
5670it [0:53:21 bound:33 nc:812 ncall:1.6e+06 eff:0.4% logz-ratio=-2.88+/-0.07 dlogz:201.138>0.1]
5734it [0:55:56 bound:34 nc:1194 ncall:1.7e+06 eff:0.3% logz-ratio=-2.66+/-0.07 dlogz:200.864>0.1]
5796it [0:58:02 bound:35 nc:632 ncall:1.7e+06 eff:0.3% logz-ratio=-2.45+/-0.07 dlogz:200.585>0.1]
5860it [1:00:00 bound:36 nc:997 ncall:1.8e+06 eff:0.3% logz-ratio=-2.21+/-0.07 dlogz:200.287>0.1]
5922it [1:02:10 bound:37 nc:796 ncall:1.8e+06 eff:0.3% logz-ratio=-1.98+/-0.07 dlogz:199.994>0.1]
5983it [1:04:01 bound:38 nc:888 ncall:1.9e+06 eff:0.3% logz-ratio=-1.74+/-0.08 dlogz:199.696>0.1]
6047it [1:05:49 bound:39 nc:837 ncall:2.0e+06 eff:0.3% logz-ratio=-1.47+/-0.08 dlogz:199.369>0.1]
6111it [1:07:43 bound:40 nc:1095 ncall:2.0e+06 eff:0.3% logz-ratio=-1.20+/-0.08 dlogz:263.454>0.1]
6174it [1:09:35 bound:41 nc:909 ncall:2.1e+06 eff:0.3% logz-ratio=-0.93+/-0.08 dlogz:263.124>0.1]
6237it [1:11:36 bound:42 nc:903 ncall:2.1e+06 eff:0.3% logz-ratio=-0.64+/-0.08 dlogz:262.767>0.1]
6298it [1:13:27 bound:43 nc:732 ncall:2.2e+06 eff:0.3% logz-ratio=-0.34+/-0.08 dlogz:262.409>0.1]
6359it [1:15:16 bound:44 nc:1176 ncall:2.3e+06 eff:0.3% logz-ratio=-0.03+/-0.08 dlogz:262.035>0.1]
6420it [1:17:22 bound:45 nc:1821 ncall:2.3e+06 eff:0.3% logz-ratio=0.32+/-0.08 dlogz:261.627>0.1]
6482it [1:19:11 bound:46 nc:808 ncall:2.4e+06 eff:0.3% logz-ratio=0.69+/-0.08 dlogz:261.197>0.1]
6544it [1:21:03 bound:47 nc:1062 ncall:2.4e+06 eff:0.3% logz-ratio=1.07+/-0.08 dlogz:260.757>0.1]
6606it [1:23:08 bound:48 nc:907 ncall:2.5e+06 eff:0.3% logz-ratio=1.46+/-0.08 dlogz:260.307>0.1]
6670it [1:25:19 bound:49 nc:965 ncall:2.5e+06 eff:0.3% logz-ratio=1.88+/-0.08 dlogz:259.830>0.1]
6733it [1:27:11 bound:50 nc:2293 ncall:2.6e+06 eff:0.3% logz-ratio=2.29+/-0.08 dlogz:259.351>0.1]
6792it [1:29:04 bound:51 nc:825 ncall:2.7e+06 eff:0.3% logz-ratio=2.68+/-0.08 dlogz:258.906>0.1]
6853it [1:31:15 bound:52 nc:853 ncall:2.7e+06 eff:0.3% logz-ratio=3.13+/-0.09 dlogz:258.398>0.1]
6915it [1:33:16 bound:53 nc:753 ncall:2.8e+06 eff:0.2% logz-ratio=3.62+/-0.09 dlogz:257.847>0.1]
6978it [1:35:17 bound:54 nc:780 ncall:2.9e+06 eff:0.2% logz-ratio=4.16+/-0.09 dlogz:257.251>0.1]
7040it [1:37:22 bound:55 nc:840 ncall:2.9e+06 eff:0.2% logz-ratio=4.70+/-0.09 dlogz:256.646>0.1]
7103it [1:39:31 bound:56 nc:1113 ncall:3.0e+06 eff:0.2% logz-ratio=5.28+/-0.09 dlogz:256.005>0.1]
7166it [1:41:32 bound:57 nc:664 ncall:3.0e+06 eff:0.2% logz-ratio=5.84+/-0.09 dlogz:255.389>0.1]
7227it [1:43:37 bound:58 nc:1088 ncall:3.1e+06 eff:0.2% logz-ratio=6.40+/-0.09 dlogz:254.765>0.1]
7290it [1:45:35 bound:59 nc:1032 ncall:3.2e+06 eff:0.2% logz-ratio=6.99+/-0.09 dlogz:254.118>0.1]
7354it [1:47:50 bound:60 nc:704 ncall:3.2e+06 eff:0.2% logz-ratio=7.54+/-0.09 dlogz:253.500>0.1]
7415it [1:50:08 bound:61 nc:1133 ncall:3.3e+06 eff:0.2% logz-ratio=8.07+/-0.09 dlogz:252.912>0.1]
7478it [1:52:07 bound:62 nc:828 ncall:3.4e+06 eff:0.2% logz-ratio=8.60+/-0.09 dlogz:252.320>0.1]
7541it [1:54:12 bound:63 nc:1388 ncall:3.4e+06 eff:0.2% logz-ratio=9.14+/-0.09 dlogz:251.724>0.1]
7604it [1:56:21 bound:64 nc:855 ncall:3.5e+06 eff:0.2% logz-ratio=9.73+/-0.09 dlogz:251.066>0.1]
7666it [1:58:32 bound:65 nc:1260 ncall:3.5e+06 eff:0.2% logz-ratio=10.30+/-0.09 dlogz:250.438>0.1]
7729it [2:00:47 bound:66 nc:1187 ncall:3.6e+06 eff:0.2% logz-ratio=11.00+/-0.09 dlogz:249.680>0.1]
7792it [2:03:22 bound:67 nc:1383 ncall:3.7e+06 eff:0.2% logz-ratio=11.68+/-0.09 dlogz:308.119>0.1]
7854it [2:05:26 bound:68 nc:1161 ncall:3.7e+06 eff:0.2% logz-ratio=12.32+/-0.09 dlogz:307.413>0.1]
7916it [2:07:40 bound:69 nc:1162 ncall:3.8e+06 eff:0.2% logz-ratio=13.01+/-0.09 dlogz:306.667>0.1]
7978it [2:09:51 bound:70 nc:1132 ncall:3.9e+06 eff:0.2% logz-ratio=13.69+/-0.09 dlogz:305.928>0.1]
8038it [2:12:10 bound:71 nc:592 ncall:3.9e+06 eff:0.2% logz-ratio=14.33+/-0.09 dlogz:305.228>0.1]
8101it [2:14:24 bound:72 nc:910 ncall:4.0e+06 eff:0.2% logz-ratio=15.15+/-0.10 dlogz:304.354>0.1]
8160it [2:16:42 bound:73 nc:1288 ncall:4.0e+06 eff:0.2% logz-ratio=15.92+/-0.10 dlogz:303.523>0.1]
8223it [2:19:08 bound:74 nc:594 ncall:4.1e+06 eff:0.2% logz-ratio=16.72+/-0.10 dlogz:302.656>0.1]
8285it [2:21:21 bound:75 nc:449 ncall:4.2e+06 eff:0.2% logz-ratio=17.59+/-0.10 dlogz:301.726>0.1]
8347it [2:23:31 bound:76 nc:1250 ncall:4.2e+06 eff:0.2% logz-ratio=18.47+/-0.10 dlogz:300.791>0.1]
8410it [2:26:00 bound:77 nc:774 ncall:4.3e+06 eff:0.2% logz-ratio=19.48+/-0.10 dlogz:299.726>0.1]
8474it [2:28:02 bound:78 nc:933 ncall:4.4e+06 eff:0.2% logz-ratio=20.49+/-0.10 dlogz:298.646>0.1]
8534it [2:30:07 bound:79 nc:1455 ncall:4.4e+06 eff:0.2% logz-ratio=21.39+/-0.10 dlogz:297.688>0.1]
8593it [2:32:18 bound:80 nc:1328 ncall:4.5e+06 eff:0.2% logz-ratio=22.33+/-0.10 dlogz:296.695>0.1]
8655it [2:34:33 bound:81 nc:1229 ncall:4.5e+06 eff:0.2% logz-ratio=23.37+/-0.10 dlogz:295.588>0.1]
8719it [2:36:42 bound:82 nc:1138 ncall:4.6e+06 eff:0.2% logz-ratio=24.33+/-0.10 dlogz:294.570>0.1]
8781it [2:39:00 bound:83 nc:1036 ncall:4.7e+06 eff:0.2% logz-ratio=25.35+/-0.10 dlogz:293.487>0.1]
8845it [2:40:59 bound:84 nc:553 ncall:4.7e+06 eff:0.2% logz-ratio=26.32+/-0.10 dlogz:292.456>0.1]
8906it [2:43:25 bound:85 nc:1256 ncall:4.8e+06 eff:0.2% logz-ratio=27.37+/-0.10 dlogz:291.348>0.1]
8969it [2:45:33 bound:86 nc:624 ncall:4.8e+06 eff:0.2% logz-ratio=28.70+/-0.10 dlogz:289.961>0.1]
9029it [2:47:36 bound:87 nc:1060 ncall:4.9e+06 eff:0.2% logz-ratio=29.91+/-0.10 dlogz:288.693>0.1]
9090it [2:50:08 bound:88 nc:2049 ncall:5.0e+06 eff:0.2% logz-ratio=30.96+/-0.10 dlogz:287.579>0.1]
9151it [2:52:33 bound:89 nc:701 ncall:5.0e+06 eff:0.2% logz-ratio=32.27+/-0.10 dlogz:286.209>0.1]
9213it [2:54:40 bound:90 nc:744 ncall:5.1e+06 eff:0.2% logz-ratio=33.62+/-0.10 dlogz:284.805>0.1]
9274it [2:56:56 bound:91 nc:1640 ncall:5.2e+06 eff:0.2% logz-ratio=34.97+/-0.10 dlogz:283.388>0.1]
9336it [2:59:17 bound:92 nc:994 ncall:5.2e+06 eff:0.2% logz-ratio=36.42+/-0.10 dlogz:281.882>0.1]
9398it [3:01:29 bound:93 nc:1202 ncall:5.3e+06 eff:0.2% logz-ratio=37.86+/-0.11 dlogz:280.383>0.1]
9460it [3:03:48 bound:94 nc:721 ncall:5.3e+06 eff:0.2% logz-ratio=39.29+/-0.11 dlogz:278.896>0.1]
9522it [3:06:20 bound:95 nc:959 ncall:5.4e+06 eff:0.2% logz-ratio=40.94+/-0.11 dlogz:277.197>0.1]
9582it [3:08:28 bound:96 nc:579 ncall:5.5e+06 eff:0.2% logz-ratio=42.55+/-0.11 dlogz:275.515>0.1]
9644it [3:10:34 bound:97 nc:1108 ncall:5.5e+06 eff:0.2% logz-ratio=44.09+/-0.11 dlogz:273.914>0.1]
9704it [3:12:45 bound:98 nc:1164 ncall:5.6e+06 eff:0.2% logz-ratio=45.90+/-0.11 dlogz:272.053>0.1]
9763it [3:15:05 bound:99 nc:1166 ncall:5.7e+06 eff:0.2% logz-ratio=47.94+/-0.11 dlogz:269.957>0.1]
9826it [3:17:15 bound:100 nc:692 ncall:5.7e+06 eff:0.2% logz-ratio=50.05+/-0.11 dlogz:267.784>0.1]
9888it [3:19:27 bound:101 nc:909 ncall:5.8e+06 eff:0.2% logz-ratio=51.91+/-0.11 dlogz:265.866>0.1]
9952it [3:21:41 bound:102 nc:814 ncall:5.8e+06 eff:0.2% logz-ratio=53.82+/-0.11 dlogz:263.890>0.1]
10011it [3:23:57 bound:103 nc:971 ncall:5.9e+06 eff:0.2% logz-ratio=55.54+/-0.11 dlogz:262.110>0.1]
10075it [3:26:20 bound:104 nc:993 ncall:6.0e+06 eff:0.2% logz-ratio=57.31+/-0.11 dlogz:260.286>0.1]
10137it [3:28:46 bound:105 nc:388 ncall:6.0e+06 eff:0.2% logz-ratio=59.15+/-0.11 dlogz:258.380>0.1]
10200it [3:31:06 bound:106 nc:876 ncall:6.1e+06 eff:0.2% logz-ratio=61.05+/-0.11 dlogz:256.415>0.1]
10260it [3:33:17 bound:107 nc:1313 ncall:6.1e+06 eff:0.2% logz-ratio=63.04+/-0.11 dlogz:254.373>0.1]
10322it [3:35:51 bound:108 nc:542 ncall:6.2e+06 eff:0.2% logz-ratio=65.08+/-0.11 dlogz:252.269>0.1]
10385it [3:38:11 bound:109 nc:1228 ncall:6.3e+06 eff:0.2% logz-ratio=67.17+/-0.11 dlogz:250.119>0.1]
10448it [3:40:54 bound:110 nc:787 ncall:6.3e+06 eff:0.2% logz-ratio=68.99+/-0.11 dlogz:248.237>0.1]
10508it [3:43:13 bound:111 nc:946 ncall:6.4e+06 eff:0.2% logz-ratio=70.76+/-0.11 dlogz:246.404>0.1]
10569it [3:45:25 bound:112 nc:2243 ncall:6.5e+06 eff:0.2% logz-ratio=72.82+/-0.11 dlogz:244.288>0.1]
10632it [3:47:37 bound:113 nc:744 ncall:6.5e+06 eff:0.2% logz-ratio=75.00+/-0.11 dlogz:242.051>0.1]
10693it [3:49:40 bound:114 nc:1014 ncall:6.6e+06 eff:0.2% logz-ratio=76.78+/-0.11 dlogz:240.205>0.1]
10756it [3:52:03 bound:115 nc:850 ncall:6.6e+06 eff:0.2% logz-ratio=78.59+/-0.11 dlogz:348.242>0.1]
10817it [3:54:15 bound:116 nc:1136 ncall:6.7e+06 eff:0.2% logz-ratio=80.64+/-0.11 dlogz:346.140>0.1]
10881it [3:56:41 bound:117 nc:823 ncall:6.8e+06 eff:0.2% logz-ratio=82.72+/-0.11 dlogz:343.988>0.1]
10943it [3:59:06 bound:118 nc:925 ncall:6.8e+06 eff:0.2% logz-ratio=84.63+/-0.11 dlogz:342.017>0.1]
11006it [4:01:26 bound:119 nc:1012 ncall:6.9e+06 eff:0.2% logz-ratio=86.50+/-0.11 dlogz:340.081>0.1]
11068it [4:03:47 bound:120 nc:1517 ncall:6.9e+06 eff:0.2% logz-ratio=88.46+/-0.11 dlogz:338.059>0.1]
11129it [4:06:13 bound:121 nc:692 ncall:7.0e+06 eff:0.2% logz-ratio=91.05+/-0.12 dlogz:335.428>0.1]
11191it [4:08:37 bound:122 nc:440 ncall:7.1e+06 eff:0.2% logz-ratio=93.14+/-0.11 dlogz:333.263>0.1]
11254it [4:10:58 bound:123 nc:596 ncall:7.1e+06 eff:0.2% logz-ratio=95.59+/-0.12 dlogz:330.755>0.1]
11316it [4:13:14 bound:124 nc:836 ncall:7.2e+06 eff:0.2% logz-ratio=97.49+/-0.11 dlogz:328.790>0.1]
11378it [4:15:41 bound:125 nc:877 ncall:7.3e+06 eff:0.2% logz-ratio=99.38+/-0.12 dlogz:326.847>0.1]
11439it [4:17:59 bound:126 nc:1147 ncall:7.3e+06 eff:0.2% logz-ratio=101.52+/-0.12 dlogz:324.650>0.1]
11503it [4:20:23 bound:127 nc:1666 ncall:7.4e+06 eff:0.2% logz-ratio=104.04+/-0.12 dlogz:322.066>0.1]
11564it [4:22:57 bound:128 nc:1641 ncall:7.5e+06 eff:0.2% logz-ratio=106.06+/-0.12 dlogz:319.982>0.1]
11627it [4:25:16 bound:129 nc:1012 ncall:7.5e+06 eff:0.2% logz-ratio=108.59+/-0.12 dlogz:317.399>0.1]
11689it [4:27:48 bound:130 nc:2348 ncall:7.6e+06 eff:0.2% logz-ratio=111.07+/-0.12 dlogz:314.843>0.1]
11751it [4:29:59 bound:131 nc:893 ncall:7.7e+06 eff:0.2% logz-ratio=113.18+/-0.12 dlogz:312.680>0.1]
11813it [4:32:28 bound:132 nc:1262 ncall:7.7e+06 eff:0.2% logz-ratio=115.70+/-0.12 dlogz:310.101>0.1]
11874it [4:34:50 bound:133 nc:1667 ncall:7.8e+06 eff:0.2% logz-ratio=118.28+/-0.12 dlogz:307.464>0.1]
11934it [4:37:07 bound:134 nc:1655 ncall:7.8e+06 eff:0.2% logz-ratio=120.33+/-0.12 dlogz:305.345>0.1]
11998it [4:39:20 bound:135 nc:1437 ncall:7.9e+06 eff:0.2% logz-ratio=122.98+/-0.12 dlogz:302.651>0.1]
12058it [4:41:40 bound:136 nc:633 ncall:8.0e+06 eff:0.2% logz-ratio=125.75+/-0.12 dlogz:299.813>0.1]
12122it [4:44:06 bound:137 nc:553 ncall:8.0e+06 eff:0.2% logz-ratio=128.29+/-0.12 dlogz:297.218>0.1]
12182it [4:46:08 bound:138 nc:2111 ncall:8.1e+06 eff:0.2% logz-ratio=131.10+/-0.12 dlogz:295.022>0.1]
12241it [4:48:30 bound:139 nc:672 ncall:8.2e+06 eff:0.2% logz-ratio=133.36+/-0.12 dlogz:292.716>0.1]
12303it [4:51:12 bound:140 nc:1251 ncall:8.2e+06 eff:0.1% logz-ratio=136.47+/-0.12 dlogz:289.540>0.1]
12364it [4:53:51 bound:141 nc:901 ncall:8.3e+06 eff:0.1% logz-ratio=139.01+/-0.12 dlogz:286.936>0.1]
12424it [4:56:13 bound:142 nc:1355 ncall:8.3e+06 eff:0.1% logz-ratio=141.25+/-0.12 dlogz:284.626>0.1]
12487it [4:58:42 bound:143 nc:1088 ncall:8.4e+06 eff:0.1% logz-ratio=143.56+/-0.12 dlogz:282.267>0.1]
12549it [5:01:02 bound:144 nc:1264 ncall:8.5e+06 eff:0.1% logz-ratio=146.22+/-0.12 dlogz:279.550>0.1]
12611it [5:03:33 bound:145 nc:1702 ncall:8.5e+06 eff:0.1% logz-ratio=149.61+/-0.12 dlogz:276.106>0.1]
12672it [5:05:51 bound:146 nc:855 ncall:8.6e+06 eff:0.1% logz-ratio=152.22+/-0.12 dlogz:273.431>0.1]
12735it [5:08:30 bound:147 nc:528 ncall:8.7e+06 eff:0.1% logz-ratio=154.53+/-0.12 dlogz:271.048>0.1]
12797it [5:10:57 bound:148 nc:943 ncall:8.7e+06 eff:0.1% logz-ratio=157.30+/-0.12 dlogz:268.236>0.1]
12858it [5:13:15 bound:149 nc:820 ncall:8.8e+06 eff:0.1% logz-ratio=160.53+/-0.12 dlogz:264.940>0.1]
12919it [5:15:44 bound:150 nc:1044 ncall:8.9e+06 eff:0.1% logz-ratio=163.37+/-0.12 dlogz:282.512>0.1]
12983it [5:17:55 bound:151 nc:697 ncall:8.9e+06 eff:0.1% logz-ratio=166.18+/-0.12 dlogz:279.623>0.1]
13043it [5:20:19 bound:152 nc:947 ncall:9.0e+06 eff:0.1% logz-ratio=168.82+/-0.12 dlogz:276.947>0.1]
13103it [5:22:55 bound:153 nc:1186 ncall:9.0e+06 eff:0.1% logz-ratio=172.09+/-0.12 dlogz:273.610>0.1]
13162it [5:25:33 bound:154 nc:1553 ncall:9.1e+06 eff:0.1% logz-ratio=174.52+/-0.12 dlogz:271.129>0.1]
13224it [5:27:49 bound:155 nc:1399 ncall:9.2e+06 eff:0.1% logz-ratio=177.45+/-0.12 dlogz:268.131>0.1]
13286it [5:30:12 bound:156 nc:617 ncall:9.2e+06 eff:0.1% logz-ratio=179.85+/-0.12 dlogz:265.673>0.1]
13346it [5:32:38 bound:157 nc:918 ncall:9.3e+06 eff:0.1% logz-ratio=182.64+/-0.12 dlogz:262.823>0.1]
13407it [5:34:49 bound:158 nc:1775 ncall:9.4e+06 eff:0.1% logz-ratio=185.52+/-0.12 dlogz:259.877>0.1]
13470it [5:37:35 bound:159 nc:717 ncall:9.4e+06 eff:0.1% logz-ratio=188.21+/-0.12 dlogz:285.312>0.1]
13527it [5:40:10 bound:160 nc:951 ncall:9.5e+06 eff:0.1% logz-ratio=191.38+/-0.13 dlogz:282.117>0.1]
13590it [5:42:22 bound:161 nc:938 ncall:9.6e+06 eff:0.1% logz-ratio=194.29+/-0.13 dlogz:279.113>0.1]
13653it [5:44:57 bound:162 nc:1148 ncall:9.6e+06 eff:0.1% logz-ratio=197.03+/-0.13 dlogz:276.312>0.1]
13715it [5:47:20 bound:163 nc:959 ncall:9.7e+06 eff:0.1% logz-ratio=199.46+/-0.13 dlogz:273.823>0.1]
13778it [5:49:42 bound:164 nc:1181 ncall:9.8e+06 eff:0.1% logz-ratio=202.55+/-0.13 dlogz:270.691>0.1]
13839it [5:52:27 bound:165 nc:688 ncall:9.8e+06 eff:0.1% logz-ratio=205.73+/-0.13 dlogz:267.441>0.1]
13902it [5:55:00 bound:166 nc:1366 ncall:9.9e+06 eff:0.1% logz-ratio=208.73+/-0.13 dlogz:264.370>0.1]
13964it [5:57:53 bound:167 nc:1517 ncall:1.0e+07 eff:0.1% logz-ratio=211.01+/-0.13 dlogz:262.029>0.1]
14025it [6:00:28 bound:168 nc:807 ncall:1.0e+07 eff:0.1% logz-ratio=214.19+/-0.13 dlogz:271.645>0.1]
14084it [6:02:57 bound:169 nc:3087 ncall:1.0e+07 eff:0.1% logz-ratio=217.22+/-0.13 dlogz:268.565>0.1]
14145it [6:05:35 bound:170 nc:692 ncall:1.0e+07 eff:0.1% logz-ratio=220.42+/-0.13 dlogz:265.301>0.1]
14209it [6:07:55 bound:171 nc:1238 ncall:1.0e+07 eff:0.1% logz-ratio=223.38+/-0.13 dlogz:262.271>0.1]
14270it [6:10:54 bound:172 nc:2336 ncall:1.0e+07 eff:0.1% logz-ratio=226.12+/-0.13 dlogz:259.469>0.1]
14332it [6:13:30 bound:173 nc:1109 ncall:1.0e+07 eff:0.1% logz-ratio=228.98+/-0.13 dlogz:256.554>0.1]
14395it [6:15:54 bound:174 nc:1236 ncall:1.0e+07 eff:0.1% logz-ratio=232.82+/-0.13 dlogz:252.666>0.1]
14456it [6:18:19 bound:175 nc:929 ncall:1.0e+07 eff:0.1% logz-ratio=236.15+/-0.13 dlogz:249.269>0.1]
14518it [6:20:36 bound:176 nc:1454 ncall:1.1e+07 eff:0.1% logz-ratio=239.46+/-0.13 dlogz:245.898>0.1]
14579it [6:22:55 bound:177 nc:1375 ncall:1.1e+07 eff:0.1% logz-ratio=242.35+/-0.13 dlogz:242.949>0.1]
14641it [6:25:11 bound:178 nc:965 ncall:1.1e+07 eff:0.1% logz-ratio=245.01+/-0.13 dlogz:240.221>0.1]
14703it [6:27:46 bound:179 nc:801 ncall:1.1e+07 eff:0.1% logz-ratio=248.11+/-0.13 dlogz:237.071>0.1]
14765it [6:30:15 bound:180 nc:1222 ncall:1.1e+07 eff:0.1% logz-ratio=251.68+/-0.13 dlogz:233.455>0.1]
14827it [6:32:33 bound:181 nc:1152 ncall:1.1e+07 eff:0.1% logz-ratio=255.44+/-0.13 dlogz:229.639>0.1]
14890it [6:34:42 bound:182 nc:593 ncall:1.1e+07 eff:0.1% logz-ratio=258.30+/-0.13 dlogz:226.700>0.1]
14952it [6:37:10 bound:183 nc:1001 ncall:1.1e+07 eff:0.1% logz-ratio=260.77+/-0.13 dlogz:224.155>0.1]
15014it [6:39:51 bound:184 nc:1198 ncall:1.1e+07 eff:0.1% logz-ratio=263.81+/-0.13 dlogz:221.073>0.1]
15075it [6:42:13 bound:185 nc:1405 ncall:1.1e+07 eff:0.1% logz-ratio=266.95+/-0.13 dlogz:217.859>0.1]
15137it [6:44:32 bound:186 nc:1210 ncall:1.1e+07 eff:0.1% logz-ratio=269.66+/-0.13 dlogz:215.094>0.1]
15201it [6:46:39 bound:187 nc:1170 ncall:1.1e+07 eff:0.1% logz-ratio=272.62+/-0.13 dlogz:212.061>0.1]
15263it [6:48:53 bound:188 nc:806 ncall:1.1e+07 eff:0.1% logz-ratio=275.33+/-0.13 dlogz:209.298>0.1]
15324it [6:51:13 bound:189 nc:891 ncall:1.1e+07 eff:0.1% logz-ratio=278.41+/-0.13 dlogz:206.158>0.1]
15387it [6:53:37 bound:190 nc:596 ncall:1.1e+07 eff:0.1% logz-ratio=281.43+/-0.13 dlogz:203.076>0.1]
15451it [6:56:04 bound:191 nc:788 ncall:1.2e+07 eff:0.1% logz-ratio=284.52+/-0.13 dlogz:199.918>0.1]
15514it [6:58:19 bound:192 nc:778 ncall:1.2e+07 eff:0.1% logz-ratio=288.09+/-0.13 dlogz:196.296>0.1]
15575it [7:00:24 bound:193 nc:834 ncall:1.2e+07 eff:0.1% logz-ratio=291.55+/-0.13 dlogz:192.773>0.1]
15636it [7:02:38 bound:194 nc:2232 ncall:1.2e+07 eff:0.1% logz-ratio=294.98+/-0.13 dlogz:193.951>0.1]
15696it [7:04:55 bound:195 nc:1284 ncall:1.2e+07 eff:0.1% logz-ratio=298.14+/-0.13 dlogz:190.724>0.1]
15760it [7:07:20 bound:196 nc:1273 ncall:1.2e+07 eff:0.1% logz-ratio=301.89+/-0.13 dlogz:186.913>0.1]
15819it [7:09:49 bound:197 nc:1510 ncall:1.2e+07 eff:0.1% logz-ratio=305.35+/-0.13 dlogz:183.389>0.1]
15880it [7:12:57 bound:198 nc:1119 ncall:1.2e+07 eff:0.1% logz-ratio=308.23+/-0.13 dlogz:180.451>0.1]
15943it [7:15:25 bound:199 nc:2147 ncall:1.2e+07 eff:0.1% logz-ratio=311.30+/-0.13 dlogz:177.317>0.1]
16004it [7:18:13 bound:200 nc:1004 ncall:1.2e+07 eff:0.1% logz-ratio=314.42+/-0.13 dlogz:174.131>0.1]
16068it [7:20:30 bound:201 nc:670 ncall:1.2e+07 eff:0.1% logz-ratio=317.70+/-0.14 dlogz:170.811>0.1]
16130it [7:22:44 bound:202 nc:1234 ncall:1.2e+07 eff:0.1% logz-ratio=320.34+/-0.13 dlogz:185.492>0.1]
16194it [7:25:05 bound:203 nc:622 ncall:1.2e+07 eff:0.1% logz-ratio=323.11+/-0.13 dlogz:182.660>0.1]
16256it [7:27:24 bound:204 nc:2844 ncall:1.2e+07 eff:0.1% logz-ratio=326.15+/-0.14 dlogz:179.558>0.1]
16319it [7:29:51 bound:205 nc:682 ncall:1.2e+07 eff:0.1% logz-ratio=328.66+/-0.13 dlogz:176.987>0.1]
16382it [7:32:14 bound:206 nc:490 ncall:1.2e+07 eff:0.1% logz-ratio=331.37+/-0.14 dlogz:174.219>0.1]
16444it [7:34:42 bound:207 nc:1206 ncall:1.3e+07 eff:0.1% logz-ratio=334.02+/-0.14 dlogz:171.517>0.1]
16503it [7:37:10 bound:208 nc:939 ncall:1.3e+07 eff:0.1% logz-ratio=337.31+/-0.14 dlogz:168.146>0.1]
16564it [7:39:26 bound:209 nc:1286 ncall:1.3e+07 eff:0.1% logz-ratio=339.23+/-0.14 dlogz:166.164>0.1]
16627it [7:41:54 bound:210 nc:1293 ncall:1.3e+07 eff:0.1% logz-ratio=341.34+/-0.14 dlogz:164.012>0.1]
16690it [7:44:28 bound:211 nc:1056 ncall:1.3e+07 eff:0.1% logz-ratio=344.06+/-0.14 dlogz:161.224>0.1]
16751it [7:46:51 bound:212 nc:1006 ncall:1.3e+07 eff:0.1% logz-ratio=347.07+/-0.14 dlogz:158.159>0.1]
16813it [7:49:19 bound:213 nc:2345 ncall:1.3e+07 eff:0.1% logz-ratio=349.45+/-0.14 dlogz:155.713>0.1]
16876it [7:51:53 bound:214 nc:940 ncall:1.3e+07 eff:0.1% logz-ratio=351.56+/-0.14 dlogz:153.532>0.1]
16938it [7:54:28 bound:215 nc:1229 ncall:1.3e+07 eff:0.1% logz-ratio=353.62+/-0.14 dlogz:151.420>0.1]
16999it [7:56:53 bound:216 nc:777 ncall:1.3e+07 eff:0.1% logz-ratio=356.45+/-0.14 dlogz:148.553>0.1]
17060it [7:59:26 bound:217 nc:1067 ncall:1.3e+07 eff:0.1% logz-ratio=358.98+/-0.14 dlogz:145.947>0.1]
17121it [8:01:48 bound:218 nc:642 ncall:1.3e+07 eff:0.1% logz-ratio=361.56+/-0.14 dlogz:143.297>0.1]
17184it [8:04:16 bound:219 nc:1302 ncall:1.3e+07 eff:0.1% logz-ratio=364.14+/-0.14 dlogz:140.667>0.1]
17246it [8:07:04 bound:220 nc:1329 ncall:1.3e+07 eff:0.1% logz-ratio=367.32+/-0.14 dlogz:137.428>0.1]
17308it [8:09:58 bound:221 nc:2439 ncall:1.3e+07 eff:0.1% logz-ratio=370.13+/-0.14 dlogz:134.556>0.1]
17372it [8:12:50 bound:222 nc:880 ncall:1.4e+07 eff:0.1% logz-ratio=372.66+/-0.14 dlogz:131.958>0.1]
17435it [8:15:33 bound:223 nc:1038 ncall:1.4e+07 eff:0.1% logz-ratio=374.82+/-0.14 dlogz:129.736>0.1]
17496it [8:17:57 bound:224 nc:1591 ncall:1.4e+07 eff:0.1% logz-ratio=377.40+/-0.14 dlogz:127.100>0.1]
17559it [8:20:11 bound:225 nc:957 ncall:1.4e+07 eff:0.1% logz-ratio=379.40+/-0.14 dlogz:125.025>0.1]
17622it [8:22:35 bound:226 nc:1171 ncall:1.4e+07 eff:0.1% logz-ratio=381.38+/-0.14 dlogz:128.048>0.1]
17683it [8:25:06 bound:227 nc:2148 ncall:1.4e+07 eff:0.1% logz-ratio=383.54+/-0.14 dlogz:125.832>0.1]
17745it [8:27:34 bound:228 nc:949 ncall:1.4e+07 eff:0.1% logz-ratio=386.30+/-0.14 dlogz:123.020>0.1]
17808it [8:29:58 bound:229 nc:825 ncall:1.4e+07 eff:0.1% logz-ratio=388.74+/-0.14 dlogz:120.505>0.1]
17871it [8:32:28 bound:230 nc:1665 ncall:1.4e+07 eff:0.1% logz-ratio=390.39+/-0.14 dlogz:118.789>0.1]
17933it [8:35:04 bound:231 nc:947 ncall:1.4e+07 eff:0.1% logz-ratio=392.21+/-0.14 dlogz:116.921>0.1]
17995it [8:37:24 bound:232 nc:1315 ncall:1.4e+07 eff:0.1% logz-ratio=394.84+/-0.14 dlogz:114.241>0.1]
18059it [8:39:51 bound:233 nc:716 ncall:1.4e+07 eff:0.1% logz-ratio=397.21+/-0.14 dlogz:111.787>0.1]
18121it [8:42:21 bound:234 nc:732 ncall:1.4e+07 eff:0.1% logz-ratio=399.16+/-0.14 dlogz:109.779>0.1]
18183it [8:44:48 bound:235 nc:1226 ncall:1.4e+07 eff:0.1% logz-ratio=401.27+/-0.14 dlogz:107.615>0.1]
18245it [8:47:22 bound:236 nc:1707 ncall:1.5e+07 eff:0.1% logz-ratio=403.55+/-0.14 dlogz:105.269>0.1]
18307it [8:49:50 bound:237 nc:1098 ncall:1.5e+07 eff:0.1% logz-ratio=405.93+/-0.14 dlogz:102.833>0.1]
18371it [8:52:19 bound:238 nc:1756 ncall:1.5e+07 eff:0.1% logz-ratio=407.84+/-0.14 dlogz:104.233>0.1]
