000 (2587855.000.000) 2025-08-06 10:19:10 Job submitted from host: <145.107.7.246:9618?addrs=145.107.7.246-9618+[2a07-8500-120-e070--3f6]-9618&alias=taai-007.nikhef.nl&noUDP&sock=schedd_2614_90a7>
...
001 (2587855.000.000) 2025-08-06 10:19:39 Job executing on host: <145.107.4.165:9618?addrs=145.107.4.165-9618+[2a07-8500-120-e070--a5]-9618&alias=wn-pijl-004.nikhef.nl&noUDP&sock=startd_4575_a5df>
	SlotName: slot1_1@wn-pijl-004.nikhef.nl
	AvailableGPUs = { GPUs_GPU_773f6dad_3fd6_4b6b_da2f_6b5ade271836 }
	CondorScratchDir = "/scratch/condor_execute/dir_1886552"
	Cpus = 1
	Disk = 16790397
	GPUs = 1
	GPUs_GPU_773f6dad_3fd6_4b6b_da2f_6b5ade271836 = [ Id = "GPU-773f6dad-3fd6-4b6b-da2f-6b5ade271836"; ClockMhz = 2520.0; Capability = 8.9; CoresPerCU = 128; DeviceName = "NVIDIA L40S"; DeviceUuid = "773f6dad-3fd6-4b6b-da2f-6b5ade271836"; ECCEnabled = true; ComputeUnits = 142; NvidiaDriver = "570.124.06"; DriverVersion = 12.8; DevicePciBusId = "0000:01:00.0"; GlobalMemoryMb = 45468; MaxSupportedVersion = 12080 ]
	Memory = 16384
...
006 (2587855.000.000) 2025-08-06 10:19:53 Image size of job updated: 648692
	634  -  MemoryUsage of job (MB)
	648692  -  ResidentSetSize of job (KB)
...
006 (2587855.000.000) 2025-08-06 10:22:18 Image size of job updated: 3171472
	634  -  MemoryUsage of job (MB)
	648700  -  ResidentSetSize of job (KB)
...
005 (2587855.000.000) 2025-08-06 10:22:18 Job terminated.
	(1) Normal termination (return value 0)
		Usr 0 00:02:43, Sys 0 00:00:28  -  Run Remote Usage
		Usr 0 00:00:00, Sys 0 00:00:00  -  Run Local Usage
		Usr 0 00:02:43, Sys 0 00:00:28  -  Total Remote Usage
		Usr 0 00:00:00, Sys 0 00:00:00  -  Total Local Usage
	0  -  Run Bytes Sent By Job
	0  -  Run Bytes Received By Job
	0  -  Total Bytes Sent By Job
	0  -  Total Bytes Received By Job
	Partitionable Resources :    Usage  Request Allocated Assigned
	   Cpus                 :     1.09        1         1 
	   Disk (KB)            : 17500    16777216  16790397 
	   GPUs                 :                 1         1 "GPU-773f6dad-3fd6-4b6b-da2f-6b5ade271836"
	   GpusMemory (MB)      : 35158                       
	   Memory (MB)          :   634       16384     16384 
	   TimeExecute (s)      :   159                       
	   TimeSlotBusy (s)     :   160                       

	Job terminated of its own accord at 2025-08-06T08:22:18Z with exit-code 0.
...
