000 (2589220.000.000) 2025-08-10 12:49:22 Job submitted from host: <145.107.7.246:9618?addrs=145.107.7.246-9618+[2a07-8500-120-e070--3f6]-9618&alias=taai-007.nikhef.nl&noUDP&sock=schedd_2614_90a7>
    DAG Node: run_r
...
001 (2589220.000.000) 2025-08-13 19:53:14 Job executing on host: <145.107.4.129:9618?addrs=145.107.4.129-9618+[2a07-8500-120-e070--81]-9618&alias=wn-lot-002.nikhef.nl&noUDP&sock=startd_1826_1006>
	SlotName: slot1_1@wn-lot-002.nikhef.nl
	CondorScratchDir = "/scratch/condor_execute/dir_1663771"
	Cpus = 64
	Disk = 16778708
	GPUs = 0
	Memory = 16384
...
006 (2589220.000.000) 2025-08-13 19:53:28 Image size of job updated: 357664
	350  -  MemoryUsage of job (MB)
	357664  -  ResidentSetSize of job (KB)
...
006 (2589220.000.000) 2025-08-13 19:58:28 Image size of job updated: 1594584
	1558  -  MemoryUsage of job (MB)
	1594584  -  ResidentSetSize of job (KB)
...
006 (2589220.000.000) 2025-08-13 20:03:28 Image size of job updated: 1626712
	1589  -  MemoryUsage of job (MB)
	1626712  -  ResidentSetSize of job (KB)
...
006 (2589220.000.000) 2025-08-13 20:08:29 Image size of job updated: 1637604
	1600  -  MemoryUsage of job (MB)
	1637604  -  ResidentSetSize of job (KB)
...
006 (2589220.000.000) 2025-08-13 20:13:30 Image size of job updated: 1644388
	1606  -  MemoryUsage of job (MB)
	1644388  -  ResidentSetSize of job (KB)
...
006 (2589220.000.000) 2025-08-13 20:18:30 Image size of job updated: 1650360
	1612  -  MemoryUsage of job (MB)
	1650360  -  ResidentSetSize of job (KB)
...
006 (2589220.000.000) 2025-08-13 20:23:30 Image size of job updated: 1654556
	1616  -  MemoryUsage of job (MB)
	1654556  -  ResidentSetSize of job (KB)
...
006 (2589220.000.000) 2025-08-13 20:28:31 Image size of job updated: 1657720
	1619  -  MemoryUsage of job (MB)
	1657720  -  ResidentSetSize of job (KB)
...
006 (2589220.000.000) 2025-08-13 20:33:32 Image size of job updated: 1661532
	1623  -  MemoryUsage of job (MB)
	1661532  -  ResidentSetSize of job (KB)
...
006 (2589220.000.000) 2025-08-13 20:38:32 Image size of job updated: 1664308
	1626  -  MemoryUsage of job (MB)
	1664308  -  ResidentSetSize of job (KB)
...
006 (2589220.000.000) 2025-08-13 20:43:33 Image size of job updated: 1666964
	1628  -  MemoryUsage of job (MB)
	1666964  -  ResidentSetSize of job (KB)
...
006 (2589220.000.000) 2025-08-13 20:48:34 Image size of job updated: 1670060
	1631  -  MemoryUsage of job (MB)
	1670060  -  ResidentSetSize of job (KB)
...
006 (2589220.000.000) 2025-08-13 20:53:34 Image size of job updated: 1672564
	1634  -  MemoryUsage of job (MB)
	1672564  -  ResidentSetSize of job (KB)
...
006 (2589220.000.000) 2025-08-13 20:58:34 Image size of job updated: 2135048
	2086  -  MemoryUsage of job (MB)
	2135048  -  ResidentSetSize of job (KB)
...
006 (2589220.000.000) 2025-08-13 21:03:35 Image size of job updated: 2149564
	2100  -  MemoryUsage of job (MB)
	2149564  -  ResidentSetSize of job (KB)
...
006 (2589220.000.000) 2025-08-13 21:08:36 Image size of job updated: 2172872
	2122  -  MemoryUsage of job (MB)
	2172872  -  ResidentSetSize of job (KB)
...
006 (2589220.000.000) 2025-08-13 21:13:36 Image size of job updated: 2176288
	2126  -  MemoryUsage of job (MB)
	2176288  -  ResidentSetSize of job (KB)
...
006 (2589220.000.000) 2025-08-13 21:18:36 Image size of job updated: 2181148
	2131  -  MemoryUsage of job (MB)
	2181148  -  ResidentSetSize of job (KB)
...
006 (2589220.000.000) 2025-08-13 21:23:37 Image size of job updated: 2182128
	2131  -  MemoryUsage of job (MB)
	2182128  -  ResidentSetSize of job (KB)
...
006 (2589220.000.000) 2025-08-13 21:28:37 Image size of job updated: 2187176
	2136  -  MemoryUsage of job (MB)
	2187176  -  ResidentSetSize of job (KB)
...
006 (2589220.000.000) 2025-08-13 21:33:37 Image size of job updated: 2192876
	2142  -  MemoryUsage of job (MB)
	2192876  -  ResidentSetSize of job (KB)
...
006 (2589220.000.000) 2025-08-13 21:38:38 Image size of job updated: 2197852
	2147  -  MemoryUsage of job (MB)
	2197852  -  ResidentSetSize of job (KB)
...
006 (2589220.000.000) 2025-08-13 21:43:39 Image size of job updated: 2200164
	2149  -  MemoryUsage of job (MB)
	2200164  -  ResidentSetSize of job (KB)
...
006 (2589220.000.000) 2025-08-13 21:48:39 Image size of job updated: 2201160
	2150  -  MemoryUsage of job (MB)
	2201160  -  ResidentSetSize of job (KB)
...
006 (2589220.000.000) 2025-08-13 21:53:39 Image size of job updated: 2203424
	2152  -  MemoryUsage of job (MB)
	2203424  -  ResidentSetSize of job (KB)
...
006 (2589220.000.000) 2025-08-13 21:58:40 Image size of job updated: 2271444
	2182  -  MemoryUsage of job (MB)
	2234148  -  ResidentSetSize of job (KB)
...
006 (2589220.000.000) 2025-08-13 22:03:40 Image size of job updated: 2271444
	2185  -  MemoryUsage of job (MB)
	2237148  -  ResidentSetSize of job (KB)
...
006 (2589220.000.000) 2025-08-13 22:08:40 Image size of job updated: 2271444
	2186  -  MemoryUsage of job (MB)
	2237776  -  ResidentSetSize of job (KB)
...
006 (2589220.000.000) 2025-08-13 22:13:41 Image size of job updated: 2271444
	2187  -  MemoryUsage of job (MB)
	2239292  -  ResidentSetSize of job (KB)
...
006 (2589220.000.000) 2025-08-13 22:18:42 Image size of job updated: 2271444
	2189  -  MemoryUsage of job (MB)
	2240924  -  ResidentSetSize of job (KB)
...
006 (2589220.000.000) 2025-08-13 22:23:42 Image size of job updated: 2271444
	2192  -  MemoryUsage of job (MB)
	2243724  -  ResidentSetSize of job (KB)
...
006 (2589220.000.000) 2025-08-13 22:28:42 Image size of job updated: 2271444
	2192  -  MemoryUsage of job (MB)
	2244300  -  ResidentSetSize of job (KB)
...
006 (2589220.000.000) 2025-08-13 22:33:43 Image size of job updated: 2271444
	2193  -  MemoryUsage of job (MB)
	2244888  -  ResidentSetSize of job (KB)
...
006 (2589220.000.000) 2025-08-13 22:38:43 Image size of job updated: 2271444
	2193  -  MemoryUsage of job (MB)
	2245496  -  ResidentSetSize of job (KB)
...
006 (2589220.000.000) 2025-08-13 22:43:43 Image size of job updated: 2271444
	2195  -  MemoryUsage of job (MB)
	2247416  -  ResidentSetSize of job (KB)
...
006 (2589220.000.000) 2025-08-13 22:48:44 Image size of job updated: 2271444
	2196  -  MemoryUsage of job (MB)
	2247880  -  ResidentSetSize of job (KB)
...
006 (2589220.000.000) 2025-08-13 22:53:45 Image size of job updated: 2271444
	2198  -  MemoryUsage of job (MB)
	2249880  -  ResidentSetSize of job (KB)
...
006 (2589220.000.000) 2025-08-13 22:58:45 Image size of job updated: 2367392
	2266  -  MemoryUsage of job (MB)
	2320228  -  ResidentSetSize of job (KB)
...
006 (2589220.000.000) 2025-08-13 23:03:45 Image size of job updated: 2367392
	2267  -  MemoryUsage of job (MB)
	2320752  -  ResidentSetSize of job (KB)
...
006 (2589220.000.000) 2025-08-13 23:08:46 Image size of job updated: 2367392
	2269  -  MemoryUsage of job (MB)
	2322488  -  ResidentSetSize of job (KB)
...
006 (2589220.000.000) 2025-08-13 23:13:46 Image size of job updated: 2367392
	2269  -  MemoryUsage of job (MB)
	2322948  -  ResidentSetSize of job (KB)
...
006 (2589220.000.000) 2025-08-13 23:18:46 Image size of job updated: 2367392
	2271  -  MemoryUsage of job (MB)
	2324644  -  ResidentSetSize of job (KB)
...
006 (2589220.000.000) 2025-08-13 23:23:47 Image size of job updated: 2367392
	2271  -  MemoryUsage of job (MB)
	2325008  -  ResidentSetSize of job (KB)
...
006 (2589220.000.000) 2025-08-13 23:28:48 Image size of job updated: 2367392
	2273  -  MemoryUsage of job (MB)
	2326760  -  ResidentSetSize of job (KB)
...
006 (2589220.000.000) 2025-08-13 23:33:48 Image size of job updated: 2367392
	2274  -  MemoryUsage of job (MB)
	2328364  -  ResidentSetSize of job (KB)
...
006 (2589220.000.000) 2025-08-13 23:38:48 Image size of job updated: 2367392
	2275  -  MemoryUsage of job (MB)
	2328752  -  ResidentSetSize of job (KB)
...
006 (2589220.000.000) 2025-08-13 23:43:49 Image size of job updated: 2367392
	2277  -  MemoryUsage of job (MB)
	2330768  -  ResidentSetSize of job (KB)
...
006 (2589220.000.000) 2025-08-13 23:48:50 Image size of job updated: 2367392
	2277  -  MemoryUsage of job (MB)
	2331620  -  ResidentSetSize of job (KB)
...
006 (2589220.000.000) 2025-08-13 23:53:50 Image size of job updated: 2367392
	2280  -  MemoryUsage of job (MB)
	2333776  -  ResidentSetSize of job (KB)
...
006 (2589220.000.000) 2025-08-13 23:58:51 Image size of job updated: 2438612
	2334  -  MemoryUsage of job (MB)
	2389200  -  ResidentSetSize of job (KB)
...
006 (2589220.000.000) 2025-08-14 00:03:52 Image size of job updated: 2438612
	2334  -  MemoryUsage of job (MB)
	2389776  -  ResidentSetSize of job (KB)
...
006 (2589220.000.000) 2025-08-14 00:08:52 Image size of job updated: 2438612
	2335  -  MemoryUsage of job (MB)
	2390892  -  ResidentSetSize of job (KB)
...
006 (2589220.000.000) 2025-08-14 00:13:52 Image size of job updated: 2438612
	2336  -  MemoryUsage of job (MB)
	2391936  -  ResidentSetSize of job (KB)
...
006 (2589220.000.000) 2025-08-14 00:18:53 Image size of job updated: 2438612
	2339  -  MemoryUsage of job (MB)
	2394276  -  ResidentSetSize of job (KB)
...
006 (2589220.000.000) 2025-08-14 00:23:54 Image size of job updated: 2438612
	2339  -  MemoryUsage of job (MB)
	2394620  -  ResidentSetSize of job (KB)
...
006 (2589220.000.000) 2025-08-14 00:28:54 Image size of job updated: 2438612
	2341  -  MemoryUsage of job (MB)
	2396268  -  ResidentSetSize of job (KB)
...
006 (2589220.000.000) 2025-08-14 00:33:54 Image size of job updated: 2438612
	2341  -  MemoryUsage of job (MB)
	2396612  -  ResidentSetSize of job (KB)
...
006 (2589220.000.000) 2025-08-14 00:38:55 Image size of job updated: 2438612
	2341  -  MemoryUsage of job (MB)
	2396956  -  ResidentSetSize of job (KB)
...
006 (2589220.000.000) 2025-08-14 00:43:55 Image size of job updated: 2438612
	2344  -  MemoryUsage of job (MB)
	2399324  -  ResidentSetSize of job (KB)
...
006 (2589220.000.000) 2025-08-14 00:48:55 Image size of job updated: 2438612
	2344  -  MemoryUsage of job (MB)
	2399608  -  ResidentSetSize of job (KB)
...
006 (2589220.000.000) 2025-08-14 00:53:56 Image size of job updated: 2438612
	2345  -  MemoryUsage of job (MB)
	2401204  -  ResidentSetSize of job (KB)
...
006 (2589220.000.000) 2025-08-14 00:58:57 Image size of job updated: 2532992
	2381  -  MemoryUsage of job (MB)
	2437168  -  ResidentSetSize of job (KB)
...
006 (2589220.000.000) 2025-08-14 01:13:58 Image size of job updated: 2532992
	2381  -  MemoryUsage of job (MB)
	2437360  -  ResidentSetSize of job (KB)
...
006 (2589220.000.000) 2025-08-14 01:18:59 Image size of job updated: 2532992
	2382  -  MemoryUsage of job (MB)
	2438896  -  ResidentSetSize of job (KB)
...
006 (2589220.000.000) 2025-08-14 01:23:59 Image size of job updated: 2532992
	2383  -  MemoryUsage of job (MB)
	2439176  -  ResidentSetSize of job (KB)
...
006 (2589220.000.000) 2025-08-14 01:29:00 Image size of job updated: 2532992
	2384  -  MemoryUsage of job (MB)
	2440720  -  ResidentSetSize of job (KB)
...
006 (2589220.000.000) 2025-08-14 01:34:01 Image size of job updated: 2532992
	2384  -  MemoryUsage of job (MB)
	2441012  -  ResidentSetSize of job (KB)
...
006 (2589220.000.000) 2025-08-14 01:39:01 Image size of job updated: 2532992
	2386  -  MemoryUsage of job (MB)
	2442584  -  ResidentSetSize of job (KB)
...
006 (2589220.000.000) 2025-08-14 01:44:01 Image size of job updated: 2532992
	2386  -  MemoryUsage of job (MB)
	2442832  -  ResidentSetSize of job (KB)
...
006 (2589220.000.000) 2025-08-14 01:49:02 Image size of job updated: 2532992
	2386  -  MemoryUsage of job (MB)
	2443024  -  ResidentSetSize of job (KB)
...
006 (2589220.000.000) 2025-08-14 01:54:03 Image size of job updated: 2532992
	2388  -  MemoryUsage of job (MB)
	2444588  -  ResidentSetSize of job (KB)
...
006 (2589220.000.000) 2025-08-14 01:59:03 Image size of job updated: 2588388
	2528  -  MemoryUsage of job (MB)
	2588388  -  ResidentSetSize of job (KB)
...
006 (2589220.000.000) 2025-08-14 02:04:03 Image size of job updated: 2612688
	2528  -  MemoryUsage of job (MB)
	2588420  -  ResidentSetSize of job (KB)
...
006 (2589220.000.000) 2025-08-14 03:04:10 Image size of job updated: 2618576
	2528  -  MemoryUsage of job (MB)
	2588420  -  ResidentSetSize of job (KB)
...
006 (2589220.000.000) 2025-08-14 04:04:15 Image size of job updated: 2769236
	2528  -  MemoryUsage of job (MB)
	2588420  -  ResidentSetSize of job (KB)
...
006 (2589220.000.000) 2025-08-14 06:04:28 Image size of job updated: 2806788
	2583  -  MemoryUsage of job (MB)
	2644596  -  ResidentSetSize of job (KB)
...
006 (2589220.000.000) 2025-08-14 06:09:29 Image size of job updated: 2806788
	2584  -  MemoryUsage of job (MB)
	2645988  -  ResidentSetSize of job (KB)
...
006 (2589220.000.000) 2025-08-14 06:14:29 Image size of job updated: 2806788
	2585  -  MemoryUsage of job (MB)
	2646176  -  ResidentSetSize of job (KB)
...
006 (2589220.000.000) 2025-08-14 06:19:29 Image size of job updated: 2806788
	2585  -  MemoryUsage of job (MB)
	2646344  -  ResidentSetSize of job (KB)
...
006 (2589220.000.000) 2025-08-14 06:24:30 Image size of job updated: 2806788
	2586  -  MemoryUsage of job (MB)
	2647972  -  ResidentSetSize of job (KB)
...
006 (2589220.000.000) 2025-08-14 06:29:30 Image size of job updated: 2806788
	2587  -  MemoryUsage of job (MB)
	2648320  -  ResidentSetSize of job (KB)
...
006 (2589220.000.000) 2025-08-14 06:34:30 Image size of job updated: 2806788
	2588  -  MemoryUsage of job (MB)
	2649872  -  ResidentSetSize of job (KB)
...
006 (2589220.000.000) 2025-08-14 06:39:31 Image size of job updated: 2806788
	2589  -  MemoryUsage of job (MB)
	2650168  -  ResidentSetSize of job (KB)
...
006 (2589220.000.000) 2025-08-14 06:44:32 Image size of job updated: 2806788
	2590  -  MemoryUsage of job (MB)
	2651732  -  ResidentSetSize of job (KB)
...
006 (2589220.000.000) 2025-08-14 06:49:32 Image size of job updated: 2806788
	2590  -  MemoryUsage of job (MB)
	2652052  -  ResidentSetSize of job (KB)
...
006 (2589220.000.000) 2025-08-14 06:54:32 Image size of job updated: 2806788
	2591  -  MemoryUsage of job (MB)
	2652324  -  ResidentSetSize of job (KB)
...
006 (2589220.000.000) 2025-08-14 06:59:33 Image size of job updated: 2806788
	2592  -  MemoryUsage of job (MB)
	2653784  -  ResidentSetSize of job (KB)
...
006 (2589220.000.000) 2025-08-14 07:04:34 Image size of job updated: 2918884
	2845  -  MemoryUsage of job (MB)
	2912692  -  ResidentSetSize of job (KB)
...
006 (2589220.000.000) 2025-08-14 07:09:34 Image size of job updated: 2948232
	2845  -  MemoryUsage of job (MB)
	2912716  -  ResidentSetSize of job (KB)
...
006 (2589220.000.000) 2025-08-14 08:09:40 Image size of job updated: 2979468
	2845  -  MemoryUsage of job (MB)
	2912716  -  ResidentSetSize of job (KB)
...
006 (2589220.000.000) 2025-08-14 09:09:47 Image size of job updated: 2983036
	2845  -  MemoryUsage of job (MB)
	2912716  -  ResidentSetSize of job (KB)
...
006 (2589220.000.000) 2025-08-14 10:04:27 Image size of job updated: 3024508
	2845  -  MemoryUsage of job (MB)
	2912716  -  ResidentSetSize of job (KB)
...
004 (2589220.000.000) 2025-08-14 10:04:27 Job was evicted.
	(0) CPU times
		Usr 25 08:51:58, Sys 0 00:07:23  -  Run Remote Usage
		Usr 0 00:00:00, Sys 0 00:00:00  -  Run Local Usage
	0  -  Run Bytes Sent By Job
	0  -  Run Bytes Received By Job
	Partitionable Resources :    Usage  Request Allocated 
	   Cpus                 :    26.83       64        64 
	   Disk (KB)            : 17500    16777216  16778708 
	   GPUs                 :                           0 
	   Memory (MB)          :  2845       16384     16384 
	   TimeExecute (s)      : 51073                       
	   TimeSlotBusy (s)     : 51073                       
...
009 (2589220.000.000) 2025-08-14 10:04:27 Job was aborted.
	removed because <OtherJobRemoveRequirements = DAGManJobId =?= 2589184> fired when job (2589184.0) was removed
...
