self.parameters_ref
{'chirp_mass': 1.4867847675135448, 'symmetric_mass_ratio': 0.24999995594642316, 'a_1': 0.011080273335494708, 'a_2': 0.04692984939031852, 'tilt_1': 2.6219694401252394, 'tilt_2': 1.0090315132594154, 'phi_jl': 0.977223832370418, 'phi_12': 5.868535624409604, 'lambda_1': 100.0, 'lambda_2': 200.0, 'luminosity_distance': 160.68570884930463, 'phase': 5.904192752190891, 'theta_jn': 0.20643139003708647, 'psi': 0.3008124663367458, 'ra': 1.4454755957606107, 'dec': 0.07257856505111598, 'mass_ratio': 0.999160794522431, 'mass_1': 1.7085843239096237, 'mass_2': 1.7071504705861102, 'geocent_time': 1240215503.017147, 'duration': 128.0}
1it [0:00:00 bound:0 nc:  1 ncall:4.1e+03 eff:0.0% logz-ratio=-2057.58+/-0.05 dlogz:inf>0.1]
11257it [0:01:00 bound:0 nc: 15 ncall:6.3e+04 eff:18.0% logz-ratio=-2.06+/-0.02 dlogz:14.427>0.1]
14115it [0:02:00 bound:0 nc: 18 ncall:1.3e+05 eff:11.1% logz-ratio=-1.35+/-0.02 dlogz:16.653>0.1]
14813it [0:03:10 bound:3 nc:731 ncall:2.0e+05 eff:7.5% logz-ratio=-1.20+/-0.02 dlogz:16.333>0.1]
15005it [0:04:26 bound:6 nc:739 ncall:3.4e+05 eff:4.5% logz-ratio=-1.16+/-0.02 dlogz:16.246>0.1]
15197it [0:05:44 bound:9 nc:820 ncall:4.8e+05 eff:3.2% logz-ratio=-1.12+/-0.02 dlogz:16.160>0.1]
15386it [0:06:58 bound:12 nc:791 ncall:6.2e+05 eff:2.5% logz-ratio=-1.08+/-0.02 dlogz:16.075>0.1]
15576it [0:08:12 bound:15 nc:628 ncall:7.6e+05 eff:2.0% logz-ratio=-1.04+/-0.02 dlogz:15.990>0.1]
15767it [0:09:27 bound:18 nc:992 ncall:9.0e+05 eff:1.7% logz-ratio=-1.00+/-0.02 dlogz:15.905>0.1]
15957it [0:10:42 bound:21 nc:714 ncall:1.0e+06 eff:1.5% logz-ratio=-0.96+/-0.02 dlogz:15.820>0.1]
16148it [0:12:00 bound:24 nc:696 ncall:1.2e+06 eff:1.4% logz-ratio=-0.93+/-0.02 dlogz:15.735>0.1]
16336it [0:13:18 bound:27 nc:757 ncall:1.3e+06 eff:1.2% logz-ratio=-0.89+/-0.02 dlogz:15.652>0.1]
16527it [0:14:36 bound:30 nc:695 ncall:1.5e+06 eff:1.1% logz-ratio=-0.85+/-0.02 dlogz:15.567>0.1]
16716it [0:15:54 bound:33 nc:1126 ncall:1.6e+06 eff:1.0% logz-ratio=-0.81+/-0.02 dlogz:15.484>0.1]
16907it [0:17:12 bound:36 nc:453 ncall:1.7e+06 eff:1.0% logz-ratio=-0.78+/-0.02 dlogz:15.401>0.1]
17094it [0:18:32 bound:39 nc:709 ncall:1.9e+06 eff:0.9% logz-ratio=-0.74+/-0.02 dlogz:15.319>0.1]
17285it [0:19:50 bound:42 nc:745 ncall:2.0e+06 eff:0.9% logz-ratio=-0.70+/-0.02 dlogz:15.235>0.1]
17476it [0:21:09 bound:45 nc:670 ncall:2.2e+06 eff:0.8% logz-ratio=-0.67+/-0.02 dlogz:15.152>0.1]
17666it [0:22:30 bound:48 nc:632 ncall:2.3e+06 eff:0.8% logz-ratio=-0.63+/-0.02 dlogz:15.069>0.1]
17857it [0:23:48 bound:51 nc:838 ncall:2.4e+06 eff:0.7% logz-ratio=-0.59+/-0.02 dlogz:14.986>0.1]
18049it [0:25:05 bound:54 nc:668 ncall:2.6e+06 eff:0.7% logz-ratio=-0.56+/-0.02 dlogz:14.903>0.1]
18238it [0:26:25 bound:57 nc:844 ncall:2.7e+06 eff:0.7% logz-ratio=-0.52+/-0.02 dlogz:14.821>0.1]
18428it [0:27:48 bound:60 nc:317 ncall:2.9e+06 eff:0.6% logz-ratio=-0.49+/-0.02 dlogz:14.740>0.1]
18617it [0:29:10 bound:63 nc:608 ncall:3.0e+06 eff:0.6% logz-ratio=-0.45+/-0.02 dlogz:14.659>0.1]
18808it [0:30:35 bound:66 nc:573 ncall:3.1e+06 eff:0.6% logz-ratio=-0.42+/-0.02 dlogz:14.578>0.1]
18997it [0:31:57 bound:69 nc:533 ncall:3.3e+06 eff:0.6% logz-ratio=-0.38+/-0.02 dlogz:14.498>0.1]
19187it [0:33:16 bound:72 nc:898 ncall:3.4e+06 eff:0.6% logz-ratio=-0.35+/-0.03 dlogz:14.417>0.1]
19374it [0:34:37 bound:75 nc:428 ncall:3.6e+06 eff:0.5% logz-ratio=-0.32+/-0.03 dlogz:14.339>0.1]
19501it [0:35:37 bound:77 nc:407 ncall:3.7e+06 eff:0.5% logz-ratio=-0.29+/-0.03 dlogz:14.285>0.1]
19689it [0:37:02 bound:80 nc:536 ncall:3.8e+06 eff:0.5% logz-ratio=-0.26+/-0.03 dlogz:14.206>0.1]
19878it [0:38:22 bound:83 nc:685 ncall:4.0e+06 eff:0.5% logz-ratio=-0.23+/-0.03 dlogz:14.126>0.1]
20068it [0:39:44 bound:86 nc:1020 ncall:4.1e+06 eff:0.5% logz-ratio=-0.19+/-0.03 dlogz:14.046>0.1]
20257it [0:41:11 bound:89 nc:682 ncall:4.2e+06 eff:0.5% logz-ratio=-0.16+/-0.03 dlogz:13.966>0.1]
20446it [0:42:33 bound:92 nc:740 ncall:4.4e+06 eff:0.5% logz-ratio=-0.13+/-0.03 dlogz:13.887>0.1]
20638it [0:43:54 bound:95 nc:742 ncall:4.5e+06 eff:0.5% logz-ratio=-0.09+/-0.03 dlogz:13.807>0.1]
20824it [0:45:17 bound:98 nc:620 ncall:4.7e+06 eff:0.4% logz-ratio=-0.06+/-0.03 dlogz:13.729>0.1]
21009it [0:46:36 bound:101 nc:713 ncall:4.8e+06 eff:0.4% logz-ratio=-0.03+/-0.03 dlogz:13.651>0.1]
21194it [0:47:55 bound:104 nc:945 ncall:4.9e+06 eff:0.4% logz-ratio=0.00+/-0.03 dlogz:13.574>0.1]
21382it [0:49:24 bound:107 nc:361 ncall:5.1e+06 eff:0.4% logz-ratio=0.04+/-0.03 dlogz:13.496>0.1]
21569it [0:50:47 bound:110 nc:918 ncall:5.2e+06 eff:0.4% logz-ratio=0.07+/-0.03 dlogz:13.418>0.1]
21753it [0:52:11 bound:113 nc:738 ncall:5.4e+06 eff:0.4% logz-ratio=0.10+/-0.03 dlogz:13.341>0.1]
21941it [0:53:35 bound:116 nc:767 ncall:5.5e+06 eff:0.4% logz-ratio=0.13+/-0.03 dlogz:13.263>0.1]
22129it [0:55:00 bound:119 nc:407 ncall:5.6e+06 eff:0.4% logz-ratio=0.16+/-0.03 dlogz:13.184>0.1]
22316it [0:56:25 bound:122 nc:462 ncall:5.8e+06 eff:0.4% logz-ratio=0.20+/-0.03 dlogz:13.106>0.1]
22502it [0:57:51 bound:125 nc:589 ncall:5.9e+06 eff:0.4% logz-ratio=0.23+/-0.03 dlogz:13.029>0.1]
22689it [0:59:15 bound:128 nc:561 ncall:6.1e+06 eff:0.4% logz-ratio=0.26+/-0.03 dlogz:12.952>0.1]
22818it [1:00:44 bound:130 nc:878 ncall:6.2e+06 eff:0.4% logz-ratio=0.28+/-0.03 dlogz:12.898>0.1]
23002it [1:02:11 bound:133 nc:1066 ncall:6.3e+06 eff:0.4% logz-ratio=0.31+/-0.03 dlogz:12.823>0.1]
23190it [1:03:34 bound:136 nc:733 ncall:6.4e+06 eff:0.4% logz-ratio=0.34+/-0.03 dlogz:12.745>0.1]
23376it [1:05:00 bound:139 nc:519 ncall:6.6e+06 eff:0.4% logz-ratio=0.37+/-0.03 dlogz:12.669>0.1]
23502it [1:06:00 bound:141 nc:808 ncall:6.7e+06 eff:0.4% logz-ratio=0.40+/-0.03 dlogz:12.618>0.1]
23685it [1:07:27 bound:144 nc:1538 ncall:6.8e+06 eff:0.3% logz-ratio=0.43+/-0.03 dlogz:12.544>0.1]
23863it [1:08:52 bound:147 nc:559 ncall:7.0e+06 eff:0.3% logz-ratio=0.45+/-0.03 dlogz:12.471>0.1]
24046it [1:10:24 bound:150 nc:450 ncall:7.1e+06 eff:0.3% logz-ratio=0.48+/-0.03 dlogz:12.397>0.1]
24167it [1:11:29 bound:152 nc:960 ncall:7.2e+06 eff:0.3% logz-ratio=0.50+/-0.03 dlogz:12.347>0.1]
24286it [1:12:31 bound:154 nc:357 ncall:7.3e+06 eff:0.3% logz-ratio=0.52+/-0.03 dlogz:12.299>0.1]
24411it [1:13:33 bound:156 nc:543 ncall:7.4e+06 eff:0.3% logz-ratio=0.54+/-0.03 dlogz:12.249>0.1]
24593it [1:14:57 bound:159 nc:999 ncall:7.5e+06 eff:0.3% logz-ratio=0.57+/-0.03 dlogz:12.175>0.1]
24773it [1:16:26 bound:162 nc:663 ncall:7.7e+06 eff:0.3% logz-ratio=0.60+/-0.03 dlogz:12.102>0.1]
24893it [1:17:27 bound:164 nc:754 ncall:7.8e+06 eff:0.3% logz-ratio=0.62+/-0.03 dlogz:12.053>0.1]
25014it [1:18:30 bound:166 nc:1170 ncall:7.9e+06 eff:0.3% logz-ratio=0.64+/-0.03 dlogz:12.004>0.1]
25200it [1:19:58 bound:169 nc:345 ncall:8.0e+06 eff:0.3% logz-ratio=0.67+/-0.03 dlogz:11.928>0.1]
25384it [1:21:21 bound:172 nc:902 ncall:8.1e+06 eff:0.3% logz-ratio=0.70+/-0.03 dlogz:11.853>0.1]
25568it [1:22:50 bound:175 nc:598 ncall:8.3e+06 eff:0.3% logz-ratio=0.73+/-0.03 dlogz:11.778>0.1]
25749it [1:24:16 bound:178 nc:832 ncall:8.4e+06 eff:0.3% logz-ratio=0.76+/-0.03 dlogz:11.705>0.1]
25931it [1:25:45 bound:181 nc:147 ncall:8.6e+06 eff:0.3% logz-ratio=0.79+/-0.03 dlogz:11.631>0.1]
26110it [1:27:12 bound:184 nc:677 ncall:8.7e+06 eff:0.3% logz-ratio=0.82+/-0.03 dlogz:11.558>0.1]
26228it [1:28:13 bound:186 nc:1324 ncall:8.8e+06 eff:0.3% logz-ratio=0.84+/-0.03 dlogz:11.510>0.1]
26403it [1:29:38 bound:189 nc:579 ncall:8.9e+06 eff:0.3% logz-ratio=0.87+/-0.03 dlogz:11.439>0.1]
26587it [1:31:03 bound:192 nc:400 ncall:9.1e+06 eff:0.3% logz-ratio=0.90+/-0.03 dlogz:11.364>0.1]
26767it [1:32:31 bound:195 nc:960 ncall:9.2e+06 eff:0.3% logz-ratio=0.93+/-0.03 dlogz:11.291>0.1]
26888it [1:33:31 bound:197 nc:738 ncall:9.3e+06 eff:0.3% logz-ratio=0.95+/-0.03 dlogz:11.242>0.1]
27060it [1:34:57 bound:200 nc:733 ncall:9.5e+06 eff:0.3% logz-ratio=0.97+/-0.03 dlogz:12.608>0.1]
27178it [1:36:01 bound:202 nc:842 ncall:9.6e+06 eff:0.3% logz-ratio=0.99+/-0.03 dlogz:12.560>0.1]
27357it [1:37:29 bound:205 nc:655 ncall:9.7e+06 eff:0.3% logz-ratio=1.02+/-0.03 dlogz:12.488>0.1]
27537it [1:38:53 bound:208 nc:910 ncall:9.8e+06 eff:0.3% logz-ratio=1.05+/-0.03 dlogz:12.415>0.1]
27654it [1:39:58 bound:210 nc:620 ncall:9.9e+06 eff:0.3% logz-ratio=1.07+/-0.03 dlogz:12.367>0.1]
27773it [1:41:13 bound:212 nc:502 ncall:1.0e+07 eff:0.3% logz-ratio=1.09+/-0.03 dlogz:12.319>0.1]
27892it [1:42:23 bound:214 nc:948 ncall:1.0e+07 eff:0.3% logz-ratio=1.11+/-0.03 dlogz:12.271>0.1]
28068it [1:43:51 bound:217 nc:1155 ncall:1.0e+07 eff:0.3% logz-ratio=1.13+/-0.03 dlogz:12.200>0.1]
28183it [1:44:55 bound:219 nc:976 ncall:1.0e+07 eff:0.3% logz-ratio=1.15+/-0.03 dlogz:12.154>0.1]
28301it [1:46:00 bound:221 nc:1281 ncall:1.0e+07 eff:0.3% logz-ratio=1.17+/-0.03 dlogz:12.106>0.1]
28419it [1:47:03 bound:223 nc:259 ncall:1.1e+07 eff:0.3% logz-ratio=1.19+/-0.03 dlogz:12.058>0.1]
28536it [1:48:04 bound:225 nc:836 ncall:1.1e+07 eff:0.3% logz-ratio=1.21+/-0.03 dlogz:12.011>0.1]
28651it [1:49:09 bound:227 nc:450 ncall:1.1e+07 eff:0.3% logz-ratio=1.23+/-0.03 dlogz:11.964>0.1]
28764it [1:50:22 bound:229 nc:1071 ncall:1.1e+07 eff:0.3% logz-ratio=1.25+/-0.03 dlogz:11.918>0.1]
28877it [1:51:24 bound:231 nc:639 ncall:1.1e+07 eff:0.3% logz-ratio=1.27+/-0.03 dlogz:11.872>0.1]
28995it [1:52:28 bound:233 nc:588 ncall:1.1e+07 eff:0.3% logz-ratio=1.28+/-0.03 dlogz:11.824>0.1]
29112it [1:53:30 bound:235 nc:972 ncall:1.1e+07 eff:0.3% logz-ratio=1.30+/-0.03 dlogz:11.777>0.1]
29286it [1:55:03 bound:238 nc:1124 ncall:1.1e+07 eff:0.3% logz-ratio=1.33+/-0.03 dlogz:11.706>0.1]
29395it [1:56:06 bound:240 nc:414 ncall:1.1e+07 eff:0.3% logz-ratio=1.35+/-0.03 dlogz:11.661>0.1]
29505it [1:57:06 bound:242 nc:1247 ncall:1.1e+07 eff:0.3% logz-ratio=1.37+/-0.03 dlogz:11.616>0.1]
29619it [1:58:09 bound:244 nc:1049 ncall:1.2e+07 eff:0.3% logz-ratio=1.39+/-0.03 dlogz:11.569>0.1]
29731it [1:59:17 bound:246 nc:449 ncall:1.2e+07 eff:0.3% logz-ratio=1.41+/-0.03 dlogz:11.523>0.1]
29847it [2:00:19 bound:248 nc:819 ncall:1.2e+07 eff:0.3% logz-ratio=1.43+/-0.03 dlogz:11.476>0.1]
29916it [2:01:25 bound:249 nc:904 ncall:1.2e+07 eff:0.3% logz-ratio=1.44+/-0.03 dlogz:11.447>0.1]
30078it [2:02:58 bound:252 nc:787 ncall:1.2e+07 eff:0.3% logz-ratio=1.46+/-0.03 dlogz:11.380>0.1]
30193it [2:04:02 bound:254 nc:380 ncall:1.2e+07 eff:0.2% logz-ratio=1.48+/-0.03 dlogz:11.333>0.1]
30310it [2:05:10 bound:256 nc:1302 ncall:1.2e+07 eff:0.2% logz-ratio=1.50+/-0.03 dlogz:11.285>0.1]
30421it [2:06:16 bound:258 nc:2014 ncall:1.2e+07 eff:0.2% logz-ratio=1.52+/-0.03 dlogz:11.239>0.1]
30532it [2:07:27 bound:260 nc:778 ncall:1.2e+07 eff:0.2% logz-ratio=1.54+/-0.03 dlogz:11.193>0.1]
30640it [2:08:28 bound:262 nc:1088 ncall:1.3e+07 eff:0.2% logz-ratio=1.56+/-0.03 dlogz:11.148>0.1]
30756it [2:09:30 bound:264 nc:593 ncall:1.3e+07 eff:0.2% logz-ratio=1.58+/-0.03 dlogz:11.100>0.1]
30868it [2:10:33 bound:266 nc:701 ncall:1.3e+07 eff:0.2% logz-ratio=1.60+/-0.03 dlogz:11.054>0.1]
30976it [2:11:39 bound:268 nc:344 ncall:1.3e+07 eff:0.2% logz-ratio=1.62+/-0.03 dlogz:11.010>0.1]
31085it [2:12:45 bound:270 nc:651 ncall:1.3e+07 eff:0.2% logz-ratio=1.63+/-0.03 dlogz:11.210>0.1]
31198it [2:13:47 bound:272 nc:866 ncall:1.3e+07 eff:0.2% logz-ratio=1.65+/-0.03 dlogz:11.164>0.1]
31314it [2:14:47 bound:274 nc:1226 ncall:1.3e+07 eff:0.2% logz-ratio=1.67+/-0.03 dlogz:11.116>0.1]
31429it [2:15:49 bound:276 nc:391 ncall:1.3e+07 eff:0.2% logz-ratio=1.69+/-0.03 dlogz:11.068>0.1]
31537it [2:16:51 bound:278 nc:313 ncall:1.3e+07 eff:0.2% logz-ratio=1.71+/-0.03 dlogz:11.024>0.1]
31649it [2:17:55 bound:280 nc:1351 ncall:1.3e+07 eff:0.2% logz-ratio=1.73+/-0.03 dlogz:11.792>0.1]
31819it [2:19:26 bound:283 nc:516 ncall:1.4e+07 eff:0.2% logz-ratio=1.76+/-0.03 dlogz:11.721>0.1]
31938it [2:20:33 bound:285 nc:1047 ncall:1.4e+07 eff:0.2% logz-ratio=1.78+/-0.04 dlogz:11.672>0.1]
32051it [2:21:36 bound:287 nc:971 ncall:1.4e+07 eff:0.2% logz-ratio=1.80+/-0.04 dlogz:11.625>0.1]
32163it [2:22:42 bound:289 nc:2122 ncall:1.4e+07 eff:0.2% logz-ratio=1.82+/-0.04 dlogz:11.579>0.1]
32277it [2:23:49 bound:291 nc:457 ncall:1.4e+07 eff:0.2% logz-ratio=1.84+/-0.04 dlogz:11.531>0.1]
32386it [2:24:49 bound:293 nc:715 ncall:1.4e+07 eff:0.2% logz-ratio=1.86+/-0.04 dlogz:11.486>0.1]
32501it [2:25:52 bound:295 nc:1388 ncall:1.4e+07 eff:0.2% logz-ratio=1.87+/-0.04 dlogz:11.928>0.1]
32613it [2:27:03 bound:297 nc:1615 ncall:1.4e+07 eff:0.2% logz-ratio=1.89+/-0.04 dlogz:11.881>0.1]
32721it [2:28:08 bound:299 nc:1428 ncall:1.4e+07 eff:0.2% logz-ratio=1.91+/-0.04 dlogz:11.837>0.1]
32827it [2:29:11 bound:301 nc:1390 ncall:1.4e+07 eff:0.2% logz-ratio=1.93+/-0.04 dlogz:11.793>0.1]
32993it [2:30:36 bound:304 nc:1111 ncall:1.5e+07 eff:0.2% logz-ratio=1.96+/-0.04 dlogz:11.724>0.1]
33106it [2:31:48 bound:306 nc:779 ncall:1.5e+07 eff:0.2% logz-ratio=1.98+/-0.04 dlogz:11.678>0.1]
33215it [2:32:51 bound:308 nc:732 ncall:1.5e+07 eff:0.2% logz-ratio=1.99+/-0.04 dlogz:11.633>0.1]
33327it [2:34:00 bound:310 nc:837 ncall:1.5e+07 eff:0.2% logz-ratio=2.01+/-0.04 dlogz:11.587>0.1]
33443it [2:35:06 bound:312 nc:541 ncall:1.5e+07 eff:0.2% logz-ratio=2.03+/-0.04 dlogz:11.539>0.1]
33555it [2:36:12 bound:314 nc:829 ncall:1.5e+07 eff:0.2% logz-ratio=2.05+/-0.04 dlogz:11.493>0.1]
33673it [2:37:19 bound:316 nc:792 ncall:1.5e+07 eff:0.2% logz-ratio=2.07+/-0.04 dlogz:11.444>0.1]
33781it [2:38:23 bound:318 nc:446 ncall:1.5e+07 eff:0.2% logz-ratio=2.09+/-0.04 dlogz:11.400>0.1]
33892it [2:39:30 bound:320 nc:653 ncall:1.5e+07 eff:0.2% logz-ratio=2.11+/-0.04 dlogz:11.354>0.1]
34005it [2:40:36 bound:322 nc:775 ncall:1.6e+07 eff:0.2% logz-ratio=2.13+/-0.04 dlogz:11.307>0.1]
34120it [2:41:42 bound:324 nc:465 ncall:1.6e+07 eff:0.2% logz-ratio=2.15+/-0.04 dlogz:11.260>0.1]
34232it [2:42:51 bound:326 nc:1041 ncall:1.6e+07 eff:0.2% logz-ratio=2.17+/-0.04 dlogz:11.213>0.1]
34344it [2:44:04 bound:328 nc:1252 ncall:1.6e+07 eff:0.2% logz-ratio=2.19+/-0.04 dlogz:11.167>0.1]
34452it [2:45:11 bound:330 nc:607 ncall:1.6e+07 eff:0.2% logz-ratio=2.20+/-0.04 dlogz:11.122>0.1]
34565it [2:46:20 bound:332 nc:875 ncall:1.6e+07 eff:0.2% logz-ratio=2.22+/-0.04 dlogz:11.075>0.1]
34676it [2:47:29 bound:334 nc:897 ncall:1.6e+07 eff:0.2% logz-ratio=2.24+/-0.04 dlogz:11.029>0.1]
34790it [2:48:30 bound:336 nc:909 ncall:1.6e+07 eff:0.2% logz-ratio=2.26+/-0.04 dlogz:11.342>0.1]
34898it [2:49:36 bound:338 nc:565 ncall:1.6e+07 eff:0.2% logz-ratio=2.28+/-0.04 dlogz:11.297>0.1]
35009it [2:50:49 bound:340 nc:710 ncall:1.6e+07 eff:0.2% logz-ratio=2.30+/-0.04 dlogz:11.251>0.1]
35126it [2:51:58 bound:342 nc:2308 ncall:1.7e+07 eff:0.2% logz-ratio=2.32+/-0.04 dlogz:11.203>0.1]
35244it [2:53:02 bound:344 nc:578 ncall:1.7e+07 eff:0.2% logz-ratio=2.34+/-0.04 dlogz:11.154>0.1]
35362it [2:54:09 bound:346 nc:618 ncall:1.7e+07 eff:0.2% logz-ratio=2.36+/-0.04 dlogz:11.105>0.1]
35465it [2:55:16 bound:348 nc:402 ncall:1.7e+07 eff:0.2% logz-ratio=2.38+/-0.04 dlogz:11.062>0.1]
35576it [2:56:22 bound:350 nc:672 ncall:1.7e+07 eff:0.2% logz-ratio=2.40+/-0.04 dlogz:11.016>0.1]
35691it [2:57:29 bound:352 nc:1331 ncall:1.7e+07 eff:0.2% logz-ratio=2.41+/-0.04 dlogz:10.969>0.1]
35806it [2:58:38 bound:354 nc:1268 ncall:1.7e+07 eff:0.2% logz-ratio=2.43+/-0.04 dlogz:10.921>0.1]
35924it [2:59:43 bound:356 nc:923 ncall:1.7e+07 eff:0.2% logz-ratio=2.45+/-0.04 dlogz:10.873>0.1]
36030it [3:00:46 bound:358 nc:1043 ncall:1.7e+07 eff:0.2% logz-ratio=2.47+/-0.04 dlogz:10.829>0.1]
36095it [3:01:57 bound:359 nc:821 ncall:1.7e+07 eff:0.2% logz-ratio=2.48+/-0.04 dlogz:12.517>0.1]
36205it [3:03:06 bound:361 nc:1661 ncall:1.8e+07 eff:0.2% logz-ratio=2.50+/-0.04 dlogz:12.472>0.1]
36320it [3:04:13 bound:363 nc:431 ncall:1.8e+07 eff:0.2% logz-ratio=2.52+/-0.04 dlogz:13.216>0.1]
36437it [3:05:23 bound:365 nc:522 ncall:1.8e+07 eff:0.2% logz-ratio=2.54+/-0.04 dlogz:13.167>0.1]
36553it [3:06:31 bound:367 nc:1114 ncall:1.8e+07 eff:0.2% logz-ratio=2.56+/-0.04 dlogz:13.119>0.1]
36666it [3:07:32 bound:369 nc:714 ncall:1.8e+07 eff:0.2% logz-ratio=2.58+/-0.04 dlogz:13.073>0.1]
36785it [3:08:39 bound:371 nc:911 ncall:1.8e+07 eff:0.2% logz-ratio=2.60+/-0.04 dlogz:13.023>0.1]
36899it [3:09:43 bound:373 nc:601 ncall:1.8e+07 eff:0.2% logz-ratio=2.62+/-0.04 dlogz:12.976>0.1]
37017it [3:10:51 bound:375 nc:995 ncall:1.8e+07 eff:0.2% logz-ratio=2.64+/-0.04 dlogz:12.927>0.1]
37128it [3:11:56 bound:377 nc:324 ncall:1.8e+07 eff:0.2% logz-ratio=2.66+/-0.04 dlogz:12.881>0.1]
37246it [3:13:05 bound:379 nc:973 ncall:1.8e+07 eff:0.2% logz-ratio=2.68+/-0.04 dlogz:12.832>0.1]
37357it [3:14:15 bound:381 nc:334 ncall:1.9e+07 eff:0.2% logz-ratio=2.70+/-0.04 dlogz:12.786>0.1]
37480it [3:15:20 bound:383 nc:1256 ncall:1.9e+07 eff:0.2% logz-ratio=2.72+/-0.04 dlogz:12.735>0.1]
37593it [3:16:31 bound:385 nc:490 ncall:1.9e+07 eff:0.2% logz-ratio=2.74+/-0.04 dlogz:12.688>0.1]
37712it [3:17:44 bound:387 nc:1399 ncall:1.9e+07 eff:0.2% logz-ratio=2.76+/-0.04 dlogz:12.639>0.1]
37815it [3:18:51 bound:389 nc:939 ncall:1.9e+07 eff:0.2% logz-ratio=2.78+/-0.04 dlogz:12.596>0.1]
37933it [3:20:01 bound:391 nc:669 ncall:1.9e+07 eff:0.2% logz-ratio=2.80+/-0.04 dlogz:12.547>0.1]
38051it [3:21:16 bound:393 nc:963 ncall:1.9e+07 eff:0.2% logz-ratio=2.82+/-0.04 dlogz:12.498>0.1]
38165it [3:22:26 bound:395 nc:633 ncall:1.9e+07 eff:0.2% logz-ratio=2.84+/-0.04 dlogz:12.450>0.1]
38281it [3:23:31 bound:397 nc:1065 ncall:1.9e+07 eff:0.2% logz-ratio=2.86+/-0.04 dlogz:12.402>0.1]
38398it [3:24:46 bound:399 nc:1054 ncall:2.0e+07 eff:0.2% logz-ratio=2.88+/-0.04 dlogz:39.759>0.1]
38517it [3:25:52 bound:401 nc:587 ncall:2.0e+07 eff:0.2% logz-ratio=2.90+/-0.04 dlogz:39.709>0.1]
38636it [3:27:00 bound:403 nc:1351 ncall:2.0e+07 eff:0.2% logz-ratio=2.92+/-0.04 dlogz:39.660>0.1]
38753it [3:28:09 bound:405 nc:486 ncall:2.0e+07 eff:0.2% logz-ratio=2.94+/-0.04 dlogz:39.611>0.1]
38870it [3:29:20 bound:407 nc:1136 ncall:2.0e+07 eff:0.2% logz-ratio=2.96+/-0.04 dlogz:39.562>0.1]
38988it [3:30:30 bound:409 nc:1119 ncall:2.0e+07 eff:0.2% logz-ratio=2.98+/-0.04 dlogz:39.513>0.1]
39105it [3:31:35 bound:411 nc:2810 ncall:2.0e+07 eff:0.2% logz-ratio=3.00+/-0.04 dlogz:39.464>0.1]
39226it [3:32:44 bound:413 nc:626 ncall:2.0e+07 eff:0.2% logz-ratio=3.02+/-0.04 dlogz:39.413>0.1]
39345it [3:34:00 bound:415 nc:521 ncall:2.0e+07 eff:0.2% logz-ratio=3.04+/-0.04 dlogz:39.363>0.1]
39465it [3:35:10 bound:417 nc:1313 ncall:2.0e+07 eff:0.2% logz-ratio=3.06+/-0.04 dlogz:39.313>0.1]
39585it [3:36:17 bound:419 nc:685 ncall:2.1e+07 eff:0.2% logz-ratio=3.08+/-0.04 dlogz:39.262>0.1]
39704it [3:37:20 bound:421 nc:445 ncall:2.1e+07 eff:0.2% logz-ratio=3.10+/-0.04 dlogz:39.212>0.1]
39826it [3:38:36 bound:423 nc:552 ncall:2.1e+07 eff:0.2% logz-ratio=3.12+/-0.04 dlogz:39.161>0.1]
39943it [3:39:46 bound:425 nc:810 ncall:2.1e+07 eff:0.2% logz-ratio=3.15+/-0.04 dlogz:39.112>0.1]
40065it [3:40:51 bound:427 nc:1271 ncall:2.1e+07 eff:0.2% logz-ratio=3.17+/-0.04 dlogz:39.061>0.1]
40185it [3:42:01 bound:429 nc:1072 ncall:2.1e+07 eff:0.2% logz-ratio=3.19+/-0.04 dlogz:39.011>0.1]
40310it [3:43:09 bound:431 nc:1121 ncall:2.1e+07 eff:0.2% logz-ratio=3.21+/-0.04 dlogz:38.959>0.1]
40425it [3:44:24 bound:433 nc:816 ncall:2.1e+07 eff:0.2% logz-ratio=3.23+/-0.04 dlogz:38.911>0.1]
40542it [3:45:34 bound:435 nc:1142 ncall:2.1e+07 eff:0.2% logz-ratio=3.25+/-0.04 dlogz:38.862>0.1]
40662it [3:46:39 bound:437 nc:1300 ncall:2.2e+07 eff:0.2% logz-ratio=3.27+/-0.04 dlogz:38.812>0.1]
40784it [3:47:43 bound:439 nc:1352 ncall:2.2e+07 eff:0.2% logz-ratio=3.29+/-0.04 dlogz:38.761>0.1]
40909it [3:48:51 bound:441 nc:917 ncall:2.2e+07 eff:0.2% logz-ratio=3.31+/-0.04 dlogz:38.708>0.1]
41025it [3:49:58 bound:443 nc:631 ncall:2.2e+07 eff:0.2% logz-ratio=3.33+/-0.04 dlogz:38.660>0.1]
41151it [3:51:09 bound:445 nc:940 ncall:2.2e+07 eff:0.2% logz-ratio=3.36+/-0.04 dlogz:38.607>0.1]
41269it [3:52:13 bound:447 nc:544 ncall:2.2e+07 eff:0.2% logz-ratio=3.38+/-0.04 dlogz:38.557>0.1]
41389it [3:53:22 bound:449 nc:848 ncall:2.2e+07 eff:0.2% logz-ratio=3.40+/-0.04 dlogz:38.507>0.1]
41509it [3:54:34 bound:451 nc:544 ncall:2.2e+07 eff:0.2% logz-ratio=3.42+/-0.04 dlogz:38.456>0.1]
41626it [3:55:49 bound:453 nc:1074 ncall:2.2e+07 eff:0.2% logz-ratio=3.44+/-0.04 dlogz:38.406>0.1]
41748it [3:56:55 bound:455 nc:1082 ncall:2.3e+07 eff:0.2% logz-ratio=3.46+/-0.04 dlogz:38.354>0.1]
41869it [3:58:11 bound:457 nc:706 ncall:2.3e+07 eff:0.2% logz-ratio=3.49+/-0.04 dlogz:38.302>0.1]
41989it [3:59:22 bound:459 nc:314 ncall:2.3e+07 eff:0.2% logz-ratio=3.51+/-0.04 dlogz:38.251>0.1]
42114it [4:00:29 bound:461 nc:754 ncall:2.3e+07 eff:0.2% logz-ratio=3.53+/-0.04 dlogz:38.197>0.1]
42239it [4:01:43 bound:463 nc:1816 ncall:2.3e+07 eff:0.2% logz-ratio=3.55+/-0.04 dlogz:38.144>0.1]
42299it [4:03:04 bound:464 nc:683 ncall:2.3e+07 eff:0.2% logz-ratio=3.56+/-0.04 dlogz:38.118>0.1]
42420it [4:04:14 bound:466 nc:1058 ncall:2.3e+07 eff:0.2% logz-ratio=3.59+/-0.04 dlogz:38.066>0.1]
42544it [4:05:26 bound:468 nc:1180 ncall:2.3e+07 eff:0.2% logz-ratio=3.61+/-0.04 dlogz:38.013>0.1]
42669it [4:06:36 bound:470 nc:570 ncall:2.3e+07 eff:0.2% logz-ratio=3.63+/-0.04 dlogz:37.959>0.1]
42791it [4:07:50 bound:472 nc:513 ncall:2.4e+07 eff:0.2% logz-ratio=3.66+/-0.04 dlogz:37.906>0.1]
42917it [4:09:02 bound:474 nc:781 ncall:2.4e+07 eff:0.2% logz-ratio=3.68+/-0.04 dlogz:37.852>0.1]
43040it [4:10:12 bound:476 nc:1171 ncall:2.4e+07 eff:0.2% logz-ratio=3.70+/-0.04 dlogz:37.800>0.1]
43167it [4:11:19 bound:478 nc:791 ncall:2.4e+07 eff:0.2% logz-ratio=3.73+/-0.04 dlogz:37.745>0.1]
43290it [4:12:29 bound:480 nc:947 ncall:2.4e+07 eff:0.2% logz-ratio=3.75+/-0.04 dlogz:37.692>0.1]
43415it [4:13:34 bound:482 nc:786 ncall:2.4e+07 eff:0.2% logz-ratio=3.77+/-0.04 dlogz:37.639>0.1]
43540it [4:14:47 bound:484 nc:1049 ncall:2.4e+07 eff:0.2% logz-ratio=3.79+/-0.04 dlogz:37.585>0.1]
43664it [4:16:00 bound:486 nc:1028 ncall:2.4e+07 eff:0.2% logz-ratio=3.82+/-0.04 dlogz:37.531>0.1]
43786it [4:17:13 bound:488 nc:813 ncall:2.4e+07 eff:0.2% logz-ratio=3.84+/-0.04 dlogz:37.478>0.1]
43912it [4:18:22 bound:490 nc:1261 ncall:2.5e+07 eff:0.2% logz-ratio=3.87+/-0.04 dlogz:37.422>0.1]
44036it [4:19:34 bound:492 nc:632 ncall:2.5e+07 eff:0.2% logz-ratio=3.89+/-0.04 dlogz:37.368>0.1]
44161it [4:20:46 bound:494 nc:1675 ncall:2.5e+07 eff:0.2% logz-ratio=3.91+/-0.04 dlogz:37.313>0.1]
44284it [4:21:53 bound:496 nc:1037 ncall:2.5e+07 eff:0.2% logz-ratio=3.94+/-0.04 dlogz:37.259>0.1]
44407it [4:23:06 bound:498 nc:1339 ncall:2.5e+07 eff:0.2% logz-ratio=3.96+/-0.04 dlogz:37.205>0.1]
44532it [4:24:17 bound:500 nc:815 ncall:2.5e+07 eff:0.2% logz-ratio=3.99+/-0.04 dlogz:37.150>0.1]
44654it [4:25:26 bound:502 nc:913 ncall:2.5e+07 eff:0.2% logz-ratio=4.01+/-0.04 dlogz:37.096>0.1]
44776it [4:26:41 bound:504 nc:1117 ncall:2.5e+07 eff:0.2% logz-ratio=4.03+/-0.04 dlogz:37.043>0.1]
44901it [4:27:50 bound:506 nc:765 ncall:2.5e+07 eff:0.2% logz-ratio=4.06+/-0.05 dlogz:36.988>0.1]
45028it [4:29:00 bound:508 nc:1199 ncall:2.6e+07 eff:0.2% logz-ratio=4.08+/-0.05 dlogz:36.932>0.1]
45151it [4:30:05 bound:510 nc:1449 ncall:2.6e+07 eff:0.2% logz-ratio=4.11+/-0.05 dlogz:36.877>0.1]
45278it [4:31:17 bound:512 nc:879 ncall:2.6e+07 eff:0.2% logz-ratio=4.13+/-0.05 dlogz:36.821>0.1]
45406it [4:32:35 bound:514 nc:1398 ncall:2.6e+07 eff:0.2% logz-ratio=4.16+/-0.05 dlogz:36.764>0.1]
45532it [4:33:40 bound:516 nc:1907 ncall:2.6e+07 eff:0.2% logz-ratio=4.19+/-0.05 dlogz:36.707>0.1]
45656it [4:34:53 bound:518 nc:1055 ncall:2.6e+07 eff:0.2% logz-ratio=4.21+/-0.05 dlogz:36.652>0.1]
45783it [4:36:06 bound:520 nc:1042 ncall:2.6e+07 eff:0.2% logz-ratio=4.24+/-0.05 dlogz:36.595>0.1]
45910it [4:37:19 bound:522 nc:413 ncall:2.6e+07 eff:0.2% logz-ratio=4.26+/-0.05 dlogz:36.537>0.1]
46035it [4:38:35 bound:524 nc:986 ncall:2.6e+07 eff:0.2% logz-ratio=4.29+/-0.05 dlogz:36.480>0.1]
46159it [4:39:45 bound:526 nc:391 ncall:2.7e+07 eff:0.2% logz-ratio=4.32+/-0.05 dlogz:36.424>0.1]
46284it [4:40:58 bound:528 nc:736 ncall:2.7e+07 eff:0.2% logz-ratio=4.34+/-0.05 dlogz:36.368>0.1]
46409it [4:42:08 bound:530 nc:967 ncall:2.7e+07 eff:0.2% logz-ratio=4.37+/-0.05 dlogz:36.311>0.1]
46533it [4:43:26 bound:532 nc:977 ncall:2.7e+07 eff:0.2% logz-ratio=4.39+/-0.05 dlogz:36.255>0.1]
46654it [4:44:42 bound:534 nc:1249 ncall:2.7e+07 eff:0.2% logz-ratio=4.42+/-0.05 dlogz:36.200>0.1]
46774it [4:45:58 bound:536 nc:917 ncall:2.7e+07 eff:0.2% logz-ratio=4.45+/-0.05 dlogz:36.144>0.1]
46896it [4:47:03 bound:538 nc:532 ncall:2.7e+07 eff:0.2% logz-ratio=4.47+/-0.05 dlogz:36.089>0.1]
47021it [4:48:19 bound:540 nc:709 ncall:2.7e+07 eff:0.2% logz-ratio=4.50+/-0.05 dlogz:36.032>0.1]
47148it [4:49:36 bound:542 nc:1006 ncall:2.8e+07 eff:0.2% logz-ratio=4.53+/-0.05 dlogz:35.973>0.1]
47271it [4:50:51 bound:544 nc:578 ncall:2.8e+07 eff:0.2% logz-ratio=4.55+/-0.05 dlogz:35.916>0.1]
47397it [4:52:15 bound:546 nc:711 ncall:2.8e+07 eff:0.2% logz-ratio=4.58+/-0.05 dlogz:35.858>0.1]
47521it [4:53:34 bound:548 nc:798 ncall:2.8e+07 eff:0.2% logz-ratio=4.61+/-0.05 dlogz:35.801>0.1]
47647it [4:54:48 bound:550 nc:879 ncall:2.8e+07 eff:0.2% logz-ratio=4.63+/-0.05 dlogz:35.742>0.1]
47775it [4:56:01 bound:552 nc:696 ncall:2.8e+07 eff:0.2% logz-ratio=4.66+/-0.05 dlogz:35.683>0.1]
47901it [4:57:22 bound:554 nc:464 ncall:2.8e+07 eff:0.2% logz-ratio=4.69+/-0.05 dlogz:35.625>0.1]
48027it [4:58:35 bound:556 nc:779 ncall:2.8e+07 eff:0.2% logz-ratio=4.72+/-0.05 dlogz:35.566>0.1]
48153it [4:59:53 bound:558 nc:881 ncall:2.8e+07 eff:0.2% logz-ratio=4.75+/-0.05 dlogz:35.507>0.1]
48281it [5:01:05 bound:560 nc:911 ncall:2.9e+07 eff:0.2% logz-ratio=4.78+/-0.05 dlogz:35.447>0.1]
48407it [5:02:24 bound:562 nc:652 ncall:2.9e+07 eff:0.2% logz-ratio=4.80+/-0.05 dlogz:35.388>0.1]
48468it [5:03:52 bound:563 nc:1222 ncall:2.9e+07 eff:0.2% logz-ratio=4.82+/-0.05 dlogz:35.359>0.1]
48593it [5:05:10 bound:565 nc:846 ncall:2.9e+07 eff:0.2% logz-ratio=4.84+/-0.05 dlogz:35.301>0.1]
48720it [5:06:23 bound:567 nc:1099 ncall:2.9e+07 eff:0.2% logz-ratio=4.87+/-0.05 dlogz:35.242>0.1]
48845it [5:07:37 bound:569 nc:874 ncall:2.9e+07 eff:0.2% logz-ratio=4.90+/-0.05 dlogz:35.184>0.1]
48970it [5:08:55 bound:571 nc:989 ncall:2.9e+07 eff:0.2% logz-ratio=4.93+/-0.05 dlogz:35.126>0.1]
49094it [5:10:11 bound:573 nc:828 ncall:2.9e+07 eff:0.2% logz-ratio=4.96+/-0.05 dlogz:35.138>0.1]
49222it [5:11:28 bound:575 nc:811 ncall:3.0e+07 eff:0.2% logz-ratio=4.98+/-0.05 dlogz:35.078>0.1]
49349it [5:12:41 bound:577 nc:889 ncall:3.0e+07 eff:0.2% logz-ratio=5.01+/-0.05 dlogz:35.018>0.1]
49472it [5:13:52 bound:579 nc:485 ncall:3.0e+07 eff:0.2% logz-ratio=5.04+/-0.05 dlogz:34.961>0.1]
49598it [5:15:12 bound:581 nc:312 ncall:3.0e+07 eff:0.2% logz-ratio=5.07+/-0.05 dlogz:34.901>0.1]
49724it [5:16:30 bound:583 nc:1105 ncall:3.0e+07 eff:0.2% logz-ratio=5.10+/-0.05 dlogz:34.842>0.1]
49851it [5:17:51 bound:585 nc:1283 ncall:3.0e+07 eff:0.2% logz-ratio=5.13+/-0.05 dlogz:34.782>0.1]
49976it [5:19:13 bound:587 nc:2067 ncall:3.0e+07 eff:0.2% logz-ratio=5.16+/-0.05 dlogz:34.723>0.1]
50100it [5:20:34 bound:589 nc:1697 ncall:3.0e+07 eff:0.2% logz-ratio=5.18+/-0.05 dlogz:34.664>0.1]
50220it [5:21:52 bound:591 nc:879 ncall:3.1e+07 eff:0.2% logz-ratio=5.21+/-0.05 dlogz:34.607>0.1]
50345it [5:23:10 bound:593 nc:1498 ncall:3.1e+07 eff:0.2% logz-ratio=5.24+/-0.05 dlogz:34.547>0.1]
50472it [5:24:27 bound:595 nc:856 ncall:3.1e+07 eff:0.2% logz-ratio=5.27+/-0.05 dlogz:34.486>0.1]
50595it [5:25:47 bound:597 nc:357 ncall:3.1e+07 eff:0.2% logz-ratio=5.30+/-0.05 dlogz:34.427>0.1]
50721it [5:27:04 bound:599 nc:694 ncall:3.1e+07 eff:0.2% logz-ratio=5.33+/-0.05 dlogz:34.367>0.1]
50843it [5:28:20 bound:601 nc:405 ncall:3.1e+07 eff:0.2% logz-ratio=5.36+/-0.05 dlogz:34.308>0.1]
50968it [5:29:34 bound:603 nc:974 ncall:3.1e+07 eff:0.2% logz-ratio=5.39+/-0.05 dlogz:34.247>0.1]
51096it [5:30:46 bound:605 nc:1151 ncall:3.1e+07 eff:0.2% logz-ratio=5.42+/-0.05 dlogz:34.185>0.1]
51222it [5:31:59 bound:607 nc:1121 ncall:3.2e+07 eff:0.2% logz-ratio=5.45+/-0.05 dlogz:34.124>0.1]
51345it [5:33:16 bound:609 nc:1133 ncall:3.2e+07 eff:0.2% logz-ratio=5.48+/-0.05 dlogz:34.065>0.1]
51469it [5:34:31 bound:611 nc:886 ncall:3.2e+07 eff:0.2% logz-ratio=5.51+/-0.05 dlogz:34.005>0.1]
51595it [5:35:48 bound:613 nc:1065 ncall:3.2e+07 eff:0.2% logz-ratio=5.54+/-0.05 dlogz:33.944>0.1]
51722it [5:37:00 bound:615 nc:967 ncall:3.2e+07 eff:0.2% logz-ratio=5.57+/-0.05 dlogz:33.882>0.1]
51848it [5:38:21 bound:617 nc:562 ncall:3.2e+07 eff:0.2% logz-ratio=5.60+/-0.05 dlogz:33.821>0.1]
51973it [5:39:37 bound:619 nc:1411 ncall:3.2e+07 eff:0.2% logz-ratio=5.63+/-0.05 dlogz:33.760>0.1]
52099it [5:40:52 bound:621 nc:1312 ncall:3.2e+07 eff:0.2% logz-ratio=5.66+/-0.05 dlogz:33.699>0.1]
52224it [5:42:07 bound:623 nc:1166 ncall:3.3e+07 eff:0.2% logz-ratio=5.69+/-0.05 dlogz:33.639>0.1]
52350it [5:43:24 bound:625 nc:1126 ncall:3.3e+07 eff:0.2% logz-ratio=5.72+/-0.05 dlogz:33.578>0.1]
52471it [5:44:36 bound:627 nc:808 ncall:3.3e+07 eff:0.2% logz-ratio=5.75+/-0.05 dlogz:33.519>0.1]
52595it [5:45:59 bound:629 nc:499 ncall:3.3e+07 eff:0.2% logz-ratio=5.78+/-0.05 dlogz:33.458>0.1]
52721it [5:47:17 bound:631 nc:629 ncall:3.3e+07 eff:0.2% logz-ratio=5.81+/-0.05 dlogz:33.397>0.1]
52846it [5:48:31 bound:633 nc:1122 ncall:3.3e+07 eff:0.2% logz-ratio=5.84+/-0.05 dlogz:33.336>0.1]
52971it [5:49:44 bound:635 nc:1281 ncall:3.3e+07 eff:0.2% logz-ratio=5.87+/-0.05 dlogz:33.274>0.1]
53096it [5:51:07 bound:637 nc:730 ncall:3.3e+07 eff:0.2% logz-ratio=5.90+/-0.05 dlogz:33.213>0.1]
53220it [5:52:29 bound:639 nc:799 ncall:3.4e+07 eff:0.2% logz-ratio=5.93+/-0.05 dlogz:33.153>0.1]
53343it [5:53:50 bound:641 nc:606 ncall:3.4e+07 eff:0.2% logz-ratio=5.96+/-0.05 dlogz:33.092>0.1]
53465it [5:55:07 bound:643 nc:1062 ncall:3.4e+07 eff:0.2% logz-ratio=6.00+/-0.05 dlogz:33.032>0.1]
53590it [5:56:22 bound:645 nc:1157 ncall:3.4e+07 eff:0.2% logz-ratio=6.03+/-0.05 dlogz:32.970>0.1]
53712it [5:57:40 bound:647 nc:845 ncall:3.4e+07 eff:0.2% logz-ratio=6.06+/-0.05 dlogz:32.909>0.1]
53834it [5:58:54 bound:649 nc:838 ncall:3.4e+07 eff:0.2% logz-ratio=6.09+/-0.05 dlogz:32.847>0.1]
53959it [6:00:11 bound:651 nc:1560 ncall:3.4e+07 eff:0.2% logz-ratio=6.12+/-0.05 dlogz:32.784>0.1]
54084it [6:01:28 bound:653 nc:950 ncall:3.5e+07 eff:0.2% logz-ratio=6.15+/-0.05 dlogz:32.721>0.1]
54205it [6:02:58 bound:655 nc:840 ncall:3.5e+07 eff:0.2% logz-ratio=6.19+/-0.05 dlogz:32.659>0.1]
54266it [6:04:34 bound:656 nc:1266 ncall:3.5e+07 eff:0.2% logz-ratio=6.20+/-0.05 dlogz:32.628>0.1]
54391it [6:05:50 bound:658 nc:705 ncall:3.5e+07 eff:0.2% logz-ratio=6.24+/-0.05 dlogz:32.564>0.1]
54515it [6:07:06 bound:660 nc:1036 ncall:3.5e+07 eff:0.2% logz-ratio=6.27+/-0.05 dlogz:32.500>0.1]
54630it [6:08:28 bound:662 nc:1024 ncall:3.5e+07 eff:0.2% logz-ratio=6.30+/-0.05 dlogz:32.441>0.1]
54754it [6:09:42 bound:664 nc:392 ncall:3.5e+07 eff:0.2% logz-ratio=6.33+/-0.05 dlogz:32.378>0.1]
54875it [6:10:56 bound:666 nc:756 ncall:3.5e+07 eff:0.2% logz-ratio=6.37+/-0.05 dlogz:32.316>0.1]
55001it [6:12:14 bound:668 nc:716 ncall:3.6e+07 eff:0.2% logz-ratio=6.40+/-0.05 dlogz:32.251>0.1]
55124it [6:13:31 bound:670 nc:624 ncall:3.6e+07 eff:0.2% logz-ratio=6.43+/-0.05 dlogz:32.188>0.1]
55248it [6:14:48 bound:672 nc:1123 ncall:3.6e+07 eff:0.2% logz-ratio=6.47+/-0.05 dlogz:32.125>0.1]
55372it [6:16:05 bound:674 nc:1157 ncall:3.6e+07 eff:0.2% logz-ratio=6.50+/-0.05 dlogz:32.061>0.1]
55491it [6:17:24 bound:676 nc:1540 ncall:3.6e+07 eff:0.2% logz-ratio=6.53+/-0.05 dlogz:32.001>0.1]
55615it [6:18:45 bound:678 nc:1376 ncall:3.6e+07 eff:0.2% logz-ratio=6.56+/-0.05 dlogz:31.937>0.1]
55732it [6:20:02 bound:680 nc:886 ncall:3.6e+07 eff:0.2% logz-ratio=6.59+/-0.05 dlogz:31.878>0.1]
55854it [6:21:23 bound:682 nc:1941 ncall:3.6e+07 eff:0.2% logz-ratio=6.63+/-0.05 dlogz:31.817>0.1]
55973it [6:22:40 bound:684 nc:2388 ncall:3.7e+07 eff:0.2% logz-ratio=6.66+/-0.05 dlogz:31.757>0.1]
56097it [6:24:07 bound:686 nc:1035 ncall:3.7e+07 eff:0.2% logz-ratio=6.69+/-0.05 dlogz:31.694>0.1]
56221it [6:25:25 bound:688 nc:1207 ncall:3.7e+07 eff:0.2% logz-ratio=6.72+/-0.05 dlogz:31.631>0.1]
56344it [6:26:40 bound:690 nc:1376 ncall:3.7e+07 eff:0.2% logz-ratio=6.75+/-0.05 dlogz:31.569>0.1]
56466it [6:28:05 bound:692 nc:1481 ncall:3.7e+07 eff:0.2% logz-ratio=6.79+/-0.05 dlogz:31.508>0.1]
56586it [6:29:23 bound:694 nc:1172 ncall:3.7e+07 eff:0.2% logz-ratio=6.82+/-0.05 dlogz:31.447>0.1]
56711it [6:30:41 bound:696 nc:1265 ncall:3.7e+07 eff:0.2% logz-ratio=6.85+/-0.05 dlogz:31.384>0.1]
56832it [6:31:57 bound:698 nc:1097 ncall:3.8e+07 eff:0.2% logz-ratio=6.88+/-0.05 dlogz:31.322>0.1]
56954it [6:33:20 bound:700 nc:725 ncall:3.8e+07 eff:0.2% logz-ratio=6.91+/-0.05 dlogz:31.260>0.1]
57074it [6:34:39 bound:702 nc:1344 ncall:3.8e+07 eff:0.2% logz-ratio=6.95+/-0.05 dlogz:31.200>0.1]
57196it [6:36:02 bound:704 nc:998 ncall:3.8e+07 eff:0.2% logz-ratio=6.98+/-0.05 dlogz:31.138>0.1]
57321it [6:37:28 bound:706 nc:1408 ncall:3.8e+07 eff:0.2% logz-ratio=7.01+/-0.05 dlogz:31.074>0.1]
57444it [6:38:50 bound:708 nc:911 ncall:3.8e+07 eff:0.2% logz-ratio=7.04+/-0.05 dlogz:31.011>0.1]
57562it [6:40:09 bound:710 nc:1218 ncall:3.8e+07 eff:0.1% logz-ratio=7.08+/-0.05 dlogz:30.950>0.1]
57685it [6:41:29 bound:712 nc:1384 ncall:3.9e+07 eff:0.1% logz-ratio=7.11+/-0.05 dlogz:30.887>0.1]
57806it [6:42:50 bound:714 nc:1652 ncall:3.9e+07 eff:0.1% logz-ratio=7.14+/-0.05 dlogz:30.825>0.1]
57927it [6:44:09 bound:716 nc:1347 ncall:3.9e+07 eff:0.1% logz-ratio=7.18+/-0.05 dlogz:30.762>0.1]
58050it [6:45:31 bound:718 nc:938 ncall:3.9e+07 eff:0.1% logz-ratio=7.21+/-0.05 dlogz:30.699>0.1]
58172it [6:46:54 bound:720 nc:1641 ncall:3.9e+07 eff:0.1% logz-ratio=7.24+/-0.05 dlogz:30.636>0.1]
58285it [6:48:12 bound:722 nc:1813 ncall:3.9e+07 eff:0.1% logz-ratio=7.27+/-0.05 dlogz:30.578>0.1]
58407it [6:49:33 bound:724 nc:1815 ncall:3.9e+07 eff:0.1% logz-ratio=7.30+/-0.05 dlogz:30.516>0.1]
58526it [6:50:56 bound:726 nc:1660 ncall:4.0e+07 eff:0.1% logz-ratio=7.34+/-0.05 dlogz:30.455>0.1]
58649it [6:52:22 bound:728 nc:1110 ncall:4.0e+07 eff:0.1% logz-ratio=7.37+/-0.06 dlogz:30.393>0.1]
58767it [6:53:43 bound:730 nc:978 ncall:4.0e+07 eff:0.1% logz-ratio=7.40+/-0.06 dlogz:30.333>0.1]
58891it [6:55:05 bound:732 nc:1563 ncall:4.0e+07 eff:0.1% logz-ratio=7.43+/-0.06 dlogz:30.270>0.1]
59011it [6:56:26 bound:734 nc:1045 ncall:4.0e+07 eff:0.1% logz-ratio=7.46+/-0.06 dlogz:30.210>0.1]
59127it [6:57:48 bound:736 nc:2312 ncall:4.0e+07 eff:0.1% logz-ratio=7.49+/-0.06 dlogz:30.151>0.1]
59248it [6:59:14 bound:738 nc:1273 ncall:4.0e+07 eff:0.1% logz-ratio=7.52+/-0.06 dlogz:30.090>0.1]
59366it [7:00:39 bound:740 nc:531 ncall:4.1e+07 eff:0.1% logz-ratio=7.56+/-0.06 dlogz:30.031>0.1]
59490it [7:01:59 bound:742 nc:2745 ncall:4.1e+07 eff:0.1% logz-ratio=7.59+/-0.06 dlogz:29.969>0.1]
59603it [7:03:19 bound:744 nc:781 ncall:4.1e+07 eff:0.1% logz-ratio=7.62+/-0.06 dlogz:29.913>0.1]
59667it [7:05:02 bound:745 nc:1513 ncall:4.1e+07 eff:0.1% logz-ratio=7.63+/-0.06 dlogz:29.881>0.1]
59785it [7:06:27 bound:747 nc:1296 ncall:4.1e+07 eff:0.1% logz-ratio=7.66+/-0.06 dlogz:29.822>0.1]
59902it [7:07:48 bound:749 nc:1742 ncall:4.1e+07 eff:0.1% logz-ratio=7.69+/-0.06 dlogz:29.764>0.1]
60026it [7:09:11 bound:751 nc:1567 ncall:4.1e+07 eff:0.1% logz-ratio=7.72+/-0.06 dlogz:29.702>0.1]
60147it [7:10:31 bound:753 nc:1275 ncall:4.1e+07 eff:0.1% logz-ratio=7.75+/-0.06 dlogz:29.641>0.1]
60267it [7:11:56 bound:755 nc:1459 ncall:4.2e+07 eff:0.1% logz-ratio=7.78+/-0.06 dlogz:29.582>0.1]
60383it [7:13:18 bound:757 nc:885 ncall:4.2e+07 eff:0.1% logz-ratio=7.81+/-0.06 dlogz:29.524>0.1]
60507it [7:14:39 bound:759 nc:900 ncall:4.2e+07 eff:0.1% logz-ratio=7.84+/-0.06 dlogz:29.463>0.1]
60623it [7:16:00 bound:761 nc:1073 ncall:4.2e+07 eff:0.1% logz-ratio=7.87+/-0.06 dlogz:29.406>0.1]
60741it [7:17:22 bound:763 nc:1770 ncall:4.2e+07 eff:0.1% logz-ratio=7.90+/-0.06 dlogz:29.348>0.1]
60860it [7:18:49 bound:765 nc:811 ncall:4.2e+07 eff:0.1% logz-ratio=7.93+/-0.06 dlogz:29.290>0.1]
60978it [7:20:11 bound:767 nc:2662 ncall:4.2e+07 eff:0.1% logz-ratio=7.96+/-0.06 dlogz:29.233>0.1]
61096it [7:21:35 bound:769 nc:768 ncall:4.3e+07 eff:0.1% logz-ratio=7.99+/-0.06 dlogz:29.176>0.1]
61220it [7:23:02 bound:771 nc:1677 ncall:4.3e+07 eff:0.1% logz-ratio=8.02+/-0.06 dlogz:29.116>0.1]
61338it [7:24:21 bound:773 nc:2056 ncall:4.3e+07 eff:0.1% logz-ratio=8.05+/-0.06 dlogz:29.059>0.1]
61463it [7:25:49 bound:775 nc:1458 ncall:4.3e+07 eff:0.1% logz-ratio=8.08+/-0.06 dlogz:28.999>0.1]
61586it [7:27:11 bound:777 nc:1759 ncall:4.3e+07 eff:0.1% logz-ratio=8.10+/-0.06 dlogz:28.940>0.1]
61705it [7:28:29 bound:779 nc:770 ncall:4.3e+07 eff:0.1% logz-ratio=8.13+/-0.06 dlogz:28.883>0.1]
61817it [7:29:59 bound:781 nc:1852 ncall:4.3e+07 eff:0.1% logz-ratio=8.16+/-0.06 dlogz:28.829>0.1]
61937it [7:31:23 bound:783 nc:652 ncall:4.4e+07 eff:0.1% logz-ratio=8.19+/-0.06 dlogz:28.772>0.1]
62055it [7:32:47 bound:785 nc:1265 ncall:4.4e+07 eff:0.1% logz-ratio=8.21+/-0.06 dlogz:28.716>0.1]
62172it [7:34:09 bound:787 nc:2459 ncall:4.4e+07 eff:0.1% logz-ratio=8.24+/-0.06 dlogz:28.660>0.1]
62295it [7:35:35 bound:789 nc:1150 ncall:4.4e+07 eff:0.1% logz-ratio=8.27+/-0.06 dlogz:28.602>0.1]
62413it [7:36:53 bound:791 nc:1483 ncall:4.4e+07 eff:0.1% logz-ratio=8.30+/-0.06 dlogz:28.546>0.1]
62524it [7:38:16 bound:793 nc:3290 ncall:4.4e+07 eff:0.1% logz-ratio=8.32+/-0.06 dlogz:28.493>0.1]
62641it [7:39:42 bound:795 nc:852 ncall:4.5e+07 eff:0.1% logz-ratio=8.35+/-0.06 dlogz:28.438>0.1]
62754it [7:41:05 bound:797 nc:4196 ncall:4.5e+07 eff:0.1% logz-ratio=8.37+/-0.06 dlogz:28.385>0.1]
62872it [7:42:27 bound:799 nc:1365 ncall:4.5e+07 eff:0.1% logz-ratio=8.40+/-0.06 dlogz:28.329>0.1]
62991it [7:43:57 bound:801 nc:560 ncall:4.5e+07 eff:0.1% logz-ratio=8.43+/-0.06 dlogz:28.273>0.1]
63108it [7:45:18 bound:803 nc:1062 ncall:4.5e+07 eff:0.1% logz-ratio=8.45+/-0.06 dlogz:28.218>0.1]
63228it [7:46:48 bound:805 nc:1416 ncall:4.5e+07 eff:0.1% logz-ratio=8.48+/-0.06 dlogz:28.162>0.1]
63352it [7:48:11 bound:807 nc:1284 ncall:4.5e+07 eff:0.1% logz-ratio=8.51+/-0.06 dlogz:28.103>0.1]
63472it [7:49:34 bound:809 nc:1029 ncall:4.6e+07 eff:0.1% logz-ratio=8.54+/-0.06 dlogz:28.047>0.1]
63593it [7:50:58 bound:811 nc:3168 ncall:4.6e+07 eff:0.1% logz-ratio=8.56+/-0.06 dlogz:27.991>0.1]
63708it [7:52:19 bound:813 nc:718 ncall:4.6e+07 eff:0.1% logz-ratio=8.59+/-0.06 dlogz:27.937>0.1]
63827it [7:53:40 bound:815 nc:1225 ncall:4.6e+07 eff:0.1% logz-ratio=8.62+/-0.06 dlogz:27.882>0.1]
63948it [7:55:04 bound:817 nc:825 ncall:4.6e+07 eff:0.1% logz-ratio=8.64+/-0.06 dlogz:27.826>0.1]
64065it [7:56:28 bound:819 nc:1282 ncall:4.6e+07 eff:0.1% logz-ratio=8.67+/-0.06 dlogz:27.771>0.1]
64180it [7:57:57 bound:821 nc:1285 ncall:4.6e+07 eff:0.1% logz-ratio=8.69+/-0.06 dlogz:27.718>0.1]
64297it [7:59:28 bound:823 nc:1211 ncall:4.7e+07 eff:0.1% logz-ratio=8.72+/-0.06 dlogz:27.664>0.1]
64419it [8:00:56 bound:825 nc:2780 ncall:4.7e+07 eff:0.1% logz-ratio=8.75+/-0.06 dlogz:27.607>0.1]
64537it [8:02:18 bound:827 nc:715 ncall:4.7e+07 eff:0.1% logz-ratio=8.77+/-0.06 dlogz:27.553>0.1]
64653it [8:03:43 bound:829 nc:1350 ncall:4.7e+07 eff:0.1% logz-ratio=8.80+/-0.06 dlogz:27.500>0.1]
64769it [8:05:08 bound:831 nc:1689 ncall:4.7e+07 eff:0.1% logz-ratio=8.82+/-0.06 dlogz:27.447>0.1]
64777it [8:06:17 bound:831 nc:1958 ncall:4.7e+07 eff:0.1% logz-ratio=8.82+/-0.06 dlogz:27.443>0.1]
64887it [8:07:43 bound:833 nc:1327 ncall:4.7e+07 eff:0.1% logz-ratio=8.85+/-0.06 dlogz:27.393>0.1]
65008it [8:09:13 bound:835 nc:757 ncall:4.7e+07 eff:0.1% logz-ratio=8.87+/-0.06 dlogz:27.338>0.1]
65122it [8:10:35 bound:837 nc:924 ncall:4.8e+07 eff:0.1% logz-ratio=8.89+/-0.06 dlogz:27.286>0.1]
65235it [8:11:58 bound:839 nc:1276 ncall:4.8e+07 eff:0.1% logz-ratio=8.92+/-0.06 dlogz:27.235>0.1]
65347it [8:13:17 bound:841 nc:1307 ncall:4.8e+07 eff:0.1% logz-ratio=8.94+/-0.06 dlogz:27.184>0.1]
65465it [8:14:41 bound:843 nc:1084 ncall:4.8e+07 eff:0.1% logz-ratio=8.97+/-0.06 dlogz:27.130>0.1]
65582it [8:16:02 bound:845 nc:1178 ncall:4.8e+07 eff:0.1% logz-ratio=8.99+/-0.06 dlogz:27.077>0.1]
65697it [8:17:28 bound:847 nc:1260 ncall:4.8e+07 eff:0.1% logz-ratio=9.02+/-0.06 dlogz:27.025>0.1]
65819it [8:18:54 bound:849 nc:1005 ncall:4.9e+07 eff:0.1% logz-ratio=9.04+/-0.06 dlogz:26.969>0.1]
65940it [8:20:21 bound:851 nc:2140 ncall:4.9e+07 eff:0.1% logz-ratio=9.07+/-0.06 dlogz:26.914>0.1]
66055it [8:21:46 bound:853 nc:1197 ncall:4.9e+07 eff:0.1% logz-ratio=9.09+/-0.06 dlogz:26.863>0.1]
66174it [8:23:09 bound:855 nc:1420 ncall:4.9e+07 eff:0.1% logz-ratio=9.12+/-0.06 dlogz:26.809>0.1]
66294it [8:24:38 bound:857 nc:814 ncall:4.9e+07 eff:0.1% logz-ratio=9.14+/-0.06 dlogz:26.755>0.1]
66417it [8:25:59 bound:859 nc:1414 ncall:4.9e+07 eff:0.1% logz-ratio=9.16+/-0.06 dlogz:26.701>0.1]
66531it [8:27:26 bound:861 nc:898 ncall:4.9e+07 eff:0.1% logz-ratio=9.19+/-0.06 dlogz:26.650>0.1]
66641it [8:28:53 bound:863 nc:1418 ncall:5.0e+07 eff:0.1% logz-ratio=9.21+/-0.06 dlogz:26.602>0.1]
66759it [8:30:18 bound:865 nc:1375 ncall:5.0e+07 eff:0.1% logz-ratio=9.23+/-0.06 dlogz:26.550>0.1]
66878it [8:31:47 bound:867 nc:1247 ncall:5.0e+07 eff:0.1% logz-ratio=9.25+/-0.06 dlogz:26.498>0.1]
66998it [8:33:11 bound:869 nc:908 ncall:5.0e+07 eff:0.1% logz-ratio=9.28+/-0.06 dlogz:26.446>0.1]
67118it [8:34:38 bound:871 nc:1398 ncall:5.0e+07 eff:0.1% logz-ratio=9.30+/-0.06 dlogz:26.394>0.1]
67232it [8:36:00 bound:873 nc:712 ncall:5.0e+07 eff:0.1% logz-ratio=9.32+/-0.06 dlogz:26.345>0.1]
67346it [8:37:22 bound:875 nc:899 ncall:5.0e+07 eff:0.1% logz-ratio=9.34+/-0.06 dlogz:26.296>0.1]
67466it [8:38:45 bound:877 nc:1477 ncall:5.1e+07 eff:0.1% logz-ratio=9.36+/-0.06 dlogz:26.244>0.1]
67591it [8:40:10 bound:879 nc:1557 ncall:5.1e+07 eff:0.1% logz-ratio=9.39+/-0.06 dlogz:26.190>0.1]
67710it [8:41:32 bound:881 nc:829 ncall:5.1e+07 eff:0.1% logz-ratio=9.41+/-0.06 dlogz:26.139>0.1]
67820it [8:42:57 bound:883 nc:1711 ncall:5.1e+07 eff:0.1% logz-ratio=9.43+/-0.06 dlogz:26.093>0.1]
67937it [8:44:22 bound:885 nc:997 ncall:5.1e+07 eff:0.1% logz-ratio=9.45+/-0.06 dlogz:26.043>0.1]
68057it [8:45:47 bound:887 nc:1079 ncall:5.1e+07 eff:0.1% logz-ratio=9.47+/-0.06 dlogz:25.992>0.1]
68173it [8:47:12 bound:889 nc:1268 ncall:5.2e+07 eff:0.1% logz-ratio=9.49+/-0.06 dlogz:25.943>0.1]
68293it [8:48:37 bound:891 nc:1092 ncall:5.2e+07 eff:0.1% logz-ratio=9.51+/-0.06 dlogz:25.893>0.1]
68411it [8:49:59 bound:893 nc:1565 ncall:5.2e+07 eff:0.1% logz-ratio=9.53+/-0.06 dlogz:25.844>0.1]
68525it [8:51:21 bound:895 nc:1241 ncall:5.2e+07 eff:0.1% logz-ratio=9.55+/-0.06 dlogz:25.796>0.1]
68643it [8:52:49 bound:897 nc:794 ncall:5.2e+07 eff:0.1% logz-ratio=9.57+/-0.06 dlogz:25.747>0.1]
68762it [8:54:15 bound:899 nc:1214 ncall:5.2e+07 eff:0.1% logz-ratio=9.59+/-0.06 dlogz:25.698>0.1]
68879it [8:55:39 bound:901 nc:2421 ncall:5.2e+07 eff:0.1% logz-ratio=9.61+/-0.06 dlogz:25.650>0.1]
68994it [8:57:05 bound:903 nc:1132 ncall:5.3e+07 eff:0.1% logz-ratio=9.63+/-0.06 dlogz:25.603>0.1]
69112it [8:58:29 bound:905 nc:1667 ncall:5.3e+07 eff:0.1% logz-ratio=9.65+/-0.06 dlogz:25.555>0.1]
69230it [8:59:56 bound:907 nc:1187 ncall:5.3e+07 eff:0.1% logz-ratio=9.67+/-0.06 dlogz:25.507>0.1]
69350it [9:01:21 bound:909 nc:988 ncall:5.3e+07 eff:0.1% logz-ratio=9.69+/-0.06 dlogz:25.459>0.1]
69466it [9:02:42 bound:911 nc:1218 ncall:5.3e+07 eff:0.1% logz-ratio=9.71+/-0.06 dlogz:25.412>0.1]
69587it [9:04:08 bound:913 nc:1882 ncall:5.3e+07 eff:0.1% logz-ratio=9.73+/-0.06 dlogz:25.363>0.1]
69705it [9:05:38 bound:915 nc:943 ncall:5.4e+07 eff:0.1% logz-ratio=9.75+/-0.06 dlogz:25.316>0.1]
69775it [9:07:31 bound:916 nc:885 ncall:5.4e+07 eff:0.1% logz-ratio=9.76+/-0.06 dlogz:25.288>0.1]
69884it [9:08:56 bound:918 nc:1591 ncall:5.4e+07 eff:0.1% logz-ratio=9.77+/-0.06 dlogz:25.245>0.1]
70004it [9:10:23 bound:920 nc:1125 ncall:5.4e+07 eff:0.1% logz-ratio=9.79+/-0.06 dlogz:25.197>0.1]
70124it [9:11:52 bound:922 nc:1457 ncall:5.4e+07 eff:0.1% logz-ratio=9.81+/-0.06 dlogz:25.150>0.1]
70241it [9:13:18 bound:924 nc:930 ncall:5.4e+07 eff:0.1% logz-ratio=9.83+/-0.06 dlogz:25.104>0.1]
70362it [9:14:43 bound:926 nc:3517 ncall:5.4e+07 eff:0.1% logz-ratio=9.85+/-0.06 dlogz:25.056>0.1]
70481it [9:16:07 bound:928 nc:1881 ncall:5.5e+07 eff:0.1% logz-ratio=9.86+/-0.06 dlogz:25.010>0.1]
70600it [9:17:33 bound:930 nc:2586 ncall:5.5e+07 eff:0.1% logz-ratio=9.88+/-0.06 dlogz:24.964>0.1]
70715it [9:19:00 bound:932 nc:831 ncall:5.5e+07 eff:0.1% logz-ratio=9.90+/-0.06 dlogz:24.919>0.1]
70827it [9:20:25 bound:934 nc:4273 ncall:5.5e+07 eff:0.1% logz-ratio=9.91+/-0.06 dlogz:24.876>0.1]
70948it [9:21:49 bound:936 nc:1794 ncall:5.5e+07 eff:0.1% logz-ratio=9.93+/-0.06 dlogz:24.830>0.1]
71068it [9:23:16 bound:938 nc:1696 ncall:5.5e+07 eff:0.1% logz-ratio=9.95+/-0.06 dlogz:24.784>0.1]
71185it [9:24:42 bound:940 nc:1741 ncall:5.5e+07 eff:0.1% logz-ratio=9.96+/-0.06 dlogz:24.739>0.1]
71307it [9:26:10 bound:942 nc:1684 ncall:5.6e+07 eff:0.1% logz-ratio=9.98+/-0.06 dlogz:24.693>0.1]
71427it [9:27:36 bound:944 nc:1806 ncall:5.6e+07 eff:0.1% logz-ratio=9.99+/-0.06 dlogz:24.647>0.1]
71543it [9:29:05 bound:946 nc:1208 ncall:5.6e+07 eff:0.1% logz-ratio=10.01+/-0.06 dlogz:24.603>0.1]
71662it [9:30:36 bound:948 nc:2805 ncall:5.6e+07 eff:0.1% logz-ratio=10.03+/-0.06 dlogz:24.559>0.1]
71778it [9:32:01 bound:950 nc:1040 ncall:5.6e+07 eff:0.1% logz-ratio=10.04+/-0.06 dlogz:24.515>0.1]
71895it [9:33:32 bound:952 nc:1330 ncall:5.6e+07 eff:0.1% logz-ratio=10.06+/-0.06 dlogz:24.471>0.1]
72016it [9:34:55 bound:954 nc:1113 ncall:5.7e+07 eff:0.1% logz-ratio=10.07+/-0.06 dlogz:24.426>0.1]
72134it [9:36:26 bound:956 nc:1381 ncall:5.7e+07 eff:0.1% logz-ratio=10.09+/-0.06 dlogz:24.382>0.1]
72251it [9:37:52 bound:958 nc:1164 ncall:5.7e+07 eff:0.1% logz-ratio=10.10+/-0.06 dlogz:24.339>0.1]
72373it [9:39:16 bound:960 nc:1295 ncall:5.7e+07 eff:0.1% logz-ratio=10.12+/-0.06 dlogz:24.294>0.1]
72496it [9:40:44 bound:962 nc:1329 ncall:5.7e+07 eff:0.1% logz-ratio=10.13+/-0.06 dlogz:24.249>0.1]
72617it [9:42:07 bound:964 nc:1719 ncall:5.7e+07 eff:0.1% logz-ratio=10.15+/-0.06 dlogz:24.205>0.1]
72738it [9:43:35 bound:966 nc:1462 ncall:5.8e+07 eff:0.1% logz-ratio=10.16+/-0.06 dlogz:24.161>0.1]
72855it [9:45:03 bound:968 nc:2093 ncall:5.8e+07 eff:0.1% logz-ratio=10.18+/-0.06 dlogz:24.118>0.1]
72973it [9:46:35 bound:970 nc:1521 ncall:5.8e+07 eff:0.1% logz-ratio=10.19+/-0.06 dlogz:24.075>0.1]
73094it [9:48:03 bound:972 nc:1329 ncall:5.8e+07 eff:0.1% logz-ratio=10.20+/-0.06 dlogz:24.032>0.1]
73210it [9:49:32 bound:974 nc:881 ncall:5.8e+07 eff:0.1% logz-ratio=10.22+/-0.06 dlogz:23.990>0.1]
73331it [9:50:57 bound:976 nc:1375 ncall:5.8e+07 eff:0.1% logz-ratio=10.23+/-0.06 dlogz:23.947>0.1]
73453it [9:52:27 bound:978 nc:1463 ncall:5.9e+07 eff:0.1% logz-ratio=10.24+/-0.06 dlogz:23.903>0.1]
73568it [9:53:55 bound:980 nc:1209 ncall:5.9e+07 eff:0.1% logz-ratio=10.26+/-0.06 dlogz:23.862>0.1]
73687it [9:55:23 bound:982 nc:2558 ncall:5.9e+07 eff:0.1% logz-ratio=10.27+/-0.06 dlogz:23.820>0.1]
73803it [9:56:48 bound:984 nc:1631 ncall:5.9e+07 eff:0.1% logz-ratio=10.28+/-0.06 dlogz:23.779>0.1]
73918it [9:58:13 bound:986 nc:2798 ncall:5.9e+07 eff:0.1% logz-ratio=10.29+/-0.06 dlogz:23.739>0.1]
74037it [9:59:40 bound:988 nc:3613 ncall:5.9e+07 eff:0.1% logz-ratio=10.31+/-0.06 dlogz:23.697>0.1]
74158it [10:01:09 bound:990 nc:1121 ncall:5.9e+07 eff:0.1% logz-ratio=10.32+/-0.06 dlogz:23.655>0.1]
74281it [10:02:40 bound:992 nc:1434 ncall:6.0e+07 eff:0.1% logz-ratio=10.33+/-0.06 dlogz:23.612>0.1]
74402it [10:04:11 bound:994 nc:2121 ncall:6.0e+07 eff:0.1% logz-ratio=10.34+/-0.06 dlogz:23.571>0.1]
74520it [10:05:43 bound:996 nc:731 ncall:6.0e+07 eff:0.1% logz-ratio=10.36+/-0.06 dlogz:23.530>0.1]
74639it [10:07:15 bound:998 nc:1592 ncall:6.0e+07 eff:0.1% logz-ratio=10.37+/-0.06 dlogz:23.489>0.1]
74640it [10:08:29 bound:998 nc:1425 ncall:6.0e+07 eff:0.1% logz-ratio=10.37+/-0.06 dlogz:23.489>0.1]
74754it [10:09:54 bound:1000 nc:1494 ncall:6.0e+07 eff:0.1% logz-ratio=10.38+/-0.06 dlogz:23.450>0.1]
74872it [10:11:25 bound:1002 nc:1318 ncall:6.0e+07 eff:0.1% logz-ratio=10.39+/-0.06 dlogz:23.409>0.1]
74990it [10:12:52 bound:1004 nc:1274 ncall:6.1e+07 eff:0.1% logz-ratio=10.40+/-0.06 dlogz:23.369>0.1]
75107it [10:14:18 bound:1006 nc:1484 ncall:6.1e+07 eff:0.1% logz-ratio=10.41+/-0.06 dlogz:23.330>0.1]
75226it [10:15:46 bound:1008 nc:907 ncall:6.1e+07 eff:0.1% logz-ratio=10.42+/-0.06 dlogz:23.290>0.1]
75345it [10:17:12 bound:1010 nc:1663 ncall:6.1e+07 eff:0.1% logz-ratio=10.44+/-0.06 dlogz:23.250>0.1]
75462it [10:18:37 bound:1012 nc:832 ncall:6.1e+07 eff:0.1% logz-ratio=10.45+/-0.06 dlogz:23.210>0.1]
75580it [10:20:03 bound:1014 nc:1198 ncall:6.1e+07 eff:0.1% logz-ratio=10.46+/-0.06 dlogz:23.171>0.1]
75701it [10:21:28 bound:1016 nc:1108 ncall:6.2e+07 eff:0.1% logz-ratio=10.47+/-0.06 dlogz:23.131>0.1]
75817it [10:23:00 bound:1018 nc:1715 ncall:6.2e+07 eff:0.1% logz-ratio=10.48+/-0.06 dlogz:23.092>0.1]
75932it [10:24:32 bound:1020 nc:904 ncall:6.2e+07 eff:0.1% logz-ratio=10.49+/-0.06 dlogz:23.054>0.1]
76053it [10:26:01 bound:1022 nc:1344 ncall:6.2e+07 eff:0.1% logz-ratio=10.50+/-0.06 dlogz:23.014>0.1]
76173it [10:27:29 bound:1024 nc:1148 ncall:6.2e+07 eff:0.1% logz-ratio=10.51+/-0.06 dlogz:22.975>0.1]
76296it [10:28:55 bound:1026 nc:1309 ncall:6.2e+07 eff:0.1% logz-ratio=10.52+/-0.06 dlogz:22.934>0.1]
76417it [10:30:23 bound:1028 nc:1287 ncall:6.3e+07 eff:0.1% logz-ratio=10.53+/-0.06 dlogz:22.895>0.1]
76535it [10:31:54 bound:1030 nc:954 ncall:6.3e+07 eff:0.1% logz-ratio=10.54+/-0.06 dlogz:22.856>0.1]
76652it [10:33:24 bound:1032 nc:1467 ncall:6.3e+07 eff:0.1% logz-ratio=10.55+/-0.06 dlogz:22.818>0.1]
76770it [10:34:54 bound:1034 nc:1436 ncall:6.3e+07 eff:0.1% logz-ratio=10.56+/-0.06 dlogz:22.780>0.1]
76888it [10:36:24 bound:1036 nc:1217 ncall:6.3e+07 eff:0.1% logz-ratio=10.57+/-0.06 dlogz:22.742>0.1]
77004it [10:37:53 bound:1038 nc:968 ncall:6.3e+07 eff:0.1% logz-ratio=10.58+/-0.06 dlogz:22.705>0.1]
77121it [10:39:19 bound:1040 nc:1341 ncall:6.4e+07 eff:0.1% logz-ratio=10.58+/-0.06 dlogz:22.668>0.1]
77235it [10:40:52 bound:1042 nc:788 ncall:6.4e+07 eff:0.1% logz-ratio=10.59+/-0.06 dlogz:22.631>0.1]
77358it [10:42:24 bound:1044 nc:1075 ncall:6.4e+07 eff:0.1% logz-ratio=10.60+/-0.06 dlogz:22.592>0.1]
77479it [10:43:52 bound:1046 nc:1276 ncall:6.4e+07 eff:0.1% logz-ratio=10.61+/-0.06 dlogz:22.554>0.1]
77597it [10:45:24 bound:1048 nc:1052 ncall:6.4e+07 eff:0.1% logz-ratio=10.62+/-0.06 dlogz:22.516>0.1]
77716it [10:46:55 bound:1050 nc:1582 ncall:6.4e+07 eff:0.1% logz-ratio=10.63+/-0.06 dlogz:22.479>0.1]
77834it [10:48:25 bound:1052 nc:761 ncall:6.5e+07 eff:0.1% logz-ratio=10.64+/-0.06 dlogz:22.441>0.1]
77952it [10:49:54 bound:1054 nc:959 ncall:6.5e+07 eff:0.1% logz-ratio=10.64+/-0.06 dlogz:22.404>0.1]
78069it [10:51:27 bound:1056 nc:2425 ncall:6.5e+07 eff:0.1% logz-ratio=10.65+/-0.06 dlogz:22.368>0.1]
78184it [10:52:55 bound:1058 nc:1029 ncall:6.5e+07 eff:0.1% logz-ratio=10.66+/-0.06 dlogz:22.332>0.1]
78302it [10:54:28 bound:1060 nc:1600 ncall:6.5e+07 eff:0.1% logz-ratio=10.67+/-0.06 dlogz:22.295>0.1]
78419it [10:55:58 bound:1062 nc:1139 ncall:6.5e+07 eff:0.1% logz-ratio=10.68+/-0.06 dlogz:22.258>0.1]
78538it [10:57:29 bound:1064 nc:979 ncall:6.6e+07 eff:0.1% logz-ratio=10.68+/-0.06 dlogz:22.222>0.1]
78654it [10:59:05 bound:1066 nc:3139 ncall:6.6e+07 eff:0.1% logz-ratio=10.69+/-0.06 dlogz:22.186>0.1]
78777it [11:00:32 bound:1068 nc:1146 ncall:6.6e+07 eff:0.1% logz-ratio=10.70+/-0.06 dlogz:22.148>0.1]
78899it [11:01:58 bound:1070 nc:874 ncall:6.6e+07 eff:0.1% logz-ratio=10.71+/-0.06 dlogz:22.110>0.1]
79020it [11:03:33 bound:1072 nc:985 ncall:6.6e+07 eff:0.1% logz-ratio=10.72+/-0.06 dlogz:22.073>0.1]
79142it [11:05:02 bound:1074 nc:1277 ncall:6.6e+07 eff:0.1% logz-ratio=10.72+/-0.06 dlogz:22.035>0.1]
79261it [11:06:32 bound:1076 nc:1375 ncall:6.7e+07 eff:0.1% logz-ratio=10.73+/-0.06 dlogz:21.999>0.1]
79381it [11:08:05 bound:1078 nc:1336 ncall:6.7e+07 eff:0.1% logz-ratio=10.74+/-0.06 dlogz:21.962>0.1]
79384it [11:09:25 bound:1078 nc:1100 ncall:6.7e+07 eff:0.1% logz-ratio=10.74+/-0.06 dlogz:21.962>0.1]
79492it [11:11:02 bound:1080 nc:1381 ncall:6.7e+07 eff:0.1% logz-ratio=10.74+/-0.06 dlogz:21.929>0.1]
79613it [11:12:39 bound:1082 nc:2026 ncall:6.7e+07 eff:0.1% logz-ratio=10.75+/-0.06 dlogz:21.892>0.1]
79731it [11:14:07 bound:1084 nc:1735 ncall:6.7e+07 eff:0.1% logz-ratio=10.76+/-0.06 dlogz:21.856>0.1]
79851it [11:15:43 bound:1086 nc:1767 ncall:6.7e+07 eff:0.1% logz-ratio=10.77+/-0.06 dlogz:21.820>0.1]
79965it [11:17:14 bound:1088 nc:1269 ncall:6.8e+07 eff:0.1% logz-ratio=10.77+/-0.06 dlogz:21.785>0.1]
80084it [11:18:43 bound:1090 nc:1806 ncall:6.8e+07 eff:0.1% logz-ratio=10.78+/-0.06 dlogz:21.750>0.1]
80203it [11:20:19 bound:1092 nc:1409 ncall:6.8e+07 eff:0.1% logz-ratio=10.79+/-0.06 dlogz:21.714>0.1]
80323it [11:21:53 bound:1094 nc:1538 ncall:6.8e+07 eff:0.1% logz-ratio=10.79+/-0.06 dlogz:21.678>0.1]
80435it [11:23:26 bound:1096 nc:1555 ncall:6.8e+07 eff:0.1% logz-ratio=10.80+/-0.06 dlogz:21.644>0.1]
80556it [11:25:00 bound:1098 nc:1508 ncall:6.8e+07 eff:0.1% logz-ratio=10.81+/-0.06 dlogz:21.608>0.1]
80676it [11:26:31 bound:1100 nc:1521 ncall:6.9e+07 eff:0.1% logz-ratio=10.81+/-0.06 dlogz:21.572>0.1]
80790it [11:28:08 bound:1102 nc:1567 ncall:6.9e+07 eff:0.1% logz-ratio=10.82+/-0.06 dlogz:21.538>0.1]
80906it [11:29:45 bound:1104 nc:1242 ncall:6.9e+07 eff:0.1% logz-ratio=10.82+/-0.06 dlogz:21.504>0.1]
81022it [11:31:17 bound:1106 nc:1620 ncall:6.9e+07 eff:0.1% logz-ratio=10.83+/-0.06 dlogz:21.469>0.1]
81132it [11:32:52 bound:1108 nc:1957 ncall:6.9e+07 eff:0.1% logz-ratio=10.84+/-0.06 dlogz:21.437>0.1]
81248it [11:34:32 bound:1110 nc:1303 ncall:6.9e+07 eff:0.1% logz-ratio=10.84+/-0.06 dlogz:21.403>0.1]
81365it [11:36:11 bound:1112 nc:2476 ncall:7.0e+07 eff:0.1% logz-ratio=10.85+/-0.06 dlogz:21.368>0.1]
81480it [11:37:49 bound:1114 nc:1606 ncall:7.0e+07 eff:0.1% logz-ratio=10.85+/-0.06 dlogz:21.335>0.1]
81601it [11:39:30 bound:1116 nc:1280 ncall:7.0e+07 eff:0.1% logz-ratio=10.86+/-0.06 dlogz:21.299>0.1]
81720it [11:41:12 bound:1118 nc:2082 ncall:7.0e+07 eff:0.1% logz-ratio=10.86+/-0.06 dlogz:21.264>0.1]
81838it [11:42:47 bound:1120 nc:1285 ncall:7.0e+07 eff:0.1% logz-ratio=10.87+/-0.06 dlogz:21.230>0.1]
81959it [11:44:19 bound:1122 nc:1507 ncall:7.1e+07 eff:0.1% logz-ratio=10.88+/-0.06 dlogz:21.195>0.1]
82078it [11:45:57 bound:1124 nc:1165 ncall:7.1e+07 eff:0.1% logz-ratio=10.88+/-0.06 dlogz:21.160>0.1]
82199it [11:47:36 bound:1126 nc:1372 ncall:7.1e+07 eff:0.1% logz-ratio=10.89+/-0.06 dlogz:21.125>0.1]
82316it [11:49:16 bound:1128 nc:1451 ncall:7.1e+07 eff:0.1% logz-ratio=10.89+/-0.06 dlogz:21.091>0.1]
82433it [11:50:53 bound:1130 nc:1305 ncall:7.1e+07 eff:0.1% logz-ratio=10.90+/-0.06 dlogz:21.057>0.1]
82545it [11:52:35 bound:1132 nc:1142 ncall:7.2e+07 eff:0.1% logz-ratio=10.90+/-0.06 dlogz:21.025>0.1]
82664it [11:54:14 bound:1134 nc:1338 ncall:7.2e+07 eff:0.1% logz-ratio=10.91+/-0.06 dlogz:20.991>0.1]
82786it [11:55:51 bound:1136 nc:835 ncall:7.2e+07 eff:0.1% logz-ratio=10.91+/-0.06 dlogz:20.956>0.1]
82903it [11:57:27 bound:1138 nc:1164 ncall:7.2e+07 eff:0.1% logz-ratio=10.92+/-0.06 dlogz:20.922>0.1]
83021it [11:59:08 bound:1140 nc:631 ncall:7.2e+07 eff:0.1% logz-ratio=10.92+/-0.06 dlogz:20.888>0.1]
83140it [12:00:45 bound:1142 nc:3521 ncall:7.2e+07 eff:0.1% logz-ratio=10.93+/-0.06 dlogz:20.854>0.1]
83256it [12:02:25 bound:1144 nc:1239 ncall:7.3e+07 eff:0.1% logz-ratio=10.93+/-0.06 dlogz:20.821>0.1]
83379it [12:04:04 bound:1146 nc:1880 ncall:7.3e+07 eff:0.1% logz-ratio=10.94+/-0.06 dlogz:20.786>0.1]
83502it [12:05:47 bound:1148 nc:3110 ncall:7.3e+07 eff:0.1% logz-ratio=10.94+/-0.06 dlogz:20.751>0.1]
83616it [12:07:25 bound:1150 nc:1887 ncall:7.3e+07 eff:0.1% logz-ratio=10.95+/-0.06 dlogz:20.719>0.1]
83740it [12:09:06 bound:1152 nc:1856 ncall:7.3e+07 eff:0.1% logz-ratio=10.95+/-0.06 dlogz:20.684>0.1]
83743it [12:10:28 bound:1152 nc:1648 ncall:7.3e+07 eff:0.1% logz-ratio=10.95+/-0.06 dlogz:20.683>0.1]
83864it [12:12:10 bound:1154 nc:1990 ncall:7.4e+07 eff:0.1% logz-ratio=10.96+/-0.06 dlogz:20.649>0.1]
83984it [12:13:58 bound:1156 nc:1378 ncall:7.4e+07 eff:0.1% logz-ratio=10.96+/-0.06 dlogz:20.615>0.1]
84109it [12:15:40 bound:1158 nc:2046 ncall:7.4e+07 eff:0.1% logz-ratio=10.97+/-0.06 dlogz:20.580>0.1]
84228it [12:17:18 bound:1160 nc:1311 ncall:7.4e+07 eff:0.1% logz-ratio=10.97+/-0.06 dlogz:20.546>0.1]
84346it [12:19:02 bound:1162 nc:1078 ncall:7.4e+07 eff:0.1% logz-ratio=10.97+/-0.06 dlogz:20.513>0.1]
84467it [12:20:45 bound:1164 nc:1178 ncall:7.5e+07 eff:0.1% logz-ratio=10.98+/-0.06 dlogz:20.479>0.1]
84583it [12:22:31 bound:1166 nc:3405 ncall:7.5e+07 eff:0.1% logz-ratio=10.98+/-0.06 dlogz:20.447>0.1]
84702it [12:24:17 bound:1168 nc:1699 ncall:7.5e+07 eff:0.1% logz-ratio=10.99+/-0.06 dlogz:20.414>0.1]
84820it [12:25:55 bound:1170 nc:1736 ncall:7.5e+07 eff:0.1% logz-ratio=10.99+/-0.06 dlogz:20.381>0.1]
84936it [12:27:40 bound:1172 nc:1152 ncall:7.5e+07 eff:0.1% logz-ratio=11.00+/-0.06 dlogz:20.348>0.1]
85057it [12:29:22 bound:1174 nc:723 ncall:7.5e+07 eff:0.1% logz-ratio=11.00+/-0.06 dlogz:20.315>0.1]
85176it [12:31:06 bound:1176 nc:1531 ncall:7.6e+07 eff:0.1% logz-ratio=11.00+/-0.06 dlogz:20.282>0.1]
85301it [12:32:49 bound:1178 nc:2311 ncall:7.6e+07 eff:0.1% logz-ratio=11.01+/-0.06 dlogz:20.247>0.1]
85423it [12:34:31 bound:1180 nc:1662 ncall:7.6e+07 eff:0.1% logz-ratio=11.01+/-0.06 dlogz:20.213>0.1]
85543it [12:36:11 bound:1182 nc:781 ncall:7.6e+07 eff:0.1% logz-ratio=11.02+/-0.06 dlogz:20.180>0.1]
85655it [12:37:55 bound:1184 nc:1832 ncall:7.6e+07 eff:0.1% logz-ratio=11.02+/-0.06 dlogz:20.149>0.1]
85772it [12:39:37 bound:1186 nc:1480 ncall:7.7e+07 eff:0.1% logz-ratio=11.02+/-0.06 dlogz:20.117>0.1]
85892it [12:41:21 bound:1188 nc:831 ncall:7.7e+07 eff:0.1% logz-ratio=11.03+/-0.06 dlogz:20.084>0.1]
86014it [12:43:03 bound:1190 nc:1707 ncall:7.7e+07 eff:0.1% logz-ratio=11.03+/-0.06 dlogz:20.050>0.1]
86131it [12:44:49 bound:1192 nc:1606 ncall:7.7e+07 eff:0.1% logz-ratio=11.03+/-0.06 dlogz:20.018>0.1]
86251it [12:46:36 bound:1194 nc:1549 ncall:7.7e+07 eff:0.1% logz-ratio=11.04+/-0.06 dlogz:19.985>0.1]
86369it [12:48:26 bound:1196 nc:1828 ncall:7.8e+07 eff:0.1% logz-ratio=11.04+/-0.06 dlogz:19.953>0.1]
86485it [12:50:13 bound:1198 nc:1512 ncall:7.8e+07 eff:0.1% logz-ratio=11.04+/-0.06 dlogz:19.921>0.1]
86607it [12:52:01 bound:1200 nc:1342 ncall:7.8e+07 eff:0.1% logz-ratio=11.05+/-0.06 dlogz:19.888>0.1]
86730it [12:53:50 bound:1202 nc:2019 ncall:7.8e+07 eff:0.1% logz-ratio=11.05+/-0.06 dlogz:19.855>0.1]
86847it [12:55:36 bound:1204 nc:2278 ncall:7.8e+07 eff:0.1% logz-ratio=11.05+/-0.06 dlogz:19.823>0.1]
86969it [12:57:28 bound:1206 nc:907 ncall:7.9e+07 eff:0.1% logz-ratio=11.06+/-0.06 dlogz:19.789>0.1]
87092it [12:59:15 bound:1208 nc:1001 ncall:7.9e+07 eff:0.1% logz-ratio=11.06+/-0.06 dlogz:19.756>0.1]
87215it [13:01:00 bound:1210 nc:2175 ncall:7.9e+07 eff:0.1% logz-ratio=11.06+/-0.06 dlogz:19.723>0.1]
87331it [13:02:52 bound:1212 nc:1137 ncall:7.9e+07 eff:0.1% logz-ratio=11.07+/-0.06 dlogz:19.691>0.1]
87453it [13:04:38 bound:1214 nc:1194 ncall:7.9e+07 eff:0.1% logz-ratio=11.07+/-0.06 dlogz:19.658>0.1]
87572it [13:06:29 bound:1216 nc:1455 ncall:8.0e+07 eff:0.1% logz-ratio=11.07+/-0.06 dlogz:19.626>0.1]
87691it [13:08:20 bound:1218 nc:1854 ncall:8.0e+07 eff:0.1% logz-ratio=11.08+/-0.06 dlogz:19.594>0.1]
87812it [13:10:08 bound:1220 nc:1529 ncall:8.0e+07 eff:0.1% logz-ratio=11.08+/-0.06 dlogz:19.561>0.1]
87821it [13:11:35 bound:1220 nc:2027 ncall:8.0e+07 eff:0.1% logz-ratio=11.08+/-0.06 dlogz:19.559>0.1]
87932it [13:13:22 bound:1222 nc:1487 ncall:8.0e+07 eff:0.1% logz-ratio=11.08+/-0.06 dlogz:19.529>0.1]
88053it [13:15:10 bound:1224 nc:1864 ncall:8.0e+07 eff:0.1% logz-ratio=11.09+/-0.06 dlogz:19.497>0.1]
88170it [13:16:57 bound:1226 nc:2125 ncall:8.1e+07 eff:0.1% logz-ratio=11.09+/-0.06 dlogz:19.465>0.1]
88291it [13:18:47 bound:1228 nc:1574 ncall:8.1e+07 eff:0.1% logz-ratio=11.09+/-0.06 dlogz:19.433>0.1]
88413it [13:20:34 bound:1230 nc:1902 ncall:8.1e+07 eff:0.1% logz-ratio=11.10+/-0.06 dlogz:19.400>0.1]
88536it [13:22:23 bound:1232 nc:1437 ncall:8.1e+07 eff:0.1% logz-ratio=11.10+/-0.06 dlogz:19.367>0.1]
88660it [13:24:17 bound:1234 nc:2757 ncall:8.1e+07 eff:0.1% logz-ratio=11.10+/-0.06 dlogz:19.334>0.1]
88778it [13:26:00 bound:1236 nc:1055 ncall:8.2e+07 eff:0.1% logz-ratio=11.10+/-0.06 dlogz:19.303>0.1]
88894it [13:27:48 bound:1238 nc:1988 ncall:8.2e+07 eff:0.1% logz-ratio=11.11+/-0.06 dlogz:19.272>0.1]
89016it [13:29:41 bound:1240 nc:2323 ncall:8.2e+07 eff:0.1% logz-ratio=11.11+/-0.06 dlogz:19.239>0.1]
89074it [13:30:42 bound:1241 nc:1062 ncall:8.2e+07 eff:0.1% logz-ratio=11.11+/-0.06 dlogz:19.224>0.1]
89195it [13:32:34 bound:1243 nc:1725 ncall:8.2e+07 eff:0.1% logz-ratio=11.11+/-0.06 dlogz:19.191>0.1]
89317it [13:34:27 bound:1245 nc:1104 ncall:8.3e+07 eff:0.1% logz-ratio=11.12+/-0.06 dlogz:19.159>0.1]
89440it [13:36:18 bound:1247 nc:1445 ncall:8.3e+07 eff:0.1% logz-ratio=11.12+/-0.06 dlogz:19.126>0.1]
89559it [13:38:10 bound:1249 nc:3762 ncall:8.3e+07 eff:0.1% logz-ratio=11.12+/-0.06 dlogz:19.095>0.1]
89677it [13:39:58 bound:1251 nc:1683 ncall:8.3e+07 eff:0.1% logz-ratio=11.12+/-0.06 dlogz:19.064>0.1]
89796it [13:41:49 bound:1253 nc:1244 ncall:8.3e+07 eff:0.1% logz-ratio=11.13+/-0.06 dlogz:19.032>0.1]
89917it [13:43:42 bound:1255 nc:1626 ncall:8.4e+07 eff:0.1% logz-ratio=11.13+/-0.06 dlogz:19.000>0.1]
90036it [13:45:35 bound:1257 nc:1710 ncall:8.4e+07 eff:0.1% logz-ratio=11.13+/-0.06 dlogz:18.969>0.1]
90153it [13:47:26 bound:1259 nc:1470 ncall:8.4e+07 eff:0.1% logz-ratio=11.13+/-0.06 dlogz:18.938>0.1]
90273it [13:49:18 bound:1261 nc:1769 ncall:8.4e+07 eff:0.1% logz-ratio=11.13+/-0.06 dlogz:18.906>0.1]
90393it [13:51:09 bound:1263 nc:1681 ncall:8.4e+07 eff:0.1% logz-ratio=11.14+/-0.06 dlogz:18.875>0.1]
90517it [13:53:03 bound:1265 nc:1654 ncall:8.5e+07 eff:0.1% logz-ratio=11.14+/-0.06 dlogz:18.842>0.1]
90643it [13:55:01 bound:1267 nc:2024 ncall:8.5e+07 eff:0.1% logz-ratio=11.14+/-0.06 dlogz:18.809>0.1]
90763it [13:56:54 bound:1269 nc:2428 ncall:8.5e+07 eff:0.1% logz-ratio=11.14+/-0.06 dlogz:18.778>0.1]
90883it [13:58:53 bound:1271 nc:2232 ncall:8.5e+07 eff:0.1% logz-ratio=11.15+/-0.06 dlogz:18.746>0.1]
91004it [14:00:49 bound:1273 nc:3484 ncall:8.6e+07 eff:0.1% logz-ratio=11.15+/-0.06 dlogz:18.714>0.1]
91125it [14:02:44 bound:1275 nc:1752 ncall:8.6e+07 eff:0.1% logz-ratio=11.15+/-0.06 dlogz:18.683>0.1]
91245it [14:04:35 bound:1277 nc:1295 ncall:8.6e+07 eff:0.1% logz-ratio=11.15+/-0.06 dlogz:18.651>0.1]
91369it [14:06:30 bound:1279 nc:1459 ncall:8.6e+07 eff:0.1% logz-ratio=11.15+/-0.06 dlogz:18.619>0.1]
