000 (2611473.000.000) 2025-08-14 21:15:49 Job submitted from host: <145.107.7.246:9618?addrs=145.107.7.246-9618+[2a07-8500-120-e070--3f6]-9618&alias=taai-007.nikhef.nl&noUDP&sock=schedd_2614_90a7>
...
001 (2611473.000.000) 2025-08-14 23:30:50 Job executing on host: <145.107.4.164:9618?addrs=145.107.4.164-9618+[2a07-8500-120-e070--a4]-9618&alias=wn-pijl-003.nikhef.nl&noUDP&sock=startd_4461_7413>
	SlotName: slot1_18@wn-pijl-003.nikhef.nl
	AvailableGPUs = { GPUs_GPU_569990fd_2b62_0adb_f587_bbb820db7247 }
	CondorScratchDir = "/scratch/condor_execute/dir_153374"
	Cpus = 1
	Disk = 16790397
	GPUs = 1
	GPUs_GPU_569990fd_2b62_0adb_f587_bbb820db7247 = [ Id = "GPU-569990fd-2b62-0adb-f587-bbb820db7247"; ClockMhz = 2520.0; Capability = 8.9; CoresPerCU = 128; DeviceName = "NVIDIA L40S"; DeviceUuid = "569990fd-2b62-0adb-f587-bbb820db7247"; ECCEnabled = true; ComputeUnits = 142; NvidiaDriver = "570.124.06"; DriverVersion = 12.8; DevicePciBusId = "0000:01:00.0"; GlobalMemoryMb = 45468; MaxSupportedVersion = 12080 ]
	Memory = 16384
...
006 (2611473.000.000) 2025-08-14 23:31:04 Image size of job updated: 263704
	258  -  MemoryUsage of job (MB)
	263704  -  ResidentSetSize of job (KB)
...
006 (2611473.000.000) 2025-08-14 23:36:05 Image size of job updated: 1326940
	1294  -  MemoryUsage of job (MB)
	1325020  -  ResidentSetSize of job (KB)
...
006 (2611473.000.000) 2025-08-14 23:41:06 Image size of job updated: 1326940
	1295  -  MemoryUsage of job (MB)
	1325244  -  ResidentSetSize of job (KB)
...
006 (2611473.000.000) 2025-08-14 23:46:07 Image size of job updated: 1326940
	1295  -  MemoryUsage of job (MB)
	1325248  -  ResidentSetSize of job (KB)
...
006 (2611473.000.000) 2025-08-14 23:51:08 Image size of job updated: 1326940
	1295  -  MemoryUsage of job (MB)
	1325308  -  ResidentSetSize of job (KB)
...
006 (2611473.000.000) 2025-08-15 00:06:10 Image size of job updated: 1326940
	1295  -  MemoryUsage of job (MB)
	1325312  -  ResidentSetSize of job (KB)
...
006 (2611473.000.000) 2025-08-15 00:11:10 Image size of job updated: 1326940
	1295  -  MemoryUsage of job (MB)
	1325316  -  ResidentSetSize of job (KB)
...
006 (2611473.000.000) 2025-08-15 00:26:12 Image size of job updated: 1326940
	1295  -  MemoryUsage of job (MB)
	1325320  -  ResidentSetSize of job (KB)
...
006 (2611473.000.000) 2025-08-15 00:31:12 Image size of job updated: 1326940
	1295  -  MemoryUsage of job (MB)
	1325324  -  ResidentSetSize of job (KB)
...
006 (2611473.000.000) 2025-08-15 00:46:14 Image size of job updated: 1326940
	1295  -  MemoryUsage of job (MB)
	1325328  -  ResidentSetSize of job (KB)
...
006 (2611473.000.000) 2025-08-15 00:56:14 Image size of job updated: 1326940
	1295  -  MemoryUsage of job (MB)
	1325336  -  ResidentSetSize of job (KB)
...
006 (2611473.000.000) 2025-08-15 01:06:15 Image size of job updated: 1326940
	1295  -  MemoryUsage of job (MB)
	1325340  -  ResidentSetSize of job (KB)
...
006 (2611473.000.000) 2025-08-15 01:11:15 Image size of job updated: 1326940
	1295  -  MemoryUsage of job (MB)
	1325356  -  ResidentSetSize of job (KB)
...
006 (2611473.000.000) 2025-08-15 01:21:17 Image size of job updated: 1326940
	1295  -  MemoryUsage of job (MB)
	1325360  -  ResidentSetSize of job (KB)
...
006 (2611473.000.000) 2025-08-15 01:31:18 Image size of job updated: 1326940
	1295  -  MemoryUsage of job (MB)
	1325364  -  ResidentSetSize of job (KB)
...
006 (2611473.000.000) 2025-08-15 01:36:19 Image size of job updated: 1326940
	1295  -  MemoryUsage of job (MB)
	1325368  -  ResidentSetSize of job (KB)
...
006 (2611473.000.000) 2025-08-15 01:46:20 Image size of job updated: 1326940
	1295  -  MemoryUsage of job (MB)
	1325372  -  ResidentSetSize of job (KB)
...
006 (2611473.000.000) 2025-08-15 01:51:21 Image size of job updated: 1326940
	1295  -  MemoryUsage of job (MB)
	1325384  -  ResidentSetSize of job (KB)
...
006 (2611473.000.000) 2025-08-15 02:16:23 Image size of job updated: 1326940
	1295  -  MemoryUsage of job (MB)
	1325388  -  ResidentSetSize of job (KB)
...
005 (2611473.000.000) 2025-08-15 02:18:12 Job terminated.
	(1) Normal termination (return value 0)
		Usr 0 02:46:45, Sys 0 00:00:30  -  Run Remote Usage
		Usr 0 00:00:00, Sys 0 00:00:00  -  Run Local Usage
		Usr 0 02:46:45, Sys 0 00:00:30  -  Total Remote Usage
		Usr 0 00:00:00, Sys 0 00:00:00  -  Total Local Usage
	0  -  Run Bytes Sent By Job
	0  -  Run Bytes Received By Job
	0  -  Total Bytes Sent By Job
	0  -  Total Bytes Received By Job
	Partitionable Resources :    Usage  Request Allocated Assigned
	   Cpus                 :     1.00        1         1 
	   Disk (KB)            : 17500    16777216  16790397 
	   GPUs                 :                 1         1 "GPU-569990fd-2b62-0adb-f587-bbb820db7247"
	   GpusMemory (MB)      :  1318                       
	   Memory (MB)          :  1295       16384     16384 
	   TimeExecute (s)      : 10042                       
	   TimeSlotBusy (s)     : 10043                       

	Job terminated of its own accord at 2025-08-15T00:18:12Z with exit-code 0.
...
000 (3230288.000.000) 2025-10-30 17:19:33 Job submitted from host: <145.107.7.246:9618?addrs=145.107.7.246-9618+[2a07-8500-120-e070--3f6]-9618&alias=taai-007.nikhef.nl&noUDP&sock=schedd_11406_2550>
...
001 (3230288.000.000) 2025-10-30 18:49:29 Job executing on host: <145.107.4.168:9618?addrs=145.107.4.168-9618+[2a07-8500-120-e070--a8]-9618&alias=wn-pijl-007.nikhef.nl&noUDP&sock=startd_4619_d40a>
	SlotName: slot1_3@wn-pijl-007.nikhef.nl
	AvailableGPUs = { GPUs_GPU_28701473_2bc0_ba00_3737_13d19e1cede7 }
	CondorScratchDir = "/scratch/condor_execute/dir_3272506"
	Cpus = 1
	Disk = 16790369
	GPUs = 1
	GPUs_GPU_28701473_2bc0_ba00_3737_13d19e1cede7 = [ Id = "GPU-28701473-2bc0-ba00-3737-13d19e1cede7"; ClockMhz = 2520.0; Capability = 8.9; CoresPerCU = 128; DeviceName = "NVIDIA L40S"; DeviceUuid = "28701473-2bc0-ba00-3737-13d19e1cede7"; ECCEnabled = true; ComputeUnits = 142; NvidiaDriver = "580.95.05"; DriverVersion = 13.0; DevicePciBusId = "0000:C1:00.0"; GlobalMemoryMb = 45458; MaxSupportedVersion = 13000 ]
	Memory = 16384
...
006 (3230288.000.000) 2025-10-30 18:49:38 Image size of job updated: 708824
	693  -  MemoryUsage of job (MB)
	708824  -  ResidentSetSize of job (KB)
...
006 (3230288.000.000) 2025-10-30 18:54:39 Image size of job updated: 1322448
	1290  -  MemoryUsage of job (MB)
	1320464  -  ResidentSetSize of job (KB)
...
006 (3230288.000.000) 2025-10-30 18:59:40 Image size of job updated: 1322448
	1290  -  MemoryUsage of job (MB)
	1320688  -  ResidentSetSize of job (KB)
...
006 (3230288.000.000) 2025-10-30 19:04:40 Image size of job updated: 1322448
	1290  -  MemoryUsage of job (MB)
	1320692  -  ResidentSetSize of job (KB)
...
006 (3230288.000.000) 2025-10-30 19:09:41 Image size of job updated: 1322448
	1290  -  MemoryUsage of job (MB)
	1320700  -  ResidentSetSize of job (KB)
...
006 (3230288.000.000) 2025-10-30 19:14:41 Image size of job updated: 1322448
	1290  -  MemoryUsage of job (MB)
	1320704  -  ResidentSetSize of job (KB)
...
006 (3230288.000.000) 2025-10-30 19:19:42 Image size of job updated: 1322448
	1290  -  MemoryUsage of job (MB)
	1320708  -  ResidentSetSize of job (KB)
...
006 (3230288.000.000) 2025-10-30 19:24:42 Image size of job updated: 1322448
	1290  -  MemoryUsage of job (MB)
	1320712  -  ResidentSetSize of job (KB)
...
006 (3230288.000.000) 2025-10-30 19:29:42 Image size of job updated: 1322448
	1290  -  MemoryUsage of job (MB)
	1320716  -  ResidentSetSize of job (KB)
...
006 (3230288.000.000) 2025-10-30 19:34:43 Image size of job updated: 1322448
	1290  -  MemoryUsage of job (MB)
	1320720  -  ResidentSetSize of job (KB)
...
006 (3230288.000.000) 2025-10-30 19:39:43 Image size of job updated: 1322448
	1290  -  MemoryUsage of job (MB)
	1320724  -  ResidentSetSize of job (KB)
...
006 (3230288.000.000) 2025-10-30 19:44:44 Image size of job updated: 1322448
	1290  -  MemoryUsage of job (MB)
	1320728  -  ResidentSetSize of job (KB)
...
005 (3230288.000.000) 2025-10-30 19:59:08 Job terminated.
	(1) Normal termination (return value 0)
		Usr 0 01:09:24, Sys 0 00:00:12  -  Run Remote Usage
		Usr 0 00:00:00, Sys 0 00:00:00  -  Run Local Usage
		Usr 0 01:09:24, Sys 0 00:00:12  -  Total Remote Usage
		Usr 0 00:00:00, Sys 0 00:00:00  -  Total Local Usage
	0  -  Run Bytes Sent By Job
	0  -  Run Bytes Received By Job
	0  -  Total Bytes Sent By Job
	0  -  Total Bytes Received By Job
	Partitionable Resources :    Usage  Request Allocated Assigned
	   Cpus                 :     1.00        1         1 
	   Disk (KB)            : 17500    16777216  16790369 
	   GPUs                 :     0.20        1         1 "GPU-28701473-2bc0-ba00-3737-13d19e1cede7"
	   GpusMemory (MB)      :  1331                       
	   Memory (MB)          :  1290       16384     16384 
	   TimeExecute (s)      :  4179                       
	   TimeSlotBusy (s)     :  4179                       
...
