000 (2568352.000.000) 2025-07-28 23:23:33 Job submitted from host: <145.107.7.246:9618?addrs=145.107.7.246-9618+[2a07-8500-120-e070--3f6]-9618&alias=taai-007.nikhef.nl&noUDP&sock=schedd_2614_90a7>
    DAG Node: run_c
...
001 (2568352.000.000) 2025-07-28 23:24:00 Job executing on host: <145.107.4.162:9618?addrs=145.107.4.162-9618+[2a07-8500-120-e070--a2]-9618&alias=wn-pijl-001.nikhef.nl&noUDP&sock=startd_5234_aac9>
	SlotName: slot1_8@wn-pijl-001.nikhef.nl
	CondorScratchDir = "/scratch/condor_execute/dir_180046"
	Cpus = 64
	Disk = 16790530
	GPUs = 0
	Memory = 16384
...
006 (2568352.000.000) 2025-07-28 23:24:13 Image size of job updated: 485972
	475  -  MemoryUsage of job (MB)
	485972  -  ResidentSetSize of job (KB)
...
006 (2568352.000.000) 2025-07-28 23:29:13 Image size of job updated: 3402408
	3322  -  MemoryUsage of job (MB)
	3401092  -  ResidentSetSize of job (KB)
...
006 (2568352.000.000) 2025-07-28 23:34:14 Image size of job updated: 3402408
	3323  -  MemoryUsage of job (MB)
	3402396  -  ResidentSetSize of job (KB)
...
006 (2568352.000.000) 2025-07-28 23:39:14 Image size of job updated: 3403200
	3324  -  MemoryUsage of job (MB)
	3403200  -  ResidentSetSize of job (KB)
...
006 (2568352.000.000) 2025-07-28 23:44:14 Image size of job updated: 3423244
	3344  -  MemoryUsage of job (MB)
	3423244  -  ResidentSetSize of job (KB)
...
006 (2568352.000.000) 2025-07-28 23:49:15 Image size of job updated: 3423932
	3344  -  MemoryUsage of job (MB)
	3423932  -  ResidentSetSize of job (KB)
...
006 (2568352.000.000) 2025-07-28 23:54:15 Image size of job updated: 3425564
	3346  -  MemoryUsage of job (MB)
	3425564  -  ResidentSetSize of job (KB)
...
006 (2568352.000.000) 2025-07-28 23:59:15 Image size of job updated: 3426620
	3347  -  MemoryUsage of job (MB)
	3426620  -  ResidentSetSize of job (KB)
...
006 (2568352.000.000) 2025-07-29 00:04:16 Image size of job updated: 3429312
	3349  -  MemoryUsage of job (MB)
	3429312  -  ResidentSetSize of job (KB)
...
006 (2568352.000.000) 2025-07-29 00:09:16 Image size of job updated: 3430388
	3350  -  MemoryUsage of job (MB)
	3430388  -  ResidentSetSize of job (KB)
...
006 (2568352.000.000) 2025-07-29 00:14:16 Image size of job updated: 3432188
	3352  -  MemoryUsage of job (MB)
	3432188  -  ResidentSetSize of job (KB)
...
006 (2568352.000.000) 2025-07-29 00:19:17 Image size of job updated: 3433340
	3353  -  MemoryUsage of job (MB)
	3433340  -  ResidentSetSize of job (KB)
...
006 (2568352.000.000) 2025-07-29 00:24:17 Image size of job updated: 3434928
	3355  -  MemoryUsage of job (MB)
	3434928  -  ResidentSetSize of job (KB)
...
006 (2568352.000.000) 2025-07-29 00:29:17 Image size of job updated: 3841452
	3752  -  MemoryUsage of job (MB)
	3841452  -  ResidentSetSize of job (KB)
...
006 (2568352.000.000) 2025-07-29 00:34:18 Image size of job updated: 3869564
	3779  -  MemoryUsage of job (MB)
	3869564  -  ResidentSetSize of job (KB)
...
006 (2568352.000.000) 2025-07-29 00:39:18 Image size of job updated: 3883772
	3793  -  MemoryUsage of job (MB)
	3883772  -  ResidentSetSize of job (KB)
...
006 (2568352.000.000) 2025-07-29 00:44:18 Image size of job updated: 3911752
	3821  -  MemoryUsage of job (MB)
	3911752  -  ResidentSetSize of job (KB)
...
006 (2568352.000.000) 2025-07-29 00:49:19 Image size of job updated: 3925956
	3834  -  MemoryUsage of job (MB)
	3925956  -  ResidentSetSize of job (KB)
...
006 (2568352.000.000) 2025-07-29 00:54:19 Image size of job updated: 3953916
	3862  -  MemoryUsage of job (MB)
	3953916  -  ResidentSetSize of job (KB)
...
006 (2568352.000.000) 2025-07-29 00:59:20 Image size of job updated: 3968076
	3876  -  MemoryUsage of job (MB)
	3968076  -  ResidentSetSize of job (KB)
...
006 (2568352.000.000) 2025-07-29 01:04:21 Image size of job updated: 3995972
	3903  -  MemoryUsage of job (MB)
	3995972  -  ResidentSetSize of job (KB)
...
006 (2568352.000.000) 2025-07-29 01:09:21 Image size of job updated: 4010012
	3917  -  MemoryUsage of job (MB)
	4010012  -  ResidentSetSize of job (KB)
...
006 (2568352.000.000) 2025-07-29 01:14:22 Image size of job updated: 4037912
	3944  -  MemoryUsage of job (MB)
	4037912  -  ResidentSetSize of job (KB)
...
006 (2568352.000.000) 2025-07-29 01:19:23 Image size of job updated: 4051972
	3958  -  MemoryUsage of job (MB)
	4051972  -  ResidentSetSize of job (KB)
...
006 (2568352.000.000) 2025-07-29 01:24:23 Image size of job updated: 4079840
	3985  -  MemoryUsage of job (MB)
	4079840  -  ResidentSetSize of job (KB)
...
006 (2568352.000.000) 2025-07-29 01:29:24 Image size of job updated: 4152748
	4056  -  MemoryUsage of job (MB)
	4152748  -  ResidentSetSize of job (KB)
...
006 (2568352.000.000) 2025-07-29 01:34:25 Image size of job updated: 4180616
	4083  -  MemoryUsage of job (MB)
	4180616  -  ResidentSetSize of job (KB)
...
006 (2568352.000.000) 2025-07-29 01:39:25 Image size of job updated: 4194656
	4097  -  MemoryUsage of job (MB)
	4194656  -  ResidentSetSize of job (KB)
...
006 (2568352.000.000) 2025-07-29 01:44:26 Image size of job updated: 4195872
	4098  -  MemoryUsage of job (MB)
	4195872  -  ResidentSetSize of job (KB)
...
006 (2568352.000.000) 2025-07-29 01:49:26 Image size of job updated: 4196572
	4099  -  MemoryUsage of job (MB)
	4196572  -  ResidentSetSize of job (KB)
...
006 (2568352.000.000) 2025-07-29 01:54:26 Image size of job updated: 4197300
	4099  -  MemoryUsage of job (MB)
	4197300  -  ResidentSetSize of job (KB)
...
006 (2568352.000.000) 2025-07-29 01:59:27 Image size of job updated: 4198000
	4100  -  MemoryUsage of job (MB)
	4198000  -  ResidentSetSize of job (KB)
...
006 (2568352.000.000) 2025-07-29 02:04:27 Image size of job updated: 4199236
	4101  -  MemoryUsage of job (MB)
	4199236  -  ResidentSetSize of job (KB)
...
006 (2568352.000.000) 2025-07-29 02:09:27 Image size of job updated: 4199976
	4102  -  MemoryUsage of job (MB)
	4199976  -  ResidentSetSize of job (KB)
...
006 (2568352.000.000) 2025-07-29 02:14:28 Image size of job updated: 4201184
	4103  -  MemoryUsage of job (MB)
	4201184  -  ResidentSetSize of job (KB)
...
006 (2568352.000.000) 2025-07-29 02:19:28 Image size of job updated: 4201424
	4103  -  MemoryUsage of job (MB)
	4201424  -  ResidentSetSize of job (KB)
...
006 (2568352.000.000) 2025-07-29 02:24:28 Image size of job updated: 4203124
	4105  -  MemoryUsage of job (MB)
	4203124  -  ResidentSetSize of job (KB)
...
006 (2568352.000.000) 2025-07-29 02:29:29 Image size of job updated: 4246784
	4130  -  MemoryUsage of job (MB)
	4228976  -  ResidentSetSize of job (KB)
...
006 (2568352.000.000) 2025-07-29 02:34:29 Image size of job updated: 4246784
	4131  -  MemoryUsage of job (MB)
	4229624  -  ResidentSetSize of job (KB)
...
006 (2568352.000.000) 2025-07-29 02:39:30 Image size of job updated: 4246784
	4132  -  MemoryUsage of job (MB)
	4230276  -  ResidentSetSize of job (KB)
...
006 (2568352.000.000) 2025-07-29 02:44:31 Image size of job updated: 4246784
	4132  -  MemoryUsage of job (MB)
	4230368  -  ResidentSetSize of job (KB)
...
006 (2568352.000.000) 2025-07-29 02:49:31 Image size of job updated: 4246784
	4132  -  MemoryUsage of job (MB)
	4231060  -  ResidentSetSize of job (KB)
...
006 (2568352.000.000) 2025-07-29 02:54:32 Image size of job updated: 4246784
	4133  -  MemoryUsage of job (MB)
	4231188  -  ResidentSetSize of job (KB)
...
006 (2568352.000.000) 2025-07-29 02:59:33 Image size of job updated: 4246784
	4133  -  MemoryUsage of job (MB)
	4231816  -  ResidentSetSize of job (KB)
...
006 (2568352.000.000) 2025-07-29 03:04:33 Image size of job updated: 4246784
	4133  -  MemoryUsage of job (MB)
	4231944  -  ResidentSetSize of job (KB)
...
006 (2568352.000.000) 2025-07-29 03:09:34 Image size of job updated: 4246784
	4134  -  MemoryUsage of job (MB)
	4232592  -  ResidentSetSize of job (KB)
...
006 (2568352.000.000) 2025-07-29 03:14:35 Image size of job updated: 4246784
	4134  -  MemoryUsage of job (MB)
	4232704  -  ResidentSetSize of job (KB)
...
006 (2568352.000.000) 2025-07-29 03:19:35 Image size of job updated: 4246784
	4134  -  MemoryUsage of job (MB)
	4232860  -  ResidentSetSize of job (KB)
...
006 (2568352.000.000) 2025-07-29 03:24:36 Image size of job updated: 4246784
	4135  -  MemoryUsage of job (MB)
	4233508  -  ResidentSetSize of job (KB)
...
006 (2568352.000.000) 2025-07-29 03:29:37 Image size of job updated: 4256204
	4155  -  MemoryUsage of job (MB)
	4254100  -  ResidentSetSize of job (KB)
...
006 (2568352.000.000) 2025-07-29 03:34:37 Image size of job updated: 4256204
	4156  -  MemoryUsage of job (MB)
	4254756  -  ResidentSetSize of job (KB)
...
006 (2568352.000.000) 2025-07-29 03:39:38 Image size of job updated: 4256204
	4156  -  MemoryUsage of job (MB)
	4254864  -  ResidentSetSize of job (KB)
...
006 (2568352.000.000) 2025-07-29 03:44:38 Image size of job updated: 4256204
	4156  -  MemoryUsage of job (MB)
	4255528  -  ResidentSetSize of job (KB)
...
006 (2568352.000.000) 2025-07-29 03:49:38 Image size of job updated: 4256204
	4156  -  MemoryUsage of job (MB)
	4255636  -  ResidentSetSize of job (KB)
...
006 (2568352.000.000) 2025-07-29 03:54:39 Image size of job updated: 4256316
	4157  -  MemoryUsage of job (MB)
	4256316  -  ResidentSetSize of job (KB)
...
006 (2568352.000.000) 2025-07-29 03:59:39 Image size of job updated: 4256384
	4157  -  MemoryUsage of job (MB)
	4256384  -  ResidentSetSize of job (KB)
...
006 (2568352.000.000) 2025-07-29 04:04:39 Image size of job updated: 4256984
	4158  -  MemoryUsage of job (MB)
	4256984  -  ResidentSetSize of job (KB)
...
006 (2568352.000.000) 2025-07-29 04:09:40 Image size of job updated: 4257048
	4158  -  MemoryUsage of job (MB)
	4257048  -  ResidentSetSize of job (KB)
...
006 (2568352.000.000) 2025-07-29 04:14:40 Image size of job updated: 4257660
	4158  -  MemoryUsage of job (MB)
	4257660  -  ResidentSetSize of job (KB)
...
006 (2568352.000.000) 2025-07-29 04:19:40 Image size of job updated: 4257724
	4158  -  MemoryUsage of job (MB)
	4257724  -  ResidentSetSize of job (KB)
...
006 (2568352.000.000) 2025-07-29 04:24:41 Image size of job updated: 4258316
	4159  -  MemoryUsage of job (MB)
	4258316  -  ResidentSetSize of job (KB)
...
006 (2568352.000.000) 2025-07-29 04:29:41 Image size of job updated: 4283644
	4171  -  MemoryUsage of job (MB)
	4270784  -  ResidentSetSize of job (KB)
...
006 (2568352.000.000) 2025-07-29 05:34:50 Image size of job updated: 4295644
	4195  -  MemoryUsage of job (MB)
	4295644  -  ResidentSetSize of job (KB)
...
006 (2568352.000.000) 2025-07-29 05:39:50 Image size of job updated: 4295704
	4196  -  MemoryUsage of job (MB)
	4295704  -  ResidentSetSize of job (KB)
...
006 (2568352.000.000) 2025-07-29 05:44:50 Image size of job updated: 4295760
	4196  -  MemoryUsage of job (MB)
	4295760  -  ResidentSetSize of job (KB)
...
006 (2568352.000.000) 2025-07-29 05:49:51 Image size of job updated: 4295816
	4196  -  MemoryUsage of job (MB)
	4295816  -  ResidentSetSize of job (KB)
...
006 (2568352.000.000) 2025-07-29 05:54:52 Image size of job updated: 4295868
	4196  -  MemoryUsage of job (MB)
	4295868  -  ResidentSetSize of job (KB)
...
006 (2568352.000.000) 2025-07-29 05:59:52 Image size of job updated: 4295924
	4196  -  MemoryUsage of job (MB)
	4295924  -  ResidentSetSize of job (KB)
...
006 (2568352.000.000) 2025-07-29 06:04:53 Image size of job updated: 4295984
	4196  -  MemoryUsage of job (MB)
	4295984  -  ResidentSetSize of job (KB)
...
006 (2568352.000.000) 2025-07-29 06:09:53 Image size of job updated: 4296036
	4196  -  MemoryUsage of job (MB)
	4296036  -  ResidentSetSize of job (KB)
...
006 (2568352.000.000) 2025-07-29 06:14:53 Image size of job updated: 4296080
	4196  -  MemoryUsage of job (MB)
	4296080  -  ResidentSetSize of job (KB)
...
006 (2568352.000.000) 2025-07-29 06:19:54 Image size of job updated: 4296112
	4196  -  MemoryUsage of job (MB)
	4296112  -  ResidentSetSize of job (KB)
...
006 (2568352.000.000) 2025-07-29 06:24:54 Image size of job updated: 4296164
	4196  -  MemoryUsage of job (MB)
	4296164  -  ResidentSetSize of job (KB)
...
006 (2568352.000.000) 2025-07-29 06:29:54 Image size of job updated: 4296212
	4196  -  MemoryUsage of job (MB)
	4296212  -  ResidentSetSize of job (KB)
...
006 (2568352.000.000) 2025-07-29 06:34:55 Image size of job updated: 4324984
	4203  -  MemoryUsage of job (MB)
	4303856  -  ResidentSetSize of job (KB)
...
006 (2568352.000.000) 2025-07-29 06:39:55 Image size of job updated: 4324984
	4204  -  MemoryUsage of job (MB)
	4303892  -  ResidentSetSize of job (KB)
...
006 (2568352.000.000) 2025-07-29 06:44:55 Image size of job updated: 4324984
	4204  -  MemoryUsage of job (MB)
	4303940  -  ResidentSetSize of job (KB)
...
006 (2568352.000.000) 2025-07-29 06:49:56 Image size of job updated: 4324984
	4204  -  MemoryUsage of job (MB)
	4304008  -  ResidentSetSize of job (KB)
...
006 (2568352.000.000) 2025-07-29 06:54:56 Image size of job updated: 4324984
	4204  -  MemoryUsage of job (MB)
	4304040  -  ResidentSetSize of job (KB)
...
006 (2568352.000.000) 2025-07-29 06:59:56 Image size of job updated: 4324984
	4204  -  MemoryUsage of job (MB)
	4304084  -  ResidentSetSize of job (KB)
...
006 (2568352.000.000) 2025-07-29 07:04:57 Image size of job updated: 4324984
	4204  -  MemoryUsage of job (MB)
	4304128  -  ResidentSetSize of job (KB)
...
006 (2568352.000.000) 2025-07-29 07:34:59 Image size of job updated: 4333120
	4219  -  MemoryUsage of job (MB)
	4319544  -  ResidentSetSize of job (KB)
...
006 (2568352.000.000) 2025-07-29 07:39:59 Image size of job updated: 4333120
	4219  -  MemoryUsage of job (MB)
	4319612  -  ResidentSetSize of job (KB)
...
006 (2568352.000.000) 2025-07-29 07:45:00 Image size of job updated: 4333120
	4219  -  MemoryUsage of job (MB)
	4319644  -  ResidentSetSize of job (KB)
...
006 (2568352.000.000) 2025-07-29 07:50:01 Image size of job updated: 4333120
	4219  -  MemoryUsage of job (MB)
	4319676  -  ResidentSetSize of job (KB)
...
006 (2568352.000.000) 2025-07-29 07:55:01 Image size of job updated: 4333120
	4219  -  MemoryUsage of job (MB)
	4319732  -  ResidentSetSize of job (KB)
...
006 (2568352.000.000) 2025-07-29 08:00:02 Image size of job updated: 4333120
	4219  -  MemoryUsage of job (MB)
	4319760  -  ResidentSetSize of job (KB)
...
006 (2568352.000.000) 2025-07-29 08:05:03 Image size of job updated: 4333120
	4219  -  MemoryUsage of job (MB)
	4319812  -  ResidentSetSize of job (KB)
...
006 (2568352.000.000) 2025-07-29 08:10:03 Image size of job updated: 4333120
	4219  -  MemoryUsage of job (MB)
	4319852  -  ResidentSetSize of job (KB)
...
006 (2568352.000.000) 2025-07-29 08:30:06 Image size of job updated: 4333120
	4219  -  MemoryUsage of job (MB)
	4319896  -  ResidentSetSize of job (KB)
...
006 (2568352.000.000) 2025-07-29 08:35:07 Image size of job updated: 4365948
	4264  -  MemoryUsage of job (MB)
	4365948  -  ResidentSetSize of job (KB)
...
006 (2568352.000.000) 2025-07-29 08:40:07 Image size of job updated: 4365988
	4264  -  MemoryUsage of job (MB)
	4365988  -  ResidentSetSize of job (KB)
...
006 (2568352.000.000) 2025-07-29 08:45:08 Image size of job updated: 4366036
	4264  -  MemoryUsage of job (MB)
	4366036  -  ResidentSetSize of job (KB)
...
006 (2568352.000.000) 2025-07-29 08:50:09 Image size of job updated: 4366072
	4264  -  MemoryUsage of job (MB)
	4366036  -  ResidentSetSize of job (KB)
...
006 (2568352.000.000) 2025-07-29 09:40:13 Image size of job updated: 4375152
	4273  -  MemoryUsage of job (MB)
	4375152  -  ResidentSetSize of job (KB)
...
006 (2568352.000.000) 2025-07-29 09:45:14 Image size of job updated: 4375192
	4273  -  MemoryUsage of job (MB)
	4375192  -  ResidentSetSize of job (KB)
...
006 (2568352.000.000) 2025-07-29 09:50:14 Image size of job updated: 4375236
	4273  -  MemoryUsage of job (MB)
	4375236  -  ResidentSetSize of job (KB)
...
006 (2568352.000.000) 2025-07-29 09:55:15 Image size of job updated: 4375268
	4273  -  MemoryUsage of job (MB)
	4375268  -  ResidentSetSize of job (KB)
...
006 (2568352.000.000) 2025-07-29 10:00:16 Image size of job updated: 4375304
	4273  -  MemoryUsage of job (MB)
	4375304  -  ResidentSetSize of job (KB)
...
006 (2568352.000.000) 2025-07-29 10:05:16 Image size of job updated: 4375340
	4273  -  MemoryUsage of job (MB)
	4375340  -  ResidentSetSize of job (KB)
...
006 (2568352.000.000) 2025-07-29 10:10:17 Image size of job updated: 4375380
	4273  -  MemoryUsage of job (MB)
	4375380  -  ResidentSetSize of job (KB)
...
006 (2568352.000.000) 2025-07-29 10:15:18 Image size of job updated: 4375412
	4273  -  MemoryUsage of job (MB)
	4375412  -  ResidentSetSize of job (KB)
...
006 (2568352.000.000) 2025-07-29 10:20:18 Image size of job updated: 4375452
	4273  -  MemoryUsage of job (MB)
	4375452  -  ResidentSetSize of job (KB)
...
006 (2568352.000.000) 2025-07-29 10:25:19 Image size of job updated: 4375484
	4273  -  MemoryUsage of job (MB)
	4375484  -  ResidentSetSize of job (KB)
...
006 (2568352.000.000) 2025-07-29 10:30:20 Image size of job updated: 4375516
	4273  -  MemoryUsage of job (MB)
	4375516  -  ResidentSetSize of job (KB)
...
006 (2568352.000.000) 2025-07-29 10:35:20 Image size of job updated: 4375556
	4274  -  MemoryUsage of job (MB)
	4375556  -  ResidentSetSize of job (KB)
...
006 (2568352.000.000) 2025-07-29 10:40:21 Image size of job updated: 4385892
	4274  -  MemoryUsage of job (MB)
	4375556  -  ResidentSetSize of job (KB)
...
006 (2568352.000.000) 2025-07-29 11:40:27 Image size of job updated: 4396800
	4294  -  MemoryUsage of job (MB)
	4396800  -  ResidentSetSize of job (KB)
...
006 (2568352.000.000) 2025-07-29 11:45:27 Image size of job updated: 4396856
	4294  -  MemoryUsage of job (MB)
	4396856  -  ResidentSetSize of job (KB)
...
006 (2568352.000.000) 2025-07-29 11:50:27 Image size of job updated: 4396920
	4294  -  MemoryUsage of job (MB)
	4396920  -  ResidentSetSize of job (KB)
...
006 (2568352.000.000) 2025-07-29 11:55:28 Image size of job updated: 4396984
	4294  -  MemoryUsage of job (MB)
	4396984  -  ResidentSetSize of job (KB)
...
006 (2568352.000.000) 2025-07-29 12:00:28 Image size of job updated: 4397020
	4294  -  MemoryUsage of job (MB)
	4397020  -  ResidentSetSize of job (KB)
...
006 (2568352.000.000) 2025-07-29 12:05:28 Image size of job updated: 4397092
	4295  -  MemoryUsage of job (MB)
	4397092  -  ResidentSetSize of job (KB)
...
006 (2568352.000.000) 2025-07-29 12:10:29 Image size of job updated: 4397160
	4295  -  MemoryUsage of job (MB)
	4397160  -  ResidentSetSize of job (KB)
...
006 (2568352.000.000) 2025-07-29 12:15:29 Image size of job updated: 4397228
	4295  -  MemoryUsage of job (MB)
	4397228  -  ResidentSetSize of job (KB)
...
006 (2568352.000.000) 2025-07-29 12:20:29 Image size of job updated: 4397288
	4295  -  MemoryUsage of job (MB)
	4397288  -  ResidentSetSize of job (KB)
...
006 (2568352.000.000) 2025-07-29 12:23:32 Image size of job updated: 4442760
	4295  -  MemoryUsage of job (MB)
	4397288  -  ResidentSetSize of job (KB)
...
005 (2568352.000.000) 2025-07-29 12:23:32 Job terminated.
	(1) Normal termination (return value 0)
		Usr 21 08:45:49, Sys 0 00:05:30  -  Run Remote Usage
		Usr 0 00:00:00, Sys 0 00:00:00  -  Run Local Usage
		Usr 21 08:45:49, Sys 0 00:05:30  -  Total Remote Usage
		Usr 0 00:00:00, Sys 0 00:00:00  -  Total Local Usage
	0  -  Run Bytes Sent By Job
	0  -  Run Bytes Received By Job
	0  -  Total Bytes Sent By Job
	0  -  Total Bytes Received By Job
	Partitionable Resources :    Usage  Request Allocated 
	   Cpus                 :     3.09       64        64 
	   Disk (KB)            : 17500    16777216  16790530 
	   GPUs                 :                           0 
	   Memory (MB)          :  4295       16384     16384 
	   TimeExecute (s)      : 46772                       
	   TimeSlotBusy (s)     : 46773                       

	Job terminated of its own accord at 2025-07-29T10:23:32Z with exit-code 0.
...
