000 (2587869.000.000) 2025-08-06 10:20:25 Job submitted from host: <145.107.7.246:9618?addrs=145.107.7.246-9618+[2a07-8500-120-e070--3f6]-9618&alias=taai-007.nikhef.nl&noUDP&sock=schedd_2614_90a7>
...
001 (2587869.000.000) 2025-08-06 10:21:38 Job executing on host: <145.107.4.166:9618?addrs=145.107.4.166-9618+[2a07-8500-120-e070--a6]-9618&alias=wn-pijl-005.nikhef.nl&noUDP&sock=startd_4117_7f7f>
	SlotName: slot1_1@wn-pijl-005.nikhef.nl
	AvailableGPUs = { GPUs_GPU_3e642e18_5efd_af40_3ee1_f1553d6fb7f8 }
	CondorScratchDir = "/scratch/condor_execute/dir_201363"
	Cpus = 1
	Disk = 16790366
	GPUs = 1
	GPUs_GPU_3e642e18_5efd_af40_3ee1_f1553d6fb7f8 = [ Id = "GPU-3e642e18-5efd-af40-3ee1-f1553d6fb7f8"; ClockMhz = 2520.0; Capability = 8.9; CoresPerCU = 128; DeviceName = "NVIDIA L40S"; DeviceUuid = "3e642e18-5efd-af40-3ee1-f1553d6fb7f8"; ECCEnabled = true; ComputeUnits = 142; NvidiaDriver = "570.124.06"; DriverVersion = 12.8; DevicePciBusId = "0000:01:00.0"; GlobalMemoryMb = 45468; MaxSupportedVersion = 12080 ]
	Memory = 16384
...
006 (2587869.000.000) 2025-08-06 10:21:52 Image size of job updated: 678128
	663  -  MemoryUsage of job (MB)
	678128  -  ResidentSetSize of job (KB)
...
006 (2587869.000.000) 2025-08-06 10:26:52 Image size of job updated: 687020
	670  -  MemoryUsage of job (MB)
	685516  -  ResidentSetSize of job (KB)
...
006 (2587869.000.000) 2025-08-06 10:29:15 Image size of job updated: 3048848
	670  -  MemoryUsage of job (MB)
	685516  -  ResidentSetSize of job (KB)
...
005 (2587869.000.000) 2025-08-06 10:29:15 Job terminated.
	(1) Normal termination (return value 0)
		Usr 0 00:07:45, Sys 0 00:00:21  -  Run Remote Usage
		Usr 0 00:00:00, Sys 0 00:00:00  -  Run Local Usage
		Usr 0 00:07:45, Sys 0 00:00:21  -  Total Remote Usage
		Usr 0 00:00:00, Sys 0 00:00:00  -  Total Local Usage
	0  -  Run Bytes Sent By Job
	0  -  Run Bytes Received By Job
	0  -  Total Bytes Sent By Job
	0  -  Total Bytes Received By Job
	Partitionable Resources :    Usage  Request Allocated Assigned
	   Cpus                 :     1.09        1         1 
	   Disk (KB)            : 17500    16777216  16790366 
	   GPUs                 :     0.05        1         1 "GPU-3e642e18-5efd-af40-3ee1-f1553d6fb7f8"
	   GpusMemory (MB)      : 35158                       
	   Memory (MB)          :   670       16384     16384 
	   TimeExecute (s)      :   457                       
	   TimeSlotBusy (s)     :   457                       

	Job terminated of its own accord at 2025-08-06T08:29:15Z with exit-code 0.
...
