JAX: devices available: [CudaDevice(id=0)]
torch: CUDA is available. Number of devices: 1
torch: Current CUDA device: 0
Training data will be loaded from: /data/gravwav/twouters/projects/eos_source_classification/eos_source_classification/data/eos/radio_GW170817/eos_samples.npz
Training a normalizing flow for population =  uniform and bns sources
Before training, we built the following NF kwargs: {'n_transforms': 4, 'n_neurons': 256, 'n_blocks_per_transform': 3, 'nn_depth': 1, 'flow_layers': 1, 'nn_block_dim': 8, 'glasflow_type': 'CouplingNSF', 'batch_norm_within_blocks': False, 'batch_norm_between_transforms': False, 'activation': 'relu', 'dropout_probability': 0.0, 'linear_transform': None, 'tail_bound': 5.0, 'names': ['chirp_mass_source', 'mass_ratio', 'lambda_1', 'lambda_2'], 'n_inputs': 4}
Everything for this model will be saved to ./models/uniform/bns/radio_GW170817
Starting training with the following parameters:
Reading the EOS data from /data/gravwav/twouters/projects/eos_source_classification/eos_source_classification/data/eos/radio_GW170817/eos_samples.npz
Number of good samples:  0.9206
0/200000
20000/200000
40000/200000
60000/200000
80000/200000
100000/200000
120000/200000
140000/200000
160000/200000
180000/200000
Create data will save the following data:
  m1: range = [1.0034210731845024, 3.355570937033076]
  m2: range = [1.0000060741954657, 3.2374915178069266]
  mass_ratio: range = [0.3727092664589381, 0.9999966014895568]
  lambda_1: range = [2.498727707152855, 6317.681637976158]
  lambda_2: range = [3.6113821869902236, 7306.550332200423]
  lambda_tilde: range = [3.2814206082002935, 6321.53899610272]
  delta_lambda_tilde: range = [-7.360154193294354, 689.3299511281398]
  chirp_mass_source: range = [0.8728169599700071, 2.8440195693690105]
Saving to ./models/uniform/bns/radio_GW170817/training_data.npz:
Saving to ./models/uniform/bns/radio_GW170817/training_data.npz DONE
Using source-frame chirp mass and mass ratio (Mc, q) for training
Using component parameterization for lambdas (lambda_1, lambda_2)
Training samples: 160000, Validation samples: 40000
Creating the training data arrays
4D training data model for bns
np.shape(self.x)
(160000, 4)
Using MinMaxScaler to scale the input data x
Saved sklearn scaler to ./models/uniform/bns/radio_GW170817/scaler.gz
Going to start training for glasflow . . .
Only RELU supported for now
Early stopping triggered at epoch 1598
Saving the training loss plot to ./models/uniform/bns/radio_GW170817/training_loss.pdf
Training done. Took around 206.84 minutes
Saving the model weights to ./models/uniform/bns/radio_GW170817/model.pt
Saving the model kwargs to ./models/uniform/bns/radio_GW170817/model_kwargs.json
DONE training!
