NFDist has source_type = nsbh
self.parameters_ref
{'chirp_mass': 2.0272715949909377, 'mass_ratio': 0.3699999999999999, 'symmetric_mass_ratio': 0.19713357131440137, 'a_1': 0.0, 'a_2': 0.0, 'tilt_1': 0.0, 'tilt_2': 0.0, 'phi_jl': 0.0, 'phi_12': 0.0, 'luminosity_distance': 201.0, 'phase': 1.3576488959769972, 'theta_jn': 2.323517520938953, 'psi': 0.030083409062676092, 'ra': 1.121307208346961, 'dec': 0.22562961827621178, 'lambda_1': 0.0, 'lambda_2': 0.0, 'mass_1': 3.920441829732034, 'mass_2': 1.4505634770008522, 'geocent_time': 1369419318.7460938, 'duration': 128.0}
3391it [0:00:28 bound:0 nc: 96 ncall:2.7e+04 eff:12.5% logz-ratio=-1.79+/-0.04 dlogz:17.539>0.1]
3810it [0:01:40 bound:3 nc:447 ncall:8.8e+04 eff:4.3% logz-ratio=-1.57+/-0.04 dlogz:16.910>0.1]
3934it [0:02:44 bound:5 nc:779 ncall:1.9e+05 eff:2.1% logz-ratio=-1.51+/-0.04 dlogz:16.729>0.1]
4060it [0:03:44 bound:7 nc:705 ncall:2.8e+05 eff:1.4% logz-ratio=-1.45+/-0.04 dlogz:16.547>0.1]
4185it [0:04:44 bound:9 nc:930 ncall:3.8e+05 eff:1.1% logz-ratio=-1.39+/-0.04 dlogz:16.370>0.1]
4307it [0:05:51 bound:11 nc:964 ncall:4.8e+05 eff:0.9% logz-ratio=-1.34+/-0.04 dlogz:16.198>0.1]
4431it [0:06:58 bound:13 nc:467 ncall:5.7e+05 eff:0.8% logz-ratio=-1.29+/-0.04 dlogz:16.026>0.1]
4558it [0:08:01 bound:15 nc:916 ncall:6.8e+05 eff:0.7% logz-ratio=-1.24+/-0.04 dlogz:15.850>0.1]
4681it [0:09:05 bound:17 nc:682 ncall:7.8e+05 eff:0.6% logz-ratio=-1.19+/-0.04 dlogz:23.993>0.1]
4802it [0:10:12 bound:19 nc:644 ncall:8.8e+05 eff:0.5% logz-ratio=-1.14+/-0.04 dlogz:23.828>0.1]
4926it [0:11:18 bound:21 nc:955 ncall:9.8e+05 eff:0.5% logz-ratio=-1.09+/-0.04 dlogz:23.660>0.1]
5052it [0:12:24 bound:23 nc:953 ncall:1.1e+06 eff:0.5% logz-ratio=-1.05+/-0.04 dlogz:23.491>0.1]
5178it [0:13:31 bound:25 nc:899 ncall:1.2e+06 eff:0.4% logz-ratio=-1.00+/-0.04 dlogz:23.322>0.1]
5302it [0:14:42 bound:27 nc:694 ncall:1.3e+06 eff:0.4% logz-ratio=-0.96+/-0.05 dlogz:23.156>0.1]
5428it [0:15:53 bound:29 nc:1123 ncall:1.4e+06 eff:0.4% logz-ratio=-0.91+/-0.05 dlogz:22.990>0.1]
5552it [0:17:09 bound:31 nc:853 ncall:1.5e+06 eff:0.4% logz-ratio=-0.87+/-0.05 dlogz:22.827>0.1]
5677it [0:18:21 bound:33 nc:893 ncall:1.6e+06 eff:0.4% logz-ratio=-0.83+/-0.05 dlogz:22.664>0.1]
5803it [0:19:37 bound:35 nc:965 ncall:1.7e+06 eff:0.3% logz-ratio=-0.79+/-0.05 dlogz:31.810>0.1]
5927it [0:20:47 bound:37 nc:1035 ncall:1.8e+06 eff:0.3% logz-ratio=-0.75+/-0.05 dlogz:31.649>0.1]
6049it [0:21:55 bound:39 nc:901 ncall:1.9e+06 eff:0.3% logz-ratio=-0.71+/-0.05 dlogz:31.490>0.1]
6170it [0:23:10 bound:41 nc:1298 ncall:2.0e+06 eff:0.3% logz-ratio=-0.67+/-0.05 dlogz:31.332>0.1]
6293it [0:24:20 bound:43 nc:1180 ncall:2.2e+06 eff:0.3% logz-ratio=-0.63+/-0.05 dlogz:31.173>0.1]
6418it [0:25:40 bound:45 nc:803 ncall:2.3e+06 eff:0.3% logz-ratio=-0.59+/-0.05 dlogz:31.010>0.1]
6544it [0:26:59 bound:47 nc:943 ncall:2.4e+06 eff:0.3% logz-ratio=-0.55+/-0.05 dlogz:30.844>0.1]
6670it [0:28:23 bound:49 nc:639 ncall:2.5e+06 eff:0.3% logz-ratio=-0.50+/-0.05 dlogz:30.677>0.1]
6791it [0:29:52 bound:51 nc:1029 ncall:2.6e+06 eff:0.3% logz-ratio=-0.46+/-0.05 dlogz:30.516>0.1]
6916it [0:31:19 bound:53 nc:468 ncall:2.7e+06 eff:0.3% logz-ratio=-0.41+/-0.05 dlogz:30.347>0.1]
7039it [0:32:41 bound:55 nc:1023 ncall:2.8e+06 eff:0.2% logz-ratio=-0.36+/-0.05 dlogz:30.179>0.1]
7162it [0:34:05 bound:57 nc:1252 ncall:2.9e+06 eff:0.2% logz-ratio=-0.31+/-0.05 dlogz:30.007>0.1]
7285it [0:35:21 bound:59 nc:1328 ncall:3.1e+06 eff:0.2% logz-ratio=-0.26+/-0.06 dlogz:29.831>0.1]
7407it [0:36:34 bound:61 nc:392 ncall:3.2e+06 eff:0.2% logz-ratio=-0.20+/-0.06 dlogz:29.653>0.1]
7528it [0:37:59 bound:63 nc:1735 ncall:3.3e+06 eff:0.2% logz-ratio=-0.13+/-0.06 dlogz:29.471>0.1]
7651it [0:39:20 bound:65 nc:1320 ncall:3.4e+06 eff:0.2% logz-ratio=-0.06+/-0.06 dlogz:29.279>0.1]
7779it [0:40:39 bound:67 nc:849 ncall:3.5e+06 eff:0.2% logz-ratio=0.02+/-0.06 dlogz:29.072>0.1]
7906it [0:42:04 bound:69 nc:1219 ncall:3.6e+06 eff:0.2% logz-ratio=0.11+/-0.06 dlogz:28.856>0.1]
8032it [0:43:21 bound:71 nc:778 ncall:3.8e+06 eff:0.2% logz-ratio=0.21+/-0.06 dlogz:28.634>0.1]
8159it [0:44:42 bound:73 nc:386 ncall:3.9e+06 eff:0.2% logz-ratio=0.32+/-0.07 dlogz:28.404>0.1]
8285it [0:46:00 bound:75 nc:1315 ncall:4.0e+06 eff:0.2% logz-ratio=0.44+/-0.07 dlogz:31.956>0.1]
8411it [0:47:20 bound:77 nc:961 ncall:4.1e+06 eff:0.2% logz-ratio=0.57+/-0.07 dlogz:31.704>0.1]
8537it [0:48:43 bound:79 nc:1093 ncall:4.2e+06 eff:0.2% logz-ratio=0.71+/-0.07 dlogz:31.437>0.1]
8662it [0:50:12 bound:81 nc:773 ncall:4.3e+06 eff:0.2% logz-ratio=0.87+/-0.07 dlogz:31.154>0.1]
8787it [0:51:30 bound:83 nc:854 ncall:4.5e+06 eff:0.2% logz-ratio=1.06+/-0.08 dlogz:30.845>0.1]
8911it [0:52:51 bound:85 nc:877 ncall:4.6e+06 eff:0.2% logz-ratio=1.26+/-0.08 dlogz:30.524>0.1]
9036it [0:54:14 bound:87 nc:493 ncall:4.7e+06 eff:0.2% logz-ratio=1.48+/-0.08 dlogz:30.184>0.1]
9160it [0:55:39 bound:89 nc:1046 ncall:4.8e+06 eff:0.2% logz-ratio=1.71+/-0.08 dlogz:29.827>0.1]
9285it [0:57:05 bound:91 nc:922 ncall:4.9e+06 eff:0.2% logz-ratio=1.98+/-0.09 dlogz:29.437>0.1]
9413it [0:58:26 bound:93 nc:555 ncall:5.0e+06 eff:0.2% logz-ratio=2.27+/-0.09 dlogz:30.551>0.1]
9538it [0:59:45 bound:95 nc:416 ncall:5.2e+06 eff:0.2% logz-ratio=2.56+/-0.09 dlogz:30.136>0.1]
9663it [1:01:23 bound:97 nc:583 ncall:5.3e+06 eff:0.2% logz-ratio=2.87+/-0.09 dlogz:29.707>0.1]
9783it [1:02:50 bound:99 nc:849 ncall:5.4e+06 eff:0.2% logz-ratio=3.17+/-0.09 dlogz:29.450>0.1]
9904it [1:04:18 bound:101 nc:927 ncall:5.5e+06 eff:0.2% logz-ratio=3.47+/-0.09 dlogz:29.028>0.1]
10027it [1:05:43 bound:103 nc:828 ncall:5.6e+06 eff:0.2% logz-ratio=3.80+/-0.09 dlogz:29.074>0.1]
10151it [1:07:06 bound:105 nc:460 ncall:5.7e+06 eff:0.2% logz-ratio=4.13+/-0.10 dlogz:40.495>0.1]
10276it [1:08:31 bound:107 nc:873 ncall:5.9e+06 eff:0.2% logz-ratio=4.48+/-0.10 dlogz:40.026>0.1]
10403it [1:09:57 bound:109 nc:930 ncall:6.0e+06 eff:0.2% logz-ratio=4.84+/-0.10 dlogz:39.542>0.1]
10526it [1:11:18 bound:111 nc:746 ncall:6.1e+06 eff:0.2% logz-ratio=5.20+/-0.10 dlogz:45.506>0.1]
10652it [1:12:44 bound:113 nc:950 ncall:6.2e+06 eff:0.2% logz-ratio=5.57+/-0.10 dlogz:45.013>0.1]
10773it [1:14:16 bound:115 nc:1057 ncall:6.3e+06 eff:0.2% logz-ratio=5.94+/-0.10 dlogz:44.528>0.1]
10898it [1:15:44 bound:117 nc:1019 ncall:6.5e+06 eff:0.2% logz-ratio=6.31+/-0.10 dlogz:44.034>0.1]
11022it [1:17:11 bound:119 nc:985 ncall:6.6e+06 eff:0.2% logz-ratio=6.68+/-0.10 dlogz:43.546>0.1]
11144it [1:18:38 bound:121 nc:2672 ncall:6.7e+06 eff:0.2% logz-ratio=7.03+/-0.10 dlogz:43.071>0.1]
11267it [1:20:11 bound:123 nc:659 ncall:6.9e+06 eff:0.2% logz-ratio=7.39+/-0.10 dlogz:42.596>0.1]
11394it [1:21:41 bound:125 nc:517 ncall:7.0e+06 eff:0.2% logz-ratio=7.74+/-0.10 dlogz:42.118>0.1]
11517it [1:23:10 bound:127 nc:1563 ncall:7.1e+06 eff:0.2% logz-ratio=8.10+/-0.10 dlogz:41.639>0.1]
11640it [1:24:45 bound:129 nc:632 ncall:7.2e+06 eff:0.2% logz-ratio=8.50+/-0.10 dlogz:41.124>0.1]
11764it [1:26:11 bound:131 nc:1067 ncall:7.4e+06 eff:0.2% logz-ratio=8.87+/-0.10 dlogz:40.626>0.1]
11886it [1:27:44 bound:133 nc:1808 ncall:7.5e+06 eff:0.2% logz-ratio=9.27+/-0.11 dlogz:40.109>0.1]
12012it [1:29:22 bound:135 nc:1083 ncall:7.6e+06 eff:0.2% logz-ratio=9.71+/-0.11 dlogz:39.547>0.1]
12134it [1:30:54 bound:137 nc:1247 ncall:7.8e+06 eff:0.2% logz-ratio=10.14+/-0.11 dlogz:38.996>0.1]
12259it [1:32:26 bound:139 nc:824 ncall:7.9e+06 eff:0.2% logz-ratio=10.61+/-0.11 dlogz:38.411>0.1]
12386it [1:34:03 bound:141 nc:1593 ncall:8.1e+06 eff:0.2% logz-ratio=11.07+/-0.11 dlogz:37.818>0.1]
12508it [1:35:41 bound:143 nc:1144 ncall:8.2e+06 eff:0.2% logz-ratio=11.53+/-0.11 dlogz:37.248>0.1]
12630it [1:37:24 bound:145 nc:1069 ncall:8.4e+06 eff:0.2% logz-ratio=11.98+/-0.11 dlogz:36.680>0.1]
12751it [1:39:03 bound:147 nc:1145 ncall:8.5e+06 eff:0.2% logz-ratio=12.43+/-0.11 dlogz:36.109>0.1]
12874it [1:40:43 bound:149 nc:1345 ncall:8.6e+06 eff:0.1% logz-ratio=12.89+/-0.11 dlogz:35.529>0.1]
12995it [1:42:25 bound:151 nc:862 ncall:8.8e+06 eff:0.1% logz-ratio=13.36+/-0.11 dlogz:34.943>0.1]
13119it [1:44:08 bound:153 nc:1258 ncall:8.9e+06 eff:0.1% logz-ratio=13.82+/-0.11 dlogz:38.144>0.1]
13245it [1:45:42 bound:155 nc:900 ncall:9.1e+06 eff:0.1% logz-ratio=14.31+/-0.11 dlogz:37.540>0.1]
13367it [1:47:20 bound:157 nc:852 ncall:9.2e+06 eff:0.1% logz-ratio=14.80+/-0.11 dlogz:36.928>0.1]
13490it [1:48:59 bound:159 nc:1259 ncall:9.4e+06 eff:0.1% logz-ratio=15.33+/-0.11 dlogz:36.278>0.1]
13612it [1:50:32 bound:161 nc:945 ncall:9.5e+06 eff:0.1% logz-ratio=15.86+/-0.11 dlogz:35.627>0.1]
13738it [1:52:23 bound:163 nc:893 ncall:9.7e+06 eff:0.1% logz-ratio=16.40+/-0.12 dlogz:34.965>0.1]
13861it [1:54:07 bound:165 nc:932 ncall:9.8e+06 eff:0.1% logz-ratio=16.90+/-0.12 dlogz:34.341>0.1]
13983it [1:55:50 bound:167 nc:1138 ncall:1.0e+07 eff:0.1% logz-ratio=17.42+/-0.12 dlogz:33.701>0.1]
14109it [1:57:36 bound:169 nc:1041 ncall:1.0e+07 eff:0.1% logz-ratio=17.98+/-0.12 dlogz:33.020>0.1]
14232it [1:59:24 bound:171 nc:1439 ncall:1.0e+07 eff:0.1% logz-ratio=18.53+/-0.12 dlogz:32.348>0.1]
14355it [2:01:07 bound:173 nc:1851 ncall:1.0e+07 eff:0.1% logz-ratio=19.10+/-0.12 dlogz:32.274>0.1]
14415it [2:02:15 bound:174 nc:1081 ncall:1.1e+07 eff:0.1% logz-ratio=19.38+/-0.12 dlogz:31.940>0.1]
14538it [2:04:01 bound:176 nc:852 ncall:1.1e+07 eff:0.1% logz-ratio=19.93+/-0.12 dlogz:31.263>0.1]
14661it [2:05:46 bound:178 nc:879 ncall:1.1e+07 eff:0.1% logz-ratio=20.44+/-0.12 dlogz:30.634>0.1]
14781it [2:07:35 bound:180 nc:1228 ncall:1.1e+07 eff:0.1% logz-ratio=20.95+/-0.12 dlogz:30.008>0.1]
14905it [2:09:18 bound:182 nc:1177 ncall:1.1e+07 eff:0.1% logz-ratio=21.49+/-0.12 dlogz:29.348>0.1]
15031it [2:10:58 bound:184 nc:1510 ncall:1.1e+07 eff:0.1% logz-ratio=22.01+/-0.12 dlogz:28.703>0.1]
15151it [2:12:44 bound:186 nc:1979 ncall:1.1e+07 eff:0.1% logz-ratio=22.52+/-0.12 dlogz:28.080>0.1]
15272it [2:14:31 bound:188 nc:1331 ncall:1.2e+07 eff:0.1% logz-ratio=23.09+/-0.12 dlogz:27.396>0.1]
15398it [2:16:12 bound:190 nc:1028 ncall:1.2e+07 eff:0.1% logz-ratio=23.65+/-0.12 dlogz:26.707>0.1]
15524it [2:17:48 bound:192 nc:1250 ncall:1.2e+07 eff:0.1% logz-ratio=24.22+/-0.12 dlogz:26.015>0.1]
15648it [2:19:36 bound:194 nc:1279 ncall:1.2e+07 eff:0.1% logz-ratio=24.75+/-0.12 dlogz:25.367>0.1]
15772it [2:21:22 bound:196 nc:954 ncall:1.2e+07 eff:0.1% logz-ratio=25.29+/-0.12 dlogz:24.700>0.1]
15895it [2:23:07 bound:198 nc:1379 ncall:1.2e+07 eff:0.1% logz-ratio=25.90+/-0.12 dlogz:23.975>0.1]
16018it [2:24:55 bound:200 nc:949 ncall:1.3e+07 eff:0.1% logz-ratio=26.48+/-0.12 dlogz:23.270>0.1]
16144it [2:26:41 bound:202 nc:1556 ncall:1.3e+07 eff:0.1% logz-ratio=27.01+/-0.13 dlogz:22.615>0.1]
16268it [2:28:33 bound:204 nc:1596 ncall:1.3e+07 eff:0.1% logz-ratio=27.55+/-0.13 dlogz:21.960>0.1]
16390it [2:30:20 bound:206 nc:1488 ncall:1.3e+07 eff:0.1% logz-ratio=28.12+/-0.13 dlogz:21.272>0.1]
16514it [2:32:09 bound:208 nc:840 ncall:1.3e+07 eff:0.1% logz-ratio=28.68+/-0.13 dlogz:20.591>0.1]
16630it [2:33:56 bound:210 nc:1176 ncall:1.3e+07 eff:0.1% logz-ratio=29.14+/-0.13 dlogz:20.013>0.1]
16753it [2:35:48 bound:212 nc:1493 ncall:1.4e+07 eff:0.1% logz-ratio=29.64+/-0.13 dlogz:19.395>0.1]
16880it [2:37:39 bound:214 nc:1925 ncall:1.4e+07 eff:0.1% logz-ratio=30.14+/-0.13 dlogz:19.239>0.1]
17001it [2:39:30 bound:216 nc:1340 ncall:1.4e+07 eff:0.1% logz-ratio=30.59+/-0.13 dlogz:18.668>0.1]
17124it [2:41:22 bound:218 nc:1830 ncall:1.4e+07 eff:0.1% logz-ratio=31.04+/-0.13 dlogz:19.449>0.1]
17246it [2:43:16 bound:220 nc:1041 ncall:1.4e+07 eff:0.1% logz-ratio=31.50+/-0.13 dlogz:18.869>0.1]
17372it [2:45:07 bound:222 nc:1070 ncall:1.5e+07 eff:0.1% logz-ratio=31.99+/-0.13 dlogz:18.264>0.1]
17497it [2:46:59 bound:224 nc:1299 ncall:1.5e+07 eff:0.1% logz-ratio=32.46+/-0.13 dlogz:17.665>0.1]
17620it [2:48:52 bound:226 nc:1026 ncall:1.5e+07 eff:0.1% logz-ratio=32.89+/-0.13 dlogz:17.117>0.1]
17742it [2:50:43 bound:228 nc:853 ncall:1.5e+07 eff:0.1% logz-ratio=33.32+/-0.13 dlogz:16.571>0.1]
17804it [2:51:43 bound:229 nc:1713 ncall:1.5e+07 eff:0.1% logz-ratio=33.53+/-0.13 dlogz:16.296>0.1]
17926it [2:53:37 bound:231 nc:1438 ncall:1.5e+07 eff:0.1% logz-ratio=33.96+/-0.13 dlogz:15.749>0.1]
17988it [2:54:39 bound:232 nc:1598 ncall:1.5e+07 eff:0.1% logz-ratio=34.17+/-0.13 dlogz:15.476>0.1]
18114it [2:56:37 bound:234 nc:1482 ncall:1.6e+07 eff:0.1% logz-ratio=34.58+/-0.13 dlogz:14.940>0.1]
18240it [2:58:33 bound:236 nc:2157 ncall:1.6e+07 eff:0.1% logz-ratio=34.98+/-0.13 dlogz:14.423>0.1]
18302it [2:59:34 bound:237 nc:1672 ncall:1.6e+07 eff:0.1% logz-ratio=35.16+/-0.13 dlogz:14.179>0.1]
18424it [3:01:28 bound:239 nc:3475 ncall:1.6e+07 eff:0.1% logz-ratio=35.53+/-0.13 dlogz:13.696>0.1]
18487it [3:02:50 bound:240 nc:1836 ncall:1.6e+07 eff:0.1% logz-ratio=35.72+/-0.13 dlogz:13.445>0.1]
18611it [3:04:48 bound:242 nc:1552 ncall:1.6e+07 eff:0.1% logz-ratio=36.07+/-0.13 dlogz:12.968>0.1]
18737it [3:06:42 bound:244 nc:1633 ncall:1.7e+07 eff:0.1% logz-ratio=36.42+/-0.13 dlogz:12.495>0.1]
18856it [3:08:38 bound:246 nc:3393 ncall:1.7e+07 eff:0.1% logz-ratio=36.77+/-0.13 dlogz:12.130>0.1]
18918it [3:09:39 bound:247 nc:1076 ncall:1.7e+07 eff:0.1% logz-ratio=36.96+/-0.13 dlogz:11.878>0.1]
18980it [3:10:40 bound:248 nc:1471 ncall:1.7e+07 eff:0.1% logz-ratio=37.14+/-0.13 dlogz:11.635>0.1]
19103it [3:12:39 bound:250 nc:1704 ncall:1.7e+07 eff:0.1% logz-ratio=37.49+/-0.13 dlogz:11.308>0.1]
19166it [3:13:43 bound:251 nc:1726 ncall:1.7e+07 eff:0.1% logz-ratio=37.67+/-0.13 dlogz:11.075>0.1]
19291it [3:15:44 bound:253 nc:1718 ncall:1.7e+07 eff:0.1% logz-ratio=37.98+/-0.13 dlogz:10.636>0.1]
19355it [3:16:45 bound:254 nc:1601 ncall:1.8e+07 eff:0.1% logz-ratio=38.14+/-0.13 dlogz:10.413>0.1]
19417it [3:17:48 bound:255 nc:2248 ncall:1.8e+07 eff:0.1% logz-ratio=38.30+/-0.13 dlogz:10.197>0.1]
19479it [3:18:52 bound:256 nc:2195 ncall:1.8e+07 eff:0.1% logz-ratio=38.45+/-0.13 dlogz:10.140>0.1]
19541it [3:19:54 bound:257 nc:1674 ncall:1.8e+07 eff:0.1% logz-ratio=38.60+/-0.14 dlogz:9.926>0.1]
19604it [3:20:56 bound:258 nc:1556 ncall:1.8e+07 eff:0.1% logz-ratio=38.76+/-0.14 dlogz:9.709>0.1]
19667it [3:22:01 bound:259 nc:1897 ncall:1.8e+07 eff:0.1% logz-ratio=38.91+/-0.14 dlogz:9.492>0.1]
19730it [3:23:07 bound:260 nc:1529 ncall:1.8e+07 eff:0.1% logz-ratio=39.06+/-0.14 dlogz:9.441>0.1]
19791it [3:24:10 bound:261 nc:2220 ncall:1.8e+07 eff:0.1% logz-ratio=39.21+/-0.14 dlogz:9.239>0.1]
19855it [3:25:15 bound:262 nc:1249 ncall:1.8e+07 eff:0.1% logz-ratio=39.36+/-0.14 dlogz:9.025>0.1]
19914it [3:26:20 bound:263 nc:2067 ncall:1.8e+07 eff:0.1% logz-ratio=39.49+/-0.14 dlogz:8.832>0.1]
19974it [3:27:24 bound:264 nc:2023 ncall:1.9e+07 eff:0.1% logz-ratio=39.63+/-0.14 dlogz:8.640>0.1]
20037it [3:28:30 bound:265 nc:3485 ncall:1.9e+07 eff:0.1% logz-ratio=39.76+/-0.14 dlogz:8.444>0.1]
20099it [3:29:36 bound:266 nc:1573 ncall:1.9e+07 eff:0.1% logz-ratio=39.89+/-0.14 dlogz:8.255>0.1]
20162it [3:30:39 bound:267 nc:1741 ncall:1.9e+07 eff:0.1% logz-ratio=40.02+/-0.14 dlogz:8.067>0.1]
20224it [3:31:44 bound:268 nc:1901 ncall:1.9e+07 eff:0.1% logz-ratio=40.14+/-0.14 dlogz:7.885>0.1]
20288it [3:32:48 bound:269 nc:1605 ncall:1.9e+07 eff:0.1% logz-ratio=40.26+/-0.14 dlogz:7.701>0.1]
20352it [3:33:53 bound:270 nc:1730 ncall:1.9e+07 eff:0.1% logz-ratio=40.38+/-0.14 dlogz:7.522>0.1]
20414it [3:34:57 bound:271 nc:1462 ncall:1.9e+07 eff:0.1% logz-ratio=40.49+/-0.14 dlogz:7.668>0.1]
20475it [3:36:04 bound:272 nc:1310 ncall:1.9e+07 eff:0.1% logz-ratio=40.59+/-0.14 dlogz:9.363>0.1]
20537it [3:37:12 bound:273 nc:1763 ncall:2.0e+07 eff:0.1% logz-ratio=40.69+/-0.14 dlogz:9.197>0.1]
20597it [3:38:18 bound:274 nc:1915 ncall:2.0e+07 eff:0.1% logz-ratio=40.79+/-0.14 dlogz:9.039>0.1]
20659it [3:39:25 bound:275 nc:1495 ncall:2.0e+07 eff:0.1% logz-ratio=40.89+/-0.14 dlogz:8.876>0.1]
20722it [3:40:33 bound:276 nc:1530 ncall:2.0e+07 eff:0.1% logz-ratio=40.99+/-0.14 dlogz:8.718>0.1]
20783it [3:41:42 bound:277 nc:1714 ncall:2.0e+07 eff:0.1% logz-ratio=41.09+/-0.14 dlogz:8.562>0.1]
20842it [3:42:50 bound:278 nc:1835 ncall:2.0e+07 eff:0.1% logz-ratio=41.18+/-0.14 dlogz:8.413>0.1]
20904it [3:43:59 bound:279 nc:1773 ncall:2.0e+07 eff:0.1% logz-ratio=41.27+/-0.14 dlogz:8.260>0.1]
20966it [3:45:03 bound:280 nc:1791 ncall:2.0e+07 eff:0.1% logz-ratio=41.36+/-0.14 dlogz:8.110>0.1]
21029it [3:46:07 bound:281 nc:1482 ncall:2.0e+07 eff:0.1% logz-ratio=41.45+/-0.14 dlogz:7.960>0.1]
21090it [3:47:15 bound:282 nc:1331 ncall:2.1e+07 eff:0.1% logz-ratio=41.54+/-0.14 dlogz:7.815>0.1]
21150it [3:48:20 bound:283 nc:1362 ncall:2.1e+07 eff:0.1% logz-ratio=41.62+/-0.14 dlogz:8.287>0.1]
21211it [3:49:29 bound:284 nc:2453 ncall:2.1e+07 eff:0.1% logz-ratio=41.71+/-0.14 dlogz:8.142>0.1]
21273it [3:50:38 bound:285 nc:2230 ncall:2.1e+07 eff:0.1% logz-ratio=41.79+/-0.14 dlogz:7.995>0.1]
21337it [3:51:47 bound:286 nc:2527 ncall:2.1e+07 eff:0.1% logz-ratio=41.88+/-0.14 dlogz:7.845>0.1]
21399it [3:52:55 bound:287 nc:1954 ncall:2.1e+07 eff:0.1% logz-ratio=41.96+/-0.14 dlogz:7.701>0.1]
21462it [3:54:04 bound:288 nc:2523 ncall:2.1e+07 eff:0.1% logz-ratio=42.05+/-0.14 dlogz:7.557>0.1]
21524it [3:55:15 bound:289 nc:3978 ncall:2.1e+07 eff:0.1% logz-ratio=42.13+/-0.14 dlogz:7.417>0.1]
21586it [3:56:24 bound:290 nc:1742 ncall:2.2e+07 eff:0.1% logz-ratio=42.20+/-0.14 dlogz:7.277>0.1]
21645it [3:57:34 bound:291 nc:1750 ncall:2.2e+07 eff:0.1% logz-ratio=42.28+/-0.14 dlogz:7.146>0.1]
21706it [3:58:45 bound:292 nc:1863 ncall:2.2e+07 eff:0.1% logz-ratio=42.35+/-0.14 dlogz:7.012>0.1]
21767it [3:59:56 bound:293 nc:2055 ncall:2.2e+07 eff:0.1% logz-ratio=42.43+/-0.14 dlogz:6.879>0.1]
21829it [4:01:05 bound:294 nc:2515 ncall:2.2e+07 eff:0.1% logz-ratio=42.50+/-0.14 dlogz:6.746>0.1]
21891it [4:02:12 bound:295 nc:2034 ncall:2.2e+07 eff:0.1% logz-ratio=42.57+/-0.14 dlogz:6.615>0.1]
21955it [4:03:47 bound:296 nc:2080 ncall:2.2e+07 eff:0.1% logz-ratio=42.64+/-0.14 dlogz:6.481>0.1]
22016it [4:04:58 bound:297 nc:1739 ncall:2.2e+07 eff:0.1% logz-ratio=42.71+/-0.14 dlogz:6.356>0.1]
22077it [4:06:08 bound:298 nc:2497 ncall:2.3e+07 eff:0.1% logz-ratio=42.77+/-0.14 dlogz:6.419>0.1]
22140it [4:07:18 bound:299 nc:1104 ncall:2.3e+07 eff:0.1% logz-ratio=42.84+/-0.14 dlogz:6.419>0.1]
22204it [4:08:30 bound:300 nc:1539 ncall:2.3e+07 eff:0.1% logz-ratio=42.90+/-0.14 dlogz:6.292>0.1]
22261it [4:09:43 bound:301 nc:1968 ncall:2.3e+07 eff:0.1% logz-ratio=42.96+/-0.14 dlogz:6.180>0.1]
22322it [4:10:54 bound:302 nc:2197 ncall:2.3e+07 eff:0.1% logz-ratio=43.02+/-0.14 dlogz:6.062>0.1]
22385it [4:12:07 bound:303 nc:2223 ncall:2.3e+07 eff:0.1% logz-ratio=43.08+/-0.14 dlogz:5.942>0.1]
22446it [4:13:21 bound:304 nc:2308 ncall:2.3e+07 eff:0.1% logz-ratio=43.13+/-0.14 dlogz:5.826>0.1]
22510it [4:14:34 bound:305 nc:2599 ncall:2.3e+07 eff:0.1% logz-ratio=43.19+/-0.14 dlogz:5.706>0.1]
22572it [4:15:48 bound:306 nc:1672 ncall:2.4e+07 eff:0.1% logz-ratio=43.25+/-0.14 dlogz:5.590>0.1]
22635it [4:17:07 bound:307 nc:1837 ncall:2.4e+07 eff:0.1% logz-ratio=43.30+/-0.14 dlogz:5.473>0.1]
22697it [4:18:24 bound:308 nc:2702 ncall:2.4e+07 eff:0.1% logz-ratio=43.36+/-0.14 dlogz:5.358>0.1]
22761it [4:19:40 bound:309 nc:2341 ncall:2.4e+07 eff:0.1% logz-ratio=43.41+/-0.14 dlogz:5.242>0.1]
22821it [4:20:58 bound:310 nc:3708 ncall:2.4e+07 eff:0.1% logz-ratio=43.46+/-0.14 dlogz:5.133>0.1]
22883it [4:22:17 bound:311 nc:2350 ncall:2.4e+07 eff:0.1% logz-ratio=43.51+/-0.14 dlogz:5.022>0.1]
22942it [4:23:39 bound:312 nc:4299 ncall:2.4e+07 eff:0.1% logz-ratio=43.56+/-0.14 dlogz:4.918>0.1]
23006it [4:25:03 bound:313 nc:2571 ncall:2.4e+07 eff:0.1% logz-ratio=43.61+/-0.14 dlogz:4.805>0.1]
23067it [4:26:22 bound:314 nc:2090 ncall:2.5e+07 eff:0.1% logz-ratio=43.66+/-0.14 dlogz:4.699>0.1]
23131it [4:27:44 bound:315 nc:2382 ncall:2.5e+07 eff:0.1% logz-ratio=43.71+/-0.14 dlogz:4.588>0.1]
23190it [4:29:06 bound:316 nc:2025 ncall:2.5e+07 eff:0.1% logz-ratio=43.75+/-0.14 dlogz:4.959>0.1]
23249it [4:30:30 bound:317 nc:2324 ncall:2.5e+07 eff:0.1% logz-ratio=43.80+/-0.14 dlogz:4.993>0.1]
23312it [4:31:52 bound:318 nc:2452 ncall:2.5e+07 eff:0.1% logz-ratio=43.84+/-0.14 dlogz:4.887>0.1]
23374it [4:33:16 bound:319 nc:1985 ncall:2.5e+07 eff:0.1% logz-ratio=43.88+/-0.14 dlogz:5.025>0.1]
23437it [4:34:40 bound:320 nc:2442 ncall:2.6e+07 eff:0.1% logz-ratio=43.93+/-0.14 dlogz:4.921>0.1]
23499it [4:36:06 bound:321 nc:2687 ncall:2.6e+07 eff:0.1% logz-ratio=43.97+/-0.14 dlogz:4.820>0.1]
23560it [4:37:29 bound:322 nc:2350 ncall:2.6e+07 eff:0.1% logz-ratio=44.01+/-0.14 dlogz:4.722>0.1]
23620it [4:38:56 bound:323 nc:2788 ncall:2.6e+07 eff:0.1% logz-ratio=44.05+/-0.14 dlogz:4.626>0.1]
23683it [4:40:23 bound:324 nc:2580 ncall:2.6e+07 eff:0.1% logz-ratio=44.08+/-0.14 dlogz:4.527>0.1]
23743it [4:41:51 bound:325 nc:5032 ncall:2.6e+07 eff:0.1% logz-ratio=44.12+/-0.14 dlogz:4.433>0.1]
23803it [4:43:18 bound:326 nc:2890 ncall:2.6e+07 eff:0.1% logz-ratio=44.16+/-0.14 dlogz:4.340>0.1]
23867it [4:44:46 bound:327 nc:2620 ncall:2.7e+07 eff:0.1% logz-ratio=44.19+/-0.14 dlogz:4.242>0.1]
23927it [4:46:13 bound:328 nc:2263 ncall:2.7e+07 eff:0.1% logz-ratio=44.23+/-0.14 dlogz:4.150>0.1]
23986it [4:47:42 bound:329 nc:2653 ncall:2.7e+07 eff:0.1% logz-ratio=44.26+/-0.14 dlogz:4.061>0.1]
24048it [4:49:11 bound:330 nc:2583 ncall:2.7e+07 eff:0.1% logz-ratio=44.29+/-0.14 dlogz:3.969>0.1]
24109it [4:50:43 bound:331 nc:2989 ncall:2.7e+07 eff:0.1% logz-ratio=44.33+/-0.14 dlogz:3.878>0.1]
24171it [4:52:16 bound:332 nc:2755 ncall:2.7e+07 eff:0.1% logz-ratio=44.36+/-0.14 dlogz:3.787>0.1]
24235it [4:53:49 bound:333 nc:2599 ncall:2.8e+07 eff:0.1% logz-ratio=44.39+/-0.14 dlogz:3.694>0.1]
24297it [4:55:24 bound:334 nc:3144 ncall:2.8e+07 eff:0.1% logz-ratio=44.42+/-0.14 dlogz:3.604>0.1]
24357it [4:56:59 bound:335 nc:2617 ncall:2.8e+07 eff:0.1% logz-ratio=44.45+/-0.14 dlogz:3.518>0.1]
24417it [4:58:31 bound:336 nc:2046 ncall:2.8e+07 eff:0.1% logz-ratio=44.48+/-0.14 dlogz:3.433>0.1]
24478it [5:00:06 bound:337 nc:3032 ncall:2.8e+07 eff:0.1% logz-ratio=44.51+/-0.14 dlogz:3.346>0.1]
24538it [5:01:43 bound:338 nc:2402 ncall:2.8e+07 eff:0.1% logz-ratio=44.54+/-0.14 dlogz:3.263>0.1]
24597it [5:03:21 bound:339 nc:3435 ncall:2.9e+07 eff:0.1% logz-ratio=44.57+/-0.14 dlogz:3.182>0.1]
24659it [5:05:24 bound:340 nc:2886 ncall:2.9e+07 eff:0.1% logz-ratio=44.60+/-0.14 dlogz:3.097>0.1]
24721it [5:06:58 bound:341 nc:2137 ncall:2.9e+07 eff:0.1% logz-ratio=44.62+/-0.14 dlogz:3.014>0.1]
24784it [5:08:37 bound:342 nc:2409 ncall:2.9e+07 eff:0.1% logz-ratio=44.65+/-0.14 dlogz:2.930>0.1]
24846it [5:10:13 bound:343 nc:3335 ncall:2.9e+07 eff:0.1% logz-ratio=44.68+/-0.14 dlogz:3.157>0.1]
24909it [5:11:52 bound:344 nc:2822 ncall:3.0e+07 eff:0.1% logz-ratio=44.70+/-0.14 dlogz:3.074>0.1]
24970it [5:13:33 bound:345 nc:2391 ncall:3.0e+07 eff:0.1% logz-ratio=44.73+/-0.14 dlogz:2.994>0.1]
25034it [5:15:13 bound:346 nc:3082 ncall:3.0e+07 eff:0.1% logz-ratio=44.75+/-0.14 dlogz:2.911>0.1]
25096it [5:16:50 bound:347 nc:2744 ncall:3.0e+07 eff:0.1% logz-ratio=44.77+/-0.14 dlogz:2.832>0.1]
25156it [5:18:31 bound:348 nc:2860 ncall:3.0e+07 eff:0.1% logz-ratio=44.80+/-0.15 dlogz:2.756>0.1]
25219it [5:20:11 bound:349 nc:3322 ncall:3.0e+07 eff:0.1% logz-ratio=44.82+/-0.15 dlogz:2.677>0.1]
25281it [5:21:52 bound:350 nc:2836 ncall:3.1e+07 eff:0.1% logz-ratio=44.84+/-0.15 dlogz:2.600>0.1]
25342it [5:23:32 bound:351 nc:2818 ncall:3.1e+07 eff:0.1% logz-ratio=44.86+/-0.15 dlogz:2.624>0.1]
25401it [5:25:12 bound:352 nc:2008 ncall:3.1e+07 eff:0.1% logz-ratio=44.88+/-0.15 dlogz:2.552>0.1]
25465it [5:26:51 bound:353 nc:1978 ncall:3.1e+07 eff:0.1% logz-ratio=44.91+/-0.15 dlogz:2.474>0.1]
25527it [5:28:34 bound:354 nc:2631 ncall:3.1e+07 eff:0.1% logz-ratio=44.93+/-0.15 dlogz:2.400>0.1]
25590it [5:30:17 bound:355 nc:3587 ncall:3.2e+07 eff:0.1% logz-ratio=44.95+/-0.15 dlogz:2.325>0.1]
25650it [5:32:02 bound:356 nc:2122 ncall:3.2e+07 eff:0.1% logz-ratio=44.97+/-0.15 dlogz:2.255>0.1]
25711it [5:33:47 bound:357 nc:2968 ncall:3.2e+07 eff:0.1% logz-ratio=44.99+/-0.15 dlogz:2.185>0.1]
25773it [5:35:22 bound:358 nc:3225 ncall:3.2e+07 eff:0.1% logz-ratio=45.01+/-0.15 dlogz:2.114>0.1]
25833it [5:37:03 bound:359 nc:3120 ncall:3.2e+07 eff:0.1% logz-ratio=45.02+/-0.15 dlogz:2.047>0.1]
25895it [5:38:47 bound:360 nc:3198 ncall:3.2e+07 eff:0.1% logz-ratio=45.04+/-0.15 dlogz:1.979>0.1]
25957it [5:40:30 bound:361 nc:2305 ncall:3.3e+07 eff:0.1% logz-ratio=45.06+/-0.15 dlogz:1.912>0.1]
26017it [5:42:13 bound:362 nc:3159 ncall:3.3e+07 eff:0.1% logz-ratio=45.08+/-0.15 dlogz:1.848>0.1]
26079it [5:43:58 bound:363 nc:3285 ncall:3.3e+07 eff:0.1% logz-ratio=45.09+/-0.15 dlogz:1.783>0.1]
26140it [5:45:40 bound:364 nc:2823 ncall:3.3e+07 eff:0.1% logz-ratio=45.11+/-0.15 dlogz:1.720>0.1]
26202it [5:47:26 bound:365 nc:3566 ncall:3.3e+07 eff:0.1% logz-ratio=45.13+/-0.15 dlogz:1.658>0.1]
26264it [5:49:09 bound:366 nc:3438 ncall:3.4e+07 eff:0.1% logz-ratio=45.14+/-0.15 dlogz:1.597>0.1]
26324it [5:50:55 bound:367 nc:4997 ncall:3.4e+07 eff:0.1% logz-ratio=45.16+/-0.15 dlogz:1.539>0.1]
26388it [5:52:39 bound:368 nc:2863 ncall:3.4e+07 eff:0.1% logz-ratio=45.17+/-0.15 dlogz:1.479>0.1]
26448it [5:54:27 bound:369 nc:3273 ncall:3.4e+07 eff:0.1% logz-ratio=45.19+/-0.15 dlogz:1.423>0.1]
26510it [5:56:09 bound:370 nc:3324 ncall:3.4e+07 eff:0.1% logz-ratio=45.20+/-0.15 dlogz:1.367>0.1]
26572it [5:57:53 bound:371 nc:2886 ncall:3.5e+07 eff:0.1% logz-ratio=45.21+/-0.15 dlogz:1.313>0.1]
26633it [5:59:37 bound:372 nc:6715 ncall:3.5e+07 eff:0.1% logz-ratio=45.23+/-0.15 dlogz:1.260>0.1]
26695it [6:01:21 bound:373 nc:3310 ncall:3.5e+07 eff:0.1% logz-ratio=45.24+/-0.15 dlogz:1.209>0.1]
26757it [6:03:04 bound:374 nc:3108 ncall:3.5e+07 eff:0.1% logz-ratio=45.25+/-0.15 dlogz:1.158>0.1]
26820it [6:04:49 bound:375 nc:3526 ncall:3.5e+07 eff:0.1% logz-ratio=45.26+/-0.15 dlogz:1.108>0.1]
26883it [6:07:03 bound:376 nc:3775 ncall:3.6e+07 eff:0.1% logz-ratio=45.27+/-0.15 dlogz:1.060>0.1]
26945it [6:08:46 bound:377 nc:2290 ncall:3.6e+07 eff:0.1% logz-ratio=45.29+/-0.15 dlogz:1.101>0.1]
27005it [6:10:31 bound:378 nc:3193 ncall:3.6e+07 eff:0.1% logz-ratio=45.30+/-0.15 dlogz:1.055>0.1]
27069it [6:12:14 bound:379 nc:2830 ncall:3.6e+07 eff:0.1% logz-ratio=45.31+/-0.15 dlogz:1.008>0.1]
27132it [6:14:00 bound:380 nc:3030 ncall:3.6e+07 eff:0.1% logz-ratio=45.32+/-0.15 dlogz:0.963>0.1]
27195it [6:15:46 bound:381 nc:2771 ncall:3.7e+07 eff:0.1% logz-ratio=45.33+/-0.15 dlogz:0.919>0.1]
27256it [6:17:31 bound:382 nc:3482 ncall:3.7e+07 eff:0.1% logz-ratio=45.34+/-0.15 dlogz:0.878>0.1]
27317it [6:19:15 bound:383 nc:3134 ncall:3.7e+07 eff:0.1% logz-ratio=45.35+/-0.15 dlogz:0.839>0.1]
27380it [6:21:00 bound:384 nc:2923 ncall:3.7e+07 eff:0.1% logz-ratio=45.36+/-0.15 dlogz:0.844>0.1]
27444it [6:22:42 bound:385 nc:2510 ncall:3.7e+07 eff:0.1% logz-ratio=45.37+/-0.15 dlogz:0.804>0.1]
27506it [6:24:28 bound:386 nc:3519 ncall:3.8e+07 eff:0.1% logz-ratio=45.37+/-0.15 dlogz:0.767>0.1]
27568it [6:26:13 bound:387 nc:3430 ncall:3.8e+07 eff:0.1% logz-ratio=45.38+/-0.15 dlogz:0.730>0.1]
27628it [6:28:01 bound:388 nc:2779 ncall:3.8e+07 eff:0.1% logz-ratio=45.39+/-0.15 dlogz:0.790>0.1]
27690it [6:29:43 bound:389 nc:3226 ncall:3.8e+07 eff:0.1% logz-ratio=45.40+/-0.15 dlogz:0.756>0.1]
27753it [6:31:25 bound:390 nc:3309 ncall:3.8e+07 eff:0.1% logz-ratio=45.41+/-0.15 dlogz:0.720>0.1]
27816it [6:33:11 bound:391 nc:3259 ncall:3.8e+07 eff:0.1% logz-ratio=45.41+/-0.15 dlogz:0.685>0.1]
27877it [6:34:53 bound:392 nc:2881 ncall:3.9e+07 eff:0.1% logz-ratio=45.42+/-0.15 dlogz:0.653>0.1]
27938it [6:36:37 bound:393 nc:2756 ncall:3.9e+07 eff:0.1% logz-ratio=45.43+/-0.15 dlogz:0.622>0.1]
27997it [6:38:21 bound:394 nc:5803 ncall:3.9e+07 eff:0.1% logz-ratio=45.43+/-0.15 dlogz:0.593>0.1]
28061it [6:40:07 bound:395 nc:2996 ncall:3.9e+07 eff:0.1% logz-ratio=45.44+/-0.15 dlogz:0.562>0.1]
28122it [6:41:53 bound:396 nc:3220 ncall:3.9e+07 eff:0.1% logz-ratio=45.45+/-0.15 dlogz:0.535>0.1]
28185it [6:43:39 bound:397 nc:3462 ncall:4.0e+07 eff:0.1% logz-ratio=45.45+/-0.15 dlogz:0.507>0.1]
28246it [6:45:26 bound:398 nc:3198 ncall:4.0e+07 eff:0.1% logz-ratio=45.46+/-0.15 dlogz:0.482>0.1]
28309it [6:47:16 bound:399 nc:3269 ncall:4.0e+07 eff:0.1% logz-ratio=45.46+/-0.15 dlogz:0.456>0.1]
28371it [6:49:05 bound:400 nc:3597 ncall:4.0e+07 eff:0.1% logz-ratio=45.47+/-0.15 dlogz:0.433>0.1]
28434it [6:50:50 bound:401 nc:3372 ncall:4.1e+07 eff:0.1% logz-ratio=45.47+/-0.15 dlogz:0.410>0.1]
28496it [6:52:39 bound:402 nc:3339 ncall:4.1e+07 eff:0.1% logz-ratio=45.48+/-0.15 dlogz:0.388>0.1]
28560it [6:54:27 bound:403 nc:2978 ncall:4.1e+07 eff:0.1% logz-ratio=45.48+/-0.15 dlogz:0.402>0.1]
28623it [6:56:18 bound:404 nc:3338 ncall:4.1e+07 eff:0.1% logz-ratio=45.49+/-0.15 dlogz:0.380>0.1]
28684it [6:58:09 bound:405 nc:2867 ncall:4.1e+07 eff:0.1% logz-ratio=45.49+/-0.15 dlogz:0.361>0.1]
28748it [6:59:58 bound:406 nc:3564 ncall:4.2e+07 eff:0.1% logz-ratio=45.50+/-0.15 dlogz:0.341>0.1]
28808it [7:01:47 bound:407 nc:3585 ncall:4.2e+07 eff:0.1% logz-ratio=45.50+/-0.15 dlogz:0.323>0.1]
28869it [7:03:38 bound:408 nc:2801 ncall:4.2e+07 eff:0.1% logz-ratio=45.51+/-0.15 dlogz:0.306>0.1]
28932it [7:05:29 bound:409 nc:3071 ncall:4.2e+07 eff:0.1% logz-ratio=45.51+/-0.15 dlogz:0.289>0.1]
28995it [7:07:49 bound:410 nc:3240 ncall:4.2e+07 eff:0.1% logz-ratio=45.52+/-0.15 dlogz:0.273>0.1]
29058it [7:09:38 bound:411 nc:6575 ncall:4.3e+07 eff:0.1% logz-ratio=45.52+/-0.15 dlogz:0.258>0.1]
29119it [7:11:28 bound:412 nc:3151 ncall:4.3e+07 eff:0.1% logz-ratio=45.52+/-0.15 dlogz:0.244>0.1]
29182it [7:13:16 bound:413 nc:3319 ncall:4.3e+07 eff:0.1% logz-ratio=45.53+/-0.15 dlogz:0.230>0.1]
29242it [7:15:04 bound:414 nc:3590 ncall:4.3e+07 eff:0.1% logz-ratio=45.53+/-0.15 dlogz:0.218>0.1]
29303it [7:16:51 bound:415 nc:3337 ncall:4.3e+07 eff:0.1% logz-ratio=45.53+/-0.15 dlogz:0.215>0.1]
29366it [7:18:43 bound:416 nc:2982 ncall:4.4e+07 eff:0.1% logz-ratio=45.54+/-0.15 dlogz:0.202>0.1]
29429it [7:20:34 bound:417 nc:2546 ncall:4.4e+07 eff:0.1% logz-ratio=45.54+/-0.15 dlogz:0.191>0.1]
29491it [7:22:26 bound:418 nc:2167 ncall:4.4e+07 eff:0.1% logz-ratio=45.54+/-0.15 dlogz:0.180>0.1]
29553it [7:24:17 bound:419 nc:6760 ncall:4.4e+07 eff:0.1% logz-ratio=45.54+/-0.15 dlogz:0.196>0.1]
29612it [7:26:08 bound:420 nc:3870 ncall:4.4e+07 eff:0.1% logz-ratio=45.55+/-0.15 dlogz:0.186>0.1]
29672it [7:27:58 bound:421 nc:3216 ncall:4.5e+07 eff:0.1% logz-ratio=45.55+/-0.15 dlogz:0.176>0.1]
29734it [7:29:49 bound:422 nc:3135 ncall:4.5e+07 eff:0.1% logz-ratio=45.55+/-0.15 dlogz:0.166>0.1]
29796it [7:31:42 bound:423 nc:3291 ncall:4.5e+07 eff:0.1% logz-ratio=45.55+/-0.15 dlogz:0.156>0.1]
29857it [7:33:34 bound:424 nc:3730 ncall:4.5e+07 eff:0.1% logz-ratio=45.56+/-0.15 dlogz:0.148>0.1]
29919it [7:35:27 bound:425 nc:3614 ncall:4.6e+07 eff:0.1% logz-ratio=45.56+/-0.15 dlogz:0.139>0.1]
29981it [7:37:21 bound:426 nc:3831 ncall:4.6e+07 eff:0.1% logz-ratio=45.56+/-0.15 dlogz:0.131>0.1]
30042it [7:39:15 bound:427 nc:3649 ncall:4.6e+07 eff:0.1% logz-ratio=45.56+/-0.15 dlogz:0.124>0.1]
30106it [7:41:10 bound:428 nc:3119 ncall:4.6e+07 eff:0.1% logz-ratio=45.57+/-0.15 dlogz:0.117>0.1]
30170it [7:43:06 bound:429 nc:3677 ncall:4.6e+07 eff:0.1% logz-ratio=45.57+/-0.15 dlogz:0.110>0.1]
30232it [7:45:00 bound:430 nc:3755 ncall:4.7e+07 eff:0.1% logz-ratio=45.57+/-0.15 dlogz:0.103>0.1]
30295it [7:46:54 bound:431 nc:3631 ncall:4.7e+07 eff:0.1% logz-ratio=45.57+/-0.15 dlogz:0.111>0.1]
30357it [7:48:50 bound:432 nc:3473 ncall:4.7e+07 eff:0.1% logz-ratio=45.57+/-0.15 dlogz:0.105>0.1]
At this point, we cannot create a float from 0       1.926700
1       1.892581
2       1.909016
3       1.897200
4       1.897549
          ...   
5877    1.939418
5878    1.935073
5879    1.931505
5880    1.926640
5881    1.924296
Name: chirp_mass_source, Length: 5882, dtype: float64, error: cannot convert the series to <class 'float'>
At this point, we cannot create a float from 0       0.346208
1       0.341755
2       0.340545
3       0.370979
4       0.389677
          ...   
5877    0.340461
5878    0.333712
5879    0.351752
5880    0.341252
5881    0.349597
Name: mass_ratio, Length: 5882, dtype: float64, error: cannot convert the series to <class 'float'>
At this point, we cannot create a float from 0       575.473328
1       748.037109
2       998.203979
3       515.744995
4       470.149536
           ...    
5877    722.812073
5878    624.519470
5879    550.185974
5880    711.775269
5881    749.931519
Name: lambda_2, Length: 5882, dtype: float64, error: cannot convert the series to <class 'float'>
Skipped taking the float value from [5.14275217 4.86902428 3.73005438 ... 5.16945362 4.99384928
 4.73817015], error: only length-1 arrays can be converted to Python scalars
At this point, we cannot create a float from [1.87004983 1.87032722 1.87060461 ... 1.95243373 1.95271112
 1.95298851], error: only length-1 arrays can be converted to Python scalars
At this point, we cannot create a float from [0.27824801 0.27908364 0.27991927 ... 0.52642959 0.52726522
 0.52810085], error: only length-1 arrays can be converted to Python scalars
At this point, we cannot create a float from [ 226.94406128  230.34660395  233.74914663 ... 1237.49923594
 1240.90177861 1244.30432129], error: only length-1 arrays can be converted to Python scalars
Skipped taking the float value from [-16.88149834 -16.88942528 -17.52147865 ... -10.72123432
 -10.80595303 -10.89240646], error: only length-1 arrays can be converted to Python scalars
