self.parameters_ref
{'chirp_mass': 2.0272715949909377, 'mass_ratio': 0.3699999999999999, 'symmetric_mass_ratio': 0.19713357131440137, 'a_1': 0.0, 'a_2': 0.0, 'tilt_1': 0.0, 'tilt_2': 0.0, 'phi_jl': 0.0, 'phi_12': 0.0, 'luminosity_distance': 201.0, 'phase': 1.3576488959769972, 'theta_jn': 2.323517520938953, 'psi': 0.030083409062676092, 'ra': 1.121307208346961, 'dec': 0.22562961827621178, 'lambda_1': 0.0, 'lambda_2': 0.0, 'mass_1': 3.920441829732034, 'mass_2': 1.4505634770008522, 'geocent_time': 1369419318.7460938, 'duration': 128.0}
1it [0:00:00 bound:0 nc:  1 ncall:4.1e+03 eff:0.0% logz-ratio=-1702.55+/-0.05 dlogz:inf>0.1]
12000it [0:01:00 bound:0 nc: 28 ncall:7.9e+04 eff:15.3% logz-ratio=-1.72+/-0.02 dlogz:25.577>0.1]
14568it [0:02:05 bound:2 nc:525 ncall:1.5e+05 eff:9.9% logz-ratio=-1.34+/-0.02 dlogz:24.579>0.1]
14823it [0:03:12 bound:6 nc:774 ncall:3.2e+05 eff:4.6% logz-ratio=-1.31+/-0.02 dlogz:24.485>0.1]
15079it [0:04:20 bound:10 nc:500 ncall:5.0e+05 eff:3.0% logz-ratio=-1.28+/-0.02 dlogz:24.392>0.1]
15334it [0:05:27 bound:14 nc:454 ncall:6.8e+05 eff:2.3% logz-ratio=-1.25+/-0.02 dlogz:24.300>0.1]
15588it [0:06:35 bound:18 nc:880 ncall:8.6e+05 eff:1.8% logz-ratio=-1.22+/-0.02 dlogz:24.209>0.1]
15840it [0:07:43 bound:22 nc:773 ncall:1.0e+06 eff:1.5% logz-ratio=-1.20+/-0.02 dlogz:24.120>0.1]
16094it [0:08:51 bound:26 nc:497 ncall:1.2e+06 eff:1.3% logz-ratio=-1.17+/-0.02 dlogz:24.030>0.1]
16350it [0:10:01 bound:30 nc:676 ncall:1.4e+06 eff:1.2% logz-ratio=-1.14+/-0.02 dlogz:23.941>0.1]
16602it [0:11:11 bound:34 nc:607 ncall:1.6e+06 eff:1.1% logz-ratio=-1.11+/-0.02 dlogz:23.853>0.1]
16858it [0:12:22 bound:38 nc:877 ncall:1.8e+06 eff:1.0% logz-ratio=-1.09+/-0.02 dlogz:23.763>0.1]
17110it [0:13:31 bound:42 nc:925 ncall:1.9e+06 eff:0.9% logz-ratio=-1.06+/-0.02 dlogz:23.676>0.1]
17365it [0:14:46 bound:46 nc:1045 ncall:2.1e+06 eff:0.8% logz-ratio=-1.04+/-0.02 dlogz:23.588>0.1]
17618it [0:15:58 bound:50 nc:877 ncall:2.3e+06 eff:0.8% logz-ratio=-1.01+/-0.02 dlogz:36.960>0.1]
17874it [0:17:12 bound:54 nc:479 ncall:2.5e+06 eff:0.7% logz-ratio=-0.99+/-0.02 dlogz:36.872>0.1]
18127it [0:18:26 bound:58 nc:759 ncall:2.7e+06 eff:0.7% logz-ratio=-0.96+/-0.02 dlogz:36.786>0.1]
18381it [0:19:45 bound:62 nc:638 ncall:2.8e+06 eff:0.6% logz-ratio=-0.94+/-0.02 dlogz:36.699>0.1]
18630it [0:21:00 bound:66 nc:949 ncall:3.0e+06 eff:0.6% logz-ratio=-0.91+/-0.02 dlogz:36.615>0.1]
18883it [0:22:16 bound:70 nc:718 ncall:3.2e+06 eff:0.6% logz-ratio=-0.89+/-0.02 dlogz:36.530>0.1]
19136it [0:23:35 bound:74 nc:803 ncall:3.4e+06 eff:0.6% logz-ratio=-0.87+/-0.02 dlogz:36.445>0.1]
19389it [0:24:55 bound:78 nc:662 ncall:3.6e+06 eff:0.5% logz-ratio=-0.84+/-0.02 dlogz:36.360>0.1]
19640it [0:26:15 bound:82 nc:580 ncall:3.8e+06 eff:0.5% logz-ratio=-0.82+/-0.02 dlogz:36.277>0.1]
19894it [0:27:28 bound:86 nc:908 ncall:4.0e+06 eff:0.5% logz-ratio=-0.80+/-0.02 dlogz:36.192>0.1]
20149it [0:28:46 bound:90 nc:1076 ncall:4.1e+06 eff:0.5% logz-ratio=-0.78+/-0.02 dlogz:36.108>0.1]
20398it [0:30:05 bound:94 nc:758 ncall:4.3e+06 eff:0.5% logz-ratio=-0.76+/-0.02 dlogz:36.026>0.1]
20646it [0:31:26 bound:98 nc:1052 ncall:4.5e+06 eff:0.5% logz-ratio=-0.73+/-0.02 dlogz:35.944>0.1]
20899it [0:32:44 bound:102 nc:741 ncall:4.7e+06 eff:0.4% logz-ratio=-0.71+/-0.02 dlogz:35.861>0.1]
21148it [0:34:04 bound:106 nc:1100 ncall:4.9e+06 eff:0.4% logz-ratio=-0.69+/-0.02 dlogz:35.780>0.1]
21333it [0:35:07 bound:109 nc:1558 ncall:5.0e+06 eff:0.4% logz-ratio=-0.68+/-0.02 dlogz:35.720>0.1]
21520it [0:36:09 bound:112 nc:419 ncall:5.1e+06 eff:0.4% logz-ratio=-0.66+/-0.02 dlogz:35.659>0.1]
21705it [0:37:16 bound:115 nc:185 ncall:5.3e+06 eff:0.4% logz-ratio=-0.65+/-0.02 dlogz:35.599>0.1]
21892it [0:38:16 bound:118 nc:586 ncall:5.4e+06 eff:0.4% logz-ratio=-0.63+/-0.02 dlogz:35.538>0.1]
22138it [0:39:34 bound:122 nc:1074 ncall:5.6e+06 eff:0.4% logz-ratio=-0.61+/-0.02 dlogz:35.459>0.1]
22326it [0:40:38 bound:125 nc:979 ncall:5.7e+06 eff:0.4% logz-ratio=-0.60+/-0.02 dlogz:35.398>0.1]
22509it [0:41:41 bound:128 nc:839 ncall:5.9e+06 eff:0.4% logz-ratio=-0.58+/-0.02 dlogz:35.339>0.1]
22693it [0:42:41 bound:131 nc:622 ncall:6.0e+06 eff:0.4% logz-ratio=-0.57+/-0.02 dlogz:35.280>0.1]
22876it [0:43:42 bound:134 nc:1565 ncall:6.2e+06 eff:0.4% logz-ratio=-0.56+/-0.02 dlogz:35.222>0.1]
23060it [0:44:43 bound:137 nc:492 ncall:6.3e+06 eff:0.4% logz-ratio=-0.54+/-0.02 dlogz:35.163>0.1]
23245it [0:45:49 bound:140 nc:378 ncall:6.4e+06 eff:0.4% logz-ratio=-0.53+/-0.02 dlogz:35.103>0.1]
23433it [0:46:50 bound:143 nc:669 ncall:6.6e+06 eff:0.4% logz-ratio=-0.51+/-0.02 dlogz:35.043>0.1]
23612it [0:47:51 bound:146 nc:827 ncall:6.7e+06 eff:0.4% logz-ratio=-0.50+/-0.02 dlogz:34.986>0.1]
23789it [0:48:53 bound:149 nc:823 ncall:6.9e+06 eff:0.3% logz-ratio=-0.49+/-0.02 dlogz:34.929>0.1]
24027it [0:50:11 bound:153 nc:270 ncall:7.0e+06 eff:0.3% logz-ratio=-0.47+/-0.02 dlogz:34.853>0.1]
24211it [0:51:16 bound:156 nc:821 ncall:7.2e+06 eff:0.3% logz-ratio=-0.45+/-0.02 dlogz:34.794>0.1]
24394it [0:52:17 bound:159 nc:945 ncall:7.3e+06 eff:0.3% logz-ratio=-0.44+/-0.02 dlogz:34.736>0.1]
24574it [0:53:27 bound:162 nc:799 ncall:7.5e+06 eff:0.3% logz-ratio=-0.43+/-0.02 dlogz:34.678>0.1]
24753it [0:54:31 bound:165 nc:1074 ncall:7.6e+06 eff:0.3% logz-ratio=-0.41+/-0.02 dlogz:34.621>0.1]
24933it [0:55:44 bound:168 nc:414 ncall:7.7e+06 eff:0.3% logz-ratio=-0.40+/-0.02 dlogz:34.563>0.1]
25111it [0:56:45 bound:171 nc:1194 ncall:7.9e+06 eff:0.3% logz-ratio=-0.39+/-0.02 dlogz:34.506>0.1]
25288it [0:57:50 bound:174 nc:717 ncall:8.0e+06 eff:0.3% logz-ratio=-0.37+/-0.02 dlogz:34.449>0.1]
25467it [0:58:56 bound:177 nc:587 ncall:8.2e+06 eff:0.3% logz-ratio=-0.36+/-0.02 dlogz:34.392>0.1]
25643it [1:00:00 bound:180 nc:887 ncall:8.3e+06 eff:0.3% logz-ratio=-0.35+/-0.02 dlogz:34.335>0.1]
25764it [1:01:15 bound:182 nc:675 ncall:8.4e+06 eff:0.3% logz-ratio=-0.34+/-0.02 dlogz:34.296>0.1]
25948it [1:02:26 bound:185 nc:546 ncall:8.6e+06 eff:0.3% logz-ratio=-0.32+/-0.02 dlogz:34.237>0.1]
26119it [1:03:35 bound:188 nc:1292 ncall:8.7e+06 eff:0.3% logz-ratio=-0.31+/-0.02 dlogz:34.182>0.1]
26305it [1:04:42 bound:191 nc:1001 ncall:8.8e+06 eff:0.3% logz-ratio=-0.29+/-0.02 dlogz:34.122>0.1]
26481it [1:05:46 bound:194 nc:882 ncall:9.0e+06 eff:0.3% logz-ratio=-0.28+/-0.03 dlogz:34.066>0.1]
26662it [1:06:54 bound:197 nc:428 ncall:9.1e+06 eff:0.3% logz-ratio=-0.27+/-0.03 dlogz:34.008>0.1]
26843it [1:08:04 bound:200 nc:1116 ncall:9.3e+06 eff:0.3% logz-ratio=-0.25+/-0.03 dlogz:33.949>0.1]
27019it [1:09:17 bound:203 nc:1164 ncall:9.4e+06 eff:0.3% logz-ratio=-0.24+/-0.03 dlogz:33.892>0.1]
27197it [1:10:24 bound:206 nc:1366 ncall:9.6e+06 eff:0.3% logz-ratio=-0.22+/-0.03 dlogz:33.835>0.1]
27375it [1:11:33 bound:209 nc:560 ncall:9.7e+06 eff:0.3% logz-ratio=-0.21+/-0.03 dlogz:33.777>0.1]
27552it [1:12:44 bound:212 nc:527 ncall:9.9e+06 eff:0.3% logz-ratio=-0.20+/-0.03 dlogz:33.720>0.1]
27729it [1:13:52 bound:215 nc:1189 ncall:1.0e+07 eff:0.3% logz-ratio=-0.18+/-0.03 dlogz:33.662>0.1]
27896it [1:15:08 bound:218 nc:554 ncall:1.0e+07 eff:0.3% logz-ratio=-0.17+/-0.03 dlogz:33.608>0.1]
28067it [1:16:19 bound:221 nc:237 ncall:1.0e+07 eff:0.3% logz-ratio=-0.15+/-0.03 dlogz:33.552>0.1]
28240it [1:17:24 bound:224 nc:772 ncall:1.0e+07 eff:0.3% logz-ratio=-0.14+/-0.03 dlogz:33.495>0.1]
28418it [1:18:33 bound:227 nc:1804 ncall:1.1e+07 eff:0.3% logz-ratio=-0.12+/-0.03 dlogz:33.437>0.1]
28593it [1:19:38 bound:230 nc: 89 ncall:1.1e+07 eff:0.3% logz-ratio=-0.11+/-0.03 dlogz:33.380>0.1]
28762it [1:20:48 bound:233 nc:651 ncall:1.1e+07 eff:0.3% logz-ratio=-0.10+/-0.03 dlogz:33.324>0.1]
28938it [1:21:59 bound:236 nc:874 ncall:1.1e+07 eff:0.3% logz-ratio=-0.08+/-0.03 dlogz:33.266>0.1]
29106it [1:23:07 bound:239 nc:421 ncall:1.1e+07 eff:0.3% logz-ratio=-0.07+/-0.03 dlogz:33.211>0.1]
29278it [1:24:20 bound:242 nc:1240 ncall:1.1e+07 eff:0.3% logz-ratio=-0.05+/-0.03 dlogz:33.154>0.1]
29452it [1:25:34 bound:245 nc:505 ncall:1.2e+07 eff:0.3% logz-ratio=-0.04+/-0.03 dlogz:33.096>0.1]
29630it [1:26:39 bound:248 nc:1227 ncall:1.2e+07 eff:0.3% logz-ratio=-0.02+/-0.03 dlogz:33.036>0.1]
29804it [1:27:45 bound:251 nc:538 ncall:1.2e+07 eff:0.3% logz-ratio=-0.00+/-0.03 dlogz:32.978>0.1]
29982it [1:28:58 bound:254 nc:948 ncall:1.2e+07 eff:0.2% logz-ratio=0.01+/-0.03 dlogz:32.918>0.1]
30160it [1:30:11 bound:257 nc:1468 ncall:1.2e+07 eff:0.2% logz-ratio=0.03+/-0.03 dlogz:32.858>0.1]
30332it [1:31:18 bound:260 nc:3127 ncall:1.2e+07 eff:0.2% logz-ratio=0.05+/-0.03 dlogz:32.799>0.1]
30506it [1:32:28 bound:263 nc:741 ncall:1.2e+07 eff:0.2% logz-ratio=0.06+/-0.03 dlogz:32.739>0.1]
30680it [1:33:35 bound:266 nc:491 ncall:1.3e+07 eff:0.2% logz-ratio=0.08+/-0.03 dlogz:32.679>0.1]
30860it [1:34:43 bound:269 nc:732 ncall:1.3e+07 eff:0.2% logz-ratio=0.10+/-0.03 dlogz:32.617>0.1]
31037it [1:35:49 bound:272 nc:565 ncall:1.3e+07 eff:0.2% logz-ratio=0.12+/-0.03 dlogz:32.555>0.1]
31213it [1:36:59 bound:275 nc:871 ncall:1.3e+07 eff:0.2% logz-ratio=0.14+/-0.03 dlogz:32.493>0.1]
31390it [1:38:09 bound:278 nc:748 ncall:1.3e+07 eff:0.2% logz-ratio=0.16+/-0.03 dlogz:32.431>0.1]
31571it [1:39:23 bound:281 nc:1553 ncall:1.3e+07 eff:0.2% logz-ratio=0.18+/-0.03 dlogz:32.366>0.1]
31744it [1:40:35 bound:284 nc:399 ncall:1.4e+07 eff:0.2% logz-ratio=0.20+/-0.03 dlogz:32.304>0.1]
31925it [1:41:46 bound:287 nc:991 ncall:1.4e+07 eff:0.2% logz-ratio=0.22+/-0.03 dlogz:32.238>0.1]
32106it [1:43:00 bound:290 nc:841 ncall:1.4e+07 eff:0.2% logz-ratio=0.24+/-0.03 dlogz:32.171>0.1]
32283it [1:44:13 bound:293 nc:691 ncall:1.4e+07 eff:0.2% logz-ratio=0.26+/-0.03 dlogz:32.105>0.1]
32463it [1:45:18 bound:296 nc:762 ncall:1.4e+07 eff:0.2% logz-ratio=0.29+/-0.03 dlogz:32.038>0.1]
32636it [1:46:34 bound:299 nc:731 ncall:1.4e+07 eff:0.2% logz-ratio=0.31+/-0.03 dlogz:31.972>0.1]
32814it [1:47:44 bound:302 nc:869 ncall:1.5e+07 eff:0.2% logz-ratio=0.34+/-0.03 dlogz:31.904>0.1]
32990it [1:48:53 bound:305 nc:1058 ncall:1.5e+07 eff:0.2% logz-ratio=0.36+/-0.03 dlogz:31.835>0.1]
33170it [1:50:05 bound:308 nc:460 ncall:1.5e+07 eff:0.2% logz-ratio=0.39+/-0.03 dlogz:31.764>0.1]
33353it [1:51:12 bound:311 nc:1022 ncall:1.5e+07 eff:0.2% logz-ratio=0.42+/-0.03 dlogz:31.691>0.1]
33533it [1:52:24 bound:314 nc:650 ncall:1.5e+07 eff:0.2% logz-ratio=0.45+/-0.03 dlogz:31.618>0.1]
33713it [1:53:34 bound:317 nc:990 ncall:1.5e+07 eff:0.2% logz-ratio=0.48+/-0.03 dlogz:31.544>0.1]
33891it [1:54:43 bound:320 nc:1003 ncall:1.5e+07 eff:0.2% logz-ratio=0.51+/-0.03 dlogz:33.090>0.1]
34075it [1:55:52 bound:323 nc:525 ncall:1.6e+07 eff:0.2% logz-ratio=0.54+/-0.03 dlogz:33.011>0.1]
34253it [1:57:04 bound:326 nc:774 ncall:1.6e+07 eff:0.2% logz-ratio=0.58+/-0.03 dlogz:32.932>0.1]
34434it [1:58:15 bound:329 nc:387 ncall:1.6e+07 eff:0.2% logz-ratio=0.62+/-0.03 dlogz:32.850>0.1]
34619it [1:59:29 bound:332 nc:331 ncall:1.6e+07 eff:0.2% logz-ratio=0.66+/-0.03 dlogz:32.765>0.1]
34757it [2:00:49 bound:334 nc:697 ncall:1.6e+07 eff:0.2% logz-ratio=0.69+/-0.03 dlogz:32.700>0.1]
34928it [2:01:58 bound:337 nc:577 ncall:1.6e+07 eff:0.2% logz-ratio=0.73+/-0.03 dlogz:32.618>0.1]
35113it [2:03:10 bound:340 nc:1113 ncall:1.7e+07 eff:0.2% logz-ratio=0.77+/-0.04 dlogz:32.526>0.1]
35294it [2:04:24 bound:343 nc:835 ncall:1.7e+07 eff:0.2% logz-ratio=0.82+/-0.04 dlogz:32.434>0.1]
35474it [2:05:37 bound:346 nc:983 ncall:1.7e+07 eff:0.2% logz-ratio=0.87+/-0.04 dlogz:32.340>0.1]
35658it [2:06:46 bound:349 nc:1006 ncall:1.7e+07 eff:0.2% logz-ratio=0.93+/-0.04 dlogz:32.241>0.1]
35845it [2:08:00 bound:352 nc:799 ncall:1.7e+07 eff:0.2% logz-ratio=0.99+/-0.04 dlogz:32.136>0.1]
36029it [2:09:13 bound:355 nc:743 ncall:1.7e+07 eff:0.2% logz-ratio=1.05+/-0.04 dlogz:32.030>0.1]
36210it [2:10:23 bound:358 nc:1938 ncall:1.8e+07 eff:0.2% logz-ratio=1.11+/-0.04 dlogz:31.920>0.1]
36394it [2:11:36 bound:361 nc:1025 ncall:1.8e+07 eff:0.2% logz-ratio=1.18+/-0.04 dlogz:31.806>0.1]
36577it [2:12:45 bound:364 nc:509 ncall:1.8e+07 eff:0.2% logz-ratio=1.25+/-0.04 dlogz:31.689>0.1]
36763it [2:13:58 bound:367 nc:1065 ncall:1.8e+07 eff:0.2% logz-ratio=1.33+/-0.04 dlogz:31.567>0.1]
36948it [2:15:06 bound:370 nc:1176 ncall:1.8e+07 eff:0.2% logz-ratio=1.41+/-0.04 dlogz:31.442>0.1]
37125it [2:16:20 bound:373 nc:1000 ncall:1.8e+07 eff:0.2% logz-ratio=1.49+/-0.04 dlogz:31.320>0.1]
37307it [2:17:36 bound:376 nc:1002 ncall:1.9e+07 eff:0.2% logz-ratio=1.57+/-0.04 dlogz:39.048>0.1]
37486it [2:18:44 bound:379 nc:1089 ncall:1.9e+07 eff:0.2% logz-ratio=1.66+/-0.04 dlogz:38.917>0.1]
37674it [2:19:55 bound:382 nc:1146 ncall:1.9e+07 eff:0.2% logz-ratio=1.76+/-0.04 dlogz:38.774>0.1]
37856it [2:21:04 bound:385 nc:1030 ncall:1.9e+07 eff:0.2% logz-ratio=1.86+/-0.04 dlogz:38.631>0.1]
38043it [2:22:16 bound:388 nc:673 ncall:1.9e+07 eff:0.2% logz-ratio=1.96+/-0.04 dlogz:38.481>0.1]
38231it [2:23:30 bound:391 nc:1048 ncall:1.9e+07 eff:0.2% logz-ratio=2.07+/-0.04 dlogz:38.325>0.1]
38411it [2:24:39 bound:394 nc:1081 ncall:2.0e+07 eff:0.2% logz-ratio=2.18+/-0.04 dlogz:38.171>0.1]
38594it [2:25:54 bound:397 nc:363 ncall:2.0e+07 eff:0.2% logz-ratio=2.29+/-0.04 dlogz:38.013>0.1]
38772it [2:27:08 bound:400 nc:787 ncall:2.0e+07 eff:0.2% logz-ratio=2.40+/-0.04 dlogz:44.285>0.1]
38951it [2:28:20 bound:403 nc:977 ncall:2.0e+07 eff:0.2% logz-ratio=2.52+/-0.05 dlogz:44.128>0.1]
39136it [2:29:33 bound:406 nc:875 ncall:2.0e+07 eff:0.2% logz-ratio=2.64+/-0.05 dlogz:43.964>0.1]
39318it [2:30:46 bound:409 nc:825 ncall:2.0e+07 eff:0.2% logz-ratio=2.76+/-0.05 dlogz:43.801>0.1]
39497it [2:31:52 bound:412 nc:783 ncall:2.1e+07 eff:0.2% logz-ratio=2.87+/-0.05 dlogz:43.639>0.1]
39684it [2:33:03 bound:415 nc:859 ncall:2.1e+07 eff:0.2% logz-ratio=3.00+/-0.05 dlogz:43.468>0.1]
39870it [2:34:17 bound:418 nc:380 ncall:2.1e+07 eff:0.2% logz-ratio=3.13+/-0.05 dlogz:43.294>0.1]
40052it [2:35:35 bound:421 nc:1456 ncall:2.1e+07 eff:0.2% logz-ratio=3.25+/-0.05 dlogz:43.123>0.1]
40234it [2:36:48 bound:424 nc:1369 ncall:2.1e+07 eff:0.2% logz-ratio=3.38+/-0.05 dlogz:42.949>0.1]
40410it [2:38:03 bound:427 nc:1743 ncall:2.1e+07 eff:0.2% logz-ratio=3.51+/-0.05 dlogz:42.781>0.1]
40589it [2:39:21 bound:430 nc:794 ncall:2.2e+07 eff:0.2% logz-ratio=3.64+/-0.05 dlogz:42.609>0.1]
40765it [2:40:37 bound:433 nc:856 ncall:2.2e+07 eff:0.2% logz-ratio=3.77+/-0.05 dlogz:42.437>0.1]
40944it [2:41:53 bound:436 nc:2630 ncall:2.2e+07 eff:0.2% logz-ratio=3.90+/-0.05 dlogz:42.263>0.1]
41119it [2:43:07 bound:439 nc:1235 ncall:2.2e+07 eff:0.2% logz-ratio=4.02+/-0.05 dlogz:42.093>0.1]
41301it [2:44:21 bound:442 nc:703 ncall:2.2e+07 eff:0.2% logz-ratio=4.16+/-0.05 dlogz:41.914>0.1]
41479it [2:45:35 bound:445 nc:1510 ncall:2.2e+07 eff:0.2% logz-ratio=4.29+/-0.05 dlogz:41.743>0.1]
41659it [2:46:48 bound:448 nc:957 ncall:2.3e+07 eff:0.2% logz-ratio=4.42+/-0.05 dlogz:41.567>0.1]
41829it [2:48:00 bound:451 nc:1105 ncall:2.3e+07 eff:0.2% logz-ratio=4.55+/-0.05 dlogz:41.399>0.1]
42006it [2:49:21 bound:454 nc:988 ncall:2.3e+07 eff:0.2% logz-ratio=4.68+/-0.05 dlogz:41.223>0.1]
42186it [2:50:37 bound:457 nc:874 ncall:2.3e+07 eff:0.2% logz-ratio=4.81+/-0.05 dlogz:41.045>0.1]
42360it [2:51:54 bound:460 nc:755 ncall:2.3e+07 eff:0.2% logz-ratio=4.94+/-0.05 dlogz:40.873>0.1]
42542it [2:53:08 bound:463 nc:648 ncall:2.3e+07 eff:0.2% logz-ratio=5.08+/-0.05 dlogz:40.693>0.1]
42721it [2:54:26 bound:466 nc:1249 ncall:2.4e+07 eff:0.2% logz-ratio=5.21+/-0.05 dlogz:40.585>0.1]
42900it [2:55:40 bound:469 nc:904 ncall:2.4e+07 eff:0.2% logz-ratio=5.34+/-0.05 dlogz:40.410>0.1]
43073it [2:56:58 bound:472 nc:1037 ncall:2.4e+07 eff:0.2% logz-ratio=5.47+/-0.05 dlogz:40.240>0.1]
43246it [2:58:11 bound:475 nc:430 ncall:2.4e+07 eff:0.2% logz-ratio=5.60+/-0.05 dlogz:40.068>0.1]
43411it [2:59:29 bound:478 nc:946 ncall:2.4e+07 eff:0.2% logz-ratio=5.72+/-0.05 dlogz:39.901>0.1]
43588it [3:00:39 bound:481 nc:1060 ncall:2.5e+07 eff:0.2% logz-ratio=5.86+/-0.05 dlogz:40.354>0.1]
43645it [3:01:51 bound:482 nc:980 ncall:2.5e+07 eff:0.2% logz-ratio=5.91+/-0.05 dlogz:40.296>0.1]
43818it [3:03:08 bound:485 nc:1135 ncall:2.5e+07 eff:0.2% logz-ratio=6.05+/-0.05 dlogz:40.114>0.1]
43997it [3:04:27 bound:488 nc:745 ncall:2.5e+07 eff:0.2% logz-ratio=6.19+/-0.05 dlogz:39.926>0.1]
44172it [3:05:42 bound:491 nc:1307 ncall:2.5e+07 eff:0.2% logz-ratio=6.33+/-0.05 dlogz:39.742>0.1]
44346it [3:07:01 bound:494 nc:869 ncall:2.5e+07 eff:0.2% logz-ratio=6.47+/-0.05 dlogz:39.558>0.1]
44519it [3:08:21 bound:497 nc:1082 ncall:2.5e+07 eff:0.2% logz-ratio=6.62+/-0.05 dlogz:39.372>0.1]
44696it [3:09:42 bound:500 nc:1465 ncall:2.6e+07 eff:0.2% logz-ratio=6.77+/-0.05 dlogz:39.181>0.1]
44870it [3:11:04 bound:503 nc:2004 ncall:2.6e+07 eff:0.2% logz-ratio=6.91+/-0.05 dlogz:39.858>0.1]
45051it [3:12:20 bound:506 nc:1152 ncall:2.6e+07 eff:0.2% logz-ratio=7.06+/-0.05 dlogz:39.662>0.1]
45218it [3:13:42 bound:509 nc:1292 ncall:2.6e+07 eff:0.2% logz-ratio=7.21+/-0.05 dlogz:39.479>0.1]
45387it [3:15:04 bound:512 nc:1090 ncall:2.6e+07 eff:0.2% logz-ratio=7.35+/-0.05 dlogz:39.294>0.1]
45566it [3:16:20 bound:515 nc:962 ncall:2.7e+07 eff:0.2% logz-ratio=7.50+/-0.05 dlogz:39.096>0.1]
45741it [3:17:41 bound:518 nc:755 ncall:2.7e+07 eff:0.2% logz-ratio=7.65+/-0.05 dlogz:38.906>0.1]
45911it [3:18:58 bound:521 nc:1457 ncall:2.7e+07 eff:0.2% logz-ratio=7.80+/-0.05 dlogz:38.719>0.1]
46086it [3:20:16 bound:524 nc:1445 ncall:2.7e+07 eff:0.2% logz-ratio=7.95+/-0.05 dlogz:38.528>0.1]
46250it [3:21:30 bound:527 nc:859 ncall:2.7e+07 eff:0.2% logz-ratio=8.08+/-0.05 dlogz:38.349>0.1]
46425it [3:22:45 bound:530 nc:1016 ncall:2.7e+07 eff:0.2% logz-ratio=8.23+/-0.05 dlogz:38.157>0.1]
46601it [3:24:04 bound:533 nc:732 ncall:2.8e+07 eff:0.2% logz-ratio=8.39+/-0.05 dlogz:37.961>0.1]
46777it [3:25:22 bound:536 nc:821 ncall:2.8e+07 eff:0.2% logz-ratio=8.54+/-0.05 dlogz:37.765>0.1]
46947it [3:26:42 bound:539 nc:777 ncall:2.8e+07 eff:0.2% logz-ratio=8.69+/-0.05 dlogz:37.576>0.1]
47118it [3:28:02 bound:542 nc:2172 ncall:2.8e+07 eff:0.2% logz-ratio=8.84+/-0.05 dlogz:37.383>0.1]
47296it [3:29:23 bound:545 nc:964 ncall:2.8e+07 eff:0.2% logz-ratio=8.99+/-0.05 dlogz:38.030>0.1]
47471it [3:30:40 bound:548 nc:1361 ncall:2.9e+07 eff:0.2% logz-ratio=9.14+/-0.05 dlogz:37.839>0.1]
47645it [3:32:00 bound:551 nc:920 ncall:2.9e+07 eff:0.2% logz-ratio=9.29+/-0.05 dlogz:37.648>0.1]
47817it [3:33:24 bound:554 nc:1376 ncall:2.9e+07 eff:0.2% logz-ratio=9.44+/-0.05 dlogz:37.459>0.1]
47991it [3:34:44 bound:557 nc:1174 ncall:2.9e+07 eff:0.2% logz-ratio=9.59+/-0.05 dlogz:37.267>0.1]
48166it [3:36:03 bound:560 nc:2283 ncall:2.9e+07 eff:0.2% logz-ratio=9.74+/-0.05 dlogz:37.075>0.1]
48345it [3:37:21 bound:563 nc:1203 ncall:2.9e+07 eff:0.2% logz-ratio=9.89+/-0.05 dlogz:36.880>0.1]
48520it [3:38:44 bound:566 nc:953 ncall:3.0e+07 eff:0.2% logz-ratio=10.04+/-0.05 dlogz:36.689>0.1]
48687it [3:40:07 bound:569 nc:2286 ncall:3.0e+07 eff:0.2% logz-ratio=10.17+/-0.05 dlogz:37.154>0.1]
48860it [3:41:27 bound:572 nc:1246 ncall:3.0e+07 eff:0.2% logz-ratio=10.32+/-0.05 dlogz:40.880>0.1]
49032it [3:42:49 bound:575 nc:1695 ncall:3.0e+07 eff:0.2% logz-ratio=10.46+/-0.05 dlogz:40.694>0.1]
49194it [3:44:10 bound:578 nc:506 ncall:3.0e+07 eff:0.2% logz-ratio=10.60+/-0.05 dlogz:40.518>0.1]
49367it [3:45:36 bound:581 nc:667 ncall:3.1e+07 eff:0.2% logz-ratio=10.75+/-0.05 dlogz:40.327>0.1]
49540it [3:46:54 bound:584 nc:914 ncall:3.1e+07 eff:0.2% logz-ratio=10.90+/-0.05 dlogz:40.135>0.1]
49711it [3:48:16 bound:587 nc:838 ncall:3.1e+07 eff:0.2% logz-ratio=11.05+/-0.05 dlogz:39.944>0.1]
49890it [3:49:43 bound:590 nc:462 ncall:3.1e+07 eff:0.2% logz-ratio=11.20+/-0.05 dlogz:39.743>0.1]
50058it [3:51:06 bound:593 nc:1175 ncall:3.1e+07 eff:0.2% logz-ratio=11.35+/-0.05 dlogz:39.553>0.1]
50235it [3:52:22 bound:596 nc:1476 ncall:3.2e+07 eff:0.2% logz-ratio=11.51+/-0.05 dlogz:39.355>0.1]
50415it [3:53:46 bound:599 nc:2226 ncall:3.2e+07 eff:0.2% logz-ratio=11.66+/-0.05 dlogz:39.155>0.1]
50591it [3:55:03 bound:602 nc:364 ncall:3.2e+07 eff:0.2% logz-ratio=11.82+/-0.05 dlogz:38.956>0.1]
50766it [3:56:24 bound:605 nc:1420 ncall:3.2e+07 eff:0.2% logz-ratio=11.97+/-0.05 dlogz:38.757>0.1]
50938it [3:57:46 bound:608 nc:2508 ncall:3.2e+07 eff:0.2% logz-ratio=12.13+/-0.06 dlogz:38.561>0.1]
51115it [3:59:03 bound:611 nc:998 ncall:3.2e+07 eff:0.2% logz-ratio=12.29+/-0.06 dlogz:38.358>0.1]
51286it [4:00:26 bound:614 nc:2942 ncall:3.3e+07 eff:0.2% logz-ratio=12.44+/-0.06 dlogz:38.161>0.1]
51408it [4:02:09 bound:616 nc:1175 ncall:3.3e+07 eff:0.2% logz-ratio=12.56+/-0.06 dlogz:38.020>0.1]
51577it [4:03:33 bound:619 nc:743 ncall:3.3e+07 eff:0.2% logz-ratio=12.71+/-0.06 dlogz:37.823>0.1]
51754it [4:04:56 bound:622 nc:1434 ncall:3.3e+07 eff:0.2% logz-ratio=12.87+/-0.06 dlogz:37.616>0.1]
51927it [4:06:19 bound:625 nc:1871 ncall:3.3e+07 eff:0.2% logz-ratio=13.04+/-0.06 dlogz:37.413>0.1]
52096it [4:07:46 bound:628 nc:756 ncall:3.4e+07 eff:0.2% logz-ratio=13.20+/-0.06 dlogz:37.211>0.1]
52266it [4:09:11 bound:631 nc:1092 ncall:3.4e+07 eff:0.2% logz-ratio=13.36+/-0.06 dlogz:37.004>0.1]
52437it [4:10:38 bound:634 nc:708 ncall:3.4e+07 eff:0.2% logz-ratio=13.53+/-0.06 dlogz:36.795>0.1]
52614it [4:12:05 bound:637 nc:1051 ncall:3.4e+07 eff:0.2% logz-ratio=13.70+/-0.06 dlogz:36.584>0.1]
52781it [4:13:31 bound:640 nc:2482 ncall:3.4e+07 eff:0.2% logz-ratio=13.86+/-0.06 dlogz:36.383>0.1]
52956it [4:14:56 bound:643 nc:599 ncall:3.5e+07 eff:0.2% logz-ratio=14.03+/-0.06 dlogz:36.169>0.1]
53127it [4:16:22 bound:646 nc:1154 ncall:3.5e+07 eff:0.2% logz-ratio=14.20+/-0.06 dlogz:35.957>0.1]
53303it [4:17:48 bound:649 nc:1505 ncall:3.5e+07 eff:0.2% logz-ratio=14.37+/-0.06 dlogz:35.738>0.1]
53479it [4:19:09 bound:652 nc:804 ncall:3.5e+07 eff:0.2% logz-ratio=14.55+/-0.06 dlogz:35.520>0.1]
53651it [4:20:33 bound:655 nc:792 ncall:3.5e+07 eff:0.2% logz-ratio=14.72+/-0.06 dlogz:35.307>0.1]
53828it [4:21:55 bound:658 nc:1117 ncall:3.6e+07 eff:0.2% logz-ratio=14.90+/-0.06 dlogz:35.086>0.1]
53995it [4:23:19 bound:661 nc:2396 ncall:3.6e+07 eff:0.2% logz-ratio=15.07+/-0.06 dlogz:34.879>0.1]
54163it [4:24:44 bound:664 nc:2529 ncall:3.6e+07 eff:0.2% logz-ratio=15.24+/-0.06 dlogz:34.668>0.1]
54334it [4:26:10 bound:667 nc:1158 ncall:3.6e+07 eff:0.2% logz-ratio=15.41+/-0.06 dlogz:34.448>0.1]
54503it [4:27:36 bound:670 nc:654 ncall:3.6e+07 eff:0.1% logz-ratio=15.58+/-0.06 dlogz:34.235>0.1]
54673it [4:28:59 bound:673 nc:1422 ncall:3.7e+07 eff:0.1% logz-ratio=15.76+/-0.06 dlogz:34.023>0.1]
54841it [4:30:16 bound:676 nc:1389 ncall:3.7e+07 eff:0.1% logz-ratio=15.92+/-0.06 dlogz:33.814>0.1]
54952it [4:31:17 bound:678 nc:1543 ncall:3.7e+07 eff:0.1% logz-ratio=16.03+/-0.06 dlogz:33.676>0.1]
55121it [4:32:41 bound:681 nc:767 ncall:3.7e+07 eff:0.1% logz-ratio=16.20+/-0.06 dlogz:33.468>0.1]
55293it [4:34:07 bound:684 nc:1348 ncall:3.7e+07 eff:0.1% logz-ratio=16.37+/-0.06 dlogz:33.260>0.1]
55462it [4:35:35 bound:687 nc:1588 ncall:3.8e+07 eff:0.1% logz-ratio=16.53+/-0.06 dlogz:33.055>0.1]
55638it [4:37:00 bound:690 nc:1758 ncall:3.8e+07 eff:0.1% logz-ratio=16.70+/-0.06 dlogz:32.842>0.1]
55802it [4:38:27 bound:693 nc:1407 ncall:3.8e+07 eff:0.1% logz-ratio=16.86+/-0.06 dlogz:32.642>0.1]
55976it [4:39:53 bound:696 nc:3698 ncall:3.8e+07 eff:0.1% logz-ratio=17.03+/-0.06 dlogz:32.427>0.1]
56147it [4:41:18 bound:699 nc:799 ncall:3.8e+07 eff:0.1% logz-ratio=17.20+/-0.06 dlogz:32.215>0.1]
56322it [4:42:43 bound:702 nc:3869 ncall:3.9e+07 eff:0.1% logz-ratio=17.38+/-0.06 dlogz:31.992>0.1]
56489it [4:44:11 bound:705 nc:2087 ncall:3.9e+07 eff:0.1% logz-ratio=17.56+/-0.06 dlogz:33.060>0.1]
56604it [4:45:11 bound:707 nc:2728 ncall:3.9e+07 eff:0.1% logz-ratio=17.68+/-0.06 dlogz:32.911>0.1]
56772it [4:46:29 bound:710 nc:690 ncall:3.9e+07 eff:0.1% logz-ratio=17.86+/-0.06 dlogz:32.689>0.1]
56946it [4:47:55 bound:713 nc:1317 ncall:3.9e+07 eff:0.1% logz-ratio=18.05+/-0.06 dlogz:32.460>0.1]
57116it [4:49:20 bound:716 nc:733 ncall:4.0e+07 eff:0.1% logz-ratio=18.23+/-0.06 dlogz:32.235>0.1]
57282it [4:50:48 bound:719 nc:828 ncall:4.0e+07 eff:0.1% logz-ratio=18.41+/-0.06 dlogz:32.018>0.1]
57456it [4:52:18 bound:722 nc:1045 ncall:4.0e+07 eff:0.1% logz-ratio=18.59+/-0.06 dlogz:31.794>0.1]
57620it [4:53:42 bound:725 nc:2018 ncall:4.0e+07 eff:0.1% logz-ratio=18.76+/-0.06 dlogz:31.586>0.1]
57795it [4:55:08 bound:728 nc:682 ncall:4.0e+07 eff:0.1% logz-ratio=18.94+/-0.06 dlogz:31.359>0.1]
57968it [4:56:36 bound:731 nc:2829 ncall:4.1e+07 eff:0.1% logz-ratio=19.13+/-0.06 dlogz:31.129>0.1]
58134it [4:57:58 bound:734 nc:1006 ncall:4.1e+07 eff:0.1% logz-ratio=19.31+/-0.06 dlogz:30.908>0.1]
58246it [4:59:02 bound:736 nc:2552 ncall:4.1e+07 eff:0.1% logz-ratio=19.43+/-0.06 dlogz:30.762>0.1]
58364it [5:00:05 bound:738 nc:1736 ncall:4.1e+07 eff:0.1% logz-ratio=19.55+/-0.06 dlogz:30.608>0.1]
58534it [5:01:32 bound:741 nc:831 ncall:4.1e+07 eff:0.1% logz-ratio=19.74+/-0.06 dlogz:30.384>0.1]
58603it [5:02:55 bound:742 nc:1064 ncall:4.1e+07 eff:0.1% logz-ratio=19.81+/-0.06 dlogz:30.293>0.1]
58766it [5:04:21 bound:745 nc:1239 ncall:4.2e+07 eff:0.1% logz-ratio=19.98+/-0.06 dlogz:30.083>0.1]
58943it [5:05:48 bound:748 nc:834 ncall:4.2e+07 eff:0.1% logz-ratio=20.17+/-0.06 dlogz:29.856>0.1]
59120it [5:07:14 bound:751 nc:1427 ncall:4.2e+07 eff:0.1% logz-ratio=20.35+/-0.06 dlogz:29.631>0.1]
59288it [5:08:36 bound:754 nc:1635 ncall:4.2e+07 eff:0.1% logz-ratio=20.53+/-0.06 dlogz:29.411>0.1]
59461it [5:10:01 bound:757 nc:765 ncall:4.2e+07 eff:0.1% logz-ratio=20.71+/-0.06 dlogz:29.182>0.1]
59635it [5:11:21 bound:760 nc:1369 ncall:4.3e+07 eff:0.1% logz-ratio=20.91+/-0.06 dlogz:28.944>0.1]
59810it [5:12:45 bound:763 nc:1160 ncall:4.3e+07 eff:0.1% logz-ratio=21.10+/-0.06 dlogz:28.707>0.1]
59980it [5:14:10 bound:766 nc:2768 ncall:4.3e+07 eff:0.1% logz-ratio=21.29+/-0.06 dlogz:28.476>0.1]
60157it [5:15:32 bound:769 nc:1101 ncall:4.3e+07 eff:0.1% logz-ratio=21.49+/-0.06 dlogz:28.231>0.1]
60334it [5:17:00 bound:772 nc:1493 ncall:4.3e+07 eff:0.1% logz-ratio=21.69+/-0.06 dlogz:27.989>0.1]
60504it [5:18:25 bound:775 nc:2081 ncall:4.4e+07 eff:0.1% logz-ratio=21.88+/-0.06 dlogz:27.757>0.1]
60679it [5:19:52 bound:778 nc:809 ncall:4.4e+07 eff:0.1% logz-ratio=22.08+/-0.06 dlogz:27.518>0.1]
60848it [5:21:19 bound:781 nc:1595 ncall:4.4e+07 eff:0.1% logz-ratio=22.27+/-0.06 dlogz:27.290>0.1]
61019it [5:22:45 bound:784 nc:955 ncall:4.4e+07 eff:0.1% logz-ratio=22.45+/-0.06 dlogz:27.060>0.1]
61190it [5:24:10 bound:787 nc:1494 ncall:4.5e+07 eff:0.1% logz-ratio=22.64+/-0.06 dlogz:26.830>0.1]
61356it [5:25:36 bound:790 nc:2663 ncall:4.5e+07 eff:0.1% logz-ratio=22.82+/-0.06 dlogz:26.610>0.1]
61522it [5:27:07 bound:793 nc:1644 ncall:4.5e+07 eff:0.1% logz-ratio=23.00+/-0.06 dlogz:26.392>0.1]
61694it [5:28:37 bound:796 nc:712 ncall:4.5e+07 eff:0.1% logz-ratio=23.19+/-0.06 dlogz:26.164>0.1]
61875it [5:30:04 bound:799 nc:672 ncall:4.5e+07 eff:0.1% logz-ratio=23.38+/-0.06 dlogz:25.922>0.1]
62052it [5:31:31 bound:802 nc:1158 ncall:4.6e+07 eff:0.1% logz-ratio=23.58+/-0.06 dlogz:25.687>0.1]
62201it [5:32:31 bound:804 nc:706 ncall:4.6e+07 eff:0.1% logz-ratio=23.74+/-0.06 dlogz:25.488>0.1]
62338it [5:33:55 bound:807 nc:511 ncall:4.6e+07 eff:0.1% logz-ratio=23.89+/-0.06 dlogz:25.301>0.1]
62506it [5:35:19 bound:810 nc:1728 ncall:4.6e+07 eff:0.1% logz-ratio=24.08+/-0.06 dlogz:25.075>0.1]
62619it [5:36:20 bound:812 nc:771 ncall:4.6e+07 eff:0.1% logz-ratio=24.20+/-0.06 dlogz:24.926>0.1]
62798it [5:37:49 bound:815 nc:1917 ncall:4.7e+07 eff:0.1% logz-ratio=24.39+/-0.06 dlogz:24.690>0.1]
62973it [5:39:18 bound:818 nc:2417 ncall:4.7e+07 eff:0.1% logz-ratio=24.58+/-0.06 dlogz:26.144>0.1]
63138it [5:40:41 bound:821 nc:722 ncall:4.7e+07 eff:0.1% logz-ratio=24.75+/-0.06 dlogz:25.931>0.1]
63318it [5:42:08 bound:824 nc:3596 ncall:4.7e+07 eff:0.1% logz-ratio=24.94+/-0.06 dlogz:25.697>0.1]
63489it [5:43:36 bound:827 nc:2471 ncall:4.7e+07 eff:0.1% logz-ratio=25.12+/-0.06 dlogz:25.471>0.1]
63661it [5:45:02 bound:830 nc:1312 ncall:4.8e+07 eff:0.1% logz-ratio=25.31+/-0.06 dlogz:25.241>0.1]
63838it [5:46:30 bound:833 nc:2414 ncall:4.8e+07 eff:0.1% logz-ratio=25.51+/-0.06 dlogz:25.001>0.1]
64012it [5:47:57 bound:836 nc:1078 ncall:4.8e+07 eff:0.1% logz-ratio=25.70+/-0.06 dlogz:24.769>0.1]
64129it [5:48:58 bound:838 nc:1080 ncall:4.8e+07 eff:0.1% logz-ratio=25.83+/-0.06 dlogz:24.613>0.1]
64238it [5:49:58 bound:840 nc:838 ncall:4.8e+07 eff:0.1% logz-ratio=25.94+/-0.06 dlogz:24.471>0.1]
64355it [5:51:01 bound:842 nc:1721 ncall:4.8e+07 eff:0.1% logz-ratio=26.07+/-0.06 dlogz:24.315>0.1]
64533it [5:52:29 bound:845 nc:1361 ncall:4.9e+07 eff:0.1% logz-ratio=26.27+/-0.06 dlogz:24.074>0.1]
64708it [5:53:52 bound:848 nc:1538 ncall:4.9e+07 eff:0.1% logz-ratio=26.46+/-0.06 dlogz:23.841>0.1]
64888it [5:55:18 bound:851 nc:564 ncall:4.9e+07 eff:0.1% logz-ratio=26.65+/-0.06 dlogz:23.603>0.1]
65008it [5:56:19 bound:853 nc:1059 ncall:4.9e+07 eff:0.1% logz-ratio=26.78+/-0.06 dlogz:23.444>0.1]
65129it [5:57:19 bound:855 nc:1302 ncall:4.9e+07 eff:0.1% logz-ratio=26.91+/-0.06 dlogz:23.285>0.1]
65244it [5:58:21 bound:857 nc:1147 ncall:5.0e+07 eff:0.1% logz-ratio=27.03+/-0.06 dlogz:23.134>0.1]
65423it [5:59:48 bound:860 nc:1067 ncall:5.0e+07 eff:0.1% logz-ratio=27.22+/-0.06 dlogz:22.901>0.1]
65602it [6:01:17 bound:863 nc:1060 ncall:5.0e+07 eff:0.1% logz-ratio=27.41+/-0.06 dlogz:22.670>0.1]
65720it [6:02:18 bound:865 nc:853 ncall:5.0e+07 eff:0.1% logz-ratio=27.53+/-0.06 dlogz:22.517>0.1]
65789it [6:03:52 bound:866 nc:1548 ncall:5.0e+07 eff:0.1% logz-ratio=27.61+/-0.06 dlogz:22.428>0.1]
65948it [6:05:20 bound:869 nc:970 ncall:5.0e+07 eff:0.1% logz-ratio=27.78+/-0.06 dlogz:22.220>0.1]
66068it [6:06:21 bound:871 nc:1123 ncall:5.1e+07 eff:0.1% logz-ratio=27.90+/-0.06 dlogz:22.062>0.1]
66253it [6:07:47 bound:874 nc:1922 ncall:5.1e+07 eff:0.1% logz-ratio=28.10+/-0.06 dlogz:21.819>0.1]
66433it [6:09:15 bound:877 nc:1378 ncall:5.1e+07 eff:0.1% logz-ratio=28.30+/-0.06 dlogz:21.580>0.1]
66609it [6:10:43 bound:880 nc:1363 ncall:5.1e+07 eff:0.1% logz-ratio=28.48+/-0.06 dlogz:21.350>0.1]
66783it [6:12:11 bound:883 nc:858 ncall:5.2e+07 eff:0.1% logz-ratio=28.67+/-0.06 dlogz:21.119>0.1]
66906it [6:13:12 bound:885 nc:1018 ncall:5.2e+07 eff:0.1% logz-ratio=28.81+/-0.06 dlogz:20.954>0.1]
67088it [6:14:40 bound:888 nc:1669 ncall:5.2e+07 eff:0.1% logz-ratio=29.01+/-0.06 dlogz:20.707>0.1]
67262it [6:16:09 bound:891 nc:2555 ncall:5.2e+07 eff:0.1% logz-ratio=29.20+/-0.06 dlogz:20.476>0.1]
67444it [6:17:36 bound:894 nc:925 ncall:5.2e+07 eff:0.1% logz-ratio=29.39+/-0.06 dlogz:20.237>0.1]
67566it [6:18:37 bound:896 nc:1113 ncall:5.3e+07 eff:0.1% logz-ratio=29.52+/-0.06 dlogz:21.162>0.1]
67747it [6:20:05 bound:899 nc:1171 ncall:5.3e+07 eff:0.1% logz-ratio=29.71+/-0.06 dlogz:20.928>0.1]
67867it [6:21:07 bound:901 nc:653 ncall:5.3e+07 eff:0.1% logz-ratio=29.84+/-0.06 dlogz:20.775>0.1]
68051it [6:22:36 bound:904 nc:1373 ncall:5.3e+07 eff:0.1% logz-ratio=30.02+/-0.06 dlogz:21.117>0.1]
68175it [6:23:37 bound:906 nc:2028 ncall:5.3e+07 eff:0.1% logz-ratio=30.14+/-0.06 dlogz:20.966>0.1]
68292it [6:24:40 bound:908 nc:922 ncall:5.3e+07 eff:0.1% logz-ratio=30.25+/-0.06 dlogz:20.825>0.1]
68413it [6:25:43 bound:910 nc:2701 ncall:5.4e+07 eff:0.1% logz-ratio=30.37+/-0.06 dlogz:20.681>0.1]
68591it [6:27:06 bound:913 nc:1422 ncall:5.4e+07 eff:0.1% logz-ratio=30.53+/-0.06 dlogz:20.471>0.1]
68772it [6:28:36 bound:916 nc:1384 ncall:5.4e+07 eff:0.1% logz-ratio=30.70+/-0.06 dlogz:20.255>0.1]
68894it [6:29:38 bound:918 nc:1347 ncall:5.4e+07 eff:0.1% logz-ratio=30.82+/-0.06 dlogz:20.110>0.1]
69015it [6:30:38 bound:920 nc:2374 ncall:5.4e+07 eff:0.1% logz-ratio=30.93+/-0.06 dlogz:19.966>0.1]
69134it [6:31:41 bound:922 nc:1407 ncall:5.5e+07 eff:0.1% logz-ratio=31.05+/-0.06 dlogz:19.825>0.1]
69257it [6:32:44 bound:924 nc:895 ncall:5.5e+07 eff:0.1% logz-ratio=31.16+/-0.06 dlogz:19.680>0.1]
69380it [6:33:47 bound:926 nc:1437 ncall:5.5e+07 eff:0.1% logz-ratio=31.28+/-0.06 dlogz:19.534>0.1]
69501it [6:34:48 bound:928 nc:1521 ncall:5.5e+07 eff:0.1% logz-ratio=31.39+/-0.06 dlogz:19.392>0.1]
69615it [6:35:50 bound:930 nc:961 ncall:5.5e+07 eff:0.1% logz-ratio=31.49+/-0.06 dlogz:19.260>0.1]
69737it [6:36:52 bound:932 nc:1133 ncall:5.5e+07 eff:0.1% logz-ratio=31.60+/-0.06 dlogz:19.120>0.1]
69921it [6:38:22 bound:935 nc:1460 ncall:5.6e+07 eff:0.1% logz-ratio=31.77+/-0.06 dlogz:18.910>0.1]
70046it [6:39:24 bound:937 nc:1264 ncall:5.6e+07 eff:0.1% logz-ratio=31.88+/-0.06 dlogz:18.768>0.1]
70171it [6:40:25 bound:939 nc:1903 ncall:5.6e+07 eff:0.1% logz-ratio=31.99+/-0.06 dlogz:18.627>0.1]
70346it [6:41:56 bound:942 nc:592 ncall:5.6e+07 eff:0.1% logz-ratio=32.14+/-0.06 dlogz:18.433>0.1]
70477it [6:42:56 bound:944 nc:1163 ncall:5.6e+07 eff:0.1% logz-ratio=32.26+/-0.06 dlogz:18.286>0.1]
70588it [6:43:59 bound:946 nc:497 ncall:5.6e+07 eff:0.1% logz-ratio=32.35+/-0.06 dlogz:18.162>0.1]
70712it [6:45:02 bound:948 nc:1085 ncall:5.7e+07 eff:0.1% logz-ratio=32.46+/-0.07 dlogz:18.022>0.1]
70835it [6:46:07 bound:950 nc:1048 ncall:5.7e+07 eff:0.1% logz-ratio=32.57+/-0.07 dlogz:17.882>0.1]
70959it [6:47:10 bound:952 nc:1271 ncall:5.7e+07 eff:0.1% logz-ratio=32.69+/-0.07 dlogz:17.740>0.1]
71083it [6:48:11 bound:954 nc:1761 ncall:5.7e+07 eff:0.1% logz-ratio=32.79+/-0.07 dlogz:17.601>0.1]
71200it [6:49:15 bound:956 nc:1011 ncall:5.7e+07 eff:0.1% logz-ratio=32.90+/-0.07 dlogz:17.468>0.1]
71320it [6:50:18 bound:958 nc:795 ncall:5.7e+07 eff:0.1% logz-ratio=33.01+/-0.07 dlogz:17.332>0.1]
71444it [6:51:23 bound:960 nc:2004 ncall:5.8e+07 eff:0.1% logz-ratio=33.12+/-0.07 dlogz:17.192>0.1]
71563it [6:52:25 bound:962 nc:1159 ncall:5.8e+07 eff:0.1% logz-ratio=33.22+/-0.07 dlogz:17.056>0.1]
71686it [6:53:27 bound:964 nc:1075 ncall:5.8e+07 eff:0.1% logz-ratio=33.33+/-0.07 dlogz:18.019>0.1]
71865it [6:54:59 bound:967 nc:2237 ncall:5.8e+07 eff:0.1% logz-ratio=33.49+/-0.07 dlogz:17.816>0.1]
71990it [6:56:03 bound:969 nc:1119 ncall:5.8e+07 eff:0.1% logz-ratio=33.60+/-0.07 dlogz:17.677>0.1]
72113it [6:57:03 bound:971 nc:1207 ncall:5.8e+07 eff:0.1% logz-ratio=33.71+/-0.07 dlogz:17.541>0.1]
72240it [6:58:07 bound:973 nc:825 ncall:5.9e+07 eff:0.1% logz-ratio=33.81+/-0.07 dlogz:17.401>0.1]
72362it [6:59:10 bound:975 nc:1138 ncall:5.9e+07 eff:0.1% logz-ratio=33.92+/-0.07 dlogz:17.269>0.1]
72484it [7:00:12 bound:977 nc:1110 ncall:5.9e+07 eff:0.1% logz-ratio=34.02+/-0.07 dlogz:17.135>0.1]
72603it [7:01:16 bound:979 nc:1376 ncall:5.9e+07 eff:0.1% logz-ratio=34.12+/-0.07 dlogz:17.005>0.1]
72722it [7:02:19 bound:981 nc:789 ncall:5.9e+07 eff:0.1% logz-ratio=34.22+/-0.07 dlogz:16.876>0.1]
72844it [7:03:21 bound:983 nc:1167 ncall:5.9e+07 eff:0.1% logz-ratio=34.32+/-0.07 dlogz:16.745>0.1]
72846it [7:04:30 bound:983 nc:1581 ncall:5.9e+07 eff:0.1% logz-ratio=34.32+/-0.07 dlogz:16.743>0.1]
72969it [7:05:33 bound:985 nc:1544 ncall:6.0e+07 eff:0.1% logz-ratio=34.43+/-0.07 dlogz:16.609>0.1]
73095it [7:06:34 bound:987 nc:1097 ncall:6.0e+07 eff:0.1% logz-ratio=34.53+/-0.07 dlogz:16.472>0.1]
73217it [7:07:37 bound:989 nc:1296 ncall:6.0e+07 eff:0.1% logz-ratio=34.64+/-0.07 dlogz:16.340>0.1]
73338it [7:08:41 bound:991 nc:1558 ncall:6.0e+07 eff:0.1% logz-ratio=34.74+/-0.07 dlogz:16.211>0.1]
73462it [7:09:46 bound:993 nc:1468 ncall:6.0e+07 eff:0.1% logz-ratio=34.84+/-0.07 dlogz:16.080>0.1]
73582it [7:10:49 bound:995 nc:1690 ncall:6.0e+07 eff:0.1% logz-ratio=34.93+/-0.07 dlogz:15.953>0.1]
73703it [7:11:53 bound:997 nc:1752 ncall:6.1e+07 eff:0.1% logz-ratio=35.03+/-0.07 dlogz:15.824>0.1]
73826it [7:12:59 bound:999 nc:771 ncall:6.1e+07 eff:0.1% logz-ratio=35.14+/-0.07 dlogz:15.692>0.1]
73948it [7:14:02 bound:1001 nc:739 ncall:6.1e+07 eff:0.1% logz-ratio=35.24+/-0.07 dlogz:15.561>0.1]
74072it [7:15:02 bound:1003 nc:1454 ncall:6.1e+07 eff:0.1% logz-ratio=35.34+/-0.07 dlogz:15.427>0.1]
74196it [7:16:06 bound:1005 nc:1174 ncall:6.1e+07 eff:0.1% logz-ratio=35.44+/-0.07 dlogz:15.295>0.1]
74316it [7:17:08 bound:1007 nc:1379 ncall:6.1e+07 eff:0.1% logz-ratio=35.54+/-0.07 dlogz:15.167>0.1]
74436it [7:18:13 bound:1009 nc:1030 ncall:6.2e+07 eff:0.1% logz-ratio=35.64+/-0.07 dlogz:15.039>0.1]
74558it [7:19:15 bound:1011 nc:1543 ncall:6.2e+07 eff:0.1% logz-ratio=35.74+/-0.07 dlogz:14.909>0.1]
74685it [7:20:18 bound:1013 nc:1491 ncall:6.2e+07 eff:0.1% logz-ratio=35.84+/-0.07 dlogz:14.776>0.1]
74805it [7:21:21 bound:1015 nc:1832 ncall:6.2e+07 eff:0.1% logz-ratio=35.94+/-0.07 dlogz:14.653>0.1]
74928it [7:22:25 bound:1017 nc:1422 ncall:6.2e+07 eff:0.1% logz-ratio=36.03+/-0.07 dlogz:14.529>0.1]
75051it [7:23:30 bound:1019 nc:1025 ncall:6.2e+07 eff:0.1% logz-ratio=36.12+/-0.07 dlogz:14.406>0.1]
75237it [7:25:03 bound:1022 nc:1129 ncall:6.3e+07 eff:0.1% logz-ratio=36.26+/-0.07 dlogz:14.219>0.1]
75358it [7:26:07 bound:1024 nc:1425 ncall:6.3e+07 eff:0.1% logz-ratio=36.35+/-0.07 dlogz:14.100>0.1]
75478it [7:27:08 bound:1026 nc:1575 ncall:6.3e+07 eff:0.1% logz-ratio=36.44+/-0.07 dlogz:13.984>0.1]
75600it [7:28:14 bound:1028 nc:736 ncall:6.3e+07 eff:0.1% logz-ratio=36.53+/-0.07 dlogz:13.866>0.1]
75721it [7:29:19 bound:1030 nc:1757 ncall:6.3e+07 eff:0.1% logz-ratio=36.62+/-0.07 dlogz:13.750>0.1]
75841it [7:30:22 bound:1032 nc:1341 ncall:6.4e+07 eff:0.1% logz-ratio=36.70+/-0.07 dlogz:13.635>0.1]
75965it [7:31:26 bound:1034 nc:1219 ncall:6.4e+07 eff:0.1% logz-ratio=36.79+/-0.07 dlogz:13.517>0.1]
76089it [7:32:29 bound:1036 nc:976 ncall:6.4e+07 eff:0.1% logz-ratio=36.88+/-0.07 dlogz:13.400>0.1]
76213it [7:33:34 bound:1038 nc:1727 ncall:6.4e+07 eff:0.1% logz-ratio=36.96+/-0.07 dlogz:13.284>0.1]
76338it [7:34:38 bound:1040 nc:1367 ncall:6.4e+07 eff:0.1% logz-ratio=37.05+/-0.07 dlogz:13.167>0.1]
76460it [7:35:39 bound:1042 nc:861 ncall:6.4e+07 eff:0.1% logz-ratio=37.13+/-0.07 dlogz:13.053>0.1]
76584it [7:36:45 bound:1044 nc:1455 ncall:6.5e+07 eff:0.1% logz-ratio=37.22+/-0.07 dlogz:12.936>0.1]
76704it [7:37:48 bound:1046 nc:1273 ncall:6.5e+07 eff:0.1% logz-ratio=37.30+/-0.07 dlogz:12.822>0.1]
76824it [7:38:52 bound:1048 nc:1593 ncall:6.5e+07 eff:0.1% logz-ratio=37.39+/-0.07 dlogz:12.710>0.1]
76944it [7:39:55 bound:1050 nc:1583 ncall:6.5e+07 eff:0.1% logz-ratio=37.47+/-0.07 dlogz:12.597>0.1]
77067it [7:41:01 bound:1052 nc:1089 ncall:6.5e+07 eff:0.1% logz-ratio=37.56+/-0.07 dlogz:12.481>0.1]
77190it [7:42:08 bound:1054 nc:1186 ncall:6.5e+07 eff:0.1% logz-ratio=37.64+/-0.07 dlogz:12.365>0.1]
77315it [7:43:11 bound:1056 nc:1801 ncall:6.6e+07 eff:0.1% logz-ratio=37.73+/-0.07 dlogz:12.248>0.1]
77439it [7:44:14 bound:1058 nc:1430 ncall:6.6e+07 eff:0.1% logz-ratio=37.81+/-0.07 dlogz:12.132>0.1]
77557it [7:45:16 bound:1060 nc:1595 ncall:6.6e+07 eff:0.1% logz-ratio=37.90+/-0.07 dlogz:12.021>0.1]
77681it [7:46:21 bound:1062 nc:2012 ncall:6.6e+07 eff:0.1% logz-ratio=37.98+/-0.07 dlogz:11.907>0.1]
77799it [7:47:27 bound:1064 nc:770 ncall:6.6e+07 eff:0.1% logz-ratio=38.06+/-0.07 dlogz:11.798>0.1]
77921it [7:48:36 bound:1066 nc:1607 ncall:6.6e+07 eff:0.1% logz-ratio=38.14+/-0.07 dlogz:11.853>0.1]
78039it [7:49:39 bound:1068 nc:3532 ncall:6.7e+07 eff:0.1% logz-ratio=38.22+/-0.07 dlogz:11.748>0.1]
78160it [7:50:44 bound:1070 nc:1345 ncall:6.7e+07 eff:0.1% logz-ratio=38.29+/-0.07 dlogz:11.642>0.1]
78281it [7:51:52 bound:1072 nc:1437 ncall:6.7e+07 eff:0.1% logz-ratio=38.37+/-0.07 dlogz:11.534>0.1]
78404it [7:52:55 bound:1074 nc:1826 ncall:6.7e+07 eff:0.1% logz-ratio=38.45+/-0.07 dlogz:11.425>0.1]
78525it [7:54:01 bound:1076 nc:1269 ncall:6.7e+07 eff:0.1% logz-ratio=38.53+/-0.07 dlogz:11.319>0.1]
78647it [7:55:08 bound:1078 nc:1224 ncall:6.8e+07 eff:0.1% logz-ratio=38.60+/-0.07 dlogz:11.214>0.1]
78772it [7:56:15 bound:1080 nc:1133 ncall:6.8e+07 eff:0.1% logz-ratio=38.68+/-0.07 dlogz:11.114>0.1]
78893it [7:57:22 bound:1082 nc:1234 ncall:6.8e+07 eff:0.1% logz-ratio=38.75+/-0.07 dlogz:11.011>0.1]
79017it [7:58:25 bound:1084 nc:1091 ncall:6.8e+07 eff:0.1% logz-ratio=38.83+/-0.07 dlogz:10.905>0.1]
79142it [7:59:35 bound:1086 nc:973 ncall:6.8e+07 eff:0.1% logz-ratio=38.90+/-0.07 dlogz:10.800>0.1]
79265it [8:00:41 bound:1088 nc:1856 ncall:6.8e+07 eff:0.1% logz-ratio=38.97+/-0.07 dlogz:10.698>0.1]
79392it [8:01:48 bound:1090 nc:1556 ncall:6.9e+07 eff:0.1% logz-ratio=39.05+/-0.07 dlogz:10.594>0.1]
79511it [8:02:55 bound:1092 nc:2250 ncall:6.9e+07 eff:0.1% logz-ratio=39.12+/-0.07 dlogz:10.496>0.1]
79632it [8:03:59 bound:1094 nc:1637 ncall:6.9e+07 eff:0.1% logz-ratio=39.19+/-0.07 dlogz:10.397>0.1]
79651it [8:05:14 bound:1094 nc:1396 ncall:6.9e+07 eff:0.1% logz-ratio=39.20+/-0.07 dlogz:10.382>0.1]
79756it [8:06:20 bound:1096 nc:2080 ncall:6.9e+07 eff:0.1% logz-ratio=39.26+/-0.07 dlogz:10.296>0.1]
79877it [8:07:23 bound:1098 nc:1304 ncall:6.9e+07 eff:0.1% logz-ratio=39.32+/-0.07 dlogz:10.199>0.1]
80001it [8:08:33 bound:1100 nc:1631 ncall:6.9e+07 eff:0.1% logz-ratio=39.39+/-0.07 dlogz:10.100>0.1]
80122it [8:09:41 bound:1102 nc:995 ncall:7.0e+07 eff:0.1% logz-ratio=39.46+/-0.07 dlogz:10.005>0.1]
80249it [8:10:47 bound:1104 nc:1997 ncall:7.0e+07 eff:0.1% logz-ratio=39.53+/-0.07 dlogz:9.906>0.1]
80371it [8:11:53 bound:1106 nc:1345 ncall:7.0e+07 eff:0.1% logz-ratio=39.59+/-0.07 dlogz:9.812>0.1]
80493it [8:13:04 bound:1108 nc:1823 ncall:7.0e+07 eff:0.1% logz-ratio=39.65+/-0.07 dlogz:9.718>0.1]
80616it [8:14:12 bound:1110 nc:1404 ncall:7.0e+07 eff:0.1% logz-ratio=39.72+/-0.07 dlogz:9.624>0.1]
80740it [8:15:19 bound:1112 nc:922 ncall:7.1e+07 eff:0.1% logz-ratio=39.78+/-0.07 dlogz:9.528>0.1]
80860it [8:16:27 bound:1114 nc:853 ncall:7.1e+07 eff:0.1% logz-ratio=39.85+/-0.07 dlogz:9.436>0.1]
80979it [8:17:33 bound:1116 nc:1059 ncall:7.1e+07 eff:0.1% logz-ratio=39.91+/-0.07 dlogz:9.344>0.1]
81095it [8:18:39 bound:1118 nc:1373 ncall:7.1e+07 eff:0.1% logz-ratio=39.97+/-0.07 dlogz:9.255>0.1]
81217it [8:19:47 bound:1120 nc:1381 ncall:7.1e+07 eff:0.1% logz-ratio=40.03+/-0.07 dlogz:9.162>0.1]
81338it [8:20:54 bound:1122 nc:1190 ncall:7.1e+07 eff:0.1% logz-ratio=40.10+/-0.07 dlogz:9.071>0.1]
81462it [8:22:01 bound:1124 nc:1986 ncall:7.2e+07 eff:0.1% logz-ratio=40.16+/-0.07 dlogz:8.978>0.1]
81580it [8:23:08 bound:1126 nc:2868 ncall:7.2e+07 eff:0.1% logz-ratio=40.22+/-0.07 dlogz:8.890>0.1]
81703it [8:24:15 bound:1128 nc:3349 ncall:7.2e+07 eff:0.1% logz-ratio=40.28+/-0.07 dlogz:8.799>0.1]
81817it [8:25:23 bound:1130 nc:1704 ncall:7.2e+07 eff:0.1% logz-ratio=40.33+/-0.07 dlogz:8.716>0.1]
81934it [8:26:28 bound:1132 nc:2777 ncall:7.2e+07 eff:0.1% logz-ratio=40.39+/-0.07 dlogz:8.631>0.1]
82057it [8:27:35 bound:1134 nc:1572 ncall:7.3e+07 eff:0.1% logz-ratio=40.45+/-0.07 dlogz:8.543>0.1]
82180it [8:28:43 bound:1136 nc:1303 ncall:7.3e+07 eff:0.1% logz-ratio=40.51+/-0.07 dlogz:8.455>0.1]
82305it [8:29:48 bound:1138 nc:1132 ncall:7.3e+07 eff:0.1% logz-ratio=40.56+/-0.07 dlogz:8.367>0.1]
82429it [8:30:56 bound:1140 nc:1298 ncall:7.3e+07 eff:0.1% logz-ratio=40.62+/-0.07 dlogz:8.281>0.1]
82548it [8:32:05 bound:1142 nc:1080 ncall:7.3e+07 eff:0.1% logz-ratio=40.67+/-0.07 dlogz:8.198>0.1]
82671it [8:33:13 bound:1144 nc:1486 ncall:7.4e+07 eff:0.1% logz-ratio=40.73+/-0.07 dlogz:8.114>0.1]
82795it [8:34:21 bound:1146 nc:1560 ncall:7.4e+07 eff:0.1% logz-ratio=40.78+/-0.07 dlogz:8.029>0.1]
82917it [8:35:26 bound:1148 nc:1211 ncall:7.4e+07 eff:0.1% logz-ratio=40.84+/-0.07 dlogz:7.946>0.1]
83038it [8:36:31 bound:1150 nc:1709 ncall:7.4e+07 eff:0.1% logz-ratio=40.89+/-0.07 dlogz:7.864>0.1]
83158it [8:37:40 bound:1152 nc:2585 ncall:7.4e+07 eff:0.1% logz-ratio=40.94+/-0.07 dlogz:7.784>0.1]
83278it [8:38:46 bound:1154 nc:895 ncall:7.4e+07 eff:0.1% logz-ratio=40.99+/-0.07 dlogz:7.705>0.1]
83404it [8:39:52 bound:1156 nc:1088 ncall:7.5e+07 eff:0.1% logz-ratio=41.04+/-0.07 dlogz:7.622>0.1]
83525it [8:41:02 bound:1158 nc:4204 ncall:7.5e+07 eff:0.1% logz-ratio=41.09+/-0.07 dlogz:7.543>0.1]
83645it [8:42:09 bound:1160 nc:3747 ncall:7.5e+07 eff:0.1% logz-ratio=41.14+/-0.07 dlogz:7.465>0.1]
83767it [8:43:17 bound:1162 nc:1329 ncall:7.5e+07 eff:0.1% logz-ratio=41.19+/-0.07 dlogz:7.386>0.1]
83891it [8:44:25 bound:1164 nc:3282 ncall:7.5e+07 eff:0.1% logz-ratio=41.24+/-0.07 dlogz:7.307>0.1]
84010it [8:45:33 bound:1166 nc:2833 ncall:7.6e+07 eff:0.1% logz-ratio=41.28+/-0.07 dlogz:7.231>0.1]
84131it [8:46:43 bound:1168 nc:1983 ncall:7.6e+07 eff:0.1% logz-ratio=41.33+/-0.07 dlogz:7.155>0.1]
84252it [8:47:50 bound:1170 nc:1198 ncall:7.6e+07 eff:0.1% logz-ratio=41.38+/-0.07 dlogz:7.079>0.1]
84368it [8:48:58 bound:1172 nc:1320 ncall:7.6e+07 eff:0.1% logz-ratio=41.42+/-0.07 dlogz:7.007>0.1]
84485it [8:50:07 bound:1174 nc:1443 ncall:7.6e+07 eff:0.1% logz-ratio=41.46+/-0.07 dlogz:6.934>0.1]
84607it [8:51:15 bound:1176 nc:942 ncall:7.6e+07 eff:0.1% logz-ratio=41.51+/-0.07 dlogz:6.858>0.1]
84724it [8:52:26 bound:1178 nc:1822 ncall:7.7e+07 eff:0.1% logz-ratio=41.55+/-0.07 dlogz:6.869>0.1]
84846it [8:53:34 bound:1180 nc:1897 ncall:7.7e+07 eff:0.1% logz-ratio=41.60+/-0.07 dlogz:6.996>0.1]
84965it [8:54:43 bound:1182 nc:1184 ncall:7.7e+07 eff:0.1% logz-ratio=41.64+/-0.07 dlogz:6.925>0.1]
85086it [8:55:52 bound:1184 nc:1806 ncall:7.7e+07 eff:0.1% logz-ratio=41.68+/-0.07 dlogz:6.853>0.1]
85206it [8:56:58 bound:1186 nc:1384 ncall:7.7e+07 eff:0.1% logz-ratio=41.72+/-0.07 dlogz:6.782>0.1]
85322it [8:58:10 bound:1188 nc:1354 ncall:7.8e+07 eff:0.1% logz-ratio=41.77+/-0.07 dlogz:6.714>0.1]
85444it [8:59:17 bound:1190 nc:1495 ncall:7.8e+07 eff:0.1% logz-ratio=41.81+/-0.07 dlogz:6.642>0.1]
85565it [9:00:25 bound:1192 nc:1193 ncall:7.8e+07 eff:0.1% logz-ratio=41.85+/-0.07 dlogz:6.571>0.1]
85688it [9:01:31 bound:1194 nc:1803 ncall:7.8e+07 eff:0.1% logz-ratio=41.89+/-0.07 dlogz:6.499>0.1]
85809it [9:02:39 bound:1196 nc:1432 ncall:7.8e+07 eff:0.1% logz-ratio=41.93+/-0.07 dlogz:6.429>0.1]
85929it [9:03:46 bound:1198 nc:1098 ncall:7.9e+07 eff:0.1% logz-ratio=41.97+/-0.07 dlogz:6.360>0.1]
86050it [9:04:53 bound:1200 nc:1208 ncall:7.9e+07 eff:0.1% logz-ratio=42.01+/-0.07 dlogz:6.291>0.1]
86063it [9:06:13 bound:1200 nc:906 ncall:7.9e+07 eff:0.1% logz-ratio=42.01+/-0.07 dlogz:6.284>0.1]
86167it [9:07:21 bound:1202 nc:2027 ncall:7.9e+07 eff:0.1% logz-ratio=42.05+/-0.07 dlogz:6.225>0.1]
86285it [9:08:31 bound:1204 nc:1413 ncall:7.9e+07 eff:0.1% logz-ratio=42.09+/-0.07 dlogz:6.159>0.1]
86403it [9:09:39 bound:1206 nc:1700 ncall:7.9e+07 eff:0.1% logz-ratio=42.12+/-0.07 dlogz:6.093>0.1]
86525it [9:10:46 bound:1208 nc:2102 ncall:8.0e+07 eff:0.1% logz-ratio=42.16+/-0.07 dlogz:6.099>0.1]
86646it [9:11:57 bound:1210 nc:1664 ncall:8.0e+07 eff:0.1% logz-ratio=42.20+/-0.07 dlogz:6.033>0.1]
86765it [9:13:06 bound:1212 nc:1240 ncall:8.0e+07 eff:0.1% logz-ratio=42.23+/-0.07 dlogz:5.969>0.1]
86888it [9:14:16 bound:1214 nc:1453 ncall:8.0e+07 eff:0.1% logz-ratio=42.27+/-0.07 dlogz:5.903>0.1]
87009it [9:15:27 bound:1216 nc:1618 ncall:8.0e+07 eff:0.1% logz-ratio=42.30+/-0.07 dlogz:5.839>0.1]
87131it [9:16:36 bound:1218 nc:1479 ncall:8.1e+07 eff:0.1% logz-ratio=42.34+/-0.07 dlogz:5.774>0.1]
87248it [9:17:46 bound:1220 nc:1981 ncall:8.1e+07 eff:0.1% logz-ratio=42.37+/-0.07 dlogz:5.713>0.1]
87363it [9:18:56 bound:1222 nc:1774 ncall:8.1e+07 eff:0.1% logz-ratio=42.40+/-0.07 dlogz:5.653>0.1]
87484it [9:20:03 bound:1224 nc:1242 ncall:8.1e+07 eff:0.1% logz-ratio=42.44+/-0.07 dlogz:5.591>0.1]
87601it [9:21:13 bound:1226 nc:1396 ncall:8.1e+07 eff:0.1% logz-ratio=42.47+/-0.07 dlogz:5.531>0.1]
87723it [9:22:23 bound:1228 nc:1568 ncall:8.1e+07 eff:0.1% logz-ratio=42.50+/-0.07 dlogz:5.469>0.1]
87840it [9:23:30 bound:1230 nc:1555 ncall:8.2e+07 eff:0.1% logz-ratio=42.53+/-0.07 dlogz:5.410>0.1]
87960it [9:24:42 bound:1232 nc:912 ncall:8.2e+07 eff:0.1% logz-ratio=42.56+/-0.07 dlogz:5.350>0.1]
88080it [9:25:53 bound:1234 nc:1285 ncall:8.2e+07 eff:0.1% logz-ratio=42.59+/-0.07 dlogz:5.291>0.1]
88206it [9:27:01 bound:1236 nc:1153 ncall:8.2e+07 eff:0.1% logz-ratio=42.62+/-0.07 dlogz:5.228>0.1]
88321it [9:28:08 bound:1238 nc:3062 ncall:8.2e+07 eff:0.1% logz-ratio=42.65+/-0.07 dlogz:5.171>0.1]
88440it [9:29:20 bound:1240 nc:1891 ncall:8.3e+07 eff:0.1% logz-ratio=42.68+/-0.07 dlogz:5.113>0.1]
88562it [9:30:29 bound:1242 nc:1597 ncall:8.3e+07 eff:0.1% logz-ratio=42.71+/-0.07 dlogz:5.053>0.1]
88683it [9:31:37 bound:1244 nc:1010 ncall:8.3e+07 eff:0.1% logz-ratio=42.74+/-0.07 dlogz:4.995>0.1]
88807it [9:32:47 bound:1246 nc:1072 ncall:8.3e+07 eff:0.1% logz-ratio=42.77+/-0.07 dlogz:5.249>0.1]
88924it [9:33:56 bound:1248 nc:1504 ncall:8.3e+07 eff:0.1% logz-ratio=42.80+/-0.07 dlogz:5.193>0.1]
89047it [9:35:04 bound:1250 nc:1601 ncall:8.4e+07 eff:0.1% logz-ratio=42.83+/-0.07 dlogz:5.135>0.1]
89169it [9:36:13 bound:1252 nc:1699 ncall:8.4e+07 eff:0.1% logz-ratio=42.86+/-0.07 dlogz:5.077>0.1]
89292it [9:37:23 bound:1254 nc:2304 ncall:8.4e+07 eff:0.1% logz-ratio=42.89+/-0.07 dlogz:5.019>0.1]
89413it [9:38:35 bound:1256 nc:1501 ncall:8.4e+07 eff:0.1% logz-ratio=42.91+/-0.07 dlogz:4.963>0.1]
89534it [9:39:46 bound:1258 nc:1258 ncall:8.4e+07 eff:0.1% logz-ratio=42.94+/-0.07 dlogz:4.907>0.1]
89655it [9:40:55 bound:1260 nc:1430 ncall:8.5e+07 eff:0.1% logz-ratio=42.97+/-0.07 dlogz:4.851>0.1]
89775it [9:42:03 bound:1262 nc:1456 ncall:8.5e+07 eff:0.1% logz-ratio=42.99+/-0.07 dlogz:4.797>0.1]
89892it [9:43:12 bound:1264 nc:3133 ncall:8.5e+07 eff:0.1% logz-ratio=43.02+/-0.07 dlogz:4.744>0.1]
90011it [9:44:23 bound:1266 nc:886 ncall:8.5e+07 eff:0.1% logz-ratio=43.04+/-0.07 dlogz:4.885>0.1]
90128it [9:45:34 bound:1268 nc:1237 ncall:8.5e+07 eff:0.1% logz-ratio=43.07+/-0.07 dlogz:4.833>0.1]
90248it [9:46:43 bound:1270 nc:1429 ncall:8.6e+07 eff:0.1% logz-ratio=43.09+/-0.07 dlogz:4.780>0.1]
90370it [9:47:55 bound:1272 nc:1874 ncall:8.6e+07 eff:0.1% logz-ratio=43.11+/-0.07 dlogz:4.726>0.1]
90495it [9:49:07 bound:1274 nc:1872 ncall:8.6e+07 eff:0.1% logz-ratio=43.14+/-0.07 dlogz:4.671>0.1]
90617it [9:50:21 bound:1276 nc:1429 ncall:8.6e+07 eff:0.1% logz-ratio=43.16+/-0.07 dlogz:4.618>0.1]
90732it [9:51:33 bound:1278 nc:1761 ncall:8.6e+07 eff:0.1% logz-ratio=43.19+/-0.07 dlogz:4.568>0.1]
90857it [9:52:45 bound:1280 nc:1648 ncall:8.7e+07 eff:0.1% logz-ratio=43.21+/-0.07 dlogz:4.515>0.1]
90976it [9:53:57 bound:1282 nc:1987 ncall:8.7e+07 eff:0.1% logz-ratio=43.23+/-0.07 dlogz:4.464>0.1]
91097it [9:55:13 bound:1284 nc:2119 ncall:8.7e+07 eff:0.1% logz-ratio=43.25+/-0.07 dlogz:4.412>0.1]
91217it [9:56:26 bound:1286 nc:1471 ncall:8.7e+07 eff:0.1% logz-ratio=43.28+/-0.07 dlogz:4.361>0.1]
91336it [9:57:37 bound:1288 nc:1439 ncall:8.7e+07 eff:0.1% logz-ratio=43.30+/-0.07 dlogz:4.311>0.1]
91452it [9:58:50 bound:1290 nc:1373 ncall:8.8e+07 eff:0.1% logz-ratio=43.32+/-0.07 dlogz:4.263>0.1]
91568it [10:00:03 bound:1292 nc:2028 ncall:8.8e+07 eff:0.1% logz-ratio=43.34+/-0.07 dlogz:4.215>0.1]
91692it [10:01:14 bound:1294 nc:1489 ncall:8.8e+07 eff:0.1% logz-ratio=43.36+/-0.07 dlogz:4.187>0.1]
91812it [10:02:30 bound:1296 nc:1658 ncall:8.8e+07 eff:0.1% logz-ratio=43.38+/-0.07 dlogz:4.138>0.1]
91932it [10:03:45 bound:1298 nc:1246 ncall:8.8e+07 eff:0.1% logz-ratio=43.40+/-0.07 dlogz:4.090>0.1]
92056it [10:04:59 bound:1300 nc:1255 ncall:8.9e+07 eff:0.1% logz-ratio=43.42+/-0.07 dlogz:4.040>0.1]
92124it [10:07:00 bound:1301 nc:1647 ncall:8.9e+07 eff:0.1% logz-ratio=43.43+/-0.07 dlogz:4.013>0.1]
92235it [10:08:15 bound:1303 nc:1769 ncall:8.9e+07 eff:0.1% logz-ratio=43.45+/-0.07 dlogz:3.968>0.1]
92356it [10:09:28 bound:1305 nc:2282 ncall:8.9e+07 eff:0.1% logz-ratio=43.47+/-0.07 dlogz:3.920>0.1]
92471it [10:10:42 bound:1307 nc:2235 ncall:8.9e+07 eff:0.1% logz-ratio=43.49+/-0.07 dlogz:3.875>0.1]
92588it [10:11:54 bound:1309 nc:1171 ncall:9.0e+07 eff:0.1% logz-ratio=43.51+/-0.07 dlogz:3.830>0.1]
92709it [10:13:07 bound:1311 nc:1325 ncall:9.0e+07 eff:0.1% logz-ratio=43.52+/-0.07 dlogz:3.783>0.1]
92824it [10:14:22 bound:1313 nc:1790 ncall:9.0e+07 eff:0.1% logz-ratio=43.54+/-0.07 dlogz:3.739>0.1]
92940it [10:15:36 bound:1315 nc:1788 ncall:9.0e+07 eff:0.1% logz-ratio=43.56+/-0.07 dlogz:3.694>0.1]
93059it [10:16:48 bound:1317 nc:1839 ncall:9.0e+07 eff:0.1% logz-ratio=43.58+/-0.07 dlogz:3.649>0.1]
93181it [10:18:03 bound:1319 nc:1776 ncall:9.1e+07 eff:0.1% logz-ratio=43.59+/-0.07 dlogz:3.603>0.1]
93298it [10:19:18 bound:1321 nc:1934 ncall:9.1e+07 eff:0.1% logz-ratio=43.61+/-0.07 dlogz:3.559>0.1]
93419it [10:20:32 bound:1323 nc:1562 ncall:9.1e+07 eff:0.1% logz-ratio=43.63+/-0.07 dlogz:3.514>0.1]
93534it [10:21:43 bound:1325 nc:1423 ncall:9.1e+07 eff:0.1% logz-ratio=43.64+/-0.07 dlogz:3.471>0.1]
93651it [10:23:00 bound:1327 nc:2099 ncall:9.1e+07 eff:0.1% logz-ratio=43.66+/-0.07 dlogz:3.428>0.1]
93765it [10:24:15 bound:1329 nc:1145 ncall:9.2e+07 eff:0.1% logz-ratio=43.67+/-0.07 dlogz:3.386>0.1]
93884it [10:25:32 bound:1331 nc:1958 ncall:9.2e+07 eff:0.1% logz-ratio=43.69+/-0.07 dlogz:3.342>0.1]
94005it [10:26:45 bound:1333 nc:1455 ncall:9.2e+07 eff:0.1% logz-ratio=43.71+/-0.07 dlogz:3.298>0.1]
94124it [10:28:02 bound:1335 nc:1598 ncall:9.2e+07 eff:0.1% logz-ratio=43.72+/-0.07 dlogz:3.255>0.1]
94240it [10:29:19 bound:1337 nc:1470 ncall:9.3e+07 eff:0.1% logz-ratio=43.74+/-0.07 dlogz:3.214>0.1]
94358it [10:30:36 bound:1339 nc:1978 ncall:9.3e+07 eff:0.1% logz-ratio=43.75+/-0.07 dlogz:3.279>0.1]
94478it [10:31:55 bound:1341 nc:1836 ncall:9.3e+07 eff:0.1% logz-ratio=43.77+/-0.07 dlogz:3.236>0.1]
94598it [10:33:12 bound:1343 nc:1883 ncall:9.3e+07 eff:0.1% logz-ratio=43.78+/-0.07 dlogz:3.194>0.1]
94712it [10:34:28 bound:1345 nc:1960 ncall:9.3e+07 eff:0.1% logz-ratio=43.80+/-0.07 dlogz:3.154>0.1]
94833it [10:35:43 bound:1347 nc:3623 ncall:9.4e+07 eff:0.1% logz-ratio=43.81+/-0.07 dlogz:3.111>0.1]
94948it [10:36:56 bound:1349 nc:1142 ncall:9.4e+07 eff:0.1% logz-ratio=43.82+/-0.07 dlogz:3.071>0.1]
95065it [10:38:12 bound:1351 nc:2086 ncall:9.4e+07 eff:0.1% logz-ratio=43.84+/-0.07 dlogz:3.031>0.1]
95180it [10:39:28 bound:1353 nc:3817 ncall:9.4e+07 eff:0.1% logz-ratio=43.85+/-0.07 dlogz:2.992>0.1]
95301it [10:40:43 bound:1355 nc:3519 ncall:9.5e+07 eff:0.1% logz-ratio=43.87+/-0.07 dlogz:2.950>0.1]
95421it [10:42:01 bound:1357 nc:1646 ncall:9.5e+07 eff:0.1% logz-ratio=43.88+/-0.07 dlogz:2.910>0.1]
95537it [10:43:18 bound:1359 nc:2310 ncall:9.5e+07 eff:0.1% logz-ratio=43.89+/-0.07 dlogz:2.870>0.1]
95659it [10:44:35 bound:1361 nc:1054 ncall:9.5e+07 eff:0.1% logz-ratio=43.91+/-0.07 dlogz:2.830>0.1]
95779it [10:45:52 bound:1363 nc:1718 ncall:9.5e+07 eff:0.1% logz-ratio=43.92+/-0.07 dlogz:2.790>0.1]
95897it [10:47:09 bound:1365 nc:1672 ncall:9.6e+07 eff:0.1% logz-ratio=43.93+/-0.07 dlogz:2.751>0.1]
96016it [10:48:23 bound:1367 nc:3276 ncall:9.6e+07 eff:0.1% logz-ratio=43.94+/-0.07 dlogz:2.712>0.1]
96134it [10:49:40 bound:1369 nc:2018 ncall:9.6e+07 eff:0.1% logz-ratio=43.96+/-0.07 dlogz:2.674>0.1]
96254it [10:50:59 bound:1371 nc:1779 ncall:9.6e+07 eff:0.1% logz-ratio=43.97+/-0.07 dlogz:2.643>0.1]
96373it [10:52:17 bound:1373 nc:1755 ncall:9.6e+07 eff:0.1% logz-ratio=43.98+/-0.07 dlogz:2.605>0.1]
96495it [10:53:36 bound:1375 nc:1420 ncall:9.7e+07 eff:0.1% logz-ratio=43.99+/-0.07 dlogz:2.566>0.1]
96609it [10:54:54 bound:1377 nc:1504 ncall:9.7e+07 eff:0.1% logz-ratio=44.00+/-0.07 dlogz:2.530>0.1]
96727it [10:56:15 bound:1379 nc:3917 ncall:9.7e+07 eff:0.1% logz-ratio=44.02+/-0.07 dlogz:2.493>0.1]
96850it [10:57:35 bound:1381 nc:2435 ncall:9.7e+07 eff:0.1% logz-ratio=44.03+/-0.07 dlogz:2.803>0.1]
96970it [10:58:54 bound:1383 nc:1892 ncall:9.8e+07 eff:0.1% logz-ratio=44.04+/-0.07 dlogz:2.765>0.1]
97091it [11:00:14 bound:1385 nc:1237 ncall:9.8e+07 eff:0.1% logz-ratio=44.05+/-0.07 dlogz:2.727>0.1]
97209it [11:01:31 bound:1387 nc:1375 ncall:9.8e+07 eff:0.1% logz-ratio=44.06+/-0.07 dlogz:2.689>0.1]
97324it [11:02:50 bound:1389 nc:2047 ncall:9.8e+07 eff:0.1% logz-ratio=44.07+/-0.07 dlogz:2.654>0.1]
97439it [11:04:12 bound:1391 nc:2069 ncall:9.9e+07 eff:0.1% logz-ratio=44.08+/-0.07 dlogz:2.618>0.1]
97555it [11:05:32 bound:1393 nc:2271 ncall:9.9e+07 eff:0.1% logz-ratio=44.09+/-0.07 dlogz:2.582>0.1]
97671it [11:06:52 bound:1395 nc:1620 ncall:9.9e+07 eff:0.1% logz-ratio=44.10+/-0.07 dlogz:2.547>0.1]
97674it [11:08:23 bound:1395 nc:1928 ncall:9.9e+07 eff:0.1% logz-ratio=44.10+/-0.07 dlogz:2.546>0.1]
97786it [11:09:42 bound:1397 nc:1409 ncall:9.9e+07 eff:0.1% logz-ratio=44.11+/-0.07 dlogz:2.578>0.1]
97904it [11:11:04 bound:1399 nc:1676 ncall:9.9e+07 eff:0.1% logz-ratio=44.12+/-0.07 dlogz:2.543>0.1]
98021it [11:12:25 bound:1401 nc:3765 ncall:1.0e+08 eff:0.1% logz-ratio=44.13+/-0.07 dlogz:2.507>0.1]
98138it [11:13:47 bound:1403 nc:1230 ncall:1.0e+08 eff:0.1% logz-ratio=44.14+/-0.07 dlogz:2.472>0.1]
98252it [11:15:05 bound:1405 nc:1887 ncall:1.0e+08 eff:0.1% logz-ratio=44.15+/-0.07 dlogz:2.439>0.1]
98372it [11:16:29 bound:1407 nc:2113 ncall:1.0e+08 eff:0.1% logz-ratio=44.16+/-0.07 dlogz:2.403>0.1]
98488it [11:17:50 bound:1409 nc:2113 ncall:1.0e+08 eff:0.1% logz-ratio=44.17+/-0.07 dlogz:2.369>0.1]
98608it [11:19:10 bound:1411 nc:1411 ncall:1.0e+08 eff:0.1% logz-ratio=44.18+/-0.07 dlogz:2.334>0.1]
98731it [11:20:31 bound:1413 nc:1212 ncall:1.0e+08 eff:0.1% logz-ratio=44.19+/-0.07 dlogz:2.299>0.1]
98849it [11:21:55 bound:1415 nc:1587 ncall:1.0e+08 eff:0.1% logz-ratio=44.20+/-0.07 dlogz:2.265>0.1]
98966it [11:23:16 bound:1417 nc:2268 ncall:1.0e+08 eff:0.1% logz-ratio=44.21+/-0.07 dlogz:2.232>0.1]
99085it [11:24:37 bound:1419 nc:1799 ncall:1.0e+08 eff:0.1% logz-ratio=44.21+/-0.07 dlogz:2.198>0.1]
99200it [11:26:02 bound:1421 nc:2152 ncall:1.0e+08 eff:0.1% logz-ratio=44.22+/-0.07 dlogz:2.166>0.1]
99320it [11:27:25 bound:1423 nc:1599 ncall:1.0e+08 eff:0.1% logz-ratio=44.23+/-0.07 dlogz:2.133>0.1]
99438it [11:28:48 bound:1425 nc:1813 ncall:1.0e+08 eff:0.1% logz-ratio=44.24+/-0.07 dlogz:2.149>0.1]
99556it [11:30:11 bound:1427 nc:1832 ncall:1.0e+08 eff:0.1% logz-ratio=44.25+/-0.07 dlogz:2.116>0.1]
99672it [11:31:34 bound:1429 nc:4023 ncall:1.0e+08 eff:0.1% logz-ratio=44.26+/-0.07 dlogz:2.085>0.1]
99790it [11:33:00 bound:1431 nc:1821 ncall:1.0e+08 eff:0.1% logz-ratio=44.26+/-0.07 dlogz:2.052>0.1]
99911it [11:34:25 bound:1433 nc:1639 ncall:1.0e+08 eff:0.1% logz-ratio=44.27+/-0.07 dlogz:2.020>0.1]
100025it [11:35:49 bound:1435 nc:2137 ncall:1.0e+08 eff:0.1% logz-ratio=44.28+/-0.07 dlogz:1.989>0.1]
100141it [11:37:12 bound:1437 nc:2073 ncall:1.0e+08 eff:0.1% logz-ratio=44.29+/-0.07 dlogz:1.959>0.1]
100254it [11:38:38 bound:1439 nc:4341 ncall:1.0e+08 eff:0.1% logz-ratio=44.29+/-0.07 dlogz:1.929>0.1]
100374it [11:40:02 bound:1441 nc:2156 ncall:1.0e+08 eff:0.1% logz-ratio=44.30+/-0.07 dlogz:1.897>0.1]
100492it [11:41:27 bound:1443 nc:1983 ncall:1.0e+08 eff:0.1% logz-ratio=44.31+/-0.07 dlogz:1.867>0.1]
100613it [11:42:51 bound:1445 nc:3938 ncall:1.0e+08 eff:0.1% logz-ratio=44.32+/-0.07 dlogz:1.836>0.1]
100737it [11:44:16 bound:1447 nc:2308 ncall:1.1e+08 eff:0.1% logz-ratio=44.32+/-0.07 dlogz:1.804>0.1]
100854it [11:45:42 bound:1449 nc:1733 ncall:1.1e+08 eff:0.1% logz-ratio=44.33+/-0.07 dlogz:1.775>0.1]
100973it [11:47:07 bound:1451 nc:2237 ncall:1.1e+08 eff:0.1% logz-ratio=44.34+/-0.07 dlogz:1.745>0.1]
101093it [11:48:34 bound:1453 nc:1909 ncall:1.1e+08 eff:0.1% logz-ratio=44.34+/-0.07 dlogz:1.776>0.1]
101211it [11:49:59 bound:1455 nc:1477 ncall:1.1e+08 eff:0.1% logz-ratio=44.35+/-0.07 dlogz:1.747>0.1]
101333it [11:51:25 bound:1457 nc:1762 ncall:1.1e+08 eff:0.1% logz-ratio=44.36+/-0.07 dlogz:1.717>0.1]
101450it [11:52:52 bound:1459 nc:2193 ncall:1.1e+08 eff:0.1% logz-ratio=44.36+/-0.07 dlogz:1.707>0.1]
101565it [11:54:19 bound:1461 nc:2327 ncall:1.1e+08 eff:0.1% logz-ratio=44.37+/-0.07 dlogz:1.679>0.1]
101678it [11:55:46 bound:1463 nc:1869 ncall:1.1e+08 eff:0.1% logz-ratio=44.38+/-0.07 dlogz:1.652>0.1]
101795it [11:57:13 bound:1465 nc:1750 ncall:1.1e+08 eff:0.1% logz-ratio=44.38+/-0.07 dlogz:1.624>0.1]
101913it [11:58:39 bound:1467 nc:2355 ncall:1.1e+08 eff:0.1% logz-ratio=44.39+/-0.07 dlogz:1.596>0.1]
102034it [12:00:08 bound:1469 nc:1491 ncall:1.1e+08 eff:0.1% logz-ratio=44.39+/-0.07 dlogz:1.567>0.1]
102152it [12:01:33 bound:1471 nc:3236 ncall:1.1e+08 eff:0.1% logz-ratio=44.40+/-0.07 dlogz:1.540>0.1]
102268it [12:03:02 bound:1473 nc:2080 ncall:1.1e+08 eff:0.1% logz-ratio=44.41+/-0.07 dlogz:1.513>0.1]
102386it [12:04:28 bound:1475 nc:1620 ncall:1.1e+08 eff:0.1% logz-ratio=44.41+/-0.07 dlogz:1.486>0.1]
102504it [12:05:58 bound:1477 nc:2366 ncall:1.1e+08 eff:0.1% logz-ratio=44.42+/-0.07 dlogz:1.460>0.1]
102620it [12:07:25 bound:1479 nc:2637 ncall:1.1e+08 eff:0.1% logz-ratio=44.42+/-0.07 dlogz:1.521>0.1]
102685it [12:09:43 bound:1480 nc:1442 ncall:1.1e+08 eff:0.1% logz-ratio=44.43+/-0.07 dlogz:1.506>0.1]
102789it [12:11:12 bound:1482 nc:2187 ncall:1.1e+08 eff:0.1% logz-ratio=44.43+/-0.07 dlogz:1.483>0.1]
102905it [12:12:42 bound:1484 nc:2024 ncall:1.1e+08 eff:0.1% logz-ratio=44.44+/-0.07 dlogz:1.457>0.1]
103021it [12:14:11 bound:1486 nc:4480 ncall:1.1e+08 eff:0.1% logz-ratio=44.44+/-0.07 dlogz:1.431>0.1]
103139it [12:15:37 bound:1488 nc:3284 ncall:1.1e+08 eff:0.1% logz-ratio=44.45+/-0.07 dlogz:1.405>0.1]
103258it [12:17:06 bound:1490 nc:3358 ncall:1.1e+08 eff:0.1% logz-ratio=44.45+/-0.07 dlogz:1.379>0.1]
103373it [12:18:35 bound:1492 nc:3129 ncall:1.1e+08 eff:0.1% logz-ratio=44.46+/-0.07 dlogz:1.355>0.1]
103484it [12:20:01 bound:1494 nc:2336 ncall:1.1e+08 eff:0.1% logz-ratio=44.46+/-0.07 dlogz:1.331>0.1]
103600it [12:21:32 bound:1496 nc:2172 ncall:1.1e+08 eff:0.1% logz-ratio=44.47+/-0.07 dlogz:1.307>0.1]
103715it [12:23:01 bound:1498 nc:2380 ncall:1.1e+08 eff:0.1% logz-ratio=44.47+/-0.07 dlogz:1.283>0.1]
103835it [12:24:32 bound:1500 nc:3881 ncall:1.1e+08 eff:0.1% logz-ratio=44.48+/-0.07 dlogz:1.258>0.1]
103948it [12:26:02 bound:1502 nc:1892 ncall:1.1e+08 eff:0.1% logz-ratio=44.48+/-0.07 dlogz:1.235>0.1]
104068it [12:27:32 bound:1504 nc:1570 ncall:1.1e+08 eff:0.1% logz-ratio=44.49+/-0.07 dlogz:1.375>0.1]
104186it [12:29:03 bound:1506 nc:2253 ncall:1.1e+08 eff:0.1% logz-ratio=44.49+/-0.07 dlogz:1.350>0.1]
104300it [12:30:33 bound:1508 nc:2057 ncall:1.1e+08 eff:0.1% logz-ratio=44.49+/-0.07 dlogz:1.326>0.1]
104416it [12:32:03 bound:1510 nc:2091 ncall:1.1e+08 eff:0.1% logz-ratio=44.50+/-0.07 dlogz:1.302>0.1]
104531it [12:33:36 bound:1512 nc:2447 ncall:1.1e+08 eff:0.1% logz-ratio=44.50+/-0.07 dlogz:1.278>0.1]
104648it [12:35:06 bound:1514 nc:4085 ncall:1.1e+08 eff:0.1% logz-ratio=44.51+/-0.07 dlogz:1.255>0.1]
104770it [12:36:35 bound:1516 nc:2281 ncall:1.1e+08 eff:0.1% logz-ratio=44.51+/-0.07 dlogz:1.230>0.1]
104882it [12:38:08 bound:1518 nc:2183 ncall:1.1e+08 eff:0.1% logz-ratio=44.52+/-0.07 dlogz:1.208>0.1]
104997it [12:39:39 bound:1520 nc:4474 ncall:1.1e+08 eff:0.1% logz-ratio=44.52+/-0.07 dlogz:1.186>0.1]
105116it [12:41:09 bound:1522 nc:2025 ncall:1.1e+08 eff:0.1% logz-ratio=44.52+/-0.07 dlogz:1.163>0.1]
105228it [12:42:43 bound:1524 nc:2430 ncall:1.2e+08 eff:0.1% logz-ratio=44.53+/-0.07 dlogz:1.141>0.1]
105347it [12:44:11 bound:1526 nc:1839 ncall:1.2e+08 eff:0.1% logz-ratio=44.53+/-0.07 dlogz:1.162>0.1]
105470it [12:45:44 bound:1528 nc:2364 ncall:1.2e+08 eff:0.1% logz-ratio=44.54+/-0.07 dlogz:1.138>0.1]
105586it [12:47:17 bound:1530 nc:6989 ncall:1.2e+08 eff:0.1% logz-ratio=44.54+/-0.07 dlogz:1.116>0.1]
105700it [12:48:47 bound:1532 nc:2448 ncall:1.2e+08 eff:0.1% logz-ratio=44.54+/-0.07 dlogz:1.095>0.1]
105819it [12:50:21 bound:1534 nc:2623 ncall:1.2e+08 eff:0.1% logz-ratio=44.55+/-0.07 dlogz:1.074>0.1]
105937it [12:51:51 bound:1536 nc:2189 ncall:1.2e+08 eff:0.1% logz-ratio=44.55+/-0.07 dlogz:1.052>0.1]
106049it [12:53:26 bound:1538 nc:4519 ncall:1.2e+08 eff:0.1% logz-ratio=44.56+/-0.07 dlogz:1.032>0.1]
106164it [12:54:58 bound:1540 nc:4101 ncall:1.2e+08 eff:0.1% logz-ratio=44.56+/-0.07 dlogz:1.012>0.1]
106278it [12:56:32 bound:1542 nc:2542 ncall:1.2e+08 eff:0.1% logz-ratio=44.56+/-0.07 dlogz:0.992>0.1]
106391it [12:58:06 bound:1544 nc:1436 ncall:1.2e+08 eff:0.1% logz-ratio=44.57+/-0.07 dlogz:0.973>0.1]
106512it [12:59:37 bound:1546 nc:5004 ncall:1.2e+08 eff:0.1% logz-ratio=44.57+/-0.07 dlogz:0.952>0.1]
106628it [13:01:10 bound:1548 nc:2407 ncall:1.2e+08 eff:0.1% logz-ratio=44.57+/-0.07 dlogz:0.933>0.1]
106742it [13:02:43 bound:1550 nc:1820 ncall:1.2e+08 eff:0.1% logz-ratio=44.58+/-0.07 dlogz:0.914>0.1]
106856it [13:04:18 bound:1552 nc:6439 ncall:1.2e+08 eff:0.1% logz-ratio=44.58+/-0.07 dlogz:0.896>0.1]
106973it [13:05:53 bound:1554 nc:6736 ncall:1.2e+08 eff:0.1% logz-ratio=44.58+/-0.07 dlogz:0.877>0.1]
107094it [13:07:28 bound:1556 nc:2280 ncall:1.2e+08 eff:0.1% logz-ratio=44.59+/-0.07 dlogz:0.858>0.1]
107208it [13:09:02 bound:1558 nc:2323 ncall:1.2e+08 eff:0.1% logz-ratio=44.59+/-0.07 dlogz:0.840>0.1]
107215it [13:10:40 bound:1558 nc:1901 ncall:1.2e+08 eff:0.1% logz-ratio=44.59+/-0.07 dlogz:0.839>0.1]
107326it [13:12:14 bound:1560 nc:6423 ncall:1.2e+08 eff:0.1% logz-ratio=44.59+/-0.07 dlogz:0.822>0.1]
107439it [13:13:49 bound:1562 nc:6983 ncall:1.2e+08 eff:0.1% logz-ratio=44.60+/-0.07 dlogz:0.805>0.1]
107548it [13:15:26 bound:1564 nc:2226 ncall:1.2e+08 eff:0.1% logz-ratio=44.60+/-0.07 dlogz:0.789>0.1]
107662it [13:17:00 bound:1566 nc:1965 ncall:1.2e+08 eff:0.1% logz-ratio=44.60+/-0.07 dlogz:0.772>0.1]
107779it [13:18:35 bound:1568 nc:4207 ncall:1.2e+08 eff:0.1% logz-ratio=44.60+/-0.07 dlogz:0.756>0.1]
107894it [13:20:10 bound:1570 nc:2088 ncall:1.2e+08 eff:0.1% logz-ratio=44.61+/-0.07 dlogz:0.739>0.1]
108011it [13:21:48 bound:1572 nc:2413 ncall:1.2e+08 eff:0.1% logz-ratio=44.61+/-0.07 dlogz:0.723>0.1]
108131it [13:23:23 bound:1574 nc:2588 ncall:1.2e+08 eff:0.1% logz-ratio=44.61+/-0.07 dlogz:0.706>0.1]
108241it [13:24:58 bound:1576 nc:1720 ncall:1.2e+08 eff:0.1% logz-ratio=44.62+/-0.07 dlogz:0.692>0.1]
108360it [13:26:31 bound:1578 nc:2474 ncall:1.2e+08 eff:0.1% logz-ratio=44.62+/-0.07 dlogz:0.676>0.1]
108478it [13:28:04 bound:1580 nc:2316 ncall:1.2e+08 eff:0.1% logz-ratio=44.62+/-0.07 dlogz:0.661>0.1]
108600it [13:29:40 bound:1582 nc:2217 ncall:1.2e+08 eff:0.1% logz-ratio=44.62+/-0.07 dlogz:0.645>0.1]
108720it [13:31:14 bound:1584 nc:2320 ncall:1.2e+08 eff:0.1% logz-ratio=44.63+/-0.07 dlogz:0.630>0.1]
108835it [13:32:49 bound:1586 nc:2441 ncall:1.2e+08 eff:0.1% logz-ratio=44.63+/-0.07 dlogz:0.616>0.1]
108955it [13:34:23 bound:1588 nc:6623 ncall:1.2e+08 eff:0.1% logz-ratio=44.63+/-0.07 dlogz:0.601>0.1]
109073it [13:35:54 bound:1590 nc:2024 ncall:1.2e+08 eff:0.1% logz-ratio=44.63+/-0.07 dlogz:0.587>0.1]
109186it [13:37:28 bound:1592 nc:2724 ncall:1.2e+08 eff:0.1% logz-ratio=44.64+/-0.07 dlogz:0.574>0.1]
109301it [13:39:02 bound:1594 nc:2195 ncall:1.2e+08 eff:0.1% logz-ratio=44.64+/-0.07 dlogz:0.561>0.1]
109411it [13:40:38 bound:1596 nc:2249 ncall:1.2e+08 eff:0.1% logz-ratio=44.64+/-0.07 dlogz:0.548>0.1]
109524it [13:42:11 bound:1598 nc:2181 ncall:1.3e+08 eff:0.1% logz-ratio=44.64+/-0.07 dlogz:0.536>0.1]
109642it [13:43:46 bound:1600 nc:2449 ncall:1.3e+08 eff:0.1% logz-ratio=44.65+/-0.07 dlogz:0.523>0.1]
109758it [13:45:21 bound:1602 nc:2207 ncall:1.3e+08 eff:0.1% logz-ratio=44.65+/-0.07 dlogz:0.579>0.1]
109873it [13:46:53 bound:1604 nc:1756 ncall:1.3e+08 eff:0.1% logz-ratio=44.65+/-0.07 dlogz:0.566>0.1]
109993it [13:48:29 bound:1606 nc:2223 ncall:1.3e+08 eff:0.1% logz-ratio=44.65+/-0.07 dlogz:0.552>0.1]
110111it [13:50:05 bound:1608 nc:2241 ncall:1.3e+08 eff:0.1% logz-ratio=44.65+/-0.07 dlogz:0.539>0.1]
110229it [13:51:42 bound:1610 nc:2315 ncall:1.3e+08 eff:0.1% logz-ratio=44.66+/-0.07 dlogz:0.526>0.1]
110344it [13:53:14 bound:1612 nc:2440 ncall:1.3e+08 eff:0.1% logz-ratio=44.66+/-0.07 dlogz:0.514>0.1]
110458it [13:54:50 bound:1614 nc:2496 ncall:1.3e+08 eff:0.1% logz-ratio=44.66+/-0.07 dlogz:0.502>0.1]
110575it [13:56:24 bound:1616 nc:2734 ncall:1.3e+08 eff:0.1% logz-ratio=44.66+/-0.07 dlogz:0.490>0.1]
110693it [13:57:58 bound:1618 nc:1067 ncall:1.3e+08 eff:0.1% logz-ratio=44.66+/-0.07 dlogz:0.478>0.1]
110810it [13:59:31 bound:1620 nc:3360 ncall:1.3e+08 eff:0.1% logz-ratio=44.67+/-0.07 dlogz:0.467>0.1]
110927it [14:01:09 bound:1622 nc:2785 ncall:1.3e+08 eff:0.1% logz-ratio=44.67+/-0.07 dlogz:0.456>0.1]
111045it [14:02:43 bound:1624 nc:2039 ncall:1.3e+08 eff:0.1% logz-ratio=44.67+/-0.07 dlogz:0.444>0.1]
111153it [14:04:22 bound:1626 nc:1970 ncall:1.3e+08 eff:0.1% logz-ratio=44.67+/-0.07 dlogz:0.434>0.1]
111271it [14:06:00 bound:1628 nc:1684 ncall:1.3e+08 eff:0.1% logz-ratio=44.67+/-0.07 dlogz:0.424>0.1]
111389it [14:07:36 bound:1630 nc:2530 ncall:1.3e+08 eff:0.1% logz-ratio=44.68+/-0.07 dlogz:0.413>0.1]
111501it [14:09:11 bound:1632 nc:2253 ncall:1.3e+08 eff:0.1% logz-ratio=44.68+/-0.07 dlogz:0.404>0.1]
111569it [14:11:41 bound:1633 nc:1832 ncall:1.3e+08 eff:0.1% logz-ratio=44.68+/-0.07 dlogz:0.398>0.1]
111670it [14:13:16 bound:1635 nc:2212 ncall:1.3e+08 eff:0.1% logz-ratio=44.68+/-0.07 dlogz:0.389>0.1]
111781it [14:14:51 bound:1637 nc:2422 ncall:1.3e+08 eff:0.1% logz-ratio=44.68+/-0.07 dlogz:0.380>0.1]
111897it [14:16:28 bound:1639 nc:2168 ncall:1.3e+08 eff:0.1% logz-ratio=44.68+/-0.07 dlogz:0.411>0.1]
112016it [14:18:07 bound:1641 nc:1967 ncall:1.3e+08 eff:0.1% logz-ratio=44.69+/-0.07 dlogz:0.401>0.1]
112129it [14:19:42 bound:1643 nc:2379 ncall:1.3e+08 eff:0.1% logz-ratio=44.69+/-0.07 dlogz:0.391>0.1]
112241it [14:21:19 bound:1645 nc:2221 ncall:1.3e+08 eff:0.1% logz-ratio=44.69+/-0.07 dlogz:0.382>0.1]
112355it [14:22:56 bound:1647 nc:2120 ncall:1.3e+08 eff:0.1% logz-ratio=44.69+/-0.07 dlogz:0.373>0.1]
112467it [14:24:33 bound:1649 nc:2030 ncall:1.3e+08 eff:0.1% logz-ratio=44.69+/-0.07 dlogz:0.364>0.1]
112580it [14:26:08 bound:1651 nc:2142 ncall:1.3e+08 eff:0.1% logz-ratio=44.69+/-0.07 dlogz:0.355>0.1]
112693it [14:27:46 bound:1653 nc:1947 ncall:1.3e+08 eff:0.1% logz-ratio=44.69+/-0.07 dlogz:0.346>0.1]
112810it [14:29:22 bound:1655 nc:2497 ncall:1.3e+08 eff:0.1% logz-ratio=44.70+/-0.07 dlogz:0.338>0.1]
112928it [14:30:58 bound:1657 nc:1673 ncall:1.3e+08 eff:0.1% logz-ratio=44.70+/-0.07 dlogz:0.329>0.1]
113045it [14:32:34 bound:1659 nc:3888 ncall:1.3e+08 eff:0.1% logz-ratio=44.70+/-0.07 dlogz:0.321>0.1]
113157it [14:34:12 bound:1661 nc:2996 ncall:1.3e+08 eff:0.1% logz-ratio=44.70+/-0.07 dlogz:0.313>0.1]
113272it [14:35:50 bound:1663 nc:2793 ncall:1.3e+08 eff:0.1% logz-ratio=44.70+/-0.07 dlogz:0.305>0.1]
113390it [14:37:28 bound:1665 nc:3480 ncall:1.3e+08 eff:0.1% logz-ratio=44.70+/-0.07 dlogz:0.297>0.1]
113500it [14:39:05 bound:1667 nc:7039 ncall:1.3e+08 eff:0.1% logz-ratio=44.70+/-0.07 dlogz:0.290>0.1]
113613it [14:40:36 bound:1669 nc:2696 ncall:1.4e+08 eff:0.1% logz-ratio=44.71+/-0.07 dlogz:0.283>0.1]
113730it [14:42:10 bound:1671 nc:2292 ncall:1.4e+08 eff:0.1% logz-ratio=44.71+/-0.07 dlogz:0.276>0.1]
113842it [14:43:46 bound:1673 nc:2294 ncall:1.4e+08 eff:0.1% logz-ratio=44.71+/-0.07 dlogz:0.269>0.1]
113966it [14:45:24 bound:1675 nc:2667 ncall:1.4e+08 eff:0.1% logz-ratio=44.71+/-0.07 dlogz:0.261>0.1]
114078it [14:46:58 bound:1677 nc:4949 ncall:1.4e+08 eff:0.1% logz-ratio=44.71+/-0.07 dlogz:0.255>0.1]
114194it [14:48:35 bound:1679 nc:3790 ncall:1.4e+08 eff:0.1% logz-ratio=44.71+/-0.07 dlogz:0.248>0.1]
114297it [14:50:12 bound:1681 nc:2586 ncall:1.4e+08 eff:0.1% logz-ratio=44.71+/-0.07 dlogz:0.243>0.1]
114410it [14:51:45 bound:1683 nc:2261 ncall:1.4e+08 eff:0.1% logz-ratio=44.71+/-0.07 dlogz:0.237>0.1]
114530it [14:53:21 bound:1685 nc:1525 ncall:1.4e+08 eff:0.1% logz-ratio=44.72+/-0.07 dlogz:0.230>0.1]
114648it [14:54:56 bound:1687 nc:2057 ncall:1.4e+08 eff:0.1% logz-ratio=44.72+/-0.07 dlogz:0.224>0.1]
114768it [14:56:31 bound:1689 nc:2124 ncall:1.4e+08 eff:0.1% logz-ratio=44.72+/-0.07 dlogz:0.218>0.1]
114882it [14:58:06 bound:1691 nc:2898 ncall:1.4e+08 eff:0.1% logz-ratio=44.72+/-0.07 dlogz:0.212>0.1]
115004it [14:59:41 bound:1693 nc:1990 ncall:1.4e+08 eff:0.1% logz-ratio=44.72+/-0.07 dlogz:0.207>0.1]
115121it [15:01:17 bound:1695 nc:2564 ncall:1.4e+08 eff:0.1% logz-ratio=44.72+/-0.07 dlogz:0.201>0.1]
115234it [15:02:50 bound:1697 nc:2421 ncall:1.4e+08 eff:0.1% logz-ratio=44.72+/-0.07 dlogz:0.196>0.1]
115347it [15:04:28 bound:1699 nc:2737 ncall:1.4e+08 eff:0.1% logz-ratio=44.72+/-0.07 dlogz:0.191>0.1]
115464it [15:06:02 bound:1701 nc:2264 ncall:1.4e+08 eff:0.1% logz-ratio=44.72+/-0.07 dlogz:0.186>0.1]
115579it [15:07:37 bound:1703 nc:2287 ncall:1.4e+08 eff:0.1% logz-ratio=44.73+/-0.07 dlogz:0.181>0.1]
115698it [15:09:11 bound:1705 nc:2513 ncall:1.4e+08 eff:0.1% logz-ratio=44.73+/-0.07 dlogz:0.176>0.1]
115812it [15:10:44 bound:1707 nc:4315 ncall:1.4e+08 eff:0.1% logz-ratio=44.73+/-0.07 dlogz:0.199>0.1]
115872it [15:13:19 bound:1708 nc:1884 ncall:1.4e+08 eff:0.1% logz-ratio=44.73+/-0.07 dlogz:0.196>0.1]
115987it [15:14:55 bound:1710 nc:2278 ncall:1.4e+08 eff:0.1% logz-ratio=44.73+/-0.07 dlogz:0.191>0.1]
116102it [15:16:30 bound:1712 nc:1590 ncall:1.4e+08 eff:0.1% logz-ratio=44.73+/-0.07 dlogz:0.186>0.1]
116217it [15:18:03 bound:1714 nc:2536 ncall:1.4e+08 eff:0.1% logz-ratio=44.73+/-0.07 dlogz:0.181>0.1]
116334it [15:19:40 bound:1716 nc:2207 ncall:1.4e+08 eff:0.1% logz-ratio=44.73+/-0.07 dlogz:0.177>0.1]
116446it [15:21:17 bound:1718 nc:2292 ncall:1.4e+08 eff:0.1% logz-ratio=44.73+/-0.07 dlogz:0.172>0.1]
116558it [15:22:50 bound:1720 nc:2667 ncall:1.4e+08 eff:0.1% logz-ratio=44.73+/-0.07 dlogz:0.168>0.1]
116673it [15:24:23 bound:1722 nc:1749 ncall:1.4e+08 eff:0.1% logz-ratio=44.73+/-0.07 dlogz:0.163>0.1]
116788it [15:25:59 bound:1724 nc:1273 ncall:1.4e+08 eff:0.1% logz-ratio=44.74+/-0.07 dlogz:0.159>0.1]
116901it [15:27:35 bound:1726 nc:3909 ncall:1.4e+08 eff:0.1% logz-ratio=44.74+/-0.07 dlogz:0.155>0.1]
117014it [15:29:09 bound:1728 nc:2324 ncall:1.4e+08 eff:0.1% logz-ratio=44.74+/-0.07 dlogz:0.151>0.1]
117128it [15:30:45 bound:1730 nc:2812 ncall:1.4e+08 eff:0.1% logz-ratio=44.74+/-0.07 dlogz:0.147>0.1]
117244it [15:32:19 bound:1732 nc:1824 ncall:1.4e+08 eff:0.1% logz-ratio=44.74+/-0.07 dlogz:0.143>0.1]
117354it [15:33:55 bound:1734 nc:2735 ncall:1.4e+08 eff:0.1% logz-ratio=44.74+/-0.07 dlogz:0.139>0.1]
117475it [15:35:29 bound:1736 nc:4106 ncall:1.4e+08 eff:0.1% logz-ratio=44.74+/-0.07 dlogz:0.135>0.1]
117588it [15:37:04 bound:1738 nc:2403 ncall:1.4e+08 eff:0.1% logz-ratio=44.74+/-0.07 dlogz:0.132>0.1]
117697it [15:38:38 bound:1740 nc:2038 ncall:1.4e+08 eff:0.1% logz-ratio=44.74+/-0.07 dlogz:0.129>0.1]
117815it [15:40:12 bound:1742 nc:4067 ncall:1.5e+08 eff:0.1% logz-ratio=44.74+/-0.07 dlogz:0.125>0.1]
117934it [15:41:46 bound:1744 nc:2435 ncall:1.5e+08 eff:0.1% logz-ratio=44.74+/-0.07 dlogz:0.122>0.1]
118054it [15:43:23 bound:1746 nc:2129 ncall:1.5e+08 eff:0.1% logz-ratio=44.74+/-0.07 dlogz:0.118>0.1]
118170it [15:44:59 bound:1748 nc:2566 ncall:1.5e+08 eff:0.1% logz-ratio=44.74+/-0.07 dlogz:0.115>0.1]
118289it [15:46:35 bound:1750 nc:2414 ncall:1.5e+08 eff:0.1% logz-ratio=44.74+/-0.07 dlogz:0.112>0.1]
118400it [15:48:09 bound:1752 nc:1458 ncall:1.5e+08 eff:0.1% logz-ratio=44.75+/-0.07 dlogz:0.109>0.1]
118517it [15:49:41 bound:1754 nc:1391 ncall:1.5e+08 eff:0.1% logz-ratio=44.75+/-0.07 dlogz:0.106>0.1]
118631it [15:51:14 bound:1756 nc:2227 ncall:1.5e+08 eff:0.1% logz-ratio=44.75+/-0.07 dlogz:0.103>0.1]
118748it [15:52:50 bound:1758 nc:2361 ncall:1.5e+08 eff:0.1% logz-ratio=44.75+/-0.07 dlogz:0.100>0.1]
At this point, we cannot create a float from 0        1.892172
1        1.889600
2        1.897227
3        1.894753
4        1.887413
           ...   
21465    1.931233
21466    1.929834
21467    1.924999
21468    1.937984
21469    1.934329
Name: chirp_mass_source, Length: 21470, dtype: float64, error: cannot convert the series to <class 'float'>
At this point, we cannot create a float from 0        0.457684
1        0.340604
2        0.338646
3        0.428824
4        0.355032
           ...   
21465    0.395294
21466    0.372510
21467    0.365006
21468    0.389473
21469    0.360966
Name: mass_ratio, Length: 21470, dtype: float64, error: cannot convert the series to <class 'float'>
At this point, we cannot create a float from 0         401.653900
1        1269.436890
2        1378.685669
3         614.365479
4        1129.226685
            ...     
21465     548.055298
21466     937.741943
21467     927.095520
21468     671.819031
21469     997.610596
Name: lambda_2, Length: 21470, dtype: float64, error: cannot convert the series to <class 'float'>
Skipped taking the float value from [-5.44121933 -6.25619316 -6.56994438 ... -5.9789257  -5.63929462
 -6.1770916 ], error: only length-1 arrays can be converted to Python scalars
At this point, we cannot create a float from [1.85454345 1.85494351 1.85534357 ... 1.97336162 1.97376168
 1.97416174], error: only length-1 arrays can be converted to Python scalars
At this point, we cannot create a float from [0.25319621 0.2547652  0.25633418 ... 0.71918491 0.7207539
 0.72232288], error: only length-1 arrays can be converted to Python scalars
At this point, we cannot create a float from [  81.11595154   90.5700556   100.02415966 ... 2888.98485828
 2898.43896234 2907.89306641], error: only length-1 arrays can be converted to Python scalars
Skipped taking the float value from [-39.19631577 -38.35853577 -37.47757339 ... -48.3409462
 -48.3715744  -48.40175629], error: only length-1 arrays can be converted to Python scalars
