000 (2587870.000.000) 2025-08-06 10:20:30 Job submitted from host: <145.107.7.246:9618?addrs=145.107.7.246-9618+[2a07-8500-120-e070--3f6]-9618&alias=taai-007.nikhef.nl&noUDP&sock=schedd_2614_90a7>
...
001 (2587870.000.000) 2025-08-06 10:21:38 Job executing on host: <145.107.4.165:9618?addrs=145.107.4.165-9618+[2a07-8500-120-e070--a5]-9618&alias=wn-pijl-004.nikhef.nl&noUDP&sock=startd_4575_a5df>
	SlotName: slot1_3@wn-pijl-004.nikhef.nl
	AvailableGPUs = { GPUs_GPU_b4269f1d_d802_4078_008d_64d0748b54c7 }
	CondorScratchDir = "/scratch/condor_execute/dir_1895067"
	Cpus = 1
	Disk = 16790397
	GPUs = 1
	GPUs_GPU_b4269f1d_d802_4078_008d_64d0748b54c7 = [ Id = "GPU-b4269f1d-d802-4078-008d-64d0748b54c7"; ClockMhz = 2520.0; Capability = 8.9; CoresPerCU = 128; DeviceName = "NVIDIA L40S"; DeviceUuid = "b4269f1d-d802-4078-008d-64d0748b54c7"; ECCEnabled = true; ComputeUnits = 142; NvidiaDriver = "570.124.06"; DriverVersion = 12.8; DevicePciBusId = "0000:C1:00.0"; GlobalMemoryMb = 45468; MaxSupportedVersion = 12080 ]
	Memory = 16384
...
006 (2587870.000.000) 2025-08-06 10:21:52 Image size of job updated: 685648
	670  -  MemoryUsage of job (MB)
	685648  -  ResidentSetSize of job (KB)
...
006 (2587870.000.000) 2025-08-06 10:26:52 Image size of job updated: 694588
	677  -  MemoryUsage of job (MB)
	693024  -  ResidentSetSize of job (KB)
...
006 (2587870.000.000) 2025-08-06 10:30:26 Image size of job updated: 3372300
	677  -  MemoryUsage of job (MB)
	693024  -  ResidentSetSize of job (KB)
...
005 (2587870.000.000) 2025-08-06 10:30:26 Job terminated.
	(1) Normal termination (return value 0)
		Usr 0 00:08:54, Sys 0 00:00:33  -  Run Remote Usage
		Usr 0 00:00:00, Sys 0 00:00:00  -  Run Local Usage
		Usr 0 00:08:54, Sys 0 00:00:33  -  Total Remote Usage
		Usr 0 00:00:00, Sys 0 00:00:00  -  Total Local Usage
	0  -  Run Bytes Sent By Job
	0  -  Run Bytes Received By Job
	0  -  Total Bytes Sent By Job
	0  -  Total Bytes Received By Job
	Partitionable Resources :    Usage  Request Allocated Assigned
	   Cpus                 :     1.09        1         1 
	   Disk (KB)            : 17500    16777216  16790397 
	   GPUs                 :                 1         1 "GPU-b4269f1d-d802-4078-008d-64d0748b54c7"
	   GpusMemory (MB)      : 35158                       
	   Memory (MB)          :   677       16384     16384 
	   TimeExecute (s)      :   528                       
	   TimeSlotBusy (s)     :   528                       

	Job terminated of its own accord at 2025-08-06T08:30:26Z with exit-code 0.
...
