JAX: devices available: [CudaDevice(id=0)]
torch: CUDA is available. Number of devices: 1
torch: Current CUDA device: 0
Training data will be loaded from: /data/gravwav/twouters/projects/eos_source_classification/eos_source_classification/data/eos/radio_chiEFT/eos_samples.npz
Training a normalizing flow for population =  GW170817 and nsbh sources
Using a smaller learning rate 0.0005 for flowJAX training, as it is more stable with this value.
Before training, we built the following NF kwargs: {'n_transforms': 4, 'n_neurons': 64, 'n_blocks_per_transform': 1, 'nn_depth': 1, 'flow_layers': 1, 'nn_block_dim': 8, 'names': ['chirp_mass', 'mass_ratio', 'lambda_2', 'luminosity_distance'], 'n_inputs': 4}
Everything for this model will be saved to ./models/GW170817/nsbh/radio_chiEFT_flowjax
Using flowJAX, so setting validation_split_fraction to 0.01 (no validation split)
Starting training with the following parameters:
Reading the EOS data from /data/gravwav/twouters/projects/eos_source_classification/eos_source_classification/data/eos/radio_chiEFT/eos_samples.npz
Number of good samples:  0.954
create_data is following GW_event source type: GW170817
Parsed prior bounds:
  Chirp mass: 1.18 - 1.21
  Mass ratio: 0.5 - 1.0
  Luminosity distance: 1.0 - 75.0
Loaded priors: {'chirp_mass': Uniform(minimum=1.18, maximum=1.21, name='chirp_mass', latex_label='$\\mathcal{M}$', unit=None, boundary=None), 'mass_ratio': Uniform(minimum=0.5, maximum=1.0, name='mass_ratio', latex_label='$q$', unit=None, boundary=None), 'luminosity_distance': bilby.gw.prior.UniformComovingVolume(minimum=1.0, maximum=75.0, cosmology='Planck15', name='luminosity_distance', latex_label='$D_L$', unit='Mpc', boundary=None)}
0/200000
20000/200000
40000/200000
60000/200000
80000/200000
100000/200000
120000/200000
140000/200000
160000/200000
180000/200000
Create data will save the following data:
  m1: range = [1.334459319623393, 1.9799872238898617]
  m2: range = [0.954245012870825, 1.3845465331305495]
  mass_ratio: range = [0.5000019215120317, 0.9999995376939476]
  lambda_1: range = [6.32051965784721, 2228.8184862000935]
  lambda_2: range = [115.83163599300984, 9427.595678801405]
  lambda_tilde: range = [106.88147300038632, 2266.300018981217]
  delta_lambda_tilde: range = [-3.6820422086444573, 501.5701826669497]
  chirp_mass_source: range = [1.1605974338866938, 1.2089562739759088]
  chirp_mass: range = [1.1800001098076431, 1.209999939418913]
  luminosity_distance: range = [1.01184431011109, 74.99982606946853]
Saving to ./models/GW170817/nsbh/radio_chiEFT_flowjax/training_data.npz:
Saving to ./models/GW170817/nsbh/radio_chiEFT_flowjax/training_data.npz DONE
Using detector-frame chirp mass from the GW event and mass ratio (Mc_det, q) for training
Using component parameterization for lambdas (lambda_1, lambda_2)
Training samples: 198000, Validation samples: 2000
Creating the training data arrays
NSBH and training on lambda_2 (3D)
Including luminosity distance in training data
np.shape(self.x)
(198000, 4)
Using MinMaxScaler to scale the input data x
Saved sklearn scaler to ./models/GW170817/nsbh/radio_chiEFT_flowjax/scaler.gz
Going to start training for flowJAX . . .
Using block_neural_autoregressive_flow for flowJAX unconditional distribution
Training flowJAX unconditional model on data shape: (198000, 4)
Validation data shape: (2000, 4)
Saving the training loss plot to ./models/GW170817/nsbh/radio_chiEFT_flowjax/training_loss.pdf
Training done. Took around 3.65 minutes
Saving the flowJAX model to ./models/GW170817/nsbh/radio_chiEFT_flowjax/model.eqx
Saving the model kwargs to ./models/GW170817/nsbh/radio_chiEFT_flowjax/model_kwargs.json
DONE training!
