NFDist has source_type = nsbh
self.parameters_ref
{'chirp_mass': 1.4867847675135448, 'symmetric_mass_ratio': 0.24999995594642316, 'a_1': 0.011080273335494708, 'a_2': 0.04692984939031852, 'tilt_1': 2.6219694401252394, 'tilt_2': 1.0090315132594154, 'phi_jl': 0.977223832370418, 'phi_12': 5.868535624409604, 'lambda_1': 100.0, 'lambda_2': 200.0, 'luminosity_distance': 160.68570884930463, 'phase': 5.904192752190891, 'theta_jn': 0.20643139003708647, 'psi': 0.3008124663367458, 'ra': 1.4454755957606107, 'dec': 0.07257856505111598, 'mass_ratio': 0.999160794522431, 'mass_1': 1.7085843239096237, 'mass_2': 1.7071504705861102, 'geocent_time': 1240215503.017147, 'duration': 128.0}
3855it [0:00:48 bound:4 nc:670 ncall:1.3e+05 eff:3.0% logz-ratio=-0.69+/-0.04 dlogz:9.140>0.1]
4223it [0:01:49 bound:10 nc:867 ncall:4.0e+05 eff:1.1% logz-ratio=-0.50+/-0.04 dlogz:8.588>0.1]
4655it [0:02:59 bound:17 nc:720 ncall:7.1e+05 eff:0.7% logz-ratio=-0.29+/-0.04 dlogz:7.954>0.1]
5027it [0:03:59 bound:23 nc:888 ncall:9.8e+05 eff:0.5% logz-ratio=-0.12+/-0.04 dlogz:10.668>0.1]
5396it [0:05:02 bound:29 nc:945 ncall:1.3e+06 eff:0.4% logz-ratio=0.05+/-0.05 dlogz:10.144>0.1]
5767it [0:06:08 bound:35 nc:788 ncall:1.5e+06 eff:0.4% logz-ratio=0.21+/-0.05 dlogz:9.624>0.1]
6142it [0:07:12 bound:41 nc:1100 ncall:1.8e+06 eff:0.3% logz-ratio=0.36+/-0.05 dlogz:9.102>0.1]
6513it [0:08:21 bound:47 nc:1012 ncall:2.1e+06 eff:0.3% logz-ratio=0.50+/-0.05 dlogz:8.599>0.1]
6881it [0:09:27 bound:53 nc:1426 ncall:2.3e+06 eff:0.3% logz-ratio=0.64+/-0.05 dlogz:8.464>0.1]
7250it [0:10:37 bound:59 nc:373 ncall:2.6e+06 eff:0.3% logz-ratio=0.78+/-0.06 dlogz:23.557>0.1]
7557it [0:11:38 bound:64 nc:676 ncall:2.9e+06 eff:0.3% logz-ratio=0.89+/-0.06 dlogz:23.143>0.1]
7931it [0:12:45 bound:70 nc:649 ncall:3.2e+06 eff:0.2% logz-ratio=1.03+/-0.06 dlogz:22.639>0.1]
8299it [0:13:56 bound:76 nc:1020 ncall:3.5e+06 eff:0.2% logz-ratio=1.18+/-0.06 dlogz:22.134>0.1]
8669it [0:15:06 bound:82 nc:697 ncall:3.8e+06 eff:0.2% logz-ratio=1.33+/-0.07 dlogz:21.619>0.1]
9042it [0:16:19 bound:88 nc:922 ncall:4.1e+06 eff:0.2% logz-ratio=1.49+/-0.07 dlogz:21.093>0.1]
9355it [0:17:21 bound:93 nc:977 ncall:4.4e+06 eff:0.2% logz-ratio=1.63+/-0.07 dlogz:20.648>0.1]
9723it [0:18:33 bound:99 nc:519 ncall:4.7e+06 eff:0.2% logz-ratio=1.80+/-0.07 dlogz:20.123>0.1]
10036it [0:19:38 bound:104 nc:966 ncall:5.0e+06 eff:0.2% logz-ratio=1.95+/-0.08 dlogz:19.666>0.1]
10342it [0:20:41 bound:109 nc:755 ncall:5.3e+06 eff:0.2% logz-ratio=2.10+/-0.08 dlogz:19.214>0.1]
10653it [0:21:48 bound:114 nc:721 ncall:5.6e+06 eff:0.2% logz-ratio=2.28+/-0.08 dlogz:18.734>0.1]
10967it [0:22:54 bound:119 nc:733 ncall:5.9e+06 eff:0.2% logz-ratio=2.47+/-0.08 dlogz:18.232>0.1]
11276it [0:24:02 bound:124 nc:1183 ncall:6.2e+06 eff:0.2% logz-ratio=2.69+/-0.09 dlogz:20.788>0.1]
11583it [0:25:14 bound:129 nc:668 ncall:6.5e+06 eff:0.2% logz-ratio=2.91+/-0.09 dlogz:20.268>0.1]
11895it [0:26:30 bound:134 nc:932 ncall:6.8e+06 eff:0.2% logz-ratio=3.14+/-0.09 dlogz:19.736>0.1]
12205it [0:27:41 bound:139 nc:1249 ncall:7.1e+06 eff:0.2% logz-ratio=3.39+/-0.09 dlogz:26.570>0.1]
12516it [0:28:54 bound:144 nc:1385 ncall:7.5e+06 eff:0.2% logz-ratio=3.66+/-0.10 dlogz:25.995>0.1]
12823it [0:30:04 bound:149 nc:1094 ncall:7.8e+06 eff:0.2% logz-ratio=3.93+/-0.10 dlogz:25.422>0.1]
13070it [0:31:06 bound:153 nc:722 ncall:8.0e+06 eff:0.2% logz-ratio=4.16+/-0.10 dlogz:30.444>0.1]
13382it [0:32:19 bound:158 nc:884 ncall:8.3e+06 eff:0.2% logz-ratio=4.44+/-0.10 dlogz:29.855>0.1]
13632it [0:33:21 bound:162 nc:1477 ncall:8.6e+06 eff:0.2% logz-ratio=4.67+/-0.10 dlogz:29.379>0.1]
13945it [0:34:30 bound:167 nc:1101 ncall:8.9e+06 eff:0.2% logz-ratio=4.98+/-0.11 dlogz:28.764>0.1]
14256it [0:35:36 bound:172 nc:1147 ncall:9.2e+06 eff:0.2% logz-ratio=5.33+/-0.11 dlogz:28.116>0.1]
14566it [0:36:46 bound:177 nc:1028 ncall:9.5e+06 eff:0.2% logz-ratio=5.68+/-0.11 dlogz:28.489>0.1]
14810it [0:37:47 bound:181 nc:2854 ncall:9.8e+06 eff:0.2% logz-ratio=5.97+/-0.11 dlogz:27.961>0.1]
15061it [0:38:47 bound:185 nc:1183 ncall:1.0e+07 eff:0.1% logz-ratio=6.33+/-0.11 dlogz:29.077>0.1]
15308it [0:39:53 bound:189 nc:767 ncall:1.0e+07 eff:0.1% logz-ratio=6.80+/-0.12 dlogz:28.370>0.1]
15555it [0:41:01 bound:193 nc:681 ncall:1.1e+07 eff:0.1% logz-ratio=7.48+/-0.12 dlogz:28.285>0.1]
15803it [0:42:14 bound:197 nc:1012 ncall:1.1e+07 eff:0.1% logz-ratio=8.44+/-0.12 dlogz:27.087>0.1]
16051it [0:43:21 bound:201 nc:1450 ncall:1.1e+07 eff:0.1% logz-ratio=9.60+/-0.12 dlogz:25.681>0.1]
16292it [0:44:35 bound:205 nc:1107 ncall:1.2e+07 eff:0.1% logz-ratio=10.95+/-0.13 dlogz:24.103>0.1]
16535it [0:45:39 bound:209 nc:960 ncall:1.2e+07 eff:0.1% logz-ratio=12.26+/-0.13 dlogz:22.550>0.1]
16777it [0:46:45 bound:213 nc:1258 ncall:1.2e+07 eff:0.1% logz-ratio=13.50+/-0.13 dlogz:22.375>0.1]
17023it [0:47:51 bound:217 nc:935 ncall:1.3e+07 eff:0.1% logz-ratio=14.66+/-0.13 dlogz:20.983>0.1]
17272it [0:48:54 bound:221 nc:1306 ncall:1.3e+07 eff:0.1% logz-ratio=15.82+/-0.13 dlogz:19.578>0.1]
17519it [0:50:01 bound:225 nc:1861 ncall:1.3e+07 eff:0.1% logz-ratio=16.95+/-0.13 dlogz:18.206>0.1]
17768it [0:51:06 bound:229 nc:1296 ncall:1.4e+07 eff:0.1% logz-ratio=18.03+/-0.13 dlogz:16.883>0.1]
18015it [0:52:16 bound:233 nc:764 ncall:1.4e+07 eff:0.1% logz-ratio=19.01+/-0.13 dlogz:18.414>0.1]
18271it [0:53:23 bound:237 nc:799 ncall:1.4e+07 eff:0.1% logz-ratio=19.95+/-0.13 dlogz:17.220>0.1]
18523it [0:54:25 bound:241 nc:1309 ncall:1.4e+07 eff:0.1% logz-ratio=20.85+/-0.13 dlogz:16.083>0.1]
18772it [0:55:33 bound:245 nc:1152 ncall:1.5e+07 eff:0.1% logz-ratio=21.64+/-0.13 dlogz:15.050>0.1]
19016it [0:56:36 bound:249 nc:443 ncall:1.5e+07 eff:0.1% logz-ratio=22.30+/-0.13 dlogz:20.260>0.1]
19268it [0:57:39 bound:253 nc:1130 ncall:1.5e+07 eff:0.1% logz-ratio=22.95+/-0.13 dlogz:19.372>0.1]
19517it [0:58:41 bound:257 nc:1116 ncall:1.6e+07 eff:0.1% logz-ratio=23.54+/-0.13 dlogz:18.537>0.1]
19769it [0:59:45 bound:261 nc:1725 ncall:1.6e+07 eff:0.1% logz-ratio=24.13+/-0.14 dlogz:17.700>0.1]
19952it [1:00:56 bound:264 nc:992 ncall:1.6e+07 eff:0.1% logz-ratio=24.57+/-0.14 dlogz:17.083>0.1]
20197it [1:02:01 bound:268 nc:1642 ncall:1.6e+07 eff:0.1% logz-ratio=25.12+/-0.14 dlogz:16.962>0.1]
20449it [1:03:09 bound:272 nc:1368 ncall:1.7e+07 eff:0.1% logz-ratio=25.64+/-0.14 dlogz:16.467>0.1]
20700it [1:04:20 bound:276 nc:1215 ncall:1.7e+07 eff:0.1% logz-ratio=26.13+/-0.14 dlogz:15.733>0.1]
20945it [1:05:32 bound:280 nc:1360 ncall:1.7e+07 eff:0.1% logz-ratio=26.59+/-0.14 dlogz:15.035>0.1]
