000 (2578606.000.000) 2025-08-04 14:55:45 Job submitted from host: <145.107.7.246:9618?addrs=145.107.7.246-9618+[2a07-8500-120-e070--3f6]-9618&alias=taai-007.nikhef.nl&noUDP&sock=schedd_2614_90a7>
    DAG Node: run_c
...
009 (2578606.000.000) 2025-08-04 14:56:20 Job was aborted.
	via condor_rm (by user twouters)
...
000 (2578622.000.000) 2025-08-04 14:58:01 Job submitted from host: <145.107.7.246:9618?addrs=145.107.7.246-9618+[2a07-8500-120-e070--3f6]-9618&alias=taai-007.nikhef.nl&noUDP&sock=schedd_2614_90a7>
    DAG Node: run_c
...
001 (2578622.000.000) 2025-08-04 14:58:45 Job executing on host: <145.107.4.157:9618?addrs=145.107.4.157-9618+[2a07-8500-120-e070--9d]-9618&alias=wn-knek-014.nikhef.nl&noUDP&sock=startd_1926_a77e>
	SlotName: slot1_1@wn-knek-014.nikhef.nl
	CondorScratchDir = "/scratch/condor_execute/dir_1898569"
	Cpus = 64
	Disk = 16779841
	GPUs = 0
	Memory = 16384
...
006 (2578622.000.000) 2025-08-04 14:58:59 Image size of job updated: 256564
	251  -  MemoryUsage of job (MB)
	256564  -  ResidentSetSize of job (KB)
...
006 (2578622.000.000) 2025-08-04 15:04:00 Image size of job updated: 1600368
	1556  -  MemoryUsage of job (MB)
	1592368  -  ResidentSetSize of job (KB)
...
006 (2578622.000.000) 2025-08-04 15:09:00 Image size of job updated: 1610548
	1573  -  MemoryUsage of job (MB)
	1610548  -  ResidentSetSize of job (KB)
...
006 (2578622.000.000) 2025-08-04 15:29:03 Image size of job updated: 1611228
	1574  -  MemoryUsage of job (MB)
	1611228  -  ResidentSetSize of job (KB)
...
006 (2578622.000.000) 2025-08-04 15:39:04 Image size of job updated: 1611908
	1575  -  MemoryUsage of job (MB)
	1611908  -  ResidentSetSize of job (KB)
...
006 (2578622.000.000) 2025-08-04 15:54:05 Image size of job updated: 1612588
	1575  -  MemoryUsage of job (MB)
	1612588  -  ResidentSetSize of job (KB)
...
006 (2578622.000.000) 2025-08-04 16:09:06 Image size of job updated: 1613268
	1576  -  MemoryUsage of job (MB)
	1613268  -  ResidentSetSize of job (KB)
...
006 (2578622.000.000) 2025-08-04 16:19:07 Image size of job updated: 1613948
	1577  -  MemoryUsage of job (MB)
	1613948  -  ResidentSetSize of job (KB)
...
006 (2578622.000.000) 2025-08-04 16:34:08 Image size of job updated: 1614628
	1577  -  MemoryUsage of job (MB)
	1614628  -  ResidentSetSize of job (KB)
...
006 (2578622.000.000) 2025-08-04 16:49:09 Image size of job updated: 1615308
	1578  -  MemoryUsage of job (MB)
	1615308  -  ResidentSetSize of job (KB)
...
006 (2578622.000.000) 2025-08-04 17:04:11 Image size of job updated: 1615988
	1579  -  MemoryUsage of job (MB)
	1615988  -  ResidentSetSize of job (KB)
...
006 (2578622.000.000) 2025-08-04 17:14:12 Image size of job updated: 1616668
	1579  -  MemoryUsage of job (MB)
	1616668  -  ResidentSetSize of job (KB)
...
006 (2578622.000.000) 2025-08-04 17:29:14 Image size of job updated: 1617348
	1580  -  MemoryUsage of job (MB)
	1617348  -  ResidentSetSize of job (KB)
...
006 (2578622.000.000) 2025-08-04 17:44:16 Image size of job updated: 1618028
	1581  -  MemoryUsage of job (MB)
	1618028  -  ResidentSetSize of job (KB)
...
006 (2578622.000.000) 2025-08-04 17:54:18 Image size of job updated: 1618708
	1581  -  MemoryUsage of job (MB)
	1618708  -  ResidentSetSize of job (KB)
...
006 (2578622.000.000) 2025-08-04 18:09:19 Image size of job updated: 1619388
	1582  -  MemoryUsage of job (MB)
	1619388  -  ResidentSetSize of job (KB)
...
