000 (2611908.000.000) 2025-08-18 10:28:52 Job submitted from host: <145.107.7.246:9618?addrs=145.107.7.246-9618+[2a07-8500-120-e070--3f6]-9618&alias=taai-007.nikhef.nl&noUDP&sock=schedd_2614_90a7>
    DAG Node: run_h
...
001 (2611908.000.000) 2025-08-19 15:43:24 Job executing on host: <145.107.5.64:9618?addrs=145.107.5.64-9618+[2a07-8500-120-e070--540]-9618&alias=wn-lot-064.nikhef.nl&noUDP&sock=startd_2040_d94a>
	SlotName: slot1_1@wn-lot-064.nikhef.nl
	CondorScratchDir = "/scratch/condor_execute/dir_3653987"
	Cpus = 64
	Disk = 16780546
	GPUs = 0
	Memory = 16384
...
006 (2611908.000.000) 2025-08-19 15:43:38 Image size of job updated: 269008
	263  -  MemoryUsage of job (MB)
	269008  -  ResidentSetSize of job (KB)
...
006 (2611908.000.000) 2025-08-19 15:48:39 Image size of job updated: 1618900
	1581  -  MemoryUsage of job (MB)
	1618900  -  ResidentSetSize of job (KB)
...
006 (2611908.000.000) 2025-08-19 15:53:40 Image size of job updated: 1646924
	1609  -  MemoryUsage of job (MB)
	1646924  -  ResidentSetSize of job (KB)
...
006 (2611908.000.000) 2025-08-19 15:58:40 Image size of job updated: 1660852
	1622  -  MemoryUsage of job (MB)
	1660852  -  ResidentSetSize of job (KB)
...
006 (2611908.000.000) 2025-08-19 16:03:40 Image size of job updated: 1670660
	1632  -  MemoryUsage of job (MB)
	1670660  -  ResidentSetSize of job (KB)
...
006 (2611908.000.000) 2025-08-19 16:08:41 Image size of job updated: 1789408
	1748  -  MemoryUsage of job (MB)
	1789408  -  ResidentSetSize of job (KB)
...
006 (2611908.000.000) 2025-08-19 16:13:42 Image size of job updated: 1796728
	1755  -  MemoryUsage of job (MB)
	1796728  -  ResidentSetSize of job (KB)
...
006 (2611908.000.000) 2025-08-19 16:18:42 Image size of job updated: 1826988
	1785  -  MemoryUsage of job (MB)
	1826988  -  ResidentSetSize of job (KB)
...
006 (2611908.000.000) 2025-08-19 16:23:42 Image size of job updated: 1833824
	1791  -  MemoryUsage of job (MB)
	1833824  -  ResidentSetSize of job (KB)
...
006 (2611908.000.000) 2025-08-19 16:28:43 Image size of job updated: 1852164
	1809  -  MemoryUsage of job (MB)
	1852164  -  ResidentSetSize of job (KB)
...
006 (2611908.000.000) 2025-08-19 16:33:44 Image size of job updated: 1861000
	1818  -  MemoryUsage of job (MB)
	1861000  -  ResidentSetSize of job (KB)
...
006 (2611908.000.000) 2025-08-19 16:38:44 Image size of job updated: 1870324
	1827  -  MemoryUsage of job (MB)
	1870324  -  ResidentSetSize of job (KB)
...
006 (2611908.000.000) 2025-08-19 16:43:45 Image size of job updated: 1875912
	1832  -  MemoryUsage of job (MB)
	1875912  -  ResidentSetSize of job (KB)
...
006 (2611908.000.000) 2025-08-19 16:48:46 Image size of job updated: 2339100
	2285  -  MemoryUsage of job (MB)
	2339100  -  ResidentSetSize of job (KB)
...
006 (2611908.000.000) 2025-08-19 16:53:46 Image size of job updated: 2344560
	2290  -  MemoryUsage of job (MB)
	2344560  -  ResidentSetSize of job (KB)
...
006 (2611908.000.000) 2025-08-19 16:58:46 Image size of job updated: 2349136
	2295  -  MemoryUsage of job (MB)
	2349136  -  ResidentSetSize of job (KB)
...
006 (2611908.000.000) 2025-08-19 17:03:47 Image size of job updated: 2373568
	2318  -  MemoryUsage of job (MB)
	2373568  -  ResidentSetSize of job (KB)
...
006 (2611908.000.000) 2025-08-19 17:08:48 Image size of job updated: 2391080
	2336  -  MemoryUsage of job (MB)
	2391080  -  ResidentSetSize of job (KB)
...
006 (2611908.000.000) 2025-08-19 17:13:48 Image size of job updated: 2413120
	2357  -  MemoryUsage of job (MB)
	2413120  -  ResidentSetSize of job (KB)
...
006 (2611908.000.000) 2025-08-19 17:18:49 Image size of job updated: 2418884
	2363  -  MemoryUsage of job (MB)
	2418884  -  ResidentSetSize of job (KB)
...
006 (2611908.000.000) 2025-08-19 17:23:50 Image size of job updated: 2425144
	2369  -  MemoryUsage of job (MB)
	2425144  -  ResidentSetSize of job (KB)
...
006 (2611908.000.000) 2025-08-19 17:28:50 Image size of job updated: 2428352
	2372  -  MemoryUsage of job (MB)
	2428352  -  ResidentSetSize of job (KB)
...
006 (2611908.000.000) 2025-08-19 17:33:50 Image size of job updated: 2433404
	2377  -  MemoryUsage of job (MB)
	2433404  -  ResidentSetSize of job (KB)
...
006 (2611908.000.000) 2025-08-19 17:38:51 Image size of job updated: 2437032
	2380  -  MemoryUsage of job (MB)
	2437032  -  ResidentSetSize of job (KB)
...
006 (2611908.000.000) 2025-08-19 17:43:52 Image size of job updated: 2439052
	2382  -  MemoryUsage of job (MB)
	2439052  -  ResidentSetSize of job (KB)
...
006 (2611908.000.000) 2025-08-19 17:48:52 Image size of job updated: 2562424
	2462  -  MemoryUsage of job (MB)
	2520516  -  ResidentSetSize of job (KB)
...
006 (2611908.000.000) 2025-08-19 17:53:53 Image size of job updated: 2562424
	2464  -  MemoryUsage of job (MB)
	2522524  -  ResidentSetSize of job (KB)
...
006 (2611908.000.000) 2025-08-19 17:58:54 Image size of job updated: 2562424
	2465  -  MemoryUsage of job (MB)
	2524072  -  ResidentSetSize of job (KB)
...
006 (2611908.000.000) 2025-08-19 18:03:54 Image size of job updated: 2562424
	2470  -  MemoryUsage of job (MB)
	2529024  -  ResidentSetSize of job (KB)
...
006 (2611908.000.000) 2025-08-19 18:08:54 Image size of job updated: 2562424
	2472  -  MemoryUsage of job (MB)
	2530488  -  ResidentSetSize of job (KB)
...
006 (2611908.000.000) 2025-08-19 18:13:55 Image size of job updated: 2562424
	2474  -  MemoryUsage of job (MB)
	2532764  -  ResidentSetSize of job (KB)
...
006 (2611908.000.000) 2025-08-19 18:18:56 Image size of job updated: 2562424
	2476  -  MemoryUsage of job (MB)
	2534944  -  ResidentSetSize of job (KB)
...
006 (2611908.000.000) 2025-08-19 18:23:56 Image size of job updated: 2562424
	2479  -  MemoryUsage of job (MB)
	2537920  -  ResidentSetSize of job (KB)
...
006 (2611908.000.000) 2025-08-19 18:28:56 Image size of job updated: 2562424
	2483  -  MemoryUsage of job (MB)
	2542364  -  ResidentSetSize of job (KB)
...
006 (2611908.000.000) 2025-08-19 18:33:57 Image size of job updated: 2562424
	2486  -  MemoryUsage of job (MB)
	2544664  -  ResidentSetSize of job (KB)
...
006 (2611908.000.000) 2025-08-19 18:38:57 Image size of job updated: 2562424
	2487  -  MemoryUsage of job (MB)
	2546628  -  ResidentSetSize of job (KB)
...
006 (2611908.000.000) 2025-08-19 18:43:57 Image size of job updated: 2562424
	2491  -  MemoryUsage of job (MB)
	2550280  -  ResidentSetSize of job (KB)
...
006 (2611908.000.000) 2025-08-19 18:48:58 Image size of job updated: 2694104
	2527  -  MemoryUsage of job (MB)
	2587600  -  ResidentSetSize of job (KB)
...
006 (2611908.000.000) 2025-08-19 18:53:59 Image size of job updated: 2694104
	2531  -  MemoryUsage of job (MB)
	2590784  -  ResidentSetSize of job (KB)
...
006 (2611908.000.000) 2025-08-19 18:58:59 Image size of job updated: 2694104
	2535  -  MemoryUsage of job (MB)
	2595252  -  ResidentSetSize of job (KB)
...
006 (2611908.000.000) 2025-08-19 19:03:59 Image size of job updated: 2694104
	2538  -  MemoryUsage of job (MB)
	2598760  -  ResidentSetSize of job (KB)
...
006 (2611908.000.000) 2025-08-19 19:09:01 Image size of job updated: 2694104
	2540  -  MemoryUsage of job (MB)
	2599992  -  ResidentSetSize of job (KB)
...
006 (2611908.000.000) 2025-08-19 19:14:00 Image size of job updated: 2694104
	2544  -  MemoryUsage of job (MB)
	2604656  -  ResidentSetSize of job (KB)
...
006 (2611908.000.000) 2025-08-19 19:19:00 Image size of job updated: 2694104
	2545  -  MemoryUsage of job (MB)
	2606008  -  ResidentSetSize of job (KB)
...
006 (2611908.000.000) 2025-08-19 19:24:01 Image size of job updated: 2694104
	2549  -  MemoryUsage of job (MB)
	2609256  -  ResidentSetSize of job (KB)
...
006 (2611908.000.000) 2025-08-19 19:29:02 Image size of job updated: 2694104
	2549  -  MemoryUsage of job (MB)
	2609600  -  ResidentSetSize of job (KB)
...
006 (2611908.000.000) 2025-08-19 19:34:02 Image size of job updated: 2694104
	2549  -  MemoryUsage of job (MB)
	2610012  -  ResidentSetSize of job (KB)
...
006 (2611908.000.000) 2025-08-19 19:39:02 Image size of job updated: 2694104
	2553  -  MemoryUsage of job (MB)
	2614264  -  ResidentSetSize of job (KB)
...
006 (2611908.000.000) 2025-08-19 19:44:03 Image size of job updated: 2694104
	2554  -  MemoryUsage of job (MB)
	2614684  -  ResidentSetSize of job (KB)
...
006 (2611908.000.000) 2025-08-19 19:49:04 Image size of job updated: 2722944
	2628  -  MemoryUsage of job (MB)
	2690956  -  ResidentSetSize of job (KB)
...
006 (2611908.000.000) 2025-08-19 19:54:04 Image size of job updated: 2722944
	2629  -  MemoryUsage of job (MB)
	2691872  -  ResidentSetSize of job (KB)
...
006 (2611908.000.000) 2025-08-19 19:59:04 Image size of job updated: 2722944
	2632  -  MemoryUsage of job (MB)
	2694716  -  ResidentSetSize of job (KB)
...
006 (2611908.000.000) 2025-08-19 20:04:05 Image size of job updated: 2722944
	2633  -  MemoryUsage of job (MB)
	2695644  -  ResidentSetSize of job (KB)
...
006 (2611908.000.000) 2025-08-19 20:09:05 Image size of job updated: 2722944
	2634  -  MemoryUsage of job (MB)
	2696220  -  ResidentSetSize of job (KB)
...
006 (2611908.000.000) 2025-08-19 20:14:05 Image size of job updated: 2722944
	2636  -  MemoryUsage of job (MB)
	2698548  -  ResidentSetSize of job (KB)
...
006 (2611908.000.000) 2025-08-19 20:19:06 Image size of job updated: 2722944
	2636  -  MemoryUsage of job (MB)
	2699000  -  ResidentSetSize of job (KB)
...
006 (2611908.000.000) 2025-08-19 20:24:07 Image size of job updated: 2722944
	2639  -  MemoryUsage of job (MB)
	2701804  -  ResidentSetSize of job (KB)
...
006 (2611908.000.000) 2025-08-19 20:29:07 Image size of job updated: 2722944
	2641  -  MemoryUsage of job (MB)
	2704304  -  ResidentSetSize of job (KB)
...
006 (2611908.000.000) 2025-08-19 20:34:07 Image size of job updated: 2722944
	2645  -  MemoryUsage of job (MB)
	2707472  -  ResidentSetSize of job (KB)
...
006 (2611908.000.000) 2025-08-19 20:39:08 Image size of job updated: 2722944
	2645  -  MemoryUsage of job (MB)
	2707796  -  ResidentSetSize of job (KB)
...
006 (2611908.000.000) 2025-08-19 20:44:09 Image size of job updated: 2722944
	2645  -  MemoryUsage of job (MB)
	2708408  -  ResidentSetSize of job (KB)
...
006 (2611908.000.000) 2025-08-19 20:49:09 Image size of job updated: 2858536
	2686  -  MemoryUsage of job (MB)
	2750188  -  ResidentSetSize of job (KB)
...
006 (2611908.000.000) 2025-08-19 20:54:09 Image size of job updated: 2858536
	2691  -  MemoryUsage of job (MB)
	2754880  -  ResidentSetSize of job (KB)
...
006 (2611908.000.000) 2025-08-19 20:59:10 Image size of job updated: 2858536
	2694  -  MemoryUsage of job (MB)
	2757752  -  ResidentSetSize of job (KB)
...
006 (2611908.000.000) 2025-08-19 21:04:10 Image size of job updated: 2858536
	2695  -  MemoryUsage of job (MB)
	2758896  -  ResidentSetSize of job (KB)
...
006 (2611908.000.000) 2025-08-19 21:09:10 Image size of job updated: 2858536
	2695  -  MemoryUsage of job (MB)
	2759388  -  ResidentSetSize of job (KB)
...
006 (2611908.000.000) 2025-08-19 21:14:11 Image size of job updated: 2858536
	2697  -  MemoryUsage of job (MB)
	2761448  -  ResidentSetSize of job (KB)
...
006 (2611908.000.000) 2025-08-19 21:19:12 Image size of job updated: 2858536
	2698  -  MemoryUsage of job (MB)
	2762196  -  ResidentSetSize of job (KB)
...
006 (2611908.000.000) 2025-08-19 21:24:12 Image size of job updated: 2858536
	2700  -  MemoryUsage of job (MB)
	2764360  -  ResidentSetSize of job (KB)
...
006 (2611908.000.000) 2025-08-19 21:29:12 Image size of job updated: 2858536
	2700  -  MemoryUsage of job (MB)
	2764688  -  ResidentSetSize of job (KB)
...
006 (2611908.000.000) 2025-08-19 21:34:13 Image size of job updated: 2858536
	2703  -  MemoryUsage of job (MB)
	2766896  -  ResidentSetSize of job (KB)
...
006 (2611908.000.000) 2025-08-19 21:39:14 Image size of job updated: 2858536
	2703  -  MemoryUsage of job (MB)
	2767232  -  ResidentSetSize of job (KB)
...
006 (2611908.000.000) 2025-08-19 21:44:14 Image size of job updated: 2858536
	2703  -  MemoryUsage of job (MB)
	2767644  -  ResidentSetSize of job (KB)
...
006 (2611908.000.000) 2025-08-19 21:49:15 Image size of job updated: 2913772
	2846  -  MemoryUsage of job (MB)
	2913772  -  ResidentSetSize of job (KB)
...
006 (2611908.000.000) 2025-08-19 21:54:16 Image size of job updated: 2968664
	2846  -  MemoryUsage of job (MB)
	2913804  -  ResidentSetSize of job (KB)
...
006 (2611908.000.000) 2025-08-19 22:54:21 Image size of job updated: 3019940
	2846  -  MemoryUsage of job (MB)
	2913804  -  ResidentSetSize of job (KB)
...
006 (2611908.000.000) 2025-08-19 23:54:27 Image size of job updated: 3090504
	2847  -  MemoryUsage of job (MB)
	2914780  -  ResidentSetSize of job (KB)
...
006 (2611908.000.000) 2025-08-19 23:59:28 Image size of job updated: 3090504
	2850  -  MemoryUsage of job (MB)
	2918256  -  ResidentSetSize of job (KB)
...
006 (2611908.000.000) 2025-08-20 00:04:29 Image size of job updated: 3090504
	2851  -  MemoryUsage of job (MB)
	2918820  -  ResidentSetSize of job (KB)
...
006 (2611908.000.000) 2025-08-20 00:09:29 Image size of job updated: 3090504
	2853  -  MemoryUsage of job (MB)
	2921112  -  ResidentSetSize of job (KB)
...
006 (2611908.000.000) 2025-08-20 00:14:30 Image size of job updated: 3090504
	2854  -  MemoryUsage of job (MB)
	2921508  -  ResidentSetSize of job (KB)
...
006 (2611908.000.000) 2025-08-20 00:19:31 Image size of job updated: 3090504
	2856  -  MemoryUsage of job (MB)
	2923732  -  ResidentSetSize of job (KB)
...
006 (2611908.000.000) 2025-08-20 00:24:31 Image size of job updated: 3090504
	2856  -  MemoryUsage of job (MB)
	2924108  -  ResidentSetSize of job (KB)
...
006 (2611908.000.000) 2025-08-20 00:29:31 Image size of job updated: 3090504
	2857  -  MemoryUsage of job (MB)
	2924608  -  ResidentSetSize of job (KB)
...
006 (2611908.000.000) 2025-08-20 00:34:32 Image size of job updated: 3090504
	2859  -  MemoryUsage of job (MB)
	2926860  -  ResidentSetSize of job (KB)
...
006 (2611908.000.000) 2025-08-20 00:39:33 Image size of job updated: 3090504
	2859  -  MemoryUsage of job (MB)
	2927220  -  ResidentSetSize of job (KB)
...
006 (2611908.000.000) 2025-08-20 00:44:33 Image size of job updated: 3090504
	2861  -  MemoryUsage of job (MB)
	2929608  -  ResidentSetSize of job (KB)
...
006 (2611908.000.000) 2025-08-20 00:49:33 Image size of job updated: 3090504
	2862  -  MemoryUsage of job (MB)
	2929952  -  ResidentSetSize of job (KB)
...
006 (2611908.000.000) 2025-08-20 00:54:34 Image size of job updated: 3193192
	2924  -  MemoryUsage of job (MB)
	2993652  -  ResidentSetSize of job (KB)
...
006 (2611908.000.000) 2025-08-20 00:59:35 Image size of job updated: 3193192
	2926  -  MemoryUsage of job (MB)
	2995788  -  ResidentSetSize of job (KB)
...
006 (2611908.000.000) 2025-08-20 01:04:35 Image size of job updated: 3193192
	2926  -  MemoryUsage of job (MB)
	2996116  -  ResidentSetSize of job (KB)
...
006 (2611908.000.000) 2025-08-20 01:09:35 Image size of job updated: 3193192
	2929  -  MemoryUsage of job (MB)
	2998376  -  ResidentSetSize of job (KB)
...
006 (2611908.000.000) 2025-08-20 01:14:36 Image size of job updated: 3193192
	2929  -  MemoryUsage of job (MB)
	2998744  -  ResidentSetSize of job (KB)
...
006 (2611908.000.000) 2025-08-20 01:19:36 Image size of job updated: 3193192
	2931  -  MemoryUsage of job (MB)
	3000976  -  ResidentSetSize of job (KB)
...
006 (2611908.000.000) 2025-08-20 01:24:36 Image size of job updated: 3193192
	2931  -  MemoryUsage of job (MB)
	3001276  -  ResidentSetSize of job (KB)
...
006 (2611908.000.000) 2025-08-20 01:29:37 Image size of job updated: 3193192
	2932  -  MemoryUsage of job (MB)
	3001600  -  ResidentSetSize of job (KB)
...
006 (2611908.000.000) 2025-08-20 01:34:38 Image size of job updated: 3193192
	2935  -  MemoryUsage of job (MB)
	3004632  -  ResidentSetSize of job (KB)
...
006 (2611908.000.000) 2025-08-20 01:39:38 Image size of job updated: 3193192
	2935  -  MemoryUsage of job (MB)
	3005028  -  ResidentSetSize of job (KB)
...
006 (2611908.000.000) 2025-08-20 01:44:38 Image size of job updated: 3193192
	2938  -  MemoryUsage of job (MB)
	3008104  -  ResidentSetSize of job (KB)
...
006 (2611908.000.000) 2025-08-20 01:49:39 Image size of job updated: 3193192
	2939  -  MemoryUsage of job (MB)
	3008548  -  ResidentSetSize of job (KB)
...
006 (2611908.000.000) 2025-08-20 01:54:40 Image size of job updated: 3233116
	2953  -  MemoryUsage of job (MB)
	3023552  -  ResidentSetSize of job (KB)
...
006 (2611908.000.000) 2025-08-20 01:59:40 Image size of job updated: 3233116
	2953  -  MemoryUsage of job (MB)
	3023864  -  ResidentSetSize of job (KB)
...
006 (2611908.000.000) 2025-08-20 02:04:40 Image size of job updated: 3233116
	2954  -  MemoryUsage of job (MB)
	3024152  -  ResidentSetSize of job (KB)
...
006 (2611908.000.000) 2025-08-20 02:09:41 Image size of job updated: 3233116
	2956  -  MemoryUsage of job (MB)
	3026304  -  ResidentSetSize of job (KB)
...
006 (2611908.000.000) 2025-08-20 02:14:41 Image size of job updated: 3233116
	2956  -  MemoryUsage of job (MB)
	3026636  -  ResidentSetSize of job (KB)
...
006 (2611908.000.000) 2025-08-20 02:19:41 Image size of job updated: 3233116
	2959  -  MemoryUsage of job (MB)
	3029380  -  ResidentSetSize of job (KB)
...
006 (2611908.000.000) 2025-08-20 02:24:42 Image size of job updated: 3233116
	2959  -  MemoryUsage of job (MB)
	3029604  -  ResidentSetSize of job (KB)
...
006 (2611908.000.000) 2025-08-20 02:29:43 Image size of job updated: 3233116
	2961  -  MemoryUsage of job (MB)
	3032012  -  ResidentSetSize of job (KB)
...
006 (2611908.000.000) 2025-08-20 02:34:43 Image size of job updated: 3233116
	2962  -  MemoryUsage of job (MB)
	3032344  -  ResidentSetSize of job (KB)
...
006 (2611908.000.000) 2025-08-20 02:39:43 Image size of job updated: 3233116
	2962  -  MemoryUsage of job (MB)
	3032596  -  ResidentSetSize of job (KB)
...
006 (2611908.000.000) 2025-08-20 02:44:44 Image size of job updated: 3233116
	2963  -  MemoryUsage of job (MB)
	3033980  -  ResidentSetSize of job (KB)
...
006 (2611908.000.000) 2025-08-20 02:49:45 Image size of job updated: 3233116
	2964  -  MemoryUsage of job (MB)
	3034220  -  ResidentSetSize of job (KB)
...
006 (2611908.000.000) 2025-08-20 02:54:45 Image size of job updated: 3316132
	2981  -  MemoryUsage of job (MB)
	3052428  -  ResidentSetSize of job (KB)
...
006 (2611908.000.000) 2025-08-20 03:19:47 Image size of job updated: 3316132
	2984  -  MemoryUsage of job (MB)
	3054940  -  ResidentSetSize of job (KB)
...
006 (2611908.000.000) 2025-08-20 03:24:48 Image size of job updated: 3316132
	2984  -  MemoryUsage of job (MB)
	3055200  -  ResidentSetSize of job (KB)
...
006 (2611908.000.000) 2025-08-20 03:29:48 Image size of job updated: 3316132
	2987  -  MemoryUsage of job (MB)
	3058504  -  ResidentSetSize of job (KB)
...
006 (2611908.000.000) 2025-08-20 03:34:48 Image size of job updated: 3316132
	2988  -  MemoryUsage of job (MB)
	3058704  -  ResidentSetSize of job (KB)
...
006 (2611908.000.000) 2025-08-20 03:39:49 Image size of job updated: 3316132
	2988  -  MemoryUsage of job (MB)
	3058892  -  ResidentSetSize of job (KB)
...
006 (2611908.000.000) 2025-08-20 03:44:50 Image size of job updated: 3316132
	2990  -  MemoryUsage of job (MB)
	3060960  -  ResidentSetSize of job (KB)
...
006 (2611908.000.000) 2025-08-20 03:49:50 Image size of job updated: 3316132
	2990  -  MemoryUsage of job (MB)
	3061176  -  ResidentSetSize of job (KB)
...
006 (2611908.000.000) 2025-08-20 03:54:50 Image size of job updated: 3318408
	3087  -  MemoryUsage of job (MB)
	3160772  -  ResidentSetSize of job (KB)
...
006 (2611908.000.000) 2025-08-20 03:59:51 Image size of job updated: 3323260
	3087  -  MemoryUsage of job (MB)
	3160772  -  ResidentSetSize of job (KB)
...
006 (2611908.000.000) 2025-08-20 04:59:57 Image size of job updated: 3448624
	3130  -  MemoryUsage of job (MB)
	3204492  -  ResidentSetSize of job (KB)
...
006 (2611908.000.000) 2025-08-20 05:04:57 Image size of job updated: 3448624
	3133  -  MemoryUsage of job (MB)
	3207240  -  ResidentSetSize of job (KB)
...
006 (2611908.000.000) 2025-08-20 05:09:58 Image size of job updated: 3448624
	3133  -  MemoryUsage of job (MB)
	3207468  -  ResidentSetSize of job (KB)
...
006 (2611908.000.000) 2025-08-20 05:14:59 Image size of job updated: 3448624
	3133  -  MemoryUsage of job (MB)
	3207648  -  ResidentSetSize of job (KB)
...
006 (2611908.000.000) 2025-08-20 05:19:59 Image size of job updated: 3448624
	3135  -  MemoryUsage of job (MB)
	3209724  -  ResidentSetSize of job (KB)
...
006 (2611908.000.000) 2025-08-20 05:24:59 Image size of job updated: 3448624
	3135  -  MemoryUsage of job (MB)
	3209892  -  ResidentSetSize of job (KB)
...
006 (2611908.000.000) 2025-08-20 05:30:00 Image size of job updated: 3448624
	3137  -  MemoryUsage of job (MB)
	3212000  -  ResidentSetSize of job (KB)
...
006 (2611908.000.000) 2025-08-20 05:35:01 Image size of job updated: 3448624
	3137  -  MemoryUsage of job (MB)
	3212140  -  ResidentSetSize of job (KB)
...
006 (2611908.000.000) 2025-08-20 05:40:01 Image size of job updated: 3448624
	3139  -  MemoryUsage of job (MB)
	3214188  -  ResidentSetSize of job (KB)
...
006 (2611908.000.000) 2025-08-20 05:45:01 Image size of job updated: 3448624
	3140  -  MemoryUsage of job (MB)
	3214412  -  ResidentSetSize of job (KB)
...
006 (2611908.000.000) 2025-08-20 05:50:02 Image size of job updated: 3448624
	3140  -  MemoryUsage of job (MB)
	3214588  -  ResidentSetSize of job (KB)
...
006 (2611908.000.000) 2025-08-20 05:55:03 Image size of job updated: 3448624
	3142  -  MemoryUsage of job (MB)
	3216676  -  ResidentSetSize of job (KB)
...
006 (2611908.000.000) 2025-08-20 06:00:03 Image size of job updated: 3497868
	3142  -  MemoryUsage of job (MB)
	3216676  -  ResidentSetSize of job (KB)
...
006 (2611908.000.000) 2025-08-20 08:00:16 Image size of job updated: 3520620
	3144  -  MemoryUsage of job (MB)
	3219128  -  ResidentSetSize of job (KB)
...
006 (2611908.000.000) 2025-08-20 08:05:17 Image size of job updated: 3520620
	3145  -  MemoryUsage of job (MB)
	3220364  -  ResidentSetSize of job (KB)
...
006 (2611908.000.000) 2025-08-20 08:10:17 Image size of job updated: 3520620
	3146  -  MemoryUsage of job (MB)
	3220520  -  ResidentSetSize of job (KB)
...
006 (2611908.000.000) 2025-08-20 08:15:17 Image size of job updated: 3520620
	3146  -  MemoryUsage of job (MB)
	3220632  -  ResidentSetSize of job (KB)
...
006 (2611908.000.000) 2025-08-20 08:20:18 Image size of job updated: 3520620
	3146  -  MemoryUsage of job (MB)
	3220784  -  ResidentSetSize of job (KB)
...
006 (2611908.000.000) 2025-08-20 08:25:19 Image size of job updated: 3520620
	3146  -  MemoryUsage of job (MB)
	3220948  -  ResidentSetSize of job (KB)
...
006 (2611908.000.000) 2025-08-20 08:30:19 Image size of job updated: 3520620
	3146  -  MemoryUsage of job (MB)
	3221080  -  ResidentSetSize of job (KB)
...
006 (2611908.000.000) 2025-08-20 08:35:19 Image size of job updated: 3520620
	3146  -  MemoryUsage of job (MB)
	3221224  -  ResidentSetSize of job (KB)
...
006 (2611908.000.000) 2025-08-20 08:40:20 Image size of job updated: 3520620
	3146  -  MemoryUsage of job (MB)
	3221344  -  ResidentSetSize of job (KB)
...
006 (2611908.000.000) 2025-08-20 08:45:21 Image size of job updated: 3520620
	3146  -  MemoryUsage of job (MB)
	3221492  -  ResidentSetSize of job (KB)
...
006 (2611908.000.000) 2025-08-20 08:50:21 Image size of job updated: 3520620
	3148  -  MemoryUsage of job (MB)
	3222656  -  ResidentSetSize of job (KB)
...
006 (2611908.000.000) 2025-08-20 08:55:21 Image size of job updated: 3520620
	3148  -  MemoryUsage of job (MB)
	3223412  -  ResidentSetSize of job (KB)
...
006 (2611908.000.000) 2025-08-20 09:00:22 Image size of job updated: 3520620
	3148  -  MemoryUsage of job (MB)
	3223532  -  ResidentSetSize of job (KB)
...
006 (2611908.000.000) 2025-08-20 09:05:23 Image size of job updated: 3628900
	3267  -  MemoryUsage of job (MB)
	3345188  -  ResidentSetSize of job (KB)
...
006 (2611908.000.000) 2025-08-20 09:10:23 Image size of job updated: 3628900
	3267  -  MemoryUsage of job (MB)
	3345324  -  ResidentSetSize of job (KB)
...
006 (2611908.000.000) 2025-08-20 09:15:23 Image size of job updated: 3628900
	3268  -  MemoryUsage of job (MB)
	3345472  -  ResidentSetSize of job (KB)
...
006 (2611908.000.000) 2025-08-20 09:20:24 Image size of job updated: 3628900
	3268  -  MemoryUsage of job (MB)
	3345592  -  ResidentSetSize of job (KB)
...
006 (2611908.000.000) 2025-08-20 09:25:25 Image size of job updated: 3628900
	3268  -  MemoryUsage of job (MB)
	3345700  -  ResidentSetSize of job (KB)
...
006 (2611908.000.000) 2025-08-20 09:30:25 Image size of job updated: 3628900
	3268  -  MemoryUsage of job (MB)
	3345848  -  ResidentSetSize of job (KB)
...
006 (2611908.000.000) 2025-08-20 09:35:25 Image size of job updated: 3628900
	3268  -  MemoryUsage of job (MB)
	3345984  -  ResidentSetSize of job (KB)
...
006 (2611908.000.000) 2025-08-20 09:40:26 Image size of job updated: 3628900
	3268  -  MemoryUsage of job (MB)
	3346128  -  ResidentSetSize of job (KB)
...
006 (2611908.000.000) 2025-08-20 09:45:27 Image size of job updated: 3628900
	3268  -  MemoryUsage of job (MB)
	3346268  -  ResidentSetSize of job (KB)
...
006 (2611908.000.000) 2025-08-20 09:50:27 Image size of job updated: 3628900
	3268  -  MemoryUsage of job (MB)
	3346376  -  ResidentSetSize of job (KB)
...
006 (2611908.000.000) 2025-08-20 09:55:27 Image size of job updated: 3628900
	3269  -  MemoryUsage of job (MB)
	3346516  -  ResidentSetSize of job (KB)
...
006 (2611908.000.000) 2025-08-20 10:00:29 Image size of job updated: 3628900
	3269  -  MemoryUsage of job (MB)
	3346616  -  ResidentSetSize of job (KB)
...
006 (2611908.000.000) 2025-08-20 11:05:35 Image size of job updated: 3712128
	3324  -  MemoryUsage of job (MB)
	3403140  -  ResidentSetSize of job (KB)
...
006 (2611908.000.000) 2025-08-20 11:10:35 Image size of job updated: 3712128
	3328  -  MemoryUsage of job (MB)
	3407776  -  ResidentSetSize of job (KB)
...
006 (2611908.000.000) 2025-08-20 11:15:36 Image size of job updated: 3712128
	3328  -  MemoryUsage of job (MB)
	3407868  -  ResidentSetSize of job (KB)
...
006 (2611908.000.000) 2025-08-20 11:20:37 Image size of job updated: 3712128
	3329  -  MemoryUsage of job (MB)
	3407980  -  ResidentSetSize of job (KB)
...
006 (2611908.000.000) 2025-08-20 11:25:37 Image size of job updated: 3712128
	3329  -  MemoryUsage of job (MB)
	3408092  -  ResidentSetSize of job (KB)
...
006 (2611908.000.000) 2025-08-20 11:30:37 Image size of job updated: 3712128
	3329  -  MemoryUsage of job (MB)
	3408196  -  ResidentSetSize of job (KB)
...
006 (2611908.000.000) 2025-08-20 11:35:38 Image size of job updated: 3712128
	3329  -  MemoryUsage of job (MB)
	3408332  -  ResidentSetSize of job (KB)
...
006 (2611908.000.000) 2025-08-20 11:40:39 Image size of job updated: 3712128
	3329  -  MemoryUsage of job (MB)
	3408424  -  ResidentSetSize of job (KB)
...
006 (2611908.000.000) 2025-08-20 11:45:39 Image size of job updated: 3712128
	3329  -  MemoryUsage of job (MB)
	3408516  -  ResidentSetSize of job (KB)
...
006 (2611908.000.000) 2025-08-20 11:50:40 Image size of job updated: 3712128
	3329  -  MemoryUsage of job (MB)
	3408644  -  ResidentSetSize of job (KB)
...
006 (2611908.000.000) 2025-08-20 11:55:41 Image size of job updated: 3712128
	3329  -  MemoryUsage of job (MB)
	3408764  -  ResidentSetSize of job (KB)
...
006 (2611908.000.000) 2025-08-20 12:00:41 Image size of job updated: 3712128
	3329  -  MemoryUsage of job (MB)
	3408892  -  ResidentSetSize of job (KB)
...
006 (2611908.000.000) 2025-08-20 12:05:41 Image size of job updated: 3712128
	3499  -  MemoryUsage of job (MB)
	3582364  -  ResidentSetSize of job (KB)
...
006 (2611908.000.000) 2025-08-20 12:10:42 Image size of job updated: 3712128
	3499  -  MemoryUsage of job (MB)
	3582392  -  ResidentSetSize of job (KB)
...
006 (2611908.000.000) 2025-08-20 14:10:54 Image size of job updated: 3730228
	3499  -  MemoryUsage of job (MB)
	3582392  -  ResidentSetSize of job (KB)
...
006 (2611908.000.000) 2025-08-20 15:10:59 Image size of job updated: 3861452
	3499  -  MemoryUsage of job (MB)
	3582392  -  ResidentSetSize of job (KB)
...
006 (2611908.000.000) 2025-08-20 16:11:04 Image size of job updated: 3888160
	3499  -  MemoryUsage of job (MB)
	3582392  -  ResidentSetSize of job (KB)
...
006 (2611908.000.000) 2025-08-20 16:21:06 Image size of job updated: 4033628
	3499  -  MemoryUsage of job (MB)
	3582392  -  ResidentSetSize of job (KB)
...
005 (2611908.000.000) 2025-08-20 16:21:58 Job terminated.
	(1) Normal termination (return value 0)
		Usr 45 08:33:38, Sys 0 00:10:56  -  Run Remote Usage
		Usr 0 00:00:00, Sys 0 00:00:00  -  Run Local Usage
		Usr 45 08:33:38, Sys 0 00:10:56  -  Total Remote Usage
		Usr 0 00:00:00, Sys 0 00:00:00  -  Total Local Usage
	0  -  Run Bytes Sent By Job
	0  -  Run Bytes Received By Job
	0  -  Total Bytes Sent By Job
	0  -  Total Bytes Received By Job
	Partitionable Resources :    Usage  Request Allocated 
	   Cpus                 :     1.02       64        64 
	   Disk (KB)            : 17500    16777216  16780546 
	   GPUs                 :                           0 
	   Memory (MB)          :  3499       16384     16384 
	   TimeExecute (s)      : 88714                       
	   TimeSlotBusy (s)     : 88714                       

	Job terminated of its own accord at 2025-08-20T14:21:58Z with exit-code 0.
...
