000 (2575891.000.000) 2025-07-30 22:17:05 Job submitted from host: <145.107.7.246:9618?addrs=145.107.7.246-9618+[2a07-8500-120-e070--3f6]-9618&alias=taai-007.nikhef.nl&noUDP&sock=schedd_2614_90a7>
    DAG Node: run_m
...
001 (2575891.000.000) 2025-07-30 22:17:14 Job executing on host: <145.107.4.147:9618?addrs=145.107.4.147-9618+[2a07-8500-120-e070--93]-9618&alias=wn-knek-004.nikhef.nl&noUDP&sock=startd_1946_5f63>
	SlotName: slot1_1@wn-knek-004.nikhef.nl
	CondorScratchDir = "/scratch/condor_execute/dir_1837723"
	Cpus = 64
	Disk = 16779850
	GPUs = 0
	Memory = 16384
...
006 (2575891.000.000) 2025-07-30 22:17:28 Image size of job updated: 284804
	279  -  MemoryUsage of job (MB)
	284804  -  ResidentSetSize of job (KB)
...
006 (2575891.000.000) 2025-07-30 22:22:28 Image size of job updated: 1565836
	1530  -  MemoryUsage of job (MB)
	1565836  -  ResidentSetSize of job (KB)
...
006 (2575891.000.000) 2025-07-30 22:27:28 Image size of job updated: 1596560
	1560  -  MemoryUsage of job (MB)
	1596560  -  ResidentSetSize of job (KB)
...
006 (2575891.000.000) 2025-07-30 22:32:29 Image size of job updated: 1612584
	1575  -  MemoryUsage of job (MB)
	1612584  -  ResidentSetSize of job (KB)
...
006 (2575891.000.000) 2025-07-30 22:37:30 Image size of job updated: 1625264
	1588  -  MemoryUsage of job (MB)
	1625264  -  ResidentSetSize of job (KB)
...
006 (2575891.000.000) 2025-07-30 22:42:30 Image size of job updated: 1635488
	1598  -  MemoryUsage of job (MB)
	1635488  -  ResidentSetSize of job (KB)
...
006 (2575891.000.000) 2025-07-30 22:47:30 Image size of job updated: 1644440
	1606  -  MemoryUsage of job (MB)
	1644440  -  ResidentSetSize of job (KB)
...
006 (2575891.000.000) 2025-07-30 22:52:31 Image size of job updated: 1651880
	1614  -  MemoryUsage of job (MB)
	1651880  -  ResidentSetSize of job (KB)
...
006 (2575891.000.000) 2025-07-30 22:57:32 Image size of job updated: 1658620
	1620  -  MemoryUsage of job (MB)
	1658620  -  ResidentSetSize of job (KB)
...
006 (2575891.000.000) 2025-07-30 23:02:32 Image size of job updated: 1663880
	1625  -  MemoryUsage of job (MB)
	1663880  -  ResidentSetSize of job (KB)
...
006 (2575891.000.000) 2025-07-30 23:07:33 Image size of job updated: 1669116
	1630  -  MemoryUsage of job (MB)
	1669116  -  ResidentSetSize of job (KB)
...
006 (2575891.000.000) 2025-07-30 23:12:34 Image size of job updated: 1673896
	1635  -  MemoryUsage of job (MB)
	1673896  -  ResidentSetSize of job (KB)
...
006 (2575891.000.000) 2025-07-30 23:17:34 Image size of job updated: 1678512
	1640  -  MemoryUsage of job (MB)
	1678512  -  ResidentSetSize of job (KB)
...
006 (2575891.000.000) 2025-07-30 23:22:34 Image size of job updated: 2014760
	1968  -  MemoryUsage of job (MB)
	2014760  -  ResidentSetSize of job (KB)
...
006 (2575891.000.000) 2025-07-30 23:27:35 Image size of job updated: 2018008
	1971  -  MemoryUsage of job (MB)
	2018008  -  ResidentSetSize of job (KB)
...
006 (2575891.000.000) 2025-07-30 23:32:36 Image size of job updated: 2021156
	1974  -  MemoryUsage of job (MB)
	2021156  -  ResidentSetSize of job (KB)
...
006 (2575891.000.000) 2025-07-30 23:37:36 Image size of job updated: 2045656
	1998  -  MemoryUsage of job (MB)
	2045656  -  ResidentSetSize of job (KB)
...
006 (2575891.000.000) 2025-07-30 23:42:36 Image size of job updated: 2065340
	2017  -  MemoryUsage of job (MB)
	2065340  -  ResidentSetSize of job (KB)
...
006 (2575891.000.000) 2025-07-30 23:47:37 Image size of job updated: 2084264
	2036  -  MemoryUsage of job (MB)
	2084264  -  ResidentSetSize of job (KB)
...
006 (2575891.000.000) 2025-07-30 23:52:38 Image size of job updated: 2103300
	2055  -  MemoryUsage of job (MB)
	2103300  -  ResidentSetSize of job (KB)
...
006 (2575891.000.000) 2025-07-30 23:57:38 Image size of job updated: 2117580
	2068  -  MemoryUsage of job (MB)
	2117580  -  ResidentSetSize of job (KB)
...
006 (2575891.000.000) 2025-07-31 00:02:38 Image size of job updated: 2136016
	2086  -  MemoryUsage of job (MB)
	2136016  -  ResidentSetSize of job (KB)
...
006 (2575891.000.000) 2025-07-31 00:07:39 Image size of job updated: 2154884
	2105  -  MemoryUsage of job (MB)
	2154884  -  ResidentSetSize of job (KB)
...
006 (2575891.000.000) 2025-07-31 00:12:39 Image size of job updated: 2169032
	2119  -  MemoryUsage of job (MB)
	2169032  -  ResidentSetSize of job (KB)
...
006 (2575891.000.000) 2025-07-31 00:17:39 Image size of job updated: 2187128
	2136  -  MemoryUsage of job (MB)
	2187128  -  ResidentSetSize of job (KB)
...
006 (2575891.000.000) 2025-07-31 00:22:40 Image size of job updated: 2237780
	2142  -  MemoryUsage of job (MB)
	2193340  -  ResidentSetSize of job (KB)
...
006 (2575891.000.000) 2025-07-31 00:27:41 Image size of job updated: 2237780
	2156  -  MemoryUsage of job (MB)
	2207232  -  ResidentSetSize of job (KB)
...
006 (2575891.000.000) 2025-07-31 00:32:41 Image size of job updated: 2237780
	2174  -  MemoryUsage of job (MB)
	2225236  -  ResidentSetSize of job (KB)
...
006 (2575891.000.000) 2025-07-31 00:37:41 Image size of job updated: 2242920
	2191  -  MemoryUsage of job (MB)
	2242920  -  ResidentSetSize of job (KB)
...
006 (2575891.000.000) 2025-07-31 00:42:42 Image size of job updated: 2250304
	2198  -  MemoryUsage of job (MB)
	2250304  -  ResidentSetSize of job (KB)
...
006 (2575891.000.000) 2025-07-31 00:47:43 Image size of job updated: 2259648
	2207  -  MemoryUsage of job (MB)
	2259648  -  ResidentSetSize of job (KB)
...
006 (2575891.000.000) 2025-07-31 00:52:43 Image size of job updated: 2262752
	2210  -  MemoryUsage of job (MB)
	2262752  -  ResidentSetSize of job (KB)
...
006 (2575891.000.000) 2025-07-31 00:57:43 Image size of job updated: 2263864
	2211  -  MemoryUsage of job (MB)
	2263864  -  ResidentSetSize of job (KB)
...
006 (2575891.000.000) 2025-07-31 01:02:44 Image size of job updated: 2273204
	2220  -  MemoryUsage of job (MB)
	2273204  -  ResidentSetSize of job (KB)
...
006 (2575891.000.000) 2025-07-31 01:07:45 Image size of job updated: 2274344
	2222  -  MemoryUsage of job (MB)
	2274344  -  ResidentSetSize of job (KB)
...
006 (2575891.000.000) 2025-07-31 01:12:45 Image size of job updated: 2275872
	2223  -  MemoryUsage of job (MB)
	2275872  -  ResidentSetSize of job (KB)
...
006 (2575891.000.000) 2025-07-31 01:17:45 Image size of job updated: 2278308
	2225  -  MemoryUsage of job (MB)
	2278308  -  ResidentSetSize of job (KB)
...
006 (2575891.000.000) 2025-07-31 01:22:46 Image size of job updated: 2360364
	2306  -  MemoryUsage of job (MB)
	2360364  -  ResidentSetSize of job (KB)
...
006 (2575891.000.000) 2025-07-31 01:27:46 Image size of job updated: 2361524
	2307  -  MemoryUsage of job (MB)
	2361524  -  ResidentSetSize of job (KB)
...
006 (2575891.000.000) 2025-07-31 01:32:46 Image size of job updated: 2363116
	2308  -  MemoryUsage of job (MB)
	2363116  -  ResidentSetSize of job (KB)
...
006 (2575891.000.000) 2025-07-31 01:37:47 Image size of job updated: 2364032
	2309  -  MemoryUsage of job (MB)
	2364032  -  ResidentSetSize of job (KB)
...
006 (2575891.000.000) 2025-07-31 01:42:48 Image size of job updated: 2366060
	2311  -  MemoryUsage of job (MB)
	2366060  -  ResidentSetSize of job (KB)
...
006 (2575891.000.000) 2025-07-31 01:47:48 Image size of job updated: 2367428
	2312  -  MemoryUsage of job (MB)
	2367428  -  ResidentSetSize of job (KB)
...
006 (2575891.000.000) 2025-07-31 01:52:48 Image size of job updated: 2368172
	2313  -  MemoryUsage of job (MB)
	2368172  -  ResidentSetSize of job (KB)
...
006 (2575891.000.000) 2025-07-31 01:57:49 Image size of job updated: 2370456
	2315  -  MemoryUsage of job (MB)
	2370456  -  ResidentSetSize of job (KB)
...
006 (2575891.000.000) 2025-07-31 02:02:50 Image size of job updated: 2371308
	2316  -  MemoryUsage of job (MB)
	2371308  -  ResidentSetSize of job (KB)
...
006 (2575891.000.000) 2025-07-31 02:07:50 Image size of job updated: 2373576
	2318  -  MemoryUsage of job (MB)
	2373576  -  ResidentSetSize of job (KB)
...
006 (2575891.000.000) 2025-07-31 02:12:50 Image size of job updated: 2374204
	2319  -  MemoryUsage of job (MB)
	2374204  -  ResidentSetSize of job (KB)
...
006 (2575891.000.000) 2025-07-31 02:17:51 Image size of job updated: 2374844
	2320  -  MemoryUsage of job (MB)
	2374844  -  ResidentSetSize of job (KB)
...
006 (2575891.000.000) 2025-07-31 02:22:52 Image size of job updated: 2436316
	2368  -  MemoryUsage of job (MB)
	2424632  -  ResidentSetSize of job (KB)
...
006 (2575891.000.000) 2025-07-31 02:27:52 Image size of job updated: 2436316
	2369  -  MemoryUsage of job (MB)
	2425504  -  ResidentSetSize of job (KB)
...
006 (2575891.000.000) 2025-07-31 02:30:18 Image size of job updated: 2530448
	2369  -  MemoryUsage of job (MB)
	2425504  -  ResidentSetSize of job (KB)
...
005 (2575891.000.000) 2025-07-31 02:30:18 Job terminated.
	(1) Normal termination (return value 0)
		Usr 7 17:05:39, Sys 0 00:02:10  -  Run Remote Usage
		Usr 0 00:00:00, Sys 0 00:00:00  -  Run Local Usage
		Usr 7 17:05:39, Sys 0 00:02:10  -  Total Remote Usage
		Usr 0 00:00:00, Sys 0 00:00:00  -  Total Local Usage
	0  -  Run Bytes Sent By Job
	0  -  Run Bytes Received By Job
	0  -  Total Bytes Sent By Job
	0  -  Total Bytes Received By Job
	Partitionable Resources :    Usage  Request Allocated 
	   Cpus                 :     1.72       64        64 
	   Disk (KB)            : 17500    16777216  16779850 
	   GPUs                 :                           0 
	   Memory (MB)          :  2369       16384     16384 
	   TimeExecute (s)      : 15184                       
	   TimeSlotBusy (s)     : 15184                       

	Job terminated of its own accord at 2025-07-31T00:30:18Z with exit-code 0.
...
