self.parameters_ref
{'chirp_mass': 1.4867847675135448, 'symmetric_mass_ratio': 0.24999995594642316, 'a_1': 0.011080273335494708, 'a_2': 0.04692984939031852, 'tilt_1': 2.6219694401252394, 'tilt_2': 1.0090315132594154, 'phi_jl': 0.977223832370418, 'phi_12': 5.868535624409604, 'lambda_1': 100.0, 'lambda_2': 200.0, 'luminosity_distance': 160.68570884930463, 'phase': 5.904192752190891, 'theta_jn': 0.20643139003708647, 'psi': 0.3008124663367458, 'ra': 1.4454755957606107, 'dec': 0.07257856505111598, 'mass_ratio': 0.999160794522431, 'mass_1': 1.7085843239096237, 'mass_2': 1.7071504705861102, 'geocent_time': 1240215503.017147, 'duration': 128.0}
1it [0:00:00 bound:0 nc:  1 ncall:4.1e+03 eff:0.0% logz-ratio=-2146.62+/-0.05 dlogz:inf>0.1]
12055it [0:01:00 bound:0 nc: 13 ncall:8.0e+04 eff:15.2% logz-ratio=-1.59+/-0.02 dlogz:17.910>0.1]
14598it [0:02:06 bound:2 nc:653 ncall:1.5e+05 eff:9.9% logz-ratio=-1.17+/-0.02 dlogz:31.798>0.1]
14851it [0:03:17 bound:6 nc:786 ncall:3.2e+05 eff:4.7% logz-ratio=-1.13+/-0.02 dlogz:31.700>0.1]
15103it [0:04:27 bound:10 nc:603 ncall:4.9e+05 eff:3.1% logz-ratio=-1.10+/-0.02 dlogz:31.603>0.1]
15356it [0:05:38 bound:14 nc:486 ncall:6.6e+05 eff:2.3% logz-ratio=-1.06+/-0.02 dlogz:31.507>0.1]
15610it [0:06:48 bound:18 nc:803 ncall:8.3e+05 eff:1.9% logz-ratio=-1.03+/-0.02 dlogz:31.410>0.1]
15860it [0:07:59 bound:22 nc:625 ncall:1.0e+06 eff:1.6% logz-ratio=-0.99+/-0.02 dlogz:31.316>0.1]
16114it [0:09:12 bound:26 nc:868 ncall:1.2e+06 eff:1.4% logz-ratio=-0.96+/-0.02 dlogz:31.221>0.1]
16368it [0:10:31 bound:30 nc:333 ncall:1.3e+06 eff:1.2% logz-ratio=-0.93+/-0.02 dlogz:31.127>0.1]
16622it [0:11:46 bound:34 nc:657 ncall:1.5e+06 eff:1.1% logz-ratio=-0.90+/-0.02 dlogz:31.033>0.1]
16877it [0:13:04 bound:38 nc:696 ncall:1.7e+06 eff:1.0% logz-ratio=-0.87+/-0.02 dlogz:30.939>0.1]
17131it [0:14:19 bound:42 nc:555 ncall:1.9e+06 eff:0.9% logz-ratio=-0.83+/-0.02 dlogz:30.847>0.1]
17387it [0:15:34 bound:46 nc:786 ncall:2.0e+06 eff:0.9% logz-ratio=-0.80+/-0.02 dlogz:30.754>0.1]
17641it [0:16:47 bound:50 nc:685 ncall:2.2e+06 eff:0.8% logz-ratio=-0.77+/-0.02 dlogz:32.002>0.1]
17895it [0:17:59 bound:54 nc:764 ncall:2.4e+06 eff:0.8% logz-ratio=-0.75+/-0.02 dlogz:31.911>0.1]
18150it [0:19:18 bound:58 nc:664 ncall:2.5e+06 eff:0.7% logz-ratio=-0.72+/-0.02 dlogz:31.819>0.1]
18402it [0:20:35 bound:62 nc:549 ncall:2.7e+06 eff:0.7% logz-ratio=-0.69+/-0.02 dlogz:31.729>0.1]
18656it [0:21:47 bound:66 nc:1045 ncall:2.9e+06 eff:0.7% logz-ratio=-0.66+/-0.02 dlogz:31.639>0.1]
18847it [0:22:48 bound:69 nc:512 ncall:3.0e+06 eff:0.6% logz-ratio=-0.64+/-0.02 dlogz:31.572>0.1]
19101it [0:24:04 bound:73 nc:902 ncall:3.2e+06 eff:0.6% logz-ratio=-0.61+/-0.02 dlogz:31.482>0.1]
19352it [0:25:23 bound:77 nc:735 ncall:3.3e+06 eff:0.6% logz-ratio=-0.58+/-0.02 dlogz:31.394>0.1]
19541it [0:26:26 bound:80 nc:483 ncall:3.4e+06 eff:0.6% logz-ratio=-0.56+/-0.02 dlogz:31.328>0.1]
19792it [0:27:47 bound:84 nc:599 ncall:3.6e+06 eff:0.5% logz-ratio=-0.54+/-0.02 dlogz:31.240>0.1]
19980it [0:28:50 bound:87 nc:856 ncall:3.7e+06 eff:0.5% logz-ratio=-0.52+/-0.02 dlogz:31.174>0.1]
20232it [0:30:05 bound:91 nc:319 ncall:3.9e+06 eff:0.5% logz-ratio=-0.49+/-0.02 dlogz:31.086>0.1]
20484it [0:31:24 bound:95 nc:646 ncall:4.1e+06 eff:0.5% logz-ratio=-0.47+/-0.02 dlogz:30.999>0.1]
20737it [0:32:44 bound:99 nc:263 ncall:4.3e+06 eff:0.5% logz-ratio=-0.44+/-0.02 dlogz:30.912>0.1]
20923it [0:33:49 bound:102 nc:345 ncall:4.4e+06 eff:0.5% logz-ratio=-0.42+/-0.02 dlogz:30.848>0.1]
21173it [0:35:11 bound:106 nc:719 ncall:4.5e+06 eff:0.5% logz-ratio=-0.40+/-0.02 dlogz:30.762>0.1]
21360it [0:36:14 bound:109 nc:528 ncall:4.7e+06 eff:0.5% logz-ratio=-0.38+/-0.02 dlogz:30.698>0.1]
21545it [0:37:15 bound:112 nc:600 ncall:4.8e+06 eff:0.4% logz-ratio=-0.36+/-0.02 dlogz:30.635>0.1]
21731it [0:38:15 bound:115 nc:351 ncall:4.9e+06 eff:0.4% logz-ratio=-0.34+/-0.02 dlogz:30.572>0.1]
21918it [0:39:19 bound:118 nc:650 ncall:5.0e+06 eff:0.4% logz-ratio=-0.33+/-0.02 dlogz:30.508>0.1]
22098it [0:40:23 bound:121 nc:792 ncall:5.2e+06 eff:0.4% logz-ratio=-0.31+/-0.02 dlogz:30.447>0.1]
22282it [0:41:23 bound:124 nc:155 ncall:5.3e+06 eff:0.4% logz-ratio=-0.29+/-0.02 dlogz:30.385>0.1]
22466it [0:42:24 bound:127 nc:328 ncall:5.4e+06 eff:0.4% logz-ratio=-0.27+/-0.02 dlogz:30.323>0.1]
22657it [0:43:28 bound:130 nc:850 ncall:5.5e+06 eff:0.4% logz-ratio=-0.26+/-0.02 dlogz:30.258>0.1]
22841it [0:44:31 bound:133 nc:556 ncall:5.7e+06 eff:0.4% logz-ratio=-0.24+/-0.02 dlogz:30.196>0.1]
23078it [0:45:49 bound:137 nc:1143 ncall:5.8e+06 eff:0.4% logz-ratio=-0.22+/-0.02 dlogz:30.116>0.1]
23260it [0:46:53 bound:140 nc:591 ncall:5.9e+06 eff:0.4% logz-ratio=-0.20+/-0.02 dlogz:30.055>0.1]
23443it [0:48:02 bound:143 nc:264 ncall:6.1e+06 eff:0.4% logz-ratio=-0.18+/-0.02 dlogz:29.993>0.1]
23631it [0:49:05 bound:146 nc:783 ncall:6.2e+06 eff:0.4% logz-ratio=-0.17+/-0.02 dlogz:29.930>0.1]
23809it [0:50:11 bound:149 nc:404 ncall:6.3e+06 eff:0.4% logz-ratio=-0.15+/-0.02 dlogz:29.870>0.1]
23987it [0:51:14 bound:152 nc:715 ncall:6.5e+06 eff:0.4% logz-ratio=-0.13+/-0.02 dlogz:29.810>0.1]
24163it [0:52:18 bound:155 nc:198 ncall:6.6e+06 eff:0.4% logz-ratio=-0.12+/-0.02 dlogz:29.752>0.1]
24337it [0:53:23 bound:158 nc:777 ncall:6.7e+06 eff:0.4% logz-ratio=-0.10+/-0.03 dlogz:29.693>0.1]
24511it [0:54:29 bound:161 nc:608 ncall:6.8e+06 eff:0.4% logz-ratio=-0.09+/-0.03 dlogz:29.635>0.1]
24697it [0:55:37 bound:164 nc:783 ncall:7.0e+06 eff:0.4% logz-ratio=-0.07+/-0.03 dlogz:29.573>0.1]
24872it [0:56:45 bound:167 nc:920 ncall:7.1e+06 eff:0.4% logz-ratio=-0.05+/-0.03 dlogz:29.515>0.1]
25049it [0:57:55 bound:170 nc:783 ncall:7.2e+06 eff:0.3% logz-ratio=-0.04+/-0.03 dlogz:29.456>0.1]
25223it [0:59:03 bound:173 nc:1372 ncall:7.4e+06 eff:0.3% logz-ratio=-0.02+/-0.03 dlogz:29.398>0.1]
25399it [1:00:13 bound:176 nc:488 ncall:7.5e+06 eff:0.3% logz-ratio=-0.01+/-0.03 dlogz:29.340>0.1]
25513it [1:01:27 bound:178 nc:883 ncall:7.6e+06 eff:0.3% logz-ratio=0.00+/-0.03 dlogz:29.302>0.1]
25684it [1:02:39 bound:181 nc:1094 ncall:7.7e+06 eff:0.3% logz-ratio=0.02+/-0.03 dlogz:29.245>0.1]
25855it [1:03:49 bound:184 nc:512 ncall:7.9e+06 eff:0.3% logz-ratio=0.03+/-0.03 dlogz:29.189>0.1]
26029it [1:04:59 bound:187 nc:1130 ncall:8.0e+06 eff:0.3% logz-ratio=0.05+/-0.03 dlogz:29.131>0.1]
26201it [1:06:05 bound:190 nc:895 ncall:8.1e+06 eff:0.3% logz-ratio=0.06+/-0.03 dlogz:29.074>0.1]
26376it [1:07:11 bound:193 nc:533 ncall:8.3e+06 eff:0.3% logz-ratio=0.08+/-0.03 dlogz:29.016>0.1]
26553it [1:08:17 bound:196 nc:1187 ncall:8.4e+06 eff:0.3% logz-ratio=0.09+/-0.03 dlogz:29.270>0.1]
26725it [1:09:26 bound:199 nc:601 ncall:8.5e+06 eff:0.3% logz-ratio=0.11+/-0.03 dlogz:29.213>0.1]
26896it [1:10:41 bound:202 nc:874 ncall:8.7e+06 eff:0.3% logz-ratio=0.12+/-0.03 dlogz:29.156>0.1]
27062it [1:11:55 bound:205 nc:389 ncall:8.8e+06 eff:0.3% logz-ratio=0.14+/-0.03 dlogz:29.101>0.1]
27233it [1:13:10 bound:208 nc:1003 ncall:8.9e+06 eff:0.3% logz-ratio=0.15+/-0.03 dlogz:29.045>0.1]
27409it [1:14:19 bound:211 nc:841 ncall:9.1e+06 eff:0.3% logz-ratio=0.17+/-0.03 dlogz:28.986>0.1]
27581it [1:15:29 bound:214 nc:568 ncall:9.2e+06 eff:0.3% logz-ratio=0.18+/-0.03 dlogz:28.929>0.1]
27745it [1:16:43 bound:217 nc:874 ncall:9.3e+06 eff:0.3% logz-ratio=0.20+/-0.03 dlogz:37.865>0.1]
27906it [1:17:59 bound:220 nc:494 ncall:9.5e+06 eff:0.3% logz-ratio=0.21+/-0.03 dlogz:37.812>0.1]
28069it [1:19:11 bound:223 nc:994 ncall:9.6e+06 eff:0.3% logz-ratio=0.23+/-0.03 dlogz:37.758>0.1]
28233it [1:20:21 bound:226 nc:820 ncall:9.8e+06 eff:0.3% logz-ratio=0.24+/-0.03 dlogz:37.703>0.1]
28399it [1:21:28 bound:229 nc:1101 ncall:9.9e+06 eff:0.3% logz-ratio=0.26+/-0.03 dlogz:37.648>0.1]
28568it [1:22:35 bound:232 nc:2086 ncall:1.0e+07 eff:0.3% logz-ratio=0.27+/-0.03 dlogz:37.592>0.1]
28736it [1:23:52 bound:235 nc:953 ncall:1.0e+07 eff:0.3% logz-ratio=0.29+/-0.03 dlogz:37.536>0.1]
28904it [1:24:58 bound:238 nc:1937 ncall:1.0e+07 eff:0.3% logz-ratio=0.30+/-0.03 dlogz:37.480>0.1]
29065it [1:26:10 bound:241 nc:911 ncall:1.0e+07 eff:0.3% logz-ratio=0.31+/-0.03 dlogz:37.426>0.1]
29228it [1:27:16 bound:244 nc:704 ncall:1.1e+07 eff:0.3% logz-ratio=0.33+/-0.03 dlogz:37.372>0.1]
29394it [1:28:28 bound:247 nc:1369 ncall:1.1e+07 eff:0.3% logz-ratio=0.34+/-0.03 dlogz:37.316>0.1]
29562it [1:29:36 bound:250 nc:1126 ncall:1.1e+07 eff:0.3% logz-ratio=0.36+/-0.03 dlogz:37.260>0.1]
29723it [1:30:47 bound:253 nc:841 ncall:1.1e+07 eff:0.3% logz-ratio=0.37+/-0.03 dlogz:37.206>0.1]
29884it [1:32:07 bound:256 nc:922 ncall:1.1e+07 eff:0.3% logz-ratio=0.39+/-0.03 dlogz:37.151>0.1]
30054it [1:33:26 bound:259 nc:1161 ncall:1.1e+07 eff:0.3% logz-ratio=0.41+/-0.03 dlogz:37.094>0.1]
30221it [1:34:42 bound:262 nc:588 ncall:1.1e+07 eff:0.3% logz-ratio=0.42+/-0.03 dlogz:40.085>0.1]
30391it [1:35:51 bound:265 nc:958 ncall:1.2e+07 eff:0.3% logz-ratio=0.44+/-0.03 dlogz:40.027>0.1]
30559it [1:37:07 bound:268 nc:1302 ncall:1.2e+07 eff:0.3% logz-ratio=0.45+/-0.03 dlogz:39.971>0.1]
30724it [1:38:17 bound:271 nc:830 ncall:1.2e+07 eff:0.3% logz-ratio=0.47+/-0.03 dlogz:39.915>0.1]
30892it [1:39:26 bound:274 nc:883 ncall:1.2e+07 eff:0.3% logz-ratio=0.48+/-0.03 dlogz:39.857>0.1]
31065it [1:40:42 bound:277 nc:591 ncall:1.2e+07 eff:0.3% logz-ratio=0.50+/-0.03 dlogz:39.798>0.1]
31234it [1:42:03 bound:280 nc:1017 ncall:1.2e+07 eff:0.3% logz-ratio=0.52+/-0.03 dlogz:43.299>0.1]
31407it [1:43:18 bound:283 nc:930 ncall:1.2e+07 eff:0.3% logz-ratio=0.54+/-0.03 dlogz:43.239>0.1]
31577it [1:44:27 bound:286 nc:1167 ncall:1.3e+07 eff:0.2% logz-ratio=0.55+/-0.03 dlogz:45.973>0.1]
31754it [1:45:33 bound:289 nc:1009 ncall:1.3e+07 eff:0.2% logz-ratio=0.57+/-0.03 dlogz:45.911>0.1]
31922it [1:46:49 bound:292 nc:1429 ncall:1.3e+07 eff:0.2% logz-ratio=0.59+/-0.03 dlogz:45.852>0.1]
32096it [1:47:57 bound:295 nc:755 ncall:1.3e+07 eff:0.2% logz-ratio=0.61+/-0.03 dlogz:45.791>0.1]
32272it [1:49:09 bound:298 nc:586 ncall:1.3e+07 eff:0.2% logz-ratio=0.63+/-0.03 dlogz:45.728>0.1]
32446it [1:50:20 bound:301 nc:1150 ncall:1.3e+07 eff:0.2% logz-ratio=0.65+/-0.03 dlogz:45.666>0.1]
32620it [1:51:28 bound:304 nc:719 ncall:1.4e+07 eff:0.2% logz-ratio=0.67+/-0.03 dlogz:45.603>0.1]
32795it [1:52:42 bound:307 nc:906 ncall:1.4e+07 eff:0.2% logz-ratio=0.69+/-0.03 dlogz:45.540>0.1]
32964it [1:54:01 bound:310 nc:1169 ncall:1.4e+07 eff:0.2% logz-ratio=0.71+/-0.03 dlogz:45.478>0.1]
33143it [1:55:18 bound:313 nc:635 ncall:1.4e+07 eff:0.2% logz-ratio=0.73+/-0.03 dlogz:45.412>0.1]
33310it [1:56:32 bound:316 nc:1238 ncall:1.4e+07 eff:0.2% logz-ratio=0.75+/-0.03 dlogz:45.350>0.1]
33486it [1:57:48 bound:319 nc:894 ncall:1.4e+07 eff:0.2% logz-ratio=0.78+/-0.03 dlogz:49.547>0.1]
33661it [1:59:02 bound:322 nc:878 ncall:1.4e+07 eff:0.2% logz-ratio=0.80+/-0.03 dlogz:49.480>0.1]
33837it [2:00:16 bound:325 nc:895 ncall:1.5e+07 eff:0.2% logz-ratio=0.83+/-0.03 dlogz:49.412>0.1]
33924it [2:01:17 bound:326 nc:1542 ncall:1.5e+07 eff:0.2% logz-ratio=0.84+/-0.03 dlogz:49.378>0.1]
34074it [2:02:34 bound:329 nc:783 ncall:1.5e+07 eff:0.2% logz-ratio=0.86+/-0.03 dlogz:49.319>0.1]
34254it [2:03:47 bound:332 nc:821 ncall:1.5e+07 eff:0.2% logz-ratio=0.89+/-0.03 dlogz:49.248>0.1]
34436it [2:05:02 bound:335 nc:1311 ncall:1.5e+07 eff:0.2% logz-ratio=0.92+/-0.03 dlogz:49.175>0.1]
34609it [2:06:20 bound:338 nc:1517 ncall:1.5e+07 eff:0.2% logz-ratio=0.95+/-0.03 dlogz:49.104>0.1]
34792it [2:07:30 bound:341 nc:727 ncall:1.6e+07 eff:0.2% logz-ratio=0.98+/-0.03 dlogz:49.027>0.1]
34968it [2:08:45 bound:344 nc:1018 ncall:1.6e+07 eff:0.2% logz-ratio=1.01+/-0.03 dlogz:52.579>0.1]
35147it [2:10:05 bound:347 nc:827 ncall:1.6e+07 eff:0.2% logz-ratio=1.04+/-0.03 dlogz:52.502>0.1]
35329it [2:11:24 bound:350 nc:779 ncall:1.6e+07 eff:0.2% logz-ratio=1.08+/-0.03 dlogz:55.221>0.1]
35509it [2:12:36 bound:353 nc:1082 ncall:1.6e+07 eff:0.2% logz-ratio=1.12+/-0.04 dlogz:55.139>0.1]
35688it [2:13:55 bound:356 nc:427 ncall:1.6e+07 eff:0.2% logz-ratio=1.16+/-0.04 dlogz:55.055>0.1]
35872it [2:15:12 bound:359 nc:866 ncall:1.7e+07 eff:0.2% logz-ratio=1.20+/-0.04 dlogz:54.967>0.1]
36053it [2:16:25 bound:362 nc:1352 ncall:1.7e+07 eff:0.2% logz-ratio=1.25+/-0.04 dlogz:54.878>0.1]
36234it [2:17:42 bound:365 nc:750 ncall:1.7e+07 eff:0.2% logz-ratio=1.29+/-0.04 dlogz:54.786>0.1]
36418it [2:18:58 bound:368 nc:1166 ncall:1.7e+07 eff:0.2% logz-ratio=1.35+/-0.04 dlogz:54.689>0.1]
36601it [2:20:17 bound:371 nc:1808 ncall:1.7e+07 eff:0.2% logz-ratio=1.40+/-0.04 dlogz:54.590>0.1]
36783it [2:21:32 bound:374 nc:909 ncall:1.7e+07 eff:0.2% logz-ratio=1.46+/-0.04 dlogz:54.487>0.1]
36965it [2:22:51 bound:377 nc:840 ncall:1.8e+07 eff:0.2% logz-ratio=1.52+/-0.04 dlogz:54.381>0.1]
37152it [2:24:03 bound:380 nc:1442 ncall:1.8e+07 eff:0.2% logz-ratio=1.59+/-0.04 dlogz:54.267>0.1]
37337it [2:25:17 bound:383 nc:422 ncall:1.8e+07 eff:0.2% logz-ratio=1.66+/-0.04 dlogz:54.149>0.1]
37521it [2:26:32 bound:386 nc:862 ncall:1.8e+07 eff:0.2% logz-ratio=1.74+/-0.04 dlogz:54.027>0.1]
37705it [2:27:45 bound:389 nc:948 ncall:1.8e+07 eff:0.2% logz-ratio=1.82+/-0.04 dlogz:53.901>0.1]
37890it [2:28:57 bound:392 nc:448 ncall:1.8e+07 eff:0.2% logz-ratio=1.91+/-0.04 dlogz:53.770>0.1]
38076it [2:30:15 bound:395 nc:433 ncall:1.9e+07 eff:0.2% logz-ratio=2.00+/-0.04 dlogz:57.186>0.1]
38260it [2:31:34 bound:398 nc:398 ncall:1.9e+07 eff:0.2% logz-ratio=2.10+/-0.04 dlogz:57.042>0.1]
38444it [2:32:49 bound:401 nc:1197 ncall:1.9e+07 eff:0.2% logz-ratio=2.20+/-0.04 dlogz:56.892>0.1]
38627it [2:34:05 bound:404 nc:985 ncall:1.9e+07 eff:0.2% logz-ratio=2.31+/-0.04 dlogz:56.737>0.1]
38814it [2:35:25 bound:407 nc:844 ncall:1.9e+07 eff:0.2% logz-ratio=2.43+/-0.04 dlogz:56.572>0.1]
39003it [2:36:40 bound:410 nc:466 ncall:1.9e+07 eff:0.2% logz-ratio=2.56+/-0.04 dlogz:56.402>0.1]
39189it [2:37:55 bound:413 nc:911 ncall:2.0e+07 eff:0.2% logz-ratio=2.68+/-0.04 dlogz:56.232>0.1]
39373it [2:39:14 bound:416 nc:779 ncall:2.0e+07 eff:0.2% logz-ratio=2.81+/-0.05 dlogz:56.057>0.1]
39562it [2:40:31 bound:419 nc:806 ncall:2.0e+07 eff:0.2% logz-ratio=2.95+/-0.05 dlogz:55.869>0.1]
39745it [2:41:48 bound:422 nc:1496 ncall:2.0e+07 eff:0.2% logz-ratio=3.10+/-0.05 dlogz:55.681>0.1]
39932it [2:43:06 bound:425 nc:906 ncall:2.0e+07 eff:0.2% logz-ratio=3.25+/-0.05 dlogz:55.487>0.1]
40122it [2:44:29 bound:428 nc:1101 ncall:2.1e+07 eff:0.2% logz-ratio=3.40+/-0.05 dlogz:55.281>0.1]
40308it [2:45:50 bound:431 nc:757 ncall:2.1e+07 eff:0.2% logz-ratio=3.57+/-0.05 dlogz:55.066>0.1]
40496it [2:47:10 bound:434 nc:1269 ncall:2.1e+07 eff:0.2% logz-ratio=3.76+/-0.05 dlogz:54.839>0.1]
40682it [2:48:27 bound:437 nc:596 ncall:2.1e+07 eff:0.2% logz-ratio=3.94+/-0.05 dlogz:54.610>0.1]
40870it [2:49:42 bound:440 nc:461 ncall:2.1e+07 eff:0.2% logz-ratio=4.14+/-0.05 dlogz:54.369>0.1]
41056it [2:51:06 bound:443 nc:698 ncall:2.1e+07 eff:0.2% logz-ratio=4.34+/-0.05 dlogz:54.123>0.1]
41241it [2:52:24 bound:446 nc:1843 ncall:2.2e+07 eff:0.2% logz-ratio=4.54+/-0.05 dlogz:53.869>0.1]
41425it [2:53:39 bound:449 nc:647 ncall:2.2e+07 eff:0.2% logz-ratio=4.76+/-0.05 dlogz:53.606>0.1]
41614it [2:54:58 bound:452 nc:698 ncall:2.2e+07 eff:0.2% logz-ratio=5.00+/-0.05 dlogz:53.326>0.1]
41805it [2:56:18 bound:455 nc:1147 ncall:2.2e+07 eff:0.2% logz-ratio=5.24+/-0.05 dlogz:53.034>0.1]
41988it [2:57:34 bound:458 nc:710 ncall:2.2e+07 eff:0.2% logz-ratio=5.48+/-0.05 dlogz:52.748>0.1]
42170it [2:58:56 bound:461 nc:1072 ncall:2.2e+07 eff:0.2% logz-ratio=5.73+/-0.05 dlogz:52.457>0.1]
42352it [3:00:14 bound:464 nc:1091 ncall:2.3e+07 eff:0.2% logz-ratio=5.98+/-0.05 dlogz:52.160>0.1]
42488it [3:01:48 bound:466 nc:1006 ncall:2.3e+07 eff:0.2% logz-ratio=6.17+/-0.05 dlogz:51.938>0.1]
42663it [3:03:03 bound:469 nc:949 ncall:2.3e+07 eff:0.2% logz-ratio=6.41+/-0.05 dlogz:51.655>0.1]
42848it [3:04:24 bound:472 nc:850 ncall:2.3e+07 eff:0.2% logz-ratio=6.67+/-0.05 dlogz:51.349>0.1]
43033it [3:05:42 bound:475 nc:996 ncall:2.3e+07 eff:0.2% logz-ratio=6.95+/-0.05 dlogz:51.030>0.1]
43218it [3:06:57 bound:478 nc:737 ncall:2.3e+07 eff:0.2% logz-ratio=7.23+/-0.05 dlogz:50.702>0.1]
43341it [3:07:57 bound:480 nc:1252 ncall:2.4e+07 eff:0.2% logz-ratio=7.41+/-0.05 dlogz:50.488>0.1]
43526it [3:09:15 bound:483 nc:1386 ncall:2.4e+07 eff:0.2% logz-ratio=7.70+/-0.05 dlogz:50.157>0.1]
43705it [3:10:33 bound:486 nc:740 ncall:2.4e+07 eff:0.2% logz-ratio=7.98+/-0.05 dlogz:49.831>0.1]
43892it [3:11:50 bound:489 nc:785 ncall:2.4e+07 eff:0.2% logz-ratio=8.28+/-0.05 dlogz:49.488>0.1]
44068it [3:13:08 bound:492 nc:2194 ncall:2.4e+07 eff:0.2% logz-ratio=8.55+/-0.05 dlogz:49.170>0.1]
44246it [3:14:29 bound:495 nc:477 ncall:2.4e+07 eff:0.2% logz-ratio=8.84+/-0.05 dlogz:55.229>0.1]
44424it [3:15:55 bound:498 nc:714 ncall:2.5e+07 eff:0.2% logz-ratio=9.12+/-0.05 dlogz:54.901>0.1]
44615it [3:17:13 bound:501 nc:1455 ncall:2.5e+07 eff:0.2% logz-ratio=9.43+/-0.05 dlogz:54.545>0.1]
44800it [3:18:26 bound:504 nc:724 ncall:2.5e+07 eff:0.2% logz-ratio=9.73+/-0.05 dlogz:54.201>0.1]
44979it [3:19:43 bound:507 nc:928 ncall:2.5e+07 eff:0.2% logz-ratio=10.02+/-0.05 dlogz:53.864>0.1]
45163it [3:21:08 bound:510 nc:817 ncall:2.5e+07 eff:0.2% logz-ratio=10.34+/-0.05 dlogz:53.505>0.1]
45339it [3:22:32 bound:513 nc:926 ncall:2.5e+07 eff:0.2% logz-ratio=10.63+/-0.05 dlogz:53.166>0.1]
45517it [3:23:47 bound:516 nc:1153 ncall:2.6e+07 eff:0.2% logz-ratio=10.92+/-0.05 dlogz:52.830>0.1]
45694it [3:25:06 bound:519 nc:644 ncall:2.6e+07 eff:0.2% logz-ratio=11.23+/-0.05 dlogz:52.483>0.1]
45875it [3:26:30 bound:522 nc:1032 ncall:2.6e+07 eff:0.2% logz-ratio=11.54+/-0.05 dlogz:52.124>0.1]
45993it [3:27:31 bound:524 nc:1616 ncall:2.6e+07 eff:0.2% logz-ratio=11.75+/-0.05 dlogz:51.887>0.1]
46173it [3:28:54 bound:527 nc:789 ncall:2.6e+07 eff:0.2% logz-ratio=12.08+/-0.05 dlogz:51.514>0.1]
46352it [3:30:23 bound:530 nc:521 ncall:2.6e+07 eff:0.2% logz-ratio=12.40+/-0.05 dlogz:51.146>0.1]
46537it [3:31:49 bound:533 nc:945 ncall:2.7e+07 eff:0.2% logz-ratio=12.75+/-0.05 dlogz:50.760>0.1]
46715it [3:33:10 bound:536 nc:955 ncall:2.7e+07 eff:0.2% logz-ratio=13.09+/-0.05 dlogz:50.375>0.1]
46889it [3:34:33 bound:539 nc:2038 ncall:2.7e+07 eff:0.2% logz-ratio=13.42+/-0.05 dlogz:49.999>0.1]
47067it [3:35:53 bound:542 nc:1419 ncall:2.7e+07 eff:0.2% logz-ratio=13.76+/-0.05 dlogz:49.620>0.1]
47250it [3:37:13 bound:545 nc:998 ncall:2.7e+07 eff:0.2% logz-ratio=14.11+/-0.06 dlogz:49.227>0.1]
47425it [3:38:36 bound:548 nc:652 ncall:2.8e+07 eff:0.2% logz-ratio=14.43+/-0.06 dlogz:48.861>0.1]
47601it [3:39:58 bound:551 nc:1051 ncall:2.8e+07 eff:0.2% logz-ratio=14.75+/-0.06 dlogz:48.494>0.1]
47777it [3:41:26 bound:554 nc:920 ncall:2.8e+07 eff:0.2% logz-ratio=15.08+/-0.06 dlogz:48.119>0.1]
47951it [3:42:50 bound:557 nc:1155 ncall:2.8e+07 eff:0.2% logz-ratio=15.41+/-0.06 dlogz:47.748>0.1]
48134it [3:44:17 bound:560 nc:1068 ncall:2.8e+07 eff:0.2% logz-ratio=15.76+/-0.06 dlogz:47.361>0.1]
48314it [3:45:42 bound:563 nc:926 ncall:2.8e+07 eff:0.2% logz-ratio=16.09+/-0.06 dlogz:46.985>0.1]
48494it [3:47:05 bound:566 nc:1109 ncall:2.9e+07 eff:0.2% logz-ratio=16.42+/-0.06 dlogz:46.608>0.1]
48669it [3:48:26 bound:569 nc:2967 ncall:2.9e+07 eff:0.2% logz-ratio=16.75+/-0.06 dlogz:46.240>0.1]
48846it [3:49:50 bound:572 nc:603 ncall:2.9e+07 eff:0.2% logz-ratio=17.07+/-0.06 dlogz:45.875>0.1]
49017it [3:51:11 bound:575 nc:818 ncall:2.9e+07 eff:0.2% logz-ratio=17.38+/-0.06 dlogz:45.520>0.1]
49197it [3:52:29 bound:578 nc:1422 ncall:2.9e+07 eff:0.2% logz-ratio=17.70+/-0.06 dlogz:45.157>0.1]
49375it [3:53:55 bound:581 nc:1428 ncall:2.9e+07 eff:0.2% logz-ratio=18.02+/-0.06 dlogz:44.798>0.1]
49554it [3:55:16 bound:584 nc:562 ncall:3.0e+07 eff:0.2% logz-ratio=18.35+/-0.06 dlogz:44.419>0.1]
49736it [3:56:38 bound:587 nc:1090 ncall:3.0e+07 eff:0.2% logz-ratio=18.70+/-0.06 dlogz:44.024>0.1]
49912it [3:58:05 bound:590 nc:1302 ncall:3.0e+07 eff:0.2% logz-ratio=19.04+/-0.06 dlogz:43.646>0.1]
50086it [3:59:25 bound:593 nc:1458 ncall:3.0e+07 eff:0.2% logz-ratio=19.38+/-0.06 dlogz:43.258>0.1]
50237it [4:00:25 bound:595 nc:1388 ncall:3.0e+07 eff:0.2% logz-ratio=19.68+/-0.06 dlogz:42.920>0.1]
50382it [4:01:45 bound:598 nc:2133 ncall:3.1e+07 eff:0.2% logz-ratio=19.97+/-0.06 dlogz:42.601>0.1]
50441it [4:03:09 bound:599 nc:845 ncall:3.1e+07 eff:0.2% logz-ratio=20.08+/-0.06 dlogz:42.473>0.1]
50612it [4:04:33 bound:602 nc:2206 ncall:3.1e+07 eff:0.2% logz-ratio=20.40+/-0.06 dlogz:42.107>0.1]
50783it [4:06:00 bound:605 nc:1555 ncall:3.1e+07 eff:0.2% logz-ratio=20.72+/-0.06 dlogz:41.746>0.1]
50959it [4:07:27 bound:608 nc:1449 ncall:3.1e+07 eff:0.2% logz-ratio=21.04+/-0.06 dlogz:41.382>0.1]
51132it [4:08:53 bound:611 nc:1152 ncall:3.1e+07 eff:0.2% logz-ratio=21.36+/-0.06 dlogz:41.027>0.1]
51308it [4:10:19 bound:614 nc:830 ncall:3.1e+07 eff:0.2% logz-ratio=21.67+/-0.06 dlogz:40.670>0.1]
51486it [4:11:46 bound:617 nc:1168 ncall:3.2e+07 eff:0.2% logz-ratio=21.98+/-0.06 dlogz:40.315>0.1]
51667it [4:13:01 bound:620 nc:401 ncall:3.2e+07 eff:0.2% logz-ratio=22.30+/-0.06 dlogz:39.953>0.1]
51850it [4:14:22 bound:623 nc:826 ncall:3.2e+07 eff:0.2% logz-ratio=22.62+/-0.06 dlogz:39.586>0.1]
52031it [4:15:46 bound:626 nc:1054 ncall:3.2e+07 eff:0.2% logz-ratio=22.94+/-0.06 dlogz:39.224>0.1]
52201it [4:17:11 bound:629 nc:1138 ncall:3.2e+07 eff:0.2% logz-ratio=23.24+/-0.06 dlogz:38.883>0.1]
52319it [4:18:11 bound:631 nc:1688 ncall:3.3e+07 eff:0.2% logz-ratio=23.45+/-0.06 dlogz:38.646>0.1]
52489it [4:19:32 bound:634 nc:945 ncall:3.3e+07 eff:0.2% logz-ratio=23.74+/-0.06 dlogz:38.313>0.1]
52666it [4:20:54 bound:637 nc:867 ncall:3.3e+07 eff:0.2% logz-ratio=24.04+/-0.06 dlogz:37.971>0.1]
52840it [4:22:19 bound:640 nc:1389 ncall:3.3e+07 eff:0.2% logz-ratio=24.33+/-0.06 dlogz:37.633>0.1]
53016it [4:23:46 bound:643 nc:747 ncall:3.3e+07 eff:0.2% logz-ratio=24.64+/-0.06 dlogz:37.288>0.1]
53126it [4:24:46 bound:645 nc:1052 ncall:3.3e+07 eff:0.2% logz-ratio=24.83+/-0.06 dlogz:37.069>0.1]
53299it [4:26:08 bound:648 nc:666 ncall:3.4e+07 eff:0.2% logz-ratio=25.13+/-0.06 dlogz:36.726>0.1]
53473it [4:27:34 bound:651 nc:1848 ncall:3.4e+07 eff:0.2% logz-ratio=25.43+/-0.06 dlogz:36.383>0.1]
53646it [4:28:57 bound:654 nc:1618 ncall:3.4e+07 eff:0.2% logz-ratio=25.73+/-0.06 dlogz:36.044>0.1]
53822it [4:30:24 bound:657 nc:1126 ncall:3.4e+07 eff:0.2% logz-ratio=26.02+/-0.06 dlogz:35.712>0.1]
54003it [4:31:47 bound:660 nc:2204 ncall:3.4e+07 eff:0.2% logz-ratio=26.32+/-0.06 dlogz:35.366>0.1]
54177it [4:33:13 bound:663 nc:876 ncall:3.4e+07 eff:0.2% logz-ratio=26.61+/-0.06 dlogz:35.033>0.1]
54354it [4:34:42 bound:666 nc:575 ncall:3.5e+07 eff:0.2% logz-ratio=26.90+/-0.06 dlogz:34.695>0.1]
54532it [4:36:02 bound:669 nc:802 ncall:3.5e+07 eff:0.2% logz-ratio=27.20+/-0.06 dlogz:34.353>0.1]
54711it [4:37:24 bound:672 nc:1192 ncall:3.5e+07 eff:0.2% logz-ratio=27.50+/-0.06 dlogz:34.012>0.1]
54883it [4:38:46 bound:675 nc:844 ncall:3.5e+07 eff:0.2% logz-ratio=27.78+/-0.06 dlogz:33.690>0.1]
55058it [4:40:08 bound:678 nc:1064 ncall:3.5e+07 eff:0.2% logz-ratio=28.06+/-0.06 dlogz:33.362>0.1]
55172it [4:41:08 bound:680 nc:1227 ncall:3.6e+07 eff:0.2% logz-ratio=28.25+/-0.06 dlogz:33.146>0.1]
55342it [4:42:34 bound:683 nc:915 ncall:3.6e+07 eff:0.2% logz-ratio=28.54+/-0.06 dlogz:32.815>0.1]
55515it [4:43:59 bound:686 nc:701 ncall:3.6e+07 eff:0.2% logz-ratio=28.84+/-0.06 dlogz:32.476>0.1]
55692it [4:45:25 bound:689 nc:825 ncall:3.6e+07 eff:0.2% logz-ratio=29.14+/-0.06 dlogz:32.130>0.1]
55868it [4:46:52 bound:692 nc:1146 ncall:3.6e+07 eff:0.2% logz-ratio=29.44+/-0.06 dlogz:31.791>0.1]
56035it [4:48:19 bound:695 nc:605 ncall:3.6e+07 eff:0.2% logz-ratio=29.70+/-0.06 dlogz:31.483>0.1]
56153it [4:49:20 bound:697 nc:1110 ncall:3.7e+07 eff:0.2% logz-ratio=29.89+/-0.06 dlogz:31.267>0.1]
56321it [4:50:42 bound:700 nc:3104 ncall:3.7e+07 eff:0.2% logz-ratio=30.15+/-0.06 dlogz:30.963>0.1]
56495it [4:52:12 bound:703 nc:779 ncall:3.7e+07 eff:0.2% logz-ratio=30.42+/-0.06 dlogz:30.656>0.1]
56666it [4:53:41 bound:706 nc:1127 ncall:3.7e+07 eff:0.2% logz-ratio=30.68+/-0.06 dlogz:30.354>0.1]
56841it [4:55:09 bound:709 nc:775 ncall:3.7e+07 eff:0.2% logz-ratio=30.94+/-0.06 dlogz:30.050>0.1]
57006it [4:56:31 bound:712 nc:3875 ncall:3.8e+07 eff:0.2% logz-ratio=31.18+/-0.06 dlogz:29.765>0.1]
57172it [4:58:00 bound:715 nc:935 ncall:3.8e+07 eff:0.2% logz-ratio=31.43+/-0.06 dlogz:29.685>0.1]
57342it [4:59:27 bound:718 nc:1385 ncall:3.8e+07 eff:0.2% logz-ratio=31.68+/-0.06 dlogz:29.395>0.1]
57511it [5:00:51 bound:721 nc:2479 ncall:3.8e+07 eff:0.2% logz-ratio=31.93+/-0.06 dlogz:29.110>0.1]
57631it [5:01:51 bound:723 nc:949 ncall:3.8e+07 eff:0.2% logz-ratio=32.10+/-0.06 dlogz:28.912>0.1]
57703it [5:03:18 bound:724 nc:1276 ncall:3.8e+07 eff:0.2% logz-ratio=32.20+/-0.06 dlogz:28.794>0.1]
57862it [5:04:43 bound:727 nc:1176 ncall:3.8e+07 eff:0.2% logz-ratio=32.42+/-0.06 dlogz:28.530>0.1]
58032it [5:06:11 bound:730 nc:666 ncall:3.9e+07 eff:0.2% logz-ratio=32.66+/-0.06 dlogz:28.246>0.1]
58205it [5:07:36 bound:733 nc:2206 ncall:3.9e+07 eff:0.1% logz-ratio=32.91+/-0.06 dlogz:27.954>0.1]
58318it [5:08:38 bound:735 nc:745 ncall:3.9e+07 eff:0.1% logz-ratio=33.07+/-0.06 dlogz:32.222>0.1]
58490it [5:10:05 bound:738 nc:898 ncall:3.9e+07 eff:0.1% logz-ratio=33.31+/-0.06 dlogz:31.944>0.1]
58659it [5:11:34 bound:741 nc:3631 ncall:3.9e+07 eff:0.1% logz-ratio=33.53+/-0.06 dlogz:31.677>0.1]
58830it [5:13:01 bound:744 nc:1244 ncall:4.0e+07 eff:0.1% logz-ratio=33.76+/-0.06 dlogz:31.406>0.1]
59001it [5:14:26 bound:747 nc:2131 ncall:4.0e+07 eff:0.1% logz-ratio=34.00+/-0.06 dlogz:31.130>0.1]
59118it [5:15:28 bound:749 nc:898 ncall:4.0e+07 eff:0.1% logz-ratio=34.16+/-0.06 dlogz:30.944>0.1]
59286it [5:16:53 bound:752 nc:2539 ncall:4.0e+07 eff:0.1% logz-ratio=34.38+/-0.06 dlogz:30.680>0.1]
59456it [5:18:19 bound:755 nc:2204 ncall:4.0e+07 eff:0.1% logz-ratio=34.60+/-0.06 dlogz:30.418>0.1]
59626it [5:19:48 bound:758 nc:1346 ncall:4.0e+07 eff:0.1% logz-ratio=34.82+/-0.06 dlogz:30.158>0.1]
59797it [5:21:12 bound:761 nc:2659 ncall:4.1e+07 eff:0.1% logz-ratio=35.03+/-0.06 dlogz:29.899>0.1]
59917it [5:22:14 bound:763 nc:1135 ncall:4.1e+07 eff:0.1% logz-ratio=35.18+/-0.06 dlogz:29.719>0.1]
60032it [5:23:17 bound:765 nc:1498 ncall:4.1e+07 eff:0.1% logz-ratio=35.33+/-0.06 dlogz:29.546>0.1]
60204it [5:24:43 bound:768 nc:1161 ncall:4.1e+07 eff:0.1% logz-ratio=35.55+/-0.06 dlogz:29.283>0.1]
60372it [5:26:09 bound:771 nc:2027 ncall:4.1e+07 eff:0.1% logz-ratio=35.77+/-0.06 dlogz:29.025>0.1]
60542it [5:27:36 bound:774 nc:1590 ncall:4.2e+07 eff:0.1% logz-ratio=35.99+/-0.06 dlogz:28.763>0.1]
60708it [5:29:04 bound:777 nc:2725 ncall:4.2e+07 eff:0.1% logz-ratio=36.20+/-0.06 dlogz:28.513>0.1]
60828it [5:30:07 bound:779 nc:1553 ncall:4.2e+07 eff:0.1% logz-ratio=36.35+/-0.06 dlogz:28.334>0.1]
61004it [5:31:33 bound:782 nc:1175 ncall:4.2e+07 eff:0.1% logz-ratio=36.56+/-0.06 dlogz:28.080>0.1]
61112it [5:32:38 bound:784 nc:2457 ncall:4.2e+07 eff:0.1% logz-ratio=36.69+/-0.06 dlogz:27.924>0.1]
61224it [5:33:38 bound:786 nc:1617 ncall:4.2e+07 eff:0.1% logz-ratio=36.82+/-0.06 dlogz:27.763>0.1]
61401it [5:35:08 bound:789 nc:2087 ncall:4.3e+07 eff:0.1% logz-ratio=37.04+/-0.06 dlogz:27.506>0.1]
61573it [5:36:34 bound:792 nc:586 ncall:4.3e+07 eff:0.1% logz-ratio=37.25+/-0.06 dlogz:27.248>0.1]
61688it [5:37:39 bound:794 nc:1270 ncall:4.3e+07 eff:0.1% logz-ratio=37.39+/-0.06 dlogz:27.078>0.1]
61805it [5:38:40 bound:796 nc:552 ncall:4.3e+07 eff:0.1% logz-ratio=37.54+/-0.06 dlogz:26.906>0.1]
61983it [5:40:05 bound:799 nc:799 ncall:4.3e+07 eff:0.1% logz-ratio=37.75+/-0.06 dlogz:26.647>0.1]
62153it [5:41:30 bound:802 nc:1844 ncall:4.3e+07 eff:0.1% logz-ratio=37.96+/-0.06 dlogz:26.395>0.1]
62329it [5:42:56 bound:805 nc:836 ncall:4.4e+07 eff:0.1% logz-ratio=38.19+/-0.06 dlogz:26.130>0.1]
62505it [5:44:20 bound:808 nc:988 ncall:4.4e+07 eff:0.1% logz-ratio=38.41+/-0.06 dlogz:25.867>0.1]
62625it [5:45:24 bound:810 nc:715 ncall:4.4e+07 eff:0.1% logz-ratio=38.55+/-0.06 dlogz:25.693>0.1]
62795it [5:46:52 bound:813 nc:1214 ncall:4.4e+07 eff:0.1% logz-ratio=38.75+/-0.06 dlogz:25.447>0.1]
62968it [5:48:21 bound:816 nc:1611 ncall:4.4e+07 eff:0.1% logz-ratio=38.96+/-0.06 dlogz:25.199>0.1]
63081it [5:49:21 bound:818 nc:770 ncall:4.4e+07 eff:0.1% logz-ratio=39.09+/-0.06 dlogz:25.039>0.1]
63253it [5:50:51 bound:821 nc:1300 ncall:4.5e+07 eff:0.1% logz-ratio=39.29+/-0.06 dlogz:24.798>0.1]
63428it [5:52:15 bound:824 nc:2903 ncall:4.5e+07 eff:0.1% logz-ratio=39.49+/-0.06 dlogz:24.899>0.1]
63598it [5:53:40 bound:827 nc:2199 ncall:4.5e+07 eff:0.1% logz-ratio=39.68+/-0.06 dlogz:24.667>0.1]
63776it [5:55:06 bound:830 nc:1900 ncall:4.5e+07 eff:0.1% logz-ratio=39.88+/-0.06 dlogz:24.426>0.1]
63954it [5:56:26 bound:833 nc:1339 ncall:4.5e+07 eff:0.1% logz-ratio=40.07+/-0.06 dlogz:24.190>0.1]
64069it [5:57:27 bound:835 nc:1054 ncall:4.6e+07 eff:0.1% logz-ratio=40.19+/-0.06 dlogz:24.037>0.1]
64244it [5:58:54 bound:838 nc:2119 ncall:4.6e+07 eff:0.1% logz-ratio=40.38+/-0.06 dlogz:23.808>0.1]
64413it [6:00:19 bound:841 nc:1145 ncall:4.6e+07 eff:0.1% logz-ratio=40.56+/-0.06 dlogz:23.588>0.1]
64527it [6:01:20 bound:843 nc:1327 ncall:4.6e+07 eff:0.1% logz-ratio=40.68+/-0.06 dlogz:23.441>0.1]
64700it [6:02:49 bound:846 nc:1941 ncall:4.6e+07 eff:0.1% logz-ratio=40.86+/-0.06 dlogz:23.221>0.1]
64717it [6:03:54 bound:846 nc:1293 ncall:4.6e+07 eff:0.1% logz-ratio=40.87+/-0.06 dlogz:23.199>0.1]
64876it [6:05:22 bound:849 nc:867 ncall:4.7e+07 eff:0.1% logz-ratio=41.03+/-0.06 dlogz:23.001>0.1]
65051it [6:06:47 bound:852 nc:1070 ncall:4.7e+07 eff:0.1% logz-ratio=41.21+/-0.06 dlogz:22.785>0.1]
65230it [6:08:13 bound:855 nc:817 ncall:4.7e+07 eff:0.1% logz-ratio=41.38+/-0.06 dlogz:22.565>0.1]
65408it [6:09:42 bound:858 nc:1393 ncall:4.7e+07 eff:0.1% logz-ratio=41.56+/-0.06 dlogz:22.349>0.1]
65528it [6:10:43 bound:860 nc:1404 ncall:4.7e+07 eff:0.1% logz-ratio=41.67+/-0.06 dlogz:22.203>0.1]
65647it [6:11:45 bound:862 nc:1490 ncall:4.7e+07 eff:0.1% logz-ratio=41.78+/-0.06 dlogz:22.062>0.1]
65765it [6:12:46 bound:864 nc:1016 ncall:4.8e+07 eff:0.1% logz-ratio=41.89+/-0.06 dlogz:21.924>0.1]
65942it [6:14:15 bound:867 nc:855 ncall:4.8e+07 eff:0.1% logz-ratio=42.05+/-0.06 dlogz:21.719>0.1]
66122it [6:15:43 bound:870 nc:743 ncall:4.8e+07 eff:0.1% logz-ratio=42.22+/-0.06 dlogz:21.512>0.1]
66299it [6:17:11 bound:873 nc:1892 ncall:4.8e+07 eff:0.1% logz-ratio=42.38+/-0.06 dlogz:21.309>0.1]
66475it [6:18:34 bound:876 nc:781 ncall:4.8e+07 eff:0.1% logz-ratio=42.54+/-0.06 dlogz:21.107>0.1]
66605it [6:19:34 bound:878 nc:1379 ncall:4.9e+07 eff:0.1% logz-ratio=42.65+/-0.06 dlogz:20.957>0.1]
66706it [6:20:37 bound:880 nc:1069 ncall:4.9e+07 eff:0.1% logz-ratio=42.75+/-0.06 dlogz:20.840>0.1]
66821it [6:21:39 bound:882 nc:644 ncall:4.9e+07 eff:0.1% logz-ratio=42.85+/-0.06 dlogz:20.709>0.1]
66996it [6:23:05 bound:885 nc:778 ncall:4.9e+07 eff:0.1% logz-ratio=43.01+/-0.06 dlogz:20.510>0.1]
67109it [6:24:05 bound:887 nc:408 ncall:4.9e+07 eff:0.1% logz-ratio=43.11+/-0.06 dlogz:20.381>0.1]
67291it [6:25:36 bound:890 nc:849 ncall:4.9e+07 eff:0.1% logz-ratio=43.27+/-0.06 dlogz:20.173>0.1]
67467it [6:27:06 bound:893 nc:1125 ncall:5.0e+07 eff:0.1% logz-ratio=43.43+/-0.06 dlogz:19.974>0.1]
67589it [6:28:08 bound:895 nc:1015 ncall:5.0e+07 eff:0.1% logz-ratio=43.53+/-0.06 dlogz:19.838>0.1]
67773it [6:29:35 bound:898 nc:849 ncall:5.0e+07 eff:0.1% logz-ratio=43.69+/-0.06 dlogz:19.636>0.1]
67890it [6:30:37 bound:900 nc:1227 ncall:5.0e+07 eff:0.1% logz-ratio=43.79+/-0.06 dlogz:19.510>0.1]
68071it [6:32:01 bound:903 nc:894 ncall:5.0e+07 eff:0.1% logz-ratio=43.94+/-0.06 dlogz:19.315>0.1]
68249it [6:33:28 bound:906 nc:1404 ncall:5.0e+07 eff:0.1% logz-ratio=44.09+/-0.06 dlogz:19.125>0.1]
68368it [6:34:32 bound:908 nc:700 ncall:5.1e+07 eff:0.1% logz-ratio=44.18+/-0.06 dlogz:18.997>0.1]
68550it [6:36:01 bound:911 nc:1183 ncall:5.1e+07 eff:0.1% logz-ratio=44.33+/-0.06 dlogz:18.806>0.1]
68727it [6:37:27 bound:914 nc:1325 ncall:5.1e+07 eff:0.1% logz-ratio=44.47+/-0.06 dlogz:18.621>0.1]
68847it [6:38:31 bound:916 nc:1071 ncall:5.1e+07 eff:0.1% logz-ratio=44.57+/-0.06 dlogz:18.497>0.1]
68971it [6:39:38 bound:918 nc:1270 ncall:5.1e+07 eff:0.1% logz-ratio=44.66+/-0.06 dlogz:18.369>0.1]
69089it [6:40:42 bound:920 nc:2130 ncall:5.1e+07 eff:0.1% logz-ratio=44.76+/-0.06 dlogz:18.246>0.1]
69205it [6:41:44 bound:922 nc:1661 ncall:5.2e+07 eff:0.1% logz-ratio=44.85+/-0.06 dlogz:18.125>0.1]
69381it [6:43:10 bound:925 nc:1399 ncall:5.2e+07 eff:0.1% logz-ratio=44.99+/-0.06 dlogz:17.942>0.1]
69504it [6:44:12 bound:927 nc:1092 ncall:5.2e+07 eff:0.1% logz-ratio=45.09+/-0.06 dlogz:17.814>0.1]
69684it [6:45:40 bound:930 nc:946 ncall:5.2e+07 eff:0.1% logz-ratio=45.23+/-0.06 dlogz:17.628>0.1]
69863it [6:47:12 bound:933 nc:1256 ncall:5.2e+07 eff:0.1% logz-ratio=45.37+/-0.06 dlogz:17.443>0.1]
69983it [6:48:13 bound:935 nc:1423 ncall:5.2e+07 eff:0.1% logz-ratio=45.47+/-0.06 dlogz:17.318>0.1]
70165it [6:49:42 bound:938 nc:1459 ncall:5.3e+07 eff:0.1% logz-ratio=45.61+/-0.06 dlogz:17.129>0.1]
70345it [6:51:12 bound:941 nc:1981 ncall:5.3e+07 eff:0.1% logz-ratio=45.75+/-0.06 dlogz:16.947>0.1]
70468it [6:52:13 bound:943 nc:934 ncall:5.3e+07 eff:0.1% logz-ratio=45.85+/-0.06 dlogz:16.823>0.1]
70589it [6:53:17 bound:945 nc:1178 ncall:5.3e+07 eff:0.1% logz-ratio=45.94+/-0.06 dlogz:16.704>0.1]
70712it [6:54:19 bound:947 nc:938 ncall:5.3e+07 eff:0.1% logz-ratio=46.03+/-0.06 dlogz:16.583>0.1]
70833it [6:55:28 bound:949 nc:1285 ncall:5.3e+07 eff:0.1% logz-ratio=46.11+/-0.06 dlogz:16.464>0.1]
70960it [6:56:31 bound:951 nc:1046 ncall:5.4e+07 eff:0.1% logz-ratio=46.21+/-0.06 dlogz:16.342>0.1]
71085it [6:57:31 bound:953 nc:517 ncall:5.4e+07 eff:0.1% logz-ratio=46.29+/-0.06 dlogz:16.224>0.1]
71202it [6:58:32 bound:955 nc:1041 ncall:5.4e+07 eff:0.1% logz-ratio=46.37+/-0.06 dlogz:16.115>0.1]
71324it [6:59:34 bound:957 nc:2085 ncall:5.4e+07 eff:0.1% logz-ratio=46.46+/-0.06 dlogz:16.002>0.1]
71441it [7:00:38 bound:959 nc:1490 ncall:5.4e+07 eff:0.1% logz-ratio=46.54+/-0.06 dlogz:15.894>0.1]
71562it [7:01:39 bound:961 nc:1513 ncall:5.4e+07 eff:0.1% logz-ratio=46.62+/-0.06 dlogz:15.781>0.1]
71707it [7:02:39 bound:963 nc:1242 ncall:5.4e+07 eff:0.1% logz-ratio=46.72+/-0.06 dlogz:15.645>0.1]
71804it [7:03:47 bound:965 nc:654 ncall:5.5e+07 eff:0.1% logz-ratio=46.79+/-0.06 dlogz:15.553>0.1]
71816it [7:04:57 bound:965 nc:1011 ncall:5.5e+07 eff:0.1% logz-ratio=46.80+/-0.07 dlogz:15.542>0.1]
71926it [7:05:58 bound:967 nc:1032 ncall:5.5e+07 eff:0.1% logz-ratio=46.88+/-0.07 dlogz:15.437>0.1]
72048it [7:07:00 bound:969 nc:1096 ncall:5.5e+07 eff:0.1% logz-ratio=46.96+/-0.07 dlogz:15.322>0.1]
72169it [7:08:03 bound:971 nc:829 ncall:5.5e+07 eff:0.1% logz-ratio=47.04+/-0.07 dlogz:15.208>0.1]
72352it [7:09:32 bound:974 nc:922 ncall:5.5e+07 eff:0.1% logz-ratio=47.17+/-0.07 dlogz:15.038>0.1]
72476it [7:10:33 bound:976 nc:943 ncall:5.5e+07 eff:0.1% logz-ratio=47.25+/-0.07 dlogz:14.924>0.1]
72597it [7:11:39 bound:978 nc:799 ncall:5.6e+07 eff:0.1% logz-ratio=47.33+/-0.07 dlogz:16.093>0.1]
72720it [7:12:41 bound:980 nc:755 ncall:5.6e+07 eff:0.1% logz-ratio=47.41+/-0.07 dlogz:15.983>0.1]
72841it [7:13:45 bound:982 nc:1233 ncall:5.6e+07 eff:0.1% logz-ratio=47.49+/-0.07 dlogz:15.877>0.1]
72959it [7:14:48 bound:984 nc:1275 ncall:5.6e+07 eff:0.1% logz-ratio=47.56+/-0.07 dlogz:15.776>0.1]
73081it [7:15:54 bound:986 nc:1163 ncall:5.6e+07 eff:0.1% logz-ratio=47.64+/-0.07 dlogz:15.673>0.1]
73201it [7:16:56 bound:988 nc:2424 ncall:5.6e+07 eff:0.1% logz-ratio=47.71+/-0.07 dlogz:15.572>0.1]
73318it [7:17:57 bound:990 nc:1101 ncall:5.6e+07 eff:0.1% logz-ratio=47.78+/-0.07 dlogz:15.474>0.1]
73439it [7:19:00 bound:992 nc:1244 ncall:5.7e+07 eff:0.1% logz-ratio=47.85+/-0.07 dlogz:15.374>0.1]
73560it [7:20:03 bound:994 nc:1009 ncall:5.7e+07 eff:0.1% logz-ratio=47.92+/-0.07 dlogz:15.275>0.1]
73682it [7:21:05 bound:996 nc:1092 ncall:5.7e+07 eff:0.1% logz-ratio=47.99+/-0.07 dlogz:15.175>0.1]
73799it [7:22:08 bound:998 nc:1666 ncall:5.7e+07 eff:0.1% logz-ratio=48.05+/-0.07 dlogz:15.080>0.1]
73920it [7:23:12 bound:1000 nc:1218 ncall:5.7e+07 eff:0.1% logz-ratio=48.12+/-0.07 dlogz:14.981>0.1]
74040it [7:24:16 bound:1002 nc:1032 ncall:5.7e+07 eff:0.1% logz-ratio=48.19+/-0.07 dlogz:14.884>0.1]
74163it [7:25:20 bound:1004 nc:1688 ncall:5.7e+07 eff:0.1% logz-ratio=48.26+/-0.07 dlogz:14.785>0.1]
74286it [7:26:22 bound:1006 nc:3818 ncall:5.8e+07 eff:0.1% logz-ratio=48.33+/-0.07 dlogz:14.687>0.1]
74406it [7:27:25 bound:1008 nc:2582 ncall:5.8e+07 eff:0.1% logz-ratio=48.39+/-0.07 dlogz:14.591>0.1]
74525it [7:28:33 bound:1010 nc:670 ncall:5.8e+07 eff:0.1% logz-ratio=48.46+/-0.07 dlogz:14.496>0.1]
74647it [7:29:39 bound:1012 nc:2272 ncall:5.8e+07 eff:0.1% logz-ratio=48.53+/-0.07 dlogz:14.400>0.1]
74771it [7:30:43 bound:1014 nc:1810 ncall:5.8e+07 eff:0.1% logz-ratio=48.59+/-0.07 dlogz:14.301>0.1]
74892it [7:31:44 bound:1016 nc:1259 ncall:5.8e+07 eff:0.1% logz-ratio=48.66+/-0.07 dlogz:14.204>0.1]
75013it [7:32:46 bound:1018 nc:1066 ncall:5.8e+07 eff:0.1% logz-ratio=48.73+/-0.07 dlogz:14.108>0.1]
75135it [7:33:47 bound:1020 nc:1573 ncall:5.9e+07 eff:0.1% logz-ratio=48.80+/-0.07 dlogz:14.010>0.1]
75255it [7:34:51 bound:1022 nc:1404 ncall:5.9e+07 eff:0.1% logz-ratio=48.86+/-0.07 dlogz:13.913>0.1]
75377it [7:35:52 bound:1024 nc:1600 ncall:5.9e+07 eff:0.1% logz-ratio=48.93+/-0.07 dlogz:13.814>0.1]
75499it [7:36:54 bound:1026 nc:910 ncall:5.9e+07 eff:0.1% logz-ratio=49.00+/-0.07 dlogz:14.015>0.1]
75617it [7:38:01 bound:1028 nc:1252 ncall:5.9e+07 eff:0.1% logz-ratio=49.07+/-0.07 dlogz:13.919>0.1]
75800it [7:39:29 bound:1031 nc:1585 ncall:5.9e+07 eff:0.1% logz-ratio=49.17+/-0.07 dlogz:13.771>0.1]
75920it [7:40:31 bound:1033 nc:631 ncall:6.0e+07 eff:0.1% logz-ratio=49.24+/-0.07 dlogz:13.674>0.1]
76041it [7:41:35 bound:1035 nc:1324 ncall:6.0e+07 eff:0.1% logz-ratio=49.31+/-0.07 dlogz:13.578>0.1]
76164it [7:42:41 bound:1037 nc:1047 ncall:6.0e+07 eff:0.1% logz-ratio=49.38+/-0.07 dlogz:13.480>0.1]
76286it [7:43:46 bound:1039 nc:999 ncall:6.0e+07 eff:0.1% logz-ratio=49.44+/-0.07 dlogz:13.384>0.1]
76410it [7:44:48 bound:1041 nc:1662 ncall:6.0e+07 eff:0.1% logz-ratio=49.51+/-0.07 dlogz:13.287>0.1]
76529it [7:45:58 bound:1043 nc:1310 ncall:6.0e+07 eff:0.1% logz-ratio=49.57+/-0.07 dlogz:13.194>0.1]
76647it [7:47:00 bound:1045 nc:1050 ncall:6.1e+07 eff:0.1% logz-ratio=49.64+/-0.07 dlogz:13.102>0.1]
76770it [7:48:05 bound:1047 nc:1710 ncall:6.1e+07 eff:0.1% logz-ratio=49.70+/-0.07 dlogz:13.007>0.1]
76894it [7:49:10 bound:1049 nc:1259 ncall:6.1e+07 eff:0.1% logz-ratio=49.77+/-0.07 dlogz:12.912>0.1]
77020it [7:50:11 bound:1051 nc:1444 ncall:6.1e+07 eff:0.1% logz-ratio=49.83+/-0.07 dlogz:12.816>0.1]
77142it [7:51:15 bound:1053 nc:898 ncall:6.1e+07 eff:0.1% logz-ratio=49.89+/-0.07 dlogz:12.723>0.1]
77265it [7:52:20 bound:1055 nc:1384 ncall:6.1e+07 eff:0.1% logz-ratio=49.96+/-0.07 dlogz:12.630>0.1]
77384it [7:53:26 bound:1057 nc:1163 ncall:6.2e+07 eff:0.1% logz-ratio=50.02+/-0.07 dlogz:12.539>0.1]
77507it [7:54:33 bound:1059 nc:1396 ncall:6.2e+07 eff:0.1% logz-ratio=50.08+/-0.07 dlogz:12.446>0.1]
77628it [7:55:36 bound:1061 nc:798 ncall:6.2e+07 eff:0.1% logz-ratio=50.14+/-0.07 dlogz:12.354>0.1]
77753it [7:56:45 bound:1063 nc:1272 ncall:6.2e+07 eff:0.1% logz-ratio=50.21+/-0.07 dlogz:12.259>0.1]
77877it [7:57:53 bound:1065 nc:1750 ncall:6.2e+07 eff:0.1% logz-ratio=50.27+/-0.07 dlogz:12.165>0.1]
77993it [7:58:59 bound:1067 nc:1307 ncall:6.2e+07 eff:0.1% logz-ratio=50.33+/-0.07 dlogz:12.077>0.1]
78115it [8:00:05 bound:1069 nc:1375 ncall:6.2e+07 eff:0.1% logz-ratio=50.39+/-0.07 dlogz:11.984>0.1]
78237it [8:01:17 bound:1071 nc:1299 ncall:6.3e+07 eff:0.1% logz-ratio=50.46+/-0.07 dlogz:11.893>0.1]
78362it [8:02:26 bound:1073 nc:799 ncall:6.3e+07 eff:0.1% logz-ratio=50.52+/-0.07 dlogz:11.799>0.1]
78485it [8:03:32 bound:1075 nc:1200 ncall:6.3e+07 eff:0.1% logz-ratio=50.58+/-0.07 dlogz:11.707>0.1]
78608it [8:04:43 bound:1077 nc:1187 ncall:6.3e+07 eff:0.1% logz-ratio=50.64+/-0.07 dlogz:11.617>0.1]
78625it [8:06:00 bound:1077 nc:1030 ncall:6.3e+07 eff:0.1% logz-ratio=50.65+/-0.07 dlogz:11.604>0.1]
78733it [8:07:12 bound:1079 nc:3215 ncall:6.3e+07 eff:0.1% logz-ratio=50.70+/-0.07 dlogz:11.526>0.1]
78855it [8:08:19 bound:1081 nc:1293 ncall:6.3e+07 eff:0.1% logz-ratio=50.76+/-0.07 dlogz:12.095>0.1]
78981it [8:09:29 bound:1083 nc:1410 ncall:6.4e+07 eff:0.1% logz-ratio=50.82+/-0.07 dlogz:12.004>0.1]
79103it [8:10:40 bound:1085 nc:956 ncall:6.4e+07 eff:0.1% logz-ratio=50.88+/-0.07 dlogz:11.916>0.1]
79227it [8:11:52 bound:1087 nc:781 ncall:6.4e+07 eff:0.1% logz-ratio=50.94+/-0.07 dlogz:11.827>0.1]
79350it [8:12:56 bound:1089 nc:1437 ncall:6.4e+07 eff:0.1% logz-ratio=51.00+/-0.07 dlogz:11.740>0.1]
79471it [8:14:01 bound:1091 nc:1088 ncall:6.4e+07 eff:0.1% logz-ratio=51.05+/-0.07 dlogz:11.654>0.1]
79591it [8:15:07 bound:1093 nc:1214 ncall:6.4e+07 eff:0.1% logz-ratio=51.11+/-0.07 dlogz:11.570>0.1]
79713it [8:16:15 bound:1095 nc:926 ncall:6.5e+07 eff:0.1% logz-ratio=51.16+/-0.07 dlogz:11.536>0.1]
79832it [8:17:28 bound:1097 nc:1355 ncall:6.5e+07 eff:0.1% logz-ratio=51.22+/-0.07 dlogz:11.452>0.1]
79949it [8:18:35 bound:1099 nc:780 ncall:6.5e+07 eff:0.1% logz-ratio=51.27+/-0.07 dlogz:12.090>0.1]
80070it [8:19:44 bound:1101 nc:1659 ncall:6.5e+07 eff:0.1% logz-ratio=51.33+/-0.07 dlogz:12.005>0.1]
80192it [8:20:54 bound:1103 nc:934 ncall:6.5e+07 eff:0.1% logz-ratio=51.38+/-0.07 dlogz:11.920>0.1]
80307it [8:22:06 bound:1105 nc:2697 ncall:6.5e+07 eff:0.1% logz-ratio=51.43+/-0.07 dlogz:11.841>0.1]
80427it [8:23:19 bound:1107 nc:3187 ncall:6.6e+07 eff:0.1% logz-ratio=51.49+/-0.07 dlogz:11.758>0.1]
80547it [8:24:28 bound:1109 nc:961 ncall:6.6e+07 eff:0.1% logz-ratio=51.54+/-0.07 dlogz:11.676>0.1]
80670it [8:25:39 bound:1111 nc:2029 ncall:6.6e+07 eff:0.1% logz-ratio=51.59+/-0.07 dlogz:11.592>0.1]
80791it [8:26:46 bound:1113 nc:1812 ncall:6.6e+07 eff:0.1% logz-ratio=51.65+/-0.07 dlogz:11.509>0.1]
80909it [8:27:57 bound:1115 nc:1675 ncall:6.6e+07 eff:0.1% logz-ratio=51.70+/-0.07 dlogz:11.428>0.1]
81027it [8:29:08 bound:1117 nc:1882 ncall:6.6e+07 eff:0.1% logz-ratio=51.75+/-0.07 dlogz:11.347>0.1]
81149it [8:30:16 bound:1119 nc:2983 ncall:6.7e+07 eff:0.1% logz-ratio=51.81+/-0.07 dlogz:11.264>0.1]
81270it [8:31:27 bound:1121 nc:816 ncall:6.7e+07 eff:0.1% logz-ratio=51.86+/-0.07 dlogz:11.182>0.1]
81395it [8:32:39 bound:1123 nc:972 ncall:6.7e+07 eff:0.1% logz-ratio=51.91+/-0.07 dlogz:11.097>0.1]
81519it [8:33:51 bound:1125 nc:2035 ncall:6.7e+07 eff:0.1% logz-ratio=51.97+/-0.07 dlogz:11.014>0.1]
81640it [8:35:04 bound:1127 nc:1502 ncall:6.7e+07 eff:0.1% logz-ratio=52.02+/-0.07 dlogz:10.934>0.1]
81763it [8:36:14 bound:1129 nc:1528 ncall:6.7e+07 eff:0.1% logz-ratio=52.07+/-0.07 dlogz:10.852>0.1]
81887it [8:37:22 bound:1131 nc:1338 ncall:6.8e+07 eff:0.1% logz-ratio=52.12+/-0.07 dlogz:10.769>0.1]
82008it [8:38:37 bound:1133 nc:1393 ncall:6.8e+07 eff:0.1% logz-ratio=52.17+/-0.07 dlogz:10.689>0.1]
82131it [8:39:50 bound:1135 nc:1328 ncall:6.8e+07 eff:0.1% logz-ratio=52.22+/-0.07 dlogz:10.608>0.1]
82253it [8:41:00 bound:1137 nc:1819 ncall:6.8e+07 eff:0.1% logz-ratio=52.27+/-0.07 dlogz:10.529>0.1]
82374it [8:42:10 bound:1139 nc:1653 ncall:6.8e+07 eff:0.1% logz-ratio=52.32+/-0.07 dlogz:10.449>0.1]
82497it [8:43:22 bound:1141 nc:1988 ncall:6.8e+07 eff:0.1% logz-ratio=52.37+/-0.07 dlogz:10.369>0.1]
82621it [8:44:34 bound:1143 nc:1786 ncall:6.9e+07 eff:0.1% logz-ratio=52.42+/-0.07 dlogz:10.289>0.1]
82745it [8:45:49 bound:1145 nc:1318 ncall:6.9e+07 eff:0.1% logz-ratio=52.47+/-0.07 dlogz:10.209>0.1]
82863it [8:47:03 bound:1147 nc:1875 ncall:6.9e+07 eff:0.1% logz-ratio=52.52+/-0.07 dlogz:10.133>0.1]
82986it [8:48:14 bound:1149 nc:1356 ncall:6.9e+07 eff:0.1% logz-ratio=52.57+/-0.07 dlogz:10.055>0.1]
83109it [8:49:29 bound:1151 nc:1258 ncall:6.9e+07 eff:0.1% logz-ratio=52.61+/-0.07 dlogz:9.977>0.1]
83233it [8:50:44 bound:1153 nc:1626 ncall:6.9e+07 eff:0.1% logz-ratio=52.66+/-0.07 dlogz:9.898>0.1]
83355it [8:51:57 bound:1155 nc:1533 ncall:7.0e+07 eff:0.1% logz-ratio=52.71+/-0.07 dlogz:9.821>0.1]
83477it [8:53:11 bound:1157 nc:1417 ncall:7.0e+07 eff:0.1% logz-ratio=52.76+/-0.07 dlogz:9.745>0.1]
83598it [8:54:23 bound:1159 nc:1614 ncall:7.0e+07 eff:0.1% logz-ratio=52.80+/-0.07 dlogz:9.669>0.1]
83723it [8:55:40 bound:1161 nc:1563 ncall:7.0e+07 eff:0.1% logz-ratio=52.85+/-0.07 dlogz:9.591>0.1]
83844it [8:56:51 bound:1163 nc:1687 ncall:7.0e+07 eff:0.1% logz-ratio=52.90+/-0.07 dlogz:9.516>0.1]
83962it [8:58:03 bound:1165 nc:1323 ncall:7.1e+07 eff:0.1% logz-ratio=52.94+/-0.07 dlogz:9.443>0.1]
84085it [8:59:15 bound:1167 nc:1492 ncall:7.1e+07 eff:0.1% logz-ratio=52.99+/-0.07 dlogz:9.366>0.1]
84204it [9:00:27 bound:1169 nc:2406 ncall:7.1e+07 eff:0.1% logz-ratio=53.03+/-0.07 dlogz:9.291>0.1]
84330it [9:01:42 bound:1171 nc:1280 ncall:7.1e+07 eff:0.1% logz-ratio=53.08+/-0.07 dlogz:9.213>0.1]
84455it [9:02:53 bound:1173 nc:1307 ncall:7.1e+07 eff:0.1% logz-ratio=53.13+/-0.07 dlogz:9.135>0.1]
84573it [9:04:03 bound:1175 nc:1933 ncall:7.1e+07 eff:0.1% logz-ratio=53.17+/-0.07 dlogz:9.061>0.1]
84698it [9:05:15 bound:1177 nc:1480 ncall:7.2e+07 eff:0.1% logz-ratio=53.22+/-0.07 dlogz:8.982>0.1]
84763it [9:07:15 bound:1178 nc:1485 ncall:7.2e+07 eff:0.1% logz-ratio=53.25+/-0.07 dlogz:8.942>0.1]
84878it [9:08:27 bound:1180 nc:1409 ncall:7.2e+07 eff:0.1% logz-ratio=53.29+/-0.07 dlogz:8.871>0.1]
85003it [9:09:38 bound:1182 nc:1685 ncall:7.2e+07 eff:0.1% logz-ratio=53.33+/-0.07 dlogz:8.794>0.1]
85125it [9:10:52 bound:1184 nc:1293 ncall:7.2e+07 eff:0.1% logz-ratio=53.38+/-0.07 dlogz:8.719>0.1]
85249it [9:12:05 bound:1186 nc:963 ncall:7.2e+07 eff:0.1% logz-ratio=53.43+/-0.07 dlogz:8.643>0.1]
85369it [9:13:24 bound:1188 nc:2254 ncall:7.3e+07 eff:0.1% logz-ratio=53.47+/-0.07 dlogz:8.570>0.1]
85492it [9:14:43 bound:1190 nc:1778 ncall:7.3e+07 eff:0.1% logz-ratio=53.51+/-0.07 dlogz:8.495>0.1]
85613it [9:15:58 bound:1192 nc:1011 ncall:7.3e+07 eff:0.1% logz-ratio=53.56+/-0.07 dlogz:8.421>0.1]
85738it [9:17:13 bound:1194 nc:1408 ncall:7.3e+07 eff:0.1% logz-ratio=53.60+/-0.07 dlogz:8.346>0.1]
85863it [9:18:29 bound:1196 nc:952 ncall:7.3e+07 eff:0.1% logz-ratio=53.65+/-0.07 dlogz:8.271>0.1]
85980it [9:19:49 bound:1198 nc:1102 ncall:7.3e+07 eff:0.1% logz-ratio=53.69+/-0.07 dlogz:9.027>0.1]
86102it [9:21:05 bound:1200 nc:3322 ncall:7.4e+07 eff:0.1% logz-ratio=53.73+/-0.07 dlogz:8.955>0.1]
86225it [9:22:20 bound:1202 nc:1881 ncall:7.4e+07 eff:0.1% logz-ratio=53.77+/-0.07 dlogz:8.883>0.1]
86343it [9:23:31 bound:1204 nc:1509 ncall:7.4e+07 eff:0.1% logz-ratio=53.81+/-0.07 dlogz:8.815>0.1]
86461it [9:24:47 bound:1206 nc:1341 ncall:7.4e+07 eff:0.1% logz-ratio=53.85+/-0.07 dlogz:8.747>0.1]
86580it [9:26:04 bound:1208 nc:1428 ncall:7.4e+07 eff:0.1% logz-ratio=53.89+/-0.07 dlogz:8.679>0.1]
86707it [9:27:23 bound:1210 nc:1369 ncall:7.5e+07 eff:0.1% logz-ratio=53.93+/-0.07 dlogz:8.606>0.1]
86831it [9:28:38 bound:1212 nc:1093 ncall:7.5e+07 eff:0.1% logz-ratio=53.97+/-0.07 dlogz:8.536>0.1]
86958it [9:29:56 bound:1214 nc:1195 ncall:7.5e+07 eff:0.1% logz-ratio=54.01+/-0.07 dlogz:8.465>0.1]
87079it [9:31:12 bound:1216 nc:588 ncall:7.5e+07 eff:0.1% logz-ratio=54.05+/-0.07 dlogz:8.397>0.1]
87202it [9:32:27 bound:1218 nc:1495 ncall:7.5e+07 eff:0.1% logz-ratio=54.09+/-0.07 dlogz:8.328>0.1]
87324it [9:33:47 bound:1220 nc:1639 ncall:7.5e+07 eff:0.1% logz-ratio=54.13+/-0.07 dlogz:8.260>0.1]
87443it [9:35:06 bound:1222 nc:1867 ncall:7.6e+07 eff:0.1% logz-ratio=54.17+/-0.07 dlogz:8.194>0.1]
87562it [9:36:23 bound:1224 nc:1004 ncall:7.6e+07 eff:0.1% logz-ratio=54.20+/-0.07 dlogz:8.128>0.1]
87684it [9:37:37 bound:1226 nc:2126 ncall:7.6e+07 eff:0.1% logz-ratio=54.24+/-0.07 dlogz:8.061>0.1]
87804it [9:38:53 bound:1228 nc:1582 ncall:7.6e+07 eff:0.1% logz-ratio=54.28+/-0.07 dlogz:7.994>0.1]
87924it [9:40:09 bound:1230 nc:1533 ncall:7.6e+07 eff:0.1% logz-ratio=54.31+/-0.07 dlogz:7.928>0.1]
88047it [9:41:25 bound:1232 nc:1241 ncall:7.7e+07 eff:0.1% logz-ratio=54.35+/-0.07 dlogz:7.861>0.1]
88168it [9:42:46 bound:1234 nc:1437 ncall:7.7e+07 eff:0.1% logz-ratio=54.39+/-0.07 dlogz:7.795>0.1]
88285it [9:44:02 bound:1236 nc:1257 ncall:7.7e+07 eff:0.1% logz-ratio=54.42+/-0.07 dlogz:7.731>0.1]
88404it [9:45:21 bound:1238 nc:1200 ncall:7.7e+07 eff:0.1% logz-ratio=54.46+/-0.07 dlogz:7.667>0.1]
88526it [9:46:41 bound:1240 nc:1413 ncall:7.7e+07 eff:0.1% logz-ratio=54.49+/-0.07 dlogz:7.601>0.1]
88650it [9:47:58 bound:1242 nc:1438 ncall:7.7e+07 eff:0.1% logz-ratio=54.53+/-0.07 dlogz:7.535>0.1]
88772it [9:49:17 bound:1244 nc:2025 ncall:7.8e+07 eff:0.1% logz-ratio=54.57+/-0.07 dlogz:7.469>0.1]
88893it [9:50:34 bound:1246 nc:1775 ncall:7.8e+07 eff:0.1% logz-ratio=54.60+/-0.07 dlogz:7.405>0.1]
89011it [9:51:53 bound:1248 nc:1486 ncall:7.8e+07 eff:0.1% logz-ratio=54.63+/-0.07 dlogz:7.342>0.1]
89128it [9:53:10 bound:1250 nc:1971 ncall:7.8e+07 eff:0.1% logz-ratio=54.67+/-0.07 dlogz:7.281>0.1]
89245it [9:54:29 bound:1252 nc:1447 ncall:7.8e+07 eff:0.1% logz-ratio=54.70+/-0.07 dlogz:7.219>0.1]
89366it [9:55:50 bound:1254 nc:2236 ncall:7.9e+07 eff:0.1% logz-ratio=54.73+/-0.07 dlogz:7.156>0.1]
89487it [9:57:13 bound:1256 nc:1425 ncall:7.9e+07 eff:0.1% logz-ratio=54.77+/-0.07 dlogz:7.094>0.1]
89610it [9:58:31 bound:1258 nc:1501 ncall:7.9e+07 eff:0.1% logz-ratio=54.80+/-0.07 dlogz:7.031>0.1]
89734it [9:59:46 bound:1260 nc:1686 ncall:7.9e+07 eff:0.1% logz-ratio=54.83+/-0.07 dlogz:6.968>0.1]
89853it [10:01:03 bound:1262 nc:1385 ncall:7.9e+07 eff:0.1% logz-ratio=54.86+/-0.07 dlogz:6.907>0.1]
89968it [10:02:26 bound:1264 nc:1704 ncall:8.0e+07 eff:0.1% logz-ratio=54.89+/-0.07 dlogz:6.849>0.1]
90093it [10:03:46 bound:1266 nc:1806 ncall:8.0e+07 eff:0.1% logz-ratio=54.93+/-0.07 dlogz:6.786>0.1]
90210it [10:05:04 bound:1268 nc:1824 ncall:8.0e+07 eff:0.1% logz-ratio=54.96+/-0.07 dlogz:6.728>0.1]
90334it [10:06:20 bound:1270 nc:1681 ncall:8.0e+07 eff:0.1% logz-ratio=54.99+/-0.07 dlogz:6.666>0.1]
90395it [10:08:26 bound:1271 nc:2066 ncall:8.0e+07 eff:0.1% logz-ratio=55.00+/-0.07 dlogz:6.636>0.1]
90515it [10:09:45 bound:1273 nc:1864 ncall:8.0e+07 eff:0.1% logz-ratio=55.03+/-0.07 dlogz:6.576>0.1]
90631it [10:11:04 bound:1275 nc:2054 ncall:8.1e+07 eff:0.1% logz-ratio=55.06+/-0.07 dlogz:6.519>0.1]
90749it [10:12:20 bound:1277 nc:1768 ncall:8.1e+07 eff:0.1% logz-ratio=55.09+/-0.07 dlogz:6.462>0.1]
90871it [10:13:37 bound:1279 nc:1388 ncall:8.1e+07 eff:0.1% logz-ratio=55.12+/-0.07 dlogz:6.443>0.1]
90993it [10:14:52 bound:1281 nc:1330 ncall:8.1e+07 eff:0.1% logz-ratio=55.15+/-0.07 dlogz:6.384>0.1]
91112it [10:16:08 bound:1283 nc:859 ncall:8.1e+07 eff:0.1% logz-ratio=55.18+/-0.07 dlogz:6.327>0.1]
91227it [10:17:27 bound:1285 nc:2543 ncall:8.2e+07 eff:0.1% logz-ratio=55.21+/-0.07 dlogz:6.272>0.1]
91348it [10:18:47 bound:1287 nc:1359 ncall:8.2e+07 eff:0.1% logz-ratio=55.23+/-0.07 dlogz:6.215>0.1]
91469it [10:20:06 bound:1289 nc:2737 ncall:8.2e+07 eff:0.1% logz-ratio=55.26+/-0.07 dlogz:6.158>0.1]
91593it [10:21:28 bound:1291 nc:1933 ncall:8.2e+07 eff:0.1% logz-ratio=55.29+/-0.07 dlogz:6.099>0.1]
91711it [10:22:50 bound:1293 nc:1188 ncall:8.2e+07 eff:0.1% logz-ratio=55.32+/-0.07 dlogz:6.044>0.1]
91832it [10:24:14 bound:1295 nc:1746 ncall:8.2e+07 eff:0.1% logz-ratio=55.34+/-0.07 dlogz:5.988>0.1]
91947it [10:25:38 bound:1297 nc:1240 ncall:8.3e+07 eff:0.1% logz-ratio=55.37+/-0.07 dlogz:5.934>0.1]
92068it [10:27:00 bound:1299 nc:1843 ncall:8.3e+07 eff:0.1% logz-ratio=55.40+/-0.07 dlogz:5.878>0.1]
92188it [10:28:16 bound:1301 nc:1069 ncall:8.3e+07 eff:0.1% logz-ratio=55.42+/-0.07 dlogz:5.823>0.1]
92304it [10:29:37 bound:1303 nc:1086 ncall:8.3e+07 eff:0.1% logz-ratio=55.45+/-0.07 dlogz:5.769>0.1]
92428it [10:30:54 bound:1305 nc:1066 ncall:8.3e+07 eff:0.1% logz-ratio=55.47+/-0.07 dlogz:5.712>0.1]
92547it [10:32:15 bound:1307 nc:1293 ncall:8.4e+07 eff:0.1% logz-ratio=55.50+/-0.07 dlogz:5.657>0.1]
92669it [10:33:34 bound:1309 nc:1447 ncall:8.4e+07 eff:0.1% logz-ratio=55.53+/-0.07 dlogz:5.601>0.1]
92789it [10:34:53 bound:1311 nc:2157 ncall:8.4e+07 eff:0.1% logz-ratio=55.55+/-0.07 dlogz:5.546>0.1]
92908it [10:36:14 bound:1313 nc:979 ncall:8.4e+07 eff:0.1% logz-ratio=55.58+/-0.07 dlogz:5.492>0.1]
93029it [10:37:35 bound:1315 nc:1815 ncall:8.4e+07 eff:0.1% logz-ratio=55.60+/-0.07 dlogz:5.437>0.1]
93145it [10:38:51 bound:1317 nc:992 ncall:8.5e+07 eff:0.1% logz-ratio=55.63+/-0.07 dlogz:5.384>0.1]
93265it [10:40:15 bound:1319 nc:1342 ncall:8.5e+07 eff:0.1% logz-ratio=55.65+/-0.07 dlogz:5.330>0.1]
93381it [10:41:37 bound:1321 nc:1104 ncall:8.5e+07 eff:0.1% logz-ratio=55.68+/-0.07 dlogz:5.278>0.1]
93496it [10:42:59 bound:1323 nc:4717 ncall:8.5e+07 eff:0.1% logz-ratio=55.70+/-0.07 dlogz:5.227>0.1]
93610it [10:44:23 bound:1325 nc:902 ncall:8.5e+07 eff:0.1% logz-ratio=55.72+/-0.07 dlogz:5.176>0.1]
93730it [10:45:50 bound:1327 nc:2186 ncall:8.6e+07 eff:0.1% logz-ratio=55.75+/-0.07 dlogz:5.123>0.1]
93849it [10:47:15 bound:1329 nc:2806 ncall:8.6e+07 eff:0.1% logz-ratio=55.77+/-0.07 dlogz:5.070>0.1]
93971it [10:48:40 bound:1331 nc:1439 ncall:8.6e+07 eff:0.1% logz-ratio=55.80+/-0.07 dlogz:5.017>0.1]
94086it [10:50:04 bound:1333 nc:1302 ncall:8.6e+07 eff:0.1% logz-ratio=55.82+/-0.07 dlogz:4.966>0.1]
94204it [10:51:29 bound:1335 nc:1827 ncall:8.6e+07 eff:0.1% logz-ratio=55.84+/-0.07 dlogz:4.915>0.1]
94323it [10:52:54 bound:1337 nc:3119 ncall:8.7e+07 eff:0.1% logz-ratio=55.86+/-0.07 dlogz:4.863>0.1]
94442it [10:54:19 bound:1339 nc:2173 ncall:8.7e+07 eff:0.1% logz-ratio=55.89+/-0.07 dlogz:4.812>0.1]
94560it [10:55:49 bound:1341 nc:2766 ncall:8.7e+07 eff:0.1% logz-ratio=55.91+/-0.07 dlogz:4.761>0.1]
94677it [10:57:15 bound:1343 nc:1606 ncall:8.7e+07 eff:0.1% logz-ratio=55.93+/-0.07 dlogz:4.711>0.1]
94793it [10:58:41 bound:1345 nc:1125 ncall:8.7e+07 eff:0.1% logz-ratio=55.95+/-0.07 dlogz:4.662>0.1]
94910it [11:00:06 bound:1347 nc:2260 ncall:8.8e+07 eff:0.1% logz-ratio=55.97+/-0.07 dlogz:4.613>0.1]
95027it [11:01:34 bound:1349 nc:1886 ncall:8.8e+07 eff:0.1% logz-ratio=56.00+/-0.07 dlogz:4.563>0.1]
95144it [11:03:04 bound:1351 nc:3607 ncall:8.8e+07 eff:0.1% logz-ratio=56.02+/-0.07 dlogz:4.514>0.1]
95259it [11:04:32 bound:1353 nc:1271 ncall:8.8e+07 eff:0.1% logz-ratio=56.04+/-0.07 dlogz:4.466>0.1]
95381it [11:06:00 bound:1355 nc:3698 ncall:8.8e+07 eff:0.1% logz-ratio=56.06+/-0.07 dlogz:4.415>0.1]
95501it [11:07:26 bound:1357 nc:1660 ncall:8.9e+07 eff:0.1% logz-ratio=56.08+/-0.07 dlogz:4.366>0.1]
95570it [11:09:41 bound:1358 nc:1375 ncall:8.9e+07 eff:0.1% logz-ratio=56.09+/-0.07 dlogz:4.337>0.1]
95684it [11:11:13 bound:1360 nc:1819 ncall:8.9e+07 eff:0.1% logz-ratio=56.11+/-0.07 dlogz:4.290>0.1]
95804it [11:12:36 bound:1362 nc:3163 ncall:8.9e+07 eff:0.1% logz-ratio=56.13+/-0.07 dlogz:4.241>0.1]
95920it [11:14:03 bound:1364 nc:2074 ncall:8.9e+07 eff:0.1% logz-ratio=56.15+/-0.07 dlogz:4.194>0.1]
96036it [11:15:32 bound:1366 nc:3085 ncall:9.0e+07 eff:0.1% logz-ratio=56.17+/-0.07 dlogz:4.147>0.1]
96144it [11:17:01 bound:1368 nc:1353 ncall:9.0e+07 eff:0.1% logz-ratio=56.19+/-0.07 dlogz:4.103>0.1]
96262it [11:18:29 bound:1370 nc:2355 ncall:9.0e+07 eff:0.1% logz-ratio=56.21+/-0.07 dlogz:4.056>0.1]
96380it [11:19:53 bound:1372 nc:3337 ncall:9.0e+07 eff:0.1% logz-ratio=56.23+/-0.07 dlogz:4.009>0.1]
96495it [11:21:18 bound:1374 nc:1391 ncall:9.0e+07 eff:0.1% logz-ratio=56.25+/-0.07 dlogz:3.963>0.1]
96612it [11:22:46 bound:1376 nc:954 ncall:9.1e+07 eff:0.1% logz-ratio=56.27+/-0.07 dlogz:3.917>0.1]
96731it [11:24:12 bound:1378 nc:1557 ncall:9.1e+07 eff:0.1% logz-ratio=56.28+/-0.07 dlogz:3.870>0.1]
96845it [11:25:34 bound:1380 nc:1497 ncall:9.1e+07 eff:0.1% logz-ratio=56.30+/-0.07 dlogz:3.825>0.1]
96963it [11:27:05 bound:1382 nc:1225 ncall:9.1e+07 eff:0.1% logz-ratio=56.32+/-0.07 dlogz:3.779>0.1]
97083it [11:28:37 bound:1384 nc:1749 ncall:9.1e+07 eff:0.1% logz-ratio=56.34+/-0.07 dlogz:3.732>0.1]
97197it [11:30:03 bound:1386 nc:1335 ncall:9.2e+07 eff:0.1% logz-ratio=56.36+/-0.07 dlogz:3.688>0.1]
97312it [11:31:36 bound:1388 nc:1895 ncall:9.2e+07 eff:0.1% logz-ratio=56.37+/-0.07 dlogz:3.644>0.1]
97427it [11:33:10 bound:1390 nc:1247 ncall:9.2e+07 eff:0.1% logz-ratio=56.39+/-0.07 dlogz:3.600>0.1]
97545it [11:34:38 bound:1392 nc:1883 ncall:9.2e+07 eff:0.1% logz-ratio=56.41+/-0.07 dlogz:3.555>0.1]
97661it [11:36:04 bound:1394 nc:1206 ncall:9.2e+07 eff:0.1% logz-ratio=56.42+/-0.07 dlogz:3.511>0.1]
97780it [11:37:38 bound:1396 nc:1247 ncall:9.3e+07 eff:0.1% logz-ratio=56.44+/-0.07 dlogz:3.467>0.1]
97893it [11:39:07 bound:1398 nc:1486 ncall:9.3e+07 eff:0.1% logz-ratio=56.46+/-0.07 dlogz:3.424>0.1]
98009it [11:40:37 bound:1400 nc:2055 ncall:9.3e+07 eff:0.1% logz-ratio=56.47+/-0.07 dlogz:3.438>0.1]
98128it [11:42:08 bound:1402 nc:4205 ncall:9.3e+07 eff:0.1% logz-ratio=56.49+/-0.07 dlogz:3.394>0.1]
98247it [11:43:41 bound:1404 nc:2385 ncall:9.3e+07 eff:0.1% logz-ratio=56.51+/-0.07 dlogz:3.350>0.1]
98370it [11:45:17 bound:1406 nc:1828 ncall:9.4e+07 eff:0.1% logz-ratio=56.53+/-0.07 dlogz:3.304>0.1]
98489it [11:46:46 bound:1408 nc:1112 ncall:9.4e+07 eff:0.1% logz-ratio=56.54+/-0.07 dlogz:3.264>0.1]
98604it [11:48:18 bound:1410 nc:2060 ncall:9.4e+07 eff:0.1% logz-ratio=56.56+/-0.07 dlogz:3.222>0.1]
98723it [11:49:51 bound:1412 nc:1367 ncall:9.4e+07 eff:0.1% logz-ratio=56.57+/-0.07 dlogz:3.179>0.1]
98839it [11:51:20 bound:1414 nc:2536 ncall:9.5e+07 eff:0.1% logz-ratio=56.59+/-0.07 dlogz:3.137>0.1]
98956it [11:52:55 bound:1416 nc:1244 ncall:9.5e+07 eff:0.1% logz-ratio=56.60+/-0.07 dlogz:3.095>0.1]
99070it [11:54:28 bound:1418 nc:1256 ncall:9.5e+07 eff:0.1% logz-ratio=56.62+/-0.07 dlogz:3.054>0.1]
99188it [11:56:02 bound:1420 nc:1413 ncall:9.5e+07 eff:0.1% logz-ratio=56.63+/-0.07 dlogz:3.012>0.1]
99301it [11:57:38 bound:1422 nc:1106 ncall:9.5e+07 eff:0.1% logz-ratio=56.65+/-0.07 dlogz:2.972>0.1]
99414it [11:59:13 bound:1424 nc:1634 ncall:9.6e+07 eff:0.1% logz-ratio=56.66+/-0.07 dlogz:2.933>0.1]
99532it [12:00:44 bound:1426 nc:1883 ncall:9.6e+07 eff:0.1% logz-ratio=56.68+/-0.07 dlogz:2.985>0.1]
99650it [12:02:19 bound:1428 nc:2102 ncall:9.6e+07 eff:0.1% logz-ratio=56.69+/-0.07 dlogz:2.944>0.1]
99769it [12:03:55 bound:1430 nc:2436 ncall:9.6e+07 eff:0.1% logz-ratio=56.71+/-0.07 dlogz:2.903>0.1]
99890it [12:05:27 bound:1432 nc:1820 ncall:9.7e+07 eff:0.1% logz-ratio=56.72+/-0.07 dlogz:2.861>0.1]
100011it [12:07:05 bound:1434 nc:1893 ncall:9.7e+07 eff:0.1% logz-ratio=56.74+/-0.07 dlogz:2.820>0.1]
100133it [12:08:37 bound:1436 nc:2068 ncall:9.7e+07 eff:0.1% logz-ratio=56.75+/-0.07 dlogz:2.778>0.1]
100205it [12:11:02 bound:1437 nc:2335 ncall:9.7e+07 eff:0.1% logz-ratio=56.76+/-0.07 dlogz:2.754>0.1]
100315it [12:12:36 bound:1439 nc:1084 ncall:9.7e+07 eff:0.1% logz-ratio=56.77+/-0.07 dlogz:2.717>0.1]
100437it [12:14:07 bound:1441 nc:2586 ncall:9.8e+07 eff:0.1% logz-ratio=56.79+/-0.07 dlogz:2.676>0.1]
100558it [12:15:45 bound:1443 nc:1929 ncall:9.8e+07 eff:0.1% logz-ratio=56.80+/-0.07 dlogz:2.636>0.1]
100677it [12:17:22 bound:1445 nc:2001 ncall:9.8e+07 eff:0.1% logz-ratio=56.81+/-0.07 dlogz:2.597>0.1]
100799it [12:18:58 bound:1447 nc:2269 ncall:9.8e+07 eff:0.1% logz-ratio=56.83+/-0.07 dlogz:2.557>0.1]
100921it [12:20:36 bound:1449 nc:1804 ncall:9.9e+07 eff:0.1% logz-ratio=56.84+/-0.07 dlogz:2.517>0.1]
101040it [12:22:13 bound:1451 nc:3404 ncall:9.9e+07 eff:0.1% logz-ratio=56.85+/-0.07 dlogz:2.479>0.1]
101156it [12:23:51 bound:1453 nc:1638 ncall:9.9e+07 eff:0.1% logz-ratio=56.86+/-0.07 dlogz:2.442>0.1]
101278it [12:25:27 bound:1455 nc:4676 ncall:9.9e+07 eff:0.1% logz-ratio=56.88+/-0.07 dlogz:2.403>0.1]
101394it [12:27:07 bound:1457 nc:1769 ncall:9.9e+07 eff:0.1% logz-ratio=56.89+/-0.07 dlogz:2.366>0.1]
101509it [12:28:42 bound:1459 nc:1942 ncall:1.0e+08 eff:0.1% logz-ratio=56.90+/-0.07 dlogz:2.330>0.1]
101626it [12:30:21 bound:1461 nc:1540 ncall:1.0e+08 eff:0.1% logz-ratio=56.91+/-0.07 dlogz:2.294>0.1]
101739it [12:32:03 bound:1463 nc:1282 ncall:1.0e+08 eff:0.1% logz-ratio=56.92+/-0.07 dlogz:2.259>0.1]
101861it [12:33:46 bound:1465 nc:4276 ncall:1.0e+08 eff:0.1% logz-ratio=56.94+/-0.07 dlogz:2.221>0.1]
101975it [12:35:23 bound:1467 nc:2247 ncall:1.0e+08 eff:0.1% logz-ratio=56.95+/-0.07 dlogz:2.187>0.1]
102094it [12:36:58 bound:1469 nc:1422 ncall:1.0e+08 eff:0.1% logz-ratio=56.96+/-0.07 dlogz:2.151>0.1]
102208it [12:38:43 bound:1471 nc:1743 ncall:1.0e+08 eff:0.1% logz-ratio=56.97+/-0.07 dlogz:2.117>0.1]
102328it [12:40:21 bound:1473 nc:1840 ncall:1.0e+08 eff:0.1% logz-ratio=56.98+/-0.07 dlogz:2.081>0.1]
102445it [12:42:04 bound:1475 nc:2019 ncall:1.0e+08 eff:0.1% logz-ratio=56.99+/-0.07 dlogz:2.047>0.1]
102561it [12:43:45 bound:1477 nc:1219 ncall:1.0e+08 eff:0.1% logz-ratio=57.00+/-0.07 dlogz:2.013>0.1]
102676it [12:45:30 bound:1479 nc:1354 ncall:1.0e+08 eff:0.1% logz-ratio=57.01+/-0.07 dlogz:1.979>0.1]
102793it [12:47:11 bound:1481 nc:1336 ncall:1.0e+08 eff:0.1% logz-ratio=57.02+/-0.07 dlogz:1.946>0.1]
102910it [12:48:47 bound:1483 nc:1918 ncall:1.0e+08 eff:0.1% logz-ratio=57.03+/-0.07 dlogz:1.913>0.1]
103026it [12:50:27 bound:1485 nc:2758 ncall:1.0e+08 eff:0.1% logz-ratio=57.04+/-0.07 dlogz:1.880>0.1]
103147it [12:52:06 bound:1487 nc:1140 ncall:1.0e+08 eff:0.1% logz-ratio=57.05+/-0.07 dlogz:1.846>0.1]
103256it [12:53:44 bound:1489 nc:1451 ncall:1.0e+08 eff:0.1% logz-ratio=57.06+/-0.07 dlogz:1.937>0.1]
103366it [12:55:28 bound:1491 nc:3220 ncall:1.0e+08 eff:0.1% logz-ratio=57.07+/-0.07 dlogz:1.906>0.1]
103481it [12:57:11 bound:1493 nc:2145 ncall:1.0e+08 eff:0.1% logz-ratio=57.08+/-0.07 dlogz:1.874>0.1]
103597it [12:58:54 bound:1495 nc:1972 ncall:1.0e+08 eff:0.1% logz-ratio=57.09+/-0.07 dlogz:1.842>0.1]
103717it [13:00:41 bound:1497 nc:2756 ncall:1.0e+08 eff:0.1% logz-ratio=57.10+/-0.07 dlogz:1.809>0.1]
103831it [13:02:17 bound:1499 nc:1842 ncall:1.0e+08 eff:0.1% logz-ratio=57.11+/-0.07 dlogz:1.779>0.1]
103948it [13:04:00 bound:1501 nc:2466 ncall:1.0e+08 eff:0.1% logz-ratio=57.12+/-0.07 dlogz:1.820>0.1]
104068it [13:05:43 bound:1503 nc:4564 ncall:1.0e+08 eff:0.1% logz-ratio=57.13+/-0.07 dlogz:1.788>0.1]
104180it [13:07:20 bound:1505 nc:3715 ncall:1.1e+08 eff:0.1% logz-ratio=57.14+/-0.07 dlogz:1.758>0.1]
104296it [13:09:00 bound:1507 nc:1601 ncall:1.1e+08 eff:0.1% logz-ratio=57.15+/-0.07 dlogz:1.728>0.1]
104413it [13:10:40 bound:1509 nc:2589 ncall:1.1e+08 eff:0.1% logz-ratio=57.15+/-0.07 dlogz:1.697>0.1]
104421it [13:12:20 bound:1509 nc:1682 ncall:1.1e+08 eff:0.1% logz-ratio=57.16+/-0.07 dlogz:1.695>0.1]
104532it [13:14:01 bound:1511 nc:1333 ncall:1.1e+08 eff:0.1% logz-ratio=57.16+/-0.07 dlogz:1.667>0.1]
104655it [13:15:42 bound:1513 nc:1506 ncall:1.1e+08 eff:0.1% logz-ratio=57.17+/-0.07 dlogz:1.635>0.1]
104774it [13:17:23 bound:1515 nc:1450 ncall:1.1e+08 eff:0.1% logz-ratio=57.18+/-0.07 dlogz:1.605>0.1]
104894it [13:19:09 bound:1517 nc:2051 ncall:1.1e+08 eff:0.1% logz-ratio=57.19+/-0.07 dlogz:1.575>0.1]
105010it [13:20:53 bound:1519 nc:2117 ncall:1.1e+08 eff:0.1% logz-ratio=57.20+/-0.07 dlogz:1.547>0.1]
105127it [13:22:39 bound:1521 nc:2423 ncall:1.1e+08 eff:0.1% logz-ratio=57.20+/-0.07 dlogz:1.518>0.1]
105242it [13:24:22 bound:1523 nc:2415 ncall:1.1e+08 eff:0.1% logz-ratio=57.21+/-0.07 dlogz:1.490>0.1]
105363it [13:26:05 bound:1525 nc:3322 ncall:1.1e+08 eff:0.1% logz-ratio=57.22+/-0.07 dlogz:1.462>0.1]
105480it [13:27:51 bound:1527 nc:1746 ncall:1.1e+08 eff:0.1% logz-ratio=57.23+/-0.07 dlogz:1.434>0.1]
105596it [13:29:36 bound:1529 nc:1782 ncall:1.1e+08 eff:0.1% logz-ratio=57.23+/-0.07 dlogz:1.407>0.1]
105711it [13:31:22 bound:1531 nc:1930 ncall:1.1e+08 eff:0.1% logz-ratio=57.24+/-0.07 dlogz:1.380>0.1]
105829it [13:33:09 bound:1533 nc:1953 ncall:1.1e+08 eff:0.1% logz-ratio=57.25+/-0.07 dlogz:1.354>0.1]
105949it [13:34:53 bound:1535 nc:3475 ncall:1.1e+08 eff:0.1% logz-ratio=57.26+/-0.07 dlogz:1.381>0.1]
106066it [13:36:33 bound:1537 nc:2176 ncall:1.1e+08 eff:0.1% logz-ratio=57.26+/-0.07 dlogz:1.354>0.1]
106180it [13:38:19 bound:1539 nc:1545 ncall:1.1e+08 eff:0.1% logz-ratio=57.27+/-0.07 dlogz:1.329>0.1]
106302it [13:40:08 bound:1541 nc:1458 ncall:1.1e+08 eff:0.1% logz-ratio=57.28+/-0.07 dlogz:1.302>0.1]
106421it [13:41:49 bound:1543 nc:1812 ncall:1.1e+08 eff:0.1% logz-ratio=57.28+/-0.07 dlogz:1.276>0.1]
106532it [13:43:34 bound:1545 nc:1689 ncall:1.1e+08 eff:0.1% logz-ratio=57.29+/-0.07 dlogz:1.252>0.1]
106653it [13:45:18 bound:1547 nc:2453 ncall:1.1e+08 eff:0.1% logz-ratio=57.30+/-0.07 dlogz:1.226>0.1]
106768it [13:47:03 bound:1549 nc:1756 ncall:1.1e+08 eff:0.1% logz-ratio=57.30+/-0.07 dlogz:1.202>0.1]
106884it [13:48:48 bound:1551 nc:2006 ncall:1.1e+08 eff:0.1% logz-ratio=57.31+/-0.07 dlogz:1.178>0.1]
107009it [13:50:33 bound:1553 nc:1760 ncall:1.1e+08 eff:0.1% logz-ratio=57.32+/-0.07 dlogz:1.152>0.1]
107124it [13:52:24 bound:1555 nc:2759 ncall:1.1e+08 eff:0.1% logz-ratio=57.32+/-0.07 dlogz:1.129>0.1]
107239it [13:54:11 bound:1557 nc:2501 ncall:1.1e+08 eff:0.1% logz-ratio=57.33+/-0.07 dlogz:1.106>0.1]
107354it [13:55:59 bound:1559 nc:3173 ncall:1.1e+08 eff:0.1% logz-ratio=57.33+/-0.07 dlogz:1.083>0.1]
107474it [13:57:45 bound:1561 nc:1641 ncall:1.1e+08 eff:0.1% logz-ratio=57.34+/-0.07 dlogz:1.060>0.1]
107596it [13:59:31 bound:1563 nc:2365 ncall:1.1e+08 eff:0.1% logz-ratio=57.35+/-0.07 dlogz:1.037>0.1]
107711it [14:01:15 bound:1565 nc:3290 ncall:1.1e+08 eff:0.1% logz-ratio=57.35+/-0.07 dlogz:1.015>0.1]
107825it [14:03:05 bound:1567 nc:3412 ncall:1.1e+08 eff:0.1% logz-ratio=57.36+/-0.07 dlogz:0.994>0.1]
107942it [14:04:49 bound:1569 nc:2673 ncall:1.1e+08 eff:0.1% logz-ratio=57.36+/-0.07 dlogz:0.973>0.1]
108057it [14:06:36 bound:1571 nc:2020 ncall:1.1e+08 eff:0.1% logz-ratio=57.37+/-0.07 dlogz:0.952>0.1]
108174it [14:08:21 bound:1573 nc:2528 ncall:1.1e+08 eff:0.1% logz-ratio=57.37+/-0.07 dlogz:0.932>0.1]
108293it [14:10:06 bound:1575 nc:1887 ncall:1.1e+08 eff:0.1% logz-ratio=57.38+/-0.07 dlogz:0.911>0.1]
108413it [14:11:54 bound:1577 nc:6951 ncall:1.1e+08 eff:0.1% logz-ratio=57.38+/-0.07 dlogz:0.890>0.1]
108414it [14:13:38 bound:1577 nc:1645 ncall:1.1e+08 eff:0.1% logz-ratio=57.38+/-0.07 dlogz:0.890>0.1]
108524it [14:15:30 bound:1579 nc:4286 ncall:1.1e+08 eff:0.1% logz-ratio=57.39+/-0.07 dlogz:0.872>0.1]
108642it [14:17:16 bound:1581 nc:2208 ncall:1.1e+08 eff:0.1% logz-ratio=57.39+/-0.07 dlogz:0.852>0.1]
108758it [14:19:04 bound:1583 nc:1585 ncall:1.1e+08 eff:0.1% logz-ratio=57.40+/-0.07 dlogz:0.833>0.1]
108879it [14:20:51 bound:1585 nc:2835 ncall:1.2e+08 eff:0.1% logz-ratio=57.40+/-0.07 dlogz:0.814>0.1]
108993it [14:22:42 bound:1587 nc:1766 ncall:1.2e+08 eff:0.1% logz-ratio=57.41+/-0.07 dlogz:0.862>0.1]
109114it [14:24:29 bound:1589 nc:1550 ncall:1.2e+08 eff:0.1% logz-ratio=57.41+/-0.07 dlogz:0.842>0.1]
109235it [14:26:18 bound:1591 nc:4342 ncall:1.2e+08 eff:0.1% logz-ratio=57.42+/-0.07 dlogz:0.823>0.1]
109354it [14:28:06 bound:1593 nc:1765 ncall:1.2e+08 eff:0.1% logz-ratio=57.42+/-0.07 dlogz:0.804>0.1]
109466it [14:29:53 bound:1595 nc:2937 ncall:1.2e+08 eff:0.1% logz-ratio=57.43+/-0.07 dlogz:0.787>0.1]
109585it [14:31:42 bound:1597 nc:1661 ncall:1.2e+08 eff:0.1% logz-ratio=57.43+/-0.07 dlogz:0.769>0.1]
109705it [14:33:35 bound:1599 nc:1448 ncall:1.2e+08 eff:0.1% logz-ratio=57.44+/-0.07 dlogz:0.751>0.1]
109820it [14:35:31 bound:1601 nc:1719 ncall:1.2e+08 eff:0.1% logz-ratio=57.44+/-0.07 dlogz:0.734>0.1]
109936it [14:37:21 bound:1603 nc:1253 ncall:1.2e+08 eff:0.1% logz-ratio=57.44+/-0.07 dlogz:0.717>0.1]
110046it [14:39:10 bound:1605 nc:1627 ncall:1.2e+08 eff:0.1% logz-ratio=57.45+/-0.07 dlogz:0.701>0.1]
110168it [14:41:01 bound:1607 nc:5563 ncall:1.2e+08 eff:0.1% logz-ratio=57.45+/-0.07 dlogz:0.684>0.1]
110291it [14:42:53 bound:1609 nc:2937 ncall:1.2e+08 eff:0.1% logz-ratio=57.46+/-0.07 dlogz:0.667>0.1]
110408it [14:44:45 bound:1611 nc:1854 ncall:1.2e+08 eff:0.1% logz-ratio=57.46+/-0.07 dlogz:0.652>0.1]
110527it [14:46:41 bound:1613 nc:1624 ncall:1.2e+08 eff:0.1% logz-ratio=57.47+/-0.07 dlogz:0.636>0.1]
110642it [14:48:32 bound:1615 nc:2174 ncall:1.2e+08 eff:0.1% logz-ratio=57.47+/-0.07 dlogz:0.621>0.1]
110762it [14:50:21 bound:1617 nc:2539 ncall:1.2e+08 eff:0.1% logz-ratio=57.47+/-0.07 dlogz:0.606>0.1]
110878it [14:52:10 bound:1619 nc:4368 ncall:1.2e+08 eff:0.1% logz-ratio=57.48+/-0.07 dlogz:0.591>0.1]
110996it [14:53:54 bound:1621 nc:3735 ncall:1.2e+08 eff:0.1% logz-ratio=57.48+/-0.07 dlogz:0.577>0.1]
111111it [14:55:47 bound:1623 nc:1833 ncall:1.2e+08 eff:0.1% logz-ratio=57.48+/-0.07 dlogz:0.563>0.1]
111228it [14:57:37 bound:1625 nc:1490 ncall:1.2e+08 eff:0.1% logz-ratio=57.49+/-0.07 dlogz:0.550>0.1]
111343it [14:59:30 bound:1627 nc:1743 ncall:1.2e+08 eff:0.1% logz-ratio=57.49+/-0.07 dlogz:0.536>0.1]
111456it [15:01:21 bound:1629 nc:2921 ncall:1.2e+08 eff:0.1% logz-ratio=57.49+/-0.07 dlogz:0.524>0.1]
111572it [15:03:17 bound:1631 nc:2493 ncall:1.2e+08 eff:0.1% logz-ratio=57.50+/-0.07 dlogz:0.511>0.1]
111689it [15:05:03 bound:1633 nc:4588 ncall:1.2e+08 eff:0.1% logz-ratio=57.50+/-0.07 dlogz:0.498>0.1]
111805it [15:06:53 bound:1635 nc:1785 ncall:1.2e+08 eff:0.1% logz-ratio=57.50+/-0.07 dlogz:0.486>0.1]
111922it [15:08:43 bound:1637 nc:2048 ncall:1.2e+08 eff:0.1% logz-ratio=57.51+/-0.07 dlogz:0.474>0.1]
112041it [15:10:27 bound:1639 nc:1625 ncall:1.2e+08 eff:0.1% logz-ratio=57.51+/-0.07 dlogz:0.462>0.1]
112151it [15:12:22 bound:1641 nc:2835 ncall:1.2e+08 eff:0.1% logz-ratio=57.51+/-0.07 dlogz:0.451>0.1]
112216it [15:15:05 bound:1642 nc:2188 ncall:1.2e+08 eff:0.1% logz-ratio=57.52+/-0.07 dlogz:0.444>0.1]
112329it [15:17:01 bound:1644 nc:1745 ncall:1.2e+08 eff:0.1% logz-ratio=57.52+/-0.07 dlogz:0.445>0.1]
112449it [15:18:53 bound:1646 nc:2738 ncall:1.2e+08 eff:0.1% logz-ratio=57.52+/-0.07 dlogz:0.434>0.1]
112566it [15:20:40 bound:1648 nc:2454 ncall:1.2e+08 eff:0.1% logz-ratio=57.53+/-0.07 dlogz:0.423>0.1]
112688it [15:22:32 bound:1650 nc:2312 ncall:1.2e+08 eff:0.1% logz-ratio=57.53+/-0.07 dlogz:0.411>0.1]
112804it [15:24:24 bound:1652 nc:2104 ncall:1.2e+08 eff:0.1% logz-ratio=57.53+/-0.07 dlogz:0.454>0.1]
112922it [15:26:12 bound:1654 nc:1881 ncall:1.2e+08 eff:0.1% logz-ratio=57.53+/-0.07 dlogz:0.443>0.1]
113040it [15:28:03 bound:1656 nc:4450 ncall:1.2e+08 eff:0.1% logz-ratio=57.54+/-0.07 dlogz:0.432>0.1]
113158it [15:29:52 bound:1658 nc:1219 ncall:1.2e+08 eff:0.1% logz-ratio=57.54+/-0.07 dlogz:0.421>0.1]
113279it [15:31:41 bound:1660 nc:2321 ncall:1.2e+08 eff:0.1% logz-ratio=57.54+/-0.07 dlogz:0.410>0.1]
113396it [15:33:29 bound:1662 nc:3192 ncall:1.3e+08 eff:0.1% logz-ratio=57.55+/-0.07 dlogz:0.399>0.1]
113514it [15:35:22 bound:1664 nc:1706 ncall:1.3e+08 eff:0.1% logz-ratio=57.55+/-0.07 dlogz:0.389>0.1]
113631it [15:37:16 bound:1666 nc:1353 ncall:1.3e+08 eff:0.1% logz-ratio=57.55+/-0.07 dlogz:0.379>0.1]
113753it [15:39:04 bound:1668 nc:4605 ncall:1.3e+08 eff:0.1% logz-ratio=57.55+/-0.07 dlogz:0.369>0.1]
113870it [15:40:53 bound:1670 nc:2431 ncall:1.3e+08 eff:0.1% logz-ratio=57.56+/-0.07 dlogz:0.360>0.1]
113979it [15:41:53 bound:1671 nc:2506 ncall:1.3e+08 eff:0.1% logz-ratio=57.56+/-0.07 dlogz:0.351>0.1]
114043it [15:43:41 bound:1673 nc:2216 ncall:1.3e+08 eff:0.1% logz-ratio=57.56+/-0.07 dlogz:0.346>0.1]
114155it [15:45:28 bound:1675 nc:2056 ncall:1.3e+08 eff:0.1% logz-ratio=57.56+/-0.07 dlogz:0.337>0.1]
114276it [15:47:15 bound:1677 nc:2359 ncall:1.3e+08 eff:0.1% logz-ratio=57.56+/-0.07 dlogz:0.328>0.1]
114386it [15:49:05 bound:1679 nc:2237 ncall:1.3e+08 eff:0.1% logz-ratio=57.57+/-0.07 dlogz:0.320>0.1]
114509it [15:50:49 bound:1681 nc:3724 ncall:1.3e+08 eff:0.1% logz-ratio=57.57+/-0.07 dlogz:0.312>0.1]
114631it [15:52:41 bound:1683 nc:1590 ncall:1.3e+08 eff:0.1% logz-ratio=57.57+/-0.07 dlogz:0.303>0.1]
114751it [15:54:38 bound:1685 nc:1973 ncall:1.3e+08 eff:0.1% logz-ratio=57.57+/-0.07 dlogz:0.295>0.1]
114869it [15:56:30 bound:1687 nc:1660 ncall:1.3e+08 eff:0.1% logz-ratio=57.58+/-0.07 dlogz:0.287>0.1]
114988it [15:58:20 bound:1689 nc:2847 ncall:1.3e+08 eff:0.1% logz-ratio=57.58+/-0.07 dlogz:0.279>0.1]
115103it [16:00:13 bound:1691 nc:2910 ncall:1.3e+08 eff:0.1% logz-ratio=57.58+/-0.07 dlogz:0.272>0.1]
115219it [16:02:01 bound:1693 nc:1864 ncall:1.3e+08 eff:0.1% logz-ratio=57.58+/-0.07 dlogz:0.265>0.1]
115337it [16:03:54 bound:1695 nc:1940 ncall:1.3e+08 eff:0.1% logz-ratio=57.58+/-0.07 dlogz:0.258>0.1]
115456it [16:05:48 bound:1697 nc:2326 ncall:1.3e+08 eff:0.1% logz-ratio=57.59+/-0.07 dlogz:0.251>0.1]
115575it [16:07:41 bound:1699 nc:1773 ncall:1.3e+08 eff:0.1% logz-ratio=57.59+/-0.07 dlogz:0.244>0.1]
115692it [16:09:28 bound:1701 nc:2166 ncall:1.3e+08 eff:0.1% logz-ratio=57.59+/-0.07 dlogz:0.238>0.1]
115808it [16:11:21 bound:1703 nc:2094 ncall:1.3e+08 eff:0.1% logz-ratio=57.59+/-0.07 dlogz:0.231>0.1]
115926it [16:13:07 bound:1705 nc:1380 ncall:1.3e+08 eff:0.1% logz-ratio=57.59+/-0.07 dlogz:0.225>0.1]
116040it [16:15:02 bound:1707 nc:2011 ncall:1.3e+08 eff:0.1% logz-ratio=57.59+/-0.07 dlogz:0.219>0.1]
116044it [16:16:53 bound:1707 nc:2319 ncall:1.3e+08 eff:0.1% logz-ratio=57.59+/-0.07 dlogz:0.219>0.1]
116156it [16:18:46 bound:1709 nc:3216 ncall:1.3e+08 eff:0.1% logz-ratio=57.60+/-0.07 dlogz:0.213>0.1]
116214it [16:19:46 bound:1710 nc:2851 ncall:1.3e+08 eff:0.1% logz-ratio=57.60+/-0.07 dlogz:0.210>0.1]
116330it [16:21:39 bound:1712 nc:1036 ncall:1.3e+08 eff:0.1% logz-ratio=57.60+/-0.07 dlogz:0.205>0.1]
116444it [16:23:31 bound:1714 nc:1844 ncall:1.3e+08 eff:0.1% logz-ratio=57.60+/-0.07 dlogz:0.199>0.1]
116566it [16:25:27 bound:1716 nc:1636 ncall:1.3e+08 eff:0.1% logz-ratio=57.60+/-0.07 dlogz:0.194>0.1]
116623it [16:26:28 bound:1717 nc:2005 ncall:1.3e+08 eff:0.1% logz-ratio=57.60+/-0.07 dlogz:0.191>0.1]
116736it [16:28:19 bound:1719 nc:2292 ncall:1.3e+08 eff:0.1% logz-ratio=57.60+/-0.07 dlogz:0.186>0.1]
116853it [16:30:11 bound:1721 nc:4863 ncall:1.3e+08 eff:0.1% logz-ratio=57.61+/-0.07 dlogz:0.181>0.1]
116969it [16:32:04 bound:1723 nc:3352 ncall:1.3e+08 eff:0.1% logz-ratio=57.61+/-0.07 dlogz:0.176>0.1]
117083it [16:33:57 bound:1725 nc:3261 ncall:1.3e+08 eff:0.1% logz-ratio=57.61+/-0.07 dlogz:0.172>0.1]
117201it [16:35:50 bound:1727 nc:1916 ncall:1.3e+08 eff:0.1% logz-ratio=57.61+/-0.07 dlogz:0.167>0.1]
117315it [16:37:41 bound:1729 nc:2699 ncall:1.3e+08 eff:0.1% logz-ratio=57.61+/-0.07 dlogz:0.162>0.1]
117436it [16:39:35 bound:1731 nc:2574 ncall:1.3e+08 eff:0.1% logz-ratio=57.61+/-0.07 dlogz:0.158>0.1]
117553it [16:41:29 bound:1733 nc:2045 ncall:1.3e+08 eff:0.1% logz-ratio=57.61+/-0.07 dlogz:0.154>0.1]
117667it [16:43:20 bound:1735 nc:2652 ncall:1.4e+08 eff:0.1% logz-ratio=57.62+/-0.07 dlogz:0.149>0.1]
117779it [16:45:17 bound:1737 nc:2656 ncall:1.4e+08 eff:0.1% logz-ratio=57.62+/-0.07 dlogz:0.146>0.1]
117895it [16:47:12 bound:1739 nc:1917 ncall:1.4e+08 eff:0.1% logz-ratio=57.62+/-0.07 dlogz:0.142>0.1]
118006it [16:49:05 bound:1741 nc:2308 ncall:1.4e+08 eff:0.1% logz-ratio=57.62+/-0.07 dlogz:0.138>0.1]
118124it [16:50:56 bound:1743 nc:1507 ncall:1.4e+08 eff:0.1% logz-ratio=57.62+/-0.07 dlogz:0.134>0.1]
118244it [16:52:46 bound:1745 nc:4141 ncall:1.4e+08 eff:0.1% logz-ratio=57.62+/-0.07 dlogz:0.130>0.1]
118357it [16:53:46 bound:1746 nc:2613 ncall:1.4e+08 eff:0.1% logz-ratio=57.62+/-0.07 dlogz:0.127>0.1]
118422it [16:55:36 bound:1748 nc:2008 ncall:1.4e+08 eff:0.1% logz-ratio=57.62+/-0.07 dlogz:0.125>0.1]
118529it [16:57:24 bound:1750 nc:1764 ncall:1.4e+08 eff:0.1% logz-ratio=57.63+/-0.07 dlogz:0.122>0.1]
118645it [16:59:18 bound:1752 nc:1556 ncall:1.4e+08 eff:0.1% logz-ratio=57.63+/-0.07 dlogz:0.118>0.1]
118767it [17:01:20 bound:1754 nc:1989 ncall:1.4e+08 eff:0.1% logz-ratio=57.63+/-0.07 dlogz:0.115>0.1]
118881it [17:03:08 bound:1756 nc:2422 ncall:1.4e+08 eff:0.1% logz-ratio=57.63+/-0.07 dlogz:0.112>0.1]
118938it [17:04:10 bound:1757 nc:2149 ncall:1.4e+08 eff:0.1% logz-ratio=57.63+/-0.07 dlogz:0.110>0.1]
119057it [17:06:07 bound:1759 nc:2286 ncall:1.4e+08 eff:0.1% logz-ratio=57.63+/-0.07 dlogz:0.107>0.1]
119173it [17:07:58 bound:1761 nc:2517 ncall:1.4e+08 eff:0.1% logz-ratio=57.63+/-0.07 dlogz:0.104>0.1]
119284it [17:09:52 bound:1763 nc:1188 ncall:1.4e+08 eff:0.1% logz-ratio=57.63+/-0.07 dlogz:0.102>0.1]
At this point, we cannot create a float from 0        1.415785
1        1.414063
2        1.412657
3        1.413338
4        1.425523
           ...   
21099    1.430277
21100    1.430353
21101    1.429990
21102    1.441697
21103    1.441697
Name: chirp_mass_source, Length: 21104, dtype: float64, error: cannot convert the series to <class 'float'>
At this point, we cannot create a float from 0        0.773508
1        0.779877
2        0.781684
3        0.690510
4        0.764214
           ...   
21099    0.711197
21100    0.727046
21101    0.708447
21102    0.765176
21103    0.765176
Name: mass_ratio, Length: 21104, dtype: float64, error: cannot convert the series to <class 'float'>
At this point, we cannot create a float from 0        102.400269
1        109.081406
2        102.832863
3         53.348858
4        106.442963
            ...    
21099     72.638496
21100     69.253044
21101     51.774544
21102    100.355911
21103    100.354561
Name: lambda_1, Length: 21104, dtype: float64, error: cannot convert the series to <class 'float'>
At this point, we cannot create a float from 0        639.286865
1        552.561279
2        477.774750
3        654.750061
4        630.230286
            ...    
21099    641.222290
21100    547.005676
21101    542.939270
21102    536.763306
21103    536.763916
Name: lambda_2, Length: 21104, dtype: float64, error: cannot convert the series to <class 'float'>
Skipped taking the float value from [-9.78255653 -8.75528336 -8.36495113 ... -8.03873825 -8.9243536
 -8.92434788], error: only length-1 arrays can be converted to Python scalars
At this point, we cannot create a float from [1.39907897 1.39928643 1.3994939  ... 1.46069626 1.46090372
 1.46111119], error: only length-1 arrays can be converted to Python scalars
At this point, we cannot create a float from [0.62071961 0.62143787 0.62215612 ... 0.83404173 0.83475999
 0.83547825], error: only length-1 arrays can be converted to Python scalars
At this point, we cannot create a float from [  8.05821133   8.48513367   8.91205602 ... 134.85414786
 135.28107021 135.70799255], error: only length-1 arrays can be converted to Python scalars
At this point, we cannot create a float from [ 274.36398315  277.87513166  281.38628017 ... 1317.17509067
 1320.68623919 1324.1973877 ], error: only length-1 arrays can be converted to Python scalars
Skipped taking the float value from [-10.46439743 -10.41792393 -10.37919331 ... -26.58227921
 -26.67360306 -26.76683998], error: only length-1 arrays can be converted to Python scalars
