000 (2587860.000.000) 2025-08-06 10:19:38 Job submitted from host: <145.107.7.246:9618?addrs=145.107.7.246-9618+[2a07-8500-120-e070--3f6]-9618&alias=taai-007.nikhef.nl&noUDP&sock=schedd_2614_90a7>
...
001 (2587860.000.000) 2025-08-06 10:19:39 Job executing on host: <145.107.4.164:9618?addrs=145.107.4.164-9618+[2a07-8500-120-e070--a4]-9618&alias=wn-pijl-003.nikhef.nl&noUDP&sock=startd_4461_7413>
	SlotName: slot1_2@wn-pijl-003.nikhef.nl
	AvailableGPUs = { GPUs_GPU_5faa433c_644c_d0cd_7786_8cda7f2ab56c }
	CondorScratchDir = "/scratch/condor_execute/dir_1327833"
	Cpus = 1
	Disk = 16790397
	GPUs = 1
	GPUs_GPU_5faa433c_644c_d0cd_7786_8cda7f2ab56c = [ Id = "GPU-5faa433c-644c-d0cd-7786-8cda7f2ab56c"; ClockMhz = 2520.0; Capability = 8.9; CoresPerCU = 128; DeviceName = "NVIDIA L40S"; DeviceUuid = "5faa433c-644c-d0cd-7786-8cda7f2ab56c"; ECCEnabled = true; ComputeUnits = 142; NvidiaDriver = "570.124.06"; DriverVersion = 12.8; DevicePciBusId = "0000:02:00.0"; GlobalMemoryMb = 45468; MaxSupportedVersion = 12080 ]
	Memory = 16384
...
006 (2587860.000.000) 2025-08-06 10:19:52 Image size of job updated: 612772
	599  -  MemoryUsage of job (MB)
	612772  -  ResidentSetSize of job (KB)
...
005 (2587860.000.000) 2025-08-06 10:19:53 Job terminated.
	(1) Normal termination (return value 1)
		Usr 0 00:00:03, Sys 0 00:00:02  -  Run Remote Usage
		Usr 0 00:00:00, Sys 0 00:00:00  -  Run Local Usage
		Usr 0 00:00:03, Sys 0 00:00:02  -  Total Remote Usage
		Usr 0 00:00:00, Sys 0 00:00:00  -  Total Local Usage
	0  -  Run Bytes Sent By Job
	0  -  Run Bytes Received By Job
	0  -  Total Bytes Sent By Job
	0  -  Total Bytes Received By Job
	Partitionable Resources :    Usage  Request Allocated Assigned
	   Cpus                 :        0        1         1 
	   Disk (KB)            :    17500 16777216  16790397 
	   GPUs                 :                 1         1 "GPU-5faa433c-644c-d0cd-7786-8cda7f2ab56c"
	   Memory (MB)          :      599    16384     16384 
	   TimeExecute (s)      :       14                    
	   TimeSlotBusy (s)     :       15                    

	Job terminated of its own accord at 2025-08-06T08:19:53Z with exit-code 1.
...
000 (2587949.000.000) 2025-08-06 13:56:44 Job submitted from host: <145.107.7.246:9618?addrs=145.107.7.246-9618+[2a07-8500-120-e070--3f6]-9618&alias=taai-007.nikhef.nl&noUDP&sock=schedd_2614_90a7>
...
001 (2587949.000.000) 2025-08-06 13:57:42 Job executing on host: <145.107.4.165:9618?addrs=145.107.4.165-9618+[2a07-8500-120-e070--a5]-9618&alias=wn-pijl-004.nikhef.nl&noUDP&sock=startd_4575_a5df>
	SlotName: slot1_4@wn-pijl-004.nikhef.nl
	AvailableGPUs = { GPUs_GPU_1f146b0b_a830_c84c_fd33_4949dcc59318 }
	CondorScratchDir = "/scratch/condor_execute/dir_2033590"
	Cpus = 1
	Disk = 16790397
	GPUs = 1
	GPUs_GPU_1f146b0b_a830_c84c_fd33_4949dcc59318 = [ Id = "GPU-1f146b0b-a830-c84c-fd33-4949dcc59318"; ClockMhz = 2520.0; Capability = 8.9; CoresPerCU = 128; DeviceName = "NVIDIA L40S"; DeviceUuid = "1f146b0b-a830-c84c-fd33-4949dcc59318"; ECCEnabled = true; ComputeUnits = 142; NvidiaDriver = "570.124.06"; DriverVersion = 12.8; DevicePciBusId = "0000:C2:00.0"; GlobalMemoryMb = 45468; MaxSupportedVersion = 12080 ]
	Memory = 16384
...
006 (2587949.000.000) 2025-08-06 13:57:54 Image size of job updated: 343232
	0  -  MemoryUsage of job (MB)
	0  -  ResidentSetSize of job (KB)
...
005 (2587949.000.000) 2025-08-06 13:57:54 Job terminated.
	(1) Normal termination (return value 1)
		Usr 0 00:00:04, Sys 0 00:00:02  -  Run Remote Usage
		Usr 0 00:00:00, Sys 0 00:00:00  -  Run Local Usage
		Usr 0 00:00:04, Sys 0 00:00:02  -  Total Remote Usage
		Usr 0 00:00:00, Sys 0 00:00:00  -  Total Local Usage
	0  -  Run Bytes Sent By Job
	0  -  Run Bytes Received By Job
	0  -  Total Bytes Sent By Job
	0  -  Total Bytes Received By Job
	Partitionable Resources :    Usage  Request Allocated Assigned
	   Cpus                 :        0        1         1 
	   Disk (KB)            :    17500 16777216  16790397 
	   GPUs                 :                 1         1 "GPU-1f146b0b-a830-c84c-fd33-4949dcc59318"
	   Memory (MB)          :        0    16384     16384 
	   TimeExecute (s)      :       12                    
	   TimeSlotBusy (s)     :       12                    

	Job terminated of its own accord at 2025-08-06T11:57:54Z with exit-code 1.
...
