000 (2582743.000.000) 2025-08-05 15:58:38 Job submitted from host: <145.107.7.246:9618?addrs=145.107.7.246-9618+[2a07-8500-120-e070--3f6]-9618&alias=taai-007.nikhef.nl&noUDP&sock=schedd_2614_90a7>
    DAG Node: run_w
...
001 (2582743.000.000) 2025-08-05 15:59:17 Job executing on host: <145.107.5.61:9618?addrs=145.107.5.61-9618+[2a07-8500-120-e070--53d]-9618&alias=wn-lot-061.nikhef.nl&noUDP&sock=startd_1956_3b56>
	SlotName: slot1_1@wn-lot-061.nikhef.nl
	CondorScratchDir = "/scratch/condor_execute/dir_861808"
	Cpus = 64
	Disk = 16780548
	GPUs = 0
	Memory = 16384
...
006 (2582743.000.000) 2025-08-05 15:59:31 Image size of job updated: 86356
	85  -  MemoryUsage of job (MB)
	86356  -  ResidentSetSize of job (KB)
...
006 (2582743.000.000) 2025-08-05 16:00:30 Image size of job updated: 1347124
	85  -  MemoryUsage of job (MB)
	86372  -  ResidentSetSize of job (KB)
...
005 (2582743.000.000) 2025-08-05 16:00:30 Job terminated.
	(1) Normal termination (return value 1)
		Usr 0 00:00:36, Sys 0 00:00:12  -  Run Remote Usage
		Usr 0 00:00:00, Sys 0 00:00:00  -  Run Local Usage
		Usr 0 00:00:36, Sys 0 00:00:12  -  Total Remote Usage
		Usr 0 00:00:00, Sys 0 00:00:00  -  Total Local Usage
	0  -  Run Bytes Sent By Job
	0  -  Run Bytes Received By Job
	0  -  Total Bytes Sent By Job
	0  -  Total Bytes Received By Job
	Partitionable Resources :    Usage  Request Allocated 
	   Cpus                 :     0.15       64        64 
	   Disk (KB)            : 17500    16777216  16780548 
	   GPUs                 :                           0 
	   Memory (MB)          :    85       16384     16384 
	   TimeExecute (s)      :    73                       
	   TimeSlotBusy (s)     :    73                       

	Job terminated of its own accord at 2025-08-05T14:00:30Z with exit-code 1.
...
000 (2582888.000.000) 2025-08-05 16:02:16 Job submitted from host: <145.107.7.246:9618?addrs=145.107.7.246-9618+[2a07-8500-120-e070--3f6]-9618&alias=taai-007.nikhef.nl&noUDP&sock=schedd_2614_90a7>
    DAG Node: run_w
...
001 (2582888.000.000) 2025-08-05 16:03:17 Job executing on host: <145.107.5.61:9618?addrs=145.107.5.61-9618+[2a07-8500-120-e070--53d]-9618&alias=wn-lot-061.nikhef.nl&noUDP&sock=startd_1956_3b56>
	SlotName: slot1_1@wn-lot-061.nikhef.nl
	CondorScratchDir = "/scratch/condor_execute/dir_863967"
	Cpus = 64
	Disk = 16780548
	GPUs = 0
	Memory = 16384
...
006 (2582888.000.000) 2025-08-05 16:03:31 Image size of job updated: 285696
	279  -  MemoryUsage of job (MB)
	285696  -  ResidentSetSize of job (KB)
...
006 (2582888.000.000) 2025-08-05 16:08:32 Image size of job updated: 1414700
	1382  -  MemoryUsage of job (MB)
	1414700  -  ResidentSetSize of job (KB)
...
006 (2582888.000.000) 2025-08-05 16:13:33 Image size of job updated: 1437504
	1404  -  MemoryUsage of job (MB)
	1437504  -  ResidentSetSize of job (KB)
...
006 (2582888.000.000) 2025-08-05 16:18:33 Image size of job updated: 1450768
	1417  -  MemoryUsage of job (MB)
	1450768  -  ResidentSetSize of job (KB)
...
006 (2582888.000.000) 2025-08-05 16:23:34 Image size of job updated: 1460512
	1427  -  MemoryUsage of job (MB)
	1460512  -  ResidentSetSize of job (KB)
...
006 (2582888.000.000) 2025-08-05 16:28:35 Image size of job updated: 1467576
	1434  -  MemoryUsage of job (MB)
	1467576  -  ResidentSetSize of job (KB)
...
006 (2582888.000.000) 2025-08-05 16:33:35 Image size of job updated: 1490116
	1456  -  MemoryUsage of job (MB)
	1490116  -  ResidentSetSize of job (KB)
...
006 (2582888.000.000) 2025-08-05 16:38:35 Image size of job updated: 1497340
	1463  -  MemoryUsage of job (MB)
	1497340  -  ResidentSetSize of job (KB)
...
006 (2582888.000.000) 2025-08-05 16:43:36 Image size of job updated: 1501588
	1467  -  MemoryUsage of job (MB)
	1501588  -  ResidentSetSize of job (KB)
...
006 (2582888.000.000) 2025-08-05 16:48:37 Image size of job updated: 1506612
	1472  -  MemoryUsage of job (MB)
	1506612  -  ResidentSetSize of job (KB)
...
006 (2582888.000.000) 2025-08-05 16:53:37 Image size of job updated: 1509720
	1475  -  MemoryUsage of job (MB)
	1509720  -  ResidentSetSize of job (KB)
...
006 (2582888.000.000) 2025-08-05 16:58:37 Image size of job updated: 1513012
	1478  -  MemoryUsage of job (MB)
	1513012  -  ResidentSetSize of job (KB)
...
006 (2582888.000.000) 2025-08-05 17:03:38 Image size of job updated: 1516748
	1482  -  MemoryUsage of job (MB)
	1516748  -  ResidentSetSize of job (KB)
...
006 (2582888.000.000) 2025-08-05 17:08:39 Image size of job updated: 1994372
	1948  -  MemoryUsage of job (MB)
	1994372  -  ResidentSetSize of job (KB)
...
006 (2582888.000.000) 2025-08-05 17:13:39 Image size of job updated: 1997184
	1951  -  MemoryUsage of job (MB)
	1997184  -  ResidentSetSize of job (KB)
...
006 (2582888.000.000) 2025-08-05 17:18:40 Image size of job updated: 1999436
	1953  -  MemoryUsage of job (MB)
	1999436  -  ResidentSetSize of job (KB)
...
006 (2582888.000.000) 2025-08-05 17:23:41 Image size of job updated: 2002160
	1956  -  MemoryUsage of job (MB)
	2002160  -  ResidentSetSize of job (KB)
...
006 (2582888.000.000) 2025-08-05 17:28:41 Image size of job updated: 2003868
	1957  -  MemoryUsage of job (MB)
	2003868  -  ResidentSetSize of job (KB)
...
006 (2582888.000.000) 2025-08-05 17:33:41 Image size of job updated: 2005600
	1959  -  MemoryUsage of job (MB)
	2005600  -  ResidentSetSize of job (KB)
...
006 (2582888.000.000) 2025-08-05 17:38:42 Image size of job updated: 2008184
	1962  -  MemoryUsage of job (MB)
	2008184  -  ResidentSetSize of job (KB)
...
006 (2582888.000.000) 2025-08-05 17:43:43 Image size of job updated: 2009584
	1963  -  MemoryUsage of job (MB)
	2009584  -  ResidentSetSize of job (KB)
...
006 (2582888.000.000) 2025-08-05 17:48:43 Image size of job updated: 2011844
	1965  -  MemoryUsage of job (MB)
	2011844  -  ResidentSetSize of job (KB)
...
006 (2582888.000.000) 2025-08-05 17:53:43 Image size of job updated: 2013256
	1967  -  MemoryUsage of job (MB)
	2013256  -  ResidentSetSize of job (KB)
...
006 (2582888.000.000) 2025-08-05 17:58:44 Image size of job updated: 2014356
	1968  -  MemoryUsage of job (MB)
	2014356  -  ResidentSetSize of job (KB)
...
006 (2582888.000.000) 2025-08-05 18:03:45 Image size of job updated: 2016216
	1969  -  MemoryUsage of job (MB)
	2016216  -  ResidentSetSize of job (KB)
...
006 (2582888.000.000) 2025-08-05 18:08:45 Image size of job updated: 2077576
	2018  -  MemoryUsage of job (MB)
	2066020  -  ResidentSetSize of job (KB)
...
006 (2582888.000.000) 2025-08-05 18:13:45 Image size of job updated: 2077576
	2019  -  MemoryUsage of job (MB)
	2066820  -  ResidentSetSize of job (KB)
...
006 (2582888.000.000) 2025-08-05 18:18:46 Image size of job updated: 2077576
	2020  -  MemoryUsage of job (MB)
	2067856  -  ResidentSetSize of job (KB)
...
006 (2582888.000.000) 2025-08-05 18:23:46 Image size of job updated: 2077576
	2021  -  MemoryUsage of job (MB)
	2068948  -  ResidentSetSize of job (KB)
...
006 (2582888.000.000) 2025-08-05 18:28:46 Image size of job updated: 2077576
	2023  -  MemoryUsage of job (MB)
	2070696  -  ResidentSetSize of job (KB)
...
006 (2582888.000.000) 2025-08-05 18:33:47 Image size of job updated: 2077576
	2024  -  MemoryUsage of job (MB)
	2071652  -  ResidentSetSize of job (KB)
...
006 (2582888.000.000) 2025-08-05 18:38:48 Image size of job updated: 2077576
	2025  -  MemoryUsage of job (MB)
	2073404  -  ResidentSetSize of job (KB)
...
006 (2582888.000.000) 2025-08-05 18:43:48 Image size of job updated: 2077576
	2026  -  MemoryUsage of job (MB)
	2074316  -  ResidentSetSize of job (KB)
...
006 (2582888.000.000) 2025-08-05 18:48:48 Image size of job updated: 2077576
	2027  -  MemoryUsage of job (MB)
	2075116  -  ResidentSetSize of job (KB)
...
006 (2582888.000.000) 2025-08-05 18:53:49 Image size of job updated: 2077576
	2029  -  MemoryUsage of job (MB)
	2076696  -  ResidentSetSize of job (KB)
...
006 (2582888.000.000) 2025-08-05 18:58:50 Image size of job updated: 2077576
	2029  -  MemoryUsage of job (MB)
	2077532  -  ResidentSetSize of job (KB)
...
006 (2582888.000.000) 2025-08-05 19:03:50 Image size of job updated: 2079040
	2031  -  MemoryUsage of job (MB)
	2079040  -  ResidentSetSize of job (KB)
...
006 (2582888.000.000) 2025-08-05 19:08:50 Image size of job updated: 2131380
	2080  -  MemoryUsage of job (MB)
	2129364  -  ResidentSetSize of job (KB)
...
006 (2582888.000.000) 2025-08-05 19:13:51 Image size of job updated: 2131380
	2081  -  MemoryUsage of job (MB)
	2130032  -  ResidentSetSize of job (KB)
...
006 (2582888.000.000) 2025-08-05 19:18:52 Image size of job updated: 2131460
	2082  -  MemoryUsage of job (MB)
	2131460  -  ResidentSetSize of job (KB)
...
006 (2582888.000.000) 2025-08-05 19:23:52 Image size of job updated: 2132332
	2083  -  MemoryUsage of job (MB)
	2132332  -  ResidentSetSize of job (KB)
...
006 (2582888.000.000) 2025-08-05 19:28:52 Image size of job updated: 2133560
	2084  -  MemoryUsage of job (MB)
	2133560  -  ResidentSetSize of job (KB)
...
006 (2582888.000.000) 2025-08-05 19:33:53 Image size of job updated: 2134072
	2085  -  MemoryUsage of job (MB)
	2134072  -  ResidentSetSize of job (KB)
...
006 (2582888.000.000) 2025-08-05 19:38:54 Image size of job updated: 2134512
	2085  -  MemoryUsage of job (MB)
	2134512  -  ResidentSetSize of job (KB)
...
006 (2582888.000.000) 2025-08-05 19:43:54 Image size of job updated: 2135804
	2086  -  MemoryUsage of job (MB)
	2135804  -  ResidentSetSize of job (KB)
...
006 (2582888.000.000) 2025-08-05 19:48:54 Image size of job updated: 2136124
	2087  -  MemoryUsage of job (MB)
	2136124  -  ResidentSetSize of job (KB)
...
006 (2582888.000.000) 2025-08-05 19:53:55 Image size of job updated: 2137404
	2088  -  MemoryUsage of job (MB)
	2137404  -  ResidentSetSize of job (KB)
...
006 (2582888.000.000) 2025-08-05 19:58:56 Image size of job updated: 2138140
	2089  -  MemoryUsage of job (MB)
	2138140  -  ResidentSetSize of job (KB)
...
006 (2582888.000.000) 2025-08-05 20:03:56 Image size of job updated: 2138580
	2089  -  MemoryUsage of job (MB)
	2138580  -  ResidentSetSize of job (KB)
...
006 (2582888.000.000) 2025-08-05 20:08:57 Image size of job updated: 2192696
	2123  -  MemoryUsage of job (MB)
	2173716  -  ResidentSetSize of job (KB)
...
006 (2582888.000.000) 2025-08-05 20:18:58 Image size of job updated: 2192696
	2124  -  MemoryUsage of job (MB)
	2174388  -  ResidentSetSize of job (KB)
...
006 (2582888.000.000) 2025-08-05 20:23:58 Image size of job updated: 2192696
	2124  -  MemoryUsage of job (MB)
	2174728  -  ResidentSetSize of job (KB)
...
006 (2582888.000.000) 2025-08-05 20:28:59 Image size of job updated: 2192696
	2125  -  MemoryUsage of job (MB)
	2175328  -  ResidentSetSize of job (KB)
...
006 (2582888.000.000) 2025-08-05 20:34:00 Image size of job updated: 2192696
	2126  -  MemoryUsage of job (MB)
	2176420  -  ResidentSetSize of job (KB)
...
006 (2582888.000.000) 2025-08-05 20:39:00 Image size of job updated: 2192696
	2126  -  MemoryUsage of job (MB)
	2176932  -  ResidentSetSize of job (KB)
...
006 (2582888.000.000) 2025-08-05 20:44:00 Image size of job updated: 2192696
	2127  -  MemoryUsage of job (MB)
	2178044  -  ResidentSetSize of job (KB)
...
006 (2582888.000.000) 2025-08-05 20:49:01 Image size of job updated: 2192696
	2128  -  MemoryUsage of job (MB)
	2178408  -  ResidentSetSize of job (KB)
...
006 (2582888.000.000) 2025-08-05 20:54:02 Image size of job updated: 2192696
	2129  -  MemoryUsage of job (MB)
	2179512  -  ResidentSetSize of job (KB)
...
006 (2582888.000.000) 2025-08-05 20:59:02 Image size of job updated: 2192696
	2129  -  MemoryUsage of job (MB)
	2179920  -  ResidentSetSize of job (KB)
...
006 (2582888.000.000) 2025-08-05 21:04:02 Image size of job updated: 2192696
	2130  -  MemoryUsage of job (MB)
	2180240  -  ResidentSetSize of job (KB)
...
006 (2582888.000.000) 2025-08-05 21:09:03 Image size of job updated: 2192696
	2131  -  MemoryUsage of job (MB)
	2181412  -  ResidentSetSize of job (KB)
...
006 (2582888.000.000) 2025-08-05 21:14:04 Image size of job updated: 2215632
	2159  -  MemoryUsage of job (MB)
	2210628  -  ResidentSetSize of job (KB)
...
006 (2582888.000.000) 2025-08-05 21:19:04 Image size of job updated: 2215632
	2160  -  MemoryUsage of job (MB)
	2211728  -  ResidentSetSize of job (KB)
...
006 (2582888.000.000) 2025-08-05 21:24:04 Image size of job updated: 2215632
	2161  -  MemoryUsage of job (MB)
	2212048  -  ResidentSetSize of job (KB)
...
006 (2582888.000.000) 2025-08-05 21:29:05 Image size of job updated: 2215632
	2161  -  MemoryUsage of job (MB)
	2212316  -  ResidentSetSize of job (KB)
...
006 (2582888.000.000) 2025-08-05 21:30:01 Image size of job updated: 2241168
	2161  -  MemoryUsage of job (MB)
	2212316  -  ResidentSetSize of job (KB)
...
005 (2582888.000.000) 2025-08-05 21:30:01 Job terminated.
	(1) Normal termination (return value 0)
		Usr 10 19:56:47, Sys 0 00:02:23  -  Run Remote Usage
		Usr 0 00:00:00, Sys 0 00:00:00  -  Run Local Usage
		Usr 10 19:56:47, Sys 0 00:02:23  -  Total Remote Usage
		Usr 0 00:00:00, Sys 0 00:00:00  -  Total Local Usage
	0  -  Run Bytes Sent By Job
	0  -  Run Bytes Received By Job
	0  -  Total Bytes Sent By Job
	0  -  Total Bytes Received By Job
	Partitionable Resources :    Usage  Request Allocated 
	   Cpus                 :     2.47       64        64 
	   Disk (KB)            : 17500    16777216  16780548 
	   GPUs                 :                           0 
	   Memory (MB)          :  2161       16384     16384 
	   TimeExecute (s)      : 19604                       
	   TimeSlotBusy (s)     : 19604                       

	Job terminated of its own accord at 2025-08-05T19:30:01Z with exit-code 0.
...
