000 (2581481.000.000) 2025-08-05 14:11:30 Job submitted from host: <145.107.7.246:9618?addrs=145.107.7.246-9618+[2a07-8500-120-e070--3f6]-9618&alias=taai-007.nikhef.nl&noUDP&sock=schedd_2614_90a7>
...
001 (2581481.000.000) 2025-08-05 14:12:14 Job executing on host: <145.107.4.167:9618?addrs=145.107.4.167-9618+[2a07-8500-120-e070--a7]-9618&alias=wn-pijl-006.nikhef.nl&noUDP&sock=startd_4304_c3b5>
	SlotName: slot1_1@wn-pijl-006.nikhef.nl
	AvailableGPUs = { GPUs_GPU_b5d11d97_8330_6520_8847_fcfe487ecbb7 }
	CondorScratchDir = "/scratch/condor_execute/dir_69671"
	Cpus = 1
	Disk = 16790397
	GPUs = 1
	GPUs_GPU_b5d11d97_8330_6520_8847_fcfe487ecbb7 = [ Id = "GPU-b5d11d97-8330-6520-8847-fcfe487ecbb7"; ClockMhz = 2520.0; Capability = 8.9; CoresPerCU = 128; DeviceName = "NVIDIA L40S"; DeviceUuid = "b5d11d97-8330-6520-8847-fcfe487ecbb7"; ECCEnabled = true; ComputeUnits = 142; NvidiaDriver = "570.124.06"; DriverVersion = 12.8; DevicePciBusId = "0000:01:00.0"; GlobalMemoryMb = 45468; MaxSupportedVersion = 12080 ]
	Memory = 16384
...
006 (2581481.000.000) 2025-08-05 14:12:28 Image size of job updated: 419648
	410  -  MemoryUsage of job (MB)
	419648  -  ResidentSetSize of job (KB)
...
006 (2581481.000.000) 2025-08-05 14:17:29 Image size of job updated: 429052
	418  -  MemoryUsage of job (MB)
	427940  -  ResidentSetSize of job (KB)
...
006 (2581481.000.000) 2025-08-05 14:22:29 Image size of job updated: 1118692
	1093  -  MemoryUsage of job (MB)
	1118692  -  ResidentSetSize of job (KB)
...
006 (2581481.000.000) 2025-08-05 14:47:33 Image size of job updated: 1135812
	1110  -  MemoryUsage of job (MB)
	1135812  -  ResidentSetSize of job (KB)
...
006 (2581481.000.000) 2025-08-05 14:52:33 Image size of job updated: 1135820
	1110  -  MemoryUsage of job (MB)
	1135820  -  ResidentSetSize of job (KB)
...
006 (2581481.000.000) 2025-08-05 15:02:35 Image size of job updated: 1154028
	1127  -  MemoryUsage of job (MB)
	1154028  -  ResidentSetSize of job (KB)
...
006 (2581481.000.000) 2025-08-05 15:07:35 Image size of job updated: 1318908
	1288  -  MemoryUsage of job (MB)
	1318908  -  ResidentSetSize of job (KB)
...
006 (2581481.000.000) 2025-08-05 15:12:36 Image size of job updated: 1353804
	1323  -  MemoryUsage of job (MB)
	1353804  -  ResidentSetSize of job (KB)
...
005 (2581481.000.000) 2025-08-05 15:23:48 Job terminated.
	(1) Normal termination (return value 0)
		Usr 0 01:11:13, Sys 0 00:00:10  -  Run Remote Usage
		Usr 0 00:00:00, Sys 0 00:00:00  -  Run Local Usage
		Usr 0 01:11:13, Sys 0 00:00:10  -  Total Remote Usage
		Usr 0 00:00:00, Sys 0 00:00:00  -  Total Local Usage
	0  -  Run Bytes Sent By Job
	0  -  Run Bytes Received By Job
	0  -  Total Bytes Sent By Job
	0  -  Total Bytes Received By Job
	Partitionable Resources :    Usage  Request Allocated Assigned
	   Cpus                 :     1.00        1         1 
	   Disk (KB)            : 17500    16777216  16790397 
	   GPUs                 :     0           1         1 "GPU-b5d11d97-8330-6520-8847-fcfe487ecbb7"
	   GpusMemory (MB)      :  1210                       
	   Memory (MB)          :  1323       16384     16384 
	   TimeExecute (s)      :  4294                       
	   TimeSlotBusy (s)     :  4294                       

	Job terminated of its own accord at 2025-08-05T13:23:48Z with exit-code 0.
...
