000 (2611232.000.000) 2025-08-14 15:14:51 Job submitted from host: <145.107.7.246:9618?addrs=145.107.7.246-9618+[2a07-8500-120-e070--3f6]-9618&alias=taai-007.nikhef.nl&noUDP&sock=schedd_2614_90a7>
    DAG Node: run_j
...
009 (2611232.000.000) 2025-08-14 15:16:24 Job was aborted.
	removed because <OtherJobRemoveRequirements = DAGManJobId =?= 2611215> fired when job (2611215.0) was removed
...
000 (2611268.000.000) 2025-08-14 15:17:16 Job submitted from host: <145.107.7.246:9618?addrs=145.107.7.246-9618+[2a07-8500-120-e070--3f6]-9618&alias=taai-007.nikhef.nl&noUDP&sock=schedd_2614_90a7>
    DAG Node: run_j
...
001 (2611268.000.000) 2025-08-16 19:23:08 Job executing on host: <145.107.4.165:9618?addrs=145.107.4.165-9618+[2a07-8500-120-e070--a5]-9618&alias=wn-pijl-004.nikhef.nl&noUDP&sock=startd_4575_a5df>
	SlotName: slot1_2@wn-pijl-004.nikhef.nl
	AvailableGPUs = {  }
	CondorScratchDir = "/scratch/condor_execute/dir_809446"
	Cpus = 64
	Disk = 16790397
	GPUs = 0
	Memory = 16384
...
006 (2611268.000.000) 2025-08-16 19:23:22 Image size of job updated: 394848
	386  -  MemoryUsage of job (MB)
	394848  -  ResidentSetSize of job (KB)
...
006 (2611268.000.000) 2025-08-16 19:28:22 Image size of job updated: 1659812
	1621  -  MemoryUsage of job (MB)
	1659812  -  ResidentSetSize of job (KB)
...
006 (2611268.000.000) 2025-08-16 19:33:23 Image size of job updated: 1701268
	1662  -  MemoryUsage of job (MB)
	1701268  -  ResidentSetSize of job (KB)
...
006 (2611268.000.000) 2025-08-16 19:38:24 Image size of job updated: 1713824
	1674  -  MemoryUsage of job (MB)
	1713824  -  ResidentSetSize of job (KB)
...
006 (2611268.000.000) 2025-08-16 19:43:24 Image size of job updated: 1726956
	1687  -  MemoryUsage of job (MB)
	1726956  -  ResidentSetSize of job (KB)
...
006 (2611268.000.000) 2025-08-16 19:48:25 Image size of job updated: 1739332
	1699  -  MemoryUsage of job (MB)
	1739332  -  ResidentSetSize of job (KB)
...
006 (2611268.000.000) 2025-08-16 19:53:25 Image size of job updated: 1743140
	1703  -  MemoryUsage of job (MB)
	1743140  -  ResidentSetSize of job (KB)
...
006 (2611268.000.000) 2025-08-16 19:58:25 Image size of job updated: 1858088
	1815  -  MemoryUsage of job (MB)
	1858088  -  ResidentSetSize of job (KB)
...
006 (2611268.000.000) 2025-08-16 20:03:26 Image size of job updated: 1867432
	1824  -  MemoryUsage of job (MB)
	1867432  -  ResidentSetSize of job (KB)
...
006 (2611268.000.000) 2025-08-16 20:08:26 Image size of job updated: 1875424
	1832  -  MemoryUsage of job (MB)
	1875424  -  ResidentSetSize of job (KB)
...
006 (2611268.000.000) 2025-08-16 20:13:26 Image size of job updated: 1879040
	1835  -  MemoryUsage of job (MB)
	1879040  -  ResidentSetSize of job (KB)
...
006 (2611268.000.000) 2025-08-16 20:18:27 Image size of job updated: 1884740
	1841  -  MemoryUsage of job (MB)
	1884740  -  ResidentSetSize of job (KB)
...
006 (2611268.000.000) 2025-08-16 20:23:27 Image size of job updated: 1890128
	1846  -  MemoryUsage of job (MB)
	1890128  -  ResidentSetSize of job (KB)
...
006 (2611268.000.000) 2025-08-16 20:28:28 Image size of job updated: 2467836
	2410  -  MemoryUsage of job (MB)
	2467836  -  ResidentSetSize of job (KB)
...
006 (2611268.000.000) 2025-08-16 20:33:29 Image size of job updated: 2473908
	2416  -  MemoryUsage of job (MB)
	2473908  -  ResidentSetSize of job (KB)
...
006 (2611268.000.000) 2025-08-16 20:38:29 Image size of job updated: 2476248
	2419  -  MemoryUsage of job (MB)
	2476248  -  ResidentSetSize of job (KB)
...
006 (2611268.000.000) 2025-08-16 20:43:30 Image size of job updated: 2478272
	2421  -  MemoryUsage of job (MB)
	2478272  -  ResidentSetSize of job (KB)
...
006 (2611268.000.000) 2025-08-16 20:48:31 Image size of job updated: 2483860
	2426  -  MemoryUsage of job (MB)
	2483860  -  ResidentSetSize of job (KB)
...
006 (2611268.000.000) 2025-08-16 20:53:31 Image size of job updated: 2486944
	2429  -  MemoryUsage of job (MB)
	2486944  -  ResidentSetSize of job (KB)
...
006 (2611268.000.000) 2025-08-16 20:58:32 Image size of job updated: 2499992
	2442  -  MemoryUsage of job (MB)
	2499992  -  ResidentSetSize of job (KB)
...
006 (2611268.000.000) 2025-08-16 21:03:33 Image size of job updated: 2505976
	2448  -  MemoryUsage of job (MB)
	2505976  -  ResidentSetSize of job (KB)
...
006 (2611268.000.000) 2025-08-16 21:08:33 Image size of job updated: 2507196
	2449  -  MemoryUsage of job (MB)
	2507196  -  ResidentSetSize of job (KB)
...
006 (2611268.000.000) 2025-08-16 21:13:34 Image size of job updated: 2514600
	2456  -  MemoryUsage of job (MB)
	2514600  -  ResidentSetSize of job (KB)
...
006 (2611268.000.000) 2025-08-16 21:18:35 Image size of job updated: 2523344
	2465  -  MemoryUsage of job (MB)
	2523344  -  ResidentSetSize of job (KB)
...
006 (2611268.000.000) 2025-08-16 21:23:35 Image size of job updated: 2527584
	2469  -  MemoryUsage of job (MB)
	2527584  -  ResidentSetSize of job (KB)
...
006 (2611268.000.000) 2025-08-16 21:28:36 Image size of job updated: 2609816
	2537  -  MemoryUsage of job (MB)
	2597780  -  ResidentSetSize of job (KB)
...
006 (2611268.000.000) 2025-08-16 21:33:36 Image size of job updated: 2609816
	2542  -  MemoryUsage of job (MB)
	2602428  -  ResidentSetSize of job (KB)
...
006 (2611268.000.000) 2025-08-16 21:38:36 Image size of job updated: 2609816
	2546  -  MemoryUsage of job (MB)
	2606892  -  ResidentSetSize of job (KB)
...
006 (2611268.000.000) 2025-08-16 21:43:37 Image size of job updated: 2609816
	2549  -  MemoryUsage of job (MB)
	2609688  -  ResidentSetSize of job (KB)
...
006 (2611268.000.000) 2025-08-16 21:48:37 Image size of job updated: 2617396
	2557  -  MemoryUsage of job (MB)
	2617396  -  ResidentSetSize of job (KB)
...
006 (2611268.000.000) 2025-08-16 21:53:37 Image size of job updated: 2619372
	2558  -  MemoryUsage of job (MB)
	2619372  -  ResidentSetSize of job (KB)
...
006 (2611268.000.000) 2025-08-16 21:58:38 Image size of job updated: 2621464
	2561  -  MemoryUsage of job (MB)
	2621464  -  ResidentSetSize of job (KB)
...
006 (2611268.000.000) 2025-08-16 22:03:38 Image size of job updated: 2622756
	2562  -  MemoryUsage of job (MB)
	2622756  -  ResidentSetSize of job (KB)
...
006 (2611268.000.000) 2025-08-16 22:08:38 Image size of job updated: 2626236
	2565  -  MemoryUsage of job (MB)
	2626236  -  ResidentSetSize of job (KB)
...
006 (2611268.000.000) 2025-08-16 22:13:39 Image size of job updated: 2629212
	2568  -  MemoryUsage of job (MB)
	2629212  -  ResidentSetSize of job (KB)
...
006 (2611268.000.000) 2025-08-16 22:18:39 Image size of job updated: 2632728
	2572  -  MemoryUsage of job (MB)
	2632728  -  ResidentSetSize of job (KB)
...
006 (2611268.000.000) 2025-08-16 22:23:40 Image size of job updated: 2637256
	2576  -  MemoryUsage of job (MB)
	2637256  -  ResidentSetSize of job (KB)
...
006 (2611268.000.000) 2025-08-16 22:28:41 Image size of job updated: 2787344
	2620  -  MemoryUsage of job (MB)
	2681912  -  ResidentSetSize of job (KB)
...
006 (2611268.000.000) 2025-08-16 22:33:41 Image size of job updated: 2787344
	2621  -  MemoryUsage of job (MB)
	2682952  -  ResidentSetSize of job (KB)
...
006 (2611268.000.000) 2025-08-16 22:38:42 Image size of job updated: 2787344
	2622  -  MemoryUsage of job (MB)
	2684112  -  ResidentSetSize of job (KB)
...
006 (2611268.000.000) 2025-08-16 22:43:43 Image size of job updated: 2787344
	2622  -  MemoryUsage of job (MB)
	2684564  -  ResidentSetSize of job (KB)
...
006 (2611268.000.000) 2025-08-16 22:48:43 Image size of job updated: 2787344
	2624  -  MemoryUsage of job (MB)
	2686604  -  ResidentSetSize of job (KB)
...
006 (2611268.000.000) 2025-08-16 22:53:44 Image size of job updated: 2787344
	2625  -  MemoryUsage of job (MB)
	2687676  -  ResidentSetSize of job (KB)
...
006 (2611268.000.000) 2025-08-16 22:58:44 Image size of job updated: 2787344
	2626  -  MemoryUsage of job (MB)
	2688092  -  ResidentSetSize of job (KB)
...
006 (2611268.000.000) 2025-08-16 23:03:44 Image size of job updated: 2787344
	2627  -  MemoryUsage of job (MB)
	2689180  -  ResidentSetSize of job (KB)
...
006 (2611268.000.000) 2025-08-16 23:08:45 Image size of job updated: 2787344
	2627  -  MemoryUsage of job (MB)
	2689764  -  ResidentSetSize of job (KB)
...
006 (2611268.000.000) 2025-08-16 23:13:45 Image size of job updated: 2787344
	2629  -  MemoryUsage of job (MB)
	2691088  -  ResidentSetSize of job (KB)
...
006 (2611268.000.000) 2025-08-16 23:18:45 Image size of job updated: 2787344
	2630  -  MemoryUsage of job (MB)
	2692204  -  ResidentSetSize of job (KB)
...
006 (2611268.000.000) 2025-08-16 23:23:46 Image size of job updated: 2787344
	2630  -  MemoryUsage of job (MB)
	2692768  -  ResidentSetSize of job (KB)
...
006 (2611268.000.000) 2025-08-16 23:28:46 Image size of job updated: 2843088
	2653  -  MemoryUsage of job (MB)
	2716668  -  ResidentSetSize of job (KB)
...
006 (2611268.000.000) 2025-08-16 23:33:46 Image size of job updated: 2843088
	2654  -  MemoryUsage of job (MB)
	2717116  -  ResidentSetSize of job (KB)
...
006 (2611268.000.000) 2025-08-16 23:38:47 Image size of job updated: 2843088
	2654  -  MemoryUsage of job (MB)
	2717464  -  ResidentSetSize of job (KB)
...
006 (2611268.000.000) 2025-08-16 23:43:47 Image size of job updated: 2843088
	2655  -  MemoryUsage of job (MB)
	2718024  -  ResidentSetSize of job (KB)
...
006 (2611268.000.000) 2025-08-16 23:48:48 Image size of job updated: 2843088
	2655  -  MemoryUsage of job (MB)
	2718424  -  ResidentSetSize of job (KB)
...
006 (2611268.000.000) 2025-08-16 23:53:49 Image size of job updated: 2843088
	2656  -  MemoryUsage of job (MB)
	2718996  -  ResidentSetSize of job (KB)
...
006 (2611268.000.000) 2025-08-16 23:58:49 Image size of job updated: 2843088
	2656  -  MemoryUsage of job (MB)
	2719496  -  ResidentSetSize of job (KB)
...
006 (2611268.000.000) 2025-08-17 00:03:50 Image size of job updated: 2843088
	2657  -  MemoryUsage of job (MB)
	2720700  -  ResidentSetSize of job (KB)
...
006 (2611268.000.000) 2025-08-17 00:08:51 Image size of job updated: 2843088
	2658  -  MemoryUsage of job (MB)
	2721036  -  ResidentSetSize of job (KB)
...
006 (2611268.000.000) 2025-08-17 00:13:51 Image size of job updated: 2843088
	2658  -  MemoryUsage of job (MB)
	2721336  -  ResidentSetSize of job (KB)
...
006 (2611268.000.000) 2025-08-17 00:18:52 Image size of job updated: 2843088
	2658  -  MemoryUsage of job (MB)
	2721560  -  ResidentSetSize of job (KB)
...
006 (2611268.000.000) 2025-08-17 00:23:52 Image size of job updated: 2843088
	2659  -  MemoryUsage of job (MB)
	2721824  -  ResidentSetSize of job (KB)
...
006 (2611268.000.000) 2025-08-17 00:28:52 Image size of job updated: 2893576
	2707  -  MemoryUsage of job (MB)
	2771864  -  ResidentSetSize of job (KB)
...
006 (2611268.000.000) 2025-08-17 00:33:53 Image size of job updated: 2893576
	2737  -  MemoryUsage of job (MB)
	2802012  -  ResidentSetSize of job (KB)
...
006 (2611268.000.000) 2025-08-17 00:38:53 Image size of job updated: 2893576
	2737  -  MemoryUsage of job (MB)
	2802344  -  ResidentSetSize of job (KB)
...
006 (2611268.000.000) 2025-08-17 00:43:53 Image size of job updated: 2893576
	2738  -  MemoryUsage of job (MB)
	2803460  -  ResidentSetSize of job (KB)
...
006 (2611268.000.000) 2025-08-17 00:48:54 Image size of job updated: 2893576
	2739  -  MemoryUsage of job (MB)
	2803716  -  ResidentSetSize of job (KB)
...
006 (2611268.000.000) 2025-08-17 00:53:54 Image size of job updated: 2893576
	2739  -  MemoryUsage of job (MB)
	2804008  -  ResidentSetSize of job (KB)
...
006 (2611268.000.000) 2025-08-17 00:58:55 Image size of job updated: 2893576
	2739  -  MemoryUsage of job (MB)
	2804288  -  ResidentSetSize of job (KB)
...
006 (2611268.000.000) 2025-08-17 01:03:56 Image size of job updated: 2893576
	2739  -  MemoryUsage of job (MB)
	2804620  -  ResidentSetSize of job (KB)
...
006 (2611268.000.000) 2025-08-17 01:08:56 Image size of job updated: 2893576
	2740  -  MemoryUsage of job (MB)
	2804908  -  ResidentSetSize of job (KB)
...
006 (2611268.000.000) 2025-08-17 01:13:57 Image size of job updated: 2893576
	2740  -  MemoryUsage of job (MB)
	2805260  -  ResidentSetSize of job (KB)
...
006 (2611268.000.000) 2025-08-17 01:18:58 Image size of job updated: 2893576
	2740  -  MemoryUsage of job (MB)
	2805568  -  ResidentSetSize of job (KB)
...
006 (2611268.000.000) 2025-08-17 01:23:58 Image size of job updated: 2893576
	2741  -  MemoryUsage of job (MB)
	2805824  -  ResidentSetSize of job (KB)
...
006 (2611268.000.000) 2025-08-17 01:28:59 Image size of job updated: 2893576
	2741  -  MemoryUsage of job (MB)
	2806088  -  ResidentSetSize of job (KB)
...
006 (2611268.000.000) 2025-08-17 01:34:00 Image size of job updated: 2979416
	2804  -  MemoryUsage of job (MB)
	2870452  -  ResidentSetSize of job (KB)
...
006 (2611268.000.000) 2025-08-17 01:39:00 Image size of job updated: 2979416
	2805  -  MemoryUsage of job (MB)
	2871680  -  ResidentSetSize of job (KB)
...
006 (2611268.000.000) 2025-08-17 01:44:01 Image size of job updated: 2979416
	2805  -  MemoryUsage of job (MB)
	2871972  -  ResidentSetSize of job (KB)
...
006 (2611268.000.000) 2025-08-17 01:49:02 Image size of job updated: 2979416
	2805  -  MemoryUsage of job (MB)
	2872240  -  ResidentSetSize of job (KB)
...
006 (2611268.000.000) 2025-08-17 01:54:02 Image size of job updated: 2979416
	2806  -  MemoryUsage of job (MB)
	2872584  -  ResidentSetSize of job (KB)
...
006 (2611268.000.000) 2025-08-17 01:59:03 Image size of job updated: 2979416
	2806  -  MemoryUsage of job (MB)
	2873336  -  ResidentSetSize of job (KB)
...
006 (2611268.000.000) 2025-08-17 02:04:03 Image size of job updated: 2979416
	2807  -  MemoryUsage of job (MB)
	2873628  -  ResidentSetSize of job (KB)
...
006 (2611268.000.000) 2025-08-17 02:09:03 Image size of job updated: 2979416
	2807  -  MemoryUsage of job (MB)
	2874004  -  ResidentSetSize of job (KB)
...
006 (2611268.000.000) 2025-08-17 02:14:04 Image size of job updated: 2979416
	2807  -  MemoryUsage of job (MB)
	2874348  -  ResidentSetSize of job (KB)
...
006 (2611268.000.000) 2025-08-17 02:19:04 Image size of job updated: 2979416
	2808  -  MemoryUsage of job (MB)
	2874812  -  ResidentSetSize of job (KB)
...
006 (2611268.000.000) 2025-08-17 02:24:05 Image size of job updated: 2979416
	2808  -  MemoryUsage of job (MB)
	2875204  -  ResidentSetSize of job (KB)
...
006 (2611268.000.000) 2025-08-17 02:29:06 Image size of job updated: 2979416
	2809  -  MemoryUsage of job (MB)
	2876264  -  ResidentSetSize of job (KB)
...
006 (2611268.000.000) 2025-08-17 02:34:06 Image size of job updated: 3087000
	2843  -  MemoryUsage of job (MB)
	2910520  -  ResidentSetSize of job (KB)
...
006 (2611268.000.000) 2025-08-17 02:39:07 Image size of job updated: 3087000
	2843  -  MemoryUsage of job (MB)
	2910948  -  ResidentSetSize of job (KB)
...
006 (2611268.000.000) 2025-08-17 02:44:08 Image size of job updated: 3087000
	2844  -  MemoryUsage of job (MB)
	2911292  -  ResidentSetSize of job (KB)
...
006 (2611268.000.000) 2025-08-17 02:49:08 Image size of job updated: 3087000
	2844  -  MemoryUsage of job (MB)
	2911640  -  ResidentSetSize of job (KB)
...
006 (2611268.000.000) 2025-08-17 02:54:09 Image size of job updated: 3087000
	2844  -  MemoryUsage of job (MB)
	2911912  -  ResidentSetSize of job (KB)
...
006 (2611268.000.000) 2025-08-17 02:59:09 Image size of job updated: 3087000
	2845  -  MemoryUsage of job (MB)
	2912364  -  ResidentSetSize of job (KB)
...
006 (2611268.000.000) 2025-08-17 03:04:09 Image size of job updated: 3087000
	2845  -  MemoryUsage of job (MB)
	2912876  -  ResidentSetSize of job (KB)
...
006 (2611268.000.000) 2025-08-17 03:09:10 Image size of job updated: 3087000
	2845  -  MemoryUsage of job (MB)
	2913156  -  ResidentSetSize of job (KB)
...
006 (2611268.000.000) 2025-08-17 03:14:10 Image size of job updated: 3087000
	2846  -  MemoryUsage of job (MB)
	2913440  -  ResidentSetSize of job (KB)
...
006 (2611268.000.000) 2025-08-17 03:19:11 Image size of job updated: 3087000
	2846  -  MemoryUsage of job (MB)
	2913652  -  ResidentSetSize of job (KB)
...
006 (2611268.000.000) 2025-08-17 03:24:12 Image size of job updated: 3087000
	2846  -  MemoryUsage of job (MB)
	2913884  -  ResidentSetSize of job (KB)
...
006 (2611268.000.000) 2025-08-17 03:29:12 Image size of job updated: 3087000
	2846  -  MemoryUsage of job (MB)
	2914148  -  ResidentSetSize of job (KB)
...
006 (2611268.000.000) 2025-08-17 03:34:14 Image size of job updated: 3145520
	2902  -  MemoryUsage of job (MB)
	2971332  -  ResidentSetSize of job (KB)
...
006 (2611268.000.000) 2025-08-17 03:39:14 Image size of job updated: 3145520
	2902  -  MemoryUsage of job (MB)
	2971528  -  ResidentSetSize of job (KB)
...
006 (2611268.000.000) 2025-08-17 03:44:14 Image size of job updated: 3145520
	2903  -  MemoryUsage of job (MB)
	2971812  -  ResidentSetSize of job (KB)
...
006 (2611268.000.000) 2025-08-17 03:49:15 Image size of job updated: 3145520
	2903  -  MemoryUsage of job (MB)
	2972304  -  ResidentSetSize of job (KB)
...
006 (2611268.000.000) 2025-08-17 03:54:15 Image size of job updated: 3145520
	2903  -  MemoryUsage of job (MB)
	2972656  -  ResidentSetSize of job (KB)
...
006 (2611268.000.000) 2025-08-17 03:59:16 Image size of job updated: 3145520
	2904  -  MemoryUsage of job (MB)
	2973036  -  ResidentSetSize of job (KB)
...
006 (2611268.000.000) 2025-08-17 04:04:17 Image size of job updated: 3145520
	2904  -  MemoryUsage of job (MB)
	2973396  -  ResidentSetSize of job (KB)
...
006 (2611268.000.000) 2025-08-17 04:09:17 Image size of job updated: 3145520
	2905  -  MemoryUsage of job (MB)
	2973720  -  ResidentSetSize of job (KB)
...
006 (2611268.000.000) 2025-08-17 04:14:19 Image size of job updated: 3145520
	2905  -  MemoryUsage of job (MB)
	2974252  -  ResidentSetSize of job (KB)
...
006 (2611268.000.000) 2025-08-17 04:19:19 Image size of job updated: 3145520
	2905  -  MemoryUsage of job (MB)
	2974644  -  ResidentSetSize of job (KB)
...
006 (2611268.000.000) 2025-08-17 04:24:19 Image size of job updated: 3145520
	2906  -  MemoryUsage of job (MB)
	2974948  -  ResidentSetSize of job (KB)
...
006 (2611268.000.000) 2025-08-17 04:29:20 Image size of job updated: 3145520
	2906  -  MemoryUsage of job (MB)
	2975252  -  ResidentSetSize of job (KB)
...
006 (2611268.000.000) 2025-08-17 04:34:20 Image size of job updated: 3214316
	2950  -  MemoryUsage of job (MB)
	3020112  -  ResidentSetSize of job (KB)
...
006 (2611268.000.000) 2025-08-17 04:39:20 Image size of job updated: 3214316
	2950  -  MemoryUsage of job (MB)
	3020424  -  ResidentSetSize of job (KB)
...
006 (2611268.000.000) 2025-08-17 04:44:21 Image size of job updated: 3214316
	2950  -  MemoryUsage of job (MB)
	3020736  -  ResidentSetSize of job (KB)
...
006 (2611268.000.000) 2025-08-17 04:49:21 Image size of job updated: 3214316
	2951  -  MemoryUsage of job (MB)
	3020968  -  ResidentSetSize of job (KB)
...
006 (2611268.000.000) 2025-08-17 04:54:22 Image size of job updated: 3214316
	2951  -  MemoryUsage of job (MB)
	3021264  -  ResidentSetSize of job (KB)
...
006 (2611268.000.000) 2025-08-17 04:59:23 Image size of job updated: 3214316
	2951  -  MemoryUsage of job (MB)
	3021492  -  ResidentSetSize of job (KB)
...
006 (2611268.000.000) 2025-08-17 05:04:23 Image size of job updated: 3214316
	2951  -  MemoryUsage of job (MB)
	3021772  -  ResidentSetSize of job (KB)
...
006 (2611268.000.000) 2025-08-17 05:09:24 Image size of job updated: 3214316
	2952  -  MemoryUsage of job (MB)
	3022052  -  ResidentSetSize of job (KB)
...
006 (2611268.000.000) 2025-08-17 05:14:24 Image size of job updated: 3214316
	2952  -  MemoryUsage of job (MB)
	3022416  -  ResidentSetSize of job (KB)
...
006 (2611268.000.000) 2025-08-17 05:19:25 Image size of job updated: 3214316
	2954  -  MemoryUsage of job (MB)
	3024084  -  ResidentSetSize of job (KB)
...
006 (2611268.000.000) 2025-08-17 05:24:26 Image size of job updated: 3214316
	2954  -  MemoryUsage of job (MB)
	3024468  -  ResidentSetSize of job (KB)
...
006 (2611268.000.000) 2025-08-17 05:29:26 Image size of job updated: 3214316
	2954  -  MemoryUsage of job (MB)
	3024736  -  ResidentSetSize of job (KB)
...
006 (2611268.000.000) 2025-08-17 05:34:27 Image size of job updated: 3308684
	2957  -  MemoryUsage of job (MB)
	3027328  -  ResidentSetSize of job (KB)
...
006 (2611268.000.000) 2025-08-17 05:39:28 Image size of job updated: 3308684
	2957  -  MemoryUsage of job (MB)
	3027560  -  ResidentSetSize of job (KB)
...
006 (2611268.000.000) 2025-08-17 05:44:28 Image size of job updated: 3308684
	2957  -  MemoryUsage of job (MB)
	3027832  -  ResidentSetSize of job (KB)
...
006 (2611268.000.000) 2025-08-17 05:49:29 Image size of job updated: 3308684
	2958  -  MemoryUsage of job (MB)
	3028128  -  ResidentSetSize of job (KB)
...
006 (2611268.000.000) 2025-08-17 05:54:29 Image size of job updated: 3308684
	2958  -  MemoryUsage of job (MB)
	3028388  -  ResidentSetSize of job (KB)
...
006 (2611268.000.000) 2025-08-17 05:59:29 Image size of job updated: 3308684
	2958  -  MemoryUsage of job (MB)
	3028624  -  ResidentSetSize of job (KB)
...
006 (2611268.000.000) 2025-08-17 06:04:30 Image size of job updated: 3308684
	2958  -  MemoryUsage of job (MB)
	3028876  -  ResidentSetSize of job (KB)
...
006 (2611268.000.000) 2025-08-17 06:09:30 Image size of job updated: 3308684
	2959  -  MemoryUsage of job (MB)
	3029088  -  ResidentSetSize of job (KB)
...
006 (2611268.000.000) 2025-08-17 06:14:31 Image size of job updated: 3308684
	2960  -  MemoryUsage of job (MB)
	3030104  -  ResidentSetSize of job (KB)
...
006 (2611268.000.000) 2025-08-17 06:19:32 Image size of job updated: 3308684
	2960  -  MemoryUsage of job (MB)
	3030372  -  ResidentSetSize of job (KB)
...
006 (2611268.000.000) 2025-08-17 06:24:32 Image size of job updated: 3308684
	2961  -  MemoryUsage of job (MB)
	3031428  -  ResidentSetSize of job (KB)
...
006 (2611268.000.000) 2025-08-17 06:29:33 Image size of job updated: 3308684
	2961  -  MemoryUsage of job (MB)
	3031700  -  ResidentSetSize of job (KB)
...
006 (2611268.000.000) 2025-08-17 06:34:33 Image size of job updated: 3308684
	3006  -  MemoryUsage of job (MB)
	3077612  -  ResidentSetSize of job (KB)
...
006 (2611268.000.000) 2025-08-17 07:39:41 Image size of job updated: 3391720
	3060  -  MemoryUsage of job (MB)
	3132644  -  ResidentSetSize of job (KB)
...
006 (2611268.000.000) 2025-08-17 07:44:41 Image size of job updated: 3391720
	3060  -  MemoryUsage of job (MB)
	3132900  -  ResidentSetSize of job (KB)
...
006 (2611268.000.000) 2025-08-17 07:54:42 Image size of job updated: 3391720
	3060  -  MemoryUsage of job (MB)
	3133120  -  ResidentSetSize of job (KB)
...
006 (2611268.000.000) 2025-08-17 07:59:42 Image size of job updated: 3391720
	3060  -  MemoryUsage of job (MB)
	3133348  -  ResidentSetSize of job (KB)
...
006 (2611268.000.000) 2025-08-17 08:04:42 Image size of job updated: 3391720
	3061  -  MemoryUsage of job (MB)
	3133568  -  ResidentSetSize of job (KB)
...
006 (2611268.000.000) 2025-08-17 08:09:43 Image size of job updated: 3391720
	3061  -  MemoryUsage of job (MB)
	3133872  -  ResidentSetSize of job (KB)
...
006 (2611268.000.000) 2025-08-17 08:14:43 Image size of job updated: 3391720
	3061  -  MemoryUsage of job (MB)
	3134228  -  ResidentSetSize of job (KB)
...
006 (2611268.000.000) 2025-08-17 08:19:43 Image size of job updated: 3391720
	3062  -  MemoryUsage of job (MB)
	3134512  -  ResidentSetSize of job (KB)
...
006 (2611268.000.000) 2025-08-17 08:24:44 Image size of job updated: 3391720
	3063  -  MemoryUsage of job (MB)
	3135512  -  ResidentSetSize of job (KB)
...
006 (2611268.000.000) 2025-08-17 08:29:44 Image size of job updated: 3391720
	3063  -  MemoryUsage of job (MB)
	3135736  -  ResidentSetSize of job (KB)
...
006 (2611268.000.000) 2025-08-17 08:34:45 Image size of job updated: 3391720
	3063  -  MemoryUsage of job (MB)
	3136048  -  ResidentSetSize of job (KB)
...
006 (2611268.000.000) 2025-08-17 08:39:45 Image size of job updated: 3401468
	3116  -  MemoryUsage of job (MB)
	3190260  -  ResidentSetSize of job (KB)
...
006 (2611268.000.000) 2025-08-17 08:44:45 Image size of job updated: 3401468
	3120  -  MemoryUsage of job (MB)
	3194668  -  ResidentSetSize of job (KB)
...
006 (2611268.000.000) 2025-08-17 08:49:46 Image size of job updated: 3401468
	3138  -  MemoryUsage of job (MB)
	3212912  -  ResidentSetSize of job (KB)
...
006 (2611268.000.000) 2025-08-17 08:54:46 Image size of job updated: 3401468
	3141  -  MemoryUsage of job (MB)
	3215368  -  ResidentSetSize of job (KB)
...
006 (2611268.000.000) 2025-08-17 08:59:47 Image size of job updated: 3401468
	3141  -  MemoryUsage of job (MB)
	3215504  -  ResidentSetSize of job (KB)
...
006 (2611268.000.000) 2025-08-17 09:04:48 Image size of job updated: 3401468
	3141  -  MemoryUsage of job (MB)
	3215788  -  ResidentSetSize of job (KB)
...
006 (2611268.000.000) 2025-08-17 09:09:48 Image size of job updated: 3401468
	3142  -  MemoryUsage of job (MB)
	3216620  -  ResidentSetSize of job (KB)
...
006 (2611268.000.000) 2025-08-17 09:14:49 Image size of job updated: 3401468
	3142  -  MemoryUsage of job (MB)
	3216816  -  ResidentSetSize of job (KB)
...
006 (2611268.000.000) 2025-08-17 09:19:50 Image size of job updated: 3401468
	3142  -  MemoryUsage of job (MB)
	3217020  -  ResidentSetSize of job (KB)
...
006 (2611268.000.000) 2025-08-17 09:24:50 Image size of job updated: 3401468
	3142  -  MemoryUsage of job (MB)
	3217184  -  ResidentSetSize of job (KB)
...
006 (2611268.000.000) 2025-08-17 09:29:51 Image size of job updated: 3401468
	3142  -  MemoryUsage of job (MB)
	3217352  -  ResidentSetSize of job (KB)
...
006 (2611268.000.000) 2025-08-17 09:34:51 Image size of job updated: 3401468
	3143  -  MemoryUsage of job (MB)
	3217496  -  ResidentSetSize of job (KB)
...
006 (2611268.000.000) 2025-08-17 09:39:52 Image size of job updated: 3485072
	3177  -  MemoryUsage of job (MB)
	3252308  -  ResidentSetSize of job (KB)
...
006 (2611268.000.000) 2025-08-17 10:09:55 Image size of job updated: 3485072
	3177  -  MemoryUsage of job (MB)
	3252452  -  ResidentSetSize of job (KB)
...
006 (2611268.000.000) 2025-08-17 10:14:55 Image size of job updated: 3485072
	3177  -  MemoryUsage of job (MB)
	3252588  -  ResidentSetSize of job (KB)
...
006 (2611268.000.000) 2025-08-17 10:19:56 Image size of job updated: 3485072
	3177  -  MemoryUsage of job (MB)
	3252920  -  ResidentSetSize of job (KB)
...
006 (2611268.000.000) 2025-08-17 10:24:57 Image size of job updated: 3485072
	3177  -  MemoryUsage of job (MB)
	3253092  -  ResidentSetSize of job (KB)
...
006 (2611268.000.000) 2025-08-17 10:29:57 Image size of job updated: 3485072
	3179  -  MemoryUsage of job (MB)
	3254492  -  ResidentSetSize of job (KB)
...
006 (2611268.000.000) 2025-08-17 10:34:58 Image size of job updated: 3485072
	3179  -  MemoryUsage of job (MB)
	3254696  -  ResidentSetSize of job (KB)
...
006 (2611268.000.000) 2025-08-17 10:39:58 Image size of job updated: 3595600
	3179  -  MemoryUsage of job (MB)
	3254696  -  ResidentSetSize of job (KB)
...
006 (2611268.000.000) 2025-08-17 10:44:59 Image size of job updated: 3595600
	3216  -  MemoryUsage of job (MB)
	3292832  -  ResidentSetSize of job (KB)
...
006 (2611268.000.000) 2025-08-17 10:50:00 Image size of job updated: 3595600
	3216  -  MemoryUsage of job (MB)
	3292952  -  ResidentSetSize of job (KB)
...
006 (2611268.000.000) 2025-08-17 10:55:00 Image size of job updated: 3595600
	3216  -  MemoryUsage of job (MB)
	3293076  -  ResidentSetSize of job (KB)
...
006 (2611268.000.000) 2025-08-17 11:00:01 Image size of job updated: 3595600
	3218  -  MemoryUsage of job (MB)
	3294904  -  ResidentSetSize of job (KB)
...
006 (2611268.000.000) 2025-08-17 11:05:01 Image size of job updated: 3595600
	3218  -  MemoryUsage of job (MB)
	3295088  -  ResidentSetSize of job (KB)
...
006 (2611268.000.000) 2025-08-17 11:10:01 Image size of job updated: 3595600
	3219  -  MemoryUsage of job (MB)
	3295404  -  ResidentSetSize of job (KB)
...
006 (2611268.000.000) 2025-08-17 11:15:02 Image size of job updated: 3595600
	3221  -  MemoryUsage of job (MB)
	3297980  -  ResidentSetSize of job (KB)
...
006 (2611268.000.000) 2025-08-17 11:20:02 Image size of job updated: 3595600
	3222  -  MemoryUsage of job (MB)
	3298856  -  ResidentSetSize of job (KB)
...
006 (2611268.000.000) 2025-08-17 11:25:03 Image size of job updated: 3595600
	3223  -  MemoryUsage of job (MB)
	3299640  -  ResidentSetSize of job (KB)
...
006 (2611268.000.000) 2025-08-17 11:30:03 Image size of job updated: 3595600
	3224  -  MemoryUsage of job (MB)
	3300952  -  ResidentSetSize of job (KB)
...
006 (2611268.000.000) 2025-08-17 11:35:03 Image size of job updated: 3595600
	3224  -  MemoryUsage of job (MB)
	3301184  -  ResidentSetSize of job (KB)
...
006 (2611268.000.000) 2025-08-17 11:45:04 Image size of job updated: 3653776
	3285  -  MemoryUsage of job (MB)
	3363432  -  ResidentSetSize of job (KB)
...
006 (2611268.000.000) 2025-08-17 11:50:05 Image size of job updated: 3653776
	3285  -  MemoryUsage of job (MB)
	3363564  -  ResidentSetSize of job (KB)
...
006 (2611268.000.000) 2025-08-17 11:55:05 Image size of job updated: 3653776
	3287  -  MemoryUsage of job (MB)
	3365552  -  ResidentSetSize of job (KB)
...
006 (2611268.000.000) 2025-08-17 12:00:06 Image size of job updated: 3653776
	3287  -  MemoryUsage of job (MB)
	3365708  -  ResidentSetSize of job (KB)
...
006 (2611268.000.000) 2025-08-17 12:05:06 Image size of job updated: 3653776
	3287  -  MemoryUsage of job (MB)
	3365880  -  ResidentSetSize of job (KB)
...
006 (2611268.000.000) 2025-08-17 12:10:07 Image size of job updated: 3653776
	3289  -  MemoryUsage of job (MB)
	3367252  -  ResidentSetSize of job (KB)
...
006 (2611268.000.000) 2025-08-17 12:15:07 Image size of job updated: 3653776
	3289  -  MemoryUsage of job (MB)
	3367388  -  ResidentSetSize of job (KB)
...
006 (2611268.000.000) 2025-08-17 12:20:08 Image size of job updated: 3653776
	3289  -  MemoryUsage of job (MB)
	3367504  -  ResidentSetSize of job (KB)
...
006 (2611268.000.000) 2025-08-17 12:25:08 Image size of job updated: 3653776
	3292  -  MemoryUsage of job (MB)
	3370604  -  ResidentSetSize of job (KB)
...
006 (2611268.000.000) 2025-08-17 12:30:09 Image size of job updated: 3653776
	3292  -  MemoryUsage of job (MB)
	3370724  -  ResidentSetSize of job (KB)
...
006 (2611268.000.000) 2025-08-17 12:35:09 Image size of job updated: 3653776
	3292  -  MemoryUsage of job (MB)
	3370884  -  ResidentSetSize of job (KB)
...
006 (2611268.000.000) 2025-08-17 12:40:10 Image size of job updated: 3653776
	3294  -  MemoryUsage of job (MB)
	3372176  -  ResidentSetSize of job (KB)
...
006 (2611268.000.000) 2025-08-17 12:45:10 Image size of job updated: 3707432
	3319  -  MemoryUsage of job (MB)
	3398404  -  ResidentSetSize of job (KB)
...
006 (2611268.000.000) 2025-08-17 12:50:11 Image size of job updated: 3707432
	3319  -  MemoryUsage of job (MB)
	3398512  -  ResidentSetSize of job (KB)
...
006 (2611268.000.000) 2025-08-17 12:55:11 Image size of job updated: 3707432
	3322  -  MemoryUsage of job (MB)
	3400872  -  ResidentSetSize of job (KB)
...
006 (2611268.000.000) 2025-08-17 13:00:12 Image size of job updated: 3707432
	3322  -  MemoryUsage of job (MB)
	3400992  -  ResidentSetSize of job (KB)
...
006 (2611268.000.000) 2025-08-17 13:05:12 Image size of job updated: 3707432
	3322  -  MemoryUsage of job (MB)
	3401080  -  ResidentSetSize of job (KB)
...
006 (2611268.000.000) 2025-08-17 13:10:13 Image size of job updated: 3707432
	3324  -  MemoryUsage of job (MB)
	3403256  -  ResidentSetSize of job (KB)
...
006 (2611268.000.000) 2025-08-17 13:15:13 Image size of job updated: 3707432
	3324  -  MemoryUsage of job (MB)
	3403384  -  ResidentSetSize of job (KB)
...
006 (2611268.000.000) 2025-08-17 13:20:14 Image size of job updated: 3707432
	3324  -  MemoryUsage of job (MB)
	3403668  -  ResidentSetSize of job (KB)
...
006 (2611268.000.000) 2025-08-17 13:25:14 Image size of job updated: 3707432
	3326  -  MemoryUsage of job (MB)
	3405488  -  ResidentSetSize of job (KB)
...
006 (2611268.000.000) 2025-08-17 13:30:15 Image size of job updated: 3707432
	3326  -  MemoryUsage of job (MB)
	3405564  -  ResidentSetSize of job (KB)
...
006 (2611268.000.000) 2025-08-17 13:35:15 Image size of job updated: 3707432
	3328  -  MemoryUsage of job (MB)
	3406892  -  ResidentSetSize of job (KB)
...
006 (2611268.000.000) 2025-08-17 13:40:16 Image size of job updated: 3707432
	3328  -  MemoryUsage of job (MB)
	3407032  -  ResidentSetSize of job (KB)
...
006 (2611268.000.000) 2025-08-17 13:45:16 Image size of job updated: 3793940
	3330  -  MemoryUsage of job (MB)
	3409732  -  ResidentSetSize of job (KB)
...
006 (2611268.000.000) 2025-08-17 13:50:17 Image size of job updated: 3793940
	3331  -  MemoryUsage of job (MB)
	3410020  -  ResidentSetSize of job (KB)
...
006 (2611268.000.000) 2025-08-17 13:55:17 Image size of job updated: 3793940
	3331  -  MemoryUsage of job (MB)
	3410128  -  ResidentSetSize of job (KB)
...
006 (2611268.000.000) 2025-08-17 14:05:18 Image size of job updated: 3793940
	3331  -  MemoryUsage of job (MB)
	3410472  -  ResidentSetSize of job (KB)
...
006 (2611268.000.000) 2025-08-17 14:10:19 Image size of job updated: 3793940
	3331  -  MemoryUsage of job (MB)
	3410612  -  ResidentSetSize of job (KB)
...
006 (2611268.000.000) 2025-08-17 14:15:19 Image size of job updated: 3793940
	3331  -  MemoryUsage of job (MB)
	3410732  -  ResidentSetSize of job (KB)
...
006 (2611268.000.000) 2025-08-17 14:20:20 Image size of job updated: 3793940
	3333  -  MemoryUsage of job (MB)
	3412960  -  ResidentSetSize of job (KB)
...
006 (2611268.000.000) 2025-08-17 14:25:20 Image size of job updated: 3793940
	3334  -  MemoryUsage of job (MB)
	3413092  -  ResidentSetSize of job (KB)
...
006 (2611268.000.000) 2025-08-17 14:30:21 Image size of job updated: 3793940
	3334  -  MemoryUsage of job (MB)
	3413228  -  ResidentSetSize of job (KB)
...
006 (2611268.000.000) 2025-08-17 14:35:22 Image size of job updated: 3793940
	3336  -  MemoryUsage of job (MB)
	3415624  -  ResidentSetSize of job (KB)
...
006 (2611268.000.000) 2025-08-17 14:40:22 Image size of job updated: 3793940
	3336  -  MemoryUsage of job (MB)
	3415740  -  ResidentSetSize of job (KB)
...
006 (2611268.000.000) 2025-08-17 15:05:25 Image size of job updated: 3793940
	3336  -  MemoryUsage of job (MB)
	3415836  -  ResidentSetSize of job (KB)
...
006 (2611268.000.000) 2025-08-17 15:10:26 Image size of job updated: 3793940
	3336  -  MemoryUsage of job (MB)
	3415984  -  ResidentSetSize of job (KB)
...
006 (2611268.000.000) 2025-08-17 15:15:26 Image size of job updated: 3793940
	3339  -  MemoryUsage of job (MB)
	3418156  -  ResidentSetSize of job (KB)
...
006 (2611268.000.000) 2025-08-17 15:20:27 Image size of job updated: 3793940
	3339  -  MemoryUsage of job (MB)
	3418332  -  ResidentSetSize of job (KB)
...
006 (2611268.000.000) 2025-08-17 15:25:27 Image size of job updated: 3793940
	3339  -  MemoryUsage of job (MB)
	3418480  -  ResidentSetSize of job (KB)
...
006 (2611268.000.000) 2025-08-17 15:30:27 Image size of job updated: 3793940
	3342  -  MemoryUsage of job (MB)
	3421560  -  ResidentSetSize of job (KB)
...
006 (2611268.000.000) 2025-08-17 15:35:28 Image size of job updated: 3793940
	3342  -  MemoryUsage of job (MB)
	3421736  -  ResidentSetSize of job (KB)
...
006 (2611268.000.000) 2025-08-17 15:40:28 Image size of job updated: 3793940
	3342  -  MemoryUsage of job (MB)
	3421852  -  ResidentSetSize of job (KB)
...
006 (2611268.000.000) 2025-08-17 15:45:29 Image size of job updated: 3793940
	3345  -  MemoryUsage of job (MB)
	3424876  -  ResidentSetSize of job (KB)
...
006 (2611268.000.000) 2025-08-17 15:50:29 Image size of job updated: 3793940
	3368  -  MemoryUsage of job (MB)
	3448156  -  ResidentSetSize of job (KB)
...
006 (2611268.000.000) 2025-08-17 16:00:30 Image size of job updated: 3793940
	3370  -  MemoryUsage of job (MB)
	3450212  -  ResidentSetSize of job (KB)
...
006 (2611268.000.000) 2025-08-17 16:05:30 Image size of job updated: 3793940
	3370  -  MemoryUsage of job (MB)
	3450308  -  ResidentSetSize of job (KB)
...
006 (2611268.000.000) 2025-08-17 16:10:31 Image size of job updated: 3793940
	3370  -  MemoryUsage of job (MB)
	3450436  -  ResidentSetSize of job (KB)
...
006 (2611268.000.000) 2025-08-17 16:15:31 Image size of job updated: 3793940
	3371  -  MemoryUsage of job (MB)
	3451752  -  ResidentSetSize of job (KB)
...
006 (2611268.000.000) 2025-08-17 16:20:31 Image size of job updated: 3793940
	3371  -  MemoryUsage of job (MB)
	3451848  -  ResidentSetSize of job (KB)
...
006 (2611268.000.000) 2025-08-17 16:25:32 Image size of job updated: 3793940
	3372  -  MemoryUsage of job (MB)
	3452924  -  ResidentSetSize of job (KB)
...
006 (2611268.000.000) 2025-08-17 16:30:32 Image size of job updated: 3793940
	3375  -  MemoryUsage of job (MB)
	3454988  -  ResidentSetSize of job (KB)
...
006 (2611268.000.000) 2025-08-17 16:35:33 Image size of job updated: 3793940
	3375  -  MemoryUsage of job (MB)
	3455096  -  ResidentSetSize of job (KB)
...
006 (2611268.000.000) 2025-08-17 16:40:33 Image size of job updated: 3793940
	3376  -  MemoryUsage of job (MB)
	3456408  -  ResidentSetSize of job (KB)
...
006 (2611268.000.000) 2025-08-17 16:45:34 Image size of job updated: 3793940
	3376  -  MemoryUsage of job (MB)
	3456516  -  ResidentSetSize of job (KB)
...
006 (2611268.000.000) 2025-08-17 16:50:35 Image size of job updated: 3793940
	3458  -  MemoryUsage of job (MB)
	3540284  -  ResidentSetSize of job (KB)
...
006 (2611268.000.000) 2025-08-17 16:55:35 Image size of job updated: 3793940
	3459  -  MemoryUsage of job (MB)
	3541584  -  ResidentSetSize of job (KB)
...
006 (2611268.000.000) 2025-08-17 17:00:36 Image size of job updated: 3793940
	3459  -  MemoryUsage of job (MB)
	3541668  -  ResidentSetSize of job (KB)
...
006 (2611268.000.000) 2025-08-17 17:05:36 Image size of job updated: 3793940
	3459  -  MemoryUsage of job (MB)
	3541768  -  ResidentSetSize of job (KB)
...
006 (2611268.000.000) 2025-08-17 17:10:37 Image size of job updated: 3793940
	3461  -  MemoryUsage of job (MB)
	3543064  -  ResidentSetSize of job (KB)
...
006 (2611268.000.000) 2025-08-17 17:15:37 Image size of job updated: 3793940
	3461  -  MemoryUsage of job (MB)
	3543164  -  ResidentSetSize of job (KB)
...
006 (2611268.000.000) 2025-08-17 17:20:38 Image size of job updated: 3793940
	3461  -  MemoryUsage of job (MB)
	3543224  -  ResidentSetSize of job (KB)
...
006 (2611268.000.000) 2025-08-17 17:25:39 Image size of job updated: 3793940
	3462  -  MemoryUsage of job (MB)
	3544480  -  ResidentSetSize of job (KB)
...
006 (2611268.000.000) 2025-08-17 17:30:39 Image size of job updated: 3793940
	3462  -  MemoryUsage of job (MB)
	3544544  -  ResidentSetSize of job (KB)
...
006 (2611268.000.000) 2025-08-17 17:35:40 Image size of job updated: 3793940
	3462  -  MemoryUsage of job (MB)
	3544628  -  ResidentSetSize of job (KB)
...
006 (2611268.000.000) 2025-08-17 17:40:40 Image size of job updated: 3793940
	3463  -  MemoryUsage of job (MB)
	3545940  -  ResidentSetSize of job (KB)
...
006 (2611268.000.000) 2025-08-17 17:45:41 Image size of job updated: 3793940
	3463  -  MemoryUsage of job (MB)
	3546084  -  ResidentSetSize of job (KB)
...
006 (2611268.000.000) 2025-08-17 17:50:41 Image size of job updated: 3838156
	3499  -  MemoryUsage of job (MB)
	3581956  -  ResidentSetSize of job (KB)
...
006 (2611268.000.000) 2025-08-17 17:55:42 Image size of job updated: 3838156
	3500  -  MemoryUsage of job (MB)
	3583304  -  ResidentSetSize of job (KB)
...
006 (2611268.000.000) 2025-08-17 18:00:42 Image size of job updated: 3838156
	3500  -  MemoryUsage of job (MB)
	3583404  -  ResidentSetSize of job (KB)
...
006 (2611268.000.000) 2025-08-17 18:05:42 Image size of job updated: 3838156
	3501  -  MemoryUsage of job (MB)
	3584668  -  ResidentSetSize of job (KB)
...
006 (2611268.000.000) 2025-08-17 18:10:43 Image size of job updated: 3838156
	3501  -  MemoryUsage of job (MB)
	3584792  -  ResidentSetSize of job (KB)
...
006 (2611268.000.000) 2025-08-17 18:15:43 Image size of job updated: 3838156
	3501  -  MemoryUsage of job (MB)
	3584904  -  ResidentSetSize of job (KB)
...
006 (2611268.000.000) 2025-08-17 18:20:44 Image size of job updated: 3838156
	3503  -  MemoryUsage of job (MB)
	3586204  -  ResidentSetSize of job (KB)
...
006 (2611268.000.000) 2025-08-17 18:25:44 Image size of job updated: 3838156
	3503  -  MemoryUsage of job (MB)
	3586340  -  ResidentSetSize of job (KB)
...
006 (2611268.000.000) 2025-08-17 18:30:44 Image size of job updated: 3838156
	3503  -  MemoryUsage of job (MB)
	3586460  -  ResidentSetSize of job (KB)
...
006 (2611268.000.000) 2025-08-17 18:35:45 Image size of job updated: 3838156
	3504  -  MemoryUsage of job (MB)
	3587832  -  ResidentSetSize of job (KB)
...
006 (2611268.000.000) 2025-08-17 18:40:45 Image size of job updated: 3838156
	3504  -  MemoryUsage of job (MB)
	3587968  -  ResidentSetSize of job (KB)
...
006 (2611268.000.000) 2025-08-17 18:45:45 Image size of job updated: 3838156
	3505  -  MemoryUsage of job (MB)
	3588192  -  ResidentSetSize of job (KB)
...
006 (2611268.000.000) 2025-08-17 18:50:46 Image size of job updated: 3966520
	3505  -  MemoryUsage of job (MB)
	3588192  -  ResidentSetSize of job (KB)
...
006 (2611268.000.000) 2025-08-17 19:55:53 Image size of job updated: 3966520
	3548  -  MemoryUsage of job (MB)
	3632892  -  ResidentSetSize of job (KB)
...
006 (2611268.000.000) 2025-08-17 20:00:54 Image size of job updated: 3966520
	3549  -  MemoryUsage of job (MB)
	3634144  -  ResidentSetSize of job (KB)
...
006 (2611268.000.000) 2025-08-17 20:05:54 Image size of job updated: 3966520
	3550  -  MemoryUsage of job (MB)
	3634244  -  ResidentSetSize of job (KB)
...
006 (2611268.000.000) 2025-08-17 20:10:55 Image size of job updated: 3966520
	3550  -  MemoryUsage of job (MB)
	3634340  -  ResidentSetSize of job (KB)
...
006 (2611268.000.000) 2025-08-17 20:15:56 Image size of job updated: 3966520
	3552  -  MemoryUsage of job (MB)
	3636416  -  ResidentSetSize of job (KB)
...
006 (2611268.000.000) 2025-08-17 20:20:56 Image size of job updated: 3966520
	3552  -  MemoryUsage of job (MB)
	3636552  -  ResidentSetSize of job (KB)
...
006 (2611268.000.000) 2025-08-17 20:25:57 Image size of job updated: 3966520
	3552  -  MemoryUsage of job (MB)
	3636644  -  ResidentSetSize of job (KB)
...
006 (2611268.000.000) 2025-08-17 20:30:58 Image size of job updated: 3966520
	3555  -  MemoryUsage of job (MB)
	3639684  -  ResidentSetSize of job (KB)
...
006 (2611268.000.000) 2025-08-17 20:35:58 Image size of job updated: 3966520
	3555  -  MemoryUsage of job (MB)
	3639808  -  ResidentSetSize of job (KB)
...
006 (2611268.000.000) 2025-08-17 20:40:59 Image size of job updated: 3966520
	3555  -  MemoryUsage of job (MB)
	3639912  -  ResidentSetSize of job (KB)
...
006 (2611268.000.000) 2025-08-17 20:45:59 Image size of job updated: 3966520
	3556  -  MemoryUsage of job (MB)
	3641324  -  ResidentSetSize of job (KB)
...
006 (2611268.000.000) 2025-08-17 20:50:59 Image size of job updated: 3966520
	3557  -  MemoryUsage of job (MB)
	3641412  -  ResidentSetSize of job (KB)
...
006 (2611268.000.000) 2025-08-17 20:56:00 Image size of job updated: 3966520
	3583  -  MemoryUsage of job (MB)
	3668080  -  ResidentSetSize of job (KB)
...
006 (2611268.000.000) 2025-08-17 21:01:00 Image size of job updated: 3966520
	3584  -  MemoryUsage of job (MB)
	3669380  -  ResidentSetSize of job (KB)
...
006 (2611268.000.000) 2025-08-17 21:06:01 Image size of job updated: 3966520
	3584  -  MemoryUsage of job (MB)
	3669504  -  ResidentSetSize of job (KB)
...
006 (2611268.000.000) 2025-08-17 21:11:02 Image size of job updated: 3966520
	3585  -  MemoryUsage of job (MB)
	3670820  -  ResidentSetSize of job (KB)
...
006 (2611268.000.000) 2025-08-17 21:16:02 Image size of job updated: 3966520
	3585  -  MemoryUsage of job (MB)
	3670932  -  ResidentSetSize of job (KB)
...
006 (2611268.000.000) 2025-08-17 21:21:03 Image size of job updated: 3966520
	3585  -  MemoryUsage of job (MB)
	3671040  -  ResidentSetSize of job (KB)
...
006 (2611268.000.000) 2025-08-17 21:24:29 Image size of job updated: 4063792
	3585  -  MemoryUsage of job (MB)
	3671040  -  ResidentSetSize of job (KB)
...
005 (2611268.000.000) 2025-08-17 21:24:29 Job terminated.
	(1) Normal termination (return value 0)
		Usr 44 14:20:08, Sys 0 00:13:57  -  Run Remote Usage
		Usr 0 00:00:00, Sys 0 00:00:00  -  Run Local Usage
		Usr 44 14:20:08, Sys 0 00:13:57  -  Total Remote Usage
		Usr 0 00:00:00, Sys 0 00:00:00  -  Total Local Usage
	0  -  Run Bytes Sent By Job
	0  -  Run Bytes Received By Job
	0  -  Total Bytes Sent By Job
	0  -  Total Bytes Received By Job
	Partitionable Resources :    Usage  Request Allocated 
	   Cpus                 :     1.00       64        64 
	   Disk (KB)            : 17500    16777216  16790397 
	   GPUs                 :                           0 
	   Memory (MB)          :  3585       16384     16384 
	   TimeExecute (s)      : 93681                       
	   TimeSlotBusy (s)     : 93681                       

	Job terminated of its own accord at 2025-08-17T19:24:29Z with exit-code 0.
...
