000 (2578614.000.000) 2025-08-04 14:55:56 Job submitted from host: <145.107.7.246:9618?addrs=145.107.7.246-9618+[2a07-8500-120-e070--3f6]-9618&alias=taai-007.nikhef.nl&noUDP&sock=schedd_2614_90a7>
    DAG Node: run_c
...
009 (2578614.000.000) 2025-08-04 14:56:20 Job was aborted.
	via condor_rm (by user twouters)
...
000 (2578629.000.000) 2025-08-04 14:58:13 Job submitted from host: <145.107.7.246:9618?addrs=145.107.7.246-9618+[2a07-8500-120-e070--3f6]-9618&alias=taai-007.nikhef.nl&noUDP&sock=schedd_2614_90a7>
    DAG Node: run_c
...
001 (2578629.000.000) 2025-08-04 14:58:45 Job executing on host: <145.107.5.49:9618?addrs=145.107.5.49-9618+[2a07-8500-120-e070--531]-9618&alias=wn-lot-049.nikhef.nl&noUDP&sock=startd_1940_41d2>
	SlotName: slot1_1@wn-lot-049.nikhef.nl
	CondorScratchDir = "/scratch/condor_execute/dir_792127"
	Cpus = 64
	Disk = 16780524
	GPUs = 0
	Memory = 16384
...
006 (2578629.000.000) 2025-08-04 14:58:59 Image size of job updated: 239884
	235  -  MemoryUsage of job (MB)
	239884  -  ResidentSetSize of job (KB)
...
006 (2578629.000.000) 2025-08-04 15:03:59 Image size of job updated: 1604968
	1568  -  MemoryUsage of job (MB)
	1604968  -  ResidentSetSize of job (KB)
...
006 (2578629.000.000) 2025-08-04 15:08:59 Image size of job updated: 1643576
	1606  -  MemoryUsage of job (MB)
	1643576  -  ResidentSetSize of job (KB)
...
006 (2578629.000.000) 2025-08-04 15:14:00 Image size of job updated: 1658372
	1610  -  MemoryUsage of job (MB)
	1647820  -  ResidentSetSize of job (KB)
...
006 (2578629.000.000) 2025-08-04 16:19:07 Image size of job updated: 1665836
	1627  -  MemoryUsage of job (MB)
	1665836  -  ResidentSetSize of job (KB)
...
000 (2578761.000.000) 2025-08-04 18:58:16 Job submitted from host: <145.107.7.246:9618?addrs=145.107.7.246-9618+[2a07-8500-120-e070--3f6]-9618&alias=taai-007.nikhef.nl&noUDP&sock=schedd_2614_90a7>
    DAG Node: run_c
...
001 (2578761.000.000) 2025-08-04 18:58:52 Job executing on host: <145.107.5.54:9618?addrs=145.107.5.54-9618+[2a07-8500-120-e070--536]-9618&alias=wn-lot-054.nikhef.nl&noUDP&sock=startd_1930_65df>
	SlotName: slot1_1@wn-lot-054.nikhef.nl
	CondorScratchDir = "/scratch/condor_execute/dir_729383"
	Cpus = 64
	Disk = 16780558
	GPUs = 0
	Memory = 16384
...
006 (2578761.000.000) 2025-08-04 18:59:05 Image size of job updated: 271456
	266  -  MemoryUsage of job (MB)
	271456  -  ResidentSetSize of job (KB)
...
006 (2578629.000.000) 2025-08-04 18:59:21 Image size of job updated: 1813604
	1772  -  MemoryUsage of job (MB)
	1813604  -  ResidentSetSize of job (KB)
...
006 (2578761.000.000) 2025-08-04 19:04:05 Image size of job updated: 1593036
	1556  -  MemoryUsage of job (MB)
	1593036  -  ResidentSetSize of job (KB)
...
000 (2578775.000.000) 2025-08-04 19:06:41 Job submitted from host: <145.107.7.246:9618?addrs=145.107.7.246-9618+[2a07-8500-120-e070--3f6]-9618&alias=taai-007.nikhef.nl&noUDP&sock=schedd_2614_90a7>
    DAG Node: run_c
...
001 (2578775.000.000) 2025-08-04 19:06:52 Job executing on host: <145.107.5.39:9618?addrs=145.107.5.39-9618+[2a07-8500-120-e070--527]-9618&alias=wn-lot-039.nikhef.nl&noUDP&sock=startd_1964_b818>
	SlotName: slot1_1@wn-lot-039.nikhef.nl
	CondorScratchDir = "/scratch/condor_execute/dir_2784198"
	Cpus = 64
	Disk = 16780524
	GPUs = 0
	Memory = 16384
...
006 (2578775.000.000) 2025-08-04 19:07:06 Image size of job updated: 286424
	280  -  MemoryUsage of job (MB)
	286424  -  ResidentSetSize of job (KB)
...
004 (2578629.000.000) 2025-08-04 19:07:56 Job was evicted.
	(0) CPU times
		Usr 0 09:40:48, Sys 0 00:00:29  -  Run Remote Usage
		Usr 0 00:00:00, Sys 0 00:00:00  -  Run Local Usage
	0  -  Run Bytes Sent By Job
	0  -  Run Bytes Received By Job
	Partitionable Resources :    Usage  Request Allocated 
	   Cpus                 :        0       64        64 
	   Disk (KB)            :    17500 16777216  16780524 
	   GPUs                 :                           0 
	   Memory (MB)          :     1772    16384     16384 
	   TimeExecute (s)      :    14951                    
	   TimeSlotBusy (s)     :    14951                    
...
009 (2578629.000.000) 2025-08-04 19:07:56 Job was aborted.
	removed because <OtherJobRemoveRequirements = DAGManJobId =?= 2578626> fired when job (2578626.0) was removed
...
006 (2578761.000.000) 2025-08-04 19:09:06 Image size of job updated: 1749748
	1706  -  MemoryUsage of job (MB)
	1746860  -  ResidentSetSize of job (KB)
...
006 (2578775.000.000) 2025-08-04 19:12:07 Image size of job updated: 1633316
	1596  -  MemoryUsage of job (MB)
	1633316  -  ResidentSetSize of job (KB)
...
004 (2578761.000.000) 2025-08-04 19:16:21 Job was evicted.
	(0) CPU times
		Usr 0 03:20:15, Sys 0 00:00:23  -  Run Remote Usage
		Usr 0 00:00:00, Sys 0 00:00:00  -  Run Local Usage
	0  -  Run Bytes Sent By Job
	0  -  Run Bytes Received By Job
	Partitionable Resources :    Usage  Request Allocated 
	   Cpus                 :        0       64        64 
	   Disk (KB)            :    17500 16777216  16780558 
	   GPUs                 :                           0 
	   Memory (MB)          :     1706    16384     16384 
	   TimeExecute (s)      :     1049                    
	   TimeSlotBusy (s)     :     1050                    
...
009 (2578761.000.000) 2025-08-04 19:16:21 Job was aborted.
	removed because <OtherJobRemoveRequirements = DAGManJobId =?= 2578758> fired when job (2578758.0) was removed
...
006 (2578775.000.000) 2025-08-04 19:17:08 Image size of job updated: 1681332
	1642  -  MemoryUsage of job (MB)
	1681332  -  ResidentSetSize of job (KB)
...
006 (2578775.000.000) 2025-08-04 19:22:08 Image size of job updated: 1705404
	1666  -  MemoryUsage of job (MB)
	1705404  -  ResidentSetSize of job (KB)
...
006 (2578775.000.000) 2025-08-04 19:27:08 Image size of job updated: 1722392
	1683  -  MemoryUsage of job (MB)
	1722392  -  ResidentSetSize of job (KB)
...
006 (2578775.000.000) 2025-08-04 19:32:09 Image size of job updated: 1735492
	1695  -  MemoryUsage of job (MB)
	1735492  -  ResidentSetSize of job (KB)
...
006 (2578775.000.000) 2025-08-04 19:37:10 Image size of job updated: 1745232
	1705  -  MemoryUsage of job (MB)
	1745232  -  ResidentSetSize of job (KB)
...
006 (2578775.000.000) 2025-08-04 19:42:10 Image size of job updated: 1754788
	1714  -  MemoryUsage of job (MB)
	1754788  -  ResidentSetSize of job (KB)
...
006 (2578775.000.000) 2025-08-04 19:47:10 Image size of job updated: 1762720
	1722  -  MemoryUsage of job (MB)
	1762720  -  ResidentSetSize of job (KB)
...
006 (2578775.000.000) 2025-08-04 19:52:11 Image size of job updated: 1768988
	1728  -  MemoryUsage of job (MB)
	1768988  -  ResidentSetSize of job (KB)
...
006 (2578775.000.000) 2025-08-04 19:57:12 Image size of job updated: 1774912
	1734  -  MemoryUsage of job (MB)
	1774912  -  ResidentSetSize of job (KB)
...
006 (2578775.000.000) 2025-08-04 20:02:12 Image size of job updated: 1780208
	1739  -  MemoryUsage of job (MB)
	1780208  -  ResidentSetSize of job (KB)
...
006 (2578775.000.000) 2025-08-04 20:07:13 Image size of job updated: 2077300
	2029  -  MemoryUsage of job (MB)
	2077300  -  ResidentSetSize of job (KB)
...
006 (2578775.000.000) 2025-08-04 20:12:14 Image size of job updated: 2080304
	2032  -  MemoryUsage of job (MB)
	2080304  -  ResidentSetSize of job (KB)
...
006 (2578775.000.000) 2025-08-04 20:17:14 Image size of job updated: 2107668
	2059  -  MemoryUsage of job (MB)
	2107668  -  ResidentSetSize of job (KB)
...
006 (2578775.000.000) 2025-08-04 20:22:14 Image size of job updated: 2127896
	2079  -  MemoryUsage of job (MB)
	2127896  -  ResidentSetSize of job (KB)
...
006 (2578775.000.000) 2025-08-04 20:27:15 Image size of job updated: 2130212
	2081  -  MemoryUsage of job (MB)
	2130212  -  ResidentSetSize of job (KB)
...
006 (2578775.000.000) 2025-08-04 20:32:16 Image size of job updated: 2132884
	2083  -  MemoryUsage of job (MB)
	2132884  -  ResidentSetSize of job (KB)
...
006 (2578775.000.000) 2025-08-04 20:37:16 Image size of job updated: 2135700
	2086  -  MemoryUsage of job (MB)
	2135700  -  ResidentSetSize of job (KB)
...
006 (2578775.000.000) 2025-08-04 20:42:16 Image size of job updated: 2138048
	2088  -  MemoryUsage of job (MB)
	2138048  -  ResidentSetSize of job (KB)
...
006 (2578775.000.000) 2025-08-04 20:47:17 Image size of job updated: 2139640
	2090  -  MemoryUsage of job (MB)
	2139640  -  ResidentSetSize of job (KB)
...
006 (2578775.000.000) 2025-08-04 20:52:18 Image size of job updated: 2141976
	2092  -  MemoryUsage of job (MB)
	2141976  -  ResidentSetSize of job (KB)
...
006 (2578775.000.000) 2025-08-04 20:57:18 Image size of job updated: 2145424
	2096  -  MemoryUsage of job (MB)
	2145424  -  ResidentSetSize of job (KB)
...
006 (2578775.000.000) 2025-08-04 20:59:00 Image size of job updated: 2253304
	2096  -  MemoryUsage of job (MB)
	2145424  -  ResidentSetSize of job (KB)
...
005 (2578775.000.000) 2025-08-04 20:59:00 Job terminated.
	(1) Normal termination (return value 0)
		Usr 3 06:41:28, Sys 0 00:01:10  -  Run Remote Usage
		Usr 0 00:00:00, Sys 0 00:00:00  -  Run Local Usage
		Usr 3 06:41:28, Sys 0 00:01:10  -  Total Remote Usage
		Usr 0 00:00:00, Sys 0 00:00:00  -  Total Local Usage
	0  -  Run Bytes Sent By Job
	0  -  Run Bytes Received By Job
	0  -  Total Bytes Sent By Job
	0  -  Total Bytes Received By Job
	Partitionable Resources :    Usage  Request Allocated 
	   Cpus                 :     2.48       64        64 
	   Disk (KB)            : 17500    16777216  16780524 
	   GPUs                 :                           0 
	   Memory (MB)          :  2096       16384     16384 
	   TimeExecute (s)      :  6728                       
	   TimeSlotBusy (s)     :  6728                       

	Job terminated of its own accord at 2025-08-04T18:59:00Z with exit-code 0.
...
