000 (2567503.000.000) 2025-07-28 18:56:23 Job submitted from host: <145.107.7.246:9618?addrs=145.107.7.246-9618+[2a07-8500-120-e070--3f6]-9618&alias=taai-007.nikhef.nl&noUDP&sock=schedd_2614_90a7>
    DAG Node: run_d
...
001 (2567503.000.000) 2025-07-28 18:56:53 Job executing on host: <145.107.4.167:9618?addrs=145.107.4.167-9618+[2a07-8500-120-e070--a7]-9618&alias=wn-pijl-006.nikhef.nl&noUDP&sock=startd_4304_c3b5>
	SlotName: slot1_20@wn-pijl-006.nikhef.nl
	AvailableGPUs = {  }
	CondorScratchDir = "/scratch/condor_execute/dir_1134459"
	Cpus = 64
	Disk = 16790397
	GPUs = 0
	Memory = 16384
...
006 (2567503.000.000) 2025-07-28 18:57:07 Image size of job updated: 615400
	601  -  MemoryUsage of job (MB)
	615400  -  ResidentSetSize of job (KB)
...
006 (2567503.000.000) 2025-07-28 18:58:21 Image size of job updated: 1733040
	601  -  MemoryUsage of job (MB)
	615400  -  ResidentSetSize of job (KB)
...
005 (2567503.000.000) 2025-07-28 18:58:21 Job terminated.
	(1) Normal termination (return value 0)
		Usr 0 00:01:47, Sys 0 00:00:42  -  Run Remote Usage
		Usr 0 00:00:00, Sys 0 00:00:00  -  Run Local Usage
		Usr 0 00:01:47, Sys 0 00:00:42  -  Total Remote Usage
		Usr 0 00:00:00, Sys 0 00:00:00  -  Total Local Usage
	0  -  Run Bytes Sent By Job
	0  -  Run Bytes Received By Job
	0  -  Total Bytes Sent By Job
	0  -  Total Bytes Received By Job
	Partitionable Resources :    Usage  Request Allocated 
	   Cpus                 :     2.34       64        64 
	   Disk (KB)            : 17500    16777216  16790397 
	   GPUs                 :                           0 
	   Memory (MB)          :   601       16384     16384 
	   TimeExecute (s)      :    88                       
	   TimeSlotBusy (s)     :    88                       

	Job terminated of its own accord at 2025-07-28T16:58:21Z with exit-code 0.
...
000 (2567768.000.000) 2025-07-28 19:06:18 Job submitted from host: <145.107.7.246:9618?addrs=145.107.7.246-9618+[2a07-8500-120-e070--3f6]-9618&alias=taai-007.nikhef.nl&noUDP&sock=schedd_2614_90a7>
    DAG Node: run_d
...
001 (2567768.000.000) 2025-07-28 19:06:54 Job executing on host: <145.107.4.163:9618?addrs=145.107.4.163-9618+[2a07-8500-120-e070--a3]-9618&alias=wn-pijl-002.nikhef.nl&noUDP&sock=startd_4326_daca>
	SlotName: slot1_4@wn-pijl-002.nikhef.nl
	AvailableGPUs = {  }
	CondorScratchDir = "/scratch/condor_execute/dir_2399355"
	Cpus = 64
	Disk = 16790353
	GPUs = 0
	Memory = 16384
...
006 (2567768.000.000) 2025-07-28 19:07:08 Image size of job updated: 370364
	362  -  MemoryUsage of job (MB)
	370364  -  ResidentSetSize of job (KB)
...
006 (2567768.000.000) 2025-07-28 19:12:09 Image size of job updated: 1118764
	1092  -  MemoryUsage of job (MB)
	1117480  -  ResidentSetSize of job (KB)
...
006 (2567768.000.000) 2025-07-28 19:17:10 Image size of job updated: 1127972
	1102  -  MemoryUsage of job (MB)
	1127972  -  ResidentSetSize of job (KB)
...
006 (2567768.000.000) 2025-07-28 19:22:10 Image size of job updated: 1150240
	1124  -  MemoryUsage of job (MB)
	1150240  -  ResidentSetSize of job (KB)
...
006 (2567768.000.000) 2025-07-28 19:27:10 Image size of job updated: 1154940
	1128  -  MemoryUsage of job (MB)
	1154940  -  ResidentSetSize of job (KB)
...
006 (2567768.000.000) 2025-07-28 19:32:11 Image size of job updated: 1160356
	1134  -  MemoryUsage of job (MB)
	1160356  -  ResidentSetSize of job (KB)
...
006 (2567768.000.000) 2025-07-28 19:37:11 Image size of job updated: 1166676
	1140  -  MemoryUsage of job (MB)
	1166676  -  ResidentSetSize of job (KB)
...
006 (2567768.000.000) 2025-07-28 19:42:11 Image size of job updated: 1169064
	1142  -  MemoryUsage of job (MB)
	1169064  -  ResidentSetSize of job (KB)
...
006 (2567768.000.000) 2025-07-28 19:47:12 Image size of job updated: 1171804
	1145  -  MemoryUsage of job (MB)
	1171804  -  ResidentSetSize of job (KB)
...
006 (2567768.000.000) 2025-07-28 19:52:13 Image size of job updated: 1174776
	1148  -  MemoryUsage of job (MB)
	1174776  -  ResidentSetSize of job (KB)
...
006 (2567768.000.000) 2025-07-28 19:56:46 Image size of job updated: 1742976
	1148  -  MemoryUsage of job (MB)
	1174776  -  ResidentSetSize of job (KB)
...
005 (2567768.000.000) 2025-07-28 19:56:46 Job terminated.
	(1) Normal termination (return value 0)
		Usr 1 09:53:30, Sys 0 00:01:03  -  Run Remote Usage
		Usr 0 00:00:00, Sys 0 00:00:00  -  Run Local Usage
		Usr 1 09:53:30, Sys 0 00:01:03  -  Total Remote Usage
		Usr 0 00:00:00, Sys 0 00:00:00  -  Total Local Usage
	0  -  Run Bytes Sent By Job
	0  -  Run Bytes Received By Job
	0  -  Total Bytes Sent By Job
	0  -  Total Bytes Received By Job
	Partitionable Resources :    Usage  Request Allocated 
	   Cpus                 :     2.10       64        64 
	   Disk (KB)            : 17500    16777216  16790353 
	   GPUs                 :                           0 
	   Memory (MB)          :  1148       16384     16384 
	   TimeExecute (s)      :  2993                       
	   TimeSlotBusy (s)     :  2993                       

	Job terminated of its own accord at 2025-07-28T17:56:46Z with exit-code 0.
...
