000 (2567159.000.000) 2025-07-28 18:42:42 Job submitted from host: <145.107.7.246:9618?addrs=145.107.7.246-9618+[2a07-8500-120-e070--3f6]-9618&alias=taai-007.nikhef.nl&noUDP&sock=schedd_2614_90a7>
    DAG Node: run_c
...
001 (2567159.000.000) 2025-07-28 18:42:53 Job executing on host: <145.107.4.164:9618?addrs=145.107.4.164-9618+[2a07-8500-120-e070--a4]-9618&alias=wn-pijl-003.nikhef.nl&noUDP&sock=startd_4461_7413>
	SlotName: slot1_5@wn-pijl-003.nikhef.nl
	AvailableGPUs = {  }
	CondorScratchDir = "/scratch/condor_execute/dir_2406089"
	Cpus = 64
	Disk = 16790397
	GPUs = 0
	Memory = 16384
...
006 (2567159.000.000) 2025-07-28 18:43:07 Image size of job updated: 352716
	345  -  MemoryUsage of job (MB)
	352716  -  ResidentSetSize of job (KB)
...
005 (2567159.000.000) 2025-07-28 18:43:08 Job terminated.
	(1) Normal termination (return value 1)
		Usr 0 00:00:13, Sys 0 00:00:07  -  Run Remote Usage
		Usr 0 00:00:00, Sys 0 00:00:00  -  Run Local Usage
		Usr 0 00:00:13, Sys 0 00:00:07  -  Total Remote Usage
		Usr 0 00:00:00, Sys 0 00:00:00  -  Total Local Usage
	0  -  Run Bytes Sent By Job
	0  -  Run Bytes Received By Job
	0  -  Total Bytes Sent By Job
	0  -  Total Bytes Received By Job
	Partitionable Resources :    Usage  Request Allocated 
	   Cpus                 :        0       64        64 
	   Disk (KB)            :    17500 16777216  16790397 
	   GPUs                 :                           0 
	   Memory (MB)          :      345    16384     16384 
	   TimeExecute (s)      :       15                    
	   TimeSlotBusy (s)     :       15                    

	Job terminated of its own accord at 2025-07-28T16:43:08Z with exit-code 1.
...
000 (2567896.000.000) 2025-07-28 19:10:12 Job submitted from host: <145.107.7.246:9618?addrs=145.107.7.246-9618+[2a07-8500-120-e070--3f6]-9618&alias=taai-007.nikhef.nl&noUDP&sock=schedd_2614_90a7>
    DAG Node: run_c
...
001 (2567896.000.000) 2025-07-28 19:11:54 Job executing on host: <145.107.4.164:9618?addrs=145.107.4.164-9618+[2a07-8500-120-e070--a4]-9618&alias=wn-pijl-003.nikhef.nl&noUDP&sock=startd_4461_7413>
	SlotName: slot1_3@wn-pijl-003.nikhef.nl
	AvailableGPUs = {  }
	CondorScratchDir = "/scratch/condor_execute/dir_2451833"
	Cpus = 64
	Disk = 16790397
	GPUs = 0
	Memory = 16384
...
006 (2567896.000.000) 2025-07-28 19:12:08 Image size of job updated: 557996
	545  -  MemoryUsage of job (MB)
	557996  -  ResidentSetSize of job (KB)
...
006 (2567896.000.000) 2025-07-28 19:17:09 Image size of job updated: 1202644
	1174  -  MemoryUsage of job (MB)
	1201248  -  ResidentSetSize of job (KB)
...
006 (2567896.000.000) 2025-07-28 19:22:10 Image size of job updated: 1208476
	1181  -  MemoryUsage of job (MB)
	1208476  -  ResidentSetSize of job (KB)
...
006 (2567896.000.000) 2025-07-28 19:27:10 Image size of job updated: 1214416
	1186  -  MemoryUsage of job (MB)
	1214416  -  ResidentSetSize of job (KB)
...
006 (2567896.000.000) 2025-07-28 19:32:10 Image size of job updated: 1218944
	1191  -  MemoryUsage of job (MB)
	1218944  -  ResidentSetSize of job (KB)
...
006 (2567896.000.000) 2025-07-28 19:37:11 Image size of job updated: 1222676
	1195  -  MemoryUsage of job (MB)
	1222676  -  ResidentSetSize of job (KB)
...
006 (2567896.000.000) 2025-07-28 19:42:12 Image size of job updated: 1226204
	1198  -  MemoryUsage of job (MB)
	1226204  -  ResidentSetSize of job (KB)
...
006 (2567896.000.000) 2025-07-28 19:47:12 Image size of job updated: 1244880
	1216  -  MemoryUsage of job (MB)
	1244880  -  ResidentSetSize of job (KB)
...
006 (2567896.000.000) 2025-07-28 19:52:13 Image size of job updated: 1261644
	1233  -  MemoryUsage of job (MB)
	1261644  -  ResidentSetSize of job (KB)
...
006 (2567896.000.000) 2025-07-28 19:57:14 Image size of job updated: 1264604
	1235  -  MemoryUsage of job (MB)
	1264604  -  ResidentSetSize of job (KB)
...
006 (2567896.000.000) 2025-07-28 20:02:14 Image size of job updated: 1266668
	1237  -  MemoryUsage of job (MB)
	1266668  -  ResidentSetSize of job (KB)
...
006 (2567896.000.000) 2025-07-28 20:07:15 Image size of job updated: 1269860
	1241  -  MemoryUsage of job (MB)
	1269860  -  ResidentSetSize of job (KB)
...
006 (2567896.000.000) 2025-07-28 20:12:16 Image size of job updated: 1272524
	1243  -  MemoryUsage of job (MB)
	1272524  -  ResidentSetSize of job (KB)
...
006 (2567896.000.000) 2025-07-28 20:17:16 Image size of job updated: 1568008
	1483  -  MemoryUsage of job (MB)
	1518376  -  ResidentSetSize of job (KB)
...
006 (2567896.000.000) 2025-07-28 20:22:16 Image size of job updated: 1568008
	1485  -  MemoryUsage of job (MB)
	1520080  -  ResidentSetSize of job (KB)
...
006 (2567896.000.000) 2025-07-28 20:23:24 Image size of job updated: 1753748
	1485  -  MemoryUsage of job (MB)
	1520080  -  ResidentSetSize of job (KB)
...
005 (2567896.000.000) 2025-07-28 20:23:24 Job terminated.
	(1) Normal termination (return value 0)
		Usr 1 22:52:06, Sys 0 00:01:19  -  Run Remote Usage
		Usr 0 00:00:00, Sys 0 00:00:00  -  Run Local Usage
		Usr 1 22:52:06, Sys 0 00:01:19  -  Total Remote Usage
		Usr 0 00:00:00, Sys 0 00:00:00  -  Total Local Usage
	0  -  Run Bytes Sent By Job
	0  -  Run Bytes Received By Job
	0  -  Total Bytes Sent By Job
	0  -  Total Bytes Received By Job
	Partitionable Resources :    Usage  Request Allocated 
	   Cpus                 :     1.11       64        64 
	   Disk (KB)            : 17500    16777216  16790397 
	   GPUs                 :                           0 
	   Memory (MB)          :  1485       16384     16384 
	   TimeExecute (s)      :  4290                       
	   TimeSlotBusy (s)     :  4291                       

	Job terminated of its own accord at 2025-07-28T18:23:24Z with exit-code 0.
...
