theta
[1.4884959589107756, 0.9807837803813095, 386.20432373421056, 1240215502.9217923, 0.035345464961794325, 0.0042191386532406784, 1.3494117419791636, 1.4412947113194656, 0.49944232624525947, 0.5318548656540225, 0.2891712225688156, 2.871836458325031, 2.2721057584843436, 1.415333109970526, 1.7123134974130378, 1036.7366722050858, 904.4109470759088]
theta
[1.4887306062818888, 0.660404907925449, 492.73914494177814, 1240215502.9362113, 0.03869536919421541, 0.029870499985258384, 1.278899869060781, 0.9116478585050424, 3.860876179729653, 1.4649137472544578, 0.7282737814747698, 5.792688409119958, 1.7448288650212718, 2.290639892380998, 0.028965166600272384, 2270.382365522509, 3256.227320176173]
theta
[1.4871457663792778, 0.5318220006078411, 463.7447846017367, 1240215502.9978588, 0.016836403729067, 0.014430553107707966, 2.1029044771221383, 1.157408277634368, 2.481532541398378, 0.40345896223734395, 0.4724929722825994, 3.417697063313805, 1.1777820270671895, 2.5078698767581216, 5.5734089652019465, 2089.553002504981, 528.4143905963512]
theta
[1.4870767121806474, 0.5722747923363061, 284.5068119491479, 1240215503.0762894, 0.04416728974470882, 0.03948308500472403, 0.9889734308415716, 2.4109718453321802, 5.749874676424216, 6.071224202304637, -0.7927009962729008, 4.342645173458369, 1.9018433681014801, 1.645014275054301, 2.694860556663946, 158.3686488768149, 3777.787560537513]
theta
[1.4898568197007953, 0.6162556374160946, 267.33821066811646, 1240215502.9370973, 0.007354046576956902, 0.006429709477236517, 0.05302569240126476, 1.4276584324970898, 1.1444921235684529, 1.950462516361181, -0.3231205012717693, 5.5611001441479075, 2.8192653243870325, 0.08573935680300096, 3.4830164508972308, 2431.396591612561, 3470.4684299301257]
theta
[1.4875930677477605, 0.6803600438426979, 336.3784747473257, 1240215503.077028, 0.01606395829327403, 0.00014180058934753492, 1.8521410720283424, 1.8983606981112893, 2.567822185688674, 4.095683776575985, -0.13790624950392355, 5.229511476596152, 0.5694400139502945, 0.096541716610168, 3.5624160990101985, 4692.799508167176, 4304.640583050603]
theta
[1.4868541499823378, 0.7574969978646913, 301.4504879778649, 1240215503.044584, 0.02531239172951821, 0.039236521671748736, 0.7745974780202556, 0.9823753994934797, 3.676461051716377, 1.471967479395997, -0.3893399012557317, 1.8981794194655153, 1.0361255986661597, 2.571122287250229, 3.908031777405301, 565.51531534275, 3385.395715229621]
theta
[1.4852461968445425, 0.7419327316064688, 426.423694302821, 1240215502.9399078, 0.011665929575646557, 0.001181470961402359, 1.0394224430270838, 0.7805542995436211, 3.6630015059526215, 1.9190283548793363, -0.11623810625475321, 5.495342338337937, 2.03082490302813, 0.5254177291572784, 5.514670784936471, 4902.57488005497, 2697.8933568068346]
theta
[1.4864602703635057, 0.7097406691217965, 373.46495897669496, 1240215502.9554725, 0.014265600368440202, 0.03368111580173367, 2.339103747971023, 0.694735414588583, 2.409119029913029, 1.124486341398279, -0.5244799090063108, 5.768732612668631, 0.6728443178874417, 0.6267227988232917, 5.872462890579265, 662.7592399878607, 344.8948070020003]
theta
[1.488553034058258, 0.5338859048348624, 468.06176818845546, 1240215503.1010597, 0.024665013669474878, 0.04460844686540939, 2.7019749817515906, 2.3712986979564383, 5.433835331305348, 2.3380683846286408, -0.9562173069581039, 2.6030784567291283, 1.756127930474021, 0.11579228459549466, 2.715953603406679, 4300.741527885638, 1827.076397718343]
theta
[1.4892373771503247, 0.5953410841511237, 342.341678877907, 1240215503.021398, 0.0067878132342515385, 0.006617755899203559, 1.0518399994956882, 2.151837630658766, 3.6362279018454275, 6.194386272626634, 0.7930793611912551, 0.2741093471499604, 0.7551866461214024, 0.20305949052895336, 3.659631080033899, 3339.0841615271406, 2032.635684381522]
theta
[1.488183491441228, 0.9376093815674713, 465.5579962416401, 1240215503.096653, 0.047016060471427965, 0.033256910021499914, 0.7874790627015188, 2.029874094087017, 1.7015675303510382, 3.630144150392859, -0.1362911985865814, 3.9424077258525547, 1.987143866668882, 2.912813010597489, 4.026854853161702, 1580.3611853982698, 475.0870582367822]
theta
[1.4872901497989226, 0.660622994253603, 336.2132740845339, 1240215503.0803893, 0.003523163077943087, 0.0333883371765777, 2.37518173045199, 1.2869540925025893, 1.9311035997979837, 2.117326855484543, -0.33671254321242683, 5.5946452643901665, 2.6514964971024555, 0.3560542279021949, 4.516888243490806, 1094.287373900868, 364.7976685766957]
theta
[1.4859389219607733, 0.6949721166286005, 460.8561369115167, 1240215502.9773307, 0.04081179385513267, 0.005777110770013649, 2.3174078604821355, 2.2958303048647593, 6.232405396766702, 5.116966094454985, 0.014664047871637404, 6.250062836803499, 1.6343911924995613, 0.39995000784114093, 2.4410917222947663, 3952.982129435974, 4424.776366010556]
theta
[1.4892677620413963, 0.9732455151990006, 399.55246806639957, 1240215502.983142, 0.0039016220451823236, 0.02449364461898857, 1.283441907240435, 1.3094270271406, 5.175057321694786, 1.9602520999788005, -0.5383650209289707, 5.352869485237989, 2.190758016061683, 3.079760658043314, 3.129282867722915, 3080.507582136224, 433.31682931059714]
theta
[1.4895968457898583, 0.6597198461930845, 167.7002837031989, 1240215503.050118, 0.03865752630529419, 0.04422867425540872, 1.2096147998379916, 1.458317582304915, 2.929149821271909, 5.442495232925785, -0.5649674447806265, 3.0559719069661164, 0.5811072577007019, 0.08614781642389321, 5.800080958398628, 4215.498282302228, 583.0737982828443]
theta
[1.488496499695291, 0.5766033930228305, 450.8532912384772, 1240215502.9649897, 0.008513116918786274, 0.02528515488728741, 1.9710255725752903, 0.6174940686595491, 0.783025557010755, 5.197675968250368, 0.4109279202297536, 6.169771249620171, 0.14718951680791176, 0.49892823406643494, 3.4686708701331885, 3243.447376886672, 4161.651727219512]
theta
[1.4854071911166444, 0.5440569966673316, 374.79771606897737, 1240215503.0207949, 0.009992273958167831, 0.018844598169162115, 1.2840208206697723, 2.8249487066269006, 4.1107440177326495, 0.875436169113355, 0.5245239626464065, 3.3134022204828724, 1.373255263635747, 1.3533149763048697, 1.8986669969104286, 3389.255890929069, 3613.355612732545]
theta
[1.4853201582719595, 0.9288903186702958, 495.75281177301434, 1240215502.9514358, 0.00420283345124719, 0.03513646200312664, 0.8052012143840183, 1.620980713312711, 5.435528150360213, 5.750564422506274, 0.6496012190901724, 4.4174068427691555, 2.651339938927013, 2.2202946689941045, 0.6756376731394885, 4715.418434699737, 1256.6596587746149]
theta
[1.4899788505396452, 0.6501091750261462, 254.77846817736184, 1240215502.95754, 0.005713249658267239, 0.0421566094790079, 2.099782056991672, 1.7359951626574988, 4.144663124854691, 5.037581875317168, -0.6173231429140664, 0.13900001674819595, 1.0976394577407849, 2.1635418460418485, 5.543604894496531, 4345.790315133241, 2915.741949651513]
theta
[1.4888096784125269, 0.5522309578505531, 311.08389534599684, 1240215502.9686604, 0.04833426136199214, 0.0029442139933518966, 1.88460638367882, 1.76040013131092, 3.2112407689728735, 1.8279919634860393, 0.8501392509439836, 3.195956724931571, 1.7524639847683094, 1.8542105126711852, 0.7842099604236142, 2512.4182325935544, 317.63254214286496]
theta
[1.4890379288427096, 0.8886664112572036, 376.630272476228, 1240215503.0093334, 0.0007342018602891188, 0.02607044528720643, 1.0004636849226027, 0.6370264319506805, 3.702984052969415, 5.378138590635237, -0.14782654941714915, 4.197900828617652, 1.6256959935904602, 2.089181758242177, 2.213424517942366, 616.4632172386158, 4148.33729025345]
theta
[1.4891118907392884, 0.5342141037742472, 316.7070662338055, 1240215502.9620626, 0.03539600479998268, 0.03898674275958813, 1.5954532979984484, 2.795544511049027, 0.20337410638449185, 4.507447233418669, 1.0952055566419272, 4.283129963364855, 0.37820819691406876, 2.1013806726648454, 0.8741589376389042, 1250.4427612503905, 3997.8196556682587]
theta
[1.487469498680237, 0.6578383409450554, 78.35803724808832, 1240215502.9429197, 0.03192236026609935, 0.0012000887767283754, 2.547414884484647, 1.2301054550894508, 1.5991898373708242, 0.729772682714686, -0.2962537576195946, 4.783820447542214, 0.9345968821728488, 2.0899463468540134, 2.8902097914065568, 1085.2814420161128, 161.08944749852526]
theta
[1.4899380991377953, 0.6452100029036033, 463.3723100726313, 1240215503.1064956, 0.02877840216543297, 0.03273325387468037, 1.4106218546701859, 2.183648978226129, 0.2682366042520499, 1.2569735066147083, 0.03541129770207423, 4.024228223607472, 0.18273900374711707, 0.8002974082076305, 0.11769121558979248, 935.3891453922969, 4887.677699749418]
theta
[1.4852261253275292, 0.9993481967767786, 459.5589235007295, 1240215502.9388874, 0.02371248564854861, 0.025379674053560782, 1.6641995033410493, 1.7325320579157175, 3.4799648310294957, 0.8040368277023849, -0.40291375681093805, 4.017015850279956, 1.582277695220472, 1.56481530828568, 0.4149006835749613, 1984.4032836249414, 2596.879154752124]
theta
[1.4859778126618257, 0.7320377075711053, 402.84824373576595, 1240215502.991362, 0.04175085377269205, 0.03881662772710411, 0.9161609481862375, 0.9775772004480678, 5.3076358598921916, 1.40506826987365, 1.173595135563613, 4.865576232378944, 0.7901474563872212, 0.4741880237747403, 2.2160669498401275, 108.94100235927517, 4638.210936405865]
theta
[1.4887553415558339, 0.6603310445686719, 441.33788482231176, 1240215503.0289164, 0.003935837095357881, 0.019123157666293612, 1.5216952314309717, 2.167165942444935, 1.3370510074655462, 0.13024046474216405, -0.46608716890792323, 0.7272635750399187, 1.5301287221111095, 2.528636294409641, 2.1383713207333837, 4254.207370716556, 261.87583881676136]
theta
[1.4894843733959426, 0.9349991652220856, 467.94911373464845, 1240215503.0174367, 0.003839586265266709, 0.02297890065699348, 1.245679744440567, 2.132424003535324, 3.624973184028825, 1.4978537888610322, 0.3481433296995361, 0.36956143765525, 1.4838917281381223, 1.6704044908472409, 0.05283353978053182, 431.02072501548906, 4438.097304677204]
theta
[1.4859696520211056, 0.751898421651095, 331.8222146321949, 1240215502.925136, 0.038315982219489876, 0.03760540704953172, 2.9615042477977274, 1.8658532332797237, 5.115923673781649, 2.7192399572619887, -1.4446685284055198, 6.214178479078751, 2.8224644287919687, 0.21499956105414053, 4.28448728641427, 4324.887584112575, 3878.938709568521]
theta
[1.4885834871072563, 0.6378212932577371, 385.1591349967836, 1240215502.935477, 0.002172891263614818, 0.0016678355998486051, 1.3548380627551178, 1.6050739668214462, 2.5134518360287736, 1.7411971996225506, -1.012999775193922, 1.3110298188619076, 0.8522825781009049, 0.258432863859081, 1.9900640753185486, 273.7496584540128, 4731.510613588589]
theta
[1.4878556867908668, 0.6036082346401626, 397.3348885245997, 1240215503.0918179, 0.02007885360814032, 0.039378314197502096, 0.9339529407365277, 2.404850663214138, 3.409298293006497, 5.192544641999516, -0.4133168701395145, 0.6393635494146228, 1.7437927105998168, 0.4444204346521689, 0.6207052707762893, 3004.253656842822, 4435.696130105393]
theta
[1.488191605911057, 0.7477051113831441, 495.85827104716884, 1240215503.0401008, 0.008365785597533931, 0.0026011357321080067, 1.5053906656002936, 1.3962596115766313, 3.213155553593324, 4.076414419791509, 0.21575276439979055, 6.15327723790214, 1.8375491737189142, 2.6893631866215997, 0.785722884963324, 4765.022747063157, 165.56596191019125]
theta
[1.4861026758305353, 0.6700472026940016, 386.255560009738, 1240215502.9882653, 0.039977521883824516, 0.03802869174496383, 0.5057359784098492, 1.4163347640537198, 1.7025910241840017, 1.5981928316551057, -0.993707723545832, 1.1836426988468947, 0.9366141331867044, 2.112156046990776, 5.4522893911119255, 4318.379444469149, 3218.8781926254624]
theta
[1.4898130409924495, 0.7342427820297823, 369.17865552115023, 1240215502.9672737, 0.03822614146855593, 0.00991006736542166, 0.996302946735385, 1.3413379795985967, 1.7163242207560552, 1.4071824685573173, -0.27104174737000164, 0.7891291344061919, 1.1047151630583179, 2.480408637401509, 0.31150361071696364, 3712.465380725598, 4971.121929047898]
theta
[1.4876021782952935, 0.7460272373117471, 241.95719433525477, 1240215502.9697132, 0.029252691965926142, 0.014454451195458552, 1.5861652772248547, 1.5209004446587533, 0.5738244650559634, 5.521732347581622, 0.13346554839978622, 0.5028858825655712, 1.4092310767547427, 1.6021212987117643, 5.956507388888624, 1557.2004707966769, 3654.598674745867]
theta
[1.488533241293879, 0.8132957788080284, 180.66279242949173, 1240215503.03718, 0.005676514962392399, 0.014182212200879792, 0.8352737537612781, 1.146939608932994, 3.82547455391029, 0.7635524924219218, -0.6677618777580127, 5.626782029653552, 2.1915403271549105, 1.549950815009429, 0.8393146148413397, 4135.60001581534, 3439.175585447231]
theta
[1.4881802944968, 0.5342922506088733, 379.8024428101651, 1240215503.0540233, 0.03141847325564409, 0.04049238086359808, 1.21977915999118, 1.4883181922972835, 4.153062305384271, 1.7434377778524406, -0.29532620664884773, 5.491478375691254, 0.9101029643010051, 2.588612467556565, 1.4588370017702623, 977.9148489906853, 422.40047951712876]
theta
[1.4860774984477343, 0.6134563925945418, 120.20123140597387, 1240215502.9498005, 0.03493082905138026, 0.0018727613332552352, 0.7998875416135842, 1.6405790237621056, 0.8187673117562255, 1.1949959672164225, -0.10547758684346079, 5.725293884778468, 1.6075257668075058, 0.6805764245835578, 4.03983723071649, 1022.2550555671667, 3466.966225617745]
theta
[1.4875689267518155, 0.8540228590017338, 190.14853136659877, 1240215502.9913926, 0.03704104775452798, 0.04964587516720997, 2.7242421462636917, 1.9915103296846495, 0.9904262987662065, 4.6155808879857, -0.15857518560042952, 3.199203522211949, 1.6363153675245676, 0.9884031745814612, 3.4610468022671985, 4591.405760105562, 3337.979368549963]
theta
[1.4889885254561608, 0.5887251246244185, 486.1505200984292, 1240215503.0183356, 0.03660739983830494, 0.024340541879539192, 2.5124475209393187, 1.165601166301597, 3.297231399811009, 1.5295797553333783, -0.020328746213004033, 1.197784275793798, 2.370815261585681, 2.2112559736026047, 1.291223696048221, 3061.430577897792, 2148.865051295717]
theta
[1.4875972828832278, 0.9239859733273237, 277.49326057957853, 1240215502.918225, 0.008484191522385826, 0.03407176884051027, 2.5533315379075243, 2.941563923796558, 4.85266860175717, 5.660663015254251, 0.9856727660770512, 4.131484066340861, 0.3897073048104906, 2.8201474996927423, 2.2178921876387365, 84.53574821229715, 1382.4350568483674]
theta
[1.4896067252437852, 0.5623427888190693, 199.0556329989466, 1240215502.9564135, 0.037412220146182784, 0.008431612527162258, 0.7964637050795995, 0.3200031889992403, 4.328085802849581, 0.8947567981481294, -0.0336083551368733, 2.8588147824422463, 0.9606968058551166, 1.5148837553906964, 2.740295464171156, 1138.8254514306057, 4182.452600230174]
theta
[1.4862445664350616, 0.6779615037787923, 260.65807853709555, 1240215503.0696504, 0.033570390943602195, 0.007765315755546238, 2.0908698522625238, 1.5123358456400402, 2.0669511211011558, 1.392345593242205, -0.02059885594492756, 1.667771146320192, 2.6878760537929027, 2.209339574078194, 4.323734577157477, 4630.812647999139, 1046.6571824467076]
theta
[1.489111481472451, 0.8758667704762667, 355.3902651606453, 1240215502.9442177, 0.03589160335153577, 0.006746711675985157, 2.226316350855444, 1.2156604332944152, 3.9759524110979383, 4.462995799028066, 0.39605339602625755, 0.6842535194159204, 1.0860725772892577, 0.9495236064112865, 4.916737268177104, 4058.336945206034, 4775.830416406067]
theta
[1.4850879428910493, 0.8334092031612572, 404.98391899691745, 1240215503.0869417, 0.026105799466811477, 0.03916345817648301, 2.0399222493563016, 0.7950069707933141, 3.5062273623400997, 1.641637496988251, 1.2866286100163369, 5.401461254542193, 2.4937421737189673, 0.6768237309922921, 0.28864146912174166, 3870.518546325044, 381.92484723504896]
theta
[1.4873663013407312, 0.9726961590785946, 430.95400488416783, 1240215503.0322723, 0.02052612961057204, 0.04151469185634618, 2.0955976874771, 0.7567096050935515, 1.564793252270482, 1.299848181207724, -0.03179094389830655, 0.48218468085105853, 1.6373159465202625, 1.7997099721079828, 3.2636244793468867, 4637.967529589527, 2592.5692154386616]
theta
[1.4890977325750896, 0.9574102726942227, 358.01431217636076, 1240215503.0499227, 0.006723801209664793, 0.02889670948688873, 2.4639163222283367, 0.5453973908365539, 3.505984170286183, 3.9977155427696176, 0.22176750758529332, 4.84874699821877, 1.7776295021992425, 2.515714893692217, 5.168194959462577, 1787.5686941339059, 1566.8594717524459]
theta
[1.487087754396972, 0.6084614792692247, 475.76698535475384, 1240215503.0235434, 0.026732270668285242, 0.0278164424011382, 1.0469477699168603, 0.6902928852914709, 5.139247342058756, 4.910778922739398, 0.025660858248177668, 5.7037521910265765, 1.6308278789792092, 2.4571177502257378, 3.564181155028403, 3875.8116881616766, 371.0184787987292]
theta
[1.489159491891218, 0.7205729681322849, 481.1132438999861, 1240215502.9895122, 0.0006355226388576329, 0.0029330366058548498, 1.3857895494133878, 2.5155644416256626, 2.26734236603421, 0.19674546637855705, 0.022568532050496422, 4.6185156586559035, 2.4874941824899497, 2.4529721932349906, 4.681074695490293, 3374.18594411095, 3479.108128759501]
theta
[1.4863948348239249, 0.5299754977171112, 420.81714516246467, 1240215503.0522063, 0.044124291792043364, 0.007288041062508172, 1.9393791955018924, 1.4419761863064484, 1.7634179607411196, 0.9091476651966014, -0.06312252111193095, 3.165376847093502, 1.8628001091435598, 0.8779450749718036, 0.532520543565806, 829.1932462648199, 3092.137084797771]
theta
[1.4857158354441702, 0.6144549031568152, 324.3902924332623, 1240215502.9261315, 0.027254099976397855, 0.027601908536668725, 2.003807154972961, 0.9782845591757082, 1.981504292708762, 6.044973779525101, 0.7658293825062633, 5.081524434380393, 1.2651126350214765, 0.004877823979460705, 1.1799615492363844, 3542.7756000951026, 2302.5211336531147]
theta
[1.487659255577121, 0.6069799017459289, 447.9402894032481, 1240215503.0021486, 0.020035714824881524, 0.027380431887396164, 0.27386809435141785, 1.2270531106573621, 4.62696114166651, 2.3922060114583386, -1.2951913269355986, 2.852340087931262, 0.7796590146507412, 1.4512638709453298, 5.491552604654726, 2316.658687452206, 3723.2920602193285]
theta
[1.4892851679918604, 0.9190335716559426, 380.4739944006584, 1240215502.9558516, 0.015981949107533474, 0.015128981688959625, 0.6838485900760427, 0.9033915741415725, 0.23068657180997013, 1.4040394511990875, 1.3368045850761996, 4.802256880165748, 2.6115832959945786, 2.585703148920922, 5.435888647093622, 1730.3119393549239, 4805.893605525965]
theta
[1.4868888026235203, 0.5260959579102068, 302.52560757751536, 1240215502.941857, 0.024866758727557628, 0.03750177550346413, 1.5322069630921038, 2.3305065062762838, 0.5607318493515234, 2.245928499255367, 0.6998012117799101, 5.586344185189439, 1.2516853848727865, 0.5872142670971255, 3.9643711111342577, 88.39574786035197, 4459.0577039106975]
theta
[1.4865855449965126, 0.7094209644914784, 470.2582955720975, 1240215503.077215, 0.000259600607416105, 0.006147708628489801, 0.6776394051709606, 1.0597839426935367, 1.0896378217837799, 5.772814871831138, -1.0500825371886533, 6.111555571962632, 2.0016811838299438, 0.10070343983829741, 0.8863463703789192, 1309.003167995046, 4213.862962687095]
theta
[1.488061367328665, 0.5664913095887751, 408.1529013145517, 1240215503.0956364, 0.01446347911593719, 0.007011764548663407, 2.2615112391719587, 1.3594767897113207, 3.241200769786433, 2.463106659134111, 0.7567651155841274, 4.009776763111456, 1.2685038079304591, 2.285712897890182, 1.8354142815249344, 4876.128507072738, 3605.643675772897]
theta
[1.4882699986814016, 0.6781917945360865, 298.8331337855371, 1240215502.9869103, 0.03621465093027409, 0.044312548398632516, 1.0680664165380143, 0.7971757761937621, 4.382787865151652, 6.236432475445066, -0.4748263418932804, 5.682722238133628, 2.290510730353608, 2.285928109092261, 0.7858998735202856, 1893.5323285968004, 4399.0100905137515]
theta
[1.4897174533273727, 0.600855426136905, 413.3886231877936, 1240215502.9572983, 0.003418050877957768, 0.02584577169983019, 2.311828942893242, 3.0500475628623307, 5.646350624037247, 5.458554526363912, -0.5841757819378, 6.1396254424368975, 2.091887604587364, 2.1744290868182703, 0.5452832759894004, 148.8968982449501, 290.1221866303527]
theta
[1.488878671772289, 0.9750604938601939, 475.28000420595475, 1240215502.9811745, 0.04976311220973822, 0.03369337020392204, 0.9739964305872703, 1.5880486079781182, 5.299210989128627, 2.552969458378969, 0.24823242268418694, 0.09634827661653532, 0.9626332982839203, 1.5702520992209088, 4.678762951175042, 2655.884793031395, 4384.42542342265]
theta
[1.4883343806353282, 0.8459700370335674, 393.51876882185076, 1240215503.0693817, 0.04053325379675967, 0.00015792865173010486, 1.8784269799373718, 1.1226427682945643, 0.2978458562661676, 1.7153423038681808, 0.02415543606140682, 5.507191522010095, 1.3118739857738713, 3.054371821944196, 5.444615798170138, 3463.5618019076132, 2684.78427231404]
theta
[1.4894649969051388, 0.6970150859217834, 329.46704541695806, 1240215502.9986541, 0.030274953807963707, 0.04104107869106109, 2.08266697845306, 0.21619896477203115, 1.8009006642825405, 2.299635114783313, -0.32539141212146966, 0.8108151913269211, 1.5949791436771534, 2.1487808851612535, 0.7737576079176975, 3966.3272179540877, 4431.660859858687]
theta
[1.4892519771502453, 0.9141355484149176, 305.43206533074664, 1240215503.0384247, 0.004042529960488062, 0.02768067029696696, 1.019610236608629, 1.8621239393932314, 0.6780786618081832, 2.9559040200014026, 0.7750931678367324, 1.1221706211138498, 2.068537376774905, 1.4999469146383253, 5.147776273049238, 4562.991047633516, 3266.177137472999]
theta
[1.4883234527177456, 0.7723218924137677, 499.37948219897027, 1240215502.9874606, 0.03557893514252077, 0.03929194021165088, 1.7709606246549738, 1.3802328290144497, 2.4953204545156398, 1.4624310079083274, 0.18729404063678146, 2.8281856623973844, 1.7721854063052522, 1.939074876895089, 0.9936540963889258, 4184.957908080075, 4460.416856982567]
theta
[1.485482474967183, 0.544592429622978, 247.75928944281716, 1240215502.9690447, 0.02435975345172744, 0.03211786145353049, 1.5030894364185308, 1.1479627316692813, 0.8914785799808149, 5.970217790228755, 0.44740948245672935, 5.147110032596194, 0.9937139998899528, 1.7343841873894468, 1.4069020822565337, 822.7849217715133, 3832.4731837877634]
theta
[1.4860674709299375, 0.5501037407031024, 396.8314846556111, 1240215503.039421, 0.00406271259769701, 0.04770659021522712, 2.121166893208235, 0.6732408741967034, 1.0371390369191702, 6.254580556777453, -1.0539986315641272, 5.6166302311365355, 1.2193549112366842, 1.9343002843874588, 1.5297929263112608, 422.98463571261544, 898.6544984770705]
theta
[1.4894454432164648, 0.6253400410328029, 414.6424641658845, 1240215503.1055057, 0.012617290565761047, 0.04102963536712352, 1.0088261571779904, 1.4881538362789577, 3.7722308139840197, 2.6599479867413343, 0.45918083113931574, 4.3364772790756865, 2.3966275773849555, 0.34632879426751645, 0.3040986612808897, 3515.272745284293, 2047.0721055916054]
theta
[1.4878300229942385, 0.7628314731455083, 265.3888398885807, 1240215502.958335, 0.004090859570129424, 0.02868989426191898, 0.9155271748416455, 1.1234673913171576, 5.497583452548947, 1.8083126656864017, -0.04641869240318184, 3.8487248926585687, 0.9113166081649356, 1.2454236091286124, 2.8130677694307904, 149.26672554455013, 696.1289352019672]
theta
[1.4855739023934524, 0.9986038207044401, 432.6789777110265, 1240215502.9277802, 0.04150886458016539, 0.02373655056133612, 0.9511094842869118, 1.8131904584219392, 1.8625574341498938, 2.1497216309768983, 0.29520638612621053, 3.9712511450973023, 1.6162057324696735, 0.45997615079772564, 2.143608391964725, 207.8501887111106, 4744.9494831165575]
theta
[1.4894936118597668, 0.7243451324394536, 485.24399702275343, 1240215503.001645, 0.03929268952515126, 0.03302444982378155, 2.100837316278584, 0.9421383930090835, 0.07033676997705016, 3.098147646340035, 0.1872069817468229, 6.1980321018051345, 1.3963943578054911, 2.8461821977121424, 5.09737484084206, 4254.332920457954, 1288.3063382460148]
theta
[1.4851493974403482, 0.7693207496759025, 292.90237610392745, 1240215503.1135738, 0.029455573626173737, 0.04080323854339455, 2.7600636732367403, 0.5687797960521134, 3.780631632883188, 1.954314102777709, -0.6537359337498979, 5.7909245227153985, 0.9440938259992295, 2.9152838367427787, 0.9644488042621937, 2067.3603730565355, 2075.58959681796]
theta
[1.48921369810632, 0.5561450515107321, 327.23190834152103, 1240215502.9772625, 0.04586223321230609, 0.04936971272419195, 0.4187939222548402, 1.6399083887956003, 4.439771807787367, 1.9682575659147667, -0.6077547771359085, 5.739450530554994, 1.0602065826595197, 1.016255105849838, 3.4439802609612054, 1093.1981986611495, 1407.8009350560205]
theta
[1.4880076258585646, 0.8357154842255796, 366.67290926643557, 1240215502.9801686, 0.001593156100730908, 0.004512942822179261, 2.0343874700258726, 0.418463060609635, 3.0849278378857288, 3.258036236936996, -0.4542105514075726, 5.862314082155628, 1.844049852342259, 1.2621027389722557, 3.5394035690038277, 2481.3955005554376, 3000.022711135081]
theta
[1.488765243003697, 0.5434177092489848, 276.00118454674424, 1240215503.055377, 0.0031372192775329434, 0.040913916799338264, 1.7673793845526846, 2.684529685998203, 3.564512176706521, 4.3256611466579065, -0.23243034599175608, 4.9209052532335, 0.989301558251092, 0.4154021008223168, 3.808858347483879, 443.57170290925177, 2925.823633840251]
theta
[1.489803405737893, 0.7318417332333547, 189.51106306279257, 1240215502.9383166, 0.03280153530561049, 0.014519718608367156, 1.9990658986398013, 0.49982418510494403, 3.3255758337253427, 6.153587441134683, -1.290031091446481, 0.3868205420150916, 2.0220782664543546, 1.6001940800140748, 1.3908915772860315, 2189.495843737594, 374.8930087058033]
theta
[1.4888258545183717, 0.5515509085146335, 383.09774204241586, 1240215502.9504406, 0.0006385863583697693, 0.045242957836877706, 1.3764168719746261, 0.8189807651376051, 2.1022540381807353, 3.5229333176699558, 0.8774579709156219, 5.317657224683267, 2.8552462921902753, 1.2766203822180766, 4.550161629830523, 2485.268683951452, 927.1287509878579]
theta
[1.4896701500574168, 0.7945562856682243, 282.7952708003247, 1240215502.9878027, 0.04190367286212013, 0.031727881947703596, 2.4896393014498055, 1.849056326259095, 5.119240874710174, 1.2533577055794576, 0.39563805777141, 0.8491688117067512, 1.3602409305615448, 1.133320896002835, 5.391934488586444, 4527.276978385511, 4400.2414214901855]
theta
[1.4889832978218926, 0.5449182612558906, 278.87600088582394, 1240215502.9769936, 0.04752198682322597, 0.01078661389656912, 1.8240739947007325, 2.503117276053176, 4.218562932220684, 0.3756025933016768, -0.7635988829883704, 5.991535736003351, 0.8864271797632193, 2.329238966309235, 2.1210605703749796, 4950.171640695675, 2051.9996274937184]
theta
[1.4898450550622409, 0.8901748810934085, 312.763639270282, 1240215503.0108814, 0.03395087949611156, 0.01401482707248562, 1.2957692598794708, 2.436155561670488, 4.20751448333028, 0.4432256094368889, 0.16699630369381635, 1.6168605163803185, 1.233682400518916, 0.01272360445148784, 5.235077027601191, 4914.009168561567, 2437.50974774265]
theta
[1.486641962589079, 0.8970171953076636, 499.39882026852285, 1240215503.0204208, 0.030812741462161328, 0.014405832393952572, 2.2898123169808473, 1.5483838524439768, 0.27535012631019873, 5.321535604476528, 0.2932352868123952, 5.504894763555203, 1.054158581865669, 1.7235059709743852, 4.769239932297693, 3166.3753373968516, 3687.2037643057442]
theta
[1.4859669619803233, 0.793390674004247, 392.3582579883611, 1240215503.092361, 0.007514890422937942, 0.019115212404857918, 1.737749084947097, 1.6560272958789801, 5.264683015196204, 5.905092017903435, -0.42915070134483274, 2.1086452628747963, 2.751313792497929, 2.743785123785371, 1.6206196225097425, 4704.419463649915, 2003.2415865124176]
theta
[1.485159735415159, 0.8756831342296176, 464.6713510942689, 1240215503.0813758, 0.038141945397974046, 0.038500889123456984, 1.1884556608085113, 1.9898174773940551, 5.662104511993146, 0.662911312405033, -0.13535383094403147, 3.8605575868668076, 2.3925783164548675, 1.9208466239221733, 2.4060219591367, 199.90136474412168, 3509.963087803666]
theta
[1.486739359770619, 0.8554972935936994, 369.99534589563643, 1240215502.9731307, 0.0054149401860731534, 0.026850077353294356, 0.2774907961074379, 2.0765851872708225, 1.5110289652069004, 3.7430327892372275, 0.40712586219110475, 4.232415054201891, 0.9060485827720787, 1.4948136730950055, 3.3314944280810077, 4059.138398931017, 4063.7059106598354]
theta
[1.4865631507678148, 0.5294172252678722, 455.25960499474206, 1240215503.0688238, 0.0026923794431571836, 0.0403597708577542, 2.1737784219713094, 1.9225164287698588, 4.133841184075389, 3.652523486264146, 0.9163033174306202, 4.472584439973705, 0.8035031099273803, 2.07113407366663, 3.1853595401509334, 4704.533816635007, 2779.312542675478]
theta
[1.4879992711054508, 0.6699479106084433, 437.0383966768225, 1240215502.9532082, 0.005403065291985038, 0.023214089243225145, 2.4840508127509535, 2.0822668011777226, 0.6330980854533609, 1.5213907677071048, 0.4828670227969941, 3.274590032348955, 0.38749913366941885, 1.2921076169533676, 1.2311809515470267, 64.3662594695893, 2740.835139513932]
theta
[1.4895390607125523, 0.7812131891668883, 240.4342728825459, 1240215502.949055, 0.04422078942781528, 0.019012332250481174, 1.388459114809141, 1.2280746212532825, 0.9140254358006678, 5.261118156408749, -0.09105060720334861, 2.249490252424486, 0.5887428587584054, 1.899668181444501, 4.6016843368623315, 4663.446333377053, 3707.4781669466206]
theta
[1.4895347801475691, 0.5723667763157494, 350.0102450969134, 1240215503.0275092, 0.022153994330813106, 0.019918768041393326, 0.6143660419276368, 0.48511497971538836, 5.655000174061135, 0.03542791374494083, -0.27264748142387096, 5.972881490849266, 2.031701509923647, 1.8645493942832139, 4.573740408392167, 4783.883881820472, 4421.8740198849]
theta
[1.4872278469664657, 0.580921648517404, 371.5256427777929, 1240215502.9463687, 0.038777787137055875, 0.03360413902830702, 1.575336442597365, 1.2237034754396678, 1.6295057771843087, 1.1319118366636458, -0.4604976500490165, 0.5841613948840267, 1.0223074589836951, 1.6993126882710525, 0.738802689062603, 3449.5112302768166, 3691.138497048647]
theta
[1.4859344910475922, 0.6673991281484106, 376.382533063814, 1240215502.9498756, 0.045585030684238526, 0.012628082563823972, 1.4734882558972724, 1.281558453742499, 2.4869211791503654, 6.244959191056471, -0.32982587758911297, 0.4410534819968197, 2.6633016586194542, 1.3765680952718484, 3.406194226723214, 4712.975450158568, 2296.387549494343]
theta
[1.4889010732697512, 0.8715404919041037, 354.40602060912903, 1240215502.950244, 0.008890530544771092, 0.007920006014639241, 2.4880164198155335, 1.594301975454541, 4.100063243457678, 0.7114816400763464, -0.9456134507120932, 3.6506175387600517, 2.385515560310793, 2.864210677725178, 1.1655963457769067, 1718.5248999825842, 977.0163797985155]
theta
[1.488447256850429, 0.7589132147080633, 450.0918582139543, 1240215503.0864162, 0.039047095672043924, 0.010304984321661409, 2.8366211045559533, 0.9360282373449493, 0.622457997902881, 1.8866161321914312, 0.33840378968106066, 1.4603306015832946, 0.5495175048425117, 2.941666866055504, 1.2233142572901279, 790.4578145988528, 1367.6856593008968]
theta
[1.4857309183241643, 0.8328382325081807, 433.89938809822706, 1240215502.949158, 0.0011115616765286606, 0.038357367529562154, 2.088616362855504, 2.5936853991782067, 3.7355741675140557, 4.437314768141276, 1.3419836569619192, 1.7358886346501923, 0.8095532060698593, 2.687365075210954, 2.769926003993039, 3168.5128105583954, 4901.152156696842]
theta
[1.4851193171277015, 0.842240310697375, 377.05174112660944, 1240215502.969063, 0.017433774568662304, 0.04767280376368807, 1.3508047207559586, 2.3217959951212612, 4.905236835607986, 4.1163942706858165, -0.6962248789631036, 2.7290761082251707, 2.0014875183935166, 0.9129572454735381, 2.9385001686390777, 1627.7642133497445, 1177.469051937497]
theta
[1.488616726837429, 0.9440888462527979, 497.7426186921867, 1240215502.9255674, 0.008298277381335612, 0.03284532168270419, 0.8541911838114952, 0.7555164475515731, 6.114948564126759, 1.8463353812680618, -1.3590574006856266, 1.154652454214901, 0.885093036978884, 1.5275821138008483, 4.066998813977663, 2044.623805892139, 3553.8411261082492]
theta
[1.48991675223074, 0.8513675746273909, 249.48702507423846, 1240215502.9733744, 0.032723972119475024, 0.014851403753832926, 0.21009432875578235, 1.6655340337079219, 4.542968004031261, 6.144793590048721, 0.21981595514613955, 3.66972575046957, 1.4855575543446857, 2.492128750177338, 1.4010624652410009, 4738.952131513062, 2820.2950947415206]
theta
[1.489479709140395, 0.6035907139836991, 391.27383693046056, 1240215502.929002, 0.041186761172064865, 0.0327463370651081, 0.6575920537776778, 0.8499939483697182, 4.57770726449493, 4.285007787050636, 1.0119102110757445, 2.358562705041947, 1.3437092074529633, 2.652523440844974, 3.61252337471055, 3435.8384447881635, 4234.406397147473]
theta
[1.4895583279749047, 0.7794364082065564, 57.560119732641176, 1240215503.0295088, 0.043999985412099915, 0.037973398834426374, 0.08632498082777082, 2.233298064195557, 3.3625448684826518, 1.4748522529445105, 0.5505535086913779, 6.238127148861009, 1.953933011939869, 1.2528184090211978, 1.4208510630631865, 3739.9244839222697, 2812.1856784980873]
theta
[1.4853508187899156, 0.6969904223179371, 302.73345765290753, 1240215503.0707753, 0.038513063882961066, 0.023892981754788847, 1.1448067409051295, 0.9444681305546788, 1.0585967207738125, 0.25386094752295024, 0.7543428461791194, 4.036768114005029, 0.9740498274585557, 1.861170541684679, 5.7276988336883115, 2897.943034848882, 1006.5452725595708]
theta
[1.48542178159085, 0.6834151405167798, 411.162010684175, 1240215503.1006637, 0.043863788454406395, 0.03915897439193413, 2.0176831614019655, 1.879071168021149, 5.829863795956727, 0.8343922574983624, -0.4852808026327643, 3.1901090401950705, 1.0937021406689427, 1.1388381902042655, 4.781467353846028, 3450.24239793849, 3377.1327847923353]
theta
[1.4862163172376606, 0.7032790154037319, 461.9457208324416, 1240215502.966302, 0.029314758817324534, 0.013920581510563551, 0.32292920114606216, 2.9392847554802315, 0.12041835203114264, 4.258767662830421, -0.3457588372999081, 0.841812965105109, 0.8775520978659445, 1.446595176092676, 3.7065235311984144, 3102.963860710736, 1714.2444964828862]
theta
[1.4891912721216403, 0.6977179296260226, 447.45280831442204, 1240215503.0085409, 0.03649710733435117, 0.002035634154745403, 1.7709592417832483, 1.4895293797545899, 3.0663832889045266, 2.7065672244058794, 0.3127821888836088, 5.676733128433023, 0.9068275697764789, 1.4574475646912437, 3.933016576803181, 415.6197337760548, 2215.612932849106]
theta
[1.4879821849924677, 0.8772494783962377, 145.4312119195189, 1240215502.992364, 0.035797098514010355, 0.030506351589711135, 0.14454884006590057, 2.56362837967124, 4.701339586416895, 1.6848388171313697, -0.7225954600319126, 5.757014708064131, 1.0860872201648404, 1.6805383911344072, 2.649994185851013, 4532.021456009886, 920.7929020777284]
theta
[1.4865331553823444, 0.9579762266861725, 158.74926503516795, 1240215502.9793737, 0.029302574598758038, 0.03650725024385484, 0.7430294987002494, 0.3463687219230911, 1.2267767762065047, 0.24325465600041296, 0.9972982010057251, 5.517352085431557, 1.7588097441587296, 0.2661708062115484, 2.3317391325196106, 614.5941658058174, 3105.862957583563]
theta
[1.489510612203998, 0.7443094160213676, 463.96692445635495, 1240215503.0515172, 0.025199693118207623, 0.003531671899369521, 1.7236981386888255, 0.40728988629070567, 3.157686241899162, 0.1586812636509356, 1.1676153482853013, 2.964567495414615, 1.4840015827120618, 1.1398235082895563, 3.7047897399927443, 3634.4573004472813, 2959.5465796384096]
theta
[1.48579336011432, 0.8576912194825561, 464.61132150775484, 1240215502.9714687, 0.006484498729130223, 0.016975259079400225, 1.884836662771007, 0.9631305528009363, 4.110599453057896, 4.760267197029899, 0.16787529799734757, 1.7386444397329552, 1.627503204850317, 1.3405930985621537, 1.5955633991287879, 1898.9247083369094, 1903.8243250035252]
theta
[1.4891528244061274, 0.6573889432257621, 352.94261899592897, 1240215502.967524, 0.04168547157465791, 0.002593632048694061, 1.627372084902982, 1.6625394022333293, 3.998765951766414, 6.031436147789794, 0.24844351142705898, 1.1329155559351751, 1.2126603468645614, 2.432189291187006, 6.223005112791621, 1557.0963754351924, 455.4915222214795]
theta
[1.485739955361667, 0.6029651252112508, 275.2083525152248, 1240215503.0211008, 0.032573736354237916, 0.04433432194617082, 2.402802391299925, 1.194440726066811, 0.8491518981911438, 2.3628253619543877, 0.8290086281050849, 5.71029744630962, 2.252843235555902, 1.67631669917532, 3.5676572191816893, 1957.1590416444367, 3415.979668301485]
theta
[1.489209602379019, 0.5629933258241915, 474.9185013383224, 1240215502.9318438, 0.0481512011003981, 0.025399823067899646, 2.6156827964998803, 2.513549155327663, 1.7678790506797444, 5.258028973103827, 1.4432979367768064, 4.651579200054828, 1.569543322585587, 0.5441969038797948, 4.933541367539328, 2076.891781558067, 4118.90634119023]
theta
[1.4871127350074136, 0.8274590672574221, 404.21800353144255, 1240215502.9298356, 0.02623841867429923, 0.008561449018216828, 2.4115134606855353, 1.8169391283334155, 1.8317453959585928, 4.0558812327716645, -1.183020731279445, 3.949093199715562, 0.7866124417712793, 2.9273577877073094, 6.077806374759213, 3913.465556768803, 2289.1907232989106]
theta
[1.4887667463590173, 0.8741010663765487, 474.54666416605687, 1240215503.1162202, 0.038767365839531436, 0.019270777798027508, 0.5426753592279393, 1.3041242689624388, 3.9911889648475865, 1.1677183931917803, -0.2946078765543458, 5.143092528676547, 1.5017339675976367, 1.5721138662636678, 1.123017746870607, 3138.193819291136, 2021.1081989838715]
theta
[1.486102868015406, 0.5024975559314484, 338.62728306230025, 1240215503.0990155, 0.015106334656476468, 0.02853444703849708, 2.683250149344758, 1.862708417480392, 5.2077479663878, 5.883027187857097, -0.5432488328223265, 1.2636156104685026, 2.850149795198046, 2.539840145548233, 1.135816841185638, 2738.782662943806, 4741.344648127742]
theta
[1.4851251513195565, 0.5920486085456362, 268.52783316624493, 1240215502.9539237, 0.03317200449046195, 0.002596679074492686, 0.7433606034691429, 0.6820918404274509, 1.4588237640127664, 2.158308779344973, 0.2876802847331432, 4.52367095856123, 0.8756456448887985, 1.9691395910483125, 2.578763710931622, 1634.178914026942, 1813.6559686975456]
theta
[1.4858559266828153, 0.5752099224413479, 292.4217514247061, 1240215502.9733377, 0.013466045556958956, 0.0003176044799601263, 1.4438899326369128, 0.2957302046725001, 4.8545517107171925, 0.6817782561751012, 0.9491503561557069, 5.684253723566003, 1.001731645768554, 2.5146552294054576, 1.996128081398145, 4410.730063582117, 1173.205033605136]
theta
[1.4883097063627173, 0.6265050765414357, 415.9761971874173, 1240215503.040488, 0.019661670642803525, 0.005878958606387919, 1.3712422612861468, 0.2876729197088116, 0.5174844247841424, 4.216608384839822, -0.12376878193125684, 4.201429119857529, 0.6471247267410155, 0.7522074394078022, 1.60397703287859, 1951.7014443664498, 4182.216906459946]
theta
[1.4885780118178582, 0.5193544583503492, 496.7932979426943, 1240215502.9364502, 0.04710637068241963, 0.040927364162078345, 2.136843615120171, 1.3059937785123472, 6.264665693255684, 2.0618239902715865, 0.9390459917574664, 6.246762045218403, 2.0749838349127767, 0.680697767157998, 5.307245500314706, 2997.261036693217, 684.3959843134489]
theta
[1.4873370647691133, 0.5541006724889056, 351.68308331497207, 1240215502.9450886, 0.009649681360110114, 0.045980943268002374, 1.6055910476775563, 1.8069230183658291, 2.171678936662846, 2.761030603518881, -0.28885301479611664, 2.2443496384122734, 1.178941207927494, 2.836549389292587, 4.939475247095027, 2290.534607410341, 387.37715407516305]
theta
[1.4856379690258172, 0.8392396131720776, 325.6271737279446, 1240215502.995289, 0.016121094861007722, 0.023093942911751614, 2.015764384909208, 2.191990505348977, 5.534004275160277, 3.8715295102126808, -0.30373653085031393, 5.599836653559432, 0.9642488926476813, 1.1564130968555473, 6.198064513988552, 1564.7550459037911, 4106.292402981781]
theta
[1.4873906359263016, 0.9363246309553224, 393.27425596189664, 1240215503.1066992, 0.04668642241983488, 0.045065385076289655, 1.9612273510022387, 2.3159829980515307, 5.815950702464578, 4.540866209947357, 1.1927650359165027, 6.019923250124834, 2.5054955556411174, 1.2612438621246271, 6.242805116699462, 4805.33731889576, 1773.2051985316311]
theta
[1.489917679747849, 0.7130023472732617, 364.95710882422236, 1240215503.0229135, 0.04528146681682793, 0.016430995686174583, 2.5742540544368615, 1.8053205820397487, 2.1437147038506303, 3.265617405331502, 0.24773718045689466, 3.277512096173377, 0.6097213903741724, 0.8751152654068209, 1.676701712021969, 4246.713366466081, 1480.4166384523255]
theta
[1.4890904198204113, 0.7103781678154466, 467.9158643687004, 1240215503.0835829, 0.027293435206093376, 0.006506130116861797, 1.4713259779036456, 2.028127109596248, 4.2745096690065285, 5.961675805623078, 0.11840374237331018, 1.2255474112855573, 1.942308577517464, 0.44682202889485056, 3.107539744014277, 3793.843901759438, 1815.3198468409742]
theta
[1.4873313568569657, 0.7317922410143198, 393.3197071347676, 1240215503.0881965, 0.010604511398920836, 0.0017806418026744598, 1.5847318594701405, 2.245074335591406, 3.5166268406761367, 4.048451590320505, 0.3943091512747145, 3.581205055204491, 1.4250934638358197, 0.718625133992501, 5.6116403235083325, 2087.6954371669585, 315.5209704474571]
theta
[1.48565075984493, 0.6734953798420908, 174.09600921549512, 1240215502.9262488, 0.035800066738741435, 0.03280504835837066, 2.1661505607661393, 0.48130726978558336, 5.918693589443983, 2.860811436079147, -0.4827458930230364, 0.4380684916924272, 2.495076748746843, 1.5556212787485806, 0.3365737965840368, 2230.1767737232362, 2171.6535063977226]
theta
[1.4872773092953697, 0.6536855390902923, 475.2274957717453, 1240215502.9736457, 0.023193316638061408, 0.021273109481361536, 0.5387935107695335, 2.1943368319039815, 4.51093923148813, 3.08389808213617, -0.2195078393035172, 2.0694999599722514, 0.29392692064092585, 0.3038386806994113, 1.3384863856044054, 4172.293777692186, 4272.416088458101]
theta
[1.4866168608753398, 0.7523883426131242, 404.60520238262507, 1240215503.0526147, 0.011153993816357944, 0.0436482750109713, 1.2627645940055232, 0.7856824075704901, 1.4050294532103105, 3.332242789417169, 0.8913271037102649, 1.266369200810836, 0.6007711707592559, 0.12117151543698257, 5.359434423807738, 3503.2433319533425, 4489.50522102677]
theta
[1.4884793705895223, 0.9924066487799172, 407.11675736185015, 1240215502.9173653, 0.04549745903452421, 0.02023117144893053, 1.1246570931989375, 2.8365125935632345, 4.7644238716888685, 1.830296187561774, 0.9372418061897336, 2.1137178289010317, 2.7324480186187494, 1.7981218460333634, 4.3078999442011, 1824.0227731513587, 1890.5121106057666]
theta
[1.487255883632934, 0.8579296574291493, 301.003385513077, 1240215503.0142572, 0.03561631577430432, 0.018069116808841452, 0.3622849888992326, 1.9335559502128912, 1.017870110696668, 3.4764793909125298, 0.23734142859156646, 4.262274816646537, 1.6504447621772633, 2.4119209190183177, 5.97011981028199, 1449.8010433888765, 1109.9994735375335]
theta
[1.4871717956140027, 0.7818743367207781, 401.4660504184745, 1240215502.9301686, 0.012770668158956229, 0.034334236536348095, 1.4807440666847904, 1.860947701165545, 2.48127411097799, 0.768610775338299, -0.6191572210394991, 4.425170949126065, 1.2144541693808046, 2.76887201066402, 4.72063193013567, 1016.3069399237262, 3680.6171663353716]
theta
[1.4851913109809094, 0.8084541508757874, 302.5961834148762, 1240215502.9196284, 0.023914728632390254, 0.018917282848564865, 0.6623618761403687, 1.469209729120879, 0.43915154465064415, 0.548908967963693, -0.9764038395990258, 1.0803070716149312, 1.1641927357110813, 2.4725432428306937, 2.346045718095124, 1018.7023324318628, 4604.749440778515]
theta
[1.4885070551774175, 0.901400305403566, 494.4376200104523, 1240215502.9945512, 0.04031927220379028, 0.0162294686487714, 2.6128446202340396, 2.2253583423408108, 5.9505613807389315, 5.0668950908249295, -0.26193917407680356, 3.629038787653282, 0.6967278403673081, 0.10989621366588329, 0.9320160986328958, 3073.017156092589, 3392.1747606239473]
theta
[1.4870472193946063, 0.6426579926153021, 491.17248340026157, 1240215503.0609741, 0.036785758553102225, 0.045816047819252935, 1.4198253477625966, 1.342358260695212, 4.110704574283488, 1.9196992320795032, -0.31114185303231, 1.7177763260285095, 0.5931107666755474, 0.5588169773879754, 6.266553332359024, 436.4240421505372, 3872.832511860321]
theta
[1.4858392969311767, 0.7438689745356568, 456.1027846185721, 1240215503.1159122, 0.007382502922021573, 0.025861896923085062, 1.4647890989911558, 2.7768235568781074, 4.083492735125608, 4.78844746879593, 0.4452303544888796, 4.295441735832523, 1.8627993394200968, 0.1857995805291732, 6.277199383220576, 1088.8170642727052, 1545.7627291584797]
theta
[1.4877254312278834, 0.9665114458814947, 424.3645106354249, 1240215502.9193892, 0.03341929660770436, 0.028436375856120688, 1.4785413789147255, 2.8409192609738243, 0.42997188011730253, 0.228822486139599, 0.20747015055740647, 1.0873808559496787, 2.696344487336828, 1.415956333080823, 4.35126324887298, 1451.082290852046, 4538.520913350986]
theta
[1.4865378098547062, 0.6015522719247706, 379.4980321367033, 1240215502.9395957, 0.03562868841405497, 0.010256463988494164, 1.160146157977642, 1.7308136887305414, 4.858750999374702, 2.109981727858385, -0.30290775913494605, 0.929783516047935, 1.039644614236783, 0.2568398772705373, 1.4842663026079161, 4793.690447840979, 889.86199675677]
theta
[1.4889246761648367, 0.556493991460518, 481.3024619555329, 1240215503.0966303, 0.048652492776895595, 0.017573930679118582, 0.8472931081813929, 1.2794171151235656, 5.602816109652835, 4.386422343887531, 1.2743083199503018, 2.4373454716454455, 2.0928249207339755, 1.8926978728795567, 3.6122459149732395, 271.4137699491992, 4486.516260860395]
theta
[1.4892242658673134, 0.7151842325077329, 391.9909370839099, 1240215502.9893734, 0.0021778060991029915, 0.027152486024563927, 0.3659066073145859, 1.4275175619358802, 6.087410300435214, 1.476086363999354, -0.6122188279781338, 0.8958574997290771, 1.3555180194735874, 1.210010637378368, 5.30522583482203, 2579.0187603445906, 4284.490424314998]
theta
[1.4853444322132199, 0.5260986874547267, 422.032294507918, 1240215502.9883814, 0.04405106950705623, 9.811610822064166e-05, 0.7742907359379079, 1.600230659470118, 3.463329708570333, 3.7999991798997947, -1.3793764383903389, 5.13121294976654, 2.3041352403820086, 3.1022540812900883, 1.3175636569236022, 4308.678353463034, 4400.854816811173]
theta
[1.4864102961108832, 0.7436300355718006, 323.7999612567471, 1240215503.0678875, 0.001195006674612309, 0.03675223841362677, 1.6150728275831618, 0.9794341297127701, 0.6080154791452596, 6.18965300977211, -0.4005383480831796, 5.322608848123826, 0.8746007722742891, 0.6832790372879083, 2.459609011669942, 3346.5613504804983, 4127.657960013341]
theta
[1.4870768433708195, 0.7488640944358914, 187.1946704327031, 1240215503.069999, 0.03622685633823581, 0.004632488799859108, 1.9042058536211632, 0.34732034191117234, 3.7384909032306144, 0.2224095830477551, 0.7856818711077873, 4.073177338965035, 1.9355834698476724, 0.9664366433819331, 3.8999989213521693, 1123.0367045740325, 4341.957869553125]
theta
[1.4859899979230697, 0.5692643739864475, 309.6736276824628, 1240215502.9637277, 0.04388572461643543, 0.029939957914306425, 1.6446402611938469, 2.5927776101341036, 5.0412670756905404, 3.7402654935631605, -0.4412151036835396, 4.509117979953053, 1.2010207423703667, 0.6160396659414857, 5.7287507989904904, 4251.4681324813255, 3669.699660476831]
theta
[1.4860070455951604, 0.7123359753515496, 389.06316505410064, 1240215502.9529052, 0.022766584376553725, 0.01692512030951005, 1.5173315791250335, 0.31183687337271737, 5.163393017374724, 1.0642366227949231, -0.39910706297405146, 3.396351145889006, 2.2210877152634847, 2.1888842904120867, 5.058162551406079, 2006.5310396167524, 3922.550464409059]
theta
[1.4886411199939484, 0.5406908743372411, 411.55474679143254, 1240215503.094848, 0.003944032825077693, 0.04995467979545344, 0.8632833263558632, 1.0331875705923135, 1.0112361770931075, 1.9669353889510137, -0.11428049261953582, 6.138751092695637, 1.144003216484696, 1.2579989478450713, 2.482093999386539, 3896.1067777589105, 1507.1943305377556]
theta
[1.4857521941455092, 0.8646562535111895, 422.3892557751341, 1240215502.9615471, 0.004283729438001155, 0.04552789525787257, 2.826587675721592, 1.5096424240283133, 1.5903827160221546, 5.245392617311908, 0.49533340968686723, 0.108803686607934, 1.3029169861405472, 3.094139885691114, 2.390725543948263, 244.61039672297292, 460.35429564593056]
theta
[1.4884738821238714, 0.9887937578582077, 416.9333727702892, 1240215502.9858434, 0.046494705835024505, 0.021282880203239898, 2.529101149702493, 2.254903302680116, 2.8442666981631453, 3.261786619550419, 0.6494617378176761, 3.7896079245707486, 1.391206998516179, 1.1485886771833784, 0.5517089475198338, 787.301563430639, 4944.127918193484]
theta
[1.4861130274284375, 0.6747503298940438, 492.5477152550675, 1240215503.054169, 0.03541829237560454, 0.03500129351235592, 1.6129832447702623, 1.3352396806411309, 0.4400770353730523, 0.1251542888749554, -0.36558216120347886, 1.0325080804291125, 1.8815163019410361, 3.0641008169182506, 2.8845591566582174, 3522.8273726608477, 1491.7677486787384]
theta
[1.4859667211332634, 0.8283075710345433, 430.3720580376562, 1240215502.947166, 0.039470116966530966, 0.028781714292064515, 1.2070377005592816, 1.8459689720614896, 5.59606733764152, 5.618770168018208, -0.07808296302316634, 4.522635551172289, 2.577040874189605, 1.6204645455131088, 4.477152623952676, 3863.8173469760923, 3986.848243130495]
theta
[1.485005533481244, 0.978553392332499, 104.68433477881575, 1240215502.9669247, 0.04057707596143287, 0.012393706731201616, 1.2041371486169654, 2.1703390546303156, 5.498763484809998, 1.9430972764528933, 0.1685611203025554, 1.9795698521866982, 0.9248372996035891, 1.4037049980536171, 2.2475394123281687, 3958.7198010098873, 1283.5705354886063]
theta
[1.487386589728021, 0.7709550328308392, 478.9316839719072, 1240215502.9361248, 0.011886505817534837, 0.0034906714286914112, 2.514660354254595, 0.9207835951625459, 4.33495393729048, 4.043827296667203, -0.3914674352204111, 0.08779276506647474, 0.6056422182517173, 0.9571360527326926, 1.6074529815844678, 2585.014737289145, 3220.240612365984]
theta
[1.4873063132343047, 0.626856221851971, 227.32120617606137, 1240215503.0043194, 0.035756444189298235, 0.03366202118287298, 0.3087209956060942, 2.012817889327959, 5.4220875336383, 5.429622130178901, 0.7699141243722074, 4.5885679627057865, 0.20811540260571437, 2.384701741258261, 0.5972300694453863, 4293.663151125695, 4582.814979146435]
theta
[1.488848678658574, 0.5988191942010019, 200.40877417306717, 1240215503.023125, 0.0053996843155853964, 0.04544782891309401, 2.7313009060139555, 2.3694946125616543, 5.829367509110148, 5.936892513029885, 0.29899734199706196, 6.26955500454432, 1.6649035468568136, 0.6007836890785367, 5.277166725885528, 145.35277739465892, 4666.780255926813]
theta
[1.4862413417565197, 0.9800861645537577, 310.3714580663757, 1240215502.9371386, 0.025775205995888097, 0.045511807000454936, 2.060945099512435, 1.1191824427142731, 4.818113576670269, 1.986344995398644, 0.4124246708479326, 1.4329019301697221, 2.317482007163496, 1.3996360593214656, 6.155342861460716, 3766.318554733593, 3750.529644819604]
theta
[1.4869512060788717, 0.7734830133142474, 319.18322137502884, 1240215503.0224602, 0.006568960498876342, 0.004898391348448378, 0.9202295435714136, 1.4857326486168918, 3.4395490984050197, 2.4555929264778418, 0.33510618438270634, 3.114580570583512, 1.6063178942200345, 2.7727153250624785, 5.57163055879315, 636.3217265637084, 1737.7843521791008]
theta
[1.487363711782347, 0.7324783252988679, 276.4933109231887, 1240215502.974872, 0.0014750512705363984, 0.018942380065981965, 0.5391825697698694, 1.3282853291178658, 3.131233690592975, 5.693772960620675, 0.6322964967030125, 0.1577533151717233, 2.0151447471162247, 0.33139987246248626, 0.5187034180348901, 2449.475072075994, 3369.4805574564098]
theta
[1.4884128172972753, 0.8164348048504536, 460.5659188654571, 1240215503.0509381, 0.030847135537107846, 0.002673266703424021, 1.170374633783217, 1.5613357165026738, 1.8813173343528085, 4.7916203780854225, -0.044923874410811575, 3.80791996344015, 1.3119048152663522, 2.204534680914519, 2.2870297622923026, 1036.644881219167, 832.4318875424897]
theta
[1.489724287440668, 0.637518819548657, 142.65104614106187, 1240215503.0548878, 0.03260880178546389, 0.017571217480987524, 1.472804642809095, 2.453011816503679, 0.06203832512724345, 2.074706954232124, -0.5574070997361109, 5.839143593558305, 1.683285145521975, 2.739862276428482, 3.6014975163795357, 222.0841871502105, 1673.3122315844817]
theta
[1.486454788989409, 0.5967714821008576, 249.75796430852978, 1240215502.9846392, 0.01951927915154248, 0.030398595420481834, 1.320254076896573, 2.722082330769305, 5.480484784154433, 3.4645555471356024, -1.2718041793924764, 3.5378232658383295, 2.109760925691963, 0.30449046438987637, 3.5206555519990412, 4658.388803416545, 2986.186629771523]
theta
[1.4896237407862762, 0.9392885378493612, 450.1995072660811, 1240215503.0001493, 0.013218126139867253, 0.012679548261800228, 2.507100008037119, 1.7547522835258766, 2.1105668351472695, 2.425255799812508, -0.011328920618224794, 5.658987995616963, 1.3152529514706601, 1.2891270476536814, 5.430082819621924, 2320.7398800195037, 4200.46351896882]
theta
[1.489893538307922, 0.643149233999905, 490.45265409250493, 1240215503.0272112, 0.0005185263937380447, 0.0344127402576087, 0.8524478883367209, 0.3440117338008641, 2.5406410058153197, 1.4835763290703254, 0.30310523118553656, 4.992036340402375, 2.0159104291613428, 0.6622574612127384, 1.7679348191008821, 3974.725651793278, 4158.8689653908]
theta
[1.4876630057869713, 0.5270909054882049, 434.0565571320418, 1240215502.9757838, 0.015862174503122346, 0.035203458450335866, 0.6012662917588916, 1.7923032197508366, 1.8057096832834565, 4.3910916639258435, 0.5965436118135182, 4.880294465661479, 1.0446028073999636, 1.5986737632534072, 0.09892257193283908, 3087.7685244305053, 3290.0234762636564]
theta
[1.485741885872076, 0.589691786520256, 267.44005247629593, 1240215502.9912772, 0.03683515418617241, 0.023290268900871536, 2.5739276181868314, 1.7759967211890868, 0.5744264690024881, 4.695799428281114, -1.0499055283359982, 0.5180021765576718, 2.3400190896718813, 0.09074595390234125, 4.838361146358747, 237.8818818848588, 3294.6141546610147]
theta
[1.4854381015765665, 0.8146745756927848, 408.13674573427465, 1240215503.0545084, 0.009800064070065334, 0.045550463382473136, 1.8910154994600599, 2.9911778165328875, 0.6822317845304345, 3.2609989594340183, 0.7300577554419037, 2.9701398768679117, 2.2904871507417695, 2.4252953769096184, 4.549489636719064, 2414.5495289260866, 3101.066220214642]
theta
[1.487700883592863, 0.7783060363351373, 472.4765760614627, 1240215503.0710526, 0.03130582605528969, 0.04858092796468601, 2.7982879071678957, 2.215293049570829, 6.2347031498221215, 2.6518913924028067, 0.5349313086080588, 4.61239704345466, 1.8059113341497046, 1.685569057512145, 1.8958374003875091, 3462.496682849913, 385.5887273827274]
theta
[1.486674569877372, 0.788178152656867, 219.16391626380366, 1240215502.9604344, 0.038913564738245185, 0.022065246282126125, 0.8259736836294971, 0.8449910430761522, 0.9189677295369553, 3.9413478905579713, -0.24949990319214038, 0.669481700238371, 1.6691054963048901, 2.202106210844234, 5.69104264683934, 1948.1193136511172, 1113.4146458728844]
theta
[1.4885476344206943, 0.5249620171098226, 327.91282709481794, 1240215502.9311354, 0.014942691127670639, 0.04783947080880744, 2.703720869263057, 2.3945459954071695, 1.427613889131412, 5.340558039381783, 0.1610611422476861, 0.4975736552296332, 1.1421832487254615, 0.6738074157310316, 0.2115828849284023, 2376.6248961488636, 713.3828722864838]
theta
[1.4896776764430877, 0.6575218952570768, 326.9895809972762, 1240215502.920351, 0.029884060722875777, 0.022019822632218102, 0.9805296941312275, 1.7262718402993364, 5.082016257490795, 4.223381991877728, 0.539444107495216, 6.080815573860211, 2.033960167675096, 2.6269822314542783, 0.006629820429307578, 2234.5800025131557, 4884.02142502594]
theta
[1.4877502297187877, 0.5893868722794786, 368.06223654674045, 1240215503.0503588, 0.011116447614239739, 0.01602470496391566, 2.288608554433854, 2.15391427470532, 5.725314155014669, 2.6904479736770335, -1.194438868663247, 2.3955320040990244, 1.0719860902705656, 0.9498375659254441, 3.0506810097284, 3690.0784994642754, 2801.881676423319]
theta
[1.487403810970143, 0.5313674967452758, 433.66428703375044, 1240215502.9306884, 0.01662799366897356, 0.008539631022371713, 1.3794151835057393, 2.419960601804119, 3.2529121583412257, 2.7773017368389636, 1.006249322606292, 4.266788921889279, 1.4056197594918587, 1.5781990812983862, 5.128385052166283, 4953.494388952542, 4748.712940515291]
theta
[1.4857296268785702, 0.7776560748869854, 277.33641820496547, 1240215503.0741541, 0.01931373032216803, 0.01867670229498544, 1.7255505445766155, 1.7609979830256657, 6.207359406973326, 2.4707605573512117, -0.5419070606506979, 5.588951145986015, 0.6059416798641667, 1.0534590476708088, 1.6944863974471533, 831.3292803505717, 2228.06037397523]
theta
[1.4893571575240625, 0.8824603513818936, 452.3629000581331, 1240215502.9207804, 0.027125464792148585, 0.03653361582904871, 1.6746392593389623, 1.2952281878570027, 3.3287850563941253, 4.257074243465566, 0.2996815503783956, 3.417215523664677, 0.6312599838443077, 2.2697710966960774, 2.111482513669358, 2973.634281296563, 1406.2203191947704]
theta
[1.4867820885121201, 0.9500007756009975, 419.2792000343733, 1240215502.987307, 0.027467707846898205, 0.014133504114963802, 2.218402246009488, 1.7746450079995444, 0.32315431758821084, 4.627181521330228, 0.41480310080902516, 5.8310857055139245, 1.9366423007455242, 1.6622552291256243, 1.5580902111649273, 1652.454941270074, 1096.2811105385767]
theta
[1.4888844878733893, 0.6049919327448413, 451.2826826786623, 1240215503.0016446, 0.04479507104240224, 0.04965565296747914, 2.511117129425697, 1.3525124229869676, 1.1442926001536506, 4.433870713968878, 0.5303932250841044, 4.316840074428201, 0.7986571067945653, 1.7497279239426204, 1.1983321114575431, 3675.1992158805833, 101.58952100426278]
theta
[1.4858762465376787, 0.6042914620084419, 496.30380336378903, 1240215503.0257213, 0.022925254203734827, 0.015600052219648358, 1.31234330421195, 2.4330262540493757, 0.9758690838981549, 1.020380964177781, -1.006712748372981, 4.714945223171662, 1.2038241622811698, 2.554020013069912, 4.615917429804959, 760.7522492573565, 1236.0986605969154]
theta
[1.4858662710170192, 0.5532317017100772, 313.7544770812479, 1240215503.0082695, 0.03883981653916026, 0.04973679425541119, 1.782681507395235, 2.0940068909017073, 0.9201237240979793, 5.045003393710924, 0.1211130687644424, 0.9214208685080417, 1.1396675078439997, 2.8139086762633214, 1.5841380104346672, 4263.677094642154, 137.7897385619248]
theta
[1.4884839189479055, 0.5140860123337572, 199.48582180459186, 1240215503.0760493, 0.03862874685828648, 0.0011623682122005596, 1.7612259135939072, 2.4402976571706123, 3.2047636943485034, 5.811631067271433, -0.6892206883552673, 5.8458880392174, 1.642545514267527, 1.206639078643933, 4.215165882756717, 1046.2644697774288, 85.65913238314127]
theta
[1.488386769773487, 0.5272399510880323, 340.52942020196207, 1240215503.0147364, 0.005107695655340661, 0.012481239329275223, 1.5466764139671298, 1.2809907660581457, 5.755108689640484, 5.784552679283086, -0.023140090594517774, 3.500316669669268, 1.0660823520536569, 0.1408709760243642, 4.256747271393648, 2589.282600439243, 2002.7160425787577]
theta
[1.4897105013339673, 0.9350799382133043, 416.6273352608597, 1240215503.0021365, 0.04099950089818433, 0.01603535222376279, 1.9058300924427571, 1.4959825887284326, 5.06608709096745, 0.7941921791211619, 0.8135389756100725, 4.515387307328741, 1.5138961872674153, 2.003378356829108, 4.99160119326816, 1043.2580927788915, 3527.1602422502892]
theta
[1.4864784118806396, 0.9587905748815918, 198.00196785370187, 1240215503.0478404, 0.020212514806572393, 0.000797628588897531, 0.6533542213492253, 1.8805407773776137, 0.4537022099779807, 2.271804703999324, -0.05301149080691837, 2.874544366174217, 0.5678398658717886, 1.2292435030506434, 1.6847162547306251, 241.78330222667077, 4066.0035058095054]
theta
[1.4897597222470256, 0.6117919350949601, 370.5021429007643, 1240215502.990434, 0.004940399344320784, 0.03841090712581234, 0.5761871036486765, 2.9434763363294536, 3.301270103469629, 0.6525496622962663, 1.0755360651743695, 4.919480643062103, 1.7660537776887146, 0.315406992013595, 2.446482079326808, 4126.051470648116, 4037.4877658652845]
theta
[1.486616393005669, 0.9630495841314375, 396.00818160819983, 1240215503.0372715, 0.012929511190174277, 0.008965713040108342, 0.9044425137890565, 2.5503784172527117, 5.575402864985084, 0.3210067588841795, 0.7589875645085037, 2.8302040303091145, 1.1698464127638366, 2.0912031803890634, 5.017492107267435, 2204.508811789972, 2039.3270795712476]
theta
[1.486325291256818, 0.5366113023213748, 431.48646864330055, 1240215503.0367198, 0.0267338312310229, 0.047709486348567275, 2.1435068666463852, 2.0154477865383007, 1.3051035452767534, 5.604129723182563, 0.5535566789109647, 5.795864265755872, 1.5860062659505467, 2.3632309807206973, 3.8862557790792, 662.7432887553869, 996.1566932018212]
theta
[1.4891003082551335, 0.5485395087668761, 411.0641578484192, 1240215502.9503124, 0.013921035323110287, 0.0025685209644578655, 1.6831943903427455, 1.3515914032806382, 1.1330837859550116, 1.2125749963610377, -0.339218245553349, 1.5023113495321236, 1.4980424386584938, 3.1092666366378, 5.422333609144348, 1930.400529133266, 1556.593374576446]
theta
[1.4879756224487999, 0.6258544601747551, 440.65221864972733, 1240215503.0318725, 0.0038536721732603976, 0.041972827947722766, 2.3858825471299614, 1.845188486339673, 5.4661679860032715, 0.10543720238324392, 0.8410087465004022, 4.723427708517869, 1.2334494047595244, 1.6806408626120843, 4.870557061042639, 2067.2933632252057, 2274.0903982939753]
theta
[1.487529057811664, 0.7226032810557812, 462.5802596728809, 1240215502.9327095, 0.039471111564100256, 0.0061962903397565884, 1.2424877849227352, 1.4820597149568726, 0.32323044046746413, 1.5525776272273824, -0.9232190199718632, 3.3403753234922435, 1.3339848539658, 1.1487966677562749, 0.9555731640879535, 1896.5751052126272, 3338.4276356367513]
theta
[1.4879265414050162, 0.9288621552222893, 496.27849247332017, 1240215502.9758863, 0.0232667759061118, 0.03897430687556087, 0.7449495194261893, 2.364196490953683, 5.582543113257579, 1.6013628736349619, 0.31156010073910895, 1.746989803125165, 1.7183895441543098, 3.12849455156954, 3.967230650562909, 4094.3855878410423, 2.0379444259394086]
theta
[1.4898537691222111, 0.6251976081932746, 459.9386297689696, 1240215503.030914, 0.04924258923335047, 0.048163641451314944, 1.7006400292734367, 1.7399571245523815, 0.897044572972584, 4.426690394712975, 1.1621077262927202, 1.4269802735005244, 0.6835240350825776, 2.4759756720309896, 5.528104675357356, 1239.5573012738332, 237.6724914656042]
theta
