NFDist has source_type = nsbh
self.parameters_ref
{'chirp_mass': 1.1975896, 'symmetric_mass_ratio': 0.2461001, 'a_1': 0.01890608, 'a_2': 0.04888488, 'tilt_1': 0.0, 'tilt_2': 0.0, 'phi_jl': 0.0, 'phi_12': 0.0, 'lambda_1': 100.0, 'lambda_2': 200.0, 'luminosity_distance': 40.06331818, 'phase': 5.88649652, 'theta_jn': 1.93095421, 'psi': 1.59687217, 'ra': 3.39736826, 'dec': -0.34000186, 'mass_ratio': 0.7779384106788951, 'mass_1': 1.5621553813557303, 'mass_2': 1.2152606746053602, 'geocent_time': 1187008882.43, 'duration': 128.0}
3662it [0:00:57 bound:2 nc:1024 ncall:3.8e+04 eff:9.6% logz-ratio=-3.11+/-0.07 dlogz:123.004>0.1]
3845it [0:02:18 bound:5 nc:920 ncall:2.1e+05 eff:1.8% logz-ratio=-1.64+/-0.07 dlogz:122.846>0.1]
4033it [0:03:33 bound:8 nc:831 ncall:3.9e+05 eff:1.0% logz-ratio=-0.13+/-0.07 dlogz:138.445>0.1]
4223it [0:04:46 bound:11 nc:757 ncall:5.5e+05 eff:0.8% logz-ratio=1.49+/-0.07 dlogz:179.434>0.1]
4410it [0:05:59 bound:14 nc:796 ncall:7.1e+05 eff:0.6% logz-ratio=3.15+/-0.07 dlogz:224.318>0.1]
4597it [0:07:16 bound:17 nc:597 ncall:8.8e+05 eff:0.5% logz-ratio=4.72+/-0.07 dlogz:222.564>0.1]
4783it [0:08:36 bound:20 nc:1942 ncall:1.1e+06 eff:0.5% logz-ratio=6.39+/-0.08 dlogz:220.714>0.1]
4967it [0:10:00 bound:23 nc:1123 ncall:1.2e+06 eff:0.4% logz-ratio=8.22+/-0.08 dlogz:218.709>0.1]
5152it [0:11:23 bound:26 nc:1060 ncall:1.4e+06 eff:0.4% logz-ratio=10.01+/-0.08 dlogz:216.738>0.1]
5341it [0:12:47 bound:29 nc:924 ncall:1.6e+06 eff:0.3% logz-ratio=11.96+/-0.08 dlogz:214.601>0.1]
5527it [0:14:10 bound:32 nc:1076 ncall:1.8e+06 eff:0.3% logz-ratio=13.83+/-0.08 dlogz:212.553>0.1]
5714it [0:15:32 bound:35 nc:1203 ncall:2.0e+06 eff:0.3% logz-ratio=15.88+/-0.08 dlogz:210.323>0.1]
5904it [0:16:56 bound:38 nc:961 ncall:2.2e+06 eff:0.3% logz-ratio=18.32+/-0.08 dlogz:213.725>0.1]
6088it [0:18:18 bound:41 nc:2345 ncall:2.4e+06 eff:0.3% logz-ratio=20.97+/-0.09 dlogz:274.809>0.1]
6271it [0:19:47 bound:44 nc:986 ncall:2.5e+06 eff:0.2% logz-ratio=23.59+/-0.09 dlogz:272.009>0.1]
6458it [0:21:14 bound:47 nc:664 ncall:2.7e+06 eff:0.2% logz-ratio=26.44+/-0.09 dlogz:269.685>0.1]
6645it [0:22:37 bound:50 nc:937 ncall:2.9e+06 eff:0.2% logz-ratio=29.58+/-0.09 dlogz:266.367>0.1]
6830it [0:24:00 bound:53 nc:2238 ncall:3.1e+06 eff:0.2% logz-ratio=33.42+/-0.09 dlogz:262.352>0.1]
7018it [0:25:22 bound:56 nc:1235 ncall:3.3e+06 eff:0.2% logz-ratio=37.95+/-0.09 dlogz:257.648>0.1]
7204it [0:26:42 bound:59 nc:988 ncall:3.4e+06 eff:0.2% logz-ratio=42.80+/-0.10 dlogz:289.061>0.1]
7393it [0:28:05 bound:62 nc:804 ncall:3.6e+06 eff:0.2% logz-ratio=47.67+/-0.10 dlogz:283.997>0.1]
7581it [0:29:25 bound:65 nc:801 ncall:3.8e+06 eff:0.2% logz-ratio=52.23+/-0.10 dlogz:279.256>0.1]
7766it [0:30:46 bound:68 nc:1129 ncall:4.0e+06 eff:0.2% logz-ratio=57.70+/-0.10 dlogz:273.612>0.1]
7954it [0:32:09 bound:71 nc:965 ncall:4.1e+06 eff:0.2% logz-ratio=63.34+/-0.10 dlogz:267.782>0.1]
8142it [0:33:33 bound:74 nc:633 ncall:4.3e+06 eff:0.2% logz-ratio=68.90+/-0.10 dlogz:262.035>0.1]
8327it [0:34:51 bound:77 nc:584 ncall:4.5e+06 eff:0.2% logz-ratio=74.67+/-0.10 dlogz:369.153>0.1]
8515it [0:36:14 bound:80 nc:1160 ncall:4.7e+06 eff:0.2% logz-ratio=81.49+/-0.10 dlogz:362.158>0.1]
8703it [0:37:37 bound:83 nc:1300 ncall:4.8e+06 eff:0.2% logz-ratio=87.91+/-0.10 dlogz:355.556>0.1]
8891it [0:39:01 bound:86 nc:1000 ncall:5.0e+06 eff:0.2% logz-ratio=94.25+/-0.11 dlogz:349.052>0.1]
9080it [0:40:24 bound:89 nc:835 ncall:5.2e+06 eff:0.2% logz-ratio=102.28+/-0.11 dlogz:340.816>0.1]
9269it [0:41:45 bound:92 nc:1008 ncall:5.3e+06 eff:0.2% logz-ratio=110.03+/-0.11 dlogz:332.890>0.1]
9450it [0:43:05 bound:95 nc:348 ncall:5.5e+06 eff:0.2% logz-ratio=116.58+/-0.11 dlogz:326.162>0.1]
9635it [0:44:22 bound:98 nc:915 ncall:5.7e+06 eff:0.2% logz-ratio=123.40+/-0.11 dlogz:319.154>0.1]
9820it [0:45:43 bound:101 nc:1015 ncall:5.9e+06 eff:0.2% logz-ratio=130.91+/-0.11 dlogz:311.462>0.1]
10006it [0:47:06 bound:104 nc:1035 ncall:6.0e+06 eff:0.2% logz-ratio=138.54+/-0.11 dlogz:303.644>0.1]
10193it [0:48:27 bound:107 nc:846 ncall:6.2e+06 eff:0.2% logz-ratio=145.66+/-0.11 dlogz:296.360>0.1]
10382it [0:49:47 bound:110 nc:1134 ncall:6.4e+06 eff:0.2% logz-ratio=153.13+/-0.11 dlogz:288.698>0.1]
10567it [0:51:09 bound:113 nc:1127 ncall:6.5e+06 eff:0.2% logz-ratio=161.30+/-0.11 dlogz:280.345>0.1]
10751it [0:52:29 bound:116 nc:1013 ncall:6.7e+06 eff:0.2% logz-ratio=169.07+/-0.11 dlogz:272.406>0.1]
10936it [0:53:51 bound:119 nc:351 ncall:6.9e+06 eff:0.2% logz-ratio=177.48+/-0.12 dlogz:263.832>0.1]
11124it [0:55:14 bound:122 nc:827 ncall:7.0e+06 eff:0.2% logz-ratio=185.66+/-0.11 dlogz:255.450>0.1]
11311it [0:56:34 bound:125 nc:557 ncall:7.2e+06 eff:0.2% logz-ratio=193.97+/-0.12 dlogz:246.964>0.1]
11495it [0:57:59 bound:128 nc:906 ncall:7.4e+06 eff:0.2% logz-ratio=202.52+/-0.12 dlogz:238.218>0.1]
11681it [0:59:22 bound:131 nc:980 ncall:7.5e+06 eff:0.2% logz-ratio=210.72+/-0.12 dlogz:229.953>0.1]
11820it [1:00:32 bound:133 nc:867 ncall:7.7e+06 eff:0.2% logz-ratio=217.40+/-0.12 dlogz:223.133>0.1]
11994it [1:01:49 bound:136 nc:877 ncall:7.8e+06 eff:0.2% logz-ratio=224.68+/-0.12 dlogz:269.869>0.1]
12179it [1:03:12 bound:139 nc:1031 ncall:8.0e+06 eff:0.2% logz-ratio=232.17+/-0.12 dlogz:262.203>0.1]
12369it [1:04:31 bound:142 nc:1106 ncall:8.1e+06 eff:0.2% logz-ratio=240.08+/-0.12 dlogz:254.101>0.1]
12559it [1:05:50 bound:145 nc:456 ncall:8.3e+06 eff:0.2% logz-ratio=247.23+/-0.12 dlogz:246.763>0.1]
12743it [1:07:09 bound:148 nc:533 ncall:8.5e+06 eff:0.2% logz-ratio=255.33+/-0.12 dlogz:238.482>0.1]
12932it [1:08:31 bound:151 nc:781 ncall:8.6e+06 eff:0.1% logz-ratio=262.87+/-0.12 dlogz:230.767>0.1]
13120it [1:09:52 bound:154 nc:1038 ncall:8.8e+06 eff:0.1% logz-ratio=270.61+/-0.12 dlogz:222.843>0.1]
13304it [1:11:14 bound:157 nc:543 ncall:9.0e+06 eff:0.1% logz-ratio=279.84+/-0.12 dlogz:213.440>0.1]
13491it [1:12:36 bound:160 nc:1039 ncall:9.1e+06 eff:0.1% logz-ratio=287.26+/-0.12 dlogz:205.843>0.1]
13675it [1:13:55 bound:163 nc:418 ncall:9.3e+06 eff:0.1% logz-ratio=294.14+/-0.12 dlogz:198.778>0.1]
13860it [1:15:17 bound:166 nc:879 ncall:9.4e+06 eff:0.1% logz-ratio=303.24+/-0.13 dlogz:189.495>0.1]
14046it [1:16:36 bound:169 nc:972 ncall:9.6e+06 eff:0.1% logz-ratio=310.67+/-0.13 dlogz:181.873>0.1]
14235it [1:17:59 bound:172 nc:692 ncall:9.7e+06 eff:0.1% logz-ratio=317.77+/-0.13 dlogz:183.120>0.1]
14421it [1:19:22 bound:175 nc:1104 ncall:9.9e+06 eff:0.1% logz-ratio=324.72+/-0.13 dlogz:176.003>0.1]
14604it [1:20:43 bound:178 nc:1112 ncall:1.0e+07 eff:0.1% logz-ratio=331.40+/-0.13 dlogz:169.137>0.1]
14790it [1:22:08 bound:181 nc:460 ncall:1.0e+07 eff:0.1% logz-ratio=338.33+/-0.13 dlogz:162.021>0.1]
14968it [1:23:32 bound:184 nc:1046 ncall:1.0e+07 eff:0.1% logz-ratio=345.27+/-0.13 dlogz:154.911>0.1]
15158it [1:24:56 bound:187 nc:990 ncall:1.1e+07 eff:0.1% logz-ratio=352.17+/-0.13 dlogz:147.815>0.1]
15348it [1:26:26 bound:190 nc:1383 ncall:1.1e+07 eff:0.1% logz-ratio=358.38+/-0.13 dlogz:141.430>0.1]
15529it [1:27:57 bound:193 nc:770 ncall:1.1e+07 eff:0.1% logz-ratio=364.81+/-0.13 dlogz:134.827>0.1]
15713it [1:29:25 bound:196 nc:758 ncall:1.1e+07 eff:0.1% logz-ratio=371.06+/-0.13 dlogz:128.392>0.1]
15900it [1:30:50 bound:199 nc:2575 ncall:1.1e+07 eff:0.1% logz-ratio=377.38+/-0.13 dlogz:121.889>0.1]
16087it [1:32:13 bound:202 nc:1135 ncall:1.1e+07 eff:0.1% logz-ratio=383.32+/-0.13 dlogz:115.764>0.1]
16273it [1:33:41 bound:205 nc:639 ncall:1.2e+07 eff:0.1% logz-ratio=388.71+/-0.13 dlogz:110.195>0.1]
16454it [1:35:04 bound:208 nc:1231 ncall:1.2e+07 eff:0.1% logz-ratio=394.25+/-0.13 dlogz:104.482>0.1]
16578it [1:36:05 bound:210 nc:683 ncall:1.2e+07 eff:0.1% logz-ratio=397.81+/-0.13 dlogz:100.787>0.1]
16766it [1:37:30 bound:213 nc:815 ncall:1.2e+07 eff:0.1% logz-ratio=403.18+/-0.14 dlogz:95.238>0.1]
16892it [1:38:31 bound:215 nc:934 ncall:1.2e+07 eff:0.1% logz-ratio=406.43+/-0.14 dlogz:110.454>0.1]
17078it [1:40:00 bound:218 nc:1859 ncall:1.2e+07 eff:0.1% logz-ratio=411.70+/-0.14 dlogz:105.000>0.1]
17266it [1:41:28 bound:221 nc:2004 ncall:1.3e+07 eff:0.1% logz-ratio=416.51+/-0.14 dlogz:99.999>0.1]
17448it [1:42:57 bound:224 nc:959 ncall:1.3e+07 eff:0.1% logz-ratio=421.44+/-0.14 dlogz:94.893>0.1]
17568it [1:43:57 bound:226 nc:1112 ncall:1.3e+07 eff:0.1% logz-ratio=424.18+/-0.14 dlogz:92.039>0.1]
17754it [1:45:27 bound:229 nc:1046 ncall:1.3e+07 eff:0.1% logz-ratio=428.50+/-0.14 dlogz:87.531>0.1]
17879it [1:46:28 bound:231 nc:720 ncall:1.3e+07 eff:0.1% logz-ratio=430.83+/-0.14 dlogz:85.075>0.1]
18060it [1:47:59 bound:234 nc:1868 ncall:1.3e+07 eff:0.1% logz-ratio=434.85+/-0.14 dlogz:80.888>0.1]
18184it [1:49:03 bound:236 nc:789 ncall:1.3e+07 eff:0.1% logz-ratio=437.23+/-0.14 dlogz:78.476>0.1]
18311it [1:50:08 bound:238 nc:825 ncall:1.4e+07 eff:0.1% logz-ratio=439.40+/-0.14 dlogz:76.190>0.1]
18432it [1:51:13 bound:240 nc:770 ncall:1.4e+07 eff:0.1% logz-ratio=441.68+/-0.14 dlogz:73.793>0.1]
18560it [1:52:18 bound:242 nc:807 ncall:1.4e+07 eff:0.1% logz-ratio=444.25+/-0.14 dlogz:71.097>0.1]
18685it [1:53:27 bound:244 nc:728 ncall:1.4e+07 eff:0.1% logz-ratio=446.36+/-0.14 dlogz:68.856>0.1]
18811it [1:54:33 bound:246 nc:1022 ncall:1.4e+07 eff:0.1% logz-ratio=448.96+/-0.14 dlogz:71.126>0.1]
18934it [1:55:35 bound:248 nc:1209 ncall:1.4e+07 eff:0.1% logz-ratio=451.22+/-0.14 dlogz:68.749>0.1]
19055it [1:56:38 bound:250 nc:2212 ncall:1.4e+07 eff:0.1% logz-ratio=453.59+/-0.14 dlogz:66.267>0.1]
19174it [1:57:45 bound:252 nc:1282 ncall:1.5e+07 eff:0.1% logz-ratio=455.78+/-0.14 dlogz:63.960>0.1]
19298it [1:58:51 bound:254 nc:2013 ncall:1.5e+07 eff:0.1% logz-ratio=457.99+/-0.14 dlogz:61.628>0.1]
19423it [1:59:56 bound:256 nc:862 ncall:1.5e+07 eff:0.1% logz-ratio=460.13+/-0.14 dlogz:59.365>0.1]
19547it [2:01:22 bound:258 nc:1239 ncall:1.5e+07 eff:0.1% logz-ratio=462.10+/-0.14 dlogz:57.268>0.1]
19669it [2:02:29 bound:260 nc:1514 ncall:1.5e+07 eff:0.1% logz-ratio=463.97+/-0.14 dlogz:55.274>0.1]
19795it [2:03:32 bound:262 nc:890 ncall:1.5e+07 eff:0.1% logz-ratio=465.73+/-0.14 dlogz:54.476>0.1]
19920it [2:04:41 bound:264 nc:1242 ncall:1.5e+07 eff:0.1% logz-ratio=467.31+/-0.14 dlogz:52.771>0.1]
20045it [2:05:48 bound:266 nc:1167 ncall:1.5e+07 eff:0.1% logz-ratio=468.88+/-0.14 dlogz:51.083>0.1]
20167it [2:06:53 bound:268 nc:849 ncall:1.6e+07 eff:0.1% logz-ratio=470.37+/-0.14 dlogz:49.478>0.1]
20292it [2:08:04 bound:270 nc:959 ncall:1.6e+07 eff:0.1% logz-ratio=472.08+/-0.14 dlogz:47.645>0.1]
20415it [2:09:11 bound:272 nc:934 ncall:1.6e+07 eff:0.1% logz-ratio=473.61+/-0.14 dlogz:46.883>0.1]
20541it [2:10:16 bound:274 nc:1559 ncall:1.6e+07 eff:0.1% logz-ratio=475.20+/-0.14 dlogz:45.176>0.1]
20666it [2:11:22 bound:276 nc:1031 ncall:1.6e+07 eff:0.1% logz-ratio=476.71+/-0.15 dlogz:43.539>0.1]
20790it [2:12:34 bound:278 nc:571 ncall:1.6e+07 eff:0.1% logz-ratio=478.18+/-0.15 dlogz:45.462>0.1]
20915it [2:13:41 bound:280 nc:902 ncall:1.6e+07 eff:0.1% logz-ratio=479.52+/-0.15 dlogz:44.001>0.1]
21041it [2:14:51 bound:282 nc:1199 ncall:1.7e+07 eff:0.1% logz-ratio=480.86+/-0.15 dlogz:42.739>0.1]
21166it [2:15:59 bound:284 nc:1900 ncall:1.7e+07 eff:0.1% logz-ratio=482.15+/-0.15 dlogz:41.327>0.1]
21293it [2:17:07 bound:286 nc:977 ncall:1.7e+07 eff:0.1% logz-ratio=483.36+/-0.15 dlogz:39.992>0.1]
21419it [2:18:17 bound:288 nc:1569 ncall:1.7e+07 eff:0.1% logz-ratio=484.68+/-0.15 dlogz:38.550>0.1]
21543it [2:19:25 bound:290 nc:994 ncall:1.7e+07 eff:0.1% logz-ratio=485.85+/-0.15 dlogz:37.261>0.1]
21668it [2:20:39 bound:292 nc:1124 ncall:1.7e+07 eff:0.1% logz-ratio=487.07+/-0.15 dlogz:35.920>0.1]
21793it [2:21:49 bound:294 nc:1337 ncall:1.7e+07 eff:0.1% logz-ratio=488.26+/-0.15 dlogz:42.321>0.1]
21918it [2:23:05 bound:296 nc:2120 ncall:1.8e+07 eff:0.1% logz-ratio=489.35+/-0.15 dlogz:41.111>0.1]
22039it [2:24:16 bound:298 nc:1935 ncall:1.8e+07 eff:0.1% logz-ratio=490.44+/-0.15 dlogz:39.908>0.1]
22164it [2:25:28 bound:300 nc:1085 ncall:1.8e+07 eff:0.1% logz-ratio=491.55+/-0.15 dlogz:38.669>0.1]
22289it [2:26:40 bound:302 nc:1299 ncall:1.8e+07 eff:0.1% logz-ratio=492.56+/-0.15 dlogz:37.537>0.1]
22415it [2:27:53 bound:304 nc:1039 ncall:1.8e+07 eff:0.1% logz-ratio=493.50+/-0.15 dlogz:37.260>0.1]
22538it [2:29:08 bound:306 nc:1734 ncall:1.8e+07 eff:0.1% logz-ratio=494.35+/-0.15 dlogz:36.297>0.1]
22665it [2:30:28 bound:308 nc:1517 ncall:1.8e+07 eff:0.1% logz-ratio=495.30+/-0.15 dlogz:35.222>0.1]
22791it [2:31:39 bound:310 nc:948 ncall:1.9e+07 eff:0.1% logz-ratio=496.26+/-0.15 dlogz:34.134>0.1]
22916it [2:32:51 bound:312 nc:1055 ncall:1.9e+07 eff:0.1% logz-ratio=497.20+/-0.15 dlogz:33.073>0.1]
23042it [2:34:07 bound:314 nc:1350 ncall:1.9e+07 eff:0.1% logz-ratio=498.09+/-0.15 dlogz:32.060>0.1]
23167it [2:35:24 bound:316 nc:908 ncall:1.9e+07 eff:0.1% logz-ratio=498.98+/-0.15 dlogz:31.054>0.1]
23288it [2:36:39 bound:318 nc:1181 ncall:1.9e+07 eff:0.1% logz-ratio=499.80+/-0.15 dlogz:30.307>0.1]
23412it [2:37:58 bound:320 nc:1704 ncall:1.9e+07 eff:0.1% logz-ratio=500.62+/-0.15 dlogz:29.365>0.1]
23534it [2:39:16 bound:322 nc:1532 ncall:2.0e+07 eff:0.1% logz-ratio=501.35+/-0.15 dlogz:28.519>0.1]
23659it [2:40:36 bound:324 nc:682 ncall:2.0e+07 eff:0.1% logz-ratio=502.03+/-0.15 dlogz:27.716>0.1]
23783it [2:41:54 bound:326 nc:1412 ncall:2.0e+07 eff:0.1% logz-ratio=502.78+/-0.15 dlogz:26.844>0.1]
23909it [2:43:17 bound:328 nc:1282 ncall:2.0e+07 eff:0.1% logz-ratio=503.53+/-0.15 dlogz:25.966>0.1]
24033it [2:44:37 bound:330 nc:1178 ncall:2.0e+07 eff:0.1% logz-ratio=504.23+/-0.15 dlogz:25.149>0.1]
24155it [2:45:59 bound:332 nc:2060 ncall:2.0e+07 eff:0.1% logz-ratio=504.90+/-0.15 dlogz:24.363>0.1]
24281it [2:47:20 bound:334 nc:1768 ncall:2.1e+07 eff:0.1% logz-ratio=505.52+/-0.15 dlogz:23.621>0.1]
24403it [2:48:45 bound:336 nc:4334 ncall:2.1e+07 eff:0.1% logz-ratio=506.10+/-0.15 dlogz:23.490>0.1]
24527it [2:50:12 bound:338 nc:1049 ncall:2.1e+07 eff:0.1% logz-ratio=506.68+/-0.15 dlogz:22.790>0.1]
24650it [2:51:36 bound:340 nc:1557 ncall:2.1e+07 eff:0.1% logz-ratio=507.25+/-0.15 dlogz:22.208>0.1]
24773it [2:53:06 bound:342 nc:1051 ncall:2.1e+07 eff:0.1% logz-ratio=507.84+/-0.15 dlogz:21.498>0.1]
24898it [2:54:31 bound:344 nc:1641 ncall:2.1e+07 eff:0.1% logz-ratio=508.44+/-0.16 dlogz:20.773>0.1]
25022it [2:56:02 bound:346 nc:1733 ncall:2.2e+07 eff:0.1% logz-ratio=509.02+/-0.16 dlogz:22.637>0.1]
25146it [2:57:30 bound:348 nc:1439 ncall:2.2e+07 eff:0.1% logz-ratio=509.57+/-0.16 dlogz:23.226>0.1]
25269it [2:59:08 bound:350 nc:1869 ncall:2.2e+07 eff:0.1% logz-ratio=510.12+/-0.16 dlogz:22.562>0.1]
25392it [3:00:36 bound:352 nc:1914 ncall:2.2e+07 eff:0.1% logz-ratio=510.66+/-0.16 dlogz:21.903>0.1]
25464it [3:01:56 bound:353 nc:2276 ncall:2.2e+07 eff:0.1% logz-ratio=510.98+/-0.16 dlogz:21.512>0.1]
25580it [3:03:26 bound:355 nc:1304 ncall:2.2e+07 eff:0.1% logz-ratio=511.48+/-0.16 dlogz:20.899>0.1]
25705it [3:04:58 bound:357 nc:1905 ncall:2.3e+07 eff:0.1% logz-ratio=511.98+/-0.16 dlogz:20.274>0.1]
25829it [3:06:30 bound:359 nc:1193 ncall:2.3e+07 eff:0.1% logz-ratio=512.48+/-0.16 dlogz:19.653>0.1]
25952it [3:08:02 bound:361 nc:1122 ncall:2.3e+07 eff:0.1% logz-ratio=512.97+/-0.16 dlogz:19.045>0.1]
26075it [3:09:32 bound:363 nc:1725 ncall:2.3e+07 eff:0.1% logz-ratio=513.43+/-0.16 dlogz:18.461>0.1]
26197it [3:11:04 bound:365 nc:802 ncall:2.3e+07 eff:0.1% logz-ratio=513.88+/-0.16 dlogz:17.895>0.1]
26323it [3:12:40 bound:367 nc:1367 ncall:2.4e+07 eff:0.1% logz-ratio=514.36+/-0.16 dlogz:17.288>0.1]
26448it [3:14:18 bound:369 nc:1755 ncall:2.4e+07 eff:0.1% logz-ratio=514.85+/-0.16 dlogz:16.678>0.1]
26569it [3:15:51 bound:371 nc:1833 ncall:2.4e+07 eff:0.1% logz-ratio=515.29+/-0.16 dlogz:16.121>0.1]
26692it [3:17:25 bound:373 nc:1416 ncall:2.4e+07 eff:0.1% logz-ratio=515.72+/-0.16 dlogz:15.568>0.1]
26815it [3:19:04 bound:375 nc:2717 ncall:2.4e+07 eff:0.1% logz-ratio=516.12+/-0.16 dlogz:15.052>0.1]
26940it [3:20:43 bound:377 nc:1024 ncall:2.5e+07 eff:0.1% logz-ratio=516.51+/-0.16 dlogz:14.538>0.1]
27065it [3:22:24 bound:379 nc:1556 ncall:2.5e+07 eff:0.1% logz-ratio=516.88+/-0.16 dlogz:14.049>0.1]
