000 (2578609.000.000) 2025-08-04 14:55:45 Job submitted from host: <145.107.7.246:9618?addrs=145.107.7.246-9618+[2a07-8500-120-e070--3f6]-9618&alias=taai-007.nikhef.nl&noUDP&sock=schedd_2614_90a7>
    DAG Node: run_f
...
009 (2578609.000.000) 2025-08-04 14:56:20 Job was aborted.
	via condor_rm (by user twouters)
...
000 (2578625.000.000) 2025-08-04 14:58:02 Job submitted from host: <145.107.7.246:9618?addrs=145.107.7.246-9618+[2a07-8500-120-e070--3f6]-9618&alias=taai-007.nikhef.nl&noUDP&sock=schedd_2614_90a7>
    DAG Node: run_f
...
001 (2578625.000.000) 2025-08-04 14:58:45 Job executing on host: <145.107.5.43:9618?addrs=145.107.5.43-9618+[2a07-8500-120-e070--52b]-9618&alias=wn-lot-043.nikhef.nl&noUDP&sock=startd_1951_cd5c>
	SlotName: slot1_1@wn-lot-043.nikhef.nl
	CondorScratchDir = "/scratch/condor_execute/dir_1164863"
	Cpus = 64
	Disk = 16780544
	GPUs = 0
	Memory = 16384
...
006 (2578625.000.000) 2025-08-04 14:58:58 Image size of job updated: 244576
	239  -  MemoryUsage of job (MB)
	244576  -  ResidentSetSize of job (KB)
...
006 (2578625.000.000) 2025-08-04 15:03:58 Image size of job updated: 1605212
	1568  -  MemoryUsage of job (MB)
	1605212  -  ResidentSetSize of job (KB)
...
006 (2578625.000.000) 2025-08-04 15:08:58 Image size of job updated: 1636812
	1599  -  MemoryUsage of job (MB)
	1636812  -  ResidentSetSize of job (KB)
...
006 (2578625.000.000) 2025-08-04 15:13:59 Image size of job updated: 1653336
	1615  -  MemoryUsage of job (MB)
	1653336  -  ResidentSetSize of job (KB)
...
006 (2578625.000.000) 2025-08-04 15:19:00 Image size of job updated: 1665592
	1627  -  MemoryUsage of job (MB)
	1665592  -  ResidentSetSize of job (KB)
...
006 (2578625.000.000) 2025-08-04 15:24:00 Image size of job updated: 1675276
	1637  -  MemoryUsage of job (MB)
	1675276  -  ResidentSetSize of job (KB)
...
006 (2578625.000.000) 2025-08-04 15:29:00 Image size of job updated: 1682752
	1644  -  MemoryUsage of job (MB)
	1682752  -  ResidentSetSize of job (KB)
...
006 (2578625.000.000) 2025-08-04 15:34:01 Image size of job updated: 1689532
	1650  -  MemoryUsage of job (MB)
	1689532  -  ResidentSetSize of job (KB)
...
006 (2578625.000.000) 2025-08-04 15:39:02 Image size of job updated: 1694812
	1656  -  MemoryUsage of job (MB)
	1694812  -  ResidentSetSize of job (KB)
...
006 (2578625.000.000) 2025-08-04 15:44:02 Image size of job updated: 1699820
	1660  -  MemoryUsage of job (MB)
	1699820  -  ResidentSetSize of job (KB)
...
006 (2578625.000.000) 2025-08-04 15:49:02 Image size of job updated: 1704504
	1665  -  MemoryUsage of job (MB)
	1704504  -  ResidentSetSize of job (KB)
...
006 (2578625.000.000) 2025-08-04 15:54:03 Image size of job updated: 1708400
	1669  -  MemoryUsage of job (MB)
	1708400  -  ResidentSetSize of job (KB)
...
006 (2578625.000.000) 2025-08-04 15:59:04 Image size of job updated: 1729364
	1689  -  MemoryUsage of job (MB)
	1729364  -  ResidentSetSize of job (KB)
...
006 (2578625.000.000) 2025-08-04 16:04:04 Image size of job updated: 1910800
	1867  -  MemoryUsage of job (MB)
	1910800  -  ResidentSetSize of job (KB)
...
006 (2578625.000.000) 2025-08-04 16:09:04 Image size of job updated: 1913684
	1869  -  MemoryUsage of job (MB)
	1913684  -  ResidentSetSize of job (KB)
...
006 (2578625.000.000) 2025-08-04 16:14:06 Image size of job updated: 1916500
	1872  -  MemoryUsage of job (MB)
	1916500  -  ResidentSetSize of job (KB)
...
006 (2578625.000.000) 2025-08-04 16:19:05 Image size of job updated: 1918340
	1874  -  MemoryUsage of job (MB)
	1918340  -  ResidentSetSize of job (KB)
...
006 (2578625.000.000) 2025-08-04 16:24:05 Image size of job updated: 1920748
	1876  -  MemoryUsage of job (MB)
	1920748  -  ResidentSetSize of job (KB)
...
006 (2578625.000.000) 2025-08-04 16:29:06 Image size of job updated: 1922528
	1878  -  MemoryUsage of job (MB)
	1922528  -  ResidentSetSize of job (KB)
...
006 (2578625.000.000) 2025-08-04 16:34:07 Image size of job updated: 1924048
	1879  -  MemoryUsage of job (MB)
	1924048  -  ResidentSetSize of job (KB)
...
006 (2578625.000.000) 2025-08-04 16:39:07 Image size of job updated: 1926072
	1881  -  MemoryUsage of job (MB)
	1926072  -  ResidentSetSize of job (KB)
...
006 (2578625.000.000) 2025-08-04 16:44:07 Image size of job updated: 1927304
	1883  -  MemoryUsage of job (MB)
	1927304  -  ResidentSetSize of job (KB)
...
006 (2578625.000.000) 2025-08-04 16:49:08 Image size of job updated: 1929236
	1885  -  MemoryUsage of job (MB)
	1929236  -  ResidentSetSize of job (KB)
...
006 (2578625.000.000) 2025-08-04 16:54:09 Image size of job updated: 1930356
	1886  -  MemoryUsage of job (MB)
	1930356  -  ResidentSetSize of job (KB)
...
006 (2578625.000.000) 2025-08-04 16:59:09 Image size of job updated: 1931412
	1887  -  MemoryUsage of job (MB)
	1931412  -  ResidentSetSize of job (KB)
...
006 (2578625.000.000) 2025-08-04 17:04:09 Image size of job updated: 2339848
	2286  -  MemoryUsage of job (MB)
	2339848  -  ResidentSetSize of job (KB)
...
006 (2578625.000.000) 2025-08-04 17:09:10 Image size of job updated: 2340748
	2286  -  MemoryUsage of job (MB)
	2340748  -  ResidentSetSize of job (KB)
...
006 (2578625.000.000) 2025-08-04 17:14:11 Image size of job updated: 2342188
	2288  -  MemoryUsage of job (MB)
	2342188  -  ResidentSetSize of job (KB)
...
006 (2578625.000.000) 2025-08-04 17:19:11 Image size of job updated: 2343004
	2289  -  MemoryUsage of job (MB)
	2343004  -  ResidentSetSize of job (KB)
...
006 (2578625.000.000) 2025-08-04 17:24:12 Image size of job updated: 2344036
	2290  -  MemoryUsage of job (MB)
	2344036  -  ResidentSetSize of job (KB)
...
006 (2578625.000.000) 2025-08-04 17:29:13 Image size of job updated: 2345592
	2291  -  MemoryUsage of job (MB)
	2345592  -  ResidentSetSize of job (KB)
...
006 (2578625.000.000) 2025-08-04 17:34:13 Image size of job updated: 2346752
	2292  -  MemoryUsage of job (MB)
	2346752  -  ResidentSetSize of job (KB)
...
006 (2578625.000.000) 2025-08-04 17:39:13 Image size of job updated: 2347688
	2293  -  MemoryUsage of job (MB)
	2347688  -  ResidentSetSize of job (KB)
...
006 (2578625.000.000) 2025-08-04 17:44:14 Image size of job updated: 2350140
	2296  -  MemoryUsage of job (MB)
	2350140  -  ResidentSetSize of job (KB)
...
006 (2578625.000.000) 2025-08-04 17:49:15 Image size of job updated: 2350812
	2296  -  MemoryUsage of job (MB)
	2350812  -  ResidentSetSize of job (KB)
...
006 (2578625.000.000) 2025-08-04 17:54:15 Image size of job updated: 2352272
	2298  -  MemoryUsage of job (MB)
	2352272  -  ResidentSetSize of job (KB)
...
006 (2578625.000.000) 2025-08-04 17:59:15 Image size of job updated: 2353204
	2299  -  MemoryUsage of job (MB)
	2353204  -  ResidentSetSize of job (KB)
...
006 (2578625.000.000) 2025-08-04 18:04:16 Image size of job updated: 2406516
	2299  -  MemoryUsage of job (MB)
	2353676  -  ResidentSetSize of job (KB)
...
006 (2578625.000.000) 2025-08-04 18:09:17 Image size of job updated: 2406516
	2300  -  MemoryUsage of job (MB)
	2354904  -  ResidentSetSize of job (KB)
...
006 (2578625.000.000) 2025-08-04 18:14:17 Image size of job updated: 2406516
	2301  -  MemoryUsage of job (MB)
	2355844  -  ResidentSetSize of job (KB)
...
006 (2578625.000.000) 2025-08-04 18:19:17 Image size of job updated: 2406516
	2302  -  MemoryUsage of job (MB)
	2357072  -  ResidentSetSize of job (KB)
...
006 (2578625.000.000) 2025-08-04 18:24:18 Image size of job updated: 2406516
	2303  -  MemoryUsage of job (MB)
	2357704  -  ResidentSetSize of job (KB)
...
006 (2578625.000.000) 2025-08-04 18:29:18 Image size of job updated: 2406516
	2304  -  MemoryUsage of job (MB)
	2358288  -  ResidentSetSize of job (KB)
...
006 (2578625.000.000) 2025-08-04 18:34:18 Image size of job updated: 2406516
	2305  -  MemoryUsage of job (MB)
	2359472  -  ResidentSetSize of job (KB)
...
006 (2578625.000.000) 2025-08-04 18:39:19 Image size of job updated: 2406516
	2305  -  MemoryUsage of job (MB)
	2359988  -  ResidentSetSize of job (KB)
...
006 (2578625.000.000) 2025-08-04 18:44:20 Image size of job updated: 2406516
	2307  -  MemoryUsage of job (MB)
	2361584  -  ResidentSetSize of job (KB)
...
006 (2578625.000.000) 2025-08-04 18:49:20 Image size of job updated: 2406516
	2307  -  MemoryUsage of job (MB)
	2362276  -  ResidentSetSize of job (KB)
...
006 (2578625.000.000) 2025-08-04 18:54:20 Image size of job updated: 2406516
	2308  -  MemoryUsage of job (MB)
	2362972  -  ResidentSetSize of job (KB)
...
000 (2578757.000.000) 2025-08-04 18:58:05 Job submitted from host: <145.107.7.246:9618?addrs=145.107.7.246-9618+[2a07-8500-120-e070--3f6]-9618&alias=taai-007.nikhef.nl&noUDP&sock=schedd_2614_90a7>
    DAG Node: run_f
...
006 (2578625.000.000) 2025-08-04 18:58:25 Image size of job updated: 2495068
	2308  -  MemoryUsage of job (MB)
	2362972  -  ResidentSetSize of job (KB)
...
004 (2578625.000.000) 2025-08-04 18:58:25 Job was evicted.
	(0) CPU times
		Usr 7 05:56:14, Sys 0 00:05:14  -  Run Remote Usage
		Usr 0 00:00:00, Sys 0 00:00:00  -  Run Local Usage
	0  -  Run Bytes Sent By Job
	0  -  Run Bytes Received By Job
	Partitionable Resources :    Usage  Request Allocated 
	   Cpus                 :    61.13       64        64 
	   Disk (KB)            : 17500    16777216  16780544 
	   GPUs                 :                           0 
	   Memory (MB)          :  2308       16384     16384 
	   TimeExecute (s)      : 14380                       
	   TimeSlotBusy (s)     : 14380                       
...
009 (2578625.000.000) 2025-08-04 18:58:25 Job was aborted.
	removed because <OtherJobRemoveRequirements = DAGManJobId =?= 2578619> fired when job (2578619.0) was removed
...
001 (2578757.000.000) 2025-08-04 18:58:52 Job executing on host: <145.107.5.59:9618?addrs=145.107.5.59-9618+[2a07-8500-120-e070--53b]-9618&alias=wn-lot-059.nikhef.nl&noUDP&sock=startd_1972_34da>
	SlotName: slot1_1@wn-lot-059.nikhef.nl
	CondorScratchDir = "/scratch/condor_execute/dir_983625"
	Cpus = 64
	Disk = 16780555
	GPUs = 0
	Memory = 16384
...
006 (2578757.000.000) 2025-08-04 18:59:05 Image size of job updated: 277620
	272  -  MemoryUsage of job (MB)
	277620  -  ResidentSetSize of job (KB)
...
006 (2578757.000.000) 2025-08-04 19:04:05 Image size of job updated: 1719140
	1679  -  MemoryUsage of job (MB)
	1719140  -  ResidentSetSize of job (KB)
...
000 (2578771.000.000) 2025-08-04 19:06:31 Job submitted from host: <145.107.7.246:9618?addrs=145.107.7.246-9618+[2a07-8500-120-e070--3f6]-9618&alias=taai-007.nikhef.nl&noUDP&sock=schedd_2614_90a7>
    DAG Node: run_f
...
006 (2578757.000.000) 2025-08-04 19:06:51 Image size of job updated: 1938340
	1679  -  MemoryUsage of job (MB)
	1719140  -  ResidentSetSize of job (KB)
...
004 (2578757.000.000) 2025-08-04 19:06:51 Job was evicted.
	(0) CPU times
		Usr 0 05:10:44, Sys 0 00:00:25  -  Run Remote Usage
		Usr 0 00:00:00, Sys 0 00:00:00  -  Run Local Usage
	0  -  Run Bytes Sent By Job
	0  -  Run Bytes Received By Job
	Partitionable Resources :    Usage  Request Allocated 
	   Cpus                 :    63.95       64        64 
	   Disk (KB)            : 17500    16777216  16780555 
	   GPUs                 :                           0 
	   Memory (MB)          :  1679       16384     16384 
	   TimeExecute (s)      :   479                       
	   TimeSlotBusy (s)     :   480                       
...
009 (2578757.000.000) 2025-08-04 19:06:51 Job was aborted.
	removed because <OtherJobRemoveRequirements = DAGManJobId =?= 2578751> fired when job (2578751.0) was removed
...
001 (2578771.000.000) 2025-08-04 19:06:52 Job executing on host: <145.107.5.58:9618?addrs=145.107.5.58-9618+[2a07-8500-120-e070--53a]-9618&alias=wn-lot-058.nikhef.nl&noUDP&sock=startd_1933_74a8>
	SlotName: slot1_1@wn-lot-058.nikhef.nl
	CondorScratchDir = "/scratch/condor_execute/dir_4032482"
	Cpus = 64
	Disk = 16780562
	GPUs = 0
	Memory = 16384
...
006 (2578771.000.000) 2025-08-04 19:07:06 Image size of job updated: 286124
	280  -  MemoryUsage of job (MB)
	286124  -  ResidentSetSize of job (KB)
...
006 (2578771.000.000) 2025-08-04 19:12:07 Image size of job updated: 1715604
	1676  -  MemoryUsage of job (MB)
	1715604  -  ResidentSetSize of job (KB)
...
006 (2578771.000.000) 2025-08-04 19:17:08 Image size of job updated: 1772856
	1732  -  MemoryUsage of job (MB)
	1772856  -  ResidentSetSize of job (KB)
...
006 (2578771.000.000) 2025-08-04 19:22:08 Image size of job updated: 1795680
	1754  -  MemoryUsage of job (MB)
	1795680  -  ResidentSetSize of job (KB)
...
006 (2578771.000.000) 2025-08-04 19:27:08 Image size of job updated: 1812376
	1770  -  MemoryUsage of job (MB)
	1812376  -  ResidentSetSize of job (KB)
...
006 (2578771.000.000) 2025-08-04 19:32:09 Image size of job updated: 1824420
	1782  -  MemoryUsage of job (MB)
	1824420  -  ResidentSetSize of job (KB)
...
006 (2578771.000.000) 2025-08-04 19:37:10 Image size of job updated: 1834508
	1792  -  MemoryUsage of job (MB)
	1834508  -  ResidentSetSize of job (KB)
...
006 (2578771.000.000) 2025-08-04 19:41:25 Image size of job updated: 2184380
	1792  -  MemoryUsage of job (MB)
	1834508  -  ResidentSetSize of job (KB)
...
005 (2578771.000.000) 2025-08-04 19:41:25 Job terminated.
	(1) Normal termination (return value 0)
		Usr 1 01:28:20, Sys 0 00:00:48  -  Run Remote Usage
		Usr 0 00:00:00, Sys 0 00:00:00  -  Run Local Usage
		Usr 1 01:28:20, Sys 0 00:00:48  -  Total Remote Usage
		Usr 0 00:00:00, Sys 0 00:00:00  -  Total Local Usage
	0  -  Run Bytes Sent By Job
	0  -  Run Bytes Received By Job
	0  -  Total Bytes Sent By Job
	0  -  Total Bytes Received By Job
	Partitionable Resources :    Usage  Request Allocated 
	   Cpus                 :     2.20       64        64 
	   Disk (KB)            : 17500    16777216  16780562 
	   GPUs                 :                           0 
	   Memory (MB)          :  1792       16384     16384 
	   TimeExecute (s)      :  2073                       
	   TimeSlotBusy (s)     :  2073                       

	Job terminated of its own accord at 2025-08-04T17:41:25Z with exit-code 0.
...
