NFDist has source_type = nsbh
self.parameters_ref
{'chirp_mass': 1.1975896, 'symmetric_mass_ratio': 0.2461001, 'a_1': 0.01890608, 'a_2': 0.04888488, 'tilt_1': 0.0, 'tilt_2': 0.0, 'phi_jl': 0.0, 'phi_12': 0.0, 'lambda_1': 100.0, 'lambda_2': 200.0, 'luminosity_distance': 40.06331818, 'phase': 5.88649652, 'theta_jn': 1.93095421, 'psi': 1.59687217, 'ra': 3.39736826, 'dec': -0.34000186, 'mass_ratio': 0.7779384106788951, 'mass_1': 1.5621553813557303, 'mass_2': 1.2152606746053602, 'geocent_time': 1187008882.43, 'duration': 128.0}
34686it [4:05:10 bound:502 nc:1981 ncall:3.9e+07 eff:0.1% logz-ratio=525.85+/-0.17 dlogz:0.597>0.1]
34809it [4:06:41 bound:504 nc:1845 ncall:3.9e+07 eff:0.1% logz-ratio=525.86+/-0.17 dlogz:0.539>0.1]
34935it [4:08:13 bound:506 nc:1633 ncall:4.0e+07 eff:0.1% logz-ratio=525.88+/-0.17 dlogz:0.485>0.1]
35058it [4:09:50 bound:508 nc:2108 ncall:4.0e+07 eff:0.1% logz-ratio=525.89+/-0.17 dlogz:0.436>0.1]
35185it [4:11:24 bound:510 nc:1643 ncall:4.0e+07 eff:0.1% logz-ratio=525.90+/-0.17 dlogz:0.390>0.1]
35311it [4:12:54 bound:512 nc:1678 ncall:4.1e+07 eff:0.1% logz-ratio=525.91+/-0.17 dlogz:0.520>0.1]
35431it [4:14:29 bound:514 nc:2846 ncall:4.1e+07 eff:0.1% logz-ratio=525.92+/-0.17 dlogz:0.471>0.1]
35555it [4:15:58 bound:516 nc:2335 ncall:4.1e+07 eff:0.1% logz-ratio=525.93+/-0.17 dlogz:0.424>0.1]
35683it [4:17:24 bound:518 nc:2117 ncall:4.1e+07 eff:0.1% logz-ratio=525.94+/-0.17 dlogz:0.380>0.1]
35808it [4:19:01 bound:520 nc:2930 ncall:4.2e+07 eff:0.1% logz-ratio=525.94+/-0.17 dlogz:0.341>0.1]
35933it [4:20:43 bound:522 nc:2686 ncall:4.2e+07 eff:0.1% logz-ratio=525.95+/-0.17 dlogz:0.305>0.1]
36054it [4:22:19 bound:524 nc:1771 ncall:4.2e+07 eff:0.1% logz-ratio=525.96+/-0.17 dlogz:0.274>0.1]
36180it [4:23:58 bound:526 nc:1724 ncall:4.2e+07 eff:0.1% logz-ratio=525.96+/-0.17 dlogz:0.244>0.1]
36305it [4:25:35 bound:528 nc:2113 ncall:4.3e+07 eff:0.1% logz-ratio=525.97+/-0.17 dlogz:0.218>0.1]
36427it [4:27:10 bound:530 nc:2523 ncall:4.3e+07 eff:0.1% logz-ratio=525.97+/-0.17 dlogz:0.195>0.1]
36553it [4:28:46 bound:532 nc:4180 ncall:4.3e+07 eff:0.1% logz-ratio=525.98+/-0.17 dlogz:0.174>0.1]
36678it [4:30:23 bound:534 nc:1930 ncall:4.4e+07 eff:0.1% logz-ratio=525.98+/-0.17 dlogz:0.155>0.1]
36801it [4:31:57 bound:536 nc:1786 ncall:4.4e+07 eff:0.1% logz-ratio=525.99+/-0.17 dlogz:0.138>0.1]
36923it [4:33:34 bound:538 nc:2405 ncall:4.4e+07 eff:0.1% logz-ratio=525.99+/-0.17 dlogz:0.123>0.1]
37045it [4:35:15 bound:540 nc:4401 ncall:4.4e+07 eff:0.1% logz-ratio=525.99+/-0.17 dlogz:0.109>0.1]
At this point, we cannot create a float from 0       1.197592
1       1.197449
2       1.197486
3       1.197425
4       1.197430
          ...   
4934    1.197554
4935    1.197497
4936    1.197499
4937    1.197530
4938    1.197486
Name: chirp_mass, Length: 4939, dtype: float64, error: cannot convert the series to <class 'float'>
At this point, we cannot create a float from 0       0.841943
1       0.865801
2       0.921484
3       0.857350
4       0.940279
          ...   
4934    0.791796
4935    0.851961
4936    0.914954
4937    0.864948
4938    0.856472
Name: mass_ratio, Length: 4939, dtype: float64, error: cannot convert the series to <class 'float'>
At this point, we cannot create a float from 0       991.216858
1       717.489502
2       788.396545
3       750.853027
4       379.102325
           ...    
4934    949.264709
4935    804.566956
4936    660.065979
4937    722.323242
4938    808.504089
Name: lambda_2, Length: 4939, dtype: float64, error: cannot convert the series to <class 'float'>
At this point, we cannot create a float from 0       27.974243
1       43.892315
2       26.390795
3       32.322548
4       31.459225
          ...    
4934    31.009413
4935    26.562996
4936    25.370520
4937    27.372570
4938    27.101219
Name: luminosity_distance, Length: 4939, dtype: float64, error: cannot convert the series to <class 'float'>
Skipped taking the float value from [1.67969942 2.37537718 1.82178783 ... 1.88132954 1.66864347
 1.75125647], error: only length-1 arrays can be converted to Python scalars
At this point, we cannot create a float from [1.19734728 1.19734852 1.19734975 ... 1.19771365 1.19771488
 1.19771612], error: only length-1 arrays can be converted to Python scalars
At this point, we cannot create a float from [0.66034806 0.66146878 0.66258951 ... 0.99320344 0.99432417
 0.99544489], error: only length-1 arrays can be converted to Python scalars
At this point, we cannot create a float from [ 370.50949097  375.2754488   380.04140664 ... 1785.99896812
 1790.76492595 1795.53088379], error: only length-1 arrays can be converted to Python scalars
At this point, we cannot create a float from [22.99015617 23.0785718  23.16698744 ... 49.24959849 49.33801412
 49.42642975], error: only length-1 arrays can be converted to Python scalars
Skipped taking the float value from [-8.64429951 -8.51689625 -8.38811493 ... -5.38977051 -5.5372858
 -5.65002632], error: only length-1 arrays can be converted to Python scalars
