NFDist has source_type = nsbh
self.parameters_ref
{'chirp_mass': 2.0272715949909377, 'mass_ratio': 0.3699999999999999, 'symmetric_mass_ratio': 0.19713357131440137, 'a_1': 0.0, 'a_2': 0.0, 'tilt_1': 0.0, 'tilt_2': 0.0, 'phi_jl': 0.0, 'phi_12': 0.0, 'luminosity_distance': 201.0, 'phase': 1.3576488959769972, 'theta_jn': 2.323517520938953, 'psi': 0.030083409062676092, 'ra': 1.121307208346961, 'dec': 0.22562961827621178, 'lambda_1': 0.0, 'lambda_2': 0.0, 'mass_1': 3.920441829732034, 'mass_2': 1.4505634770008522, 'geocent_time': 1369419318.7460938, 'duration': 128.0}
1it [0:00:00 bound:0 nc:  1 ncall:4.1e+03 eff:0.0% logz-ratio=-998.36+/-0.05 dlogz:inf>0.1]
12131it [0:01:00 bound:0 nc: 92 ncall:8.0e+04 eff:15.2% logz-ratio=-1.73+/-0.02 dlogz:19.386>0.1]
14666it [0:02:07 bound:2 nc:793 ncall:1.5e+05 eff:9.9% logz-ratio=-1.37+/-0.02 dlogz:18.405>0.1]
14919it [0:03:12 bound:6 nc:685 ncall:3.3e+05 eff:4.5% logz-ratio=-1.33+/-0.02 dlogz:18.312>0.1]
15174it [0:04:21 bound:10 nc:536 ncall:5.2e+05 eff:2.9% logz-ratio=-1.30+/-0.02 dlogz:18.219>0.1]
15430it [0:05:28 bound:14 nc:524 ncall:7.1e+05 eff:2.2% logz-ratio=-1.27+/-0.02 dlogz:18.126>0.1]
15684it [0:06:37 bound:18 nc:629 ncall:9.0e+05 eff:1.7% logz-ratio=-1.24+/-0.02 dlogz:18.035>0.1]
15939it [0:07:46 bound:22 nc:920 ncall:1.1e+06 eff:1.5% logz-ratio=-1.21+/-0.02 dlogz:28.290>0.1]
16194it [0:08:59 bound:26 nc:725 ncall:1.3e+06 eff:1.3% logz-ratio=-1.19+/-0.02 dlogz:28.199>0.1]
16447it [0:10:07 bound:30 nc:513 ncall:1.5e+06 eff:1.1% logz-ratio=-1.16+/-0.02 dlogz:28.110>0.1]
16702it [0:11:21 bound:34 nc:665 ncall:1.7e+06 eff:1.0% logz-ratio=-1.13+/-0.02 dlogz:28.020>0.1]
16956it [0:12:30 bound:38 nc:479 ncall:1.8e+06 eff:0.9% logz-ratio=-1.10+/-0.02 dlogz:27.932>0.1]
17208it [0:13:43 bound:42 nc:1215 ncall:2.0e+06 eff:0.8% logz-ratio=-1.08+/-0.02 dlogz:27.844>0.1]
17462it [0:14:52 bound:46 nc:220 ncall:2.2e+06 eff:0.8% logz-ratio=-1.05+/-0.02 dlogz:27.755>0.1]
17715it [0:16:09 bound:50 nc:545 ncall:2.4e+06 eff:0.7% logz-ratio=-1.03+/-0.02 dlogz:27.668>0.1]
17971it [0:17:23 bound:54 nc:739 ncall:2.6e+06 eff:0.7% logz-ratio=-1.00+/-0.02 dlogz:27.580>0.1]
18226it [0:18:36 bound:58 nc:1008 ncall:2.8e+06 eff:0.7% logz-ratio=-0.98+/-0.02 dlogz:27.493>0.1]
18480it [0:19:50 bound:62 nc:1086 ncall:3.0e+06 eff:0.6% logz-ratio=-0.95+/-0.02 dlogz:27.406>0.1]
18735it [0:21:01 bound:66 nc:510 ncall:3.2e+06 eff:0.6% logz-ratio=-0.93+/-0.02 dlogz:27.319>0.1]
18989it [0:22:20 bound:70 nc:408 ncall:3.4e+06 eff:0.6% logz-ratio=-0.90+/-0.02 dlogz:27.234>0.1]
19242it [0:23:38 bound:74 nc:557 ncall:3.5e+06 eff:0.5% logz-ratio=-0.88+/-0.02 dlogz:27.148>0.1]
19494it [0:24:54 bound:78 nc:877 ncall:3.7e+06 eff:0.5% logz-ratio=-0.86+/-0.02 dlogz:30.313>0.1]
19745it [0:26:11 bound:82 nc:355 ncall:3.9e+06 eff:0.5% logz-ratio=-0.83+/-0.02 dlogz:30.228>0.1]
19996it [0:27:27 bound:86 nc:912 ncall:4.1e+06 eff:0.5% logz-ratio=-0.81+/-0.02 dlogz:30.144>0.1]
20247it [0:28:44 bound:90 nc:1898 ncall:4.3e+06 eff:0.5% logz-ratio=-0.79+/-0.02 dlogz:30.061>0.1]
20490it [0:30:03 bound:94 nc:904 ncall:4.5e+06 eff:0.5% logz-ratio=-0.77+/-0.02 dlogz:29.979>0.1]
20678it [0:31:03 bound:97 nc:464 ncall:4.7e+06 eff:0.4% logz-ratio=-0.75+/-0.02 dlogz:29.916>0.1]
20867it [0:32:04 bound:100 nc:952 ncall:4.8e+06 eff:0.4% logz-ratio=-0.73+/-0.02 dlogz:29.853>0.1]
21115it [0:33:21 bound:104 nc:1140 ncall:5.0e+06 eff:0.4% logz-ratio=-0.71+/-0.02 dlogz:29.771>0.1]
21369it [0:34:42 bound:108 nc:1054 ncall:5.2e+06 eff:0.4% logz-ratio=-0.69+/-0.02 dlogz:29.686>0.1]
21623it [0:36:00 bound:112 nc:416 ncall:5.4e+06 eff:0.4% logz-ratio=-0.66+/-0.02 dlogz:29.601>0.1]
21808it [0:37:06 bound:115 nc:483 ncall:5.6e+06 eff:0.4% logz-ratio=-0.65+/-0.02 dlogz:29.540>0.1]
21996it [0:38:07 bound:118 nc:1001 ncall:5.7e+06 eff:0.4% logz-ratio=-0.63+/-0.02 dlogz:29.478>0.1]
22181it [0:39:09 bound:121 nc:448 ncall:5.9e+06 eff:0.4% logz-ratio=-0.62+/-0.02 dlogz:29.416>0.1]
22367it [0:40:10 bound:124 nc:747 ncall:6.0e+06 eff:0.4% logz-ratio=-0.60+/-0.02 dlogz:29.355>0.1]
22555it [0:41:14 bound:127 nc:949 ncall:6.2e+06 eff:0.4% logz-ratio=-0.58+/-0.02 dlogz:29.292>0.1]
22742it [0:42:15 bound:130 nc:1223 ncall:6.3e+06 eff:0.4% logz-ratio=-0.57+/-0.02 dlogz:29.231>0.1]
22922it [0:43:19 bound:133 nc:873 ncall:6.5e+06 eff:0.4% logz-ratio=-0.55+/-0.02 dlogz:29.171>0.1]
23104it [0:44:23 bound:136 nc:876 ncall:6.6e+06 eff:0.3% logz-ratio=-0.54+/-0.02 dlogz:29.111>0.1]
23289it [0:45:28 bound:139 nc:1278 ncall:6.8e+06 eff:0.3% logz-ratio=-0.52+/-0.02 dlogz:29.050>0.1]
23471it [0:46:37 bound:142 nc:378 ncall:6.9e+06 eff:0.3% logz-ratio=-0.50+/-0.02 dlogz:28.990>0.1]
23653it [0:47:41 bound:145 nc:830 ncall:7.1e+06 eff:0.3% logz-ratio=-0.49+/-0.02 dlogz:28.930>0.1]
23895it [0:49:01 bound:149 nc:351 ncall:7.3e+06 eff:0.3% logz-ratio=-0.47+/-0.02 dlogz:43.371>0.1]
24076it [0:50:10 bound:152 nc:876 ncall:7.4e+06 eff:0.3% logz-ratio=-0.45+/-0.02 dlogz:43.311>0.1]
24262it [0:51:15 bound:155 nc:964 ncall:7.6e+06 eff:0.3% logz-ratio=-0.44+/-0.02 dlogz:43.249>0.1]
24447it [0:52:21 bound:158 nc:404 ncall:7.7e+06 eff:0.3% logz-ratio=-0.42+/-0.02 dlogz:43.188>0.1]
24632it [0:53:23 bound:161 nc:881 ncall:7.9e+06 eff:0.3% logz-ratio=-0.40+/-0.02 dlogz:43.127>0.1]
24816it [0:54:26 bound:164 nc:691 ncall:8.1e+06 eff:0.3% logz-ratio=-0.39+/-0.02 dlogz:43.066>0.1]
25002it [0:55:34 bound:167 nc:811 ncall:8.2e+06 eff:0.3% logz-ratio=-0.37+/-0.02 dlogz:43.004>0.1]
25181it [0:56:39 bound:170 nc:940 ncall:8.4e+06 eff:0.3% logz-ratio=-0.36+/-0.02 dlogz:42.945>0.1]
25361it [0:57:46 bound:173 nc:1082 ncall:8.5e+06 eff:0.3% logz-ratio=-0.34+/-0.02 dlogz:42.885>0.1]
25543it [0:58:51 bound:176 nc:458 ncall:8.7e+06 eff:0.3% logz-ratio=-0.32+/-0.02 dlogz:42.824>0.1]
25722it [0:59:56 bound:179 nc:767 ncall:8.8e+06 eff:0.3% logz-ratio=-0.31+/-0.03 dlogz:42.764>0.1]
25841it [1:01:06 bound:181 nc:1113 ncall:8.9e+06 eff:0.3% logz-ratio=-0.30+/-0.03 dlogz:42.725>0.1]
26024it [1:02:14 bound:184 nc:748 ncall:9.1e+06 eff:0.3% logz-ratio=-0.28+/-0.03 dlogz:42.663>0.1]
26200it [1:03:23 bound:187 nc:461 ncall:9.2e+06 eff:0.3% logz-ratio=-0.26+/-0.03 dlogz:42.604>0.1]
26382it [1:04:34 bound:190 nc:564 ncall:9.4e+06 eff:0.3% logz-ratio=-0.25+/-0.03 dlogz:42.543>0.1]
26566it [1:05:39 bound:193 nc:958 ncall:9.6e+06 eff:0.3% logz-ratio=-0.23+/-0.03 dlogz:42.481>0.1]
26753it [1:06:47 bound:196 nc:992 ncall:9.7e+06 eff:0.3% logz-ratio=-0.21+/-0.03 dlogz:42.418>0.1]
26932it [1:07:54 bound:199 nc:582 ncall:9.9e+06 eff:0.3% logz-ratio=-0.20+/-0.03 dlogz:42.357>0.1]
27110it [1:09:01 bound:202 nc:606 ncall:1.0e+07 eff:0.3% logz-ratio=-0.18+/-0.03 dlogz:42.297>0.1]
27287it [1:10:06 bound:205 nc:1328 ncall:1.0e+07 eff:0.3% logz-ratio=-0.16+/-0.03 dlogz:42.237>0.1]
27469it [1:11:14 bound:208 nc:674 ncall:1.0e+07 eff:0.3% logz-ratio=-0.14+/-0.03 dlogz:42.175>0.1]
27649it [1:12:26 bound:211 nc:1168 ncall:1.1e+07 eff:0.3% logz-ratio=-0.13+/-0.03 dlogz:42.113>0.1]
27832it [1:13:29 bound:214 nc:952 ncall:1.1e+07 eff:0.3% logz-ratio=-0.11+/-0.03 dlogz:42.050>0.1]
28009it [1:14:38 bound:217 nc:1007 ncall:1.1e+07 eff:0.3% logz-ratio=-0.09+/-0.03 dlogz:41.989>0.1]
28188it [1:15:42 bound:220 nc:1345 ncall:1.1e+07 eff:0.3% logz-ratio=-0.07+/-0.03 dlogz:41.927>0.1]
28369it [1:16:47 bound:223 nc:622 ncall:1.1e+07 eff:0.3% logz-ratio=-0.05+/-0.03 dlogz:41.864>0.1]
28544it [1:17:55 bound:226 nc:790 ncall:1.1e+07 eff:0.3% logz-ratio=-0.03+/-0.03 dlogz:41.802>0.1]
28728it [1:19:06 bound:229 nc:515 ncall:1.2e+07 eff:0.2% logz-ratio=-0.02+/-0.03 dlogz:41.738>0.1]
28908it [1:20:13 bound:232 nc:1114 ncall:1.2e+07 eff:0.2% logz-ratio=0.00+/-0.03 dlogz:41.674>0.1]
29094it [1:21:23 bound:235 nc:1072 ncall:1.2e+07 eff:0.2% logz-ratio=0.03+/-0.03 dlogz:41.607>0.1]
29280it [1:22:31 bound:238 nc:1455 ncall:1.2e+07 eff:0.2% logz-ratio=0.05+/-0.03 dlogz:41.541>0.1]
29458it [1:23:40 bound:241 nc:788 ncall:1.2e+07 eff:0.2% logz-ratio=0.07+/-0.03 dlogz:41.477>0.1]
29634it [1:24:48 bound:244 nc:1332 ncall:1.2e+07 eff:0.2% logz-ratio=0.09+/-0.03 dlogz:41.414>0.1]
29815it [1:25:54 bound:247 nc:985 ncall:1.3e+07 eff:0.2% logz-ratio=0.11+/-0.03 dlogz:41.348>0.1]
29995it [1:27:00 bound:250 nc:700 ncall:1.3e+07 eff:0.2% logz-ratio=0.13+/-0.03 dlogz:41.282>0.1]
30177it [1:28:07 bound:253 nc:358 ncall:1.3e+07 eff:0.2% logz-ratio=0.15+/-0.03 dlogz:41.215>0.1]
30359it [1:29:20 bound:256 nc:701 ncall:1.3e+07 eff:0.2% logz-ratio=0.18+/-0.03 dlogz:41.148>0.1]
30538it [1:30:32 bound:259 nc:373 ncall:1.3e+07 eff:0.2% logz-ratio=0.20+/-0.03 dlogz:41.081>0.1]
30725it [1:31:39 bound:262 nc:321 ncall:1.3e+07 eff:0.2% logz-ratio=0.22+/-0.03 dlogz:41.010>0.1]
30912it [1:32:49 bound:265 nc:763 ncall:1.4e+07 eff:0.2% logz-ratio=0.25+/-0.03 dlogz:40.938>0.1]
31094it [1:33:57 bound:268 nc:1137 ncall:1.4e+07 eff:0.2% logz-ratio=0.28+/-0.03 dlogz:40.868>0.1]
31275it [1:35:07 bound:271 nc:1025 ncall:1.4e+07 eff:0.2% logz-ratio=0.30+/-0.03 dlogz:40.797>0.1]
31456it [1:36:14 bound:274 nc:822 ncall:1.4e+07 eff:0.2% logz-ratio=0.33+/-0.03 dlogz:40.725>0.1]
31640it [1:37:23 bound:277 nc:620 ncall:1.4e+07 eff:0.2% logz-ratio=0.36+/-0.03 dlogz:40.650>0.1]
31819it [1:38:36 bound:280 nc:1042 ncall:1.4e+07 eff:0.2% logz-ratio=0.39+/-0.03 dlogz:40.577>0.1]
32003it [1:39:52 bound:283 nc:1079 ncall:1.5e+07 eff:0.2% logz-ratio=0.42+/-0.03 dlogz:40.501>0.1]
32186it [1:41:06 bound:286 nc:943 ncall:1.5e+07 eff:0.2% logz-ratio=0.45+/-0.03 dlogz:40.424>0.1]
32366it [1:42:15 bound:289 nc:1369 ncall:1.5e+07 eff:0.2% logz-ratio=0.49+/-0.03 dlogz:40.348>0.1]
32549it [1:43:25 bound:292 nc:698 ncall:1.5e+07 eff:0.2% logz-ratio=0.52+/-0.03 dlogz:40.268>0.1]
32734it [1:44:37 bound:295 nc:800 ncall:1.5e+07 eff:0.2% logz-ratio=0.56+/-0.03 dlogz:40.187>0.1]
32918it [1:45:50 bound:298 nc:585 ncall:1.5e+07 eff:0.2% logz-ratio=0.59+/-0.03 dlogz:40.106>0.1]
33101it [1:47:00 bound:301 nc:868 ncall:1.6e+07 eff:0.2% logz-ratio=0.63+/-0.03 dlogz:40.022>0.1]
33287it [1:48:09 bound:304 nc:1037 ncall:1.6e+07 eff:0.2% logz-ratio=0.67+/-0.03 dlogz:39.936>0.1]
33473it [1:49:24 bound:307 nc:1327 ncall:1.6e+07 eff:0.2% logz-ratio=0.72+/-0.03 dlogz:39.848>0.1]
33657it [1:50:38 bound:310 nc:921 ncall:1.6e+07 eff:0.2% logz-ratio=0.76+/-0.03 dlogz:39.760>0.1]
33840it [1:51:53 bound:313 nc:1138 ncall:1.6e+07 eff:0.2% logz-ratio=0.80+/-0.03 dlogz:39.670>0.1]
34021it [1:53:05 bound:316 nc:1251 ncall:1.7e+07 eff:0.2% logz-ratio=0.85+/-0.04 dlogz:39.578>0.1]
34207it [1:54:16 bound:319 nc:1138 ncall:1.7e+07 eff:0.2% logz-ratio=0.90+/-0.04 dlogz:39.482>0.1]
34390it [1:55:30 bound:322 nc:1214 ncall:1.7e+07 eff:0.2% logz-ratio=0.95+/-0.04 dlogz:39.386>0.1]
34576it [1:56:38 bound:325 nc:860 ncall:1.7e+07 eff:0.2% logz-ratio=1.01+/-0.04 dlogz:39.286>0.1]
34761it [1:57:50 bound:328 nc:980 ncall:1.7e+07 eff:0.2% logz-ratio=1.07+/-0.04 dlogz:39.185>0.1]
34948it [1:58:59 bound:331 nc:834 ncall:1.7e+07 eff:0.2% logz-ratio=1.12+/-0.04 dlogz:39.080>0.1]
35129it [2:00:12 bound:334 nc:1980 ncall:1.8e+07 eff:0.2% logz-ratio=1.18+/-0.04 dlogz:38.977>0.1]
35253it [2:01:34 bound:336 nc:998 ncall:1.8e+07 eff:0.2% logz-ratio=1.23+/-0.04 dlogz:38.904>0.1]
35438it [2:02:45 bound:339 nc:787 ncall:1.8e+07 eff:0.2% logz-ratio=1.29+/-0.04 dlogz:38.795>0.1]
35623it [2:03:57 bound:342 nc:819 ncall:1.8e+07 eff:0.2% logz-ratio=1.36+/-0.04 dlogz:38.684>0.1]
35810it [2:05:08 bound:345 nc:775 ncall:1.8e+07 eff:0.2% logz-ratio=1.42+/-0.04 dlogz:38.570>0.1]
35996it [2:06:20 bound:348 nc:1116 ncall:1.8e+07 eff:0.2% logz-ratio=1.49+/-0.04 dlogz:38.454>0.1]
36183it [2:07:29 bound:351 nc:943 ncall:1.9e+07 eff:0.2% logz-ratio=1.57+/-0.04 dlogz:38.334>0.1]
36368it [2:08:44 bound:354 nc:1166 ncall:1.9e+07 eff:0.2% logz-ratio=1.64+/-0.04 dlogz:38.214>0.1]
36549it [2:09:56 bound:357 nc:1238 ncall:1.9e+07 eff:0.2% logz-ratio=1.72+/-0.04 dlogz:38.093>0.1]
36734it [2:11:11 bound:360 nc:1137 ncall:1.9e+07 eff:0.2% logz-ratio=1.80+/-0.04 dlogz:37.968>0.1]
36920it [2:12:24 bound:363 nc:943 ncall:1.9e+07 eff:0.2% logz-ratio=1.88+/-0.04 dlogz:37.839>0.1]
37102it [2:13:33 bound:366 nc:994 ncall:1.9e+07 eff:0.2% logz-ratio=1.97+/-0.04 dlogz:37.709>0.1]
37286it [2:14:44 bound:369 nc:996 ncall:2.0e+07 eff:0.2% logz-ratio=2.06+/-0.04 dlogz:37.576>0.1]
37468it [2:15:57 bound:372 nc:845 ncall:2.0e+07 eff:0.2% logz-ratio=2.15+/-0.04 dlogz:37.442>0.1]
37648it [2:17:14 bound:375 nc:1156 ncall:2.0e+07 eff:0.2% logz-ratio=2.24+/-0.04 dlogz:37.308>0.1]
37835it [2:18:29 bound:378 nc:1070 ncall:2.0e+07 eff:0.2% logz-ratio=2.33+/-0.04 dlogz:37.166>0.1]
38020it [2:19:43 bound:381 nc:660 ncall:2.0e+07 eff:0.2% logz-ratio=2.43+/-0.04 dlogz:37.023>0.1]
38209it [2:20:59 bound:384 nc:1080 ncall:2.1e+07 eff:0.2% logz-ratio=2.54+/-0.04 dlogz:36.873>0.1]
38393it [2:22:21 bound:387 nc:597 ncall:2.1e+07 eff:0.2% logz-ratio=2.64+/-0.04 dlogz:36.726>0.1]
38577it [2:23:38 bound:390 nc:900 ncall:2.1e+07 eff:0.2% logz-ratio=2.74+/-0.04 dlogz:36.576>0.1]
38761it [2:24:52 bound:393 nc:914 ncall:2.1e+07 eff:0.2% logz-ratio=2.85+/-0.05 dlogz:36.423>0.1]
38943it [2:26:07 bound:396 nc:1174 ncall:2.1e+07 eff:0.2% logz-ratio=2.96+/-0.05 dlogz:40.128>0.1]
39127it [2:27:27 bound:399 nc:647 ncall:2.1e+07 eff:0.2% logz-ratio=3.07+/-0.05 dlogz:39.971>0.1]
39313it [2:28:45 bound:402 nc:795 ncall:2.2e+07 eff:0.2% logz-ratio=3.19+/-0.05 dlogz:45.152>0.1]
39498it [2:30:04 bound:405 nc:1019 ncall:2.2e+07 eff:0.2% logz-ratio=3.30+/-0.05 dlogz:44.992>0.1]
39675it [2:31:25 bound:408 nc:1102 ncall:2.2e+07 eff:0.2% logz-ratio=3.41+/-0.05 dlogz:44.839>0.1]
39855it [2:32:39 bound:411 nc:821 ncall:2.2e+07 eff:0.2% logz-ratio=3.52+/-0.05 dlogz:44.684>0.1]
40040it [2:33:53 bound:414 nc:264 ncall:2.2e+07 eff:0.2% logz-ratio=3.64+/-0.05 dlogz:44.524>0.1]
40222it [2:35:11 bound:417 nc:763 ncall:2.2e+07 eff:0.2% logz-ratio=3.75+/-0.05 dlogz:44.362>0.1]
40398it [2:36:28 bound:420 nc:1602 ncall:2.3e+07 eff:0.2% logz-ratio=3.87+/-0.05 dlogz:44.204>0.1]
40579it [2:37:46 bound:423 nc:1423 ncall:2.3e+07 eff:0.2% logz-ratio=3.99+/-0.05 dlogz:44.042>0.1]
40761it [2:38:59 bound:426 nc:540 ncall:2.3e+07 eff:0.2% logz-ratio=4.10+/-0.05 dlogz:43.880>0.1]
40944it [2:40:13 bound:429 nc:627 ncall:2.3e+07 eff:0.2% logz-ratio=4.22+/-0.05 dlogz:43.717>0.1]
41129it [2:41:30 bound:432 nc:1085 ncall:2.3e+07 eff:0.2% logz-ratio=4.34+/-0.05 dlogz:43.551>0.1]
41301it [2:42:50 bound:435 nc:1162 ncall:2.4e+07 eff:0.2% logz-ratio=4.46+/-0.05 dlogz:43.393>0.1]
41484it [2:44:04 bound:438 nc:572 ncall:2.4e+07 eff:0.2% logz-ratio=4.58+/-0.05 dlogz:43.224>0.1]
41661it [2:45:16 bound:441 nc:1109 ncall:2.4e+07 eff:0.2% logz-ratio=4.71+/-0.05 dlogz:43.060>0.1]
41839it [2:46:33 bound:444 nc:588 ncall:2.4e+07 eff:0.2% logz-ratio=4.83+/-0.05 dlogz:42.894>0.1]
42016it [2:47:54 bound:447 nc:1587 ncall:2.4e+07 eff:0.2% logz-ratio=4.95+/-0.05 dlogz:42.727>0.1]
42194it [2:49:07 bound:450 nc:930 ncall:2.4e+07 eff:0.2% logz-ratio=5.08+/-0.05 dlogz:42.560>0.1]
42378it [2:50:21 bound:453 nc:1750 ncall:2.5e+07 eff:0.2% logz-ratio=5.20+/-0.05 dlogz:42.387>0.1]
42558it [2:51:39 bound:456 nc:872 ncall:2.5e+07 eff:0.2% logz-ratio=5.33+/-0.05 dlogz:42.215>0.1]
42740it [2:52:54 bound:459 nc:713 ncall:2.5e+07 eff:0.2% logz-ratio=5.46+/-0.05 dlogz:42.040>0.1]
42924it [2:54:10 bound:462 nc:721 ncall:2.5e+07 eff:0.2% logz-ratio=5.59+/-0.05 dlogz:41.865>0.1]
43106it [2:55:29 bound:465 nc:906 ncall:2.5e+07 eff:0.2% logz-ratio=5.72+/-0.05 dlogz:41.689>0.1]
43287it [2:56:50 bound:468 nc:623 ncall:2.6e+07 eff:0.2% logz-ratio=5.85+/-0.05 dlogz:41.514>0.1]
43461it [2:58:05 bound:471 nc:428 ncall:2.6e+07 eff:0.2% logz-ratio=5.98+/-0.05 dlogz:41.345>0.1]
43643it [2:59:23 bound:474 nc:1661 ncall:2.6e+07 eff:0.2% logz-ratio=6.12+/-0.05 dlogz:41.165>0.1]
43824it [3:00:42 bound:477 nc:1556 ncall:2.6e+07 eff:0.2% logz-ratio=6.25+/-0.05 dlogz:40.986>0.1]
43889it [3:01:53 bound:478 nc:2034 ncall:2.6e+07 eff:0.2% logz-ratio=6.30+/-0.05 dlogz:40.921>0.1]
44064it [3:03:12 bound:481 nc:1136 ncall:2.6e+07 eff:0.2% logz-ratio=6.44+/-0.05 dlogz:40.743>0.1]
44245it [3:04:34 bound:484 nc:1051 ncall:2.7e+07 eff:0.2% logz-ratio=6.58+/-0.05 dlogz:40.555>0.1]
44426it [3:05:53 bound:487 nc:925 ncall:2.7e+07 eff:0.2% logz-ratio=6.73+/-0.05 dlogz:40.364>0.1]
44599it [3:07:16 bound:490 nc:2342 ncall:2.7e+07 eff:0.2% logz-ratio=6.87+/-0.05 dlogz:40.179>0.1]
44777it [3:08:38 bound:493 nc:1230 ncall:2.7e+07 eff:0.2% logz-ratio=7.01+/-0.05 dlogz:39.992>0.1]
44956it [3:09:59 bound:496 nc:1530 ncall:2.7e+07 eff:0.2% logz-ratio=7.15+/-0.05 dlogz:39.806>0.1]
45132it [3:11:20 bound:499 nc:658 ncall:2.7e+07 eff:0.2% logz-ratio=7.30+/-0.05 dlogz:39.622>0.1]
45313it [3:12:43 bound:502 nc:2266 ncall:2.8e+07 eff:0.2% logz-ratio=7.44+/-0.05 dlogz:39.436>0.1]
45487it [3:14:03 bound:505 nc:970 ncall:2.8e+07 eff:0.2% logz-ratio=7.57+/-0.05 dlogz:39.257>0.1]
45663it [3:15:26 bound:508 nc:1092 ncall:2.8e+07 eff:0.2% logz-ratio=7.71+/-0.05 dlogz:39.075>0.1]
45842it [3:16:46 bound:511 nc:2192 ncall:2.8e+07 eff:0.2% logz-ratio=7.86+/-0.05 dlogz:38.888>0.1]
46019it [3:18:12 bound:514 nc:980 ncall:2.8e+07 eff:0.2% logz-ratio=8.00+/-0.05 dlogz:38.701>0.1]
46191it [3:19:32 bound:517 nc:1044 ncall:2.9e+07 eff:0.2% logz-ratio=8.14+/-0.05 dlogz:38.519>0.1]
46367it [3:20:48 bound:520 nc:1192 ncall:2.9e+07 eff:0.2% logz-ratio=8.29+/-0.05 dlogz:38.332>0.1]
46545it [3:22:03 bound:523 nc:1420 ncall:2.9e+07 eff:0.2% logz-ratio=8.43+/-0.05 dlogz:38.139>0.1]
46724it [3:23:21 bound:526 nc:757 ncall:2.9e+07 eff:0.2% logz-ratio=8.59+/-0.05 dlogz:37.945>0.1]
46899it [3:24:40 bound:529 nc:607 ncall:2.9e+07 eff:0.2% logz-ratio=8.73+/-0.05 dlogz:37.753>0.1]
47084it [3:25:55 bound:532 nc:966 ncall:3.0e+07 eff:0.2% logz-ratio=8.89+/-0.05 dlogz:37.549>0.1]
47262it [3:27:16 bound:535 nc:742 ncall:3.0e+07 eff:0.2% logz-ratio=9.05+/-0.05 dlogz:37.350>0.1]
47436it [3:28:39 bound:538 nc:928 ncall:3.0e+07 eff:0.2% logz-ratio=9.20+/-0.05 dlogz:37.156>0.1]
47609it [3:29:57 bound:541 nc:690 ncall:3.0e+07 eff:0.2% logz-ratio=9.35+/-0.05 dlogz:40.215>0.1]
47790it [3:31:14 bound:544 nc:635 ncall:3.0e+07 eff:0.2% logz-ratio=9.51+/-0.05 dlogz:40.011>0.1]
47964it [3:32:35 bound:547 nc:1451 ncall:3.0e+07 eff:0.2% logz-ratio=9.67+/-0.05 dlogz:39.815>0.1]
48139it [3:33:55 bound:550 nc:864 ncall:3.1e+07 eff:0.2% logz-ratio=9.82+/-0.05 dlogz:39.620>0.1]
48320it [3:35:20 bound:553 nc:795 ncall:3.1e+07 eff:0.2% logz-ratio=9.98+/-0.05 dlogz:39.418>0.1]
48499it [3:36:42 bound:556 nc:1458 ncall:3.1e+07 eff:0.2% logz-ratio=10.14+/-0.05 dlogz:39.213>0.1]
48678it [3:38:05 bound:559 nc:993 ncall:3.1e+07 eff:0.2% logz-ratio=10.30+/-0.05 dlogz:39.006>0.1]
48859it [3:39:26 bound:562 nc:1044 ncall:3.1e+07 eff:0.2% logz-ratio=10.46+/-0.05 dlogz:38.798>0.1]
49036it [3:40:48 bound:565 nc:687 ncall:3.2e+07 eff:0.2% logz-ratio=10.62+/-0.05 dlogz:38.594>0.1]
49208it [3:42:10 bound:568 nc:3226 ncall:3.2e+07 eff:0.2% logz-ratio=10.78+/-0.05 dlogz:38.397>0.1]
49385it [3:43:31 bound:571 nc:635 ncall:3.2e+07 eff:0.2% logz-ratio=10.94+/-0.05 dlogz:38.189>0.1]
49561it [3:44:49 bound:574 nc:766 ncall:3.2e+07 eff:0.2% logz-ratio=11.11+/-0.05 dlogz:37.980>0.1]
49731it [3:46:09 bound:577 nc:928 ncall:3.2e+07 eff:0.2% logz-ratio=11.27+/-0.05 dlogz:37.780>0.1]
49906it [3:47:32 bound:580 nc:1118 ncall:3.3e+07 eff:0.2% logz-ratio=11.43+/-0.05 dlogz:37.572>0.1]
50080it [3:48:54 bound:583 nc:1566 ncall:3.3e+07 eff:0.2% logz-ratio=11.60+/-0.05 dlogz:37.366>0.1]
50261it [3:50:16 bound:586 nc:625 ncall:3.3e+07 eff:0.2% logz-ratio=11.77+/-0.05 dlogz:37.153>0.1]
50432it [3:51:38 bound:589 nc:2133 ncall:3.3e+07 eff:0.2% logz-ratio=11.93+/-0.05 dlogz:36.952>0.1]
50610it [3:53:03 bound:592 nc:1195 ncall:3.3e+07 eff:0.2% logz-ratio=12.09+/-0.06 dlogz:36.741>0.1]
50786it [3:54:23 bound:595 nc:1695 ncall:3.4e+07 eff:0.2% logz-ratio=12.26+/-0.06 dlogz:36.534>0.1]
50961it [3:55:49 bound:598 nc:1552 ncall:3.4e+07 eff:0.2% logz-ratio=12.42+/-0.06 dlogz:36.332>0.1]
51133it [3:57:17 bound:601 nc:1525 ncall:3.4e+07 eff:0.2% logz-ratio=12.57+/-0.06 dlogz:36.137>0.1]
51312it [3:58:45 bound:604 nc:896 ncall:3.4e+07 eff:0.2% logz-ratio=12.73+/-0.06 dlogz:35.931>0.1]
51494it [4:00:10 bound:607 nc:1068 ncall:3.4e+07 eff:0.1% logz-ratio=12.90+/-0.06 dlogz:35.723>0.1]
51670it [4:01:26 bound:610 nc:1603 ncall:3.5e+07 eff:0.1% logz-ratio=13.06+/-0.06 dlogz:35.520>0.1]
51750it [4:02:45 bound:611 nc:1027 ncall:3.5e+07 eff:0.1% logz-ratio=13.13+/-0.06 dlogz:35.428>0.1]
51903it [4:04:06 bound:614 nc:1095 ncall:3.5e+07 eff:0.1% logz-ratio=13.27+/-0.06 dlogz:35.250>0.1]
52081it [4:05:32 bound:617 nc:984 ncall:3.5e+07 eff:0.1% logz-ratio=13.44+/-0.06 dlogz:35.040>0.1]
52248it [4:06:57 bound:620 nc:1186 ncall:3.5e+07 eff:0.1% logz-ratio=13.59+/-0.06 dlogz:36.319>0.1]
52367it [4:07:58 bound:622 nc:1062 ncall:3.5e+07 eff:0.1% logz-ratio=13.71+/-0.06 dlogz:36.176>0.1]
52547it [4:09:15 bound:625 nc:1200 ncall:3.6e+07 eff:0.1% logz-ratio=13.88+/-0.06 dlogz:35.957>0.1]
52723it [4:10:33 bound:628 nc:1598 ncall:3.6e+07 eff:0.1% logz-ratio=14.06+/-0.06 dlogz:35.739>0.1]
52890it [4:11:54 bound:631 nc:935 ncall:3.6e+07 eff:0.1% logz-ratio=14.22+/-0.06 dlogz:35.533>0.1]
53069it [4:13:18 bound:634 nc:840 ncall:3.6e+07 eff:0.1% logz-ratio=14.40+/-0.06 dlogz:35.309>0.1]
53246it [4:14:38 bound:637 nc:1925 ncall:3.6e+07 eff:0.1% logz-ratio=14.58+/-0.06 dlogz:35.085>0.1]
53417it [4:16:04 bound:640 nc:817 ncall:3.7e+07 eff:0.1% logz-ratio=14.76+/-0.06 dlogz:34.870>0.1]
53591it [4:17:28 bound:643 nc:688 ncall:3.7e+07 eff:0.1% logz-ratio=14.94+/-0.06 dlogz:34.649>0.1]
53766it [4:18:53 bound:646 nc:825 ncall:3.7e+07 eff:0.1% logz-ratio=15.11+/-0.06 dlogz:34.429>0.1]
53939it [4:20:18 bound:649 nc:1928 ncall:3.7e+07 eff:0.1% logz-ratio=15.29+/-0.06 dlogz:34.214>0.1]
54110it [4:21:38 bound:652 nc:854 ncall:3.7e+07 eff:0.1% logz-ratio=15.46+/-0.06 dlogz:33.995>0.1]
54289it [4:23:00 bound:655 nc:610 ncall:3.8e+07 eff:0.1% logz-ratio=15.65+/-0.06 dlogz:33.765>0.1]
54465it [4:24:20 bound:658 nc:666 ncall:3.8e+07 eff:0.1% logz-ratio=15.83+/-0.06 dlogz:33.544>0.1]
54642it [4:25:46 bound:661 nc:400 ncall:3.8e+07 eff:0.1% logz-ratio=16.01+/-0.06 dlogz:33.322>0.1]
54813it [4:27:15 bound:664 nc:1474 ncall:3.8e+07 eff:0.1% logz-ratio=16.18+/-0.06 dlogz:33.104>0.1]
54983it [4:28:34 bound:667 nc:874 ncall:3.8e+07 eff:0.1% logz-ratio=16.36+/-0.06 dlogz:32.886>0.1]
55152it [4:29:58 bound:670 nc:1641 ncall:3.9e+07 eff:0.1% logz-ratio=16.53+/-0.06 dlogz:32.668>0.1]
55323it [4:31:23 bound:673 nc:1877 ncall:3.9e+07 eff:0.1% logz-ratio=16.72+/-0.06 dlogz:35.548>0.1]
55497it [4:32:47 bound:676 nc:1200 ncall:3.9e+07 eff:0.1% logz-ratio=16.90+/-0.06 dlogz:35.322>0.1]
55669it [4:34:14 bound:679 nc:2087 ncall:3.9e+07 eff:0.1% logz-ratio=17.08+/-0.06 dlogz:35.100>0.1]
55843it [4:35:39 bound:682 nc:532 ncall:3.9e+07 eff:0.1% logz-ratio=17.26+/-0.06 dlogz:34.873>0.1]
56007it [4:37:02 bound:685 nc:1491 ncall:4.0e+07 eff:0.1% logz-ratio=17.44+/-0.06 dlogz:34.657>0.1]
56175it [4:38:29 bound:688 nc:2614 ncall:4.0e+07 eff:0.1% logz-ratio=17.62+/-0.06 dlogz:34.438>0.1]
56350it [4:39:56 bound:691 nc:760 ncall:4.0e+07 eff:0.1% logz-ratio=17.80+/-0.06 dlogz:34.212>0.1]
56526it [4:41:24 bound:694 nc:2263 ncall:4.0e+07 eff:0.1% logz-ratio=17.99+/-0.06 dlogz:33.983>0.1]
56701it [4:42:44 bound:697 nc:1604 ncall:4.0e+07 eff:0.1% logz-ratio=18.17+/-0.06 dlogz:33.753>0.1]
56870it [4:44:06 bound:700 nc:1240 ncall:4.1e+07 eff:0.1% logz-ratio=18.36+/-0.06 dlogz:33.530>0.1]
57041it [4:45:29 bound:703 nc:726 ncall:4.1e+07 eff:0.1% logz-ratio=18.54+/-0.06 dlogz:33.303>0.1]
57223it [4:46:55 bound:706 nc:717 ncall:4.1e+07 eff:0.1% logz-ratio=18.74+/-0.06 dlogz:33.061>0.1]
57399it [4:48:16 bound:709 nc:715 ncall:4.1e+07 eff:0.1% logz-ratio=18.92+/-0.06 dlogz:32.831>0.1]
57573it [4:49:38 bound:712 nc:2089 ncall:4.1e+07 eff:0.1% logz-ratio=19.11+/-0.06 dlogz:32.604>0.1]
57743it [4:51:02 bound:715 nc:1133 ncall:4.2e+07 eff:0.1% logz-ratio=19.29+/-0.06 dlogz:32.378>0.1]
57917it [4:52:24 bound:718 nc:1172 ncall:4.2e+07 eff:0.1% logz-ratio=19.48+/-0.06 dlogz:32.146>0.1]
58094it [4:53:53 bound:721 nc:1022 ncall:4.2e+07 eff:0.1% logz-ratio=19.67+/-0.06 dlogz:31.914>0.1]
58267it [4:55:19 bound:724 nc:1032 ncall:4.2e+07 eff:0.1% logz-ratio=19.86+/-0.06 dlogz:31.680>0.1]
58438it [4:56:46 bound:727 nc:1752 ncall:4.2e+07 eff:0.1% logz-ratio=20.06+/-0.06 dlogz:31.444>0.1]
58608it [4:58:09 bound:730 nc:1197 ncall:4.3e+07 eff:0.1% logz-ratio=20.25+/-0.06 dlogz:31.211>0.1]
58776it [4:59:35 bound:733 nc:823 ncall:4.3e+07 eff:0.1% logz-ratio=20.44+/-0.06 dlogz:30.979>0.1]
58943it [5:00:56 bound:736 nc:1441 ncall:4.3e+07 eff:0.1% logz-ratio=20.63+/-0.06 dlogz:30.750>0.1]
59115it [5:02:15 bound:739 nc:1087 ncall:4.3e+07 eff:0.1% logz-ratio=20.82+/-0.06 dlogz:30.515>0.1]
59190it [5:03:40 bound:740 nc:1700 ncall:4.3e+07 eff:0.1% logz-ratio=20.91+/-0.06 dlogz:30.411>0.1]
59348it [5:05:04 bound:743 nc:2210 ncall:4.4e+07 eff:0.1% logz-ratio=21.09+/-0.06 dlogz:30.187>0.1]
59511it [5:06:28 bound:746 nc:1087 ncall:4.4e+07 eff:0.1% logz-ratio=21.28+/-0.06 dlogz:29.957>0.1]
59686it [5:07:57 bound:749 nc:1153 ncall:4.4e+07 eff:0.1% logz-ratio=21.48+/-0.06 dlogz:29.716>0.1]
59801it [5:09:01 bound:751 nc:1367 ncall:4.4e+07 eff:0.1% logz-ratio=21.61+/-0.06 dlogz:29.562>0.1]
59982it [5:10:26 bound:754 nc:1064 ncall:4.4e+07 eff:0.1% logz-ratio=21.81+/-0.06 dlogz:29.319>0.1]
60159it [5:11:55 bound:757 nc:1268 ncall:4.5e+07 eff:0.1% logz-ratio=22.00+/-0.06 dlogz:29.082>0.1]
60328it [5:13:20 bound:760 nc:1113 ncall:4.5e+07 eff:0.1% logz-ratio=22.18+/-0.06 dlogz:28.857>0.1]
60497it [5:14:44 bound:763 nc:1421 ncall:4.5e+07 eff:0.1% logz-ratio=22.37+/-0.06 dlogz:28.630>0.1]
60668it [5:16:13 bound:766 nc:989 ncall:4.5e+07 eff:0.1% logz-ratio=22.56+/-0.06 dlogz:28.399>0.1]
60843it [5:17:38 bound:769 nc:972 ncall:4.5e+07 eff:0.1% logz-ratio=22.75+/-0.06 dlogz:28.168>0.1]
61013it [5:19:05 bound:772 nc:654 ncall:4.6e+07 eff:0.1% logz-ratio=22.94+/-0.06 dlogz:27.934>0.1]
61184it [5:20:32 bound:775 nc:975 ncall:4.6e+07 eff:0.1% logz-ratio=23.13+/-0.06 dlogz:27.699>0.1]
61349it [5:21:55 bound:778 nc:2156 ncall:4.6e+07 eff:0.1% logz-ratio=23.32+/-0.06 dlogz:27.471>0.1]
61523it [5:23:19 bound:781 nc:951 ncall:4.6e+07 eff:0.1% logz-ratio=23.52+/-0.06 dlogz:27.231>0.1]
61695it [5:24:44 bound:784 nc:1308 ncall:4.7e+07 eff:0.1% logz-ratio=23.71+/-0.06 dlogz:26.994>0.1]
61863it [5:26:16 bound:787 nc:1153 ncall:4.7e+07 eff:0.1% logz-ratio=23.90+/-0.06 dlogz:26.766>0.1]
62038it [5:27:42 bound:790 nc:3876 ncall:4.7e+07 eff:0.1% logz-ratio=24.10+/-0.06 dlogz:26.525>0.1]
62151it [5:28:42 bound:792 nc:2161 ncall:4.7e+07 eff:0.1% logz-ratio=24.23+/-0.06 dlogz:26.367>0.1]
62325it [5:30:11 bound:795 nc:2468 ncall:4.7e+07 eff:0.1% logz-ratio=24.43+/-0.06 dlogz:26.123>0.1]
62495it [5:31:40 bound:798 nc:1267 ncall:4.8e+07 eff:0.1% logz-ratio=24.62+/-0.06 dlogz:25.891>0.1]
62614it [5:32:41 bound:800 nc:1278 ncall:4.8e+07 eff:0.1% logz-ratio=24.75+/-0.06 dlogz:25.730>0.1]
62779it [5:34:09 bound:803 nc:1522 ncall:4.8e+07 eff:0.1% logz-ratio=24.93+/-0.06 dlogz:25.510>0.1]
62954it [5:35:41 bound:806 nc:1345 ncall:4.8e+07 eff:0.1% logz-ratio=25.12+/-0.06 dlogz:25.276>0.1]
63125it [5:37:09 bound:809 nc:1259 ncall:4.8e+07 eff:0.1% logz-ratio=25.31+/-0.06 dlogz:25.045>0.1]
63295it [5:38:36 bound:812 nc:1237 ncall:4.9e+07 eff:0.1% logz-ratio=25.50+/-0.06 dlogz:24.821>0.1]
63470it [5:40:04 bound:815 nc:1355 ncall:4.9e+07 eff:0.1% logz-ratio=25.68+/-0.06 dlogz:24.591>0.1]
63583it [5:41:04 bound:817 nc:2463 ncall:4.9e+07 eff:0.1% logz-ratio=25.80+/-0.06 dlogz:24.444>0.1]
63752it [5:42:33 bound:820 nc:1329 ncall:4.9e+07 eff:0.1% logz-ratio=25.98+/-0.06 dlogz:24.223>0.1]
63866it [5:43:34 bound:822 nc:1747 ncall:4.9e+07 eff:0.1% logz-ratio=26.10+/-0.06 dlogz:24.075>0.1]
64033it [5:45:01 bound:825 nc:893 ncall:5.0e+07 eff:0.1% logz-ratio=26.28+/-0.06 dlogz:24.541>0.1]
64189it [5:46:01 bound:827 nc:1358 ncall:5.0e+07 eff:0.1% logz-ratio=26.44+/-0.06 dlogz:24.340>0.1]
64266it [5:47:03 bound:829 nc:1543 ncall:5.0e+07 eff:0.1% logz-ratio=26.52+/-0.06 dlogz:24.240>0.1]
64440it [5:48:29 bound:832 nc:948 ncall:5.0e+07 eff:0.1% logz-ratio=26.71+/-0.06 dlogz:24.015>0.1]
64617it [5:49:54 bound:835 nc:1364 ncall:5.0e+07 eff:0.1% logz-ratio=26.89+/-0.06 dlogz:23.787>0.1]
64735it [5:50:54 bound:837 nc:974 ncall:5.1e+07 eff:0.1% logz-ratio=27.01+/-0.06 dlogz:23.637>0.1]
64906it [5:52:29 bound:840 nc:1974 ncall:5.1e+07 eff:0.1% logz-ratio=27.19+/-0.06 dlogz:23.416>0.1]
65026it [5:53:29 bound:842 nc:1253 ncall:5.1e+07 eff:0.1% logz-ratio=27.32+/-0.06 dlogz:23.260>0.1]
65139it [5:54:34 bound:844 nc:1592 ncall:5.1e+07 eff:0.1% logz-ratio=27.44+/-0.06 dlogz:23.113>0.1]
65255it [5:55:36 bound:846 nc:1532 ncall:5.1e+07 eff:0.1% logz-ratio=27.56+/-0.06 dlogz:22.964>0.1]
65368it [5:56:37 bound:848 nc:1348 ncall:5.1e+07 eff:0.1% logz-ratio=27.67+/-0.06 dlogz:22.820>0.1]
65483it [5:57:37 bound:850 nc:2722 ncall:5.2e+07 eff:0.1% logz-ratio=27.79+/-0.06 dlogz:22.676>0.1]
65657it [5:59:04 bound:853 nc:1295 ncall:5.2e+07 eff:0.1% logz-ratio=27.96+/-0.06 dlogz:22.465>0.1]
65833it [6:00:35 bound:856 nc:1095 ncall:5.2e+07 eff:0.1% logz-ratio=28.13+/-0.06 dlogz:22.250>0.1]
65948it [6:01:36 bound:858 nc:1425 ncall:5.2e+07 eff:0.1% logz-ratio=28.24+/-0.06 dlogz:22.110>0.1]
66068it [6:02:36 bound:860 nc:2486 ncall:5.2e+07 eff:0.1% logz-ratio=28.36+/-0.06 dlogz:21.964>0.1]
66188it [6:03:37 bound:862 nc:706 ncall:5.3e+07 eff:0.1% logz-ratio=28.48+/-0.06 dlogz:21.817>0.1]
66196it [6:04:40 bound:862 nc:1634 ncall:5.3e+07 eff:0.1% logz-ratio=28.49+/-0.06 dlogz:21.807>0.1]
66303it [6:05:40 bound:864 nc:670 ncall:5.3e+07 eff:0.1% logz-ratio=28.59+/-0.06 dlogz:21.675>0.1]
66419it [6:06:42 bound:866 nc:1267 ncall:5.3e+07 eff:0.1% logz-ratio=28.70+/-0.06 dlogz:21.533>0.1]
66540it [6:07:44 bound:868 nc:1224 ncall:5.3e+07 eff:0.1% logz-ratio=28.82+/-0.06 dlogz:21.386>0.1]
66656it [6:08:47 bound:870 nc:1083 ncall:5.3e+07 eff:0.1% logz-ratio=28.94+/-0.06 dlogz:21.242>0.1]
66770it [6:09:49 bound:872 nc:1162 ncall:5.3e+07 eff:0.1% logz-ratio=29.05+/-0.06 dlogz:21.101>0.1]
66887it [6:10:50 bound:874 nc:1933 ncall:5.3e+07 eff:0.1% logz-ratio=29.17+/-0.06 dlogz:20.957>0.1]
67005it [6:11:50 bound:876 nc:1403 ncall:5.4e+07 eff:0.1% logz-ratio=29.28+/-0.06 dlogz:20.811>0.1]
67124it [6:12:50 bound:878 nc:1065 ncall:5.4e+07 eff:0.1% logz-ratio=29.40+/-0.06 dlogz:20.665>0.1]
67247it [6:13:52 bound:880 nc:1474 ncall:5.4e+07 eff:0.1% logz-ratio=29.52+/-0.06 dlogz:20.513>0.1]
67362it [6:14:53 bound:882 nc:1046 ncall:5.4e+07 eff:0.1% logz-ratio=29.64+/-0.06 dlogz:20.367>0.1]
67477it [6:15:57 bound:884 nc:1111 ncall:5.4e+07 eff:0.1% logz-ratio=29.76+/-0.06 dlogz:20.223>0.1]
67593it [6:16:59 bound:886 nc:1463 ncall:5.4e+07 eff:0.1% logz-ratio=29.87+/-0.06 dlogz:20.078>0.1]
67704it [6:18:02 bound:888 nc:2414 ncall:5.5e+07 eff:0.1% logz-ratio=29.98+/-0.06 dlogz:19.942>0.1]
67822it [6:19:05 bound:890 nc:906 ncall:5.5e+07 eff:0.1% logz-ratio=30.10+/-0.06 dlogz:19.800>0.1]
68003it [6:20:34 bound:893 nc:699 ncall:5.5e+07 eff:0.1% logz-ratio=30.27+/-0.06 dlogz:19.585>0.1]
68119it [6:21:36 bound:895 nc:931 ncall:5.5e+07 eff:0.1% logz-ratio=30.37+/-0.06 dlogz:19.449>0.1]
68239it [6:22:38 bound:897 nc:1718 ncall:5.5e+07 eff:0.1% logz-ratio=30.49+/-0.06 dlogz:19.306>0.1]
68418it [6:24:06 bound:900 nc:1231 ncall:5.6e+07 eff:0.1% logz-ratio=30.66+/-0.06 dlogz:19.092>0.1]
68530it [6:25:10 bound:902 nc:1306 ncall:5.6e+07 eff:0.1% logz-ratio=30.77+/-0.06 dlogz:18.957>0.1]
68704it [6:26:41 bound:905 nc:993 ncall:5.6e+07 eff:0.1% logz-ratio=30.93+/-0.06 dlogz:18.746>0.1]
68825it [6:27:47 bound:907 nc:1433 ncall:5.6e+07 eff:0.1% logz-ratio=31.05+/-0.06 dlogz:18.598>0.1]
68943it [6:28:50 bound:909 nc:1065 ncall:5.6e+07 eff:0.1% logz-ratio=31.17+/-0.06 dlogz:18.456>0.1]
69063it [6:29:53 bound:911 nc:1750 ncall:5.6e+07 eff:0.1% logz-ratio=31.28+/-0.06 dlogz:18.311>0.1]
69183it [6:30:58 bound:913 nc:1069 ncall:5.7e+07 eff:0.1% logz-ratio=31.40+/-0.06 dlogz:18.660>0.1]
69304it [6:32:02 bound:915 nc:685 ncall:5.7e+07 eff:0.1% logz-ratio=31.51+/-0.06 dlogz:18.513>0.1]
69423it [6:33:05 bound:917 nc:2749 ncall:5.7e+07 eff:0.1% logz-ratio=31.63+/-0.06 dlogz:18.371>0.1]
69541it [6:34:08 bound:919 nc:1627 ncall:5.7e+07 eff:0.1% logz-ratio=31.74+/-0.06 dlogz:18.229>0.1]
69657it [6:35:10 bound:921 nc:2351 ncall:5.7e+07 eff:0.1% logz-ratio=31.85+/-0.06 dlogz:18.089>0.1]
69776it [6:36:13 bound:923 nc:1106 ncall:5.7e+07 eff:0.1% logz-ratio=31.96+/-0.06 dlogz:17.948>0.1]
69894it [6:37:15 bound:925 nc:1388 ncall:5.8e+07 eff:0.1% logz-ratio=32.07+/-0.06 dlogz:17.809>0.1]
70012it [6:38:20 bound:927 nc:1614 ncall:5.8e+07 eff:0.1% logz-ratio=32.18+/-0.06 dlogz:17.672>0.1]
70132it [6:39:24 bound:929 nc:1352 ncall:5.8e+07 eff:0.1% logz-ratio=32.29+/-0.06 dlogz:17.535>0.1]
70251it [6:40:26 bound:931 nc:1506 ncall:5.8e+07 eff:0.1% logz-ratio=32.40+/-0.06 dlogz:17.399>0.1]
70366it [6:41:30 bound:933 nc:1530 ncall:5.8e+07 eff:0.1% logz-ratio=32.50+/-0.06 dlogz:17.268>0.1]
70479it [6:42:31 bound:935 nc:1493 ncall:5.8e+07 eff:0.1% logz-ratio=32.60+/-0.06 dlogz:17.139>0.1]
70592it [6:43:32 bound:937 nc:920 ncall:5.9e+07 eff:0.1% logz-ratio=32.70+/-0.07 dlogz:17.011>0.1]
70716it [6:44:35 bound:939 nc:1044 ncall:5.9e+07 eff:0.1% logz-ratio=32.81+/-0.07 dlogz:16.870>0.1]
70829it [6:45:36 bound:941 nc:3095 ncall:5.9e+07 eff:0.1% logz-ratio=32.91+/-0.07 dlogz:16.745>0.1]
70952it [6:46:37 bound:943 nc:1725 ncall:5.9e+07 eff:0.1% logz-ratio=33.01+/-0.07 dlogz:16.610>0.1]
71068it [6:47:38 bound:945 nc:1687 ncall:5.9e+07 eff:0.1% logz-ratio=33.11+/-0.07 dlogz:16.484>0.1]
71183it [6:48:41 bound:947 nc:1385 ncall:5.9e+07 eff:0.1% logz-ratio=33.21+/-0.07 dlogz:16.357>0.1]
71301it [6:49:43 bound:949 nc:854 ncall:6.0e+07 eff:0.1% logz-ratio=33.31+/-0.07 dlogz:16.226>0.1]
71423it [6:50:45 bound:951 nc:1308 ncall:6.0e+07 eff:0.1% logz-ratio=33.42+/-0.07 dlogz:16.091>0.1]
71541it [6:51:50 bound:953 nc:2708 ncall:6.0e+07 eff:0.1% logz-ratio=33.52+/-0.07 dlogz:17.306>0.1]
71655it [6:52:55 bound:955 nc:1092 ncall:6.0e+07 eff:0.1% logz-ratio=33.62+/-0.07 dlogz:17.180>0.1]
71772it [6:53:58 bound:957 nc:3315 ncall:6.0e+07 eff:0.1% logz-ratio=33.72+/-0.07 dlogz:17.051>0.1]
71885it [6:55:02 bound:959 nc:3017 ncall:6.0e+07 eff:0.1% logz-ratio=33.81+/-0.07 dlogz:16.927>0.1]
71999it [6:56:05 bound:961 nc:1162 ncall:6.1e+07 eff:0.1% logz-ratio=33.91+/-0.07 dlogz:16.803>0.1]
72113it [6:57:06 bound:963 nc:1776 ncall:6.1e+07 eff:0.1% logz-ratio=34.01+/-0.07 dlogz:16.680>0.1]
72231it [6:58:11 bound:965 nc:1482 ncall:6.1e+07 eff:0.1% logz-ratio=34.10+/-0.07 dlogz:16.554>0.1]
72354it [6:59:12 bound:967 nc:1192 ncall:6.1e+07 eff:0.1% logz-ratio=34.20+/-0.07 dlogz:16.422>0.1]
72474it [7:00:20 bound:969 nc:1502 ncall:6.1e+07 eff:0.1% logz-ratio=34.30+/-0.07 dlogz:16.295>0.1]
72597it [7:01:25 bound:971 nc:1062 ncall:6.1e+07 eff:0.1% logz-ratio=34.40+/-0.07 dlogz:16.164>0.1]
72715it [7:02:30 bound:973 nc:3574 ncall:6.2e+07 eff:0.1% logz-ratio=34.50+/-0.07 dlogz:16.039>0.1]
72827it [7:03:33 bound:975 nc:1548 ncall:6.2e+07 eff:0.1% logz-ratio=34.59+/-0.07 dlogz:15.921>0.1]
72946it [7:04:34 bound:977 nc:1244 ncall:6.2e+07 eff:0.1% logz-ratio=34.68+/-0.07 dlogz:15.798>0.1]
72957it [7:05:43 bound:977 nc:1931 ncall:6.2e+07 eff:0.1% logz-ratio=34.69+/-0.07 dlogz:15.787>0.1]
73063it [7:06:46 bound:979 nc:1135 ncall:6.2e+07 eff:0.1% logz-ratio=34.78+/-0.07 dlogz:15.678>0.1]
73182it [7:07:51 bound:981 nc:1419 ncall:6.2e+07 eff:0.1% logz-ratio=34.87+/-0.07 dlogz:15.557>0.1]
73302it [7:09:00 bound:983 nc:1363 ncall:6.2e+07 eff:0.1% logz-ratio=34.96+/-0.07 dlogz:15.435>0.1]
73423it [7:10:03 bound:985 nc:1149 ncall:6.3e+07 eff:0.1% logz-ratio=35.05+/-0.07 dlogz:15.311>0.1]
73536it [7:11:09 bound:987 nc:4377 ncall:6.3e+07 eff:0.1% logz-ratio=35.14+/-0.07 dlogz:15.194>0.1]
73657it [7:12:11 bound:989 nc:1409 ncall:6.3e+07 eff:0.1% logz-ratio=35.24+/-0.07 dlogz:15.067>0.1]
73774it [7:13:16 bound:991 nc:962 ncall:6.3e+07 eff:0.1% logz-ratio=35.33+/-0.07 dlogz:14.946>0.1]
73892it [7:14:20 bound:993 nc:942 ncall:6.3e+07 eff:0.1% logz-ratio=35.43+/-0.07 dlogz:14.825>0.1]
74011it [7:15:24 bound:995 nc:852 ncall:6.3e+07 eff:0.1% logz-ratio=35.52+/-0.07 dlogz:14.702>0.1]
74129it [7:16:26 bound:997 nc:2683 ncall:6.4e+07 eff:0.1% logz-ratio=35.61+/-0.07 dlogz:14.581>0.1]
74246it [7:17:29 bound:999 nc:1398 ncall:6.4e+07 eff:0.1% logz-ratio=35.71+/-0.07 dlogz:14.460>0.1]
74362it [7:18:35 bound:1001 nc:1441 ncall:6.4e+07 eff:0.1% logz-ratio=35.80+/-0.07 dlogz:14.341>0.1]
74484it [7:19:39 bound:1003 nc:1242 ncall:6.4e+07 eff:0.1% logz-ratio=35.89+/-0.07 dlogz:14.215>0.1]
74601it [7:20:42 bound:1005 nc:1229 ncall:6.4e+07 eff:0.1% logz-ratio=35.98+/-0.07 dlogz:14.095>0.1]
74781it [7:22:13 bound:1008 nc:1033 ncall:6.5e+07 eff:0.1% logz-ratio=36.12+/-0.07 dlogz:13.915>0.1]
74899it [7:23:19 bound:1010 nc:1832 ncall:6.5e+07 eff:0.1% logz-ratio=36.21+/-0.07 dlogz:13.798>0.1]
75018it [7:24:28 bound:1012 nc:1250 ncall:6.5e+07 eff:0.1% logz-ratio=36.29+/-0.07 dlogz:13.682>0.1]
75139it [7:25:36 bound:1014 nc:1057 ncall:6.5e+07 eff:0.1% logz-ratio=36.38+/-0.07 dlogz:13.563>0.1]
75258it [7:26:41 bound:1016 nc:1192 ncall:6.5e+07 eff:0.1% logz-ratio=36.47+/-0.07 dlogz:13.446>0.1]
75373it [7:27:42 bound:1018 nc:1495 ncall:6.5e+07 eff:0.1% logz-ratio=36.56+/-0.07 dlogz:13.574>0.1]
75491it [7:28:44 bound:1020 nc:1461 ncall:6.6e+07 eff:0.1% logz-ratio=36.64+/-0.07 dlogz:13.461>0.1]
75608it [7:29:49 bound:1022 nc:1830 ncall:6.6e+07 eff:0.1% logz-ratio=36.72+/-0.07 dlogz:13.350>0.1]
75730it [7:30:54 bound:1024 nc:1130 ncall:6.6e+07 eff:0.1% logz-ratio=36.81+/-0.07 dlogz:13.235>0.1]
75853it [7:31:55 bound:1026 nc:1134 ncall:6.6e+07 eff:0.1% logz-ratio=36.89+/-0.07 dlogz:13.121>0.1]
75975it [7:33:02 bound:1028 nc:932 ncall:6.6e+07 eff:0.1% logz-ratio=36.97+/-0.07 dlogz:13.008>0.1]
76092it [7:34:07 bound:1030 nc:1407 ncall:6.6e+07 eff:0.1% logz-ratio=37.05+/-0.07 dlogz:12.900>0.1]
76211it [7:35:12 bound:1032 nc:1049 ncall:6.7e+07 eff:0.1% logz-ratio=37.13+/-0.07 dlogz:12.791>0.1]
76333it [7:36:17 bound:1034 nc:1394 ncall:6.7e+07 eff:0.1% logz-ratio=37.22+/-0.07 dlogz:12.680>0.1]
76455it [7:37:24 bound:1036 nc:1414 ncall:6.7e+07 eff:0.1% logz-ratio=37.30+/-0.07 dlogz:12.570>0.1]
76574it [7:38:28 bound:1038 nc:1307 ncall:6.7e+07 eff:0.1% logz-ratio=37.37+/-0.07 dlogz:12.462>0.1]
76694it [7:39:35 bound:1040 nc:1246 ncall:6.7e+07 eff:0.1% logz-ratio=37.45+/-0.07 dlogz:12.354>0.1]
76812it [7:40:42 bound:1042 nc:916 ncall:6.7e+07 eff:0.1% logz-ratio=37.53+/-0.07 dlogz:12.249>0.1]
76932it [7:41:45 bound:1044 nc:1467 ncall:6.8e+07 eff:0.1% logz-ratio=37.61+/-0.07 dlogz:12.142>0.1]
77050it [7:42:51 bound:1046 nc:1539 ncall:6.8e+07 eff:0.1% logz-ratio=37.68+/-0.07 dlogz:12.038>0.1]
77169it [7:44:01 bound:1048 nc:1991 ncall:6.8e+07 eff:0.1% logz-ratio=37.76+/-0.07 dlogz:11.933>0.1]
77292it [7:45:08 bound:1050 nc:841 ncall:6.8e+07 eff:0.1% logz-ratio=37.84+/-0.07 dlogz:11.825>0.1]
77415it [7:46:16 bound:1052 nc:968 ncall:6.8e+07 eff:0.1% logz-ratio=37.91+/-0.07 dlogz:11.716>0.1]
77535it [7:47:18 bound:1054 nc:1511 ncall:6.8e+07 eff:0.1% logz-ratio=37.99+/-0.07 dlogz:11.609>0.1]
77657it [7:48:20 bound:1056 nc:1407 ncall:6.9e+07 eff:0.1% logz-ratio=38.07+/-0.07 dlogz:11.500>0.1]
77772it [7:49:24 bound:1058 nc:3410 ncall:6.9e+07 eff:0.1% logz-ratio=38.14+/-0.07 dlogz:11.400>0.1]
77892it [7:50:30 bound:1060 nc:919 ncall:6.9e+07 eff:0.1% logz-ratio=38.22+/-0.07 dlogz:11.297>0.1]
78010it [7:51:37 bound:1062 nc:2276 ncall:6.9e+07 eff:0.1% logz-ratio=38.29+/-0.07 dlogz:11.196>0.1]
78124it [7:52:42 bound:1064 nc:2506 ncall:6.9e+07 eff:0.1% logz-ratio=38.36+/-0.07 dlogz:11.099>0.1]
78248it [7:53:49 bound:1066 nc:1260 ncall:7.0e+07 eff:0.1% logz-ratio=38.43+/-0.07 dlogz:10.995>0.1]
78369it [7:54:53 bound:1068 nc:1268 ncall:7.0e+07 eff:0.1% logz-ratio=38.50+/-0.07 dlogz:11.514>0.1]
78488it [7:55:59 bound:1070 nc:1632 ncall:7.0e+07 eff:0.1% logz-ratio=38.57+/-0.07 dlogz:11.416>0.1]
78603it [7:57:05 bound:1072 nc:974 ncall:7.0e+07 eff:0.1% logz-ratio=38.64+/-0.07 dlogz:11.320>0.1]
78726it [7:58:12 bound:1074 nc:1364 ncall:7.0e+07 eff:0.1% logz-ratio=38.71+/-0.07 dlogz:11.218>0.1]
78850it [7:59:14 bound:1076 nc:1224 ncall:7.0e+07 eff:0.1% logz-ratio=38.79+/-0.07 dlogz:11.114>0.1]
78971it [8:00:22 bound:1078 nc:940 ncall:7.1e+07 eff:0.1% logz-ratio=38.86+/-0.07 dlogz:11.013>0.1]
79093it [8:01:35 bound:1080 nc:1741 ncall:7.1e+07 eff:0.1% logz-ratio=38.93+/-0.07 dlogz:10.912>0.1]
79216it [8:02:40 bound:1082 nc:2500 ncall:7.1e+07 eff:0.1% logz-ratio=39.00+/-0.07 dlogz:10.810>0.1]
79337it [8:03:48 bound:1084 nc:1712 ncall:7.1e+07 eff:0.1% logz-ratio=39.07+/-0.07 dlogz:10.710>0.1]
79462it [8:04:53 bound:1086 nc:1150 ncall:7.1e+07 eff:0.1% logz-ratio=39.14+/-0.07 dlogz:10.607>0.1]
79528it [8:06:37 bound:1087 nc:2159 ncall:7.1e+07 eff:0.1% logz-ratio=39.18+/-0.07 dlogz:10.553>0.1]
79642it [8:07:45 bound:1089 nc:1354 ncall:7.2e+07 eff:0.1% logz-ratio=39.25+/-0.07 dlogz:10.461>0.1]
79762it [8:08:53 bound:1091 nc:1442 ncall:7.2e+07 eff:0.1% logz-ratio=39.31+/-0.07 dlogz:10.364>0.1]
79879it [8:09:56 bound:1093 nc:1135 ncall:7.2e+07 eff:0.1% logz-ratio=39.38+/-0.07 dlogz:10.271>0.1]
79998it [8:11:01 bound:1095 nc:1362 ncall:7.2e+07 eff:0.1% logz-ratio=39.44+/-0.07 dlogz:10.177>0.1]
80119it [8:12:07 bound:1097 nc:1118 ncall:7.2e+07 eff:0.1% logz-ratio=39.51+/-0.07 dlogz:10.081>0.1]
80235it [8:13:13 bound:1099 nc:1352 ncall:7.2e+07 eff:0.1% logz-ratio=39.57+/-0.07 dlogz:9.991>0.1]
80357it [8:14:25 bound:1101 nc:1157 ncall:7.3e+07 eff:0.1% logz-ratio=39.64+/-0.07 dlogz:9.897>0.1]
80482it [8:15:30 bound:1103 nc:1603 ncall:7.3e+07 eff:0.1% logz-ratio=39.70+/-0.07 dlogz:10.079>0.1]
80599it [8:16:35 bound:1105 nc:1305 ncall:7.3e+07 eff:0.1% logz-ratio=39.76+/-0.07 dlogz:9.990>0.1]
80723it [8:17:41 bound:1107 nc:1403 ncall:7.3e+07 eff:0.1% logz-ratio=39.82+/-0.07 dlogz:10.591>0.1]
80836it [8:18:47 bound:1109 nc:5247 ncall:7.3e+07 eff:0.1% logz-ratio=39.88+/-0.07 dlogz:10.505>0.1]
80956it [8:19:54 bound:1111 nc:1193 ncall:7.4e+07 eff:0.1% logz-ratio=39.94+/-0.07 dlogz:10.415>0.1]
81080it [8:21:03 bound:1113 nc:1510 ncall:7.4e+07 eff:0.1% logz-ratio=40.00+/-0.07 dlogz:10.323>0.1]
81198it [8:22:10 bound:1115 nc:1617 ncall:7.4e+07 eff:0.1% logz-ratio=40.06+/-0.07 dlogz:10.236>0.1]
81319it [8:23:16 bound:1117 nc:1387 ncall:7.4e+07 eff:0.1% logz-ratio=40.12+/-0.07 dlogz:10.147>0.1]
81445it [8:24:21 bound:1119 nc:931 ncall:7.4e+07 eff:0.1% logz-ratio=40.18+/-0.07 dlogz:10.056>0.1]
81565it [8:25:28 bound:1121 nc:1196 ncall:7.4e+07 eff:0.1% logz-ratio=40.24+/-0.07 dlogz:9.969>0.1]
81690it [8:26:38 bound:1123 nc:1468 ncall:7.5e+07 eff:0.1% logz-ratio=40.30+/-0.07 dlogz:9.880>0.1]
81809it [8:27:46 bound:1125 nc:2601 ncall:7.5e+07 eff:0.1% logz-ratio=40.35+/-0.07 dlogz:9.796>0.1]
81932it [8:28:52 bound:1127 nc:1809 ncall:7.5e+07 eff:0.1% logz-ratio=40.41+/-0.07 dlogz:9.710>0.1]
82052it [8:29:57 bound:1129 nc:1282 ncall:7.5e+07 eff:0.1% logz-ratio=40.46+/-0.07 dlogz:9.626>0.1]
82171it [8:31:07 bound:1131 nc:797 ncall:7.5e+07 eff:0.1% logz-ratio=40.52+/-0.07 dlogz:9.544>0.1]
82290it [8:32:15 bound:1133 nc:2524 ncall:7.6e+07 eff:0.1% logz-ratio=40.57+/-0.07 dlogz:9.463>0.1]
82414it [8:33:26 bound:1135 nc:1758 ncall:7.6e+07 eff:0.1% logz-ratio=40.62+/-0.07 dlogz:9.380>0.1]
82535it [8:34:33 bound:1137 nc:2684 ncall:7.6e+07 eff:0.1% logz-ratio=40.67+/-0.07 dlogz:9.299>0.1]
82654it [8:35:43 bound:1139 nc:1236 ncall:7.6e+07 eff:0.1% logz-ratio=40.72+/-0.07 dlogz:9.221>0.1]
82780it [8:36:52 bound:1141 nc:1154 ncall:7.6e+07 eff:0.1% logz-ratio=40.77+/-0.07 dlogz:9.138>0.1]
82897it [8:38:02 bound:1143 nc:1508 ncall:7.6e+07 eff:0.1% logz-ratio=40.82+/-0.07 dlogz:9.062>0.1]
83021it [8:39:12 bound:1145 nc:1632 ncall:7.7e+07 eff:0.1% logz-ratio=40.87+/-0.07 dlogz:8.982>0.1]
83146it [8:40:21 bound:1147 nc:1089 ncall:7.7e+07 eff:0.1% logz-ratio=40.92+/-0.07 dlogz:8.901>0.1]
83263it [8:41:29 bound:1149 nc:1345 ncall:7.7e+07 eff:0.1% logz-ratio=40.97+/-0.07 dlogz:8.825>0.1]
83382it [8:42:36 bound:1151 nc:1613 ncall:7.7e+07 eff:0.1% logz-ratio=41.02+/-0.07 dlogz:8.748>0.1]
83505it [8:43:44 bound:1153 nc:2902 ncall:7.7e+07 eff:0.1% logz-ratio=41.07+/-0.07 dlogz:8.670>0.1]
83625it [8:44:54 bound:1155 nc:1339 ncall:7.8e+07 eff:0.1% logz-ratio=41.11+/-0.07 dlogz:8.594>0.1]
83750it [8:46:02 bound:1157 nc:1691 ncall:7.8e+07 eff:0.1% logz-ratio=41.16+/-0.07 dlogz:8.515>0.1]
83870it [8:47:13 bound:1159 nc:1827 ncall:7.8e+07 eff:0.1% logz-ratio=41.21+/-0.07 dlogz:8.439>0.1]
83991it [8:48:24 bound:1161 nc:2269 ncall:7.8e+07 eff:0.1% logz-ratio=41.25+/-0.07 dlogz:8.363>0.1]
84114it [8:49:34 bound:1163 nc:1440 ncall:7.8e+07 eff:0.1% logz-ratio=41.30+/-0.07 dlogz:8.287>0.1]
84239it [8:50:44 bound:1165 nc:1694 ncall:7.8e+07 eff:0.1% logz-ratio=41.35+/-0.07 dlogz:8.210>0.1]
84357it [8:51:51 bound:1167 nc:1597 ncall:7.9e+07 eff:0.1% logz-ratio=41.39+/-0.07 dlogz:8.139>0.1]
84482it [8:52:56 bound:1169 nc:1321 ncall:7.9e+07 eff:0.1% logz-ratio=41.43+/-0.07 dlogz:8.063>0.1]
84607it [8:54:01 bound:1171 nc:1407 ncall:7.9e+07 eff:0.1% logz-ratio=41.48+/-0.07 dlogz:7.989>0.1]
84728it [8:55:09 bound:1173 nc:2213 ncall:7.9e+07 eff:0.1% logz-ratio=41.52+/-0.07 dlogz:7.917>0.1]
84853it [8:56:15 bound:1175 nc:1169 ncall:7.9e+07 eff:0.1% logz-ratio=41.56+/-0.07 dlogz:7.844>0.1]
84973it [8:57:26 bound:1177 nc:4111 ncall:8.0e+07 eff:0.1% logz-ratio=41.60+/-0.07 dlogz:7.774>0.1]
85096it [8:58:36 bound:1179 nc:1345 ncall:8.0e+07 eff:0.1% logz-ratio=41.64+/-0.07 dlogz:7.703>0.1]
85221it [8:59:45 bound:1181 nc:1224 ncall:8.0e+07 eff:0.1% logz-ratio=41.69+/-0.07 dlogz:7.631>0.1]
85342it [9:00:56 bound:1183 nc:2017 ncall:8.0e+07 eff:0.1% logz-ratio=41.73+/-0.07 dlogz:7.562>0.1]
85465it [9:02:06 bound:1185 nc:1591 ncall:8.0e+07 eff:0.1% logz-ratio=41.76+/-0.07 dlogz:7.493>0.1]
85586it [9:03:17 bound:1187 nc:1544 ncall:8.1e+07 eff:0.1% logz-ratio=41.80+/-0.07 dlogz:7.425>0.1]
85709it [9:04:26 bound:1189 nc:1535 ncall:8.1e+07 eff:0.1% logz-ratio=41.84+/-0.07 dlogz:7.357>0.1]
85826it [9:05:34 bound:1191 nc:1853 ncall:8.1e+07 eff:0.1% logz-ratio=41.88+/-0.07 dlogz:7.292>0.1]
85888it [9:07:28 bound:1192 nc:1778 ncall:8.1e+07 eff:0.1% logz-ratio=41.90+/-0.07 dlogz:7.258>0.1]
86004it [9:08:40 bound:1194 nc:2046 ncall:8.1e+07 eff:0.1% logz-ratio=41.93+/-0.07 dlogz:7.194>0.1]
86123it [9:09:48 bound:1196 nc:1194 ncall:8.1e+07 eff:0.1% logz-ratio=41.97+/-0.07 dlogz:7.129>0.1]
86247it [9:10:58 bound:1198 nc:1292 ncall:8.2e+07 eff:0.1% logz-ratio=42.01+/-0.07 dlogz:7.062>0.1]
86372it [9:12:03 bound:1200 nc:1861 ncall:8.2e+07 eff:0.1% logz-ratio=42.04+/-0.07 dlogz:6.994>0.1]
86494it [9:13:15 bound:1202 nc:1806 ncall:8.2e+07 eff:0.1% logz-ratio=42.08+/-0.07 dlogz:6.928>0.1]
86614it [9:14:24 bound:1204 nc:1559 ncall:8.2e+07 eff:0.1% logz-ratio=42.11+/-0.07 dlogz:6.864>0.1]
86737it [9:15:35 bound:1206 nc:1741 ncall:8.2e+07 eff:0.1% logz-ratio=42.15+/-0.07 dlogz:6.799>0.1]
86857it [9:16:49 bound:1208 nc:625 ncall:8.3e+07 eff:0.1% logz-ratio=42.18+/-0.07 dlogz:6.735>0.1]
86979it [9:17:58 bound:1210 nc:1976 ncall:8.3e+07 eff:0.1% logz-ratio=42.22+/-0.07 dlogz:6.671>0.1]
87103it [9:19:05 bound:1212 nc:1817 ncall:8.3e+07 eff:0.1% logz-ratio=42.25+/-0.07 dlogz:6.607>0.1]
87222it [9:20:17 bound:1214 nc:1996 ncall:8.3e+07 eff:0.1% logz-ratio=42.28+/-0.07 dlogz:6.545>0.1]
87345it [9:21:28 bound:1216 nc:1188 ncall:8.3e+07 eff:0.1% logz-ratio=42.32+/-0.07 dlogz:6.482>0.1]
87463it [9:22:37 bound:1218 nc:1216 ncall:8.3e+07 eff:0.1% logz-ratio=42.35+/-0.07 dlogz:6.422>0.1]
87584it [9:23:47 bound:1220 nc:1987 ncall:8.4e+07 eff:0.1% logz-ratio=42.38+/-0.07 dlogz:6.361>0.1]
87711it [9:24:58 bound:1222 nc:925 ncall:8.4e+07 eff:0.1% logz-ratio=42.41+/-0.07 dlogz:6.297>0.1]
87831it [9:26:11 bound:1224 nc:1785 ncall:8.4e+07 eff:0.1% logz-ratio=42.44+/-0.07 dlogz:6.237>0.1]
87950it [9:27:19 bound:1226 nc:1830 ncall:8.4e+07 eff:0.1% logz-ratio=42.47+/-0.07 dlogz:6.178>0.1]
88073it [9:28:28 bound:1228 nc:1454 ncall:8.4e+07 eff:0.1% logz-ratio=42.51+/-0.07 dlogz:6.117>0.1]
88195it [9:29:39 bound:1230 nc:1842 ncall:8.5e+07 eff:0.1% logz-ratio=42.54+/-0.07 dlogz:6.057>0.1]
88317it [9:30:48 bound:1232 nc:1189 ncall:8.5e+07 eff:0.1% logz-ratio=42.57+/-0.07 dlogz:5.998>0.1]
88437it [9:32:00 bound:1234 nc:3272 ncall:8.5e+07 eff:0.1% logz-ratio=42.59+/-0.07 dlogz:5.940>0.1]
88557it [9:33:07 bound:1236 nc:1882 ncall:8.5e+07 eff:0.1% logz-ratio=42.62+/-0.07 dlogz:5.882>0.1]
88681it [9:34:14 bound:1238 nc:1021 ncall:8.5e+07 eff:0.1% logz-ratio=42.65+/-0.07 dlogz:5.823>0.1]
88801it [9:35:24 bound:1240 nc:761 ncall:8.6e+07 eff:0.1% logz-ratio=42.68+/-0.07 dlogz:5.767>0.1]
88922it [9:36:34 bound:1242 nc:1471 ncall:8.6e+07 eff:0.1% logz-ratio=42.71+/-0.07 dlogz:5.710>0.1]
89044it [9:37:46 bound:1244 nc:1830 ncall:8.6e+07 eff:0.1% logz-ratio=42.73+/-0.07 dlogz:5.653>0.1]
89166it [9:38:55 bound:1246 nc:1425 ncall:8.6e+07 eff:0.1% logz-ratio=42.76+/-0.07 dlogz:5.597>0.1]
89288it [9:40:07 bound:1248 nc:1859 ncall:8.6e+07 eff:0.1% logz-ratio=42.79+/-0.07 dlogz:5.540>0.1]
89410it [9:41:21 bound:1250 nc:1753 ncall:8.7e+07 eff:0.1% logz-ratio=42.81+/-0.07 dlogz:5.484>0.1]
89531it [9:42:34 bound:1252 nc:1988 ncall:8.7e+07 eff:0.1% logz-ratio=42.84+/-0.07 dlogz:5.429>0.1]
89648it [9:43:47 bound:1254 nc:1197 ncall:8.7e+07 eff:0.1% logz-ratio=42.86+/-0.07 dlogz:5.376>0.1]
89773it [9:45:01 bound:1256 nc:1167 ncall:8.7e+07 eff:0.1% logz-ratio=42.89+/-0.07 dlogz:5.319>0.1]
89891it [9:46:09 bound:1258 nc:3549 ncall:8.7e+07 eff:0.1% logz-ratio=42.92+/-0.07 dlogz:6.020>0.1]
90014it [9:47:23 bound:1260 nc:1546 ncall:8.8e+07 eff:0.1% logz-ratio=42.94+/-0.07 dlogz:5.965>0.1]
90131it [9:48:33 bound:1262 nc:1440 ncall:8.8e+07 eff:0.1% logz-ratio=42.96+/-0.07 dlogz:5.913>0.1]
90253it [9:49:44 bound:1264 nc:1267 ncall:8.8e+07 eff:0.1% logz-ratio=42.99+/-0.07 dlogz:5.860>0.1]
90376it [9:50:55 bound:1266 nc:4920 ncall:8.8e+07 eff:0.1% logz-ratio=43.01+/-0.07 dlogz:5.806>0.1]
90493it [9:52:09 bound:1268 nc:1895 ncall:8.8e+07 eff:0.1% logz-ratio=43.03+/-0.07 dlogz:5.754>0.1]
90613it [9:53:18 bound:1270 nc:1254 ncall:8.9e+07 eff:0.1% logz-ratio=43.06+/-0.07 dlogz:5.726>0.1]
90733it [9:54:31 bound:1272 nc:1770 ncall:8.9e+07 eff:0.1% logz-ratio=43.08+/-0.07 dlogz:5.674>0.1]
90857it [9:55:46 bound:1274 nc:886 ncall:8.9e+07 eff:0.1% logz-ratio=43.10+/-0.07 dlogz:5.620>0.1]
90973it [9:57:02 bound:1276 nc:1801 ncall:8.9e+07 eff:0.1% logz-ratio=43.13+/-0.07 dlogz:5.570>0.1]
91092it [9:58:16 bound:1278 nc:1902 ncall:8.9e+07 eff:0.1% logz-ratio=43.15+/-0.07 dlogz:5.520>0.1]
91214it [9:59:33 bound:1280 nc:1895 ncall:9.0e+07 eff:0.1% logz-ratio=43.17+/-0.07 dlogz:5.468>0.1]
91333it [10:00:47 bound:1282 nc:1717 ncall:9.0e+07 eff:0.1% logz-ratio=43.19+/-0.07 dlogz:5.418>0.1]
91454it [10:02:03 bound:1284 nc:1779 ncall:9.0e+07 eff:0.1% logz-ratio=43.21+/-0.07 dlogz:5.367>0.1]
91575it [10:03:15 bound:1286 nc:2780 ncall:9.0e+07 eff:0.1% logz-ratio=43.23+/-0.07 dlogz:5.317>0.1]
91696it [10:04:30 bound:1288 nc:1360 ncall:9.0e+07 eff:0.1% logz-ratio=43.25+/-0.07 dlogz:5.268>0.1]
91817it [10:05:45 bound:1290 nc:1955 ncall:9.1e+07 eff:0.1% logz-ratio=43.27+/-0.07 dlogz:5.218>0.1]
91936it [10:06:57 bound:1292 nc:1589 ncall:9.1e+07 eff:0.1% logz-ratio=43.29+/-0.07 dlogz:5.170>0.1]
91941it [10:08:23 bound:1292 nc:1642 ncall:9.1e+07 eff:0.1% logz-ratio=43.29+/-0.07 dlogz:5.168>0.1]
92056it [10:09:37 bound:1294 nc:1744 ncall:9.1e+07 eff:0.1% logz-ratio=43.31+/-0.07 dlogz:5.122>0.1]
92177it [10:10:52 bound:1296 nc:1650 ncall:9.1e+07 eff:0.1% logz-ratio=43.33+/-0.07 dlogz:5.073>0.1]
92296it [10:12:09 bound:1298 nc:1588 ncall:9.1e+07 eff:0.1% logz-ratio=43.35+/-0.07 dlogz:5.026>0.1]
92418it [10:13:23 bound:1300 nc:1489 ncall:9.2e+07 eff:0.1% logz-ratio=43.37+/-0.07 dlogz:4.978>0.1]
92535it [10:14:38 bound:1302 nc:2357 ncall:9.2e+07 eff:0.1% logz-ratio=43.39+/-0.07 dlogz:4.932>0.1]
92660it [10:15:54 bound:1304 nc:1932 ncall:9.2e+07 eff:0.1% logz-ratio=43.41+/-0.07 dlogz:4.883>0.1]
92784it [10:17:10 bound:1306 nc:1790 ncall:9.2e+07 eff:0.1% logz-ratio=43.42+/-0.07 dlogz:4.835>0.1]
92903it [10:18:22 bound:1308 nc:2740 ncall:9.3e+07 eff:0.1% logz-ratio=43.44+/-0.07 dlogz:4.789>0.1]
93018it [10:19:39 bound:1310 nc:2053 ncall:9.3e+07 eff:0.1% logz-ratio=43.46+/-0.07 dlogz:4.745>0.1]
93140it [10:20:57 bound:1312 nc:2046 ncall:9.3e+07 eff:0.1% logz-ratio=43.47+/-0.07 dlogz:4.698>0.1]
93265it [10:22:12 bound:1314 nc:1370 ncall:9.3e+07 eff:0.1% logz-ratio=43.49+/-0.07 dlogz:4.650>0.1]
93390it [10:23:29 bound:1316 nc:1328 ncall:9.3e+07 eff:0.1% logz-ratio=43.51+/-0.07 dlogz:4.603>0.1]
93509it [10:24:47 bound:1318 nc:1768 ncall:9.4e+07 eff:0.1% logz-ratio=43.53+/-0.07 dlogz:4.558>0.1]
93628it [10:26:06 bound:1320 nc:1570 ncall:9.4e+07 eff:0.1% logz-ratio=43.54+/-0.07 dlogz:4.514>0.1]
93749it [10:27:23 bound:1322 nc:997 ncall:9.4e+07 eff:0.1% logz-ratio=43.56+/-0.07 dlogz:4.468>0.1]
93872it [10:28:36 bound:1324 nc:1658 ncall:9.4e+07 eff:0.1% logz-ratio=43.57+/-0.07 dlogz:4.423>0.1]
93989it [10:29:55 bound:1326 nc:1548 ncall:9.5e+07 eff:0.1% logz-ratio=43.59+/-0.07 dlogz:4.380>0.1]
94112it [10:31:12 bound:1328 nc:2047 ncall:9.5e+07 eff:0.1% logz-ratio=43.60+/-0.07 dlogz:4.335>0.1]
94233it [10:32:28 bound:1330 nc:1569 ncall:9.5e+07 eff:0.1% logz-ratio=43.62+/-0.07 dlogz:4.290>0.1]
94356it [10:33:46 bound:1332 nc:2039 ncall:9.5e+07 eff:0.1% logz-ratio=43.64+/-0.07 dlogz:4.246>0.1]
94478it [10:35:04 bound:1334 nc:1175 ncall:9.5e+07 eff:0.1% logz-ratio=43.65+/-0.07 dlogz:4.202>0.1]
94600it [10:36:23 bound:1336 nc:1757 ncall:9.6e+07 eff:0.1% logz-ratio=43.66+/-0.07 dlogz:4.158>0.1]
94719it [10:37:43 bound:1338 nc:1669 ncall:9.6e+07 eff:0.1% logz-ratio=43.68+/-0.07 dlogz:4.115>0.1]
94839it [10:39:02 bound:1340 nc:1444 ncall:9.6e+07 eff:0.1% logz-ratio=43.69+/-0.07 dlogz:4.073>0.1]
94958it [10:40:22 bound:1342 nc:1553 ncall:9.6e+07 eff:0.1% logz-ratio=43.71+/-0.07 dlogz:4.031>0.1]
95078it [10:41:43 bound:1344 nc:1195 ncall:9.7e+07 eff:0.1% logz-ratio=43.72+/-0.07 dlogz:3.988>0.1]
95198it [10:43:03 bound:1346 nc:2077 ncall:9.7e+07 eff:0.1% logz-ratio=43.73+/-0.07 dlogz:3.946>0.1]
95319it [10:44:23 bound:1348 nc:2050 ncall:9.7e+07 eff:0.1% logz-ratio=43.75+/-0.07 dlogz:3.904>0.1]
95437it [10:45:41 bound:1350 nc:1117 ncall:9.7e+07 eff:0.1% logz-ratio=43.76+/-0.07 dlogz:3.864>0.1]
95553it [10:47:03 bound:1352 nc:1500 ncall:9.7e+07 eff:0.1% logz-ratio=43.77+/-0.07 dlogz:3.824>0.1]
95667it [10:48:22 bound:1354 nc:1993 ncall:9.8e+07 eff:0.1% logz-ratio=43.78+/-0.07 dlogz:3.785>0.1]
95789it [10:49:38 bound:1356 nc:2117 ncall:9.8e+07 eff:0.1% logz-ratio=43.80+/-0.07 dlogz:3.743>0.1]
95910it [10:50:57 bound:1358 nc:2485 ncall:9.8e+07 eff:0.1% logz-ratio=43.81+/-0.07 dlogz:3.702>0.1]
96028it [10:52:17 bound:1360 nc:4043 ncall:9.8e+07 eff:0.1% logz-ratio=43.82+/-0.07 dlogz:3.662>0.1]
96146it [10:53:35 bound:1362 nc:1459 ncall:9.9e+07 eff:0.1% logz-ratio=43.83+/-0.07 dlogz:3.794>0.1]
96265it [10:54:54 bound:1364 nc:1933 ncall:9.9e+07 eff:0.1% logz-ratio=43.85+/-0.07 dlogz:3.754>0.1]
96381it [10:56:16 bound:1366 nc:3109 ncall:9.9e+07 eff:0.1% logz-ratio=43.86+/-0.07 dlogz:3.715>0.1]
96501it [10:57:37 bound:1368 nc:1653 ncall:9.9e+07 eff:0.1% logz-ratio=43.87+/-0.07 dlogz:3.675>0.1]
96619it [10:58:58 bound:1370 nc:1878 ncall:1.0e+08 eff:0.1% logz-ratio=43.88+/-0.07 dlogz:3.636>0.1]
96738it [11:00:19 bound:1372 nc:1719 ncall:1.0e+08 eff:0.1% logz-ratio=43.89+/-0.07 dlogz:3.597>0.1]
96859it [11:01:41 bound:1374 nc:1913 ncall:1.0e+08 eff:0.1% logz-ratio=43.90+/-0.07 dlogz:3.557>0.1]
96981it [11:03:02 bound:1376 nc:1762 ncall:1.0e+08 eff:0.1% logz-ratio=43.91+/-0.07 dlogz:3.517>0.1]
97100it [11:04:24 bound:1378 nc:2104 ncall:1.0e+08 eff:0.1% logz-ratio=43.93+/-0.07 dlogz:3.478>0.1]
97222it [11:05:46 bound:1380 nc:4146 ncall:1.0e+08 eff:0.1% logz-ratio=43.94+/-0.07 dlogz:3.438>0.1]
97340it [11:07:08 bound:1382 nc:2107 ncall:1.0e+08 eff:0.1% logz-ratio=43.95+/-0.07 dlogz:3.400>0.1]
97412it [11:09:17 bound:1383 nc:1174 ncall:1.0e+08 eff:0.1% logz-ratio=43.95+/-0.07 dlogz:3.377>0.1]
97519it [11:10:40 bound:1385 nc:1897 ncall:1.0e+08 eff:0.1% logz-ratio=43.96+/-0.07 dlogz:3.343>0.1]
97636it [11:12:02 bound:1387 nc:7002 ncall:1.0e+08 eff:0.1% logz-ratio=43.97+/-0.07 dlogz:3.306>0.1]
97761it [11:13:26 bound:1389 nc:2107 ncall:1.0e+08 eff:0.1% logz-ratio=43.98+/-0.07 dlogz:3.266>0.1]
97879it [11:14:50 bound:1391 nc:1709 ncall:1.0e+08 eff:0.1% logz-ratio=43.99+/-0.07 dlogz:3.228>0.1]
97999it [11:16:13 bound:1393 nc:2136 ncall:1.0e+08 eff:0.1% logz-ratio=44.00+/-0.07 dlogz:3.191>0.1]
98123it [11:17:34 bound:1395 nc:1459 ncall:1.0e+08 eff:0.1% logz-ratio=44.01+/-0.07 dlogz:3.152>0.1]
98244it [11:18:57 bound:1397 nc:1964 ncall:1.0e+08 eff:0.1% logz-ratio=44.02+/-0.07 dlogz:3.114>0.1]
98365it [11:20:22 bound:1399 nc:1697 ncall:1.0e+08 eff:0.1% logz-ratio=44.03+/-0.07 dlogz:3.076>0.1]
98485it [11:21:46 bound:1401 nc:2136 ncall:1.0e+08 eff:0.1% logz-ratio=44.04+/-0.07 dlogz:3.039>0.1]
98603it [11:23:12 bound:1403 nc:2333 ncall:1.0e+08 eff:0.1% logz-ratio=44.05+/-0.07 dlogz:3.003>0.1]
98723it [11:24:38 bound:1405 nc:4307 ncall:1.0e+08 eff:0.1% logz-ratio=44.06+/-0.07 dlogz:2.966>0.1]
98844it [11:26:04 bound:1407 nc:1579 ncall:1.0e+08 eff:0.1% logz-ratio=44.07+/-0.07 dlogz:2.930>0.1]
98966it [11:27:29 bound:1409 nc:1926 ncall:1.0e+08 eff:0.1% logz-ratio=44.08+/-0.07 dlogz:2.893>0.1]
99087it [11:28:55 bound:1411 nc:2481 ncall:1.0e+08 eff:0.1% logz-ratio=44.09+/-0.07 dlogz:2.856>0.1]
99208it [11:30:20 bound:1413 nc:1523 ncall:1.0e+08 eff:0.1% logz-ratio=44.10+/-0.07 dlogz:2.820>0.1]
99327it [11:31:48 bound:1415 nc:1904 ncall:1.1e+08 eff:0.1% logz-ratio=44.11+/-0.07 dlogz:2.784>0.1]
99445it [11:33:15 bound:1417 nc:2035 ncall:1.1e+08 eff:0.1% logz-ratio=44.12+/-0.07 dlogz:2.750>0.1]
99563it [11:34:39 bound:1419 nc:1361 ncall:1.1e+08 eff:0.1% logz-ratio=44.12+/-0.07 dlogz:2.715>0.1]
99686it [11:36:09 bound:1421 nc:2042 ncall:1.1e+08 eff:0.1% logz-ratio=44.13+/-0.07 dlogz:2.679>0.1]
99807it [11:37:34 bound:1423 nc:2174 ncall:1.1e+08 eff:0.1% logz-ratio=44.14+/-0.07 dlogz:2.643>0.1]
99926it [11:39:01 bound:1425 nc:1248 ncall:1.1e+08 eff:0.1% logz-ratio=44.15+/-0.07 dlogz:2.609>0.1]
100043it [11:40:30 bound:1427 nc:2293 ncall:1.1e+08 eff:0.1% logz-ratio=44.16+/-0.07 dlogz:2.683>0.1]
100161it [11:41:58 bound:1429 nc:3923 ncall:1.1e+08 eff:0.1% logz-ratio=44.17+/-0.07 dlogz:2.649>0.1]
100282it [11:43:26 bound:1431 nc:2080 ncall:1.1e+08 eff:0.1% logz-ratio=44.17+/-0.07 dlogz:2.614>0.1]
100400it [11:44:55 bound:1433 nc:4434 ncall:1.1e+08 eff:0.1% logz-ratio=44.18+/-0.07 dlogz:2.580>0.1]
100517it [11:46:24 bound:1435 nc:3682 ncall:1.1e+08 eff:0.1% logz-ratio=44.19+/-0.07 dlogz:2.547>0.1]
100633it [11:47:54 bound:1437 nc:2433 ncall:1.1e+08 eff:0.1% logz-ratio=44.20+/-0.07 dlogz:2.514>0.1]
100752it [11:49:26 bound:1439 nc:1812 ncall:1.1e+08 eff:0.1% logz-ratio=44.20+/-0.07 dlogz:2.480>0.1]
100875it [11:50:56 bound:1441 nc:2431 ncall:1.1e+08 eff:0.1% logz-ratio=44.21+/-0.07 dlogz:2.446>0.1]
100991it [11:52:25 bound:1443 nc:1976 ncall:1.1e+08 eff:0.1% logz-ratio=44.22+/-0.07 dlogz:2.413>0.1]
101105it [11:53:51 bound:1445 nc:2514 ncall:1.1e+08 eff:0.1% logz-ratio=44.23+/-0.07 dlogz:2.382>0.1]
101223it [11:55:21 bound:1447 nc:2358 ncall:1.1e+08 eff:0.1% logz-ratio=44.23+/-0.07 dlogz:2.349>0.1]
101348it [11:56:49 bound:1449 nc:2517 ncall:1.1e+08 eff:0.1% logz-ratio=44.24+/-0.07 dlogz:2.315>0.1]
101465it [11:58:17 bound:1451 nc:1632 ncall:1.1e+08 eff:0.1% logz-ratio=44.25+/-0.07 dlogz:2.283>0.1]
101587it [11:59:47 bound:1453 nc:1985 ncall:1.1e+08 eff:0.1% logz-ratio=44.26+/-0.07 dlogz:2.249>0.1]
101707it [12:01:16 bound:1455 nc:2283 ncall:1.1e+08 eff:0.1% logz-ratio=44.26+/-0.07 dlogz:2.217>0.1]
101828it [12:02:48 bound:1457 nc:1884 ncall:1.1e+08 eff:0.1% logz-ratio=44.27+/-0.07 dlogz:2.184>0.1]
101946it [12:04:16 bound:1459 nc:1900 ncall:1.1e+08 eff:0.1% logz-ratio=44.28+/-0.07 dlogz:2.153>0.1]
102065it [12:05:48 bound:1461 nc:3524 ncall:1.1e+08 eff:0.1% logz-ratio=44.28+/-0.07 dlogz:2.121>0.1]
102185it [12:07:20 bound:1463 nc:1837 ncall:1.1e+08 eff:0.1% logz-ratio=44.29+/-0.07 dlogz:2.089>0.1]
102304it [12:08:52 bound:1465 nc:1833 ncall:1.1e+08 eff:0.1% logz-ratio=44.30+/-0.07 dlogz:2.058>0.1]
102317it [12:10:26 bound:1465 nc:1846 ncall:1.1e+08 eff:0.1% logz-ratio=44.30+/-0.07 dlogz:2.055>0.1]
102425it [12:11:56 bound:1467 nc:1820 ncall:1.1e+08 eff:0.1% logz-ratio=44.30+/-0.07 dlogz:2.027>0.1]
102540it [12:13:30 bound:1469 nc:3754 ncall:1.1e+08 eff:0.1% logz-ratio=44.31+/-0.07 dlogz:2.195>0.1]
102656it [12:15:04 bound:1471 nc:6189 ncall:1.1e+08 eff:0.1% logz-ratio=44.32+/-0.07 dlogz:2.164>0.1]
102776it [12:16:36 bound:1473 nc:1386 ncall:1.1e+08 eff:0.1% logz-ratio=44.32+/-0.07 dlogz:2.132>0.1]
102893it [12:18:09 bound:1475 nc:2707 ncall:1.1e+08 eff:0.1% logz-ratio=44.33+/-0.07 dlogz:2.102>0.1]
103014it [12:19:45 bound:1477 nc:1668 ncall:1.1e+08 eff:0.1% logz-ratio=44.34+/-0.07 dlogz:2.070>0.1]
103133it [12:21:21 bound:1479 nc:1838 ncall:1.1e+08 eff:0.1% logz-ratio=44.34+/-0.07 dlogz:2.039>0.1]
103253it [12:22:55 bound:1481 nc:2489 ncall:1.1e+08 eff:0.1% logz-ratio=44.35+/-0.07 dlogz:2.008>0.1]
103371it [12:24:31 bound:1483 nc:2780 ncall:1.1e+08 eff:0.1% logz-ratio=44.35+/-0.07 dlogz:1.978>0.1]
103492it [12:26:07 bound:1485 nc:1954 ncall:1.1e+08 eff:0.1% logz-ratio=44.36+/-0.07 dlogz:1.947>0.1]
103605it [12:27:44 bound:1487 nc:2609 ncall:1.1e+08 eff:0.1% logz-ratio=44.37+/-0.07 dlogz:1.919>0.1]
103720it [12:29:17 bound:1489 nc:3516 ncall:1.2e+08 eff:0.1% logz-ratio=44.37+/-0.07 dlogz:1.890>0.1]
103838it [12:30:54 bound:1491 nc:1874 ncall:1.2e+08 eff:0.1% logz-ratio=44.38+/-0.07 dlogz:1.861>0.1]
103955it [12:32:29 bound:1493 nc:1358 ncall:1.2e+08 eff:0.1% logz-ratio=44.38+/-0.07 dlogz:1.832>0.1]
104073it [12:34:06 bound:1495 nc:2608 ncall:1.2e+08 eff:0.1% logz-ratio=44.39+/-0.07 dlogz:1.803>0.1]
104196it [12:35:41 bound:1497 nc:2755 ncall:1.2e+08 eff:0.1% logz-ratio=44.40+/-0.07 dlogz:1.773>0.1]
104315it [12:37:14 bound:1499 nc:1918 ncall:1.2e+08 eff:0.1% logz-ratio=44.40+/-0.07 dlogz:1.744>0.1]
104431it [12:38:47 bound:1501 nc:2050 ncall:1.2e+08 eff:0.1% logz-ratio=44.41+/-0.07 dlogz:1.716>0.1]
104547it [12:40:23 bound:1503 nc:2424 ncall:1.2e+08 eff:0.1% logz-ratio=44.41+/-0.07 dlogz:1.688>0.1]
104663it [12:41:59 bound:1505 nc:2608 ncall:1.2e+08 eff:0.1% logz-ratio=44.42+/-0.07 dlogz:1.661>0.1]
104782it [12:43:34 bound:1507 nc:1890 ncall:1.2e+08 eff:0.1% logz-ratio=44.42+/-0.07 dlogz:1.633>0.1]
104899it [12:45:13 bound:1509 nc:2072 ncall:1.2e+08 eff:0.1% logz-ratio=44.43+/-0.07 dlogz:1.606>0.1]
105019it [12:46:49 bound:1511 nc:1759 ncall:1.2e+08 eff:0.1% logz-ratio=44.43+/-0.07 dlogz:1.578>0.1]
105134it [12:48:24 bound:1513 nc:2445 ncall:1.2e+08 eff:0.1% logz-ratio=44.44+/-0.07 dlogz:1.552>0.1]
105248it [12:49:59 bound:1515 nc:2400 ncall:1.2e+08 eff:0.1% logz-ratio=44.44+/-0.07 dlogz:1.702>0.1]
105363it [12:51:35 bound:1517 nc:1761 ncall:1.2e+08 eff:0.1% logz-ratio=44.45+/-0.07 dlogz:1.675>0.1]
105474it [12:53:15 bound:1519 nc:2403 ncall:1.2e+08 eff:0.1% logz-ratio=44.45+/-0.07 dlogz:1.649>0.1]
105590it [12:54:52 bound:1521 nc:1963 ncall:1.2e+08 eff:0.1% logz-ratio=44.46+/-0.07 dlogz:1.622>0.1]
105706it [12:56:31 bound:1523 nc:4152 ncall:1.2e+08 eff:0.1% logz-ratio=44.46+/-0.07 dlogz:1.596>0.1]
105824it [12:58:11 bound:1525 nc:2111 ncall:1.2e+08 eff:0.1% logz-ratio=44.47+/-0.07 dlogz:1.569>0.1]
105939it [12:59:49 bound:1527 nc:5127 ncall:1.2e+08 eff:0.1% logz-ratio=44.47+/-0.07 dlogz:1.543>0.1]
106060it [13:01:30 bound:1529 nc:3000 ncall:1.2e+08 eff:0.1% logz-ratio=44.48+/-0.07 dlogz:1.516>0.1]
106177it [13:03:09 bound:1531 nc:4145 ncall:1.2e+08 eff:0.1% logz-ratio=44.48+/-0.07 dlogz:1.490>0.1]
106294it [13:04:47 bound:1533 nc:1899 ncall:1.2e+08 eff:0.1% logz-ratio=44.49+/-0.07 dlogz:1.464>0.1]
106408it [13:06:26 bound:1535 nc:2607 ncall:1.2e+08 eff:0.1% logz-ratio=44.49+/-0.07 dlogz:1.439>0.1]
106526it [13:08:04 bound:1537 nc:1850 ncall:1.2e+08 eff:0.1% logz-ratio=44.50+/-0.07 dlogz:1.414>0.1]
106642it [13:09:44 bound:1539 nc:3741 ncall:1.2e+08 eff:0.1% logz-ratio=44.50+/-0.07 dlogz:1.389>0.1]
106645it [13:11:22 bound:1539 nc:2040 ncall:1.2e+08 eff:0.1% logz-ratio=44.50+/-0.07 dlogz:1.388>0.1]
106760it [13:12:58 bound:1541 nc:4389 ncall:1.2e+08 eff:0.1% logz-ratio=44.51+/-0.07 dlogz:1.364>0.1]
106875it [13:14:38 bound:1543 nc:7987 ncall:1.2e+08 eff:0.1% logz-ratio=44.51+/-0.07 dlogz:1.340>0.1]
106990it [13:16:15 bound:1545 nc:2496 ncall:1.2e+08 eff:0.1% logz-ratio=44.52+/-0.07 dlogz:1.532>0.1]
107101it [13:17:56 bound:1547 nc:3720 ncall:1.2e+08 eff:0.1% logz-ratio=44.52+/-0.07 dlogz:1.508>0.1]
107221it [13:19:34 bound:1549 nc:2822 ncall:1.2e+08 eff:0.1% logz-ratio=44.52+/-0.07 dlogz:1.482>0.1]
107341it [13:21:16 bound:1551 nc:1764 ncall:1.2e+08 eff:0.1% logz-ratio=44.53+/-0.07 dlogz:1.456>0.1]
107459it [13:22:53 bound:1553 nc:1582 ncall:1.2e+08 eff:0.1% logz-ratio=44.53+/-0.07 dlogz:1.430>0.1]
107574it [13:24:33 bound:1555 nc:2382 ncall:1.2e+08 eff:0.1% logz-ratio=44.54+/-0.07 dlogz:1.406>0.1]
107691it [13:26:11 bound:1557 nc:2530 ncall:1.3e+08 eff:0.1% logz-ratio=44.54+/-0.07 dlogz:1.381>0.1]
107804it [13:27:51 bound:1559 nc:4658 ncall:1.3e+08 eff:0.1% logz-ratio=44.55+/-0.07 dlogz:1.358>0.1]
107920it [13:29:31 bound:1561 nc:2744 ncall:1.3e+08 eff:0.1% logz-ratio=44.55+/-0.07 dlogz:1.334>0.1]
108034it [13:31:10 bound:1563 nc:2037 ncall:1.3e+08 eff:0.1% logz-ratio=44.55+/-0.07 dlogz:1.311>0.1]
108149it [13:32:52 bound:1565 nc:4844 ncall:1.3e+08 eff:0.1% logz-ratio=44.56+/-0.07 dlogz:1.287>0.1]
108261it [13:34:33 bound:1567 nc:2683 ncall:1.3e+08 eff:0.1% logz-ratio=44.56+/-0.07 dlogz:1.265>0.1]
108380it [13:36:14 bound:1569 nc:3801 ncall:1.3e+08 eff:0.1% logz-ratio=44.56+/-0.07 dlogz:1.241>0.1]
108495it [13:37:58 bound:1571 nc:4786 ncall:1.3e+08 eff:0.1% logz-ratio=44.57+/-0.07 dlogz:1.219>0.1]
108610it [13:39:39 bound:1573 nc:2425 ncall:1.3e+08 eff:0.1% logz-ratio=44.57+/-0.07 dlogz:1.197>0.1]
108723it [13:41:21 bound:1575 nc:1982 ncall:1.3e+08 eff:0.1% logz-ratio=44.58+/-0.07 dlogz:1.175>0.1]
108838it [13:43:03 bound:1577 nc:2846 ncall:1.3e+08 eff:0.1% logz-ratio=44.58+/-0.07 dlogz:1.153>0.1]
108952it [13:44:45 bound:1579 nc:2593 ncall:1.3e+08 eff:0.1% logz-ratio=44.58+/-0.07 dlogz:1.132>0.1]
109063it [13:46:28 bound:1581 nc:1958 ncall:1.3e+08 eff:0.1% logz-ratio=44.59+/-0.07 dlogz:1.111>0.1]
109178it [13:48:06 bound:1583 nc:2829 ncall:1.3e+08 eff:0.1% logz-ratio=44.59+/-0.07 dlogz:1.090>0.1]
109291it [13:49:46 bound:1585 nc:2885 ncall:1.3e+08 eff:0.1% logz-ratio=44.59+/-0.07 dlogz:1.070>0.1]
109411it [13:51:27 bound:1587 nc:2432 ncall:1.3e+08 eff:0.1% logz-ratio=44.60+/-0.07 dlogz:1.048>0.1]
109523it [13:53:08 bound:1589 nc:4131 ncall:1.3e+08 eff:0.1% logz-ratio=44.60+/-0.07 dlogz:1.029>0.1]
109638it [13:54:48 bound:1591 nc:2420 ncall:1.3e+08 eff:0.1% logz-ratio=44.60+/-0.07 dlogz:1.009>0.1]
109754it [13:56:31 bound:1593 nc:5869 ncall:1.3e+08 eff:0.1% logz-ratio=44.61+/-0.07 dlogz:0.989>0.1]
109871it [13:58:12 bound:1595 nc:2818 ncall:1.3e+08 eff:0.1% logz-ratio=44.61+/-0.07 dlogz:0.969>0.1]
109985it [13:59:53 bound:1597 nc:2444 ncall:1.3e+08 eff:0.1% logz-ratio=44.61+/-0.07 dlogz:0.950>0.1]
110103it [14:01:34 bound:1599 nc:1911 ncall:1.3e+08 eff:0.1% logz-ratio=44.62+/-0.07 dlogz:0.930>0.1]
110218it [14:03:16 bound:1601 nc:2952 ncall:1.3e+08 eff:0.1% logz-ratio=44.62+/-0.07 dlogz:0.912>0.1]
110335it [14:04:56 bound:1603 nc:2378 ncall:1.3e+08 eff:0.1% logz-ratio=44.62+/-0.07 dlogz:0.893>0.1]
110452it [14:06:37 bound:1605 nc:2653 ncall:1.3e+08 eff:0.1% logz-ratio=44.62+/-0.07 dlogz:0.874>0.1]
110568it [14:08:17 bound:1607 nc:5460 ncall:1.3e+08 eff:0.1% logz-ratio=44.63+/-0.07 dlogz:0.856>0.1]
110682it [14:09:59 bound:1609 nc:2563 ncall:1.3e+08 eff:0.1% logz-ratio=44.63+/-0.07 dlogz:0.839>0.1]
110749it [14:12:32 bound:1610 nc:2378 ncall:1.3e+08 eff:0.1% logz-ratio=44.63+/-0.07 dlogz:0.828>0.1]
110862it [14:14:13 bound:1612 nc:5913 ncall:1.3e+08 eff:0.1% logz-ratio=44.63+/-0.07 dlogz:0.811>0.1]
110980it [14:15:59 bound:1614 nc:2799 ncall:1.3e+08 eff:0.1% logz-ratio=44.64+/-0.07 dlogz:0.794>0.1]
111092it [14:17:42 bound:1616 nc:4131 ncall:1.3e+08 eff:0.1% logz-ratio=44.64+/-0.07 dlogz:0.778>0.1]
111207it [14:19:23 bound:1618 nc:2277 ncall:1.3e+08 eff:0.1% logz-ratio=44.64+/-0.07 dlogz:0.761>0.1]
111324it [14:21:06 bound:1620 nc:2936 ncall:1.3e+08 eff:0.1% logz-ratio=44.65+/-0.07 dlogz:0.745>0.1]
111438it [14:22:49 bound:1622 nc:3128 ncall:1.4e+08 eff:0.1% logz-ratio=44.65+/-0.07 dlogz:0.729>0.1]
111555it [14:24:34 bound:1624 nc:1611 ncall:1.4e+08 eff:0.1% logz-ratio=44.65+/-0.07 dlogz:0.713>0.1]
111668it [14:26:19 bound:1626 nc:4498 ncall:1.4e+08 eff:0.1% logz-ratio=44.65+/-0.07 dlogz:0.698>0.1]
111783it [14:28:01 bound:1628 nc:2080 ncall:1.4e+08 eff:0.1% logz-ratio=44.66+/-0.07 dlogz:0.682>0.1]
111894it [14:29:42 bound:1630 nc:1867 ncall:1.4e+08 eff:0.1% logz-ratio=44.66+/-0.07 dlogz:0.668>0.1]
112014it [14:31:27 bound:1632 nc:2831 ncall:1.4e+08 eff:0.1% logz-ratio=44.66+/-0.07 dlogz:0.652>0.1]
112126it [14:33:10 bound:1634 nc:2854 ncall:1.4e+08 eff:0.1% logz-ratio=44.66+/-0.07 dlogz:0.638>0.1]
112238it [14:34:51 bound:1636 nc:2709 ncall:1.4e+08 eff:0.1% logz-ratio=44.67+/-0.07 dlogz:0.624>0.1]
112346it [14:36:33 bound:1638 nc:2785 ncall:1.4e+08 eff:0.1% logz-ratio=44.67+/-0.07 dlogz:0.611>0.1]
112461it [14:38:15 bound:1640 nc:5578 ncall:1.4e+08 eff:0.1% logz-ratio=44.67+/-0.07 dlogz:0.597>0.1]
112575it [14:39:56 bound:1642 nc:2716 ncall:1.4e+08 eff:0.1% logz-ratio=44.67+/-0.07 dlogz:0.584>0.1]
112688it [14:41:39 bound:1644 nc:2060 ncall:1.4e+08 eff:0.1% logz-ratio=44.67+/-0.07 dlogz:0.619>0.1]
112800it [14:43:24 bound:1646 nc:4612 ncall:1.4e+08 eff:0.1% logz-ratio=44.68+/-0.07 dlogz:0.605>0.1]
112913it [14:45:08 bound:1648 nc:5488 ncall:1.4e+08 eff:0.1% logz-ratio=44.68+/-0.07 dlogz:0.592>0.1]
113025it [14:46:52 bound:1650 nc:2558 ncall:1.4e+08 eff:0.1% logz-ratio=44.68+/-0.07 dlogz:0.579>0.1]
113139it [14:48:37 bound:1652 nc:2471 ncall:1.4e+08 eff:0.1% logz-ratio=44.68+/-0.07 dlogz:0.566>0.1]
113258it [14:50:19 bound:1654 nc:2189 ncall:1.4e+08 eff:0.1% logz-ratio=44.69+/-0.07 dlogz:0.552>0.1]
113377it [14:52:02 bound:1656 nc:2423 ncall:1.4e+08 eff:0.1% logz-ratio=44.69+/-0.07 dlogz:0.539>0.1]
113492it [14:53:45 bound:1658 nc:2579 ncall:1.4e+08 eff:0.1% logz-ratio=44.69+/-0.07 dlogz:0.527>0.1]
113605it [14:55:32 bound:1660 nc:2721 ncall:1.4e+08 eff:0.1% logz-ratio=44.69+/-0.07 dlogz:0.515>0.1]
113716it [14:57:15 bound:1662 nc:2530 ncall:1.4e+08 eff:0.1% logz-ratio=44.69+/-0.07 dlogz:0.503>0.1]
113839it [14:59:00 bound:1664 nc:2588 ncall:1.4e+08 eff:0.1% logz-ratio=44.70+/-0.07 dlogz:0.491>0.1]
113953it [15:00:44 bound:1666 nc:2674 ncall:1.4e+08 eff:0.1% logz-ratio=44.70+/-0.07 dlogz:0.479>0.1]
114073it [15:02:29 bound:1668 nc:7588 ncall:1.4e+08 eff:0.1% logz-ratio=44.70+/-0.07 dlogz:0.468>0.1]
114194it [15:04:12 bound:1670 nc:2924 ncall:1.4e+08 eff:0.1% logz-ratio=44.70+/-0.07 dlogz:0.456>0.1]
114313it [15:06:00 bound:1672 nc:4480 ncall:1.4e+08 eff:0.1% logz-ratio=44.70+/-0.07 dlogz:0.445>0.1]
114432it [15:07:45 bound:1674 nc:2036 ncall:1.4e+08 eff:0.1% logz-ratio=44.70+/-0.07 dlogz:0.434>0.1]
114551it [15:09:31 bound:1676 nc:2376 ncall:1.4e+08 eff:0.1% logz-ratio=44.71+/-0.07 dlogz:0.456>0.1]
114660it [15:11:15 bound:1678 nc:7683 ncall:1.4e+08 eff:0.1% logz-ratio=44.71+/-0.07 dlogz:0.446>0.1]
114719it [15:13:53 bound:1679 nc:2782 ncall:1.4e+08 eff:0.1% logz-ratio=44.71+/-0.07 dlogz:0.440>0.1]
114830it [15:15:37 bound:1681 nc:1837 ncall:1.4e+08 eff:0.1% logz-ratio=44.71+/-0.07 dlogz:0.430>0.1]
114945it [15:17:20 bound:1683 nc:1855 ncall:1.4e+08 eff:0.1% logz-ratio=44.71+/-0.07 dlogz:0.420>0.1]
115063it [15:19:07 bound:1685 nc:2322 ncall:1.4e+08 eff:0.1% logz-ratio=44.71+/-0.07 dlogz:0.410>0.1]
115183it [15:20:52 bound:1687 nc:2844 ncall:1.5e+08 eff:0.1% logz-ratio=44.72+/-0.07 dlogz:0.399>0.1]
115302it [15:22:38 bound:1689 nc:2832 ncall:1.5e+08 eff:0.1% logz-ratio=44.72+/-0.07 dlogz:0.389>0.1]
115418it [15:24:25 bound:1691 nc:5427 ncall:1.5e+08 eff:0.1% logz-ratio=44.72+/-0.07 dlogz:0.380>0.1]
115529it [15:26:10 bound:1693 nc:2860 ncall:1.5e+08 eff:0.1% logz-ratio=44.72+/-0.07 dlogz:0.371>0.1]
115646it [15:27:56 bound:1695 nc:2920 ncall:1.5e+08 eff:0.1% logz-ratio=44.72+/-0.07 dlogz:0.362>0.1]
115764it [15:29:42 bound:1697 nc:2732 ncall:1.5e+08 eff:0.1% logz-ratio=44.72+/-0.07 dlogz:0.353>0.1]
115878it [15:31:30 bound:1699 nc:2559 ncall:1.5e+08 eff:0.1% logz-ratio=44.72+/-0.07 dlogz:0.377>0.1]
115997it [15:33:13 bound:1701 nc:2062 ncall:1.5e+08 eff:0.1% logz-ratio=44.73+/-0.07 dlogz:0.368>0.1]
116110it [15:34:59 bound:1703 nc:2178 ncall:1.5e+08 eff:0.1% logz-ratio=44.73+/-0.07 dlogz:0.359>0.1]
116221it [15:36:46 bound:1705 nc:2708 ncall:1.5e+08 eff:0.1% logz-ratio=44.73+/-0.07 dlogz:0.350>0.1]
116342it [15:38:30 bound:1707 nc:2654 ncall:1.5e+08 eff:0.1% logz-ratio=44.73+/-0.07 dlogz:0.341>0.1]
116450it [15:40:17 bound:1709 nc:2794 ncall:1.5e+08 eff:0.1% logz-ratio=44.73+/-0.07 dlogz:0.333>0.1]
116566it [15:42:05 bound:1711 nc:2181 ncall:1.5e+08 eff:0.1% logz-ratio=44.73+/-0.07 dlogz:0.325>0.1]
116688it [15:43:53 bound:1713 nc:2830 ncall:1.5e+08 eff:0.1% logz-ratio=44.73+/-0.07 dlogz:0.317>0.1]
116799it [15:45:42 bound:1715 nc:3045 ncall:1.5e+08 eff:0.1% logz-ratio=44.74+/-0.07 dlogz:0.309>0.1]
116909it [15:47:29 bound:1717 nc:2158 ncall:1.5e+08 eff:0.1% logz-ratio=44.74+/-0.07 dlogz:0.302>0.1]
117024it [15:49:15 bound:1719 nc:2790 ncall:1.5e+08 eff:0.1% logz-ratio=44.74+/-0.07 dlogz:0.294>0.1]
117143it [15:51:02 bound:1721 nc:2453 ncall:1.5e+08 eff:0.1% logz-ratio=44.74+/-0.07 dlogz:0.286>0.1]
117261it [15:52:48 bound:1723 nc:5003 ncall:1.5e+08 eff:0.1% logz-ratio=44.74+/-0.07 dlogz:0.279>0.1]
117376it [15:54:36 bound:1725 nc:2702 ncall:1.5e+08 eff:0.1% logz-ratio=44.74+/-0.07 dlogz:0.272>0.1]
117493it [15:56:23 bound:1727 nc:2195 ncall:1.5e+08 eff:0.1% logz-ratio=44.74+/-0.07 dlogz:0.265>0.1]
117611it [15:58:11 bound:1729 nc:2440 ncall:1.5e+08 eff:0.1% logz-ratio=44.74+/-0.07 dlogz:0.258>0.1]
117721it [15:59:58 bound:1731 nc:5622 ncall:1.5e+08 eff:0.1% logz-ratio=44.74+/-0.07 dlogz:0.252>0.1]
117843it [16:01:45 bound:1733 nc:1929 ncall:1.5e+08 eff:0.1% logz-ratio=44.75+/-0.07 dlogz:0.245>0.1]
117961it [16:03:32 bound:1735 nc:5775 ncall:1.5e+08 eff:0.1% logz-ratio=44.75+/-0.07 dlogz:0.239>0.1]
118071it [16:05:20 bound:1737 nc:2714 ncall:1.5e+08 eff:0.1% logz-ratio=44.75+/-0.07 dlogz:0.233>0.1]
118183it [16:07:06 bound:1739 nc:2726 ncall:1.5e+08 eff:0.1% logz-ratio=44.75+/-0.07 dlogz:0.227>0.1]
118299it [16:08:54 bound:1741 nc:2640 ncall:1.5e+08 eff:0.1% logz-ratio=44.75+/-0.07 dlogz:0.221>0.1]
118409it [16:10:43 bound:1743 nc:2488 ncall:1.5e+08 eff:0.1% logz-ratio=44.75+/-0.07 dlogz:0.216>0.1]
118533it [16:12:30 bound:1745 nc:2952 ncall:1.5e+08 eff:0.1% logz-ratio=44.75+/-0.07 dlogz:0.210>0.1]
118598it [16:15:13 bound:1746 nc:2534 ncall:1.5e+08 eff:0.1% logz-ratio=44.75+/-0.07 dlogz:0.207>0.1]
118703it [16:17:03 bound:1748 nc:3086 ncall:1.6e+08 eff:0.1% logz-ratio=44.75+/-0.07 dlogz:0.202>0.1]
118821it [16:18:51 bound:1750 nc:2474 ncall:1.6e+08 eff:0.1% logz-ratio=44.75+/-0.07 dlogz:0.196>0.1]
118938it [16:20:40 bound:1752 nc:2092 ncall:1.6e+08 eff:0.1% logz-ratio=44.75+/-0.07 dlogz:0.191>0.1]
119060it [16:22:27 bound:1754 nc:2849 ncall:1.6e+08 eff:0.1% logz-ratio=44.76+/-0.07 dlogz:0.186>0.1]
119176it [16:24:16 bound:1756 nc:2942 ncall:1.6e+08 eff:0.1% logz-ratio=44.76+/-0.07 dlogz:0.181>0.1]
119293it [16:26:05 bound:1758 nc:2144 ncall:1.6e+08 eff:0.1% logz-ratio=44.76+/-0.07 dlogz:0.176>0.1]
119409it [16:27:56 bound:1760 nc:2062 ncall:1.6e+08 eff:0.1% logz-ratio=44.76+/-0.07 dlogz:0.171>0.1]
119524it [16:29:45 bound:1762 nc:2691 ncall:1.6e+08 eff:0.1% logz-ratio=44.76+/-0.07 dlogz:0.167>0.1]
119644it [16:31:36 bound:1764 nc:2430 ncall:1.6e+08 eff:0.1% logz-ratio=44.76+/-0.07 dlogz:0.162>0.1]
119759it [16:33:24 bound:1766 nc:2309 ncall:1.6e+08 eff:0.1% logz-ratio=44.76+/-0.07 dlogz:0.158>0.1]
119876it [16:35:16 bound:1768 nc:3103 ncall:1.6e+08 eff:0.1% logz-ratio=44.76+/-0.07 dlogz:0.154>0.1]
119993it [16:37:04 bound:1770 nc:2758 ncall:1.6e+08 eff:0.1% logz-ratio=44.76+/-0.07 dlogz:0.150>0.1]
120112it [16:38:55 bound:1772 nc:2363 ncall:1.6e+08 eff:0.1% logz-ratio=44.76+/-0.07 dlogz:0.146>0.1]
120226it [16:40:45 bound:1774 nc:2585 ncall:1.6e+08 eff:0.1% logz-ratio=44.76+/-0.07 dlogz:0.142>0.1]
120343it [16:42:37 bound:1776 nc:2055 ncall:1.6e+08 eff:0.1% logz-ratio=44.76+/-0.07 dlogz:0.138>0.1]
120457it [16:44:26 bound:1778 nc:2675 ncall:1.6e+08 eff:0.1% logz-ratio=44.77+/-0.07 dlogz:0.134>0.1]
120569it [16:46:16 bound:1780 nc:2833 ncall:1.6e+08 eff:0.1% logz-ratio=44.77+/-0.07 dlogz:0.131>0.1]
120681it [16:48:07 bound:1782 nc:2771 ncall:1.6e+08 eff:0.1% logz-ratio=44.77+/-0.07 dlogz:0.127>0.1]
120798it [16:49:58 bound:1784 nc:10724 ncall:1.6e+08 eff:0.1% logz-ratio=44.77+/-0.07 dlogz:0.124>0.1]
120913it [16:51:47 bound:1786 nc:2672 ncall:1.6e+08 eff:0.1% logz-ratio=44.77+/-0.07 dlogz:0.121>0.1]
121031it [16:53:39 bound:1788 nc:2109 ncall:1.6e+08 eff:0.1% logz-ratio=44.77+/-0.07 dlogz:0.121>0.1]
121146it [16:55:29 bound:1790 nc:3227 ncall:1.6e+08 eff:0.1% logz-ratio=44.77+/-0.07 dlogz:0.118>0.1]
121258it [16:57:22 bound:1792 nc:2713 ncall:1.6e+08 eff:0.1% logz-ratio=44.77+/-0.07 dlogz:0.115>0.1]
121380it [16:59:11 bound:1794 nc:3041 ncall:1.6e+08 eff:0.1% logz-ratio=44.77+/-0.07 dlogz:0.112>0.1]
121495it [17:01:02 bound:1796 nc:2700 ncall:1.6e+08 eff:0.1% logz-ratio=44.77+/-0.07 dlogz:0.109>0.1]
121613it [17:02:53 bound:1798 nc:3305 ncall:1.6e+08 eff:0.1% logz-ratio=44.77+/-0.07 dlogz:0.106>0.1]
121729it [17:04:43 bound:1800 nc:2027 ncall:1.6e+08 eff:0.1% logz-ratio=44.77+/-0.07 dlogz:0.103>0.1]
At this point, we cannot create a float from 0        1.880814
1        1.870476
2        1.901698
3        1.873412
4        1.900879
           ...   
25823    1.925357
25824    1.925705
25825    1.927948
25826    1.926776
25827    1.937099
Name: chirp_mass_source, Length: 25828, dtype: float64, error: cannot convert the series to <class 'float'>
At this point, we cannot create a float from 0        0.341793
1        0.414156
2        0.332718
3        0.359764
4        0.304569
           ...   
25823    0.284092
25824    0.290527
25825    0.292554
25826    0.291140
25827    0.322345
Name: mass_ratio, Length: 25828, dtype: float64, error: cannot convert the series to <class 'float'>
At this point, we cannot create a float from 0         881.215027
1         516.190063
2         718.493958
3         784.136414
4         949.290527
            ...     
25823    1019.973999
25824     912.982178
25825     912.794373
25826     926.546204
25827     803.047119
Name: lambda_2, Length: 25828, dtype: float64, error: cannot convert the series to <class 'float'>
Skipped taking the float value from [4.18342924 4.14121914 4.34689617 ... 3.90271735 3.85300207
 4.43075991], error: only length-1 arrays can be converted to Python scalars
At this point, we cannot create a float from [1.85673487 1.8571367  1.85753852 ... 1.97607666 1.97647849
 1.97688031], error: only length-1 arrays can be converted to Python scalars
At this point, we cannot create a float from [0.24627508 0.24692288 0.24757067 ... 0.43867043 0.43931823
 0.43996602], error: only length-1 arrays can be converted to Python scalars
At this point, we cannot create a float from [ 323.70474243  328.70120025  333.69765807 ... 1807.65271425
 1812.64917207 1817.64562988], error: only length-1 arrays can be converted to Python scalars
Skipped taking the float value from [-5.79050922 -5.45373297 -5.14508343 ... -9.70957947 -9.75644112
 -9.80337143], error: only length-1 arrays can be converted to Python scalars
