000 (2582725.000.000) 2025-08-05 15:58:38 Job submitted from host: <145.107.7.246:9618?addrs=145.107.7.246-9618+[2a07-8500-120-e070--3f6]-9618&alias=taai-007.nikhef.nl&noUDP&sock=schedd_2614_90a7>
    DAG Node: run_d
...
001 (2582725.000.000) 2025-08-05 15:59:17 Job executing on host: <145.107.5.50:9618?addrs=145.107.5.50-9618+[2a07-8500-120-e070--532]-9618&alias=wn-lot-050.nikhef.nl&noUDP&sock=startd_1949_6e2c>
	SlotName: slot1_1@wn-lot-050.nikhef.nl
	CondorScratchDir = "/scratch/condor_execute/dir_3393834"
	Cpus = 64
	Disk = 16780523
	GPUs = 0
	Memory = 16384
...
006 (2582725.000.000) 2025-08-05 15:59:31 Image size of job updated: 84276
	83  -  MemoryUsage of job (MB)
	84276  -  ResidentSetSize of job (KB)
...
006 (2582725.000.000) 2025-08-05 16:00:31 Image size of job updated: 1286584
	83  -  MemoryUsage of job (MB)
	84276  -  ResidentSetSize of job (KB)
...
005 (2582725.000.000) 2025-08-05 16:00:31 Job terminated.
	(1) Normal termination (return value 1)
		Usr 0 00:00:36, Sys 0 00:00:12  -  Run Remote Usage
		Usr 0 00:00:00, Sys 0 00:00:00  -  Run Local Usage
		Usr 0 00:00:36, Sys 0 00:00:12  -  Total Remote Usage
		Usr 0 00:00:00, Sys 0 00:00:00  -  Total Local Usage
	0  -  Run Bytes Sent By Job
	0  -  Run Bytes Received By Job
	0  -  Total Bytes Sent By Job
	0  -  Total Bytes Received By Job
	Partitionable Resources :    Usage  Request Allocated 
	   Cpus                 :     0.57       64        64 
	   Disk (KB)            : 17500    16777216  16780523 
	   GPUs                 :                           0 
	   Memory (MB)          :    83       16384     16384 
	   TimeExecute (s)      :    74                       
	   TimeSlotBusy (s)     :    74                       

	Job terminated of its own accord at 2025-08-05T14:00:31Z with exit-code 1.
...
000 (2582869.000.000) 2025-08-05 16:02:16 Job submitted from host: <145.107.7.246:9618?addrs=145.107.7.246-9618+[2a07-8500-120-e070--3f6]-9618&alias=taai-007.nikhef.nl&noUDP&sock=schedd_2614_90a7>
    DAG Node: run_d
...
001 (2582869.000.000) 2025-08-05 16:03:17 Job executing on host: <145.107.5.50:9618?addrs=145.107.5.50-9618+[2a07-8500-120-e070--532]-9618&alias=wn-lot-050.nikhef.nl&noUDP&sock=startd_1949_6e2c>
	SlotName: slot1_1@wn-lot-050.nikhef.nl
	CondorScratchDir = "/scratch/condor_execute/dir_3396279"
	Cpus = 64
	Disk = 16780523
	GPUs = 0
	Memory = 16384
...
006 (2582869.000.000) 2025-08-05 16:03:31 Image size of job updated: 318092
	311  -  MemoryUsage of job (MB)
	318092  -  ResidentSetSize of job (KB)
...
006 (2582869.000.000) 2025-08-05 16:08:32 Image size of job updated: 1462836
	1429  -  MemoryUsage of job (MB)
	1462836  -  ResidentSetSize of job (KB)
...
006 (2582869.000.000) 2025-08-05 16:13:33 Image size of job updated: 1488624
	1454  -  MemoryUsage of job (MB)
	1488624  -  ResidentSetSize of job (KB)
...
006 (2582869.000.000) 2025-08-05 16:18:33 Image size of job updated: 1504648
	1470  -  MemoryUsage of job (MB)
	1504648  -  ResidentSetSize of job (KB)
...
006 (2582869.000.000) 2025-08-05 16:23:33 Image size of job updated: 1516536
	1481  -  MemoryUsage of job (MB)
	1516536  -  ResidentSetSize of job (KB)
...
006 (2582869.000.000) 2025-08-05 16:28:34 Image size of job updated: 1527580
	1492  -  MemoryUsage of job (MB)
	1527580  -  ResidentSetSize of job (KB)
...
006 (2582869.000.000) 2025-08-05 16:33:35 Image size of job updated: 1552048
	1516  -  MemoryUsage of job (MB)
	1552048  -  ResidentSetSize of job (KB)
...
006 (2582869.000.000) 2025-08-05 16:38:35 Image size of job updated: 1559864
	1524  -  MemoryUsage of job (MB)
	1559864  -  ResidentSetSize of job (KB)
...
006 (2582869.000.000) 2025-08-05 16:43:35 Image size of job updated: 1567140
	1531  -  MemoryUsage of job (MB)
	1567140  -  ResidentSetSize of job (KB)
...
006 (2582869.000.000) 2025-08-05 16:48:36 Image size of job updated: 1575512
	1539  -  MemoryUsage of job (MB)
	1575512  -  ResidentSetSize of job (KB)
...
006 (2582869.000.000) 2025-08-05 16:53:37 Image size of job updated: 1581992
	1545  -  MemoryUsage of job (MB)
	1581992  -  ResidentSetSize of job (KB)
...
006 (2582869.000.000) 2025-08-05 16:58:37 Image size of job updated: 1587892
	1551  -  MemoryUsage of job (MB)
	1587892  -  ResidentSetSize of job (KB)
...
006 (2582869.000.000) 2025-08-05 17:03:38 Image size of job updated: 1592712
	1556  -  MemoryUsage of job (MB)
	1592712  -  ResidentSetSize of job (KB)
...
006 (2582869.000.000) 2025-08-05 17:08:39 Image size of job updated: 1958656
	1895  -  MemoryUsage of job (MB)
	1939504  -  ResidentSetSize of job (KB)
...
006 (2582869.000.000) 2025-08-05 17:13:39 Image size of job updated: 1958656
	1898  -  MemoryUsage of job (MB)
	1943236  -  ResidentSetSize of job (KB)
...
006 (2582869.000.000) 2025-08-05 17:18:39 Image size of job updated: 1958656
	1901  -  MemoryUsage of job (MB)
	1946624  -  ResidentSetSize of job (KB)
...
006 (2582869.000.000) 2025-08-05 17:23:40 Image size of job updated: 1958656
	1906  -  MemoryUsage of job (MB)
	1951304  -  ResidentSetSize of job (KB)
...
006 (2582869.000.000) 2025-08-05 17:28:41 Image size of job updated: 1958656
	1909  -  MemoryUsage of job (MB)
	1954708  -  ResidentSetSize of job (KB)
...
006 (2582869.000.000) 2025-08-05 17:33:41 Image size of job updated: 1958656
	1913  -  MemoryUsage of job (MB)
	1958316  -  ResidentSetSize of job (KB)
...
006 (2582869.000.000) 2025-08-05 17:38:41 Image size of job updated: 1960692
	1915  -  MemoryUsage of job (MB)
	1960692  -  ResidentSetSize of job (KB)
...
006 (2582869.000.000) 2025-08-05 17:43:42 Image size of job updated: 1964604
	1919  -  MemoryUsage of job (MB)
	1964604  -  ResidentSetSize of job (KB)
...
006 (2582869.000.000) 2025-08-05 17:48:42 Image size of job updated: 1968092
	1922  -  MemoryUsage of job (MB)
	1968092  -  ResidentSetSize of job (KB)
...
006 (2582869.000.000) 2025-08-05 17:53:42 Image size of job updated: 1971252
	1926  -  MemoryUsage of job (MB)
	1971252  -  ResidentSetSize of job (KB)
...
006 (2582869.000.000) 2025-08-05 17:58:43 Image size of job updated: 1973308
	1928  -  MemoryUsage of job (MB)
	1973308  -  ResidentSetSize of job (KB)
...
006 (2582869.000.000) 2025-08-05 18:03:44 Image size of job updated: 1975732
	1930  -  MemoryUsage of job (MB)
	1975732  -  ResidentSetSize of job (KB)
...
006 (2582869.000.000) 2025-08-05 18:08:44 Image size of job updated: 2034216
	1987  -  MemoryUsage of job (MB)
	2034216  -  ResidentSetSize of job (KB)
...
006 (2582869.000.000) 2025-08-05 18:13:44 Image size of job updated: 2036292
	1989  -  MemoryUsage of job (MB)
	2036292  -  ResidentSetSize of job (KB)
...
006 (2582869.000.000) 2025-08-05 18:18:45 Image size of job updated: 2038916
	1992  -  MemoryUsage of job (MB)
	2038916  -  ResidentSetSize of job (KB)
...
006 (2582869.000.000) 2025-08-05 18:23:46 Image size of job updated: 2040700
	1993  -  MemoryUsage of job (MB)
	2040700  -  ResidentSetSize of job (KB)
...
006 (2582869.000.000) 2025-08-05 18:28:46 Image size of job updated: 2043372
	1996  -  MemoryUsage of job (MB)
	2043372  -  ResidentSetSize of job (KB)
...
006 (2582869.000.000) 2025-08-05 18:33:46 Image size of job updated: 2045508
	1998  -  MemoryUsage of job (MB)
	2045508  -  ResidentSetSize of job (KB)
...
006 (2582869.000.000) 2025-08-05 18:38:47 Image size of job updated: 2048012
	2001  -  MemoryUsage of job (MB)
	2048012  -  ResidentSetSize of job (KB)
...
006 (2582869.000.000) 2025-08-05 18:43:47 Image size of job updated: 2049396
	2002  -  MemoryUsage of job (MB)
	2049396  -  ResidentSetSize of job (KB)
...
006 (2582869.000.000) 2025-08-05 18:48:47 Image size of job updated: 2051384
	2004  -  MemoryUsage of job (MB)
	2051384  -  ResidentSetSize of job (KB)
...
006 (2582869.000.000) 2025-08-05 18:53:48 Image size of job updated: 2053892
	2006  -  MemoryUsage of job (MB)
	2053892  -  ResidentSetSize of job (KB)
...
006 (2582869.000.000) 2025-08-05 18:58:49 Image size of job updated: 2055288
	2008  -  MemoryUsage of job (MB)
	2055288  -  ResidentSetSize of job (KB)
...
006 (2582869.000.000) 2025-08-05 19:03:49 Image size of job updated: 2057300
	2010  -  MemoryUsage of job (MB)
	2057300  -  ResidentSetSize of job (KB)
...
006 (2582869.000.000) 2025-08-05 19:08:49 Image size of job updated: 2091060
	2037  -  MemoryUsage of job (MB)
	2085364  -  ResidentSetSize of job (KB)
...
006 (2582869.000.000) 2025-08-05 19:13:50 Image size of job updated: 2091060
	2039  -  MemoryUsage of job (MB)
	2087456  -  ResidentSetSize of job (KB)
...
006 (2582869.000.000) 2025-08-05 19:18:51 Image size of job updated: 2091060
	2040  -  MemoryUsage of job (MB)
	2088544  -  ResidentSetSize of job (KB)
...
006 (2582869.000.000) 2025-08-05 19:23:51 Image size of job updated: 2091060
	2042  -  MemoryUsage of job (MB)
	2090532  -  ResidentSetSize of job (KB)
...
006 (2582869.000.000) 2025-08-05 19:28:51 Image size of job updated: 2092404
	2044  -  MemoryUsage of job (MB)
	2092404  -  ResidentSetSize of job (KB)
...
006 (2582869.000.000) 2025-08-05 19:33:52 Image size of job updated: 2093488
	2045  -  MemoryUsage of job (MB)
	2093488  -  ResidentSetSize of job (KB)
...
006 (2582869.000.000) 2025-08-05 19:38:53 Image size of job updated: 2095372
	2047  -  MemoryUsage of job (MB)
	2095372  -  ResidentSetSize of job (KB)
...
006 (2582869.000.000) 2025-08-05 19:43:53 Image size of job updated: 2096536
	2048  -  MemoryUsage of job (MB)
	2096536  -  ResidentSetSize of job (KB)
...
006 (2582869.000.000) 2025-08-05 19:48:53 Image size of job updated: 2098188
	2050  -  MemoryUsage of job (MB)
	2098188  -  ResidentSetSize of job (KB)
...
006 (2582869.000.000) 2025-08-05 19:53:54 Image size of job updated: 2099096
	2050  -  MemoryUsage of job (MB)
	2099096  -  ResidentSetSize of job (KB)
...
006 (2582869.000.000) 2025-08-05 19:58:55 Image size of job updated: 2100920
	2052  -  MemoryUsage of job (MB)
	2100920  -  ResidentSetSize of job (KB)
...
006 (2582869.000.000) 2025-08-05 20:03:55 Image size of job updated: 2101808
	2053  -  MemoryUsage of job (MB)
	2101808  -  ResidentSetSize of job (KB)
...
006 (2582869.000.000) 2025-08-05 20:08:56 Image size of job updated: 2144400
	2095  -  MemoryUsage of job (MB)
	2144400  -  ResidentSetSize of job (KB)
...
006 (2582869.000.000) 2025-08-05 20:13:57 Image size of job updated: 2146000
	2096  -  MemoryUsage of job (MB)
	2146000  -  ResidentSetSize of job (KB)
...
006 (2582869.000.000) 2025-08-05 20:18:57 Image size of job updated: 2146876
	2097  -  MemoryUsage of job (MB)
	2146876  -  ResidentSetSize of job (KB)
...
006 (2582869.000.000) 2025-08-05 20:23:57 Image size of job updated: 2149404
	2100  -  MemoryUsage of job (MB)
	2149404  -  ResidentSetSize of job (KB)
...
006 (2582869.000.000) 2025-08-05 20:28:58 Image size of job updated: 2150252
	2100  -  MemoryUsage of job (MB)
	2150252  -  ResidentSetSize of job (KB)
...
006 (2582869.000.000) 2025-08-05 20:33:59 Image size of job updated: 2152964
	2103  -  MemoryUsage of job (MB)
	2152964  -  ResidentSetSize of job (KB)
...
006 (2582869.000.000) 2025-08-05 20:38:59 Image size of job updated: 2153900
	2104  -  MemoryUsage of job (MB)
	2153900  -  ResidentSetSize of job (KB)
...
006 (2582869.000.000) 2025-08-05 20:43:59 Image size of job updated: 2155544
	2106  -  MemoryUsage of job (MB)
	2155544  -  ResidentSetSize of job (KB)
...
006 (2582869.000.000) 2025-08-05 20:49:00 Image size of job updated: 2156648
	2107  -  MemoryUsage of job (MB)
	2156648  -  ResidentSetSize of job (KB)
...
006 (2582869.000.000) 2025-08-05 20:54:01 Image size of job updated: 2158224
	2108  -  MemoryUsage of job (MB)
	2158224  -  ResidentSetSize of job (KB)
...
006 (2582869.000.000) 2025-08-05 20:59:01 Image size of job updated: 2159916
	2110  -  MemoryUsage of job (MB)
	2159916  -  ResidentSetSize of job (KB)
...
006 (2582869.000.000) 2025-08-05 21:04:01 Image size of job updated: 2160664
	2111  -  MemoryUsage of job (MB)
	2160664  -  ResidentSetSize of job (KB)
...
006 (2582869.000.000) 2025-08-05 21:09:02 Image size of job updated: 2191372
	2139  -  MemoryUsage of job (MB)
	2189612  -  ResidentSetSize of job (KB)
...
006 (2582869.000.000) 2025-08-05 21:14:03 Image size of job updated: 2191372
	2139  -  MemoryUsage of job (MB)
	2190232  -  ResidentSetSize of job (KB)
...
006 (2582869.000.000) 2025-08-05 21:19:03 Image size of job updated: 2191804
	2141  -  MemoryUsage of job (MB)
	2191804  -  ResidentSetSize of job (KB)
...
006 (2582869.000.000) 2025-08-05 21:24:03 Image size of job updated: 2192348
	2141  -  MemoryUsage of job (MB)
	2192348  -  ResidentSetSize of job (KB)
...
006 (2582869.000.000) 2025-08-05 21:29:04 Image size of job updated: 2194756
	2144  -  MemoryUsage of job (MB)
	2194756  -  ResidentSetSize of job (KB)
...
006 (2582869.000.000) 2025-08-05 21:34:05 Image size of job updated: 2195400
	2144  -  MemoryUsage of job (MB)
	2195400  -  ResidentSetSize of job (KB)
...
006 (2582869.000.000) 2025-08-05 21:39:05 Image size of job updated: 2195948
	2145  -  MemoryUsage of job (MB)
	2195948  -  ResidentSetSize of job (KB)
...
006 (2582869.000.000) 2025-08-05 21:44:05 Image size of job updated: 2198224
	2147  -  MemoryUsage of job (MB)
	2198224  -  ResidentSetSize of job (KB)
...
006 (2582869.000.000) 2025-08-05 21:49:06 Image size of job updated: 2198772
	2148  -  MemoryUsage of job (MB)
	2198772  -  ResidentSetSize of job (KB)
...
006 (2582869.000.000) 2025-08-05 21:54:07 Image size of job updated: 2201000
	2150  -  MemoryUsage of job (MB)
	2201000  -  ResidentSetSize of job (KB)
...
006 (2582869.000.000) 2025-08-05 21:59:07 Image size of job updated: 2201552
	2150  -  MemoryUsage of job (MB)
	2201552  -  ResidentSetSize of job (KB)
...
006 (2582869.000.000) 2025-08-05 22:04:07 Image size of job updated: 2203044
	2152  -  MemoryUsage of job (MB)
	2203044  -  ResidentSetSize of job (KB)
...
006 (2582869.000.000) 2025-08-05 22:09:08 Image size of job updated: 2216520
	2165  -  MemoryUsage of job (MB)
	2216520  -  ResidentSetSize of job (KB)
...
006 (2582869.000.000) 2025-08-05 22:14:09 Image size of job updated: 2234760
	2175  -  MemoryUsage of job (MB)
	2226328  -  ResidentSetSize of job (KB)
...
006 (2582869.000.000) 2025-08-05 22:19:09 Image size of job updated: 2234760
	2175  -  MemoryUsage of job (MB)
	2226896  -  ResidentSetSize of job (KB)
...
006 (2582869.000.000) 2025-08-05 22:24:09 Image size of job updated: 2234760
	2176  -  MemoryUsage of job (MB)
	2227360  -  ResidentSetSize of job (KB)
...
006 (2582869.000.000) 2025-08-05 22:29:10 Image size of job updated: 2234760
	2177  -  MemoryUsage of job (MB)
	2228688  -  ResidentSetSize of job (KB)
...
006 (2582869.000.000) 2025-08-05 22:34:11 Image size of job updated: 2234760
	2177  -  MemoryUsage of job (MB)
	2229200  -  ResidentSetSize of job (KB)
...
006 (2582869.000.000) 2025-08-05 22:39:11 Image size of job updated: 2234760
	2179  -  MemoryUsage of job (MB)
	2230512  -  ResidentSetSize of job (KB)
...
006 (2582869.000.000) 2025-08-05 22:44:12 Image size of job updated: 2234760
	2180  -  MemoryUsage of job (MB)
	2231320  -  ResidentSetSize of job (KB)
...
006 (2582869.000.000) 2025-08-05 22:49:13 Image size of job updated: 2234760
	2181  -  MemoryUsage of job (MB)
	2232600  -  ResidentSetSize of job (KB)
...
006 (2582869.000.000) 2025-08-05 22:54:13 Image size of job updated: 2234760
	2181  -  MemoryUsage of job (MB)
	2233324  -  ResidentSetSize of job (KB)
...
006 (2582869.000.000) 2025-08-05 22:59:13 Image size of job updated: 2234760
	2182  -  MemoryUsage of job (MB)
	2233780  -  ResidentSetSize of job (KB)
...
006 (2582869.000.000) 2025-08-05 23:04:14 Image size of job updated: 2235052
	2183  -  MemoryUsage of job (MB)
	2235052  -  ResidentSetSize of job (KB)
...
006 (2582869.000.000) 2025-08-05 23:09:15 Image size of job updated: 2235736
	2184  -  MemoryUsage of job (MB)
	2235736  -  ResidentSetSize of job (KB)
...
006 (2582869.000.000) 2025-08-05 23:14:15 Image size of job updated: 2252932
	2201  -  MemoryUsage of job (MB)
	2252932  -  ResidentSetSize of job (KB)
...
006 (2582869.000.000) 2025-08-05 23:19:15 Image size of job updated: 2253608
	2201  -  MemoryUsage of job (MB)
	2253608  -  ResidentSetSize of job (KB)
...
006 (2582869.000.000) 2025-08-05 23:24:16 Image size of job updated: 2255960
	2204  -  MemoryUsage of job (MB)
	2255960  -  ResidentSetSize of job (KB)
...
006 (2582869.000.000) 2025-08-05 23:29:17 Image size of job updated: 2256416
	2204  -  MemoryUsage of job (MB)
	2256416  -  ResidentSetSize of job (KB)
...
006 (2582869.000.000) 2025-08-05 23:34:17 Image size of job updated: 2257648
	2205  -  MemoryUsage of job (MB)
	2257648  -  ResidentSetSize of job (KB)
...
006 (2582869.000.000) 2025-08-05 23:39:17 Image size of job updated: 2258056
	2206  -  MemoryUsage of job (MB)
	2258056  -  ResidentSetSize of job (KB)
...
006 (2582869.000.000) 2025-08-05 23:44:18 Image size of job updated: 2258484
	2206  -  MemoryUsage of job (MB)
	2258484  -  ResidentSetSize of job (KB)
...
006 (2582869.000.000) 2025-08-05 23:49:19 Image size of job updated: 2259864
	2207  -  MemoryUsage of job (MB)
	2259864  -  ResidentSetSize of job (KB)
...
006 (2582869.000.000) 2025-08-05 23:54:19 Image size of job updated: 2260176
	2208  -  MemoryUsage of job (MB)
	2260176  -  ResidentSetSize of job (KB)
...
006 (2582869.000.000) 2025-08-05 23:59:19 Image size of job updated: 2262312
	2210  -  MemoryUsage of job (MB)
	2262312  -  ResidentSetSize of job (KB)
...
006 (2582869.000.000) 2025-08-06 00:04:20 Image size of job updated: 2262640
	2210  -  MemoryUsage of job (MB)
	2262640  -  ResidentSetSize of job (KB)
...
006 (2582869.000.000) 2025-08-06 00:09:21 Image size of job updated: 2263808
	2211  -  MemoryUsage of job (MB)
	2263808  -  ResidentSetSize of job (KB)
...
006 (2582869.000.000) 2025-08-06 00:11:43 Image size of job updated: 2349680
	2211  -  MemoryUsage of job (MB)
	2263808  -  ResidentSetSize of job (KB)
...
005 (2582869.000.000) 2025-08-06 00:11:43 Job terminated.
	(1) Normal termination (return value 0)
		Usr 16 16:14:07, Sys 0 00:03:17  -  Run Remote Usage
		Usr 0 00:00:00, Sys 0 00:00:00  -  Run Local Usage
		Usr 16 16:14:07, Sys 0 00:03:17  -  Total Remote Usage
		Usr 0 00:00:00, Sys 0 00:00:00  -  Total Local Usage
	0  -  Run Bytes Sent By Job
	0  -  Run Bytes Received By Job
	0  -  Total Bytes Sent By Job
	0  -  Total Bytes Received By Job
	Partitionable Resources :    Usage  Request Allocated 
	   Cpus                 :     2.31       64        64 
	   Disk (KB)            : 17500    16777216  16780523 
	   GPUs                 :                           0 
	   Memory (MB)          :  2211       16384     16384 
	   TimeExecute (s)      : 29306                       
	   TimeSlotBusy (s)     : 29306                       

	Job terminated of its own accord at 2025-08-05T22:11:43Z with exit-code 0.
...
