Generating usual corner plots for GW170817...
Loaded 2 posterior datasets: ['bns', 'nsbh']

bns posterior quantiles:
   lambda_tilde: 376.49-143.8+269.4
   delta_lambda_tilde: 36.82-30.67+51.58

nsbh posterior quantiles:
   lambda_tilde: 315.3-126.92+146.07
   delta_lambda_tilde: 138.06-58.02+62.2
Loading Hauke's data and adding it to the corner plot, filename: ../data/hauke/GW170817/GW170817_result.npz
Replacing geocent_time with dummy values for Hauke...

Saving corner plot to ../GW_runs/GW170817/figures/GW170817/corner_bns_nsbh_hauke_tilde.pdf

Loaded 2 posterior datasets: ['bns', 'nsbh']
Loading Hauke's data and adding it to the corner plot, filename: ../data/hauke/GW170817/GW170817_result.npz
Replacing geocent_time with dummy values for Hauke...

Saving corner plot to ../GW_runs/GW170817/figures/GW170817/corner_bns_nsbh_hauke.pdf

Generating usual corner plots for GW190425...
Loaded 2 posterior datasets: ['bns', 'nsbh']

bns posterior quantiles:
   lambda_tilde: 185.4-110.77+143.62
   delta_lambda_tilde: 19.4-19.54+34.83

nsbh posterior quantiles:
   lambda_tilde: 121.45-79.03+89.02
   delta_lambda_tilde: 52.95-34.0+40.64
Loading Hauke's data and adding it to the corner plot, filename: ../data/hauke/GW190425/GW190425_result.npz
Replacing geocent_time with dummy values for Hauke...

Saving corner plot to ../GW_runs/GW190425/figures/GW190425/corner_bns_nsbh_hauke_tilde.pdf

Loaded 2 posterior datasets: ['bns', 'nsbh']
Loading Hauke's data and adding it to the corner plot, filename: ../data/hauke/GW190425/GW190425_result.npz
Replacing geocent_time with dummy values for Hauke...

Saving corner plot to ../GW_runs/GW190425/figures/GW190425/corner_bns_nsbh_hauke.pdf


SOURCE TYPE COMPARISONS (fix population & EOS, compare across sources)
----------------------------------------------------------------------
Loaded 3 posterior datasets: ['bns', 'nsbh', 'default']

bns posterior quantiles:
   lambda_tilde: 568.25-109.96+123.23
   delta_lambda_tilde: 106.5-28.48+22.55

nsbh posterior quantiles:
   lambda_tilde: 28.33-10.63+10.84
   delta_lambda_tilde: 14.04-5.32+5.14

default posterior quantiles:
   lambda_tilde: 349.87-227.49+503.07
   delta_lambda_tilde: -5.05-187.4+177.06

Saving corner plot to ../GW_runs/GW170817/uniform/figures/corner_source_bns_default_nsbh_tilde.pdf

Loaded 3 posterior datasets: ['bns', 'nsbh', 'default']

bns posterior quantiles:
   lambda_tilde: 634.74-223.18+117.36
   delta_lambda_tilde: 27.7-18.24+19.12

nsbh posterior quantiles:
   lambda_tilde: 40.64-20.82+29.8
   delta_lambda_tilde: 20.17-10.2+14.58

default posterior quantiles:
   lambda_tilde: 349.87-227.49+503.07
   delta_lambda_tilde: -5.05-187.4+177.06

Saving corner plot to ../GW_runs/GW170817/gaussian/figures/corner_source_bns_default_nsbh_tilde.pdf

Loaded 2 posterior datasets: ['bns', 'nsbh']

bns posterior quantiles:
   lambda_tilde: 453.93-69.09+62.33
   delta_lambda_tilde: 55.02-23.89+23.88

nsbh posterior quantiles:
   lambda_tilde: 33.42-18.88+21.85
   delta_lambda_tilde: 16.28-9.15+10.83

Saving corner plot to ../GW_runs/GW170817/uniform/figures/corner_source_bns_nsbh_tilde.pdf


POPULATION TYPE COMPARISONS (fix source & EOS, compare across populations)
--------------------------------------------------------------------------
Loaded 4 posterior datasets: ['uniform', 'gaussian', 'double_gaussian', 'GW170817']

uniform posterior quantiles:
   lambda_tilde: 568.25-109.96+123.23
   delta_lambda_tilde: 106.5-28.48+22.55

gaussian posterior quantiles:
   lambda_tilde: 634.74-223.18+117.36
   delta_lambda_tilde: 27.7-18.24+19.12

double_gaussian posterior quantiles:
   lambda_tilde: 617.87-192.23+195.3
   delta_lambda_tilde: 19.44-9.01+12.37

GW170817 posterior quantiles:
   lambda_tilde: 376.49-143.8+269.4
   delta_lambda_tilde: 36.82-30.67+51.58

Saving corner plot to ../GW_runs/GW170817/population_comparison/bns_radio/figures/corner_population_GW170817_double_gaussian_gaussian_uniform_tilde.pdf

