000 (2611904.000.000) 2025-08-18 10:28:52 Job submitted from host: <145.107.7.246:9618?addrs=145.107.7.246-9618+[2a07-8500-120-e070--3f6]-9618&alias=taai-007.nikhef.nl&noUDP&sock=schedd_2614_90a7>
    DAG Node: run_d
...
001 (2611904.000.000) 2025-08-18 12:15:01 Job executing on host: <145.107.5.58:9618?addrs=145.107.5.58-9618+[2a07-8500-120-e070--53a]-9618&alias=wn-lot-058.nikhef.nl&noUDP&sock=startd_1933_74a8>
	SlotName: slot1_1@wn-lot-058.nikhef.nl
	CondorScratchDir = "/scratch/condor_execute/dir_3320980"
	Cpus = 64
	Disk = 16780562
	GPUs = 0
	Memory = 16384
...
006 (2611904.000.000) 2025-08-18 12:15:15 Image size of job updated: 369876
	362  -  MemoryUsage of job (MB)
	369876  -  ResidentSetSize of job (KB)
...
006 (2611904.000.000) 2025-08-18 12:20:15 Image size of job updated: 1608624
	1571  -  MemoryUsage of job (MB)
	1608624  -  ResidentSetSize of job (KB)
...
006 (2611904.000.000) 2025-08-18 12:25:15 Image size of job updated: 1636980
	1599  -  MemoryUsage of job (MB)
	1636980  -  ResidentSetSize of job (KB)
...
006 (2611904.000.000) 2025-08-18 12:30:16 Image size of job updated: 1647828
	1610  -  MemoryUsage of job (MB)
	1647828  -  ResidentSetSize of job (KB)
...
006 (2611904.000.000) 2025-08-18 12:35:17 Image size of job updated: 1660512
	1622  -  MemoryUsage of job (MB)
	1660512  -  ResidentSetSize of job (KB)
...
006 (2611904.000.000) 2025-08-18 12:40:17 Image size of job updated: 1665560
	1627  -  MemoryUsage of job (MB)
	1665560  -  ResidentSetSize of job (KB)
...
006 (2611904.000.000) 2025-08-18 12:45:17 Image size of job updated: 1670116
	1631  -  MemoryUsage of job (MB)
	1670116  -  ResidentSetSize of job (KB)
...
006 (2611904.000.000) 2025-08-18 12:50:18 Image size of job updated: 1673672
	1635  -  MemoryUsage of job (MB)
	1673672  -  ResidentSetSize of job (KB)
...
006 (2611904.000.000) 2025-08-18 12:55:19 Image size of job updated: 1676948
	1638  -  MemoryUsage of job (MB)
	1676948  -  ResidentSetSize of job (KB)
...
006 (2611904.000.000) 2025-08-18 13:00:19 Image size of job updated: 1681868
	1643  -  MemoryUsage of job (MB)
	1681868  -  ResidentSetSize of job (KB)
...
006 (2611904.000.000) 2025-08-18 13:05:19 Image size of job updated: 1684300
	1645  -  MemoryUsage of job (MB)
	1684300  -  ResidentSetSize of job (KB)
...
006 (2611904.000.000) 2025-08-18 13:10:20 Image size of job updated: 1689956
	1651  -  MemoryUsage of job (MB)
	1689956  -  ResidentSetSize of job (KB)
...
006 (2611904.000.000) 2025-08-18 13:15:21 Image size of job updated: 1692416
	1653  -  MemoryUsage of job (MB)
	1692416  -  ResidentSetSize of job (KB)
...
006 (2611904.000.000) 2025-08-18 13:20:21 Image size of job updated: 2159564
	2109  -  MemoryUsage of job (MB)
	2159564  -  ResidentSetSize of job (KB)
...
006 (2611904.000.000) 2025-08-18 13:25:21 Image size of job updated: 2182276
	2132  -  MemoryUsage of job (MB)
	2182276  -  ResidentSetSize of job (KB)
...
006 (2611904.000.000) 2025-08-18 13:30:22 Image size of job updated: 2192812
	2142  -  MemoryUsage of job (MB)
	2192812  -  ResidentSetSize of job (KB)
...
006 (2611904.000.000) 2025-08-18 13:35:22 Image size of job updated: 2215328
	2164  -  MemoryUsage of job (MB)
	2215328  -  ResidentSetSize of job (KB)
...
006 (2611904.000.000) 2025-08-18 13:40:22 Image size of job updated: 2216476
	2165  -  MemoryUsage of job (MB)
	2216476  -  ResidentSetSize of job (KB)
...
006 (2611904.000.000) 2025-08-18 13:45:23 Image size of job updated: 2218360
	2167  -  MemoryUsage of job (MB)
	2218360  -  ResidentSetSize of job (KB)
...
006 (2611904.000.000) 2025-08-18 13:50:24 Image size of job updated: 2219520
	2168  -  MemoryUsage of job (MB)
	2219520  -  ResidentSetSize of job (KB)
...
006 (2611904.000.000) 2025-08-18 13:55:24 Image size of job updated: 2220400
	2169  -  MemoryUsage of job (MB)
	2220400  -  ResidentSetSize of job (KB)
...
006 (2611904.000.000) 2025-08-18 14:00:24 Image size of job updated: 2222800
	2171  -  MemoryUsage of job (MB)
	2222800  -  ResidentSetSize of job (KB)
...
006 (2611904.000.000) 2025-08-18 14:05:25 Image size of job updated: 2226252
	2175  -  MemoryUsage of job (MB)
	2226252  -  ResidentSetSize of job (KB)
...
006 (2611904.000.000) 2025-08-18 14:10:26 Image size of job updated: 2227248
	2176  -  MemoryUsage of job (MB)
	2227248  -  ResidentSetSize of job (KB)
...
006 (2611904.000.000) 2025-08-18 14:15:26 Image size of job updated: 2228836
	2177  -  MemoryUsage of job (MB)
	2228836  -  ResidentSetSize of job (KB)
...
006 (2611904.000.000) 2025-08-18 14:20:26 Image size of job updated: 2287084
	2232  -  MemoryUsage of job (MB)
	2285052  -  ResidentSetSize of job (KB)
...
006 (2611904.000.000) 2025-08-18 14:25:27 Image size of job updated: 2287084
	2233  -  MemoryUsage of job (MB)
	2285824  -  ResidentSetSize of job (KB)
...
006 (2611904.000.000) 2025-08-18 14:30:27 Image size of job updated: 2287084
	2234  -  MemoryUsage of job (MB)
	2286668  -  ResidentSetSize of job (KB)
...
006 (2611904.000.000) 2025-08-18 14:35:27 Image size of job updated: 2287268
	2234  -  MemoryUsage of job (MB)
	2287268  -  ResidentSetSize of job (KB)
...
006 (2611904.000.000) 2025-08-18 14:40:28 Image size of job updated: 2287848
	2235  -  MemoryUsage of job (MB)
	2287848  -  ResidentSetSize of job (KB)
...
006 (2611904.000.000) 2025-08-18 14:45:29 Image size of job updated: 2288348
	2235  -  MemoryUsage of job (MB)
	2288348  -  ResidentSetSize of job (KB)
...
006 (2611904.000.000) 2025-08-18 14:50:29 Image size of job updated: 2289700
	2237  -  MemoryUsage of job (MB)
	2289700  -  ResidentSetSize of job (KB)
...
006 (2611904.000.000) 2025-08-18 14:55:29 Image size of job updated: 2290320
	2237  -  MemoryUsage of job (MB)
	2290320  -  ResidentSetSize of job (KB)
...
006 (2611904.000.000) 2025-08-18 15:00:30 Image size of job updated: 2291108
	2238  -  MemoryUsage of job (MB)
	2291108  -  ResidentSetSize of job (KB)
...
006 (2611904.000.000) 2025-08-18 15:05:31 Image size of job updated: 2291580
	2238  -  MemoryUsage of job (MB)
	2291580  -  ResidentSetSize of job (KB)
...
006 (2611904.000.000) 2025-08-18 15:10:31 Image size of job updated: 2296316
	2243  -  MemoryUsage of job (MB)
	2296316  -  ResidentSetSize of job (KB)
...
006 (2611904.000.000) 2025-08-18 15:15:32 Image size of job updated: 2296860
	2244  -  MemoryUsage of job (MB)
	2296860  -  ResidentSetSize of job (KB)
...
006 (2611904.000.000) 2025-08-18 15:20:33 Image size of job updated: 2452848
	2301  -  MemoryUsage of job (MB)
	2355516  -  ResidentSetSize of job (KB)
...
006 (2611904.000.000) 2025-08-18 15:25:33 Image size of job updated: 2452848
	2305  -  MemoryUsage of job (MB)
	2359876  -  ResidentSetSize of job (KB)
...
006 (2611904.000.000) 2025-08-18 15:30:33 Image size of job updated: 2452848
	2307  -  MemoryUsage of job (MB)
	2361628  -  ResidentSetSize of job (KB)
...
006 (2611904.000.000) 2025-08-18 15:35:34 Image size of job updated: 2452848
	2309  -  MemoryUsage of job (MB)
	2363648  -  ResidentSetSize of job (KB)
...
006 (2611904.000.000) 2025-08-18 15:40:35 Image size of job updated: 2452848
	2309  -  MemoryUsage of job (MB)
	2364092  -  ResidentSetSize of job (KB)
...
006 (2611904.000.000) 2025-08-18 15:45:35 Image size of job updated: 2452848
	2311  -  MemoryUsage of job (MB)
	2365992  -  ResidentSetSize of job (KB)
...
006 (2611904.000.000) 2025-08-18 15:50:35 Image size of job updated: 2452848
	2311  -  MemoryUsage of job (MB)
	2366428  -  ResidentSetSize of job (KB)
...
006 (2611904.000.000) 2025-08-18 15:55:36 Image size of job updated: 2452848
	2313  -  MemoryUsage of job (MB)
	2367820  -  ResidentSetSize of job (KB)
...
006 (2611904.000.000) 2025-08-18 16:00:36 Image size of job updated: 2452848
	2317  -  MemoryUsage of job (MB)
	2371920  -  ResidentSetSize of job (KB)
...
006 (2611904.000.000) 2025-08-18 16:05:36 Image size of job updated: 2452848
	2318  -  MemoryUsage of job (MB)
	2372788  -  ResidentSetSize of job (KB)
...
006 (2611904.000.000) 2025-08-18 16:10:37 Image size of job updated: 2452848
	2320  -  MemoryUsage of job (MB)
	2375652  -  ResidentSetSize of job (KB)
...
006 (2611904.000.000) 2025-08-18 16:15:38 Image size of job updated: 2452848
	2321  -  MemoryUsage of job (MB)
	2376088  -  ResidentSetSize of job (KB)
...
006 (2611904.000.000) 2025-08-18 16:20:38 Image size of job updated: 2469632
	2355  -  MemoryUsage of job (MB)
	2411184  -  ResidentSetSize of job (KB)
...
006 (2611904.000.000) 2025-08-18 16:25:38 Image size of job updated: 2469632
	2356  -  MemoryUsage of job (MB)
	2411544  -  ResidentSetSize of job (KB)
...
006 (2611904.000.000) 2025-08-18 16:30:39 Image size of job updated: 2469632
	2356  -  MemoryUsage of job (MB)
	2411908  -  ResidentSetSize of job (KB)
...
006 (2611904.000.000) 2025-08-18 16:35:40 Image size of job updated: 2469632
	2358  -  MemoryUsage of job (MB)
	2413936  -  ResidentSetSize of job (KB)
...
006 (2611904.000.000) 2025-08-18 16:40:40 Image size of job updated: 2469632
	2359  -  MemoryUsage of job (MB)
	2415136  -  ResidentSetSize of job (KB)
...
006 (2611904.000.000) 2025-08-18 16:45:40 Image size of job updated: 2469632
	2361  -  MemoryUsage of job (MB)
	2417188  -  ResidentSetSize of job (KB)
...
006 (2611904.000.000) 2025-08-18 16:50:41 Image size of job updated: 2469632
	2362  -  MemoryUsage of job (MB)
	2418044  -  ResidentSetSize of job (KB)
...
006 (2611904.000.000) 2025-08-18 16:55:42 Image size of job updated: 2469632
	2364  -  MemoryUsage of job (MB)
	2420308  -  ResidentSetSize of job (KB)
...
006 (2611904.000.000) 2025-08-18 17:00:42 Image size of job updated: 2469632
	2364  -  MemoryUsage of job (MB)
	2420668  -  ResidentSetSize of job (KB)
...
006 (2611904.000.000) 2025-08-18 17:05:43 Image size of job updated: 2469632
	2367  -  MemoryUsage of job (MB)
	2423208  -  ResidentSetSize of job (KB)
...
006 (2611904.000.000) 2025-08-18 17:10:44 Image size of job updated: 2469632
	2369  -  MemoryUsage of job (MB)
	2425432  -  ResidentSetSize of job (KB)
...
006 (2611904.000.000) 2025-08-18 17:15:44 Image size of job updated: 2469632
	2369  -  MemoryUsage of job (MB)
	2425756  -  ResidentSetSize of job (KB)
...
006 (2611904.000.000) 2025-08-18 17:20:44 Image size of job updated: 2602868
	2447  -  MemoryUsage of job (MB)
	2505204  -  ResidentSetSize of job (KB)
...
006 (2611904.000.000) 2025-08-18 17:25:45 Image size of job updated: 2602868
	2447  -  MemoryUsage of job (MB)
	2505632  -  ResidentSetSize of job (KB)
...
006 (2611904.000.000) 2025-08-18 17:30:46 Image size of job updated: 2602868
	2449  -  MemoryUsage of job (MB)
	2507596  -  ResidentSetSize of job (KB)
...
006 (2611904.000.000) 2025-08-18 17:35:46 Image size of job updated: 2602868
	2450  -  MemoryUsage of job (MB)
	2507892  -  ResidentSetSize of job (KB)
...
006 (2611904.000.000) 2025-08-18 17:40:46 Image size of job updated: 2602868
	2450  -  MemoryUsage of job (MB)
	2508180  -  ResidentSetSize of job (KB)
...
006 (2611904.000.000) 2025-08-18 17:45:47 Image size of job updated: 2602868
	2452  -  MemoryUsage of job (MB)
	2509916  -  ResidentSetSize of job (KB)
...
006 (2611904.000.000) 2025-08-18 17:50:48 Image size of job updated: 2602868
	2452  -  MemoryUsage of job (MB)
	2510276  -  ResidentSetSize of job (KB)
...
006 (2611904.000.000) 2025-08-18 17:55:48 Image size of job updated: 2602868
	2454  -  MemoryUsage of job (MB)
	2512212  -  ResidentSetSize of job (KB)
...
006 (2611904.000.000) 2025-08-18 18:00:49 Image size of job updated: 2602868
	2454  -  MemoryUsage of job (MB)
	2512532  -  ResidentSetSize of job (KB)
...
006 (2611904.000.000) 2025-08-18 18:05:50 Image size of job updated: 2602868
	2456  -  MemoryUsage of job (MB)
	2514236  -  ResidentSetSize of job (KB)
...
006 (2611904.000.000) 2025-08-18 18:10:50 Image size of job updated: 2602868
	2456  -  MemoryUsage of job (MB)
	2514580  -  ResidentSetSize of job (KB)
...
006 (2611904.000.000) 2025-08-18 18:15:50 Image size of job updated: 2602868
	2456  -  MemoryUsage of job (MB)
	2514848  -  ResidentSetSize of job (KB)
...
006 (2611904.000.000) 2025-08-18 18:20:51 Image size of job updated: 2623004
	2488  -  MemoryUsage of job (MB)
	2547496  -  ResidentSetSize of job (KB)
...
006 (2611904.000.000) 2025-08-18 18:25:52 Image size of job updated: 2652708
	2488  -  MemoryUsage of job (MB)
	2547496  -  ResidentSetSize of job (KB)
...
006 (2611904.000.000) 2025-08-18 18:30:52 Image size of job updated: 2652708
	2490  -  MemoryUsage of job (MB)
	2549076  -  ResidentSetSize of job (KB)
...
006 (2611904.000.000) 2025-08-18 18:35:52 Image size of job updated: 2652708
	2490  -  MemoryUsage of job (MB)
	2549356  -  ResidentSetSize of job (KB)
...
006 (2611904.000.000) 2025-08-18 18:40:53 Image size of job updated: 2652708
	2492  -  MemoryUsage of job (MB)
	2551084  -  ResidentSetSize of job (KB)
...
006 (2611904.000.000) 2025-08-18 18:45:54 Image size of job updated: 2652708
	2492  -  MemoryUsage of job (MB)
	2551344  -  ResidentSetSize of job (KB)
...
006 (2611904.000.000) 2025-08-18 18:50:54 Image size of job updated: 2652708
	2492  -  MemoryUsage of job (MB)
	2551584  -  ResidentSetSize of job (KB)
...
006 (2611904.000.000) 2025-08-18 18:55:55 Image size of job updated: 2652708
	2494  -  MemoryUsage of job (MB)
	2553404  -  ResidentSetSize of job (KB)
...
006 (2611904.000.000) 2025-08-18 19:00:56 Image size of job updated: 2652708
	2494  -  MemoryUsage of job (MB)
	2553628  -  ResidentSetSize of job (KB)
...
006 (2611904.000.000) 2025-08-18 19:05:56 Image size of job updated: 2652708
	2496  -  MemoryUsage of job (MB)
	2555360  -  ResidentSetSize of job (KB)
...
006 (2611904.000.000) 2025-08-18 19:10:56 Image size of job updated: 2652708
	2496  -  MemoryUsage of job (MB)
	2555676  -  ResidentSetSize of job (KB)
...
006 (2611904.000.000) 2025-08-18 19:15:57 Image size of job updated: 2652708
	2498  -  MemoryUsage of job (MB)
	2557388  -  ResidentSetSize of job (KB)
...
006 (2611904.000.000) 2025-08-18 19:20:58 Image size of job updated: 2652708
	2498  -  MemoryUsage of job (MB)
	2557616  -  ResidentSetSize of job (KB)
...
006 (2611904.000.000) 2025-08-18 19:25:58 Image size of job updated: 2742072
	2551  -  MemoryUsage of job (MB)
	2611400  -  ResidentSetSize of job (KB)
...
006 (2611904.000.000) 2025-08-18 19:30:58 Image size of job updated: 2742072
	2551  -  MemoryUsage of job (MB)
	2612084  -  ResidentSetSize of job (KB)
...
006 (2611904.000.000) 2025-08-18 19:35:59 Image size of job updated: 2742072
	2552  -  MemoryUsage of job (MB)
	2612328  -  ResidentSetSize of job (KB)
...
006 (2611904.000.000) 2025-08-18 19:41:00 Image size of job updated: 2742072
	2553  -  MemoryUsage of job (MB)
	2614040  -  ResidentSetSize of job (KB)
...
006 (2611904.000.000) 2025-08-18 19:46:00 Image size of job updated: 2742072
	2554  -  MemoryUsage of job (MB)
	2614304  -  ResidentSetSize of job (KB)
...
006 (2611904.000.000) 2025-08-18 19:51:00 Image size of job updated: 2742072
	2555  -  MemoryUsage of job (MB)
	2616124  -  ResidentSetSize of job (KB)
...
006 (2611904.000.000) 2025-08-18 19:56:01 Image size of job updated: 2742072
	2556  -  MemoryUsage of job (MB)
	2616396  -  ResidentSetSize of job (KB)
...
006 (2611904.000.000) 2025-08-18 20:01:01 Image size of job updated: 2742072
	2556  -  MemoryUsage of job (MB)
	2616580  -  ResidentSetSize of job (KB)
...
006 (2611904.000.000) 2025-08-18 20:06:01 Image size of job updated: 2742072
	2557  -  MemoryUsage of job (MB)
	2618284  -  ResidentSetSize of job (KB)
...
006 (2611904.000.000) 2025-08-18 20:11:02 Image size of job updated: 2742072
	2558  -  MemoryUsage of job (MB)
	2618560  -  ResidentSetSize of job (KB)
...
006 (2611904.000.000) 2025-08-18 20:16:03 Image size of job updated: 2742072
	2559  -  MemoryUsage of job (MB)
	2620368  -  ResidentSetSize of job (KB)
...
006 (2611904.000.000) 2025-08-18 20:21:03 Image size of job updated: 2742072
	2561  -  MemoryUsage of job (MB)
	2621588  -  ResidentSetSize of job (KB)
...
006 (2611904.000.000) 2025-08-18 20:26:03 Image size of job updated: 2811076
	2588  -  MemoryUsage of job (MB)
	2649984  -  ResidentSetSize of job (KB)
...
006 (2611904.000.000) 2025-08-18 20:31:04 Image size of job updated: 2811076
	2589  -  MemoryUsage of job (MB)
	2650216  -  ResidentSetSize of job (KB)
...
006 (2611904.000.000) 2025-08-18 20:36:05 Image size of job updated: 2811076
	2589  -  MemoryUsage of job (MB)
	2650456  -  ResidentSetSize of job (KB)
...
006 (2611904.000.000) 2025-08-18 20:41:05 Image size of job updated: 2811076
	2591  -  MemoryUsage of job (MB)
	2652468  -  ResidentSetSize of job (KB)
...
006 (2611904.000.000) 2025-08-18 20:46:05 Image size of job updated: 2811076
	2591  -  MemoryUsage of job (MB)
	2652936  -  ResidentSetSize of job (KB)
...
006 (2611904.000.000) 2025-08-18 20:51:06 Image size of job updated: 2811076
	2593  -  MemoryUsage of job (MB)
	2654996  -  ResidentSetSize of job (KB)
...
006 (2611904.000.000) 2025-08-18 20:56:07 Image size of job updated: 2811076
	2594  -  MemoryUsage of job (MB)
	2655440  -  ResidentSetSize of job (KB)
...
006 (2611904.000.000) 2025-08-18 21:01:07 Image size of job updated: 2811076
	2596  -  MemoryUsage of job (MB)
	2657472  -  ResidentSetSize of job (KB)
...
006 (2611904.000.000) 2025-08-18 21:06:08 Image size of job updated: 2811076
	2596  -  MemoryUsage of job (MB)
	2657884  -  ResidentSetSize of job (KB)
...
006 (2611904.000.000) 2025-08-18 21:11:09 Image size of job updated: 2811076
	2596  -  MemoryUsage of job (MB)
	2658272  -  ResidentSetSize of job (KB)
...
006 (2611904.000.000) 2025-08-18 21:16:09 Image size of job updated: 2811076
	2598  -  MemoryUsage of job (MB)
	2660164  -  ResidentSetSize of job (KB)
...
006 (2611904.000.000) 2025-08-18 21:21:09 Image size of job updated: 2811076
	2599  -  MemoryUsage of job (MB)
	2660628  -  ResidentSetSize of job (KB)
...
006 (2611904.000.000) 2025-08-18 21:26:10 Image size of job updated: 2875996
	2620  -  MemoryUsage of job (MB)
	2682080  -  ResidentSetSize of job (KB)
...
006 (2611904.000.000) 2025-08-18 21:31:11 Image size of job updated: 2875996
	2620  -  MemoryUsage of job (MB)
	2682384  -  ResidentSetSize of job (KB)
...
006 (2611904.000.000) 2025-08-18 21:36:11 Image size of job updated: 2875996
	2622  -  MemoryUsage of job (MB)
	2684140  -  ResidentSetSize of job (KB)
...
006 (2611904.000.000) 2025-08-18 21:41:11 Image size of job updated: 2875996
	2622  -  MemoryUsage of job (MB)
	2684492  -  ResidentSetSize of job (KB)
...
006 (2611904.000.000) 2025-08-18 21:46:12 Image size of job updated: 2875996
	2622  -  MemoryUsage of job (MB)
	2684812  -  ResidentSetSize of job (KB)
...
006 (2611904.000.000) 2025-08-18 21:51:13 Image size of job updated: 2875996
	2624  -  MemoryUsage of job (MB)
	2686744  -  ResidentSetSize of job (KB)
...
006 (2611904.000.000) 2025-08-18 21:56:13 Image size of job updated: 2875996
	2625  -  MemoryUsage of job (MB)
	2687044  -  ResidentSetSize of job (KB)
...
006 (2611904.000.000) 2025-08-18 22:01:13 Image size of job updated: 2875996
	2626  -  MemoryUsage of job (MB)
	2688828  -  ResidentSetSize of job (KB)
...
006 (2611904.000.000) 2025-08-18 22:06:14 Image size of job updated: 2875996
	2627  -  MemoryUsage of job (MB)
	2689140  -  ResidentSetSize of job (KB)
...
006 (2611904.000.000) 2025-08-18 22:11:15 Image size of job updated: 2875996
	2628  -  MemoryUsage of job (MB)
	2690884  -  ResidentSetSize of job (KB)
...
006 (2611904.000.000) 2025-08-18 22:16:15 Image size of job updated: 2875996
	2629  -  MemoryUsage of job (MB)
	2691144  -  ResidentSetSize of job (KB)
...
006 (2611904.000.000) 2025-08-18 22:21:16 Image size of job updated: 2875996
	2629  -  MemoryUsage of job (MB)
	2691440  -  ResidentSetSize of job (KB)
...
006 (2611904.000.000) 2025-08-18 22:26:17 Image size of job updated: 2909512
	2629  -  MemoryUsage of job (MB)
	2691440  -  ResidentSetSize of job (KB)
...
006 (2611904.000.000) 2025-08-18 23:26:23 Image size of job updated: 2932708
	2754  -  MemoryUsage of job (MB)
	2819516  -  ResidentSetSize of job (KB)
...
006 (2611904.000.000) 2025-08-18 23:31:23 Image size of job updated: 2932708
	2754  -  MemoryUsage of job (MB)
	2819812  -  ResidentSetSize of job (KB)
...
006 (2611904.000.000) 2025-08-18 23:36:23 Image size of job updated: 2932708
	2756  -  MemoryUsage of job (MB)
	2821664  -  ResidentSetSize of job (KB)
...
006 (2611904.000.000) 2025-08-18 23:41:24 Image size of job updated: 2932708
	2756  -  MemoryUsage of job (MB)
	2821872  -  ResidentSetSize of job (KB)
...
006 (2611904.000.000) 2025-08-18 23:46:24 Image size of job updated: 2932708
	2758  -  MemoryUsage of job (MB)
	2823768  -  ResidentSetSize of job (KB)
...
006 (2611904.000.000) 2025-08-18 23:51:24 Image size of job updated: 2932708
	2758  -  MemoryUsage of job (MB)
	2823996  -  ResidentSetSize of job (KB)
...
006 (2611904.000.000) 2025-08-18 23:56:25 Image size of job updated: 2932708
	2759  -  MemoryUsage of job (MB)
	2824200  -  ResidentSetSize of job (KB)
...
006 (2611904.000.000) 2025-08-19 00:01:26 Image size of job updated: 2932708
	2760  -  MemoryUsage of job (MB)
	2826064  -  ResidentSetSize of job (KB)
...
006 (2611904.000.000) 2025-08-19 00:06:26 Image size of job updated: 2932708
	2761  -  MemoryUsage of job (MB)
	2826264  -  ResidentSetSize of job (KB)
...
006 (2611904.000.000) 2025-08-19 00:11:26 Image size of job updated: 2932708
	2763  -  MemoryUsage of job (MB)
	2828620  -  ResidentSetSize of job (KB)
...
006 (2611904.000.000) 2025-08-19 00:16:27 Image size of job updated: 2932708
	2763  -  MemoryUsage of job (MB)
	2828852  -  ResidentSetSize of job (KB)
...
006 (2611904.000.000) 2025-08-19 00:21:28 Image size of job updated: 2932708
	2765  -  MemoryUsage of job (MB)
	2830684  -  ResidentSetSize of job (KB)
...
006 (2611904.000.000) 2025-08-19 00:26:28 Image size of job updated: 3114312
	2765  -  MemoryUsage of job (MB)
	2830684  -  ResidentSetSize of job (KB)
...
006 (2611904.000.000) 2025-08-19 00:31:28 Image size of job updated: 3114312
	2776  -  MemoryUsage of job (MB)
	2842300  -  ResidentSetSize of job (KB)
...
006 (2611904.000.000) 2025-08-19 00:36:29 Image size of job updated: 3114312
	2778  -  MemoryUsage of job (MB)
	2843972  -  ResidentSetSize of job (KB)
...
006 (2611904.000.000) 2025-08-19 00:41:30 Image size of job updated: 3114312
	2778  -  MemoryUsage of job (MB)
	2844176  -  ResidentSetSize of job (KB)
...
006 (2611904.000.000) 2025-08-19 00:46:30 Image size of job updated: 3114312
	2779  -  MemoryUsage of job (MB)
	2844988  -  ResidentSetSize of job (KB)
...
006 (2611904.000.000) 2025-08-19 00:51:30 Image size of job updated: 3114312
	2779  -  MemoryUsage of job (MB)
	2845196  -  ResidentSetSize of job (KB)
...
006 (2611904.000.000) 2025-08-19 00:56:31 Image size of job updated: 3114312
	2781  -  MemoryUsage of job (MB)
	2846824  -  ResidentSetSize of job (KB)
...
006 (2611904.000.000) 2025-08-19 01:01:31 Image size of job updated: 3114312
	2781  -  MemoryUsage of job (MB)
	2847036  -  ResidentSetSize of job (KB)
...
006 (2611904.000.000) 2025-08-19 01:06:31 Image size of job updated: 3114312
	2781  -  MemoryUsage of job (MB)
	2847236  -  ResidentSetSize of job (KB)
...
006 (2611904.000.000) 2025-08-19 01:11:32 Image size of job updated: 3114312
	2783  -  MemoryUsage of job (MB)
	2849000  -  ResidentSetSize of job (KB)
...
006 (2611904.000.000) 2025-08-19 01:16:33 Image size of job updated: 3114312
	2783  -  MemoryUsage of job (MB)
	2849208  -  ResidentSetSize of job (KB)
...
006 (2611904.000.000) 2025-08-19 01:21:33 Image size of job updated: 3114312
	2785  -  MemoryUsage of job (MB)
	2851052  -  ResidentSetSize of job (KB)
...
006 (2611904.000.000) 2025-08-19 01:26:33 Image size of job updated: 3114312
	2785  -  MemoryUsage of job (MB)
	2851248  -  ResidentSetSize of job (KB)
...
006 (2611904.000.000) 2025-08-19 01:31:34 Image size of job updated: 3114312
	2820  -  MemoryUsage of job (MB)
	2887392  -  ResidentSetSize of job (KB)
...
006 (2611904.000.000) 2025-08-19 01:36:35 Image size of job updated: 3114312
	2820  -  MemoryUsage of job (MB)
	2887576  -  ResidentSetSize of job (KB)
...
006 (2611904.000.000) 2025-08-19 01:41:35 Image size of job updated: 3114312
	2821  -  MemoryUsage of job (MB)
	2887768  -  ResidentSetSize of job (KB)
...
006 (2611904.000.000) 2025-08-19 01:46:35 Image size of job updated: 3114312
	2822  -  MemoryUsage of job (MB)
	2889568  -  ResidentSetSize of job (KB)
...
006 (2611904.000.000) 2025-08-19 01:51:36 Image size of job updated: 3114312
	2823  -  MemoryUsage of job (MB)
	2889748  -  ResidentSetSize of job (KB)
...
006 (2611904.000.000) 2025-08-19 01:56:37 Image size of job updated: 3114312
	2824  -  MemoryUsage of job (MB)
	2891372  -  ResidentSetSize of job (KB)
...
006 (2611904.000.000) 2025-08-19 02:01:37 Image size of job updated: 3114312
	2824  -  MemoryUsage of job (MB)
	2891516  -  ResidentSetSize of job (KB)
...
006 (2611904.000.000) 2025-08-19 02:06:37 Image size of job updated: 3114312
	2826  -  MemoryUsage of job (MB)
	2893324  -  ResidentSetSize of job (KB)
...
006 (2611904.000.000) 2025-08-19 02:11:38 Image size of job updated: 3114312
	2826  -  MemoryUsage of job (MB)
	2893468  -  ResidentSetSize of job (KB)
...
006 (2611904.000.000) 2025-08-19 02:16:38 Image size of job updated: 3114312
	2826  -  MemoryUsage of job (MB)
	2893624  -  ResidentSetSize of job (KB)
...
006 (2611904.000.000) 2025-08-19 02:21:38 Image size of job updated: 3114312
	2828  -  MemoryUsage of job (MB)
	2895416  -  ResidentSetSize of job (KB)
...
006 (2611904.000.000) 2025-08-19 02:26:39 Image size of job updated: 3114312
	2828  -  MemoryUsage of job (MB)
	2895600  -  ResidentSetSize of job (KB)
...
006 (2611904.000.000) 2025-08-19 02:31:40 Image size of job updated: 3114312
	2861  -  MemoryUsage of job (MB)
	2928752  -  ResidentSetSize of job (KB)
...
006 (2611904.000.000) 2025-08-19 02:36:40 Image size of job updated: 3114312
	2861  -  MemoryUsage of job (MB)
	2928940  -  ResidentSetSize of job (KB)
...
006 (2611904.000.000) 2025-08-19 02:41:40 Image size of job updated: 3114312
	2862  -  MemoryUsage of job (MB)
	2930488  -  ResidentSetSize of job (KB)
...
006 (2611904.000.000) 2025-08-19 02:46:41 Image size of job updated: 3114312
	2862  -  MemoryUsage of job (MB)
	2930648  -  ResidentSetSize of job (KB)
...
006 (2611904.000.000) 2025-08-19 02:51:42 Image size of job updated: 3114312
	2863  -  MemoryUsage of job (MB)
	2930796  -  ResidentSetSize of job (KB)
...
006 (2611904.000.000) 2025-08-19 02:56:42 Image size of job updated: 3114312
	2864  -  MemoryUsage of job (MB)
	2932376  -  ResidentSetSize of job (KB)
...
006 (2611904.000.000) 2025-08-19 03:01:42 Image size of job updated: 3114312
	2864  -  MemoryUsage of job (MB)
	2932512  -  ResidentSetSize of job (KB)
...
006 (2611904.000.000) 2025-08-19 03:06:43 Image size of job updated: 3114312
	2866  -  MemoryUsage of job (MB)
	2934128  -  ResidentSetSize of job (KB)
...
006 (2611904.000.000) 2025-08-19 03:11:44 Image size of job updated: 3114312
	2866  -  MemoryUsage of job (MB)
	2934252  -  ResidentSetSize of job (KB)
...
006 (2611904.000.000) 2025-08-19 03:16:44 Image size of job updated: 3114312
	2867  -  MemoryUsage of job (MB)
	2935804  -  ResidentSetSize of job (KB)
...
006 (2611904.000.000) 2025-08-19 03:21:44 Image size of job updated: 3114312
	2868  -  MemoryUsage of job (MB)
	2935956  -  ResidentSetSize of job (KB)
...
006 (2611904.000.000) 2025-08-19 03:26:45 Image size of job updated: 3114312
	2868  -  MemoryUsage of job (MB)
	2936084  -  ResidentSetSize of job (KB)
...
006 (2611904.000.000) 2025-08-19 03:31:46 Image size of job updated: 3220560
	2922  -  MemoryUsage of job (MB)
	2992088  -  ResidentSetSize of job (KB)
...
006 (2611904.000.000) 2025-08-19 03:36:46 Image size of job updated: 3220560
	2923  -  MemoryUsage of job (MB)
	2992248  -  ResidentSetSize of job (KB)
...
006 (2611904.000.000) 2025-08-19 03:41:46 Image size of job updated: 3220560
	2923  -  MemoryUsage of job (MB)
	2992384  -  ResidentSetSize of job (KB)
...
006 (2611904.000.000) 2025-08-19 03:46:47 Image size of job updated: 3220560
	2923  -  MemoryUsage of job (MB)
	2992528  -  ResidentSetSize of job (KB)
...
006 (2611904.000.000) 2025-08-19 03:51:47 Image size of job updated: 3220560
	2923  -  MemoryUsage of job (MB)
	2992664  -  ResidentSetSize of job (KB)
...
006 (2611904.000.000) 2025-08-19 03:56:47 Image size of job updated: 3220560
	2923  -  MemoryUsage of job (MB)
	2992784  -  ResidentSetSize of job (KB)
...
006 (2611904.000.000) 2025-08-19 04:01:48 Image size of job updated: 3220560
	2923  -  MemoryUsage of job (MB)
	2992940  -  ResidentSetSize of job (KB)
...
006 (2611904.000.000) 2025-08-19 04:06:49 Image size of job updated: 3220560
	2923  -  MemoryUsage of job (MB)
	2993132  -  ResidentSetSize of job (KB)
...
006 (2611904.000.000) 2025-08-19 04:11:49 Image size of job updated: 3220560
	2924  -  MemoryUsage of job (MB)
	2993260  -  ResidentSetSize of job (KB)
...
006 (2611904.000.000) 2025-08-19 04:16:49 Image size of job updated: 3220560
	2924  -  MemoryUsage of job (MB)
	2993404  -  ResidentSetSize of job (KB)
...
006 (2611904.000.000) 2025-08-19 04:21:50 Image size of job updated: 3220560
	2924  -  MemoryUsage of job (MB)
	2993564  -  ResidentSetSize of job (KB)
...
006 (2611904.000.000) 2025-08-19 04:26:51 Image size of job updated: 3220560
	2924  -  MemoryUsage of job (MB)
	2993696  -  ResidentSetSize of job (KB)
...
006 (2611904.000.000) 2025-08-19 04:31:51 Image size of job updated: 3274508
	2924  -  MemoryUsage of job (MB)
	2993696  -  ResidentSetSize of job (KB)
...
006 (2611904.000.000) 2025-08-19 04:36:51 Image size of job updated: 3274508
	2962  -  MemoryUsage of job (MB)
	3032988  -  ResidentSetSize of job (KB)
...
006 (2611904.000.000) 2025-08-19 04:41:52 Image size of job updated: 3274508
	2963  -  MemoryUsage of job (MB)
	3033116  -  ResidentSetSize of job (KB)
...
006 (2611904.000.000) 2025-08-19 04:46:53 Image size of job updated: 3274508
	2963  -  MemoryUsage of job (MB)
	3033200  -  ResidentSetSize of job (KB)
...
006 (2611904.000.000) 2025-08-19 04:51:53 Image size of job updated: 3274508
	2963  -  MemoryUsage of job (MB)
	3033340  -  ResidentSetSize of job (KB)
...
006 (2611904.000.000) 2025-08-19 04:56:53 Image size of job updated: 3274508
	2964  -  MemoryUsage of job (MB)
	3034492  -  ResidentSetSize of job (KB)
...
006 (2611904.000.000) 2025-08-19 05:01:54 Image size of job updated: 3274508
	2964  -  MemoryUsage of job (MB)
	3034636  -  ResidentSetSize of job (KB)
...
006 (2611904.000.000) 2025-08-19 05:06:55 Image size of job updated: 3274508
	2967  -  MemoryUsage of job (MB)
	3037252  -  ResidentSetSize of job (KB)
...
006 (2611904.000.000) 2025-08-19 05:11:55 Image size of job updated: 3274508
	2967  -  MemoryUsage of job (MB)
	3038136  -  ResidentSetSize of job (KB)
...
006 (2611904.000.000) 2025-08-19 05:16:55 Image size of job updated: 3274508
	2968  -  MemoryUsage of job (MB)
	3038288  -  ResidentSetSize of job (KB)
...
006 (2611904.000.000) 2025-08-19 05:21:56 Image size of job updated: 3274508
	2968  -  MemoryUsage of job (MB)
	3038456  -  ResidentSetSize of job (KB)
...
006 (2611904.000.000) 2025-08-19 05:26:56 Image size of job updated: 3274508
	2968  -  MemoryUsage of job (MB)
	3038580  -  ResidentSetSize of job (KB)
...
006 (2611904.000.000) 2025-08-19 05:31:56 Image size of job updated: 3274508
	3073  -  MemoryUsage of job (MB)
	3146000  -  ResidentSetSize of job (KB)
...
006 (2611904.000.000) 2025-08-19 05:36:57 Image size of job updated: 3330088
	3073  -  MemoryUsage of job (MB)
	3146024  -  ResidentSetSize of job (KB)
...
006 (2611904.000.000) 2025-08-19 06:37:03 Image size of job updated: 3483876
	3073  -  MemoryUsage of job (MB)
	3146024  -  ResidentSetSize of job (KB)
...
006 (2611904.000.000) 2025-08-19 08:42:16 Image size of job updated: 3483876
	3078  -  MemoryUsage of job (MB)
	3151420  -  ResidentSetSize of job (KB)
...
006 (2611904.000.000) 2025-08-19 08:47:16 Image size of job updated: 3483876
	3078  -  MemoryUsage of job (MB)
	3151548  -  ResidentSetSize of job (KB)
...
006 (2611904.000.000) 2025-08-19 08:52:17 Image size of job updated: 3483876
	3078  -  MemoryUsage of job (MB)
	3151652  -  ResidentSetSize of job (KB)
...
006 (2611904.000.000) 2025-08-19 08:57:18 Image size of job updated: 3483876
	3078  -  MemoryUsage of job (MB)
	3151756  -  ResidentSetSize of job (KB)
...
006 (2611904.000.000) 2025-08-19 09:02:18 Image size of job updated: 3483876
	3078  -  MemoryUsage of job (MB)
	3151864  -  ResidentSetSize of job (KB)
...
006 (2611904.000.000) 2025-08-19 09:07:19 Image size of job updated: 3483876
	3079  -  MemoryUsage of job (MB)
	3152008  -  ResidentSetSize of job (KB)
...
006 (2611904.000.000) 2025-08-19 09:12:20 Image size of job updated: 3483876
	3079  -  MemoryUsage of job (MB)
	3152096  -  ResidentSetSize of job (KB)
...
006 (2611904.000.000) 2025-08-19 09:17:20 Image size of job updated: 3483876
	3079  -  MemoryUsage of job (MB)
	3152236  -  ResidentSetSize of job (KB)
...
006 (2611904.000.000) 2025-08-19 09:22:20 Image size of job updated: 3483876
	3079  -  MemoryUsage of job (MB)
	3152368  -  ResidentSetSize of job (KB)
...
006 (2611904.000.000) 2025-08-19 09:27:21 Image size of job updated: 3483876
	3079  -  MemoryUsage of job (MB)
	3152488  -  ResidentSetSize of job (KB)
...
006 (2611904.000.000) 2025-08-19 09:32:22 Image size of job updated: 3483876
	3079  -  MemoryUsage of job (MB)
	3152588  -  ResidentSetSize of job (KB)
...
006 (2611904.000.000) 2025-08-19 09:37:22 Image size of job updated: 3483876
	3241  -  MemoryUsage of job (MB)
	3318244  -  ResidentSetSize of job (KB)
...
006 (2611904.000.000) 2025-08-19 09:42:22 Image size of job updated: 3483876
	3241  -  MemoryUsage of job (MB)
	3318272  -  ResidentSetSize of job (KB)
...
006 (2611904.000.000) 2025-08-19 10:42:28 Image size of job updated: 3499512
	3241  -  MemoryUsage of job (MB)
	3318272  -  ResidentSetSize of job (KB)
...
006 (2611904.000.000) 2025-08-19 11:22:05 Image size of job updated: 3583812
	3241  -  MemoryUsage of job (MB)
	3318272  -  ResidentSetSize of job (KB)
...
005 (2611904.000.000) 2025-08-19 11:22:05 Job terminated.
	(1) Normal termination (return value 0)
		Usr 42 04:10:13, Sys 0 00:10:45  -  Run Remote Usage
		Usr 0 00:00:00, Sys 0 00:00:00  -  Run Local Usage
		Usr 42 04:10:13, Sys 0 00:10:45  -  Total Remote Usage
		Usr 0 00:00:00, Sys 0 00:00:00  -  Total Local Usage
	0  -  Run Bytes Sent By Job
	0  -  Run Bytes Received By Job
	0  -  Total Bytes Sent By Job
	0  -  Total Bytes Received By Job
	Partitionable Resources :    Usage  Request Allocated 
	   Cpus                 :     1.02       64        64 
	   Disk (KB)            : 17500    16777216  16780562 
	   GPUs                 :                           0 
	   Memory (MB)          :  3241       16384     16384 
	   TimeExecute (s)      : 83224                       
	   TimeSlotBusy (s)     : 83224                       

	Job terminated of its own accord at 2025-08-19T09:22:05Z with exit-code 0.
...
