JAX: devices available: [CudaDevice(id=0)]
torch: CUDA is available. Number of devices: 1
torch: Current CUDA device: 0
Training data will be loaded from: /data/gravwav/twouters/projects/eos_source_classification/eos_source_classification/data/eos/radio_chiEFT_NICER/eos_samples.npz
Training a normalizing flow for population =  double_gaussian and nsbh sources
Using a smaller learning rate 0.0005 for flowJAX training, as it is more stable with this value.
Before training, we built the following NF kwargs: {'n_transforms': 4, 'n_neurons': 64, 'n_blocks_per_transform': 1, 'nn_depth': 4, 'flow_layers': 4, 'nn_block_dim': 24, 'names': ['chirp_mass_source', 'mass_ratio', 'lambda_2'], 'n_inputs': 3}
Everything for this model will be saved to ./models/double_gaussian/nsbh/radio_chiEFT_NICER_flowjax
Using flowJAX, so setting validation_split_fraction to 0.01 (no validation split)
Starting training with the following parameters:
Reading the EOS data from /data/gravwav/twouters/projects/eos_source_classification/eos_source_classification/data/eos/radio_chiEFT_NICER/eos_samples.npz
Number of good samples:  0.9882
0/200000
20000/200000
40000/200000
60000/200000
80000/200000
100000/200000
120000/200000
140000/200000
160000/200000
180000/200000
Create data will save the following data:
  m1: range = [2.0138127010619757, 4.999981382731665]
  m2: range = [0.8788307952107317, 2.66717619310993]
  mass_ratio: range = [0.21973190051767416, 1.1041971538667013]
  lambda_1: range = [0.0001, 0.0001]
  lambda_2: range = [3.1333590191717917, 8921.845111191305]
  lambda_tilde: range = [0.37458674414464577, 697.9203578606528]
  delta_lambda_tilde: range = [0.18416183882014792, 345.3202339711029]
  chirp_mass_source: range = [1.1699631129333878, 3.0443060797744925]
Saving to ./models/double_gaussian/nsbh/radio_chiEFT_NICER_flowjax/training_data.npz:
Saving to ./models/double_gaussian/nsbh/radio_chiEFT_NICER_flowjax/training_data.npz DONE
Using source-frame chirp mass and mass ratio (Mc, q) for training
Using component parameterization for lambdas (lambda_1, lambda_2)
Training samples: 198000, Validation samples: 2000
Creating the training data arrays
NSBH and training on lambda_2 (3D)
np.shape(self.x)
(198000, 3)
Using MinMaxScaler to scale the input data x
Saved sklearn scaler to ./models/double_gaussian/nsbh/radio_chiEFT_NICER_flowjax/scaler.gz
Going to start training for flowJAX . . .
Using block_neural_autoregressive_flow for flowJAX unconditional distribution
Training flowJAX unconditional model on data shape: (198000, 3)
Validation data shape: (2000, 3)
Saving the training loss plot to ./models/double_gaussian/nsbh/radio_chiEFT_NICER_flowjax/training_loss.pdf
Training done. Took around 18.52 minutes
Saving the flowJAX model to ./models/double_gaussian/nsbh/radio_chiEFT_NICER_flowjax/model.eqx
Saving the model kwargs to ./models/double_gaussian/nsbh/radio_chiEFT_NICER_flowjax/model_kwargs.json
DONE training!
