000 (2611909.000.000) 2025-08-18 10:28:52 Job submitted from host: <145.107.7.246:9618?addrs=145.107.7.246-9618+[2a07-8500-120-e070--3f6]-9618&alias=taai-007.nikhef.nl&noUDP&sock=schedd_2614_90a7>
    DAG Node: run_i
...
001 (2611909.000.000) 2025-08-19 15:43:24 Job executing on host: <145.107.4.153:9618?addrs=145.107.4.153-9618+[2a07-8500-120-e070--99]-9618&alias=wn-knek-010.nikhef.nl&noUDP&sock=startd_1907_9f32>
	SlotName: slot1_1@wn-knek-010.nikhef.nl
	CondorScratchDir = "/scratch/condor_execute/dir_976821"
	Cpus = 64
	Disk = 16779845
	GPUs = 0
	Memory = 16384
...
006 (2611909.000.000) 2025-08-19 15:43:38 Image size of job updated: 268608
	263  -  MemoryUsage of job (MB)
	268608  -  ResidentSetSize of job (KB)
...
006 (2611909.000.000) 2025-08-19 15:48:39 Image size of job updated: 1634136
	1596  -  MemoryUsage of job (MB)
	1634136  -  ResidentSetSize of job (KB)
...
006 (2611909.000.000) 2025-08-19 15:53:40 Image size of job updated: 1664608
	1626  -  MemoryUsage of job (MB)
	1664608  -  ResidentSetSize of job (KB)
...
006 (2611909.000.000) 2025-08-19 15:58:40 Image size of job updated: 1674348
	1636  -  MemoryUsage of job (MB)
	1674348  -  ResidentSetSize of job (KB)
...
006 (2611909.000.000) 2025-08-19 16:03:40 Image size of job updated: 1680928
	1642  -  MemoryUsage of job (MB)
	1680928  -  ResidentSetSize of job (KB)
...
006 (2611909.000.000) 2025-08-19 16:08:41 Image size of job updated: 1686088
	1647  -  MemoryUsage of job (MB)
	1686088  -  ResidentSetSize of job (KB)
...
006 (2611909.000.000) 2025-08-19 16:13:42 Image size of job updated: 1693052
	1654  -  MemoryUsage of job (MB)
	1693052  -  ResidentSetSize of job (KB)
...
006 (2611909.000.000) 2025-08-19 16:18:42 Image size of job updated: 1696216
	1657  -  MemoryUsage of job (MB)
	1696216  -  ResidentSetSize of job (KB)
...
006 (2611909.000.000) 2025-08-19 16:23:42 Image size of job updated: 1699512
	1660  -  MemoryUsage of job (MB)
	1699512  -  ResidentSetSize of job (KB)
...
006 (2611909.000.000) 2025-08-19 16:28:43 Image size of job updated: 1704188
	1665  -  MemoryUsage of job (MB)
	1704188  -  ResidentSetSize of job (KB)
...
006 (2611909.000.000) 2025-08-19 16:33:43 Image size of job updated: 1707592
	1668  -  MemoryUsage of job (MB)
	1707592  -  ResidentSetSize of job (KB)
...
006 (2611909.000.000) 2025-08-19 16:38:43 Image size of job updated: 1711872
	1672  -  MemoryUsage of job (MB)
	1711872  -  ResidentSetSize of job (KB)
...
006 (2611909.000.000) 2025-08-19 16:43:44 Image size of job updated: 1717832
	1678  -  MemoryUsage of job (MB)
	1717832  -  ResidentSetSize of job (KB)
...
006 (2611909.000.000) 2025-08-19 16:48:45 Image size of job updated: 2194364
	2143  -  MemoryUsage of job (MB)
	2194364  -  ResidentSetSize of job (KB)
...
006 (2611909.000.000) 2025-08-19 16:53:45 Image size of job updated: 2195544
	2145  -  MemoryUsage of job (MB)
	2195544  -  ResidentSetSize of job (KB)
...
006 (2611909.000.000) 2025-08-19 16:58:45 Image size of job updated: 2198212
	2147  -  MemoryUsage of job (MB)
	2198212  -  ResidentSetSize of job (KB)
...
006 (2611909.000.000) 2025-08-19 17:03:46 Image size of job updated: 2216056
	2165  -  MemoryUsage of job (MB)
	2216056  -  ResidentSetSize of job (KB)
...
006 (2611909.000.000) 2025-08-19 17:08:46 Image size of job updated: 2230280
	2179  -  MemoryUsage of job (MB)
	2230280  -  ResidentSetSize of job (KB)
...
006 (2611909.000.000) 2025-08-19 17:13:46 Image size of job updated: 2252188
	2200  -  MemoryUsage of job (MB)
	2252188  -  ResidentSetSize of job (KB)
...
006 (2611909.000.000) 2025-08-19 17:18:47 Image size of job updated: 2256252
	2204  -  MemoryUsage of job (MB)
	2256252  -  ResidentSetSize of job (KB)
...
006 (2611909.000.000) 2025-08-19 17:23:48 Image size of job updated: 2257656
	2205  -  MemoryUsage of job (MB)
	2257656  -  ResidentSetSize of job (KB)
...
006 (2611909.000.000) 2025-08-19 17:28:48 Image size of job updated: 2260544
	2208  -  MemoryUsage of job (MB)
	2260544  -  ResidentSetSize of job (KB)
...
006 (2611909.000.000) 2025-08-19 17:33:48 Image size of job updated: 2262988
	2210  -  MemoryUsage of job (MB)
	2262988  -  ResidentSetSize of job (KB)
...
006 (2611909.000.000) 2025-08-19 17:38:49 Image size of job updated: 2263924
	2211  -  MemoryUsage of job (MB)
	2263924  -  ResidentSetSize of job (KB)
...
006 (2611909.000.000) 2025-08-19 17:43:50 Image size of job updated: 2266116
	2214  -  MemoryUsage of job (MB)
	2266116  -  ResidentSetSize of job (KB)
...
006 (2611909.000.000) 2025-08-19 17:48:50 Image size of job updated: 2390076
	2285  -  MemoryUsage of job (MB)
	2339688  -  ResidentSetSize of job (KB)
...
006 (2611909.000.000) 2025-08-19 17:53:51 Image size of job updated: 2390076
	2286  -  MemoryUsage of job (MB)
	2340312  -  ResidentSetSize of job (KB)
...
006 (2611909.000.000) 2025-08-19 17:58:52 Image size of job updated: 2390076
	2291  -  MemoryUsage of job (MB)
	2345324  -  ResidentSetSize of job (KB)
...
006 (2611909.000.000) 2025-08-19 18:03:52 Image size of job updated: 2390076
	2291  -  MemoryUsage of job (MB)
	2345892  -  ResidentSetSize of job (KB)
...
006 (2611909.000.000) 2025-08-19 18:08:52 Image size of job updated: 2390076
	2294  -  MemoryUsage of job (MB)
	2348712  -  ResidentSetSize of job (KB)
...
006 (2611909.000.000) 2025-08-19 18:13:53 Image size of job updated: 2390076
	2295  -  MemoryUsage of job (MB)
	2349324  -  ResidentSetSize of job (KB)
...
006 (2611909.000.000) 2025-08-19 18:18:54 Image size of job updated: 2390076
	2296  -  MemoryUsage of job (MB)
	2350988  -  ResidentSetSize of job (KB)
...
006 (2611909.000.000) 2025-08-19 18:23:54 Image size of job updated: 2390076
	2297  -  MemoryUsage of job (MB)
	2351772  -  ResidentSetSize of job (KB)
...
006 (2611909.000.000) 2025-08-19 18:28:55 Image size of job updated: 2390076
	2302  -  MemoryUsage of job (MB)
	2356280  -  ResidentSetSize of job (KB)
...
006 (2611909.000.000) 2025-08-19 18:33:56 Image size of job updated: 2390076
	2302  -  MemoryUsage of job (MB)
	2356760  -  ResidentSetSize of job (KB)
...
006 (2611909.000.000) 2025-08-19 18:38:56 Image size of job updated: 2390076
	2303  -  MemoryUsage of job (MB)
	2357532  -  ResidentSetSize of job (KB)
...
006 (2611909.000.000) 2025-08-19 18:43:56 Image size of job updated: 2390076
	2305  -  MemoryUsage of job (MB)
	2360216  -  ResidentSetSize of job (KB)
...
006 (2611909.000.000) 2025-08-19 18:48:57 Image size of job updated: 2470112
	2356  -  MemoryUsage of job (MB)
	2411972  -  ResidentSetSize of job (KB)
...
006 (2611909.000.000) 2025-08-19 18:53:58 Image size of job updated: 2470112
	2357  -  MemoryUsage of job (MB)
	2412712  -  ResidentSetSize of job (KB)
...
006 (2611909.000.000) 2025-08-19 18:58:58 Image size of job updated: 2470112
	2358  -  MemoryUsage of job (MB)
	2414092  -  ResidentSetSize of job (KB)
...
006 (2611909.000.000) 2025-08-19 19:03:58 Image size of job updated: 2470112
	2359  -  MemoryUsage of job (MB)
	2415204  -  ResidentSetSize of job (KB)
...
006 (2611909.000.000) 2025-08-19 19:08:59 Image size of job updated: 2470112
	2360  -  MemoryUsage of job (MB)
	2415660  -  ResidentSetSize of job (KB)
...
006 (2611909.000.000) 2025-08-19 19:13:59 Image size of job updated: 2470112
	2361  -  MemoryUsage of job (MB)
	2417572  -  ResidentSetSize of job (KB)
...
006 (2611909.000.000) 2025-08-19 19:18:59 Image size of job updated: 2470112
	2362  -  MemoryUsage of job (MB)
	2417980  -  ResidentSetSize of job (KB)
...
006 (2611909.000.000) 2025-08-19 19:24:00 Image size of job updated: 2470112
	2364  -  MemoryUsage of job (MB)
	2419872  -  ResidentSetSize of job (KB)
...
006 (2611909.000.000) 2025-08-19 19:29:01 Image size of job updated: 2470112
	2365  -  MemoryUsage of job (MB)
	2421420  -  ResidentSetSize of job (KB)
...
006 (2611909.000.000) 2025-08-19 19:34:01 Image size of job updated: 2470112
	2366  -  MemoryUsage of job (MB)
	2422756  -  ResidentSetSize of job (KB)
...
006 (2611909.000.000) 2025-08-19 19:39:01 Image size of job updated: 2470112
	2369  -  MemoryUsage of job (MB)
	2425672  -  ResidentSetSize of job (KB)
...
006 (2611909.000.000) 2025-08-19 19:44:02 Image size of job updated: 2470112
	2374  -  MemoryUsage of job (MB)
	2430540  -  ResidentSetSize of job (KB)
...
006 (2611909.000.000) 2025-08-19 19:49:03 Image size of job updated: 2558708
	2406  -  MemoryUsage of job (MB)
	2463368  -  ResidentSetSize of job (KB)
...
006 (2611909.000.000) 2025-08-19 19:54:03 Image size of job updated: 2558708
	2407  -  MemoryUsage of job (MB)
	2464468  -  ResidentSetSize of job (KB)
...
006 (2611909.000.000) 2025-08-19 19:59:04 Image size of job updated: 2558708
	2409  -  MemoryUsage of job (MB)
	2466320  -  ResidentSetSize of job (KB)
...
006 (2611909.000.000) 2025-08-19 20:04:05 Image size of job updated: 2558708
	2410  -  MemoryUsage of job (MB)
	2467568  -  ResidentSetSize of job (KB)
...
006 (2611909.000.000) 2025-08-19 20:09:05 Image size of job updated: 2558708
	2411  -  MemoryUsage of job (MB)
	2467916  -  ResidentSetSize of job (KB)
...
006 (2611909.000.000) 2025-08-19 20:14:05 Image size of job updated: 2558708
	2412  -  MemoryUsage of job (MB)
	2469780  -  ResidentSetSize of job (KB)
...
006 (2611909.000.000) 2025-08-19 20:19:06 Image size of job updated: 2558708
	2413  -  MemoryUsage of job (MB)
	2470136  -  ResidentSetSize of job (KB)
...
006 (2611909.000.000) 2025-08-19 20:24:07 Image size of job updated: 2558708
	2415  -  MemoryUsage of job (MB)
	2471964  -  ResidentSetSize of job (KB)
...
006 (2611909.000.000) 2025-08-19 20:29:07 Image size of job updated: 2558708
	2415  -  MemoryUsage of job (MB)
	2472224  -  ResidentSetSize of job (KB)
...
006 (2611909.000.000) 2025-08-19 20:34:07 Image size of job updated: 2558708
	2417  -  MemoryUsage of job (MB)
	2474112  -  ResidentSetSize of job (KB)
...
006 (2611909.000.000) 2025-08-19 20:39:08 Image size of job updated: 2558708
	2417  -  MemoryUsage of job (MB)
	2474424  -  ResidentSetSize of job (KB)
...
006 (2611909.000.000) 2025-08-19 20:44:08 Image size of job updated: 2558708
	2417  -  MemoryUsage of job (MB)
	2474788  -  ResidentSetSize of job (KB)
...
006 (2611909.000.000) 2025-08-19 20:49:08 Image size of job updated: 2643720
	2467  -  MemoryUsage of job (MB)
	2526176  -  ResidentSetSize of job (KB)
...
006 (2611909.000.000) 2025-08-19 20:54:09 Image size of job updated: 2643720
	2468  -  MemoryUsage of job (MB)
	2527004  -  ResidentSetSize of job (KB)
...
006 (2611909.000.000) 2025-08-19 20:59:10 Image size of job updated: 2643720
	2470  -  MemoryUsage of job (MB)
	2528840  -  ResidentSetSize of job (KB)
...
006 (2611909.000.000) 2025-08-19 21:04:10 Image size of job updated: 2643720
	2470  -  MemoryUsage of job (MB)
	2529124  -  ResidentSetSize of job (KB)
...
006 (2611909.000.000) 2025-08-19 21:09:10 Image size of job updated: 2643720
	2471  -  MemoryUsage of job (MB)
	2529892  -  ResidentSetSize of job (KB)
...
006 (2611909.000.000) 2025-08-19 21:14:11 Image size of job updated: 2643720
	2473  -  MemoryUsage of job (MB)
	2531756  -  ResidentSetSize of job (KB)
...
006 (2611909.000.000) 2025-08-19 21:19:12 Image size of job updated: 2643720
	2473  -  MemoryUsage of job (MB)
	2532052  -  ResidentSetSize of job (KB)
...
006 (2611909.000.000) 2025-08-19 21:24:12 Image size of job updated: 2643720
	2475  -  MemoryUsage of job (MB)
	2533824  -  ResidentSetSize of job (KB)
...
006 (2611909.000.000) 2025-08-19 21:29:13 Image size of job updated: 2643720
	2475  -  MemoryUsage of job (MB)
	2534176  -  ResidentSetSize of job (KB)
...
006 (2611909.000.000) 2025-08-19 21:34:14 Image size of job updated: 2643720
	2480  -  MemoryUsage of job (MB)
	2539224  -  ResidentSetSize of job (KB)
...
006 (2611909.000.000) 2025-08-19 21:39:14 Image size of job updated: 2643720
	2480  -  MemoryUsage of job (MB)
	2539520  -  ResidentSetSize of job (KB)
...
006 (2611909.000.000) 2025-08-19 21:44:14 Image size of job updated: 2643720
	2481  -  MemoryUsage of job (MB)
	2539832  -  ResidentSetSize of job (KB)
...
006 (2611909.000.000) 2025-08-19 21:49:15 Image size of job updated: 2772724
	2534  -  MemoryUsage of job (MB)
	2594816  -  ResidentSetSize of job (KB)
...
006 (2611909.000.000) 2025-08-19 21:54:16 Image size of job updated: 2772724
	2535  -  MemoryUsage of job (MB)
	2594880  -  ResidentSetSize of job (KB)
...
006 (2611909.000.000) 2025-08-19 21:59:16 Image size of job updated: 2772724
	2536  -  MemoryUsage of job (MB)
	2596608  -  ResidentSetSize of job (KB)
...
006 (2611909.000.000) 2025-08-19 22:04:17 Image size of job updated: 2772724
	2536  -  MemoryUsage of job (MB)
	2596844  -  ResidentSetSize of job (KB)
...
006 (2611909.000.000) 2025-08-19 22:09:18 Image size of job updated: 2772724
	2538  -  MemoryUsage of job (MB)
	2598576  -  ResidentSetSize of job (KB)
...
006 (2611909.000.000) 2025-08-19 22:14:18 Image size of job updated: 2772724
	2538  -  MemoryUsage of job (MB)
	2598848  -  ResidentSetSize of job (KB)
...
006 (2611909.000.000) 2025-08-19 22:19:18 Image size of job updated: 2772724
	2539  -  MemoryUsage of job (MB)
	2599144  -  ResidentSetSize of job (KB)
...
006 (2611909.000.000) 2025-08-19 22:24:19 Image size of job updated: 2772724
	2540  -  MemoryUsage of job (MB)
	2600848  -  ResidentSetSize of job (KB)
...
006 (2611909.000.000) 2025-08-19 22:29:20 Image size of job updated: 2772724
	2541  -  MemoryUsage of job (MB)
	2601068  -  ResidentSetSize of job (KB)
...
006 (2611909.000.000) 2025-08-19 22:34:20 Image size of job updated: 2772724
	2542  -  MemoryUsage of job (MB)
	2602816  -  ResidentSetSize of job (KB)
...
006 (2611909.000.000) 2025-08-19 22:39:20 Image size of job updated: 2772724
	2543  -  MemoryUsage of job (MB)
	2603052  -  ResidentSetSize of job (KB)
...
006 (2611909.000.000) 2025-08-19 22:44:21 Image size of job updated: 2772724
	2544  -  MemoryUsage of job (MB)
	2604952  -  ResidentSetSize of job (KB)
...
006 (2611909.000.000) 2025-08-19 22:49:22 Image size of job updated: 2827944
	2762  -  MemoryUsage of job (MB)
	2827944  -  ResidentSetSize of job (KB)
...
006 (2611909.000.000) 2025-08-19 22:54:22 Image size of job updated: 2827984
	2762  -  MemoryUsage of job (MB)
	2827972  -  ResidentSetSize of job (KB)
...
006 (2611909.000.000) 2025-08-19 23:54:27 Image size of job updated: 2897756
	2762  -  MemoryUsage of job (MB)
	2827972  -  ResidentSetSize of job (KB)
...
006 (2611909.000.000) 2025-08-20 00:54:34 Image size of job updated: 2991012
	2762  -  MemoryUsage of job (MB)
	2827972  -  ResidentSetSize of job (KB)
...
006 (2611909.000.000) 2025-08-20 01:54:41 Image size of job updated: 3076372
	2763  -  MemoryUsage of job (MB)
	2828844  -  ResidentSetSize of job (KB)
...
006 (2611909.000.000) 2025-08-20 01:59:41 Image size of job updated: 3076372
	2763  -  MemoryUsage of job (MB)
	2829040  -  ResidentSetSize of job (KB)
...
006 (2611909.000.000) 2025-08-20 02:04:42 Image size of job updated: 3076372
	2763  -  MemoryUsage of job (MB)
	2829276  -  ResidentSetSize of job (KB)
...
006 (2611909.000.000) 2025-08-20 02:09:43 Image size of job updated: 3076372
	2765  -  MemoryUsage of job (MB)
	2831004  -  ResidentSetSize of job (KB)
...
006 (2611909.000.000) 2025-08-20 02:14:43 Image size of job updated: 3076372
	2765  -  MemoryUsage of job (MB)
	2831192  -  ResidentSetSize of job (KB)
...
006 (2611909.000.000) 2025-08-20 02:19:43 Image size of job updated: 3076372
	2767  -  MemoryUsage of job (MB)
	2832872  -  ResidentSetSize of job (KB)
...
006 (2611909.000.000) 2025-08-20 02:24:44 Image size of job updated: 3076372
	2767  -  MemoryUsage of job (MB)
	2833068  -  ResidentSetSize of job (KB)
...
006 (2611909.000.000) 2025-08-20 02:29:45 Image size of job updated: 3076372
	2768  -  MemoryUsage of job (MB)
	2834096  -  ResidentSetSize of job (KB)
...
006 (2611909.000.000) 2025-08-20 02:34:45 Image size of job updated: 3076372
	2769  -  MemoryUsage of job (MB)
	2835028  -  ResidentSetSize of job (KB)
...
006 (2611909.000.000) 2025-08-20 02:39:45 Image size of job updated: 3076372
	2769  -  MemoryUsage of job (MB)
	2835268  -  ResidentSetSize of job (KB)
...
006 (2611909.000.000) 2025-08-20 02:44:46 Image size of job updated: 3076372
	2771  -  MemoryUsage of job (MB)
	2836944  -  ResidentSetSize of job (KB)
...
006 (2611909.000.000) 2025-08-20 02:49:47 Image size of job updated: 3076372
	2771  -  MemoryUsage of job (MB)
	2837128  -  ResidentSetSize of job (KB)
...
006 (2611909.000.000) 2025-08-20 02:54:47 Image size of job updated: 3176848
	2812  -  MemoryUsage of job (MB)
	2879280  -  ResidentSetSize of job (KB)
...
006 (2611909.000.000) 2025-08-20 02:59:47 Image size of job updated: 3176848
	2812  -  MemoryUsage of job (MB)
	2879476  -  ResidentSetSize of job (KB)
...
006 (2611909.000.000) 2025-08-20 03:04:48 Image size of job updated: 3176848
	2813  -  MemoryUsage of job (MB)
	2879692  -  ResidentSetSize of job (KB)
...
006 (2611909.000.000) 2025-08-20 03:09:48 Image size of job updated: 3176848
	2814  -  MemoryUsage of job (MB)
	2881380  -  ResidentSetSize of job (KB)
...
006 (2611909.000.000) 2025-08-20 03:14:48 Image size of job updated: 3176848
	2815  -  MemoryUsage of job (MB)
	2881624  -  ResidentSetSize of job (KB)
...
006 (2611909.000.000) 2025-08-20 03:19:49 Image size of job updated: 3176848
	2816  -  MemoryUsage of job (MB)
	2883336  -  ResidentSetSize of job (KB)
...
006 (2611909.000.000) 2025-08-20 03:24:50 Image size of job updated: 3176848
	2816  -  MemoryUsage of job (MB)
	2883516  -  ResidentSetSize of job (KB)
...
006 (2611909.000.000) 2025-08-20 03:29:50 Image size of job updated: 3176848
	2818  -  MemoryUsage of job (MB)
	2885224  -  ResidentSetSize of job (KB)
...
006 (2611909.000.000) 2025-08-20 03:34:50 Image size of job updated: 3176848
	2818  -  MemoryUsage of job (MB)
	2885388  -  ResidentSetSize of job (KB)
...
006 (2611909.000.000) 2025-08-20 03:39:51 Image size of job updated: 3176848
	2818  -  MemoryUsage of job (MB)
	2885528  -  ResidentSetSize of job (KB)
...
006 (2611909.000.000) 2025-08-20 03:44:52 Image size of job updated: 3176848
	2820  -  MemoryUsage of job (MB)
	2887216  -  ResidentSetSize of job (KB)
...
006 (2611909.000.000) 2025-08-20 03:49:52 Image size of job updated: 3176848
	2820  -  MemoryUsage of job (MB)
	2887368  -  ResidentSetSize of job (KB)
...
006 (2611909.000.000) 2025-08-20 03:54:52 Image size of job updated: 3176848
	2861  -  MemoryUsage of job (MB)
	2929596  -  ResidentSetSize of job (KB)
...
006 (2611909.000.000) 2025-08-20 03:59:53 Image size of job updated: 3176848
	2862  -  MemoryUsage of job (MB)
	2929780  -  ResidentSetSize of job (KB)
...
006 (2611909.000.000) 2025-08-20 04:04:53 Image size of job updated: 3176848
	2863  -  MemoryUsage of job (MB)
	2931420  -  ResidentSetSize of job (KB)
...
006 (2611909.000.000) 2025-08-20 04:09:53 Image size of job updated: 3176848
	2863  -  MemoryUsage of job (MB)
	2931588  -  ResidentSetSize of job (KB)
...
006 (2611909.000.000) 2025-08-20 04:14:54 Image size of job updated: 3176848
	2864  -  MemoryUsage of job (MB)
	2931776  -  ResidentSetSize of job (KB)
...
006 (2611909.000.000) 2025-08-20 04:19:55 Image size of job updated: 3176848
	2865  -  MemoryUsage of job (MB)
	2933396  -  ResidentSetSize of job (KB)
...
006 (2611909.000.000) 2025-08-20 04:24:55 Image size of job updated: 3176848
	2865  -  MemoryUsage of job (MB)
	2933544  -  ResidentSetSize of job (KB)
...
006 (2611909.000.000) 2025-08-20 04:29:55 Image size of job updated: 3176848
	2867  -  MemoryUsage of job (MB)
	2935208  -  ResidentSetSize of job (KB)
...
006 (2611909.000.000) 2025-08-20 04:34:56 Image size of job updated: 3176848
	2867  -  MemoryUsage of job (MB)
	2935400  -  ResidentSetSize of job (KB)
...
006 (2611909.000.000) 2025-08-20 04:39:57 Image size of job updated: 3176848
	2867  -  MemoryUsage of job (MB)
	2935576  -  ResidentSetSize of job (KB)
...
006 (2611909.000.000) 2025-08-20 04:44:57 Image size of job updated: 3176848
	2869  -  MemoryUsage of job (MB)
	2937228  -  ResidentSetSize of job (KB)
...
006 (2611909.000.000) 2025-08-20 04:49:57 Image size of job updated: 3176848
	2869  -  MemoryUsage of job (MB)
	2937384  -  ResidentSetSize of job (KB)
...
006 (2611909.000.000) 2025-08-20 04:54:58 Image size of job updated: 3213452
	3113  -  MemoryUsage of job (MB)
	3187196  -  ResidentSetSize of job (KB)
...
006 (2611909.000.000) 2025-08-20 04:59:58 Image size of job updated: 3225860
	3113  -  MemoryUsage of job (MB)
	3187216  -  ResidentSetSize of job (KB)
...
006 (2611909.000.000) 2025-08-20 06:00:03 Image size of job updated: 3253064
	3113  -  MemoryUsage of job (MB)
	3187216  -  ResidentSetSize of job (KB)
...
006 (2611909.000.000) 2025-08-20 07:00:09 Image size of job updated: 3492716
	3113  -  MemoryUsage of job (MB)
	3187216  -  ResidentSetSize of job (KB)
...
006 (2611909.000.000) 2025-08-20 08:23:23 Image size of job updated: 3530056
	3113  -  MemoryUsage of job (MB)
	3187216  -  ResidentSetSize of job (KB)
...
005 (2611909.000.000) 2025-08-20 08:23:23 Job terminated.
	(1) Normal termination (return value 0)
		Usr 28 02:06:39, Sys 0 00:07:28  -  Run Remote Usage
		Usr 0 00:00:00, Sys 0 00:00:00  -  Run Local Usage
		Usr 28 02:06:39, Sys 0 00:07:28  -  Total Remote Usage
		Usr 0 00:00:00, Sys 0 00:00:00  -  Total Local Usage
	0  -  Run Bytes Sent By Job
	0  -  Run Bytes Received By Job
	0  -  Total Bytes Sent By Job
	0  -  Total Bytes Received By Job
	Partitionable Resources :    Usage  Request Allocated 
	   Cpus                 :     1.00       64        64 
	   Disk (KB)            : 17500    16777216  16779845 
	   GPUs                 :                           0 
	   Memory (MB)          :  3113       16384     16384 
	   TimeExecute (s)      : 59999                       
	   TimeSlotBusy (s)     : 59999                       

	Job terminated of its own accord at 2025-08-20T06:23:23Z with exit-code 0.
...
