self.parameters_ref
{'chirp_mass': 1.4867847675135448, 'symmetric_mass_ratio': 0.24999995594642316, 'a_1': 0.011080273335494708, 'a_2': 0.04692984939031852, 'tilt_1': 2.6219694401252394, 'tilt_2': 1.0090315132594154, 'phi_jl': 0.977223832370418, 'phi_12': 5.868535624409604, 'lambda_1': 100.0, 'lambda_2': 200.0, 'luminosity_distance': 160.68570884930463, 'phase': 5.904192752190891, 'theta_jn': 0.20643139003708647, 'psi': 0.3008124663367458, 'ra': 1.4454755957606107, 'dec': 0.07257856505111598, 'mass_ratio': 0.999160794522431, 'mass_1': 1.7085843239096237, 'mass_2': 1.7071504705861102, 'geocent_time': 1240215503.017147, 'duration': 128.0}
1it [0:00:00 bound:0 nc:  1 ncall:4.1e+03 eff:0.0% logz-ratio=-1086.32+/-0.05 dlogz:inf>0.1]
12080it [0:01:00 bound:0 nc: 18 ncall:7.8e+04 eff:15.5% logz-ratio=-1.63+/-0.02 dlogz:9.200>0.1]
14662it [0:02:09 bound:2 nc:474 ncall:1.5e+05 eff:9.9% logz-ratio=-1.20+/-0.02 dlogz:14.878>0.1]
14915it [0:03:18 bound:6 nc:689 ncall:3.2e+05 eff:4.7% logz-ratio=-1.16+/-0.02 dlogz:14.780>0.1]
15168it [0:04:29 bound:10 nc:376 ncall:4.9e+05 eff:3.1% logz-ratio=-1.13+/-0.02 dlogz:14.682>0.1]
15421it [0:05:36 bound:14 nc:696 ncall:6.5e+05 eff:2.4% logz-ratio=-1.09+/-0.02 dlogz:14.585>0.1]
15674it [0:06:45 bound:18 nc:592 ncall:8.2e+05 eff:1.9% logz-ratio=-1.06+/-0.02 dlogz:14.489>0.1]
15929it [0:07:54 bound:22 nc:458 ncall:9.9e+05 eff:1.6% logz-ratio=-1.02+/-0.02 dlogz:14.392>0.1]
16181it [0:09:04 bound:26 nc:1062 ncall:1.2e+06 eff:1.4% logz-ratio=-0.99+/-0.02 dlogz:14.297>0.1]
16434it [0:10:17 bound:30 nc:790 ncall:1.3e+06 eff:1.2% logz-ratio=-0.96+/-0.02 dlogz:14.202>0.1]
16688it [0:11:30 bound:34 nc:584 ncall:1.5e+06 eff:1.1% logz-ratio=-0.92+/-0.02 dlogz:14.108>0.1]
16943it [0:12:43 bound:38 nc:884 ncall:1.6e+06 eff:1.0% logz-ratio=-0.89+/-0.02 dlogz:14.014>0.1]
17195it [0:13:55 bound:42 nc:708 ncall:1.8e+06 eff:0.9% logz-ratio=-0.86+/-0.02 dlogz:13.921>0.1]
17450it [0:15:09 bound:46 nc:453 ncall:2.0e+06 eff:0.9% logz-ratio=-0.83+/-0.02 dlogz:13.828>0.1]
17705it [0:16:22 bound:50 nc:614 ncall:2.2e+06 eff:0.8% logz-ratio=-0.80+/-0.02 dlogz:19.472>0.1]
17956it [0:17:40 bound:54 nc:628 ncall:2.3e+06 eff:0.8% logz-ratio=-0.77+/-0.02 dlogz:21.090>0.1]
18205it [0:18:52 bound:58 nc:639 ncall:2.5e+06 eff:0.7% logz-ratio=-0.74+/-0.02 dlogz:21.000>0.1]
18457it [0:20:13 bound:62 nc:565 ncall:2.6e+06 eff:0.7% logz-ratio=-0.71+/-0.02 dlogz:20.911>0.1]
18711it [0:21:24 bound:66 nc:878 ncall:2.8e+06 eff:0.7% logz-ratio=-0.69+/-0.02 dlogz:20.821>0.1]
18965it [0:22:39 bound:70 nc:349 ncall:3.0e+06 eff:0.6% logz-ratio=-0.66+/-0.02 dlogz:20.731>0.1]
19219it [0:23:56 bound:74 nc:690 ncall:3.1e+06 eff:0.6% logz-ratio=-0.63+/-0.02 dlogz:20.642>0.1]
19468it [0:25:12 bound:78 nc:485 ncall:3.3e+06 eff:0.6% logz-ratio=-0.61+/-0.02 dlogz:20.554>0.1]
19721it [0:26:31 bound:82 nc:287 ncall:3.5e+06 eff:0.6% logz-ratio=-0.58+/-0.02 dlogz:20.466>0.1]
19972it [0:27:46 bound:86 nc:446 ncall:3.6e+06 eff:0.5% logz-ratio=-0.55+/-0.02 dlogz:26.521>0.1]
20222it [0:29:04 bound:90 nc:733 ncall:3.8e+06 eff:0.5% logz-ratio=-0.53+/-0.02 dlogz:26.434>0.1]
20407it [0:30:04 bound:93 nc:682 ncall:3.9e+06 eff:0.5% logz-ratio=-0.51+/-0.02 dlogz:26.370>0.1]
20657it [0:31:24 bound:97 nc:592 ncall:4.1e+06 eff:0.5% logz-ratio=-0.48+/-0.02 dlogz:26.283>0.1]
20902it [0:32:43 bound:101 nc:726 ncall:4.3e+06 eff:0.5% logz-ratio=-0.46+/-0.02 dlogz:26.198>0.1]
21088it [0:33:46 bound:104 nc:758 ncall:4.4e+06 eff:0.5% logz-ratio=-0.44+/-0.02 dlogz:26.441>0.1]
21333it [0:35:07 bound:108 nc:972 ncall:4.6e+06 eff:0.5% logz-ratio=-0.41+/-0.02 dlogz:26.357>0.1]
21582it [0:36:23 bound:112 nc:361 ncall:4.7e+06 eff:0.5% logz-ratio=-0.39+/-0.02 dlogz:26.271>0.1]
21769it [0:37:28 bound:115 nc:1564 ncall:4.8e+06 eff:0.4% logz-ratio=-0.37+/-0.02 dlogz:26.207>0.1]
22014it [0:38:46 bound:119 nc:515 ncall:5.0e+06 eff:0.4% logz-ratio=-0.34+/-0.02 dlogz:26.122>0.1]
22262it [0:40:06 bound:123 nc:411 ncall:5.2e+06 eff:0.4% logz-ratio=-0.32+/-0.02 dlogz:26.037>0.1]
22506it [0:41:29 bound:127 nc:368 ncall:5.3e+06 eff:0.4% logz-ratio=-0.30+/-0.02 dlogz:25.953>0.1]
22686it [0:42:34 bound:130 nc:883 ncall:5.5e+06 eff:0.4% logz-ratio=-0.28+/-0.02 dlogz:25.891>0.1]
22868it [0:43:34 bound:133 nc:1285 ncall:5.6e+06 eff:0.4% logz-ratio=-0.26+/-0.02 dlogz:25.829>0.1]
23050it [0:44:37 bound:136 nc:298 ncall:5.7e+06 eff:0.4% logz-ratio=-0.24+/-0.02 dlogz:25.766>0.1]
23231it [0:45:37 bound:139 nc:487 ncall:5.9e+06 eff:0.4% logz-ratio=-0.22+/-0.02 dlogz:25.704>0.1]
23405it [0:46:39 bound:142 nc:370 ncall:6.0e+06 eff:0.4% logz-ratio=-0.21+/-0.02 dlogz:25.645>0.1]
23589it [0:47:47 bound:145 nc:881 ncall:6.1e+06 eff:0.4% logz-ratio=-0.19+/-0.02 dlogz:26.236>0.1]
23766it [0:48:51 bound:148 nc:904 ncall:6.2e+06 eff:0.4% logz-ratio=-0.17+/-0.02 dlogz:26.176>0.1]
23947it [0:49:58 bound:151 nc:548 ncall:6.4e+06 eff:0.4% logz-ratio=-0.15+/-0.02 dlogz:26.115>0.1]
24123it [0:51:07 bound:154 nc:435 ncall:6.5e+06 eff:0.4% logz-ratio=-0.14+/-0.03 dlogz:26.055>0.1]
24293it [0:52:07 bound:157 nc:1508 ncall:6.6e+06 eff:0.4% logz-ratio=-0.12+/-0.03 dlogz:27.049>0.1]
24468it [0:53:18 bound:160 nc:564 ncall:6.8e+06 eff:0.4% logz-ratio=-0.10+/-0.03 dlogz:36.166>0.1]
24642it [0:54:23 bound:163 nc:539 ncall:6.9e+06 eff:0.4% logz-ratio=-0.09+/-0.03 dlogz:36.107>0.1]
24825it [0:55:36 bound:166 nc:511 ncall:7.0e+06 eff:0.4% logz-ratio=-0.07+/-0.03 dlogz:36.045>0.1]
25003it [0:56:42 bound:169 nc:588 ncall:7.2e+06 eff:0.3% logz-ratio=-0.05+/-0.03 dlogz:35.984>0.1]
25173it [0:57:51 bound:172 nc:714 ncall:7.3e+06 eff:0.3% logz-ratio=-0.04+/-0.03 dlogz:35.927>0.1]
25348it [0:58:57 bound:175 nc:393 ncall:7.4e+06 eff:0.3% logz-ratio=-0.02+/-0.03 dlogz:35.868>0.1]
25516it [1:00:10 bound:178 nc:1165 ncall:7.6e+06 eff:0.3% logz-ratio=-0.01+/-0.03 dlogz:35.811>0.1]
25630it [1:01:22 bound:180 nc:576 ncall:7.6e+06 eff:0.3% logz-ratio=0.00+/-0.03 dlogz:35.773>0.1]
25793it [1:02:32 bound:183 nc:553 ncall:7.8e+06 eff:0.3% logz-ratio=0.02+/-0.03 dlogz:35.718>0.1]
25962it [1:03:39 bound:186 nc:421 ncall:7.9e+06 eff:0.3% logz-ratio=0.04+/-0.03 dlogz:35.661>0.1]
26125it [1:04:48 bound:189 nc:854 ncall:8.0e+06 eff:0.3% logz-ratio=0.05+/-0.03 dlogz:35.606>0.1]
26295it [1:05:53 bound:192 nc:1127 ncall:8.2e+06 eff:0.3% logz-ratio=0.07+/-0.03 dlogz:35.549>0.1]
26460it [1:07:00 bound:195 nc:1168 ncall:8.3e+06 eff:0.3% logz-ratio=0.08+/-0.03 dlogz:35.493>0.1]
26627it [1:08:08 bound:198 nc:953 ncall:8.4e+06 eff:0.3% logz-ratio=0.10+/-0.03 dlogz:35.437>0.1]
26793it [1:09:16 bound:201 nc:420 ncall:8.6e+06 eff:0.3% logz-ratio=0.11+/-0.03 dlogz:36.957>0.1]
26960it [1:10:28 bound:204 nc:1437 ncall:8.7e+06 eff:0.3% logz-ratio=0.13+/-0.03 dlogz:36.900>0.1]
27134it [1:11:33 bound:207 nc:1013 ncall:8.9e+06 eff:0.3% logz-ratio=0.14+/-0.03 dlogz:36.842>0.1]
27303it [1:12:42 bound:210 nc:623 ncall:9.0e+06 eff:0.3% logz-ratio=0.16+/-0.03 dlogz:36.785>0.1]
27470it [1:13:50 bound:213 nc:2250 ncall:9.1e+06 eff:0.3% logz-ratio=0.17+/-0.03 dlogz:38.440>0.1]
27639it [1:15:02 bound:216 nc:2716 ncall:9.3e+06 eff:0.3% logz-ratio=0.19+/-0.03 dlogz:38.383>0.1]
27800it [1:16:21 bound:219 nc:1232 ncall:9.4e+06 eff:0.3% logz-ratio=0.21+/-0.03 dlogz:38.329>0.1]
27962it [1:17:35 bound:222 nc:1641 ncall:9.6e+06 eff:0.3% logz-ratio=0.22+/-0.03 dlogz:38.274>0.1]
28130it [1:18:43 bound:225 nc:871 ncall:9.7e+06 eff:0.3% logz-ratio=0.24+/-0.03 dlogz:38.218>0.1]
28291it [1:19:53 bound:228 nc:2134 ncall:9.8e+06 eff:0.3% logz-ratio=0.25+/-0.03 dlogz:38.163>0.1]
28456it [1:20:59 bound:231 nc:380 ncall:1.0e+07 eff:0.3% logz-ratio=0.27+/-0.03 dlogz:47.884>0.1]
28625it [1:22:10 bound:234 nc:419 ncall:1.0e+07 eff:0.3% logz-ratio=0.28+/-0.03 dlogz:47.827>0.1]
28798it [1:23:16 bound:237 nc:454 ncall:1.0e+07 eff:0.3% logz-ratio=0.30+/-0.03 dlogz:47.769>0.1]
28970it [1:24:26 bound:240 nc:657 ncall:1.0e+07 eff:0.3% logz-ratio=0.31+/-0.03 dlogz:47.711>0.1]
29137it [1:25:38 bound:243 nc:1242 ncall:1.1e+07 eff:0.3% logz-ratio=0.33+/-0.03 dlogz:47.655>0.1]
29297it [1:26:47 bound:246 nc:1049 ncall:1.1e+07 eff:0.3% logz-ratio=0.34+/-0.03 dlogz:47.601>0.1]
29465it [1:28:00 bound:249 nc:649 ncall:1.1e+07 eff:0.3% logz-ratio=0.36+/-0.03 dlogz:47.544>0.1]
29625it [1:29:14 bound:252 nc:1139 ncall:1.1e+07 eff:0.3% logz-ratio=0.37+/-0.03 dlogz:47.490>0.1]
29792it [1:30:32 bound:255 nc:727 ncall:1.1e+07 eff:0.3% logz-ratio=0.39+/-0.03 dlogz:47.433>0.1]
29962it [1:31:46 bound:258 nc:1213 ncall:1.1e+07 eff:0.3% logz-ratio=0.41+/-0.03 dlogz:47.375>0.1]
30130it [1:33:04 bound:261 nc:569 ncall:1.1e+07 eff:0.3% logz-ratio=0.42+/-0.03 dlogz:47.318>0.1]
30298it [1:34:21 bound:264 nc:1394 ncall:1.2e+07 eff:0.3% logz-ratio=0.44+/-0.03 dlogz:47.261>0.1]
30467it [1:35:41 bound:267 nc:286 ncall:1.2e+07 eff:0.3% logz-ratio=0.46+/-0.03 dlogz:47.203>0.1]
30636it [1:37:02 bound:270 nc:909 ncall:1.2e+07 eff:0.3% logz-ratio=0.47+/-0.03 dlogz:47.145>0.1]
30806it [1:38:20 bound:273 nc:420 ncall:1.2e+07 eff:0.3% logz-ratio=0.49+/-0.03 dlogz:47.086>0.1]
30976it [1:39:29 bound:276 nc:586 ncall:1.2e+07 eff:0.3% logz-ratio=0.51+/-0.03 dlogz:47.027>0.1]
31147it [1:40:47 bound:279 nc:999 ncall:1.2e+07 eff:0.3% logz-ratio=0.53+/-0.03 dlogz:46.968>0.1]
31315it [1:42:06 bound:282 nc:590 ncall:1.2e+07 eff:0.3% logz-ratio=0.54+/-0.03 dlogz:46.909>0.1]
31481it [1:43:22 bound:285 nc:542 ncall:1.3e+07 eff:0.2% logz-ratio=0.56+/-0.03 dlogz:46.852>0.1]
31645it [1:44:35 bound:288 nc:2121 ncall:1.3e+07 eff:0.2% logz-ratio=0.58+/-0.03 dlogz:46.795>0.1]
31808it [1:45:51 bound:291 nc:1901 ncall:1.3e+07 eff:0.2% logz-ratio=0.59+/-0.03 dlogz:46.738>0.1]
31978it [1:47:10 bound:294 nc:555 ncall:1.3e+07 eff:0.2% logz-ratio=0.61+/-0.03 dlogz:46.678>0.1]
32153it [1:48:29 bound:297 nc:450 ncall:1.3e+07 eff:0.2% logz-ratio=0.63+/-0.03 dlogz:46.615>0.1]
32325it [1:49:53 bound:300 nc:839 ncall:1.3e+07 eff:0.2% logz-ratio=0.65+/-0.03 dlogz:46.554>0.1]
32497it [1:51:10 bound:303 nc:1113 ncall:1.4e+07 eff:0.2% logz-ratio=0.67+/-0.03 dlogz:46.492>0.1]
32671it [1:52:22 bound:306 nc:1037 ncall:1.4e+07 eff:0.2% logz-ratio=0.69+/-0.03 dlogz:46.430>0.1]
32836it [1:53:45 bound:309 nc:1015 ncall:1.4e+07 eff:0.2% logz-ratio=0.71+/-0.03 dlogz:46.370>0.1]
33008it [1:55:07 bound:312 nc:574 ncall:1.4e+07 eff:0.2% logz-ratio=0.73+/-0.03 dlogz:46.306>0.1]
33183it [1:56:24 bound:315 nc:1137 ncall:1.4e+07 eff:0.2% logz-ratio=0.75+/-0.03 dlogz:46.241>0.1]
33363it [1:57:49 bound:318 nc:654 ncall:1.4e+07 eff:0.2% logz-ratio=0.78+/-0.03 dlogz:46.174>0.1]
33535it [1:59:05 bound:321 nc:954 ncall:1.5e+07 eff:0.2% logz-ratio=0.80+/-0.03 dlogz:46.108>0.1]
33708it [2:00:17 bound:324 nc:481 ncall:1.5e+07 eff:0.2% logz-ratio=0.83+/-0.03 dlogz:46.042>0.1]
33789it [2:01:18 bound:325 nc:643 ncall:1.5e+07 eff:0.2% logz-ratio=0.84+/-0.03 dlogz:46.011>0.1]
33939it [2:02:38 bound:328 nc:503 ncall:1.5e+07 eff:0.2% logz-ratio=0.86+/-0.03 dlogz:45.952>0.1]
34113it [2:03:56 bound:331 nc:952 ncall:1.5e+07 eff:0.2% logz-ratio=0.89+/-0.03 dlogz:45.883>0.1]
34288it [2:05:10 bound:334 nc:859 ncall:1.5e+07 eff:0.2% logz-ratio=0.91+/-0.03 dlogz:45.813>0.1]
34466it [2:06:29 bound:337 nc:741 ncall:1.5e+07 eff:0.2% logz-ratio=0.94+/-0.03 dlogz:45.740>0.1]
34644it [2:07:45 bound:340 nc:830 ncall:1.6e+07 eff:0.2% logz-ratio=0.97+/-0.03 dlogz:45.667>0.1]
34824it [2:09:04 bound:343 nc:484 ncall:1.6e+07 eff:0.2% logz-ratio=1.00+/-0.03 dlogz:45.592>0.1]
35003it [2:10:22 bound:346 nc:771 ncall:1.6e+07 eff:0.2% logz-ratio=1.04+/-0.03 dlogz:45.516>0.1]
35180it [2:11:46 bound:349 nc:813 ncall:1.6e+07 eff:0.2% logz-ratio=1.07+/-0.03 dlogz:50.503>0.1]
35362it [2:13:03 bound:352 nc:867 ncall:1.6e+07 eff:0.2% logz-ratio=1.10+/-0.04 dlogz:50.423>0.1]
35547it [2:14:24 bound:355 nc:411 ncall:1.6e+07 eff:0.2% logz-ratio=1.14+/-0.04 dlogz:50.340>0.1]
35724it [2:15:39 bound:358 nc:935 ncall:1.7e+07 eff:0.2% logz-ratio=1.18+/-0.04 dlogz:50.259>0.1]
35899it [2:17:04 bound:361 nc:908 ncall:1.7e+07 eff:0.2% logz-ratio=1.22+/-0.04 dlogz:50.177>0.1]
36077it [2:18:21 bound:364 nc:772 ncall:1.7e+07 eff:0.2% logz-ratio=1.26+/-0.04 dlogz:50.091>0.1]
36263it [2:19:36 bound:367 nc:1320 ncall:1.7e+07 eff:0.2% logz-ratio=1.31+/-0.04 dlogz:49.999>0.1]
36448it [2:20:52 bound:370 nc:864 ncall:1.7e+07 eff:0.2% logz-ratio=1.36+/-0.04 dlogz:49.904>0.1]
36625it [2:22:11 bound:373 nc:1964 ncall:1.7e+07 eff:0.2% logz-ratio=1.41+/-0.04 dlogz:49.810>0.1]
36807it [2:23:30 bound:376 nc:691 ncall:1.8e+07 eff:0.2% logz-ratio=1.47+/-0.04 dlogz:49.708>0.1]
36993it [2:24:46 bound:379 nc:858 ncall:1.8e+07 eff:0.2% logz-ratio=1.53+/-0.04 dlogz:49.602>0.1]
37166it [2:26:01 bound:382 nc:407 ncall:1.8e+07 eff:0.2% logz-ratio=1.59+/-0.04 dlogz:49.498>0.1]
37352it [2:27:22 bound:385 nc:757 ncall:1.8e+07 eff:0.2% logz-ratio=1.66+/-0.04 dlogz:50.334>0.1]
37532it [2:28:36 bound:388 nc:479 ncall:1.8e+07 eff:0.2% logz-ratio=1.73+/-0.04 dlogz:50.219>0.1]
37711it [2:29:52 bound:391 nc:982 ncall:1.8e+07 eff:0.2% logz-ratio=1.80+/-0.04 dlogz:50.100>0.1]
37890it [2:31:07 bound:394 nc:1696 ncall:1.9e+07 eff:0.2% logz-ratio=1.88+/-0.04 dlogz:49.979>0.1]
38072it [2:32:23 bound:397 nc:830 ncall:1.9e+07 eff:0.2% logz-ratio=1.97+/-0.04 dlogz:49.851>0.1]
38256it [2:33:47 bound:400 nc:989 ncall:1.9e+07 eff:0.2% logz-ratio=2.06+/-0.04 dlogz:49.716>0.1]
38439it [2:35:01 bound:403 nc:1082 ncall:1.9e+07 eff:0.2% logz-ratio=2.15+/-0.04 dlogz:49.573>0.1]
38621it [2:36:18 bound:406 nc:954 ncall:1.9e+07 eff:0.2% logz-ratio=2.26+/-0.04 dlogz:49.424>0.1]
38801it [2:37:41 bound:409 nc:856 ncall:1.9e+07 eff:0.2% logz-ratio=2.37+/-0.04 dlogz:49.270>0.1]
38990it [2:39:00 bound:412 nc:1032 ncall:2.0e+07 eff:0.2% logz-ratio=2.49+/-0.04 dlogz:49.103>0.1]
39178it [2:40:13 bound:415 nc:482 ncall:2.0e+07 eff:0.2% logz-ratio=2.62+/-0.04 dlogz:48.932>0.1]
39361it [2:41:33 bound:418 nc:744 ncall:2.0e+07 eff:0.2% logz-ratio=2.75+/-0.05 dlogz:48.756>0.1]
39543it [2:42:49 bound:421 nc:1320 ncall:2.0e+07 eff:0.2% logz-ratio=2.89+/-0.05 dlogz:48.571>0.1]
39732it [2:44:08 bound:424 nc:897 ncall:2.0e+07 eff:0.2% logz-ratio=3.04+/-0.05 dlogz:48.373>0.1]
39917it [2:45:25 bound:427 nc:859 ncall:2.0e+07 eff:0.2% logz-ratio=3.19+/-0.05 dlogz:48.173>0.1]
40101it [2:46:44 bound:430 nc:995 ncall:2.1e+07 eff:0.2% logz-ratio=3.35+/-0.05 dlogz:47.968>0.1]
40287it [2:48:03 bound:433 nc:844 ncall:2.1e+07 eff:0.2% logz-ratio=3.52+/-0.05 dlogz:47.754>0.1]
40474it [2:49:20 bound:436 nc:1143 ncall:2.1e+07 eff:0.2% logz-ratio=3.70+/-0.05 dlogz:52.050>0.1]
40658it [2:50:36 bound:439 nc:1253 ncall:2.1e+07 eff:0.2% logz-ratio=3.88+/-0.05 dlogz:51.827>0.1]
40843it [2:51:56 bound:442 nc:1172 ncall:2.1e+07 eff:0.2% logz-ratio=4.07+/-0.05 dlogz:51.590>0.1]
41025it [2:53:19 bound:445 nc:1153 ncall:2.2e+07 eff:0.2% logz-ratio=4.26+/-0.05 dlogz:51.350>0.1]
41210it [2:54:37 bound:448 nc:724 ncall:2.2e+07 eff:0.2% logz-ratio=4.47+/-0.05 dlogz:51.095>0.1]
41395it [2:56:00 bound:451 nc:1020 ncall:2.2e+07 eff:0.2% logz-ratio=4.69+/-0.05 dlogz:50.831>0.1]
41574it [2:57:23 bound:454 nc:876 ncall:2.2e+07 eff:0.2% logz-ratio=4.91+/-0.05 dlogz:50.566>0.1]
41759it [2:58:43 bound:457 nc:896 ncall:2.2e+07 eff:0.2% logz-ratio=5.15+/-0.05 dlogz:53.871>0.1]
41938it [3:00:04 bound:460 nc:719 ncall:2.2e+07 eff:0.2% logz-ratio=5.39+/-0.05 dlogz:53.589>0.1]
42081it [3:01:40 bound:462 nc:557 ncall:2.3e+07 eff:0.2% logz-ratio=5.58+/-0.05 dlogz:53.358>0.1]
42247it [3:03:00 bound:465 nc:1416 ncall:2.3e+07 eff:0.2% logz-ratio=5.81+/-0.05 dlogz:53.091>0.1]
42429it [3:04:20 bound:468 nc:649 ncall:2.3e+07 eff:0.2% logz-ratio=6.06+/-0.05 dlogz:52.802>0.1]
42611it [3:05:43 bound:471 nc:1510 ncall:2.3e+07 eff:0.2% logz-ratio=6.31+/-0.05 dlogz:52.506>0.1]
42790it [3:07:03 bound:474 nc:900 ncall:2.3e+07 eff:0.2% logz-ratio=6.56+/-0.05 dlogz:52.210>0.1]
42962it [3:08:24 bound:477 nc:698 ncall:2.3e+07 eff:0.2% logz-ratio=6.80+/-0.05 dlogz:51.927>0.1]
43143it [3:09:50 bound:480 nc:867 ncall:2.4e+07 eff:0.2% logz-ratio=7.05+/-0.05 dlogz:51.631>0.1]
43328it [3:11:09 bound:483 nc:844 ncall:2.4e+07 eff:0.2% logz-ratio=7.31+/-0.05 dlogz:51.328>0.1]
43512it [3:12:26 bound:486 nc:1126 ncall:2.4e+07 eff:0.2% logz-ratio=7.57+/-0.05 dlogz:51.024>0.1]
43693it [3:13:43 bound:489 nc:958 ncall:2.4e+07 eff:0.2% logz-ratio=7.83+/-0.05 dlogz:50.716>0.1]
43867it [3:15:00 bound:492 nc:1242 ncall:2.4e+07 eff:0.2% logz-ratio=8.09+/-0.05 dlogz:50.413>0.1]
44047it [3:16:23 bound:495 nc:1142 ncall:2.4e+07 eff:0.2% logz-ratio=8.37+/-0.05 dlogz:50.090>0.1]
44230it [3:17:47 bound:498 nc:756 ncall:2.5e+07 eff:0.2% logz-ratio=8.67+/-0.05 dlogz:49.750>0.1]
44414it [3:19:06 bound:501 nc:698 ncall:2.5e+07 eff:0.2% logz-ratio=8.97+/-0.05 dlogz:49.404>0.1]
44596it [3:20:26 bound:504 nc:1243 ncall:2.5e+07 eff:0.2% logz-ratio=9.27+/-0.05 dlogz:49.058>0.1]
44773it [3:21:46 bound:507 nc:1312 ncall:2.5e+07 eff:0.2% logz-ratio=9.56+/-0.05 dlogz:48.722>0.1]
44954it [3:23:05 bound:510 nc:901 ncall:2.5e+07 eff:0.2% logz-ratio=9.86+/-0.05 dlogz:48.385>0.1]
45134it [3:24:20 bound:513 nc:2044 ncall:2.5e+07 eff:0.2% logz-ratio=10.15+/-0.05 dlogz:48.051>0.1]
45310it [3:25:37 bound:516 nc:1105 ncall:2.6e+07 eff:0.2% logz-ratio=10.43+/-0.05 dlogz:47.727>0.1]
45489it [3:26:54 bound:519 nc:1219 ncall:2.6e+07 eff:0.2% logz-ratio=10.72+/-0.05 dlogz:47.386>0.1]
45668it [3:28:14 bound:522 nc:693 ncall:2.6e+07 eff:0.2% logz-ratio=11.03+/-0.05 dlogz:47.036>0.1]
45847it [3:29:38 bound:525 nc:1671 ncall:2.6e+07 eff:0.2% logz-ratio=11.34+/-0.05 dlogz:46.678>0.1]
46018it [3:31:02 bound:528 nc:830 ncall:2.6e+07 eff:0.2% logz-ratio=11.65+/-0.05 dlogz:46.330>0.1]
46195it [3:32:21 bound:531 nc:1417 ncall:2.6e+07 eff:0.2% logz-ratio=11.97+/-0.05 dlogz:45.972>0.1]
46372it [3:33:41 bound:534 nc:1121 ncall:2.7e+07 eff:0.2% logz-ratio=12.28+/-0.05 dlogz:47.326>0.1]
46550it [3:35:05 bound:537 nc:1665 ncall:2.7e+07 eff:0.2% logz-ratio=12.61+/-0.05 dlogz:46.957>0.1]
46733it [3:36:24 bound:540 nc:2454 ncall:2.7e+07 eff:0.2% logz-ratio=12.95+/-0.05 dlogz:46.569>0.1]
46914it [3:37:46 bound:543 nc:1091 ncall:2.7e+07 eff:0.2% logz-ratio=13.29+/-0.05 dlogz:46.190>0.1]
47034it [3:38:49 bound:545 nc:1097 ncall:2.7e+07 eff:0.2% logz-ratio=13.51+/-0.05 dlogz:45.942>0.1]
47209it [3:40:12 bound:548 nc:1413 ncall:2.7e+07 eff:0.2% logz-ratio=13.83+/-0.06 dlogz:45.576>0.1]
47384it [3:41:34 bound:551 nc:1036 ncall:2.8e+07 eff:0.2% logz-ratio=14.16+/-0.06 dlogz:45.202>0.1]
47556it [3:42:58 bound:554 nc:565 ncall:2.8e+07 eff:0.2% logz-ratio=14.48+/-0.06 dlogz:44.840>0.1]
47729it [3:44:20 bound:557 nc:710 ncall:2.8e+07 eff:0.2% logz-ratio=14.81+/-0.06 dlogz:44.469>0.1]
47907it [3:45:42 bound:560 nc:646 ncall:2.8e+07 eff:0.2% logz-ratio=15.14+/-0.06 dlogz:44.094>0.1]
48080it [3:47:11 bound:563 nc:1071 ncall:2.8e+07 eff:0.2% logz-ratio=15.49+/-0.06 dlogz:43.706>0.1]
48259it [3:48:41 bound:566 nc:720 ncall:2.8e+07 eff:0.2% logz-ratio=15.85+/-0.06 dlogz:43.298>0.1]
48440it [3:50:09 bound:569 nc:1041 ncall:2.9e+07 eff:0.2% logz-ratio=16.20+/-0.06 dlogz:42.902>0.1]
48625it [3:51:34 bound:572 nc:1178 ncall:2.9e+07 eff:0.2% logz-ratio=16.56+/-0.06 dlogz:42.499>0.1]
48798it [3:52:54 bound:575 nc:709 ncall:2.9e+07 eff:0.2% logz-ratio=16.90+/-0.06 dlogz:42.123>0.1]
48979it [3:54:14 bound:578 nc:2038 ncall:2.9e+07 eff:0.2% logz-ratio=17.24+/-0.06 dlogz:41.733>0.1]
49155it [3:55:37 bound:581 nc:1108 ncall:2.9e+07 eff:0.2% logz-ratio=17.57+/-0.06 dlogz:41.358>0.1]
49326it [3:57:00 bound:584 nc:1355 ncall:2.9e+07 eff:0.2% logz-ratio=17.90+/-0.06 dlogz:40.990>0.1]
49506it [3:58:16 bound:587 nc:1143 ncall:3.0e+07 eff:0.2% logz-ratio=18.23+/-0.06 dlogz:40.613>0.1]
49677it [3:59:39 bound:590 nc:1590 ncall:3.0e+07 eff:0.2% logz-ratio=18.55+/-0.06 dlogz:40.253>0.1]
49847it [4:00:59 bound:593 nc:763 ncall:3.0e+07 eff:0.2% logz-ratio=18.86+/-0.06 dlogz:39.898>0.1]
49922it [4:02:17 bound:594 nc:557 ncall:3.0e+07 eff:0.2% logz-ratio=19.00+/-0.06 dlogz:39.741>0.1]
50081it [4:03:40 bound:597 nc:1034 ncall:3.0e+07 eff:0.2% logz-ratio=19.29+/-0.06 dlogz:39.418>0.1]
50254it [4:05:04 bound:600 nc:1314 ncall:3.0e+07 eff:0.2% logz-ratio=19.59+/-0.06 dlogz:39.072>0.1]
50425it [4:06:21 bound:603 nc:1339 ncall:3.1e+07 eff:0.2% logz-ratio=19.89+/-0.06 dlogz:38.731>0.1]
50597it [4:07:44 bound:606 nc:551 ncall:3.1e+07 eff:0.2% logz-ratio=20.18+/-0.06 dlogz:38.396>0.1]
50708it [4:08:44 bound:608 nc:984 ncall:3.1e+07 eff:0.2% logz-ratio=20.37+/-0.06 dlogz:38.181>0.1]
50883it [4:10:11 bound:611 nc:934 ncall:3.1e+07 eff:0.2% logz-ratio=20.67+/-0.06 dlogz:38.923>0.1]
51063it [4:11:28 bound:614 nc:1095 ncall:3.1e+07 eff:0.2% logz-ratio=20.98+/-0.06 dlogz:38.570>0.1]
51240it [4:12:55 bound:617 nc:1505 ncall:3.1e+07 eff:0.2% logz-ratio=21.28+/-0.06 dlogz:38.226>0.1]
51411it [4:14:21 bound:620 nc:2174 ncall:3.2e+07 eff:0.2% logz-ratio=21.57+/-0.06 dlogz:37.895>0.1]
51581it [4:15:44 bound:623 nc:1276 ncall:3.2e+07 eff:0.2% logz-ratio=21.85+/-0.06 dlogz:37.570>0.1]
51752it [4:17:10 bound:626 nc:1157 ncall:3.2e+07 eff:0.2% logz-ratio=22.13+/-0.06 dlogz:37.250>0.1]
51867it [4:18:10 bound:628 nc:1429 ncall:3.2e+07 eff:0.2% logz-ratio=22.32+/-0.06 dlogz:37.033>0.1]
52033it [4:19:28 bound:631 nc:1079 ncall:3.2e+07 eff:0.2% logz-ratio=22.60+/-0.06 dlogz:36.718>0.1]
52206it [4:20:45 bound:634 nc:848 ncall:3.2e+07 eff:0.2% logz-ratio=22.88+/-0.06 dlogz:36.388>0.1]
52378it [4:22:07 bound:637 nc:802 ncall:3.3e+07 eff:0.2% logz-ratio=23.18+/-0.06 dlogz:36.051>0.1]
52546it [4:23:27 bound:640 nc:787 ncall:3.3e+07 eff:0.2% logz-ratio=23.47+/-0.06 dlogz:35.716>0.1]
52719it [4:24:43 bound:643 nc:1223 ncall:3.3e+07 eff:0.2% logz-ratio=23.77+/-0.06 dlogz:35.377>0.1]
52893it [4:26:05 bound:646 nc:1734 ncall:3.3e+07 eff:0.2% logz-ratio=24.06+/-0.06 dlogz:35.044>0.1]
53071it [4:27:30 bound:649 nc:938 ncall:3.3e+07 eff:0.2% logz-ratio=24.35+/-0.06 dlogz:34.710>0.1]
53252it [4:29:03 bound:652 nc:583 ncall:3.3e+07 eff:0.2% logz-ratio=24.66+/-0.06 dlogz:34.356>0.1]
53429it [4:30:23 bound:655 nc:1213 ncall:3.4e+07 eff:0.2% logz-ratio=24.98+/-0.06 dlogz:33.994>0.1]
53595it [4:31:46 bound:658 nc:581 ncall:3.4e+07 eff:0.2% logz-ratio=25.28+/-0.06 dlogz:34.318>0.1]
53772it [4:33:08 bound:661 nc:705 ncall:3.4e+07 eff:0.2% logz-ratio=25.58+/-0.06 dlogz:33.969>0.1]
53950it [4:34:32 bound:664 nc:943 ncall:3.4e+07 eff:0.2% logz-ratio=25.89+/-0.06 dlogz:33.624>0.1]
54123it [4:35:58 bound:667 nc:2096 ncall:3.4e+07 eff:0.2% logz-ratio=26.18+/-0.06 dlogz:33.285>0.1]
54292it [4:37:21 bound:670 nc:918 ncall:3.4e+07 eff:0.2% logz-ratio=26.48+/-0.06 dlogz:32.951>0.1]
54464it [4:38:45 bound:673 nc:1370 ncall:3.5e+07 eff:0.2% logz-ratio=26.77+/-0.06 dlogz:32.619>0.1]
54633it [4:40:03 bound:676 nc:1660 ncall:3.5e+07 eff:0.2% logz-ratio=27.04+/-0.06 dlogz:32.301>0.1]
54805it [4:41:27 bound:679 nc:961 ncall:3.5e+07 eff:0.2% logz-ratio=27.32+/-0.06 dlogz:31.980>0.1]
54979it [4:42:49 bound:682 nc:880 ncall:3.5e+07 eff:0.2% logz-ratio=27.60+/-0.06 dlogz:31.654>0.1]
55155it [4:44:11 bound:685 nc:525 ncall:3.5e+07 eff:0.2% logz-ratio=27.88+/-0.06 dlogz:31.339>0.1]
55331it [4:45:35 bound:688 nc:448 ncall:3.6e+07 eff:0.2% logz-ratio=28.14+/-0.06 dlogz:31.028>0.1]
55503it [4:47:01 bound:691 nc:2783 ncall:3.6e+07 eff:0.2% logz-ratio=28.41+/-0.06 dlogz:30.718>0.1]
55674it [4:48:25 bound:694 nc:794 ncall:3.6e+07 eff:0.2% logz-ratio=28.68+/-0.06 dlogz:30.411>0.1]
55838it [4:49:52 bound:697 nc:779 ncall:3.6e+07 eff:0.2% logz-ratio=28.93+/-0.06 dlogz:30.123>0.1]
56013it [4:51:14 bound:700 nc:870 ncall:3.6e+07 eff:0.2% logz-ratio=29.19+/-0.06 dlogz:29.818>0.1]
56175it [4:52:36 bound:703 nc:549 ncall:3.6e+07 eff:0.2% logz-ratio=29.43+/-0.06 dlogz:30.049>0.1]
56347it [4:54:00 bound:706 nc:1817 ncall:3.7e+07 eff:0.2% logz-ratio=29.67+/-0.06 dlogz:29.763>0.1]
56520it [4:55:23 bound:709 nc:761 ncall:3.7e+07 eff:0.2% logz-ratio=29.92+/-0.06 dlogz:29.489>0.1]
56692it [4:56:48 bound:712 nc:841 ncall:3.7e+07 eff:0.2% logz-ratio=30.17+/-0.06 dlogz:29.196>0.1]
56870it [4:58:13 bound:715 nc:864 ncall:3.7e+07 eff:0.2% logz-ratio=30.43+/-0.06 dlogz:28.892>0.1]
57042it [4:59:37 bound:718 nc:823 ncall:3.7e+07 eff:0.2% logz-ratio=30.68+/-0.06 dlogz:28.595>0.1]
57218it [5:01:04 bound:721 nc:2122 ncall:3.8e+07 eff:0.2% logz-ratio=30.95+/-0.06 dlogz:28.285>0.1]
57352it [5:02:55 bound:723 nc:1331 ncall:3.8e+07 eff:0.2% logz-ratio=31.15+/-0.06 dlogz:28.051>0.1]
57506it [5:04:21 bound:726 nc:664 ncall:3.8e+07 eff:0.2% logz-ratio=31.38+/-0.06 dlogz:27.784>0.1]
57614it [5:05:22 bound:728 nc:733 ncall:3.8e+07 eff:0.2% logz-ratio=31.54+/-0.06 dlogz:27.592>0.1]
57784it [5:06:50 bound:731 nc:789 ncall:3.8e+07 eff:0.2% logz-ratio=31.80+/-0.06 dlogz:27.292>0.1]
57957it [5:08:13 bound:734 nc:1576 ncall:3.8e+07 eff:0.2% logz-ratio=32.06+/-0.06 dlogz:26.993>0.1]
58127it [5:09:40 bound:737 nc:1021 ncall:3.9e+07 eff:0.2% logz-ratio=32.31+/-0.06 dlogz:26.703>0.1]
58285it [5:11:03 bound:740 nc:1482 ncall:3.9e+07 eff:0.2% logz-ratio=32.54+/-0.06 dlogz:26.429>0.1]
58458it [5:12:29 bound:743 nc:1176 ncall:3.9e+07 eff:0.2% logz-ratio=32.79+/-0.06 dlogz:26.142>0.1]
58629it [5:13:51 bound:746 nc:3178 ncall:3.9e+07 eff:0.2% logz-ratio=33.03+/-0.06 dlogz:25.860>0.1]
58805it [5:15:14 bound:749 nc:1554 ncall:3.9e+07 eff:0.1% logz-ratio=33.27+/-0.06 dlogz:25.573>0.1]
58972it [5:16:35 bound:752 nc:662 ncall:3.9e+07 eff:0.1% logz-ratio=33.50+/-0.06 dlogz:25.307>0.1]
59142it [5:18:03 bound:755 nc:1130 ncall:4.0e+07 eff:0.1% logz-ratio=33.72+/-0.06 dlogz:25.039>0.1]
59323it [5:19:26 bound:758 nc:1533 ncall:4.0e+07 eff:0.1% logz-ratio=33.96+/-0.06 dlogz:24.760>0.1]
59497it [5:20:49 bound:761 nc:915 ncall:4.0e+07 eff:0.1% logz-ratio=34.18+/-0.06 dlogz:24.498>0.1]
59675it [5:22:10 bound:764 nc:1263 ncall:4.0e+07 eff:0.1% logz-ratio=34.40+/-0.06 dlogz:29.505>0.1]
59795it [5:23:11 bound:766 nc:703 ncall:4.0e+07 eff:0.1% logz-ratio=34.56+/-0.06 dlogz:29.325>0.1]
59916it [5:24:13 bound:768 nc:1476 ncall:4.0e+07 eff:0.1% logz-ratio=34.70+/-0.06 dlogz:29.147>0.1]
60028it [5:25:13 bound:770 nc:1893 ncall:4.1e+07 eff:0.1% logz-ratio=34.84+/-0.06 dlogz:28.984>0.1]
60147it [5:26:20 bound:772 nc:678 ncall:4.1e+07 eff:0.1% logz-ratio=34.98+/-0.06 dlogz:28.814>0.1]
60316it [5:27:49 bound:775 nc:652 ncall:4.1e+07 eff:0.1% logz-ratio=35.19+/-0.06 dlogz:28.565>0.1]
60492it [5:29:15 bound:778 nc:598 ncall:4.1e+07 eff:0.1% logz-ratio=35.41+/-0.06 dlogz:28.304>0.1]
60660it [5:30:42 bound:781 nc:2509 ncall:4.1e+07 eff:0.1% logz-ratio=35.62+/-0.06 dlogz:28.051>0.1]
60839it [5:32:06 bound:784 nc:1757 ncall:4.1e+07 eff:0.1% logz-ratio=35.84+/-0.06 dlogz:27.784>0.1]
61005it [5:33:29 bound:787 nc:329 ncall:4.2e+07 eff:0.1% logz-ratio=36.05+/-0.06 dlogz:27.537>0.1]
61179it [5:34:49 bound:790 nc:722 ncall:4.2e+07 eff:0.1% logz-ratio=36.26+/-0.06 dlogz:28.110>0.1]
61296it [5:35:50 bound:792 nc:1510 ncall:4.2e+07 eff:0.1% logz-ratio=36.40+/-0.06 dlogz:27.940>0.1]
61408it [5:36:51 bound:794 nc:1415 ncall:4.2e+07 eff:0.1% logz-ratio=36.54+/-0.06 dlogz:27.774>0.1]
61579it [5:38:19 bound:797 nc:1009 ncall:4.2e+07 eff:0.1% logz-ratio=36.75+/-0.06 dlogz:27.523>0.1]
61757it [5:39:38 bound:800 nc:1024 ncall:4.2e+07 eff:0.1% logz-ratio=36.97+/-0.06 dlogz:27.260>0.1]
61933it [5:41:06 bound:803 nc:784 ncall:4.3e+07 eff:0.1% logz-ratio=37.18+/-0.06 dlogz:27.007>0.1]
62106it [5:42:32 bound:806 nc:1091 ncall:4.3e+07 eff:0.1% logz-ratio=37.38+/-0.06 dlogz:26.762>0.1]
62285it [5:43:57 bound:809 nc:1694 ncall:4.3e+07 eff:0.1% logz-ratio=37.59+/-0.06 dlogz:26.508>0.1]
62401it [5:44:58 bound:811 nc:2542 ncall:4.3e+07 eff:0.1% logz-ratio=37.73+/-0.06 dlogz:26.346>0.1]
62570it [5:46:27 bound:814 nc:975 ncall:4.3e+07 eff:0.1% logz-ratio=37.92+/-0.06 dlogz:26.114>0.1]
62744it [5:47:55 bound:817 nc:4351 ncall:4.4e+07 eff:0.1% logz-ratio=38.12+/-0.06 dlogz:25.872>0.1]
62921it [5:49:26 bound:820 nc:1114 ncall:4.4e+07 eff:0.1% logz-ratio=38.32+/-0.06 dlogz:25.623>0.1]
63095it [5:50:53 bound:823 nc:1639 ncall:4.4e+07 eff:0.1% logz-ratio=38.52+/-0.06 dlogz:25.382>0.1]
63265it [5:52:21 bound:826 nc:520 ncall:4.4e+07 eff:0.1% logz-ratio=38.71+/-0.06 dlogz:25.149>0.1]
63437it [5:53:46 bound:829 nc:1094 ncall:4.4e+07 eff:0.1% logz-ratio=38.90+/-0.06 dlogz:24.922>0.1]
63616it [5:55:14 bound:832 nc:947 ncall:4.5e+07 eff:0.1% logz-ratio=39.09+/-0.06 dlogz:24.689>0.1]
63785it [5:56:40 bound:835 nc:633 ncall:4.5e+07 eff:0.1% logz-ratio=39.26+/-0.06 dlogz:24.478>0.1]
63965it [5:58:07 bound:838 nc:1050 ncall:4.5e+07 eff:0.1% logz-ratio=39.44+/-0.06 dlogz:24.248>0.1]
64141it [5:59:34 bound:841 nc:2079 ncall:4.5e+07 eff:0.1% logz-ratio=39.63+/-0.06 dlogz:24.022>0.1]
64317it [6:01:03 bound:844 nc:1351 ncall:4.5e+07 eff:0.1% logz-ratio=39.81+/-0.06 dlogz:23.796>0.1]
64496it [6:02:35 bound:847 nc:2961 ncall:4.6e+07 eff:0.1% logz-ratio=39.99+/-0.06 dlogz:23.567>0.1]
64512it [6:03:39 bound:847 nc:412 ncall:4.6e+07 eff:0.1% logz-ratio=40.01+/-0.06 dlogz:23.547>0.1]
64614it [6:04:39 bound:849 nc:934 ncall:4.6e+07 eff:0.1% logz-ratio=40.11+/-0.06 dlogz:23.418>0.1]
64791it [6:06:07 bound:852 nc:930 ncall:4.6e+07 eff:0.1% logz-ratio=40.29+/-0.06 dlogz:23.197>0.1]
64976it [6:07:35 bound:855 nc:1222 ncall:4.6e+07 eff:0.1% logz-ratio=40.47+/-0.06 dlogz:22.971>0.1]
65093it [6:08:36 bound:857 nc:900 ncall:4.6e+07 eff:0.1% logz-ratio=40.59+/-0.06 dlogz:22.828>0.1]
65209it [6:09:36 bound:859 nc:1961 ncall:4.6e+07 eff:0.1% logz-ratio=40.70+/-0.06 dlogz:22.684>0.1]
65328it [6:10:38 bound:861 nc:752 ncall:4.6e+07 eff:0.1% logz-ratio=40.82+/-0.06 dlogz:22.538>0.1]
65442it [6:11:40 bound:863 nc:1092 ncall:4.7e+07 eff:0.1% logz-ratio=40.93+/-0.06 dlogz:22.395>0.1]
65619it [6:13:05 bound:866 nc:927 ncall:4.7e+07 eff:0.1% logz-ratio=41.11+/-0.06 dlogz:22.173>0.1]
65803it [6:14:33 bound:869 nc:551 ncall:4.7e+07 eff:0.1% logz-ratio=41.30+/-0.06 dlogz:21.944>0.1]
65978it [6:15:57 bound:872 nc:1210 ncall:4.7e+07 eff:0.1% logz-ratio=41.47+/-0.06 dlogz:21.725>0.1]
66154it [6:17:23 bound:875 nc:1092 ncall:4.7e+07 eff:0.1% logz-ratio=41.65+/-0.06 dlogz:21.504>0.1]
66326it [6:18:49 bound:878 nc:1304 ncall:4.8e+07 eff:0.1% logz-ratio=41.83+/-0.06 dlogz:21.287>0.1]
66451it [6:19:53 bound:880 nc:1307 ncall:4.8e+07 eff:0.1% logz-ratio=41.95+/-0.06 dlogz:21.130>0.1]
66571it [6:20:58 bound:882 nc:714 ncall:4.8e+07 eff:0.1% logz-ratio=42.07+/-0.06 dlogz:20.983>0.1]
66754it [6:22:24 bound:885 nc:1977 ncall:4.8e+07 eff:0.1% logz-ratio=42.25+/-0.06 dlogz:20.764>0.1]
66933it [6:23:51 bound:888 nc:992 ncall:4.8e+07 eff:0.1% logz-ratio=42.41+/-0.06 dlogz:20.555>0.1]
67052it [6:24:53 bound:890 nc:1161 ncall:4.8e+07 eff:0.1% logz-ratio=42.52+/-0.06 dlogz:20.418>0.1]
67233it [6:26:24 bound:893 nc:1344 ncall:4.9e+07 eff:0.1% logz-ratio=42.68+/-0.06 dlogz:20.211>0.1]
67417it [6:27:51 bound:896 nc:1193 ncall:4.9e+07 eff:0.1% logz-ratio=42.85+/-0.06 dlogz:20.002>0.1]
67598it [6:29:18 bound:899 nc:718 ncall:4.9e+07 eff:0.1% logz-ratio=43.00+/-0.06 dlogz:19.799>0.1]
67783it [6:30:47 bound:902 nc:1418 ncall:4.9e+07 eff:0.1% logz-ratio=43.17+/-0.06 dlogz:19.591>0.1]
67905it [6:31:48 bound:904 nc:927 ncall:4.9e+07 eff:0.1% logz-ratio=43.27+/-0.06 dlogz:19.627>0.1]
68028it [6:32:51 bound:906 nc:967 ncall:4.9e+07 eff:0.1% logz-ratio=43.38+/-0.06 dlogz:19.491>0.1]
68212it [6:34:20 bound:909 nc:964 ncall:5.0e+07 eff:0.1% logz-ratio=43.54+/-0.06 dlogz:19.287>0.1]
68328it [6:35:23 bound:911 nc:1643 ncall:5.0e+07 eff:0.1% logz-ratio=43.63+/-0.06 dlogz:19.162>0.1]
68507it [6:36:53 bound:914 nc:1050 ncall:5.0e+07 eff:0.1% logz-ratio=43.78+/-0.06 dlogz:18.971>0.1]
68686it [6:38:23 bound:917 nc:1583 ncall:5.0e+07 eff:0.1% logz-ratio=43.92+/-0.06 dlogz:18.783>0.1]
68865it [6:39:53 bound:920 nc:1232 ncall:5.0e+07 eff:0.1% logz-ratio=44.06+/-0.06 dlogz:18.601>0.1]
69040it [6:41:16 bound:923 nc:1318 ncall:5.1e+07 eff:0.1% logz-ratio=44.20+/-0.06 dlogz:18.421>0.1]
69221it [6:42:44 bound:926 nc:935 ncall:5.1e+07 eff:0.1% logz-ratio=44.34+/-0.06 dlogz:18.237>0.1]
69342it [6:43:44 bound:928 nc:740 ncall:5.1e+07 eff:0.1% logz-ratio=44.43+/-0.06 dlogz:18.114>0.1]
69520it [6:45:11 bound:931 nc:1221 ncall:5.1e+07 eff:0.1% logz-ratio=44.57+/-0.06 dlogz:17.933>0.1]
69700it [6:46:40 bound:934 nc:1512 ncall:5.1e+07 eff:0.1% logz-ratio=44.71+/-0.06 dlogz:17.748>0.1]
69876it [6:48:09 bound:937 nc:1789 ncall:5.2e+07 eff:0.1% logz-ratio=44.85+/-0.06 dlogz:17.570>0.1]
70057it [6:49:38 bound:940 nc:788 ncall:5.2e+07 eff:0.1% logz-ratio=44.98+/-0.06 dlogz:17.391>0.1]
70176it [6:50:40 bound:942 nc:1122 ncall:5.2e+07 eff:0.1% logz-ratio=45.07+/-0.06 dlogz:17.274>0.1]
70293it [6:51:42 bound:944 nc:1117 ncall:5.2e+07 eff:0.1% logz-ratio=45.16+/-0.06 dlogz:17.158>0.1]
70410it [6:52:42 bound:946 nc:1313 ncall:5.2e+07 eff:0.1% logz-ratio=45.25+/-0.06 dlogz:17.042>0.1]
70533it [6:53:44 bound:948 nc:986 ncall:5.2e+07 eff:0.1% logz-ratio=45.34+/-0.06 dlogz:16.922>0.1]
70650it [6:54:44 bound:950 nc:950 ncall:5.3e+07 eff:0.1% logz-ratio=45.42+/-0.06 dlogz:16.807>0.1]
70770it [6:55:48 bound:952 nc:683 ncall:5.3e+07 eff:0.1% logz-ratio=45.51+/-0.06 dlogz:16.690>0.1]
70950it [6:57:19 bound:955 nc:718 ncall:5.3e+07 eff:0.1% logz-ratio=45.64+/-0.06 dlogz:16.515>0.1]
71073it [6:58:23 bound:957 nc:1197 ncall:5.3e+07 eff:0.1% logz-ratio=45.73+/-0.06 dlogz:16.395>0.1]
71196it [6:59:25 bound:959 nc:549 ncall:5.3e+07 eff:0.1% logz-ratio=45.82+/-0.06 dlogz:16.275>0.1]
71319it [7:00:27 bound:961 nc:1136 ncall:5.3e+07 eff:0.1% logz-ratio=45.91+/-0.06 dlogz:16.157>0.1]
71436it [7:01:30 bound:963 nc:789 ncall:5.3e+07 eff:0.1% logz-ratio=45.99+/-0.06 dlogz:16.046>0.1]
71560it [7:02:34 bound:965 nc:998 ncall:5.4e+07 eff:0.1% logz-ratio=46.08+/-0.06 dlogz:15.997>0.1]
71636it [7:04:13 bound:966 nc:846 ncall:5.4e+07 eff:0.1% logz-ratio=46.13+/-0.06 dlogz:15.927>0.1]
71739it [7:05:13 bound:968 nc:2367 ncall:5.4e+07 eff:0.1% logz-ratio=46.20+/-0.06 dlogz:15.833>0.1]
71863it [7:06:13 bound:970 nc:1440 ncall:5.4e+07 eff:0.1% logz-ratio=46.28+/-0.07 dlogz:15.720>0.1]
71984it [7:07:15 bound:972 nc:1411 ncall:5.4e+07 eff:0.1% logz-ratio=46.36+/-0.07 dlogz:15.610>0.1]
72105it [7:08:18 bound:974 nc:949 ncall:5.4e+07 eff:0.1% logz-ratio=46.44+/-0.07 dlogz:15.500>0.1]
72229it [7:09:20 bound:976 nc:650 ncall:5.4e+07 eff:0.1% logz-ratio=46.52+/-0.07 dlogz:15.387>0.1]
72344it [7:10:25 bound:978 nc:1317 ncall:5.5e+07 eff:0.1% logz-ratio=46.60+/-0.07 dlogz:15.282>0.1]
72468it [7:11:25 bound:980 nc:2221 ncall:5.5e+07 eff:0.1% logz-ratio=46.68+/-0.07 dlogz:15.170>0.1]
72650it [7:12:55 bound:983 nc:1504 ncall:5.5e+07 eff:0.1% logz-ratio=46.80+/-0.07 dlogz:15.007>0.1]
72766it [7:13:58 bound:985 nc:1167 ncall:5.5e+07 eff:0.1% logz-ratio=46.88+/-0.07 dlogz:14.904>0.1]
72884it [7:15:02 bound:987 nc:776 ncall:5.5e+07 eff:0.1% logz-ratio=46.95+/-0.07 dlogz:14.798>0.1]
73007it [7:16:04 bound:989 nc:1511 ncall:5.5e+07 eff:0.1% logz-ratio=47.03+/-0.07 dlogz:14.686>0.1]
73193it [7:17:34 bound:992 nc:1277 ncall:5.6e+07 eff:0.1% logz-ratio=47.16+/-0.07 dlogz:14.518>0.1]
73317it [7:18:34 bound:994 nc:1199 ncall:5.6e+07 eff:0.1% logz-ratio=47.24+/-0.07 dlogz:14.407>0.1]
73438it [7:19:35 bound:996 nc:1292 ncall:5.6e+07 eff:0.1% logz-ratio=47.32+/-0.07 dlogz:14.299>0.1]
73561it [7:20:41 bound:998 nc:1300 ncall:5.6e+07 eff:0.1% logz-ratio=47.40+/-0.07 dlogz:14.986>0.1]
73682it [7:21:43 bound:1000 nc:972 ncall:5.6e+07 eff:0.1% logz-ratio=47.47+/-0.07 dlogz:14.880>0.1]
73803it [7:22:46 bound:1002 nc:1240 ncall:5.6e+07 eff:0.1% logz-ratio=47.55+/-0.07 dlogz:14.776>0.1]
73927it [7:23:46 bound:1004 nc:1336 ncall:5.6e+07 eff:0.1% logz-ratio=47.62+/-0.07 dlogz:14.670>0.1]
74051it [7:24:47 bound:1006 nc:1578 ncall:5.7e+07 eff:0.1% logz-ratio=47.70+/-0.07 dlogz:14.565>0.1]
74173it [7:25:53 bound:1008 nc:1430 ncall:5.7e+07 eff:0.1% logz-ratio=47.77+/-0.07 dlogz:14.462>0.1]
74291it [7:26:56 bound:1010 nc:805 ncall:5.7e+07 eff:0.1% logz-ratio=47.84+/-0.07 dlogz:14.363>0.1]
74407it [7:27:57 bound:1012 nc:749 ncall:5.7e+07 eff:0.1% logz-ratio=47.91+/-0.07 dlogz:14.266>0.1]
74525it [7:29:00 bound:1014 nc:3030 ncall:5.7e+07 eff:0.1% logz-ratio=47.98+/-0.07 dlogz:14.167>0.1]
74647it [7:30:05 bound:1016 nc:1692 ncall:5.7e+07 eff:0.1% logz-ratio=48.05+/-0.07 dlogz:14.066>0.1]
74829it [7:31:37 bound:1019 nc:1077 ncall:5.7e+07 eff:0.1% logz-ratio=48.16+/-0.07 dlogz:13.912>0.1]
75007it [7:33:06 bound:1022 nc:1076 ncall:5.8e+07 eff:0.1% logz-ratio=48.27+/-0.07 dlogz:13.762>0.1]
75194it [7:34:32 bound:1025 nc:768 ncall:5.8e+07 eff:0.1% logz-ratio=48.38+/-0.07 dlogz:13.606>0.1]
75315it [7:35:33 bound:1027 nc:996 ncall:5.8e+07 eff:0.1% logz-ratio=48.45+/-0.07 dlogz:13.506>0.1]
75436it [7:36:39 bound:1029 nc:1909 ncall:5.8e+07 eff:0.1% logz-ratio=48.52+/-0.07 dlogz:13.407>0.1]
75613it [7:38:05 bound:1032 nc:1300 ncall:5.8e+07 eff:0.1% logz-ratio=48.62+/-0.07 dlogz:13.264>0.1]
75737it [7:39:06 bound:1034 nc:1695 ncall:5.9e+07 eff:0.1% logz-ratio=48.69+/-0.07 dlogz:13.165>0.1]
75858it [7:40:10 bound:1036 nc:1260 ncall:5.9e+07 eff:0.1% logz-ratio=48.75+/-0.07 dlogz:13.068>0.1]
75980it [7:41:16 bound:1038 nc:570 ncall:5.9e+07 eff:0.1% logz-ratio=48.82+/-0.07 dlogz:12.971>0.1]
76097it [7:42:19 bound:1040 nc:935 ncall:5.9e+07 eff:0.1% logz-ratio=48.88+/-0.07 dlogz:12.879>0.1]
76219it [7:43:19 bound:1042 nc:2840 ncall:5.9e+07 eff:0.1% logz-ratio=48.95+/-0.07 dlogz:12.784>0.1]
76398it [7:44:53 bound:1045 nc:1051 ncall:5.9e+07 eff:0.1% logz-ratio=49.04+/-0.07 dlogz:12.645>0.1]
76521it [7:45:57 bound:1047 nc:954 ncall:6.0e+07 eff:0.1% logz-ratio=49.11+/-0.07 dlogz:13.137>0.1]
76645it [7:47:01 bound:1049 nc:1118 ncall:6.0e+07 eff:0.1% logz-ratio=49.17+/-0.07 dlogz:13.041>0.1]
76765it [7:48:03 bound:1051 nc:1311 ncall:6.0e+07 eff:0.1% logz-ratio=49.24+/-0.07 dlogz:12.950>0.1]
76944it [7:49:32 bound:1054 nc:1464 ncall:6.0e+07 eff:0.1% logz-ratio=49.33+/-0.07 dlogz:13.171>0.1]
77067it [7:50:36 bound:1056 nc:1063 ncall:6.0e+07 eff:0.1% logz-ratio=49.39+/-0.07 dlogz:13.076>0.1]
77188it [7:51:43 bound:1058 nc:1675 ncall:6.0e+07 eff:0.1% logz-ratio=49.46+/-0.07 dlogz:12.983>0.1]
77311it [7:52:49 bound:1060 nc:2613 ncall:6.0e+07 eff:0.1% logz-ratio=49.52+/-0.07 dlogz:12.889>0.1]
77432it [7:53:52 bound:1062 nc:1055 ncall:6.1e+07 eff:0.1% logz-ratio=49.59+/-0.07 dlogz:12.930>0.1]
77614it [7:55:20 bound:1065 nc:1404 ncall:6.1e+07 eff:0.1% logz-ratio=49.68+/-0.07 dlogz:12.790>0.1]
77737it [7:56:21 bound:1067 nc:738 ncall:6.1e+07 eff:0.1% logz-ratio=49.75+/-0.07 dlogz:12.695>0.1]
77856it [7:57:25 bound:1069 nc:1150 ncall:6.1e+07 eff:0.1% logz-ratio=49.81+/-0.07 dlogz:12.605>0.1]
77979it [7:58:25 bound:1071 nc:1117 ncall:6.1e+07 eff:0.1% logz-ratio=49.87+/-0.07 dlogz:12.511>0.1]
78101it [7:59:29 bound:1073 nc:1097 ncall:6.1e+07 eff:0.1% logz-ratio=49.93+/-0.07 dlogz:12.418>0.1]
78225it [8:00:31 bound:1075 nc:1416 ncall:6.2e+07 eff:0.1% logz-ratio=50.00+/-0.07 dlogz:12.325>0.1]
78346it [8:01:35 bound:1077 nc:940 ncall:6.2e+07 eff:0.1% logz-ratio=50.06+/-0.07 dlogz:12.234>0.1]
78469it [8:02:37 bound:1079 nc:2497 ncall:6.2e+07 eff:0.1% logz-ratio=50.12+/-0.07 dlogz:12.143>0.1]
78591it [8:03:43 bound:1081 nc:2544 ncall:6.2e+07 eff:0.1% logz-ratio=50.18+/-0.07 dlogz:12.052>0.1]
78595it [8:04:59 bound:1081 nc:1072 ncall:6.2e+07 eff:0.1% logz-ratio=50.18+/-0.07 dlogz:12.049>0.1]
78713it [8:06:05 bound:1083 nc:1234 ncall:6.2e+07 eff:0.1% logz-ratio=50.24+/-0.07 dlogz:11.960>0.1]
78838it [8:07:06 bound:1085 nc:1112 ncall:6.2e+07 eff:0.1% logz-ratio=50.31+/-0.07 dlogz:11.866>0.1]
78959it [8:08:11 bound:1087 nc:1560 ncall:6.3e+07 eff:0.1% logz-ratio=50.37+/-0.07 dlogz:11.776>0.1]
79083it [8:09:17 bound:1089 nc:915 ncall:6.3e+07 eff:0.1% logz-ratio=50.43+/-0.07 dlogz:12.839>0.1]
79202it [8:10:22 bound:1091 nc:1676 ncall:6.3e+07 eff:0.1% logz-ratio=50.49+/-0.07 dlogz:12.751>0.1]
79323it [8:11:26 bound:1093 nc:1142 ncall:6.3e+07 eff:0.1% logz-ratio=50.55+/-0.07 dlogz:12.662>0.1]
79448it [8:12:31 bound:1095 nc:1226 ncall:6.3e+07 eff:0.1% logz-ratio=50.61+/-0.07 dlogz:12.572>0.1]
79570it [8:13:32 bound:1097 nc:1105 ncall:6.3e+07 eff:0.1% logz-ratio=50.67+/-0.07 dlogz:12.484>0.1]
79690it [8:14:36 bound:1099 nc:1095 ncall:6.3e+07 eff:0.1% logz-ratio=50.72+/-0.07 dlogz:12.398>0.1]
79815it [8:15:41 bound:1101 nc:768 ncall:6.4e+07 eff:0.1% logz-ratio=50.78+/-0.07 dlogz:12.308>0.1]
79937it [8:16:45 bound:1103 nc:924 ncall:6.4e+07 eff:0.1% logz-ratio=50.84+/-0.07 dlogz:12.222>0.1]
80062it [8:17:45 bound:1105 nc:826 ncall:6.4e+07 eff:0.1% logz-ratio=50.90+/-0.07 dlogz:12.133>0.1]
80186it [8:18:50 bound:1107 nc:1513 ncall:6.4e+07 eff:0.1% logz-ratio=50.95+/-0.07 dlogz:12.045>0.1]
80308it [8:19:55 bound:1109 nc:1041 ncall:6.4e+07 eff:0.1% logz-ratio=51.01+/-0.07 dlogz:11.959>0.1]
80429it [8:21:02 bound:1111 nc:1867 ncall:6.4e+07 eff:0.1% logz-ratio=51.07+/-0.07 dlogz:11.873>0.1]
80550it [8:22:05 bound:1113 nc:1427 ncall:6.5e+07 eff:0.1% logz-ratio=51.12+/-0.07 dlogz:11.787>0.1]
80672it [8:23:12 bound:1115 nc:1305 ncall:6.5e+07 eff:0.1% logz-ratio=51.18+/-0.07 dlogz:11.700>0.1]
80794it [8:24:15 bound:1117 nc:759 ncall:6.5e+07 eff:0.1% logz-ratio=51.24+/-0.07 dlogz:11.613>0.1]
80913it [8:25:20 bound:1119 nc:1415 ncall:6.5e+07 eff:0.1% logz-ratio=51.29+/-0.07 dlogz:11.528>0.1]
81036it [8:26:26 bound:1121 nc:1299 ncall:6.5e+07 eff:0.1% logz-ratio=51.35+/-0.07 dlogz:11.442>0.1]
81160it [8:27:30 bound:1123 nc:682 ncall:6.5e+07 eff:0.1% logz-ratio=51.40+/-0.07 dlogz:11.356>0.1]
81280it [8:28:35 bound:1125 nc:2704 ncall:6.6e+07 eff:0.1% logz-ratio=51.46+/-0.07 dlogz:11.273>0.1]
81404it [8:29:43 bound:1127 nc:1382 ncall:6.6e+07 eff:0.1% logz-ratio=51.51+/-0.07 dlogz:11.188>0.1]
81528it [8:30:47 bound:1129 nc:1092 ncall:6.6e+07 eff:0.1% logz-ratio=51.57+/-0.07 dlogz:11.103>0.1]
81651it [8:31:56 bound:1131 nc:1718 ncall:6.6e+07 eff:0.1% logz-ratio=51.62+/-0.07 dlogz:11.020>0.1]
81772it [8:33:03 bound:1133 nc:1384 ncall:6.6e+07 eff:0.1% logz-ratio=51.67+/-0.07 dlogz:10.938>0.1]
81891it [8:34:10 bound:1135 nc:883 ncall:6.6e+07 eff:0.1% logz-ratio=51.73+/-0.07 dlogz:10.857>0.1]
82016it [8:35:15 bound:1137 nc:1249 ncall:6.6e+07 eff:0.1% logz-ratio=51.78+/-0.07 dlogz:10.773>0.1]
82135it [8:36:22 bound:1139 nc:1244 ncall:6.7e+07 eff:0.1% logz-ratio=51.83+/-0.07 dlogz:10.693>0.1]
82256it [8:37:24 bound:1141 nc:1096 ncall:6.7e+07 eff:0.1% logz-ratio=51.88+/-0.07 dlogz:10.613>0.1]
82378it [8:38:31 bound:1143 nc:1189 ncall:6.7e+07 eff:0.1% logz-ratio=51.93+/-0.07 dlogz:10.533>0.1]
82501it [8:39:39 bound:1145 nc:1570 ncall:6.7e+07 eff:0.1% logz-ratio=51.98+/-0.07 dlogz:10.452>0.1]
82622it [8:40:43 bound:1147 nc:1601 ncall:6.7e+07 eff:0.1% logz-ratio=52.03+/-0.07 dlogz:10.374>0.1]
82743it [8:41:49 bound:1149 nc:755 ncall:6.7e+07 eff:0.1% logz-ratio=52.08+/-0.07 dlogz:10.296>0.1]
82864it [8:42:54 bound:1151 nc:611 ncall:6.8e+07 eff:0.1% logz-ratio=52.13+/-0.07 dlogz:10.218>0.1]
82985it [8:43:59 bound:1153 nc:1064 ncall:6.8e+07 eff:0.1% logz-ratio=52.18+/-0.07 dlogz:10.140>0.1]
83109it [8:45:04 bound:1155 nc:1112 ncall:6.8e+07 eff:0.1% logz-ratio=52.23+/-0.07 dlogz:10.060>0.1]
83231it [8:46:07 bound:1157 nc:2303 ncall:6.8e+07 eff:0.1% logz-ratio=52.27+/-0.07 dlogz:9.982>0.1]
83355it [8:47:16 bound:1159 nc:1477 ncall:6.8e+07 eff:0.1% logz-ratio=52.32+/-0.07 dlogz:9.903>0.1]
83473it [8:48:24 bound:1161 nc:1188 ncall:6.8e+07 eff:0.1% logz-ratio=52.37+/-0.07 dlogz:9.828>0.1]
83592it [8:49:30 bound:1163 nc:1336 ncall:6.9e+07 eff:0.1% logz-ratio=52.41+/-0.07 dlogz:9.753>0.1]
83713it [8:50:39 bound:1165 nc:1135 ncall:6.9e+07 eff:0.1% logz-ratio=52.46+/-0.07 dlogz:9.677>0.1]
83838it [8:51:46 bound:1167 nc:1272 ncall:6.9e+07 eff:0.1% logz-ratio=52.51+/-0.07 dlogz:9.598>0.1]
83959it [8:52:52 bound:1169 nc:1544 ncall:6.9e+07 eff:0.1% logz-ratio=52.55+/-0.07 dlogz:9.523>0.1]
84080it [8:54:02 bound:1171 nc:1817 ncall:6.9e+07 eff:0.1% logz-ratio=52.60+/-0.07 dlogz:9.449>0.1]
84200it [8:55:11 bound:1173 nc:1498 ncall:6.9e+07 eff:0.1% logz-ratio=52.64+/-0.07 dlogz:9.376>0.1]
84323it [8:56:21 bound:1175 nc:1724 ncall:6.9e+07 eff:0.1% logz-ratio=52.69+/-0.07 dlogz:9.301>0.1]
84445it [8:57:27 bound:1177 nc:1382 ncall:7.0e+07 eff:0.1% logz-ratio=52.73+/-0.07 dlogz:9.226>0.1]
84567it [8:58:36 bound:1179 nc:1175 ncall:7.0e+07 eff:0.1% logz-ratio=52.78+/-0.07 dlogz:9.151>0.1]
84680it [8:59:45 bound:1181 nc:1493 ncall:7.0e+07 eff:0.1% logz-ratio=52.82+/-0.07 dlogz:9.083>0.1]
84804it [9:00:50 bound:1183 nc:1072 ncall:7.0e+07 eff:0.1% logz-ratio=52.86+/-0.07 dlogz:9.007>0.1]
84923it [9:01:57 bound:1185 nc:961 ncall:7.0e+07 eff:0.1% logz-ratio=52.91+/-0.07 dlogz:8.934>0.1]
85040it [9:03:04 bound:1187 nc:1560 ncall:7.0e+07 eff:0.1% logz-ratio=52.95+/-0.07 dlogz:8.864>0.1]
85159it [9:04:14 bound:1189 nc:1233 ncall:7.1e+07 eff:0.1% logz-ratio=52.99+/-0.07 dlogz:8.792>0.1]
85220it [9:06:08 bound:1190 nc:933 ncall:7.1e+07 eff:0.1% logz-ratio=53.01+/-0.07 dlogz:8.756>0.1]
85337it [9:07:15 bound:1192 nc:1849 ncall:7.1e+07 eff:0.1% logz-ratio=53.06+/-0.07 dlogz:8.686>0.1]
85455it [9:08:24 bound:1194 nc:1320 ncall:7.1e+07 eff:0.1% logz-ratio=53.10+/-0.07 dlogz:8.616>0.1]
85577it [9:09:34 bound:1196 nc:1632 ncall:7.1e+07 eff:0.1% logz-ratio=53.14+/-0.07 dlogz:8.544>0.1]
85697it [9:10:44 bound:1198 nc:2219 ncall:7.1e+07 eff:0.1% logz-ratio=53.18+/-0.07 dlogz:8.502>0.1]
85813it [9:11:52 bound:1200 nc:1430 ncall:7.2e+07 eff:0.1% logz-ratio=53.22+/-0.07 dlogz:8.434>0.1]
85932it [9:13:00 bound:1202 nc:848 ncall:7.2e+07 eff:0.1% logz-ratio=53.26+/-0.07 dlogz:8.365>0.1]
86047it [9:14:05 bound:1204 nc:1463 ncall:7.2e+07 eff:0.1% logz-ratio=53.30+/-0.07 dlogz:8.298>0.1]
86168it [9:15:16 bound:1206 nc:1316 ncall:7.2e+07 eff:0.1% logz-ratio=53.34+/-0.07 dlogz:8.228>0.1]
86289it [9:16:23 bound:1208 nc:1118 ncall:7.2e+07 eff:0.1% logz-ratio=53.38+/-0.07 dlogz:8.320>0.1]
86414it [9:17:32 bound:1210 nc:1346 ncall:7.2e+07 eff:0.1% logz-ratio=53.42+/-0.07 dlogz:8.248>0.1]
86533it [9:18:42 bound:1212 nc:1506 ncall:7.3e+07 eff:0.1% logz-ratio=53.46+/-0.07 dlogz:8.180>0.1]
86654it [9:19:49 bound:1214 nc:1200 ncall:7.3e+07 eff:0.1% logz-ratio=53.50+/-0.07 dlogz:8.112>0.1]
86777it [9:20:53 bound:1216 nc:1585 ncall:7.3e+07 eff:0.1% logz-ratio=53.54+/-0.07 dlogz:8.042>0.1]
86895it [9:22:04 bound:1218 nc:1850 ncall:7.3e+07 eff:0.1% logz-ratio=53.58+/-0.07 dlogz:7.976>0.1]
87013it [9:23:12 bound:1220 nc:1061 ncall:7.3e+07 eff:0.1% logz-ratio=53.61+/-0.07 dlogz:7.910>0.1]
87131it [9:24:21 bound:1222 nc:1344 ncall:7.3e+07 eff:0.1% logz-ratio=53.65+/-0.07 dlogz:7.845>0.1]
87251it [9:25:27 bound:1224 nc:1114 ncall:7.4e+07 eff:0.1% logz-ratio=53.69+/-0.07 dlogz:7.779>0.1]
87373it [9:26:36 bound:1226 nc:1365 ncall:7.4e+07 eff:0.1% logz-ratio=53.72+/-0.07 dlogz:7.712>0.1]
87492it [9:27:46 bound:1228 nc:717 ncall:7.4e+07 eff:0.1% logz-ratio=53.76+/-0.07 dlogz:7.646>0.1]
87613it [9:28:58 bound:1230 nc:1344 ncall:7.4e+07 eff:0.1% logz-ratio=53.80+/-0.07 dlogz:7.580>0.1]
87732it [9:30:09 bound:1232 nc:1188 ncall:7.4e+07 eff:0.1% logz-ratio=53.83+/-0.07 dlogz:7.515>0.1]
87849it [9:31:15 bound:1234 nc:1283 ncall:7.4e+07 eff:0.1% logz-ratio=53.87+/-0.07 dlogz:7.452>0.1]
87965it [9:32:24 bound:1236 nc:1555 ncall:7.5e+07 eff:0.1% logz-ratio=53.90+/-0.07 dlogz:7.389>0.1]
88082it [9:33:35 bound:1238 nc:1944 ncall:7.5e+07 eff:0.1% logz-ratio=53.94+/-0.07 dlogz:7.326>0.1]
88198it [9:34:42 bound:1240 nc:1338 ncall:7.5e+07 eff:0.1% logz-ratio=53.97+/-0.07 dlogz:7.264>0.1]
88318it [9:35:52 bound:1242 nc:1113 ncall:7.5e+07 eff:0.1% logz-ratio=54.00+/-0.07 dlogz:7.199>0.1]
88434it [9:36:59 bound:1244 nc:1693 ncall:7.5e+07 eff:0.1% logz-ratio=54.04+/-0.07 dlogz:7.137>0.1]
88553it [9:38:11 bound:1246 nc:1338 ncall:7.5e+07 eff:0.1% logz-ratio=54.07+/-0.07 dlogz:7.074>0.1]
88667it [9:39:20 bound:1248 nc:1937 ncall:7.6e+07 eff:0.1% logz-ratio=54.11+/-0.07 dlogz:7.013>0.1]
88785it [9:40:29 bound:1250 nc:2129 ncall:7.6e+07 eff:0.1% logz-ratio=54.14+/-0.07 dlogz:6.950>0.1]
88907it [9:41:40 bound:1252 nc:1611 ncall:7.6e+07 eff:0.1% logz-ratio=54.18+/-0.07 dlogz:6.886>0.1]
89022it [9:42:48 bound:1254 nc:2907 ncall:7.6e+07 eff:0.1% logz-ratio=54.21+/-0.07 dlogz:7.310>0.1]
89138it [9:44:05 bound:1256 nc:3276 ncall:7.6e+07 eff:0.1% logz-ratio=54.24+/-0.07 dlogz:7.249>0.1]
89260it [9:45:15 bound:1258 nc:1737 ncall:7.6e+07 eff:0.1% logz-ratio=54.27+/-0.07 dlogz:7.186>0.1]
89377it [9:46:27 bound:1260 nc:684 ncall:7.7e+07 eff:0.1% logz-ratio=54.30+/-0.07 dlogz:7.126>0.1]
89498it [9:47:36 bound:1262 nc:686 ncall:7.7e+07 eff:0.1% logz-ratio=54.34+/-0.07 dlogz:7.064>0.1]
89616it [9:48:44 bound:1264 nc:1083 ncall:7.7e+07 eff:0.1% logz-ratio=54.37+/-0.07 dlogz:7.004>0.1]
89738it [9:49:54 bound:1266 nc:1576 ncall:7.7e+07 eff:0.1% logz-ratio=54.40+/-0.07 dlogz:6.942>0.1]
89855it [9:51:05 bound:1268 nc:1213 ncall:7.7e+07 eff:0.1% logz-ratio=54.43+/-0.07 dlogz:6.883>0.1]
89973it [9:52:15 bound:1270 nc:1218 ncall:7.7e+07 eff:0.1% logz-ratio=54.46+/-0.07 dlogz:6.823>0.1]
90095it [9:53:28 bound:1272 nc:1369 ncall:7.8e+07 eff:0.1% logz-ratio=54.49+/-0.07 dlogz:6.761>0.1]
90213it [9:54:41 bound:1274 nc:576 ncall:7.8e+07 eff:0.1% logz-ratio=54.52+/-0.07 dlogz:6.706>0.1]
90330it [9:55:55 bound:1276 nc:1543 ncall:7.8e+07 eff:0.1% logz-ratio=54.55+/-0.07 dlogz:6.648>0.1]
90448it [9:57:03 bound:1278 nc:1417 ncall:7.8e+07 eff:0.1% logz-ratio=54.58+/-0.07 dlogz:6.589>0.1]
90566it [9:58:12 bound:1280 nc:1341 ncall:7.8e+07 eff:0.1% logz-ratio=54.61+/-0.07 dlogz:6.530>0.1]
90688it [9:59:24 bound:1282 nc:880 ncall:7.8e+07 eff:0.1% logz-ratio=54.65+/-0.07 dlogz:6.470>0.1]
90807it [10:00:36 bound:1284 nc:3784 ncall:7.9e+07 eff:0.1% logz-ratio=54.68+/-0.07 dlogz:6.411>0.1]
90928it [10:01:52 bound:1286 nc:1737 ncall:7.9e+07 eff:0.1% logz-ratio=54.71+/-0.07 dlogz:6.351>0.1]
91050it [10:03:05 bound:1288 nc:1289 ncall:7.9e+07 eff:0.1% logz-ratio=54.74+/-0.07 dlogz:6.292>0.1]
91175it [10:04:20 bound:1290 nc:1293 ncall:7.9e+07 eff:0.1% logz-ratio=54.77+/-0.07 dlogz:6.231>0.1]
91290it [10:05:32 bound:1292 nc:1392 ncall:7.9e+07 eff:0.1% logz-ratio=54.79+/-0.07 dlogz:6.176>0.1]
91306it [10:06:59 bound:1292 nc:3035 ncall:7.9e+07 eff:0.1% logz-ratio=54.80+/-0.07 dlogz:6.168>0.1]
91409it [10:08:09 bound:1294 nc:1498 ncall:8.0e+07 eff:0.1% logz-ratio=54.82+/-0.07 dlogz:6.118>0.1]
91533it [10:09:22 bound:1296 nc:1603 ncall:8.0e+07 eff:0.1% logz-ratio=54.85+/-0.07 dlogz:6.059>0.1]
91652it [10:10:35 bound:1298 nc:1134 ncall:8.0e+07 eff:0.1% logz-ratio=54.88+/-0.07 dlogz:6.002>0.1]
91765it [10:11:48 bound:1300 nc:1646 ncall:8.0e+07 eff:0.1% logz-ratio=54.91+/-0.07 dlogz:5.948>0.1]
91882it [10:13:03 bound:1302 nc:2205 ncall:8.0e+07 eff:0.1% logz-ratio=54.93+/-0.07 dlogz:5.893>0.1]
92002it [10:14:16 bound:1304 nc:1492 ncall:8.0e+07 eff:0.1% logz-ratio=54.96+/-0.07 dlogz:6.037>0.1]
92122it [10:15:30 bound:1306 nc:1215 ncall:8.1e+07 eff:0.1% logz-ratio=54.99+/-0.07 dlogz:5.980>0.1]
92235it [10:16:43 bound:1308 nc:1440 ncall:8.1e+07 eff:0.1% logz-ratio=55.01+/-0.07 dlogz:5.927>0.1]
92355it [10:17:57 bound:1310 nc:1403 ncall:8.1e+07 eff:0.1% logz-ratio=55.04+/-0.07 dlogz:5.871>0.1]
92472it [10:19:08 bound:1312 nc:1239 ncall:8.1e+07 eff:0.1% logz-ratio=55.07+/-0.07 dlogz:5.817>0.1]
92596it [10:20:20 bound:1314 nc:1237 ncall:8.1e+07 eff:0.1% logz-ratio=55.09+/-0.07 dlogz:5.759>0.1]
92720it [10:21:32 bound:1316 nc:1516 ncall:8.1e+07 eff:0.1% logz-ratio=55.12+/-0.07 dlogz:5.702>0.1]
92835it [10:22:45 bound:1318 nc:2003 ncall:8.2e+07 eff:0.1% logz-ratio=55.15+/-0.07 dlogz:5.649>0.1]
92951it [10:23:59 bound:1320 nc:1904 ncall:8.2e+07 eff:0.1% logz-ratio=55.17+/-0.07 dlogz:5.596>0.1]
93069it [10:25:11 bound:1322 nc:1367 ncall:8.2e+07 eff:0.1% logz-ratio=55.20+/-0.07 dlogz:5.541>0.1]
93186it [10:26:26 bound:1324 nc:1483 ncall:8.2e+07 eff:0.1% logz-ratio=55.22+/-0.07 dlogz:5.488>0.1]
93304it [10:27:41 bound:1326 nc:1314 ncall:8.2e+07 eff:0.1% logz-ratio=55.25+/-0.07 dlogz:5.434>0.1]
93422it [10:28:53 bound:1328 nc:1652 ncall:8.3e+07 eff:0.1% logz-ratio=55.27+/-0.07 dlogz:5.381>0.1]
93542it [10:30:04 bound:1330 nc:885 ncall:8.3e+07 eff:0.1% logz-ratio=55.30+/-0.07 dlogz:5.327>0.1]
93657it [10:31:19 bound:1332 nc:1858 ncall:8.3e+07 eff:0.1% logz-ratio=55.32+/-0.07 dlogz:5.275>0.1]
93774it [10:32:36 bound:1334 nc:994 ncall:8.3e+07 eff:0.1% logz-ratio=55.34+/-0.07 dlogz:5.223>0.1]
93892it [10:33:47 bound:1336 nc:1548 ncall:8.3e+07 eff:0.1% logz-ratio=55.37+/-0.07 dlogz:5.171>0.1]
94011it [10:35:01 bound:1338 nc:2927 ncall:8.3e+07 eff:0.1% logz-ratio=55.39+/-0.07 dlogz:5.118>0.1]
94129it [10:36:16 bound:1340 nc:1583 ncall:8.4e+07 eff:0.1% logz-ratio=55.42+/-0.07 dlogz:5.066>0.1]
94254it [10:37:29 bound:1342 nc:1457 ncall:8.4e+07 eff:0.1% logz-ratio=55.44+/-0.07 dlogz:5.011>0.1]
94374it [10:38:46 bound:1344 nc:1854 ncall:8.4e+07 eff:0.1% logz-ratio=55.46+/-0.07 dlogz:4.959>0.1]
94494it [10:39:57 bound:1346 nc:1462 ncall:8.4e+07 eff:0.1% logz-ratio=55.49+/-0.07 dlogz:4.906>0.1]
94610it [10:41:07 bound:1348 nc:820 ncall:8.4e+07 eff:0.1% logz-ratio=55.51+/-0.07 dlogz:4.856>0.1]
94730it [10:42:22 bound:1350 nc:1511 ncall:8.5e+07 eff:0.1% logz-ratio=55.53+/-0.07 dlogz:4.805>0.1]
94847it [10:43:34 bound:1352 nc:2075 ncall:8.5e+07 eff:0.1% logz-ratio=55.55+/-0.07 dlogz:4.754>0.1]
94965it [10:44:53 bound:1354 nc:1359 ncall:8.5e+07 eff:0.1% logz-ratio=55.58+/-0.07 dlogz:4.704>0.1]
95088it [10:46:08 bound:1356 nc:3333 ncall:8.5e+07 eff:0.1% logz-ratio=55.60+/-0.07 dlogz:4.652>0.1]
95208it [10:47:24 bound:1358 nc:1814 ncall:8.5e+07 eff:0.1% logz-ratio=55.62+/-0.07 dlogz:4.601>0.1]
95325it [10:48:40 bound:1360 nc:1182 ncall:8.5e+07 eff:0.1% logz-ratio=55.64+/-0.07 dlogz:4.552>0.1]
95443it [10:49:55 bound:1362 nc:1116 ncall:8.6e+07 eff:0.1% logz-ratio=55.66+/-0.07 dlogz:4.502>0.1]
95561it [10:51:09 bound:1364 nc:1638 ncall:8.6e+07 eff:0.1% logz-ratio=55.68+/-0.07 dlogz:4.453>0.1]
95678it [10:52:24 bound:1366 nc:1735 ncall:8.6e+07 eff:0.1% logz-ratio=55.70+/-0.07 dlogz:4.405>0.1]
95800it [10:53:40 bound:1368 nc:2852 ncall:8.6e+07 eff:0.1% logz-ratio=55.73+/-0.07 dlogz:4.354>0.1]
95915it [10:54:58 bound:1370 nc:1050 ncall:8.6e+07 eff:0.1% logz-ratio=55.75+/-0.07 dlogz:4.307>0.1]
96037it [10:56:11 bound:1372 nc:3292 ncall:8.7e+07 eff:0.1% logz-ratio=55.77+/-0.07 dlogz:4.257>0.1]
96154it [10:57:27 bound:1374 nc:1853 ncall:8.7e+07 eff:0.1% logz-ratio=55.79+/-0.07 dlogz:4.210>0.1]
96273it [10:58:41 bound:1376 nc:1699 ncall:8.7e+07 eff:0.1% logz-ratio=55.81+/-0.07 dlogz:4.161>0.1]
96388it [10:59:58 bound:1378 nc:2053 ncall:8.7e+07 eff:0.1% logz-ratio=55.82+/-0.07 dlogz:4.115>0.1]
96504it [11:01:16 bound:1380 nc:889 ncall:8.7e+07 eff:0.1% logz-ratio=55.84+/-0.07 dlogz:4.069>0.1]
96622it [11:02:29 bound:1382 nc:1854 ncall:8.8e+07 eff:0.1% logz-ratio=55.86+/-0.07 dlogz:4.022>0.1]
96742it [11:03:42 bound:1384 nc:1252 ncall:8.8e+07 eff:0.1% logz-ratio=55.88+/-0.07 dlogz:3.974>0.1]
96866it [11:05:00 bound:1386 nc:2182 ncall:8.8e+07 eff:0.1% logz-ratio=55.90+/-0.07 dlogz:3.925>0.1]
96988it [11:06:14 bound:1388 nc:1838 ncall:8.8e+07 eff:0.1% logz-ratio=55.92+/-0.07 dlogz:4.578>0.1]
96999it [11:07:46 bound:1388 nc:1276 ncall:8.8e+07 eff:0.1% logz-ratio=55.92+/-0.07 dlogz:4.574>0.1]
97104it [11:08:59 bound:1390 nc:1337 ncall:8.8e+07 eff:0.1% logz-ratio=55.94+/-0.07 dlogz:4.533>0.1]
97224it [11:10:17 bound:1392 nc:3631 ncall:8.8e+07 eff:0.1% logz-ratio=55.96+/-0.07 dlogz:4.485>0.1]
97344it [11:11:39 bound:1394 nc:1209 ncall:8.9e+07 eff:0.1% logz-ratio=55.97+/-0.07 dlogz:4.438>0.1]
97459it [11:12:58 bound:1396 nc:1408 ncall:8.9e+07 eff:0.1% logz-ratio=55.99+/-0.07 dlogz:4.393>0.1]
97580it [11:14:15 bound:1398 nc:1562 ncall:8.9e+07 eff:0.1% logz-ratio=56.01+/-0.07 dlogz:4.346>0.1]
97700it [11:15:32 bound:1400 nc:1348 ncall:8.9e+07 eff:0.1% logz-ratio=56.03+/-0.07 dlogz:4.300>0.1]
97817it [11:16:47 bound:1402 nc:1883 ncall:8.9e+07 eff:0.1% logz-ratio=56.05+/-0.07 dlogz:4.255>0.1]
97933it [11:18:07 bound:1404 nc:1748 ncall:9.0e+07 eff:0.1% logz-ratio=56.06+/-0.07 dlogz:4.210>0.1]
98053it [11:19:24 bound:1406 nc:1565 ncall:9.0e+07 eff:0.1% logz-ratio=56.08+/-0.07 dlogz:4.164>0.1]
98172it [11:20:40 bound:1408 nc:1687 ncall:9.0e+07 eff:0.1% logz-ratio=56.10+/-0.07 dlogz:4.119>0.1]
98283it [11:21:58 bound:1410 nc:807 ncall:9.0e+07 eff:0.1% logz-ratio=56.11+/-0.07 dlogz:4.077>0.1]
98396it [11:23:13 bound:1412 nc:1149 ncall:9.0e+07 eff:0.1% logz-ratio=56.13+/-0.07 dlogz:4.034>0.1]
98516it [11:24:31 bound:1414 nc:2154 ncall:9.1e+07 eff:0.1% logz-ratio=56.15+/-0.07 dlogz:3.988>0.1]
98636it [11:25:51 bound:1416 nc:1528 ncall:9.1e+07 eff:0.1% logz-ratio=56.16+/-0.07 dlogz:3.943>0.1]
98749it [11:27:10 bound:1418 nc:3348 ncall:9.1e+07 eff:0.1% logz-ratio=56.18+/-0.07 dlogz:3.901>0.1]
98866it [11:28:25 bound:1420 nc:1697 ncall:9.1e+07 eff:0.1% logz-ratio=56.19+/-0.07 dlogz:3.858>0.1]
98987it [11:29:42 bound:1422 nc:733 ncall:9.1e+07 eff:0.1% logz-ratio=56.21+/-0.07 dlogz:3.813>0.1]
99106it [11:30:58 bound:1424 nc:1471 ncall:9.1e+07 eff:0.1% logz-ratio=56.22+/-0.07 dlogz:3.770>0.1]
99217it [11:32:18 bound:1426 nc:1495 ncall:9.2e+07 eff:0.1% logz-ratio=56.24+/-0.07 dlogz:3.729>0.1]
99331it [11:33:32 bound:1428 nc:1089 ncall:9.2e+07 eff:0.1% logz-ratio=56.25+/-0.07 dlogz:3.688>0.1]
99451it [11:34:51 bound:1430 nc:1567 ncall:9.2e+07 eff:0.1% logz-ratio=56.27+/-0.07 dlogz:3.645>0.1]
99570it [11:36:09 bound:1432 nc:1940 ncall:9.2e+07 eff:0.1% logz-ratio=56.28+/-0.07 dlogz:3.602>0.1]
99690it [11:37:25 bound:1434 nc:2236 ncall:9.2e+07 eff:0.1% logz-ratio=56.30+/-0.07 dlogz:3.559>0.1]
99805it [11:38:46 bound:1436 nc:1999 ncall:9.3e+07 eff:0.1% logz-ratio=56.31+/-0.07 dlogz:3.518>0.1]
99922it [11:40:10 bound:1438 nc:1717 ncall:9.3e+07 eff:0.1% logz-ratio=56.33+/-0.07 dlogz:3.476>0.1]
100043it [11:41:33 bound:1440 nc:1662 ncall:9.3e+07 eff:0.1% logz-ratio=56.34+/-0.07 dlogz:3.434>0.1]
100162it [11:42:54 bound:1442 nc:1435 ncall:9.3e+07 eff:0.1% logz-ratio=56.36+/-0.07 dlogz:3.392>0.1]
100280it [11:44:13 bound:1444 nc:1471 ncall:9.3e+07 eff:0.1% logz-ratio=56.37+/-0.07 dlogz:3.351>0.1]
100392it [11:45:31 bound:1446 nc:2128 ncall:9.4e+07 eff:0.1% logz-ratio=56.38+/-0.07 dlogz:3.312>0.1]
100511it [11:46:55 bound:1448 nc:1317 ncall:9.4e+07 eff:0.1% logz-ratio=56.40+/-0.07 dlogz:3.271>0.1]
100629it [11:48:21 bound:1450 nc:2050 ncall:9.4e+07 eff:0.1% logz-ratio=56.41+/-0.07 dlogz:3.230>0.1]
100741it [11:49:43 bound:1452 nc:2798 ncall:9.4e+07 eff:0.1% logz-ratio=56.42+/-0.07 dlogz:3.192>0.1]
100859it [11:51:05 bound:1454 nc:1609 ncall:9.4e+07 eff:0.1% logz-ratio=56.43+/-0.07 dlogz:3.152>0.1]
100979it [11:52:27 bound:1456 nc:1325 ncall:9.5e+07 eff:0.1% logz-ratio=56.45+/-0.07 dlogz:3.112>0.1]
101099it [11:53:50 bound:1458 nc:2133 ncall:9.5e+07 eff:0.1% logz-ratio=56.46+/-0.07 dlogz:3.071>0.1]
101207it [11:55:15 bound:1460 nc:1865 ncall:9.5e+07 eff:0.1% logz-ratio=56.47+/-0.07 dlogz:3.035>0.1]
101321it [11:56:38 bound:1462 nc:1379 ncall:9.5e+07 eff:0.1% logz-ratio=56.48+/-0.07 dlogz:2.998>0.1]
101438it [11:58:00 bound:1464 nc:1940 ncall:9.5e+07 eff:0.1% logz-ratio=56.50+/-0.07 dlogz:2.959>0.1]
101554it [11:59:21 bound:1466 nc:1465 ncall:9.6e+07 eff:0.1% logz-ratio=56.51+/-0.07 dlogz:2.921>0.1]
101667it [12:00:43 bound:1468 nc:1476 ncall:9.6e+07 eff:0.1% logz-ratio=56.52+/-0.07 dlogz:3.042>0.1]
101781it [12:02:06 bound:1470 nc:3142 ncall:9.6e+07 eff:0.1% logz-ratio=56.53+/-0.07 dlogz:3.005>0.1]
101898it [12:03:33 bound:1472 nc:1463 ncall:9.6e+07 eff:0.1% logz-ratio=56.54+/-0.07 dlogz:2.967>0.1]
102014it [12:04:56 bound:1474 nc:1588 ncall:9.6e+07 eff:0.1% logz-ratio=56.55+/-0.07 dlogz:2.930>0.1]
102127it [12:06:17 bound:1476 nc:3311 ncall:9.7e+07 eff:0.1% logz-ratio=56.56+/-0.07 dlogz:2.893>0.1]
102188it [12:08:34 bound:1477 nc:1223 ncall:9.7e+07 eff:0.1% logz-ratio=56.57+/-0.07 dlogz:2.874>0.1]
102300it [12:09:55 bound:1479 nc:3071 ncall:9.7e+07 eff:0.1% logz-ratio=56.58+/-0.07 dlogz:2.838>0.1]
102418it [12:11:16 bound:1481 nc:1668 ncall:9.7e+07 eff:0.1% logz-ratio=56.59+/-0.07 dlogz:2.801>0.1]
102532it [12:12:42 bound:1483 nc:3732 ncall:9.7e+07 eff:0.1% logz-ratio=56.60+/-0.07 dlogz:2.765>0.1]
102653it [12:14:06 bound:1485 nc:1534 ncall:9.7e+07 eff:0.1% logz-ratio=56.61+/-0.07 dlogz:2.727>0.1]
102768it [12:15:29 bound:1487 nc:2485 ncall:9.8e+07 eff:0.1% logz-ratio=56.62+/-0.07 dlogz:2.691>0.1]
102887it [12:16:51 bound:1489 nc:2261 ncall:9.8e+07 eff:0.1% logz-ratio=56.63+/-0.07 dlogz:2.654>0.1]
103004it [12:18:13 bound:1491 nc:1777 ncall:9.8e+07 eff:0.1% logz-ratio=56.64+/-0.07 dlogz:2.618>0.1]
103119it [12:19:35 bound:1493 nc:1979 ncall:9.8e+07 eff:0.1% logz-ratio=56.65+/-0.07 dlogz:2.583>0.1]
103238it [12:20:59 bound:1495 nc:946 ncall:9.9e+07 eff:0.1% logz-ratio=56.66+/-0.07 dlogz:2.547>0.1]
103349it [12:22:27 bound:1497 nc:2049 ncall:9.9e+07 eff:0.1% logz-ratio=56.67+/-0.07 dlogz:2.514>0.1]
103472it [12:23:50 bound:1499 nc:1617 ncall:9.9e+07 eff:0.1% logz-ratio=56.68+/-0.07 dlogz:2.477>0.1]
103589it [12:25:13 bound:1501 nc:2112 ncall:9.9e+07 eff:0.1% logz-ratio=56.69+/-0.07 dlogz:2.442>0.1]
103707it [12:26:38 bound:1503 nc:2177 ncall:9.9e+07 eff:0.1% logz-ratio=56.70+/-0.07 dlogz:2.407>0.1]
103828it [12:28:04 bound:1505 nc:1073 ncall:1.0e+08 eff:0.1% logz-ratio=56.71+/-0.07 dlogz:2.371>0.1]
103946it [12:29:30 bound:1507 nc:1809 ncall:1.0e+08 eff:0.1% logz-ratio=56.72+/-0.07 dlogz:2.337>0.1]
104063it [12:30:58 bound:1509 nc:1542 ncall:1.0e+08 eff:0.1% logz-ratio=56.73+/-0.07 dlogz:2.303>0.1]
104181it [12:32:24 bound:1511 nc:1600 ncall:1.0e+08 eff:0.1% logz-ratio=56.74+/-0.07 dlogz:2.269>0.1]
104303it [12:33:51 bound:1513 nc:1225 ncall:1.0e+08 eff:0.1% logz-ratio=56.75+/-0.07 dlogz:2.234>0.1]
104422it [12:35:19 bound:1515 nc:1523 ncall:1.0e+08 eff:0.1% logz-ratio=56.76+/-0.07 dlogz:2.200>0.1]
104540it [12:36:46 bound:1517 nc:1482 ncall:1.0e+08 eff:0.1% logz-ratio=56.77+/-0.07 dlogz:2.167>0.1]
104659it [12:38:18 bound:1519 nc:1479 ncall:1.0e+08 eff:0.1% logz-ratio=56.77+/-0.07 dlogz:2.134>0.1]
104776it [12:39:46 bound:1521 nc:1715 ncall:1.0e+08 eff:0.1% logz-ratio=56.78+/-0.07 dlogz:2.101>0.1]
104894it [12:41:13 bound:1523 nc:1193 ncall:1.0e+08 eff:0.1% logz-ratio=56.79+/-0.07 dlogz:2.069>0.1]
105011it [12:42:39 bound:1525 nc:1594 ncall:1.0e+08 eff:0.1% logz-ratio=56.80+/-0.07 dlogz:2.036>0.1]
105118it [12:44:09 bound:1527 nc:1418 ncall:1.0e+08 eff:0.1% logz-ratio=56.81+/-0.07 dlogz:2.007>0.1]
105238it [12:45:37 bound:1529 nc:1776 ncall:1.0e+08 eff:0.1% logz-ratio=56.82+/-0.07 dlogz:1.975>0.1]
105359it [12:47:05 bound:1531 nc:1480 ncall:1.0e+08 eff:0.1% logz-ratio=56.82+/-0.07 dlogz:1.943>0.1]
105474it [12:48:36 bound:1533 nc:5373 ncall:1.0e+08 eff:0.1% logz-ratio=56.83+/-0.07 dlogz:1.912>0.1]
105596it [12:50:06 bound:1535 nc:1962 ncall:1.0e+08 eff:0.1% logz-ratio=56.84+/-0.07 dlogz:1.880>0.1]
105714it [12:51:34 bound:1537 nc:2261 ncall:1.0e+08 eff:0.1% logz-ratio=56.85+/-0.07 dlogz:1.849>0.1]
105825it [12:52:58 bound:1539 nc:1033 ncall:1.0e+08 eff:0.1% logz-ratio=56.85+/-0.07 dlogz:1.820>0.1]
105948it [12:54:25 bound:1541 nc:3958 ncall:1.0e+08 eff:0.1% logz-ratio=56.86+/-0.07 dlogz:1.789>0.1]
106066it [12:55:53 bound:1543 nc:2150 ncall:1.0e+08 eff:0.1% logz-ratio=56.87+/-0.07 dlogz:1.759>0.1]
106189it [12:57:27 bound:1545 nc:4667 ncall:1.0e+08 eff:0.1% logz-ratio=56.88+/-0.07 dlogz:1.728>0.1]
106304it [12:59:00 bound:1547 nc:1345 ncall:1.0e+08 eff:0.1% logz-ratio=56.88+/-0.07 dlogz:1.699>0.1]
106414it [13:00:36 bound:1549 nc:1895 ncall:1.0e+08 eff:0.1% logz-ratio=56.89+/-0.07 dlogz:1.672>0.1]
106530it [13:02:05 bound:1551 nc:1419 ncall:1.0e+08 eff:0.1% logz-ratio=56.90+/-0.07 dlogz:1.643>0.1]
106646it [13:03:38 bound:1553 nc:1697 ncall:1.0e+08 eff:0.1% logz-ratio=56.90+/-0.07 dlogz:1.615>0.1]
106770it [13:05:13 bound:1555 nc:1694 ncall:1.1e+08 eff:0.1% logz-ratio=56.91+/-0.07 dlogz:1.585>0.1]
106882it [13:06:38 bound:1557 nc:1720 ncall:1.1e+08 eff:0.1% logz-ratio=56.92+/-0.07 dlogz:1.559>0.1]
106997it [13:08:10 bound:1559 nc:2400 ncall:1.1e+08 eff:0.1% logz-ratio=56.92+/-0.07 dlogz:1.555>0.1]
107002it [13:09:51 bound:1559 nc:1957 ncall:1.1e+08 eff:0.1% logz-ratio=56.92+/-0.07 dlogz:1.554>0.1]
107116it [13:11:24 bound:1561 nc:3614 ncall:1.1e+08 eff:0.1% logz-ratio=56.93+/-0.07 dlogz:1.527>0.1]
107236it [13:12:56 bound:1563 nc:2304 ncall:1.1e+08 eff:0.1% logz-ratio=56.94+/-0.07 dlogz:1.500>0.1]
107351it [13:14:29 bound:1565 nc:4116 ncall:1.1e+08 eff:0.1% logz-ratio=56.94+/-0.07 dlogz:1.473>0.1]
107469it [13:16:03 bound:1567 nc:2206 ncall:1.1e+08 eff:0.1% logz-ratio=56.95+/-0.07 dlogz:1.446>0.1]
107583it [13:17:41 bound:1569 nc:2118 ncall:1.1e+08 eff:0.1% logz-ratio=56.95+/-0.07 dlogz:1.421>0.1]
107701it [13:19:18 bound:1571 nc:2368 ncall:1.1e+08 eff:0.1% logz-ratio=56.96+/-0.07 dlogz:1.394>0.1]
107822it [13:20:53 bound:1573 nc:1289 ncall:1.1e+08 eff:0.1% logz-ratio=56.97+/-0.07 dlogz:1.367>0.1]
107939it [13:22:27 bound:1575 nc:1786 ncall:1.1e+08 eff:0.1% logz-ratio=56.97+/-0.07 dlogz:1.342>0.1]
108064it [13:23:52 bound:1577 nc:2022 ncall:1.1e+08 eff:0.1% logz-ratio=56.98+/-0.07 dlogz:1.315>0.1]
108181it [13:25:26 bound:1579 nc:2203 ncall:1.1e+08 eff:0.1% logz-ratio=56.98+/-0.07 dlogz:1.290>0.1]
108295it [13:26:58 bound:1581 nc:1712 ncall:1.1e+08 eff:0.1% logz-ratio=56.99+/-0.07 dlogz:1.266>0.1]
108418it [13:28:32 bound:1583 nc:1701 ncall:1.1e+08 eff:0.1% logz-ratio=57.00+/-0.07 dlogz:1.240>0.1]
108534it [13:30:11 bound:1585 nc:1939 ncall:1.1e+08 eff:0.1% logz-ratio=57.00+/-0.07 dlogz:1.217>0.1]
108649it [13:31:47 bound:1587 nc:1691 ncall:1.1e+08 eff:0.1% logz-ratio=57.01+/-0.07 dlogz:1.193>0.1]
108759it [13:33:23 bound:1589 nc:1546 ncall:1.1e+08 eff:0.1% logz-ratio=57.01+/-0.07 dlogz:1.171>0.1]
108875it [13:35:00 bound:1591 nc:1575 ncall:1.1e+08 eff:0.1% logz-ratio=57.02+/-0.07 dlogz:1.148>0.1]
108992it [13:36:37 bound:1593 nc:1708 ncall:1.1e+08 eff:0.1% logz-ratio=57.02+/-0.07 dlogz:1.125>0.1]
109106it [13:38:09 bound:1595 nc:3248 ncall:1.1e+08 eff:0.1% logz-ratio=57.03+/-0.07 dlogz:1.103>0.1]
109227it [13:39:44 bound:1597 nc:2568 ncall:1.1e+08 eff:0.1% logz-ratio=57.03+/-0.07 dlogz:1.080>0.1]
109348it [13:41:19 bound:1599 nc:2022 ncall:1.1e+08 eff:0.1% logz-ratio=57.04+/-0.07 dlogz:1.058>0.1]
109467it [13:42:48 bound:1601 nc:1624 ncall:1.1e+08 eff:0.1% logz-ratio=57.04+/-0.07 dlogz:1.036>0.1]
109582it [13:44:23 bound:1603 nc:2617 ncall:1.1e+08 eff:0.1% logz-ratio=57.05+/-0.07 dlogz:1.015>0.1]
109700it [13:45:57 bound:1605 nc:4271 ncall:1.1e+08 eff:0.1% logz-ratio=57.05+/-0.07 dlogz:0.993>0.1]
109812it [13:47:33 bound:1607 nc:2025 ncall:1.1e+08 eff:0.1% logz-ratio=57.06+/-0.07 dlogz:0.974>0.1]
109921it [13:49:08 bound:1609 nc:1745 ncall:1.1e+08 eff:0.1% logz-ratio=57.06+/-0.07 dlogz:0.954>0.1]
110042it [13:50:43 bound:1611 nc:1681 ncall:1.1e+08 eff:0.1% logz-ratio=57.06+/-0.07 dlogz:0.934>0.1]
110161it [13:52:16 bound:1613 nc:3061 ncall:1.1e+08 eff:0.1% logz-ratio=57.07+/-0.07 dlogz:0.913>0.1]
110283it [13:53:51 bound:1615 nc:1723 ncall:1.1e+08 eff:0.1% logz-ratio=57.07+/-0.07 dlogz:0.893>0.1]
110401it [13:55:29 bound:1617 nc:1699 ncall:1.1e+08 eff:0.1% logz-ratio=57.08+/-0.07 dlogz:0.873>0.1]
110521it [13:57:06 bound:1619 nc:3905 ncall:1.1e+08 eff:0.1% logz-ratio=57.08+/-0.07 dlogz:0.854>0.1]
110640it [13:58:43 bound:1621 nc:2918 ncall:1.1e+08 eff:0.1% logz-ratio=57.09+/-0.07 dlogz:0.835>0.1]
110758it [14:00:23 bound:1623 nc:1179 ncall:1.1e+08 eff:0.1% logz-ratio=57.09+/-0.07 dlogz:0.816>0.1]
110873it [14:01:59 bound:1625 nc:1327 ncall:1.1e+08 eff:0.1% logz-ratio=57.09+/-0.07 dlogz:0.799>0.1]
110991it [14:03:32 bound:1627 nc:2091 ncall:1.1e+08 eff:0.1% logz-ratio=57.10+/-0.07 dlogz:0.781>0.1]
111110it [14:05:09 bound:1629 nc:2013 ncall:1.1e+08 eff:0.1% logz-ratio=57.10+/-0.07 dlogz:0.763>0.1]
111225it [14:06:47 bound:1631 nc:1224 ncall:1.1e+08 eff:0.1% logz-ratio=57.11+/-0.07 dlogz:0.746>0.1]
111339it [14:08:24 bound:1633 nc:3418 ncall:1.1e+08 eff:0.1% logz-ratio=57.11+/-0.07 dlogz:0.730>0.1]
111406it [14:10:57 bound:1634 nc:948 ncall:1.1e+08 eff:0.1% logz-ratio=57.11+/-0.07 dlogz:0.720>0.1]
111519it [14:12:41 bound:1636 nc:2067 ncall:1.1e+08 eff:0.1% logz-ratio=57.12+/-0.07 dlogz:0.704>0.1]
111637it [14:14:24 bound:1638 nc:1913 ncall:1.1e+08 eff:0.1% logz-ratio=57.12+/-0.07 dlogz:0.688>0.1]
111751it [14:16:10 bound:1640 nc:2027 ncall:1.1e+08 eff:0.1% logz-ratio=57.12+/-0.07 dlogz:0.672>0.1]
111867it [14:17:48 bound:1642 nc:2843 ncall:1.2e+08 eff:0.1% logz-ratio=57.13+/-0.07 dlogz:0.657>0.1]
111984it [14:19:27 bound:1644 nc:3955 ncall:1.2e+08 eff:0.1% logz-ratio=57.13+/-0.07 dlogz:0.641>0.1]
112102it [14:21:01 bound:1646 nc:2662 ncall:1.2e+08 eff:0.1% logz-ratio=57.13+/-0.07 dlogz:0.626>0.1]
112215it [14:22:45 bound:1648 nc:1943 ncall:1.2e+08 eff:0.1% logz-ratio=57.14+/-0.07 dlogz:0.612>0.1]
112333it [14:24:22 bound:1650 nc:1241 ncall:1.2e+08 eff:0.1% logz-ratio=57.14+/-0.07 dlogz:0.597>0.1]
112454it [14:26:03 bound:1652 nc:2307 ncall:1.2e+08 eff:0.1% logz-ratio=57.14+/-0.07 dlogz:0.583>0.1]
112568it [14:27:45 bound:1654 nc:1604 ncall:1.2e+08 eff:0.1% logz-ratio=57.15+/-0.07 dlogz:0.569>0.1]
112690it [14:29:23 bound:1656 nc:1884 ncall:1.2e+08 eff:0.1% logz-ratio=57.15+/-0.07 dlogz:0.555>0.1]
112808it [14:31:04 bound:1658 nc:1708 ncall:1.2e+08 eff:0.1% logz-ratio=57.15+/-0.07 dlogz:0.541>0.1]
112928it [14:32:42 bound:1660 nc:1526 ncall:1.2e+08 eff:0.1% logz-ratio=57.16+/-0.07 dlogz:0.528>0.1]
113045it [14:34:25 bound:1662 nc:3246 ncall:1.2e+08 eff:0.1% logz-ratio=57.16+/-0.07 dlogz:0.515>0.1]
113161it [14:36:06 bound:1664 nc:2555 ncall:1.2e+08 eff:0.1% logz-ratio=57.16+/-0.07 dlogz:0.549>0.1]
113280it [14:37:45 bound:1666 nc:3991 ncall:1.2e+08 eff:0.1% logz-ratio=57.17+/-0.07 dlogz:0.536>0.1]
113392it [14:39:28 bound:1668 nc:2854 ncall:1.2e+08 eff:0.1% logz-ratio=57.17+/-0.07 dlogz:0.523>0.1]
113506it [14:41:15 bound:1670 nc:4175 ncall:1.2e+08 eff:0.1% logz-ratio=57.17+/-0.07 dlogz:0.511>0.1]
113621it [14:42:56 bound:1672 nc:1163 ncall:1.2e+08 eff:0.1% logz-ratio=57.18+/-0.07 dlogz:0.498>0.1]
113736it [14:44:40 bound:1674 nc:2021 ncall:1.2e+08 eff:0.1% logz-ratio=57.18+/-0.07 dlogz:0.486>0.1]
113853it [14:46:20 bound:1676 nc:7267 ncall:1.2e+08 eff:0.1% logz-ratio=57.18+/-0.07 dlogz:0.474>0.1]
113971it [14:47:59 bound:1678 nc:2563 ncall:1.2e+08 eff:0.1% logz-ratio=57.18+/-0.07 dlogz:0.463>0.1]
114087it [14:49:40 bound:1680 nc:2065 ncall:1.2e+08 eff:0.1% logz-ratio=57.19+/-0.07 dlogz:0.451>0.1]
114201it [14:51:24 bound:1682 nc:2484 ncall:1.2e+08 eff:0.1% logz-ratio=57.19+/-0.07 dlogz:0.440>0.1]
114316it [14:53:09 bound:1684 nc:1809 ncall:1.2e+08 eff:0.1% logz-ratio=57.19+/-0.07 dlogz:0.430>0.1]
114432it [14:54:48 bound:1686 nc:1240 ncall:1.2e+08 eff:0.1% logz-ratio=57.19+/-0.07 dlogz:0.419>0.1]
114548it [14:56:29 bound:1688 nc:2440 ncall:1.2e+08 eff:0.1% logz-ratio=57.20+/-0.07 dlogz:0.408>0.1]
114667it [14:58:11 bound:1690 nc:4140 ncall:1.2e+08 eff:0.1% logz-ratio=57.20+/-0.07 dlogz:0.398>0.1]
114782it [14:59:52 bound:1692 nc:2069 ncall:1.2e+08 eff:0.1% logz-ratio=57.20+/-0.07 dlogz:0.388>0.1]
114898it [15:01:32 bound:1694 nc:1592 ncall:1.2e+08 eff:0.1% logz-ratio=57.20+/-0.07 dlogz:0.378>0.1]
115021it [15:03:14 bound:1696 nc:2291 ncall:1.2e+08 eff:0.1% logz-ratio=57.21+/-0.07 dlogz:0.368>0.1]
115140it [15:04:57 bound:1698 nc:1021 ncall:1.2e+08 eff:0.1% logz-ratio=57.21+/-0.07 dlogz:0.358>0.1]
115255it [15:06:37 bound:1700 nc:936 ncall:1.2e+08 eff:0.1% logz-ratio=57.21+/-0.07 dlogz:0.349>0.1]
115370it [15:08:14 bound:1702 nc:4424 ncall:1.2e+08 eff:0.1% logz-ratio=57.21+/-0.07 dlogz:0.341>0.1]
115483it [15:09:55 bound:1704 nc:1348 ncall:1.2e+08 eff:0.1% logz-ratio=57.22+/-0.07 dlogz:0.332>0.1]
115550it [15:12:35 bound:1705 nc:1134 ncall:1.2e+08 eff:0.1% logz-ratio=57.22+/-0.07 dlogz:0.327>0.1]
115657it [15:14:16 bound:1707 nc:2446 ncall:1.2e+08 eff:0.1% logz-ratio=57.22+/-0.07 dlogz:0.319>0.1]
115769it [15:16:01 bound:1709 nc:2433 ncall:1.2e+08 eff:0.1% logz-ratio=57.22+/-0.07 dlogz:0.311>0.1]
115887it [15:17:45 bound:1711 nc:2648 ncall:1.2e+08 eff:0.1% logz-ratio=57.22+/-0.07 dlogz:0.303>0.1]
116000it [15:19:29 bound:1713 nc:1450 ncall:1.2e+08 eff:0.1% logz-ratio=57.23+/-0.07 dlogz:0.296>0.1]
116118it [15:21:13 bound:1715 nc:2467 ncall:1.2e+08 eff:0.1% logz-ratio=57.23+/-0.07 dlogz:0.288>0.1]
116239it [15:22:57 bound:1717 nc:2967 ncall:1.2e+08 eff:0.1% logz-ratio=57.23+/-0.07 dlogz:0.280>0.1]
116353it [15:24:36 bound:1719 nc:3629 ncall:1.2e+08 eff:0.1% logz-ratio=57.23+/-0.07 dlogz:0.273>0.1]
116472it [15:26:13 bound:1721 nc:1508 ncall:1.2e+08 eff:0.1% logz-ratio=57.23+/-0.07 dlogz:0.265>0.1]
116585it [15:27:56 bound:1723 nc:1306 ncall:1.2e+08 eff:0.1% logz-ratio=57.24+/-0.07 dlogz:0.259>0.1]
116700it [15:29:36 bound:1725 nc:1674 ncall:1.3e+08 eff:0.1% logz-ratio=57.24+/-0.07 dlogz:0.252>0.1]
116814it [15:31:22 bound:1727 nc:2028 ncall:1.3e+08 eff:0.1% logz-ratio=57.24+/-0.07 dlogz:0.245>0.1]
116926it [15:33:03 bound:1729 nc:2142 ncall:1.3e+08 eff:0.1% logz-ratio=57.24+/-0.07 dlogz:0.239>0.1]
117044it [15:34:42 bound:1731 nc:1986 ncall:1.3e+08 eff:0.1% logz-ratio=57.24+/-0.07 dlogz:0.233>0.1]
117161it [15:36:24 bound:1733 nc:1879 ncall:1.3e+08 eff:0.1% logz-ratio=57.24+/-0.07 dlogz:0.226>0.1]
117279it [15:38:07 bound:1735 nc:2400 ncall:1.3e+08 eff:0.1% logz-ratio=57.25+/-0.07 dlogz:0.220>0.1]
117395it [15:39:46 bound:1737 nc:2584 ncall:1.3e+08 eff:0.1% logz-ratio=57.25+/-0.07 dlogz:0.235>0.1]
117510it [15:41:30 bound:1739 nc:3325 ncall:1.3e+08 eff:0.1% logz-ratio=57.25+/-0.07 dlogz:0.229>0.1]
117621it [15:43:15 bound:1741 nc:2506 ncall:1.3e+08 eff:0.1% logz-ratio=57.25+/-0.07 dlogz:0.223>0.1]
117739it [15:44:56 bound:1743 nc:2309 ncall:1.3e+08 eff:0.1% logz-ratio=57.25+/-0.07 dlogz:0.217>0.1]
117848it [15:46:37 bound:1745 nc:4631 ncall:1.3e+08 eff:0.1% logz-ratio=57.25+/-0.07 dlogz:0.212>0.1]
117964it [15:48:16 bound:1747 nc:782 ncall:1.3e+08 eff:0.1% logz-ratio=57.26+/-0.07 dlogz:0.206>0.1]
118078it [15:49:57 bound:1749 nc:1795 ncall:1.3e+08 eff:0.1% logz-ratio=57.26+/-0.07 dlogz:0.201>0.1]
118198it [15:51:37 bound:1751 nc:3749 ncall:1.3e+08 eff:0.1% logz-ratio=57.26+/-0.07 dlogz:0.195>0.1]
118315it [15:53:14 bound:1753 nc:2215 ncall:1.3e+08 eff:0.1% logz-ratio=57.26+/-0.07 dlogz:0.190>0.1]
118430it [15:54:58 bound:1755 nc:2326 ncall:1.3e+08 eff:0.1% logz-ratio=57.26+/-0.07 dlogz:0.185>0.1]
118550it [15:56:41 bound:1757 nc:1591 ncall:1.3e+08 eff:0.1% logz-ratio=57.26+/-0.07 dlogz:0.180>0.1]
118667it [15:58:31 bound:1759 nc:2721 ncall:1.3e+08 eff:0.1% logz-ratio=57.26+/-0.07 dlogz:0.175>0.1]
118779it [16:00:18 bound:1761 nc:4049 ncall:1.3e+08 eff:0.1% logz-ratio=57.27+/-0.07 dlogz:0.170>0.1]
118898it [16:02:03 bound:1763 nc:5799 ncall:1.3e+08 eff:0.1% logz-ratio=57.27+/-0.07 dlogz:0.166>0.1]
119018it [16:03:42 bound:1765 nc:2104 ncall:1.3e+08 eff:0.1% logz-ratio=57.27+/-0.07 dlogz:0.161>0.1]
119134it [16:05:29 bound:1767 nc:2098 ncall:1.3e+08 eff:0.1% logz-ratio=57.27+/-0.07 dlogz:0.157>0.1]
119250it [16:07:11 bound:1769 nc:1720 ncall:1.3e+08 eff:0.1% logz-ratio=57.27+/-0.07 dlogz:0.153>0.1]
119365it [16:08:53 bound:1771 nc:2048 ncall:1.3e+08 eff:0.1% logz-ratio=57.27+/-0.07 dlogz:0.148>0.1]
119477it [16:10:36 bound:1773 nc:1801 ncall:1.3e+08 eff:0.1% logz-ratio=57.27+/-0.07 dlogz:0.145>0.1]
119600it [16:12:25 bound:1775 nc:2611 ncall:1.3e+08 eff:0.1% logz-ratio=57.27+/-0.07 dlogz:0.140>0.1]
119601it [16:14:18 bound:1775 nc:2150 ncall:1.3e+08 eff:0.1% logz-ratio=57.27+/-0.07 dlogz:0.140>0.1]
119712it [16:16:00 bound:1777 nc:1657 ncall:1.3e+08 eff:0.1% logz-ratio=57.28+/-0.07 dlogz:0.137>0.1]
119827it [16:17:37 bound:1779 nc:2377 ncall:1.3e+08 eff:0.1% logz-ratio=57.28+/-0.07 dlogz:0.133>0.1]
119945it [16:19:16 bound:1781 nc:3387 ncall:1.3e+08 eff:0.1% logz-ratio=57.28+/-0.07 dlogz:0.129>0.1]
120064it [16:20:59 bound:1783 nc:1803 ncall:1.3e+08 eff:0.1% logz-ratio=57.28+/-0.07 dlogz:0.126>0.1]
120185it [16:22:44 bound:1785 nc:1990 ncall:1.3e+08 eff:0.1% logz-ratio=57.28+/-0.07 dlogz:0.122>0.1]
120301it [16:24:29 bound:1787 nc:1235 ncall:1.3e+08 eff:0.1% logz-ratio=57.28+/-0.07 dlogz:0.119>0.1]
120413it [16:26:13 bound:1789 nc:1479 ncall:1.3e+08 eff:0.1% logz-ratio=57.28+/-0.07 dlogz:0.116>0.1]
120526it [16:27:55 bound:1791 nc:1547 ncall:1.3e+08 eff:0.1% logz-ratio=57.28+/-0.07 dlogz:0.113>0.1]
120643it [16:29:38 bound:1793 nc:1870 ncall:1.3e+08 eff:0.1% logz-ratio=57.28+/-0.07 dlogz:0.110>0.1]
120753it [16:31:20 bound:1795 nc:2071 ncall:1.3e+08 eff:0.1% logz-ratio=57.28+/-0.07 dlogz:0.107>0.1]
120871it [16:33:06 bound:1797 nc:2583 ncall:1.3e+08 eff:0.1% logz-ratio=57.29+/-0.07 dlogz:0.104>0.1]
120986it [16:34:51 bound:1799 nc:2127 ncall:1.3e+08 eff:0.1% logz-ratio=57.29+/-0.07 dlogz:0.101>0.1]
At this point, we cannot create a float from 0        1.411204
1        1.418937
2        1.436295
3        1.428848
4        1.444887
           ...   
22177    1.419785
22178    1.433317
22179    1.431345
22180    1.441303
22181    1.433748
Name: chirp_mass_source, Length: 22182, dtype: float64, error: cannot convert the series to <class 'float'>
At this point, we cannot create a float from 0        0.667630
1        0.719970
2        0.695662
3        0.708344
4        0.730710
           ...   
22177    0.701804
22178    0.735075
22179    0.702900
22180    0.708549
22181    0.685464
Name: mass_ratio, Length: 22182, dtype: float64, error: cannot convert the series to <class 'float'>
At this point, we cannot create a float from 0        57.985924
1        74.369080
2        45.649925
3        30.065825
4        50.064999
           ...    
22177    66.040955
22178    80.494179
22179    58.657661
22180    56.360584
22181    55.022251
Name: lambda_1, Length: 22182, dtype: float64, error: cannot convert the series to <class 'float'>
At this point, we cannot create a float from 0        833.797180
1        850.743774
2        496.310211
3        613.442139
4        617.684021
            ...    
22177    686.852905
22178    604.119934
22179    665.530518
22180    742.760437
22181    710.204407
Name: lambda_2, Length: 22182, dtype: float64, error: cannot convert the series to <class 'float'>
Skipped taking the float value from [-8.34538841 -8.79774094 -8.27961254 ... -8.08639526 -8.60324669
 -8.26120377], error: only length-1 arrays can be converted to Python scalars
At this point, we cannot create a float from [1.39649224 1.39669    1.39688775 ... 1.45522467 1.45542242
 1.45562017], error: only length-1 arrays can be converted to Python scalars
At this point, we cannot create a float from [0.64550275 0.64637636 0.64724998 ... 0.90496732 0.90584094
 0.90671456], error: only length-1 arrays can be converted to Python scalars
At this point, we cannot create a float from [ 15.26200485  15.88968347  16.51736209 ... 201.68255475
 202.31023337 202.93791199], error: only length-1 arrays can be converted to Python scalars
At this point, we cannot create a float from [ 304.95217896  307.88056155  310.80894414 ... 1174.68180903
 1177.61019163 1180.53857422], error: only length-1 arrays can be converted to Python scalars
Skipped taking the float value from [-10.95035172 -10.83901882 -10.7605114  ... -81.79138184
 -82.01647949 -82.22897339], error: only length-1 arrays can be converted to Python scalars
