000 (2563218.000.000) 2025-07-28 09:25:17 Job submitted from host: <145.107.7.246:9618?addrs=145.107.7.246-9618+[2a07-8500-120-e070--3f6]-9618&alias=taai-007.nikhef.nl&noUDP&sock=schedd_2614_90a7>
    DAG Node: run_a
...
000 (2563219.000.000) 2025-07-28 09:25:17 Job submitted from host: <145.107.7.246:9618?addrs=145.107.7.246-9618+[2a07-8500-120-e070--3f6]-9618&alias=taai-007.nikhef.nl&noUDP&sock=schedd_2614_90a7>
    DAG Node: run_b
...
000 (2563220.000.000) 2025-07-28 09:25:17 Job submitted from host: <145.107.7.246:9618?addrs=145.107.7.246-9618+[2a07-8500-120-e070--3f6]-9618&alias=taai-007.nikhef.nl&noUDP&sock=schedd_2614_90a7>
    DAG Node: run_c
...
001 (2563218.000.000) 2025-07-28 09:25:46 Job executing on host: <145.107.5.58:9618?addrs=145.107.5.58-9618+[2a07-8500-120-e070--53a]-9618&alias=wn-lot-058.nikhef.nl&noUDP&sock=startd_1933_74a8>
	SlotName: slot1_1@wn-lot-058.nikhef.nl
	CondorScratchDir = "/scratch/condor_execute/dir_2500695"
	Cpus = 64
	Disk = 16780562
	GPUs = 0
	Memory = 16384
...
001 (2563219.000.000) 2025-07-28 09:25:46 Job executing on host: <145.107.5.47:9618?addrs=145.107.5.47-9618+[2a07-8500-120-e070--52f]-9618&alias=wn-lot-047.nikhef.nl&noUDP&sock=startd_1944_0033>
	SlotName: slot1_1@wn-lot-047.nikhef.nl
	CondorScratchDir = "/scratch/condor_execute/dir_181699"
	Cpus = 64
	Disk = 16780556
	GPUs = 0
	Memory = 16384
...
001 (2563220.000.000) 2025-07-28 09:25:46 Job executing on host: <145.107.5.39:9618?addrs=145.107.5.39-9618+[2a07-8500-120-e070--527]-9618&alias=wn-lot-039.nikhef.nl&noUDP&sock=startd_1964_b818>
	SlotName: slot1_1@wn-lot-039.nikhef.nl
	CondorScratchDir = "/scratch/condor_execute/dir_1400643"
	Cpus = 64
	Disk = 16780524
	GPUs = 0
	Memory = 16384
...
005 (2563218.000.000) 2025-07-28 09:26:36 Job terminated.
	(1) Normal termination (return value 1)
		Usr 0 00:00:50, Sys 0 00:00:08  -  Run Remote Usage
		Usr 0 00:00:00, Sys 0 00:00:00  -  Run Local Usage
		Usr 0 00:00:50, Sys 0 00:00:08  -  Total Remote Usage
		Usr 0 00:00:00, Sys 0 00:00:00  -  Total Local Usage
	0  -  Run Bytes Sent By Job
	0  -  Run Bytes Received By Job
	0  -  Total Bytes Sent By Job
	0  -  Total Bytes Received By Job
	Partitionable Resources :    Usage  Request Allocated 
	   Cpus                 :     2.27       64        64 
	   Disk (KB)            : 17500    16777216  16780562 
	   GPUs                 :                           0 
	   Memory (MB)          :   492       16384     16384 
	   TimeExecute (s)      :    50                       
	   TimeSlotBusy (s)     :    50                       

	Job terminated of its own accord at 2025-07-28T07:26:36Z with exit-code 1.
...
005 (2563219.000.000) 2025-07-28 09:26:36 Job terminated.
	(1) Normal termination (return value 1)
		Usr 0 00:00:50, Sys 0 00:00:07  -  Run Remote Usage
		Usr 0 00:00:00, Sys 0 00:00:00  -  Run Local Usage
		Usr 0 00:00:50, Sys 0 00:00:07  -  Total Remote Usage
		Usr 0 00:00:00, Sys 0 00:00:00  -  Total Local Usage
	0  -  Run Bytes Sent By Job
	0  -  Run Bytes Received By Job
	0  -  Total Bytes Sent By Job
	0  -  Total Bytes Received By Job
	Partitionable Resources :    Usage  Request Allocated 
	   Cpus                 :     1.00       64        64 
	   Disk (KB)            : 17500    16777216  16780556 
	   GPUs                 :                           0 
	   Memory (MB)          :   493       16384     16384 
	   TimeExecute (s)      :    50                       
	   TimeSlotBusy (s)     :    50                       

	Job terminated of its own accord at 2025-07-28T07:26:36Z with exit-code 1.
...
005 (2563220.000.000) 2025-07-28 09:26:36 Job terminated.
	(1) Normal termination (return value 1)
		Usr 0 00:00:51, Sys 0 00:00:07  -  Run Remote Usage
		Usr 0 00:00:00, Sys 0 00:00:00  -  Run Local Usage
		Usr 0 00:00:51, Sys 0 00:00:07  -  Total Remote Usage
		Usr 0 00:00:00, Sys 0 00:00:00  -  Total Local Usage
	0  -  Run Bytes Sent By Job
	0  -  Run Bytes Received By Job
	0  -  Total Bytes Sent By Job
	0  -  Total Bytes Received By Job
	Partitionable Resources :    Usage  Request Allocated 
	   Cpus                 :     1.00       64        64 
	   Disk (KB)            : 17500    16777216  16780524 
	   GPUs                 :                           0 
	   Memory (MB)          :   432       16384     16384 
	   TimeExecute (s)      :    50                       
	   TimeSlotBusy (s)     :    50                       

	Job terminated of its own accord at 2025-07-28T07:26:36Z with exit-code 1.
...
