NFDist has source_type = nsbh
self.parameters_ref
{'chirp_mass': 1.1975896, 'symmetric_mass_ratio': 0.2461001, 'a_1': 0.01890608, 'a_2': 0.04888488, 'tilt_1': 0.0, 'tilt_2': 0.0, 'phi_jl': 0.0, 'phi_12': 0.0, 'lambda_1': 100.0, 'lambda_2': 200.0, 'luminosity_distance': 40.06331818, 'phase': 5.88649652, 'theta_jn': 1.93095421, 'psi': 1.59687217, 'ra': 3.39736826, 'dec': -0.34000186, 'mass_ratio': 0.7779384106788951, 'mass_1': 1.5621553813557303, 'mass_2': 1.2152606746053602, 'geocent_time': 1187008882.43, 'duration': 128.0}
1it [0:00:00 bound:0 nc:  1 ncall:1.0e+03 eff:0.1% logz-ratio=-18381.84+/-0.09 dlogz:inf>0.1]
3389it [0:01:00 bound:0 nc: 40 ncall:2.9e+04 eff:11.8% logz-ratio=-17.51+/-0.07 dlogz:20.139>0.1]
3671it [0:02:47 bound:2 nc:938 ncall:3.8e+04 eff:9.6% logz-ratio=-15.37+/-0.07 dlogz:17.725>0.1]
3731it [0:04:11 bound:3 nc:677 ncall:8.6e+04 eff:4.3% logz-ratio=-14.97+/-0.07 dlogz:17.266>0.1]
3790it [0:05:41 bound:4 nc:670 ncall:1.3e+05 eff:2.8% logz-ratio=-14.59+/-0.07 dlogz:16.823>0.1]
3852it [0:07:09 bound:5 nc:1288 ncall:1.8e+05 eff:2.1% logz-ratio=-14.20+/-0.07 dlogz:16.376>0.1]
3912it [0:08:41 bound:6 nc:877 ncall:2.3e+05 eff:1.7% logz-ratio=-13.85+/-0.07 dlogz:15.968>0.1]
3973it [0:10:19 bound:7 nc:592 ncall:2.8e+05 eff:1.4% logz-ratio=-13.51+/-0.07 dlogz:15.567>0.1]
4035it [0:11:29 bound:8 nc:693 ncall:3.3e+05 eff:1.2% logz-ratio=-13.18+/-0.07 dlogz:15.175>0.1]
4093it [0:12:33 bound:9 nc:417 ncall:3.7e+05 eff:1.1% logz-ratio=-12.87+/-0.07 dlogz:14.805>0.1]
4215it [0:14:34 bound:11 nc:505 ncall:4.3e+05 eff:1.0% logz-ratio=-12.30+/-0.07 dlogz:14.123>0.1]
4277it [0:15:41 bound:12 nc:459 ncall:4.6e+05 eff:0.9% logz-ratio=-12.05+/-0.07 dlogz:13.804>0.1]
4339it [0:16:57 bound:13 nc:687 ncall:5.0e+05 eff:0.9% logz-ratio=-11.79+/-0.07 dlogz:13.492>0.1]
4402it [0:18:05 bound:14 nc:559 ncall:5.4e+05 eff:0.8% logz-ratio=-11.55+/-0.07 dlogz:13.184>0.1]
4465it [0:19:13 bound:15 nc:761 ncall:5.7e+05 eff:0.8% logz-ratio=-11.31+/-0.07 dlogz:12.886>0.1]
4528it [0:20:27 bound:16 nc:509 ncall:6.1e+05 eff:0.7% logz-ratio=-11.07+/-0.07 dlogz:12.586>0.1]
4591it [0:21:46 bound:17 nc:626 ncall:6.4e+05 eff:0.7% logz-ratio=-10.85+/-0.07 dlogz:12.299>0.1]
4653it [0:23:05 bound:18 nc:843 ncall:6.9e+05 eff:0.7% logz-ratio=-10.64+/-0.07 dlogz:12.027>0.1]
4715it [0:24:21 bound:19 nc:600 ncall:7.3e+05 eff:0.6% logz-ratio=-10.44+/-0.07 dlogz:11.772>0.1]
4776it [0:25:39 bound:20 nc:694 ncall:7.7e+05 eff:0.6% logz-ratio=-10.26+/-0.07 dlogz:11.527>0.1]
4835it [0:27:07 bound:21 nc:878 ncall:8.1e+05 eff:0.6% logz-ratio=-10.08+/-0.07 dlogz:11.291>0.1]
4897it [0:28:36 bound:22 nc:395 ncall:8.6e+05 eff:0.6% logz-ratio=-9.90+/-0.07 dlogz:11.050>0.1]
4958it [0:30:04 bound:23 nc:437 ncall:9.0e+05 eff:0.6% logz-ratio=-9.73+/-0.07 dlogz:10.821>0.1]
5019it [0:31:47 bound:24 nc:718 ncall:9.5e+05 eff:0.5% logz-ratio=-9.56+/-0.07 dlogz:11.921>0.1]
5082it [0:33:15 bound:25 nc:928 ncall:9.9e+05 eff:0.5% logz-ratio=-9.39+/-0.07 dlogz:11.689>0.1]
5145it [0:34:52 bound:26 nc:857 ncall:1.0e+06 eff:0.5% logz-ratio=-9.23+/-0.07 dlogz:11.466>0.1]
5207it [0:36:26 bound:27 nc:578 ncall:1.1e+06 eff:0.5% logz-ratio=-9.07+/-0.07 dlogz:11.252>0.1]
5271it [0:38:07 bound:28 nc:674 ncall:1.1e+06 eff:0.5% logz-ratio=-8.92+/-0.07 dlogz:11.037>0.1]
5333it [0:39:53 bound:29 nc:924 ncall:1.2e+06 eff:0.4% logz-ratio=-8.78+/-0.07 dlogz:10.835>0.1]
5397it [0:41:26 bound:30 nc:640 ncall:1.2e+06 eff:0.4% logz-ratio=-8.64+/-0.07 dlogz:10.629>0.1]
5459it [0:43:03 bound:31 nc:661 ncall:1.3e+06 eff:0.4% logz-ratio=-8.50+/-0.07 dlogz:10.435>0.1]
5521it [0:44:50 bound:32 nc:774 ncall:1.3e+06 eff:0.4% logz-ratio=-8.38+/-0.07 dlogz:10.248>0.1]
5584it [0:46:18 bound:33 nc:716 ncall:1.4e+06 eff:0.4% logz-ratio=-8.26+/-0.07 dlogz:10.065>0.1]
5646it [0:47:55 bound:34 nc:459 ncall:1.4e+06 eff:0.4% logz-ratio=-8.14+/-0.07 dlogz:9.888>0.1]
5710it [0:49:28 bound:35 nc:626 ncall:1.5e+06 eff:0.4% logz-ratio=-8.02+/-0.07 dlogz:9.709>0.1]
5774it [0:51:00 bound:36 nc:811 ncall:1.5e+06 eff:0.4% logz-ratio=-7.91+/-0.07 dlogz:9.535>0.1]
5836it [0:52:37 bound:37 nc:902 ncall:1.6e+06 eff:0.4% logz-ratio=-7.81+/-0.07 dlogz:9.370>0.1]
5898it [0:54:11 bound:38 nc:444 ncall:1.6e+06 eff:0.4% logz-ratio=-7.70+/-0.07 dlogz:9.207>0.1]
5960it [0:55:54 bound:39 nc:719 ncall:1.7e+06 eff:0.4% logz-ratio=-7.61+/-0.07 dlogz:9.047>0.1]
6024it [0:57:44 bound:40 nc:564 ncall:1.7e+06 eff:0.3% logz-ratio=-7.51+/-0.07 dlogz:8.885>0.1]
6083it [0:59:26 bound:41 nc:821 ncall:1.8e+06 eff:0.3% logz-ratio=-7.42+/-0.07 dlogz:8.739>0.1]
6146it [1:01:12 bound:42 nc:991 ncall:1.8e+06 eff:0.3% logz-ratio=-7.32+/-0.07 dlogz:8.585>0.1]
6207it [1:03:17 bound:43 nc:668 ncall:1.9e+06 eff:0.3% logz-ratio=-7.24+/-0.07 dlogz:8.439>0.1]
6270it [1:04:56 bound:44 nc:507 ncall:1.9e+06 eff:0.3% logz-ratio=-7.15+/-0.07 dlogz:8.292>0.1]
6334it [1:07:05 bound:45 nc:559 ncall:2.0e+06 eff:0.3% logz-ratio=-7.07+/-0.07 dlogz:8.145>0.1]
6395it [1:08:48 bound:46 nc:892 ncall:2.0e+06 eff:0.3% logz-ratio=-6.99+/-0.07 dlogz:8.008>0.1]
6458it [1:10:40 bound:47 nc:630 ncall:2.1e+06 eff:0.3% logz-ratio=-6.91+/-0.07 dlogz:7.871>0.1]
6522it [1:12:47 bound:48 nc:698 ncall:2.1e+06 eff:0.3% logz-ratio=-6.84+/-0.07 dlogz:7.733>0.1]
6586it [1:14:32 bound:49 nc:1100 ncall:2.2e+06 eff:0.3% logz-ratio=-6.77+/-0.07 dlogz:8.723>0.1]
6650it [1:16:20 bound:50 nc:911 ncall:2.2e+06 eff:0.3% logz-ratio=-6.70+/-0.07 dlogz:8.592>0.1]
6711it [1:18:05 bound:51 nc:1281 ncall:2.3e+06 eff:0.3% logz-ratio=-6.64+/-0.07 dlogz:8.469>0.1]
6773it [1:20:05 bound:52 nc:1394 ncall:2.3e+06 eff:0.3% logz-ratio=-6.57+/-0.07 dlogz:8.345>0.1]
6836it [1:21:48 bound:53 nc:633 ncall:2.4e+06 eff:0.3% logz-ratio=-6.51+/-0.07 dlogz:8.223>0.1]
6899it [1:23:36 bound:54 nc:1080 ncall:2.4e+06 eff:0.3% logz-ratio=-6.45+/-0.07 dlogz:8.102>0.1]
6962it [1:25:32 bound:55 nc:533 ncall:2.5e+06 eff:0.3% logz-ratio=-6.40+/-0.07 dlogz:7.984>0.1]
7023it [1:27:16 bound:56 nc:789 ncall:2.5e+06 eff:0.3% logz-ratio=-6.34+/-0.07 dlogz:7.871>0.1]
7086it [1:29:11 bound:57 nc:1057 ncall:2.6e+06 eff:0.3% logz-ratio=-6.29+/-0.07 dlogz:7.755>0.1]
7147it [1:31:00 bound:58 nc:493 ncall:2.6e+06 eff:0.3% logz-ratio=-6.24+/-0.07 dlogz:7.645>0.1]
7209it [1:32:47 bound:59 nc:566 ncall:2.7e+06 eff:0.3% logz-ratio=-6.19+/-0.07 dlogz:7.532>0.1]
7271it [1:34:38 bound:60 nc:574 ncall:2.7e+06 eff:0.3% logz-ratio=-6.14+/-0.07 dlogz:7.422>0.1]
7333it [1:36:46 bound:61 nc:844 ncall:2.8e+06 eff:0.3% logz-ratio=-6.09+/-0.07 dlogz:7.313>0.1]
7396it [1:38:30 bound:62 nc:523 ncall:2.8e+06 eff:0.3% logz-ratio=-6.04+/-0.07 dlogz:7.204>0.1]
7458it [1:40:21 bound:63 nc:1050 ncall:2.9e+06 eff:0.3% logz-ratio=-5.99+/-0.07 dlogz:7.097>0.1]
7519it [1:42:28 bound:64 nc:1542 ncall:2.9e+06 eff:0.3% logz-ratio=-5.95+/-0.07 dlogz:6.993>0.1]
7581it [1:44:28 bound:65 nc:701 ncall:3.0e+06 eff:0.3% logz-ratio=-5.90+/-0.07 dlogz:6.889>0.1]
7644it [1:46:44 bound:66 nc:743 ncall:3.0e+06 eff:0.3% logz-ratio=-5.86+/-0.07 dlogz:6.784>0.1]
7704it [1:48:38 bound:67 nc:935 ncall:3.1e+06 eff:0.3% logz-ratio=-5.82+/-0.07 dlogz:6.685>0.1]
7768it [1:50:42 bound:68 nc:657 ncall:3.1e+06 eff:0.2% logz-ratio=-5.78+/-0.07 dlogz:9.624>0.1]
7827it [1:52:28 bound:69 nc:1445 ncall:3.2e+06 eff:0.2% logz-ratio=-5.74+/-0.07 dlogz:9.528>0.1]
7887it [1:54:31 bound:70 nc:1023 ncall:3.2e+06 eff:0.2% logz-ratio=-5.70+/-0.07 dlogz:11.110>0.1]
7950it [1:56:30 bound:71 nc:873 ncall:3.3e+06 eff:0.2% logz-ratio=-5.66+/-0.07 dlogz:11.009>0.1]
8013it [1:58:46 bound:72 nc:1208 ncall:3.3e+06 eff:0.2% logz-ratio=-5.62+/-0.07 dlogz:10.909>0.1]
8077it [2:00:43 bound:73 nc:820 ncall:3.4e+06 eff:0.2% logz-ratio=-5.59+/-0.08 dlogz:10.808>0.1]
8139it [2:02:44 bound:74 nc:1646 ncall:3.4e+06 eff:0.2% logz-ratio=-5.55+/-0.08 dlogz:10.710>0.1]
8200it [2:05:11 bound:75 nc:978 ncall:3.5e+06 eff:0.2% logz-ratio=-5.51+/-0.08 dlogz:10.615>0.1]
8261it [2:07:05 bound:76 nc:898 ncall:3.6e+06 eff:0.2% logz-ratio=-5.48+/-0.08 dlogz:10.520>0.1]
8321it [2:09:18 bound:77 nc:962 ncall:3.6e+06 eff:0.2% logz-ratio=-5.44+/-0.08 dlogz:10.427>0.1]
8379it [2:11:31 bound:78 nc:1182 ncall:3.7e+06 eff:0.2% logz-ratio=-5.41+/-0.08 dlogz:10.338>0.1]
8442it [2:13:58 bound:79 nc:1253 ncall:3.7e+06 eff:0.2% logz-ratio=-5.38+/-0.08 dlogz:10.242>0.1]
8504it [2:16:09 bound:80 nc:407 ncall:3.8e+06 eff:0.2% logz-ratio=-5.34+/-0.08 dlogz:10.148>0.1]
8562it [2:18:32 bound:81 nc:659 ncall:3.8e+06 eff:0.2% logz-ratio=-5.31+/-0.08 dlogz:10.060>0.1]
8626it [2:21:10 bound:82 nc:1026 ncall:3.9e+06 eff:0.2% logz-ratio=-5.28+/-0.08 dlogz:9.963>0.1]
8685it [2:23:08 bound:83 nc:1103 ncall:3.9e+06 eff:0.2% logz-ratio=-5.25+/-0.08 dlogz:9.875>0.1]
8744it [2:25:01 bound:84 nc:834 ncall:4.0e+06 eff:0.2% logz-ratio=-5.22+/-0.08 dlogz:9.786>0.1]
8803it [2:27:27 bound:85 nc:950 ncall:4.0e+06 eff:0.2% logz-ratio=-5.19+/-0.08 dlogz:9.699>0.1]
8864it [2:29:57 bound:86 nc:1081 ncall:4.1e+06 eff:0.2% logz-ratio=-5.15+/-0.08 dlogz:9.609>0.1]
8925it [2:32:14 bound:87 nc:841 ncall:4.2e+06 eff:0.2% logz-ratio=-5.12+/-0.08 dlogz:9.519>0.1]
8986it [2:34:38 bound:88 nc:822 ncall:4.2e+06 eff:0.2% logz-ratio=-5.09+/-0.08 dlogz:9.429>0.1]
9047it [2:36:49 bound:89 nc:568 ncall:4.3e+06 eff:0.2% logz-ratio=-5.06+/-0.08 dlogz:9.340>0.1]
9105it [2:39:00 bound:90 nc:902 ncall:4.3e+06 eff:0.2% logz-ratio=-5.04+/-0.08 dlogz:9.256>0.1]
9164it [2:41:20 bound:91 nc:755 ncall:4.4e+06 eff:0.2% logz-ratio=-5.01+/-0.08 dlogz:9.171>0.1]
9228it [2:43:25 bound:92 nc:525 ncall:4.4e+06 eff:0.2% logz-ratio=-4.98+/-0.08 dlogz:9.079>0.1]
9289it [2:46:04 bound:93 nc:1260 ncall:4.5e+06 eff:0.2% logz-ratio=-4.95+/-0.08 dlogz:8.992>0.1]
9352it [2:48:25 bound:94 nc:1296 ncall:4.6e+06 eff:0.2% logz-ratio=-4.92+/-0.08 dlogz:8.902>0.1]
9412it [2:50:54 bound:95 nc:1683 ncall:4.6e+06 eff:0.2% logz-ratio=-4.90+/-0.08 dlogz:8.817>0.1]
9474it [2:53:10 bound:96 nc:1031 ncall:4.7e+06 eff:0.2% logz-ratio=-4.87+/-0.08 dlogz:8.729>0.1]
9538it [2:55:43 bound:97 nc:1410 ncall:4.7e+06 eff:0.2% logz-ratio=-4.84+/-0.08 dlogz:8.639>0.1]
9601it [2:58:29 bound:98 nc:712 ncall:4.8e+06 eff:0.2% logz-ratio=-4.82+/-0.08 dlogz:8.550>0.1]
9661it [3:01:00 bound:99 nc:1669 ncall:4.9e+06 eff:0.2% logz-ratio=-4.79+/-0.08 dlogz:8.466>0.1]
9721it [3:03:13 bound:100 nc:775 ncall:4.9e+06 eff:0.2% logz-ratio=-4.76+/-0.08 dlogz:8.382>0.1]
9782it [3:05:50 bound:101 nc:665 ncall:5.0e+06 eff:0.2% logz-ratio=-4.74+/-0.08 dlogz:8.297>0.1]
9845it [3:08:00 bound:102 nc:892 ncall:5.0e+06 eff:0.2% logz-ratio=-4.71+/-0.08 dlogz:8.210>0.1]
9908it [3:10:54 bound:103 nc:674 ncall:5.1e+06 eff:0.2% logz-ratio=-4.69+/-0.08 dlogz:8.123>0.1]
9971it [3:13:17 bound:104 nc:1154 ncall:5.2e+06 eff:0.2% logz-ratio=-4.66+/-0.08 dlogz:8.036>0.1]
10032it [3:15:48 bound:105 nc:993 ncall:5.2e+06 eff:0.2% logz-ratio=-4.64+/-0.08 dlogz:7.952>0.1]
10093it [3:18:44 bound:106 nc:714 ncall:5.3e+06 eff:0.2% logz-ratio=-4.61+/-0.08 dlogz:7.868>0.1]
10156it [3:21:16 bound:107 nc:525 ncall:5.4e+06 eff:0.2% logz-ratio=-4.59+/-0.08 dlogz:7.781>0.1]
10216it [3:23:55 bound:108 nc:1408 ncall:5.4e+06 eff:0.2% logz-ratio=-4.56+/-0.08 dlogz:7.698>0.1]
10277it [3:26:25 bound:109 nc:596 ncall:5.5e+06 eff:0.2% logz-ratio=-4.54+/-0.08 dlogz:7.615>0.1]
10339it [3:28:49 bound:110 nc:1242 ncall:5.6e+06 eff:0.2% logz-ratio=-4.52+/-0.08 dlogz:7.531>0.1]
10401it [3:31:11 bound:111 nc:2311 ncall:5.6e+06 eff:0.2% logz-ratio=-4.49+/-0.08 dlogz:7.447>0.1]
10462it [3:33:28 bound:112 nc:1457 ncall:5.7e+06 eff:0.2% logz-ratio=-4.47+/-0.08 dlogz:7.365>0.1]
10525it [3:35:44 bound:113 nc:1841 ncall:5.8e+06 eff:0.2% logz-ratio=-4.45+/-0.08 dlogz:7.280>0.1]
10586it [3:38:17 bound:114 nc:1312 ncall:5.8e+06 eff:0.2% logz-ratio=-4.42+/-0.08 dlogz:7.199>0.1]
10648it [3:40:45 bound:115 nc:1247 ncall:5.9e+06 eff:0.2% logz-ratio=-4.40+/-0.08 dlogz:7.116>0.1]
10709it [3:43:01 bound:116 nc:871 ncall:6.0e+06 eff:0.2% logz-ratio=-4.38+/-0.08 dlogz:7.036>0.1]
10770it [3:45:32 bound:117 nc:747 ncall:6.0e+06 eff:0.2% logz-ratio=-4.36+/-0.08 dlogz:6.955>0.1]
10832it [3:47:53 bound:118 nc:1000 ncall:6.1e+06 eff:0.2% logz-ratio=-4.34+/-0.08 dlogz:6.874>0.1]
10894it [3:50:35 bound:119 nc:973 ncall:6.2e+06 eff:0.2% logz-ratio=-4.32+/-0.08 dlogz:7.641>0.1]
10957it [3:52:58 bound:120 nc:857 ncall:6.2e+06 eff:0.2% logz-ratio=-4.30+/-0.08 dlogz:7.558>0.1]
11020it [3:55:45 bound:121 nc:1178 ncall:6.3e+06 eff:0.2% logz-ratio=-4.28+/-0.08 dlogz:7.475>0.1]
11083it [3:58:27 bound:122 nc:1521 ncall:6.4e+06 eff:0.2% logz-ratio=-4.25+/-0.08 dlogz:7.392>0.1]
11142it [4:00:57 bound:123 nc:1328 ncall:6.4e+06 eff:0.2% logz-ratio=-4.23+/-0.08 dlogz:7.314>0.1]
11206it [4:03:21 bound:124 nc:1015 ncall:6.5e+06 eff:0.2% logz-ratio=-4.21+/-0.08 dlogz:7.229>0.1]
11269it [4:06:21 bound:125 nc:762 ncall:6.6e+06 eff:0.2% logz-ratio=-4.19+/-0.08 dlogz:7.146>0.1]
11332it [4:09:06 bound:126 nc:1113 ncall:6.6e+06 eff:0.2% logz-ratio=-4.17+/-0.08 dlogz:7.121>0.1]
11395it [4:11:56 bound:127 nc:729 ncall:6.7e+06 eff:0.2% logz-ratio=-4.15+/-0.08 dlogz:7.039>0.1]
11459it [4:14:41 bound:128 nc:827 ncall:6.8e+06 eff:0.2% logz-ratio=-4.13+/-0.08 dlogz:6.956>0.1]
11521it [4:17:15 bound:129 nc:752 ncall:6.9e+06 eff:0.2% logz-ratio=-4.11+/-0.09 dlogz:6.875>0.1]
11583it [4:19:55 bound:130 nc:1297 ncall:6.9e+06 eff:0.2% logz-ratio=-4.09+/-0.09 dlogz:6.795>0.1]
11647it [4:22:40 bound:131 nc:1535 ncall:7.0e+06 eff:0.2% logz-ratio=-4.07+/-0.09 dlogz:6.711>0.1]
11709it [4:25:20 bound:132 nc:1256 ncall:7.1e+06 eff:0.2% logz-ratio=-4.05+/-0.09 dlogz:7.745>0.1]
11770it [4:28:15 bound:133 nc:1207 ncall:7.1e+06 eff:0.2% logz-ratio=-4.03+/-0.09 dlogz:7.665>0.1]
11833it [4:30:51 bound:134 nc:810 ncall:7.2e+06 eff:0.2% logz-ratio=-4.00+/-0.09 dlogz:7.583>0.1]
11894it [4:33:39 bound:135 nc:1204 ncall:7.3e+06 eff:0.2% logz-ratio=-3.98+/-0.09 dlogz:7.503>0.1]
11957it [4:36:31 bound:136 nc:1878 ncall:7.4e+06 eff:0.2% logz-ratio=-3.96+/-0.09 dlogz:7.421>0.1]
12021it [4:39:15 bound:137 nc:908 ncall:7.5e+06 eff:0.2% logz-ratio=-3.94+/-0.09 dlogz:7.705>0.1]
12082it [4:42:19 bound:138 nc:891 ncall:7.5e+06 eff:0.2% logz-ratio=-3.92+/-0.09 dlogz:7.625>0.1]
12144it [4:45:16 bound:139 nc:1959 ncall:7.6e+06 eff:0.2% logz-ratio=-3.90+/-0.09 dlogz:7.544>0.1]
12204it [4:48:12 bound:140 nc:737 ncall:7.7e+06 eff:0.2% logz-ratio=-3.88+/-0.09 dlogz:7.465>0.1]
12268it [4:51:05 bound:141 nc:1435 ncall:7.8e+06 eff:0.2% logz-ratio=-3.86+/-0.09 dlogz:7.381>0.1]
12332it [4:53:56 bound:142 nc:1656 ncall:7.9e+06 eff:0.2% logz-ratio=-3.84+/-0.09 dlogz:7.297>0.1]
12396it [4:56:51 bound:143 nc:1514 ncall:7.9e+06 eff:0.2% logz-ratio=-3.82+/-0.09 dlogz:7.634>0.1]
12460it [4:59:54 bound:144 nc:751 ncall:8.0e+06 eff:0.2% logz-ratio=-3.80+/-0.09 dlogz:7.550>0.1]
12522it [5:02:41 bound:145 nc:1621 ncall:8.1e+06 eff:0.2% logz-ratio=-3.78+/-0.09 dlogz:7.469>0.1]
12585it [5:05:34 bound:146 nc:1188 ncall:8.2e+06 eff:0.2% logz-ratio=-3.75+/-0.09 dlogz:7.387>0.1]
12646it [5:08:54 bound:147 nc:1742 ncall:8.3e+06 eff:0.2% logz-ratio=-3.73+/-0.09 dlogz:7.307>0.1]
12710it [5:11:52 bound:148 nc:1533 ncall:8.3e+06 eff:0.2% logz-ratio=-3.71+/-0.09 dlogz:7.222>0.1]
12773it [5:14:47 bound:149 nc:1315 ncall:8.4e+06 eff:0.2% logz-ratio=-3.69+/-0.09 dlogz:7.139>0.1]
12836it [5:17:42 bound:150 nc:1589 ncall:8.5e+06 eff:0.2% logz-ratio=-3.67+/-0.09 dlogz:7.056>0.1]
12899it [5:20:54 bound:151 nc:1023 ncall:8.6e+06 eff:0.2% logz-ratio=-3.65+/-0.09 dlogz:6.973>0.1]
12962it [5:23:47 bound:152 nc:1798 ncall:8.7e+06 eff:0.1% logz-ratio=-3.63+/-0.09 dlogz:6.890>0.1]
13025it [5:27:03 bound:153 nc:1735 ncall:8.8e+06 eff:0.1% logz-ratio=-3.60+/-0.09 dlogz:6.807>0.1]
13089it [5:30:11 bound:154 nc:1488 ncall:8.9e+06 eff:0.1% logz-ratio=-3.58+/-0.09 dlogz:7.717>0.1]
13152it [5:33:12 bound:155 nc:1016 ncall:8.9e+06 eff:0.1% logz-ratio=-3.56+/-0.09 dlogz:7.635>0.1]
13214it [5:36:19 bound:156 nc:1597 ncall:9.0e+06 eff:0.1% logz-ratio=-3.54+/-0.09 dlogz:7.553>0.1]
13275it [5:39:26 bound:157 nc:1211 ncall:9.1e+06 eff:0.1% logz-ratio=-3.52+/-0.09 dlogz:7.473>0.1]
13336it [5:42:37 bound:158 nc:1277 ncall:9.2e+06 eff:0.1% logz-ratio=-3.50+/-0.09 dlogz:7.393>0.1]
13397it [5:45:48 bound:159 nc:2264 ncall:9.3e+06 eff:0.1% logz-ratio=-3.48+/-0.09 dlogz:7.313>0.1]
13460it [5:48:46 bound:160 nc:1926 ncall:9.4e+06 eff:0.1% logz-ratio=-3.46+/-0.09 dlogz:7.230>0.1]
13520it [5:51:53 bound:161 nc:1378 ncall:9.5e+06 eff:0.1% logz-ratio=-3.44+/-0.09 dlogz:7.152>0.1]
13580it [5:55:06 bound:162 nc:3452 ncall:9.6e+06 eff:0.1% logz-ratio=-3.42+/-0.09 dlogz:7.073>0.1]
13641it [5:58:33 bound:163 nc:1196 ncall:9.7e+06 eff:0.1% logz-ratio=-3.40+/-0.09 dlogz:6.993>0.1]
13702it [6:01:50 bound:164 nc:1928 ncall:9.8e+06 eff:0.1% logz-ratio=-3.37+/-0.09 dlogz:6.913>0.1]
13764it [6:05:06 bound:165 nc:1803 ncall:9.9e+06 eff:0.1% logz-ratio=-3.35+/-0.09 dlogz:6.831>0.1]
13825it [6:08:11 bound:166 nc:1026 ncall:1.0e+07 eff:0.1% logz-ratio=-3.33+/-0.09 dlogz:6.751>0.1]
13887it [6:11:39 bound:167 nc:1316 ncall:1.0e+07 eff:0.1% logz-ratio=-3.31+/-0.09 dlogz:6.670>0.1]
13946it [6:15:04 bound:168 nc:997 ncall:1.0e+07 eff:0.1% logz-ratio=-3.29+/-0.09 dlogz:6.592>0.1]
14009it [6:18:16 bound:169 nc:2266 ncall:1.0e+07 eff:0.1% logz-ratio=-3.27+/-0.09 dlogz:6.509>0.1]
14071it [6:21:32 bound:170 nc:865 ncall:1.0e+07 eff:0.1% logz-ratio=-3.25+/-0.10 dlogz:6.428>0.1]
14134it [6:25:01 bound:171 nc:2049 ncall:1.0e+07 eff:0.1% logz-ratio=-3.23+/-0.10 dlogz:6.346>0.1]
14197it [6:28:18 bound:172 nc:1110 ncall:1.1e+07 eff:0.1% logz-ratio=-3.21+/-0.10 dlogz:6.263>0.1]
14260it [6:31:41 bound:173 nc:1009 ncall:1.1e+07 eff:0.1% logz-ratio=-3.19+/-0.10 dlogz:6.181>0.1]
14322it [6:35:13 bound:174 nc:1755 ncall:1.1e+07 eff:0.1% logz-ratio=-3.17+/-0.10 dlogz:6.100>0.1]
14385it [6:38:49 bound:175 nc:2286 ncall:1.1e+07 eff:0.1% logz-ratio=-3.15+/-0.10 dlogz:6.018>0.1]
14446it [6:42:09 bound:176 nc:1611 ncall:1.1e+07 eff:0.1% logz-ratio=-3.12+/-0.10 dlogz:5.937>0.1]
14508it [6:45:36 bound:177 nc:2021 ncall:1.1e+07 eff:0.1% logz-ratio=-3.10+/-0.10 dlogz:5.856>0.1]
14571it [6:49:11 bound:178 nc:1508 ncall:1.1e+07 eff:0.1% logz-ratio=-3.08+/-0.10 dlogz:5.773>0.1]
14632it [6:52:42 bound:179 nc:2024 ncall:1.1e+07 eff:0.1% logz-ratio=-3.06+/-0.10 dlogz:5.692>0.1]
14694it [6:56:16 bound:180 nc:2018 ncall:1.1e+07 eff:0.1% logz-ratio=-3.04+/-0.10 dlogz:5.611>0.1]
14758it [7:00:07 bound:181 nc:1414 ncall:1.1e+07 eff:0.1% logz-ratio=-3.02+/-0.10 dlogz:5.527>0.1]
14822it [7:03:41 bound:182 nc:1762 ncall:1.2e+07 eff:0.1% logz-ratio=-2.99+/-0.10 dlogz:5.443>0.1]
14883it [7:07:32 bound:183 nc:1099 ncall:1.2e+07 eff:0.1% logz-ratio=-2.97+/-0.10 dlogz:5.362>0.1]
14942it [7:11:12 bound:184 nc:2341 ncall:1.2e+07 eff:0.1% logz-ratio=-2.95+/-0.10 dlogz:5.285>0.1]
15005it [7:14:58 bound:185 nc:1490 ncall:1.2e+07 eff:0.1% logz-ratio=-2.93+/-0.10 dlogz:5.201>0.1]
15067it [7:18:34 bound:186 nc:2003 ncall:1.2e+07 eff:0.1% logz-ratio=-2.91+/-0.10 dlogz:5.120>0.1]
15129it [7:22:16 bound:187 nc:3858 ncall:1.2e+07 eff:0.1% logz-ratio=-2.89+/-0.10 dlogz:5.038>0.1]
15190it [7:26:02 bound:188 nc:1699 ncall:1.2e+07 eff:0.1% logz-ratio=-2.87+/-0.10 dlogz:5.380>0.1]
15254it [7:29:49 bound:189 nc:1385 ncall:1.2e+07 eff:0.1% logz-ratio=-2.84+/-0.10 dlogz:5.295>0.1]
15317it [7:33:24 bound:190 nc:1440 ncall:1.3e+07 eff:0.1% logz-ratio=-2.82+/-0.10 dlogz:5.212>0.1]
15379it [7:36:59 bound:191 nc:2050 ncall:1.3e+07 eff:0.1% logz-ratio=-2.80+/-0.10 dlogz:5.129>0.1]
15440it [7:40:37 bound:192 nc:1469 ncall:1.3e+07 eff:0.1% logz-ratio=-2.78+/-0.10 dlogz:5.049>0.1]
15503it [7:44:21 bound:193 nc:1617 ncall:1.3e+07 eff:0.1% logz-ratio=-2.75+/-0.10 dlogz:4.965>0.1]
15565it [7:48:09 bound:194 nc:2248 ncall:1.3e+07 eff:0.1% logz-ratio=-2.73+/-0.10 dlogz:4.883>0.1]
15626it [7:51:55 bound:195 nc:1820 ncall:1.3e+07 eff:0.1% logz-ratio=-2.71+/-0.10 dlogz:4.803>0.1]
15689it [7:55:37 bound:196 nc:2255 ncall:1.3e+07 eff:0.1% logz-ratio=-2.69+/-0.10 dlogz:4.720>0.1]
15752it [7:59:40 bound:197 nc:2026 ncall:1.3e+07 eff:0.1% logz-ratio=-2.67+/-0.10 dlogz:4.637>0.1]
15814it [8:03:26 bound:198 nc:1975 ncall:1.3e+07 eff:0.1% logz-ratio=-2.65+/-0.10 dlogz:4.556>0.1]
15874it [8:07:21 bound:199 nc:3831 ncall:1.4e+07 eff:0.1% logz-ratio=-2.63+/-0.10 dlogz:4.478>0.1]
15936it [8:11:04 bound:200 nc:1911 ncall:1.4e+07 eff:0.1% logz-ratio=-2.60+/-0.10 dlogz:4.398>0.1]
15998it [8:15:09 bound:201 nc:3749 ncall:1.4e+07 eff:0.1% logz-ratio=-2.58+/-0.10 dlogz:4.317>0.1]
16060it [8:19:09 bound:202 nc:2015 ncall:1.4e+07 eff:0.1% logz-ratio=-2.56+/-0.10 dlogz:4.523>0.1]
16121it [8:22:44 bound:203 nc:1783 ncall:1.4e+07 eff:0.1% logz-ratio=-2.54+/-0.10 dlogz:4.443>0.1]
16185it [8:26:37 bound:204 nc:1759 ncall:1.4e+07 eff:0.1% logz-ratio=-2.52+/-0.10 dlogz:4.360>0.1]
16248it [8:30:12 bound:205 nc:1578 ncall:1.4e+07 eff:0.1% logz-ratio=-2.50+/-0.10 dlogz:4.279>0.1]
16311it [8:33:57 bound:206 nc:1871 ncall:1.4e+07 eff:0.1% logz-ratio=-2.48+/-0.10 dlogz:4.197>0.1]
16373it [8:37:31 bound:207 nc:1800 ncall:1.4e+07 eff:0.1% logz-ratio=-2.46+/-0.10 dlogz:4.118>0.1]
16436it [8:41:23 bound:208 nc:1706 ncall:1.5e+07 eff:0.1% logz-ratio=-2.44+/-0.11 dlogz:4.481>0.1]
16498it [8:45:32 bound:209 nc:1800 ncall:1.5e+07 eff:0.1% logz-ratio=-2.42+/-0.11 dlogz:4.402>0.1]
16559it [8:49:12 bound:210 nc:2247 ncall:1.5e+07 eff:0.1% logz-ratio=-2.40+/-0.11 dlogz:4.324>0.1]
16617it [8:52:58 bound:211 nc:2576 ncall:1.5e+07 eff:0.1% logz-ratio=-2.38+/-0.11 dlogz:4.250>0.1]
16680it [8:56:54 bound:212 nc:1777 ncall:1.5e+07 eff:0.1% logz-ratio=-2.36+/-0.11 dlogz:4.171>0.1]
16742it [9:00:39 bound:213 nc:1567 ncall:1.5e+07 eff:0.1% logz-ratio=-2.34+/-0.11 dlogz:4.092>0.1]
16805it [9:04:14 bound:214 nc:1380 ncall:1.5e+07 eff:0.1% logz-ratio=-2.32+/-0.11 dlogz:4.013>0.1]
16867it [9:08:06 bound:215 nc:1913 ncall:1.5e+07 eff:0.1% logz-ratio=-2.30+/-0.11 dlogz:3.935>0.1]
16930it [9:11:55 bound:216 nc:1772 ncall:1.6e+07 eff:0.1% logz-ratio=-2.29+/-0.11 dlogz:3.856>0.1]
16992it [9:16:08 bound:217 nc:2131 ncall:1.6e+07 eff:0.1% logz-ratio=-2.27+/-0.11 dlogz:3.779>0.1]
17054it [9:20:03 bound:218 nc:1260 ncall:1.6e+07 eff:0.1% logz-ratio=-2.25+/-0.11 dlogz:3.702>0.1]
17116it [9:23:53 bound:219 nc:1970 ncall:1.6e+07 eff:0.1% logz-ratio=-2.23+/-0.11 dlogz:3.626>0.1]
17179it [9:27:39 bound:220 nc:1951 ncall:1.6e+07 eff:0.1% logz-ratio=-2.21+/-0.11 dlogz:3.549>0.1]
17241it [9:31:24 bound:221 nc:1880 ncall:1.6e+07 eff:0.1% logz-ratio=-2.20+/-0.11 dlogz:3.473>0.1]
17303it [9:35:11 bound:222 nc:2668 ncall:1.6e+07 eff:0.1% logz-ratio=-2.18+/-0.11 dlogz:3.398>0.1]
