self.parameters_ref
{'chirp_mass': 1.4867847675135448, 'symmetric_mass_ratio': 0.24999995594642316, 'a_1': 0.011080273335494708, 'a_2': 0.04692984939031852, 'tilt_1': 2.6219694401252394, 'tilt_2': 1.0090315132594154, 'phi_jl': 0.977223832370418, 'phi_12': 5.868535624409604, 'lambda_1': 100.0, 'lambda_2': 200.0, 'luminosity_distance': 160.68570884930463, 'phase': 5.904192752190891, 'theta_jn': 0.20643139003708647, 'psi': 0.3008124663367458, 'ra': 1.4454755957606107, 'dec': 0.07257856505111598, 'mass_ratio': 0.999160794522431, 'mass_1': 1.7085843239096237, 'mass_2': 1.7071504705861102, 'geocent_time': 1240215503.017147, 'duration': 128.0}
9938it [0:00:23 bound:0 nc: 38 ncall:4.6e+04 eff:21.8% logz-ratio=-3.03+/-0.02 dlogz:42.751>0.1]
14828it [0:01:28 bound:3 nc:717 ncall:2.0e+05 eff:7.5% logz-ratio=-1.25+/-0.02 dlogz:45.338>0.1]
15337it [0:02:35 bound:11 nc:841 ncall:5.8e+05 eff:2.6% logz-ratio=-1.06+/-0.03 dlogz:50.419>0.1]
15846it [0:03:41 bound:19 nc:687 ncall:9.7e+05 eff:1.6% logz-ratio=-0.87+/-0.03 dlogz:50.104>0.1]
16316it [0:04:41 bound:26 nc:885 ncall:1.3e+06 eff:1.2% logz-ratio=-0.69+/-0.03 dlogz:60.320>0.1]
16738it [0:05:45 bound:33 nc:718 ncall:1.6e+06 eff:1.0% logz-ratio=-0.52+/-0.03 dlogz:60.048>0.1]
17248it [0:06:53 bound:41 nc:699 ncall:2.0e+06 eff:0.8% logz-ratio=-0.31+/-0.03 dlogz:59.714>0.1]
17692it [0:07:55 bound:48 nc:771 ncall:2.4e+06 eff:0.7% logz-ratio=-0.12+/-0.03 dlogz:59.412>0.1]
18135it [0:08:55 bound:55 nc:739 ncall:2.7e+06 eff:0.7% logz-ratio=0.09+/-0.03 dlogz:59.099>0.1]
18579it [0:09:58 bound:62 nc:978 ncall:3.1e+06 eff:0.6% logz-ratio=0.31+/-0.03 dlogz:58.772>0.1]
19024it [0:11:01 bound:69 nc:757 ncall:3.4e+06 eff:0.6% logz-ratio=0.54+/-0.03 dlogz:58.431>0.1]
19471it [0:12:05 bound:76 nc:860 ncall:3.8e+06 eff:0.5% logz-ratio=0.79+/-0.03 dlogz:58.074>0.1]
19916it [0:13:07 bound:83 nc:1190 ncall:4.1e+06 eff:0.5% logz-ratio=1.04+/-0.03 dlogz:57.710>0.1]
20362it [0:14:08 bound:90 nc:708 ncall:4.5e+06 eff:0.5% logz-ratio=1.31+/-0.03 dlogz:57.330>0.1]
20804it [0:15:10 bound:97 nc:895 ncall:4.8e+06 eff:0.4% logz-ratio=1.60+/-0.03 dlogz:56.935>0.1]
21250it [0:16:11 bound:104 nc:721 ncall:5.2e+06 eff:0.4% logz-ratio=1.91+/-0.03 dlogz:56.514>0.1]
21696it [0:17:14 bound:111 nc:540 ncall:5.5e+06 eff:0.4% logz-ratio=2.25+/-0.03 dlogz:56.070>0.1]
22139it [0:18:18 bound:118 nc:557 ncall:5.8e+06 eff:0.4% logz-ratio=2.59+/-0.04 dlogz:55.616>0.1]
22580it [0:19:22 bound:125 nc:584 ncall:6.2e+06 eff:0.4% logz-ratio=2.96+/-0.04 dlogz:55.145>0.1]
23025it [0:20:25 bound:132 nc:650 ncall:6.5e+06 eff:0.4% logz-ratio=3.34+/-0.04 dlogz:54.654>0.1]
23468it [0:21:31 bound:139 nc:1047 ncall:6.9e+06 eff:0.3% logz-ratio=3.74+/-0.04 dlogz:54.142>0.1]
23912it [0:22:32 bound:146 nc:625 ncall:7.2e+06 eff:0.3% logz-ratio=4.18+/-0.04 dlogz:53.595>0.1]
24355it [0:23:37 bound:153 nc:683 ncall:7.6e+06 eff:0.3% logz-ratio=4.64+/-0.04 dlogz:53.029>0.1]
24797it [0:24:41 bound:160 nc:573 ncall:7.9e+06 eff:0.3% logz-ratio=5.12+/-0.04 dlogz:52.442>0.1]
25308it [0:25:52 bound:168 nc:863 ncall:8.3e+06 eff:0.3% logz-ratio=5.70+/-0.04 dlogz:51.741>0.1]
25755it [0:26:54 bound:175 nc:990 ncall:8.7e+06 eff:0.3% logz-ratio=6.24+/-0.04 dlogz:51.084>0.1]
26201it [0:27:57 bound:182 nc:934 ncall:9.0e+06 eff:0.3% logz-ratio=6.81+/-0.04 dlogz:50.408>0.1]
26648it [0:29:02 bound:189 nc:681 ncall:9.4e+06 eff:0.3% logz-ratio=7.40+/-0.04 dlogz:49.712>0.1]
27095it [0:30:04 bound:196 nc:893 ncall:9.7e+06 eff:0.3% logz-ratio=8.00+/-0.04 dlogz:48.998>0.1]
27542it [0:31:08 bound:203 nc:893 ncall:1.0e+07 eff:0.3% logz-ratio=8.63+/-0.04 dlogz:48.264>0.1]
27987it [0:32:10 bound:210 nc:706 ncall:1.0e+07 eff:0.3% logz-ratio=9.27+/-0.04 dlogz:53.550>0.1]
28430it [0:33:15 bound:217 nc:585 ncall:1.1e+07 eff:0.3% logz-ratio=9.95+/-0.04 dlogz:52.766>0.1]
28876it [0:34:19 bound:224 nc:589 ncall:1.1e+07 eff:0.3% logz-ratio=10.66+/-0.04 dlogz:51.944>0.1]
29321it [0:35:22 bound:231 nc:648 ncall:1.1e+07 eff:0.3% logz-ratio=11.43+/-0.04 dlogz:51.067>0.1]
29763it [0:36:25 bound:238 nc:727 ncall:1.2e+07 eff:0.3% logz-ratio=12.18+/-0.04 dlogz:50.208>0.1]
30207it [0:37:28 bound:245 nc:842 ncall:1.2e+07 eff:0.2% logz-ratio=12.94+/-0.04 dlogz:49.341>0.1]
30651it [0:38:32 bound:252 nc:1135 ncall:1.2e+07 eff:0.2% logz-ratio=13.70+/-0.04 dlogz:48.474>0.1]
31095it [0:39:34 bound:259 nc:816 ncall:1.3e+07 eff:0.2% logz-ratio=14.49+/-0.05 dlogz:47.579>0.1]
31540it [0:40:39 bound:266 nc:650 ncall:1.3e+07 eff:0.2% logz-ratio=15.29+/-0.05 dlogz:46.664>0.1]
31987it [0:41:44 bound:273 nc:591 ncall:1.3e+07 eff:0.2% logz-ratio=16.12+/-0.05 dlogz:45.727>0.1]
32431it [0:42:47 bound:280 nc:925 ncall:1.4e+07 eff:0.2% logz-ratio=16.96+/-0.05 dlogz:44.776>0.1]
32876it [0:43:50 bound:287 nc:428 ncall:1.4e+07 eff:0.2% logz-ratio=17.80+/-0.05 dlogz:43.830>0.1]
33323it [0:44:52 bound:294 nc:781 ncall:1.4e+07 eff:0.2% logz-ratio=18.60+/-0.05 dlogz:42.918>0.1]
33768it [0:45:57 bound:301 nc:691 ncall:1.5e+07 eff:0.2% logz-ratio=19.37+/-0.05 dlogz:42.038>0.1]
34214it [0:47:00 bound:308 nc:990 ncall:1.5e+07 eff:0.2% logz-ratio=20.16+/-0.05 dlogz:41.142>0.1]
34657it [0:48:06 bound:315 nc:485 ncall:1.5e+07 eff:0.2% logz-ratio=20.94+/-0.05 dlogz:40.505>0.1]
35101it [0:49:13 bound:322 nc:1082 ncall:1.6e+07 eff:0.2% logz-ratio=21.66+/-0.05 dlogz:39.673>0.1]
35544it [0:50:18 bound:329 nc:778 ncall:1.6e+07 eff:0.2% logz-ratio=22.35+/-0.05 dlogz:38.870>0.1]
35961it [0:51:18 bound:335 nc:652 ncall:1.6e+07 eff:0.2% logz-ratio=22.98+/-0.05 dlogz:38.145>0.1]
36306it [0:52:19 bound:341 nc:604 ncall:1.7e+07 eff:0.2% logz-ratio=23.50+/-0.05 dlogz:37.541>0.1]
36750it [0:53:28 bound:348 nc:673 ncall:1.7e+07 eff:0.2% logz-ratio=24.18+/-0.05 dlogz:36.748>0.1]
37198it [0:54:32 bound:355 nc:637 ncall:1.7e+07 eff:0.2% logz-ratio=24.88+/-0.05 dlogz:35.937>0.1]
37642it [0:55:40 bound:362 nc:536 ncall:1.8e+07 eff:0.2% logz-ratio=25.58+/-0.05 dlogz:35.130>0.1]
38087it [0:56:47 bound:369 nc:680 ncall:1.8e+07 eff:0.2% logz-ratio=26.26+/-0.05 dlogz:39.065>0.1]
38532it [0:57:54 bound:376 nc:750 ncall:1.8e+07 eff:0.2% logz-ratio=26.91+/-0.05 dlogz:38.305>0.1]
38976it [0:59:02 bound:383 nc:1042 ncall:1.9e+07 eff:0.2% logz-ratio=27.56+/-0.05 dlogz:37.548>0.1]
39422it [1:00:08 bound:390 nc:539 ncall:1.9e+07 eff:0.2% logz-ratio=28.20+/-0.05 dlogz:36.795>0.1]
39611it [1:01:16 bound:393 nc:839 ncall:1.9e+07 eff:0.2% logz-ratio=28.48+/-0.05 dlogz:36.477>0.1]
39991it [1:02:17 bound:399 nc:853 ncall:2.0e+07 eff:0.2% logz-ratio=29.01+/-0.05 dlogz:35.849>0.1]
40437it [1:03:25 bound:406 nc:746 ncall:2.0e+07 eff:0.2% logz-ratio=29.63+/-0.05 dlogz:35.121>0.1]
40882it [1:04:34 bound:413 nc:368 ncall:2.0e+07 eff:0.2% logz-ratio=30.24+/-0.05 dlogz:34.646>0.1]
41324it [1:05:43 bound:420 nc:948 ncall:2.1e+07 eff:0.2% logz-ratio=30.83+/-0.05 dlogz:33.944>0.1]
41705it [1:06:44 bound:426 nc:534 ncall:2.1e+07 eff:0.2% logz-ratio=31.35+/-0.05 dlogz:33.330>0.1]
42086it [1:07:44 bound:432 nc:993 ncall:2.1e+07 eff:0.2% logz-ratio=31.85+/-0.05 dlogz:32.740>0.1]
42531it [1:08:53 bound:439 nc:1074 ncall:2.2e+07 eff:0.2% logz-ratio=32.40+/-0.05 dlogz:32.079>0.1]
42976it [1:10:01 bound:446 nc:878 ncall:2.2e+07 eff:0.2% logz-ratio=32.92+/-0.05 dlogz:31.450>0.1]
43421it [1:11:11 bound:453 nc:1221 ncall:2.2e+07 eff:0.2% logz-ratio=33.43+/-0.05 dlogz:30.837>0.1]
43801it [1:12:14 bound:459 nc:740 ncall:2.3e+07 eff:0.2% logz-ratio=33.85+/-0.05 dlogz:30.325>0.1]
44183it [1:13:14 bound:465 nc:1243 ncall:2.3e+07 eff:0.2% logz-ratio=34.26+/-0.05 dlogz:29.815>0.1]
44565it [1:14:14 bound:471 nc:1148 ncall:2.3e+07 eff:0.2% logz-ratio=34.67+/-0.05 dlogz:29.311>0.1]
44947it [1:15:20 bound:477 nc:444 ncall:2.3e+07 eff:0.2% logz-ratio=35.07+/-0.05 dlogz:28.821>0.1]
45324it [1:16:22 bound:483 nc:1046 ncall:2.4e+07 eff:0.2% logz-ratio=35.45+/-0.05 dlogz:28.347>0.1]
45704it [1:17:25 bound:489 nc:809 ncall:2.4e+07 eff:0.2% logz-ratio=35.84+/-0.05 dlogz:27.866>0.1]
46087it [1:18:29 bound:495 nc:1121 ncall:2.4e+07 eff:0.2% logz-ratio=36.23+/-0.05 dlogz:27.384>0.1]
46467it [1:19:31 bound:501 nc:731 ncall:2.5e+07 eff:0.2% logz-ratio=36.62+/-0.05 dlogz:26.905>0.1]
46846it [1:20:34 bound:507 nc:992 ncall:2.5e+07 eff:0.2% logz-ratio=37.00+/-0.05 dlogz:26.433>0.1]
47228it [1:21:35 bound:513 nc:745 ncall:2.5e+07 eff:0.2% logz-ratio=37.37+/-0.05 dlogz:25.961>0.1]
47607it [1:22:35 bound:519 nc:698 ncall:2.5e+07 eff:0.2% logz-ratio=37.75+/-0.05 dlogz:25.488>0.1]
47986it [1:23:36 bound:525 nc:1148 ncall:2.6e+07 eff:0.2% logz-ratio=38.13+/-0.05 dlogz:25.018>0.1]
48366it [1:24:37 bound:531 nc:2170 ncall:2.6e+07 eff:0.2% logz-ratio=38.50+/-0.05 dlogz:24.554>0.1]
48743it [1:25:43 bound:537 nc:984 ncall:2.6e+07 eff:0.2% logz-ratio=38.87+/-0.05 dlogz:24.099>0.1]
49123it [1:26:48 bound:543 nc:651 ncall:2.7e+07 eff:0.2% logz-ratio=39.23+/-0.05 dlogz:23.647>0.1]
49567it [1:27:55 bound:550 nc:522 ncall:2.7e+07 eff:0.2% logz-ratio=39.65+/-0.05 dlogz:23.120>0.1]
49947it [1:28:57 bound:556 nc:939 ncall:2.7e+07 eff:0.2% logz-ratio=40.00+/-0.05 dlogz:22.672>0.1]
50327it [1:29:59 bound:562 nc:953 ncall:2.8e+07 eff:0.2% logz-ratio=40.36+/-0.05 dlogz:22.223>0.1]
50707it [1:31:06 bound:568 nc:716 ncall:2.8e+07 eff:0.2% logz-ratio=40.71+/-0.06 dlogz:21.777>0.1]
51087it [1:32:07 bound:574 nc:611 ncall:2.8e+07 eff:0.2% logz-ratio=41.06+/-0.06 dlogz:21.337>0.1]
51468it [1:33:09 bound:580 nc:1187 ncall:2.8e+07 eff:0.2% logz-ratio=41.40+/-0.06 dlogz:20.902>0.1]
51849it [1:34:10 bound:586 nc:1089 ncall:2.9e+07 eff:0.2% logz-ratio=41.74+/-0.06 dlogz:20.464>0.1]
52224it [1:35:12 bound:592 nc:847 ncall:2.9e+07 eff:0.2% logz-ratio=42.08+/-0.06 dlogz:20.040>0.1]
52604it [1:36:17 bound:598 nc:1305 ncall:2.9e+07 eff:0.2% logz-ratio=42.41+/-0.06 dlogz:19.614>0.1]
52984it [1:37:22 bound:604 nc:1340 ncall:3.0e+07 eff:0.2% logz-ratio=42.72+/-0.06 dlogz:19.207>0.1]
53365it [1:38:22 bound:610 nc:1205 ncall:3.0e+07 eff:0.2% logz-ratio=43.03+/-0.06 dlogz:18.810>0.1]
53744it [1:39:24 bound:616 nc:360 ncall:3.0e+07 eff:0.2% logz-ratio=43.32+/-0.06 dlogz:19.964>0.1]
54121it [1:40:27 bound:622 nc:299 ncall:3.0e+07 eff:0.2% logz-ratio=43.62+/-0.06 dlogz:19.575>0.1]
54500it [1:41:31 bound:628 nc:998 ncall:3.1e+07 eff:0.2% logz-ratio=43.92+/-0.06 dlogz:19.180>0.1]
54879it [1:42:35 bound:634 nc:750 ncall:3.1e+07 eff:0.2% logz-ratio=44.22+/-0.06 dlogz:18.790>0.1]
55255it [1:43:41 bound:640 nc:482 ncall:3.1e+07 eff:0.2% logz-ratio=44.51+/-0.06 dlogz:18.402>0.1]
55636it [1:44:43 bound:646 nc:370 ncall:3.2e+07 eff:0.2% logz-ratio=44.80+/-0.06 dlogz:18.748>0.1]
56014it [1:45:51 bound:652 nc:537 ncall:3.2e+07 eff:0.2% logz-ratio=45.08+/-0.06 dlogz:18.378>0.1]
56389it [1:46:58 bound:658 nc:741 ncall:3.2e+07 eff:0.2% logz-ratio=45.35+/-0.06 dlogz:18.022>0.1]
56769it [1:48:06 bound:664 nc:547 ncall:3.3e+07 eff:0.2% logz-ratio=45.61+/-0.06 dlogz:17.667>0.1]
57143it [1:49:09 bound:670 nc:1335 ncall:3.3e+07 eff:0.2% logz-ratio=45.86+/-0.06 dlogz:17.323>0.1]
57520it [1:50:15 bound:676 nc:1131 ncall:3.3e+07 eff:0.2% logz-ratio=46.11+/-0.06 dlogz:18.418>0.1]
57892it [1:51:21 bound:682 nc:847 ncall:3.3e+07 eff:0.2% logz-ratio=46.35+/-0.06 dlogz:18.082>0.1]
58270it [1:52:25 bound:688 nc:1411 ncall:3.4e+07 eff:0.2% logz-ratio=46.60+/-0.06 dlogz:17.747>0.1]
58646it [1:53:31 bound:694 nc:1277 ncall:3.4e+07 eff:0.2% logz-ratio=46.84+/-0.06 dlogz:17.414>0.1]
59025it [1:54:34 bound:700 nc:1079 ncall:3.4e+07 eff:0.2% logz-ratio=47.08+/-0.06 dlogz:17.082>0.1]
59399it [1:55:40 bound:706 nc:793 ncall:3.5e+07 eff:0.2% logz-ratio=47.31+/-0.06 dlogz:16.762>0.1]
59780it [1:56:46 bound:712 nc:1177 ncall:3.5e+07 eff:0.2% logz-ratio=47.53+/-0.06 dlogz:16.441>0.1]
60151it [1:57:52 bound:718 nc:533 ncall:3.5e+07 eff:0.2% logz-ratio=47.75+/-0.06 dlogz:16.135>0.1]
60530it [1:58:59 bound:724 nc:989 ncall:3.6e+07 eff:0.2% logz-ratio=47.96+/-0.06 dlogz:15.830>0.1]
60905it [2:00:07 bound:730 nc:979 ncall:3.6e+07 eff:0.2% logz-ratio=48.17+/-0.06 dlogz:15.533>0.1]
61043it [2:01:26 bound:732 nc:1239 ncall:3.6e+07 eff:0.2% logz-ratio=48.24+/-0.06 dlogz:15.424>0.1]
61404it [2:02:30 bound:738 nc:588 ncall:3.6e+07 eff:0.2% logz-ratio=48.44+/-0.06 dlogz:15.138>0.1]
61777it [2:03:40 bound:744 nc:910 ncall:3.7e+07 eff:0.2% logz-ratio=48.64+/-0.06 dlogz:14.845>0.1]
62152it [2:04:42 bound:750 nc:689 ncall:3.7e+07 eff:0.2% logz-ratio=48.84+/-0.06 dlogz:14.555>0.1]
62531it [2:05:48 bound:756 nc:826 ncall:3.7e+07 eff:0.2% logz-ratio=49.04+/-0.06 dlogz:14.266>0.1]
62907it [2:06:58 bound:762 nc:755 ncall:3.7e+07 eff:0.2% logz-ratio=49.23+/-0.06 dlogz:13.986>0.1]
63284it [2:08:06 bound:768 nc:631 ncall:3.8e+07 eff:0.2% logz-ratio=49.41+/-0.06 dlogz:14.037>0.1]
63655it [2:09:13 bound:774 nc:610 ncall:3.8e+07 eff:0.2% logz-ratio=49.60+/-0.06 dlogz:13.764>0.1]
64025it [2:10:23 bound:780 nc:526 ncall:3.8e+07 eff:0.2% logz-ratio=49.78+/-0.06 dlogz:15.920>0.1]
64398it [2:11:33 bound:786 nc:745 ncall:3.9e+07 eff:0.2% logz-ratio=49.96+/-0.06 dlogz:15.648>0.1]
64762it [2:12:41 bound:792 nc:634 ncall:3.9e+07 eff:0.2% logz-ratio=50.14+/-0.06 dlogz:15.381>0.1]
65134it [2:13:49 bound:798 nc:868 ncall:3.9e+07 eff:0.2% logz-ratio=50.32+/-0.06 dlogz:15.107>0.1]
65508it [2:14:58 bound:804 nc:633 ncall:4.0e+07 eff:0.2% logz-ratio=50.50+/-0.06 dlogz:14.838>0.1]
65877it [2:16:04 bound:810 nc:1022 ncall:4.0e+07 eff:0.2% logz-ratio=50.67+/-0.06 dlogz:14.626>0.1]
66250it [2:17:12 bound:816 nc:491 ncall:4.0e+07 eff:0.2% logz-ratio=50.84+/-0.06 dlogz:14.363>0.1]
66622it [2:18:20 bound:822 nc:1320 ncall:4.1e+07 eff:0.2% logz-ratio=51.01+/-0.06 dlogz:14.101>0.1]
66928it [2:19:22 bound:827 nc:1090 ncall:4.1e+07 eff:0.2% logz-ratio=51.15+/-0.06 dlogz:13.887>0.1]
67239it [2:20:23 bound:832 nc:489 ncall:4.1e+07 eff:0.2% logz-ratio=51.29+/-0.06 dlogz:13.671>0.1]
67612it [2:21:31 bound:838 nc:557 ncall:4.1e+07 eff:0.2% logz-ratio=51.45+/-0.06 dlogz:13.417>0.1]
67985it [2:22:42 bound:844 nc:586 ncall:4.2e+07 eff:0.2% logz-ratio=51.61+/-0.06 dlogz:13.167>0.1]
68355it [2:23:50 bound:850 nc:342 ncall:4.2e+07 eff:0.2% logz-ratio=51.77+/-0.06 dlogz:12.923>0.1]
68716it [2:24:58 bound:856 nc:1359 ncall:4.2e+07 eff:0.2% logz-ratio=51.91+/-0.06 dlogz:12.688>0.1]
69085it [2:26:08 bound:862 nc:1328 ncall:4.3e+07 eff:0.2% logz-ratio=52.06+/-0.06 dlogz:12.448>0.1]
69398it [2:27:09 bound:867 nc:1181 ncall:4.3e+07 eff:0.2% logz-ratio=52.19+/-0.06 dlogz:12.247>0.1]
69767it [2:28:19 bound:873 nc:785 ncall:4.3e+07 eff:0.2% logz-ratio=52.33+/-0.06 dlogz:12.013>0.1]
70133it [2:29:30 bound:879 nc:805 ncall:4.4e+07 eff:0.2% logz-ratio=52.47+/-0.06 dlogz:11.782>0.1]
70500it [2:30:40 bound:885 nc:652 ncall:4.4e+07 eff:0.2% logz-ratio=52.61+/-0.06 dlogz:11.553>0.1]
70804it [2:31:41 bound:890 nc:729 ncall:4.4e+07 eff:0.2% logz-ratio=52.73+/-0.06 dlogz:11.364>0.1]
71114it [2:32:43 bound:895 nc:698 ncall:4.4e+07 eff:0.2% logz-ratio=52.84+/-0.06 dlogz:11.173>0.1]
71488it [2:33:52 bound:901 nc:1304 ncall:4.5e+07 eff:0.2% logz-ratio=52.98+/-0.06 dlogz:10.947>0.1]
71861it [2:35:01 bound:907 nc:1223 ncall:4.5e+07 eff:0.2% logz-ratio=53.11+/-0.06 dlogz:10.725>0.1]
72165it [2:36:01 bound:912 nc:775 ncall:4.5e+07 eff:0.2% logz-ratio=53.21+/-0.06 dlogz:10.545>0.1]
72532it [2:37:12 bound:918 nc:942 ncall:4.6e+07 eff:0.2% logz-ratio=53.34+/-0.06 dlogz:10.330>0.1]
72831it [2:38:12 bound:923 nc:779 ncall:4.6e+07 eff:0.2% logz-ratio=53.44+/-0.06 dlogz:10.156>0.1]
73141it [2:39:13 bound:928 nc:865 ncall:4.6e+07 eff:0.2% logz-ratio=53.54+/-0.06 dlogz:9.977>0.1]
73445it [2:40:14 bound:933 nc:1010 ncall:4.6e+07 eff:0.2% logz-ratio=53.64+/-0.06 dlogz:9.804>0.1]
73756it [2:41:14 bound:938 nc:896 ncall:4.7e+07 eff:0.2% logz-ratio=53.74+/-0.06 dlogz:9.630>0.1]
74060it [2:42:16 bound:943 nc:853 ncall:4.7e+07 eff:0.2% logz-ratio=53.83+/-0.06 dlogz:11.012>0.1]
74372it [2:43:17 bound:948 nc:689 ncall:4.7e+07 eff:0.2% logz-ratio=53.93+/-0.06 dlogz:10.842>0.1]
74736it [2:44:29 bound:954 nc:1857 ncall:4.7e+07 eff:0.2% logz-ratio=54.04+/-0.06 dlogz:10.645>0.1]
75102it [2:45:38 bound:960 nc:583 ncall:4.8e+07 eff:0.2% logz-ratio=54.14+/-0.06 dlogz:10.450>0.1]
75406it [2:46:39 bound:965 nc:764 ncall:4.8e+07 eff:0.2% logz-ratio=54.23+/-0.06 dlogz:10.289>0.1]
75710it [2:47:41 bound:970 nc:937 ncall:4.8e+07 eff:0.2% logz-ratio=54.31+/-0.06 dlogz:10.132>0.1]
76012it [2:48:43 bound:975 nc:1428 ncall:4.9e+07 eff:0.2% logz-ratio=54.39+/-0.06 dlogz:9.977>0.1]
76375it [2:49:53 bound:981 nc:564 ncall:4.9e+07 eff:0.2% logz-ratio=54.49+/-0.06 dlogz:9.792>0.1]
76681it [2:50:58 bound:986 nc:1079 ncall:4.9e+07 eff:0.2% logz-ratio=54.57+/-0.06 dlogz:9.636>0.1]
76989it [2:52:00 bound:991 nc:853 ncall:4.9e+07 eff:0.2% logz-ratio=54.65+/-0.06 dlogz:9.481>0.1]
77294it [2:53:04 bound:996 nc:740 ncall:5.0e+07 eff:0.2% logz-ratio=54.73+/-0.06 dlogz:9.329>0.1]
77605it [2:54:07 bound:1001 nc:938 ncall:5.0e+07 eff:0.2% logz-ratio=54.81+/-0.07 dlogz:9.175>0.1]
77906it [2:55:09 bound:1006 nc:1080 ncall:5.0e+07 eff:0.2% logz-ratio=54.88+/-0.07 dlogz:9.028>0.1]
78214it [2:56:12 bound:1011 nc:584 ncall:5.1e+07 eff:0.2% logz-ratio=54.95+/-0.07 dlogz:8.878>0.1]
78520it [2:57:18 bound:1016 nc:927 ncall:5.1e+07 eff:0.2% logz-ratio=55.03+/-0.07 dlogz:8.731>0.1]
78828it [2:58:21 bound:1021 nc:905 ncall:5.1e+07 eff:0.2% logz-ratio=55.10+/-0.07 dlogz:8.584>0.1]
79131it [2:59:22 bound:1026 nc:987 ncall:5.1e+07 eff:0.2% logz-ratio=55.17+/-0.07 dlogz:8.442>0.1]
79437it [3:00:22 bound:1031 nc:799 ncall:5.2e+07 eff:0.2% logz-ratio=55.24+/-0.07 dlogz:8.299>0.1]
79667it [3:02:14 bound:1034 nc:992 ncall:5.2e+07 eff:0.2% logz-ratio=55.29+/-0.07 dlogz:8.191>0.1]
79916it [3:03:15 bound:1039 nc:483 ncall:5.2e+07 eff:0.2% logz-ratio=55.34+/-0.07 dlogz:8.076>0.1]
80274it [3:04:24 bound:1045 nc:963 ncall:5.2e+07 eff:0.2% logz-ratio=55.42+/-0.07 dlogz:7.911>0.1]
80579it [3:05:25 bound:1050 nc:499 ncall:5.3e+07 eff:0.2% logz-ratio=55.48+/-0.07 dlogz:7.772>0.1]
80881it [3:06:26 bound:1055 nc:555 ncall:5.3e+07 eff:0.2% logz-ratio=55.55+/-0.07 dlogz:7.635>0.1]
81192it [3:07:27 bound:1060 nc:826 ncall:5.3e+07 eff:0.2% logz-ratio=55.61+/-0.07 dlogz:7.495>0.1]
81487it [3:08:29 bound:1065 nc:877 ncall:5.3e+07 eff:0.2% logz-ratio=55.67+/-0.07 dlogz:7.364>0.1]
81783it [3:09:29 bound:1070 nc:668 ncall:5.4e+07 eff:0.2% logz-ratio=55.73+/-0.07 dlogz:7.233>0.1]
82090it [3:10:32 bound:1075 nc:1343 ncall:5.4e+07 eff:0.2% logz-ratio=55.79+/-0.07 dlogz:7.098>0.1]
82382it [3:11:33 bound:1080 nc:1580 ncall:5.4e+07 eff:0.2% logz-ratio=55.84+/-0.07 dlogz:6.971>0.1]
82685it [3:12:35 bound:1085 nc:1721 ncall:5.4e+07 eff:0.2% logz-ratio=55.90+/-0.07 dlogz:6.841>0.1]
83051it [3:13:46 bound:1091 nc:1610 ncall:5.5e+07 eff:0.2% logz-ratio=55.97+/-0.07 dlogz:6.685>0.1]
83358it [3:14:47 bound:1096 nc:860 ncall:5.5e+07 eff:0.2% logz-ratio=56.02+/-0.07 dlogz:6.555>0.1]
83664it [3:15:48 bound:1101 nc:1086 ncall:5.5e+07 eff:0.2% logz-ratio=56.08+/-0.07 dlogz:6.427>0.1]
83970it [3:16:49 bound:1106 nc:310 ncall:5.6e+07 eff:0.2% logz-ratio=56.13+/-0.07 dlogz:6.299>0.1]
84270it [3:17:50 bound:1111 nc:766 ncall:5.6e+07 eff:0.2% logz-ratio=56.18+/-0.07 dlogz:6.174>0.1]
84636it [3:19:01 bound:1117 nc:1087 ncall:5.6e+07 eff:0.2% logz-ratio=56.24+/-0.07 dlogz:6.023>0.1]
84935it [3:20:02 bound:1122 nc:897 ncall:5.6e+07 eff:0.2% logz-ratio=56.29+/-0.07 dlogz:5.901>0.1]
85298it [3:21:13 bound:1128 nc:781 ncall:5.7e+07 eff:0.2% logz-ratio=56.35+/-0.07 dlogz:5.755>0.1]
85599it [3:22:16 bound:1133 nc:1023 ncall:5.7e+07 eff:0.1% logz-ratio=56.40+/-0.07 dlogz:5.635>0.1]
85900it [3:23:17 bound:1138 nc:1241 ncall:5.7e+07 eff:0.1% logz-ratio=56.44+/-0.07 dlogz:5.516>0.1]
86199it [3:24:18 bound:1143 nc:488 ncall:5.8e+07 eff:0.1% logz-ratio=56.49+/-0.07 dlogz:5.399>0.1]
86499it [3:25:21 bound:1148 nc:743 ncall:5.8e+07 eff:0.1% logz-ratio=56.53+/-0.07 dlogz:5.629>0.1]
86805it [3:26:26 bound:1153 nc:663 ncall:5.8e+07 eff:0.1% logz-ratio=56.58+/-0.07 dlogz:5.510>0.1]
87105it [3:27:27 bound:1158 nc:1238 ncall:5.8e+07 eff:0.1% logz-ratio=56.62+/-0.07 dlogz:5.395>0.1]
87472it [3:28:38 bound:1164 nc:891 ncall:5.9e+07 eff:0.1% logz-ratio=56.67+/-0.07 dlogz:5.255>0.1]
87841it [3:29:51 bound:1170 nc:1063 ncall:5.9e+07 eff:0.1% logz-ratio=56.72+/-0.07 dlogz:5.116>0.1]
88142it [3:30:53 bound:1175 nc:863 ncall:5.9e+07 eff:0.1% logz-ratio=56.76+/-0.07 dlogz:5.582>0.1]
88508it [3:32:05 bound:1181 nc:724 ncall:6.0e+07 eff:0.1% logz-ratio=56.81+/-0.07 dlogz:5.445>0.1]
88816it [3:33:10 bound:1186 nc:479 ncall:6.0e+07 eff:0.1% logz-ratio=56.85+/-0.07 dlogz:5.331>0.1]
89109it [3:34:12 bound:1191 nc:808 ncall:6.0e+07 eff:0.1% logz-ratio=56.88+/-0.07 dlogz:5.223>0.1]
89416it [3:35:16 bound:1196 nc:675 ncall:6.1e+07 eff:0.1% logz-ratio=56.92+/-0.07 dlogz:5.111>0.1]
89722it [3:36:17 bound:1201 nc:418 ncall:6.1e+07 eff:0.1% logz-ratio=56.96+/-0.07 dlogz:5.114>0.1]
90022it [3:37:21 bound:1206 nc:782 ncall:6.1e+07 eff:0.1% logz-ratio=56.99+/-0.07 dlogz:5.006>0.1]
90331it [3:38:24 bound:1211 nc:934 ncall:6.2e+07 eff:0.1% logz-ratio=57.03+/-0.07 dlogz:4.895>0.1]
90631it [3:39:28 bound:1216 nc:938 ncall:6.2e+07 eff:0.1% logz-ratio=57.07+/-0.07 dlogz:4.788>0.1]
90936it [3:40:30 bound:1221 nc:569 ncall:6.2e+07 eff:0.1% logz-ratio=57.10+/-0.07 dlogz:4.680>0.1]
91237it [3:41:37 bound:1226 nc:763 ncall:6.2e+07 eff:0.1% logz-ratio=57.13+/-0.07 dlogz:4.574>0.1]
91542it [3:42:40 bound:1231 nc:719 ncall:6.3e+07 eff:0.1% logz-ratio=57.17+/-0.07 dlogz:4.468>0.1]
91853it [3:43:41 bound:1236 nc:1023 ncall:6.3e+07 eff:0.1% logz-ratio=57.20+/-0.07 dlogz:4.361>0.1]
92158it [3:44:44 bound:1241 nc:554 ncall:6.3e+07 eff:0.1% logz-ratio=57.23+/-0.07 dlogz:4.256>0.1]
92467it [3:45:46 bound:1246 nc:374 ncall:6.4e+07 eff:0.1% logz-ratio=57.26+/-0.07 dlogz:4.151>0.1]
92774it [3:46:48 bound:1251 nc:792 ncall:6.4e+07 eff:0.1% logz-ratio=57.29+/-0.07 dlogz:4.048>0.1]
93076it [3:47:52 bound:1256 nc:1221 ncall:6.4e+07 eff:0.1% logz-ratio=57.32+/-0.07 dlogz:3.946>0.1]
93380it [3:48:57 bound:1261 nc:803 ncall:6.4e+07 eff:0.1% logz-ratio=57.35+/-0.07 dlogz:3.845>0.1]
93684it [3:50:01 bound:1266 nc:847 ncall:6.5e+07 eff:0.1% logz-ratio=57.38+/-0.07 dlogz:3.745>0.1]
93983it [3:51:03 bound:1271 nc:1845 ncall:6.5e+07 eff:0.1% logz-ratio=57.40+/-0.07 dlogz:3.648>0.1]
94289it [3:52:11 bound:1276 nc:1099 ncall:6.5e+07 eff:0.1% logz-ratio=57.43+/-0.07 dlogz:3.549>0.1]
