self.parameters_ref
{'chirp_mass': 2.0272715949909377, 'mass_ratio': 0.3699999999999999, 'symmetric_mass_ratio': 0.19713357131440137, 'a_1': 0.0, 'a_2': 0.0, 'tilt_1': 0.0, 'tilt_2': 0.0, 'phi_jl': 0.0, 'phi_12': 0.0, 'luminosity_distance': 201.0, 'phase': 1.3576488959769972, 'theta_jn': 2.323517520938953, 'psi': 0.030083409062676092, 'ra': 1.121307208346961, 'dec': 0.22562961827621178, 'lambda_1': 0.0, 'lambda_2': 0.0, 'mass_1': 3.920441829732034, 'mass_2': 1.4505634770008522, 'geocent_time': 1369419318.7460938, 'duration': 128.0}
1it [0:00:00 bound:0 nc:  1 ncall:4.1e+03 eff:0.0% logz-ratio=-708.07+/-0.05 dlogz:inf>0.1]
12223it [0:01:00 bound:0 nc: 56 ncall:8.0e+04 eff:15.3% logz-ratio=-0.86+/-0.02 dlogz:10.848>0.1]
14737it [0:02:07 bound:2 nc:287 ncall:1.5e+05 eff:9.9% logz-ratio=-0.61+/-0.02 dlogz:9.986>0.1]
14992it [0:03:11 bound:6 nc:748 ncall:3.1e+05 eff:4.9% logz-ratio=-0.59+/-0.02 dlogz:12.989>0.1]
15245it [0:04:14 bound:10 nc:751 ncall:4.7e+05 eff:3.3% logz-ratio=-0.57+/-0.02 dlogz:12.906>0.1]
15495it [0:05:17 bound:14 nc:906 ncall:6.3e+05 eff:2.5% logz-ratio=-0.55+/-0.02 dlogz:12.824>0.1]
15749it [0:06:17 bound:18 nc:684 ncall:7.9e+05 eff:2.0% logz-ratio=-0.53+/-0.02 dlogz:12.742>0.1]
16003it [0:07:19 bound:22 nc:825 ncall:9.5e+05 eff:1.7% logz-ratio=-0.51+/-0.02 dlogz:12.660>0.1]
16258it [0:08:22 bound:26 nc:589 ncall:1.1e+06 eff:1.5% logz-ratio=-0.49+/-0.02 dlogz:12.577>0.1]
16512it [0:09:26 bound:30 nc:835 ncall:1.3e+06 eff:1.3% logz-ratio=-0.47+/-0.02 dlogz:12.496>0.1]
16768it [0:10:30 bound:34 nc:468 ncall:1.4e+06 eff:1.2% logz-ratio=-0.45+/-0.02 dlogz:12.414>0.1]
17022it [0:11:36 bound:38 nc:681 ncall:1.6e+06 eff:1.1% logz-ratio=-0.43+/-0.02 dlogz:12.333>0.1]
17275it [0:12:45 bound:42 nc:719 ncall:1.8e+06 eff:1.0% logz-ratio=-0.41+/-0.02 dlogz:12.252>0.1]
17528it [0:13:46 bound:46 nc:745 ncall:1.9e+06 eff:0.9% logz-ratio=-0.39+/-0.02 dlogz:12.172>0.1]
17782it [0:14:50 bound:50 nc:401 ncall:2.1e+06 eff:0.9% logz-ratio=-0.37+/-0.02 dlogz:12.092>0.1]
18036it [0:15:58 bound:54 nc:740 ncall:2.2e+06 eff:0.8% logz-ratio=-0.36+/-0.02 dlogz:12.012>0.1]
18290it [0:17:11 bound:58 nc:1028 ncall:2.4e+06 eff:0.8% logz-ratio=-0.34+/-0.02 dlogz:11.932>0.1]
18541it [0:18:16 bound:62 nc:597 ncall:2.6e+06 eff:0.7% logz-ratio=-0.32+/-0.02 dlogz:11.854>0.1]
18797it [0:19:21 bound:66 nc:564 ncall:2.7e+06 eff:0.7% logz-ratio=-0.30+/-0.02 dlogz:14.037>0.1]
19050it [0:20:32 bound:70 nc:832 ncall:2.9e+06 eff:0.7% logz-ratio=-0.29+/-0.02 dlogz:13.958>0.1]
19300it [0:21:43 bound:74 nc:756 ncall:3.1e+06 eff:0.6% logz-ratio=-0.27+/-0.02 dlogz:13.881>0.1]
19554it [0:22:53 bound:78 nc:538 ncall:3.2e+06 eff:0.6% logz-ratio=-0.26+/-0.02 dlogz:13.802>0.1]
19809it [0:24:04 bound:82 nc:396 ncall:3.4e+06 eff:0.6% logz-ratio=-0.24+/-0.02 dlogz:13.724>0.1]
20062it [0:25:13 bound:86 nc:444 ncall:3.6e+06 eff:0.6% logz-ratio=-0.22+/-0.02 dlogz:13.646>0.1]
20315it [0:26:25 bound:90 nc:465 ncall:3.7e+06 eff:0.5% logz-ratio=-0.21+/-0.02 dlogz:13.569>0.1]
20563it [0:27:40 bound:94 nc:1043 ncall:3.9e+06 eff:0.5% logz-ratio=-0.19+/-0.02 dlogz:13.493>0.1]
20809it [0:28:56 bound:98 nc:938 ncall:4.0e+06 eff:0.5% logz-ratio=-0.18+/-0.02 dlogz:13.418>0.1]
21061it [0:30:06 bound:102 nc:946 ncall:4.2e+06 eff:0.5% logz-ratio=-0.16+/-0.02 dlogz:13.342>0.1]
21307it [0:31:17 bound:106 nc:710 ncall:4.4e+06 eff:0.5% logz-ratio=-0.15+/-0.02 dlogz:13.268>0.1]
21557it [0:32:30 bound:110 nc:559 ncall:4.5e+06 eff:0.5% logz-ratio=-0.13+/-0.02 dlogz:13.192>0.1]
21805it [0:33:45 bound:114 nc:593 ncall:4.7e+06 eff:0.5% logz-ratio=-0.12+/-0.02 dlogz:13.118>0.1]
22054it [0:34:58 bound:118 nc:559 ncall:4.8e+06 eff:0.5% logz-ratio=-0.11+/-0.02 dlogz:13.043>0.1]
22297it [0:36:10 bound:122 nc:1105 ncall:5.0e+06 eff:0.4% logz-ratio=-0.09+/-0.02 dlogz:12.970>0.1]
22537it [0:37:25 bound:126 nc:797 ncall:5.2e+06 eff:0.4% logz-ratio=-0.08+/-0.02 dlogz:12.899>0.1]
22726it [0:38:26 bound:129 nc:457 ncall:5.3e+06 eff:0.4% logz-ratio=-0.07+/-0.02 dlogz:12.842>0.1]
22974it [0:39:41 bound:133 nc:597 ncall:5.5e+06 eff:0.4% logz-ratio=-0.06+/-0.02 dlogz:12.768>0.1]
23219it [0:40:51 bound:137 nc:1176 ncall:5.6e+06 eff:0.4% logz-ratio=-0.04+/-0.02 dlogz:12.696>0.1]
23459it [0:42:09 bound:141 nc:897 ncall:5.8e+06 eff:0.4% logz-ratio=-0.03+/-0.02 dlogz:12.624>0.1]
23641it [0:43:12 bound:144 nc:815 ncall:5.9e+06 eff:0.4% logz-ratio=-0.02+/-0.02 dlogz:12.570>0.1]
23877it [0:44:25 bound:148 nc:573 ncall:6.1e+06 eff:0.4% logz-ratio=-0.01+/-0.02 dlogz:12.500>0.1]
24120it [0:45:40 bound:152 nc:867 ncall:6.2e+06 eff:0.4% logz-ratio=0.00+/-0.02 dlogz:12.428>0.1]
24357it [0:46:53 bound:156 nc:1767 ncall:6.4e+06 eff:0.4% logz-ratio=0.02+/-0.02 dlogz:12.358>0.1]
24593it [0:48:07 bound:160 nc:540 ncall:6.6e+06 eff:0.4% logz-ratio=0.03+/-0.02 dlogz:12.289>0.1]
24832it [0:49:20 bound:164 nc:366 ncall:6.7e+06 eff:0.4% logz-ratio=0.04+/-0.02 dlogz:12.218>0.1]
25070it [0:50:36 bound:168 nc:491 ncall:6.9e+06 eff:0.4% logz-ratio=0.05+/-0.02 dlogz:12.148>0.1]
25303it [0:51:55 bound:172 nc:903 ncall:7.1e+06 eff:0.4% logz-ratio=0.06+/-0.02 dlogz:13.470>0.1]
25541it [0:53:11 bound:176 nc:703 ncall:7.2e+06 eff:0.4% logz-ratio=0.08+/-0.02 dlogz:13.400>0.1]
25716it [0:54:14 bound:179 nc:726 ncall:7.3e+06 eff:0.4% logz-ratio=0.08+/-0.02 dlogz:19.443>0.1]
25955it [0:55:31 bound:183 nc:388 ncall:7.5e+06 eff:0.3% logz-ratio=0.10+/-0.02 dlogz:19.373>0.1]
26127it [0:56:33 bound:186 nc:662 ncall:7.6e+06 eff:0.3% logz-ratio=0.10+/-0.02 dlogz:19.323>0.1]
26353it [0:57:55 bound:190 nc:279 ncall:7.8e+06 eff:0.3% logz-ratio=0.12+/-0.02 dlogz:19.257>0.1]
26523it [0:58:57 bound:193 nc:957 ncall:7.9e+06 eff:0.3% logz-ratio=0.12+/-0.02 dlogz:19.207>0.1]
26745it [1:00:10 bound:197 nc:660 ncall:8.1e+06 eff:0.3% logz-ratio=0.13+/-0.02 dlogz:19.142>0.1]
26861it [1:01:19 bound:199 nc:652 ncall:8.2e+06 eff:0.3% logz-ratio=0.14+/-0.02 dlogz:19.108>0.1]
27032it [1:02:19 bound:202 nc:855 ncall:8.3e+06 eff:0.3% logz-ratio=0.15+/-0.02 dlogz:19.058>0.1]
27209it [1:03:21 bound:205 nc:514 ncall:8.4e+06 eff:0.3% logz-ratio=0.16+/-0.02 dlogz:19.007>0.1]
27384it [1:04:23 bound:208 nc:965 ncall:8.5e+06 eff:0.3% logz-ratio=0.16+/-0.02 dlogz:18.956>0.1]
27610it [1:05:38 bound:212 nc:205 ncall:8.7e+06 eff:0.3% logz-ratio=0.17+/-0.02 dlogz:18.890>0.1]
27835it [1:06:53 bound:216 nc:940 ncall:8.9e+06 eff:0.3% logz-ratio=0.19+/-0.02 dlogz:18.825>0.1]
28053it [1:08:16 bound:220 nc:807 ncall:9.0e+06 eff:0.3% logz-ratio=0.20+/-0.02 dlogz:18.761>0.1]
28222it [1:09:18 bound:223 nc:599 ncall:9.2e+06 eff:0.3% logz-ratio=0.20+/-0.02 dlogz:18.712>0.1]
28386it [1:10:21 bound:226 nc:994 ncall:9.3e+06 eff:0.3% logz-ratio=0.21+/-0.02 dlogz:18.665>0.1]
28604it [1:11:43 bound:230 nc:823 ncall:9.5e+06 eff:0.3% logz-ratio=0.22+/-0.02 dlogz:18.602>0.1]
28776it [1:12:49 bound:233 nc:1471 ncall:9.6e+06 eff:0.3% logz-ratio=0.23+/-0.02 dlogz:20.570>0.1]
28940it [1:13:52 bound:236 nc:834 ncall:9.7e+06 eff:0.3% logz-ratio=0.24+/-0.02 dlogz:20.523>0.1]
29107it [1:15:01 bound:239 nc:1290 ncall:9.9e+06 eff:0.3% logz-ratio=0.24+/-0.02 dlogz:20.474>0.1]
29333it [1:16:16 bound:243 nc:1390 ncall:1.0e+07 eff:0.3% logz-ratio=0.25+/-0.02 dlogz:20.409>0.1]
29501it [1:17:22 bound:246 nc:869 ncall:1.0e+07 eff:0.3% logz-ratio=0.26+/-0.02 dlogz:20.360>0.1]
29667it [1:18:24 bound:249 nc:902 ncall:1.0e+07 eff:0.3% logz-ratio=0.27+/-0.02 dlogz:20.312>0.1]
29885it [1:19:44 bound:253 nc:1228 ncall:1.0e+07 eff:0.3% logz-ratio=0.28+/-0.02 dlogz:20.248>0.1]
30053it [1:20:51 bound:256 nc:556 ncall:1.1e+07 eff:0.3% logz-ratio=0.29+/-0.02 dlogz:20.200>0.1]
30209it [1:21:53 bound:259 nc:258 ncall:1.1e+07 eff:0.3% logz-ratio=0.29+/-0.02 dlogz:20.154>0.1]
30378it [1:22:59 bound:262 nc:750 ncall:1.1e+07 eff:0.3% logz-ratio=0.30+/-0.02 dlogz:20.105>0.1]
30544it [1:24:04 bound:265 nc:371 ncall:1.1e+07 eff:0.3% logz-ratio=0.31+/-0.02 dlogz:20.057>0.1]
30713it [1:25:12 bound:268 nc:430 ncall:1.1e+07 eff:0.3% logz-ratio=0.32+/-0.02 dlogz:20.008>0.1]
30886it [1:26:14 bound:271 nc:1096 ncall:1.1e+07 eff:0.3% logz-ratio=0.33+/-0.02 dlogz:19.958>0.1]
31111it [1:27:34 bound:275 nc:271 ncall:1.1e+07 eff:0.3% logz-ratio=0.34+/-0.02 dlogz:19.893>0.1]
31276it [1:28:38 bound:278 nc:1113 ncall:1.2e+07 eff:0.3% logz-ratio=0.34+/-0.02 dlogz:19.845>0.1]
31435it [1:29:43 bound:281 nc:1043 ncall:1.2e+07 eff:0.3% logz-ratio=0.35+/-0.02 dlogz:19.799>0.1]
31607it [1:30:57 bound:284 nc:686 ncall:1.2e+07 eff:0.3% logz-ratio=0.36+/-0.02 dlogz:19.749>0.1]
31778it [1:32:00 bound:287 nc:754 ncall:1.2e+07 eff:0.3% logz-ratio=0.37+/-0.02 dlogz:19.699>0.1]
31998it [1:33:24 bound:291 nc:1569 ncall:1.2e+07 eff:0.3% logz-ratio=0.38+/-0.02 dlogz:19.636>0.1]
32164it [1:34:26 bound:294 nc:346 ncall:1.2e+07 eff:0.3% logz-ratio=0.38+/-0.02 dlogz:19.587>0.1]
32322it [1:35:28 bound:297 nc:590 ncall:1.2e+07 eff:0.3% logz-ratio=0.39+/-0.02 dlogz:19.541>0.1]
32497it [1:36:33 bound:300 nc:454 ncall:1.2e+07 eff:0.3% logz-ratio=0.40+/-0.02 dlogz:19.491>0.1]
32666it [1:37:38 bound:303 nc:1966 ncall:1.3e+07 eff:0.3% logz-ratio=0.41+/-0.03 dlogz:19.442>0.1]
32828it [1:38:41 bound:306 nc:1873 ncall:1.3e+07 eff:0.3% logz-ratio=0.42+/-0.03 dlogz:19.395>0.1]
33048it [1:39:57 bound:310 nc:688 ncall:1.3e+07 eff:0.3% logz-ratio=0.43+/-0.03 dlogz:19.331>0.1]
33222it [1:41:03 bound:313 nc:2490 ncall:1.3e+07 eff:0.3% logz-ratio=0.43+/-0.03 dlogz:19.280>0.1]
33449it [1:42:27 bound:317 nc:899 ncall:1.3e+07 eff:0.3% logz-ratio=0.44+/-0.03 dlogz:19.214>0.1]
33672it [1:43:46 bound:321 nc:926 ncall:1.3e+07 eff:0.3% logz-ratio=0.46+/-0.03 dlogz:19.149>0.1]
33905it [1:45:02 bound:325 nc:1881 ncall:1.4e+07 eff:0.2% logz-ratio=0.47+/-0.03 dlogz:19.080>0.1]
34071it [1:46:07 bound:328 nc:1545 ncall:1.4e+07 eff:0.2% logz-ratio=0.47+/-0.03 dlogz:19.032>0.1]
34298it [1:47:26 bound:332 nc:636 ncall:1.4e+07 eff:0.2% logz-ratio=0.49+/-0.03 dlogz:19.042>0.1]
34535it [1:48:44 bound:336 nc:773 ncall:1.4e+07 eff:0.2% logz-ratio=0.50+/-0.03 dlogz:18.972>0.1]
34709it [1:49:44 bound:339 nc:348 ncall:1.4e+07 eff:0.2% logz-ratio=0.51+/-0.03 dlogz:18.921>0.1]
34883it [1:50:45 bound:342 nc:1031 ncall:1.4e+07 eff:0.2% logz-ratio=0.52+/-0.03 dlogz:18.870>0.1]
35058it [1:51:55 bound:345 nc:640 ncall:1.4e+07 eff:0.2% logz-ratio=0.52+/-0.03 dlogz:18.818>0.1]
35234it [1:52:56 bound:348 nc:954 ncall:1.5e+07 eff:0.2% logz-ratio=0.53+/-0.03 dlogz:18.765>0.1]
35410it [1:54:01 bound:351 nc:669 ncall:1.5e+07 eff:0.2% logz-ratio=0.54+/-0.03 dlogz:18.712>0.1]
35590it [1:55:06 bound:354 nc:1494 ncall:1.5e+07 eff:0.2% logz-ratio=0.55+/-0.03 dlogz:18.658>0.1]
35763it [1:56:08 bound:357 nc:623 ncall:1.5e+07 eff:0.2% logz-ratio=0.56+/-0.03 dlogz:18.606>0.1]
35935it [1:57:15 bound:360 nc:916 ncall:1.5e+07 eff:0.2% logz-ratio=0.57+/-0.03 dlogz:18.554>0.1]
36166it [1:58:37 bound:364 nc:675 ncall:1.5e+07 eff:0.2% logz-ratio=0.59+/-0.03 dlogz:18.484>0.1]
36342it [1:59:38 bound:367 nc:1503 ncall:1.5e+07 eff:0.2% logz-ratio=0.60+/-0.03 dlogz:18.431>0.1]
36554it [2:01:14 bound:370 nc:624 ncall:1.6e+07 eff:0.2% logz-ratio=0.61+/-0.03 dlogz:18.366>0.1]
36692it [2:02:15 bound:373 nc:554 ncall:1.6e+07 eff:0.2% logz-ratio=0.62+/-0.03 dlogz:18.323>0.1]
36867it [2:03:21 bound:376 nc:634 ncall:1.6e+07 eff:0.2% logz-ratio=0.63+/-0.03 dlogz:18.269>0.1]
37107it [2:04:39 bound:380 nc:927 ncall:1.6e+07 eff:0.2% logz-ratio=0.65+/-0.03 dlogz:18.195>0.1]
37289it [2:05:42 bound:383 nc:393 ncall:1.6e+07 eff:0.2% logz-ratio=0.66+/-0.03 dlogz:18.138>0.1]
37533it [2:07:03 bound:387 nc:1127 ncall:1.6e+07 eff:0.2% logz-ratio=0.68+/-0.03 dlogz:18.060>0.1]
37715it [2:08:09 bound:390 nc:464 ncall:1.6e+07 eff:0.2% logz-ratio=0.69+/-0.03 dlogz:18.002>0.1]
37891it [2:09:13 bound:393 nc:615 ncall:1.7e+07 eff:0.2% logz-ratio=0.71+/-0.03 dlogz:17.945>0.1]
38073it [2:10:14 bound:396 nc:744 ncall:1.7e+07 eff:0.2% logz-ratio=0.72+/-0.03 dlogz:17.886>0.1]
38261it [2:11:18 bound:399 nc:857 ncall:1.7e+07 eff:0.2% logz-ratio=0.74+/-0.03 dlogz:17.823>0.1]
38504it [2:12:37 bound:403 nc:1992 ncall:1.7e+07 eff:0.2% logz-ratio=0.76+/-0.03 dlogz:17.742>0.1]
38691it [2:13:43 bound:406 nc:554 ncall:1.7e+07 eff:0.2% logz-ratio=0.78+/-0.03 dlogz:17.678>0.1]
38938it [2:15:01 bound:410 nc:722 ncall:1.7e+07 eff:0.2% logz-ratio=0.80+/-0.03 dlogz:17.592>0.1]
39180it [2:16:19 bound:414 nc:726 ncall:1.8e+07 eff:0.2% logz-ratio=0.83+/-0.03 dlogz:17.506>0.1]
39355it [2:17:26 bound:417 nc:984 ncall:1.8e+07 eff:0.2% logz-ratio=0.85+/-0.03 dlogz:17.443>0.1]
39598it [2:18:43 bound:421 nc:998 ncall:1.8e+07 eff:0.2% logz-ratio=0.88+/-0.03 dlogz:20.577>0.1]
39778it [2:19:45 bound:424 nc:890 ncall:1.8e+07 eff:0.2% logz-ratio=0.91+/-0.03 dlogz:20.509>0.1]
39958it [2:20:47 bound:427 nc:731 ncall:1.8e+07 eff:0.2% logz-ratio=0.93+/-0.03 dlogz:20.439>0.1]
40141it [2:21:47 bound:430 nc:1063 ncall:1.8e+07 eff:0.2% logz-ratio=0.96+/-0.03 dlogz:20.366>0.1]
40323it [2:22:50 bound:433 nc:834 ncall:1.9e+07 eff:0.2% logz-ratio=0.99+/-0.03 dlogz:20.292>0.1]
40509it [2:23:59 bound:436 nc:619 ncall:1.9e+07 eff:0.2% logz-ratio=1.02+/-0.03 dlogz:20.214>0.1]
40691it [2:25:02 bound:439 nc:678 ncall:1.9e+07 eff:0.2% logz-ratio=1.06+/-0.03 dlogz:20.136>0.1]
40877it [2:26:09 bound:442 nc:748 ncall:1.9e+07 eff:0.2% logz-ratio=1.09+/-0.03 dlogz:20.053>0.1]
41062it [2:27:15 bound:445 nc:1045 ncall:1.9e+07 eff:0.2% logz-ratio=1.13+/-0.04 dlogz:19.968>0.1]
41246it [2:28:20 bound:448 nc:795 ncall:1.9e+07 eff:0.2% logz-ratio=1.18+/-0.04 dlogz:19.881>0.1]
41495it [2:29:39 bound:452 nc:921 ncall:2.0e+07 eff:0.2% logz-ratio=1.24+/-0.04 dlogz:19.760>0.1]
41679it [2:30:45 bound:455 nc:556 ncall:2.0e+07 eff:0.2% logz-ratio=1.28+/-0.04 dlogz:19.667>0.1]
41868it [2:31:50 bound:458 nc:1504 ncall:2.0e+07 eff:0.2% logz-ratio=1.34+/-0.04 dlogz:19.567>0.1]
42054it [2:32:55 bound:461 nc:908 ncall:2.0e+07 eff:0.2% logz-ratio=1.39+/-0.04 dlogz:19.466>0.1]
42238it [2:33:59 bound:464 nc:1499 ncall:2.0e+07 eff:0.2% logz-ratio=1.45+/-0.04 dlogz:19.363>0.1]
42421it [2:35:03 bound:467 nc:831 ncall:2.0e+07 eff:0.2% logz-ratio=1.52+/-0.04 dlogz:19.255>0.1]
42601it [2:36:09 bound:470 nc:976 ncall:2.0e+07 eff:0.2% logz-ratio=1.58+/-0.04 dlogz:19.147>0.1]
42784it [2:37:13 bound:473 nc:826 ncall:2.1e+07 eff:0.2% logz-ratio=1.65+/-0.04 dlogz:19.035>0.1]
42969it [2:38:17 bound:476 nc:703 ncall:2.1e+07 eff:0.2% logz-ratio=1.72+/-0.04 dlogz:18.919>0.1]
43153it [2:39:18 bound:479 nc:1210 ncall:2.1e+07 eff:0.2% logz-ratio=1.79+/-0.04 dlogz:18.800>0.1]
43336it [2:40:23 bound:482 nc:759 ncall:2.1e+07 eff:0.2% logz-ratio=1.87+/-0.04 dlogz:18.678>0.1]
43514it [2:41:31 bound:485 nc:949 ncall:2.1e+07 eff:0.2% logz-ratio=1.95+/-0.04 dlogz:18.556>0.1]
43703it [2:42:37 bound:488 nc:1575 ncall:2.1e+07 eff:0.2% logz-ratio=2.03+/-0.04 dlogz:18.425>0.1]
43886it [2:43:45 bound:491 nc:873 ncall:2.2e+07 eff:0.2% logz-ratio=2.12+/-0.04 dlogz:18.295>0.1]
44068it [2:44:48 bound:494 nc:1221 ncall:2.2e+07 eff:0.2% logz-ratio=2.20+/-0.05 dlogz:18.165>0.1]
44248it [2:45:57 bound:497 nc:853 ncall:2.2e+07 eff:0.2% logz-ratio=2.29+/-0.05 dlogz:18.034>0.1]
44425it [2:47:05 bound:500 nc:1112 ncall:2.2e+07 eff:0.2% logz-ratio=2.38+/-0.05 dlogz:17.903>0.1]
44605it [2:48:13 bound:503 nc:853 ncall:2.2e+07 eff:0.2% logz-ratio=2.47+/-0.05 dlogz:17.769>0.1]
44785it [2:49:21 bound:506 nc:719 ncall:2.2e+07 eff:0.2% logz-ratio=2.56+/-0.05 dlogz:17.633>0.1]
44969it [2:50:29 bound:509 nc:634 ncall:2.2e+07 eff:0.2% logz-ratio=2.66+/-0.05 dlogz:17.491>0.1]
45151it [2:51:36 bound:512 nc:958 ncall:2.3e+07 eff:0.2% logz-ratio=2.75+/-0.05 dlogz:17.350>0.1]
45333it [2:52:40 bound:515 nc:1361 ncall:2.3e+07 eff:0.2% logz-ratio=2.85+/-0.05 dlogz:17.208>0.1]
45512it [2:53:47 bound:518 nc:1425 ncall:2.3e+07 eff:0.2% logz-ratio=2.95+/-0.05 dlogz:17.069>0.1]
45689it [2:54:55 bound:521 nc:791 ncall:2.3e+07 eff:0.2% logz-ratio=3.04+/-0.05 dlogz:16.931>0.1]
45870it [2:55:59 bound:524 nc:632 ncall:2.3e+07 eff:0.2% logz-ratio=3.14+/-0.05 dlogz:16.788>0.1]
46049it [2:57:02 bound:527 nc:1246 ncall:2.3e+07 eff:0.2% logz-ratio=3.24+/-0.05 dlogz:16.647>0.1]
46225it [2:58:10 bound:530 nc:816 ncall:2.4e+07 eff:0.2% logz-ratio=3.33+/-0.05 dlogz:16.507>0.1]
46407it [2:59:17 bound:533 nc:964 ncall:2.4e+07 eff:0.2% logz-ratio=3.44+/-0.05 dlogz:16.362>0.1]
46583it [3:00:27 bound:536 nc:1677 ncall:2.4e+07 eff:0.2% logz-ratio=3.53+/-0.05 dlogz:16.221>0.1]
46712it [3:02:00 bound:538 nc:766 ncall:2.4e+07 eff:0.2% logz-ratio=3.61+/-0.05 dlogz:16.116>0.1]
46872it [3:03:07 bound:541 nc:2293 ncall:2.4e+07 eff:0.2% logz-ratio=3.70+/-0.05 dlogz:15.987>0.1]
47055it [3:04:12 bound:544 nc:988 ncall:2.4e+07 eff:0.2% logz-ratio=3.80+/-0.05 dlogz:15.840>0.1]
47238it [3:05:21 bound:547 nc:1059 ncall:2.4e+07 eff:0.2% logz-ratio=3.90+/-0.05 dlogz:15.693>0.1]
47413it [3:06:28 bound:550 nc:1125 ncall:2.5e+07 eff:0.2% logz-ratio=4.00+/-0.05 dlogz:17.200>0.1]
47592it [3:07:35 bound:553 nc:927 ncall:2.5e+07 eff:0.2% logz-ratio=4.09+/-0.05 dlogz:17.059>0.1]
47771it [3:08:37 bound:556 nc:675 ncall:2.5e+07 eff:0.2% logz-ratio=4.19+/-0.05 dlogz:16.920>0.1]
47941it [3:09:49 bound:559 nc:778 ncall:2.5e+07 eff:0.2% logz-ratio=4.28+/-0.05 dlogz:16.788>0.1]
48120it [3:10:54 bound:562 nc:962 ncall:2.5e+07 eff:0.2% logz-ratio=4.38+/-0.05 dlogz:16.648>0.1]
48287it [3:11:57 bound:565 nc:618 ncall:2.5e+07 eff:0.2% logz-ratio=4.46+/-0.05 dlogz:16.519>0.1]
48462it [3:13:04 bound:568 nc:821 ncall:2.5e+07 eff:0.2% logz-ratio=4.56+/-0.05 dlogz:16.383>0.1]
48637it [3:14:11 bound:571 nc:730 ncall:2.6e+07 eff:0.2% logz-ratio=4.65+/-0.05 dlogz:16.248>0.1]
48815it [3:15:21 bound:574 nc:1808 ncall:2.6e+07 eff:0.2% logz-ratio=4.74+/-0.05 dlogz:16.111>0.1]
48987it [3:16:34 bound:577 nc:890 ncall:2.6e+07 eff:0.2% logz-ratio=4.83+/-0.05 dlogz:15.979>0.1]
49162it [3:17:43 bound:580 nc:1289 ncall:2.6e+07 eff:0.2% logz-ratio=4.92+/-0.05 dlogz:15.845>0.1]
49337it [3:18:56 bound:583 nc:1034 ncall:2.6e+07 eff:0.2% logz-ratio=5.01+/-0.05 dlogz:15.713>0.1]
49504it [3:20:08 bound:586 nc:1005 ncall:2.6e+07 eff:0.2% logz-ratio=5.10+/-0.05 dlogz:15.587>0.1]
49676it [3:21:17 bound:589 nc:665 ncall:2.7e+07 eff:0.2% logz-ratio=5.19+/-0.05 dlogz:15.458>0.1]
49854it [3:22:27 bound:592 nc:830 ncall:2.7e+07 eff:0.2% logz-ratio=5.28+/-0.05 dlogz:15.325>0.1]
50028it [3:23:40 bound:595 nc:721 ncall:2.7e+07 eff:0.2% logz-ratio=5.36+/-0.05 dlogz:15.195>0.1]
50200it [3:24:49 bound:598 nc:1949 ncall:2.7e+07 eff:0.2% logz-ratio=5.45+/-0.05 dlogz:15.067>0.1]
50376it [3:25:56 bound:601 nc:559 ncall:2.7e+07 eff:0.2% logz-ratio=5.54+/-0.05 dlogz:14.937>0.1]
50548it [3:27:07 bound:604 nc:1156 ncall:2.7e+07 eff:0.2% logz-ratio=5.62+/-0.05 dlogz:14.811>0.1]
50716it [3:28:20 bound:607 nc:662 ncall:2.8e+07 eff:0.2% logz-ratio=5.70+/-0.05 dlogz:14.688>0.1]
50885it [3:29:33 bound:610 nc:1009 ncall:2.8e+07 eff:0.2% logz-ratio=5.78+/-0.05 dlogz:14.566>0.1]
51053it [3:30:41 bound:613 nc:549 ncall:2.8e+07 eff:0.2% logz-ratio=5.86+/-0.05 dlogz:14.444>0.1]
51220it [3:31:48 bound:616 nc:781 ncall:2.8e+07 eff:0.2% logz-ratio=5.94+/-0.05 dlogz:14.324>0.1]
51390it [3:32:59 bound:619 nc:1254 ncall:2.8e+07 eff:0.2% logz-ratio=6.02+/-0.05 dlogz:14.202>0.1]
51565it [3:34:12 bound:622 nc:192 ncall:2.8e+07 eff:0.2% logz-ratio=6.11+/-0.05 dlogz:14.077>0.1]
51744it [3:35:19 bound:625 nc:1486 ncall:2.9e+07 eff:0.2% logz-ratio=6.19+/-0.05 dlogz:13.950>0.1]
51913it [3:36:31 bound:628 nc:1824 ncall:2.9e+07 eff:0.2% logz-ratio=6.27+/-0.05 dlogz:13.830>0.1]
52083it [3:37:35 bound:631 nc:787 ncall:2.9e+07 eff:0.2% logz-ratio=6.35+/-0.05 dlogz:13.709>0.1]
52247it [3:38:48 bound:634 nc:797 ncall:2.9e+07 eff:0.2% logz-ratio=6.43+/-0.05 dlogz:13.591>0.1]
52412it [3:39:53 bound:637 nc:586 ncall:2.9e+07 eff:0.2% logz-ratio=6.50+/-0.05 dlogz:13.472>0.1]
52587it [3:41:10 bound:640 nc:662 ncall:2.9e+07 eff:0.2% logz-ratio=6.59+/-0.05 dlogz:13.345>0.1]
52760it [3:42:22 bound:643 nc:487 ncall:2.9e+07 eff:0.2% logz-ratio=6.67+/-0.05 dlogz:13.221>0.1]
52927it [3:43:36 bound:646 nc:1515 ncall:3.0e+07 eff:0.2% logz-ratio=6.75+/-0.05 dlogz:13.101>0.1]
53104it [3:44:44 bound:649 nc:1311 ncall:3.0e+07 eff:0.2% logz-ratio=6.83+/-0.05 dlogz:12.974>0.1]
53275it [3:46:02 bound:652 nc:1795 ncall:3.0e+07 eff:0.2% logz-ratio=6.91+/-0.05 dlogz:12.853>0.1]
53446it [3:47:15 bound:655 nc:750 ncall:3.0e+07 eff:0.2% logz-ratio=6.99+/-0.05 dlogz:12.733>0.1]
53612it [3:48:26 bound:658 nc:395 ncall:3.0e+07 eff:0.2% logz-ratio=7.07+/-0.05 dlogz:12.617>0.1]
53788it [3:49:35 bound:661 nc:1178 ncall:3.0e+07 eff:0.2% logz-ratio=7.15+/-0.05 dlogz:12.495>0.1]
53957it [3:50:42 bound:664 nc:348 ncall:3.1e+07 eff:0.2% logz-ratio=7.22+/-0.05 dlogz:12.379>0.1]
54125it [3:51:55 bound:667 nc:1195 ncall:3.1e+07 eff:0.2% logz-ratio=7.29+/-0.05 dlogz:12.265>0.1]
54292it [3:53:03 bound:670 nc:667 ncall:3.1e+07 eff:0.2% logz-ratio=7.37+/-0.05 dlogz:12.151>0.1]
54461it [3:54:12 bound:673 nc:2100 ncall:3.1e+07 eff:0.2% logz-ratio=7.44+/-0.06 dlogz:12.034>0.1]
54624it [3:55:28 bound:676 nc:2570 ncall:3.1e+07 eff:0.2% logz-ratio=7.51+/-0.06 dlogz:11.922>0.1]
54794it [3:56:41 bound:679 nc:330 ncall:3.1e+07 eff:0.2% logz-ratio=7.59+/-0.06 dlogz:11.806>0.1]
54966it [3:57:50 bound:682 nc:806 ncall:3.2e+07 eff:0.2% logz-ratio=7.66+/-0.06 dlogz:11.689>0.1]
55141it [3:59:15 bound:685 nc:2116 ncall:3.2e+07 eff:0.2% logz-ratio=7.74+/-0.06 dlogz:11.572>0.1]
55317it [4:00:33 bound:688 nc:859 ncall:3.2e+07 eff:0.2% logz-ratio=7.81+/-0.06 dlogz:11.456>0.1]
55493it [4:01:47 bound:691 nc:1302 ncall:3.2e+07 eff:0.2% logz-ratio=7.88+/-0.06 dlogz:11.341>0.1]
55552it [4:03:03 bound:692 nc:443 ncall:3.2e+07 eff:0.2% logz-ratio=7.91+/-0.06 dlogz:11.302>0.1]
55715it [4:04:17 bound:695 nc:522 ncall:3.2e+07 eff:0.2% logz-ratio=7.97+/-0.06 dlogz:11.196>0.1]
55879it [4:05:35 bound:698 nc:1029 ncall:3.2e+07 eff:0.2% logz-ratio=8.04+/-0.06 dlogz:11.089>0.1]
56044it [4:06:42 bound:701 nc:2878 ncall:3.3e+07 eff:0.2% logz-ratio=8.11+/-0.06 dlogz:10.982>0.1]
56215it [4:07:53 bound:704 nc:767 ncall:3.3e+07 eff:0.2% logz-ratio=8.18+/-0.06 dlogz:10.873>0.1]
56392it [4:09:08 bound:707 nc:989 ncall:3.3e+07 eff:0.2% logz-ratio=8.25+/-0.06 dlogz:10.760>0.1]
56559it [4:10:14 bound:710 nc:1998 ncall:3.3e+07 eff:0.2% logz-ratio=8.31+/-0.06 dlogz:10.654>0.1]
56731it [4:11:28 bound:713 nc:1209 ncall:3.3e+07 eff:0.2% logz-ratio=8.38+/-0.06 dlogz:10.544>0.1]
56899it [4:12:39 bound:716 nc:2107 ncall:3.3e+07 eff:0.2% logz-ratio=8.44+/-0.06 dlogz:10.439>0.1]
57065it [4:13:49 bound:719 nc:1014 ncall:3.4e+07 eff:0.2% logz-ratio=8.51+/-0.06 dlogz:10.336>0.1]
57240it [4:14:58 bound:722 nc:479 ncall:3.4e+07 eff:0.2% logz-ratio=8.57+/-0.06 dlogz:10.227>0.1]
57412it [4:16:11 bound:725 nc:848 ncall:3.4e+07 eff:0.2% logz-ratio=8.64+/-0.06 dlogz:10.120>0.1]
57584it [4:17:18 bound:728 nc:792 ncall:3.4e+07 eff:0.2% logz-ratio=8.70+/-0.06 dlogz:10.013>0.1]
57754it [4:18:33 bound:731 nc:401 ncall:3.4e+07 eff:0.2% logz-ratio=8.77+/-0.06 dlogz:9.907>0.1]
57930it [4:19:46 bound:734 nc:1265 ncall:3.4e+07 eff:0.2% logz-ratio=8.83+/-0.06 dlogz:9.799>0.1]
58101it [4:20:59 bound:737 nc:637 ncall:3.5e+07 eff:0.2% logz-ratio=8.89+/-0.06 dlogz:9.694>0.1]
58270it [4:22:13 bound:740 nc:1554 ncall:3.5e+07 eff:0.2% logz-ratio=8.95+/-0.06 dlogz:9.592>0.1]
58442it [4:23:25 bound:743 nc:1013 ncall:3.5e+07 eff:0.2% logz-ratio=9.02+/-0.06 dlogz:9.489>0.1]
58611it [4:24:40 bound:746 nc:646 ncall:3.5e+07 eff:0.2% logz-ratio=9.08+/-0.06 dlogz:9.388>0.1]
58783it [4:25:53 bound:749 nc:575 ncall:3.5e+07 eff:0.2% logz-ratio=9.14+/-0.06 dlogz:9.285>0.1]
58957it [4:27:04 bound:752 nc:825 ncall:3.5e+07 eff:0.2% logz-ratio=9.20+/-0.06 dlogz:9.182>0.1]
59130it [4:28:18 bound:755 nc:904 ncall:3.6e+07 eff:0.2% logz-ratio=9.26+/-0.06 dlogz:9.079>0.1]
59312it [4:29:31 bound:758 nc:504 ncall:3.6e+07 eff:0.2% logz-ratio=9.32+/-0.06 dlogz:8.971>0.1]
59491it [4:30:44 bound:761 nc:1022 ncall:3.6e+07 eff:0.2% logz-ratio=9.38+/-0.06 dlogz:8.866>0.1]
59659it [4:31:58 bound:764 nc:762 ncall:3.6e+07 eff:0.2% logz-ratio=9.44+/-0.06 dlogz:8.768>0.1]
59835it [4:33:11 bound:767 nc:1025 ncall:3.6e+07 eff:0.2% logz-ratio=9.50+/-0.06 dlogz:8.667>0.1]
60008it [4:34:24 bound:770 nc:986 ncall:3.6e+07 eff:0.2% logz-ratio=9.55+/-0.06 dlogz:8.568>0.1]
60188it [4:35:30 bound:773 nc:280 ncall:3.7e+07 eff:0.2% logz-ratio=9.61+/-0.06 dlogz:8.863>0.1]
60368it [4:36:45 bound:776 nc:755 ncall:3.7e+07 eff:0.2% logz-ratio=9.67+/-0.06 dlogz:8.762>0.1]
60548it [4:38:00 bound:779 nc:681 ncall:3.7e+07 eff:0.2% logz-ratio=9.73+/-0.06 dlogz:8.662>0.1]
60725it [4:39:16 bound:782 nc:854 ncall:3.7e+07 eff:0.2% logz-ratio=9.78+/-0.06 dlogz:8.563>0.1]
60897it [4:40:34 bound:785 nc:764 ncall:3.7e+07 eff:0.2% logz-ratio=9.83+/-0.06 dlogz:8.468>0.1]
61082it [4:41:50 bound:788 nc:852 ncall:3.8e+07 eff:0.2% logz-ratio=9.89+/-0.06 dlogz:8.366>0.1]
61265it [4:43:05 bound:791 nc:806 ncall:3.8e+07 eff:0.2% logz-ratio=9.95+/-0.06 dlogz:8.266>0.1]
61439it [4:44:21 bound:794 nc:891 ncall:3.8e+07 eff:0.2% logz-ratio=10.00+/-0.06 dlogz:8.172>0.1]
61618it [4:45:37 bound:797 nc:940 ncall:3.8e+07 eff:0.2% logz-ratio=10.05+/-0.06 dlogz:8.076>0.1]
61800it [4:46:51 bound:800 nc:800 ncall:3.8e+07 eff:0.2% logz-ratio=10.10+/-0.06 dlogz:7.979>0.1]
61983it [4:47:59 bound:803 nc:1944 ncall:3.8e+07 eff:0.2% logz-ratio=10.15+/-0.06 dlogz:7.882>0.1]
62165it [4:49:13 bound:806 nc:896 ncall:3.9e+07 eff:0.2% logz-ratio=10.21+/-0.06 dlogz:7.787>0.1]
62347it [4:50:31 bound:809 nc:963 ncall:3.9e+07 eff:0.2% logz-ratio=10.26+/-0.06 dlogz:7.692>0.1]
62536it [4:51:45 bound:812 nc:739 ncall:3.9e+07 eff:0.2% logz-ratio=10.31+/-0.06 dlogz:7.593>0.1]
62719it [4:52:57 bound:815 nc:818 ncall:3.9e+07 eff:0.2% logz-ratio=10.36+/-0.06 dlogz:7.498>0.1]
62901it [4:54:12 bound:818 nc:1044 ncall:3.9e+07 eff:0.2% logz-ratio=10.41+/-0.06 dlogz:7.404>0.1]
63089it [4:55:29 bound:821 nc:750 ncall:4.0e+07 eff:0.2% logz-ratio=10.46+/-0.06 dlogz:7.308>0.1]
63272it [4:56:49 bound:824 nc:1193 ncall:4.0e+07 eff:0.2% logz-ratio=10.51+/-0.06 dlogz:7.216>0.1]
63458it [4:58:06 bound:827 nc:781 ncall:4.0e+07 eff:0.2% logz-ratio=10.55+/-0.06 dlogz:7.123>0.1]
63641it [4:59:26 bound:830 nc:957 ncall:4.0e+07 eff:0.2% logz-ratio=10.60+/-0.06 dlogz:7.032>0.1]
63825it [5:00:42 bound:833 nc:1446 ncall:4.0e+07 eff:0.2% logz-ratio=10.65+/-0.06 dlogz:6.942>0.1]
64006it [5:02:01 bound:836 nc:1181 ncall:4.0e+07 eff:0.2% logz-ratio=10.69+/-0.06 dlogz:6.854>0.1]
64085it [5:03:28 bound:837 nc:1322 ncall:4.1e+07 eff:0.2% logz-ratio=10.71+/-0.06 dlogz:6.815>0.1]
64250it [5:04:43 bound:840 nc:1280 ncall:4.1e+07 eff:0.2% logz-ratio=10.75+/-0.06 dlogz:6.735>0.1]
64436it [5:06:02 bound:843 nc:1142 ncall:4.1e+07 eff:0.2% logz-ratio=10.79+/-0.06 dlogz:6.645>0.1]
64625it [5:07:19 bound:846 nc:652 ncall:4.1e+07 eff:0.2% logz-ratio=10.84+/-0.06 dlogz:6.553>0.1]
64814it [5:08:36 bound:849 nc:1007 ncall:4.1e+07 eff:0.2% logz-ratio=10.89+/-0.06 dlogz:6.462>0.1]
65001it [5:09:57 bound:852 nc:796 ncall:4.1e+07 eff:0.2% logz-ratio=10.93+/-0.06 dlogz:6.373>0.1]
65187it [5:11:14 bound:855 nc:1322 ncall:4.2e+07 eff:0.2% logz-ratio=10.97+/-0.06 dlogz:6.285>0.1]
65373it [5:12:36 bound:858 nc:714 ncall:4.2e+07 eff:0.2% logz-ratio=11.01+/-0.06 dlogz:6.198>0.1]
65558it [5:13:55 bound:861 nc:1491 ncall:4.2e+07 eff:0.2% logz-ratio=11.05+/-0.06 dlogz:6.112>0.1]
65741it [5:15:16 bound:864 nc:674 ncall:4.2e+07 eff:0.2% logz-ratio=11.09+/-0.06 dlogz:6.027>0.1]
65929it [5:16:38 bound:867 nc:629 ncall:4.2e+07 eff:0.2% logz-ratio=11.13+/-0.06 dlogz:5.941>0.1]
66114it [5:17:55 bound:870 nc:1519 ncall:4.3e+07 eff:0.2% logz-ratio=11.17+/-0.06 dlogz:5.856>0.1]
66299it [5:19:18 bound:873 nc:1054 ncall:4.3e+07 eff:0.2% logz-ratio=11.21+/-0.06 dlogz:5.772>0.1]
66485it [5:20:42 bound:876 nc:1176 ncall:4.3e+07 eff:0.2% logz-ratio=11.25+/-0.06 dlogz:5.687>0.1]
66674it [5:21:57 bound:879 nc:505 ncall:4.3e+07 eff:0.2% logz-ratio=11.29+/-0.06 dlogz:5.602>0.1]
66860it [5:23:14 bound:882 nc:1291 ncall:4.3e+07 eff:0.2% logz-ratio=11.33+/-0.06 dlogz:5.517>0.1]
67050it [5:24:30 bound:885 nc:1319 ncall:4.4e+07 eff:0.2% logz-ratio=11.37+/-0.06 dlogz:5.431>0.1]
67238it [5:25:48 bound:888 nc:742 ncall:4.4e+07 eff:0.2% logz-ratio=11.41+/-0.06 dlogz:5.347>0.1]
67424it [5:27:11 bound:891 nc:1013 ncall:4.4e+07 eff:0.2% logz-ratio=11.45+/-0.06 dlogz:5.264>0.1]
67615it [5:28:33 bound:894 nc:787 ncall:4.4e+07 eff:0.2% logz-ratio=11.49+/-0.06 dlogz:5.178>0.1]
67805it [5:29:55 bound:897 nc:997 ncall:4.4e+07 eff:0.2% logz-ratio=11.53+/-0.06 dlogz:5.093>0.1]
67992it [5:31:13 bound:900 nc:1239 ncall:4.5e+07 eff:0.2% logz-ratio=11.57+/-0.06 dlogz:5.009>0.1]
68181it [5:32:34 bound:903 nc:1011 ncall:4.5e+07 eff:0.2% logz-ratio=11.61+/-0.06 dlogz:4.925>0.1]
68367it [5:33:53 bound:906 nc:1031 ncall:4.5e+07 eff:0.2% logz-ratio=11.64+/-0.06 dlogz:4.843>0.1]
68557it [5:35:09 bound:909 nc:1268 ncall:4.5e+07 eff:0.2% logz-ratio=11.68+/-0.06 dlogz:4.759>0.1]
68746it [5:36:35 bound:912 nc:1811 ncall:4.5e+07 eff:0.2% logz-ratio=11.72+/-0.06 dlogz:4.675>0.1]
68934it [5:37:56 bound:915 nc:985 ncall:4.6e+07 eff:0.2% logz-ratio=11.76+/-0.06 dlogz:4.592>0.1]
69123it [5:39:20 bound:918 nc:788 ncall:4.6e+07 eff:0.2% logz-ratio=11.79+/-0.06 dlogz:4.510>0.1]
69313it [5:40:44 bound:921 nc:1337 ncall:4.6e+07 eff:0.2% logz-ratio=11.83+/-0.06 dlogz:4.428>0.1]
69502it [5:42:04 bound:924 nc:733 ncall:4.6e+07 eff:0.2% logz-ratio=11.87+/-0.06 dlogz:4.346>0.1]
69694it [5:43:27 bound:927 nc:765 ncall:4.6e+07 eff:0.2% logz-ratio=11.90+/-0.06 dlogz:4.264>0.1]
69885it [5:44:49 bound:930 nc:1212 ncall:4.7e+07 eff:0.2% logz-ratio=11.94+/-0.06 dlogz:4.184>0.1]
70076it [5:46:11 bound:933 nc:1056 ncall:4.7e+07 eff:0.1% logz-ratio=11.97+/-0.06 dlogz:4.179>0.1]
70265it [5:47:35 bound:936 nc:511 ncall:4.7e+07 eff:0.1% logz-ratio=12.01+/-0.06 dlogz:4.100>0.1]
70456it [5:49:01 bound:939 nc:801 ncall:4.7e+07 eff:0.1% logz-ratio=12.04+/-0.06 dlogz:4.021>0.1]
70645it [5:50:22 bound:942 nc:626 ncall:4.7e+07 eff:0.1% logz-ratio=12.08+/-0.06 dlogz:3.942>0.1]
70835it [5:51:45 bound:945 nc:1336 ncall:4.8e+07 eff:0.1% logz-ratio=12.11+/-0.06 dlogz:3.863>0.1]
71022it [5:53:10 bound:948 nc:848 ncall:4.8e+07 eff:0.1% logz-ratio=12.14+/-0.06 dlogz:3.785>0.1]
71214it [5:54:40 bound:951 nc:1524 ncall:4.8e+07 eff:0.1% logz-ratio=12.18+/-0.06 dlogz:3.706>0.1]
71405it [5:56:02 bound:954 nc:892 ncall:4.8e+07 eff:0.1% logz-ratio=12.21+/-0.06 dlogz:3.629>0.1]
71592it [5:57:24 bound:957 nc:831 ncall:4.8e+07 eff:0.1% logz-ratio=12.24+/-0.06 dlogz:3.553>0.1]
71781it [5:58:45 bound:960 nc:1278 ncall:4.9e+07 eff:0.1% logz-ratio=12.28+/-0.06 dlogz:3.477>0.1]
71969it [6:00:03 bound:963 nc:944 ncall:4.9e+07 eff:0.1% logz-ratio=12.31+/-0.06 dlogz:3.402>0.1]
72159it [6:01:25 bound:966 nc:964 ncall:4.9e+07 eff:0.1% logz-ratio=12.34+/-0.06 dlogz:3.327>0.1]
72349it [6:02:45 bound:969 nc:1061 ncall:4.9e+07 eff:0.1% logz-ratio=12.37+/-0.06 dlogz:3.252>0.1]
72415it [6:04:21 bound:970 nc:1036 ncall:4.9e+07 eff:0.1% logz-ratio=12.38+/-0.06 dlogz:3.227>0.1]
72601it [6:05:44 bound:973 nc:1020 ncall:5.0e+07 eff:0.1% logz-ratio=12.41+/-0.06 dlogz:3.155>0.1]
72790it [6:07:07 bound:976 nc:1168 ncall:5.0e+07 eff:0.1% logz-ratio=12.44+/-0.06 dlogz:3.082>0.1]
72978it [6:08:35 bound:979 nc:1003 ncall:5.0e+07 eff:0.1% logz-ratio=12.47+/-0.06 dlogz:3.023>0.1]
73165it [6:10:01 bound:982 nc:2890 ncall:5.0e+07 eff:0.1% logz-ratio=12.50+/-0.06 dlogz:2.952>0.1]
73356it [6:11:31 bound:985 nc:1343 ncall:5.0e+07 eff:0.1% logz-ratio=12.53+/-0.06 dlogz:2.880>0.1]
73543it [6:12:58 bound:988 nc:999 ncall:5.1e+07 eff:0.1% logz-ratio=12.56+/-0.06 dlogz:2.828>0.1]
73730it [6:14:22 bound:991 nc:1015 ncall:5.1e+07 eff:0.1% logz-ratio=12.58+/-0.06 dlogz:2.758>0.1]
73920it [6:15:46 bound:994 nc:1413 ncall:5.1e+07 eff:0.1% logz-ratio=12.61+/-0.06 dlogz:2.833>0.1]
74108it [6:17:16 bound:997 nc:1026 ncall:5.1e+07 eff:0.1% logz-ratio=12.64+/-0.06 dlogz:2.764>0.1]
74298it [6:18:42 bound:1000 nc:1006 ncall:5.2e+07 eff:0.1% logz-ratio=12.67+/-0.06 dlogz:2.696>0.1]
74490it [6:20:09 bound:1003 nc:1276 ncall:5.2e+07 eff:0.1% logz-ratio=12.69+/-0.06 dlogz:2.627>0.1]
74680it [6:21:39 bound:1006 nc:1110 ncall:5.2e+07 eff:0.1% logz-ratio=12.72+/-0.06 dlogz:2.560>0.1]
74871it [6:23:08 bound:1009 nc:955 ncall:5.2e+07 eff:0.1% logz-ratio=12.75+/-0.06 dlogz:2.493>0.1]
74995it [6:24:09 bound:1011 nc:1746 ncall:5.2e+07 eff:0.1% logz-ratio=12.76+/-0.06 dlogz:2.450>0.1]
75118it [6:25:12 bound:1013 nc:1135 ncall:5.3e+07 eff:0.1% logz-ratio=12.78+/-0.06 dlogz:2.408>0.1]
75242it [6:26:13 bound:1015 nc:1414 ncall:5.3e+07 eff:0.1% logz-ratio=12.80+/-0.06 dlogz:2.366>0.1]
75432it [6:27:41 bound:1018 nc:1239 ncall:5.3e+07 eff:0.1% logz-ratio=12.82+/-0.06 dlogz:2.302>0.1]
75619it [6:29:08 bound:1021 nc:1311 ncall:5.3e+07 eff:0.1% logz-ratio=12.84+/-0.06 dlogz:2.240>0.1]
75806it [6:30:40 bound:1024 nc:1365 ncall:5.3e+07 eff:0.1% logz-ratio=12.87+/-0.06 dlogz:2.179>0.1]
75931it [6:31:42 bound:1026 nc:889 ncall:5.4e+07 eff:0.1% logz-ratio=12.88+/-0.06 dlogz:2.138>0.1]
76056it [6:32:44 bound:1028 nc:1737 ncall:5.4e+07 eff:0.1% logz-ratio=12.90+/-0.06 dlogz:2.140>0.1]
76184it [6:33:45 bound:1030 nc:1311 ncall:5.4e+07 eff:0.1% logz-ratio=12.91+/-0.06 dlogz:2.498>0.1]
76372it [6:35:10 bound:1033 nc:1110 ncall:5.4e+07 eff:0.1% logz-ratio=12.93+/-0.06 dlogz:2.436>0.1]
76498it [6:36:13 bound:1035 nc:1948 ncall:5.4e+07 eff:0.1% logz-ratio=12.95+/-0.06 dlogz:2.395>0.1]
76624it [6:37:13 bound:1037 nc:799 ncall:5.5e+07 eff:0.1% logz-ratio=12.96+/-0.06 dlogz:2.354>0.1]
76751it [6:38:14 bound:1039 nc:1153 ncall:5.5e+07 eff:0.1% logz-ratio=12.98+/-0.06 dlogz:2.313>0.1]
76876it [6:39:14 bound:1041 nc:851 ncall:5.5e+07 eff:0.1% logz-ratio=12.99+/-0.06 dlogz:2.273>0.1]
77002it [6:40:15 bound:1043 nc:1732 ncall:5.5e+07 eff:0.1% logz-ratio=13.00+/-0.06 dlogz:2.233>0.1]
77124it [6:41:16 bound:1045 nc:1653 ncall:5.5e+07 eff:0.1% logz-ratio=13.02+/-0.06 dlogz:2.195>0.1]
77312it [6:42:46 bound:1048 nc:1464 ncall:5.5e+07 eff:0.1% logz-ratio=13.04+/-0.06 dlogz:2.136>0.1]
77500it [6:44:15 bound:1051 nc:1670 ncall:5.6e+07 eff:0.1% logz-ratio=13.06+/-0.06 dlogz:2.078>0.1]
77624it [6:45:17 bound:1053 nc:1371 ncall:5.6e+07 eff:0.1% logz-ratio=13.07+/-0.06 dlogz:2.041>0.1]
77745it [6:46:21 bound:1055 nc:1481 ncall:5.6e+07 eff:0.1% logz-ratio=13.08+/-0.06 dlogz:2.004>0.1]
77868it [6:47:26 bound:1057 nc:3524 ncall:5.6e+07 eff:0.1% logz-ratio=13.10+/-0.06 dlogz:1.968>0.1]
77989it [6:48:29 bound:1059 nc:770 ncall:5.6e+07 eff:0.1% logz-ratio=13.11+/-0.06 dlogz:1.932>0.1]
78113it [6:49:30 bound:1061 nc:3047 ncall:5.7e+07 eff:0.1% logz-ratio=13.12+/-0.06 dlogz:1.896>0.1]
78236it [6:50:30 bound:1063 nc:1629 ncall:5.7e+07 eff:0.1% logz-ratio=13.13+/-0.06 dlogz:1.861>0.1]
78356it [6:51:34 bound:1065 nc:1440 ncall:5.7e+07 eff:0.1% logz-ratio=13.14+/-0.06 dlogz:1.826>0.1]
78478it [6:52:35 bound:1067 nc:955 ncall:5.7e+07 eff:0.1% logz-ratio=13.15+/-0.06 dlogz:1.792>0.1]
78602it [6:53:38 bound:1069 nc:1627 ncall:5.7e+07 eff:0.1% logz-ratio=13.17+/-0.06 dlogz:1.757>0.1]
78725it [6:54:42 bound:1071 nc:1322 ncall:5.7e+07 eff:0.1% logz-ratio=13.18+/-0.06 dlogz:1.723>0.1]
78850it [6:55:43 bound:1073 nc:1476 ncall:5.8e+07 eff:0.1% logz-ratio=13.19+/-0.06 dlogz:1.689>0.1]
78973it [6:56:44 bound:1075 nc:1477 ncall:5.8e+07 eff:0.1% logz-ratio=13.20+/-0.06 dlogz:1.656>0.1]
79091it [6:57:47 bound:1077 nc:2408 ncall:5.8e+07 eff:0.1% logz-ratio=13.21+/-0.06 dlogz:1.955>0.1]
79214it [6:58:47 bound:1079 nc:1472 ncall:5.8e+07 eff:0.1% logz-ratio=13.22+/-0.06 dlogz:1.920>0.1]
79336it [6:59:51 bound:1081 nc:1010 ncall:5.8e+07 eff:0.1% logz-ratio=13.23+/-0.06 dlogz:1.886>0.1]
79456it [7:00:54 bound:1083 nc:958 ncall:5.8e+07 eff:0.1% logz-ratio=13.24+/-0.06 dlogz:1.853>0.1]
79581it [7:01:59 bound:1085 nc:1383 ncall:5.9e+07 eff:0.1% logz-ratio=13.25+/-0.06 dlogz:1.818>0.1]
79701it [7:03:03 bound:1087 nc:1549 ncall:5.9e+07 eff:0.1% logz-ratio=13.26+/-0.06 dlogz:1.786>0.1]
79821it [7:04:08 bound:1089 nc:2034 ncall:5.9e+07 eff:0.1% logz-ratio=13.27+/-0.06 dlogz:1.754>0.1]
79834it [7:05:24 bound:1089 nc:1030 ncall:5.9e+07 eff:0.1% logz-ratio=13.27+/-0.06 dlogz:1.750>0.1]
79943it [7:06:30 bound:1091 nc:1600 ncall:5.9e+07 eff:0.1% logz-ratio=13.28+/-0.06 dlogz:1.721>0.1]
80064it [7:07:32 bound:1093 nc:1499 ncall:5.9e+07 eff:0.1% logz-ratio=13.29+/-0.06 dlogz:1.690>0.1]
80189it [7:08:38 bound:1095 nc:1391 ncall:5.9e+07 eff:0.1% logz-ratio=13.30+/-0.06 dlogz:1.657>0.1]
80314it [7:09:43 bound:1097 nc:1595 ncall:6.0e+07 eff:0.1% logz-ratio=13.31+/-0.06 dlogz:1.625>0.1]
80429it [7:10:44 bound:1099 nc:660 ncall:6.0e+07 eff:0.1% logz-ratio=13.31+/-0.06 dlogz:1.596>0.1]
80551it [7:11:49 bound:1101 nc:1560 ncall:6.0e+07 eff:0.1% logz-ratio=13.32+/-0.06 dlogz:1.565>0.1]
80671it [7:12:50 bound:1103 nc:1059 ncall:6.0e+07 eff:0.1% logz-ratio=13.33+/-0.06 dlogz:1.536>0.1]
80791it [7:13:52 bound:1105 nc:2037 ncall:6.0e+07 eff:0.1% logz-ratio=13.34+/-0.06 dlogz:1.506>0.1]
80913it [7:14:56 bound:1107 nc:2975 ncall:6.0e+07 eff:0.1% logz-ratio=13.35+/-0.06 dlogz:1.477>0.1]
81036it [7:16:00 bound:1109 nc:1442 ncall:6.1e+07 eff:0.1% logz-ratio=13.36+/-0.06 dlogz:1.447>0.1]
81159it [7:17:03 bound:1111 nc:1351 ncall:6.1e+07 eff:0.1% logz-ratio=13.37+/-0.06 dlogz:1.418>0.1]
81284it [7:18:07 bound:1113 nc:1298 ncall:6.1e+07 eff:0.1% logz-ratio=13.37+/-0.06 dlogz:1.389>0.1]
81406it [7:19:13 bound:1115 nc:1292 ncall:6.1e+07 eff:0.1% logz-ratio=13.38+/-0.06 dlogz:1.361>0.1]
81529it [7:20:19 bound:1117 nc:1839 ncall:6.1e+07 eff:0.1% logz-ratio=13.39+/-0.06 dlogz:1.333>0.1]
81652it [7:21:25 bound:1119 nc:1444 ncall:6.2e+07 eff:0.1% logz-ratio=13.40+/-0.06 dlogz:1.305>0.1]
81777it [7:22:33 bound:1121 nc:1024 ncall:6.2e+07 eff:0.1% logz-ratio=13.40+/-0.06 dlogz:1.278>0.1]
81899it [7:23:37 bound:1123 nc:1660 ncall:6.2e+07 eff:0.1% logz-ratio=13.41+/-0.06 dlogz:1.251>0.1]
82023it [7:24:45 bound:1125 nc:1828 ncall:6.2e+07 eff:0.1% logz-ratio=13.42+/-0.06 dlogz:1.224>0.1]
82141it [7:25:53 bound:1127 nc:1104 ncall:6.2e+07 eff:0.1% logz-ratio=13.43+/-0.06 dlogz:1.199>0.1]
82262it [7:27:00 bound:1129 nc:1406 ncall:6.2e+07 eff:0.1% logz-ratio=13.43+/-0.06 dlogz:1.174>0.1]
82381it [7:28:04 bound:1131 nc:1514 ncall:6.3e+07 eff:0.1% logz-ratio=13.44+/-0.06 dlogz:1.149>0.1]
82502it [7:29:11 bound:1133 nc:1579 ncall:6.3e+07 eff:0.1% logz-ratio=13.45+/-0.06 dlogz:1.125>0.1]
82624it [7:30:14 bound:1135 nc:798 ncall:6.3e+07 eff:0.1% logz-ratio=13.45+/-0.06 dlogz:1.100>0.1]
82746it [7:31:16 bound:1137 nc:1670 ncall:6.3e+07 eff:0.1% logz-ratio=13.46+/-0.06 dlogz:1.076>0.1]
82867it [7:32:23 bound:1139 nc:1347 ncall:6.3e+07 eff:0.1% logz-ratio=13.47+/-0.06 dlogz:1.053>0.1]
82988it [7:33:31 bound:1141 nc:821 ncall:6.4e+07 eff:0.1% logz-ratio=13.47+/-0.06 dlogz:1.030>0.1]
83106it [7:34:36 bound:1143 nc:1467 ncall:6.4e+07 eff:0.1% logz-ratio=13.48+/-0.06 dlogz:1.008>0.1]
83224it [7:35:41 bound:1145 nc:1191 ncall:6.4e+07 eff:0.1% logz-ratio=13.48+/-0.06 dlogz:0.986>0.1]
83346it [7:36:48 bound:1147 nc:1386 ncall:6.4e+07 eff:0.1% logz-ratio=13.49+/-0.06 dlogz:0.964>0.1]
83466it [7:37:55 bound:1149 nc:1682 ncall:6.4e+07 eff:0.1% logz-ratio=13.49+/-0.06 dlogz:0.942>0.1]
83584it [7:38:59 bound:1151 nc:1604 ncall:6.4e+07 eff:0.1% logz-ratio=13.50+/-0.06 dlogz:0.922>0.1]
83705it [7:40:07 bound:1153 nc:1291 ncall:6.5e+07 eff:0.1% logz-ratio=13.51+/-0.06 dlogz:0.901>0.1]
83825it [7:41:13 bound:1155 nc:1288 ncall:6.5e+07 eff:0.1% logz-ratio=13.51+/-0.06 dlogz:0.880>0.1]
83950it [7:42:19 bound:1157 nc:2986 ncall:6.5e+07 eff:0.1% logz-ratio=13.52+/-0.06 dlogz:0.859>0.1]
84064it [7:43:25 bound:1159 nc:1804 ncall:6.5e+07 eff:0.1% logz-ratio=13.52+/-0.06 dlogz:0.841>0.1]
84187it [7:44:36 bound:1161 nc:2283 ncall:6.5e+07 eff:0.1% logz-ratio=13.53+/-0.06 dlogz:0.821>0.1]
84310it [7:45:44 bound:1163 nc:1399 ncall:6.6e+07 eff:0.1% logz-ratio=13.53+/-0.06 dlogz:0.801>0.1]
84432it [7:46:53 bound:1165 nc:1505 ncall:6.6e+07 eff:0.1% logz-ratio=13.54+/-0.06 dlogz:0.782>0.1]
84551it [7:48:01 bound:1167 nc:1377 ncall:6.6e+07 eff:0.1% logz-ratio=13.54+/-0.06 dlogz:0.764>0.1]
84672it [7:49:09 bound:1169 nc:1304 ncall:6.6e+07 eff:0.1% logz-ratio=13.55+/-0.06 dlogz:0.746>0.1]
84793it [7:50:17 bound:1171 nc:1316 ncall:6.6e+07 eff:0.1% logz-ratio=13.55+/-0.06 dlogz:0.728>0.1]
84913it [7:51:23 bound:1173 nc:1939 ncall:6.7e+07 eff:0.1% logz-ratio=13.55+/-0.06 dlogz:0.711>0.1]
85034it [7:52:30 bound:1175 nc:1931 ncall:6.7e+07 eff:0.1% logz-ratio=13.56+/-0.06 dlogz:0.694>0.1]
85152it [7:53:37 bound:1177 nc:1422 ncall:6.7e+07 eff:0.1% logz-ratio=13.56+/-0.06 dlogz:0.678>0.1]
85274it [7:54:44 bound:1179 nc:1588 ncall:6.7e+07 eff:0.1% logz-ratio=13.57+/-0.06 dlogz:0.661>0.1]
85389it [7:55:53 bound:1181 nc:1579 ncall:6.7e+07 eff:0.1% logz-ratio=13.57+/-0.06 dlogz:0.646>0.1]
85511it [7:56:59 bound:1183 nc:1092 ncall:6.7e+07 eff:0.1% logz-ratio=13.58+/-0.06 dlogz:0.630>0.1]
85631it [7:58:09 bound:1185 nc:2048 ncall:6.8e+07 eff:0.1% logz-ratio=13.58+/-0.06 dlogz:0.614>0.1]
85749it [7:59:18 bound:1187 nc:1282 ncall:6.8e+07 eff:0.1% logz-ratio=13.58+/-0.06 dlogz:0.599>0.1]
85874it [8:00:28 bound:1189 nc:2074 ncall:6.8e+07 eff:0.1% logz-ratio=13.59+/-0.06 dlogz:0.584>0.1]
85995it [8:01:35 bound:1191 nc:1930 ncall:6.8e+07 eff:0.1% logz-ratio=13.59+/-0.06 dlogz:0.570>0.1]
86114it [8:02:44 bound:1193 nc:1440 ncall:6.8e+07 eff:0.1% logz-ratio=13.59+/-0.06 dlogz:0.555>0.1]
86236it [8:03:51 bound:1195 nc:1835 ncall:6.9e+07 eff:0.1% logz-ratio=13.60+/-0.06 dlogz:0.541>0.1]
86358it [8:05:02 bound:1197 nc:1867 ncall:6.9e+07 eff:0.1% logz-ratio=13.60+/-0.06 dlogz:0.549>0.1]
86359it [8:06:24 bound:1197 nc:1499 ncall:6.9e+07 eff:0.1% logz-ratio=13.60+/-0.06 dlogz:0.549>0.1]
86479it [8:07:35 bound:1199 nc:1349 ncall:6.9e+07 eff:0.1% logz-ratio=13.60+/-0.06 dlogz:0.535>0.1]
86597it [8:08:46 bound:1201 nc:1754 ncall:6.9e+07 eff:0.1% logz-ratio=13.61+/-0.06 dlogz:0.522>0.1]
86714it [8:09:52 bound:1203 nc:3951 ncall:6.9e+07 eff:0.1% logz-ratio=13.61+/-0.06 dlogz:0.509>0.1]
86830it [8:11:02 bound:1205 nc:2674 ncall:7.0e+07 eff:0.1% logz-ratio=13.61+/-0.06 dlogz:0.497>0.1]
86948it [8:12:12 bound:1207 nc:1622 ncall:7.0e+07 eff:0.1% logz-ratio=13.62+/-0.06 dlogz:0.484>0.1]
87062it [8:13:21 bound:1209 nc:3475 ncall:7.0e+07 eff:0.1% logz-ratio=13.62+/-0.06 dlogz:0.473>0.1]
87181it [8:14:30 bound:1211 nc:743 ncall:7.0e+07 eff:0.1% logz-ratio=13.62+/-0.06 dlogz:0.461>0.1]
87296it [8:15:41 bound:1213 nc:1830 ncall:7.0e+07 eff:0.1% logz-ratio=13.63+/-0.06 dlogz:0.449>0.1]
87416it [8:16:51 bound:1215 nc:1408 ncall:7.1e+07 eff:0.1% logz-ratio=13.63+/-0.06 dlogz:0.438>0.1]
87533it [8:18:00 bound:1217 nc:2188 ncall:7.1e+07 eff:0.1% logz-ratio=13.63+/-0.06 dlogz:0.427>0.1]
87651it [8:19:09 bound:1219 nc:1417 ncall:7.1e+07 eff:0.1% logz-ratio=13.63+/-0.06 dlogz:0.416>0.1]
87768it [8:20:19 bound:1221 nc:1880 ncall:7.1e+07 eff:0.1% logz-ratio=13.64+/-0.06 dlogz:0.406>0.1]
87886it [8:21:32 bound:1223 nc:2957 ncall:7.1e+07 eff:0.1% logz-ratio=13.64+/-0.06 dlogz:0.395>0.1]
88003it [8:22:41 bound:1225 nc:2096 ncall:7.2e+07 eff:0.1% logz-ratio=13.64+/-0.06 dlogz:0.385>0.1]
88123it [8:23:51 bound:1227 nc:1641 ncall:7.2e+07 eff:0.1% logz-ratio=13.64+/-0.06 dlogz:0.375>0.1]
88236it [8:25:03 bound:1229 nc:1724 ncall:7.2e+07 eff:0.1% logz-ratio=13.65+/-0.06 dlogz:0.366>0.1]
88347it [8:26:13 bound:1231 nc:1161 ncall:7.2e+07 eff:0.1% logz-ratio=13.65+/-0.06 dlogz:0.357>0.1]
88469it [8:27:25 bound:1233 nc:1548 ncall:7.2e+07 eff:0.1% logz-ratio=13.65+/-0.06 dlogz:0.347>0.1]
88582it [8:28:32 bound:1235 nc:1413 ncall:7.3e+07 eff:0.1% logz-ratio=13.65+/-0.06 dlogz:0.339>0.1]
88704it [8:29:41 bound:1237 nc:1635 ncall:7.3e+07 eff:0.1% logz-ratio=13.66+/-0.06 dlogz:0.330>0.1]
88817it [8:30:52 bound:1239 nc:1674 ncall:7.3e+07 eff:0.1% logz-ratio=13.66+/-0.06 dlogz:0.321>0.1]
88938it [8:32:04 bound:1241 nc:1499 ncall:7.3e+07 eff:0.1% logz-ratio=13.66+/-0.06 dlogz:0.313>0.1]
89060it [8:33:15 bound:1243 nc:1517 ncall:7.3e+07 eff:0.1% logz-ratio=13.66+/-0.06 dlogz:0.304>0.1]
89181it [8:34:29 bound:1245 nc:1408 ncall:7.4e+07 eff:0.1% logz-ratio=13.66+/-0.06 dlogz:0.296>0.1]
89296it [8:35:39 bound:1247 nc:1950 ncall:7.4e+07 eff:0.1% logz-ratio=13.67+/-0.06 dlogz:0.288>0.1]
89411it [8:36:50 bound:1249 nc:1072 ncall:7.4e+07 eff:0.1% logz-ratio=13.67+/-0.06 dlogz:0.281>0.1]
89528it [8:38:03 bound:1251 nc:3874 ncall:7.4e+07 eff:0.1% logz-ratio=13.67+/-0.06 dlogz:0.274>0.1]
89650it [8:39:13 bound:1253 nc:2033 ncall:7.4e+07 eff:0.1% logz-ratio=13.67+/-0.06 dlogz:0.266>0.1]
89770it [8:40:21 bound:1255 nc:840 ncall:7.5e+07 eff:0.1% logz-ratio=13.67+/-0.06 dlogz:0.259>0.1]
89889it [8:41:33 bound:1257 nc:1350 ncall:7.5e+07 eff:0.1% logz-ratio=13.68+/-0.06 dlogz:0.252>0.1]
90006it [8:42:43 bound:1259 nc:1511 ncall:7.5e+07 eff:0.1% logz-ratio=13.68+/-0.06 dlogz:0.245>0.1]
90122it [8:43:55 bound:1261 nc:1001 ncall:7.5e+07 eff:0.1% logz-ratio=13.68+/-0.06 dlogz:0.239>0.1]
90240it [8:45:05 bound:1263 nc:1789 ncall:7.5e+07 eff:0.1% logz-ratio=13.68+/-0.06 dlogz:0.232>0.1]
90359it [8:46:17 bound:1265 nc:1532 ncall:7.6e+07 eff:0.1% logz-ratio=13.68+/-0.06 dlogz:0.226>0.1]
90472it [8:47:28 bound:1267 nc:2131 ncall:7.6e+07 eff:0.1% logz-ratio=13.68+/-0.06 dlogz:0.220>0.1]
90589it [8:48:38 bound:1269 nc:1722 ncall:7.6e+07 eff:0.1% logz-ratio=13.69+/-0.06 dlogz:0.214>0.1]
90707it [8:49:51 bound:1271 nc:1724 ncall:7.6e+07 eff:0.1% logz-ratio=13.69+/-0.06 dlogz:0.209>0.1]
90824it [8:51:01 bound:1273 nc:2086 ncall:7.6e+07 eff:0.1% logz-ratio=13.69+/-0.06 dlogz:0.203>0.1]
90938it [8:52:15 bound:1275 nc:1742 ncall:7.7e+07 eff:0.1% logz-ratio=13.69+/-0.06 dlogz:0.198>0.1]
91055it [8:53:29 bound:1277 nc:822 ncall:7.7e+07 eff:0.1% logz-ratio=13.69+/-0.06 dlogz:0.192>0.1]
91171it [8:54:40 bound:1279 nc:1601 ncall:7.7e+07 eff:0.1% logz-ratio=13.69+/-0.06 dlogz:0.187>0.1]
91288it [8:55:53 bound:1281 nc:925 ncall:7.7e+07 eff:0.1% logz-ratio=13.69+/-0.06 dlogz:0.182>0.1]
91405it [8:57:04 bound:1283 nc:2027 ncall:7.8e+07 eff:0.1% logz-ratio=13.70+/-0.06 dlogz:0.177>0.1]
91522it [8:58:16 bound:1285 nc:1520 ncall:7.8e+07 eff:0.1% logz-ratio=13.70+/-0.06 dlogz:0.173>0.1]
91638it [8:59:28 bound:1287 nc:3046 ncall:7.8e+07 eff:0.1% logz-ratio=13.70+/-0.06 dlogz:0.168>0.1]
91752it [9:00:38 bound:1289 nc:1751 ncall:7.8e+07 eff:0.1% logz-ratio=13.70+/-0.06 dlogz:0.164>0.1]
91872it [9:01:51 bound:1291 nc:1624 ncall:7.8e+07 eff:0.1% logz-ratio=13.70+/-0.06 dlogz:0.159>0.1]
91987it [9:03:04 bound:1293 nc:2075 ncall:7.9e+07 eff:0.1% logz-ratio=13.70+/-0.06 dlogz:0.155>0.1]
92096it [9:04:16 bound:1295 nc:5062 ncall:7.9e+07 eff:0.1% logz-ratio=13.70+/-0.06 dlogz:0.151>0.1]
92212it [9:05:30 bound:1297 nc:2099 ncall:7.9e+07 eff:0.1% logz-ratio=13.70+/-0.06 dlogz:0.147>0.1]
92276it [9:07:35 bound:1298 nc:2106 ncall:7.9e+07 eff:0.1% logz-ratio=13.70+/-0.06 dlogz:0.145>0.1]
92384it [9:08:47 bound:1300 nc:1955 ncall:7.9e+07 eff:0.1% logz-ratio=13.71+/-0.06 dlogz:0.141>0.1]
92500it [9:10:01 bound:1302 nc:1625 ncall:8.0e+07 eff:0.1% logz-ratio=13.71+/-0.06 dlogz:0.137>0.1]
92618it [9:11:13 bound:1304 nc:2022 ncall:8.0e+07 eff:0.1% logz-ratio=13.71+/-0.06 dlogz:0.134>0.1]
92734it [9:12:27 bound:1306 nc:4193 ncall:8.0e+07 eff:0.1% logz-ratio=13.71+/-0.06 dlogz:0.130>0.1]
92849it [9:13:40 bound:1308 nc:1753 ncall:8.0e+07 eff:0.1% logz-ratio=13.71+/-0.06 dlogz:0.127>0.1]
92961it [9:14:55 bound:1310 nc:2951 ncall:8.0e+07 eff:0.1% logz-ratio=13.71+/-0.06 dlogz:0.123>0.1]
93073it [9:16:10 bound:1312 nc:1826 ncall:8.1e+07 eff:0.1% logz-ratio=13.71+/-0.06 dlogz:0.120>0.1]
93195it [9:17:22 bound:1314 nc:2045 ncall:8.1e+07 eff:0.1% logz-ratio=13.71+/-0.06 dlogz:0.117>0.1]
93311it [9:18:36 bound:1316 nc:1813 ncall:8.1e+07 eff:0.1% logz-ratio=13.71+/-0.06 dlogz:0.113>0.1]
93428it [9:19:49 bound:1318 nc:2214 ncall:8.1e+07 eff:0.1% logz-ratio=13.71+/-0.06 dlogz:0.110>0.1]
93540it [9:21:05 bound:1320 nc:3647 ncall:8.1e+07 eff:0.1% logz-ratio=13.72+/-0.06 dlogz:0.107>0.1]
93657it [9:22:20 bound:1322 nc:1347 ncall:8.2e+07 eff:0.1% logz-ratio=13.72+/-0.06 dlogz:0.104>0.1]
93774it [9:23:34 bound:1324 nc:1960 ncall:8.2e+07 eff:0.1% logz-ratio=13.72+/-0.06 dlogz:0.102>0.1]
At this point, we cannot create a float from 0        1.929471
1        1.895486
2        1.898083
3        1.854028
4        1.871730
           ...   
18964    1.893340
18965    1.893130
18966    1.893780
18967    1.890282
18968    1.894576
Name: chirp_mass_source, Length: 18969, dtype: float64, error: cannot convert the series to <class 'float'>
At this point, we cannot create a float from 0        0.825889
1        0.876400
2        0.888003
3        0.715430
4        0.915125
           ...   
18964    0.877654
18965    0.880906
18966    0.878797
18967    0.873761
18968    0.883909
Name: mass_ratio, Length: 18969, dtype: float64, error: cannot convert the series to <class 'float'>
At this point, we cannot create a float from 0         6.530652
1        16.855080
2        16.321709
3        17.162024
4         2.708295
           ...    
18964    16.383387
18965    19.089060
18966    19.363026
18967    16.472553
18968    19.491825
Name: lambda_1, Length: 18969, dtype: float64, error: cannot convert the series to <class 'float'>
At this point, we cannot create a float from 0         67.322113
1         60.563347
2         56.282139
3        234.503860
4         15.682373
            ...    
18964     59.494610
18965     60.094902
18966     61.847675
18967     61.030212
18968     59.793152
Name: lambda_2, Length: 18969, dtype: float64, error: cannot convert the series to <class 'float'>
Skipped taking the float value from [-7.4269104  -6.36963654 -6.20817471 ... -6.48292065 -6.383564
 -6.38113499], error: only length-1 arrays can be converted to Python scalars
At this point, we cannot create a float from [1.84273374 1.84329989 1.84386604 ... 2.01088066 2.01144681
 2.01201296], error: only length-1 arrays can be converted to Python scalars
At this point, we cannot create a float from [0.67274761 0.67383168 0.67491575 ... 0.99471603 0.9958001
 0.99688417], error: only length-1 arrays can be converted to Python scalars
At this point, we cannot create a float from [  2.50254536   2.86358005   3.22461475 ... 109.72985016
 110.09088486 110.45191956], error: only length-1 arrays can be converted to Python scalars
At this point, we cannot create a float from [  9.40921021  10.23167078  11.05413135 ... 253.67999951
 254.50246008 255.32492065], error: only length-1 arrays can be converted to Python scalars
Skipped taking the float value from [-78.31219482 -78.03276062 -77.75866699 ... -62.49950409
 -62.7106514  -62.92508316], error: only length-1 arrays can be converted to Python scalars
