000 (2578548.000.000) 2025-08-04 10:03:18 Job submitted from host: <145.107.7.246:9618?addrs=145.107.7.246-9618+[2a07-8500-120-e070--3f6]-9618&alias=taai-007.nikhef.nl&noUDP&sock=schedd_2614_90a7>
...
009 (2578548.000.000) 2025-08-04 10:03:29 Job was aborted.
	via condor_rm (by user twouters)
...
000 (2578551.000.000) 2025-08-04 10:03:56 Job submitted from host: <145.107.7.246:9618?addrs=145.107.7.246-9618+[2a07-8500-120-e070--3f6]-9618&alias=taai-007.nikhef.nl&noUDP&sock=schedd_2614_90a7>
...
001 (2578551.000.000) 2025-08-04 10:04:40 Job executing on host: <145.107.4.165:9618?addrs=145.107.4.165-9618+[2a07-8500-120-e070--a5]-9618&alias=wn-pijl-004.nikhef.nl&noUDP&sock=startd_4575_a5df>
	SlotName: slot1_4@wn-pijl-004.nikhef.nl
	AvailableGPUs = { GPUs_GPU_b4269f1d_d802_4078_008d_64d0748b54c7 }
	CondorScratchDir = "/scratch/condor_execute/dir_305982"
	Cpus = 1
	Disk = 16790397
	GPUs = 1
	GPUs_GPU_b4269f1d_d802_4078_008d_64d0748b54c7 = [ Id = "GPU-b4269f1d-d802-4078-008d-64d0748b54c7"; ClockMhz = 2520.0; Capability = 8.9; CoresPerCU = 128; DeviceName = "NVIDIA L40S"; DeviceUuid = "b4269f1d-d802-4078-008d-64d0748b54c7"; ECCEnabled = true; ComputeUnits = 142; NvidiaDriver = "570.124.06"; DriverVersion = 12.8; DevicePciBusId = "0000:C1:00.0"; GlobalMemoryMb = 45468; MaxSupportedVersion = 12080 ]
	Memory = 16384
...
006 (2578551.000.000) 2025-08-04 10:04:54 Image size of job updated: 395996
	387  -  MemoryUsage of job (MB)
	395996  -  ResidentSetSize of job (KB)
...
006 (2578551.000.000) 2025-08-04 10:04:57 Image size of job updated: 398008
	387  -  MemoryUsage of job (MB)
	396000  -  ResidentSetSize of job (KB)
...
005 (2578551.000.000) 2025-08-04 10:04:57 Job terminated.
	(1) Normal termination (return value 1)
		Usr 0 00:00:06, Sys 0 00:00:01  -  Run Remote Usage
		Usr 0 00:00:00, Sys 0 00:00:00  -  Run Local Usage
		Usr 0 00:00:06, Sys 0 00:00:01  -  Total Remote Usage
		Usr 0 00:00:00, Sys 0 00:00:00  -  Total Local Usage
	0  -  Run Bytes Sent By Job
	0  -  Run Bytes Received By Job
	0  -  Total Bytes Sent By Job
	0  -  Total Bytes Received By Job
	Partitionable Resources :    Usage  Request Allocated Assigned
	   Cpus                 :     0.03        1         1 
	   Disk (KB)            : 17500    16777216  16790397 
	   GPUs                 :     0           1         1 "GPU-b4269f1d-d802-4078-008d-64d0748b54c7"
	   GpusMemory (MB)      :   603                       
	   Memory (MB)          :   387       16384     16384 
	   TimeExecute (s)      :    17                       
	   TimeSlotBusy (s)     :    17                       

	Job terminated of its own accord at 2025-08-04T08:04:57Z with exit-code 1.
...
000 (2578561.000.000) 2025-08-04 10:09:27 Job submitted from host: <145.107.7.246:9618?addrs=145.107.7.246-9618+[2a07-8500-120-e070--3f6]-9618&alias=taai-007.nikhef.nl&noUDP&sock=schedd_2614_90a7>
...
001 (2578561.000.000) 2025-08-04 10:09:39 Job executing on host: <145.107.4.167:9618?addrs=145.107.4.167-9618+[2a07-8500-120-e070--a7]-9618&alias=wn-pijl-006.nikhef.nl&noUDP&sock=startd_4304_c3b5>
	SlotName: slot1_1@wn-pijl-006.nikhef.nl
	AvailableGPUs = { GPUs_GPU_b5d11d97_8330_6520_8847_fcfe487ecbb7 }
	CondorScratchDir = "/scratch/condor_execute/dir_3254657"
	Cpus = 1
	Disk = 16790397
	GPUs = 1
	GPUs_GPU_b5d11d97_8330_6520_8847_fcfe487ecbb7 = [ Id = "GPU-b5d11d97-8330-6520-8847-fcfe487ecbb7"; ClockMhz = 2520.0; Capability = 8.9; CoresPerCU = 128; DeviceName = "NVIDIA L40S"; DeviceUuid = "b5d11d97-8330-6520-8847-fcfe487ecbb7"; ECCEnabled = true; ComputeUnits = 142; NvidiaDriver = "570.124.06"; DriverVersion = 12.8; DevicePciBusId = "0000:01:00.0"; GlobalMemoryMb = 45468; MaxSupportedVersion = 12080 ]
	Memory = 16384
...
006 (2578561.000.000) 2025-08-04 10:09:53 Image size of job updated: 425088
	416  -  MemoryUsage of job (MB)
	425088  -  ResidentSetSize of job (KB)
...
006 (2578561.000.000) 2025-08-04 10:14:53 Image size of job updated: 433980
	423  -  MemoryUsage of job (MB)
	432288  -  ResidentSetSize of job (KB)
...
006 (2578561.000.000) 2025-08-04 10:19:53 Image size of job updated: 1110244
	1085  -  MemoryUsage of job (MB)
	1110116  -  ResidentSetSize of job (KB)
...
006 (2578561.000.000) 2025-08-04 10:24:54 Image size of job updated: 1129268
	1103  -  MemoryUsage of job (MB)
	1129268  -  ResidentSetSize of job (KB)
...
006 (2578561.000.000) 2025-08-04 10:29:54 Image size of job updated: 1219364
	1191  -  MemoryUsage of job (MB)
	1219364  -  ResidentSetSize of job (KB)
...
006 (2578561.000.000) 2025-08-04 10:34:54 Image size of job updated: 1339980
	1309  -  MemoryUsage of job (MB)
	1339980  -  ResidentSetSize of job (KB)
...
006 (2578561.000.000) 2025-08-04 10:39:55 Image size of job updated: 1340624
	1310  -  MemoryUsage of job (MB)
	1340624  -  ResidentSetSize of job (KB)
...
006 (2578561.000.000) 2025-08-04 10:54:56 Image size of job updated: 1340636
	1310  -  MemoryUsage of job (MB)
	1340636  -  ResidentSetSize of job (KB)
...
005 (2578561.000.000) 2025-08-04 11:00:43 Job terminated.
	(1) Normal termination (return value 0)
		Usr 0 00:50:47, Sys 0 00:00:07  -  Run Remote Usage
		Usr 0 00:00:00, Sys 0 00:00:00  -  Run Local Usage
		Usr 0 00:50:47, Sys 0 00:00:07  -  Total Remote Usage
		Usr 0 00:00:00, Sys 0 00:00:00  -  Total Local Usage
	0  -  Run Bytes Sent By Job
	0  -  Run Bytes Received By Job
	0  -  Total Bytes Sent By Job
	0  -  Total Bytes Received By Job
	Partitionable Resources :    Usage  Request Allocated Assigned
	   Cpus                 :     1.00        1         1 
	   Disk (KB)            : 17500    16777216  16790397 
	   GPUs                 :     0           1         1 "GPU-b5d11d97-8330-6520-8847-fcfe487ecbb7"
	   GpusMemory (MB)      :  1234                       
	   Memory (MB)          :  1310       16384     16384 
	   TimeExecute (s)      :  3064                       
	   TimeSlotBusy (s)     :  3064                       

	Job terminated of its own accord at 2025-08-04T09:00:43Z with exit-code 0.
...
