000 (2611901.000.000) 2025-08-18 10:28:52 Job submitted from host: <145.107.7.246:9618?addrs=145.107.7.246-9618+[2a07-8500-120-e070--3f6]-9618&alias=taai-007.nikhef.nl&noUDP&sock=schedd_2614_90a7>
    DAG Node: run_a
...
001 (2611901.000.000) 2025-08-18 12:02:00 Job executing on host: <145.107.4.158:9618?addrs=145.107.4.158-9618+[2a07-8500-120-e070--9e]-9618&alias=wn-knek-015.nikhef.nl&noUDP&sock=startd_1918_2abc>
	SlotName: slot1_1@wn-knek-015.nikhef.nl
	CondorScratchDir = "/scratch/condor_execute/dir_3832658"
	Cpus = 64
	Disk = 16779833
	GPUs = 0
	Memory = 16384
...
006 (2611901.000.000) 2025-08-18 12:02:14 Image size of job updated: 397864
	389  -  MemoryUsage of job (MB)
	397864  -  ResidentSetSize of job (KB)
...
006 (2611901.000.000) 2025-08-18 12:07:15 Image size of job updated: 1683116
	1644  -  MemoryUsage of job (MB)
	1683116  -  ResidentSetSize of job (KB)
...
006 (2611901.000.000) 2025-08-18 12:12:16 Image size of job updated: 1709272
	1670  -  MemoryUsage of job (MB)
	1709272  -  ResidentSetSize of job (KB)
...
006 (2611901.000.000) 2025-08-18 12:17:16 Image size of job updated: 1729236
	1689  -  MemoryUsage of job (MB)
	1729236  -  ResidentSetSize of job (KB)
...
006 (2611901.000.000) 2025-08-18 12:22:16 Image size of job updated: 1742052
	1702  -  MemoryUsage of job (MB)
	1742052  -  ResidentSetSize of job (KB)
...
006 (2611901.000.000) 2025-08-18 12:27:17 Image size of job updated: 1746548
	1706  -  MemoryUsage of job (MB)
	1746548  -  ResidentSetSize of job (KB)
...
006 (2611901.000.000) 2025-08-18 12:32:18 Image size of job updated: 1750868
	1710  -  MemoryUsage of job (MB)
	1750868  -  ResidentSetSize of job (KB)
...
006 (2611901.000.000) 2025-08-18 12:37:18 Image size of job updated: 1754192
	1714  -  MemoryUsage of job (MB)
	1754192  -  ResidentSetSize of job (KB)
...
006 (2611901.000.000) 2025-08-18 12:42:18 Image size of job updated: 1762132
	1721  -  MemoryUsage of job (MB)
	1762132  -  ResidentSetSize of job (KB)
...
006 (2611901.000.000) 2025-08-18 12:47:19 Image size of job updated: 1766120
	1725  -  MemoryUsage of job (MB)
	1766120  -  ResidentSetSize of job (KB)
...
006 (2611901.000.000) 2025-08-18 12:52:19 Image size of job updated: 1775428
	1734  -  MemoryUsage of job (MB)
	1775428  -  ResidentSetSize of job (KB)
...
006 (2611901.000.000) 2025-08-18 12:57:19 Image size of job updated: 1780832
	1740  -  MemoryUsage of job (MB)
	1780832  -  ResidentSetSize of job (KB)
...
006 (2611901.000.000) 2025-08-18 13:02:20 Image size of job updated: 1785552
	1744  -  MemoryUsage of job (MB)
	1785552  -  ResidentSetSize of job (KB)
...
006 (2611901.000.000) 2025-08-18 13:07:21 Image size of job updated: 2409632
	2354  -  MemoryUsage of job (MB)
	2409632  -  ResidentSetSize of job (KB)
...
006 (2611901.000.000) 2025-08-18 13:12:21 Image size of job updated: 2424588
	2368  -  MemoryUsage of job (MB)
	2424588  -  ResidentSetSize of job (KB)
...
006 (2611901.000.000) 2025-08-18 13:17:21 Image size of job updated: 2445812
	2389  -  MemoryUsage of job (MB)
	2445812  -  ResidentSetSize of job (KB)
...
006 (2611901.000.000) 2025-08-18 13:22:22 Image size of job updated: 2446740
	2390  -  MemoryUsage of job (MB)
	2446740  -  ResidentSetSize of job (KB)
...
006 (2611901.000.000) 2025-08-18 13:27:22 Image size of job updated: 2447584
	2391  -  MemoryUsage of job (MB)
	2447584  -  ResidentSetSize of job (KB)
...
006 (2611901.000.000) 2025-08-18 13:32:22 Image size of job updated: 2452048
	2395  -  MemoryUsage of job (MB)
	2452048  -  ResidentSetSize of job (KB)
...
006 (2611901.000.000) 2025-08-18 13:37:23 Image size of job updated: 2452908
	2396  -  MemoryUsage of job (MB)
	2452908  -  ResidentSetSize of job (KB)
...
006 (2611901.000.000) 2025-08-18 13:42:24 Image size of job updated: 2453660
	2397  -  MemoryUsage of job (MB)
	2453660  -  ResidentSetSize of job (KB)
...
006 (2611901.000.000) 2025-08-18 13:47:24 Image size of job updated: 2455556
	2399  -  MemoryUsage of job (MB)
	2455556  -  ResidentSetSize of job (KB)
...
006 (2611901.000.000) 2025-08-18 13:52:24 Image size of job updated: 2456276
	2399  -  MemoryUsage of job (MB)
	2456276  -  ResidentSetSize of job (KB)
...
006 (2611901.000.000) 2025-08-18 13:57:25 Image size of job updated: 2457032
	2400  -  MemoryUsage of job (MB)
	2457032  -  ResidentSetSize of job (KB)
...
006 (2611901.000.000) 2025-08-18 14:02:25 Image size of job updated: 2457696
	2401  -  MemoryUsage of job (MB)
	2457696  -  ResidentSetSize of job (KB)
...
006 (2611901.000.000) 2025-08-18 14:07:25 Image size of job updated: 2527520
	2469  -  MemoryUsage of job (MB)
	2527520  -  ResidentSetSize of job (KB)
...
006 (2611901.000.000) 2025-08-18 14:12:26 Image size of job updated: 2528112
	2469  -  MemoryUsage of job (MB)
	2528112  -  ResidentSetSize of job (KB)
...
006 (2611901.000.000) 2025-08-18 14:17:27 Image size of job updated: 2528644
	2470  -  MemoryUsage of job (MB)
	2528644  -  ResidentSetSize of job (KB)
...
006 (2611901.000.000) 2025-08-18 14:22:27 Image size of job updated: 2529900
	2471  -  MemoryUsage of job (MB)
	2529900  -  ResidentSetSize of job (KB)
...
006 (2611901.000.000) 2025-08-18 14:27:27 Image size of job updated: 2530372
	2472  -  MemoryUsage of job (MB)
	2530372  -  ResidentSetSize of job (KB)
...
006 (2611901.000.000) 2025-08-18 14:32:28 Image size of job updated: 2530928
	2472  -  MemoryUsage of job (MB)
	2530928  -  ResidentSetSize of job (KB)
...
006 (2611901.000.000) 2025-08-18 14:37:28 Image size of job updated: 2531468
	2473  -  MemoryUsage of job (MB)
	2531468  -  ResidentSetSize of job (KB)
...
006 (2611901.000.000) 2025-08-18 14:42:28 Image size of job updated: 2534852
	2476  -  MemoryUsage of job (MB)
	2534852  -  ResidentSetSize of job (KB)
...
006 (2611901.000.000) 2025-08-18 14:47:29 Image size of job updated: 2535440
	2477  -  MemoryUsage of job (MB)
	2535440  -  ResidentSetSize of job (KB)
...
006 (2611901.000.000) 2025-08-18 14:52:30 Image size of job updated: 2541168
	2482  -  MemoryUsage of job (MB)
	2541168  -  ResidentSetSize of job (KB)
...
006 (2611901.000.000) 2025-08-18 14:57:30 Image size of job updated: 2541684
	2483  -  MemoryUsage of job (MB)
	2541684  -  ResidentSetSize of job (KB)
...
006 (2611901.000.000) 2025-08-18 15:02:30 Image size of job updated: 2542812
	2484  -  MemoryUsage of job (MB)
	2542812  -  ResidentSetSize of job (KB)
...
006 (2611901.000.000) 2025-08-18 15:07:31 Image size of job updated: 2700776
	2519  -  MemoryUsage of job (MB)
	2578956  -  ResidentSetSize of job (KB)
...
006 (2611901.000.000) 2025-08-18 15:12:32 Image size of job updated: 2700776
	2519  -  MemoryUsage of job (MB)
	2579440  -  ResidentSetSize of job (KB)
...
006 (2611901.000.000) 2025-08-18 15:17:32 Image size of job updated: 2700776
	2521  -  MemoryUsage of job (MB)
	2581416  -  ResidentSetSize of job (KB)
...
006 (2611901.000.000) 2025-08-18 15:22:33 Image size of job updated: 2700776
	2522  -  MemoryUsage of job (MB)
	2581808  -  ResidentSetSize of job (KB)
...
006 (2611901.000.000) 2025-08-18 15:27:34 Image size of job updated: 2700776
	2524  -  MemoryUsage of job (MB)
	2583784  -  ResidentSetSize of job (KB)
...
006 (2611901.000.000) 2025-08-18 15:32:34 Image size of job updated: 2700776
	2524  -  MemoryUsage of job (MB)
	2584156  -  ResidentSetSize of job (KB)
...
006 (2611901.000.000) 2025-08-18 15:37:34 Image size of job updated: 2700776
	2524  -  MemoryUsage of job (MB)
	2584544  -  ResidentSetSize of job (KB)
...
006 (2611901.000.000) 2025-08-18 15:42:35 Image size of job updated: 2700776
	2526  -  MemoryUsage of job (MB)
	2586540  -  ResidentSetSize of job (KB)
...
006 (2611901.000.000) 2025-08-18 15:47:36 Image size of job updated: 2700776
	2527  -  MemoryUsage of job (MB)
	2587616  -  ResidentSetSize of job (KB)
...
006 (2611901.000.000) 2025-08-18 15:52:36 Image size of job updated: 2700776
	2531  -  MemoryUsage of job (MB)
	2590756  -  ResidentSetSize of job (KB)
...
006 (2611901.000.000) 2025-08-18 15:57:37 Image size of job updated: 2700776
	2531  -  MemoryUsage of job (MB)
	2591192  -  ResidentSetSize of job (KB)
...
006 (2611901.000.000) 2025-08-18 16:02:38 Image size of job updated: 2700776
	2532  -  MemoryUsage of job (MB)
	2592016  -  ResidentSetSize of job (KB)
...
006 (2611901.000.000) 2025-08-18 16:07:38 Image size of job updated: 2783604
	2595  -  MemoryUsage of job (MB)
	2656524  -  ResidentSetSize of job (KB)
...
006 (2611901.000.000) 2025-08-18 16:12:38 Image size of job updated: 2783604
	2595  -  MemoryUsage of job (MB)
	2656864  -  ResidentSetSize of job (KB)
...
006 (2611901.000.000) 2025-08-18 16:17:39 Image size of job updated: 2783604
	2597  -  MemoryUsage of job (MB)
	2658776  -  ResidentSetSize of job (KB)
...
006 (2611901.000.000) 2025-08-18 16:22:40 Image size of job updated: 2783604
	2597  -  MemoryUsage of job (MB)
	2659060  -  ResidentSetSize of job (KB)
...
006 (2611901.000.000) 2025-08-18 16:27:40 Image size of job updated: 2783604
	2598  -  MemoryUsage of job (MB)
	2659400  -  ResidentSetSize of job (KB)
...
006 (2611901.000.000) 2025-08-18 16:32:40 Image size of job updated: 2783604
	2599  -  MemoryUsage of job (MB)
	2661300  -  ResidentSetSize of job (KB)
...
006 (2611901.000.000) 2025-08-18 16:37:41 Image size of job updated: 2783604
	2600  -  MemoryUsage of job (MB)
	2661624  -  ResidentSetSize of job (KB)
...
006 (2611901.000.000) 2025-08-18 16:42:41 Image size of job updated: 2783604
	2602  -  MemoryUsage of job (MB)
	2663540  -  ResidentSetSize of job (KB)
...
006 (2611901.000.000) 2025-08-18 16:47:41 Image size of job updated: 2783604
	2602  -  MemoryUsage of job (MB)
	2663812  -  ResidentSetSize of job (KB)
...
006 (2611901.000.000) 2025-08-18 16:52:42 Image size of job updated: 2783604
	2603  -  MemoryUsage of job (MB)
	2664684  -  ResidentSetSize of job (KB)
...
006 (2611901.000.000) 2025-08-18 16:57:43 Image size of job updated: 2783604
	2604  -  MemoryUsage of job (MB)
	2666040  -  ResidentSetSize of job (KB)
...
006 (2611901.000.000) 2025-08-18 17:02:43 Image size of job updated: 2783604
	2604  -  MemoryUsage of job (MB)
	2666324  -  ResidentSetSize of job (KB)
...
006 (2611901.000.000) 2025-08-18 17:07:43 Image size of job updated: 2831308
	2650  -  MemoryUsage of job (MB)
	2712812  -  ResidentSetSize of job (KB)
...
006 (2611901.000.000) 2025-08-18 17:12:44 Image size of job updated: 2831308
	2650  -  MemoryUsage of job (MB)
	2713124  -  ResidentSetSize of job (KB)
...
006 (2611901.000.000) 2025-08-18 17:17:45 Image size of job updated: 2831308
	2652  -  MemoryUsage of job (MB)
	2715000  -  ResidentSetSize of job (KB)
...
006 (2611901.000.000) 2025-08-18 17:22:45 Image size of job updated: 2831308
	2652  -  MemoryUsage of job (MB)
	2715256  -  ResidentSetSize of job (KB)
...
006 (2611901.000.000) 2025-08-18 17:27:46 Image size of job updated: 2831308
	2652  -  MemoryUsage of job (MB)
	2715636  -  ResidentSetSize of job (KB)
...
006 (2611901.000.000) 2025-08-18 17:32:47 Image size of job updated: 2831308
	2654  -  MemoryUsage of job (MB)
	2717476  -  ResidentSetSize of job (KB)
...
006 (2611901.000.000) 2025-08-18 17:37:47 Image size of job updated: 2831308
	2655  -  MemoryUsage of job (MB)
	2717800  -  ResidentSetSize of job (KB)
...
006 (2611901.000.000) 2025-08-18 17:42:47 Image size of job updated: 2831308
	2656  -  MemoryUsage of job (MB)
	2719624  -  ResidentSetSize of job (KB)
...
006 (2611901.000.000) 2025-08-18 17:47:48 Image size of job updated: 2831308
	2657  -  MemoryUsage of job (MB)
	2719928  -  ResidentSetSize of job (KB)
...
006 (2611901.000.000) 2025-08-18 17:52:49 Image size of job updated: 2831308
	2657  -  MemoryUsage of job (MB)
	2720212  -  ResidentSetSize of job (KB)
...
006 (2611901.000.000) 2025-08-18 17:57:49 Image size of job updated: 2831308
	2660  -  MemoryUsage of job (MB)
	2722852  -  ResidentSetSize of job (KB)
...
006 (2611901.000.000) 2025-08-18 18:02:49 Image size of job updated: 2831308
	2660  -  MemoryUsage of job (MB)
	2723172  -  ResidentSetSize of job (KB)
...
006 (2611901.000.000) 2025-08-18 18:07:50 Image size of job updated: 2931928
	2727  -  MemoryUsage of job (MB)
	2791612  -  ResidentSetSize of job (KB)
...
006 (2611901.000.000) 2025-08-18 18:12:51 Image size of job updated: 2953092
	2727  -  MemoryUsage of job (MB)
	2791612  -  ResidentSetSize of job (KB)
...
006 (2611901.000.000) 2025-08-18 19:12:57 Image size of job updated: 3010688
	2740  -  MemoryUsage of job (MB)
	2805632  -  ResidentSetSize of job (KB)
...
006 (2611901.000.000) 2025-08-18 19:17:58 Image size of job updated: 3010688
	2741  -  MemoryUsage of job (MB)
	2805864  -  ResidentSetSize of job (KB)
...
006 (2611901.000.000) 2025-08-18 19:22:59 Image size of job updated: 3010688
	2742  -  MemoryUsage of job (MB)
	2807652  -  ResidentSetSize of job (KB)
...
006 (2611901.000.000) 2025-08-18 19:27:59 Image size of job updated: 3010688
	2743  -  MemoryUsage of job (MB)
	2807872  -  ResidentSetSize of job (KB)
...
006 (2611901.000.000) 2025-08-18 19:32:59 Image size of job updated: 3010688
	2744  -  MemoryUsage of job (MB)
	2809720  -  ResidentSetSize of job (KB)
...
006 (2611901.000.000) 2025-08-18 19:38:00 Image size of job updated: 3010688
	2745  -  MemoryUsage of job (MB)
	2809904  -  ResidentSetSize of job (KB)
...
006 (2611901.000.000) 2025-08-18 19:43:01 Image size of job updated: 3010688
	2745  -  MemoryUsage of job (MB)
	2810116  -  ResidentSetSize of job (KB)
...
006 (2611901.000.000) 2025-08-18 19:48:01 Image size of job updated: 3010688
	2746  -  MemoryUsage of job (MB)
	2811876  -  ResidentSetSize of job (KB)
...
006 (2611901.000.000) 2025-08-18 19:53:01 Image size of job updated: 3010688
	2747  -  MemoryUsage of job (MB)
	2812084  -  ResidentSetSize of job (KB)
...
006 (2611901.000.000) 2025-08-18 19:58:02 Image size of job updated: 3010688
	2748  -  MemoryUsage of job (MB)
	2813820  -  ResidentSetSize of job (KB)
...
006 (2611901.000.000) 2025-08-18 20:03:02 Image size of job updated: 3010688
	2749  -  MemoryUsage of job (MB)
	2814048  -  ResidentSetSize of job (KB)
...
006 (2611901.000.000) 2025-08-18 20:08:02 Image size of job updated: 3010688
	2750  -  MemoryUsage of job (MB)
	2815892  -  ResidentSetSize of job (KB)
...
006 (2611901.000.000) 2025-08-18 20:13:03 Image size of job updated: 3039780
	2783  -  MemoryUsage of job (MB)
	2849412  -  ResidentSetSize of job (KB)
...
006 (2611901.000.000) 2025-08-18 20:18:04 Image size of job updated: 3039780
	2784  -  MemoryUsage of job (MB)
	2849864  -  ResidentSetSize of job (KB)
...
006 (2611901.000.000) 2025-08-18 20:23:04 Image size of job updated: 3039780
	2786  -  MemoryUsage of job (MB)
	2851844  -  ResidentSetSize of job (KB)
...
006 (2611901.000.000) 2025-08-18 20:28:04 Image size of job updated: 3039780
	2786  -  MemoryUsage of job (MB)
	2852228  -  ResidentSetSize of job (KB)
...
006 (2611901.000.000) 2025-08-18 20:33:05 Image size of job updated: 3039780
	2788  -  MemoryUsage of job (MB)
	2854176  -  ResidentSetSize of job (KB)
...
006 (2611901.000.000) 2025-08-18 20:38:06 Image size of job updated: 3039780
	2788  -  MemoryUsage of job (MB)
	2854524  -  ResidentSetSize of job (KB)
...
006 (2611901.000.000) 2025-08-18 20:43:06 Image size of job updated: 3039780
	2788  -  MemoryUsage of job (MB)
	2854876  -  ResidentSetSize of job (KB)
...
006 (2611901.000.000) 2025-08-18 20:48:06 Image size of job updated: 3039780
	2790  -  MemoryUsage of job (MB)
	2856712  -  ResidentSetSize of job (KB)
...
006 (2611901.000.000) 2025-08-18 20:53:07 Image size of job updated: 3039780
	2791  -  MemoryUsage of job (MB)
	2857028  -  ResidentSetSize of job (KB)
...
006 (2611901.000.000) 2025-08-18 20:58:08 Image size of job updated: 3039780
	2792  -  MemoryUsage of job (MB)
	2858904  -  ResidentSetSize of job (KB)
...
006 (2611901.000.000) 2025-08-18 21:03:08 Image size of job updated: 3039780
	2793  -  MemoryUsage of job (MB)
	2859164  -  ResidentSetSize of job (KB)
...
006 (2611901.000.000) 2025-08-18 21:08:09 Image size of job updated: 3039780
	2793  -  MemoryUsage of job (MB)
	2859524  -  ResidentSetSize of job (KB)
...
006 (2611901.000.000) 2025-08-18 21:13:10 Image size of job updated: 3091760
	2822  -  MemoryUsage of job (MB)
	2889604  -  ResidentSetSize of job (KB)
...
006 (2611901.000.000) 2025-08-18 21:18:10 Image size of job updated: 3091760
	2823  -  MemoryUsage of job (MB)
	2889912  -  ResidentSetSize of job (KB)
...
006 (2611901.000.000) 2025-08-18 21:23:10 Image size of job updated: 3091760
	2824  -  MemoryUsage of job (MB)
	2891760  -  ResidentSetSize of job (KB)
...
006 (2611901.000.000) 2025-08-18 21:28:11 Image size of job updated: 3091760
	2825  -  MemoryUsage of job (MB)
	2892064  -  ResidentSetSize of job (KB)
...
006 (2611901.000.000) 2025-08-18 21:33:12 Image size of job updated: 3091760
	2825  -  MemoryUsage of job (MB)
	2892296  -  ResidentSetSize of job (KB)
...
006 (2611901.000.000) 2025-08-18 21:38:12 Image size of job updated: 3091760
	2827  -  MemoryUsage of job (MB)
	2894084  -  ResidentSetSize of job (KB)
...
006 (2611901.000.000) 2025-08-18 21:43:12 Image size of job updated: 3091760
	2827  -  MemoryUsage of job (MB)
	2894344  -  ResidentSetSize of job (KB)
...
006 (2611901.000.000) 2025-08-18 21:48:13 Image size of job updated: 3091760
	2829  -  MemoryUsage of job (MB)
	2896172  -  ResidentSetSize of job (KB)
...
006 (2611901.000.000) 2025-08-18 21:53:14 Image size of job updated: 3091760
	2829  -  MemoryUsage of job (MB)
	2896408  -  ResidentSetSize of job (KB)
...
006 (2611901.000.000) 2025-08-18 21:58:14 Image size of job updated: 3091760
	2831  -  MemoryUsage of job (MB)
	2898248  -  ResidentSetSize of job (KB)
...
006 (2611901.000.000) 2025-08-18 22:03:14 Image size of job updated: 3091760
	2831  -  MemoryUsage of job (MB)
	2898464  -  ResidentSetSize of job (KB)
...
006 (2611901.000.000) 2025-08-18 22:08:15 Image size of job updated: 3091760
	2831  -  MemoryUsage of job (MB)
	2898712  -  ResidentSetSize of job (KB)
...
006 (2611901.000.000) 2025-08-18 22:13:15 Image size of job updated: 3150856
	2890  -  MemoryUsage of job (MB)
	2958440  -  ResidentSetSize of job (KB)
...
006 (2611901.000.000) 2025-08-18 22:18:15 Image size of job updated: 3150856
	2890  -  MemoryUsage of job (MB)
	2958704  -  ResidentSetSize of job (KB)
...
006 (2611901.000.000) 2025-08-18 22:23:16 Image size of job updated: 3150856
	2892  -  MemoryUsage of job (MB)
	2960488  -  ResidentSetSize of job (KB)
...
006 (2611901.000.000) 2025-08-18 22:28:17 Image size of job updated: 3150856
	2892  -  MemoryUsage of job (MB)
	2960720  -  ResidentSetSize of job (KB)
...
006 (2611901.000.000) 2025-08-18 22:33:17 Image size of job updated: 3150856
	2892  -  MemoryUsage of job (MB)
	2960936  -  ResidentSetSize of job (KB)
...
006 (2611901.000.000) 2025-08-18 22:38:17 Image size of job updated: 3150856
	2894  -  MemoryUsage of job (MB)
	2962740  -  ResidentSetSize of job (KB)
...
006 (2611901.000.000) 2025-08-18 22:43:18 Image size of job updated: 3150856
	2894  -  MemoryUsage of job (MB)
	2962976  -  ResidentSetSize of job (KB)
...
006 (2611901.000.000) 2025-08-18 22:48:19 Image size of job updated: 3150856
	2896  -  MemoryUsage of job (MB)
	2964748  -  ResidentSetSize of job (KB)
...
006 (2611901.000.000) 2025-08-18 22:53:19 Image size of job updated: 3150856
	2896  -  MemoryUsage of job (MB)
	2964964  -  ResidentSetSize of job (KB)
...
006 (2611901.000.000) 2025-08-18 23:03:20 Image size of job updated: 3150856
	2897  -  MemoryUsage of job (MB)
	2965992  -  ResidentSetSize of job (KB)
...
006 (2611901.000.000) 2025-08-18 23:08:21 Image size of job updated: 3150856
	2897  -  MemoryUsage of job (MB)
	2966188  -  ResidentSetSize of job (KB)
...
006 (2611901.000.000) 2025-08-18 23:13:21 Image size of job updated: 3150856
	2979  -  MemoryUsage of job (MB)
	3050392  -  ResidentSetSize of job (KB)
...
006 (2611901.000.000) 2025-08-18 23:18:22 Image size of job updated: 3150856
	2980  -  MemoryUsage of job (MB)
	3050588  -  ResidentSetSize of job (KB)
...
006 (2611901.000.000) 2025-08-18 23:23:23 Image size of job updated: 3150856
	2981  -  MemoryUsage of job (MB)
	3052364  -  ResidentSetSize of job (KB)
...
006 (2611901.000.000) 2025-08-18 23:28:23 Image size of job updated: 3150856
	2982  -  MemoryUsage of job (MB)
	3052580  -  ResidentSetSize of job (KB)
...
006 (2611901.000.000) 2025-08-18 23:33:23 Image size of job updated: 3150856
	2982  -  MemoryUsage of job (MB)
	3052792  -  ResidentSetSize of job (KB)
...
006 (2611901.000.000) 2025-08-18 23:38:24 Image size of job updated: 3150856
	2983  -  MemoryUsage of job (MB)
	3054548  -  ResidentSetSize of job (KB)
...
006 (2611901.000.000) 2025-08-18 23:43:25 Image size of job updated: 3150856
	2984  -  MemoryUsage of job (MB)
	3054772  -  ResidentSetSize of job (KB)
...
006 (2611901.000.000) 2025-08-18 23:48:25 Image size of job updated: 3150856
	2985  -  MemoryUsage of job (MB)
	3056552  -  ResidentSetSize of job (KB)
...
006 (2611901.000.000) 2025-08-18 23:53:25 Image size of job updated: 3150856
	2986  -  MemoryUsage of job (MB)
	3056756  -  ResidentSetSize of job (KB)
...
006 (2611901.000.000) 2025-08-18 23:58:26 Image size of job updated: 3150856
	2986  -  MemoryUsage of job (MB)
	3056968  -  ResidentSetSize of job (KB)
...
006 (2611901.000.000) 2025-08-19 00:03:27 Image size of job updated: 3150856
	2988  -  MemoryUsage of job (MB)
	3058744  -  ResidentSetSize of job (KB)
...
006 (2611901.000.000) 2025-08-19 00:08:27 Image size of job updated: 3150856
	2989  -  MemoryUsage of job (MB)
	3060448  -  ResidentSetSize of job (KB)
...
006 (2611901.000.000) 2025-08-19 00:13:28 Image size of job updated: 3327892
	3235  -  MemoryUsage of job (MB)
	3311644  -  ResidentSetSize of job (KB)
...
006 (2611901.000.000) 2025-08-19 00:18:29 Image size of job updated: 3327892
	3235  -  MemoryUsage of job (MB)
	3311668  -  ResidentSetSize of job (KB)
...
006 (2611901.000.000) 2025-08-19 01:18:35 Image size of job updated: 3402184
	3235  -  MemoryUsage of job (MB)
	3311668  -  ResidentSetSize of job (KB)
...
006 (2611901.000.000) 2025-08-19 02:18:41 Image size of job updated: 3476704
	3235  -  MemoryUsage of job (MB)
	3311668  -  ResidentSetSize of job (KB)
...
006 (2611901.000.000) 2025-08-19 04:18:55 Image size of job updated: 3476704
	3244  -  MemoryUsage of job (MB)
	3321320  -  ResidentSetSize of job (KB)
...
006 (2611901.000.000) 2025-08-19 04:23:55 Image size of job updated: 3534844
	3244  -  MemoryUsage of job (MB)
	3321344  -  ResidentSetSize of job (KB)
...
006 (2611901.000.000) 2025-08-19 04:38:57 Image size of job updated: 3706236
	3314  -  MemoryUsage of job (MB)
	3392568  -  ResidentSetSize of job (KB)
...
005 (2611901.000.000) 2025-08-19 04:40:50 Job terminated.
	(1) Normal termination (return value 0)
		Usr 28 14:04:18, Sys 0 00:07:50  -  Run Remote Usage
		Usr 0 00:00:00, Sys 0 00:00:00  -  Run Local Usage
		Usr 28 14:04:18, Sys 0 00:07:50  -  Total Remote Usage
		Usr 0 00:00:00, Sys 0 00:00:00  -  Total Local Usage
	0  -  Run Bytes Sent By Job
	0  -  Run Bytes Received By Job
	0  -  Total Bytes Sent By Job
	0  -  Total Bytes Received By Job
	Partitionable Resources :    Usage  Request Allocated 
	   Cpus                 :     1.72       64        64 
	   Disk (KB)            : 17500    16777216  16779833 
	   GPUs                 :                           0 
	   Memory (MB)          :  3314       16384     16384 
	   TimeExecute (s)      : 59930                       
	   TimeSlotBusy (s)     : 59930                       

	Job terminated of its own accord at 2025-08-19T02:40:50Z with exit-code 0.
...
