000 (2587849.000.000) 2025-08-06 10:18:37 Job submitted from host: <145.107.7.246:9618?addrs=145.107.7.246-9618+[2a07-8500-120-e070--3f6]-9618&alias=taai-007.nikhef.nl&noUDP&sock=schedd_2614_90a7>
...
001 (2587849.000.000) 2025-08-06 10:18:38 Job executing on host: <145.107.4.163:9618?addrs=145.107.4.163-9618+[2a07-8500-120-e070--a3]-9618&alias=wn-pijl-002.nikhef.nl&noUDP&sock=startd_4326_daca>
	SlotName: slot1_1@wn-pijl-002.nikhef.nl
	AvailableGPUs = { GPUs_GPU_4fb6dafd_ddc3_be3a_a076_7466e71b9470 }
	CondorScratchDir = "/scratch/condor_execute/dir_1421542"
	Cpus = 1
	Disk = 16790353
	GPUs = 1
	GPUs_GPU_4fb6dafd_ddc3_be3a_a076_7466e71b9470 = [ Id = "GPU-4fb6dafd-ddc3-be3a-a076-7466e71b9470"; ClockMhz = 2520.0; Capability = 8.9; CoresPerCU = 128; DeviceName = "NVIDIA L40S"; DeviceUuid = "4fb6dafd-ddc3-be3a-a076-7466e71b9470"; ECCEnabled = true; ComputeUnits = 142; NvidiaDriver = "570.124.06"; DriverVersion = 12.8; DevicePciBusId = "0000:01:00.0"; GlobalMemoryMb = 45468; MaxSupportedVersion = 12080 ]
	Memory = 16384
...
006 (2587849.000.000) 2025-08-06 10:18:51 Image size of job updated: 341184
	334  -  MemoryUsage of job (MB)
	341184  -  ResidentSetSize of job (KB)
...
006 (2587849.000.000) 2025-08-06 10:22:31 Image size of job updated: 3521592
	334  -  MemoryUsage of job (MB)
	341260  -  ResidentSetSize of job (KB)
...
005 (2587849.000.000) 2025-08-06 10:22:31 Job terminated.
	(1) Normal termination (return value 0)
		Usr 0 00:03:55, Sys 0 00:00:39  -  Run Remote Usage
		Usr 0 00:00:00, Sys 0 00:00:00  -  Run Local Usage
		Usr 0 00:03:55, Sys 0 00:00:39  -  Total Remote Usage
		Usr 0 00:00:00, Sys 0 00:00:00  -  Total Local Usage
	0  -  Run Bytes Sent By Job
	0  -  Run Bytes Received By Job
	0  -  Total Bytes Sent By Job
	0  -  Total Bytes Received By Job
	Partitionable Resources :    Usage  Request Allocated Assigned
	   Cpus                 :     1.08        1         1 
	   Disk (KB)            : 17500    16777216  16790353 
	   GPUs                 :                 1         1 "GPU-4fb6dafd-ddc3-be3a-a076-7466e71b9470"
	   GpusMemory (MB)      : 35158                       
	   Memory (MB)          :   334       16384     16384 
	   TimeExecute (s)      :   233                       
	   TimeSlotBusy (s)     :   233                       

	Job terminated of its own accord at 2025-08-06T08:22:31Z with exit-code 0.
...
