000 (2578556.000.000) 2025-08-04 10:04:26 Job submitted from host: <145.107.7.246:9618?addrs=145.107.7.246-9618+[2a07-8500-120-e070--3f6]-9618&alias=taai-007.nikhef.nl&noUDP&sock=schedd_2614_90a7>
...
001 (2578556.000.000) 2025-08-04 10:04:40 Job executing on host: <145.107.4.167:9618?addrs=145.107.4.167-9618+[2a07-8500-120-e070--a7]-9618&alias=wn-pijl-006.nikhef.nl&noUDP&sock=startd_4304_c3b5>
	SlotName: slot1_2@wn-pijl-006.nikhef.nl
	AvailableGPUs = { GPUs_GPU_feb79665_637f_7d00_0944_9b688d6e2aa4 }
	CondorScratchDir = "/scratch/condor_execute/dir_3251157"
	Cpus = 1
	Disk = 16790397
	GPUs = 1
	GPUs_GPU_feb79665_637f_7d00_0944_9b688d6e2aa4 = [ Id = "GPU-feb79665-637f-7d00-0944-9b688d6e2aa4"; ClockMhz = 2520.0; Capability = 8.9; CoresPerCU = 128; DeviceName = "NVIDIA L40S"; DeviceUuid = "feb79665-637f-7d00-0944-9b688d6e2aa4"; ECCEnabled = true; ComputeUnits = 142; NvidiaDriver = "570.124.06"; DriverVersion = 12.8; DevicePciBusId = "0000:02:00.0"; GlobalMemoryMb = 45468; MaxSupportedVersion = 12080 ]
	Memory = 16384
...
006 (2578556.000.000) 2025-08-04 10:04:54 Image size of job updated: 397008
	388  -  MemoryUsage of job (MB)
	397008  -  ResidentSetSize of job (KB)
...
006 (2578556.000.000) 2025-08-04 10:04:56 Image size of job updated: 399088
	388  -  MemoryUsage of job (MB)
	397016  -  ResidentSetSize of job (KB)
...
005 (2578556.000.000) 2025-08-04 10:04:56 Job terminated.
	(1) Normal termination (return value 1)
		Usr 0 00:00:05, Sys 0 00:00:01  -  Run Remote Usage
		Usr 0 00:00:00, Sys 0 00:00:00  -  Run Local Usage
		Usr 0 00:00:05, Sys 0 00:00:01  -  Total Remote Usage
		Usr 0 00:00:00, Sys 0 00:00:00  -  Total Local Usage
	0  -  Run Bytes Sent By Job
	0  -  Run Bytes Received By Job
	0  -  Total Bytes Sent By Job
	0  -  Total Bytes Received By Job
	Partitionable Resources :    Usage  Request Allocated Assigned
	   Cpus                 :        0        1         1 
	   Disk (KB)            :    17500 16777216  16790397 
	   GPUs                 :        0        1         1 "GPU-feb79665-637f-7d00-0944-9b688d6e2aa4"
	   GpusMemory (MB)      :      603                    
	   Memory (MB)          :      388    16384     16384 
	   TimeExecute (s)      :       16                    
	   TimeSlotBusy (s)     :       16                    

	Job terminated of its own accord at 2025-08-04T08:04:56Z with exit-code 1.
...
000 (2578566.000.000) 2025-08-04 10:09:58 Job submitted from host: <145.107.7.246:9618?addrs=145.107.7.246-9618+[2a07-8500-120-e070--3f6]-9618&alias=taai-007.nikhef.nl&noUDP&sock=schedd_2614_90a7>
...
001 (2578566.000.000) 2025-08-04 10:10:40 Job executing on host: <145.107.4.168:9618?addrs=145.107.4.168-9618+[2a07-8500-120-e070--a8]-9618&alias=wn-pijl-007.nikhef.nl&noUDP&sock=startd_4419_a519>
	SlotName: slot1_2@wn-pijl-007.nikhef.nl
	AvailableGPUs = { GPUs_GPU_0908d160_54f1_7a49_0ce0_d6a6c1e03f24 }
	CondorScratchDir = "/scratch/condor_execute/dir_1832477"
	Cpus = 1
	Disk = 16790397
	GPUs = 1
	GPUs_GPU_0908d160_54f1_7a49_0ce0_d6a6c1e03f24 = [ Id = "GPU-0908d160-54f1-7a49-0ce0-d6a6c1e03f24"; ClockMhz = 2520.0; Capability = 8.9; CoresPerCU = 128; DeviceName = "NVIDIA L40S"; DeviceUuid = "0908d160-54f1-7a49-0ce0-d6a6c1e03f24"; ECCEnabled = true; ComputeUnits = 142; NvidiaDriver = "570.124.06"; DriverVersion = 12.8; DevicePciBusId = "0000:02:00.0"; GlobalMemoryMb = 45468; MaxSupportedVersion = 12080 ]
	Memory = 16384
...
006 (2578566.000.000) 2025-08-04 10:10:54 Image size of job updated: 419004
	410  -  MemoryUsage of job (MB)
	419004  -  ResidentSetSize of job (KB)
...
006 (2578566.000.000) 2025-08-04 10:15:55 Image size of job updated: 428428
	417  -  MemoryUsage of job (MB)
	426352  -  ResidentSetSize of job (KB)
...
006 (2578566.000.000) 2025-08-04 10:20:55 Image size of job updated: 1103968
	1078  -  MemoryUsage of job (MB)
	1103780  -  ResidentSetSize of job (KB)
...
006 (2578566.000.000) 2025-08-04 10:25:55 Image size of job updated: 1103968
	1078  -  MemoryUsage of job (MB)
	1103784  -  ResidentSetSize of job (KB)
...
006 (2578566.000.000) 2025-08-04 10:30:56 Image size of job updated: 1103968
	1078  -  MemoryUsage of job (MB)
	1103788  -  ResidentSetSize of job (KB)
...
006 (2578566.000.000) 2025-08-04 11:00:59 Image size of job updated: 1103968
	1078  -  MemoryUsage of job (MB)
	1103796  -  ResidentSetSize of job (KB)
...
006 (2578566.000.000) 2025-08-04 11:16:01 Image size of job updated: 1111384
	1086  -  MemoryUsage of job (MB)
	1111384  -  ResidentSetSize of job (KB)
...
006 (2578566.000.000) 2025-08-04 11:21:02 Image size of job updated: 1118984
	1093  -  MemoryUsage of job (MB)
	1118984  -  ResidentSetSize of job (KB)
...
006 (2578566.000.000) 2025-08-04 11:22:52 Image size of job updated: 1119016
	1093  -  MemoryUsage of job (MB)
	1118984  -  ResidentSetSize of job (KB)
...
005 (2578566.000.000) 2025-08-04 11:22:52 Job terminated.
	(1) Normal termination (return value 0)
		Usr 0 01:11:52, Sys 0 00:00:10  -  Run Remote Usage
		Usr 0 00:00:00, Sys 0 00:00:00  -  Run Local Usage
		Usr 0 01:11:52, Sys 0 00:00:10  -  Total Remote Usage
		Usr 0 00:00:00, Sys 0 00:00:00  -  Total Local Usage
	0  -  Run Bytes Sent By Job
	0  -  Run Bytes Received By Job
	0  -  Total Bytes Sent By Job
	0  -  Total Bytes Received By Job
	Partitionable Resources :    Usage  Request Allocated Assigned
	   Cpus                 :     1.00        1         1 
	   Disk (KB)            : 17500    16777216  16790397 
	   GPUs                 :     0.09        1         1 "GPU-0908d160-54f1-7a49-0ce0-d6a6c1e03f24"
	   GpusMemory (MB)      :  1234                       
	   Memory (MB)          :  1093       16384     16384 
	   TimeExecute (s)      :  4332                       
	   TimeSlotBusy (s)     :  4332                       

	Job terminated of its own accord at 2025-08-04T09:22:52Z with exit-code 0.
...
