theta
[1.1911743950354747, 0.9577898003923944, 65.31235772991975, 1187008882.3673, 0.01697101310338529, 0.04483055766952292, 0.5907425783229895, 2.349848233033604, 4.096784722288924, 2.2657402203552954, 0.8801798198670474, 4.996516616638083, 2.2614074997785854, 2.929063059892462, 5.336020249549807, 4198.902020776689, 425.1747238231546]
theta
[1.1858955258445174, 0.6469763398247056, 52.584930481873286, 1187008882.4935653, 0.012052034356557785, 0.002554023059788957, 1.2051286838157096, 1.9052492850764167, 2.291271075917194, 2.0606247101982906, 0.8764710812673386, 1.1205743036712366, 0.23576263202973202, 0.2040037081290001, 5.023345592677488, 4350.276999156737, 4543.458412558662]
theta
[1.188053896515807, 0.9580586906583966, 58.64406187840614, 1187008882.3632069, 0.00018901030739387206, 0.01270785509253225, 2.202945987926887, 1.007069421617017, 5.853073155338024, 4.614233403330909, -0.08863961655145189, 1.292937360746648, 1.7951322945447181, 0.6182108668634618, 0.47187126764611725, 1262.122015130055, 672.3479341238092]
theta
[1.196483242576664, 0.6376876793674375, 74.14584985162983, 1187008882.4089236, 0.028707706171845284, 0.037226567084300784, 1.310765067039051, 2.321201528270293, 0.9823655888607458, 0.5467832658699747, -0.06847291360261852, 5.558955175608176, 0.9114158905853186, 0.6278294475753804, 2.442785442592548, 4242.727497254663, 1064.3722111769976]
theta
[1.2070359951953944, 0.6079510580140778, 50.48001834536305, 1187008882.4838424, 0.04676981267647313, 0.026368911958614922, 1.0663518844120865, 1.1766489736936225, 3.3815884408467705, 4.612046135808458, 1.0728867328792473, 0.6566762441816683, 1.5688707651137392, 2.9344626451248685, 4.932517994727441, 4411.534211206595, 3411.346569918632]
theta
[1.2022725672893946, 0.7361892152396777, 34.030524163088366, 1187008882.345737, 0.023139466180917324, 0.00011739111930398894, 2.2177301298588556, 2.5745820959145362, 2.0743932310995423, 5.300522426316691, -0.8117982624089095, 5.102545358377532, 0.9127889630472164, 2.1469084108060703, 0.37719019591903297, 2351.98375170468, 2723.314448288312]
theta
[1.189382847298409, 0.8839953963449378, 45.75931945567724, 1187008882.3631768, 0.018434819821691872, 0.020923676041662332, 0.8287223177941306, 2.0563567848464746, 1.450700790533988, 4.932458076247883, 1.0876415903229157, 5.6533899715302836, 0.46937029623305776, 2.1342503706768334, 0.32454442394295147, 3718.2190275853677, 2229.9259060354643]
theta
[1.1884931439052426, 0.6168946834289802, 59.76041574526783, 1187008882.471576, 0.020661276424699573, 0.012503437561872811, 2.7286939816418805, 0.6481271945979532, 0.0400897068967133, 1.3100731742394078, -0.9215288777238851, 3.622310476388698, 2.1500677650444318, 2.5076760179478255, 6.192408309184689, 1262.0586199058187, 2945.842965886204]
theta
[1.1894152247348393, 0.638627192969425, 67.66815418943233, 1187008882.3925931, 0.018550467498408336, 0.016691070544039493, 1.6599082555937028, 0.7433195208742277, 4.5593043544495515, 5.4766578875617, 0.7675231140218546, 2.845156964355911, 1.308774027644134, 2.709853074558555, 0.056496130417098944, 4974.595094615161, 4610.967339997067]
theta
[1.1881277125523673, 0.6876537927031421, 52.84914907029452, 1187008882.4848645, 0.028850137591425795, 0.03543799492835426, 1.3285275828909215, 1.9614949042652545, 3.7613475545968305, 0.6198237248390398, 0.5544177651572983, 5.789413514570989, 2.238843781639423, 0.9265100092764746, 5.067430223359735, 3661.833766576595, 4482.569334252879]
theta
[1.1838174183869095, 0.6075027608051824, 38.11552927376452, 1187008882.36584, 0.0010482449497450253, 0.029387410547653748, 1.7516320714585878, 1.8374863626613163, 6.165605100457292, 5.547740090876787, -0.4692640365531686, 6.187279634356502, 1.7373252059347684, 0.5075419989616373, 3.1997953880359917, 3397.3250284373516, 1480.3436352961685]
theta
[1.20108732013677, 0.7583913779343421, 18.224398576983248, 1187008882.43149, 0.04492718458803255, 0.006089528820597961, 2.704498474742621, 2.090960573412718, 1.9060785604665957, 0.9837867060393733, -0.6489107197895895, 1.1934096503699856, 1.9201151228512576, 2.4144811382645672, 2.2174152038284642, 4308.797672037194, 1417.9882507801817]
theta
[1.1872145420610227, 0.9461879981048787, 40.199581364719776, 1187008882.3988442, 0.02014548924093006, 0.013769276908571871, 1.234635951878606, 0.12703464774079296, 1.6030831128945662, 4.688042603874275, -0.7713566289733275, 2.416980877482019, 2.1437128329155284, 0.9141948624615529, 6.085987510025239, 2096.5882831510685, 269.7570240703556]
theta
[1.2042492007864107, 0.9801186488030568, 64.57616421212052, 1187008882.343649, 0.0310997343983696, 0.03839387897670593, 1.1826910436107432, 2.2752216416291215, 4.2085669202108456, 0.56305228746598, 0.37183073845938747, 6.188214548150283, 1.9982042886920688, 0.9858822877344889, 0.5095303276815069, 560.5894484706847, 1713.7758614946624]
theta
[1.1913501493445633, 0.662250138403787, 69.1333088423806, 1187008882.410537, 0.03786138158889546, 0.022271001379205648, 1.9431304018121307, 2.1126812081013115, 3.645601231080884, 1.2947643146351526, -0.14336480019892914, 6.144078936128075, 2.0342461814250417, 2.5918793931922597, 4.949773994892752, 3961.288100000126, 3814.947900872654]
theta
[1.1998696500383568, 0.9416463603519096, 34.073829514644935, 1187008882.342565, 0.007122505642685368, 0.02509335337250527, 1.3263524531463993, 1.1507770235081318, 0.8490196798824516, 2.066298601763783, 0.013090087531732334, 4.913705833978247, 0.8960671496949992, 0.8337781760466599, 2.2347461926381538, 1666.6243085258004, 3422.383640528016]
theta
[1.1822972546056367, 0.9691545432893818, 53.71587636526136, 1187008882.3892722, 0.0018950630781929267, 0.011384889530834642, 1.965391067371969, 2.0178083212007154, 4.852731925232225, 0.30151734136476777, 1.1376883304609036, 2.2940565165291864, 2.522825764319932, 0.46190201277912907, 3.983402098325967, 1698.2938576313168, 3729.667733393441]
theta
[1.201146293901045, 0.7196499585329582, 47.22904108651578, 1187008882.5178707, 0.017589463062332528, 0.03103142924031135, 1.5095469064933311, 1.738973539649752, 5.702992665731912, 4.771997181524537, 0.062434617526721276, 5.204054204005532, 2.3184353861794853, 0.013419252216871487, 3.7391317394102015, 3727.7249148753544, 4306.866246006475]
theta
[1.1930383232363972, 0.6184783433556637, 55.76965109606819, 1187008882.412226, 0.0029954749130799265, 0.037931254895785645, 3.0582512240964603, 1.9884861348025842, 3.5402225921172716, 4.374194629728854, -1.149344850358078, 0.856329179069703, 1.6468924729194865, 2.401458663557727, 4.256966904008556, 2808.611208070196, 1797.280574580205]
theta
[1.194898581337139, 0.7436815342844358, 65.73196663146965, 1187008882.402966, 0.0266942214954495, 0.04162305750351239, 2.8569997324475143, 2.1827402844784807, 1.0697570918250494, 5.095402019618156, 0.06278564042960412, 0.7715470737017619, 1.6123467162246752, 1.5378141510303984, 2.424832689727391, 1215.8763174183446, 1851.840358963398]
theta
[1.1930036202904777, 0.7170014216297544, 52.40589782420464, 1187008882.4384637, 0.0209905878757654, 0.024037770672315568, 2.2996292038594675, 2.1293843524156877, 2.7936203020991064, 1.2159199053254657, 0.29901104885676705, 5.478157354787894, 1.5478162107255762, 2.1656251642699695, 6.188472579795577, 2675.1340157608124, 3829.5197981005595]
theta
[1.2041058896491095, 0.9854507065488554, 71.32359316320347, 1187008882.4948933, 0.03235207796011931, 0.014469518262986904, 2.3924391533208, 1.0627594911392606, 1.8764569657288828, 5.089285987118173, -0.16867402300961717, 3.334415617369734, 2.5155282231125558, 0.03191672913490223, 3.7303077845670094, 4781.405163346397, 4092.515414315165]
theta
[1.1920194882856952, 0.9131932107437912, 72.42213634539323, 1187008882.3384008, 0.03247332510524929, 0.007239572094270841, 1.6164283189005357, 2.1587253815811676, 3.5607097073044085, 2.1309974512323544, -0.4032638533972946, 0.19616586118409987, 1.2279801357717544, 2.519100288695952, 2.8031352566159082, 4867.747413225287, 2963.630697541822]
theta
[1.2090453161722308, 0.9871182128017908, 63.487584857162425, 1187008882.3503559, 0.0022611311467267805, 0.028415842562896993, 1.9949290421808545, 2.7413162796257406, 6.036655684033115, 5.261732559037028, 0.22339709941953947, 3.442701766128489, 2.1807281658709297, 1.6448765055031043, 2.933113055800604, 2329.156092539216, 4049.948376749609]
theta
[1.1912976274282598, 0.9728128014829142, 68.76669045279972, 1187008882.3532882, 0.0007822822757218684, 0.03367847856604154, 0.16892665520614825, 1.921417879633868, 0.40008770385520287, 2.704023356098431, 0.142443791423392, 3.8103809039999907, 2.223685349684086, 2.621080581270159, 2.1335396961075475, 3943.506222050868, 2725.845180749559]
theta
[1.1810614371529318, 0.5606317052509426, 74.02334651685878, 1187008882.451738, 0.020126626866183946, 0.031179443317951167, 0.5748749145391918, 1.1500422731158328, 0.4196307908860678, 0.5265029664144639, 0.9021394848921771, 3.601105058624162, 1.83084498936486, 2.242387208024905, 5.168220462102789, 1486.9624372052597, 2300.8824284534085]
theta
[1.206697109712893, 0.645413564212946, 30.153243678909032, 1187008882.4472725, 0.006306018190506791, 0.02263592843255832, 0.36221829647474707, 1.1281378345787398, 1.2169444519425412, 1.9069090566533857, -0.2144794024893061, 5.359935653874764, 1.2428858349408132, 1.8946261697260736, 4.1850214879170595, 1994.5147993368296, 4222.5049084130715]
theta
[1.1977161518525905, 0.6340707824990691, 35.63277224590201, 1187008882.386833, 0.014990865536325483, 0.023037877372877748, 2.1952760414468986, 1.2389314544540904, 0.621638292887839, 4.151923288204563, 0.21895613031521383, 2.1360617552881935, 1.8141509338139306, 0.5846732984904203, 2.1089096860969474, 1315.4356700872522, 4554.723165654284]
theta
[1.1959418463207316, 0.635106268795703, 62.69372228896075, 1187008882.4575322, 0.00018156032456467244, 0.04327488486711778, 1.207047473463758, 2.7681111025116465, 6.074664069119338, 3.342572564990384, -0.2991832211164158, 4.296877174879603, 0.35083209261575465, 0.561142084593604, 1.2159140228442922, 2750.5218219914527, 4757.108358819159]
theta
[1.1936325708068645, 0.5227870649620687, 44.13275217717411, 1187008882.4179258, 0.04355806812204878, 0.0016713935276164438, 0.3942463527087193, 1.3783786817953017, 2.728718152011766, 0.39849557229588545, -1.1501252436168625, 4.998568801236274, 2.0103495075739266, 2.3916255959335926, 2.4112945384635847, 4361.590991672071, 3815.9577696103415]
theta
[1.1816001233510338, 0.8431792572348896, 72.24479525432605, 1187008882.434193, 0.033797271919024395, 0.043536588914420055, 1.6912849944044281, 1.7117143380019713, 2.137589448730952, 3.0943424060442157, -0.3140321726080872, 2.824819894616816, 0.9174607679145181, 0.7130175631436206, 3.5558015110235535, 833.7662208082553, 765.9926413786128]
theta
[1.2030582453964178, 0.7607453351428741, 48.256556551194585, 1187008882.3521187, 0.011439567504958066, 0.011293554439027804, 0.8825247624257042, 0.5990494048284595, 4.449649810965175, 1.863835345540491, -1.0616743935965718, 2.596954678743202, 0.9760063147628758, 2.148891816276135, 2.7103890986414068, 4318.869455251665, 3128.163019642613]
theta
[1.2016382195609667, 0.5592722882383028, 49.64197752222425, 1187008882.3401837, 0.03493989214298323, 0.032643777185592075, 2.052112624076513, 0.4103662583794742, 1.9481547596391644, 2.905641661840259, -0.4831294501983809, 2.956512798276729, 0.9404034422051194, 0.6317861009869045, 2.7624207044610523, 1798.4115761124792, 1665.300538521854]
theta
[1.2004118503118546, 0.583664097124873, 46.34777764542735, 1187008882.489653, 0.00045937178818362126, 0.02517524175143119, 1.8373096655878494, 2.5057497106235833, 3.73395441626111, 0.07818890565576249, 0.848972959902539, 6.235298860347256, 2.0053427156590775, 1.9004693542642568, 0.3537128896819617, 4377.568847727453, 682.7650447551003]
theta
[1.2096237555703118, 0.6660403189521427, 54.253643028786946, 1187008882.333254, 0.015713851621324045, 0.038092404271266284, 2.526419122883122, 2.017279971817863, 3.6006219053663484, 5.498940142537181, 1.1966740633980204, 3.7781506680539834, 1.4861769790982386, 0.2535854007801899, 5.797301167740527, 4170.384690253617, 1185.8326615380765]
theta
[1.209393891801372, 0.6012222447177847, 49.683360536827834, 1187008882.3428342, 0.014324103858136972, 0.03395923993564145, 1.150868315362941, 1.7552196395850674, 3.108563041734364, 5.909637446402432, 0.7747842314298464, 0.8142714368295891, 3.0531842442132335, 0.8147375724734549, 2.13035466723842, 2180.3554136771077, 729.9195625040245]
theta
[1.1951445645326113, 0.8408515493305462, 71.89728906920709, 1187008882.3459978, 0.03940737890473678, 0.007621000298372338, 1.4233275006922497, 2.8992305425736915, 3.528103836669434, 1.75458435958, -1.1584707688398177, 2.3057280919707517, 2.2135497522025616, 1.2986861269006615, 5.56489503339249, 4720.797431582143, 3667.713968719989]
theta
[1.182525194636174, 0.6118702999467653, 66.49299540055341, 1187008882.5165687, 0.02538935032020986, 0.001802598487380308, 2.379135359789532, 2.165530107411798, 3.523454942283955, 5.639893325148126, 0.431759044685159, 5.081002084347503, 0.999818398462786, 1.0979303953180857, 5.56739485646769, 3794.6701685839066, 3458.4000988510456]
theta
[1.1849982731310447, 0.577994758243288, 68.51135209827765, 1187008882.499507, 0.03303825998040875, 0.027558547374307636, 2.3707684411135737, 3.0327885769966763, 1.5333497222606562, 0.30945032046572457, -0.46321693542723263, 4.277202959359222, 2.1014357537165345, 1.7634634939377811, 5.855338848512593, 3989.269281659825, 975.4885683987663]
theta
[1.1862043737996109, 0.5107071597756807, 53.52361166077661, 1187008882.448295, 0.03875358679683072, 0.009823090690070424, 0.35985808470635233, 0.5224544609085504, 1.82788879730674, 3.4414049486351836, -0.8889546016369854, 1.7498332249307373, 2.094657981281209, 2.212458006304494, 1.177271505702284, 3726.0486242660922, 2630.2647900227503]
theta
[1.1880316051112305, 0.5279466897151146, 72.29147415932553, 1187008882.457044, 0.0028046588173695763, 0.03178046247341115, 1.8421374789027056, 1.3655815043580126, 5.248500203894989, 5.110238396039592, 0.4723433047194142, 2.251894058809241, 2.075028912512441, 0.7645305248350749, 5.887591374901984, 2013.5450699601076, 3172.4498069665487]
theta
[1.183515653598103, 0.7391622532729027, 25.473449085828193, 1187008882.4280162, 0.0437055839991366, 0.03104560337482572, 0.9988540280820887, 1.2570008673969402, 1.9523541031055638, 5.711860456475537, -0.017646501735753817, 5.932156229653296, 1.6941356755427197, 1.457749200324142, 1.8016460039574127, 4628.497563659243, 2990.3638724264147]
theta
[1.1930985727023753, 0.5083626121635707, 59.50167845060335, 1187008882.502788, 0.04981370377982423, 0.03613644355888627, 1.202537419649888, 1.98920203048267, 2.2973256594759768, 5.149512049625072, 1.1358737064533388, 1.450160060208733, 1.1840461132367346, 1.759729984613265, 1.3870019373854998, 3489.474987970314, 377.3561542436593]
theta
[1.189944269664275, 0.6240315997467254, 28.330610746308835, 1187008882.4735258, 0.030685646074273838, 0.037513436528330946, 1.069802458039983, 1.3607495361418338, 6.265335203991874, 2.710753665876425, -0.6479519835792146, 3.718806945759889, 1.3521735691294803, 1.9902724759494839, 0.8520238082773282, 84.65645379334086, 4788.285552565521]
theta
[1.2079796422712523, 0.9188499056023414, 67.00392476223062, 1187008882.3970487, 0.01594177088374807, 0.04884445251991848, 0.9687385160328498, 1.5293336297240048, 2.136254848202337, 1.3356974162838584, -0.5795753181005479, 2.3962529075932193, 1.6336326154056737, 2.742242046641151, 0.7751331203771268, 288.21901259853564, 4520.781268973801]
theta
[1.195572987514283, 0.7886994177621856, 63.073402790531844, 1187008882.3357983, 0.03673915154471823, 0.038863086722918966, 2.1354285281310523, 1.817173077140708, 5.256293903036798, 5.7363427463162315, -1.148332932221732, 1.7579479919772818, 1.9835784158038954, 3.0147560717156265, 5.140322188276634, 3018.4913570566787, 1317.5912177756204]
theta
[1.1858404135050689, 0.8586120570404641, 8.224332967117721, 1187008882.4514842, 0.04955235848124948, 0.015660626506784858, 0.9600587412497557, 2.4436426913438174, 1.3176331205762812, 3.185544962713637, -0.9936305926808408, 3.391856999574678, 3.0150017233043993, 0.3628988964877381, 2.252621901349455, 3249.1738883513417, 1691.201250526912]
theta
[1.2092165548311569, 0.7352048353359575, 70.84202879829107, 1187008882.4110186, 0.03441864522625628, 0.04579695434516011, 1.6567361158653768, 1.17587608890308, 3.7448634491247925, 4.863969510921783, -0.15662852251721335, 1.698221172065785, 1.2251109235432143, 2.331733990215382, 2.9259403854626105, 4056.36572657174, 4288.734258759956]
theta
[1.2057382962315124, 0.6221324328386506, 74.04511203909907, 1187008882.4453847, 0.00018675549228780453, 0.04736272143994108, 1.965617070564688, 2.5399266487337377, 3.8432788948407968, 4.7450178844378845, 1.022105581293515, 1.4584111581603043, 1.9722540459919036, 2.450659861714072, 0.15251571968114672, 3739.5682428745818, 3894.1565481694297]
theta
[1.2039212069701763, 0.653821448695838, 36.05497743389369, 1187008882.4840405, 0.01001838915835982, 0.033821913281067775, 1.2323105947017787, 1.3632978799740618, 2.320925040882642, 1.6421676642532121, -0.03407169498387633, 4.809022582544431, 2.5379592970179936, 2.419791174015978, 6.087196823630617, 2497.776437797784, 1369.197355967846]
theta
[1.1928786922177523, 0.5155169161628841, 58.37635285501053, 1187008882.3524115, 0.037801036134527864, 0.014760373133824084, 1.3551733422996957, 2.530300988490122, 3.7471324708242384, 6.245637484337342, -1.0447134468326351, 3.963781835532193, 1.9772268026964972, 3.065659455392577, 2.782674831112451, 1209.9146451147708, 3322.55955387248]
theta
[1.2035052401347797, 0.5196659452106257, 41.914019254255585, 1187008882.5120041, 0.02252985320243428, 0.04665309838468723, 1.428478879056066, 0.5113002549422303, 6.211790715031643, 5.226028294769723, 0.1855308053055372, 5.210977979611278, 0.8767851391784716, 3.0123889287254224, 2.1900425797365615, 623.7337593878727, 2356.7348664920323]
theta
[1.193810666794008, 0.9455735538641095, 53.93216068265423, 1187008882.4202144, 0.030991741163980874, 0.02821299600339552, 2.7135427353492454, 1.3848128809359774, 5.037719155052426, 2.7077593583313035, 1.4625410393135143, 4.952826702087267, 2.521265787698763, 2.6710157549526903, 2.2940743455234642, 612.7344172590582, 3531.139556372574]
theta
[1.199123413242813, 0.9129926495277749, 71.44014088890765, 1187008882.416398, 0.028699467874712427, 0.015606212274140158, 1.7676599671767537, 0.6296602714519476, 0.21322949018107015, 1.469586115262916, -1.081025127166379, 4.219442707386884, 0.43048507447492723, 2.547404567451385, 1.0632102757501882, 114.28742904709743, 1821.3344570035729]
theta
[1.1893447958808525, 0.6396913772752472, 60.53127884208515, 1187008882.3785868, 0.04909299791173853, 0.03845602690852392, 2.3193126238726864, 0.5998086575992104, 5.662925210760428, 2.4027272721638635, 1.2258235361372758, 1.1601428675553171, 2.800504316594886, 3.024216383380063, 5.218756924970578, 1382.779536805781, 2141.376284385128]
theta
[1.1807773700999986, 0.9009361660527957, 72.05934498439349, 1187008882.4459338, 0.0032312469497085775, 0.033893454847692274, 1.3058744646720388, 1.433462719972229, 1.901970268236671, 2.7109753247867334, 0.4990633456634532, 3.588621747735264, 1.945466117285705, 1.47027944674825, 2.193375276012092, 147.52654392554132, 3522.075222721174]
theta
[1.201359119543213, 0.6861755580694107, 72.01165936883389, 1187008882.435543, 0.030409218827193663, 0.01651855259978769, 1.6981459948947624, 2.396381915684578, 5.271395821724713, 5.217273584280381, 0.1503782765923553, 3.8092008376992594, 2.5510600818682803, 2.027458227448622, 6.120232281511075, 258.1703215863834, 1880.0496129527155]
theta
[1.1853765631135855, 0.7232952918280926, 59.594098110987204, 1187008882.4669201, 0.0054642669326189774, 0.027716540698848588, 1.0337331829429355, 1.7337585224326304, 6.165737486799761, 0.7322296678688859, 0.5281607548216557, 1.3518710369771871, 0.8029054514673039, 2.2094083360338446, 5.181051890925312, 704.9123262993245, 217.0560452986714]
theta
[1.1982908122749456, 0.6438531474281732, 54.995654115877045, 1187008882.5118167, 0.01543891059119612, 0.04402113399544941, 1.9827008886829527, 2.441019297668459, 1.686953797074442, 1.7075954116819159, -0.12333537755161102, 2.621798195283905, 2.4901556609349496, 2.100535969548045, 0.7284279054514043, 1946.5214653698508, 4371.204490921973]
theta
[1.2030373491365534, 0.6758533037572279, 71.67905678462857, 1187008882.5037892, 0.034190925701800545, 0.019976265808032568, 0.43381170253488843, 0.2502151562163873, 5.764460658563688, 0.3613183856851863, 1.2933180320628532, 5.62828623958398, 2.797120615659324, 3.097284198829318, 5.366324301706521, 804.7090398063433, 5.528205215479809]
theta
[1.190838016861951, 0.7878440593271381, 40.93420040949466, 1187008882.3419013, 0.01891970679040275, 0.039349385540447306, 1.6674191757715582, 0.5139355471455993, 5.4968797671090215, 2.092554953232774, 0.6683830782188431, 6.154978782082818, 1.0194579880031867, 2.026937106634045, 1.3947612970112664, 3561.653781574275, 4408.794905278768]
theta
[1.2039105807533097, 0.5470854254547968, 49.898182815923846, 1187008882.4254258, 0.009347496824017055, 0.023113074260391765, 0.4298167903113313, 1.6528017587272954, 3.576947981774001, 6.109966906221321, -0.10672014677559076, 1.8159368121838757, 1.1519049388538265, 1.7805156603596073, 3.8016480269383064, 1409.0831528712329, 531.7831284999413]
theta
[1.208555277969566, 0.9946349350243089, 74.51663316185757, 1187008882.4653678, 0.040629670716092296, 0.042685716298530546, 2.090197117509082, 1.8573318898911322, 0.05433328725883059, 5.847272121559988, -0.56534019474079, 1.4652676374250013, 1.6557479820489611, 0.7654835666633065, 3.1556793814795285, 2594.187272902916, 625.4275813596488]
theta
[1.2061766568664583, 0.8147487255165549, 42.605282037795355, 1187008882.4120872, 0.041265259128412925, 0.047042660312182544, 2.029947310913388, 2.597645352187607, 4.0765660026879385, 3.0412769842739693, 0.9695643212411595, 3.2938415376169274, 0.6499293091600038, 0.7846833767390319, 5.854957569478983, 4313.694188660966, 1382.3959356100063]
theta
[1.1917490747513333, 0.6842880611355711, 52.25365888065286, 1187008882.5229237, 0.033327698314689125, 0.004704476087457255, 0.7847665949182392, 2.302918061445893, 1.9412991247930629, 5.607133092807655, 0.21947173210871998, 3.38957916555649, 2.0828087803866127, 0.1482868284565354, 3.9764382888795566, 2302.302576638851, 3313.4422393006225]
theta
[1.2081495257189387, 0.6946490441120092, 51.116801331957554, 1187008882.3892028, 0.041130346132769474, 0.00881492688891143, 1.1712434004448924, 1.9716505569032228, 2.503966800992513, 3.36733411950113, -0.472027848044366, 5.411726140382509, 1.9926353879215781, 0.3342151569201132, 0.1625023276996432, 616.6543554729725, 3819.5051683092256]
theta
[1.1959842763804205, 0.8776034466567559, 56.11737869954113, 1187008882.384775, 0.03973846210477077, 0.024219119528492452, 1.8202773712350702, 2.6173438871178503, 4.573948176451681, 1.5120295147449718, -0.21513342035489524, 5.8734816304500095, 2.676369576366415, 0.6936786428687362, 6.008391448686603, 905.7448543749518, 4940.623898978966]
theta
[1.2083328132196671, 0.7476297774952116, 74.06113272268469, 1187008882.529221, 0.011366445504746504, 0.03909209893388302, 1.4311039218489945, 0.7826330594364022, 0.1231136378473203, 5.810006312900978, -0.14077876984594453, 1.2553820761433823, 2.604683120755115, 3.063031624630341, 2.4240235774531773, 2627.992676885038, 1475.6132316835913]
theta
[1.2020700306027792, 0.5845991595921103, 30.752176216981656, 1187008882.4144683, 0.03610354642916749, 0.030793001589266334, 1.3686870152870958, 2.362425417187465, 1.2983883276948047, 5.913746129874632, 0.9214576349536807, 2.4435466203393177, 1.4815996823379516, 1.1898415291115194, 1.5793147998377572, 4170.773191037721, 4746.724355113839]
theta
[1.199624955092249, 0.8483162137096909, 60.14212731922078, 1187008882.3637018, 0.027469231634232788, 0.01546897582258796, 2.0557497186900924, 0.8932209085567394, 1.0307461112073675, 4.87178553303663, -0.7549939567688723, 6.162727650256079, 2.3823397486428055, 2.736064394708913, 6.2099556045374475, 765.3237011003744, 3620.4291678837553]
theta
[1.1951440163241365, 0.8018912354495847, 37.56906350419766, 1187008882.5195198, 0.009398689350484601, 0.04233311044131334, 1.5484855789636323, 1.7637732831366717, 0.46508358079022605, 3.267263497520127, 1.183258534052241, 5.215033920852395, 1.7093519347879598, 2.9421141923246146, 6.183905999474189, 4227.3999295367585, 1851.2256359400326]
theta
[1.2094811866007158, 0.6896060997063356, 43.614262091820905, 1187008882.4801197, 0.026047809833881178, 0.04365840491446677, 0.45010518104084185, 1.2140293392920265, 4.7573421147587975, 6.169349975625319, 0.1988918587941229, 5.942165127018388, 1.1787328864032425, 2.485622560115094, 2.9536612005497633, 1404.097018218563, 2980.5957374476634]
theta
[1.200216084929766, 0.5968314740340479, 19.76986517941019, 1187008882.518163, 0.045860322150564896, 0.005744957038937343, 0.543028881249709, 1.8030136203088551, 5.10831942065702, 4.317656368297716, -0.6880292469059481, 3.7771673794525125, 1.186321027200387, 1.087136952150829, 1.0478897637488416, 1945.4688550626443, 3952.4748379245366]
theta
[1.1822936816090035, 0.9572724754022657, 36.993602265473044, 1187008882.335004, 0.04162751105903973, 0.0471026740169711, 1.5648243794442493, 2.7698578133308693, 1.7027574896672673, 3.9707599268696816, -1.0081568539139223, 5.94111380551286, 1.834390290727265, 0.1285515328498359, 2.1437364235164997, 3956.131467452421, 43.072646313493394]
theta
[1.184165482747809, 0.9073382333367597, 64.3876423011219, 1187008882.4063504, 0.04013225239832773, 0.022643830400411753, 1.4393273171084813, 0.3767843757699646, 4.393355179456896, 3.732432136903395, -0.2899026731406883, 2.3235421421900484, 2.853867997157577, 0.7051170044814908, 0.4007169863435379, 2519.238896419611, 293.24979150516293]
theta
[1.182624399447489, 0.901801118512469, 58.48807005820946, 1187008882.3452513, 0.032969329254647586, 0.04309640010404234, 1.3336448484763603, 1.620040947326277, 1.1985017294841025, 1.949099174686126, -0.40438067231600394, 2.4130506587141705, 1.6261272215999896, 2.3373989559243773, 1.0348478057394623, 1998.0671582450743, 4545.033392742478]
theta
[1.207319336063198, 0.951159345232534, 64.08941481000579, 1187008882.3826299, 0.017413333056427973, 0.00960761248935544, 0.8963081331471527, 2.0640856576243505, 2.0496412468520244, 3.978502174112253, -0.46582755525178127, 0.5042244444541651, 1.7491884663928545, 1.3303365158903078, 2.556397215913345, 4154.90656925674, 46.18831688480485]
theta
[1.1939662022715194, 0.728022977930826, 61.418975793570986, 1187008882.4969792, 0.015515792459206153, 0.0017871256604495012, 1.3323676924961645, 1.809970795130271, 2.1234240233133765, 3.0298166059095286, -0.14891550818259217, 3.901881355651617, 0.9847867990424605, 1.801048294460303, 2.2660298819300277, 3682.669780367972, 1780.7472994892987]
theta
[1.1869308020289817, 0.8229151149835328, 63.62890451394939, 1187008882.4470115, 0.0010995483361261715, 0.040333359079662304, 1.4236155969203745, 2.483685946221636, 4.721718687107265, 5.688446008165948, -0.062138810098718675, 1.097855669587522, 1.90338352691488, 2.955263153230043, 2.5020995411377243, 4230.993553363643, 1241.8643094902632]
theta
[1.204459891320356, 0.9927423784046137, 38.66950219055227, 1187008882.522115, 0.02592728899613947, 0.04289435417172978, 0.8123604669314273, 1.016179112739051, 1.7125780314634642, 1.6495980167699613, 0.17338738891550556, 5.000366374579573, 1.5757428777542093, 0.5208250719730012, 5.269305058106927, 160.6164347252631, 3209.760785463989]
theta
[1.1851360199366947, 0.9014030021987088, 66.96226529282568, 1187008882.433018, 0.008963790256416738, 0.02791784120117398, 0.5942853104297605, 0.6828962624272379, 2.6210611648808317, 5.844505292059725, -0.2781154469728262, 0.10546963065476912, 0.5835687134217784, 1.1711215406675222, 2.086407377419426, 1431.877500885419, 1647.342797778773]
theta
[1.185114437507447, 0.8187163589153806, 23.131842722392097, 1187008882.3761241, 0.005812025487784084, 0.036368156904528395, 0.7546985849535677, 0.40272443794007784, 1.9623188359472379, 6.236448840302207, 0.44395786614449934, 2.315978337191558, 1.4886758549683607, 0.6685955590306911, 1.8435341098389675, 1377.0669895374904, 3261.3977697681275]
theta
[1.2016251227253518, 0.6901545771274272, 32.15021964347337, 1187008882.3881297, 0.042429873903893245, 0.026355779590640158, 1.6994513136269183, 0.8332728085813177, 2.0794515814504972, 2.9045237144582625, 1.0667438201237596, 6.177772215884157, 1.4423846553672217, 2.7964928949433165, 4.335572963950742, 2338.7267443261867, 1574.4692261098946]
theta
[1.2085792554060435, 0.6348250102392724, 68.1794682300793, 1187008882.4675736, 0.045753603242890545, 0.047103870909887186, 1.7071057885603758, 1.6150535589973838, 3.278023764310185, 1.3383030018459994, 0.5507772735966031, 0.707676569350808, 1.2026225456931814, 1.623959564060459, 4.465892093505602, 4986.471674661553, 929.4145106015927]
theta
[1.1888189161330118, 0.8983784144496985, 36.27525847904172, 1187008882.3397577, 0.049545956923764865, 0.04766787834991583, 1.6079733367243536, 2.0409402924570554, 2.9927605740895005, 5.550497515602144, -1.0665062690572809, 2.569196104233754, 2.4195071010963347, 1.87260863471596, 4.011607098447987, 4735.752866527309, 3632.800935724156]
theta
[1.2088446570551021, 0.6793499234251803, 63.039259499978314, 1187008882.5170984, 0.007375113460673766, 0.03341970684782424, 0.20192275020731273, 1.914994252468635, 0.4022117000731123, 2.8357872820657932, -0.5653501826069247, 0.12618449601714826, 1.9465717933052673, 1.3534342827877897, 6.107607693579848, 4.218878518008062, 1158.3029675443795]
theta
[1.2078249457196186, 0.7836752331754469, 71.2787879392872, 1187008882.371642, 0.04058141390271529, 0.024857103530087327, 2.223919172579302, 1.2118449142770045, 1.8284402612349386, 1.2374149388064566, 0.04459539691138051, 1.8443260563600663, 1.5075081459717188, 0.6204739917880012, 4.23017921418725, 3247.3015414032284, 734.5860056545323]
theta
[1.1994599946951845, 0.77267386995362, 58.66302282768522, 1187008882.4294837, 0.011979570830834375, 0.00033281266057434423, 1.2877672921226213, 0.2631584584417179, 3.4330203049592805, 0.3701399826140158, -0.8672110161010951, 2.298964083050776, 0.7215179156714783, 1.9654350898505493, 3.6854296229967742, 1897.1664640379565, 1951.071943003922]
theta
[1.183158427531133, 0.6312148796118194, 31.787614064565773, 1187008882.3737667, 0.04507226506767046, 0.031356381960673446, 1.547615035080441, 1.1252953918841813, 3.464854868680396, 5.581839440860675, 0.7313162507056089, 0.6108927029026135, 1.1281610755510652, 1.037145050187885, 3.772457243377901, 598.7033677558218, 3548.323313167872]
theta
[1.2067686777226458, 0.6907157282499156, 70.13736874180273, 1187008882.3735144, 0.018241025861356338, 0.04260602822111249, 1.8623144748638174, 2.3230845446253907, 3.9711637343703665, 3.5757559789979907, 0.14585261314074902, 5.884882327121629, 1.3748568992010608, 1.9090251711320314, 1.9802528448150567, 1752.5980228991316, 1165.5227776279098]
theta
[1.2051046027316616, 0.9674604821695121, 30.339192907485973, 1187008882.3460383, 0.04956046317154528, 0.006182113545694062, 1.0350314370048315, 1.4112028292395522, 4.250353603500285, 5.885004105843951, -0.3833501295612598, 2.3423093767270484, 2.349759567441034, 1.623326095226693, 4.125505566908292, 1128.443857724597, 1450.8525863024458]
theta
[1.1990050408314912, 0.9025308040414277, 63.658644245302156, 1187008882.4104013, 0.035512900750226194, 0.009043794609102268, 1.2350531073756312, 0.7912082072808515, 0.7143503420563807, 2.8727082476443107, -0.11617200143328807, 4.5756328423014345, 1.625315763394265, 2.7466975045723685, 4.578310665674862, 4038.977968331047, 470.62843430248523]
theta
[1.2068037011699284, 0.8446283715808833, 37.93719492209727, 1187008882.5166764, 0.030540513251693026, 0.02839354982138317, 1.8432859199021459, 1.005080305590489, 0.020716138873422645, 1.5403460096383128, -0.4449455756498131, 1.846592042311482, 1.0922920983291928, 0.43746245362294817, 2.4868132369759985, 2421.7990845310524, 4255.409763496268]
theta
[1.1938412036293768, 0.6340698002222527, 37.99140511184947, 1187008882.4538555, 0.030479325198188596, 0.03140211435335471, 1.6927256159463142, 1.8121576574564058, 4.817141860397365, 3.274791960136376, 0.8123738190094508, 0.9688572986842718, 2.2846517164500924, 0.060745096673677654, 3.439376685836791, 203.00575634974894, 3345.938366707628]
theta
[1.1965392876979721, 0.9162078458968366, 44.17510896022962, 1187008882.3367074, 0.023488736874324453, 0.04923460957984676, 1.8619445334886386, 2.4640297416398607, 0.8232107078980218, 4.542884228932299, -1.3048006195589348, 4.1024257611979476, 1.2521723401799807, 2.551512907771761, 6.096868443390408, 2582.5867099138754, 1509.6061873908668]
theta
[1.2034078924562586, 0.6160732363615992, 68.85803630234943, 1187008882.4662678, 0.012562987857924236, 0.017787840689015916, 1.740616973026869, 1.8808252767895999, 6.134928196219293, 4.716985996717071, 1.4657799203605615, 0.44504333717562644, 1.593744516457044, 2.6287729286853407, 5.278798771638078, 1705.065034744313, 1471.8578393710734]
theta
[1.195045097627472, 0.7869251003965615, 53.41142884548719, 1187008882.4154525, 0.03048506616542468, 0.04063969673455052, 1.1224890023806804, 0.18739844132852976, 2.9846159660023384, 5.68927247134716, -0.24067944768915506, 3.579401968836743, 1.5885149408078516, 2.650834725498658, 0.8647182644096459, 1589.7444521749503, 1254.875798820602]
theta
[1.189686771466641, 0.6155362498486798, 66.902891060695, 1187008882.4588122, 0.02502892195331835, 0.004867268264054859, 1.6485534205663885, 1.7563799377507194, 6.248964253711156, 3.141208712274908, 0.35497336409374225, 1.6447454813166098, 2.485322038238911, 0.6413040848712902, 3.3533733236366747, 854.400687860583, 2933.1626060584886]
theta
[1.18060877167912, 0.9639169775463492, 46.74467530052876, 1187008882.4632826, 0.025770287186413623, 0.009493458619448747, 1.8043415100324884, 0.8059490169573879, 1.1860856549445244, 5.817433674237167, -0.14046664531262265, 5.112776099464736, 2.046765731394103, 1.4476510150432167, 3.7849526035850585, 2000.3368594956055, 1225.2719464606764]
theta
[1.1966971954973582, 0.9557731334440184, 52.46233729867687, 1187008882.4773202, 0.025434831019215533, 0.04916501298772619, 0.7027011328196957, 2.2634568277098017, 5.328130541249111, 2.375452970789918, 0.8915013209151785, 3.575340878480785, 0.994003280176712, 1.671549435439119, 0.4036954194319759, 2237.251532908589, 59.11538522112125]
theta
[1.1829115432895239, 0.9377101462818809, 73.39143645348348, 1187008882.5176427, 0.007484230270066084, 0.026488742263220844, 1.6617029949763966, 2.192677617931915, 3.927332250663248, 0.6511900363876256, 0.541826892372648, 0.7256721990097946, 1.5438834326027564, 1.4992348069812818, 4.882812077395828, 1424.619524369646, 4115.24622313517]
theta
[1.1976823491305573, 0.6870154401783934, 62.26584084468525, 1187008882.4400146, 0.02399541106941043, 0.03860501643261162, 2.8296009166784577, 0.2914037713146603, 2.9752412008730493, 2.73029908823275, 0.4274080302080739, 0.5615077642820856, 1.423090372621269, 2.306987377122169, 2.741549507723361, 4434.143304445463, 1416.917816221867]
theta
[1.2084516744992824, 0.6849818672994574, 11.465753760152165, 1187008882.4141, 0.021149706379252838, 0.03997997887806798, 1.5869339776334053, 0.459095608877814, 3.9304002218809444, 4.2368455148718915, -0.5523871672249039, 0.9017748344165003, 1.3661328165142619, 0.10553376367491545, 4.061367973449743, 2852.0146604111105, 528.4576854491924]
theta
[1.1855674802188645, 0.686246873647743, 48.68207611616901, 1187008882.364686, 0.046578051125492806, 0.019570319180419862, 0.9260783472768748, 1.1879831807822887, 4.320849576455896, 6.0738923986851585, -0.040980434678515025, 4.672922059718768, 0.9027635995700856, 1.882103859429043, 5.6414939524559085, 353.21760973292095, 2926.974647535643]
theta
[1.205647868667748, 0.5366396905226167, 58.28392887771021, 1187008882.3387887, 0.04963451698180107, 0.025909525886513803, 2.0596368443175948, 1.8306150315054959, 4.776456987744962, 1.163432007844595, -1.2515318014282837, 1.5399560835868702, 2.747628055296079, 0.3788168656560349, 1.4115055852432905, 1708.3651529027493, 3029.6954987758645]
theta
[1.1849226443425243, 0.7803506608245143, 59.68377444559004, 1187008882.4092457, 0.03490028696912923, 0.02540285224124979, 2.161135176417676, 2.122377088927949, 2.4722291588159186, 1.2629275539427247, 0.5582923809634875, 2.5309331805623505, 0.3924082986101842, 3.1028560457137466, 0.35113864568271874, 4358.381474452854, 2666.4418036891107]
theta
[1.197920765919888, 0.7013666492880652, 69.26713280474182, 1187008882.3668976, 0.02962013005438426, 0.0001488827153434791, 0.9527856887397167, 1.03058676042107, 2.449275935882031, 1.656551518093433, 0.30721443972313023, 0.05523782765685839, 1.1775893991958462, 1.7648044659018447, 1.5766585070437413, 1574.473397295274, 3017.2681397394113]
theta
[1.1813455799741979, 0.9389728569943789, 58.23293425882859, 1187008882.3837411, 0.04058849133778261, 0.038605234853079665, 1.541824659117985, 2.827146522547309, 5.358447897689868, 1.4936694752331057, 1.2006086443040427, 5.234431622237461, 2.0710137745873225, 1.0155636709146205, 0.6553590210862476, 953.4948961275469, 2000.0827431786495]
theta
[1.1942836533980377, 0.5075388072048898, 34.139515886675625, 1187008882.46775, 0.003704728781315331, 0.037239394448081685, 0.38045631338208313, 1.426263510035919, 3.8739465725186797, 4.9253110079852, -1.0101503360335156, 5.357963545050838, 0.8495469627484489, 1.7204098905279315, 4.24715784576907, 3986.5211312714396, 4140.886215162524]
theta
[1.182046188818751, 0.7191003617920582, 56.80246205517433, 1187008882.3696582, 0.04076742783287662, 0.009780203427100743, 1.0287738432828426, 0.44951922888816026, 5.693761852707578, 1.346737862284393, -0.7547411728816557, 3.407429148664226, 2.3961091205708596, 1.4682355345897664, 6.237624805148672, 3740.5129585697528, 4396.73033833614]
theta
[1.1973264239500327, 0.9175755406452641, 35.826692838347434, 1187008882.4336424, 0.03531962276092113, 0.04470580096341631, 0.7502579613876773, 1.3657822413624994, 0.7629049356819926, 2.66619645009817, 1.0714851072719094, 5.762107974389945, 1.844411189745581, 0.7157170525879027, 1.7330842256857069, 173.5865691736427, 1389.5862994293884]
theta
[1.2048529550716036, 0.512262746431608, 69.61990557681524, 1187008882.4940689, 0.01389826999142127, 0.0024747402193893322, 0.811555630273821, 2.397832407670175, 3.041254955344608, 4.62156306084492, -0.28369785125318897, 4.8784867987423866, 2.4979270282044994, 2.5573829649179904, 5.5257740756432145, 4214.9081966814965, 4939.097107305379]
theta
[1.2059667603355035, 0.8671570883619849, 67.6834696902756, 1187008882.384642, 0.01227627204616935, 0.035304344037150166, 1.1592466478697063, 2.495383967034612, 5.750158494163546, 2.0620348520849876, 0.5935351120336955, 2.0908346297123237, 1.1659985857465451, 2.986647654563438, 2.511795527320493, 2466.46391586208, 534.1326068034741]
theta
[1.1848992890276002, 0.5966716182899457, 51.35113979597547, 1187008882.5146973, 0.030445789176922006, 0.010892736855829572, 1.4378301653471972, 1.0935178318148333, 0.04101131864944971, 2.8468893573662224, 0.055891039765674194, 4.288559987078478, 1.802532651298692, 2.888956906755117, 3.478939295139147, 683.4895027987653, 775.6031957128151]
theta
[1.189878659676562, 0.9767044045292393, 57.62311684655154, 1187008882.4388363, 0.007074365216434131, 0.007871790510867472, 1.841231063738939, 1.3558193214278804, 1.4931201284435274, 4.128060254866384, -0.3303414995603197, 3.6860732688870796, 1.3613138259370403, 2.4791953661117625, 1.207584521485152, 4862.440752620628, 3823.6056211781515]
theta
[1.197142841656534, 0.9797335665216892, 50.03468167770248, 1187008882.4008353, 0.010876702723530057, 0.04421996433651472, 1.596756739707803, 1.1909211316580743, 4.982734906580705, 4.869556183418738, -0.8217499206997604, 0.41936476395635885, 1.4427210965041648, 1.9978935192374159, 1.7806884453557401, 2029.1908872194292, 2448.5843685716513]
theta
[1.193398832142701, 0.8818774812322312, 24.475216245879373, 1187008882.5235128, 0.01628324108147039, 0.011415306604337129, 2.2271213123589813, 1.5698301248533864, 4.57734481093154, 4.247597138882382, -0.21803698102753624, 3.332528474336703, 1.1474690577775413, 2.6200704328710316, 3.4422439014886885, 272.67371985739254, 3214.170772898678]
theta
[1.1950975545505829, 0.8790633481814512, 73.3512055090327, 1187008882.4179876, 0.0289986077996989, 0.026208862352908043, 2.5774127764307355, 1.0880254820478161, 5.621877263743591, 0.9568138164563619, -1.4825331385480705, 5.838867332241176, 2.238859329939822, 0.898483100886583, 3.1204733585790545, 3117.1601940730816, 1724.8498486210551]
theta
[1.2022765366910622, 0.6953879867771284, 58.53660343313085, 1187008882.4039822, 0.04479068244118094, 0.011715652148046762, 1.813293924798367, 2.1711641663018426, 3.438711877835762, 3.631294801924089, -0.878705922838931, 1.0589307696184385, 1.2834317381784348, 2.246689703921485, 1.765091751496691, 3923.2060008027706, 1623.5657699981355]
theta
[1.2028034259433418, 0.611209524896219, 73.65801167968485, 1187008882.4539585, 0.030756970132309543, 0.04665127469491659, 2.6787542855250295, 0.16335243635428037, 3.336417908116257, 5.030320975831682, 0.5021783911484727, 3.37253053094712, 2.285581342953693, 0.7601711193259941, 3.939714362813141, 3369.57004418979, 2577.3366988507473]
theta
[1.2075950910668345, 0.6684675376465774, 56.75064265756943, 1187008882.4713528, 0.03628102687213409, 0.04006361761029348, 0.7452933782979547, 1.2237573515714295, 2.4269167656164394, 4.903445273926604, 1.3501293367755605, 5.1286745511322795, 1.1294271648376852, 0.2038831894447244, 0.46150786313842607, 2715.155045382468, 1321.3173422679142]
theta
[1.2076410296101099, 0.9635523968626121, 15.206126478679652, 1187008882.4683607, 0.026191199156136796, 0.025343826607107097, 0.9030832993383846, 2.6521364014531956, 0.9525515573572739, 1.379485915326016, -0.5421309914091649, 0.00581343570759489, 0.6049903425235543, 0.22045875537276088, 6.111726912815855, 1067.2506028516498, 4442.384094975508]
theta
[1.1822919299089678, 0.8388104161910308, 66.3433719148505, 1187008882.5282335, 0.04950969860757082, 0.02012562691471328, 0.6460941856861921, 1.761282532453715, 1.2290925118367155, 2.9490716445944063, 1.0115370774945225, 2.331261993982756, 1.4391205433570036, 0.21803847519260303, 5.489407624470889, 3210.4554228058323, 2747.064456564502]
theta
[1.196118722744797, 0.8991144061576719, 69.8285472385641, 1187008882.5033817, 0.01471581374680377, 0.037131468982077635, 0.4929698609696762, 0.6349064859813383, 0.3674462333449093, 5.173565968214442, -0.9987161461256489, 0.15374587501051443, 2.158954632611842, 3.030555102189599, 3.49925383225711, 4353.923741872779, 1145.5207613038826]
theta
[1.1944797972848058, 0.8879162255897537, 69.30410322910241, 1187008882.3608112, 0.04304510177872839, 0.04039218838438424, 1.9142506561363046, 0.6083225519590404, 0.7409365529121283, 5.610022307753259, -0.15276230435241572, 2.4065323703206003, 0.7749326072334874, 2.185911368656556, 0.48669042436928595, 828.7525656827665, 2147.3106743877656]
theta
[1.2031793122948704, 0.8109541018760391, 53.36588938193215, 1187008882.523101, 0.032225710131777635, 0.0022169570541866247, 1.5911448164467028, 2.8608171940310325, 4.88525054655005, 3.9218479877656467, -0.520800066543611, 3.8598689994269835, 0.6269332172582086, 2.138917232308697, 0.2683842643374152, 4361.974690952986, 2237.306998127841]
theta
[1.1807481851706725, 0.7270915789004131, 74.19634934075687, 1187008882.5037665, 0.02764094278903146, 0.011588475695120354, 2.385135700869532, 1.4948155992269216, 3.8420848421497045, 4.1379503038643435, 0.6058815188757691, 3.890788771442951, 0.17165622908418474, 2.346377636199637, 0.15805204902810113, 216.92270297919592, 3837.118666953748]
theta
[1.196773083523202, 0.9064993427614867, 57.879295321919706, 1187008882.4293292, 0.03460644782876051, 0.027102709087300527, 2.0187696770629397, 2.6389706585500763, 5.694524083355495, 3.761437560120347, 0.5360224548864969, 1.9324884359007712, 2.305789501383466, 1.834802393048685, 6.173080157813362, 2327.542315583239, 37.497574782140994]
theta
[1.2053748805319502, 0.6777846701614634, 28.83678314229334, 1187008882.4909568, 0.03348899896812349, 0.013680147052523302, 0.7602481001466835, 2.356972166504074, 1.0241050305024673, 2.4820410900471375, 0.10333099918128115, 4.193756999053417, 1.3498691016734596, 2.891399579614389, 5.044202522555699, 1276.5486846521378, 1399.0805750460727]
theta
[1.2058981432638416, 0.697666615794625, 68.38564763348532, 1187008882.4983425, 0.033048873690406246, 0.019942160304599846, 1.6619627061881506, 0.7990467341672745, 3.7716503510054418, 3.6629743712986915, 0.17083877609327333, 5.499541443290606, 1.868066229881032, 1.6774269211976172, 0.622809582603614, 2955.8870104156736, 120.83946910418364]
theta
[1.186979157760663, 0.7284054937787605, 61.664544138636835, 1187008882.4242694, 0.01652385171882034, 0.020415506213375952, 1.6828189766130541, 2.3500958483386243, 3.8135311042835074, 2.0933224018439995, 0.0203942735889421, 0.2760893121626623, 0.3531795070398651, 1.8997268304406685, 2.183164197422937, 4182.842842701385, 2346.689796395931]
theta
[1.1943744631395616, 0.5974957502730389, 62.73482720066545, 1187008882.501178, 0.04328957413132038, 0.021671732658229154, 1.5975830334605468, 1.2439691309136036, 3.6504707254650874, 0.6307842297460379, 0.8181566112695562, 3.808869682546098, 0.745788847910113, 0.9574822509763931, 6.142685524670224, 1866.8486535516693, 2698.5294188009702]
theta
[1.1955672420626235, 0.9655909299575626, 34.47703906402667, 1187008882.4547849, 0.023498155877715938, 0.03771984875554031, 2.4177102767557273, 0.9687584262283326, 0.8990762201627408, 3.8409432333314406, -0.5430232599081606, 1.6200572344007522, 1.5926254383082443, 0.8118565771620811, 0.8146431556210741, 2662.694977537753, 4187.888556749664]
theta
[1.2007708849295085, 0.9034019848610708, 32.450916795316616, 1187008882.345017, 0.007086735518481386, 0.03813729415572267, 1.9810166132909233, 1.025907339256008, 0.6473358043462609, 5.344490117723084, 0.6507126300496212, 1.584021952883396, 0.6800201435287426, 2.038196172204569, 5.470429689801732, 3605.5422038712386, 1945.3915518738606]
theta
[1.2034379650669376, 0.6292895799202647, 19.238498391413266, 1187008882.410912, 0.03644731884596234, 0.02352598942703496, 1.0683329991562716, 0.5335301916785472, 2.5102696508408964, 3.023554383233192, 0.7374875618054103, 1.5894108823047275, 1.1846660701650111, 2.925281317462487, 2.5107960972848966, 2296.748742784535, 4087.1336998054016]
theta
[1.2071682974779059, 0.7146281028004013, 49.846598898034024, 1187008882.3478115, 0.005464883569191132, 0.03134380643184095, 0.7543727049806143, 1.7083580449503237, 5.7430086270385186, 1.7811795272154658, -0.2567269671490329, 4.490301283135722, 1.8037143823028499, 0.6040578594976441, 4.966825768206505, 1614.270377127155, 2838.2871045468582]
theta
[1.2090643424524616, 0.8021092437266091, 68.24311185403127, 1187008882.4577577, 0.010177698244084982, 0.026554633676331058, 1.2531514139584472, 1.5090733507393783, 1.8179661910139016, 4.631114219958468, -0.8243190581939817, 0.28037018017232546, 1.257774289858063, 2.5005586951161773, 3.2267838431915132, 4988.035807380516, 2099.2411241876753]
theta
[1.183293544194879, 0.6750486671465638, 28.070511944288924, 1187008882.407039, 0.04739460684128344, 0.011713448762644185, 2.465399641328073, 1.1040006877102346, 4.774917176416652, 5.700891448782698, -0.6521439849775788, 1.797008245454263, 0.8120562385822082, 1.7699580291566765, 0.07713244088628214, 4179.964104836486, 4128.610068247583]
theta
[1.1877917555433226, 0.9033815139912016, 66.43781884040996, 1187008882.4315543, 0.023318905138377456, 0.02568343346740938, 0.48608880938164195, 0.9928128602368537, 5.921008458784907, 5.992215333567125, -0.861318483434986, 0.9420875994215355, 1.9006418859910506, 0.3014761763048113, 1.1493692259566142, 2641.8515907154238, 43.00016722100952]
theta
[1.2043545434200962, 0.5209748034865194, 65.53824329857002, 1187008882.4401817, 0.03325953841534785, 0.04078180343966296, 1.8252904305958977, 2.7565082735910176, 5.616525565169812, 1.6357549053471419, 0.40223275564727673, 5.976645593104706, 2.443605486534309, 2.8026478405297715, 1.4737010177670613, 990.8250809319585, 3726.0282659881045]
theta
[1.2001964827653608, 0.644987370397529, 30.0189885971144, 1187008882.5141141, 0.0105143037628405, 0.03102331107351926, 2.4458483316752497, 1.1738789274629111, 3.144714385632929, 3.749762084295963, -0.21345551947307412, 4.598128568724718, 0.9422311116170895, 1.1963550703716848, 0.3987710543210436, 4733.195901134406, 2769.4688685579968]
theta
[1.1983736779945506, 0.7351527630231087, 50.700327332060475, 1187008882.3443718, 0.020012417244309685, 0.0370850007446759, 1.4997652760886755, 2.09688690730624, 5.152038357478574, 4.782940133988507, -0.30773612115774995, 3.780026347619979, 2.3698186237052536, 2.398798286610012, 5.80657507899961, 1721.1481985131527, 1875.7831793517576]
theta
[1.1835874312645343, 0.8853977870990525, 52.39762703944918, 1187008882.4143572, 0.0463075387355768, 0.014789655509685995, 2.6977748564116264, 2.4459411048174204, 2.5641664993031075, 4.0327673876962, -0.7042459993813911, 4.710468224860034, 1.8148079383677413, 0.6201750752956205, 2.1307812064210214, 903.7863062435031, 1059.0983993467019]
theta
[1.1905325646679379, 0.993160916302184, 60.80008392614559, 1187008882.3790822, 0.004080868154628498, 0.036921103097530994, 2.819725043374566, 2.2754011817754773, 4.592082419866534, 5.123854501752515, -0.047822033611137495, 3.7395748184502855, 1.888939295138473, 0.07387057757033501, 0.06372562459069794, 3265.982525715518, 3020.1297568156756]
theta
[1.1919676254453857, 0.7768112272026104, 61.762669180771816, 1187008882.4979038, 0.010506151386052287, 0.016776466472480597, 1.2483924760952456, 0.3880951808186347, 2.9593771208854633, 3.4703038142060763, -0.9659583334591538, 5.3535734623176126, 2.2803535694687884, 0.23124023193530457, 0.8459152036155831, 1923.702826671399, 851.5019249097711]
theta
[1.1978181474372174, 0.7426391159066477, 46.172256511506205, 1187008882.4843984, 0.0466895745506165, 0.04508781448207345, 1.1785693292904031, 1.32978898430654, 5.750291049861531, 0.4427034967390365, -0.8939068405738911, 3.9421214895893724, 0.986423978497441, 1.7881496487087536, 1.995061175763952, 3120.375688929041, 268.00469785185135]
theta
[1.1986492916171032, 0.6656861659349695, 64.04511316388046, 1187008882.4030757, 0.011305378751742435, 0.004936521001182848, 1.5411316318045993, 1.7795183019668566, 1.9314579791718678, 1.6570346631994548, 0.6575590083558106, 4.8500398966756695, 0.7002417496004513, 0.7072709986780157, 0.8429530241825332, 1055.0605161314108, 1852.8397664835495]
theta
[1.2047793811861374, 0.5652911400156895, 65.64628974633838, 1187008882.3930657, 0.04093050257472369, 0.04951546478422739, 1.6967074660081054, 2.016000537858083, 1.3503370664695378, 0.8347357133337627, -1.0664066819879574, 3.992569881329451, 2.078586481743035, 1.994728259738635, 1.2651356792797375, 349.71216554251225, 233.41161516235832]
theta
[1.20239866029446, 0.6286647460769044, 50.33769704876503, 1187008882.465509, 0.029302297779712425, 0.002028109395169314, 2.4113900683630054, 1.7701702443919975, 3.9224349306799953, 5.583111270200003, 0.4916666430327131, 3.534649122879466, 2.0439151496844112, 2.63206359429033, 4.370688757266214, 1946.634442432687, 4035.427289472021]
theta
[1.1813168306762547, 0.5271264030089284, 39.261182890440026, 1187008882.4014437, 0.04012449936321374, 0.045505099955921086, 2.7337729115043516, 1.7583833679691871, 4.357833020416904, 1.0210269433869008, -0.24117974719618954, 3.096607198689997, 1.419466690763323, 1.6832948413717868, 3.6575468167126224, 1747.9998878054603, 75.31099636363669]
theta
[1.189249359955115, 0.7216519299739683, 50.911827711281106, 1187008882.4470072, 0.010643240115720699, 0.03952946247704987, 1.2994931305506805, 1.4085647826485774, 1.4581219860020693, 1.356217975567493, 0.5495874070591652, 0.6487130908425283, 2.2003937035365597, 0.8497057139812881, 5.4800466870579765, 2059.7105717294153, 784.4130475161077]
theta
[1.2089774152461383, 0.6338823826392279, 26.018833469043173, 1187008882.4391468, 0.019696709629884315, 0.041845611331358695, 1.7553229660350012, 2.176461233993584, 5.045065075172625, 3.4888786286381874, -0.5844111918630599, 2.490790466966876, 3.1062436669197777, 0.6479613628393044, 2.2353099997172743, 4344.638522321963, 2721.5969442653122]
theta
[1.2024893961498766, 0.7065552159785559, 53.32264930564446, 1187008882.3546395, 0.0357793105591472, 0.046763275113509056, 1.3641871388919156, 0.2958171240825539, 2.405505071402956, 0.6683553897514837, -0.16327042251899448, 4.272922755878427, 2.6000860006574107, 2.5514193756674013, 4.331170934504039, 943.1587476347609, 4197.497212451522]
theta
[1.184456476059618, 0.9871276254086306, 66.84195411117929, 1187008882.3956156, 0.04487008899457577, 0.031173143815910787, 2.0897389246511877, 1.3754486249534241, 1.5013763035853496, 4.219540644416001, 0.018203829921488168, 3.341179477103963, 0.7403493574129794, 0.23199546064595833, 4.925569966440056, 4257.674556169691, 1900.1559376108717]
theta
[1.183233615518208, 0.75461745966739, 72.95760562056016, 1187008882.3387547, 0.036756514209082526, 0.019112166571124495, 0.33562904407466, 0.7342150703560254, 3.6990600552620365, 2.980778453089716, -0.4150072730838987, 5.77732050955685, 1.9242583210304147, 0.9465056854821104, 4.767492363335581, 1837.018695710242, 3683.0283733530373]
theta
[1.182913919539115, 0.5880791058415895, 74.37216721464722, 1187008882.4132292, 0.027614915397105158, 0.040707177684635665, 2.8295192244037937, 1.0667912048013324, 2.652136777108609, 3.29742530019152, -0.3826898848633729, 0.600855517592794, 2.4678185297430923, 0.851206932166823, 1.531210084855204, 3393.3905144464416, 1857.460051205897]
theta
[1.202342770788375, 0.5036892584222916, 67.25334561839666, 1187008882.3618877, 0.049585215984656206, 0.008233816086341906, 2.373309614899571, 0.9282809788643241, 2.311298653225923, 2.7585261768603693, 0.1699266762182429, 5.961376256765055, 2.413545644417821, 1.0869666073955346, 0.05464026769451863, 710.6638792143272, 2702.750282808366]
theta
[1.2003706882617529, 0.7576985464202362, 54.47884067502901, 1187008882.4606092, 0.049248094532094326, 0.02378988846061679, 0.5211336113748448, 1.5983191763152202, 2.7298294928914797, 5.653561454287187, 0.5336578445431187, 3.4583707124732017, 0.5602874780833649, 2.247927528239287, 0.1699692668580716, 500.92444699040504, 3244.5090211419893]
theta
[1.2020940212306161, 0.7190686512317024, 17.04238374784813, 1187008882.4679236, 0.00255637819344281, 0.0025155567820228653, 1.9343115039737235, 1.8782311227381352, 5.764625179210051, 3.5489179261573196, -1.0147168029910147, 3.1554547025945365, 2.5948787582716673, 0.4612558929850606, 1.4743619658353617, 3483.614329708485, 2326.8500351971543]
theta
[1.1993794409163032, 0.564790544351246, 69.45730480802327, 1187008882.4753327, 0.004519919938806727, 0.04968873783022121, 1.0681286747319123, 1.6595768141111797, 2.521955276232086, 2.6849796987747285, -0.030209019282240266, 0.3470818516412193, 1.812266970167807, 2.570431586307627, 1.1598655164661702, 2444.513104587637, 3051.6128131382443]
theta
[1.1969645332686498, 0.5154192535205263, 72.7574288936552, 1187008882.4596753, 0.030650872387737466, 0.04940269834904913, 2.308641508486484, 0.6040231530856885, 4.830404365985666, 6.059438944309606, 0.8154807646772079, 5.770945959536675, 2.054312075290284, 0.5732170357591836, 2.5533423933849457, 3375.8284452040416, 879.593695956209]
theta
[1.1932542590684825, 0.9256952256442037, 39.87154918454812, 1187008882.482477, 0.01688414458920302, 0.04075344630486153, 1.6388619468732137, 1.4743000761556202, 4.2191347421591034, 4.714192282508106, 0.6424803085464753, 2.983155924876007, 1.334172975322961, 1.7517588687401904, 1.706761441143563, 1415.216920209304, 680.0892593169383]
theta
[1.187882921801781, 0.8339796294682236, 31.193349715160277, 1187008882.5118716, 0.03799725898020458, 0.02440233354169477, 2.780640350367589, 2.3426171823312045, 5.051171576859954, 4.147103496629726, 1.2275993130210343, 3.282353113306578, 2.067382152925085, 1.300636018840858, 4.640768268766567, 3927.661857297754, 1013.1917072121748]
theta
[1.2094550720023667, 0.5096570399883569, 71.20458789227209, 1187008882.4480202, 0.010614970286591053, 0.04529673482365462, 1.920047906484957, 1.7824407010579524, 5.278726503521012, 5.929927232815267, 0.007529174274017884, 4.221840605583342, 0.9593353997484068, 1.8516215101520557, 6.030975717470547, 3030.9877036400057, 3224.8274863500515]
theta
[1.2041188150413642, 0.9977319006853695, 69.54834690327742, 1187008882.387096, 0.009882557941675175, 0.011165680870209155, 2.319202920335377, 1.316231678116717, 1.2995848019022278, 1.9235134059433352, 0.5953487621193196, 1.4336805877857137, 2.371918644820608, 0.19937248383091175, 0.3430020083367468, 3388.385959591216, 706.9191497223576]
theta
[1.1818388946529554, 0.7585827260841747, 71.08928241643069, 1187008882.3569126, 0.01066099982729616, 0.039790684542964326, 2.5324140889543254, 0.35455023041937583, 2.573832881543399, 1.992625803414577, -0.9797563790622206, 3.1436758525588497, 0.08038831675406855, 2.373710249104439, 3.149261270291548, 465.11749709388596, 1591.2123608779254]
theta
[1.2018579895921564, 0.6638125397721238, 69.03732189145339, 1187008882.4292002, 0.006588490786210261, 0.04009959024319334, 2.094401427029031, 0.5605162150188893, 2.6364776606893896, 1.6193563056389852, 0.32175415909869365, 5.217135173006778, 1.1959345737875395, 0.5926333241486611, 3.158324367636776, 3863.4595035654966, 1297.1154589216676]
theta
[1.2043729983869662, 0.9701238041503362, 38.844561263836255, 1187008882.4313123, 0.027640027506184713, 0.03523748657399548, 1.7694434802635377, 1.6931870950540868, 1.8819785421355164, 3.898226628809172, 0.882366913886982, 2.874321158883161, 1.0026377615015103, 2.942886509915412, 1.4941901777507207, 688.6671674366496, 3687.7096545100076]
theta
[1.208942091764461, 0.5455397662528778, 65.6520728314318, 1187008882.3709843, 0.00772458300636047, 0.021679576978290028, 1.5837049914139385, 0.9127507686498256, 5.673930747742529, 4.51910720196415, 0.4015204485272838, 5.029910223606696, 2.5351452646740458, 2.992282970592865, 0.9039187411907781, 1918.6247822144792, 1911.980281199156]
theta
[1.1865298636782484, 0.7277978752803316, 16.902465086953992, 1187008882.4365885, 0.033230729560208824, 0.04228157785159072, 1.9206553391877448, 0.5060144042497301, 3.2696352917980556, 0.16544279956084693, -0.3083681537863669, 2.780289947877327, 2.250184167849369, 2.5542911236706525, 4.652859046416802, 1363.4619579257262, 3299.359628942919]
theta
[1.2040462867932433, 0.7436374068361085, 37.314480873049796, 1187008882.521783, 0.04021459298582891, 0.04263402444598965, 0.6526811594824077, 1.2569883727478326, 3.828652240893721, 1.7530307063389152, 0.13314541275060104, 5.593561093527619, 0.5010244415588521, 2.3091495321061926, 4.241341555659235, 1485.8756507281778, 807.6662299440668]
theta
[1.18141667378155, 0.8843505429213726, 62.024827669291085, 1187008882.5177193, 0.0442616392603635, 0.009988017120080723, 1.157088435477108, 1.438024370677037, 2.0217752308074664, 3.547390294808093, 0.6559086530336264, 5.784940423365753, 2.0603475995584333, 3.1025012206830302, 2.8245999463724343, 1379.361014258621, 569.3267779418271]
theta
[1.2092219435195317, 0.9336036813986588, 53.3937291171727, 1187008882.4772522, 0.04420851770089007, 0.007942848907752265, 0.20486961132022233, 1.4850425741594835, 3.9009387790482846, 1.435505136687695, -1.3420648518748919, 4.36424388266386, 0.5284632595735057, 2.7699311042772297, 2.7428620757122655, 1085.7302252139716, 3818.8616482564476]
theta
[1.1969644003359023, 0.9013616253190837, 44.162141219611435, 1187008882.4812734, 0.03507930183719895, 0.009901742570677064, 0.38188469961393573, 2.697607273017549, 4.238442571568769, 3.461590976504879, 0.9870236842854958, 1.408373553080113, 1.4517468187791989, 0.19808646658274356, 3.893994253321227, 2531.5917321895836, 440.1890800491931]
theta
[1.2045267289048902, 0.9809478206224661, 48.83266457409419, 1187008882.5100286, 0.033595150123573995, 0.03608383929318408, 0.7664933498487098, 1.481738455610098, 3.095520110033586, 4.9189344261621475, 1.5145430322200344, 4.48921283959822, 0.9358659658057271, 1.7375499092519902, 5.713641981973632, 887.6728312149019, 4592.975750204202]
theta
[1.1987647994037534, 0.6061887130288814, 55.15719522373478, 1187008882.5066044, 0.01683567166804838, 0.0331198769807609, 0.7440404443380773, 1.7843061601374501, 3.977975339865759, 3.3257596030736627, -0.15501180197500225, 4.199677241245404, 0.8665673775815791, 1.9135523877689316, 2.1558812237720755, 924.6505147881961, 4525.344915076867]
theta
[1.1954014327192035, 0.7578264409848546, 59.5703375557714, 1187008882.4939635, 0.04609637388855059, 0.0332900412222406, 1.8650227681254894, 2.3691654339324946, 2.9082706068415027, 2.083784165104275, -1.2059777836445904, 0.6618924712597135, 0.7861976545825334, 1.1407992355210927, 2.3542641047640567, 667.0657731748836, 2998.482349274376]
theta
[1.1809828780606897, 0.667038711432889, 48.174004325321384, 1187008882.4767458, 0.00487390086802304, 0.04916540636062331, 2.3795516360450244, 2.911503545616508, 3.726808873605747, 2.542410486886376, -1.0653474274945907, 5.912337124938244, 1.9646951877031458, 0.6255890933706795, 1.8046789295924355, 740.4508507590391, 1775.18536964397]
theta
[1.1852396496519566, 0.6367482444371135, 53.89410606841076, 1187008882.4009035, 0.025514809822769227, 0.005918278021120555, 2.690591663069483, 1.5765766796726937, 5.523972162974163, 6.1598617248592475, 0.28564147418210084, 3.159867915509561, 1.3100685673855963, 0.6437485374631464, 0.9127816552182457, 4295.728382204438, 1658.8740039679212]
theta
[1.1852618178236645, 0.7287271720503821, 72.05997658198717, 1187008882.3791442, 0.04199652751295369, 0.04944185737079856, 1.2311783402579686, 1.2310622659164532, 4.126091729685295, 0.8166828595305226, -0.8449186127932587, 0.40564870292554484, 0.4292084828629464, 1.1745030786974755, 1.0371487265446249, 2875.686341953009, 338.02354642402497]
theta
[1.2087092066021186, 0.7746906371948211, 59.489007899989225, 1187008882.3438718, 0.04438567678160909, 0.043653977235203915, 1.2521330727756774, 0.4898527859419611, 2.5758412821361083, 5.947595213573211, 0.7308160997111651, 2.429487458970204, 0.6760809856426405, 0.7036882092451918, 1.4562540790338574, 2956.059475145144, 290.2552631614608]
theta
[1.1866788452206016, 0.7069002407178497, 56.12662381690497, 1187008882.5118918, 0.011390283775373617, 0.010938354048544692, 1.2929237786839796, 1.3822731574095566, 4.465401641887878, 0.6900605133318755, 0.9654592814529825, 6.031727950898853, 1.5614699186721346, 2.2278722879372936, 4.196156788009316, 1924.829319606909, 121.95290709346607]
theta
[1.1969294023810855, 0.8897903507343317, 40.41476251871988, 1187008882.4493122, 0.010934890953902078, 0.021866638287550755, 2.302074761046685, 1.8917698519801909, 2.4124065306703577, 5.028015556975369, 1.479957313308002, 4.443070191901997, 1.15322672007486, 2.323893548930568, 2.320048713412308, 2613.9128776599173, 2482.1892800618043]
theta
[1.1842567964205957, 0.823672990157585, 55.6464161571317, 1187008882.4182196, 0.011768145716983447, 0.02875871378402614, 2.5096489960259514, 1.6698519146999697, 1.9702751257816908, 2.670466029795337, 0.10147013239746981, 6.280193134680997, 1.5111624080227926, 0.10353569935009022, 3.096654608784974, 3764.0632005139337, 3516.377497500956]
theta
