000 (2567166.000.000) 2025-07-28 18:42:43 Job submitted from host: <145.107.7.246:9618?addrs=145.107.7.246-9618+[2a07-8500-120-e070--3f6]-9618&alias=taai-007.nikhef.nl&noUDP&sock=schedd_2614_90a7>
    DAG Node: run_d
...
001 (2567166.000.000) 2025-07-28 18:43:52 Job executing on host: <145.107.4.163:9618?addrs=145.107.4.163-9618+[2a07-8500-120-e070--a3]-9618&alias=wn-pijl-002.nikhef.nl&noUDP&sock=startd_4326_daca>
	SlotName: slot1_1@wn-pijl-002.nikhef.nl
	AvailableGPUs = {  }
	CondorScratchDir = "/scratch/condor_execute/dir_2372625"
	Cpus = 64
	Disk = 16790353
	GPUs = 0
	Memory = 16384
...
006 (2567166.000.000) 2025-07-28 18:44:06 Image size of job updated: 345560
	0  -  MemoryUsage of job (MB)
	0  -  ResidentSetSize of job (KB)
...
005 (2567166.000.000) 2025-07-28 18:44:06 Job terminated.
	(1) Normal termination (return value 1)
		Usr 0 00:00:13, Sys 0 00:00:07  -  Run Remote Usage
		Usr 0 00:00:00, Sys 0 00:00:00  -  Run Local Usage
		Usr 0 00:00:13, Sys 0 00:00:07  -  Total Remote Usage
		Usr 0 00:00:00, Sys 0 00:00:00  -  Total Local Usage
	0  -  Run Bytes Sent By Job
	0  -  Run Bytes Received By Job
	0  -  Total Bytes Sent By Job
	0  -  Total Bytes Received By Job
	Partitionable Resources :    Usage  Request Allocated 
	   Cpus                 :     0.02       64        64 
	   Disk (KB)            : 17500    16777216  16790353 
	   GPUs                 :                           0 
	   Memory (MB)          :     0       16384     16384 
	   TimeExecute (s)      :    14                       
	   TimeSlotBusy (s)     :    14                       

	Job terminated of its own accord at 2025-07-28T16:44:06Z with exit-code 1.
...
000 (2567893.000.000) 2025-07-28 19:10:12 Job submitted from host: <145.107.7.246:9618?addrs=145.107.7.246-9618+[2a07-8500-120-e070--3f6]-9618&alias=taai-007.nikhef.nl&noUDP&sock=schedd_2614_90a7>
    DAG Node: run_d
...
001 (2567893.000.000) 2025-07-28 19:11:53 Job executing on host: <145.107.4.163:9618?addrs=145.107.4.163-9618+[2a07-8500-120-e070--a3]-9618&alias=wn-pijl-002.nikhef.nl&noUDP&sock=startd_4326_daca>
	SlotName: slot1_3@wn-pijl-002.nikhef.nl
	AvailableGPUs = {  }
	CondorScratchDir = "/scratch/condor_execute/dir_2403699"
	Cpus = 64
	Disk = 16790353
	GPUs = 0
	Memory = 16384
...
006 (2567893.000.000) 2025-07-28 19:12:07 Image size of job updated: 542480
	530  -  MemoryUsage of job (MB)
	542480  -  ResidentSetSize of job (KB)
...
006 (2567893.000.000) 2025-07-28 19:17:07 Image size of job updated: 1229656
	1201  -  MemoryUsage of job (MB)
	1228900  -  ResidentSetSize of job (KB)
...
006 (2567893.000.000) 2025-07-28 19:22:07 Image size of job updated: 1235988
	1208  -  MemoryUsage of job (MB)
	1235988  -  ResidentSetSize of job (KB)
...
006 (2567893.000.000) 2025-07-28 19:27:08 Image size of job updated: 1240756
	1212  -  MemoryUsage of job (MB)
	1240756  -  ResidentSetSize of job (KB)
...
006 (2567893.000.000) 2025-07-28 19:32:09 Image size of job updated: 1244756
	1216  -  MemoryUsage of job (MB)
	1244756  -  ResidentSetSize of job (KB)
...
006 (2567893.000.000) 2025-07-28 19:37:09 Image size of job updated: 1248552
	1220  -  MemoryUsage of job (MB)
	1248552  -  ResidentSetSize of job (KB)
...
006 (2567893.000.000) 2025-07-28 19:42:10 Image size of job updated: 1251572
	1223  -  MemoryUsage of job (MB)
	1251572  -  ResidentSetSize of job (KB)
...
006 (2567893.000.000) 2025-07-28 19:47:11 Image size of job updated: 1254224
	1225  -  MemoryUsage of job (MB)
	1254224  -  ResidentSetSize of job (KB)
...
006 (2567893.000.000) 2025-07-28 19:52:11 Image size of job updated: 1256444
	1227  -  MemoryUsage of job (MB)
	1256444  -  ResidentSetSize of job (KB)
...
006 (2567893.000.000) 2025-07-28 19:57:12 Image size of job updated: 1258652
	1230  -  MemoryUsage of job (MB)
	1258652  -  ResidentSetSize of job (KB)
...
006 (2567893.000.000) 2025-07-28 20:02:13 Image size of job updated: 1291712
	1262  -  MemoryUsage of job (MB)
	1291712  -  ResidentSetSize of job (KB)
...
006 (2567893.000.000) 2025-07-28 20:07:13 Image size of job updated: 1293540
	1264  -  MemoryUsage of job (MB)
	1293540  -  ResidentSetSize of job (KB)
...
006 (2567893.000.000) 2025-07-28 20:12:13 Image size of job updated: 1295252
	1265  -  MemoryUsage of job (MB)
	1295252  -  ResidentSetSize of job (KB)
...
006 (2567893.000.000) 2025-07-28 20:17:14 Image size of job updated: 1630696
	1583  -  MemoryUsage of job (MB)
	1620516  -  ResidentSetSize of job (KB)
...
006 (2567893.000.000) 2025-07-28 20:19:10 Image size of job updated: 1683060
	1583  -  MemoryUsage of job (MB)
	1620516  -  ResidentSetSize of job (KB)
...
005 (2567893.000.000) 2025-07-28 20:19:10 Job terminated.
	(1) Normal termination (return value 0)
		Usr 1 21:18:47, Sys 0 00:01:14  -  Run Remote Usage
		Usr 0 00:00:00, Sys 0 00:00:00  -  Run Local Usage
		Usr 1 21:18:47, Sys 0 00:01:14  -  Total Remote Usage
		Usr 0 00:00:00, Sys 0 00:00:00  -  Total Local Usage
	0  -  Run Bytes Sent By Job
	0  -  Run Bytes Received By Job
	0  -  Total Bytes Sent By Job
	0  -  Total Bytes Received By Job
	Partitionable Resources :    Usage  Request Allocated 
	   Cpus                 :     1.99       64        64 
	   Disk (KB)            : 17500    16777216  16790353 
	   GPUs                 :                           0 
	   Memory (MB)          :  1583       16384     16384 
	   TimeExecute (s)      :  4037                       
	   TimeSlotBusy (s)     :  4037                       

	Job terminated of its own accord at 2025-07-28T18:19:10Z with exit-code 0.
...
