000 (2578547.000.000) 2025-08-04 10:03:13 Job submitted from host: <145.107.7.246:9618?addrs=145.107.7.246-9618+[2a07-8500-120-e070--3f6]-9618&alias=taai-007.nikhef.nl&noUDP&sock=schedd_2614_90a7>
...
009 (2578547.000.000) 2025-08-04 10:03:29 Job was aborted.
	via condor_rm (by user twouters)
...
000 (2578550.000.000) 2025-08-04 10:03:49 Job submitted from host: <145.107.7.246:9618?addrs=145.107.7.246-9618+[2a07-8500-120-e070--3f6]-9618&alias=taai-007.nikhef.nl&noUDP&sock=schedd_2614_90a7>
...
001 (2578550.000.000) 2025-08-04 10:04:40 Job executing on host: <145.107.4.165:9618?addrs=145.107.4.165-9618+[2a07-8500-120-e070--a5]-9618&alias=wn-pijl-004.nikhef.nl&noUDP&sock=startd_4575_a5df>
	SlotName: slot1_3@wn-pijl-004.nikhef.nl
	AvailableGPUs = { GPUs_GPU_3a90a09e_2f89_5005_c0d7_0fb69e88c7a6 }
	CondorScratchDir = "/scratch/condor_execute/dir_305966"
	Cpus = 1
	Disk = 16790397
	GPUs = 1
	GPUs_GPU_3a90a09e_2f89_5005_c0d7_0fb69e88c7a6 = [ Id = "GPU-3a90a09e-2f89-5005-c0d7-0fb69e88c7a6"; ClockMhz = 2520.0; Capability = 8.9; CoresPerCU = 128; DeviceName = "NVIDIA L40S"; DeviceUuid = "3a90a09e-2f89-5005-c0d7-0fb69e88c7a6"; ECCEnabled = true; ComputeUnits = 142; NvidiaDriver = "570.124.06"; DriverVersion = 12.8; DevicePciBusId = "0000:02:00.0"; GlobalMemoryMb = 45468; MaxSupportedVersion = 12080 ]
	Memory = 16384
...
006 (2578550.000.000) 2025-08-04 10:04:54 Image size of job updated: 396416
	388  -  MemoryUsage of job (MB)
	396416  -  ResidentSetSize of job (KB)
...
006 (2578550.000.000) 2025-08-04 10:04:57 Image size of job updated: 398480
	388  -  MemoryUsage of job (MB)
	396420  -  ResidentSetSize of job (KB)
...
005 (2578550.000.000) 2025-08-04 10:04:57 Job terminated.
	(1) Normal termination (return value 1)
		Usr 0 00:00:06, Sys 0 00:00:01  -  Run Remote Usage
		Usr 0 00:00:00, Sys 0 00:00:00  -  Run Local Usage
		Usr 0 00:00:06, Sys 0 00:00:01  -  Total Remote Usage
		Usr 0 00:00:00, Sys 0 00:00:00  -  Total Local Usage
	0  -  Run Bytes Sent By Job
	0  -  Run Bytes Received By Job
	0  -  Total Bytes Sent By Job
	0  -  Total Bytes Received By Job
	Partitionable Resources :    Usage  Request Allocated Assigned
	   Cpus                 :     0.03        1         1 
	   Disk (KB)            : 17500    16777216  16790397 
	   GPUs                 :     0           1         1 "GPU-3a90a09e-2f89-5005-c0d7-0fb69e88c7a6"
	   GpusMemory (MB)      :   603                       
	   Memory (MB)          :   388       16384     16384 
	   TimeExecute (s)      :    17                       
	   TimeSlotBusy (s)     :    17                       

	Job terminated of its own accord at 2025-08-04T08:04:57Z with exit-code 1.
...
000 (2578560.000.000) 2025-08-04 10:09:21 Job submitted from host: <145.107.7.246:9618?addrs=145.107.7.246-9618+[2a07-8500-120-e070--3f6]-9618&alias=taai-007.nikhef.nl&noUDP&sock=schedd_2614_90a7>
...
001 (2578560.000.000) 2025-08-04 10:09:39 Job executing on host: <145.107.4.163:9618?addrs=145.107.4.163-9618+[2a07-8500-120-e070--a3]-9618&alias=wn-pijl-002.nikhef.nl&noUDP&sock=startd_4326_daca>
	SlotName: slot1_2@wn-pijl-002.nikhef.nl
	AvailableGPUs = { GPUs_GPU_9ac85904_bd86_56e5_9296_f45f0116f69c }
	CondorScratchDir = "/scratch/condor_execute/dir_3863367"
	Cpus = 1
	Disk = 16790353
	GPUs = 1
	GPUs_GPU_9ac85904_bd86_56e5_9296_f45f0116f69c = [ Id = "GPU-9ac85904-bd86-56e5-9296-f45f0116f69c"; ClockMhz = 2520.0; Capability = 8.9; CoresPerCU = 128; DeviceName = "NVIDIA L40S"; DeviceUuid = "9ac85904-bd86-56e5-9296-f45f0116f69c"; ECCEnabled = true; ComputeUnits = 142; NvidiaDriver = "570.124.06"; DriverVersion = 12.8; DevicePciBusId = "0000:02:00.0"; GlobalMemoryMb = 45468; MaxSupportedVersion = 12080 ]
	Memory = 16384
...
006 (2578560.000.000) 2025-08-04 10:09:53 Image size of job updated: 356052
	348  -  MemoryUsage of job (MB)
	356052  -  ResidentSetSize of job (KB)
...
006 (2578560.000.000) 2025-08-04 10:14:53 Image size of job updated: 426448
	415  -  MemoryUsage of job (MB)
	424928  -  ResidentSetSize of job (KB)
...
006 (2578560.000.000) 2025-08-04 10:19:53 Image size of job updated: 1102760
	1077  -  MemoryUsage of job (MB)
	1102660  -  ResidentSetSize of job (KB)
...
006 (2578560.000.000) 2025-08-04 10:24:54 Image size of job updated: 1102760
	1077  -  MemoryUsage of job (MB)
	1102676  -  ResidentSetSize of job (KB)
...
006 (2578560.000.000) 2025-08-04 10:39:55 Image size of job updated: 1117860
	1092  -  MemoryUsage of job (MB)
	1117860  -  ResidentSetSize of job (KB)
...
006 (2578560.000.000) 2025-08-04 10:44:55 Image size of job updated: 1117864
	1092  -  MemoryUsage of job (MB)
	1117864  -  ResidentSetSize of job (KB)
...
006 (2578560.000.000) 2025-08-04 10:54:56 Image size of job updated: 1121252
	1095  -  MemoryUsage of job (MB)
	1121252  -  ResidentSetSize of job (KB)
...
006 (2578560.000.000) 2025-08-04 10:59:56 Image size of job updated: 1272944
	1244  -  MemoryUsage of job (MB)
	1272944  -  ResidentSetSize of job (KB)
...
006 (2578560.000.000) 2025-08-04 11:04:56 Image size of job updated: 1329740
	1299  -  MemoryUsage of job (MB)
	1329740  -  ResidentSetSize of job (KB)
...
005 (2578560.000.000) 2025-08-04 11:09:06 Job terminated.
	(1) Normal termination (return value 0)
		Usr 0 00:59:07, Sys 0 00:00:08  -  Run Remote Usage
		Usr 0 00:00:00, Sys 0 00:00:00  -  Run Local Usage
		Usr 0 00:59:07, Sys 0 00:00:08  -  Total Remote Usage
		Usr 0 00:00:00, Sys 0 00:00:00  -  Total Local Usage
	0  -  Run Bytes Sent By Job
	0  -  Run Bytes Received By Job
	0  -  Total Bytes Sent By Job
	0  -  Total Bytes Received By Job
	Partitionable Resources :    Usage  Request Allocated Assigned
	   Cpus                 :     1.00        1         1 
	   Disk (KB)            : 17500    16777216  16790353 
	   GPUs                 :     0.09        1         1 "GPU-9ac85904-bd86-56e5-9296-f45f0116f69c"
	   GpusMemory (MB)      :  1234                       
	   Memory (MB)          :  1299       16384     16384 
	   TimeExecute (s)      :  3567                       
	   TimeSlotBusy (s)     :  3567                       

	Job terminated of its own accord at 2025-08-04T09:09:06Z with exit-code 0.
...
