torch: CUDA is available. Number of devices: 1
torch: Current CUDA device: 0
Training data will be loaded from: /data/gravwav/twouters/projects/eos_source_classification/eos_source_classification/NFprior/../data/eos/radio_chiEFT/eos_samples.npz
Training a normalizing flow for population =  uniform and GW170817 sources
Before training, we built the following NF kwargs: {'n_transforms': 4, 'n_neurons': 64, 'n_blocks_per_transform': 1, 'nn_depth': 5, 'nn_block_dim': 8, 'names': ['chirp_mass', 'mass_ratio', 'lambda_1', 'lambda_2', 'luminosity_distance'], 'n_inputs': 5}
Everything for this model will be saved to ./models/GW170817/radio_chiEFT
Starting training with the following parameters:
Reading the EOS data from /data/gravwav/twouters/projects/eos_source_classification/eos_source_classification/NFprior/../data/eos/radio_chiEFT/eos_samples.npz
Number of good samples:  0.954
create_data is followign GW_event source type: GW170817
Parsed prior bounds:
  Chirp mass: 1.18 - 1.21
  Mass ratio: 0.5 - 1.0
  Luminosity distance: 1.0 - 75.0
Loaded priors: {'chirp_mass': Uniform(minimum=1.18, maximum=1.21, name='chirp_mass', latex_label='$\\mathcal{M}$', unit=None, boundary=None), 'mass_ratio': Uniform(minimum=0.5, maximum=1.0, name='mass_ratio', latex_label='$q$', unit=None, boundary=None), 'luminosity_distance': bilby.gw.prior.UniformComovingVolume(minimum=1.0, maximum=75.0, cosmology='Planck15', name='luminosity_distance', latex_label='$D_L$', unit='Mpc', boundary=None)}
0/200000
20000/200000
40000/200000
60000/200000
80000/200000
100000/200000
120000/200000
140000/200000
160000/200000
180000/200000
Create data will save the following data:
  m1: range = [1.3337829548273967, 1.9766711442929659]
  m2: range = [0.9548926284610482, 1.3843023885991255]
  q: range = [0.5000006526742671, 0.9999996638581563]
  lambda_1: range = [7.536621249150192, 2124.5146376170364]
  lambda_2: range = [115.35118154633918, 9764.64444827114]
  lambda_tilde: range = [110.25765209358322, 2270.2069731250026]
  delta_lambda_tilde: range = [-2.964713703434049, 503.22312838135076]
  chirp_mass_source: range = [1.1606022681793178, 1.2088211239824767]
  chirp_mass: range = [1.180000268493973, 1.2099999536321637]
  luminosity_distance: range = [1.90043299401096, 74.99955025779491]
Saving to ./models/GW170817/radio_chiEFT/training_data.npz:
Saving to ./models/GW170817/radio_chiEFT/training_data.npz DONE
Using detector-frame chirp mass from the GW event and mass ratio (Mc_det, q) for training
Using component parameterization for lambdas (lambda_1, lambda_2)
Training samples: 160000, Validation samples: 40000
Creating the training data arrays
4D training data model for GW170817
Including detector-frame chirp mass and luminosity distance in training data
np.shape(self.x)
(160000, 5)
Using MinMaxScaler to scale the input data x
Saved sklearn scaler to ./models/GW170817/radio_chiEFT/scaler.gz
Going to start training for glasflow . . .
Early stopping triggered at epoch 520
Saving the training loss plot to ./models/GW170817/radio_chiEFT/training_loss.pdf
Training done. Took around 53.32 minutes
Saving the model weights to ./models/GW170817/radio_chiEFT/model.pt
Saving the model kwargs to ./models/GW170817/radio_chiEFT/model_kwargs.json
DONE training!
