000 (2575704.000.000) 2025-07-30 14:50:22 Job submitted from host: <145.107.7.246:9618?addrs=145.107.7.246-9618+[2a07-8500-120-e070--3f6]-9618&alias=taai-007.nikhef.nl&noUDP&sock=schedd_2614_90a7>
    DAG Node: run_f
...
001 (2575704.000.000) 2025-07-30 14:51:12 Job executing on host: <145.107.4.168:9618?addrs=145.107.4.168-9618+[2a07-8500-120-e070--a8]-9618&alias=wn-pijl-007.nikhef.nl&noUDP&sock=startd_4419_a519>
	SlotName: slot1_4@wn-pijl-007.nikhef.nl
	AvailableGPUs = {  }
	CondorScratchDir = "/scratch/condor_execute/dir_2058244"
	Cpus = 64
	Disk = 16790397
	GPUs = 0
	Memory = 16384
...
006 (2575704.000.000) 2025-07-30 14:51:26 Image size of job updated: 366968
	359  -  MemoryUsage of job (MB)
	366968  -  ResidentSetSize of job (KB)
...
006 (2575704.000.000) 2025-07-30 14:56:27 Image size of job updated: 1485184
	1451  -  MemoryUsage of job (MB)
	1485184  -  ResidentSetSize of job (KB)
...
006 (2575704.000.000) 2025-07-30 15:01:27 Image size of job updated: 1523192
	1488  -  MemoryUsage of job (MB)
	1523192  -  ResidentSetSize of job (KB)
...
006 (2575704.000.000) 2025-07-30 15:06:27 Image size of job updated: 1546992
	1511  -  MemoryUsage of job (MB)
	1546992  -  ResidentSetSize of job (KB)
...
006 (2575704.000.000) 2025-07-30 15:11:28 Image size of job updated: 1564688
	1529  -  MemoryUsage of job (MB)
	1564688  -  ResidentSetSize of job (KB)
...
006 (2575704.000.000) 2025-07-30 15:16:28 Image size of job updated: 1577564
	1541  -  MemoryUsage of job (MB)
	1577564  -  ResidentSetSize of job (KB)
...
006 (2575704.000.000) 2025-07-30 15:21:28 Image size of job updated: 1588012
	1551  -  MemoryUsage of job (MB)
	1588012  -  ResidentSetSize of job (KB)
...
006 (2575704.000.000) 2025-07-30 15:26:29 Image size of job updated: 1597404
	1560  -  MemoryUsage of job (MB)
	1597404  -  ResidentSetSize of job (KB)
...
006 (2575704.000.000) 2025-07-30 15:31:29 Image size of job updated: 1604996
	1568  -  MemoryUsage of job (MB)
	1604996  -  ResidentSetSize of job (KB)
...
006 (2575704.000.000) 2025-07-30 15:36:29 Image size of job updated: 1611304
	1574  -  MemoryUsage of job (MB)
	1611304  -  ResidentSetSize of job (KB)
...
006 (2575704.000.000) 2025-07-30 15:41:30 Image size of job updated: 1617372
	1580  -  MemoryUsage of job (MB)
	1617372  -  ResidentSetSize of job (KB)
...
006 (2575704.000.000) 2025-07-30 15:46:30 Image size of job updated: 1623808
	1586  -  MemoryUsage of job (MB)
	1623808  -  ResidentSetSize of job (KB)
...
006 (2575704.000.000) 2025-07-30 15:51:30 Image size of job updated: 1628696
	1591  -  MemoryUsage of job (MB)
	1628696  -  ResidentSetSize of job (KB)
...
006 (2575704.000.000) 2025-07-30 15:56:31 Image size of job updated: 2094776
	2046  -  MemoryUsage of job (MB)
	2094776  -  ResidentSetSize of job (KB)
...
